 Output Generated by ICA Version 1.4                                            
  
 ------------------------------------
 
        Mackerel NE Atlantic  WG2003
        ----------------------------
 
        Catch in Number
        ---------------
------+------------------------------------------------------------------------------------------------------------------------
AGE   |    1972    1973    1974    1975    1976    1977    1978    1979    1980    1981    1982    1983    1984    1985    1986
------+------------------------------------------------------------------------------------------------------------------------
  0   |   7094.   2770.   3738.    757.   2920.   3212.   3862.   4581.   2643.   7277.   5702.   1062.   2043.   2196.   1222.
  1   |  22865.  17741.   8799.  11670.   2730.  10237.   5878.  19315.  11599.  12856.  23281.   9241.   3461.   8421.   8004.
  2   |   9239.  32380.  32010.  15613.  23862.   5410.  10675.  16737.  27831.  31938.  23158.  21484.  17278.   8153.  17474.
  3   |  63180.  11033.  49539.  48204.  27001.  39773.   4810.  25865.  20510.  64561.  48046.  18201.  34628.  34876.  14390.
  4   |  33821.  54157.  12235.  54129.  60295.  32298.  25708.   8517.  23023.  34332.  68989.  27379.  21742.  51466.  44860.
  5   |  16150.  20307.  42518.   9470.  47925.  50742.  14722.  32571.   5362.  27334.  25581.  27626.  23547.  23202.  47123.
  6   |  29076.   9329.  15404.  31808.   8094.  38804.  22372.  18087.  19826.   6140.  19508.   9896.  23177.  24444.  20574.
  7   |  20765.  16377.   6933.  11296.  26603.   6388.  16790.  27029.  10799.  22187.   4250.   7397.   8224.  23754.  21290.
  8   |   8513.   9306.   9740.   4068.   7573.  16804.   2196.  16354.  12877.   9730.  12248.   1277.   4939.   6784.  16605.
  9   |  10233.   8446.  11085.  12437.  11663.  12408.  10260.  11943.  14313.  25646.  19337.  10171.   7103.   9163.  11192.
------+------------------------------------------------------------------------------------------------------------------------
       x 10 ^ 3                                
 
 
        Catch in Number
        ---------------
------+------------------------------------------------------------------------------------------------------------------------
AGE   |    1987    1988    1989    1990    1991    1992    1993    1994    1995    1996    1997    1998    1999    2000    2001
------+------------------------------------------------------------------------------------------------------------------------
  0   |   2156.   3077.   2954.   4253.   2787.   5176.   3775.   3614.   3391.   2638.   3108.   3675.   3663.   5286.   3142.
  1   |   2829.   6909.  15936.   9000.  12008.  11227.  13150.  11950.  11533.   7861.  14271.   8773.  10430.  15469.  11669.
  2   |  10582.   5194.  20342.  27495.  14430.  27381.  16171.  23674.  21690.  15278.  24171.  22824.  14160.  24952.  19407.
  3   |  19771.  16714.  12983.  29594.  37352.  27733.  33334.  24731.  36511.  24617.  39863.  32640.  31298.  28582.  26567.
  4   |  11922.  23081.  30450.  13583.  29083.  51738.  24313.  37040.  27724.  30384.  46798.  38751.  32493.  45612.  22011.
  5   |  26428.   9998.  30047.  22408.   9422.  28481.  31861.  19160.  29459.  16425.  41283.  31990.  27305.  33541.  24719.
  6   |  26937.  21596.  12608.  21290.  15004.   8894.  16897.  24283.  14741.  16946.  21615.  27184.  21793.  27191.  17544.
  7   |  11582.  21776.  26744.   8718.  13954.  13834.   5153.  12632.  18330.   8357.  21897.  13897.  18158.  21216.  13922.
  8   |   9570.   7518.  21748.  14770.   4563.  10327.   6384.   3084.   7635.   8300.   8713.  11232.   7419.  14202.   8641.
  9   |  12661.  15488.  23735.  26310.  21347.  18883.  13610.  11059.   7845.   7256.  16388.  13227.  13895.  16995.  12743.
------+------------------------------------------------------------------------------------------------------------------------
       x 10 ^ 3                                
 
 
        Catch in Number
        ---------------
------+--------
AGE   |    2002
------+--------
  0   |   5065.
  1   |  13933.
  2   |  29366.
  3   |  41332.
  4   |  41029.
  5   |  24166.
  6   |  26229.
  7   |  18238.
  8   |  11641.
  9   |  18504.
------+--------
       x 10 ^ 3                                
 
 
 
        Predicted Catch in Number
        -------------------------
------+----------------------------------------------------------------------------------------
AGE   |    1992    1993    1994    1995    1996    1997    1998    1999    2000    2001    2002
------+----------------------------------------------------------------------------------------
  0   |   5176.   3775.   3614.   3391.   2638.   3108.   3675.   3663.   5286.   3142.   5065.
  1   |  11227.  13150.  11950.  11533.   7861.  14271.   8773.  10430.  15469.  11669.  13933.
  2   |  27381.  16171.  23674.  21690.  15278.  24171.  22824.  14160.  24952.  19407.  29366.
  3   |  27733.  33334.  24731.  36511.  24617.  39863.  32640.  31298.  28582.  26567.  41332.
  4   |  51738.  24313.  37040.  27724.  30384.  46798.  38751.  32493.  45612.  22011.  41029.
  5   |  28481.  31861.  19160.  29459.  16425.  41283.  31990.  27305.  33541.  24719.  24166.
  6   |   8894.  16897.  24283.  14741.  16946.  21615.  27184.  21793.  27191.  17544.  26229.
  7   |  13834.   5153.  12632.  18330.   8357.  21897.  13897.  18158.  21216.  13922.  18238.
  8   |  10327.   6384.   3084.   7635.   8300.   8713.  11232.   7419.  14202.   8641.  11641.
------+----------------------------------------------------------------------------------------
       x 10 ^ 3                                
 
 
 
        Weights at age in the catches (Kg)
        ----------------------------------
------+------------------------------------------------------------------------------------------------------------------------
AGE   |    1972    1973    1974    1975    1976    1977    1978    1979    1980    1981    1982    1983    1984    1985    1986
------+------------------------------------------------------------------------------------------------------------------------
  0   | 0.05200 0.05000 0.05100 0.05000 0.05900 0.05600 0.03600 0.01600 0.05700 0.06000 0.05300 0.05000 0.03100 0.05500 0.03900
  1   | 0.13500 0.14500 0.13600 0.14800 0.13700 0.13600 0.13500 0.13700 0.13100 0.13200 0.13100 0.16800 0.10200 0.14400 0.14600
  2   | 0.27700 0.19400 0.22900 0.17700 0.20700 0.16900 0.16100 0.16100 0.24900 0.24800 0.24900 0.21900 0.18400 0.26200 0.24500
  3   | 0.34100 0.28500 0.26100 0.25900 0.26300 0.27500 0.25000 0.24300 0.28500 0.28700 0.28500 0.27600 0.29500 0.35700 0.33500
  4   | 0.42300 0.36800 0.33400 0.32300 0.32000 0.33300 0.32500 0.31800 0.34500 0.34400 0.34500 0.31000 0.32600 0.41800 0.42300
  5   | 0.46800 0.44800 0.39200 0.34800 0.34600 0.35200 0.34500 0.34800 0.37800 0.37700 0.37800 0.38600 0.34400 0.41700 0.47100
  6   | 0.46800 0.46800 0.48100 0.43000 0.40600 0.40700 0.40300 0.40100 0.45400 0.45400 0.45400 0.42500 0.43100 0.43600 0.44400
  7   | 0.50800 0.50800 0.50800 0.48800 0.44300 0.44600 0.42100 0.41600 0.49800 0.49900 0.49600 0.43500 0.54200 0.52100 0.45700
  8   | 0.53900 0.53900 0.53900 0.53900 0.51800 0.54600 0.51800 0.50600 0.52000 0.51300 0.51300 0.49800 0.48000 0.55500 0.54300
  9   | 0.60648 0.59850 0.59606 0.59322 0.60666 0.59030 0.55648 0.53864 0.55931 0.55981 0.56425 0.58360 0.63092 0.62310 0.60245
------+------------------------------------------------------------------------------------------------------------------------
                                               
 
 
        Weights at age in the catches (Kg)
        ----------------------------------
------+------------------------------------------------------------------------------------------------------------------------
AGE   |    1987    1988    1989    1990    1991    1992    1993    1994    1995    1996    1997    1998    1999    2000    2001
------+------------------------------------------------------------------------------------------------------------------------
  0   | 0.07600 0.05500 0.04900 0.08500 0.06800 0.05100 0.06100 0.04600 0.07200 0.05800 0.07600 0.06500 0.06200 0.06300 0.06900
  1   | 0.17900 0.13300 0.13600 0.15600 0.15600 0.16700 0.13400 0.13600 0.14300 0.14300 0.14300 0.15700 0.17600 0.13500 0.17100
  2   | 0.22300 0.25900 0.23700 0.23300 0.25300 0.23900 0.24000 0.25500 0.23400 0.22600 0.23000 0.22700 0.23600 0.22900 0.22300
  3   | 0.31800 0.32300 0.32000 0.33600 0.32700 0.33300 0.31700 0.33900 0.33300 0.31300 0.29500 0.31000 0.30700 0.30800 0.30700
  4   | 0.39900 0.38800 0.37700 0.37900 0.39400 0.39700 0.37600 0.39000 0.39000 0.37700 0.35900 0.35400 0.36100 0.36700 0.37800
  5   | 0.47400 0.45600 0.43300 0.42300 0.42300 0.46000 0.43600 0.44800 0.45200 0.42500 0.41500 0.40800 0.40600 0.42900 0.42600
  6   | 0.51200 0.52400 0.45600 0.46700 0.46900 0.49500 0.48300 0.51200 0.50100 0.48400 0.45300 0.45200 0.45400 0.46700 0.47700
  7   | 0.49300 0.55500 0.54300 0.52800 0.50600 0.53200 0.52700 0.54300 0.53900 0.51800 0.48100 0.46200 0.50100 0.50400 0.49900
  8   | 0.49800 0.55500 0.59200 0.55200 0.55400 0.55500 0.54800 0.59000 0.57700 0.55100 0.52400 0.51800 0.53700 0.53700 0.54300
  9   | 0.60143 0.59837 0.61062 0.61886 0.63349 0.64650 0.62256 0.63357 0.61683 0.59826 0.56974 0.57058 0.59359 0.59204 0.59989
------+------------------------------------------------------------------------------------------------------------------------
                                               
 
 
        Weights at age in the catches (Kg)
        ----------------------------------
------+--------
AGE   |    2002
------+--------
  0   | 0.05200
  1   | 0.15900
  2   | 0.25500
  3   | 0.30700
  4   | 0.36900
  5   | 0.42600
  6   | 0.46400
  7   | 0.51400
  8   | 0.53900
  9   | 0.60695
------+--------
                                               
 
 
 
        Weights at age in the stock (Kg)
        --------------------------------
------+------------------------------------------------------------------------------------------------------------------------
AGE   |    1972    1973    1974    1975    1976    1977    1978    1979    1980    1981    1982    1983    1984    1985    1986
------+------------------------------------------------------------------------------------------------------------------------
  0   | 0.00800 0.00800 0.00800 0.00800 0.00800 0.00800 0.00800 0.00800 0.00800 0.00800 0.00800 0.00800 0.00000 0.00000 0.00000
  1   | 0.13200 0.13200 0.13000 0.12900 0.12800 0.12700 0.11100 0.11000 0.10900 0.08700 0.08600 0.08600 0.08100 0.08500 0.07700
  2   | 0.17800 0.17700 0.17300 0.17100 0.17000 0.16700 0.17500 0.17400 0.17300 0.18600 0.13500 0.17200 0.19400 0.16500 0.17900
  3   | 0.24300 0.24200 0.23800 0.23600 0.23600 0.23300 0.23800 0.23700 0.23600 0.25200 0.22100 0.23500 0.25300 0.29300 0.26700
  4   | 0.41100 0.30100 0.29600 0.29400 0.29300 0.28900 0.30000 0.29900 0.29700 0.31300 0.28000 0.28000 0.29500 0.30600 0.30400
  5   | 0.35500 0.43800 0.32200 0.31800 0.31800 0.31300 0.34600 0.34500 0.34300 0.32300 0.38500 0.33900 0.32400 0.34100 0.35600
  6   | 0.39800 0.39800 0.46900 0.36500 0.36500 0.36100 0.38200 0.38000 0.37900 0.37800 0.35300 0.37700 0.39300 0.38400 0.35100
  7   | 0.43300 0.43300 0.43300 0.49700 0.41900 0.41600 0.41000 0.40800 0.40700 0.41900 0.40800 0.40400 0.43600 0.43000 0.41600
  8   | 0.45900 0.45900 0.45900 0.45900 0.51200 0.44600 0.43200 0.43000 0.42900 0.43400 0.43700 0.43900 0.44100 0.45900 0.47300
  9   | 0.52039 0.51356 0.50978 0.50778 0.52147 0.53819 0.48449 0.50026 0.47262 0.46145 0.48332 0.52003 0.52040 0.52735 0.47727
------+------------------------------------------------------------------------------------------------------------------------
                                               
 
 
        Weights at age in the stock (Kg)
        --------------------------------
------+------------------------------------------------------------------------------------------------------------------------
AGE   |    1987    1988    1989    1990    1991    1992    1993    1994    1995    1996    1997    1998    1999    2000    2001
------+------------------------------------------------------------------------------------------------------------------------
  0   | 0.00000 0.00000 0.00000 0.00000 0.00000 0.00000 0.00000 0.00000 0.00000 0.00000 0.00000 0.00000 0.00000 0.00000 0.00000
  1   | 0.07800 0.07200 0.07600 0.07400 0.07500 0.07800 0.07800 0.07900 0.08100 0.07600 0.07600 0.07700 0.08100 0.07400 0.07800
  2   | 0.14800 0.15600 0.17700 0.13800 0.15500 0.21200 0.19700 0.17800 0.16400 0.13300 0.18600 0.14900 0.19400 0.18500 0.16400
  3   | 0.24000 0.23700 0.24400 0.22200 0.23000 0.25900 0.26800 0.23700 0.26700 0.25100 0.22800 0.22300 0.24200 0.23500 0.24100
  4   | 0.28600 0.30100 0.30600 0.28700 0.30700 0.31000 0.31500 0.30100 0.32600 0.31700 0.29600 0.28500 0.30100 0.28900 0.34200
  5   | 0.37400 0.32900 0.35200 0.33900 0.35700 0.36200 0.36000 0.36100 0.39800 0.36600 0.36100 0.34200 0.35300 0.35000 0.39000
  6   | 0.38600 0.42300 0.38000 0.37300 0.40900 0.40200 0.41600 0.41300 0.44800 0.44400 0.40200 0.40000 0.39600 0.39000 0.44600
  7   | 0.41100 0.44500 0.42900 0.41400 0.43200 0.42400 0.45400 0.46600 0.49100 0.46200 0.44500 0.42600 0.42300 0.42600 0.45900
  8   | 0.42900 0.43200 0.47400 0.40900 0.50200 0.46200 0.46500 0.47000 0.50800 0.50100 0.47800 0.46600 0.44000 0.44700 0.49900
  9   | 0.48549 0.50883 0.48511 0.47921 0.55943 0.53221 0.53432 0.53805 0.56525 0.58502 0.53083 0.52857 0.49131 0.50318 0.55877
------+------------------------------------------------------------------------------------------------------------------------
                                               
 
 
        Weights at age in the stock (Kg)
        --------------------------------
------+--------
AGE   |    2002
------+--------
  0   | 0.00000
  1   | 0.07800
  2   | 0.18100
  3   | 0.23900
  4   | 0.31100
  5   | 0.36400
  6   | 0.41100
  7   | 0.43600
  8   | 0.46200
  9   | 0.51945
------+--------
                                               
 
 
 
        Natural Mortality (per year)
        ----------------------------
------+------------------------------------------------------------------------------------------------------------------------
AGE   |    1972    1973    1974    1975    1976    1977    1978    1979    1980    1981    1982    1983    1984    1985    1986
------+------------------------------------------------------------------------------------------------------------------------
  0   | 0.15000 0.15000 0.15000 0.15000 0.15000 0.15000 0.15000 0.15000 0.15000 0.15000 0.15000 0.15000 0.15000 0.15000 0.15000
  1   | 0.15000 0.15000 0.15000 0.15000 0.15000 0.15000 0.15000 0.15000 0.15000 0.15000 0.15000 0.15000 0.15000 0.15000 0.15000
  2   | 0.15000 0.15000 0.15000 0.15000 0.15000 0.15000 0.15000 0.15000 0.15000 0.15000 0.15000 0.15000 0.15000 0.15000 0.15000
  3   | 0.15000 0.15000 0.15000 0.15000 0.15000 0.15000 0.15000 0.15000 0.15000 0.15000 0.15000 0.15000 0.15000 0.15000 0.15000
  4   | 0.15000 0.15000 0.15000 0.15000 0.15000 0.15000 0.15000 0.15000 0.15000 0.15000 0.15000 0.15000 0.15000 0.15000 0.15000
  5   | 0.15000 0.15000 0.15000 0.15000 0.15000 0.15000 0.15000 0.15000 0.15000 0.15000 0.15000 0.15000 0.15000 0.15000 0.15000
  6   | 0.15000 0.15000 0.15000 0.15000 0.15000 0.15000 0.15000 0.15000 0.15000 0.15000 0.15000 0.15000 0.15000 0.15000 0.15000
  7   | 0.15000 0.15000 0.15000 0.15000 0.15000 0.15000 0.15000 0.15000 0.15000 0.15000 0.15000 0.15000 0.15000 0.15000 0.15000
  8   | 0.15000 0.15000 0.15000 0.15000 0.15000 0.15000 0.15000 0.15000 0.15000 0.15000 0.15000 0.15000 0.15000 0.15000 0.15000
  9   | 0.15000 0.15000 0.15000 0.15000 0.15000 0.15000 0.15000 0.15000 0.15000 0.15000 0.15000 0.15000 0.15000 0.15000 0.15000
------+------------------------------------------------------------------------------------------------------------------------
                                               
 
 
        Natural Mortality (per year)
        ----------------------------
------+------------------------------------------------------------------------------------------------------------------------
AGE   |    1987    1988    1989    1990    1991    1992    1993    1994    1995    1996    1997    1998    1999    2000    2001
------+------------------------------------------------------------------------------------------------------------------------
  0   | 0.15000 0.15000 0.15000 0.15000 0.15000 0.15000 0.15000 0.15000 0.15000 0.15000 0.15000 0.15000 0.15000 0.15000 0.15000
  1   | 0.15000 0.15000 0.15000 0.15000 0.15000 0.15000 0.15000 0.15000 0.15000 0.15000 0.15000 0.15000 0.15000 0.15000 0.15000
  2   | 0.15000 0.15000 0.15000 0.15000 0.15000 0.15000 0.15000 0.15000 0.15000 0.15000 0.15000 0.15000 0.15000 0.15000 0.15000
  3   | 0.15000 0.15000 0.15000 0.15000 0.15000 0.15000 0.15000 0.15000 0.15000 0.15000 0.15000 0.15000 0.15000 0.15000 0.15000
  4   | 0.15000 0.15000 0.15000 0.15000 0.15000 0.15000 0.15000 0.15000 0.15000 0.15000 0.15000 0.15000 0.15000 0.15000 0.15000
  5   | 0.15000 0.15000 0.15000 0.15000 0.15000 0.15000 0.15000 0.15000 0.15000 0.15000 0.15000 0.15000 0.15000 0.15000 0.15000
  6   | 0.15000 0.15000 0.15000 0.15000 0.15000 0.15000 0.15000 0.15000 0.15000 0.15000 0.15000 0.15000 0.15000 0.15000 0.15000
  7   | 0.15000 0.15000 0.15000 0.15000 0.15000 0.15000 0.15000 0.15000 0.15000 0.15000 0.15000 0.15000 0.15000 0.15000 0.15000
  8   | 0.15000 0.15000 0.15000 0.15000 0.15000 0.15000 0.15000 0.15000 0.15000 0.15000 0.15000 0.15000 0.15000 0.15000 0.15000
  9   | 0.15000 0.15000 0.15000 0.15000 0.15000 0.15000 0.15000 0.15000 0.15000 0.15000 0.15000 0.15000 0.15000 0.15000 0.15000
------+------------------------------------------------------------------------------------------------------------------------
                                               
 
 
        Natural Mortality (per year)
        ----------------------------
------+--------
AGE   |    2002
------+--------
  0   | 0.15000
  1   | 0.15000
  2   | 0.15000
  3   | 0.15000
  4   | 0.15000
  5   | 0.15000
  6   | 0.15000
  7   | 0.15000
  8   | 0.15000
  9   | 0.15000
------+--------
                                               
 
 
 
        Proportion of fish spawning
        ---------------------------
------+------------------------------------------------------------------------------------------------------------------------
AGE   |    1972    1973    1974    1975    1976    1977    1978    1979    1980    1981    1982    1983    1984    1985    1986
------+------------------------------------------------------------------------------------------------------------------------
  0   |  0.0000  0.0000  0.0000  0.0000  0.0000  0.0000  0.0000  0.0000  0.0000  0.0000  0.0000  0.0000  0.0000  0.0000  0.0000
  1   |  0.0500  0.0500  0.0500  0.0600  0.0600  0.0600  0.0600  0.0600  0.0600  0.0700  0.0700  0.0700  0.0700  0.0700  0.0700
  2   |  0.5300  0.5400  0.5400  0.5500  0.5500  0.5500  0.5600  0.5600  0.5700  0.5700  0.5700  0.5800  0.5800  0.5800  0.5800
  3   |  0.9000  0.9000  0.9000  0.8900  0.8900  0.8900  0.8900  0.8900  0.8900  0.8800  0.8800  0.8800  0.8800  0.8800  0.8800
  4   |  0.9800  0.9800  0.9800  0.9800  0.9800  0.9800  0.9800  0.9800  0.9800  0.9800  0.9800  0.9800  0.9700  0.9700  0.9700
  5   |  0.9800  0.9800  0.9800  0.9800  0.9800  0.9800  0.9800  0.9800  0.9800  0.9800  0.9800  0.9800  0.9700  0.9700  0.9700
  6   |  0.9900  0.9900  0.9900  0.9900  0.9900  0.9900  0.9900  0.9900  0.9900  0.9900  0.9900  0.9900  0.9900  0.9900  0.9900
  7   |  1.0000  1.0000  1.0000  1.0000  1.0000  1.0000  1.0000  1.0000  1.0000  1.0000  1.0000  1.0000  1.0000  1.0000  1.0000
  8   |  1.0000  1.0000  1.0000  1.0000  1.0000  1.0000  1.0000  1.0000  1.0000  1.0000  1.0000  1.0000  1.0000  1.0000  1.0000
  9   |  1.0000  1.0000  1.0000  1.0000  1.0000  1.0000  1.0000  1.0000  1.0000  1.0000  1.0000  1.0000  1.0000  1.0000  1.0000
------+------------------------------------------------------------------------------------------------------------------------
                                               
 
 
        Proportion of fish spawning
        ---------------------------
------+------------------------------------------------------------------------------------------------------------------------
AGE   |    1987    1988    1989    1990    1991    1992    1993    1994    1995    1996    1997    1998    1999    2000    2001
------+------------------------------------------------------------------------------------------------------------------------
  0   |  0.0000  0.0000  0.0000  0.0000  0.0000  0.0000  0.0000  0.0000  0.0000  0.0000  0.0000  0.0000  0.0000  0.0000  0.0000
  1   |  0.0700  0.0700  0.0700  0.0700  0.0700  0.0700  0.0700  0.0700  0.0700  0.0700  0.0700  0.0700  0.0700  0.0700  0.0700
  2   |  0.5800  0.5800  0.5800  0.5800  0.5800  0.5800  0.5800  0.5800  0.5800  0.5800  0.5800  0.5800  0.5800  0.5800  0.5900
  3   |  0.8800  0.8800  0.8800  0.8800  0.8800  0.8800  0.8800  0.8800  0.8800  0.8800  0.8800  0.8600  0.8600  0.8600  0.8800
  4   |  0.9700  0.9700  0.9700  0.9700  0.9700  0.9700  0.9700  0.9700  0.9700  0.9700  0.9700  0.9800  0.9800  0.9800  0.9700
  5   |  0.9700  0.9700  0.9700  0.9700  0.9700  0.9700  0.9700  0.9700  0.9700  0.9700  0.9700  0.9800  0.9800  0.9800  0.9700
  6   |  0.9900  0.9900  0.9900  0.9900  0.9900  0.9900  0.9900  0.9900  0.9900  0.9900  0.9900  0.9900  0.9900  0.9900  0.9900
  7   |  1.0000  1.0000  1.0000  1.0000  1.0000  1.0000  1.0000  1.0000  1.0000  1.0000  1.0000  1.0000  1.0000  1.0000  1.0000
  8   |  1.0000  1.0000  1.0000  1.0000  1.0000  1.0000  1.0000  1.0000  1.0000  1.0000  1.0000  1.0000  1.0000  1.0000  1.0000
  9   |  1.0000  1.0000  1.0000  1.0000  1.0000  1.0000  1.0000  1.0000  1.0000  1.0000  1.0000  1.0000  1.0000  1.0000  1.0000
------+------------------------------------------------------------------------------------------------------------------------
                                               
 
 
        Proportion of fish spawning
        ---------------------------
------+--------
AGE   |    2002
------+--------
  0   |  0.0000
  1   |  0.0700
  2   |  0.5900
  3   |  0.8800
  4   |  0.9700
  5   |  0.9700
  6   |  0.9900
  7   |  1.0000
  8   |  1.0000
  9   |  1.0000
------+--------
                                               
 
 
 
 INDICES OF SPAWNING BIOMASS                                                    
  
 ----------------------------
 
          INDEX
        -------
------+------------------------------------------------------------------------------------------------------------------------
      |    1972    1973    1974    1975    1976    1977    1978    1979    1980    1981    1982    1983    1984    1985    1986
------+------------------------------------------------------------------------------------------------------------------------
  1   | ******* ******* ******* ******* ******* ******* ******* ******* ******* ******* ******* ******* ******* ******* *******
------+------------------------------------------------------------------------------------------------------------------------
       x 10 ^ 3                                
 
 
          INDEX
        -------
------+------------------------------------------------------------------------------------------------------------------------
      |    1987    1988    1989    1990    1991    1992    1993    1994    1995    1996    1997    1998    1999    2000    2001
------+------------------------------------------------------------------------------------------------------------------------
  1   | *******  277.21  254.55  226.71  247.70  261.82  262.87  264.41  298.69  304.29  305.02  284.81  291.96  277.99  298.92
------+------------------------------------------------------------------------------------------------------------------------
       x 10 ^ 3                                
 
 
          INDEX
        -------
------+--------
      |    2002
------+--------
  1   |  299.14
------+--------
       x 10 ^ 3                                
 
 
 
 AGE-STRUCTURED INDICES                                                         
  
 -----------------------
 
        FLT01: Dummy survey
        -------------------
------+--------------------------------
AGE   |    1981    1982    1983    1984
------+--------------------------------
  1   |  266.10  203.00   43.60   15.24
  2   |  506.40  435.90  712.70   79.51
  3   |  225.10  483.60  444.60  661.83
  4   |   31.70  184.10  391.60  374.60
  5   |  174.80   24.70  130.40  238.20
  6   |  158.50  136.60   20.20   92.00
  7   |   99.50  108.60   91.30   15.54
  8   |  116.60   84.50   70.90   51.47
  9   |   35.30   87.00   47.10   39.27
------+--------------------------------
       x 10 ^ 3                                
 
 
 
        Fishing Mortality (per year)
        ----------------------------
------+------------------------------------------------------------------------------------------------------------------------
AGE   |    1972    1973    1974    1975    1976    1977    1978    1979    1980    1981    1982    1983    1984    1985    1986
------+------------------------------------------------------------------------------------------------------------------------
  0   | 0.01020 0.00799 0.00793 0.00775 0.00874 0.00962 0.00549 0.00858 0.00679 0.01036 0.01043 0.00527 0.00534 0.00686 0.00782
  1   | 0.03859 0.03023 0.03003 0.02931 0.03309 0.03641 0.02077 0.03249 0.02568 0.03923 0.03948 0.01994 0.02021 0.02596 0.02958
  2   | 0.08542 0.06690 0.06646 0.06488 0.07324 0.08059 0.04597 0.07190 0.05684 0.08682 0.08738 0.04413 0.04472 0.05746 0.06547
  3   | 0.16852 0.13199 0.13112 0.12800 0.14450 0.15900 0.09069 0.14186 0.11215 0.17129 0.17240 0.08707 0.08823 0.11336 0.12916
  4   | 0.25764 0.20179 0.20046 0.19568 0.22091 0.24307 0.13864 0.21687 0.17145 0.26186 0.26356 0.13311 0.13488 0.17330 0.19746
  5   | 0.29304 0.22951 0.22800 0.22256 0.25126 0.27647 0.15769 0.24666 0.19501 0.29784 0.29978 0.15140 0.15342 0.19711 0.22459
  6   | 0.33139 0.25955 0.25785 0.25170 0.28415 0.31266 0.17833 0.27895 0.22053 0.33683 0.33902 0.17122 0.17350 0.22291 0.25399
  7   | 0.37966 0.29735 0.29540 0.28835 0.32553 0.35820 0.20430 0.31958 0.25265 0.38588 0.38839 0.19615 0.19877 0.25537 0.29098
  8   | 0.35164 0.27541 0.27360 0.26708 0.30151 0.33177 0.18922 0.29600 0.23401 0.35741 0.35973 0.18168 0.18410 0.23653 0.26951
  9   | 0.35164 0.27541 0.27360 0.26708 0.30151 0.33177 0.18922 0.29600 0.23401 0.35741 0.35973 0.18168 0.18410 0.23653 0.26951
------+------------------------------------------------------------------------------------------------------------------------
                                               
 
 
        Fishing Mortality (per year)
        ----------------------------
------+------------------------------------------------------------------------------------------------------------------------
AGE   |    1987    1988    1989    1990    1991    1992    1993    1994    1995    1996    1997    1998    1999    2000    2001
------+------------------------------------------------------------------------------------------------------------------------
  0   | 0.00563 0.00562 0.00911 0.00870 0.00768 0.00970 0.00772 0.00763 0.00761 0.00549 0.00931 0.00823 0.00730 0.00967 0.00667
  1   | 0.02132 0.02125 0.03446 0.03291 0.02906 0.03673 0.02920 0.02889 0.02881 0.02080 0.03523 0.03114 0.02762 0.03659 0.02522
  2   | 0.04720 0.04704 0.07628 0.07284 0.06432 0.08129 0.06463 0.06395 0.06378 0.04603 0.07798 0.06893 0.06113 0.08098 0.05583
  3   | 0.09312 0.09281 0.15049 0.14371 0.12690 0.16037 0.12750 0.12616 0.12583 0.09081 0.15385 0.13599 0.12060 0.15976 0.11015
  4   | 0.14236 0.14189 0.23007 0.21970 0.19401 0.24517 0.19492 0.19287 0.19236 0.13883 0.23520 0.20790 0.18438 0.24424 0.16839
  5   | 0.16192 0.16139 0.26168 0.24988 0.22066 0.27886 0.22170 0.21937 0.21879 0.15790 0.26751 0.23646 0.20971 0.27779 0.19153
  6   | 0.18311 0.18251 0.29593 0.28259 0.24955 0.31536 0.25072 0.24809 0.24743 0.17857 0.30253 0.26742 0.23716 0.31416 0.21660
  7   | 0.20978 0.20909 0.33903 0.32375 0.28589 0.36129 0.28723 0.28422 0.28346 0.20458 0.34659 0.30636 0.27170 0.35991 0.24814
  8   | 0.19430 0.19367 0.31401 0.29986 0.26480 0.33463 0.26604 0.26325 0.26255 0.18948 0.32101 0.28376 0.25165 0.33335 0.22983
  9   | 0.19430 0.19367 0.31401 0.29986 0.26480 0.33463 0.26604 0.26325 0.26255 0.18948 0.32101 0.28376 0.25165 0.33335 0.22983
------+------------------------------------------------------------------------------------------------------------------------
                                               
 
 
        Fishing Mortality (per year)
        ----------------------------
------+--------
AGE   |    2002
------+--------
  0   | 0.00926
  1   | 0.03505
  2   | 0.07757
  3   | 0.15304
  4   | 0.23397
  5   | 0.26612
  6   | 0.30095
  7   | 0.34478
  8   | 0.31934
  9   | 0.31934
------+--------
                                               
 
 
 
        Population Abundance (1 January)
        --------------------------------
------+------------------------------------------------------------------------------------------------------------------------
AGE   |    1972    1973    1974    1975    1976    1977    1978    1979    1980    1981    1982    1983    1984    1985    1986
------+------------------------------------------------------------------------------------------------------------------------
  0   |  752.85  374.98  509.31  105.69  361.17  361.17  759.90  577.12  420.79  759.90  591.64  217.56  413.21  345.84  169.05
  1   |  650.11  641.41  320.18  434.90   90.27  308.15  307.88  650.47  492.49  359.72  647.31  503.95  186.27  353.76  295.63
  2   |  121.39  538.37  535.63  267.43  363.51   75.16  255.75  259.55  541.97  413.14  297.71  535.57  425.19  157.12  296.68
  3   |  437.77   95.93  433.39  431.38  215.72  290.78   59.69  210.23  207.90  440.70  326.02  234.80  441.07  349.96  127.68
  4   |  159.84  318.36   72.36  327.18  326.68  160.69  213.48   46.92  157.02  159.96  319.60  236.17  185.24  347.57  268.93
  5   |   68.22  106.33  223.94   50.96  231.56  225.44  108.46  159.96   32.51  113.85  105.96  211.35  177.94  139.32  251.56
  6   |  110.55   43.80   72.75  153.45   35.11  155.02  147.17   79.74  107.58   23.02   72.75   67.58  156.35  131.37   98.46
  7   |   70.45   68.31   29.08   48.39  102.69   22.75   97.60  105.98   51.92   74.27   14.15   44.61   49.01  113.14   90.48
  8   |   30.79   41.48   43.67   18.63   31.21   63.83   13.68   68.49   66.27   34.71   43.46    8.26   31.56   34.58   75.43
  9   |   37.01   37.65   49.70   56.95   48.07   47.13   63.94   50.01   73.66   91.50   68.61   65.78   45.39   46.71   50.84
------+------------------------------------------------------------------------------------------------------------------------
       x 10 ^ 6                                
 
 
        Population Abundance (1 January)
        --------------------------------
------+------------------------------------------------------------------------------------------------------------------------
AGE   |    1987    1988    1989    1990    1991    1992    1993    1994    1995    1996    1997    1998    1999    2000    2001
------+------------------------------------------------------------------------------------------------------------------------
  0   |  413.21  591.64  350.87  528.90  392.36  577.12  528.90  511.74  481.40  518.38  361.17  482.83  542.45  591.64  509.31
  1   |  144.37  353.66  506.38  299.26  451.29  335.12  491.93  451.73  437.10  411.20  443.73  307.98  412.17  463.50  504.33
  2   |  247.03  121.64  297.99  421.08  249.24  377.30  278.04  411.23  377.74  365.53  346.64  368.70  256.95  345.10  384.60
  3   |  239.18  202.82   99.88  237.65  336.97  201.16  299.39  224.34  332.02  305.03  300.46  275.97  296.20  208.05  273.92
  4   |   96.58  187.56  159.10   73.96  177.17  255.46  147.48  226.84  170.20  251.99  239.75  221.74  207.33  225.98  152.63
  5   |  189.99   72.10  140.08  108.79   51.10  125.60  172.07  104.46  161.00  120.86  188.77  163.11  155.02  148.40  152.35
  6   |  172.96  139.08   52.81   92.81   72.93   35.27   81.80  118.65   72.20  111.34   88.83  124.34  110.82  108.19   96.75
  7   |   65.74  123.96   99.74   33.81   60.21   48.91   22.15   54.79   79.69   48.52   80.16   56.50   81.91   75.25   68.01
  8   |   58.21   45.87   86.56   61.16   21.05   38.94   29.33   14.30   35.49   51.66   34.04   48.79   35.80   53.73   45.19
  9   |   77.02   94.50   94.48  108.95   98.49   71.20   62.53   51.29   36.46   45.16   64.01   57.45   67.04   64.29   66.64
------+------------------------------------------------------------------------------------------------------------------------
       x 10 ^ 6                                
 
 
        Population Abundance (1 January)
        --------------------------------
------+----------------
AGE   |    2002    2003
------+----------------
  0   |  591.64  414.99
  1   |  435.45  504.54
  2   |  423.27  361.89
  3   |  313.06  337.12
  4   |  211.18  231.21
  5   |  111.01  143.84
  6   |  108.28   73.22
  7   |   67.06   68.97
  8   |   45.68   40.89
  9   |   72.60   73.97
------+----------------
       x 10 ^ 6                                
 
 
 
        Weighting factors for the catches in number
        -------------------------------------------
------+----------------------------------------------------------------------------------------
AGE   |    1992    1993    1994    1995    1996    1997    1998    1999    2000    2001    2002
------+----------------------------------------------------------------------------------------
  0   |  0.0200  0.0200  0.0200  0.0200  0.0200  0.0200  0.0200  0.0200  0.0200  0.0200  0.0200
  1   |  1.0000  1.0000  1.0000  1.0000  1.0000  1.0000  1.0000  1.0000  1.0000  1.0000  1.0000
  2   |  1.0000  1.0000  1.0000  1.0000  1.0000  1.0000  1.0000  1.0000  1.0000  1.0000  1.0000
  3   |  1.0000  1.0000  1.0000  1.0000  1.0000  1.0000  1.0000  1.0000  1.0000  1.0000  1.0000
  4   |  1.0000  1.0000  1.0000  1.0000  1.0000  1.0000  1.0000  1.0000  1.0000  1.0000  1.0000
  5   |  1.0000  1.0000  1.0000  1.0000  1.0000  1.0000  1.0000  1.0000  1.0000  1.0000  1.0000
  6   |  1.0000  1.0000  1.0000  1.0000  1.0000  1.0000  1.0000  1.0000  1.0000  1.0000  1.0000
  7   |  1.0000  1.0000  1.0000  1.0000  1.0000  1.0000  1.0000  1.0000  1.0000  1.0000  1.0000
  8   |  1.0000  1.0000  1.0000  1.0000  1.0000  1.0000  1.0000  1.0000  1.0000  1.0000  1.0000
------+----------------------------------------------------------------------------------------
                                               
 
 
 
 Predicted SSB Index Values                                                     
  
 ---------------------------
 
          INDEX
        -------
------+------------------------------------------------------------------------------------------------------------------------
      |    1972    1973    1974    1975    1976    1977    1978    1979    1980    1981    1982    1983    1984    1985    1986
------+------------------------------------------------------------------------------------------------------------------------
  1   | ******* ******* ******* ******* ******* ******* ******* ******* ******* ******* ******* ******* ******* ******* *******
------+------------------------------------------------------------------------------------------------------------------------
       x 10 ^ 3                                
 
 
          INDEX
        -------
------+------------------------------------------------------------------------------------------------------------------------
      |    1987    1988    1989    1990    1991    1992    1993    1994    1995    1996    1997    1998    1999    2000    2001
------+------------------------------------------------------------------------------------------------------------------------
  1   | *******  277.21  254.55  226.71  247.70  261.82  262.87  264.41  298.69  304.29  305.02  284.81  291.96  277.99  298.92
------+------------------------------------------------------------------------------------------------------------------------
       x 10 ^ 3                                
 
 
          INDEX
        -------
------+--------
      |    2002
------+--------
  1   |  299.14
------+--------
       x 10 ^ 3                                
 
 
 
 Predicted Age-Structured Index Values                                          
  
 --------------------------------------
 
        FLT01: Dummy survey Predicted
        -----------------------------
------+--------------------------------
AGE   |    1981    1982    1983    1984
------+--------------------------------
  1   |   72.04  129.61  101.99   37.69
  2   |  333.85  240.50  443.07  351.63
  3   |  521.76  385.75  291.16  546.60
  4   |  121.50  242.53  192.55  150.88
  5   |   80.68   75.01  162.33  136.52
  6   |   27.03   85.31   86.90  200.81
  7   |  113.38   21.57   75.60   82.93
  8   |  102.34  127.97   26.82  102.35
  9   |   64.73   48.48   51.26   35.32
------+--------------------------------
       x 10 ^ 3                                
 
 
 
        Fitted Selection Pattern
        ------------------------
------+------------------------------------------------------------------------------------------------------------------------
AGE   |    1972    1973    1974    1975    1976    1977    1978    1979    1980    1981    1982    1983    1984    1985    1986
------+------------------------------------------------------------------------------------------------------------------------
  0   |  0.0348  0.0348  0.0348  0.0348  0.0348  0.0348  0.0348  0.0348  0.0348  0.0348  0.0348  0.0348  0.0348  0.0348  0.0348
  1   |  0.1317  0.1317  0.1317  0.1317  0.1317  0.1317  0.1317  0.1317  0.1317  0.1317  0.1317  0.1317  0.1317  0.1317  0.1317
  2   |  0.2915  0.2915  0.2915  0.2915  0.2915  0.2915  0.2915  0.2915  0.2915  0.2915  0.2915  0.2915  0.2915  0.2915  0.2915
  3   |  0.5751  0.5751  0.5751  0.5751  0.5751  0.5751  0.5751  0.5751  0.5751  0.5751  0.5751  0.5751  0.5751  0.5751  0.5751
  4   |  0.8792  0.8792  0.8792  0.8792  0.8792  0.8792  0.8792  0.8792  0.8792  0.8792  0.8792  0.8792  0.8792  0.8792  0.8792
  5   |  1.0000  1.0000  1.0000  1.0000  1.0000  1.0000  1.0000  1.0000  1.0000  1.0000  1.0000  1.0000  1.0000  1.0000  1.0000
  6   |  1.1309  1.1309  1.1309  1.1309  1.1309  1.1309  1.1309  1.1309  1.1309  1.1309  1.1309  1.1309  1.1309  1.1309  1.1309
  7   |  1.2956  1.2956  1.2956  1.2956  1.2956  1.2956  1.2956  1.2956  1.2956  1.2956  1.2956  1.2956  1.2956  1.2956  1.2956
  8   |  1.2000  1.2000  1.2000  1.2000  1.2000  1.2000  1.2000  1.2000  1.2000  1.2000  1.2000  1.2000  1.2000  1.2000  1.2000
  9   |  1.2000  1.2000  1.2000  1.2000  1.2000  1.2000  1.2000  1.2000  1.2000  1.2000  1.2000  1.2000  1.2000  1.2000  1.2000
------+------------------------------------------------------------------------------------------------------------------------
                                               
 
 
        Fitted Selection Pattern
        ------------------------
------+------------------------------------------------------------------------------------------------------------------------
AGE   |    1987    1988    1989    1990    1991    1992    1993    1994    1995    1996    1997    1998    1999    2000    2001
------+------------------------------------------------------------------------------------------------------------------------
  0   |  0.0348  0.0348  0.0348  0.0348  0.0348  0.0348  0.0348  0.0348  0.0348  0.0348  0.0348  0.0348  0.0348  0.0348  0.0348
  1   |  0.1317  0.1317  0.1317  0.1317  0.1317  0.1317  0.1317  0.1317  0.1317  0.1317  0.1317  0.1317  0.1317  0.1317  0.1317
  2   |  0.2915  0.2915  0.2915  0.2915  0.2915  0.2915  0.2915  0.2915  0.2915  0.2915  0.2915  0.2915  0.2915  0.2915  0.2915
  3   |  0.5751  0.5751  0.5751  0.5751  0.5751  0.5751  0.5751  0.5751  0.5751  0.5751  0.5751  0.5751  0.5751  0.5751  0.5751
  4   |  0.8792  0.8792  0.8792  0.8792  0.8792  0.8792  0.8792  0.8792  0.8792  0.8792  0.8792  0.8792  0.8792  0.8792  0.8792
  5   |  1.0000  1.0000  1.0000  1.0000  1.0000  1.0000  1.0000  1.0000  1.0000  1.0000  1.0000  1.0000  1.0000  1.0000  1.0000
  6   |  1.1309  1.1309  1.1309  1.1309  1.1309  1.1309  1.1309  1.1309  1.1309  1.1309  1.1309  1.1309  1.1309  1.1309  1.1309
  7   |  1.2956  1.2956  1.2956  1.2956  1.2956  1.2956  1.2956  1.2956  1.2956  1.2956  1.2956  1.2956  1.2956  1.2956  1.2956
  8   |  1.2000  1.2000  1.2000  1.2000  1.2000  1.2000  1.2000  1.2000  1.2000  1.2000  1.2000  1.2000  1.2000  1.2000  1.2000
  9   |  1.2000  1.2000  1.2000  1.2000  1.2000  1.2000  1.2000  1.2000  1.2000  1.2000  1.2000  1.2000  1.2000  1.2000  1.2000
------+------------------------------------------------------------------------------------------------------------------------
                                               
 
 
        Fitted Selection Pattern
        ------------------------
------+--------
AGE   |    2002
------+--------
  0   |  0.0348
  1   |  0.1317
  2   |  0.2915
  3   |  0.5751
  4   |  0.8792
  5   |  1.0000
  6   |  1.1309
  7   |  1.2956
  8   |  1.2000
  9   |  1.2000
------+--------
                                               
 
 
 
 
 
                    STOCK SUMMARY                                             
 
 
 ³ Year ³  Recruits  ³  Total  ³ Spawning³ Landings ³ Yield ³ Mean F ³ SoP ³    
 ³      ³   Age   0  ³ Biomass ³ Biomass ³          ³ /SSB  ³  Ages  ³     ³ 
 ³      ³  thousands ³  tonnes ³ tonnes  ³ tonnes   ³ ratio ³  4- 7  ³ (%) ³ 
 
   1972       752850    417630    261193     84375   0.3230   0.3154    99
   1973       374980    433957    262333     63920   0.2437   0.2471    99
   1974       509300    427130    287318     65189   0.2269   0.2454    99
   1975       105690    434410    302174     66553   0.2202   0.2396    99
   1976       361160    393393    294839     74533   0.2528   0.2705    99
   1977       361160    358589    257121     77182   0.3002   0.2976   100
   1978       759890    333914    240755     40220   0.1671   0.1697   100
   1979       577110    368380    231283     58948   0.2549   0.2655   100
   1980       420780    382806    248261     53495   0.2155   0.2099    99
   1981       759890    409226    278528     83906   0.3012   0.3206    99
   1982       591640    386534    255998     84440   0.3298   0.3227    99
   1983       217560    411486    287549     44480   0.1547   0.1630    99
   1984       413210    441818    336225     50298   0.1496   0.1651   100
   1985       345830    451996    346863     79615   0.2295   0.2122    99
   1986       169040    413417    311712     86112   0.2763   0.2418   100
   1987       413210    360052    286433     58483   0.2042   0.1743   100
   1988       591640    354578    277214     58188   0.2099   0.1737    99
   1989       350870    363307    254547     83417   0.3277   0.2817   100
   1990       528900    316956    226708     71722   0.3164   0.2690    99
   1991       392350    344122    247702     63521   0.2564   0.2375   100
   1992       577110    373690    261816     81262   0.3104   0.3002   100
   1993       528900    372920    262867     62321   0.2371   0.2386    99
   1994       511730    376895    264412     67360   0.2548   0.2361    99
   1995       481390    415678    298694     69764   0.2336   0.2355    99
   1996       518370    404695    304291     52315   0.1719   0.1700    99
   1997       361160    427448    305022     87756   0.2877   0.2880   100
   1998       482830    386075    284810     75758   0.2660   0.2545    99
   1999       542440    399270    291960     69052   0.2365   0.2257   100
   2000       591640    394897    277989     89146   0.3207   0.2990    99
   2001       509300    414201    298921     61199   0.2047   0.2062    99
   2002       591640    424034    299142     87140   0.2913   0.2865    99
 
 -----------------------------------------------------------------            
 No of years for separable analysis : 11                                      
 Age range in the analysis : 0  . . . 9                                       
 Year range in the analysis : 1972  . . . 2002                                
 Number of indices of SSB : 1                                                 
 Number of age-structured indices : 1                                         
                                                                              
 Parameters to estimate : 46                                                  
 Number of observations : 150                                                 
                                                                              
 Conventional single selection vector model to be fitted.                     
                                                                              
                                                                              
                                                                              
 -----------------------------------------------------------------            
 
 
 PARAMETER ESTIMATES                                                            
  
 
 ³Parm.³      ³ Maximum ³    ³        ³         ³         ³         ³ Mean of ³ 
  
 ³ No. ³      ³ Likelh. ³ CV ³  Lower ³ Upper   ³  -s.e.  ³   +s.e. ³ Param.  ³ 
  
 ³     ³      ³ Estimate³ (%)³ 95% CL ³ 95% CL  ³         ³         ³ Distrib.³ 
  
 Separable model : F by year                                                    
  
    1   1992     0.2789   0    0.2744    0.2834    0.2766    0.2812    0.2789
    2   1993     0.2217   0    0.2182    0.2253    0.2199    0.2235    0.2217
    3   1994     0.2194   0    0.2159    0.2229    0.2176    0.2212    0.2194
    4   1995     0.2188   0    0.2154    0.2223    0.2170    0.2206    0.2188
    5   1996     0.1579   0    0.1555    0.1603    0.1567    0.1591    0.1579
    6   1997     0.2675   0    0.2635    0.2716    0.2654    0.2696    0.2675
    7   1998     0.2365   0    0.2329    0.2401    0.2347    0.2383    0.2365
    8   1999     0.2097   0    0.2066    0.2128    0.2081    0.2113    0.2097
    9   2000     0.2778   0    0.2737    0.2819    0.2757    0.2799    0.2778
   10   2001     0.1915   0    0.1886    0.1945    0.1900    0.1930    0.1915
   11   2002     0.2661   0    0.2616    0.2707    0.2638    0.2684    0.2661
 
 Separable Model: Selection (S) by age                                          
  
   12      0     0.0348   3    0.0323    0.0375    0.0335    0.0362    0.0348
   13      1     0.1317   0    0.1296    0.1338    0.1306    0.1328    0.1317
   14      2     0.2915   0    0.2872    0.2959    0.2893    0.2937    0.2915
   15      3     0.5751   0    0.5670    0.5833    0.5710    0.5793    0.5751
   16      4     0.8792   0    0.8675    0.8910    0.8732    0.8852    0.8792
           5     1.0000     Fixed : Reference Age             
   17      6     1.1309   0    1.1170    1.1450    1.1238    1.1381    1.1309
   18      7     1.2956   0    1.2798    1.3116    1.2875    1.3037    1.2956
           8     1.2000     Fixed : Last true age             
 
 Separable model: Populations in year 2002                                    
   19      0     591640  12     462530    756790    521804    670822    596326
   20      1     435452   1     418750    452821    426849    444229    435539
   21      2     423268   1     412261    434570    417616    428997    423306
   22      3     313054   1     306659    319582    309775    316368    313071
   23      4     211176   0     207471    214948    209277    213092    211185
   24      5     111008   0     109195    112851    110079    111944    111011
   25      6     108274   0     106692    109880    107464    109090    108277
   26      7      67056   0      66087     68039     66560     67556     67058
   27      8      45675   0      44997     46362     45328     46024     45676
 
Separable model: Populations at age
   28   1992      38938   1      37592     40333     38246     39644     38945
   29   1993      29332   1      28556     30129     28933     29736     29335
   30   1994      14303   1      13974     14639     14134     14473     14304
   31   1995      35490   1      34767     36227     35119     35864     35492
   32   1996      51657   0      50745     52585     51189     52129     51659
   33   1997      34034   0      33467     34611     33744     34327     34035
   34   1998      48784   0      48038     49542     48402     49169     48786
   35   1999      35794   0      35251     36347     35516     36075     35796
   36   2000      53726   0      52955     54507     53331     54123     53727
   37   2001      45189   0      44510     45878     44841     45539     45190
 
 SSB Index catchabilities                                                       
  
   INDEX                                 
 Absolute estimator. No fitted catchability.                                    
  
 
 
 
 Age-structured index catchabilities                                            
  
                                        FLT01: Dummy survey                     
 
 Linear model fitted. Slopes at age :                                           
  
   38   1  Q  .2222      25 .1743     .4703     .2222     .3688     .2956    
   39   2  Q  .9205      25 .7218     1.948     .9205     1.528     1.224    
   40   3  Q  1.413      25 1.108     2.990     1.413     2.344     1.879    
   41   4  Q  .9527      25 .7471     2.016     .9527     1.581     1.267    
   42   5  Q  .9066      25 .7109     1.918     .9066     1.504     1.206    
   43   6  Q  1.534      25 1.203     3.247     1.534     2.546     2.041    
   44   7  Q  2.050      25 1.607     4.338     2.050     3.402     2.727    
   45   8  Q  3.897      25 3.056     8.248     3.897     6.468     5.184    
   46   9  Q  .9351      25 .7333     1.979     .9351     1.552     1.244    
 
 
 
 RESIDUALS ABOUT THE MODEL FIT                                                  
  
 ------------------------------
 
        Separable Model Residuals
        -------------------------
------+----------------------------------------------------------------------------------------
Age   |    1992    1993    1994    1995    1996    1997    1998    1999    2000    2001    2002
------+----------------------------------------------------------------------------------------
  0   | ******* ******* ******* ******* ******* ******* ******* ******* ******* ******* *******
  1   | ******* ******* ******* ******* ******* ******* ******* ******* ******* ******* *******
  2   | ******* ******* ******* ******* ******* ******* ******* ******* ******* ******* *******
  3   | ******* ******* ******* ******* ******* ******* ******* ******* ******* ******* *******
  4   | ******* ******* ******* ******* ******* ******* ******* ******* ******* ******* *******
  5   | ******* ******* ******* ******* ******* ******* ******* ******* ******* ******* *******
  6   | ******* ******* ******* ******* ******* ******* ******* ******* ******* ******* *******
  7   | ******* ******* ******* ******* ******* ******* ******* ******* ******* ******* *******
  8   | ******* ******* ******* ******* ******* ******* ******* ******* ******* ******* *******
------+----------------------------------------------------------------------------------------
                                               
 
 
 
 SPAWNING BIOMASS INDEX RESIDUALS                                               
  
 ---------------------------------
 
          INDEX
        -------
------+------------------------------------------------------------------------------------------------------------------------
      |    1972    1973    1974    1975    1976    1977    1978    1979    1980    1981    1982    1983    1984    1985    1986
------+------------------------------------------------------------------------------------------------------------------------
  1   | ******* ******* ******* ******* ******* ******* ******* ******* ******* ******* ******* ******* ******* ******* *******
------+------------------------------------------------------------------------------------------------------------------------
                                               
 
 
          INDEX
        -------
------+------------------------------------------------------------------------------------------------------------------------
      |    1987    1988    1989    1990    1991    1992    1993    1994    1995    1996    1997    1998    1999    2000    2001
------+------------------------------------------------------------------------------------------------------------------------
  1   | ******* ******* ******* ******* ******* ******* ******* ******* ******* ******* ******* ******* ******* ******* *******
------+------------------------------------------------------------------------------------------------------------------------
                                               
 
 
          INDEX
        -------
------+--------
      |    2002
------+--------
  1   | *******
------+--------
                                               
 
 
 
 AGE-STRUCTURED INDEX RESIDUALS                                                 
  
 -------------------------------
 
        FLT01: Dummy survey
        -------------------
------+--------------------------------
Age   |    1981    1982    1983    1984
------+--------------------------------
  1   |   1.307   0.449  -0.850  -0.906
  2   |   0.417   0.595   0.475  -1.487
  3   |  -0.841   0.226   0.423   0.191
  4   |  -1.344  -0.276   0.710   0.909
  5   |   0.773  -1.111  -0.219   0.557
  6   |   1.769   0.471  -1.459  -0.781
  7   |  -0.131   1.616   0.189  -1.675
  8   |   0.130  -0.415   0.972  -0.687
  9   |  -0.606   0.585  -0.085   0.106
------+--------------------------------
                                               
 
 
 
 
 
 
 PARAMETERS OF THE DISTRIBUTION OF ln(CATCHES AT AGE)                           
  
 -----------------------------------------------------
 
 Separable model fitted from 1992  to 2002                                    
 Variance                             0.0000
Skewness test stat.                  -3.6426
Kurtosis test statistic               3.0008
Partial chi-square                    0.0000
Significance in fit                   0.0000
Degrees of freedom                        62
 
 
 PARAMETERS OF DISTRIBUTIONS OF THE SSB INDICES                                 
  
 -----------------------------------------------
 
 
   DISTRIBUTION STATISTICS FOR   INDEX                                          
 
 
 Index used as absolute measure of abundance                                    
  
 Last age is a plus-group                                                       
  
 
 Variance                             0.0000
Skewness test stat.                  -1.5954
Kurtosis test statistic              -0.8080
Partial chi-square                    0.0000
Significance in fit                   0.0000
Number of observations                    15
Degrees of freedom                        15
Weight in the analysis                5.0000
 
 PARAMETERS OF THE DISTRIBUTION OF THE AGE-STRUCTURED INDICES                   
  
 ------------------------------------------------------------ 
 
 
   DISTRIBUTION STATISTICS FOR FLT01: Dummy survey                              
 
 
 Linear catchability relationship assumed                                       
  
 
 Age                          1         2         3         4         5         6         7         8         9
 Variance                0.0013    0.0011    0.0004    0.0012    0.0008    0.0023    0.0020    0.0006    0.0003
Skewness test stat.      0.2458   -0.9270   -0.8494   -0.3792   -0.3762    0.2236   -0.0598    0.4205   -0.0584
Kurtosis test statisti  -0.6557   -0.2780   -0.3022   -0.5596   -0.5509   -0.5754   -0.4228   -0.4998   -0.4474
Partial chi-square       0.0003    0.0003    0.0001    0.0003    0.0002    0.0006    0.0006    0.0002    0.0001
Significance in fit      0.0000    0.0000    0.0000    0.0000    0.0000    0.0000    0.0000    0.0000    0.0000
Number of observations        4         4         4         4         4         4         4         4         4
Degrees of freedom            3         3         3         3         3         3         3         3         3
Weight in the analysis   0.0011    0.0011    0.0011    0.0011    0.0011    0.0011    0.0011    0.0011    0.0011
 
 ANALYSIS OF VARIANCE                   
--------------------------
 
 Unweighted Statistics                                                          
  
 
                                                                                
  
Variance                              
                                       SSQ     Data    Parameters d.f. Variance
Total for model                        26.6823     150         46  104   0.2566
Catches at age                          0.0000      99         37   62   0.0000
  
SSB Indices                           
  INDEX                                 0.0000      15          0   15   0.0000
  
 Aged Indices                                                                   
  
FLT01: Dummy survey                    26.6823      36          9   27   0.9882
 
 
 Weighted Statistics                                                            
  
 
                                                                                
  
Variance                              
                                       SSQ     Data    Parameters d.f. Variance
Total for model                         0.0000     150         46  104   0.0000
Catches at age                          0.0000      99         37   62   0.0000
  
SSB Indices                           
  INDEX                                 0.0000      15          0   15   0.0000
  
 Aged Indices                                                                   
  
FLT01: Dummy survey                     0.0000      36          9   27   0.0000
 
