 Output Generated by ICA Version 1.4                                            
  
 ------------------------------------
 
        Mackerel NE Atlantic  WG2003
        ----------------------------
 
        Catch in Number
        ---------------
------+------------------------------------------------------------------------------------------------------------------------
AGE   |    1972    1973    1974    1975    1976    1977    1978    1979    1980    1981    1982    1983    1984    1985    1986
------+------------------------------------------------------------------------------------------------------------------------
  0   |   1177.   5575.   1330.   3438.   3071.   1857.   1750.   3210.   3237.   4928.   3764.   4673.   3259.   4928.   3108.
  1   |   6972.   4759.  14877.   4420.  12672.   6685.   5844.   7729.  10367.  14782.  12003.  14712.  14349.  10205.   9952.
  2   |   7589.  16052.   7237.  28215.   9273.  15763.  12071.  14748.  14215.  26773.  20381.  26549.  25517.  25400.  11741.
  3   |  18167.  14877.  20804.  11725.  50337.   9881.  24541.  26072.  23102.  30888.  31117.  37964.  38663.  37982.  24910.
  4   |  21431.  26005.  14055.  24687.  15240.  39308.  11403.  38993.  29783.  36140.  25748.  41716.  39537.  41245.  27085.
  5   |  10434.  21893.  17434.  11905.  22840.   8464.  32652.  13008.  31684.  32969.  21081.  24372.  30430.  29599.  20769.
  6   |  13437.  10332.  14215.  14332.  10665.  12312.   6859.  36220.  10239.  33794.  18494.  19223.  17077.  21904.  14419.
  7   |  16631.  13082.   6591.  11507.  12610.   5665.   9884.   7507.  28016.  10660.  18476.  16461.  13107.  11975.  10473.
  8   |   6433.  13016.   6669.   4280.   8127.   5345.   3653.   8714.   4653.  23458.   4634.  13191.   8956.   7340.   4555.
  9   |  13590.  15330.  15502.  13544.  12551.   8802.   8641.  10658.  12406.  14023.  16809.  15919.  16157.  14819.   7899.
------+------------------------------------------------------------------------------------------------------------------------
       x 10 ^ 3                                
 
 
        Catch in Number
        ---------------
------+------------------------------------------------------------------------------------------------------------------------
AGE   |    1987    1988    1989    1990    1991    1992    1993    1994    1995    1996    1997    1998    1999    2000    2001
------+------------------------------------------------------------------------------------------------------------------------
  0   |   6248.   1549.   2750.   2083.   1629.   4398.   4154.   3103.   4569.   3380.   2880.   1550.   2610.   4257.   4236.
  1   |  15183.  22180.   2907.  15181.   5197.   6311.  12495.   8891.  16673.   9475.  15535.   8572.   3714.  12134.  13910.
  2   |  27648.  30449.  23692.   9103.  21455.  11402.  10152.  15257.  27134.  19676.  24755.  26212.  11707.   9811.  22428.
  3   |  27699.  46559.  27678.  62733.  10859.  39685.  15461.  10591.  39459.  27237.  43623.  35295.  30541.  26231.  15264.
  4   |  42830.  33414.  30686.  53172.  53781.  14474.  38659.  11774.  19926.  28723.  43947.  44849.  29984.  49777.  29302.
  5   |  33257.  36309.  15501.  42026.  31961.  50657.   9900.  20866.  15814.  10222.  33042.  31835.  27011.  34833.  39097.
  6   |  24701.  27104.  16273.  20524.  24314.  29017.  33346.   5178.  27126.   7839.  11382.  23074.  18570.  30368.  26328.
  7   |  16842.  19605.  11907.  21112.  11585.  21561.  18631.  17151.   6604.  13179.   8567.   7767.  13228.  20485.  22380.
  8   |   9858.  10698.   6839.  12465.   9484.   8241.  11041.   7638.  17649.   2552.  11595.   4669.   3553.  11748.  12068.
  9   |  12200.  13898.   8779.  16855.  13739.  16901.  13099.  10070.  18493.  14414.  15321.  14709.   8654.   9748.  13401.
------+------------------------------------------------------------------------------------------------------------------------
       x 10 ^ 3                                
 
 
        Catch in Number
        ---------------
------+--------
AGE   |    2002
------+--------
  0   |   3180.
  1   |   9320.
  2   |  17416.
  3   |  23888.
  4   |  11798.
  5   |  15980.
  6   |  20609.
  7   |  13607.
  8   |   9209.
  9   |  10500.
------+--------
       x 10 ^ 3                                
 
 
 
        Predicted Catch in Number
        -------------------------
------+----------------------------------------------------------------------------------------
AGE   |    1992    1993    1994    1995    1996    1997    1998    1999    2000    2001    2002
------+----------------------------------------------------------------------------------------
  0   |   4398.   4154.   3103.   4569.   3380.   2880.   1550.   2610.   4257.   4237.   3180.
  1   |   6311.  12495.   8891.  16673.   9475.  15535.   8572.   3714.  12134.  13910.   9320.
  2   |  11402.  10152.  15257.  27134.  19676.  24755.  26212.  11707.   9811.  22428.  17416.
  3   |  39685.  15461.  10591.  39459.  27237.  43623.  35295.  30541.  26231.  15264.  23888.
  4   |  14474.  38659.  11774.  19926.  28723.  43947.  44849.  29984.  49777.  29302.  11798.
  5   |  50657.   9900.  20866.  15814.  10222.  33042.  31835.  27011.  34833.  39097.  15980.
  6   |  29017.  33346.   5178.  27126.   7839.  11382.  23074.  18570.  30368.  26328.  20609.
  7   |  21561.  18631.  17151.   6604.  13179.   8567.   7767.  13228.  20485.  22380.  13607.
  8   |   8241.  11041.   7638.  17649.   2552.  11595.   4669.   3553.  11748.  12068.   9209.
------+----------------------------------------------------------------------------------------
       x 10 ^ 3                                
 
 
 
        Weights at age in the catches (Kg)
        ----------------------------------
------+------------------------------------------------------------------------------------------------------------------------
AGE   |    1972    1973    1974    1975    1976    1977    1978    1979    1980    1981    1982    1983    1984    1985    1986
------+------------------------------------------------------------------------------------------------------------------------
  0   | 0.05200 0.05000 0.05100 0.05000 0.05900 0.05600 0.03600 0.01600 0.05700 0.06000 0.05300 0.05000 0.03100 0.05500 0.03900
  1   | 0.13500 0.14500 0.13600 0.14800 0.13700 0.13600 0.13500 0.13700 0.13100 0.13200 0.13100 0.16800 0.10200 0.14400 0.14600
  2   | 0.27700 0.19400 0.22900 0.17700 0.20700 0.16900 0.16100 0.16100 0.24900 0.24800 0.24900 0.21900 0.18400 0.26200 0.24500
  3   | 0.34100 0.28500 0.26100 0.25900 0.26300 0.27500 0.25000 0.24300 0.28500 0.28700 0.28500 0.27600 0.29500 0.35700 0.33500
  4   | 0.42300 0.36800 0.33400 0.32300 0.32000 0.33300 0.32500 0.31800 0.34500 0.34400 0.34500 0.31000 0.32600 0.41800 0.42300
  5   | 0.46800 0.44800 0.39200 0.34800 0.34600 0.35200 0.34500 0.34800 0.37800 0.37700 0.37800 0.38600 0.34400 0.41700 0.47100
  6   | 0.46800 0.46800 0.48100 0.43000 0.40600 0.40700 0.40300 0.40100 0.45400 0.45400 0.45400 0.42500 0.43100 0.43600 0.44400
  7   | 0.50800 0.50800 0.50800 0.48800 0.44300 0.44600 0.42100 0.41600 0.49800 0.49900 0.49600 0.43500 0.54200 0.52100 0.45700
  8   | 0.53900 0.53900 0.53900 0.53900 0.51800 0.54600 0.51800 0.50600 0.52000 0.51300 0.51300 0.49800 0.48000 0.55500 0.54300
  9   | 0.60258 0.60136 0.60405 0.60236 0.60965 0.59176 0.56267 0.53807 0.56276 0.56611 0.55254 0.59335 0.60390 0.62679 0.61264
------+------------------------------------------------------------------------------------------------------------------------
                                               
 
 
        Weights at age in the catches (Kg)
        ----------------------------------
------+------------------------------------------------------------------------------------------------------------------------
AGE   |    1987    1988    1989    1990    1991    1992    1993    1994    1995    1996    1997    1998    1999    2000    2001
------+------------------------------------------------------------------------------------------------------------------------
  0   | 0.07600 0.05500 0.04900 0.08500 0.06800 0.05100 0.06100 0.04600 0.07200 0.05800 0.07600 0.06500 0.06200 0.06300 0.06900
  1   | 0.17900 0.13300 0.13600 0.15600 0.15600 0.16700 0.13400 0.13600 0.14300 0.14300 0.14300 0.15700 0.17600 0.13500 0.17100
  2   | 0.22300 0.25900 0.23700 0.23300 0.25300 0.23900 0.24000 0.25500 0.23400 0.22600 0.23000 0.22700 0.23600 0.22900 0.22300
  3   | 0.31800 0.32300 0.32000 0.33600 0.32700 0.33300 0.31700 0.33900 0.33300 0.31300 0.29500 0.31000 0.30700 0.30800 0.30700
  4   | 0.39900 0.38800 0.37700 0.37900 0.39400 0.39700 0.37600 0.39000 0.39000 0.37700 0.35900 0.35400 0.36100 0.36700 0.37800
  5   | 0.47400 0.45600 0.43300 0.42300 0.42300 0.46000 0.43600 0.44800 0.45200 0.42500 0.41500 0.40800 0.40600 0.42900 0.42600
  6   | 0.51200 0.52400 0.45600 0.46700 0.46900 0.49500 0.48300 0.51200 0.50100 0.48400 0.45300 0.45200 0.45400 0.46700 0.47700
  7   | 0.49300 0.55500 0.54300 0.52800 0.50600 0.53200 0.52700 0.54300 0.53900 0.51800 0.48100 0.46200 0.50100 0.50400 0.49900
  8   | 0.49800 0.55500 0.59200 0.55200 0.55400 0.55500 0.54800 0.59000 0.57700 0.55100 0.52400 0.51800 0.53700 0.53700 0.54300
  9   | 0.62769 0.59943 0.60404 0.61232 0.63214 0.63147 0.61210 0.62499 0.61099 0.59182 0.58500 0.57557 0.60890 0.58916 0.60210
------+------------------------------------------------------------------------------------------------------------------------
                                               
 
 
        Weights at age in the catches (Kg)
        ----------------------------------
------+--------
AGE   |    2002
------+--------
  0   | 0.05200
  1   | 0.15900
  2   | 0.25500
  3   | 0.30700
  4   | 0.36900
  5   | 0.42600
  6   | 0.46400
  7   | 0.51400
  8   | 0.53900
  9   | 0.59985
------+--------
                                               
 
 
 
        Weights at age in the stock (Kg)
        --------------------------------
------+------------------------------------------------------------------------------------------------------------------------
AGE   |    1972    1973    1974    1975    1976    1977    1978    1979    1980    1981    1982    1983    1984    1985    1986
------+------------------------------------------------------------------------------------------------------------------------
  0   | 0.00800 0.00800 0.00800 0.00800 0.00800 0.00800 0.00800 0.00800 0.00800 0.00800 0.00800 0.00800 0.00000 0.00000 0.00000
  1   | 0.13200 0.13200 0.13000 0.12900 0.12800 0.12700 0.11100 0.11000 0.10900 0.08700 0.08600 0.08600 0.08100 0.08500 0.07700
  2   | 0.17800 0.17700 0.17300 0.17100 0.17000 0.16700 0.17500 0.17400 0.17300 0.18600 0.13500 0.17200 0.19400 0.16500 0.17900
  3   | 0.24300 0.24200 0.23800 0.23600 0.23600 0.23300 0.23800 0.23700 0.23600 0.25200 0.22100 0.23500 0.25300 0.29300 0.26700
  4   | 0.41100 0.30100 0.29600 0.29400 0.29300 0.28900 0.30000 0.29900 0.29700 0.31300 0.28000 0.28000 0.29500 0.30600 0.30400
  5   | 0.35500 0.43800 0.32200 0.31800 0.31800 0.31300 0.34600 0.34500 0.34300 0.32300 0.38500 0.33900 0.32400 0.34100 0.35600
  6   | 0.39800 0.39800 0.46900 0.36500 0.36500 0.36100 0.38200 0.38000 0.37900 0.37800 0.35300 0.37700 0.39300 0.38400 0.35100
  7   | 0.43300 0.43300 0.43300 0.49700 0.41900 0.41600 0.41000 0.40800 0.40700 0.41900 0.40800 0.40400 0.43600 0.43000 0.41600
  8   | 0.45900 0.45900 0.45900 0.45900 0.51200 0.44600 0.43200 0.43000 0.42900 0.43400 0.43700 0.43900 0.44100 0.45900 0.47300
  9   | 0.51594 0.51729 0.51771 0.51664 0.52474 0.53943 0.49872 0.49561 0.47992 0.47111 0.46760 0.49927 0.49858 0.53739 0.47315
------+------------------------------------------------------------------------------------------------------------------------
                                               
 
 
        Weights at age in the stock (Kg)
        --------------------------------
------+------------------------------------------------------------------------------------------------------------------------
AGE   |    1987    1988    1989    1990    1991    1992    1993    1994    1995    1996    1997    1998    1999    2000    2001
------+------------------------------------------------------------------------------------------------------------------------
  0   | 0.00000 0.00000 0.00000 0.00000 0.00000 0.00000 0.00000 0.00000 0.00000 0.00000 0.00000 0.00000 0.00000 0.00000 0.00000
  1   | 0.07800 0.07200 0.07600 0.07400 0.07500 0.07800 0.07800 0.07900 0.08100 0.07600 0.07600 0.07700 0.08100 0.07400 0.07800
  2   | 0.14800 0.15600 0.17700 0.13800 0.15500 0.21200 0.19700 0.17800 0.16400 0.13300 0.18600 0.14900 0.19400 0.18500 0.16400
  3   | 0.24000 0.23700 0.24400 0.22200 0.23000 0.25900 0.26800 0.23700 0.26700 0.25100 0.22800 0.22300 0.24200 0.23500 0.24100
  4   | 0.28600 0.30100 0.30600 0.28700 0.30700 0.31000 0.31500 0.30100 0.32600 0.31700 0.29600 0.28500 0.30100 0.28900 0.34200
  5   | 0.37400 0.32900 0.35200 0.33900 0.35700 0.36200 0.36000 0.36100 0.39800 0.36600 0.36100 0.34200 0.35300 0.35000 0.39000
  6   | 0.38600 0.42300 0.38000 0.37300 0.40900 0.40200 0.41600 0.41300 0.44800 0.44400 0.40200 0.40000 0.39600 0.39000 0.44600
  7   | 0.41100 0.44500 0.42900 0.41400 0.43200 0.42400 0.45400 0.46600 0.49100 0.46200 0.44500 0.42600 0.42300 0.42600 0.45900
  8   | 0.42900 0.43200 0.47400 0.40900 0.50200 0.46200 0.46500 0.47000 0.50800 0.50100 0.47800 0.46600 0.44000 0.44700 0.49900
  9   | 0.49536 0.51236 0.48025 0.48124 0.55783 0.51847 0.52500 0.53179 0.55600 0.57906 0.54004 0.52401 0.50823 0.50702 0.55398
------+------------------------------------------------------------------------------------------------------------------------
                                               
 
 
        Weights at age in the stock (Kg)
        --------------------------------
------+--------
AGE   |    2002
------+--------
  0   | 0.00000
  1   | 0.07800
  2   | 0.18100
  3   | 0.23900
  4   | 0.31100
  5   | 0.36400
  6   | 0.41100
  7   | 0.43600
  8   | 0.46200
  9   | 0.51434
------+--------
                                               
 
 
 
        Natural Mortality (per year)
        ----------------------------
------+------------------------------------------------------------------------------------------------------------------------
AGE   |    1972    1973    1974    1975    1976    1977    1978    1979    1980    1981    1982    1983    1984    1985    1986
------+------------------------------------------------------------------------------------------------------------------------
  0   | 0.15000 0.15000 0.15000 0.15000 0.15000 0.15000 0.15000 0.15000 0.15000 0.15000 0.15000 0.15000 0.15000 0.15000 0.15000
  1   | 0.15000 0.15000 0.15000 0.15000 0.15000 0.15000 0.15000 0.15000 0.15000 0.15000 0.15000 0.15000 0.15000 0.15000 0.15000
  2   | 0.15000 0.15000 0.15000 0.15000 0.15000 0.15000 0.15000 0.15000 0.15000 0.15000 0.15000 0.15000 0.15000 0.15000 0.15000
  3   | 0.15000 0.15000 0.15000 0.15000 0.15000 0.15000 0.15000 0.15000 0.15000 0.15000 0.15000 0.15000 0.15000 0.15000 0.15000
  4   | 0.15000 0.15000 0.15000 0.15000 0.15000 0.15000 0.15000 0.15000 0.15000 0.15000 0.15000 0.15000 0.15000 0.15000 0.15000
  5   | 0.15000 0.15000 0.15000 0.15000 0.15000 0.15000 0.15000 0.15000 0.15000 0.15000 0.15000 0.15000 0.15000 0.15000 0.15000
  6   | 0.15000 0.15000 0.15000 0.15000 0.15000 0.15000 0.15000 0.15000 0.15000 0.15000 0.15000 0.15000 0.15000 0.15000 0.15000
  7   | 0.15000 0.15000 0.15000 0.15000 0.15000 0.15000 0.15000 0.15000 0.15000 0.15000 0.15000 0.15000 0.15000 0.15000 0.15000
  8   | 0.15000 0.15000 0.15000 0.15000 0.15000 0.15000 0.15000 0.15000 0.15000 0.15000 0.15000 0.15000 0.15000 0.15000 0.15000
  9   | 0.15000 0.15000 0.15000 0.15000 0.15000 0.15000 0.15000 0.15000 0.15000 0.15000 0.15000 0.15000 0.15000 0.15000 0.15000
------+------------------------------------------------------------------------------------------------------------------------
                                               
 
 
        Natural Mortality (per year)
        ----------------------------
------+------------------------------------------------------------------------------------------------------------------------
AGE   |    1987    1988    1989    1990    1991    1992    1993    1994    1995    1996    1997    1998    1999    2000    2001
------+------------------------------------------------------------------------------------------------------------------------
  0   | 0.15000 0.15000 0.15000 0.15000 0.15000 0.15000 0.15000 0.15000 0.15000 0.15000 0.15000 0.15000 0.15000 0.15000 0.15000
  1   | 0.15000 0.15000 0.15000 0.15000 0.15000 0.15000 0.15000 0.15000 0.15000 0.15000 0.15000 0.15000 0.15000 0.15000 0.15000
  2   | 0.15000 0.15000 0.15000 0.15000 0.15000 0.15000 0.15000 0.15000 0.15000 0.15000 0.15000 0.15000 0.15000 0.15000 0.15000
  3   | 0.15000 0.15000 0.15000 0.15000 0.15000 0.15000 0.15000 0.15000 0.15000 0.15000 0.15000 0.15000 0.15000 0.15000 0.15000
  4   | 0.15000 0.15000 0.15000 0.15000 0.15000 0.15000 0.15000 0.15000 0.15000 0.15000 0.15000 0.15000 0.15000 0.15000 0.15000
  5   | 0.15000 0.15000 0.15000 0.15000 0.15000 0.15000 0.15000 0.15000 0.15000 0.15000 0.15000 0.15000 0.15000 0.15000 0.15000
  6   | 0.15000 0.15000 0.15000 0.15000 0.15000 0.15000 0.15000 0.15000 0.15000 0.15000 0.15000 0.15000 0.15000 0.15000 0.15000
  7   | 0.15000 0.15000 0.15000 0.15000 0.15000 0.15000 0.15000 0.15000 0.15000 0.15000 0.15000 0.15000 0.15000 0.15000 0.15000
  8   | 0.15000 0.15000 0.15000 0.15000 0.15000 0.15000 0.15000 0.15000 0.15000 0.15000 0.15000 0.15000 0.15000 0.15000 0.15000
  9   | 0.15000 0.15000 0.15000 0.15000 0.15000 0.15000 0.15000 0.15000 0.15000 0.15000 0.15000 0.15000 0.15000 0.15000 0.15000
------+------------------------------------------------------------------------------------------------------------------------
                                               
 
 
        Natural Mortality (per year)
        ----------------------------
------+--------
AGE   |    2002
------+--------
  0   | 0.15000
  1   | 0.15000
  2   | 0.15000
  3   | 0.15000
  4   | 0.15000
  5   | 0.15000
  6   | 0.15000
  7   | 0.15000
  8   | 0.15000
  9   | 0.15000
------+--------
                                               
 
 
 
        Proportion of fish spawning
        ---------------------------
------+------------------------------------------------------------------------------------------------------------------------
AGE   |    1972    1973    1974    1975    1976    1977    1978    1979    1980    1981    1982    1983    1984    1985    1986
------+------------------------------------------------------------------------------------------------------------------------
  0   |  0.0000  0.0000  0.0000  0.0000  0.0000  0.0000  0.0000  0.0000  0.0000  0.0000  0.0000  0.0000  0.0000  0.0000  0.0000
  1   |  0.0500  0.0500  0.0500  0.0600  0.0600  0.0600  0.0600  0.0600  0.0600  0.0700  0.0700  0.0700  0.0700  0.0700  0.0700
  2   |  0.5300  0.5400  0.5400  0.5500  0.5500  0.5500  0.5600  0.5600  0.5700  0.5700  0.5700  0.5800  0.5800  0.5800  0.5800
  3   |  0.9000  0.9000  0.9000  0.8900  0.8900  0.8900  0.8900  0.8900  0.8900  0.8800  0.8800  0.8800  0.8800  0.8800  0.8800
  4   |  0.9800  0.9800  0.9800  0.9800  0.9800  0.9800  0.9800  0.9800  0.9800  0.9800  0.9800  0.9800  0.9700  0.9700  0.9700
  5   |  0.9800  0.9800  0.9800  0.9800  0.9800  0.9800  0.9800  0.9800  0.9800  0.9800  0.9800  0.9800  0.9700  0.9700  0.9700
  6   |  0.9900  0.9900  0.9900  0.9900  0.9900  0.9900  0.9900  0.9900  0.9900  0.9900  0.9900  0.9900  0.9900  0.9900  0.9900
  7   |  1.0000  1.0000  1.0000  1.0000  1.0000  1.0000  1.0000  1.0000  1.0000  1.0000  1.0000  1.0000  1.0000  1.0000  1.0000
  8   |  1.0000  1.0000  1.0000  1.0000  1.0000  1.0000  1.0000  1.0000  1.0000  1.0000  1.0000  1.0000  1.0000  1.0000  1.0000
  9   |  1.0000  1.0000  1.0000  1.0000  1.0000  1.0000  1.0000  1.0000  1.0000  1.0000  1.0000  1.0000  1.0000  1.0000  1.0000
------+------------------------------------------------------------------------------------------------------------------------
                                               
 
 
        Proportion of fish spawning
        ---------------------------
------+------------------------------------------------------------------------------------------------------------------------
AGE   |    1987    1988    1989    1990    1991    1992    1993    1994    1995    1996    1997    1998    1999    2000    2001
------+------------------------------------------------------------------------------------------------------------------------
  0   |  0.0000  0.0000  0.0000  0.0000  0.0000  0.0000  0.0000  0.0000  0.0000  0.0000  0.0000  0.0000  0.0000  0.0000  0.0000
  1   |  0.0700  0.0700  0.0700  0.0700  0.0700  0.0700  0.0700  0.0700  0.0700  0.0700  0.0700  0.0700  0.0700  0.0700  0.0700
  2   |  0.5800  0.5800  0.5800  0.5800  0.5800  0.5800  0.5800  0.5800  0.5800  0.5800  0.5800  0.5800  0.5800  0.5800  0.5900
  3   |  0.8800  0.8800  0.8800  0.8800  0.8800  0.8800  0.8800  0.8800  0.8800  0.8800  0.8800  0.8600  0.8600  0.8600  0.8800
  4   |  0.9700  0.9700  0.9700  0.9700  0.9700  0.9700  0.9700  0.9700  0.9700  0.9700  0.9700  0.9800  0.9800  0.9800  0.9700
  5   |  0.9700  0.9700  0.9700  0.9700  0.9700  0.9700  0.9700  0.9700  0.9700  0.9700  0.9700  0.9800  0.9800  0.9800  0.9700
  6   |  0.9900  0.9900  0.9900  0.9900  0.9900  0.9900  0.9900  0.9900  0.9900  0.9900  0.9900  0.9900  0.9900  0.9900  0.9900
  7   |  1.0000  1.0000  1.0000  1.0000  1.0000  1.0000  1.0000  1.0000  1.0000  1.0000  1.0000  1.0000  1.0000  1.0000  1.0000
  8   |  1.0000  1.0000  1.0000  1.0000  1.0000  1.0000  1.0000  1.0000  1.0000  1.0000  1.0000  1.0000  1.0000  1.0000  1.0000
  9   |  1.0000  1.0000  1.0000  1.0000  1.0000  1.0000  1.0000  1.0000  1.0000  1.0000  1.0000  1.0000  1.0000  1.0000  1.0000
------+------------------------------------------------------------------------------------------------------------------------
                                               
 
 
        Proportion of fish spawning
        ---------------------------
------+--------
AGE   |    2002
------+--------
  0   |  0.0000
  1   |  0.0700
  2   |  0.5900
  3   |  0.8800
  4   |  0.9700
  5   |  0.9700
  6   |  0.9900
  7   |  1.0000
  8   |  1.0000
  9   |  1.0000
------+--------
                                               
 
 
 
 INDICES OF SPAWNING BIOMASS                                                    
  
 ----------------------------
 
          INDEX
        -------
------+------------------------------------------------------------------------------------------------------------------------
      |    1972    1973    1974    1975    1976    1977    1978    1979    1980    1981    1982    1983    1984    1985    1986
------+------------------------------------------------------------------------------------------------------------------------
  1   | ******* ******* ******* ******* ******* ******* ******* ******* ******* ******* ******* ******* ******* ******* *******
------+------------------------------------------------------------------------------------------------------------------------
       x 10 ^ 3                                
 
 
          INDEX
        -------
------+------------------------------------------------------------------------------------------------------------------------
      |    1987    1988    1989    1990    1991    1992    1993    1994    1995    1996    1997    1998    1999    2000    2001
------+------------------------------------------------------------------------------------------------------------------------
  1   | *******  277.14  307.63  284.82  287.32  268.83  238.68  229.15  256.83  263.42  280.42  275.99  294.07  267.31  268.79
------+------------------------------------------------------------------------------------------------------------------------
       x 10 ^ 3                                
 
 
          INDEX
        -------
------+--------
      |    2002
------+--------
  1   |  255.38
------+--------
       x 10 ^ 3                                
 
 
 
 AGE-STRUCTURED INDICES                                                         
  
 -----------------------
 
        FLT01: Dummy survey
        -------------------
------+--------------------------------
AGE   |    1981    1982    1983    1984
------+--------------------------------
  1   |  266.10  203.00   43.60   15.24
  2   |  506.40  435.90  712.70   79.51
  3   |  225.10  483.60  444.60  661.83
  4   |   31.70  184.10  391.60  374.60
  5   |  174.80   24.70  130.40  238.20
  6   |  158.50  136.60   20.20   92.00
  7   |   99.50  108.60   91.30   15.54
  8   |  116.60   84.50   70.90   51.47
  9   |   35.30   87.00   47.10   39.27
------+--------------------------------
       x 10 ^ 3                                
 
 
 
        Fishing Mortality (per year)
        ----------------------------
------+------------------------------------------------------------------------------------------------------------------------
AGE   |    1972    1973    1974    1975    1976    1977    1978    1979    1980    1981    1982    1983    1984    1985    1986
------+------------------------------------------------------------------------------------------------------------------------
  0   | 0.00628 0.00793 0.00660 0.00685 0.00789 0.00535 0.00523 0.00721 0.00727 0.01042 0.00795 0.00975 0.00940 0.00924 0.00582
  1   | 0.02376 0.03002 0.02499 0.02591 0.02986 0.02023 0.01979 0.02727 0.02750 0.03945 0.03009 0.03691 0.03558 0.03496 0.02201
  2   | 0.05258 0.06644 0.05531 0.05735 0.06609 0.04478 0.04381 0.06037 0.06087 0.08731 0.06660 0.08170 0.07876 0.07738 0.04872
  3   | 0.10374 0.13108 0.10913 0.11315 0.13039 0.08835 0.08644 0.11910 0.12010 0.17225 0.13140 0.16119 0.15538 0.15266 0.09612
  4   | 0.15860 0.20039 0.16684 0.17298 0.19933 0.13507 0.13214 0.18207 0.18360 0.26334 0.20088 0.24642 0.23754 0.23338 0.14694
  5   | 0.18039 0.22792 0.18976 0.19675 0.22672 0.15363 0.15030 0.20709 0.20883 0.29952 0.22848 0.28028 0.27017 0.26544 0.16713
  6   | 0.20400 0.25775 0.21460 0.22251 0.25640 0.17374 0.16997 0.23420 0.23616 0.33873 0.25839 0.31697 0.30554 0.30019 0.18901
  7   | 0.23372 0.29529 0.24585 0.25491 0.29374 0.19904 0.19472 0.26831 0.27056 0.38806 0.29602 0.36313 0.35003 0.34391 0.21653
  8   | 0.21647 0.27350 0.22771 0.23610 0.27206 0.18436 0.18036 0.24851 0.25059 0.35942 0.27418 0.33634 0.32421 0.31853 0.20055
  9   | 0.21647 0.27350 0.22771 0.23610 0.27206 0.18436 0.18036 0.24851 0.25059 0.35942 0.27418 0.33634 0.32421 0.31853 0.20055
------+------------------------------------------------------------------------------------------------------------------------
                                               
 
 
        Fishing Mortality (per year)
        ----------------------------
------+------------------------------------------------------------------------------------------------------------------------
AGE   |    1987    1988    1989    1990    1991    1992    1993    1994    1995    1996    1997    1998    1999    2000    2001
------+------------------------------------------------------------------------------------------------------------------------
  0   | 0.00889 0.00992 0.00580 0.01005 0.00785 0.00954 0.00849 0.00566 0.00954 0.00617 0.00888 0.00827 0.00618 0.00900 0.00922
  1   | 0.03365 0.03752 0.02196 0.03803 0.02970 0.03610 0.03214 0.02143 0.03609 0.02335 0.03360 0.03131 0.02339 0.03405 0.03490
  2   | 0.07449 0.08305 0.04861 0.08417 0.06574 0.07991 0.07115 0.04744 0.07987 0.05168 0.07437 0.06930 0.05178 0.07537 0.07725
  3   | 0.14696 0.16386 0.09590 0.16606 0.12970 0.15765 0.14036 0.09359 0.15758 0.10197 0.14673 0.13673 0.10215 0.14869 0.15241
  4   | 0.22467 0.25050 0.14661 0.25387 0.19828 0.24101 0.21459 0.14309 0.24090 0.15589 0.22431 0.20903 0.15616 0.22732 0.23300
  5   | 0.25553 0.28492 0.16675 0.28875 0.22552 0.27413 0.24407 0.16274 0.27400 0.17730 0.25513 0.23775 0.17762 0.25855 0.26502
  6   | 0.28898 0.32221 0.18858 0.32655 0.25504 0.31001 0.27602 0.18405 0.30986 0.20051 0.28853 0.26887 0.20087 0.29240 0.29971
  7   | 0.33107 0.36914 0.21604 0.37410 0.29218 0.35516 0.31622 0.21085 0.35499 0.22972 0.33055 0.30803 0.23012 0.33498 0.34336
  8   | 0.30664 0.34190 0.20010 0.34650 0.27062 0.32895 0.29288 0.19529 0.32880 0.21277 0.30616 0.28530 0.21314 0.31026 0.31802
  9   | 0.30664 0.34190 0.20010 0.34650 0.27062 0.32895 0.29288 0.19529 0.32880 0.21277 0.30616 0.28530 0.21314 0.31026 0.31802
------+------------------------------------------------------------------------------------------------------------------------
                                               
 
 
        Fishing Mortality (per year)
        ----------------------------
------+--------
AGE   |    2002
------+--------
  0   | 0.00633
  1   | 0.02396
  2   | 0.05304
  3   | 0.10464
  4   | 0.15997
  5   | 0.18195
  6   | 0.20577
  7   | 0.23574
  8   | 0.21834
  9   | 0.21834
------+--------
                                               
 
 
 
        Population Abundance (1 January)
        --------------------------------
------+------------------------------------------------------------------------------------------------------------------------
AGE   |    1972    1973    1974    1975    1976    1977    1978    1979    1980    1981    1982    1983    1984    1985    1986
------+------------------------------------------------------------------------------------------------------------------------
  0   |  202.57  759.90  217.56  542.45  420.79  374.98  361.17  481.40  481.40  511.73  511.73  518.38  374.98  577.12  577.12
  1   |  319.68  173.26  648.88  186.02  463.70  359.33  321.03  309.24  411.37  411.34  435.89  436.97  441.84  319.73  492.16
  2   |  159.43  268.69  144.72  544.71  156.02  387.37  303.08  270.90  259.00  344.46  340.35  364.05  362.47  367.00  265.74
  3   |  198.27  130.19  216.40  117.86  442.71  125.70  318.81  249.68  219.50  209.76  271.69  274.07  288.76  288.35  292.36
  4   |  157.05  153.84   98.29  167.00   90.59  334.46   99.04  251.68  190.77  167.55  151.97  205.05  200.78  212.77  213.05
  5   |   67.92  115.35  108.37   71.60  120.91   63.88  251.50   74.69  180.57  136.66  110.82  107.00  137.95  136.27  145.02
  6   |   78.21   48.81   79.04   77.15   50.62   82.95   47.15  186.26   52.26  126.12   87.18   75.90   69.59   90.62   89.95
  7   |   85.68   54.90   32.47   54.89   53.16   33.72   60.01   34.24  126.84   35.52   77.37   57.95   47.58   44.12   57.77
  8   |   35.50   58.38   35.17   21.85   36.62   34.11   23.78   42.51   22.54   83.30   20.74   49.53   34.69   28.86   26.93
  9   |   74.99   68.75   81.74   69.15   56.55   56.17   56.26   52.00   60.08   49.79   75.22   59.77   62.58   58.27   46.69
------+------------------------------------------------------------------------------------------------------------------------
       x 10 ^ 6                                
 
 
        Population Abundance (1 January)
        --------------------------------
------+------------------------------------------------------------------------------------------------------------------------
AGE   |    1987    1988    1989    1990    1991    1992    1993    1994    1995    1996    1997    1998    1999    2000    2001
------+------------------------------------------------------------------------------------------------------------------------
  0   |  759.90  169.05  511.73  224.34  224.34  498.74  528.90  591.64  518.38  591.64  350.87  202.57  456.09  511.74  496.90
  1   |  493.85  648.26  144.06  437.91  191.16  191.58  425.19  451.38  506.35  441.94  506.10  299.33  172.91  390.14  436.51
  2   |  414.39  410.99  537.41  121.30  362.84  159.72  159.05  354.39  380.27  420.38  371.60  421.21  249.69  145.39  324.55
  3   |  217.85  331.06  325.55  440.61   95.98  292.43  126.91  127.49  290.89  302.17  343.60  296.91  338.26  204.07  116.05
  4   |  228.58  161.88  241.88  254.58  321.21   72.56  214.99   94.93   99.93  213.87  234.87  255.38  222.90  262.87  151.37
  5   |  158.32  157.15  108.46  179.80  169.99  226.74   49.08  149.31   70.81   67.60  157.51  161.54  178.34  164.11  180.25
  6   |  105.61  105.54  101.73   79.01  115.94  116.77  148.37   33.09  109.21   46.34   48.73  105.04  109.62  128.52  109.07
  7   |   64.08   68.08   65.82   72.51   49.06   77.33   73.72   96.90   23.70   68.95   32.64   31.43   69.10   77.18   82.57
  8   |   40.04   39.61   40.51   45.64   42.93   31.53   46.66   46.25   67.55   14.30   47.17   20.19   19.88   47.25   47.52
  9   |   49.56   51.46   52.00   61.72   62.19   64.66   55.36   60.98   70.78   80.78   62.32   63.59   48.42   39.20   52.77
------+------------------------------------------------------------------------------------------------------------------------
       x 10 ^ 6                                
 
 
        Population Abundance (1 January)
        --------------------------------
------+----------------
AGE   |    2002    2003
------+----------------
  0   |  542.45  381.36
  1   |  423.76  463.94
  2   |  362.82  356.10
  3   |  258.58  296.15
  4   |   85.77  200.45
  5   |  103.21   62.91
  6   |  119.03   74.05
  7   |   69.57   83.39
  8   |   50.42   47.30
  9   |   57.49   74.66
------+----------------
       x 10 ^ 6                                
 
 
 
        Weighting factors for the catches in number
        -------------------------------------------
------+----------------------------------------------------------------------------------------
AGE   |    1992    1993    1994    1995    1996    1997    1998    1999    2000    2001    2002
------+----------------------------------------------------------------------------------------
  0   |  0.0200  0.0200  0.0200  0.0200  0.0200  0.0200  0.0200  0.0200  0.0200  0.0200  0.0200
  1   |  1.0000  1.0000  1.0000  1.0000  1.0000  1.0000  1.0000  1.0000  1.0000  1.0000  1.0000
  2   |  1.0000  1.0000  1.0000  1.0000  1.0000  1.0000  1.0000  1.0000  1.0000  1.0000  1.0000
  3   |  1.0000  1.0000  1.0000  1.0000  1.0000  1.0000  1.0000  1.0000  1.0000  1.0000  1.0000
  4   |  1.0000  1.0000  1.0000  1.0000  1.0000  1.0000  1.0000  1.0000  1.0000  1.0000  1.0000
  5   |  1.0000  1.0000  1.0000  1.0000  1.0000  1.0000  1.0000  1.0000  1.0000  1.0000  1.0000
  6   |  1.0000  1.0000  1.0000  1.0000  1.0000  1.0000  1.0000  1.0000  1.0000  1.0000  1.0000
  7   |  1.0000  1.0000  1.0000  1.0000  1.0000  1.0000  1.0000  1.0000  1.0000  1.0000  1.0000
  8   |  1.0000  1.0000  1.0000  1.0000  1.0000  1.0000  1.0000  1.0000  1.0000  1.0000  1.0000
------+----------------------------------------------------------------------------------------
                                               
 
 
 
 Predicted SSB Index Values                                                     
  
 ---------------------------
 
          INDEX
        -------
------+------------------------------------------------------------------------------------------------------------------------
      |    1972    1973    1974    1975    1976    1977    1978    1979    1980    1981    1982    1983    1984    1985    1986
------+------------------------------------------------------------------------------------------------------------------------
  1   | ******* ******* ******* ******* ******* ******* ******* ******* ******* ******* ******* ******* ******* ******* *******
------+------------------------------------------------------------------------------------------------------------------------
       x 10 ^ 3                                
 
 
          INDEX
        -------
------+------------------------------------------------------------------------------------------------------------------------
      |    1987    1988    1989    1990    1991    1992    1993    1994    1995    1996    1997    1998    1999    2000    2001
------+------------------------------------------------------------------------------------------------------------------------
  1   | *******  277.14  307.63  284.82  287.32  268.83  238.68  229.15  256.83  263.42  280.42  275.99  294.07  267.31  268.79
------+------------------------------------------------------------------------------------------------------------------------
       x 10 ^ 3                                
 
 
          INDEX
        -------
------+--------
      |    2002
------+--------
  1   |  255.38
------+--------
       x 10 ^ 3                                
 
 
 
 Predicted Age-Structured Index Values                                          
  
 --------------------------------------
 
        FLT01: Dummy survey Predicted
        -----------------------------
------+--------------------------------
AGE   |    1981    1982    1983    1984
------+--------------------------------
  1   |   73.65   78.45   78.35   79.28
  2   |  325.08  324.88  344.62  343.68
  3   |  339.20  449.34  445.90  471.31
  4   |  156.99  147.37  193.93  190.81
  5   |  118.31   99.77   93.62  121.37
  6   |  112.95   81.60   68.79   63.46
  7   |   41.47   95.01   68.59   56.73
  8   |  152.36   39.76   91.75   64.69
  9   |   38.96   61.68   47.36   49.92
------+--------------------------------
       x 10 ^ 3                                
 
 
 
        Fitted Selection Pattern
        ------------------------
------+------------------------------------------------------------------------------------------------------------------------
AGE   |    1972    1973    1974    1975    1976    1977    1978    1979    1980    1981    1982    1983    1984    1985    1986
------+------------------------------------------------------------------------------------------------------------------------
  0   |  0.0348  0.0348  0.0348  0.0348  0.0348  0.0348  0.0348  0.0348  0.0348  0.0348  0.0348  0.0348  0.0348  0.0348  0.0348
  1   |  0.1317  0.1317  0.1317  0.1317  0.1317  0.1317  0.1317  0.1317  0.1317  0.1317  0.1317  0.1317  0.1317  0.1317  0.1317
  2   |  0.2915  0.2915  0.2915  0.2915  0.2915  0.2915  0.2915  0.2915  0.2915  0.2915  0.2915  0.2915  0.2915  0.2915  0.2915
  3   |  0.5751  0.5751  0.5751  0.5751  0.5751  0.5751  0.5751  0.5751  0.5751  0.5751  0.5751  0.5751  0.5751  0.5751  0.5751
  4   |  0.8792  0.8792  0.8792  0.8792  0.8792  0.8792  0.8792  0.8792  0.8792  0.8792  0.8792  0.8792  0.8792  0.8792  0.8792
  5   |  1.0000  1.0000  1.0000  1.0000  1.0000  1.0000  1.0000  1.0000  1.0000  1.0000  1.0000  1.0000  1.0000  1.0000  1.0000
  6   |  1.1309  1.1309  1.1309  1.1309  1.1309  1.1309  1.1309  1.1309  1.1309  1.1309  1.1309  1.1309  1.1309  1.1309  1.1309
  7   |  1.2956  1.2956  1.2956  1.2956  1.2956  1.2956  1.2956  1.2956  1.2956  1.2956  1.2956  1.2956  1.2956  1.2956  1.2956
  8   |  1.2000  1.2000  1.2000  1.2000  1.2000  1.2000  1.2000  1.2000  1.2000  1.2000  1.2000  1.2000  1.2000  1.2000  1.2000
  9   |  1.2000  1.2000  1.2000  1.2000  1.2000  1.2000  1.2000  1.2000  1.2000  1.2000  1.2000  1.2000  1.2000  1.2000  1.2000
------+------------------------------------------------------------------------------------------------------------------------
                                               
 
 
        Fitted Selection Pattern
        ------------------------
------+------------------------------------------------------------------------------------------------------------------------
AGE   |    1987    1988    1989    1990    1991    1992    1993    1994    1995    1996    1997    1998    1999    2000    2001
------+------------------------------------------------------------------------------------------------------------------------
  0   |  0.0348  0.0348  0.0348  0.0348  0.0348  0.0348  0.0348  0.0348  0.0348  0.0348  0.0348  0.0348  0.0348  0.0348  0.0348
  1   |  0.1317  0.1317  0.1317  0.1317  0.1317  0.1317  0.1317  0.1317  0.1317  0.1317  0.1317  0.1317  0.1317  0.1317  0.1317
  2   |  0.2915  0.2915  0.2915  0.2915  0.2915  0.2915  0.2915  0.2915  0.2915  0.2915  0.2915  0.2915  0.2915  0.2915  0.2915
  3   |  0.5751  0.5751  0.5751  0.5751  0.5751  0.5751  0.5751  0.5751  0.5751  0.5751  0.5751  0.5751  0.5751  0.5751  0.5751
  4   |  0.8792  0.8792  0.8792  0.8792  0.8792  0.8792  0.8792  0.8792  0.8792  0.8792  0.8792  0.8792  0.8792  0.8792  0.8792
  5   |  1.0000  1.0000  1.0000  1.0000  1.0000  1.0000  1.0000  1.0000  1.0000  1.0000  1.0000  1.0000  1.0000  1.0000  1.0000
  6   |  1.1309  1.1309  1.1309  1.1309  1.1309  1.1309  1.1309  1.1309  1.1309  1.1309  1.1309  1.1309  1.1309  1.1309  1.1309
  7   |  1.2956  1.2956  1.2956  1.2956  1.2956  1.2956  1.2956  1.2956  1.2956  1.2956  1.2956  1.2956  1.2956  1.2956  1.2956
  8   |  1.2000  1.2000  1.2000  1.2000  1.2000  1.2000  1.2000  1.2000  1.2000  1.2000  1.2000  1.2000  1.2000  1.2000  1.2000
  9   |  1.2000  1.2000  1.2000  1.2000  1.2000  1.2000  1.2000  1.2000  1.2000  1.2000  1.2000  1.2000  1.2000  1.2000  1.2000
------+------------------------------------------------------------------------------------------------------------------------
                                               
 
 
        Fitted Selection Pattern
        ------------------------
------+--------
AGE   |    2002
------+--------
  0   |  0.0348
  1   |  0.1317
  2   |  0.2915
  3   |  0.5751
  4   |  0.8792
  5   |  1.0000
  6   |  1.1309
  7   |  1.2956
  8   |  1.2000
  9   |  1.2000
------+--------
                                               
 
 
 
 
 
                    STOCK SUMMARY                                             
 
 
 ³ Year ³  Recruits  ³  Total  ³ Spawning³ Landings ³ Yield ³ Mean F ³ SoP ³    
 ³      ³   Age   0  ³ Biomass ³ Biomass ³          ³ /SSB  ³  Ages  ³     ³ 
 ³      ³  thousands ³  tonnes ³ tonnes  ³ tonnes   ³ ratio ³  4- 7  ³ (%) ³ 
 
   1972       202560    332242    237681     49641   0.2089   0.1942    99
   1973       759890    310397    220837     55415   0.2509   0.2453    99
   1974       217550    336213    207127     43851   0.2117   0.2043    99
   1975       542440    322363    218915     43217   0.1974   0.2118    99
   1976       420780    347883    229939     51632   0.2245   0.2440    99
   1977       374980    348749    239094     38127   0.1595   0.1654    99
   1978       361160    365120    263270     37581   0.1427   0.1618    99
   1979       481390    374001    269393     54538   0.2024   0.2229   100
   1980       481390    373831    261771     61919   0.2365   0.2248    99
   1981       511730    375561    255565     83248   0.3257   0.3224   100
   1982       511730    339369    235469     61791   0.2624   0.2459    99
   1983       518370    366048    248565     72682   0.2924   0.3017   100
   1984       374980    377681    260305     69542   0.2672   0.2908    99
   1985       577110    382128    273346     80689   0.2952   0.2857    99
   1986       577110    370349    268428     52536   0.1957   0.1799   100
   1987       759890    385547    269645     84536   0.3135   0.2751    99
   1988       169040    408099    277138     94832   0.3422   0.3067    99
   1989       511730    408766    307631     56521   0.1837   0.1795   100
   1990       224340    388835    284817    101607   0.3567   0.3108    99
   1991       224340    376812    287316     75815   0.2639   0.2428   100
   1992       498730    356941    268831     87347   0.3249   0.2951    99
   1993       528900    329849    238680     68111   0.2854   0.2627   100
   1994       591640    324416    229147     45536   0.1987   0.1752    99
   1995       518370    376035    256826     75753   0.2950   0.2949    99
   1996       591640    364252    263422     50253   0.1908   0.1909   100
   1997       350870    402620    280422     74808   0.2668   0.2746   100
   1998       202560    378183    275991     72106   0.2613   0.2559    99
   1999       456080    380346    294065     56981   0.1938   0.1912   100
   2000       511730    361128    267311     82002   0.3068   0.2783   100
   2001       496900    376803    268789     78438   0.2918   0.2853   100
   2002       542450    356877    255384     52401   0.2052   0.1959   100
 
 -----------------------------------------------------------------            
 No of years for separable analysis : 11                                      
 Age range in the analysis : 0  . . . 9                                       
 Year range in the analysis : 1972  . . . 2002                                
 Number of indices of SSB : 1                                                 
 Number of age-structured indices : 1                                         
                                                                              
 Parameters to estimate : 46                                                  
 Number of observations : 150                                                 
                                                                              
 Conventional single selection vector model to be fitted.                     
                                                                              
                                                                              
                                                                              
 -----------------------------------------------------------------            
 
 
 PARAMETER ESTIMATES                                                            
  
 
 ³Parm.³      ³ Maximum ³    ³        ³         ³         ³         ³ Mean of ³ 
  
 ³ No. ³      ³ Likelh. ³ CV ³  Lower ³ Upper   ³  -s.e.  ³   +s.e. ³ Param.  ³ 
  
 ³     ³      ³ Estimate³ (%)³ 95% CL ³ 95% CL  ³         ³         ³ Distrib.³ 
  
 Separable model : F by year                                                    
  
    1   1992     0.2741   0    0.2703    0.2780    0.2722    0.2761    0.2741
    2   1993     0.2441   0    0.2408    0.2474    0.2424    0.2458    0.2441
    3   1994     0.1627   0    0.1606    0.1650    0.1616    0.1639    0.1627
    4   1995     0.2740   0    0.2703    0.2777    0.2721    0.2759    0.2740
    5   1996     0.1773   0    0.1749    0.1797    0.1761    0.1785    0.1773
    6   1997     0.2551   0    0.2518    0.2585    0.2534    0.2569    0.2551
    7   1998     0.2377   0    0.2346    0.2409    0.2361    0.2394    0.2378
    8   1999     0.1776   0    0.1753    0.1799    0.1764    0.1788    0.1776
    9   2000     0.2586   0    0.2552    0.2619    0.2569    0.2603    0.2586
   10   2001     0.2650   0    0.2615    0.2686    0.2632    0.2668    0.2650
   11   2002     0.1820   0    0.1793    0.1847    0.1806    0.1833    0.1820
 
 Separable Model: Selection (S) by age                                          
  
   12      0     0.0348   3    0.0326    0.0372    0.0337    0.0360    0.0348
   13      1     0.1317   0    0.1299    0.1335    0.1308    0.1326    0.1317
   14      2     0.2915   0    0.2878    0.2953    0.2896    0.2934    0.2915
   15      3     0.5751   0    0.5681    0.5822    0.5715    0.5787    0.5751
   16      4     0.8792   0    0.8691    0.8894    0.8740    0.8844    0.8792
           5     1.0000     Fixed : Reference Age             
   17      6     1.1309   0    1.1187    1.1432    1.1247    1.1371    1.1309
   18      7     1.2956   0    1.2818    1.3096    1.2885    1.3027    1.2956
           8     1.2000     Fixed : Last true age             
 
 Separable model: Populations in year 2002                                    
   19      0     542449  11     436942    673431    485772    605737    545762
   20      1     423759   1     409422    438598    416382    431266    423824
   21      2     362819   1     354474    371360    358537    367152    362845
   22      3     258578   0     253870    263372    256165    261013    258589
   23      4      85765   0      84321     87234     85025     86511     85768
   24      5     103208   0     101705    104732    102438    103982    103210
   25      6     119024   0     117524    120544    118256    119797    119027
   26      7      69566   0      68673     70470     69109     70026     69567
   27      8      50416   0      49754     51087     50077     50757     50417
 
Separable model: Populations at age
   28   1992      31526   1      30564     32518     31032     32029     31530
   29   1993      46659   1      45607     47735     46120     47205     46662
   30   1994      46246   0      45370     47139     45797     46700     46249
   31   1995      67546   0      66487     68622     67003     68093     67548
   32   1996      14299   0      14058     14545     14176     14424     14300
   33   1997      47165   0      46516     47823     46832     47499     47166
   34   1998      20185   0      19895     20479     20036     20335     20185
   35   1999      19879   0      19606     20155     19739     20019     19879
   36   2000      47245   0      46657     47840     46944     47547     47246
   37   2001      47517   0      46910     48133     47206     47830     47518
 
 SSB Index catchabilities                                                       
  
   INDEX                                 
 Absolute estimator. No fitted catchability.                                    
  
 
 
 
 Age-structured index catchabilities                                            
  
                                        FLT01: Dummy survey                     
 
 Linear model fitted. Slopes at age :                                           
  
   38   1  Q  .1987      22 .1605     .3839     .1987     .3101     .2545    
   39   2  Q  1.075      22 .8685     2.077     1.075     1.678     1.377    
   40   3  Q  1.931      22 1.559     3.730     1.931     3.013     2.472    
   41   4  Q  1.176      22 .9500     2.272     1.176     1.835     1.506    
   42   5  Q  1.109      22 .8954     2.142     1.109     1.730     1.419    
   43   6  Q  1.172      22 .9464     2.264     1.172     1.828     1.500    
   44   7  Q  1.570      22 1.268     3.032     1.570     2.449     2.010    
   45   8  Q  2.421      22 1.955     4.676     2.421     3.777     3.100    
   46   9  Q  1.035      22 .8362     2.000     1.035     1.616     1.326    
 
 
 
 RESIDUALS ABOUT THE MODEL FIT                                                  
  
 ------------------------------
 
        Separable Model Residuals
        -------------------------
------+----------------------------------------------------------------------------------------
Age   |    1992    1993    1994    1995    1996    1997    1998    1999    2000    2001    2002
------+----------------------------------------------------------------------------------------
  0   | ******* ******* ******* ******* ******* ******* ******* ******* ******* ******* *******
  1   | ******* ******* ******* ******* ******* ******* ******* ******* ******* ******* *******
  2   | ******* ******* ******* ******* ******* ******* ******* ******* ******* ******* *******
  3   | ******* ******* ******* ******* ******* ******* ******* ******* ******* ******* *******
  4   | ******* ******* ******* ******* ******* ******* ******* ******* ******* ******* *******
  5   | ******* ******* ******* ******* ******* ******* ******* ******* ******* ******* *******
  6   | ******* ******* ******* ******* ******* ******* ******* ******* ******* ******* *******
  7   | ******* ******* ******* ******* ******* ******* ******* ******* ******* ******* *******
  8   | ******* ******* ******* ******* ******* ******* ******* ******* ******* ******* *******
------+----------------------------------------------------------------------------------------
                                               
 
 
 
 SPAWNING BIOMASS INDEX RESIDUALS                                               
  
 ---------------------------------
 
          INDEX
        -------
------+------------------------------------------------------------------------------------------------------------------------
      |    1972    1973    1974    1975    1976    1977    1978    1979    1980    1981    1982    1983    1984    1985    1986
------+------------------------------------------------------------------------------------------------------------------------
  1   | ******* ******* ******* ******* ******* ******* ******* ******* ******* ******* ******* ******* ******* ******* *******
------+------------------------------------------------------------------------------------------------------------------------
                                               
 
 
          INDEX
        -------
------+------------------------------------------------------------------------------------------------------------------------
      |    1987    1988    1989    1990    1991    1992    1993    1994    1995    1996    1997    1998    1999    2000    2001
------+------------------------------------------------------------------------------------------------------------------------
  1   | ******* ******* ******* ******* ******* ******* ******* ******* ******* ******* ******* ******* ******* ******* *******
------+------------------------------------------------------------------------------------------------------------------------
                                               
 
 
          INDEX
        -------
------+--------
      |    2002
------+--------
  1   | *******
------+--------
                                               
 
 
 
 AGE-STRUCTURED INDEX RESIDUALS                                                 
  
 -------------------------------
 
        FLT01: Dummy survey
        -------------------
------+--------------------------------
Age   |    1981    1982    1983    1984
------+--------------------------------
  1   |   1.284   0.951  -0.586  -1.649
  2   |   0.443   0.294   0.727  -1.464
  3   |  -0.410   0.073  -0.003   0.340
  4   |  -1.600   0.223   0.703   0.675
  5   |   0.390  -1.396   0.331   0.674
  6   |   0.339   0.515  -1.225   0.371
  7   |   0.875   0.134   0.286  -1.295
  8   |  -0.267   0.754  -0.258  -0.229
  9   |  -0.099   0.344  -0.005  -0.240
------+--------------------------------
                                               
 
 
 
 
 
 
 PARAMETERS OF THE DISTRIBUTION OF ln(CATCHES AT AGE)                           
  
 -----------------------------------------------------
 
 Separable model fitted from 1992  to 2002                                    
 Variance                             0.0000
Skewness test stat.                   2.6926
Kurtosis test statistic               2.8648
Partial chi-square                    0.0000
Significance in fit                   0.0000
Degrees of freedom                        62
 
 
 PARAMETERS OF DISTRIBUTIONS OF THE SSB INDICES                                 
  
 -----------------------------------------------
 
 
   DISTRIBUTION STATISTICS FOR   INDEX                                          
 
 
 Index used as absolute measure of abundance                                    
  
 Last age is a plus-group                                                       
  
 
 Variance                             0.0000
Skewness test stat.                  -0.1598
Kurtosis test statistic              -0.7314
Partial chi-square                    0.0000
Significance in fit                   0.0000
Number of observations                    15
Degrees of freedom                        15
Weight in the analysis                5.0000
 
 PARAMETERS OF THE DISTRIBUTION OF THE AGE-STRUCTURED INDICES                   
  
 ------------------------------------------------------------ 
 
 
   DISTRIBUTION STATISTICS FOR FLT01: Dummy survey                              
 
 
 Linear catchability relationship assumed                                       
  
 
 Age                          1         2         3         4         5         6         7         8         9
 Variance                0.0021    0.0011    0.0001    0.0013    0.0010    0.0007    0.0009    0.0003    0.0001
Skewness test stat.     -0.2094   -0.8495   -0.3095   -0.8345   -0.8698   -0.9177   -0.5942    0.9398    0.5294
Kurtosis test statisti  -0.6526   -0.3045   -0.4106   -0.3212   -0.2963   -0.2811   -0.3645   -0.2734   -0.3998
Partial chi-square       0.0006    0.0003    0.0000    0.0003    0.0003    0.0002    0.0003    0.0001    0.0000
Significance in fit      0.0000    0.0000    0.0000    0.0000    0.0000    0.0000    0.0000    0.0000    0.0000
Number of observations        4         4         4         4         4         4         4         4         4
Degrees of freedom            3         3         3         3         3         3         3         3         3
Weight in the analysis   0.0011    0.0011    0.0011    0.0011    0.0011    0.0011    0.0011    0.0011    0.0011
 
 ANALYSIS OF VARIANCE                   
--------------------------
 
 Unweighted Statistics                                                          
  
 
                                                                                
  
Variance                              
                                       SSQ     Data    Parameters d.f. Variance
Total for model                        20.5895     150         46  104   0.1980
Catches at age                          0.0000      99         37   62   0.0000
  
SSB Indices                           
  INDEX                                 0.0000      15          0   15   0.0000
  
 Aged Indices                                                                   
  
FLT01: Dummy survey                    20.5895      36          9   27   0.7626
 
 
 Weighted Statistics                                                            
  
 
                                                                                
  
Variance                              
                                       SSQ     Data    Parameters d.f. Variance
Total for model                         0.0000     150         46  104   0.0000
Catches at age                          0.0000      99         37   62   0.0000
  
SSB Indices                           
  INDEX                                 0.0000      15          0   15   0.0000
  
 Aged Indices                                                                   
  
FLT01: Dummy survey                     0.0000      36          9   27   0.0000
 
