 Output Generated by ICA Version 1.4                                            
  
 ------------------------------------
 
        Mackerel NE Atlantic  WG2003
        ----------------------------
 
        Catch in Number
        ---------------
------+------------------------------------------------------------------------------------------------------------------------
AGE   |    1972    1973    1974    1975    1976    1977    1978    1979    1980    1981    1982    1983    1984    1985    1986
------+------------------------------------------------------------------------------------------------------------------------
  0   |   2103.   2802.   3176.   1749.   1856.   3474.   2302.    950.   1981.   3538.   3960.   1460.   4626.    949.   5952.
  1   |   3774.   5818.   9883.   9722.   8832.   5908.   8827.   6324.   2978.   7106.  14354.  11729.   6186.   8666.   4238.
  2   |  17872.   5979.  11755.  17324.  27916.  15917.   8532.  13851.  11345.   6105.  16392.  24150.  28097.   6587.  22024.
  3   |  26476.  24340.  10386.  17712.  42252.  42401.  19511.  11459.  21332.  19919.  11958.  23375.  48622.  25410.  14232.
  4   |  27883.  26599.  31238.  11550.  31499.  46142.  37650.  19213.  13003.  27535.  28394.  12345.  33813.  31786.  40038.
  5   |  22649.  20070.  24537.  24919.  14677.  24204.  28915.  26436.  15624.  12023.  27946.  20715.  12606.  15519.  35748.
  6   |  18023.  15871.  18037.  19059.  30678.  10859.  14649.  19713.  20918.  14044.  11811.  19688.  20364.   5582.  16909.
  7   |  13209.  12483.  14107.  13850.  23049.  22146.   6438.   9842.  15408.  18550.  13541.   8147.  18875.   8825.   5976.
  8   |   9934.   7332.   8918.   8691.  13503.  13299.  10471.   3462.   6172.  10977.  14374.   7466.   6272.   6490.   7604.
  9   |  13034.  12807.  14831.  14804.  22960.  20918.  16373.  14530.  11083.  12017.  17617.  17624.  20310.   9250.  13110.
------+------------------------------------------------------------------------------------------------------------------------
       x 10 ^ 3                                
 
 
        Catch in Number
        ---------------
------+------------------------------------------------------------------------------------------------------------------------
AGE   |    1987    1988    1989    1990    1991    1992    1993    1994    1995    1996    1997    1998    1999    2000    2001
------+------------------------------------------------------------------------------------------------------------------------
  0   |   3045.   5009.   3213.   1941.   3217.   6911.   4157.   4632.   2598.   2758.    967.    762.   1909.   1890.   1527.
  1   |  16872.  12148.  15068.  10825.   6881.   9654.  20837.  12359.   9979.  12287.  10080.   2431.   2960.   6461.   4869.
  2   |   6827.  38143.  20679.  28715.  21635.  11642.  16440.  35072.  15183.  26853.  25383.  14368.   5349.   5650.   9423.
  3   |  30094.  13029.  54675.  33165.  48043.  30631.  16649.  23323.  36771.  34731.  46615.  30553.  26656.   8557.   6947.
  4   |  14091.  41477.  13406.  62964.  39587.  48416.  31326.  16972.  17823.  61368.  43242.  40360.  40868.  30442.   7550.
  5   |  28019.  13749.  29970.  10860.  52655.  27833.  34671.  22439.   9183.  21250.  53763.  26271.  38161.  32696.  18820.
  6   |  24167.  26375.   9558.  23364.   8716.  35489.  19145.  23905.  11757.  10609.  17907.  31452.  23947.  29307.  19444.
  7   |  11198.  22242.  17877.   7266.  18224.   5703.  23755.  12876.  12308.  13347.   8711.  10225.  28008.  17881.  16992.
  8   |   3162.   8273.  12034.  10869.   4532.   9503.   3045.  12753.   5282.  11255.   8777.   3960.   7304.  16713.   8253.
  9   |  10490.   9974.  10195.  13664.  15800.  11234.  11386.   7407.   8390.  13216.  16548.  12328.  11115.  11076.  13018.
------+------------------------------------------------------------------------------------------------------------------------
       x 10 ^ 3                                
 
 
        Catch in Number
        ---------------
------+--------
AGE   |    2002
------+--------
  0   |   2290.
  1   |   3533.
  2   |   6429.
  3   |  10629.
  4   |   5724.
  5   |   4415.
  6   |  10667.
  7   |  10840.
  8   |   7559.
  9   |   9792.
------+--------
       x 10 ^ 3                                
 
 
 
        Predicted Catch in Number
        -------------------------
------+----------------------------------------------------------------------------------------
AGE   |    1992    1993    1994    1995    1996    1997    1998    1999    2000    2001    2002
------+----------------------------------------------------------------------------------------
  0   |   6911.   4157.   4632.   2598.   2758.    967.    762.   1909.   1890.   1527.   2290.
  1   |   9654.  20837.  12359.   9979.  12287.  10080.   2431.   2960.   6461.   4869.   3533.
  2   |  11642.  16440.  35071.  15183.  26853.  25383.  14368.   5349.   5650.   9423.   6429.
  3   |  30631.  16649.  23323.  36771.  34731.  46615.  30553.  26656.   8557.   6947.  10629.
  4   |  48416.  31326.  16972.  17823.  61368.  43242.  40360.  40868.  30442.   7550.   5724.
  5   |  27833.  34671.  22439.   9183.  21250.  53763.  26271.  38161.  32696.  18820.   4415.
  6   |  35489.  19145.  23905.  11757.  10609.  17907.  31452.  23947.  29307.  19444.  10667.
  7   |   5703.  23755.  12876.  12308.  13347.   8711.  10225.  28007.  17881.  16992.  10840.
  8   |   9503.   3045.  12753.   5282.  11255.   8777.   3960.   7304.  16713.   8253.   7559.
------+----------------------------------------------------------------------------------------
       x 10 ^ 3                                
 
 
 
        Weights at age in the catches (Kg)
        ----------------------------------
------+------------------------------------------------------------------------------------------------------------------------
AGE   |    1972    1973    1974    1975    1976    1977    1978    1979    1980    1981    1982    1983    1984    1985    1986
------+------------------------------------------------------------------------------------------------------------------------
  0   | 0.05200 0.05000 0.05100 0.05000 0.05900 0.05600 0.03600 0.01600 0.05700 0.06000 0.05300 0.05000 0.03100 0.05500 0.03900
  1   | 0.13500 0.14500 0.13600 0.14800 0.13700 0.13600 0.13500 0.13700 0.13100 0.13200 0.13100 0.16800 0.10200 0.14400 0.14600
  2   | 0.27700 0.19400 0.22900 0.17700 0.20700 0.16900 0.16100 0.16100 0.24900 0.24800 0.24900 0.21900 0.18400 0.26200 0.24500
  3   | 0.34100 0.28500 0.26100 0.25900 0.26300 0.27500 0.25000 0.24300 0.28500 0.28700 0.28500 0.27600 0.29500 0.35700 0.33500
  4   | 0.42300 0.36800 0.33400 0.32300 0.32000 0.33300 0.32500 0.31800 0.34500 0.34400 0.34500 0.31000 0.32600 0.41800 0.42300
  5   | 0.46800 0.44800 0.39200 0.34800 0.34600 0.35200 0.34500 0.34800 0.37800 0.37700 0.37800 0.38600 0.34400 0.41700 0.47100
  6   | 0.46800 0.46800 0.48100 0.43000 0.40600 0.40700 0.40300 0.40100 0.45400 0.45400 0.45400 0.42500 0.43100 0.43600 0.44400
  7   | 0.50800 0.50800 0.50800 0.48800 0.44300 0.44600 0.42100 0.41600 0.49800 0.49900 0.49600 0.43500 0.54200 0.52100 0.45700
  8   | 0.53900 0.53900 0.53900 0.53900 0.51800 0.54600 0.51800 0.50600 0.52000 0.51300 0.51300 0.49800 0.48000 0.55500 0.54300
  9   | 0.60049 0.59723 0.60204 0.60285 0.60338 0.58741 0.56689 0.53999 0.57211 0.56382 0.55788 0.57672 0.61515 0.64274 0.62092
------+------------------------------------------------------------------------------------------------------------------------
                                               
 
 
        Weights at age in the catches (Kg)
        ----------------------------------
------+------------------------------------------------------------------------------------------------------------------------
AGE   |    1987    1988    1989    1990    1991    1992    1993    1994    1995    1996    1997    1998    1999    2000    2001
------+------------------------------------------------------------------------------------------------------------------------
  0   | 0.07600 0.05500 0.04900 0.08500 0.06800 0.05100 0.06100 0.04600 0.07200 0.05800 0.07600 0.06500 0.06200 0.06300 0.06900
  1   | 0.17900 0.13300 0.13600 0.15600 0.15600 0.16700 0.13400 0.13600 0.14300 0.14300 0.14300 0.15700 0.17600 0.13500 0.17100
  2   | 0.22300 0.25900 0.23700 0.23300 0.25300 0.23900 0.24000 0.25500 0.23400 0.22600 0.23000 0.22700 0.23600 0.22900 0.22300
  3   | 0.31800 0.32300 0.32000 0.33600 0.32700 0.33300 0.31700 0.33900 0.33300 0.31300 0.29500 0.31000 0.30700 0.30800 0.30700
  4   | 0.39900 0.38800 0.37700 0.37900 0.39400 0.39700 0.37600 0.39000 0.39000 0.37700 0.35900 0.35400 0.36100 0.36700 0.37800
  5   | 0.47400 0.45600 0.43300 0.42300 0.42300 0.46000 0.43600 0.44800 0.45200 0.42500 0.41500 0.40800 0.40600 0.42900 0.42600
  6   | 0.51200 0.52400 0.45600 0.46700 0.46900 0.49500 0.48300 0.51200 0.50100 0.48400 0.45300 0.45200 0.45400 0.46700 0.47700
  7   | 0.49300 0.55500 0.54300 0.52800 0.50600 0.53200 0.52700 0.54300 0.53900 0.51800 0.48100 0.46200 0.50100 0.50400 0.49900
  8   | 0.49800 0.55500 0.59200 0.55200 0.55400 0.55500 0.54800 0.59000 0.57700 0.55100 0.52400 0.51800 0.53700 0.53700 0.54300
  9   | 0.62177 0.61182 0.61945 0.61584 0.62620 0.64392 0.61397 0.63945 0.60533 0.59664 0.57078 0.57720 0.60158 0.59337 0.59524
------+------------------------------------------------------------------------------------------------------------------------
                                               
 
 
        Weights at age in the catches (Kg)
        ----------------------------------
------+--------
AGE   |    2002
------+--------
  0   | 0.05200
  1   | 0.15900
  2   | 0.25500
  3   | 0.30700
  4   | 0.36900
  5   | 0.42600
  6   | 0.46400
  7   | 0.51400
  8   | 0.53900
  9   | 0.60205
------+--------
                                               
 
 
 
        Weights at age in the stock (Kg)
        --------------------------------
------+------------------------------------------------------------------------------------------------------------------------
AGE   |    1972    1973    1974    1975    1976    1977    1978    1979    1980    1981    1982    1983    1984    1985    1986
------+------------------------------------------------------------------------------------------------------------------------
  0   | 0.00800 0.00800 0.00800 0.00800 0.00800 0.00800 0.00800 0.00800 0.00800 0.00800 0.00800 0.00800 0.00000 0.00000 0.00000
  1   | 0.13200 0.13200 0.13000 0.12900 0.12800 0.12700 0.11100 0.11000 0.10900 0.08700 0.08600 0.08600 0.08100 0.08500 0.07700
  2   | 0.17800 0.17700 0.17300 0.17100 0.17000 0.16700 0.17500 0.17400 0.17300 0.18600 0.13500 0.17200 0.19400 0.16500 0.17900
  3   | 0.24300 0.24200 0.23800 0.23600 0.23600 0.23300 0.23800 0.23700 0.23600 0.25200 0.22100 0.23500 0.25300 0.29300 0.26700
  4   | 0.41100 0.30100 0.29600 0.29400 0.29300 0.28900 0.30000 0.29900 0.29700 0.31300 0.28000 0.28000 0.29500 0.30600 0.30400
  5   | 0.35500 0.43800 0.32200 0.31800 0.31800 0.31300 0.34600 0.34500 0.34300 0.32300 0.38500 0.33900 0.32400 0.34100 0.35600
  6   | 0.39800 0.39800 0.46900 0.36500 0.36500 0.36100 0.38200 0.38000 0.37900 0.37800 0.35300 0.37700 0.39300 0.38400 0.35100
  7   | 0.43300 0.43300 0.43300 0.49700 0.41900 0.41600 0.41000 0.40800 0.40700 0.41900 0.40800 0.40400 0.43600 0.43000 0.41600
  8   | 0.45900 0.45900 0.45900 0.45900 0.51200 0.44600 0.43200 0.43000 0.42900 0.43400 0.43700 0.43900 0.44100 0.45900 0.47300
  9   | 0.51447 0.51174 0.51648 0.51737 0.51757 0.53402 0.50078 0.49152 0.49490 0.48272 0.47435 0.50386 0.50804 0.55087 0.48234
------+------------------------------------------------------------------------------------------------------------------------
                                               
 
 
        Weights at age in the stock (Kg)
        --------------------------------
------+------------------------------------------------------------------------------------------------------------------------
AGE   |    1987    1988    1989    1990    1991    1992    1993    1994    1995    1996    1997    1998    1999    2000    2001
------+------------------------------------------------------------------------------------------------------------------------
  0   | 0.00000 0.00000 0.00000 0.00000 0.00000 0.00000 0.00000 0.00000 0.00000 0.00000 0.00000 0.00000 0.00000 0.00000 0.00000
  1   | 0.07800 0.07200 0.07600 0.07400 0.07500 0.07800 0.07800 0.07900 0.08100 0.07600 0.07600 0.07700 0.08100 0.07400 0.07800
  2   | 0.14800 0.15600 0.17700 0.13800 0.15500 0.21200 0.19700 0.17800 0.16400 0.13300 0.18600 0.14900 0.19400 0.18500 0.16400
  3   | 0.24000 0.23700 0.24400 0.22200 0.23000 0.25900 0.26800 0.23700 0.26700 0.25100 0.22800 0.22300 0.24200 0.23500 0.24100
  4   | 0.28600 0.30100 0.30600 0.28700 0.30700 0.31000 0.31500 0.30100 0.32600 0.31700 0.29600 0.28500 0.30100 0.28900 0.34200
  5   | 0.37400 0.32900 0.35200 0.33900 0.35700 0.36200 0.36000 0.36100 0.39800 0.36600 0.36100 0.34200 0.35300 0.35000 0.39000
  6   | 0.38600 0.42300 0.38000 0.37300 0.40900 0.40200 0.41600 0.41300 0.44800 0.44400 0.40200 0.40000 0.39600 0.39000 0.44600
  7   | 0.41100 0.44500 0.42900 0.41400 0.43200 0.42400 0.45400 0.46600 0.49100 0.46200 0.44500 0.42600 0.42300 0.42600 0.45900
  8   | 0.42900 0.43200 0.47400 0.40900 0.50200 0.46200 0.46500 0.47000 0.50800 0.50100 0.47800 0.46600 0.44000 0.44700 0.49900
  9   | 0.49445 0.53538 0.49204 0.47110 0.55547 0.52918 0.52455 0.54749 0.56012 0.57863 0.52863 0.53364 0.49391 0.50668 0.54846
------+------------------------------------------------------------------------------------------------------------------------
                                               
 
 
        Weights at age in the stock (Kg)
        --------------------------------
------+--------
AGE   |    2002
------+--------
  0   | 0.00000
  1   | 0.07800
  2   | 0.18100
  3   | 0.23900
  4   | 0.31100
  5   | 0.36400
  6   | 0.41100
  7   | 0.43600
  8   | 0.46200
  9   | 0.51649
------+--------
                                               
 
 
 
        Natural Mortality (per year)
        ----------------------------
------+------------------------------------------------------------------------------------------------------------------------
AGE   |    1972    1973    1974    1975    1976    1977    1978    1979    1980    1981    1982    1983    1984    1985    1986
------+------------------------------------------------------------------------------------------------------------------------
  0   | 0.15000 0.15000 0.15000 0.15000 0.15000 0.15000 0.15000 0.15000 0.15000 0.15000 0.15000 0.15000 0.15000 0.15000 0.15000
  1   | 0.15000 0.15000 0.15000 0.15000 0.15000 0.15000 0.15000 0.15000 0.15000 0.15000 0.15000 0.15000 0.15000 0.15000 0.15000
  2   | 0.15000 0.15000 0.15000 0.15000 0.15000 0.15000 0.15000 0.15000 0.15000 0.15000 0.15000 0.15000 0.15000 0.15000 0.15000
  3   | 0.15000 0.15000 0.15000 0.15000 0.15000 0.15000 0.15000 0.15000 0.15000 0.15000 0.15000 0.15000 0.15000 0.15000 0.15000
  4   | 0.15000 0.15000 0.15000 0.15000 0.15000 0.15000 0.15000 0.15000 0.15000 0.15000 0.15000 0.15000 0.15000 0.15000 0.15000
  5   | 0.15000 0.15000 0.15000 0.15000 0.15000 0.15000 0.15000 0.15000 0.15000 0.15000 0.15000 0.15000 0.15000 0.15000 0.15000
  6   | 0.15000 0.15000 0.15000 0.15000 0.15000 0.15000 0.15000 0.15000 0.15000 0.15000 0.15000 0.15000 0.15000 0.15000 0.15000
  7   | 0.15000 0.15000 0.15000 0.15000 0.15000 0.15000 0.15000 0.15000 0.15000 0.15000 0.15000 0.15000 0.15000 0.15000 0.15000
  8   | 0.15000 0.15000 0.15000 0.15000 0.15000 0.15000 0.15000 0.15000 0.15000 0.15000 0.15000 0.15000 0.15000 0.15000 0.15000
  9   | 0.15000 0.15000 0.15000 0.15000 0.15000 0.15000 0.15000 0.15000 0.15000 0.15000 0.15000 0.15000 0.15000 0.15000 0.15000
------+------------------------------------------------------------------------------------------------------------------------
                                               
 
 
        Natural Mortality (per year)
        ----------------------------
------+------------------------------------------------------------------------------------------------------------------------
AGE   |    1987    1988    1989    1990    1991    1992    1993    1994    1995    1996    1997    1998    1999    2000    2001
------+------------------------------------------------------------------------------------------------------------------------
  0   | 0.15000 0.15000 0.15000 0.15000 0.15000 0.15000 0.15000 0.15000 0.15000 0.15000 0.15000 0.15000 0.15000 0.15000 0.15000
  1   | 0.15000 0.15000 0.15000 0.15000 0.15000 0.15000 0.15000 0.15000 0.15000 0.15000 0.15000 0.15000 0.15000 0.15000 0.15000
  2   | 0.15000 0.15000 0.15000 0.15000 0.15000 0.15000 0.15000 0.15000 0.15000 0.15000 0.15000 0.15000 0.15000 0.15000 0.15000
  3   | 0.15000 0.15000 0.15000 0.15000 0.15000 0.15000 0.15000 0.15000 0.15000 0.15000 0.15000 0.15000 0.15000 0.15000 0.15000
  4   | 0.15000 0.15000 0.15000 0.15000 0.15000 0.15000 0.15000 0.15000 0.15000 0.15000 0.15000 0.15000 0.15000 0.15000 0.15000
  5   | 0.15000 0.15000 0.15000 0.15000 0.15000 0.15000 0.15000 0.15000 0.15000 0.15000 0.15000 0.15000 0.15000 0.15000 0.15000
  6   | 0.15000 0.15000 0.15000 0.15000 0.15000 0.15000 0.15000 0.15000 0.15000 0.15000 0.15000 0.15000 0.15000 0.15000 0.15000
  7   | 0.15000 0.15000 0.15000 0.15000 0.15000 0.15000 0.15000 0.15000 0.15000 0.15000 0.15000 0.15000 0.15000 0.15000 0.15000
  8   | 0.15000 0.15000 0.15000 0.15000 0.15000 0.15000 0.15000 0.15000 0.15000 0.15000 0.15000 0.15000 0.15000 0.15000 0.15000
  9   | 0.15000 0.15000 0.15000 0.15000 0.15000 0.15000 0.15000 0.15000 0.15000 0.15000 0.15000 0.15000 0.15000 0.15000 0.15000
------+------------------------------------------------------------------------------------------------------------------------
                                               
 
 
        Natural Mortality (per year)
        ----------------------------
------+--------
AGE   |    2002
------+--------
  0   | 0.15000
  1   | 0.15000
  2   | 0.15000
  3   | 0.15000
  4   | 0.15000
  5   | 0.15000
  6   | 0.15000
  7   | 0.15000
  8   | 0.15000
  9   | 0.15000
------+--------
                                               
 
 
 
        Proportion of fish spawning
        ---------------------------
------+------------------------------------------------------------------------------------------------------------------------
AGE   |    1972    1973    1974    1975    1976    1977    1978    1979    1980    1981    1982    1983    1984    1985    1986
------+------------------------------------------------------------------------------------------------------------------------
  0   |  0.0000  0.0000  0.0000  0.0000  0.0000  0.0000  0.0000  0.0000  0.0000  0.0000  0.0000  0.0000  0.0000  0.0000  0.0000
  1   |  0.0500  0.0500  0.0500  0.0600  0.0600  0.0600  0.0600  0.0600  0.0600  0.0700  0.0700  0.0700  0.0700  0.0700  0.0700
  2   |  0.5300  0.5400  0.5400  0.5500  0.5500  0.5500  0.5600  0.5600  0.5700  0.5700  0.5700  0.5800  0.5800  0.5800  0.5800
  3   |  0.9000  0.9000  0.9000  0.8900  0.8900  0.8900  0.8900  0.8900  0.8900  0.8800  0.8800  0.8800  0.8800  0.8800  0.8800
  4   |  0.9800  0.9800  0.9800  0.9800  0.9800  0.9800  0.9800  0.9800  0.9800  0.9800  0.9800  0.9800  0.9700  0.9700  0.9700
  5   |  0.9800  0.9800  0.9800  0.9800  0.9800  0.9800  0.9800  0.9800  0.9800  0.9800  0.9800  0.9800  0.9700  0.9700  0.9700
  6   |  0.9900  0.9900  0.9900  0.9900  0.9900  0.9900  0.9900  0.9900  0.9900  0.9900  0.9900  0.9900  0.9900  0.9900  0.9900
  7   |  1.0000  1.0000  1.0000  1.0000  1.0000  1.0000  1.0000  1.0000  1.0000  1.0000  1.0000  1.0000  1.0000  1.0000  1.0000
  8   |  1.0000  1.0000  1.0000  1.0000  1.0000  1.0000  1.0000  1.0000  1.0000  1.0000  1.0000  1.0000  1.0000  1.0000  1.0000
  9   |  1.0000  1.0000  1.0000  1.0000  1.0000  1.0000  1.0000  1.0000  1.0000  1.0000  1.0000  1.0000  1.0000  1.0000  1.0000
------+------------------------------------------------------------------------------------------------------------------------
                                               
 
 
        Proportion of fish spawning
        ---------------------------
------+------------------------------------------------------------------------------------------------------------------------
AGE   |    1987    1988    1989    1990    1991    1992    1993    1994    1995    1996    1997    1998    1999    2000    2001
------+------------------------------------------------------------------------------------------------------------------------
  0   |  0.0000  0.0000  0.0000  0.0000  0.0000  0.0000  0.0000  0.0000  0.0000  0.0000  0.0000  0.0000  0.0000  0.0000  0.0000
  1   |  0.0700  0.0700  0.0700  0.0700  0.0700  0.0700  0.0700  0.0700  0.0700  0.0700  0.0700  0.0700  0.0700  0.0700  0.0700
  2   |  0.5800  0.5800  0.5800  0.5800  0.5800  0.5800  0.5800  0.5800  0.5800  0.5800  0.5800  0.5800  0.5800  0.5800  0.5900
  3   |  0.8800  0.8800  0.8800  0.8800  0.8800  0.8800  0.8800  0.8800  0.8800  0.8800  0.8800  0.8600  0.8600  0.8600  0.8800
  4   |  0.9700  0.9700  0.9700  0.9700  0.9700  0.9700  0.9700  0.9700  0.9700  0.9700  0.9700  0.9800  0.9800  0.9800  0.9700
  5   |  0.9700  0.9700  0.9700  0.9700  0.9700  0.9700  0.9700  0.9700  0.9700  0.9700  0.9700  0.9800  0.9800  0.9800  0.9700
  6   |  0.9900  0.9900  0.9900  0.9900  0.9900  0.9900  0.9900  0.9900  0.9900  0.9900  0.9900  0.9900  0.9900  0.9900  0.9900
  7   |  1.0000  1.0000  1.0000  1.0000  1.0000  1.0000  1.0000  1.0000  1.0000  1.0000  1.0000  1.0000  1.0000  1.0000  1.0000
  8   |  1.0000  1.0000  1.0000  1.0000  1.0000  1.0000  1.0000  1.0000  1.0000  1.0000  1.0000  1.0000  1.0000  1.0000  1.0000
  9   |  1.0000  1.0000  1.0000  1.0000  1.0000  1.0000  1.0000  1.0000  1.0000  1.0000  1.0000  1.0000  1.0000  1.0000  1.0000
------+------------------------------------------------------------------------------------------------------------------------
                                               
 
 
        Proportion of fish spawning
        ---------------------------
------+--------
AGE   |    2002
------+--------
  0   |  0.0000
  1   |  0.0700
  2   |  0.5900
  3   |  0.8800
  4   |  0.9700
  5   |  0.9700
  6   |  0.9900
  7   |  1.0000
  8   |  1.0000
  9   |  1.0000
------+--------
                                               
 
 
 
 INDICES OF SPAWNING BIOMASS                                                    
  
 ----------------------------
 
          INDEX
        -------
------+------------------------------------------------------------------------------------------------------------------------
      |    1972    1973    1974    1975    1976    1977    1978    1979    1980    1981    1982    1983    1984    1985    1986
------+------------------------------------------------------------------------------------------------------------------------
  1   | ******* ******* ******* ******* ******* ******* ******* ******* ******* ******* ******* ******* ******* ******* *******
------+------------------------------------------------------------------------------------------------------------------------
       x 10 ^ 3                                
 
 
          INDEX
        -------
------+------------------------------------------------------------------------------------------------------------------------
      |    1987    1988    1989    1990    1991    1992    1993    1994    1995    1996    1997    1998    1999    2000    2001
------+------------------------------------------------------------------------------------------------------------------------
  1   | *******  229.74  247.45  238.25  254.94  244.02  226.19  233.65  280.40  290.88  287.26  264.94  240.61  189.93  171.40
------+------------------------------------------------------------------------------------------------------------------------
       x 10 ^ 3                                
 
 
          INDEX
        -------
------+--------
      |    2002
------+--------
  1   |  149.22
------+--------
       x 10 ^ 3                                
 
 
 
 AGE-STRUCTURED INDICES                                                         
  
 -----------------------
 
        FLT01: Dummy survey
        -------------------
------+--------------------------------
AGE   |    1981    1982    1983    1984
------+--------------------------------
  1   |  266.10  203.00   43.60   15.24
  2   |  506.40  435.90  712.70   79.51
  3   |  225.10  483.60  444.60  661.83
  4   |   31.70  184.10  391.60  374.60
  5   |  174.80   24.70  130.40  238.20
  6   |  158.50  136.60   20.20   92.00
  7   |   99.50  108.60   91.30   15.54
  8   |  116.60   84.50   70.90   51.47
  9   |   35.30   87.00   47.10   39.27
------+--------------------------------
       x 10 ^ 3                                
 
 
 
        Fishing Mortality (per year)
        ----------------------------
------+------------------------------------------------------------------------------------------------------------------------
AGE   |    1972    1973    1974    1975    1976    1977    1978    1979    1980    1981    1982    1983    1984    1985    1986
------+------------------------------------------------------------------------------------------------------------------------
  0   | 0.00629 0.00541 0.00594 0.00566 0.00895 0.00893 0.00709 0.00607 0.00592 0.00662 0.00841 0.00779 0.01037 0.00606 0.00847
  1   | 0.02380 0.02048 0.02249 0.02142 0.03386 0.03379 0.02683 0.02297 0.02242 0.02507 0.03181 0.02948 0.03925 0.02294 0.03206
  2   | 0.05269 0.04534 0.04978 0.04742 0.07493 0.07480 0.05938 0.05083 0.04962 0.05548 0.07041 0.06524 0.08686 0.05078 0.07095
  3   | 0.10395 0.08945 0.09822 0.09355 0.14784 0.14757 0.11715 0.10028 0.09789 0.10946 0.13892 0.12872 0.17137 0.10019 0.13998
  4   | 0.15892 0.13675 0.15015 0.14302 0.22601 0.22559 0.17910 0.15331 0.14965 0.16735 0.21238 0.19678 0.26199 0.15317 0.21399
  5   | 0.18075 0.15554 0.17079 0.16267 0.25707 0.25659 0.20371 0.17438 0.17021 0.19034 0.24156 0.22381 0.29799 0.17422 0.24339
  6   | 0.20441 0.17590 0.19314 0.18397 0.29072 0.29018 0.23037 0.19720 0.19249 0.21525 0.27318 0.25311 0.33699 0.19702 0.27526
  7   | 0.23418 0.20152 0.22127 0.21076 0.33305 0.33244 0.26392 0.22592 0.22052 0.24660 0.31297 0.28997 0.38607 0.22572 0.31534
  8   | 0.21690 0.18665 0.20494 0.19521 0.30848 0.30791 0.24445 0.20925 0.20425 0.22841 0.28987 0.26858 0.35759 0.20906 0.29207
  9   | 0.21690 0.18665 0.20494 0.19521 0.30848 0.30791 0.24445 0.20925 0.20425 0.22841 0.28987 0.26858 0.35759 0.20906 0.29207
------+------------------------------------------------------------------------------------------------------------------------
                                               
 
 
        Fishing Mortality (per year)
        ----------------------------
------+------------------------------------------------------------------------------------------------------------------------
AGE   |    1987    1988    1989    1990    1991    1992    1993    1994    1995    1996    1997    1998    1999    2000    2001
------+------------------------------------------------------------------------------------------------------------------------
  0   | 0.00751 0.00939 0.00886 0.00936 0.01043 0.00984 0.00931 0.00868 0.00583 0.00862 0.00990 0.00779 0.00950 0.01010 0.00815
  1   | 0.02840 0.03553 0.03352 0.03543 0.03949 0.03725 0.03525 0.03285 0.02206 0.03263 0.03746 0.02949 0.03593 0.03821 0.03084
  2   | 0.06287 0.07864 0.07418 0.07842 0.08740 0.08244 0.07801 0.07270 0.04882 0.07223 0.08291 0.06527 0.07953 0.08457 0.06826
  3   | 0.12404 0.15515 0.14635 0.15471 0.17244 0.16264 0.15391 0.14343 0.09632 0.14251 0.16358 0.12877 0.15691 0.16686 0.13466
  4   | 0.18962 0.23720 0.22374 0.23652 0.26361 0.24864 0.23529 0.21927 0.14725 0.21786 0.25007 0.19687 0.23989 0.25509 0.20587
  5   | 0.21568 0.26979 0.25448 0.26902 0.29983 0.28280 0.26762 0.24940 0.16749 0.24780 0.28443 0.22391 0.27285 0.29013 0.23416
  6   | 0.24391 0.30510 0.28779 0.30424 0.33908 0.31982 0.30265 0.28204 0.18941 0.28023 0.32166 0.25322 0.30856 0.32811 0.26481
  7   | 0.27943 0.34954 0.32970 0.34854 0.38847 0.36640 0.34672 0.32312 0.21699 0.32105 0.36851 0.29010 0.35350 0.37590 0.30338
  8   | 0.25881 0.32375 0.30538 0.32283 0.35980 0.33936 0.32114 0.29928 0.20098 0.29736 0.34132 0.26870 0.32741 0.34816 0.28099
  9   | 0.25881 0.32375 0.30538 0.32283 0.35980 0.33936 0.32114 0.29928 0.20098 0.29736 0.34132 0.26870 0.32741 0.34816 0.28099
------+------------------------------------------------------------------------------------------------------------------------
                                               
 
 
        Fishing Mortality (per year)
        ----------------------------
------+--------
AGE   |    2002
------+--------
  0   | 0.00588
  1   | 0.02224
  2   | 0.04922
  3   | 0.09711
  4   | 0.14846
  5   | 0.16886
  6   | 0.19096
  7   | 0.21877
  8   | 0.20263
  9   | 0.20263
------+--------
                                               
 
 
 
        Population Abundance (1 January)
        --------------------------------
------+------------------------------------------------------------------------------------------------------------------------
AGE   |    1972    1973    1974    1975    1976    1977    1978    1979    1980    1981    1982    1983    1984    1985    1986
------+------------------------------------------------------------------------------------------------------------------------
  0   |  361.17  558.82  577.12  333.68  224.34  420.79  350.87  169.05  361.17  577.12  509.31  202.57  482.83  169.05  759.90
  1   |  172.73  308.91  478.39  493.79  285.58  191.37  358.95  299.86  144.62  309.02  493.45  434.70  173.00  411.29  144.62
  2   |  374.73  145.18  260.49  402.59  416.00  237.62  159.24  300.78  252.24  121.72  259.40  411.42  363.28  143.17  345.97
  3   |  288.40  305.98  119.41  213.32  330.47  332.20  189.78  129.16  246.05  206.59   99.11  208.08  331.75  286.66  117.13
  4   |  203.95  223.72  240.82   93.17  167.21  245.35  246.70  145.29  100.56  192.03  159.38   74.24  157.47  240.57  223.21
  5   |  147.17  149.75  167.95  178.38   69.50  114.80  168.52  177.52  107.28   74.52  139.81  110.93   52.48  104.30  177.65
  6   |  104.72  105.72  110.32  121.86  130.48   46.26   76.45  118.32  128.34   77.88   53.03   94.51   76.33   33.53   75.42
  7   |   67.93   73.47   76.32   78.28   87.26   83.98   29.79   52.26   83.61   91.12   54.05   34.73   63.16   46.90   23.70
  8   |   54.72   46.26   51.69   52.65   54.57   53.83   51.84   19.69   35.89   57.72   61.29   34.02   22.37   36.95   32.21
  9   |   71.79   80.81   85.97   89.68   92.79   84.67   81.06   82.66   64.44   63.19   75.12   80.31   72.43   52.66   55.53
------+------------------------------------------------------------------------------------------------------------------------
       x 10 ^ 6                                
 
 
        Population Abundance (1 January)
        --------------------------------
------+------------------------------------------------------------------------------------------------------------------------
AGE   |    1987    1988    1989    1990    1991    1992    1993    1994    1995    1996    1997    1998    1999    2000    2001
------+------------------------------------------------------------------------------------------------------------------------
  0   |  438.51  577.12  392.36  224.34  333.68  759.90  482.83  577.12  481.40  345.84  105.69  105.69  217.56  202.57  202.57
  1   |  648.53  374.61  492.09  334.73  191.29  284.22  647.65  411.73  492.44  411.94  295.11   90.07   90.26  185.49  172.60
  2   |  120.55  542.57  311.17  409.59  278.08  158.27  235.69  538.13  342.93  414.60  343.17  244.66   75.27   74.95  153.66
  3   |  277.39   97.43  431.67  248.68  325.94  219.31  125.45  187.63  430.69  281.09  331.98  271.87  197.28   59.84   59.28
  4   |   87.64  210.90   71.81  320.96  183.36  236.11  160.43   92.57  139.92  336.66  209.81  242.62  205.73  145.14   43.59
  5   |  155.11   62.41  143.19   49.42  218.06  121.25  158.48  109.13   63.99  103.94  233.04  140.63  171.51  139.30   96.80
  6   |  119.87  107.60   41.01   95.55   32.50  139.07   78.65  104.38   73.20   46.58   69.83  150.92   96.76  112.37   89.71
  7   |   49.29   80.84   68.26   26.47   60.67   19.93   86.93   50.02   67.76   52.13   30.30   43.57  100.84   61.17   69.66
  8   |   14.88   32.08   49.06   42.25   16.08   35.41   11.89   52.90   31.16   46.95   32.55   18.04   28.06   60.95   36.15
  9   |   49.38   38.68   41.56   53.12   56.05   41.86   44.46   30.72   49.50   55.13   61.36   56.15   42.69   40.39   57.03
------+------------------------------------------------------------------------------------------------------------------------
       x 10 ^ 6                                
 
 
        Population Abundance (1 January)
        --------------------------------
------+----------------
AGE   |    2002    2003
------+----------------
  0   |  420.79  241.10
  1   |  172.94  360.05
  2   |  144.05  145.57
  3   |  123.53  118.03
  4   |   44.59   96.49
  5   |   30.53   33.09
  6   |   65.92   22.20
  7   |   59.25   46.88
  8   |   44.27   40.97
  9   |   57.34   71.42
------+----------------
       x 10 ^ 6                                
 
 
 
        Weighting factors for the catches in number
        -------------------------------------------
------+----------------------------------------------------------------------------------------
AGE   |    1992    1993    1994    1995    1996    1997    1998    1999    2000    2001    2002
------+----------------------------------------------------------------------------------------
  0   |  0.0200  0.0200  0.0200  0.0200  0.0200  0.0200  0.0200  0.0200  0.0200  0.0200  0.0200
  1   |  1.0000  1.0000  1.0000  1.0000  1.0000  1.0000  1.0000  1.0000  1.0000  1.0000  1.0000
  2   |  1.0000  1.0000  1.0000  1.0000  1.0000  1.0000  1.0000  1.0000  1.0000  1.0000  1.0000
  3   |  1.0000  1.0000  1.0000  1.0000  1.0000  1.0000  1.0000  1.0000  1.0000  1.0000  1.0000
  4   |  1.0000  1.0000  1.0000  1.0000  1.0000  1.0000  1.0000  1.0000  1.0000  1.0000  1.0000
  5   |  1.0000  1.0000  1.0000  1.0000  1.0000  1.0000  1.0000  1.0000  1.0000  1.0000  1.0000
  6   |  1.0000  1.0000  1.0000  1.0000  1.0000  1.0000  1.0000  1.0000  1.0000  1.0000  1.0000
  7   |  1.0000  1.0000  1.0000  1.0000  1.0000  1.0000  1.0000  1.0000  1.0000  1.0000  1.0000
  8   |  1.0000  1.0000  1.0000  1.0000  1.0000  1.0000  1.0000  1.0000  1.0000  1.0000  1.0000
------+----------------------------------------------------------------------------------------
                                               
 
 
 
 Predicted SSB Index Values                                                     
  
 ---------------------------
 
          INDEX
        -------
------+------------------------------------------------------------------------------------------------------------------------
      |    1972    1973    1974    1975    1976    1977    1978    1979    1980    1981    1982    1983    1984    1985    1986
------+------------------------------------------------------------------------------------------------------------------------
  1   | ******* ******* ******* ******* ******* ******* ******* ******* ******* ******* ******* ******* ******* ******* *******
------+------------------------------------------------------------------------------------------------------------------------
       x 10 ^ 3                                
 
 
          INDEX
        -------
------+------------------------------------------------------------------------------------------------------------------------
      |    1987    1988    1989    1990    1991    1992    1993    1994    1995    1996    1997    1998    1999    2000    2001
------+------------------------------------------------------------------------------------------------------------------------
  1   | *******  229.74  247.45  238.25  254.94  244.02  226.19  233.65  280.40  290.88  287.26  264.94  240.61  189.93  171.40
------+------------------------------------------------------------------------------------------------------------------------
       x 10 ^ 3                                
 
 
          INDEX
        -------
------+--------
      |    2002
------+--------
  1   |  149.23
------+--------
       x 10 ^ 3                                
 
 
 
 Predicted Age-Structured Index Values                                          
  
 --------------------------------------
 
        FLT01: Dummy survey Predicted
        -----------------------------
------+--------------------------------
AGE   |    1981    1982    1983    1984
------+--------------------------------
  1   |   73.35  116.69  102.93   40.74
  2   |  156.51  330.82  526.19  459.13
  3   |  457.67  216.02  456.11  710.32
  4   |  244.45  197.92   92.99  190.29
  5   |   93.31  170.19  136.36   61.93
  6   |   86.51   57.05  102.82   79.29
  7   |  102.92   58.86   38.30   66.07
  8   |  113.90  116.92   65.67   41.11
  9   |   43.93   50.49   54.61   46.90
------+--------------------------------
       x 10 ^ 3                                
 
 
 
        Fitted Selection Pattern
        ------------------------
------+------------------------------------------------------------------------------------------------------------------------
AGE   |    1972    1973    1974    1975    1976    1977    1978    1979    1980    1981    1982    1983    1984    1985    1986
------+------------------------------------------------------------------------------------------------------------------------
  0   |  0.0348  0.0348  0.0348  0.0348  0.0348  0.0348  0.0348  0.0348  0.0348  0.0348  0.0348  0.0348  0.0348  0.0348  0.0348
  1   |  0.1317  0.1317  0.1317  0.1317  0.1317  0.1317  0.1317  0.1317  0.1317  0.1317  0.1317  0.1317  0.1317  0.1317  0.1317
  2   |  0.2915  0.2915  0.2915  0.2915  0.2915  0.2915  0.2915  0.2915  0.2915  0.2915  0.2915  0.2915  0.2915  0.2915  0.2915
  3   |  0.5751  0.5751  0.5751  0.5751  0.5751  0.5751  0.5751  0.5751  0.5751  0.5751  0.5751  0.5751  0.5751  0.5751  0.5751
  4   |  0.8792  0.8792  0.8792  0.8792  0.8792  0.8792  0.8792  0.8792  0.8792  0.8792  0.8792  0.8792  0.8792  0.8792  0.8792
  5   |  1.0000  1.0000  1.0000  1.0000  1.0000  1.0000  1.0000  1.0000  1.0000  1.0000  1.0000  1.0000  1.0000  1.0000  1.0000
  6   |  1.1309  1.1309  1.1309  1.1309  1.1309  1.1309  1.1309  1.1309  1.1309  1.1309  1.1309  1.1309  1.1309  1.1309  1.1309
  7   |  1.2956  1.2956  1.2956  1.2956  1.2956  1.2956  1.2956  1.2956  1.2956  1.2956  1.2956  1.2956  1.2956  1.2956  1.2956
  8   |  1.2000  1.2000  1.2000  1.2000  1.2000  1.2000  1.2000  1.2000  1.2000  1.2000  1.2000  1.2000  1.2000  1.2000  1.2000
  9   |  1.2000  1.2000  1.2000  1.2000  1.2000  1.2000  1.2000  1.2000  1.2000  1.2000  1.2000  1.2000  1.2000  1.2000  1.2000
------+------------------------------------------------------------------------------------------------------------------------
                                               
 
 
        Fitted Selection Pattern
        ------------------------
------+------------------------------------------------------------------------------------------------------------------------
AGE   |    1987    1988    1989    1990    1991    1992    1993    1994    1995    1996    1997    1998    1999    2000    2001
------+------------------------------------------------------------------------------------------------------------------------
  0   |  0.0348  0.0348  0.0348  0.0348  0.0348  0.0348  0.0348  0.0348  0.0348  0.0348  0.0348  0.0348  0.0348  0.0348  0.0348
  1   |  0.1317  0.1317  0.1317  0.1317  0.1317  0.1317  0.1317  0.1317  0.1317  0.1317  0.1317  0.1317  0.1317  0.1317  0.1317
  2   |  0.2915  0.2915  0.2915  0.2915  0.2915  0.2915  0.2915  0.2915  0.2915  0.2915  0.2915  0.2915  0.2915  0.2915  0.2915
  3   |  0.5751  0.5751  0.5751  0.5751  0.5751  0.5751  0.5751  0.5751  0.5751  0.5751  0.5751  0.5751  0.5751  0.5751  0.5751
  4   |  0.8792  0.8792  0.8792  0.8792  0.8792  0.8792  0.8792  0.8792  0.8792  0.8792  0.8792  0.8792  0.8792  0.8792  0.8792
  5   |  1.0000  1.0000  1.0000  1.0000  1.0000  1.0000  1.0000  1.0000  1.0000  1.0000  1.0000  1.0000  1.0000  1.0000  1.0000
  6   |  1.1309  1.1309  1.1309  1.1309  1.1309  1.1309  1.1309  1.1309  1.1309  1.1309  1.1309  1.1309  1.1309  1.1309  1.1309
  7   |  1.2956  1.2956  1.2956  1.2956  1.2956  1.2956  1.2956  1.2956  1.2956  1.2956  1.2956  1.2956  1.2956  1.2956  1.2956
  8   |  1.2000  1.2000  1.2000  1.2000  1.2000  1.2000  1.2000  1.2000  1.2000  1.2000  1.2000  1.2000  1.2000  1.2000  1.2000
  9   |  1.2000  1.2000  1.2000  1.2000  1.2000  1.2000  1.2000  1.2000  1.2000  1.2000  1.2000  1.2000  1.2000  1.2000  1.2000
------+------------------------------------------------------------------------------------------------------------------------
                                               
 
 
        Fitted Selection Pattern
        ------------------------
------+--------
AGE   |    2002
------+--------
  0   |  0.0348
  1   |  0.1317
  2   |  0.2915
  3   |  0.5751
  4   |  0.8792
  5   |  1.0000
  6   |  1.1309
  7   |  1.2956
  8   |  1.2000
  9   |  1.2000
------+--------
                                               
 
 
 
 
 
                    STOCK SUMMARY                                             
 
 
 ³ Year ³  Recruits  ³  Total  ³ Spawning³ Landings ³ Yield ³ Mean F ³ SoP ³    
 ³      ³   Age   0  ³ Biomass ³ Biomass ³          ³ /SSB  ³  Ages  ³     ³ 
 ³      ³  thousands ³  tonnes ³ tonnes  ³ tonnes   ³ ratio ³  4- 7  ³ (%) ³ 
 
   1972       361160    431681    322706     65318   0.2024   0.1946    99
   1973       558820    414398    309926     53230   0.1718   0.1674   100
   1974       577110    418571    289350     56539   0.1954   0.1838   100
   1975       333670    423617    285800     50146   0.1755   0.1751   100
   1976       224340    418307    291821     76883   0.2635   0.2767   100
   1977       420780    372452    272490     73079   0.2682   0.2762   100
   1978       350870    352406    254864     53057   0.2082   0.2193    99
   1979       169040    337346    243573     42803   0.1757   0.1877   100
   1980       361160    316978    240709     46520   0.1933   0.1832   100
   1981       577110    313555    232922     50425   0.2165   0.2049   100
   1982       509300    305073    207461     59220   0.2855   0.2600   100
   1983       202560    322123    216700     51401   0.2372   0.2409   100
   1984       482830    336073    239793     70158   0.2926   0.3208    99
   1985       169040    330767    243623     48434   0.1988   0.1875    99
   1986       759890    313790    232931     67296   0.2889   0.2620   100
   1987       438500    315404    217485     59238   0.2724   0.2322   100
   1988       577110    334774    229738     75199   0.3273   0.2904    99
   1989       392350    358752    247453     70139   0.2834   0.2739    99
   1990       224340    334273    238247     77307   0.3245   0.2896   100
   1991       333670    345266    254936     86060   0.3376   0.3227    99
   1992       759890    332476    244024     80081   0.3282   0.3044    99
   1993       482830    339193    226190     69590   0.3077   0.2881   100
   1994       577110    348144    233647     66907   0.2864   0.2685   100
   1995       481390    391822    280397     49163   0.1753   0.1803    99
   1996       345830    401950    290882     77159   0.2653   0.2667   100
   1997       105690    397728    287259     85286   0.2969   0.3062    99
   1998       105690    338560    264941     66277   0.2502   0.2410    99
   1999       217550    306526    240608     75844   0.3152   0.2937    99
   2000       202560    249946    189930     68365   0.3599   0.3123   100
   2001       202560    226906    171395     46027   0.2685   0.2521   100
   2002       420780    197063    149225     30067   0.2015   0.1818   100
 
 -----------------------------------------------------------------            
 No of years for separable analysis : 11                                      
 Age range in the analysis : 0  . . . 9                                       
 Year range in the analysis : 1972  . . . 2002                                
 Number of indices of SSB : 1                                                 
 Number of age-structured indices : 1                                         
                                                                              
 Parameters to estimate : 46                                                  
 Number of observations : 150                                                 
                                                                              
 Conventional single selection vector model to be fitted.                     
                                                                              
                                                                              
                                                                              
 -----------------------------------------------------------------            
 
 
 PARAMETER ESTIMATES                                                            
  
 
 ³Parm.³      ³ Maximum ³    ³        ³         ³         ³         ³ Mean of ³ 
  
 ³ No. ³      ³ Likelh. ³ CV ³  Lower ³ Upper   ³  -s.e.  ³   +s.e. ³ Param.  ³ 
  
 ³     ³      ³ Estimate³ (%)³ 95% CL ³ 95% CL  ³         ³         ³ Distrib.³ 
  
 Separable model : F by year                                                    
  
    1   1992     0.2828   0    0.2780    0.2877    0.2803    0.2853    0.2828
    2   1993     0.2676   0    0.2631    0.2722    0.2653    0.2699    0.2676
    3   1994     0.2494   0    0.2452    0.2536    0.2473    0.2516    0.2494
    4   1995     0.1675   0    0.1647    0.1703    0.1661    0.1689    0.1675
    5   1996     0.2478   0    0.2438    0.2519    0.2457    0.2499    0.2478
    6   1997     0.2844   0    0.2799    0.2891    0.2821    0.2868    0.2844
    7   1998     0.2239   0    0.2204    0.2275    0.2221    0.2257    0.2239
    8   1999     0.2728   0    0.2687    0.2771    0.2707    0.2750    0.2729
    9   2000     0.2901   0    0.2857    0.2946    0.2879    0.2924    0.2901
   10   2001     0.2342   0    0.2305    0.2379    0.2323    0.2361    0.2342
   11   2002     0.1689   0    0.1660    0.1718    0.1674    0.1704    0.1689
 
 Separable Model: Selection (S) by age                                          
  
   12      0     0.0348   4    0.0322    0.0377    0.0334    0.0362    0.0348
   13      1     0.1317   0    0.1294    0.1340    0.1305    0.1329    0.1317
   14      2     0.2915   0    0.2868    0.2962    0.2891    0.2939    0.2915
   15      3     0.5751   0    0.5664    0.5839    0.5707    0.5796    0.5751
   16      4     0.8792   0    0.8668    0.8918    0.8728    0.8856    0.8792
           5     1.0000     Fixed : Reference Age             
   17      6     1.1309   0    1.1162    1.1457    1.1234    1.1384    1.1309
   18      7     1.2956   0    1.2791    1.3123    1.2872    1.3041    1.2956
           8     1.2000     Fixed : Last true age             
 
 Separable model: Populations in year 2002                                    
   19      0     420784  13     324529    545589    368557    480411    424495
   20      1     172934   2     165857    180313    169287    176661    172974
   21      2     144045   1     139910    148302    141920    146201    144061
   22      3     123532   1     120723    126406    122091    124990    123540
   23      4      44591   1      43669     45532     44118     45068     44593
   24      5      30533   0      29965     31113     30242     30828     30535
   25      6      65919   0      64887     66968     65391     66452     65921
   26      7      59246   0      58370     60134     58798     59697     59247
   27      8      44268   0      43595     44952     43923     44616     44270
 
Separable model: Populations at age
   28   1992      35408   1      34114     36752     34742     36088     35415
   29   1993      11890   1      11554     12235     11717     12064     11891
   30   1994      52899   1      51701     54124     52285     53521     52903
   31   1995      31163   1      30485     31855     30815     31514     31165
   32   1996      46944   0      46083     47822     46503     47390     46946
   33   1997      32546   0      31965     33138     32248     32847     32548
   34   1998      18036   0      17715     18363     17872     18203     18037
   35   1999      28056   0      27601     28518     27823     28290     28057
   36   2000      60949   0      60050     61862     60488     61413     60951
   37   2001      36151   0      35575     36735     35856     36448     36152
 
 SSB Index catchabilities                                                       
  
   INDEX                                 
 Absolute estimator. No fitted catchability.                                    
  
 
 
 
 Age-structured index catchabilities                                            
  
                                        FLT01: Dummy survey                     
 
 Linear model fitted. Slopes at age :                                           
  
   38   1  Q  .2613      26 .2022     .5762     .2613     .4459     .3538    
   39   2  Q  1.440      26 1.114     3.174     1.440     2.456     1.949    
   40   3  Q  2.555      26 1.977     5.633     2.555     4.359     3.459    
   41   4  Q  1.516      26 1.173     3.342     1.516     2.586     2.052    
   42   5  Q  1.510      26 1.168     3.329     1.510     2.576     2.044    
   43   6  Q  1.358      26 1.051     2.994     1.358     2.317     1.838    
   44   7  Q  1.405      26 1.087     3.097     1.405     2.397     1.902    
   45   8  Q  2.430      26 1.880     5.357     2.430     4.145     3.289    
   46   9  Q  .8560      26 .6624     1.887     .8560     1.460     1.159    
 
 
 
 RESIDUALS ABOUT THE MODEL FIT                                                  
  
 ------------------------------
 
        Separable Model Residuals
        -------------------------
------+----------------------------------------------------------------------------------------
Age   |    1992    1993    1994    1995    1996    1997    1998    1999    2000    2001    2002
------+----------------------------------------------------------------------------------------
  0   | ******* ******* ******* ******* ******* ******* ******* ******* ******* ******* *******
  1   | ******* ******* ******* ******* ******* ******* ******* ******* ******* ******* *******
  2   | ******* ******* ******* ******* ******* ******* ******* ******* ******* ******* *******
  3   | ******* ******* ******* ******* ******* ******* ******* ******* ******* ******* *******
  4   | ******* ******* ******* ******* ******* ******* ******* ******* ******* ******* *******
  5   | ******* ******* ******* ******* ******* ******* ******* ******* ******* ******* *******
  6   | ******* ******* ******* ******* ******* ******* ******* ******* ******* ******* *******
  7   | ******* ******* ******* ******* ******* ******* ******* ******* ******* ******* *******
  8   | ******* ******* ******* ******* ******* ******* ******* ******* ******* ******* *******
------+----------------------------------------------------------------------------------------
                                               
 
 
 
 SPAWNING BIOMASS INDEX RESIDUALS                                               
  
 ---------------------------------
 
          INDEX
        -------
------+------------------------------------------------------------------------------------------------------------------------
      |    1972    1973    1974    1975    1976    1977    1978    1979    1980    1981    1982    1983    1984    1985    1986
------+------------------------------------------------------------------------------------------------------------------------
  1   | ******* ******* ******* ******* ******* ******* ******* ******* ******* ******* ******* ******* ******* ******* *******
------+------------------------------------------------------------------------------------------------------------------------
                                               
 
 
          INDEX
        -------
------+------------------------------------------------------------------------------------------------------------------------
      |    1987    1988    1989    1990    1991    1992    1993    1994    1995    1996    1997    1998    1999    2000    2001
------+------------------------------------------------------------------------------------------------------------------------
  1   | ******* ******* ******* ******* ******* ******* ******* ******* ******* ******* ******* ******* ******* ******* *******
------+------------------------------------------------------------------------------------------------------------------------
                                               
 
 
          INDEX
        -------
------+--------
      |    2002
------+--------
  1   | *******
------+--------
                                               
 
 
 
 AGE-STRUCTURED INDEX RESIDUALS                                                 
  
 -------------------------------
 
        FLT01: Dummy survey
        -------------------
------+--------------------------------
Age   |    1981    1982    1983    1984
------+--------------------------------
  1   |   1.289   0.554  -0.859  -0.983
  2   |   1.174   0.276   0.303  -1.753
  3   |  -0.710   0.806  -0.026  -0.071
  4   |  -2.043  -0.072   1.438   0.677
  5   |   0.628  -1.930  -0.045   1.347
  6   |   0.606   0.873  -1.627   0.149
  7   |  -0.034   0.612   0.869  -1.447
  8   |   0.023  -0.325   0.077   0.225
  9   |  -0.219   0.544  -0.148  -0.178
------+--------------------------------
                                               
 
 
 
 
 
 
 PARAMETERS OF THE DISTRIBUTION OF ln(CATCHES AT AGE)                           
  
 -----------------------------------------------------
 
 Separable model fitted from 1992  to 2002                                    
 Variance                             0.0000
Skewness test stat.                  -0.6927
Kurtosis test statistic               7.0927
Partial chi-square                    0.0000
Significance in fit                   0.0000
Degrees of freedom                        62
 
 
 PARAMETERS OF DISTRIBUTIONS OF THE SSB INDICES                                 
  
 -----------------------------------------------
 
 
   DISTRIBUTION STATISTICS FOR   INDEX                                          
 
 
 Index used as absolute measure of abundance                                    
  
 Last age is a plus-group                                                       
  
 
 Variance                             0.0000
Skewness test stat.                   1.4083
Kurtosis test statistic               0.5097
Partial chi-square                    0.0000
Significance in fit                   0.0000
Number of observations                    15
Degrees of freedom                        15
Weight in the analysis                5.0000
 
 PARAMETERS OF THE DISTRIBUTION OF THE AGE-STRUCTURED INDICES                   
  
 ------------------------------------------------------------ 
 
 
   DISTRIBUTION STATISTICS FOR FLT01: Dummy survey                              
 
 
 Linear catchability relationship assumed                                       
  
 
 Age                          1         2         3         4         5         6         7         8         9
 Variance                0.0014    0.0017    0.0004    0.0025    0.0022    0.0014    0.0012    0.0001    0.0001
Skewness test stat.      0.1683   -0.6120    0.2169   -0.4931   -0.5080   -0.7538   -0.6051   -0.5601    0.9248
Kurtosis test statisti  -0.7002   -0.3556   -0.4032   -0.4292   -0.4218   -0.3504   -0.4246   -0.3758   -0.2789
Partial chi-square       0.0004    0.0004    0.0001    0.0006    0.0006    0.0004    0.0003    0.0000    0.0000
Significance in fit      0.0000    0.0000    0.0000    0.0000    0.0000    0.0000    0.0000    0.0000    0.0000
Number of observations        4         4         4         4         4         4         4         4         4
Degrees of freedom            3         3         3         3         3         3         3         3         3
Weight in the analysis   0.0011    0.0011    0.0011    0.0011    0.0011    0.0011    0.0011    0.0011    0.0011
 
 ANALYSIS OF VARIANCE                   
--------------------------
 
 Unweighted Statistics                                                          
  
 
                                                                                
  
Variance                              
                                       SSQ     Data    Parameters d.f. Variance
Total for model                        29.6761     150         46  104   0.2853
Catches at age                          0.0000      99         37   62   0.0000
  
SSB Indices                           
  INDEX                                 0.0000      15          0   15   0.0000
  
 Aged Indices                                                                   
  
FLT01: Dummy survey                    29.6761      36          9   27   1.0991
 
 
 Weighted Statistics                                                            
  
 
                                                                                
  
Variance                              
                                       SSQ     Data    Parameters d.f. Variance
Total for model                         0.0000     150         46  104   0.0000
Catches at age                          0.0000      99         37   62   0.0000
  
SSB Indices                           
  INDEX                                 0.0000      15          0   15   0.0000
  
 Aged Indices                                                                   
  
FLT01: Dummy survey                     0.0000      36          9   27   0.0000
 
