 ICA v1_3 TUNING DIAGNOSTICS FILE
   1       1
 F         SSQ
  0.05  27.97736112      24.68940766      3.287953458    
  0.10  14.32095981      11.06155049      3.259409318    
  0.15  8.863153945      5.616280934      3.246873011    
  0.20  6.263028217      3.022834643      3.240193574    
  0.25  4.945408853      1.709186168      3.236222685    
  0.30  4.275320558      1.041631100      3.233689458    
  0.35  3.957135486     0.7251389093      3.231996577    
  0.40  3.840092478     0.6092637169      3.230828761    
  0.45  3.842274443     0.6122680810      3.230006362    
  0.50  3.916879520     0.6874594054      3.229420115    
  0.55  4.036105469     0.8071051033      3.229000366    
  0.60  4.182914087     0.9542130900      3.228700997    
  0.65  4.346592578      1.118102069      3.228490510    
  0.70  4.520271102      1.291924267      3.228346835    
  0.75  4.699480664      1.471226499      3.228254166    
  0.80  4.881295947      1.653094981      3.228200966    
  0.85  5.063784895      1.835606223      3.228178672    
  0.90  5.245686024      2.017505193      3.228180832    
  0.95  5.426195238      2.197992724      3.228202514    
  1.00  5.604814834      2.376574930      3.228239905    
