                ****************************************
                                VPA-2BOX                
                BOOTSTRAP ESTIMATES OF BIAS AND VARIANCE
                ****************************************


BFT East 55-06 test                               
11:47, 16 September 2010


 *************************************************
 BIAS AND STANDARD ERROR ESTIMATES
 *************************************************


TABLE 1A. BIAS OF FISHING MORTALITY RATE FOR EAST OF 45                                        
=============================================================================
        1      2      3      4      5      6      7      8      9     10
-----------------------------------------------------------------------------
  1950   0.000  0.000  0.000  0.000  0.000  0.000  0.000  0.000  0.000  0.000
  1951   0.000  0.000  0.000  0.000  0.000  0.000  0.000  0.000  0.000  0.000
  1952   0.000  0.000  0.000  0.000  0.000  0.000  0.000  0.000  0.000  0.000
  1953   0.000  0.000  0.000  0.000  0.000  0.000  0.000  0.000  0.000  0.000
  1954   0.000  0.000  0.000  0.000  0.000  0.000  0.000  0.000  0.000  0.000
  1955   0.000  0.000  0.000  0.000  0.000  0.000  0.000  0.000  0.000  0.000
  1956   0.000  0.000  0.000  0.000  0.000  0.000  0.000  0.000  0.000  0.000
  1957   0.000  0.000  0.000  0.000  0.000  0.000  0.000  0.000  0.000  0.000
  1958   0.000  0.000  0.000  0.000  0.000  0.000  0.000  0.000  0.000  0.000
  1959   0.000  0.000  0.000  0.000  0.000  0.000  0.000  0.000  0.000  0.000
  1960   0.000  0.000  0.000  0.000  0.000  0.000  0.000  0.000  0.000  0.000
  1961   0.000  0.000  0.000  0.000  0.000  0.000  0.000  0.000  0.000  0.000
  1962   0.000  0.000  0.000  0.000  0.000  0.000  0.000  0.000  0.000  0.000
  1963   0.000  0.000  0.000  0.000  0.000  0.000  0.000  0.000  0.000  0.000
  1964   0.000  0.000  0.000  0.000  0.000  0.000  0.000  0.000  0.000  0.000
  1965   0.000  0.000  0.000  0.000  0.000  0.000  0.000  0.000  0.000  0.000
  1966   0.000  0.000  0.000  0.000  0.000  0.000  0.000  0.000  0.000  0.000
  1967   0.000  0.000  0.000  0.000  0.000  0.000  0.000  0.000  0.000  0.000
  1968   0.000  0.000  0.000  0.000  0.000  0.000  0.000  0.000  0.000  0.000
  1969   0.000  0.000  0.000  0.000  0.000  0.000  0.000  0.000  0.000  0.000
  1970   0.000  0.000  0.000  0.000  0.000  0.000  0.000  0.000  0.000  0.000
  1971   0.000  0.000  0.000  0.000  0.000  0.000  0.000  0.000  0.000  0.000
  1972   0.000  0.000  0.000  0.000  0.000  0.000  0.000  0.000  0.000  0.000
  1973   0.000  0.000  0.000  0.000  0.000  0.000  0.000  0.000  0.000  0.000
  1974   0.000  0.000  0.000  0.000  0.000  0.000  0.000  0.000  0.000  0.000
  1975   0.000  0.000  0.000  0.000  0.000  0.000  0.000  0.000  0.000  0.000
  1976   0.000  0.000  0.000  0.000  0.000  0.000  0.000  0.000  0.000  0.000
  1977   0.000  0.000  0.000  0.000  0.000  0.000  0.000  0.000  0.000  0.000
  1978   0.000  0.000  0.000  0.000  0.000  0.000  0.000  0.000  0.000  0.000
  1979   0.000  0.000  0.000  0.000  0.000  0.000  0.000  0.000  0.000  0.000
  1980   0.000  0.000  0.000  0.000  0.000  0.000  0.000  0.000  0.000  0.000
  1981   0.000  0.000  0.000  0.000  0.000  0.000  0.000  0.000  0.000  0.000
  1982   0.000  0.000  0.000  0.000  0.000  0.000  0.000  0.000  0.000  0.000
  1983   0.000  0.000  0.000  0.000  0.000  0.000  0.000  0.000  0.000  0.000
  1984   0.000  0.000  0.000  0.000  0.000  0.000  0.000  0.000  0.000  0.000
  1985   0.000  0.000  0.000  0.000  0.000  0.000  0.000  0.000  0.000  0.000
  1986   0.000  0.000  0.000  0.000  0.000  0.000  0.000  0.000  0.000  0.000
  1987   0.000  0.000  0.000  0.000  0.000  0.000  0.000  0.000  0.000  0.000
  1988   0.000  0.000  0.000  0.000  0.000  0.000  0.000  0.000  0.000  0.000
  1989   0.000  0.000  0.000  0.000  0.000  0.000  0.000  0.000  0.000  0.000
  1990   0.000  0.001  0.001  0.000  0.000  0.000  0.000  0.000  0.000  0.000
  1991   0.000  0.001  0.001  0.000  0.000  0.000  0.000  0.000  0.000  0.000
  1992   0.000  0.001  0.001  0.000  0.000  0.000  0.000  0.000  0.000  0.000
  1993   0.000  0.002  0.002  0.000  0.000  0.000  0.000  0.000  0.000  0.000
  1994   0.000  0.001  0.001  0.001  0.000  0.000  0.001  0.001  0.001  0.001
  1995   0.000  0.001  0.001  0.001  0.001  0.001  0.000  0.001  0.001  0.001
  1996   0.001  0.002  0.002  0.001  0.001  0.000  0.001  0.000  0.001  0.001
  1997   0.001  0.002  0.001  0.002  0.001  0.001  0.001  0.001  0.001  0.002
  1998   0.002  0.004  0.003  0.002  0.001  0.003  0.000  0.000  0.001  0.001
  1999   0.002  0.004  0.004  0.003  0.001  0.001  0.001  0.001  0.002  0.002
  2000   0.008  0.008  0.005  0.003  0.003  0.002  0.001  0.001  0.001  0.002
  2001   0.000  0.013  0.006  0.004  0.003  0.002  0.003  0.002  0.002  0.003
  2002  -0.001  0.019  0.016  0.005  0.002  0.003  0.002  0.002  0.003  0.003
  2003  -0.001 -0.004  0.006  0.005  0.006  0.002  0.005  0.003  0.004  0.005
  2004  -0.005 -0.012 -0.005  0.005  0.003  0.005  0.004  0.004  0.006  0.007
  2005  -0.008 -0.024 -0.011 -0.003  0.005  0.006  0.005  0.003  0.011  0.014
  2006  -0.012 -0.009 -0.033 -0.006 -0.001  0.009  0.005  0.005  0.012  0.014
  2007   0.000 -0.010 -0.003 -0.038 -0.013 -0.002  0.010  0.008  0.019  0.022
  2008  -0.001 -0.025 -0.006 -0.004 -0.026 -0.008 -0.002  0.013  0.015  0.018
  2009  -0.001 -0.051 -0.012  0.002  0.005 -0.025 -0.014 -0.002  0.012  0.014
=============================================================================


TABLE 1B. STANDARD ERROR OF FISHING MORTALITY RATE FOR EAST OF 45                                        
====================================================================================================================     
            1          2          3          4          5          6          7          8          9         10
--------------------------------------------------------------------------------------------------------------------     
  1950  0.592E-04  0.928E-04  0.144E-05  0.361E-05  0.141E-04  0.234E-04  0.267E-04  0.323E-04  0.750E-04  0.525E-04
  1951  0.118E-04  0.191E-04  0.139E-04  0.119E-04  0.261E-04  0.351E-04  0.402E-04  0.322E-04  0.766E-04  0.537E-04
  1952  0.154E-05  0.388E-05  0.670E-05  0.707E-05  0.267E-04  0.487E-04  0.633E-04  0.690E-04  0.910E-04  0.637E-04
  1953  0.604E-05  0.112E-04  0.102E-04  0.112E-04  0.489E-04  0.476E-04  0.843E-04  0.957E-04  0.886E-04  0.620E-04
  1954  0.101E-04  0.109E-04  0.173E-05  0.463E-05  0.458E-04  0.706E-04  0.499E-04  0.537E-04  0.127E-03  0.892E-04
  1955  0.115E-04  0.455E-04  0.848E-04  0.389E-04  0.426E-04  0.582E-04  0.912E-04  0.688E-04  0.152E-03  0.107E-03
  1956  0.395E-05  0.348E-04  0.503E-04  0.263E-04  0.298E-04  0.402E-04  0.590E-04  0.103E-03  0.110E-03  0.770E-04
  1957  0.440E-05  0.485E-04  0.921E-04  0.433E-04  0.366E-04  0.812E-04  0.134E-03  0.108E-03  0.137E-03  0.962E-04
  1958  0.227E-04  0.486E-04  0.104E-03  0.613E-04  0.111E-03  0.109E-03  0.950E-04  0.147E-03  0.125E-03  0.876E-04
  1959  0.960E-05  0.789E-04  0.133E-03  0.738E-04  0.477E-04  0.467E-04  0.440E-04  0.516E-04  0.148E-03  0.103E-03
  1960  0.669E-05  0.450E-04  0.779E-04  0.675E-04  0.138E-03  0.104E-03  0.609E-04  0.937E-04  0.137E-03  0.961E-04
  1961  0.980E-05  0.824E-04  0.140E-03  0.112E-03  0.188E-03  0.222E-03  0.712E-04  0.656E-04  0.167E-03  0.117E-03
  1962  0.739E-05  0.539E-04  0.128E-03  0.974E-04  0.149E-03  0.293E-03  0.148E-03  0.183E-03  0.189E-03  0.132E-03
  1963  0.621E-05  0.459E-04  0.101E-03  0.122E-03  0.147E-03  0.143E-03  0.192E-03  0.121E-03  0.102E-03  0.716E-04
  1964  0.129E-04  0.858E-04  0.145E-03  0.154E-03  0.224E-03  0.155E-03  0.160E-03  0.163E-03  0.115E-03  0.808E-04
  1965  0.939E-05  0.739E-04  0.118E-03  0.101E-03  0.103E-03  0.180E-03  0.195E-03  0.972E-04  0.138E-03  0.963E-04
  1966  0.435E-04  0.125E-03  0.321E-03  0.153E-03  0.912E-04  0.171E-03  0.157E-03  0.997E-04  0.820E-04  0.574E-04
  1967  0.975E-04  0.126E-03  0.180E-03  0.189E-03  0.864E-04  0.102E-03  0.261E-03  0.113E-03  0.157E-03  0.110E-03
  1968  0.387E-04  0.117E-03  0.145E-03  0.998E-04  0.113E-03  0.448E-04  0.101E-03  0.146E-03  0.951E-04  0.666E-04
  1969  0.874E-04  0.398E-03  0.314E-03  0.131E-03  0.515E-04  0.600E-04  0.364E-04  0.858E-04  0.136E-03  0.953E-04
  1970  0.611E-04  0.284E-03  0.227E-03  0.146E-03  0.572E-04  0.343E-04  0.652E-04  0.471E-04  0.888E-04  0.888E-04
  1971  0.425E-05  0.266E-03  0.340E-03  0.165E-03  0.135E-03  0.349E-04  0.296E-04  0.893E-04  0.728E-04  0.728E-04
  1972  0.976E-05  0.329E-03  0.533E-03  0.203E-03  0.159E-03  0.119E-03  0.460E-04  0.181E-04  0.536E-04  0.536E-04
  1973  0.108E-04  0.264E-03  0.301E-03  0.159E-03  0.770E-04  0.881E-04  0.139E-03  0.845E-04  0.571E-04  0.571E-04
  1974  0.276E-04  0.353E-03  0.389E-03  0.356E-03  0.256E-03  0.144E-03  0.102E-03  0.127E-03  0.117E-03  0.117E-03
  1975  0.109E-03  0.455E-03  0.353E-03  0.220E-03  0.117E-03  0.250E-03  0.139E-03  0.118E-03  0.152E-03  0.152E-03
  1976  0.177E-04  0.518E-03  0.896E-03  0.338E-03  0.256E-03  0.870E-04  0.176E-03  0.829E-04  0.128E-03  0.128E-03
  1977  0.790E-04  0.524E-03  0.424E-03  0.404E-03  0.700E-04  0.961E-04  0.743E-04  0.176E-03  0.132E-03  0.132E-03
  1978  0.209E-03  0.490E-03  0.486E-03  0.232E-03  0.120E-03  0.351E-04  0.706E-04  0.381E-04  0.108E-03  0.108E-03
  1979  0.256E-04  0.183E-03  0.537E-03  0.289E-03  0.111E-03  0.705E-04  0.528E-04  0.153E-03  0.101E-03  0.101E-03
  1980  0.117E-03  0.422E-03  0.923E-03  0.455E-03  0.102E-03  0.108E-03  0.934E-04  0.507E-04  0.111E-03  0.111E-03
  1981  0.109E-03  0.610E-03  0.780E-03  0.298E-03  0.245E-03  0.719E-04  0.988E-04  0.148E-03  0.862E-04  0.862E-04
  1982  0.576E-03  0.718E-03  0.106E-02  0.523E-03  0.215E-03  0.124E-03  0.773E-04  0.256E-03  0.185E-03  0.185E-03
  1983  0.325E-03  0.598E-03  0.850E-03  0.403E-03  0.276E-03  0.204E-03  0.382E-03  0.123E-03  0.204E-03  0.204E-03
  1984  0.215E-03  0.858E-03  0.432E-03  0.435E-03  0.449E-03  0.357E-03  0.315E-03  0.427E-03  0.240E-03  0.240E-03
  1985  0.172E-03  0.105E-02  0.117E-02  0.459E-03  0.261E-03  0.262E-03  0.149E-03  0.215E-03  0.304E-03  0.182E-03
  1986  0.403E-03  0.729E-03  0.874E-03  0.578E-03  0.137E-03  0.181E-03  0.169E-03  0.136E-03  0.303E-03  0.182E-03
  1987  0.435E-03  0.813E-03  0.914E-03  0.513E-03  0.201E-03  0.133E-03  0.350E-03  0.267E-03  0.289E-03  0.173E-03
  1988  0.866E-03  0.779E-03  0.118E-02  0.642E-03  0.273E-03  0.185E-03  0.229E-03  0.342E-03  0.461E-03  0.277E-03
  1989  0.104E-02  0.135E-02  0.755E-03  0.608E-03  0.644E-03  0.163E-03  0.247E-03  0.182E-03  0.383E-03  0.230E-03
  1990  0.746E-03  0.169E-02  0.164E-02  0.675E-03  0.772E-03  0.280E-03  0.279E-03  0.375E-03  0.481E-03  0.289E-03
  1991  0.614E-03  0.160E-02  0.194E-02  0.889E-03  0.820E-03  0.242E-03  0.259E-03  0.327E-03  0.757E-03  0.454E-03
  1992  0.648E-03  0.277E-02  0.271E-02  0.923E-03  0.510E-03  0.405E-03  0.589E-03  0.757E-03  0.969E-03  0.581E-03
  1993  0.677E-03  0.534E-02  0.456E-02  0.131E-02  0.678E-03  0.513E-03  0.514E-03  0.604E-03  0.101E-02  0.606E-03
  1994  0.140E-02  0.254E-02  0.316E-02  0.141E-02  0.135E-02  0.112E-02  0.164E-02  0.168E-02  0.275E-02  0.165E-02
  1995  0.141E-02  0.303E-02  0.332E-02  0.212E-02  0.208E-02  0.223E-02  0.128E-02  0.177E-02  0.199E-02  0.239E-02
  1996  0.211E-02  0.566E-02  0.660E-02  0.417E-02  0.267E-02  0.130E-02  0.165E-02  0.126E-02  0.299E-02  0.359E-02
  1997  0.238E-02  0.557E-02  0.409E-02  0.512E-02  0.319E-02  0.371E-02  0.210E-02  0.411E-02  0.407E-02  0.489E-02
  1998  0.615E-02  0.109E-01  0.904E-02  0.638E-02  0.388E-02  0.726E-02  0.124E-02  0.122E-02  0.339E-02  0.407E-02
  1999  0.628E-02  0.944E-02  0.959E-02  0.694E-02  0.328E-02  0.176E-02  0.169E-02  0.208E-02  0.449E-02  0.539E-02
  2000  0.189E-01  0.190E-01  0.121E-01  0.766E-02  0.837E-02  0.510E-02  0.216E-02  0.317E-02  0.355E-02  0.425E-02
  2001  0.614E-03  0.303E-01  0.137E-01  0.966E-02  0.664E-02  0.550E-02  0.788E-02  0.537E-02  0.599E-02  0.719E-02
  2002  0.336E-02  0.421E-01  0.338E-01  0.116E-01  0.518E-02  0.705E-02  0.425E-02  0.631E-02  0.671E-02  0.805E-02
  2003  0.212E-02  0.202E-01  0.135E-01  0.106E-01  0.124E-01  0.542E-02  0.128E-01  0.852E-02  0.105E-01  0.126E-01
  2004  0.692E-02  0.287E-01  0.303E-01  0.964E-02  0.574E-02  0.992E-02  0.898E-02  0.944E-02  0.143E-01  0.172E-01
  2005  0.401E-01  0.376E-01  0.284E-01  0.220E-01  0.106E-01  0.116E-01  0.112E-01  0.627E-02  0.260E-01  0.312E-01
  2006  0.515E-01  0.567E-01  0.533E-01  0.168E-01  0.681E-02  0.173E-01  0.904E-02  0.100E-01  0.253E-01  0.303E-01
  2007  0.993E-03  0.586E-01  0.300E-01  0.694E-01  0.390E-01  0.210E-01  0.196E-01  0.159E-01  0.376E-01  0.451E-01
  2008  0.176E-02  0.905E-01  0.526E-01  0.102E+00  0.556E-01  0.287E-01  0.248E-01  0.246E-01  0.282E-01  0.338E-01
  2009  0.290E-02  0.131E+00  0.772E-01  0.178E+00  0.985E-01  0.634E-01  0.594E-01  0.390E-01  0.219E-01  0.263E-01
====================================================================================================================     


TABLE 1C. BIAS OF ABUNDANCE (BY AREA) OF EAST OF 45                                        
====================================================================================================================     
            1          2          3          4          5          6          7          8          9         10
--------------------------------------------------------------------------------------------------------------------     
  1950 -0.426E+03 -0.147E+03 -0.219E+03 -0.106E+03 -0.673E+02 -0.839E+02 -0.536E+02 -0.234E+02 -0.162E+02 -0.187E+02
  1951 -0.364E+03 -0.258E+03 -0.118E+03 -0.172E+03 -0.835E+02 -0.530E+02 -0.686E+02 -0.452E+02 -0.194E+02 -0.271E+02
  1952 -0.642E+03 -0.223E+03 -0.203E+03 -0.926E+02 -0.136E+03 -0.661E+02 -0.415E+02 -0.585E+02 -0.393E+02 -0.383E+02
  1953 -0.577E+03 -0.393E+03 -0.175E+03 -0.160E+03 -0.728E+02 -0.107E+03 -0.548E+02 -0.355E+02 -0.513E+02 -0.626E+02
  1954 -0.668E+03 -0.354E+03 -0.309E+03 -0.138E+03 -0.126E+03 -0.562E+02 -0.885E+02 -0.459E+02 -0.309E+02 -0.927E+02
  1955 -0.454E+03 -0.416E+03 -0.278E+03 -0.243E+03 -0.108E+03 -0.994E+02 -0.470E+02 -0.741E+02 -0.398E+02 -0.114E+03
  1956 -0.242E+03 -0.281E+03 -0.323E+03 -0.218E+03 -0.192E+03 -0.854E+02 -0.804E+02 -0.400E+02 -0.640E+02 -0.146E+03
  1957 -0.132E+03 -0.148E+03 -0.221E+03 -0.255E+03 -0.171E+03 -0.151E+03 -0.683E+02 -0.676E+02 -0.341E+02 -0.186E+03
  1958 -0.260E+03 -0.809E+02 -0.117E+03 -0.172E+03 -0.201E+03 -0.136E+03 -0.124E+03 -0.582E+02 -0.580E+02 -0.195E+03
  1959 -0.240E+03 -0.159E+03 -0.642E+02 -0.920E+02 -0.135E+03 -0.159E+03 -0.112E+03 -0.104E+03 -0.505E+02 -0.227E+03
  1960 -0.209E+03 -0.147E+03 -0.126E+03 -0.501E+02 -0.726E+02 -0.106E+03 -0.130E+03 -0.939E+02 -0.896E+02 -0.265E+03
  1961 -0.299E+03 -0.128E+03 -0.116E+03 -0.989E+02 -0.395E+02 -0.574E+02 -0.869E+02 -0.108E+03 -0.812E+02 -0.308E+03
  1962 -0.770E+03 -0.183E+03 -0.100E+03 -0.917E+02 -0.770E+02 -0.312E+02 -0.473E+02 -0.730E+02 -0.934E+02 -0.352E+03
  1963 -0.110E+04 -0.471E+03 -0.145E+03 -0.796E+02 -0.718E+02 -0.601E+02 -0.252E+02 -0.397E+02 -0.631E+02 -0.424E+03
  1964 -0.945E+03 -0.675E+03 -0.367E+03 -0.114E+03 -0.621E+02 -0.565E+02 -0.493E+02 -0.213E+02 -0.342E+02 -0.466E+03
  1965 -0.221E+04 -0.579E+03 -0.528E+03 -0.287E+03 -0.901E+02 -0.487E+02 -0.464E+02 -0.415E+02 -0.183E+02 -0.398E+03
  1966 -0.103E+04 -0.135E+04 -0.455E+03 -0.417E+03 -0.226E+03 -0.699E+02 -0.399E+02 -0.392E+02 -0.359E+02 -0.375E+03
  1967 -0.420E+03 -0.629E+03 -0.107E+04 -0.360E+03 -0.329E+03 -0.178E+03 -0.573E+02 -0.334E+02 -0.339E+02 -0.409E+03
  1968 -0.393E+03 -0.260E+03 -0.492E+03 -0.837E+03 -0.281E+03 -0.259E+03 -0.145E+03 -0.479E+02 -0.289E+02 -0.395E+03
  1969 -0.415E+03 -0.241E+03 -0.204E+03 -0.387E+03 -0.657E+03 -0.220E+03 -0.212E+03 -0.123E+03 -0.409E+02 -0.381E+03
  1970 -0.289E+03 -0.255E+03 -0.189E+03 -0.161E+03 -0.305E+03 -0.517E+03 -0.181E+03 -0.178E+03 -0.105E+03 -0.428E+03
  1971 -0.969E+03 -0.178E+03 -0.201E+03 -0.148E+03 -0.128E+03 -0.240E+03 -0.423E+03 -0.152E+03 -0.153E+03 -0.515E+03
  1972 -0.655E+03 -0.594E+03 -0.141E+03 -0.159E+03 -0.117E+03 -0.100E+03 -0.196E+03 -0.355E+03 -0.131E+03 -0.691E+03
  1973 -0.123E+04 -0.401E+03 -0.469E+03 -0.111E+03 -0.125E+03 -0.919E+02 -0.818E+02 -0.166E+03 -0.306E+03 -0.726E+03
  1974 -0.763E+03 -0.753E+03 -0.317E+03 -0.367E+03 -0.873E+02 -0.985E+02 -0.754E+02 -0.690E+02 -0.143E+03 -0.715E+03
  1975 -0.919E+03 -0.467E+03 -0.594E+03 -0.249E+03 -0.287E+03 -0.683E+02 -0.808E+02 -0.634E+02 -0.596E+02 -0.722E+03
  1976 -0.159E+04 -0.566E+03 -0.370E+03 -0.469E+03 -0.196E+03 -0.226E+03 -0.560E+02 -0.681E+02 -0.548E+02 -0.741E+03
  1977 -0.460E+03 -0.977E+03 -0.442E+03 -0.290E+03 -0.370E+03 -0.155E+03 -0.185E+03 -0.471E+02 -0.586E+02 -0.763E+03
  1978 -0.468E+03 -0.279E+03 -0.770E+03 -0.346E+03 -0.228E+03 -0.291E+03 -0.127E+03 -0.156E+03 -0.405E+02 -0.765E+03
  1979 -0.600E+03 -0.285E+03 -0.217E+03 -0.607E+03 -0.272E+03 -0.180E+03 -0.238E+03 -0.106E+03 -0.134E+03 -0.731E+03
  1980 -0.605E+03 -0.368E+03 -0.225E+03 -0.172E+03 -0.477E+03 -0.214E+03 -0.147E+03 -0.200E+03 -0.913E+02 -0.818E+03
  1981 -0.758E+03 -0.373E+03 -0.290E+03 -0.176E+03 -0.135E+03 -0.375E+03 -0.175E+03 -0.123E+03 -0.172E+03 -0.875E+03
  1982 -0.178E+04 -0.466E+03 -0.295E+03 -0.227E+03 -0.138E+03 -0.106E+03 -0.307E+03 -0.147E+03 -0.107E+03 -0.837E+03
  1983 -0.152E+04 -0.108E+04 -0.366E+03 -0.230E+03 -0.178E+03 -0.109E+03 -0.871E+02 -0.258E+03 -0.126E+03 -0.879E+03
  1984 -0.122E+04 -0.919E+03 -0.849E+03 -0.286E+03 -0.182E+03 -0.141E+03 -0.891E+02 -0.729E+02 -0.222E+03 -0.872E+03
  1985 -0.106E+04 -0.750E+03 -0.720E+03 -0.669E+03 -0.225E+03 -0.143E+03 -0.115E+03 -0.747E+02 -0.628E+02 -0.989E+03
  1986 -0.135E+04 -0.650E+03 -0.591E+03 -0.566E+03 -0.526E+03 -0.176E+03 -0.117E+03 -0.967E+02 -0.644E+02 -0.922E+03
  1987 -0.209E+04 -0.825E+03 -0.510E+03 -0.465E+03 -0.444E+03 -0.415E+03 -0.145E+03 -0.986E+02 -0.832E+02 -0.880E+03
  1988 -0.246E+04 -0.128E+04 -0.643E+03 -0.400E+03 -0.366E+03 -0.349E+03 -0.340E+03 -0.122E+03 -0.851E+02 -0.904E+03
  1989 -0.564E+04 -0.149E+04 -0.101E+04 -0.506E+03 -0.315E+03 -0.287E+03 -0.285E+03 -0.285E+03 -0.105E+03 -0.908E+03
  1990 -0.455E+04 -0.345E+04 -0.117E+04 -0.793E+03 -0.397E+03 -0.248E+03 -0.235E+03 -0.239E+03 -0.246E+03 -0.882E+03
  1991 -0.107E+05 -0.278E+04 -0.271E+04 -0.920E+03 -0.622E+03 -0.312E+03 -0.203E+03 -0.197E+03 -0.206E+03 -0.100E+04
  1992 -0.101E+05 -0.655E+04 -0.218E+04 -0.213E+04 -0.724E+03 -0.488E+03 -0.255E+03 -0.170E+03 -0.170E+03 -0.110E+04
  1993 -0.101E+05 -0.621E+04 -0.515E+04 -0.171E+04 -0.167E+04 -0.568E+03 -0.400E+03 -0.214E+03 -0.146E+03 -0.115E+04
  1994 -0.126E+05 -0.617E+04 -0.486E+04 -0.404E+04 -0.135E+04 -0.131E+04 -0.465E+03 -0.336E+03 -0.184E+03 -0.118E+04
  1995 -0.111E+05 -0.774E+04 -0.485E+04 -0.381E+04 -0.318E+04 -0.106E+04 -0.108E+04 -0.389E+03 -0.289E+03 -0.122E+04
  1996 -0.128E+05 -0.680E+04 -0.608E+04 -0.381E+04 -0.300E+04 -0.250E+04 -0.868E+03 -0.904E+03 -0.335E+03 -0.136E+04
  1997 -0.104E+05 -0.783E+04 -0.533E+04 -0.477E+04 -0.299E+04 -0.236E+04 -0.205E+04 -0.728E+03 -0.778E+03 -0.153E+04
  1998 -0.590E+05 -0.639E+04 -0.614E+04 -0.419E+04 -0.375E+04 -0.235E+04 -0.193E+04 -0.172E+04 -0.626E+03 -0.207E+04
  1999 -0.471E+05 -0.361E+05 -0.499E+04 -0.481E+04 -0.329E+04 -0.295E+04 -0.192E+04 -0.162E+04 -0.148E+04 -0.242E+04
  2000 -0.618E+05 -0.288E+05 -0.284E+05 -0.392E+04 -0.378E+04 -0.259E+04 -0.241E+04 -0.161E+04 -0.139E+04 -0.350E+04
  2001 -0.682E+05 -0.376E+05 -0.226E+05 -0.223E+05 -0.308E+04 -0.297E+04 -0.212E+04 -0.202E+04 -0.139E+04 -0.440E+04
  2002  0.573E+05 -0.418E+05 -0.295E+05 -0.178E+05 -0.176E+05 -0.242E+04 -0.243E+04 -0.178E+04 -0.174E+04 -0.522E+04
  2003  0.164E+06  0.351E+05 -0.327E+05 -0.232E+05 -0.140E+05 -0.138E+05 -0.198E+04 -0.204E+04 -0.153E+04 -0.626E+04
  2004  0.248E+06  0.100E+06  0.276E+05 -0.257E+05 -0.182E+05 -0.110E+05 -0.113E+05 -0.166E+04 -0.176E+04 -0.700E+04
  2005  0.600E+05  0.152E+06  0.789E+05  0.217E+05 -0.202E+05 -0.143E+05 -0.900E+04 -0.949E+04 -0.143E+04 -0.789E+04
  2006  0.611E+05  0.367E+05  0.119E+06  0.620E+05  0.171E+05 -0.159E+05 -0.117E+05 -0.755E+04 -0.817E+04 -0.839E+04
  2007  0.406E+05  0.374E+05  0.288E+05  0.938E+05  0.488E+05  0.134E+05 -0.130E+05 -0.984E+04 -0.650E+04 -0.148E+05
  2008  0.204E+05  0.249E+05  0.294E+05  0.227E+05  0.737E+05  0.384E+05  0.110E+05 -0.109E+05 -0.847E+04 -0.191E+05
  2009  0.130E+05  0.125E+05  0.196E+05  0.231E+05  0.178E+05  0.579E+05  0.314E+05  0.922E+04 -0.941E+04 -0.248E+05
  2010             0.799E+04  0.982E+04  0.154E+05  0.182E+05  0.140E+05  0.474E+05  0.264E+05  0.794E+04 -0.307E+05
====================================================================================================================     


TABLE 1D. STANDARD ERROR OF ABUNDANCE (BY AREA) OF EAST OF 45                                        
====================================================================================================================     
            1          2          3          4          5          6          7          8          9         10
--------------------------------------------------------------------------------------------------------------------     
  1950  0.150E+04  0.533E+03  0.768E+03  0.398E+03  0.251E+03  0.300E+03  0.169E+03  0.640E+02  0.400E+02  0.461E+02
  1951  0.132E+04  0.920E+03  0.418E+03  0.604E+03  0.313E+03  0.198E+03  0.246E+03  0.142E+03  0.549E+02  0.765E+02
  1952  0.220E+04  0.807E+03  0.723E+03  0.329E+03  0.475E+03  0.246E+03  0.161E+03  0.206E+03  0.122E+03  0.119E+03
  1953  0.206E+04  0.135E+04  0.635E+03  0.569E+03  0.259E+03  0.374E+03  0.202E+03  0.135E+03  0.178E+03  0.217E+03
  1954  0.235E+04  0.126E+04  0.106E+04  0.500E+03  0.448E+03  0.203E+03  0.306E+03  0.169E+03  0.116E+03  0.349E+03
  1955  0.151E+04  0.144E+04  0.995E+03  0.834E+03  0.393E+03  0.352E+03  0.167E+03  0.257E+03  0.146E+03  0.418E+03
  1956  0.768E+03  0.927E+03  0.113E+04  0.782E+03  0.657E+03  0.310E+03  0.288E+03  0.140E+03  0.221E+03  0.506E+03
  1957  0.468E+03  0.470E+03  0.730E+03  0.892E+03  0.615E+03  0.517E+03  0.253E+03  0.242E+03  0.120E+03  0.656E+03
  1958  0.919E+03  0.287E+03  0.370E+03  0.574E+03  0.702E+03  0.483E+03  0.423E+03  0.212E+03  0.209E+03  0.702E+03
  1959  0.787E+03  0.563E+03  0.226E+03  0.291E+03  0.451E+03  0.552E+03  0.395E+03  0.355E+03  0.183E+03  0.821E+03
  1960  0.682E+03  0.482E+03  0.443E+03  0.177E+03  0.229E+03  0.355E+03  0.452E+03  0.332E+03  0.306E+03  0.904E+03
  1961  0.964E+03  0.418E+03  0.380E+03  0.348E+03  0.140E+03  0.180E+03  0.290E+03  0.379E+03  0.285E+03  0.108E+04
  1962  0.221E+04  0.591E+03  0.329E+03  0.299E+03  0.274E+03  0.110E+03  0.147E+03  0.244E+03  0.327E+03  0.123E+04
  1963  0.300E+04  0.135E+04  0.465E+03  0.258E+03  0.235E+03  0.215E+03  0.896E+02  0.124E+03  0.210E+03  0.141E+04
  1964  0.224E+04  0.184E+04  0.106E+04  0.366E+03  0.203E+03  0.185E+03  0.176E+03  0.752E+02  0.106E+03  0.145E+04
  1965  0.531E+04  0.137E+04  0.145E+04  0.836E+03  0.287E+03  0.160E+03  0.151E+03  0.148E+03  0.647E+02  0.141E+04
  1966  0.319E+04  0.325E+04  0.108E+04  0.114E+04  0.658E+03  0.226E+03  0.131E+03  0.127E+03  0.127E+03  0.133E+04
  1967  0.144E+04  0.195E+04  0.256E+04  0.849E+03  0.895E+03  0.517E+03  0.185E+03  0.110E+03  0.109E+03  0.132E+04
  1968  0.126E+04  0.880E+03  0.154E+04  0.201E+04  0.668E+03  0.704E+03  0.423E+03  0.155E+03  0.945E+02  0.129E+04
  1969  0.127E+04  0.775E+03  0.692E+03  0.121E+04  0.158E+04  0.525E+03  0.577E+03  0.355E+03  0.134E+03  0.124E+04
  1970  0.858E+03  0.780E+03  0.609E+03  0.544E+03  0.951E+03  0.124E+04  0.430E+03  0.484E+03  0.306E+03  0.124E+04
  1971  0.281E+04  0.526E+03  0.613E+03  0.479E+03  0.428E+03  0.748E+03  0.102E+04  0.361E+03  0.416E+03  0.140E+04
  1972  0.181E+04  0.172E+04  0.413E+03  0.482E+03  0.376E+03  0.337E+03  0.613E+03  0.855E+03  0.310E+03  0.164E+04
  1973  0.320E+04  0.111E+04  0.135E+04  0.324E+03  0.379E+03  0.296E+03  0.276E+03  0.515E+03  0.736E+03  0.175E+04
  1974  0.225E+04  0.196E+04  0.874E+03  0.106E+04  0.255E+03  0.298E+03  0.242E+03  0.231E+03  0.444E+03  0.222E+04
  1975  0.257E+04  0.138E+04  0.154E+04  0.687E+03  0.837E+03  0.201E+03  0.244E+03  0.203E+03  0.199E+03  0.241E+04
  1976  0.469E+04  0.157E+04  0.108E+04  0.121E+04  0.540E+03  0.658E+03  0.164E+03  0.205E+03  0.175E+03  0.237E+04
  1977  0.133E+04  0.287E+04  0.124E+04  0.845E+03  0.952E+03  0.425E+03  0.539E+03  0.138E+03  0.176E+03  0.230E+04
  1978  0.140E+04  0.812E+03  0.226E+04  0.971E+03  0.665E+03  0.749E+03  0.348E+03  0.452E+03  0.119E+03  0.224E+04
  1979  0.183E+04  0.856E+03  0.637E+03  0.177E+04  0.764E+03  0.523E+03  0.613E+03  0.292E+03  0.389E+03  0.213E+04
  1980  0.181E+04  0.112E+04  0.673E+03  0.501E+03  0.139E+04  0.601E+03  0.428E+03  0.515E+03  0.251E+03  0.225E+04
  1981  0.219E+04  0.111E+04  0.880E+03  0.528E+03  0.394E+03  0.110E+04  0.492E+03  0.360E+03  0.443E+03  0.225E+04
  1982  0.529E+04  0.134E+04  0.867E+03  0.691E+03  0.415E+03  0.309E+03  0.898E+03  0.413E+03  0.309E+03  0.243E+04
  1983  0.451E+04  0.323E+04  0.105E+04  0.679E+03  0.543E+03  0.327E+03  0.253E+03  0.754E+03  0.356E+03  0.247E+04
  1984  0.367E+04  0.276E+04  0.254E+04  0.824E+03  0.534E+03  0.427E+03  0.267E+03  0.213E+03  0.649E+03  0.255E+04
  1985  0.314E+04  0.225E+04  0.216E+04  0.200E+04  0.648E+03  0.420E+03  0.350E+03  0.224E+03  0.183E+03  0.288E+04
  1986  0.396E+04  0.192E+04  0.176E+04  0.169E+04  0.157E+04  0.510E+03  0.344E+03  0.293E+03  0.193E+03  0.276E+04
  1987  0.620E+04  0.242E+04  0.151E+04  0.138E+04  0.133E+04  0.124E+04  0.417E+03  0.289E+03  0.253E+03  0.267E+04
  1988  0.726E+04  0.379E+04  0.190E+04  0.119E+04  0.109E+04  0.105E+04  0.101E+04  0.350E+03  0.248E+03  0.264E+04
  1989  0.167E+05  0.443E+04  0.298E+04  0.149E+04  0.932E+03  0.857E+03  0.858E+03  0.850E+03  0.301E+03  0.261E+04
  1990  0.134E+05  0.102E+05  0.347E+04  0.234E+04  0.117E+04  0.733E+03  0.701E+03  0.720E+03  0.731E+03  0.263E+04
  1991  0.317E+05  0.822E+04  0.802E+04  0.273E+04  0.184E+04  0.920E+03  0.600E+03  0.589E+03  0.620E+03  0.302E+04
  1992  0.299E+05  0.194E+05  0.646E+04  0.630E+04  0.214E+04  0.145E+04  0.753E+03  0.504E+03  0.507E+03  0.328E+04
  1993  0.298E+05  0.183E+05  0.152E+05  0.506E+04  0.495E+04  0.169E+04  0.119E+04  0.632E+03  0.434E+03  0.342E+04
  1994  0.372E+05  0.182E+05  0.144E+05  0.120E+05  0.398E+04  0.390E+04  0.138E+04  0.996E+03  0.544E+03  0.347E+04
  1995  0.327E+05  0.228E+05  0.143E+05  0.113E+05  0.941E+04  0.313E+04  0.319E+04  0.116E+04  0.857E+03  0.362E+04
  1996  0.377E+05  0.200E+05  0.179E+05  0.112E+05  0.887E+04  0.740E+04  0.256E+04  0.268E+04  0.996E+03  0.403E+04
  1997  0.307E+05  0.231E+05  0.157E+05  0.141E+05  0.883E+04  0.698E+04  0.606E+04  0.215E+04  0.230E+04  0.452E+04
  1998  0.174E+06  0.188E+05  0.181E+05  0.123E+05  0.110E+05  0.695E+04  0.571E+04  0.508E+04  0.185E+04  0.612E+04
  1999  0.138E+06  0.106E+06  0.147E+05  0.142E+05  0.968E+04  0.868E+04  0.568E+04  0.479E+04  0.438E+04  0.717E+04
  2000  0.181E+06  0.847E+05  0.837E+05  0.115E+05  0.111E+05  0.761E+04  0.711E+04  0.477E+04  0.413E+04  0.103E+05
  2001  0.200E+06  0.111E+06  0.665E+05  0.658E+05  0.907E+04  0.876E+04  0.623E+04  0.597E+04  0.410E+04  0.130E+05
  2002  0.205E+06  0.123E+06  0.868E+05  0.523E+05  0.517E+05  0.714E+04  0.717E+04  0.523E+04  0.514E+04  0.154E+05
  2003  0.325E+06  0.126E+06  0.962E+05  0.681E+05  0.411E+05  0.407E+05  0.584E+04  0.602E+04  0.450E+04  0.184E+05
  2004  0.361E+06  0.199E+06  0.989E+05  0.757E+05  0.536E+05  0.323E+05  0.333E+05  0.490E+04  0.518E+04  0.206E+05
  2005  0.183E+06  0.221E+06  0.157E+06  0.777E+05  0.595E+05  0.421E+05  0.265E+05  0.280E+05  0.422E+04  0.232E+05
  2006  0.157E+06  0.112E+06  0.173E+06  0.123E+06  0.611E+05  0.468E+05  0.345E+05  0.222E+05  0.241E+05  0.247E+05
  2007  0.723E+05  0.960E+05  0.876E+05  0.136E+06  0.968E+05  0.480E+05  0.383E+05  0.290E+05  0.191E+05  0.436E+05
  2008  0.239E+05  0.443E+05  0.754E+05  0.689E+05  0.107E+06  0.761E+05  0.393E+05  0.322E+05  0.249E+05  0.563E+05
  2009  0.245E+05  0.147E+05  0.347E+05  0.593E+05  0.541E+05  0.841E+05  0.623E+05  0.330E+05  0.277E+05  0.729E+05
  2010             0.150E+05  0.115E+05  0.273E+05  0.465E+05  0.425E+05  0.689E+05  0.523E+05  0.284E+05  0.904E+05
====================================================================================================================     


TABLE 1E. PARAMETER ESTIMATES FOR EAST OF 45                                        
==================================================================
 
 TERMINAL AGE STRUCTURE OF POPULATION ABUNDANCE
                  Average of               Std.              
  Age      MLE    bootstraps    Bias       Error   % CV      
  ---  ---------- ---------- ---------- ---------- -----     
    2   0.104E+06  0.968E+05  0.799E+04  0.150E+05  15.5
    3   0.482E+05  0.466E+05  0.982E+04  0.115E+05  24.6
    4   0.880E+05  0.952E+05  0.154E+05  0.273E+05  28.7
    5   0.939E+05  0.117E+06  0.182E+05  0.465E+05  39.6
    6   0.973E+05  0.109E+06  0.140E+05  0.425E+05  38.9
    7   0.152E+06  0.186E+06  0.474E+05  0.689E+05  37.0
    8   0.142E+06  0.163E+06  0.264E+05  0.523E+05  32.1
    9   0.938E+05  0.107E+06  0.794E+04  0.284E+05  26.4
   10   0.394E+06  0.365E+06 -0.307E+05  0.904E+05  24.8
 
 TERMINAL AGE STRUCTURE OF FISHING MORTALITY RATE
                  Average of               Std.              
  Age      MLE    bootstraps    Bias       Error   % CV      
  ---  ---------- ---------- ---------- ---------- -----     
    1   0.100E-01  0.112E-01 -0.531E-03  0.290E-02  25.9
    2   0.345E+00  0.381E+00 -0.508E-01  0.131E+00  34.5
    3   0.187E+00  0.192E+00 -0.119E-01  0.772E-01  40.2
    4   0.402E+00  0.386E+00  0.178E-02  0.178E+00  46.2
    5   0.201E+00  0.210E+00  0.532E-02  0.985E-01  46.9
    6   0.168E+00  0.158E+00 -0.245E-01  0.634E-01  40.1
    7   0.193E+00  0.186E+00 -0.137E-01  0.594E-01  31.9
    8   0.173E+00  0.162E+00 -0.221E-02  0.390E-01  24.0
    9   0.872E-01  0.988E-01  0.118E-01  0.219E-01  22.2
   10   0.105E+00  0.119E+00  0.142E-01  0.263E-01  22.2
 
 RATIO OF FISHING MORTALITY RATE ON LAST TWO AGES (F-RATIO)
                  Average of               Std.              
 Year      MLE    bootstraps    Bias       Error   % CV      
 ----  ---------- ---------- ---------- ---------- -----     
 1950   0.700E+00  0.700E+00  0.000E+00  0.299E-07   0.0
 1951   0.700E+00  0.700E+00  0.000E+00  0.257E-07   0.0
 1952   0.700E+00  0.700E+00  0.000E+00  0.238E-07   0.0
 1953   0.700E+00  0.700E+00  0.000E+00  0.312E-07   0.0
 1954   0.700E+00  0.700E+00  0.000E+00  0.220E-07   0.0
 1955   0.700E+00  0.700E+00  0.000E+00  0.235E-07   0.0
 1956   0.700E+00  0.700E+00  0.000E+00  0.237E-07   0.0
 1957   0.700E+00  0.700E+00  0.000E+00  0.219E-07   0.0
 1958   0.700E+00  0.700E+00  0.000E+00  0.266E-07   0.0
 1959   0.700E+00  0.700E+00  0.000E+00  0.270E-07   0.0
 1960   0.700E+00  0.700E+00  0.000E+00  0.176E-07   0.0
 1961   0.700E+00  0.700E+00  0.000E+00  0.256E-07   0.0
 1962   0.700E+00  0.700E+00  0.000E+00  0.254E-07   0.0
 1963   0.700E+00  0.700E+00  0.000E+00  0.280E-07   0.0
 1964   0.700E+00  0.700E+00  0.000E+00  0.267E-07   0.0
 1965   0.700E+00  0.700E+00  0.000E+00  0.229E-07   0.0
 1966   0.700E+00  0.700E+00  0.000E+00  0.273E-07   0.0
 1967   0.700E+00  0.700E+00  0.000E+00  0.214E-07   0.0
 1968   0.700E+00  0.700E+00  0.000E+00  0.265E-07   0.0
 1969   0.700E+00  0.700E+00  0.000E+00  0.265E-07   0.0
 1970   0.100E+01  0.100E+01  0.000E+00  0.000E+00   0.0
 1971   0.100E+01  0.100E+01  0.000E+00  0.000E+00   0.0
 1972   0.100E+01  0.100E+01  0.000E+00  0.000E+00   0.0
 1973   0.100E+01  0.100E+01  0.000E+00  0.000E+00   0.0
 1974   0.100E+01  0.100E+01  0.000E+00  0.000E+00   0.0
 1975   0.100E+01  0.100E+01  0.000E+00  0.000E+00   0.0
 1976   0.100E+01  0.100E+01  0.000E+00  0.000E+00   0.0
 1977   0.100E+01  0.100E+01  0.000E+00  0.000E+00   0.0
 1978   0.100E+01  0.100E+01  0.000E+00  0.000E+00   0.0
 1979   0.100E+01  0.100E+01  0.000E+00  0.000E+00   0.0
 1980   0.100E+01  0.100E+01  0.000E+00  0.000E+00   0.0
 1981   0.100E+01  0.100E+01  0.000E+00  0.000E+00   0.0
 1982   0.100E+01  0.100E+01  0.000E+00  0.000E+00   0.0
 1983   0.100E+01  0.100E+01  0.000E+00  0.000E+00   0.0
 1984   0.100E+01  0.100E+01  0.000E+00  0.000E+00   0.0
 1985   0.600E+00  0.600E+00  0.000E+00  0.222E-07   0.0
 1986   0.600E+00  0.600E+00  0.000E+00  0.228E-07   0.0
 1987   0.600E+00  0.600E+00  0.000E+00  0.251E-07   0.0
 1988   0.600E+00  0.600E+00  0.000E+00  0.165E-07   0.0
 1989   0.600E+00  0.600E+00  0.000E+00  0.211E-07   0.0
 1990   0.600E+00  0.600E+00  0.000E+00  0.180E-07   0.0
 1991   0.600E+00  0.600E+00  0.000E+00  0.244E-07   0.0
 1992   0.600E+00  0.600E+00  0.000E+00  0.212E-07   0.0
 1993   0.600E+00  0.600E+00  0.000E+00  0.219E-07   0.0
 1994   0.600E+00  0.600E+00  0.000E+00  0.201E-07   0.0
 1995   0.120E+01  0.120E+01  0.000E+00  0.322E-07   0.0
 1996   0.120E+01  0.120E+01  0.000E+00  0.412E-07   0.0
 1997   0.120E+01  0.120E+01  0.000E+00  0.397E-07   0.0
 1998   0.120E+01  0.120E+01  0.000E+00  0.414E-07   0.0
 1999   0.120E+01  0.120E+01  0.000E+00  0.378E-07   0.0
 2000   0.120E+01  0.120E+01  0.000E+00  0.413E-07   0.0
 2001   0.120E+01  0.120E+01  0.000E+00  0.427E-07   0.0
 2002   0.120E+01  0.120E+01  0.000E+00  0.455E-07   0.0
 2003   0.120E+01  0.120E+01  0.000E+00  0.384E-07   0.0
 2004   0.120E+01  0.120E+01  0.000E+00  0.422E-07   0.0
 2005   0.120E+01  0.120E+01  0.000E+00  0.471E-07   0.0
 2006   0.120E+01  0.120E+01  0.000E+00  0.420E-07   0.0
 2007   0.120E+01  0.120E+01  0.000E+00  0.462E-07   0.0
 2008   0.120E+01  0.120E+01  0.000E+00  0.435E-07   0.0
 2009   0.120E+01  0.120E+01  0.000E+00  0.433E-07   0.0
 
 NATURAL MORTALITY RATE
                  Average of               Std.              
  Age      MLE    bootstraps    Bias       Error   % CV      
  ---  ---------- ---------- ---------- ---------- -----     
    1   0.490E+00  0.490E+00  0.000E+00  0.000E+00   0.0
    2   0.240E+00  0.240E+00  0.000E+00  0.000E+00   0.0
    3   0.240E+00  0.240E+00  0.000E+00  0.000E+00   0.0
    4   0.240E+00  0.240E+00  0.000E+00  0.000E+00   0.0
    5   0.240E+00  0.240E+00  0.000E+00  0.000E+00   0.0
    6   0.200E+00  0.200E+00  0.000E+00  0.000E+00   0.0
    7   0.175E+00  0.175E+00  0.000E+00  0.000E+00   0.0
    8   0.150E+00  0.150E+00  0.000E+00  0.000E+00   0.0
    9   0.125E+00  0.125E+00  0.000E+00  0.000E+00   0.0
   10   0.100E+00  0.100E+00  0.000E+00  0.000E+00   0.0
 
 TRANSFER COEFFICIENTS
                  Average of               Std.              
  Age      MLE    bootstraps    Bias       Error   % CV      
  ---  ---------- ---------- ---------- ---------- -----     
    1   0.000E+00  0.000E+00  0.000E+00  0.000E+00   0.0
    2   0.000E+00  0.000E+00  0.000E+00  0.000E+00   0.0
    3   0.000E+00  0.000E+00  0.000E+00  0.000E+00   0.0
    4   0.000E+00  0.000E+00  0.000E+00  0.000E+00   0.0
    5   0.000E+00  0.000E+00  0.000E+00  0.000E+00   0.0
    6   0.000E+00  0.000E+00  0.000E+00  0.000E+00   0.0
    7   0.000E+00  0.000E+00  0.000E+00  0.000E+00   0.0
    8   0.000E+00  0.000E+00  0.000E+00  0.000E+00   0.0
    9   0.000E+00  0.000E+00  0.000E+00  0.000E+00   0.0
   10   0.000E+00  0.000E+00  0.000E+00  0.000E+00   0.0
 
 
 VARIANCE SCALING PARAMETERS
                  Average of               Std.              
 Index     MLE    bootstraps    Bias       Error   % CV      
 ----- ---------- ---------- ---------- ---------- -----     
    1   0.862E+00  0.852E+00 -0.997E-02  0.785E-01   9.2
    2   0.862E+00  0.852E+00 -0.997E-02  0.785E-01   9.2
    3   0.862E+00  0.852E+00 -0.997E-02  0.785E-01   9.2
    4   0.862E+00  0.852E+00 -0.997E-02  0.785E-01   9.2
    5   0.862E+00  0.852E+00 -0.997E-02  0.785E-01   9.2
    6   0.862E+00  0.852E+00 -0.997E-02  0.785E-01   9.2
    7   0.862E+00  0.852E+00 -0.997E-02  0.785E-01   9.2
    8   0.862E+00  0.852E+00 -0.997E-02  0.785E-01   9.2
    9   0.862E+00  0.852E+00 -0.997E-02  0.785E-01   9.2
   10   0.862E+00  0.852E+00 -0.997E-02  0.785E-01   9.2
   11   0.862E+00  0.852E+00 -0.997E-02  0.785E-01   9.2
   12   0.862E+00  0.852E+00 -0.997E-02  0.785E-01   9.2
 
 CATCHABILITY COEFFICIENTS
                         Average of               Std.           
 Index  Year      MLE    bootstraps    Bias       Error   % CV   
 -----  ----  ---------- ---------- ---------- ---------- -----  
    1   1950   0.158E-05  0.162E-05 -0.172E-06  0.169E-06  10.5
    1   1951   0.158E-05  0.162E-05 -0.172E-06  0.169E-06  10.5
    1   1952   0.158E-05  0.162E-05 -0.172E-06  0.169E-06  10.5
    1   1953   0.158E-05  0.162E-05 -0.172E-06  0.169E-06  10.5
    1   1954   0.158E-05  0.162E-05 -0.172E-06  0.169E-06  10.5
    1   1955   0.158E-05  0.162E-05 -0.172E-06  0.169E-06  10.5
    1   1956   0.158E-05  0.162E-05 -0.172E-06  0.169E-06  10.5
    1   1957   0.158E-05  0.162E-05 -0.172E-06  0.169E-06  10.5
    1   1958   0.158E-05  0.162E-05 -0.172E-06  0.169E-06  10.5
    1   1959   0.158E-05  0.162E-05 -0.172E-06  0.169E-06  10.5
    1   1960   0.158E-05  0.162E-05 -0.172E-06  0.169E-06  10.5
    1   1961   0.158E-05  0.162E-05 -0.172E-06  0.169E-06  10.5
    1   1962   0.158E-05  0.162E-05 -0.172E-06  0.169E-06  10.5
    1   1963   0.158E-05  0.162E-05 -0.172E-06  0.169E-06  10.5
    1   1964   0.158E-05  0.162E-05 -0.172E-06  0.169E-06  10.5
    1   1965   0.158E-05  0.162E-05 -0.172E-06  0.169E-06  10.5
    1   1966   0.158E-05  0.162E-05 -0.172E-06  0.169E-06  10.5
    1   1967   0.158E-05  0.162E-05 -0.172E-06  0.169E-06  10.5
    1   1968   0.158E-05  0.162E-05 -0.172E-06  0.169E-06  10.5
    1   1969   0.158E-05  0.162E-05 -0.172E-06  0.169E-06  10.5
    1   1970   0.158E-05  0.162E-05 -0.172E-06  0.169E-06  10.5
    1   1971   0.158E-05  0.162E-05 -0.172E-06  0.169E-06  10.5
    1   1972   0.158E-05  0.162E-05 -0.172E-06  0.169E-06  10.5
    1   1973   0.158E-05  0.162E-05 -0.172E-06  0.169E-06  10.5
    1   1974   0.158E-05  0.162E-05 -0.172E-06  0.169E-06  10.5
    1   1975   0.158E-05  0.162E-05 -0.172E-06  0.169E-06  10.5
    1   1976   0.158E-05  0.162E-05 -0.172E-06  0.169E-06  10.5
    1   1977   0.158E-05  0.162E-05 -0.172E-06  0.169E-06  10.5
    1   1978   0.158E-05  0.162E-05 -0.172E-06  0.169E-06  10.5
    1   1979   0.158E-05  0.162E-05 -0.172E-06  0.169E-06  10.5
    1   1980   0.158E-05  0.162E-05 -0.172E-06  0.169E-06  10.5
    1   1981   0.158E-05  0.162E-05 -0.172E-06  0.169E-06  10.5
    1   1982   0.158E-05  0.162E-05 -0.172E-06  0.169E-06  10.5
    1   1983   0.158E-05  0.162E-05 -0.172E-06  0.169E-06  10.5
    1   1984   0.158E-05  0.162E-05 -0.172E-06  0.169E-06  10.5
    1   1985   0.158E-05  0.162E-05 -0.172E-06  0.169E-06  10.5
    1   1986   0.158E-05  0.162E-05 -0.172E-06  0.169E-06  10.5
    1   1987   0.158E-05  0.162E-05 -0.172E-06  0.169E-06  10.5
    1   1988   0.158E-05  0.162E-05 -0.172E-06  0.169E-06  10.5
    1   1989   0.158E-05  0.162E-05 -0.172E-06  0.169E-06  10.5
    1   1990   0.158E-05  0.162E-05 -0.172E-06  0.169E-06  10.5
    1   1991   0.158E-05  0.162E-05 -0.172E-06  0.169E-06  10.5
    1   1992   0.158E-05  0.162E-05 -0.172E-06  0.169E-06  10.5
    1   1993   0.158E-05  0.162E-05 -0.172E-06  0.169E-06  10.5
    1   1994   0.158E-05  0.162E-05 -0.172E-06  0.169E-06  10.5
    1   1995   0.158E-05  0.162E-05 -0.172E-06  0.169E-06  10.5
    1   1996   0.158E-05  0.162E-05 -0.172E-06  0.169E-06  10.5
    1   1997   0.158E-05  0.162E-05 -0.172E-06  0.169E-06  10.5
    1   1998   0.158E-05  0.162E-05 -0.172E-06  0.169E-06  10.5
    1   1999   0.158E-05  0.162E-05 -0.172E-06  0.169E-06  10.5
    1   2000   0.158E-05  0.162E-05 -0.172E-06  0.169E-06  10.5
    1   2001   0.158E-05  0.162E-05 -0.172E-06  0.169E-06  10.5
    1   2002   0.158E-05  0.162E-05 -0.172E-06  0.169E-06  10.5
    1   2003   0.158E-05  0.162E-05 -0.172E-06  0.169E-06  10.5
    1   2004   0.158E-05  0.162E-05 -0.172E-06  0.169E-06  10.5
    1   2005   0.158E-05  0.162E-05 -0.172E-06  0.169E-06  10.5
    1   2006   0.158E-05  0.162E-05 -0.172E-06  0.169E-06  10.5
    1   2007   0.158E-05  0.162E-05 -0.172E-06  0.169E-06  10.5
    1   2008   0.158E-05  0.162E-05 -0.172E-06  0.169E-06  10.5
    1   2009   0.158E-05  0.162E-05 -0.172E-06  0.169E-06  10.5
    2   1950   0.000E+00  0.000E+00  0.000E+00  0.000E+00   0.0
    2   1951   0.000E+00  0.000E+00  0.000E+00  0.000E+00   0.0
    2   1952   0.000E+00  0.000E+00  0.000E+00  0.000E+00   0.0
    2   1953   0.000E+00  0.000E+00  0.000E+00  0.000E+00   0.0
    2   1954   0.000E+00  0.000E+00  0.000E+00  0.000E+00   0.0
    2   1955   0.000E+00  0.000E+00  0.000E+00  0.000E+00   0.0
    2   1956   0.000E+00  0.000E+00  0.000E+00  0.000E+00   0.0
    2   1957   0.000E+00  0.000E+00  0.000E+00  0.000E+00   0.0
    2   1958   0.000E+00  0.000E+00  0.000E+00  0.000E+00   0.0
    2   1959   0.000E+00  0.000E+00  0.000E+00  0.000E+00   0.0
    2   1960   0.000E+00  0.000E+00  0.000E+00  0.000E+00   0.0
    2   1961   0.000E+00  0.000E+00  0.000E+00  0.000E+00   0.0
    2   1962   0.000E+00  0.000E+00  0.000E+00  0.000E+00   0.0
    2   1963   0.000E+00  0.000E+00  0.000E+00  0.000E+00   0.0
    2   1964   0.000E+00  0.000E+00  0.000E+00  0.000E+00   0.0
    2   1965   0.000E+00  0.000E+00  0.000E+00  0.000E+00   0.0
    2   1966   0.000E+00  0.000E+00  0.000E+00  0.000E+00   0.0
    2   1967   0.000E+00  0.000E+00  0.000E+00  0.000E+00   0.0
    2   1968   0.000E+00  0.000E+00  0.000E+00  0.000E+00   0.0
    2   1969   0.000E+00  0.000E+00  0.000E+00  0.000E+00   0.0
    2   1970   0.000E+00  0.000E+00  0.000E+00  0.000E+00   0.0
    2   1971   0.000E+00  0.000E+00  0.000E+00  0.000E+00   0.0
    2   1972   0.000E+00  0.000E+00  0.000E+00  0.000E+00   0.0
    2   1973   0.000E+00  0.000E+00  0.000E+00  0.000E+00   0.0
    2   1974   0.000E+00  0.000E+00  0.000E+00  0.000E+00   0.0
    2   1975   0.000E+00  0.000E+00  0.000E+00  0.000E+00   0.0
    2   1976   0.000E+00  0.000E+00  0.000E+00  0.000E+00   0.0
    2   1977   0.000E+00  0.000E+00  0.000E+00  0.000E+00   0.0
    2   1978   0.000E+00  0.000E+00  0.000E+00  0.000E+00   0.0
    2   1979   0.000E+00  0.000E+00  0.000E+00  0.000E+00   0.0
    2   1980   0.000E+00  0.000E+00  0.000E+00  0.000E+00   0.0
    2   1981   0.000E+00  0.000E+00  0.000E+00  0.000E+00   0.0
    2   1982   0.000E+00  0.000E+00  0.000E+00  0.000E+00   0.0
    2   1983   0.000E+00  0.000E+00  0.000E+00  0.000E+00   0.0
    2   1984   0.000E+00  0.000E+00  0.000E+00  0.000E+00   0.0
    2   1985   0.000E+00  0.000E+00  0.000E+00  0.000E+00   0.0
    2   1986   0.000E+00  0.000E+00  0.000E+00  0.000E+00   0.0
    2   1987   0.000E+00  0.000E+00  0.000E+00  0.000E+00   0.0
    2   1988   0.000E+00  0.000E+00  0.000E+00  0.000E+00   0.0
    2   1989   0.000E+00  0.000E+00  0.000E+00  0.000E+00   0.0
    2   1990   0.000E+00  0.000E+00  0.000E+00  0.000E+00   0.0
    2   1991   0.000E+00  0.000E+00  0.000E+00  0.000E+00   0.0
    2   1992   0.000E+00  0.000E+00  0.000E+00  0.000E+00   0.0
    2   1993   0.000E+00  0.000E+00  0.000E+00  0.000E+00   0.0
    2   1994   0.000E+00  0.000E+00  0.000E+00  0.000E+00   0.0
    2   1995   0.000E+00  0.000E+00  0.000E+00  0.000E+00   0.0
    2   1996   0.000E+00  0.000E+00  0.000E+00  0.000E+00   0.0
    2   1997   0.000E+00  0.000E+00  0.000E+00  0.000E+00   0.0
    2   1998   0.000E+00  0.000E+00  0.000E+00  0.000E+00   0.0
    2   1999   0.000E+00  0.000E+00  0.000E+00  0.000E+00   0.0
    2   2000   0.000E+00  0.000E+00  0.000E+00  0.000E+00   0.0
    2   2001   0.000E+00  0.000E+00  0.000E+00  0.000E+00   0.0
    2   2002   0.000E+00  0.000E+00  0.000E+00  0.000E+00   0.0
    2   2003   0.000E+00  0.000E+00  0.000E+00  0.000E+00   0.0
    2   2004   0.000E+00  0.000E+00  0.000E+00  0.000E+00   0.0
    2   2005   0.000E+00  0.000E+00  0.000E+00  0.000E+00   0.0
    2   2006   0.000E+00  0.000E+00  0.000E+00  0.000E+00   0.0
    2   2007   0.000E+00  0.000E+00  0.000E+00  0.000E+00   0.0
    2   2008   0.000E+00  0.000E+00  0.000E+00  0.000E+00   0.0
    2   2009   0.000E+00  0.000E+00  0.000E+00  0.000E+00   0.0
    3   1950   0.101E-05  0.102E-05 -0.397E-06  0.184E-06  17.9
    3   1951   0.101E-05  0.102E-05 -0.397E-06  0.184E-06  17.9
    3   1952   0.101E-05  0.102E-05 -0.397E-06  0.184E-06  17.9
    3   1953   0.101E-05  0.102E-05 -0.397E-06  0.184E-06  17.9
    3   1954   0.101E-05  0.102E-05 -0.397E-06  0.184E-06  17.9
    3   1955   0.101E-05  0.102E-05 -0.397E-06  0.184E-06  17.9
    3   1956   0.101E-05  0.102E-05 -0.397E-06  0.184E-06  17.9
    3   1957   0.101E-05  0.102E-05 -0.397E-06  0.184E-06  17.9
    3   1958   0.101E-05  0.102E-05 -0.397E-06  0.184E-06  17.9
    3   1959   0.101E-05  0.102E-05 -0.397E-06  0.184E-06  17.9
    3   1960   0.101E-05  0.102E-05 -0.397E-06  0.184E-06  17.9
    3   1961   0.101E-05  0.102E-05 -0.397E-06  0.184E-06  17.9
    3   1962   0.101E-05  0.102E-05 -0.397E-06  0.184E-06  17.9
    3   1963   0.101E-05  0.102E-05 -0.397E-06  0.184E-06  17.9
    3   1964   0.101E-05  0.102E-05 -0.397E-06  0.184E-06  17.9
    3   1965   0.101E-05  0.102E-05 -0.397E-06  0.184E-06  17.9
    3   1966   0.101E-05  0.102E-05 -0.397E-06  0.184E-06  17.9
    3   1967   0.101E-05  0.102E-05 -0.397E-06  0.184E-06  17.9
    3   1968   0.101E-05  0.102E-05 -0.397E-06  0.184E-06  17.9
    3   1969   0.101E-05  0.102E-05 -0.397E-06  0.184E-06  17.9
    3   1970   0.101E-05  0.102E-05 -0.397E-06  0.184E-06  17.9
    3   1971   0.101E-05  0.102E-05 -0.397E-06  0.184E-06  17.9
    3   1972   0.101E-05  0.102E-05 -0.397E-06  0.184E-06  17.9
    3   1973   0.101E-05  0.102E-05 -0.397E-06  0.184E-06  17.9
    3   1974   0.101E-05  0.102E-05 -0.397E-06  0.184E-06  17.9
    3   1975   0.101E-05  0.102E-05 -0.397E-06  0.184E-06  17.9
    3   1976   0.101E-05  0.102E-05 -0.397E-06  0.184E-06  17.9
    3   1977   0.101E-05  0.102E-05 -0.397E-06  0.184E-06  17.9
    3   1978   0.101E-05  0.102E-05 -0.397E-06  0.184E-06  17.9
    3   1979   0.101E-05  0.102E-05 -0.397E-06  0.184E-06  17.9
    3   1980   0.101E-05  0.102E-05 -0.397E-06  0.184E-06  17.9
    3   1981   0.101E-05  0.102E-05 -0.397E-06  0.184E-06  17.9
    3   1982   0.101E-05  0.102E-05 -0.397E-06  0.184E-06  17.9
    3   1983   0.101E-05  0.102E-05 -0.397E-06  0.184E-06  17.9
    3   1984   0.101E-05  0.102E-05 -0.397E-06  0.184E-06  17.9
    3   1985   0.101E-05  0.102E-05 -0.397E-06  0.184E-06  17.9
    3   1986   0.101E-05  0.102E-05 -0.397E-06  0.184E-06  17.9
    3   1987   0.101E-05  0.102E-05 -0.397E-06  0.184E-06  17.9
    3   1988   0.101E-05  0.102E-05 -0.397E-06  0.184E-06  17.9
    3   1989   0.101E-05  0.102E-05 -0.397E-06  0.184E-06  17.9
    3   1990   0.101E-05  0.102E-05 -0.397E-06  0.184E-06  17.9
    3   1991   0.101E-05  0.102E-05 -0.397E-06  0.184E-06  17.9
    3   1992   0.101E-05  0.102E-05 -0.397E-06  0.184E-06  17.9
    3   1993   0.101E-05  0.102E-05 -0.397E-06  0.184E-06  17.9
    3   1994   0.101E-05  0.102E-05 -0.397E-06  0.184E-06  17.9
    3   1995   0.101E-05  0.102E-05 -0.397E-06  0.184E-06  17.9
    3   1996   0.101E-05  0.102E-05 -0.397E-06  0.184E-06  17.9
    3   1997   0.101E-05  0.102E-05 -0.397E-06  0.184E-06  17.9
    3   1998   0.101E-05  0.102E-05 -0.397E-06  0.184E-06  17.9
    3   1999   0.101E-05  0.102E-05 -0.397E-06  0.184E-06  17.9
    3   2000   0.101E-05  0.102E-05 -0.397E-06  0.184E-06  17.9
    3   2001   0.101E-05  0.102E-05 -0.397E-06  0.184E-06  17.9
    3   2002   0.101E-05  0.102E-05 -0.397E-06  0.184E-06  17.9
    3   2003   0.101E-05  0.102E-05 -0.397E-06  0.184E-06  17.9
    3   2004   0.101E-05  0.102E-05 -0.397E-06  0.184E-06  17.9
    3   2005   0.101E-05  0.102E-05 -0.397E-06  0.184E-06  17.9
    3   2006   0.101E-05  0.102E-05 -0.397E-06  0.184E-06  17.9
    3   2007   0.101E-05  0.102E-05 -0.397E-06  0.184E-06  17.9
    3   2008   0.101E-05  0.102E-05 -0.397E-06  0.184E-06  17.9
    3   2009   0.101E-05  0.102E-05 -0.397E-06  0.184E-06  17.9
    4   1950   0.168E-05  0.170E-05 -0.850E-06  0.296E-06  17.4
    4   1951   0.168E-05  0.170E-05 -0.850E-06  0.296E-06  17.4
    4   1952   0.168E-05  0.170E-05 -0.850E-06  0.296E-06  17.4
    4   1953   0.168E-05  0.170E-05 -0.850E-06  0.296E-06  17.4
    4   1954   0.168E-05  0.170E-05 -0.850E-06  0.296E-06  17.4
    4   1955   0.168E-05  0.170E-05 -0.850E-06  0.296E-06  17.4
    4   1956   0.168E-05  0.170E-05 -0.850E-06  0.296E-06  17.4
    4   1957   0.168E-05  0.170E-05 -0.850E-06  0.296E-06  17.4
    4   1958   0.168E-05  0.170E-05 -0.850E-06  0.296E-06  17.4
    4   1959   0.168E-05  0.170E-05 -0.850E-06  0.296E-06  17.4
    4   1960   0.168E-05  0.170E-05 -0.850E-06  0.296E-06  17.4
    4   1961   0.168E-05  0.170E-05 -0.850E-06  0.296E-06  17.4
    4   1962   0.168E-05  0.170E-05 -0.850E-06  0.296E-06  17.4
    4   1963   0.168E-05  0.170E-05 -0.850E-06  0.296E-06  17.4
    4   1964   0.168E-05  0.170E-05 -0.850E-06  0.296E-06  17.4
    4   1965   0.168E-05  0.170E-05 -0.850E-06  0.296E-06  17.4
    4   1966   0.168E-05  0.170E-05 -0.850E-06  0.296E-06  17.4
    4   1967   0.168E-05  0.170E-05 -0.850E-06  0.296E-06  17.4
    4   1968   0.168E-05  0.170E-05 -0.850E-06  0.296E-06  17.4
    4   1969   0.168E-05  0.170E-05 -0.850E-06  0.296E-06  17.4
    4   1970   0.168E-05  0.170E-05 -0.850E-06  0.296E-06  17.4
    4   1971   0.168E-05  0.170E-05 -0.850E-06  0.296E-06  17.4
    4   1972   0.168E-05  0.170E-05 -0.850E-06  0.296E-06  17.4
    4   1973   0.168E-05  0.170E-05 -0.850E-06  0.296E-06  17.4
    4   1974   0.168E-05  0.170E-05 -0.850E-06  0.296E-06  17.4
    4   1975   0.168E-05  0.170E-05 -0.850E-06  0.296E-06  17.4
    4   1976   0.168E-05  0.170E-05 -0.850E-06  0.296E-06  17.4
    4   1977   0.168E-05  0.170E-05 -0.850E-06  0.296E-06  17.4
    4   1978   0.168E-05  0.170E-05 -0.850E-06  0.296E-06  17.4
    4   1979   0.168E-05  0.170E-05 -0.850E-06  0.296E-06  17.4
    4   1980   0.168E-05  0.170E-05 -0.850E-06  0.296E-06  17.4
    4   1981   0.168E-05  0.170E-05 -0.850E-06  0.296E-06  17.4
    4   1982   0.168E-05  0.170E-05 -0.850E-06  0.296E-06  17.4
    4   1983   0.168E-05  0.170E-05 -0.850E-06  0.296E-06  17.4
    4   1984   0.168E-05  0.170E-05 -0.850E-06  0.296E-06  17.4
    4   1985   0.168E-05  0.170E-05 -0.850E-06  0.296E-06  17.4
    4   1986   0.168E-05  0.170E-05 -0.850E-06  0.296E-06  17.4
    4   1987   0.168E-05  0.170E-05 -0.850E-06  0.296E-06  17.4
    4   1988   0.168E-05  0.170E-05 -0.850E-06  0.296E-06  17.4
    4   1989   0.168E-05  0.170E-05 -0.850E-06  0.296E-06  17.4
    4   1990   0.168E-05  0.170E-05 -0.850E-06  0.296E-06  17.4
    4   1991   0.168E-05  0.170E-05 -0.850E-06  0.296E-06  17.4
    4   1992   0.168E-05  0.170E-05 -0.850E-06  0.296E-06  17.4
    4   1993   0.168E-05  0.170E-05 -0.850E-06  0.296E-06  17.4
    4   1994   0.168E-05  0.170E-05 -0.850E-06  0.296E-06  17.4
    4   1995   0.168E-05  0.170E-05 -0.850E-06  0.296E-06  17.4
    4   1996   0.168E-05  0.170E-05 -0.850E-06  0.296E-06  17.4
    4   1997   0.168E-05  0.170E-05 -0.850E-06  0.296E-06  17.4
    4   1998   0.168E-05  0.170E-05 -0.850E-06  0.296E-06  17.4
    4   1999   0.168E-05  0.170E-05 -0.850E-06  0.296E-06  17.4
    4   2000   0.168E-05  0.170E-05 -0.850E-06  0.296E-06  17.4
    4   2001   0.168E-05  0.170E-05 -0.850E-06  0.296E-06  17.4
    4   2002   0.168E-05  0.170E-05 -0.850E-06  0.296E-06  17.4
    4   2003   0.168E-05  0.170E-05 -0.850E-06  0.296E-06  17.4
    4   2004   0.168E-05  0.170E-05 -0.850E-06  0.296E-06  17.4
    4   2005   0.168E-05  0.170E-05 -0.850E-06  0.296E-06  17.4
    4   2006   0.168E-05  0.170E-05 -0.850E-06  0.296E-06  17.4
    4   2007   0.168E-05  0.170E-05 -0.850E-06  0.296E-06  17.4
    4   2008   0.168E-05  0.170E-05 -0.850E-06  0.296E-06  17.4
    4   2009   0.168E-05  0.170E-05 -0.850E-06  0.296E-06  17.4
    5   1950   0.000E+00  0.000E+00  0.000E+00  0.000E+00   0.0
    5   1951   0.000E+00  0.000E+00  0.000E+00  0.000E+00   0.0
    5   1952   0.000E+00  0.000E+00  0.000E+00  0.000E+00   0.0
    5   1953   0.000E+00  0.000E+00  0.000E+00  0.000E+00   0.0
    5   1954   0.000E+00  0.000E+00  0.000E+00  0.000E+00   0.0
    5   1955   0.000E+00  0.000E+00  0.000E+00  0.000E+00   0.0
    5   1956   0.000E+00  0.000E+00  0.000E+00  0.000E+00   0.0
    5   1957   0.000E+00  0.000E+00  0.000E+00  0.000E+00   0.0
    5   1958   0.000E+00  0.000E+00  0.000E+00  0.000E+00   0.0
    5   1959   0.000E+00  0.000E+00  0.000E+00  0.000E+00   0.0
    5   1960   0.000E+00  0.000E+00  0.000E+00  0.000E+00   0.0
    5   1961   0.000E+00  0.000E+00  0.000E+00  0.000E+00   0.0
    5   1962   0.000E+00  0.000E+00  0.000E+00  0.000E+00   0.0
    5   1963   0.000E+00  0.000E+00  0.000E+00  0.000E+00   0.0
    5   1964   0.000E+00  0.000E+00  0.000E+00  0.000E+00   0.0
    5   1965   0.000E+00  0.000E+00  0.000E+00  0.000E+00   0.0
    5   1966   0.000E+00  0.000E+00  0.000E+00  0.000E+00   0.0
    5   1967   0.000E+00  0.000E+00  0.000E+00  0.000E+00   0.0
    5   1968   0.000E+00  0.000E+00  0.000E+00  0.000E+00   0.0
    5   1969   0.000E+00  0.000E+00  0.000E+00  0.000E+00   0.0
    5   1970   0.000E+00  0.000E+00  0.000E+00  0.000E+00   0.0
    5   1971   0.000E+00  0.000E+00  0.000E+00  0.000E+00   0.0
    5   1972   0.000E+00  0.000E+00  0.000E+00  0.000E+00   0.0
    5   1973   0.000E+00  0.000E+00  0.000E+00  0.000E+00   0.0
    5   1974   0.000E+00  0.000E+00  0.000E+00  0.000E+00   0.0
    5   1975   0.000E+00  0.000E+00  0.000E+00  0.000E+00   0.0
    5   1976   0.000E+00  0.000E+00  0.000E+00  0.000E+00   0.0
    5   1977   0.000E+00  0.000E+00  0.000E+00  0.000E+00   0.0
    5   1978   0.000E+00  0.000E+00  0.000E+00  0.000E+00   0.0
    5   1979   0.000E+00  0.000E+00  0.000E+00  0.000E+00   0.0
    5   1980   0.000E+00  0.000E+00  0.000E+00  0.000E+00   0.0
    5   1981   0.000E+00  0.000E+00  0.000E+00  0.000E+00   0.0
    5   1982   0.000E+00  0.000E+00  0.000E+00  0.000E+00   0.0
    5   1983   0.000E+00  0.000E+00  0.000E+00  0.000E+00   0.0
    5   1984   0.000E+00  0.000E+00  0.000E+00  0.000E+00   0.0
    5   1985   0.000E+00  0.000E+00  0.000E+00  0.000E+00   0.0
    5   1986   0.000E+00  0.000E+00  0.000E+00  0.000E+00   0.0
    5   1987   0.000E+00  0.000E+00  0.000E+00  0.000E+00   0.0
    5   1988   0.000E+00  0.000E+00  0.000E+00  0.000E+00   0.0
    5   1989   0.000E+00  0.000E+00  0.000E+00  0.000E+00   0.0
    5   1990   0.000E+00  0.000E+00  0.000E+00  0.000E+00   0.0
    5   1991   0.000E+00  0.000E+00  0.000E+00  0.000E+00   0.0
    5   1992   0.000E+00  0.000E+00  0.000E+00  0.000E+00   0.0
    5   1993   0.000E+00  0.000E+00  0.000E+00  0.000E+00   0.0
    5   1994   0.000E+00  0.000E+00  0.000E+00  0.000E+00   0.0
    5   1995   0.000E+00  0.000E+00  0.000E+00  0.000E+00   0.0
    5   1996   0.000E+00  0.000E+00  0.000E+00  0.000E+00   0.0
    5   1997   0.000E+00  0.000E+00  0.000E+00  0.000E+00   0.0
    5   1998   0.000E+00  0.000E+00  0.000E+00  0.000E+00   0.0
    5   1999   0.000E+00  0.000E+00  0.000E+00  0.000E+00   0.0
    5   2000   0.000E+00  0.000E+00  0.000E+00  0.000E+00   0.0
    5   2001   0.000E+00  0.000E+00  0.000E+00  0.000E+00   0.0
    5   2002   0.000E+00  0.000E+00  0.000E+00  0.000E+00   0.0
    5   2003   0.000E+00  0.000E+00  0.000E+00  0.000E+00   0.0
    5   2004   0.000E+00  0.000E+00  0.000E+00  0.000E+00   0.0
    5   2005   0.000E+00  0.000E+00  0.000E+00  0.000E+00   0.0
    5   2006   0.000E+00  0.000E+00  0.000E+00  0.000E+00   0.0
    5   2007   0.000E+00  0.000E+00  0.000E+00  0.000E+00   0.0
    5   2008   0.000E+00  0.000E+00  0.000E+00  0.000E+00   0.0
    5   2009   0.000E+00  0.000E+00  0.000E+00  0.000E+00   0.0
    6   1950   0.000E+00  0.000E+00  0.000E+00  0.000E+00   0.0
    6   1951   0.000E+00  0.000E+00  0.000E+00  0.000E+00   0.0
    6   1952   0.000E+00  0.000E+00  0.000E+00  0.000E+00   0.0
    6   1953   0.000E+00  0.000E+00  0.000E+00  0.000E+00   0.0
    6   1954   0.000E+00  0.000E+00  0.000E+00  0.000E+00   0.0
    6   1955   0.000E+00  0.000E+00  0.000E+00  0.000E+00   0.0
    6   1956   0.000E+00  0.000E+00  0.000E+00  0.000E+00   0.0
    6   1957   0.000E+00  0.000E+00  0.000E+00  0.000E+00   0.0
    6   1958   0.000E+00  0.000E+00  0.000E+00  0.000E+00   0.0
    6   1959   0.000E+00  0.000E+00  0.000E+00  0.000E+00   0.0
    6   1960   0.000E+00  0.000E+00  0.000E+00  0.000E+00   0.0
    6   1961   0.000E+00  0.000E+00  0.000E+00  0.000E+00   0.0
    6   1962   0.000E+00  0.000E+00  0.000E+00  0.000E+00   0.0
    6   1963   0.000E+00  0.000E+00  0.000E+00  0.000E+00   0.0
    6   1964   0.000E+00  0.000E+00  0.000E+00  0.000E+00   0.0
    6   1965   0.000E+00  0.000E+00  0.000E+00  0.000E+00   0.0
    6   1966   0.000E+00  0.000E+00  0.000E+00  0.000E+00   0.0
    6   1967   0.000E+00  0.000E+00  0.000E+00  0.000E+00   0.0
    6   1968   0.000E+00  0.000E+00  0.000E+00  0.000E+00   0.0
    6   1969   0.000E+00  0.000E+00  0.000E+00  0.000E+00   0.0
    6   1970   0.000E+00  0.000E+00  0.000E+00  0.000E+00   0.0
    6   1971   0.000E+00  0.000E+00  0.000E+00  0.000E+00   0.0
    6   1972   0.000E+00  0.000E+00  0.000E+00  0.000E+00   0.0
    6   1973   0.000E+00  0.000E+00  0.000E+00  0.000E+00   0.0
    6   1974   0.000E+00  0.000E+00  0.000E+00  0.000E+00   0.0
    6   1975   0.000E+00  0.000E+00  0.000E+00  0.000E+00   0.0
    6   1976   0.000E+00  0.000E+00  0.000E+00  0.000E+00   0.0
    6   1977   0.000E+00  0.000E+00  0.000E+00  0.000E+00   0.0
    6   1978   0.000E+00  0.000E+00  0.000E+00  0.000E+00   0.0
    6   1979   0.000E+00  0.000E+00  0.000E+00  0.000E+00   0.0
    6   1980   0.000E+00  0.000E+00  0.000E+00  0.000E+00   0.0
    6   1981   0.000E+00  0.000E+00  0.000E+00  0.000E+00   0.0
    6   1982   0.000E+00  0.000E+00  0.000E+00  0.000E+00   0.0
    6   1983   0.000E+00  0.000E+00  0.000E+00  0.000E+00   0.0
    6   1984   0.000E+00  0.000E+00  0.000E+00  0.000E+00   0.0
    6   1985   0.000E+00  0.000E+00  0.000E+00  0.000E+00   0.0
    6   1986   0.000E+00  0.000E+00  0.000E+00  0.000E+00   0.0
    6   1987   0.000E+00  0.000E+00  0.000E+00  0.000E+00   0.0
    6   1988   0.000E+00  0.000E+00  0.000E+00  0.000E+00   0.0
    6   1989   0.000E+00  0.000E+00  0.000E+00  0.000E+00   0.0
    6   1990   0.000E+00  0.000E+00  0.000E+00  0.000E+00   0.0
    6   1991   0.000E+00  0.000E+00  0.000E+00  0.000E+00   0.0
    6   1992   0.000E+00  0.000E+00  0.000E+00  0.000E+00   0.0
    6   1993   0.000E+00  0.000E+00  0.000E+00  0.000E+00   0.0
    6   1994   0.000E+00  0.000E+00  0.000E+00  0.000E+00   0.0
    6   1995   0.000E+00  0.000E+00  0.000E+00  0.000E+00   0.0
    6   1996   0.000E+00  0.000E+00  0.000E+00  0.000E+00   0.0
    6   1997   0.000E+00  0.000E+00  0.000E+00  0.000E+00   0.0
    6   1998   0.000E+00  0.000E+00  0.000E+00  0.000E+00   0.0
    6   1999   0.000E+00  0.000E+00  0.000E+00  0.000E+00   0.0
    6   2000   0.000E+00  0.000E+00  0.000E+00  0.000E+00   0.0
    6   2001   0.000E+00  0.000E+00  0.000E+00  0.000E+00   0.0
    6   2002   0.000E+00  0.000E+00  0.000E+00  0.000E+00   0.0
    6   2003   0.000E+00  0.000E+00  0.000E+00  0.000E+00   0.0
    6   2004   0.000E+00  0.000E+00  0.000E+00  0.000E+00   0.0
    6   2005   0.000E+00  0.000E+00  0.000E+00  0.000E+00   0.0
    6   2006   0.000E+00  0.000E+00  0.000E+00  0.000E+00   0.0
    6   2007   0.000E+00  0.000E+00  0.000E+00  0.000E+00   0.0
    6   2008   0.000E+00  0.000E+00  0.000E+00  0.000E+00   0.0
    6   2009   0.000E+00  0.000E+00  0.000E+00  0.000E+00   0.0
    7   1950   0.139E-05  0.141E-05 -0.777E-07  0.102E-06   7.2
    7   1951   0.139E-05  0.141E-05 -0.777E-07  0.102E-06   7.2
    7   1952   0.139E-05  0.141E-05 -0.777E-07  0.102E-06   7.2
    7   1953   0.139E-05  0.141E-05 -0.777E-07  0.102E-06   7.2
    7   1954   0.139E-05  0.141E-05 -0.777E-07  0.102E-06   7.2
    7   1955   0.139E-05  0.141E-05 -0.777E-07  0.102E-06   7.2
    7   1956   0.139E-05  0.141E-05 -0.777E-07  0.102E-06   7.2
    7   1957   0.139E-05  0.141E-05 -0.777E-07  0.102E-06   7.2
    7   1958   0.139E-05  0.141E-05 -0.777E-07  0.102E-06   7.2
    7   1959   0.139E-05  0.141E-05 -0.777E-07  0.102E-06   7.2
    7   1960   0.139E-05  0.141E-05 -0.777E-07  0.102E-06   7.2
    7   1961   0.139E-05  0.141E-05 -0.777E-07  0.102E-06   7.2
    7   1962   0.139E-05  0.141E-05 -0.777E-07  0.102E-06   7.2
    7   1963   0.139E-05  0.141E-05 -0.777E-07  0.102E-06   7.2
    7   1964   0.139E-05  0.141E-05 -0.777E-07  0.102E-06   7.2
    7   1965   0.139E-05  0.141E-05 -0.777E-07  0.102E-06   7.2
    7   1966   0.139E-05  0.141E-05 -0.777E-07  0.102E-06   7.2
    7   1967   0.139E-05  0.141E-05 -0.777E-07  0.102E-06   7.2
    7   1968   0.139E-05  0.141E-05 -0.777E-07  0.102E-06   7.2
    7   1969   0.139E-05  0.141E-05 -0.777E-07  0.102E-06   7.2
    7   1970   0.139E-05  0.141E-05 -0.777E-07  0.102E-06   7.2
    7   1971   0.139E-05  0.141E-05 -0.777E-07  0.102E-06   7.2
    7   1972   0.139E-05  0.141E-05 -0.777E-07  0.102E-06   7.2
    7   1973   0.139E-05  0.141E-05 -0.777E-07  0.102E-06   7.2
    7   1974   0.139E-05  0.141E-05 -0.777E-07  0.102E-06   7.2
    7   1975   0.139E-05  0.141E-05 -0.777E-07  0.102E-06   7.2
    7   1976   0.139E-05  0.141E-05 -0.777E-07  0.102E-06   7.2
    7   1977   0.139E-05  0.141E-05 -0.777E-07  0.102E-06   7.2
    7   1978   0.139E-05  0.141E-05 -0.777E-07  0.102E-06   7.2
    7   1979   0.139E-05  0.141E-05 -0.777E-07  0.102E-06   7.2
    7   1980   0.139E-05  0.141E-05 -0.777E-07  0.102E-06   7.2
    7   1981   0.139E-05  0.141E-05 -0.777E-07  0.102E-06   7.2
    7   1982   0.139E-05  0.141E-05 -0.777E-07  0.102E-06   7.2
    7   1983   0.139E-05  0.141E-05 -0.777E-07  0.102E-06   7.2
    7   1984   0.139E-05  0.141E-05 -0.777E-07  0.102E-06   7.2
    7   1985   0.139E-05  0.141E-05 -0.777E-07  0.102E-06   7.2
    7   1986   0.139E-05  0.141E-05 -0.777E-07  0.102E-06   7.2
    7   1987   0.139E-05  0.141E-05 -0.777E-07  0.102E-06   7.2
    7   1988   0.139E-05  0.141E-05 -0.777E-07  0.102E-06   7.2
    7   1989   0.139E-05  0.141E-05 -0.777E-07  0.102E-06   7.2
    7   1990   0.139E-05  0.141E-05 -0.777E-07  0.102E-06   7.2
    7   1991   0.139E-05  0.141E-05 -0.777E-07  0.102E-06   7.2
    7   1992   0.139E-05  0.141E-05 -0.777E-07  0.102E-06   7.2
    7   1993   0.139E-05  0.141E-05 -0.777E-07  0.102E-06   7.2
    7   1994   0.139E-05  0.141E-05 -0.777E-07  0.102E-06   7.2
    7   1995   0.139E-05  0.141E-05 -0.777E-07  0.102E-06   7.2
    7   1996   0.139E-05  0.141E-05 -0.777E-07  0.102E-06   7.2
    7   1997   0.139E-05  0.141E-05 -0.777E-07  0.102E-06   7.2
    7   1998   0.139E-05  0.141E-05 -0.777E-07  0.102E-06   7.2
    7   1999   0.139E-05  0.141E-05 -0.777E-07  0.102E-06   7.2
    7   2000   0.139E-05  0.141E-05 -0.777E-07  0.102E-06   7.2
    7   2001   0.139E-05  0.141E-05 -0.777E-07  0.102E-06   7.2
    7   2002   0.139E-05  0.141E-05 -0.777E-07  0.102E-06   7.2
    7   2003   0.139E-05  0.141E-05 -0.777E-07  0.102E-06   7.2
    7   2004   0.139E-05  0.141E-05 -0.777E-07  0.102E-06   7.2
    7   2005   0.139E-05  0.141E-05 -0.777E-07  0.102E-06   7.2
    7   2006   0.139E-05  0.141E-05 -0.777E-07  0.102E-06   7.2
    7   2007   0.139E-05  0.141E-05 -0.777E-07  0.102E-06   7.2
    7   2008   0.139E-05  0.141E-05 -0.777E-07  0.102E-06   7.2
    7   2009   0.139E-05  0.141E-05 -0.777E-07  0.102E-06   7.2
    8   1950   0.000E+00  0.000E+00  0.000E+00  0.000E+00   0.0
    8   1951   0.000E+00  0.000E+00  0.000E+00  0.000E+00   0.0
    8   1952   0.000E+00  0.000E+00  0.000E+00  0.000E+00   0.0
    8   1953   0.000E+00  0.000E+00  0.000E+00  0.000E+00   0.0
    8   1954   0.000E+00  0.000E+00  0.000E+00  0.000E+00   0.0
    8   1955   0.000E+00  0.000E+00  0.000E+00  0.000E+00   0.0
    8   1956   0.000E+00  0.000E+00  0.000E+00  0.000E+00   0.0
    8   1957   0.000E+00  0.000E+00  0.000E+00  0.000E+00   0.0
    8   1958   0.000E+00  0.000E+00  0.000E+00  0.000E+00   0.0
    8   1959   0.000E+00  0.000E+00  0.000E+00  0.000E+00   0.0
    8   1960   0.000E+00  0.000E+00  0.000E+00  0.000E+00   0.0
    8   1961   0.000E+00  0.000E+00  0.000E+00  0.000E+00   0.0
    8   1962   0.000E+00  0.000E+00  0.000E+00  0.000E+00   0.0
    8   1963   0.000E+00  0.000E+00  0.000E+00  0.000E+00   0.0
    8   1964   0.000E+00  0.000E+00  0.000E+00  0.000E+00   0.0
    8   1965   0.000E+00  0.000E+00  0.000E+00  0.000E+00   0.0
    8   1966   0.000E+00  0.000E+00  0.000E+00  0.000E+00   0.0
    8   1967   0.000E+00  0.000E+00  0.000E+00  0.000E+00   0.0
    8   1968   0.000E+00  0.000E+00  0.000E+00  0.000E+00   0.0
    8   1969   0.000E+00  0.000E+00  0.000E+00  0.000E+00   0.0
    8   1970   0.000E+00  0.000E+00  0.000E+00  0.000E+00   0.0
    8   1971   0.000E+00  0.000E+00  0.000E+00  0.000E+00   0.0
    8   1972   0.000E+00  0.000E+00  0.000E+00  0.000E+00   0.0
    8   1973   0.000E+00  0.000E+00  0.000E+00  0.000E+00   0.0
    8   1974   0.000E+00  0.000E+00  0.000E+00  0.000E+00   0.0
    8   1975   0.000E+00  0.000E+00  0.000E+00  0.000E+00   0.0
    8   1976   0.000E+00  0.000E+00  0.000E+00  0.000E+00   0.0
    8   1977   0.000E+00  0.000E+00  0.000E+00  0.000E+00   0.0
    8   1978   0.000E+00  0.000E+00  0.000E+00  0.000E+00   0.0
    8   1979   0.000E+00  0.000E+00  0.000E+00  0.000E+00   0.0
    8   1980   0.000E+00  0.000E+00  0.000E+00  0.000E+00   0.0
    8   1981   0.000E+00  0.000E+00  0.000E+00  0.000E+00   0.0
    8   1982   0.000E+00  0.000E+00  0.000E+00  0.000E+00   0.0
    8   1983   0.000E+00  0.000E+00  0.000E+00  0.000E+00   0.0
    8   1984   0.000E+00  0.000E+00  0.000E+00  0.000E+00   0.0
    8   1985   0.000E+00  0.000E+00  0.000E+00  0.000E+00   0.0
    8   1986   0.000E+00  0.000E+00  0.000E+00  0.000E+00   0.0
    8   1987   0.000E+00  0.000E+00  0.000E+00  0.000E+00   0.0
    8   1988   0.000E+00  0.000E+00  0.000E+00  0.000E+00   0.0
    8   1989   0.000E+00  0.000E+00  0.000E+00  0.000E+00   0.0
    8   1990   0.000E+00  0.000E+00  0.000E+00  0.000E+00   0.0
    8   1991   0.000E+00  0.000E+00  0.000E+00  0.000E+00   0.0
    8   1992   0.000E+00  0.000E+00  0.000E+00  0.000E+00   0.0
    8   1993   0.000E+00  0.000E+00  0.000E+00  0.000E+00   0.0
    8   1994   0.000E+00  0.000E+00  0.000E+00  0.000E+00   0.0
    8   1995   0.000E+00  0.000E+00  0.000E+00  0.000E+00   0.0
    8   1996   0.000E+00  0.000E+00  0.000E+00  0.000E+00   0.0
    8   1997   0.000E+00  0.000E+00  0.000E+00  0.000E+00   0.0
    8   1998   0.000E+00  0.000E+00  0.000E+00  0.000E+00   0.0
    8   1999   0.000E+00  0.000E+00  0.000E+00  0.000E+00   0.0
    8   2000   0.000E+00  0.000E+00  0.000E+00  0.000E+00   0.0
    8   2001   0.000E+00  0.000E+00  0.000E+00  0.000E+00   0.0
    8   2002   0.000E+00  0.000E+00  0.000E+00  0.000E+00   0.0
    8   2003   0.000E+00  0.000E+00  0.000E+00  0.000E+00   0.0
    8   2004   0.000E+00  0.000E+00  0.000E+00  0.000E+00   0.0
    8   2005   0.000E+00  0.000E+00  0.000E+00  0.000E+00   0.0
    8   2006   0.000E+00  0.000E+00  0.000E+00  0.000E+00   0.0
    8   2007   0.000E+00  0.000E+00  0.000E+00  0.000E+00   0.0
    8   2008   0.000E+00  0.000E+00  0.000E+00  0.000E+00   0.0
    8   2009   0.000E+00  0.000E+00  0.000E+00  0.000E+00   0.0
    9   1950   0.000E+00  0.000E+00  0.000E+00  0.000E+00   0.0
    9   1951   0.000E+00  0.000E+00  0.000E+00  0.000E+00   0.0
    9   1952   0.000E+00  0.000E+00  0.000E+00  0.000E+00   0.0
    9   1953   0.000E+00  0.000E+00  0.000E+00  0.000E+00   0.0
    9   1954   0.000E+00  0.000E+00  0.000E+00  0.000E+00   0.0
    9   1955   0.000E+00  0.000E+00  0.000E+00  0.000E+00   0.0
    9   1956   0.000E+00  0.000E+00  0.000E+00  0.000E+00   0.0
    9   1957   0.000E+00  0.000E+00  0.000E+00  0.000E+00   0.0
    9   1958   0.000E+00  0.000E+00  0.000E+00  0.000E+00   0.0
    9   1959   0.000E+00  0.000E+00  0.000E+00  0.000E+00   0.0
    9   1960   0.000E+00  0.000E+00  0.000E+00  0.000E+00   0.0
    9   1961   0.000E+00  0.000E+00  0.000E+00  0.000E+00   0.0
    9   1962   0.000E+00  0.000E+00  0.000E+00  0.000E+00   0.0
    9   1963   0.000E+00  0.000E+00  0.000E+00  0.000E+00   0.0
    9   1964   0.000E+00  0.000E+00  0.000E+00  0.000E+00   0.0
    9   1965   0.000E+00  0.000E+00  0.000E+00  0.000E+00   0.0
    9   1966   0.000E+00  0.000E+00  0.000E+00  0.000E+00   0.0
    9   1967   0.000E+00  0.000E+00  0.000E+00  0.000E+00   0.0
    9   1968   0.000E+00  0.000E+00  0.000E+00  0.000E+00   0.0
    9   1969   0.000E+00  0.000E+00  0.000E+00  0.000E+00   0.0
    9   1970   0.000E+00  0.000E+00  0.000E+00  0.000E+00   0.0
    9   1971   0.000E+00  0.000E+00  0.000E+00  0.000E+00   0.0
    9   1972   0.000E+00  0.000E+00  0.000E+00  0.000E+00   0.0
    9   1973   0.000E+00  0.000E+00  0.000E+00  0.000E+00   0.0
    9   1974   0.000E+00  0.000E+00  0.000E+00  0.000E+00   0.0
    9   1975   0.000E+00  0.000E+00  0.000E+00  0.000E+00   0.0
    9   1976   0.000E+00  0.000E+00  0.000E+00  0.000E+00   0.0
    9   1977   0.000E+00  0.000E+00  0.000E+00  0.000E+00   0.0
    9   1978   0.000E+00  0.000E+00  0.000E+00  0.000E+00   0.0
    9   1979   0.000E+00  0.000E+00  0.000E+00  0.000E+00   0.0
    9   1980   0.000E+00  0.000E+00  0.000E+00  0.000E+00   0.0
    9   1981   0.000E+00  0.000E+00  0.000E+00  0.000E+00   0.0
    9   1982   0.000E+00  0.000E+00  0.000E+00  0.000E+00   0.0
    9   1983   0.000E+00  0.000E+00  0.000E+00  0.000E+00   0.0
    9   1984   0.000E+00  0.000E+00  0.000E+00  0.000E+00   0.0
    9   1985   0.000E+00  0.000E+00  0.000E+00  0.000E+00   0.0
    9   1986   0.000E+00  0.000E+00  0.000E+00  0.000E+00   0.0
    9   1987   0.000E+00  0.000E+00  0.000E+00  0.000E+00   0.0
    9   1988   0.000E+00  0.000E+00  0.000E+00  0.000E+00   0.0
    9   1989   0.000E+00  0.000E+00  0.000E+00  0.000E+00   0.0
    9   1990   0.000E+00  0.000E+00  0.000E+00  0.000E+00   0.0
    9   1991   0.000E+00  0.000E+00  0.000E+00  0.000E+00   0.0
    9   1992   0.000E+00  0.000E+00  0.000E+00  0.000E+00   0.0
    9   1993   0.000E+00  0.000E+00  0.000E+00  0.000E+00   0.0
    9   1994   0.000E+00  0.000E+00  0.000E+00  0.000E+00   0.0
    9   1995   0.000E+00  0.000E+00  0.000E+00  0.000E+00   0.0
    9   1996   0.000E+00  0.000E+00  0.000E+00  0.000E+00   0.0
    9   1997   0.000E+00  0.000E+00  0.000E+00  0.000E+00   0.0
    9   1998   0.000E+00  0.000E+00  0.000E+00  0.000E+00   0.0
    9   1999   0.000E+00  0.000E+00  0.000E+00  0.000E+00   0.0
    9   2000   0.000E+00  0.000E+00  0.000E+00  0.000E+00   0.0
    9   2001   0.000E+00  0.000E+00  0.000E+00  0.000E+00   0.0
    9   2002   0.000E+00  0.000E+00  0.000E+00  0.000E+00   0.0
    9   2003   0.000E+00  0.000E+00  0.000E+00  0.000E+00   0.0
    9   2004   0.000E+00  0.000E+00  0.000E+00  0.000E+00   0.0
    9   2005   0.000E+00  0.000E+00  0.000E+00  0.000E+00   0.0
    9   2006   0.000E+00  0.000E+00  0.000E+00  0.000E+00   0.0
    9   2007   0.000E+00  0.000E+00  0.000E+00  0.000E+00   0.0
    9   2008   0.000E+00  0.000E+00  0.000E+00  0.000E+00   0.0
    9   2009   0.000E+00  0.000E+00  0.000E+00  0.000E+00   0.0
   10   1950   0.527E-07  0.535E-07 -0.555E-08  0.549E-08  10.3
   10   1951   0.527E-07  0.535E-07 -0.555E-08  0.549E-08  10.3
   10   1952   0.527E-07  0.535E-07 -0.555E-08  0.549E-08  10.3
   10   1953   0.527E-07  0.535E-07 -0.555E-08  0.549E-08  10.3
   10   1954   0.527E-07  0.535E-07 -0.555E-08  0.549E-08  10.3
   10   1955   0.527E-07  0.535E-07 -0.555E-08  0.549E-08  10.3
   10   1956   0.527E-07  0.535E-07 -0.555E-08  0.549E-08  10.3
   10   1957   0.527E-07  0.535E-07 -0.555E-08  0.549E-08  10.3
   10   1958   0.527E-07  0.535E-07 -0.555E-08  0.549E-08  10.3
   10   1959   0.527E-07  0.535E-07 -0.555E-08  0.549E-08  10.3
   10   1960   0.527E-07  0.535E-07 -0.555E-08  0.549E-08  10.3
   10   1961   0.527E-07  0.535E-07 -0.555E-08  0.549E-08  10.3
   10   1962   0.527E-07  0.535E-07 -0.555E-08  0.549E-08  10.3
   10   1963   0.527E-07  0.535E-07 -0.555E-08  0.549E-08  10.3
   10   1964   0.527E-07  0.535E-07 -0.555E-08  0.549E-08  10.3
   10   1965   0.527E-07  0.535E-07 -0.555E-08  0.549E-08  10.3
   10   1966   0.527E-07  0.535E-07 -0.555E-08  0.549E-08  10.3
   10   1967   0.527E-07  0.535E-07 -0.555E-08  0.549E-08  10.3
   10   1968   0.527E-07  0.535E-07 -0.555E-08  0.549E-08  10.3
   10   1969   0.527E-07  0.535E-07 -0.555E-08  0.549E-08  10.3
   10   1970   0.527E-07  0.535E-07 -0.555E-08  0.549E-08  10.3
   10   1971   0.527E-07  0.535E-07 -0.555E-08  0.549E-08  10.3
   10   1972   0.527E-07  0.535E-07 -0.555E-08  0.549E-08  10.3
   10   1973   0.527E-07  0.535E-07 -0.555E-08  0.549E-08  10.3
   10   1974   0.527E-07  0.535E-07 -0.555E-08  0.549E-08  10.3
   10   1975   0.527E-07  0.535E-07 -0.555E-08  0.549E-08  10.3
   10   1976   0.527E-07  0.535E-07 -0.555E-08  0.549E-08  10.3
   10   1977   0.527E-07  0.535E-07 -0.555E-08  0.549E-08  10.3
   10   1978   0.527E-07  0.535E-07 -0.555E-08  0.549E-08  10.3
   10   1979   0.527E-07  0.535E-07 -0.555E-08  0.549E-08  10.3
   10   1980   0.527E-07  0.535E-07 -0.555E-08  0.549E-08  10.3
   10   1981   0.527E-07  0.535E-07 -0.555E-08  0.549E-08  10.3
   10   1982   0.527E-07  0.535E-07 -0.555E-08  0.549E-08  10.3
   10   1983   0.527E-07  0.535E-07 -0.555E-08  0.549E-08  10.3
   10   1984   0.527E-07  0.535E-07 -0.555E-08  0.549E-08  10.3
   10   1985   0.527E-07  0.535E-07 -0.555E-08  0.549E-08  10.3
   10   1986   0.527E-07  0.535E-07 -0.555E-08  0.549E-08  10.3
   10   1987   0.527E-07  0.535E-07 -0.555E-08  0.549E-08  10.3
   10   1988   0.527E-07  0.535E-07 -0.555E-08  0.549E-08  10.3
   10   1989   0.527E-07  0.535E-07 -0.555E-08  0.549E-08  10.3
   10   1990   0.527E-07  0.535E-07 -0.555E-08  0.549E-08  10.3
   10   1991   0.527E-07  0.535E-07 -0.555E-08  0.549E-08  10.3
   10   1992   0.527E-07  0.535E-07 -0.555E-08  0.549E-08  10.3
   10   1993   0.527E-07  0.535E-07 -0.555E-08  0.549E-08  10.3
   10   1994   0.527E-07  0.535E-07 -0.555E-08  0.549E-08  10.3
   10   1995   0.527E-07  0.535E-07 -0.555E-08  0.549E-08  10.3
   10   1996   0.527E-07  0.535E-07 -0.555E-08  0.549E-08  10.3
   10   1997   0.527E-07  0.535E-07 -0.555E-08  0.549E-08  10.3
   10   1998   0.527E-07  0.535E-07 -0.555E-08  0.549E-08  10.3
   10   1999   0.527E-07  0.535E-07 -0.555E-08  0.549E-08  10.3
   10   2000   0.527E-07  0.535E-07 -0.555E-08  0.549E-08  10.3
   10   2001   0.527E-07  0.535E-07 -0.555E-08  0.549E-08  10.3
   10   2002   0.527E-07  0.535E-07 -0.555E-08  0.549E-08  10.3
   10   2003   0.527E-07  0.535E-07 -0.555E-08  0.549E-08  10.3
   10   2004   0.527E-07  0.535E-07 -0.555E-08  0.549E-08  10.3
   10   2005   0.527E-07  0.535E-07 -0.555E-08  0.549E-08  10.3
   10   2006   0.527E-07  0.535E-07 -0.555E-08  0.549E-08  10.3
   10   2007   0.527E-07  0.535E-07 -0.555E-08  0.549E-08  10.3
   10   2008   0.527E-07  0.535E-07 -0.555E-08  0.549E-08  10.3
   10   2009   0.527E-07  0.535E-07 -0.555E-08  0.549E-08  10.3
   11   1950   0.579E-08  0.585E-08 -0.137E-08  0.933E-09  16.0
   11   1951   0.579E-08  0.585E-08 -0.137E-08  0.933E-09  16.0
   11   1952   0.579E-08  0.585E-08 -0.137E-08  0.933E-09  16.0
   11   1953   0.579E-08  0.585E-08 -0.137E-08  0.933E-09  16.0
   11   1954   0.579E-08  0.585E-08 -0.137E-08  0.933E-09  16.0
   11   1955   0.579E-08  0.585E-08 -0.137E-08  0.933E-09  16.0
   11   1956   0.579E-08  0.585E-08 -0.137E-08  0.933E-09  16.0
   11   1957   0.579E-08  0.585E-08 -0.137E-08  0.933E-09  16.0
   11   1958   0.579E-08  0.585E-08 -0.137E-08  0.933E-09  16.0
   11   1959   0.579E-08  0.585E-08 -0.137E-08  0.933E-09  16.0
   11   1960   0.579E-08  0.585E-08 -0.137E-08  0.933E-09  16.0
   11   1961   0.579E-08  0.585E-08 -0.137E-08  0.933E-09  16.0
   11   1962   0.579E-08  0.585E-08 -0.137E-08  0.933E-09  16.0
   11   1963   0.579E-08  0.585E-08 -0.137E-08  0.933E-09  16.0
   11   1964   0.579E-08  0.585E-08 -0.137E-08  0.933E-09  16.0
   11   1965   0.579E-08  0.585E-08 -0.137E-08  0.933E-09  16.0
   11   1966   0.579E-08  0.585E-08 -0.137E-08  0.933E-09  16.0
   11   1967   0.579E-08  0.585E-08 -0.137E-08  0.933E-09  16.0
   11   1968   0.579E-08  0.585E-08 -0.137E-08  0.933E-09  16.0
   11   1969   0.579E-08  0.585E-08 -0.137E-08  0.933E-09  16.0
   11   1970   0.579E-08  0.585E-08 -0.137E-08  0.933E-09  16.0
   11   1971   0.579E-08  0.585E-08 -0.137E-08  0.933E-09  16.0
   11   1972   0.579E-08  0.585E-08 -0.137E-08  0.933E-09  16.0
   11   1973   0.579E-08  0.585E-08 -0.137E-08  0.933E-09  16.0
   11   1974   0.579E-08  0.585E-08 -0.137E-08  0.933E-09  16.0
   11   1975   0.579E-08  0.585E-08 -0.137E-08  0.933E-09  16.0
   11   1976   0.579E-08  0.585E-08 -0.137E-08  0.933E-09  16.0
   11   1977   0.579E-08  0.585E-08 -0.137E-08  0.933E-09  16.0
   11   1978   0.579E-08  0.585E-08 -0.137E-08  0.933E-09  16.0
   11   1979   0.579E-08  0.585E-08 -0.137E-08  0.933E-09  16.0
   11   1980   0.579E-08  0.585E-08 -0.137E-08  0.933E-09  16.0
   11   1981   0.579E-08  0.585E-08 -0.137E-08  0.933E-09  16.0
   11   1982   0.579E-08  0.585E-08 -0.137E-08  0.933E-09  16.0
   11   1983   0.579E-08  0.585E-08 -0.137E-08  0.933E-09  16.0
   11   1984   0.579E-08  0.585E-08 -0.137E-08  0.933E-09  16.0
   11   1985   0.579E-08  0.585E-08 -0.137E-08  0.933E-09  16.0
   11   1986   0.579E-08  0.585E-08 -0.137E-08  0.933E-09  16.0
   11   1987   0.579E-08  0.585E-08 -0.137E-08  0.933E-09  16.0
   11   1988   0.579E-08  0.585E-08 -0.137E-08  0.933E-09  16.0
   11   1989   0.579E-08  0.585E-08 -0.137E-08  0.933E-09  16.0
   11   1990   0.579E-08  0.585E-08 -0.137E-08  0.933E-09  16.0
   11   1991   0.579E-08  0.585E-08 -0.137E-08  0.933E-09  16.0
   11   1992   0.579E-08  0.585E-08 -0.137E-08  0.933E-09  16.0
   11   1993   0.579E-08  0.585E-08 -0.137E-08  0.933E-09  16.0
   11   1994   0.579E-08  0.585E-08 -0.137E-08  0.933E-09  16.0
   11   1995   0.579E-08  0.585E-08 -0.137E-08  0.933E-09  16.0
   11   1996   0.579E-08  0.585E-08 -0.137E-08  0.933E-09  16.0
   11   1997   0.579E-08  0.585E-08 -0.137E-08  0.933E-09  16.0
   11   1998   0.579E-08  0.585E-08 -0.137E-08  0.933E-09  16.0
   11   1999   0.579E-08  0.585E-08 -0.137E-08  0.933E-09  16.0
   11   2000   0.579E-08  0.585E-08 -0.137E-08  0.933E-09  16.0
   11   2001   0.579E-08  0.585E-08 -0.137E-08  0.933E-09  16.0
   11   2002   0.579E-08  0.585E-08 -0.137E-08  0.933E-09  16.0
   11   2003   0.579E-08  0.585E-08 -0.137E-08  0.933E-09  16.0
   11   2004   0.579E-08  0.585E-08 -0.137E-08  0.933E-09  16.0
   11   2005   0.579E-08  0.585E-08 -0.137E-08  0.933E-09  16.0
   11   2006   0.579E-08  0.585E-08 -0.137E-08  0.933E-09  16.0
   11   2007   0.579E-08  0.585E-08 -0.137E-08  0.933E-09  16.0
   11   2008   0.579E-08  0.585E-08 -0.137E-08  0.933E-09  16.0
   11   2009   0.579E-08  0.585E-08 -0.137E-08  0.933E-09  16.0
   12   1950   0.159E-05  0.163E-05 -0.998E-07  0.180E-06  11.1
   12   1951   0.159E-05  0.163E-05 -0.998E-07  0.180E-06  11.1
   12   1952   0.159E-05  0.163E-05 -0.998E-07  0.180E-06  11.1
   12   1953   0.159E-05  0.163E-05 -0.998E-07  0.180E-06  11.1
   12   1954   0.159E-05  0.163E-05 -0.998E-07  0.180E-06  11.1
   12   1955   0.159E-05  0.163E-05 -0.998E-07  0.180E-06  11.1
   12   1956   0.159E-05  0.163E-05 -0.998E-07  0.180E-06  11.1
   12   1957   0.159E-05  0.163E-05 -0.998E-07  0.180E-06  11.1
   12   1958   0.159E-05  0.163E-05 -0.998E-07  0.180E-06  11.1
   12   1959   0.159E-05  0.163E-05 -0.998E-07  0.180E-06  11.1
   12   1960   0.159E-05  0.163E-05 -0.998E-07  0.180E-06  11.1
   12   1961   0.159E-05  0.163E-05 -0.998E-07  0.180E-06  11.1
   12   1962   0.159E-05  0.163E-05 -0.998E-07  0.180E-06  11.1
   12   1963   0.159E-05  0.163E-05 -0.998E-07  0.180E-06  11.1
   12   1964   0.159E-05  0.163E-05 -0.998E-07  0.180E-06  11.1
   12   1965   0.159E-05  0.163E-05 -0.998E-07  0.180E-06  11.1
   12   1966   0.159E-05  0.163E-05 -0.998E-07  0.180E-06  11.1
   12   1967   0.159E-05  0.163E-05 -0.998E-07  0.180E-06  11.1
   12   1968   0.159E-05  0.163E-05 -0.998E-07  0.180E-06  11.1
   12   1969   0.159E-05  0.163E-05 -0.998E-07  0.180E-06  11.1
   12   1970   0.159E-05  0.163E-05 -0.998E-07  0.180E-06  11.1
   12   1971   0.159E-05  0.163E-05 -0.998E-07  0.180E-06  11.1
   12   1972   0.159E-05  0.163E-05 -0.998E-07  0.180E-06  11.1
   12   1973   0.159E-05  0.163E-05 -0.998E-07  0.180E-06  11.1
   12   1974   0.159E-05  0.163E-05 -0.998E-07  0.180E-06  11.1
   12   1975   0.159E-05  0.163E-05 -0.998E-07  0.180E-06  11.1
   12   1976   0.159E-05  0.163E-05 -0.998E-07  0.180E-06  11.1
   12   1977   0.159E-05  0.163E-05 -0.998E-07  0.180E-06  11.1
   12   1978   0.159E-05  0.163E-05 -0.998E-07  0.180E-06  11.1
   12   1979   0.159E-05  0.163E-05 -0.998E-07  0.180E-06  11.1
   12   1980   0.159E-05  0.163E-05 -0.998E-07  0.180E-06  11.1
   12   1981   0.159E-05  0.163E-05 -0.998E-07  0.180E-06  11.1
   12   1982   0.159E-05  0.163E-05 -0.998E-07  0.180E-06  11.1
   12   1983   0.159E-05  0.163E-05 -0.998E-07  0.180E-06  11.1
   12   1984   0.159E-05  0.163E-05 -0.998E-07  0.180E-06  11.1
   12   1985   0.159E-05  0.163E-05 -0.998E-07  0.180E-06  11.1
   12   1986   0.159E-05  0.163E-05 -0.998E-07  0.180E-06  11.1
   12   1987   0.159E-05  0.163E-05 -0.998E-07  0.180E-06  11.1
   12   1988   0.159E-05  0.163E-05 -0.998E-07  0.180E-06  11.1
   12   1989   0.159E-05  0.163E-05 -0.998E-07  0.180E-06  11.1
   12   1990   0.159E-05  0.163E-05 -0.998E-07  0.180E-06  11.1
   12   1991   0.159E-05  0.163E-05 -0.998E-07  0.180E-06  11.1
   12   1992   0.159E-05  0.163E-05 -0.998E-07  0.180E-06  11.1
   12   1993   0.159E-05  0.163E-05 -0.998E-07  0.180E-06  11.1
   12   1994   0.159E-05  0.163E-05 -0.998E-07  0.180E-06  11.1
   12   1995   0.159E-05  0.163E-05 -0.998E-07  0.180E-06  11.1
   12   1996   0.159E-05  0.163E-05 -0.998E-07  0.180E-06  11.1
   12   1997   0.159E-05  0.163E-05 -0.998E-07  0.180E-06  11.1
   12   1998   0.159E-05  0.163E-05 -0.998E-07  0.180E-06  11.1
   12   1999   0.159E-05  0.163E-05 -0.998E-07  0.180E-06  11.1
   12   2000   0.159E-05  0.163E-05 -0.998E-07  0.180E-06  11.1
   12   2001   0.159E-05  0.163E-05 -0.998E-07  0.180E-06  11.1
   12   2002   0.159E-05  0.163E-05 -0.998E-07  0.180E-06  11.1
   12   2003   0.159E-05  0.163E-05 -0.998E-07  0.180E-06  11.1
   12   2004   0.159E-05  0.163E-05 -0.998E-07  0.180E-06  11.1
   12   2005   0.159E-05  0.163E-05 -0.998E-07  0.180E-06  11.1
   12   2006   0.159E-05  0.163E-05 -0.998E-07  0.180E-06  11.1
   12   2007   0.159E-05  0.163E-05 -0.998E-07  0.180E-06  11.1
   12   2008   0.159E-05  0.163E-05 -0.998E-07  0.180E-06  11.1
   12   2009   0.159E-05  0.163E-05 -0.998E-07  0.180E-06  11.1
 


 *************************************************
 CORRELATION AND COVARIANCE MATRICES OF PARAMETERS
 *************************************************


TABLE 2A. CORRELATION MATRIX
==========================================================  
          1    2    3    4    5    6    7    8    9   10
    1 :  1.0
    2 :  1.0  1.0
    3 :  1.0  1.0  1.0
    4 :  0.9  1.0  1.0  1.0
    5 :  0.9  1.0  1.0  1.0  1.0
    6 :  0.8  0.9  0.9  0.9  1.0  1.0
    7 :  0.7  0.8  0.8  0.8  0.8  0.9  1.0
    8 :  0.4  0.4  0.5  0.5  0.5  0.6  0.8  1.0
    9 : -0.1 -0.1  0.0 -0.1  0.0  0.1  0.3  0.6  1.0
   10 :  0.0  0.0  0.0  0.0  0.0  0.0  0.0  0.1  0.1  1.0
 
 
TABLE 2B. COVARIANCE MATRIX
=========================================================================================================================================      
              1            2            3            4            5            6            7            8            9           10
    1 :   0.8393D-05
    2 :   0.3744D-03   0.1728D-01
    3 :   0.2135D-03   0.9989D-02   0.5967D-02
    4 :   0.4762D-03   0.2236D-01   0.1357D-01   0.3182D-01
    5 :   0.2614D-03   0.1241D-01   0.7485D-02   0.1715D-01   0.9704D-02
    6 :   0.1551D-03   0.7528D-02   0.4617D-02   0.1045D-01   0.6004D-02   0.4020D-02
    7 :   0.1180D-03   0.5882D-02   0.3660D-02   0.8113D-02   0.4732D-02   0.3378D-02   0.3525D-02
    8 :   0.4015D-04   0.2206D-02   0.1478D-02   0.3157D-02   0.1892D-02   0.1474D-02   0.1836D-02   0.1519D-02
    9 :  -0.7120D-05  -0.1582D-03  -0.6040D-05  -0.1970D-03  -0.2693D-04   0.8166D-04   0.3369D-03   0.5499D-03   0.4795D-03
   10 :  -0.5623D-05  -0.1546D-03  -0.7548D-04  -0.2995D-03  -0.1354D-03  -0.2214D-04   0.1284D-03   0.2102D-03   0.8601D-04   0.6163D-02
 
 
