 Output Generated by ICA Version 1.4                                            
  
 ------------------------------------
 
        Mackerel NE Atlantic  WG2003
        ----------------------------
 
        Catch in Number
        ---------------
------+------------------------------------------------------------------------------------------------------------------------
AGE   |    1972    1973    1974    1975    1976    1977    1978    1979    1980    1981    1982    1983    1984    1985    1986
------+------------------------------------------------------------------------------------------------------------------------
  0   |   3258.   4578.   2771.   2604.   3175.   1594.   2968.   1074.    659.   3099.   4866.   3084.   1139.   4321.   5342.
  1   |   3837.  17350.  11759.   9351.   7722.   9968.   4036.   8395.   4358.   2392.  12867.   9619.   8852.   5985.  11643.
  2   |  10698.  11590.  25244.  22516.  15744.  13782.  14402.   6541.  19471.   9002.   5620.  14466.  15809.  26450.   9154.
  3   |  17867.  27326.  14230.  40909.  32125.  23858.  17020.  20081.  13005.  34247.  17811.   5369.  20441.  40128.  34264.
  4   |  28672.  33109.  24109.  16681.  42243.  35347.  21547.  17529.  29415.  16690.  48794.  12319.   5598.  37853.  37565.
  5   |  24402.  37856.  20488.  19992.  12170.  32943.  22700.  15919.  18440.  26894.  16809.  23736.   9209.   7413.  24977.
  6   |  11262.  31146.  22547.  16400.  14083.   9177.  20518.  16335.  16294.  16336.  26100.   7895.  17275.  11816.   4720.
  7   |  10929.  14083.  18098.  17664.  11311.  10412.   5625.  14603.  16512.  14187.  15478.  12005.   5680.  21780.   7359.
  8   |   3219.  11023.   6516.  11354.   9737.   6694.   5101.   3210.  11878.  11540.  10794.   5656.   6925.   5777.  10823.
  9   |  12356.  15784.  12117.  11607.  12581.  13946.  10242.   8959.   9469.  14856.  20681.  11891.  10574.  17274.  11081.
------+------------------------------------------------------------------------------------------------------------------------
       x 10 ^ 3                                
 
 
        Catch in Number
        ---------------
------+------------------------------------------------------------------------------------------------------------------------
AGE   |    1987    1988    1989    1990    1991    1992    1993    1994    1995    1996    1997    1998    1999    2000    2001
------+------------------------------------------------------------------------------------------------------------------------
  0   |   6274.   3483.   2862.   4388.   4388.   2983.   3031.   2545.   6388.   2653.   2983.   1512.   3697.   3824.   4258.
  1   |  20223.  19873.   7536.  12861.  15677.   9343.   8870.   8934.  13895.  13243.  10971.  12007.   3460.  12250.  14851.
  2   |  24995.  36258.  24496.  19267.  25995.  18989.  15895.  14985.  27741.  16408.  31225.  25000.  15609.   6536.  27015.
  3   |  16611.  37759.  38085.  53242.  32783.  26767.  27722.  23114.  39511.  27913.  33001.  59980.  27553.  25137.  12210.
  4   |  44950.  18035.  28850.  60372.  65109.  24466.  28769.  29799.  44454.  28903.  41099.  45695.  47764.  32412.  34056.
  5   |  34893.  34328.   9740.  32645.  52013.  34237.  18823.  22202.  40992.  22965.  30432.  40239.  25596.  40026.  31170.
  6   |  22392.  25652.  17937.  10678.  27076.  26421.  25622.  14154.  29594.  20484.  23463.  28722.  21744.  20793.  37202.
  7   |   4139.  16060.  13158.  19320.   8639.  13477.  19523.  19062.  18536.  14513.  20602.  21632.  15185.  17372.  18936.
  8   |   5178.   2372.   6561.  11408.  12517.   3421.   7985.  11653.  20145.   7234.  11742.  15246.   9100.   9727.  12701.
  9   |  15570.  11980.   5518.  10768.  14149.  11142.   9203.  10372.  23636.  17582.  21244.  24839.  16593.  15979.  19183.
------+------------------------------------------------------------------------------------------------------------------------
       x 10 ^ 3                                
 
 
        Catch in Number
        ---------------
------+--------
AGE   |    2002
------+--------
  0   |   2792.
  1   |  10773.
  2   |  21373.
  3   |  33044.
  4   |  10838.
  5   |  21363.
  6   |  18900.
  7   |  22115.
  8   |   8980.
  9   |  15273.
------+--------
       x 10 ^ 3                                
 
 
 
        Predicted Catch in Number
        -------------------------
------+----------------------------------------------------------------------------------------
AGE   |    1992    1993    1994    1995    1996    1997    1998    1999    2000    2001    2002
------+----------------------------------------------------------------------------------------
  0   |   2983.   3030.   2545.   6387.   2653.   2983.   1512.   3697.   3824.   4258.   2792.
  1   |   9344.   8870.   8934.  13894.  13242.  10970.  12006.   3460.  12252.  14851.  10773.
  2   |  18990.  15895.  14985.  27739.  16407.  31222.  24998.  15608.   6535.  27017.  21374.
  3   |  26768.  27723.  23116.  39512.  27913.  33000.  59976.  27552.  25135.  12209.  33050.
  4   |  24467.  28769.  29801.  44457.  28904.  41099.  45694.  47762.  32411.  34051.  10838.
  5   |  34237.  18824.  22203.  40995.  22967.  30434.  40240.  25596.  40023.  31167.  21362.
  6   |  26424.  25621.  14155.  29594.  20485.  23465.  28724.  21745.  20792.  37196.  18899.
  7   |  13479.  19524.  19060.  18535.  14513.  20602.  21633.  15185.  17372.  18933.  22113.
  8   |   3420.   7986.  11653.  20143.   7234.  11742.  15247.   9101.   9727.  12700.   8980.
------+----------------------------------------------------------------------------------------
       x 10 ^ 3                                
 
 
 
        Weights at age in the catches (Kg)
        ----------------------------------
------+------------------------------------------------------------------------------------------------------------------------
AGE   |    1972    1973    1974    1975    1976    1977    1978    1979    1980    1981    1982    1983    1984    1985    1986
------+------------------------------------------------------------------------------------------------------------------------
  0   | 0.05200 0.05000 0.05100 0.05000 0.05900 0.05600 0.03600 0.01600 0.05700 0.06000 0.05300 0.05000 0.03100 0.05500 0.03900
  1   | 0.13500 0.14500 0.13600 0.14800 0.13700 0.13600 0.13500 0.13700 0.13100 0.13200 0.13100 0.16800 0.10200 0.14400 0.14600
  2   | 0.27700 0.19400 0.22900 0.17700 0.20700 0.16900 0.16100 0.16100 0.24900 0.24800 0.24900 0.21900 0.18400 0.26200 0.24500
  3   | 0.34100 0.28500 0.26100 0.25900 0.26300 0.27500 0.25000 0.24300 0.28500 0.28700 0.28500 0.27600 0.29500 0.35700 0.33500
  4   | 0.42300 0.36800 0.33400 0.32300 0.32000 0.33300 0.32500 0.31800 0.34500 0.34400 0.34500 0.31000 0.32600 0.41800 0.42300
  5   | 0.46800 0.44800 0.39200 0.34800 0.34600 0.35200 0.34500 0.34800 0.37800 0.37700 0.37800 0.38600 0.34400 0.41700 0.47100
  6   | 0.46800 0.46800 0.48100 0.43000 0.40600 0.40700 0.40300 0.40100 0.45400 0.45400 0.45400 0.42500 0.43100 0.43600 0.44400
  7   | 0.50800 0.50800 0.50800 0.48800 0.44300 0.44600 0.42100 0.41600 0.49800 0.49900 0.49600 0.43500 0.54200 0.52100 0.45700
  8   | 0.53900 0.53900 0.53900 0.53900 0.51800 0.54600 0.51800 0.50600 0.52000 0.51300 0.51300 0.49800 0.48000 0.55500 0.54300
  9   | 0.59999 0.61176 0.60310 0.60451 0.59388 0.58205 0.56592 0.54634 0.56890 0.55626 0.55939 0.58482 0.61626 0.62138 0.61052
------+------------------------------------------------------------------------------------------------------------------------
                                               
 
 
        Weights at age in the catches (Kg)
        ----------------------------------
------+------------------------------------------------------------------------------------------------------------------------
AGE   |    1987    1988    1989    1990    1991    1992    1993    1994    1995    1996    1997    1998    1999    2000    2001
------+------------------------------------------------------------------------------------------------------------------------
  0   | 0.07600 0.05500 0.04900 0.08500 0.06800 0.05100 0.06100 0.04600 0.07200 0.05800 0.07600 0.06500 0.06200 0.06300 0.06900
  1   | 0.17900 0.13300 0.13600 0.15600 0.15600 0.16700 0.13400 0.13600 0.14300 0.14300 0.14300 0.15700 0.17600 0.13500 0.17100
  2   | 0.22300 0.25900 0.23700 0.23300 0.25300 0.23900 0.24000 0.25500 0.23400 0.22600 0.23000 0.22700 0.23600 0.22900 0.22300
  3   | 0.31800 0.32300 0.32000 0.33600 0.32700 0.33300 0.31700 0.33900 0.33300 0.31300 0.29500 0.31000 0.30700 0.30800 0.30700
  4   | 0.39900 0.38800 0.37700 0.37900 0.39400 0.39700 0.37600 0.39000 0.39000 0.37700 0.35900 0.35400 0.36100 0.36700 0.37800
  5   | 0.47400 0.45600 0.43300 0.42300 0.42300 0.46000 0.43600 0.44800 0.45200 0.42500 0.41500 0.40800 0.40600 0.42900 0.42600
  6   | 0.51200 0.52400 0.45600 0.46700 0.46900 0.49500 0.48300 0.51200 0.50100 0.48400 0.45300 0.45200 0.45400 0.46700 0.47700
  7   | 0.49300 0.55500 0.54300 0.52800 0.50600 0.53200 0.52700 0.54300 0.53900 0.51800 0.48100 0.46200 0.50100 0.50400 0.49900
  8   | 0.49800 0.55500 0.59200 0.55200 0.55400 0.55500 0.54800 0.59000 0.57700 0.55100 0.52400 0.51800 0.53700 0.53700 0.54300
  9   | 0.61424 0.61464 0.62808 0.62596 0.62431 0.62724 0.61611 0.62837 0.60825 0.59019 0.57936 0.57817 0.59971 0.58889 0.60498
------+------------------------------------------------------------------------------------------------------------------------
                                               
 
 
        Weights at age in the catches (Kg)
        ----------------------------------
------+--------
AGE   |    2002
------+--------
  0   | 0.05200
  1   | 0.15900
  2   | 0.25500
  3   | 0.30700
  4   | 0.36900
  5   | 0.42600
  6   | 0.46400
  7   | 0.51400
  8   | 0.53900
  9   | 0.60841
------+--------
                                               
 
 
 
        Weights at age in the stock (Kg)
        --------------------------------
------+------------------------------------------------------------------------------------------------------------------------
AGE   |    1972    1973    1974    1975    1976    1977    1978    1979    1980    1981    1982    1983    1984    1985    1986
------+------------------------------------------------------------------------------------------------------------------------
  0   | 0.00800 0.00800 0.00800 0.00800 0.00800 0.00800 0.00800 0.00800 0.00800 0.00800 0.00800 0.00800 0.00000 0.00000 0.00000
  1   | 0.13200 0.13200 0.13000 0.12900 0.12800 0.12700 0.11100 0.11000 0.10900 0.08700 0.08600 0.08600 0.08100 0.08500 0.07700
  2   | 0.17800 0.17700 0.17300 0.17100 0.17000 0.16700 0.17500 0.17400 0.17300 0.18600 0.13500 0.17200 0.19400 0.16500 0.17900
  3   | 0.24300 0.24200 0.23800 0.23600 0.23600 0.23300 0.23800 0.23700 0.23600 0.25200 0.22100 0.23500 0.25300 0.29300 0.26700
  4   | 0.41100 0.30100 0.29600 0.29400 0.29300 0.28900 0.30000 0.29900 0.29700 0.31300 0.28000 0.28000 0.29500 0.30600 0.30400
  5   | 0.35500 0.43800 0.32200 0.31800 0.31800 0.31300 0.34600 0.34500 0.34300 0.32300 0.38500 0.33900 0.32400 0.34100 0.35600
  6   | 0.39800 0.39800 0.46900 0.36500 0.36500 0.36100 0.38200 0.38000 0.37900 0.37800 0.35300 0.37700 0.39300 0.38400 0.35100
  7   | 0.43300 0.43300 0.43300 0.49700 0.41900 0.41600 0.41000 0.40800 0.40700 0.41900 0.40800 0.40400 0.43600 0.43000 0.41600
  8   | 0.45900 0.45900 0.45900 0.45900 0.51200 0.44600 0.43200 0.43000 0.42900 0.43400 0.43700 0.43900 0.44100 0.45900 0.47300
  9   | 0.51469 0.52593 0.51776 0.51806 0.50862 0.53180 0.50445 0.49899 0.49047 0.46706 0.47251 0.51012 0.50931 0.52952 0.48229
------+------------------------------------------------------------------------------------------------------------------------
                                               
 
 
        Weights at age in the stock (Kg)
        --------------------------------
------+------------------------------------------------------------------------------------------------------------------------
AGE   |    1987    1988    1989    1990    1991    1992    1993    1994    1995    1996    1997    1998    1999    2000    2001
------+------------------------------------------------------------------------------------------------------------------------
  0   | 0.00000 0.00000 0.00000 0.00000 0.00000 0.00000 0.00000 0.00000 0.00000 0.00000 0.00000 0.00000 0.00000 0.00000 0.00000
  1   | 0.07800 0.07200 0.07600 0.07400 0.07500 0.07800 0.07800 0.07900 0.08100 0.07600 0.07600 0.07700 0.08100 0.07400 0.07800
  2   | 0.14800 0.15600 0.17700 0.13800 0.15500 0.21200 0.19700 0.17800 0.16400 0.13300 0.18600 0.14900 0.19400 0.18500 0.16400
  3   | 0.24000 0.23700 0.24400 0.22200 0.23000 0.25900 0.26800 0.23700 0.26700 0.25100 0.22800 0.22300 0.24200 0.23500 0.24100
  4   | 0.28600 0.30100 0.30600 0.28700 0.30700 0.31000 0.31500 0.30100 0.32600 0.31700 0.29600 0.28500 0.30100 0.28900 0.34200
  5   | 0.37400 0.32900 0.35200 0.33900 0.35700 0.36200 0.36000 0.36100 0.39800 0.36600 0.36100 0.34200 0.35300 0.35000 0.39000
  6   | 0.38600 0.42300 0.38000 0.37300 0.40900 0.40200 0.41600 0.41300 0.44800 0.44400 0.40200 0.40000 0.39600 0.39000 0.44600
  7   | 0.41100 0.44500 0.42900 0.41400 0.43200 0.42400 0.45400 0.46600 0.49100 0.46200 0.44500 0.42600 0.42300 0.42600 0.45900
  8   | 0.42900 0.43200 0.47400 0.40900 0.50200 0.46200 0.46500 0.47000 0.50800 0.50100 0.47800 0.46600 0.44000 0.44700 0.49900
  9   | 0.48924 0.53073 0.49866 0.47391 0.55364 0.51176 0.53152 0.53403 0.55332 0.57696 0.53549 0.52997 0.49917 0.50226 0.56377
------+------------------------------------------------------------------------------------------------------------------------
                                               
 
 
        Weights at age in the stock (Kg)
        --------------------------------
------+--------
AGE   |    2002
------+--------
  0   | 0.00000
  1   | 0.07800
  2   | 0.18100
  3   | 0.23900
  4   | 0.31100
  5   | 0.36400
  6   | 0.41100
  7   | 0.43600
  8   | 0.46200
  9   | 0.52012
------+--------
                                               
 
 
 
        Natural Mortality (per year)
        ----------------------------
------+------------------------------------------------------------------------------------------------------------------------
AGE   |    1972    1973    1974    1975    1976    1977    1978    1979    1980    1981    1982    1983    1984    1985    1986
------+------------------------------------------------------------------------------------------------------------------------
  0   | 0.15000 0.15000 0.15000 0.15000 0.15000 0.15000 0.15000 0.15000 0.15000 0.15000 0.15000 0.15000 0.15000 0.15000 0.15000
  1   | 0.15000 0.15000 0.15000 0.15000 0.15000 0.15000 0.15000 0.15000 0.15000 0.15000 0.15000 0.15000 0.15000 0.15000 0.15000
  2   | 0.15000 0.15000 0.15000 0.15000 0.15000 0.15000 0.15000 0.15000 0.15000 0.15000 0.15000 0.15000 0.15000 0.15000 0.15000
  3   | 0.15000 0.15000 0.15000 0.15000 0.15000 0.15000 0.15000 0.15000 0.15000 0.15000 0.15000 0.15000 0.15000 0.15000 0.15000
  4   | 0.15000 0.15000 0.15000 0.15000 0.15000 0.15000 0.15000 0.15000 0.15000 0.15000 0.15000 0.15000 0.15000 0.15000 0.15000
  5   | 0.15000 0.15000 0.15000 0.15000 0.15000 0.15000 0.15000 0.15000 0.15000 0.15000 0.15000 0.15000 0.15000 0.15000 0.15000
  6   | 0.15000 0.15000 0.15000 0.15000 0.15000 0.15000 0.15000 0.15000 0.15000 0.15000 0.15000 0.15000 0.15000 0.15000 0.15000
  7   | 0.15000 0.15000 0.15000 0.15000 0.15000 0.15000 0.15000 0.15000 0.15000 0.15000 0.15000 0.15000 0.15000 0.15000 0.15000
  8   | 0.15000 0.15000 0.15000 0.15000 0.15000 0.15000 0.15000 0.15000 0.15000 0.15000 0.15000 0.15000 0.15000 0.15000 0.15000
  9   | 0.15000 0.15000 0.15000 0.15000 0.15000 0.15000 0.15000 0.15000 0.15000 0.15000 0.15000 0.15000 0.15000 0.15000 0.15000
------+------------------------------------------------------------------------------------------------------------------------
                                               
 
 
        Natural Mortality (per year)
        ----------------------------
------+------------------------------------------------------------------------------------------------------------------------
AGE   |    1987    1988    1989    1990    1991    1992    1993    1994    1995    1996    1997    1998    1999    2000    2001
------+------------------------------------------------------------------------------------------------------------------------
  0   | 0.15000 0.15000 0.15000 0.15000 0.15000 0.15000 0.15000 0.15000 0.15000 0.15000 0.15000 0.15000 0.15000 0.15000 0.15000
  1   | 0.15000 0.15000 0.15000 0.15000 0.15000 0.15000 0.15000 0.15000 0.15000 0.15000 0.15000 0.15000 0.15000 0.15000 0.15000
  2   | 0.15000 0.15000 0.15000 0.15000 0.15000 0.15000 0.15000 0.15000 0.15000 0.15000 0.15000 0.15000 0.15000 0.15000 0.15000
  3   | 0.15000 0.15000 0.15000 0.15000 0.15000 0.15000 0.15000 0.15000 0.15000 0.15000 0.15000 0.15000 0.15000 0.15000 0.15000
  4   | 0.15000 0.15000 0.15000 0.15000 0.15000 0.15000 0.15000 0.15000 0.15000 0.15000 0.15000 0.15000 0.15000 0.15000 0.15000
  5   | 0.15000 0.15000 0.15000 0.15000 0.15000 0.15000 0.15000 0.15000 0.15000 0.15000 0.15000 0.15000 0.15000 0.15000 0.15000
  6   | 0.15000 0.15000 0.15000 0.15000 0.15000 0.15000 0.15000 0.15000 0.15000 0.15000 0.15000 0.15000 0.15000 0.15000 0.15000
  7   | 0.15000 0.15000 0.15000 0.15000 0.15000 0.15000 0.15000 0.15000 0.15000 0.15000 0.15000 0.15000 0.15000 0.15000 0.15000
  8   | 0.15000 0.15000 0.15000 0.15000 0.15000 0.15000 0.15000 0.15000 0.15000 0.15000 0.15000 0.15000 0.15000 0.15000 0.15000
  9   | 0.15000 0.15000 0.15000 0.15000 0.15000 0.15000 0.15000 0.15000 0.15000 0.15000 0.15000 0.15000 0.15000 0.15000 0.15000
------+------------------------------------------------------------------------------------------------------------------------
                                               
 
 
        Natural Mortality (per year)
        ----------------------------
------+--------
AGE   |    2002
------+--------
  0   | 0.15000
  1   | 0.15000
  2   | 0.15000
  3   | 0.15000
  4   | 0.15000
  5   | 0.15000
  6   | 0.15000
  7   | 0.15000
  8   | 0.15000
  9   | 0.15000
------+--------
                                               
 
 
 
        Proportion of fish spawning
        ---------------------------
------+------------------------------------------------------------------------------------------------------------------------
AGE   |    1972    1973    1974    1975    1976    1977    1978    1979    1980    1981    1982    1983    1984    1985    1986
------+------------------------------------------------------------------------------------------------------------------------
  0   |  0.0000  0.0000  0.0000  0.0000  0.0000  0.0000  0.0000  0.0000  0.0000  0.0000  0.0000  0.0000  0.0000  0.0000  0.0000
  1   |  0.0500  0.0500  0.0500  0.0600  0.0600  0.0600  0.0600  0.0600  0.0600  0.0700  0.0700  0.0700  0.0700  0.0700  0.0700
  2   |  0.5300  0.5400  0.5400  0.5500  0.5500  0.5500  0.5600  0.5600  0.5700  0.5700  0.5700  0.5800  0.5800  0.5800  0.5800
  3   |  0.9000  0.9000  0.9000  0.8900  0.8900  0.8900  0.8900  0.8900  0.8900  0.8800  0.8800  0.8800  0.8800  0.8800  0.8800
  4   |  0.9800  0.9800  0.9800  0.9800  0.9800  0.9800  0.9800  0.9800  0.9800  0.9800  0.9800  0.9800  0.9700  0.9700  0.9700
  5   |  0.9800  0.9800  0.9800  0.9800  0.9800  0.9800  0.9800  0.9800  0.9800  0.9800  0.9800  0.9800  0.9700  0.9700  0.9700
  6   |  0.9900  0.9900  0.9900  0.9900  0.9900  0.9900  0.9900  0.9900  0.9900  0.9900  0.9900  0.9900  0.9900  0.9900  0.9900
  7   |  1.0000  1.0000  1.0000  1.0000  1.0000  1.0000  1.0000  1.0000  1.0000  1.0000  1.0000  1.0000  1.0000  1.0000  1.0000
  8   |  1.0000  1.0000  1.0000  1.0000  1.0000  1.0000  1.0000  1.0000  1.0000  1.0000  1.0000  1.0000  1.0000  1.0000  1.0000
  9   |  1.0000  1.0000  1.0000  1.0000  1.0000  1.0000  1.0000  1.0000  1.0000  1.0000  1.0000  1.0000  1.0000  1.0000  1.0000
------+------------------------------------------------------------------------------------------------------------------------
                                               
 
 
        Proportion of fish spawning
        ---------------------------
------+------------------------------------------------------------------------------------------------------------------------
AGE   |    1987    1988    1989    1990    1991    1992    1993    1994    1995    1996    1997    1998    1999    2000    2001
------+------------------------------------------------------------------------------------------------------------------------
  0   |  0.0000  0.0000  0.0000  0.0000  0.0000  0.0000  0.0000  0.0000  0.0000  0.0000  0.0000  0.0000  0.0000  0.0000  0.0000
  1   |  0.0700  0.0700  0.0700  0.0700  0.0700  0.0700  0.0700  0.0700  0.0700  0.0700  0.0700  0.0700  0.0700  0.0700  0.0700
  2   |  0.5800  0.5800  0.5800  0.5800  0.5800  0.5800  0.5800  0.5800  0.5800  0.5800  0.5800  0.5800  0.5800  0.5800  0.5900
  3   |  0.8800  0.8800  0.8800  0.8800  0.8800  0.8800  0.8800  0.8800  0.8800  0.8800  0.8800  0.8600  0.8600  0.8600  0.8800
  4   |  0.9700  0.9700  0.9700  0.9700  0.9700  0.9700  0.9700  0.9700  0.9700  0.9700  0.9700  0.9800  0.9800  0.9800  0.9700
  5   |  0.9700  0.9700  0.9700  0.9700  0.9700  0.9700  0.9700  0.9700  0.9700  0.9700  0.9700  0.9800  0.9800  0.9800  0.9700
  6   |  0.9900  0.9900  0.9900  0.9900  0.9900  0.9900  0.9900  0.9900  0.9900  0.9900  0.9900  0.9900  0.9900  0.9900  0.9900
  7   |  1.0000  1.0000  1.0000  1.0000  1.0000  1.0000  1.0000  1.0000  1.0000  1.0000  1.0000  1.0000  1.0000  1.0000  1.0000
  8   |  1.0000  1.0000  1.0000  1.0000  1.0000  1.0000  1.0000  1.0000  1.0000  1.0000  1.0000  1.0000  1.0000  1.0000  1.0000
  9   |  1.0000  1.0000  1.0000  1.0000  1.0000  1.0000  1.0000  1.0000  1.0000  1.0000  1.0000  1.0000  1.0000  1.0000  1.0000
------+------------------------------------------------------------------------------------------------------------------------
                                               
 
 
        Proportion of fish spawning
        ---------------------------
------+--------
AGE   |    2002
------+--------
  0   |  0.0000
  1   |  0.0700
  2   |  0.5900
  3   |  0.8800
  4   |  0.9700
  5   |  0.9700
  6   |  0.9900
  7   |  1.0000
  8   |  1.0000
  9   |  1.0000
------+--------
                                               
 
 
 
 INDICES OF SPAWNING BIOMASS                                                    
  
 ----------------------------
 
          INDEX
        -------
------+------------------------------------------------------------------------------------------------------------------------
      |    1972    1973    1974    1975    1976    1977    1978    1979    1980    1981    1982    1983    1984    1985    1986
------+------------------------------------------------------------------------------------------------------------------------
  1   | ******* ******* ******* ******* ******* ******* ******* ******* ******* ******* ******* ******* ******* ******* *******
------+------------------------------------------------------------------------------------------------------------------------
       x 10 ^ 3                                
 
 
          INDEX
        -------
------+------------------------------------------------------------------------------------------------------------------------
      |    1987    1988    1989    1990    1991    1992    1993    1994    1995    1996    1997    1998    1999    2000    2001
------+------------------------------------------------------------------------------------------------------------------------
  1   | *******  255.76  303.83  302.23  319.50  334.33  353.04  351.65  374.68  352.21  360.41  334.41  329.81  295.45  306.53
------+------------------------------------------------------------------------------------------------------------------------
       x 10 ^ 3                                
 
 
          INDEX
        -------
------+--------
      |    2002
------+--------
  1   |  291.00
------+--------
       x 10 ^ 3                                
 
 
 
 AGE-STRUCTURED INDICES                                                         
  
 -----------------------
 
        FLT01: Dummy survey
        -------------------
------+--------------------------------
AGE   |    1981    1982    1983    1984
------+--------------------------------
  1   |  266.10  203.00   43.60   15.24
  2   |  506.40  435.90  712.70   79.51
  3   |  225.10  483.60  444.60  661.83
  4   |   31.70  184.10  391.60  374.60
  5   |  174.80   24.70  130.40  238.20
  6   |  158.50  136.60   20.20   92.00
  7   |   99.50  108.60   91.30   15.54
  8   |  116.60   84.50   70.90   51.47
  9   |   35.30   87.00   47.10   39.27
------+--------------------------------
       x 10 ^ 3                                
 
 
 
        Fishing Mortality (per year)
        ----------------------------
------+------------------------------------------------------------------------------------------------------------------------
AGE   |    1972    1973    1974    1975    1976    1977    1978    1979    1980    1981    1982    1983    1984    1985    1986
------+------------------------------------------------------------------------------------------------------------------------
  0   | 0.00595 0.00993 0.00799 0.00844 0.00783 0.00768 0.00606 0.00533 0.00674 0.00764 0.00996 0.00614 0.00548 0.00902 0.00760
  1   | 0.02251 0.03759 0.03024 0.03194 0.02962 0.02907 0.02294 0.02018 0.02551 0.02891 0.03768 0.02324 0.02075 0.03412 0.02875
  2   | 0.04982 0.08320 0.06692 0.07070 0.06557 0.06435 0.05077 0.04466 0.05646 0.06399 0.08340 0.05145 0.04593 0.07552 0.06365
  3   | 0.09829 0.16415 0.13203 0.13948 0.12937 0.12695 0.10017 0.08810 0.11140 0.12625 0.16453 0.10150 0.09061 0.14900 0.12556
  4   | 0.15027 0.25095 0.20184 0.21324 0.19777 0.19408 0.15314 0.13469 0.17030 0.19300 0.25154 0.15517 0.13853 0.22779 0.19196
  5   | 0.17091 0.28543 0.22958 0.24254 0.22495 0.22075 0.17418 0.15320 0.19370 0.21952 0.28610 0.17649 0.15756 0.25909 0.21834
  6   | 0.19329 0.32280 0.25963 0.27429 0.25439 0.24964 0.19698 0.17326 0.21906 0.24826 0.32355 0.19959 0.17819 0.29301 0.24692
  7   | 0.22144 0.36982 0.29745 0.31423 0.29145 0.28600 0.22567 0.19849 0.25096 0.28442 0.37068 0.22866 0.20414 0.33568 0.28288
  8   | 0.20510 0.34253 0.27550 0.29105 0.26994 0.26490 0.20902 0.18385 0.23245 0.26343 0.34333 0.21179 0.18908 0.31092 0.26201
  9   | 0.20510 0.34253 0.27550 0.29105 0.26994 0.26490 0.20902 0.18385 0.23245 0.26343 0.34333 0.21179 0.18908 0.31092 0.26201
------+------------------------------------------------------------------------------------------------------------------------
                                               
 
 
        Fishing Mortality (per year)
        ----------------------------
------+------------------------------------------------------------------------------------------------------------------------
AGE   |    1987    1988    1989    1990    1991    1992    1993    1994    1995    1996    1997    1998    1999    2000    2001
------+------------------------------------------------------------------------------------------------------------------------
  0   | 0.00901 0.00895 0.00604 0.00849 0.00952 0.00633 0.00586 0.00537 0.00918 0.00593 0.00766 0.00968 0.00692 0.00716 0.00870
  1   | 0.03411 0.03388 0.02286 0.03213 0.03602 0.02394 0.02216 0.02032 0.03473 0.02245 0.02900 0.03662 0.02619 0.02709 0.03294
  2   | 0.07550 0.07499 0.05060 0.07112 0.07973 0.05299 0.04906 0.04497 0.07688 0.04970 0.06419 0.08105 0.05797 0.05997 0.07292
  3   | 0.14897 0.14794 0.09982 0.14032 0.15730 0.10455 0.09679 0.08873 0.15168 0.09805 0.12665 0.15992 0.11437 0.11831 0.14386
  4   | 0.22772 0.22619 0.15260 0.21450 0.24050 0.15983 0.14797 0.13566 0.23189 0.14991 0.19362 0.24448 0.17485 0.18088 0.21994
  5   | 0.25901 0.25725 0.17360 0.24397 0.27352 0.18179 0.16830 0.15430 0.26376 0.17051 0.22023 0.27808 0.19888 0.20573 0.25016
  6   | 0.29292 0.29093 0.19630 0.27596 0.30931 0.20559 0.19033 0.17450 0.29828 0.19282 0.24906 0.31448 0.22491 0.23266 0.28291
  7   | 0.33559 0.33330 0.22490 0.31611 0.35445 0.23552 0.21805 0.19990 0.34171 0.22090 0.28532 0.36027 0.25766 0.26654 0.32410
  8   | 0.31083 0.30872 0.20830 0.29279 0.32825 0.21815 0.20196 0.18516 0.31651 0.20461 0.26427 0.33370 0.23865 0.24688 0.30019
  9   | 0.31083 0.30872 0.20830 0.29279 0.32825 0.21815 0.20196 0.18516 0.31651 0.20461 0.26427 0.33370 0.23865 0.24688 0.30019
------+------------------------------------------------------------------------------------------------------------------------
                                               
 
 
        Fishing Mortality (per year)
        ----------------------------
------+--------
AGE   |    2002
------+--------
  0   | 0.00688
  1   | 0.02603
  2   | 0.05761
  3   | 0.11367
  4   | 0.17378
  5   | 0.19766
  6   | 0.22354
  7   | 0.25608
  8   | 0.23720
  9   | 0.23720
------+--------
                                               
 
 
 
        Population Abundance (1 January)
        --------------------------------
------+------------------------------------------------------------------------------------------------------------------------
AGE   |    1972    1973    1974    1975    1976    1977    1978    1979    1980    1981    1982    1983    1984    1985    1986
------+------------------------------------------------------------------------------------------------------------------------
  0   |  591.63  498.73  374.98  333.67  438.50  224.34  528.89  217.56  105.69  438.50  528.89  542.44  224.33  518.39  759.91
  1   |  185.58  506.20  425.02  320.18  284.78  374.48  191.61  452.47  186.26   90.36  374.55  450.71  464.03  192.03  442.18
  2   |  236.89  156.17  419.62  354.92  266.92  237.96  313.08  161.18  381.67  156.28   75.55  310.46  379.02  391.19  159.73
  3   |  205.28  193.98  123.69  337.79  284.63  215.16  192.05  256.13  132.67  310.47  126.17   59.83  253.81  311.58  312.21
  4   |  220.88  160.14  141.69   93.29  252.89  215.26  163.11  149.54  201.86  102.15  235.53   92.12   46.52  199.54  231.05
  5   |  166.91  163.59  107.25   99.66   64.88  178.60  152.59  120.45  112.49  146.54   72.49  157.64   67.89   34.86  136.76
  6   |   68.83  121.09  105.84   73.37   67.31   44.59  123.28  110.34   88.95   79.77  101.27   46.87  113.73   49.92   23.16
  7   |   59.08   48.83   75.47   70.27   48.00   44.92   29.90   87.13   79.86   61.50   53.57   63.07   33.04   81.91   32.05
  8   |   18.64   40.75   29.04   48.24   44.17   30.87   29.05   20.54   61.49   53.48   39.83   31.82   43.19   23.19   50.40
  9   |   71.57   58.36   54.00   49.32   57.07   64.32   58.32   57.32   49.02   68.85   76.31   66.91   65.94   69.34   51.60
------+------------------------------------------------------------------------------------------------------------------------
       x 10 ^ 6                                
 
 
        Population Abundance (1 January)
        --------------------------------
------+------------------------------------------------------------------------------------------------------------------------
AGE   |    1987    1988    1989    1990    1991    1992    1993    1994    1995    1996    1997    1998    1999    2000    2001
------+------------------------------------------------------------------------------------------------------------------------
  0   |  752.82  420.79  511.73  558.84  498.77  509.33  558.83  511.73  752.81  482.83  420.78  169.06  577.28  577.24  528.99
  1   |  649.11  642.14  358.95  437.80  476.93  425.23  435.62  478.18  438.09  642.03  413.12  359.41  144.11  493.44  493.29
  2   |  369.80  539.96  534.29  301.97  364.90  395.98  357.34  366.72  403.30  364.19  540.33  345.41  298.22  120.83  413.36
  3   |  129.01  295.15  431.17  437.17  242.06  290.00  323.23  292.84  301.76  321.43  298.27  436.15  274.15  242.22   97.94
  4   |  237.01   95.67  219.10  335.86  327.02  178.02  224.83  252.54  230.65  223.17  250.82  226.18  319.92  210.46  185.22
  5   |  164.14  162.45   65.67  161.89  233.27  221.30  130.59  166.90  189.79  157.43  165.35  177.88  152.45  231.19  151.17
  6   |   94.62  109.04  108.11   47.52  109.18  152.73  158.81   94.99  123.11  125.48  114.26  114.19  115.94  107.55  161.98
  7   |   15.57   60.76   70.16   76.46   31.04   68.97  107.03  113.00   68.67   78.63   89.06   76.66   71.76   79.69   73.36
  8   |   20.79    9.58   37.47   48.22   47.98   18.74   46.91   74.07   79.64   42.00   54.27   57.63   46.02   47.74   52.54
  9   |   62.52   48.39   31.52   45.52   54.23   61.05   54.05   65.93   93.45  102.07   98.18   93.88   83.91   78.42   79.36
------+------------------------------------------------------------------------------------------------------------------------
       x 10 ^ 6                                
 
 
        Population Abundance (1 January)
        --------------------------------
------+----------------
AGE   |    2002    2003
------+----------------
  0   |  438.59  372.90
  1   |  451.36  374.91
  2   |  410.82  378.51
  3   |  330.76  333.80
  4   |   73.01  254.10
  5   |  127.95   52.81
  6   |  101.32   90.37
  7   |  105.07   69.74
  8   |   45.66   70.00
  9   |   77.66   83.73
------+----------------
       x 10 ^ 6                                
 
 
 
        Weighting factors for the catches in number
        -------------------------------------------
------+----------------------------------------------------------------------------------------
AGE   |    1992    1993    1994    1995    1996    1997    1998    1999    2000    2001    2002
------+----------------------------------------------------------------------------------------
  0   |  0.0200  0.0200  0.0200  0.0200  0.0200  0.0200  0.0200  0.0200  0.0200  0.0200  0.0200
  1   |  1.0000  1.0000  1.0000  1.0000  1.0000  1.0000  1.0000  1.0000  1.0000  1.0000  1.0000
  2   |  1.0000  1.0000  1.0000  1.0000  1.0000  1.0000  1.0000  1.0000  1.0000  1.0000  1.0000
  3   |  1.0000  1.0000  1.0000  1.0000  1.0000  1.0000  1.0000  1.0000  1.0000  1.0000  1.0000
  4   |  1.0000  1.0000  1.0000  1.0000  1.0000  1.0000  1.0000  1.0000  1.0000  1.0000  1.0000
  5   |  1.0000  1.0000  1.0000  1.0000  1.0000  1.0000  1.0000  1.0000  1.0000  1.0000  1.0000
  6   |  1.0000  1.0000  1.0000  1.0000  1.0000  1.0000  1.0000  1.0000  1.0000  1.0000  1.0000
  7   |  1.0000  1.0000  1.0000  1.0000  1.0000  1.0000  1.0000  1.0000  1.0000  1.0000  1.0000
  8   |  1.0000  1.0000  1.0000  1.0000  1.0000  1.0000  1.0000  1.0000  1.0000  1.0000  1.0000
------+----------------------------------------------------------------------------------------
                                               
 
 
 
 Predicted SSB Index Values                                                     
  
 ---------------------------
 
          INDEX
        -------
------+------------------------------------------------------------------------------------------------------------------------
      |    1972    1973    1974    1975    1976    1977    1978    1979    1980    1981    1982    1983    1984    1985    1986
------+------------------------------------------------------------------------------------------------------------------------
  1   | ******* ******* ******* ******* ******* ******* ******* ******* ******* ******* ******* ******* ******* ******* *******
------+------------------------------------------------------------------------------------------------------------------------
       x 10 ^ 3                                
 
 
          INDEX
        -------
------+------------------------------------------------------------------------------------------------------------------------
      |    1987    1988    1989    1990    1991    1992    1993    1994    1995    1996    1997    1998    1999    2000    2001
------+------------------------------------------------------------------------------------------------------------------------
  1   | *******  255.76  303.82  302.22  319.50  334.32  353.04  351.65  374.69  352.22  360.41  334.41  329.81  295.45  306.55
------+------------------------------------------------------------------------------------------------------------------------
       x 10 ^ 3                                
 
 
          INDEX
        -------
------+--------
      |    2002
------+--------
  1   |  291.04
------+--------
       x 10 ^ 3                                
 
 
 
 Predicted Age-Structured Index Values                                          
  
 --------------------------------------
 
        FLT01: Dummy survey Predicted
        -----------------------------
------+--------------------------------
AGE   |    1981    1982    1983    1984
------+--------------------------------
  1   |   24.09   99.40  120.56  124.30
  2   |  270.28  129.28  540.65  662.05
  3   |  838.46  333.64  163.79  699.03
  4   |  172.59  385.33  158.91   80.99
  5   |  151.91   72.45  167.33   72.82
  6   |   77.96   94.95   47.05  115.51
  7   |   74.66   62.02   78.95   41.93
  8   |   99.48   70.90   60.90   83.69
  9   |   47.78   50.67   47.77   47.67
------+--------------------------------
       x 10 ^ 3                                
 
 
 
        Fitted Selection Pattern
        ------------------------
------+------------------------------------------------------------------------------------------------------------------------
AGE   |    1972    1973    1974    1975    1976    1977    1978    1979    1980    1981    1982    1983    1984    1985    1986
------+------------------------------------------------------------------------------------------------------------------------
  0   |  0.0348  0.0348  0.0348  0.0348  0.0348  0.0348  0.0348  0.0348  0.0348  0.0348  0.0348  0.0348  0.0348  0.0348  0.0348
  1   |  0.1317  0.1317  0.1317  0.1317  0.1317  0.1317  0.1317  0.1317  0.1317  0.1317  0.1317  0.1317  0.1317  0.1317  0.1317
  2   |  0.2915  0.2915  0.2915  0.2915  0.2915  0.2915  0.2915  0.2915  0.2915  0.2915  0.2915  0.2915  0.2915  0.2915  0.2915
  3   |  0.5751  0.5751  0.5751  0.5751  0.5751  0.5751  0.5751  0.5751  0.5751  0.5751  0.5751  0.5751  0.5751  0.5751  0.5751
  4   |  0.8792  0.8792  0.8792  0.8792  0.8792  0.8792  0.8792  0.8792  0.8792  0.8792  0.8792  0.8792  0.8792  0.8792  0.8792
  5   |  1.0000  1.0000  1.0000  1.0000  1.0000  1.0000  1.0000  1.0000  1.0000  1.0000  1.0000  1.0000  1.0000  1.0000  1.0000
  6   |  1.1309  1.1309  1.1309  1.1309  1.1309  1.1309  1.1309  1.1309  1.1309  1.1309  1.1309  1.1309  1.1309  1.1309  1.1309
  7   |  1.2956  1.2956  1.2956  1.2956  1.2956  1.2956  1.2956  1.2956  1.2956  1.2956  1.2956  1.2956  1.2956  1.2956  1.2956
  8   |  1.2000  1.2000  1.2000  1.2000  1.2000  1.2000  1.2000  1.2000  1.2000  1.2000  1.2000  1.2000  1.2000  1.2000  1.2000
  9   |  1.2000  1.2000  1.2000  1.2000  1.2000  1.2000  1.2000  1.2000  1.2000  1.2000  1.2000  1.2000  1.2000  1.2000  1.2000
------+------------------------------------------------------------------------------------------------------------------------
                                               
 
 
        Fitted Selection Pattern
        ------------------------
------+------------------------------------------------------------------------------------------------------------------------
AGE   |    1987    1988    1989    1990    1991    1992    1993    1994    1995    1996    1997    1998    1999    2000    2001
------+------------------------------------------------------------------------------------------------------------------------
  0   |  0.0348  0.0348  0.0348  0.0348  0.0348  0.0348  0.0348  0.0348  0.0348  0.0348  0.0348  0.0348  0.0348  0.0348  0.0348
  1   |  0.1317  0.1317  0.1317  0.1317  0.1317  0.1317  0.1317  0.1317  0.1317  0.1317  0.1317  0.1317  0.1317  0.1317  0.1317
  2   |  0.2915  0.2915  0.2915  0.2915  0.2915  0.2915  0.2915  0.2915  0.2915  0.2915  0.2915  0.2915  0.2915  0.2915  0.2915
  3   |  0.5751  0.5751  0.5750  0.5752  0.5751  0.5751  0.5751  0.5751  0.5751  0.5751  0.5751  0.5751  0.5751  0.5751  0.5751
  4   |  0.8792  0.8793  0.8791  0.8792  0.8793  0.8792  0.8792  0.8792  0.8792  0.8792  0.8792  0.8792  0.8792  0.8792  0.8792
  5   |  1.0000  1.0000  1.0000  1.0000  1.0000  1.0000  1.0000  1.0000  1.0000  1.0000  1.0000  1.0000  1.0000  1.0000  1.0000
  6   |  1.1309  1.1309  1.1308  1.1311  1.1308  1.1309  1.1309  1.1309  1.1309  1.1309  1.1309  1.1309  1.1309  1.1309  1.1309
  7   |  1.2956  1.2956  1.2955  1.2957  1.2959  1.2956  1.2956  1.2956  1.2956  1.2956  1.2956  1.2956  1.2956  1.2956  1.2956
  8   |  1.2000  1.2000  1.1999  1.2001  1.2001  1.2000  1.2000  1.2000  1.2000  1.2000  1.2000  1.2000  1.2000  1.2000  1.2000
  9   |  1.2000  1.2000  1.1999  1.2001  1.2001  1.2000  1.2000  1.2000  1.2000  1.2000  1.2000  1.2000  1.2000  1.2000  1.2000
------+------------------------------------------------------------------------------------------------------------------------
                                               
 
 
        Fitted Selection Pattern
        ------------------------
------+--------
AGE   |    2002
------+--------
  0   |  0.0348
  1   |  0.1317
  2   |  0.2915
  3   |  0.5751
  4   |  0.8792
  5   |  1.0000
  6   |  1.1309
  7   |  1.2956
  8   |  1.2000
  9   |  1.2000
------+--------
                                               
 
 
 
 
 
                    STOCK SUMMARY                                             
 
 
 ³ Year ³  Recruits  ³  Total  ³ Spawning³ Landings ³ Yield ³ Mean F ³ SoP ³    
 ³      ³   Age   0  ³ Biomass ³ Biomass ³          ³ /SSB  ³  Ages  ³     ³ 
 ³      ³  thousands ³  tonnes ³ tonnes  ³ tonnes   ³ ratio ³  4- 7  ³ (%) ³ 
 
   1972       591620    369685    277470     53262   0.1920   0.1840    99
   1973       498720    383985    250420     79253   0.3165   0.3073   100
   1974       374970    360360    230824     58178   0.2520   0.2471   100
   1975       333670    352899    237204     57248   0.2413   0.2611    99
   1976       438500    343559    240184     53925   0.2245   0.2421    99
   1977       224330    340093    232931     53852   0.2312   0.2376    99
   1978       528890    329044    241718     41136   0.1702   0.1875   100
   1979       217550    341441    241764     37358   0.1545   0.1649   100
   1980       105680    333663    245285     53466   0.2180   0.2085   100
   1981       438500    309271    238741     57123   0.2393   0.2363    99
   1982       528890    279448    197954     68239   0.3447   0.3080    99
   1983       542440    281044    189356     37749   0.1994   0.1900   100
   1984       224320    322784    221205     35235   0.1593   0.1696   100
   1985       518390    346858    251545     71708   0.2851   0.2789    99
   1986       759910    335112    242723     61384   0.2529   0.2350    99
   1987       752810    347921    231973     75075   0.3236   0.2788   100
   1988       420790    385640    255761     78108   0.3054   0.2769    99
   1989       511730    421873    303823     56926   0.1874   0.1868   100
   1990       558840    413067    302222     89673   0.2967   0.2626   100
   1991       498760    443843    319497    100533   0.3147   0.2944    99
   1992       509330    458062    334321     69762   0.2087   0.1957   100
   1993       558820    474031    353041     65710   0.1861   0.1812   100
   1994       511720    470630    351646     65547   0.1864   0.1661   100
   1995       752810    513954    374687    108779   0.2903   0.2839   100
   1996       482830    478250    352217     66944   0.1901   0.1835    99
   1997       420780    497918    360412     85095   0.2361   0.2371    99
   1998       169050    456643    334407    104080   0.3112   0.2993    99
   1999       577270    424386    329811     72933   0.2211   0.2141   100
   2000       577240    394144    295449     73299   0.2481   0.2215    99
   2001       528990    429048    306549     84454   0.2755   0.2693   100
   2002       438580    406831    291042     64822   0.2227   0.2128    99
 
 -----------------------------------------------------------------            
 No of years for separable analysis : 11                                      
 Age range in the analysis : 0  . . . 9                                       
 Year range in the analysis : 1972  . . . 2002                                
 Number of indices of SSB : 1                                                 
 Number of age-structured indices : 1                                         
                                                                              
 Parameters to estimate : 46                                                  
 Number of observations : 150                                                 
                                                                              
 Conventional single selection vector model to be fitted.                     
                                                                              
                                                                              
                                                                              
 -----------------------------------------------------------------            
 
 
 PARAMETER ESTIMATES                                                            
  
 
 ³Parm.³      ³ Maximum ³    ³        ³         ³         ³         ³ Mean of ³ 
  
 ³ No. ³      ³ Likelh. ³ CV ³  Lower ³ Upper   ³  -s.e.  ³   +s.e. ³ Param.  ³ 
  
 ³     ³      ³ Estimate³ (%)³ 95% CL ³ 95% CL  ³         ³         ³ Distrib.³ 
  
 Separable model : F by year                                                    
  
    1   1992     0.1376   0    0.1376    0.1376    0.1376    0.1376    0.1376
    2   1993     0.1285   0    0.1285    0.1285    0.1285    0.1285    0.1285
    3   1994     0.1202   0    0.1202    0.1202    0.1202    0.1202    0.1202
    4   1995     0.2106   0    0.2106    0.2106    0.2106    0.2106    0.2106
    5   1996     0.1415   0    0.1415    0.1415    0.1415    0.1415    0.1415
    6   1997     0.1942   0    0.1942    0.1942    0.1942    0.1942    0.1942
    7   1998     0.2644   1    0.2592    0.2696    0.2617    0.2670    0.2644
    8   1999     0.2079 100    0.0293    1.4756    0.0765    0.5650    0.3427
    9   2000     0.2407   0    0.2406    0.2407    0.2407    0.2407    0.2407
   10   2001     0.3344   0    0.3344    0.3344    0.3344    0.3344    0.3344
   11   2002     0.3067   0    0.3067    0.3067    0.3067    0.3067    0.3067
 
 Separable Model: Selection (S) by age                                          
  
   12      0     0.0481   0    0.0481    0.0481    0.0481    0.0481    0.0481
   13      1     0.1615   0    0.1615    0.1615    0.1615    0.1615    0.1615
   14      2     0.3270   0    0.3270    0.3270    0.3270    0.3270    0.3270
   15      3     0.6076   0    0.6076    0.6076    0.6076    0.6076    0.6076
   16      4     0.8958   0    0.8958    0.8958    0.8958    0.8958    0.8958
           5     1.0000     Fixed : Reference Age             
   17      6     1.1267   0    1.1267    1.1267    1.1267    1.1267    1.1267
   18      7     1.1977   0    1.1977    1.1977    1.1977    1.1977    1.1977
           8     1.2000     Fixed : Last true age             
 
 Separable model: Populations in year 2002                                    
   19      0     205251   0     205251    205251    205251    205251    205251
   20      1     241572   0     241572    241572    241572    241572    241572
   21      2     245577   0     245577    245577    245577    245577    245577
   22      3     215900   0     215900    215900    215900    215900    215900
   23      4      50743   0      50743     50743     50743     50743     50743
   24      5      92991   0      92991     92991     92991     92991     92991
   25      6      77148   0      77148     77148     77148     77148     77148
   26      7      84043   0      84043     84043     84043     84043     84043
   27      8      39449   0      39449     39449     39449     39449     39449
 
Separable model: Populations at age
   28   1992      28603   0      28603     28603     28603     28603     28603
   29   1993      70380   0      70380     70380     70380     70380     70380
   30   1994     108907   0     108907    108907    108907    108907    108907
   31   1995     115093   0     115093    115093    115093    115093    115093
   32   1996      61664   0      61664     61664     61664     61664     61664
   33   1997      76866   0      76866     76866     76866     76866     76866
   34   1998      78501   0      78501     78501     78501     78501     78501
   35   1999      58996   0      58996     58996     58996     58996     58996
   36   2000      54863   0      54863     54863     54863     54863     54863
   37   2001      53628   0      53628     53628     53628     53628     53628
 
 SSB Index catchabilities                                                       
  
   INDEX                                 
 Absolute estimator. No fitted catchability.                                    
  
 
 
 
 Age-structured index catchabilities                                            
  
                                        FLT01: Dummy survey                     
 
 Linear model fitted. Slopes at age :                                           
  
   38   1  Q  .2756       0 .2756     .2756     .2756     .2756     .2756    
   39   2  Q  1.827       0 1.827     1.827     1.827     1.827     1.827    
   40   3  Q  2.953       0 2.953     2.953     2.953     2.953     2.953    
   41   4  Q  1.908       0 1.908     1.908     1.908     1.908     1.908    
   42   5  Q  1.180       0 1.180     1.180     1.180     1.180     1.180    
   43   6  Q  1.120       0 1.120     1.120     1.120     1.120     1.120    
   44   7  Q  1.399       0 1.399     1.399     1.399     1.399     1.399    
   45   8  Q  2.079       0 2.079     2.079     2.079     2.079     2.079    
   46   9  Q  .7815       0 .7815     .7815     .7815     .7815     .7815    
 
 
 
 RESIDUALS ABOUT THE MODEL FIT                                                  
  
 ------------------------------
 
        Separable Model Residuals
        -------------------------
------+----------------------------------------------------------------------------------------
Age   |    1992    1993    1994    1995    1996    1997    1998    1999    2000    2001    2002
------+----------------------------------------------------------------------------------------
  0   | ******* ******* ******* ******* ******* ******* ******* ******* ******* ******* *******
  1   | ******* ******* ******* ******* ******* ******* ******* ******* ******* ******* *******
  2   | ******* ******* ******* ******* ******* ******* ******* ******* ******* ******* *******
  3   | ******* ******* ******* ******* ******* ******* ******* ******* ******* ******* *******
  4   | ******* ******* ******* ******* ******* ******* ******* ******* ******* ******* *******
  5   | ******* ******* ******* ******* ******* ******* ******* ******* ******* ******* *******
  6   | ******* ******* ******* ******* ******* ******* ******* ******* ******* ******* *******
  7   | ******* ******* ******* ******* ******* ******* ******* ******* ******* ******* *******
  8   | ******* ******* ******* ******* ******* ******* ******* ******* ******* ******* *******
------+----------------------------------------------------------------------------------------
                                               
 
 
 
 SPAWNING BIOMASS INDEX RESIDUALS                                               
  
 ---------------------------------
 
          INDEX
        -------
------+------------------------------------------------------------------------------------------------------------------------
      |    1972    1973    1974    1975    1976    1977    1978    1979    1980    1981    1982    1983    1984    1985    1986
------+------------------------------------------------------------------------------------------------------------------------
  1   | ******* ******* ******* ******* ******* ******* ******* ******* ******* ******* ******* ******* ******* ******* *******
------+------------------------------------------------------------------------------------------------------------------------
                                               
 
 
          INDEX
        -------
------+------------------------------------------------------------------------------------------------------------------------
      |    1987    1988    1989    1990    1991    1992    1993    1994    1995    1996    1997    1998    1999    2000    2001
------+------------------------------------------------------------------------------------------------------------------------
  1   | ******* ******* ******* ******* ******* ******* ******* ******* ******* ******* ******* ******* ******* ******* *******
------+------------------------------------------------------------------------------------------------------------------------
                                               
 
 
          INDEX
        -------
------+--------
      |    2002
------+--------
  1   | *******
------+--------
                                               
 
 
 
 AGE-STRUCTURED INDEX RESIDUALS                                                 
  
 -------------------------------
 
        FLT01: Dummy survey
        -------------------
------+--------------------------------
Age   |    1981    1982    1983    1984
------+--------------------------------
  1   |   2.402   0.714  -1.017  -2.099
  2   |   0.628   1.215   0.276  -2.119
  3   |  -1.315   0.371   0.999  -0.055
  4   |  -1.695  -0.739   0.902   1.531
  5   |   0.140  -1.076  -0.249   1.185
  6   |   0.710   0.364  -0.845  -0.228
  7   |   0.287   0.560   0.145  -0.992
  8   |   0.159   0.175   0.152  -0.486
  9   |  -0.303   0.540  -0.014  -0.194
------+--------------------------------
                                               
 
 
 
 
 
 
 PARAMETERS OF THE DISTRIBUTION OF ln(CATCHES AT AGE)                           
  
 -----------------------------------------------------
 
 Separable model fitted from 1992  to 2002                                    
 Variance                             0.0000
Skewness test stat.                   1.1511
Kurtosis test statistic               0.0875
Partial chi-square                    0.0000
Significance in fit                   0.0000
Degrees of freedom                        62
 
 
 PARAMETERS OF DISTRIBUTIONS OF THE SSB INDICES                                 
  
 -----------------------------------------------
 
 
   DISTRIBUTION STATISTICS FOR   INDEX                                          
 
 
 Index used as absolute measure of abundance                                    
  
 Last age is a plus-group                                                       
  
 
 Variance                             0.0000
Skewness test stat.                  -4.5082
Kurtosis test statistic               4.8234
Partial chi-square                    0.0000
Significance in fit                   0.0000
Number of observations                    15
Degrees of freedom                        15
Weight in the analysis                5.0000
 
 PARAMETERS OF THE DISTRIBUTION OF THE AGE-STRUCTURED INDICES                   
  
 ------------------------------------------------------------ 
 
 
   DISTRIBUTION STATISTICS FOR FLT01: Dummy survey                              
 
 
 Linear catchability relationship assumed                                       
  
 
 Age                          1         2         3         4         5         6         7         8         9
 Variance                0.0043    0.0024    0.0011    0.0024    0.0010    0.0005    0.0005    0.0001    0.0002
Skewness test stat.      0.1597   -0.7451   -0.4128   -0.0914    0.1542   -0.2073   -0.7621   -0.9398    0.7335
Kurtosis test statisti  -0.5824   -0.3379   -0.4295   -0.6694   -0.4499   -0.5732   -0.3314   -0.2735   -0.3501
Partial chi-square       0.0012    0.0006    0.0002    0.0006    0.0003    0.0001    0.0001    0.0000    0.0000
Significance in fit      0.0000    0.0000    0.0000    0.0000    0.0000    0.0000    0.0000    0.0000    0.0000
Number of observations        4         4         4         4         4         4         4         4         4
Degrees of freedom            3         3         3         3         3         3         3         3         3
Weight in the analysis   0.0011    0.0011    0.0011    0.0011    0.0011    0.0011    0.0011    0.0011    0.0011
 
 ANALYSIS OF VARIANCE                   
--------------------------
 
 Unweighted Statistics                                                          
  
 
                                                                                
  
Variance                              
                                       SSQ     Data    Parameters d.f. Variance
Total for model                        33.7874     150         46  104   0.3249
Catches at age                          0.0000      99         37   62   0.0000
  
SSB Indices                           
  INDEX                                 0.0000      15          0   15   0.0000
  
 Aged Indices                                                                   
  
FLT01: Dummy survey                    33.7874      36          9   27   1.2514
 
 
 Weighted Statistics                                                            
  
 
                                                                                
  
Variance                              
                                       SSQ     Data    Parameters d.f. Variance
Total for model                         0.0000     150         46  104   0.0000
Catches at age                          0.0000      99         37   62   0.0000
  
SSB Indices                           
  INDEX                                 0.0000      15          0   15   0.0000
  
 Aged Indices                                                                   
  
FLT01: Dummy survey                     0.0000      36          9   27   0.0000
 
