 Output Generated by ICA Version 1.4                                            
  
 ------------------------------------
 
        Mackerel NE Atlantic  WG2003
        ----------------------------
 
        Catch in Number
        ---------------
------+------------------------------------------------------------------------------------------------------------------------
AGE   |    1972    1973    1974    1975    1976    1977    1978    1979    1980    1981    1982    1983    1984    1985    1986
------+------------------------------------------------------------------------------------------------------------------------
  0   |   3298.   2428.   5265.    592.   1949.   2944.   3253.   4656.   2693.   2941.   3201.   3064.   3200.   4141.   2863.
  1   |   4521.  10101.   8708.  13655.   1982.   7179.   8429.  10661.  18133.   5759.  10547.  11144.  11447.   7972.  19837.
  2   |  19386.   7898.  20643.  12892.  26122.   4163.  11729.  15774.  23626.  22155.  11828.  20984.  23720.  16282.  21716.
  3   |  12051.  28925.  13752.  26133.  21141.  46844.   5810.  18774.  29725.  24716.  39118.  20160.  38059.  28863.  37670.
  4   |  25581.  13156.  36778.  12744.  31531.  27755.  47815.   6821.  25783.  22769.  32244.  49031.  26712.  33908.  48669.
  5   |  28276.  19901.  11923.  24256.  11013.  29569.  20172.  40106.   6673.  14034.  21354.  28946.  46340.  16935.  40820.
  6   |  15170.  21339.  17483.   7630.  20383.  10021.  20844.  16431.  38000.   3524.  12822.  18637.  26523.  28506.  19747.
  7   |  17197.  11269.  18433.  11015.   6328.  18261.   6953.  16732.  15292.  19767.   3185.  11042.  16794.  16067.  32646.
  8   |  10952.  10235.   7813.   9285.   7334.   4553.  10141.   4477.  12509.   6345.  14359.   2203.   7991.   8131.  14824.
  9   |  11092.  13903.  16824.  12293.  15078.  15893.  10924.  13746.  13022.  10670.  12884.  18955.  15912.  11227.  17865.
------+------------------------------------------------------------------------------------------------------------------------
       x 10 ^ 3                                
 
 
        Catch in Number
        ---------------
------+------------------------------------------------------------------------------------------------------------------------
AGE   |    1987    1988    1989    1990    1991    1992    1993    1994    1995    1996    1997    1998    1999    2000    2001
------+------------------------------------------------------------------------------------------------------------------------
  0   |   3105.   5432.   5144.   3719.   2365.   3500.   3528.   2679.    662.   3823.   2042.    731.   6985.   2136.   3722.
  1   |   6594.  12222.  21405.  12958.   9532.   9497.  11645.   9991.   8301.   3066.   7945.   7660.   3128.  22793.   6429.
  2   |  26020.  14784.  27266.  30584.  18955.  21818.  17962.  18778.  17658.  21773.   3622.  16989.  18556.   5751.  38694.
  3   |  24253.  49689.  27798.  32946.  38247.  37005.  35024.  24652.  28333.  39100.  21848.   6605.  34658.  28531.   8176.
  4   |  30582.  33828.  67315.  24206.  30141.  54640.  43131.  34984.  27203.  45369.  28392.  29129.   9707.  37926.  28898.
  5   |  27931.  30438.  32385.  41194.  15752.  30774.  45166.  30553.  27506.  30923.  23176.  27021.  30281.   7419.  26820.
  6   |  22660.  26950.  28086.  19099.  26002.  15604.  24596.  30965.  23299.  30185.  15249.  21393.  27072.  22188.   5032.
  7   |  10757.  21499.  24286.  16182.  11867.  25353.  12228.  16555.  23238.  25014.  14574.  13850.  20930.  19256.  14616.
  8   |  14173.   8202.  15545.  11145.   8037.   9303.  15916.   6581.   9955.  20076.   9600.  10632.  10886.  11883.  10111.
  9   |  13372.  22523.  22940.  18063.  14579.  17148.  17097.  17949.  14726.  21542.  16525.  18838.  24120.  20107.  16353.
------+------------------------------------------------------------------------------------------------------------------------
       x 10 ^ 3                                
 
 
        Catch in Number
        ---------------
------+--------
AGE   |    2002
------+--------
  0   |   4407.
  1   |   9821.
  2   |   9611.
  3   |  48824.
  4   |   7418.
  5   |  18403.
  6   |  16444.
  7   |   3011.
  8   |   6967.
  9   |  12593.
------+--------
       x 10 ^ 3                                
 
 
 
        Predicted Catch in Number
        -------------------------
------+----------------------------------------------------------------------------------------
AGE   |    1992    1993    1994    1995    1996    1997    1998    1999    2000    2001    2002
------+----------------------------------------------------------------------------------------
  0   |   3500.   3528.   2679.    662.   3823.   2042.    731.   6985.   2136.   3722.   4407.
  1   |   9497.  11645.   9991.   8301.   3066.   7945.   7660.   3128.  22793.   6429.   9821.
  2   |  21818.  17962.  18778.  17658.  21773.   3622.  16989.  18556.   5751.  38694.   9611.
  3   |  37005.  35024.  24652.  28333.  39100.  21848.   6605.  34658.  28531.   8176.  48824.
  4   |  54640.  43131.  34984.  27203.  45369.  28392.  29129.   9707.  37926.  28898.   7418.
  5   |  30774.  45166.  30553.  27506.  30923.  23176.  27021.  30281.   7419.  26820.  18403.
  6   |  15604.  24596.  30965.  23299.  30185.  15249.  21393.  27072.  22188.   5032.  16444.
  7   |  25353.  12228.  16555.  23238.  25014.  14574.  13850.  20930.  19256.  14616.   3011.
  8   |   9303.  15916.   6581.   9955.  20076.   9600.  10632.  10886.  11883.  10111.   6967.
------+----------------------------------------------------------------------------------------
       x 10 ^ 3                                
 
 
 
        Weights at age in the catches (Kg)
        ----------------------------------
------+------------------------------------------------------------------------------------------------------------------------
AGE   |    1972    1973    1974    1975    1976    1977    1978    1979    1980    1981    1982    1983    1984    1985    1986
------+------------------------------------------------------------------------------------------------------------------------
  0   | 0.05200 0.05000 0.05100 0.05000 0.05900 0.05600 0.03600 0.01600 0.05700 0.06000 0.05300 0.05000 0.03100 0.05500 0.03900
  1   | 0.13500 0.14500 0.13600 0.14800 0.13700 0.13600 0.13500 0.13700 0.13100 0.13200 0.13100 0.16800 0.10200 0.14400 0.14600
  2   | 0.27700 0.19400 0.22900 0.17700 0.20700 0.16900 0.16100 0.16100 0.24900 0.24800 0.24900 0.21900 0.18400 0.26200 0.24500
  3   | 0.34100 0.28500 0.26100 0.25900 0.26300 0.27500 0.25000 0.24300 0.28500 0.28700 0.28500 0.27600 0.29500 0.35700 0.33500
  4   | 0.42300 0.36800 0.33400 0.32300 0.32000 0.33300 0.32500 0.31800 0.34500 0.34400 0.34500 0.31000 0.32600 0.41800 0.42300
  5   | 0.46800 0.44800 0.39200 0.34800 0.34600 0.35200 0.34500 0.34800 0.37800 0.37700 0.37800 0.38600 0.34400 0.41700 0.47100
  6   | 0.46800 0.46800 0.48100 0.43000 0.40600 0.40700 0.40300 0.40100 0.45400 0.45400 0.45400 0.42500 0.43100 0.43600 0.44400
  7   | 0.50800 0.50800 0.50800 0.48800 0.44300 0.44600 0.42100 0.41600 0.49800 0.49900 0.49600 0.43500 0.54200 0.52100 0.45700
  8   | 0.53900 0.53900 0.53900 0.53900 0.51800 0.54600 0.51800 0.50600 0.52000 0.51300 0.51300 0.49800 0.48000 0.55500 0.54300
  9   | 0.60337 0.60060 0.59903 0.60097 0.60258 0.59142 0.57729 0.54314 0.56789 0.55853 0.56245 0.57196 0.62891 0.63599 0.61166
------+------------------------------------------------------------------------------------------------------------------------
                                               
 
 
        Weights at age in the catches (Kg)
        ----------------------------------
------+------------------------------------------------------------------------------------------------------------------------
AGE   |    1987    1988    1989    1990    1991    1992    1993    1994    1995    1996    1997    1998    1999    2000    2001
------+------------------------------------------------------------------------------------------------------------------------
  0   | 0.07600 0.05500 0.04900 0.08500 0.06800 0.05100 0.06100 0.04600 0.07200 0.05800 0.07600 0.06500 0.06200 0.06300 0.06900
  1   | 0.17900 0.13300 0.13600 0.15600 0.15600 0.16700 0.13400 0.13600 0.14300 0.14300 0.14300 0.15700 0.17600 0.13500 0.17100
  2   | 0.22300 0.25900 0.23700 0.23300 0.25300 0.23900 0.24000 0.25500 0.23400 0.22600 0.23000 0.22700 0.23600 0.22900 0.22300
  3   | 0.31800 0.32300 0.32000 0.33600 0.32700 0.33300 0.31700 0.33900 0.33300 0.31300 0.29500 0.31000 0.30700 0.30800 0.30700
  4   | 0.39900 0.38800 0.37700 0.37900 0.39400 0.39700 0.37600 0.39000 0.39000 0.37700 0.35900 0.35400 0.36100 0.36700 0.37800
  5   | 0.47400 0.45600 0.43300 0.42300 0.42300 0.46000 0.43600 0.44800 0.45200 0.42500 0.41500 0.40800 0.40600 0.42900 0.42600
  6   | 0.51200 0.52400 0.45600 0.46700 0.46900 0.49500 0.48300 0.51200 0.50100 0.48400 0.45300 0.45200 0.45400 0.46700 0.47700
  7   | 0.49300 0.55500 0.54300 0.52800 0.50600 0.53200 0.52700 0.54300 0.53900 0.51800 0.48100 0.46200 0.50100 0.50400 0.49900
  8   | 0.49800 0.55500 0.59200 0.55200 0.55400 0.55500 0.54800 0.59000 0.57700 0.55100 0.52400 0.51800 0.53700 0.53700 0.54300
  9   | 0.60847 0.59415 0.61117 0.61587 0.63715 0.63350 0.61346 0.62188 0.61479 0.59713 0.57487 0.57086 0.59671 0.59463 0.60555
------+------------------------------------------------------------------------------------------------------------------------
                                               
 
 
        Weights at age in the catches (Kg)
        ----------------------------------
------+--------
AGE   |    2002
------+--------
  0   | 0.05200
  1   | 0.15900
  2   | 0.25500
  3   | 0.30700
  4   | 0.36900
  5   | 0.42600
  6   | 0.46400
  7   | 0.51400
  8   | 0.53900
  9   | 0.60853
------+--------
                                               
 
 
 
        Weights at age in the stock (Kg)
        --------------------------------
------+------------------------------------------------------------------------------------------------------------------------
AGE   |    1972    1973    1974    1975    1976    1977    1978    1979    1980    1981    1982    1983    1984    1985    1986
------+------------------------------------------------------------------------------------------------------------------------
  0   | 0.00800 0.00800 0.00800 0.00800 0.00800 0.00800 0.00800 0.00800 0.00800 0.00800 0.00800 0.00800 0.00000 0.00000 0.00000
  1   | 0.13200 0.13200 0.13000 0.12900 0.12800 0.12700 0.11100 0.11000 0.10900 0.08700 0.08600 0.08600 0.08100 0.08500 0.07700
  2   | 0.17800 0.17700 0.17300 0.17100 0.17000 0.16700 0.17500 0.17400 0.17300 0.18600 0.13500 0.17200 0.19400 0.16500 0.17900
  3   | 0.24300 0.24200 0.23800 0.23600 0.23600 0.23300 0.23800 0.23700 0.23600 0.25200 0.22100 0.23500 0.25300 0.29300 0.26700
  4   | 0.41100 0.30100 0.29600 0.29400 0.29300 0.28900 0.30000 0.29900 0.29700 0.31300 0.28000 0.28000 0.29500 0.30600 0.30400
  5   | 0.35500 0.43800 0.32200 0.31800 0.31800 0.31300 0.34600 0.34500 0.34300 0.32300 0.38500 0.33900 0.32400 0.34100 0.35600
  6   | 0.39800 0.39800 0.46900 0.36500 0.36500 0.36100 0.38200 0.38000 0.37900 0.37800 0.35300 0.37700 0.39300 0.38400 0.35100
  7   | 0.43300 0.43300 0.43300 0.49700 0.41900 0.41600 0.41000 0.40800 0.40700 0.41900 0.40800 0.40400 0.43600 0.43000 0.41600
  8   | 0.45900 0.45900 0.45900 0.45900 0.51200 0.44600 0.43200 0.43000 0.42900 0.43400 0.43700 0.43900 0.44100 0.45900 0.47300
  9   | 0.51860 0.51509 0.51273 0.51603 0.51696 0.53402 0.51514 0.48926 0.49049 0.47181 0.47980 0.50940 0.51867 0.53953 0.48520
------+------------------------------------------------------------------------------------------------------------------------
                                               
 
 
        Weights at age in the stock (Kg)
        --------------------------------
------+------------------------------------------------------------------------------------------------------------------------
AGE   |    1987    1988    1989    1990    1991    1992    1993    1994    1995    1996    1997    1998    1999    2000    2001
------+------------------------------------------------------------------------------------------------------------------------
  0   | 0.00000 0.00000 0.00000 0.00000 0.00000 0.00000 0.00000 0.00000 0.00000 0.00000 0.00000 0.00000 0.00000 0.00000 0.00000
  1   | 0.07800 0.07200 0.07600 0.07400 0.07500 0.07800 0.07800 0.07900 0.08100 0.07600 0.07600 0.07700 0.08100 0.07400 0.07800
  2   | 0.14800 0.15600 0.17700 0.13800 0.15500 0.21200 0.19700 0.17800 0.16400 0.13300 0.18600 0.14900 0.19400 0.18500 0.16400
  3   | 0.24000 0.23700 0.24400 0.22200 0.23000 0.25900 0.26800 0.23700 0.26700 0.25100 0.22800 0.22300 0.24200 0.23500 0.24100
  4   | 0.28600 0.30100 0.30600 0.28700 0.30700 0.31000 0.31500 0.30100 0.32600 0.31700 0.29600 0.28500 0.30100 0.28900 0.34200
  5   | 0.37400 0.32900 0.35200 0.33900 0.35700 0.36200 0.36000 0.36100 0.39800 0.36600 0.36100 0.34200 0.35300 0.35000 0.39000
  6   | 0.38600 0.42300 0.38000 0.37300 0.40900 0.40200 0.41600 0.41300 0.44800 0.44400 0.40200 0.40000 0.39600 0.39000 0.44600
  7   | 0.41100 0.44500 0.42900 0.41400 0.43200 0.42400 0.45400 0.46600 0.49100 0.46200 0.44500 0.42600 0.42300 0.42600 0.45900
  8   | 0.42900 0.43200 0.47400 0.40900 0.50200 0.46200 0.46500 0.47000 0.50800 0.50100 0.47800 0.46600 0.44000 0.44700 0.49900
  9   | 0.48732 0.50473 0.48663 0.48495 0.56050 0.51968 0.52581 0.52795 0.55631 0.58606 0.53435 0.52803 0.49268 0.50701 0.56317
------+------------------------------------------------------------------------------------------------------------------------
                                               
 
 
        Weights at age in the stock (Kg)
        --------------------------------
------+--------
AGE   |    2002
------+--------
  0   | 0.00000
  1   | 0.07800
  2   | 0.18100
  3   | 0.23900
  4   | 0.31100
  5   | 0.36400
  6   | 0.41100
  7   | 0.43600
  8   | 0.46200
  9   | 0.52038
------+--------
                                               
 
 
 
        Natural Mortality (per year)
        ----------------------------
------+------------------------------------------------------------------------------------------------------------------------
AGE   |    1972    1973    1974    1975    1976    1977    1978    1979    1980    1981    1982    1983    1984    1985    1986
------+------------------------------------------------------------------------------------------------------------------------
  0   | 0.15000 0.15000 0.15000 0.15000 0.15000 0.15000 0.15000 0.15000 0.15000 0.15000 0.15000 0.15000 0.15000 0.15000 0.15000
  1   | 0.15000 0.15000 0.15000 0.15000 0.15000 0.15000 0.15000 0.15000 0.15000 0.15000 0.15000 0.15000 0.15000 0.15000 0.15000
  2   | 0.15000 0.15000 0.15000 0.15000 0.15000 0.15000 0.15000 0.15000 0.15000 0.15000 0.15000 0.15000 0.15000 0.15000 0.15000
  3   | 0.15000 0.15000 0.15000 0.15000 0.15000 0.15000 0.15000 0.15000 0.15000 0.15000 0.15000 0.15000 0.15000 0.15000 0.15000
  4   | 0.15000 0.15000 0.15000 0.15000 0.15000 0.15000 0.15000 0.15000 0.15000 0.15000 0.15000 0.15000 0.15000 0.15000 0.15000
  5   | 0.15000 0.15000 0.15000 0.15000 0.15000 0.15000 0.15000 0.15000 0.15000 0.15000 0.15000 0.15000 0.15000 0.15000 0.15000
  6   | 0.15000 0.15000 0.15000 0.15000 0.15000 0.15000 0.15000 0.15000 0.15000 0.15000 0.15000 0.15000 0.15000 0.15000 0.15000
  7   | 0.15000 0.15000 0.15000 0.15000 0.15000 0.15000 0.15000 0.15000 0.15000 0.15000 0.15000 0.15000 0.15000 0.15000 0.15000
  8   | 0.15000 0.15000 0.15000 0.15000 0.15000 0.15000 0.15000 0.15000 0.15000 0.15000 0.15000 0.15000 0.15000 0.15000 0.15000
  9   | 0.15000 0.15000 0.15000 0.15000 0.15000 0.15000 0.15000 0.15000 0.15000 0.15000 0.15000 0.15000 0.15000 0.15000 0.15000
------+------------------------------------------------------------------------------------------------------------------------
                                               
 
 
        Natural Mortality (per year)
        ----------------------------
------+------------------------------------------------------------------------------------------------------------------------
AGE   |    1987    1988    1989    1990    1991    1992    1993    1994    1995    1996    1997    1998    1999    2000    2001
------+------------------------------------------------------------------------------------------------------------------------
  0   | 0.15000 0.15000 0.15000 0.15000 0.15000 0.15000 0.15000 0.15000 0.15000 0.15000 0.15000 0.15000 0.15000 0.15000 0.15000
  1   | 0.15000 0.15000 0.15000 0.15000 0.15000 0.15000 0.15000 0.15000 0.15000 0.15000 0.15000 0.15000 0.15000 0.15000 0.15000
  2   | 0.15000 0.15000 0.15000 0.15000 0.15000 0.15000 0.15000 0.15000 0.15000 0.15000 0.15000 0.15000 0.15000 0.15000 0.15000
  3   | 0.15000 0.15000 0.15000 0.15000 0.15000 0.15000 0.15000 0.15000 0.15000 0.15000 0.15000 0.15000 0.15000 0.15000 0.15000
  4   | 0.15000 0.15000 0.15000 0.15000 0.15000 0.15000 0.15000 0.15000 0.15000 0.15000 0.15000 0.15000 0.15000 0.15000 0.15000
  5   | 0.15000 0.15000 0.15000 0.15000 0.15000 0.15000 0.15000 0.15000 0.15000 0.15000 0.15000 0.15000 0.15000 0.15000 0.15000
  6   | 0.15000 0.15000 0.15000 0.15000 0.15000 0.15000 0.15000 0.15000 0.15000 0.15000 0.15000 0.15000 0.15000 0.15000 0.15000
  7   | 0.15000 0.15000 0.15000 0.15000 0.15000 0.15000 0.15000 0.15000 0.15000 0.15000 0.15000 0.15000 0.15000 0.15000 0.15000
  8   | 0.15000 0.15000 0.15000 0.15000 0.15000 0.15000 0.15000 0.15000 0.15000 0.15000 0.15000 0.15000 0.15000 0.15000 0.15000
  9   | 0.15000 0.15000 0.15000 0.15000 0.15000 0.15000 0.15000 0.15000 0.15000 0.15000 0.15000 0.15000 0.15000 0.15000 0.15000
------+------------------------------------------------------------------------------------------------------------------------
                                               
 
 
        Natural Mortality (per year)
        ----------------------------
------+--------
AGE   |    2002
------+--------
  0   | 0.15000
  1   | 0.15000
  2   | 0.15000
  3   | 0.15000
  4   | 0.15000
  5   | 0.15000
  6   | 0.15000
  7   | 0.15000
  8   | 0.15000
  9   | 0.15000
------+--------
                                               
 
 
 
        Proportion of fish spawning
        ---------------------------
------+------------------------------------------------------------------------------------------------------------------------
AGE   |    1972    1973    1974    1975    1976    1977    1978    1979    1980    1981    1982    1983    1984    1985    1986
------+------------------------------------------------------------------------------------------------------------------------
  0   |  0.0000  0.0000  0.0000  0.0000  0.0000  0.0000  0.0000  0.0000  0.0000  0.0000  0.0000  0.0000  0.0000  0.0000  0.0000
  1   |  0.0500  0.0500  0.0500  0.0600  0.0600  0.0600  0.0600  0.0600  0.0600  0.0700  0.0700  0.0700  0.0700  0.0700  0.0700
  2   |  0.5300  0.5400  0.5400  0.5500  0.5500  0.5500  0.5600  0.5600  0.5700  0.5700  0.5700  0.5800  0.5800  0.5800  0.5800
  3   |  0.9000  0.9000  0.9000  0.8900  0.8900  0.8900  0.8900  0.8900  0.8900  0.8800  0.8800  0.8800  0.8800  0.8800  0.8800
  4   |  0.9800  0.9800  0.9800  0.9800  0.9800  0.9800  0.9800  0.9800  0.9800  0.9800  0.9800  0.9800  0.9700  0.9700  0.9700
  5   |  0.9800  0.9800  0.9800  0.9800  0.9800  0.9800  0.9800  0.9800  0.9800  0.9800  0.9800  0.9800  0.9700  0.9700  0.9700
  6   |  0.9900  0.9900  0.9900  0.9900  0.9900  0.9900  0.9900  0.9900  0.9900  0.9900  0.9900  0.9900  0.9900  0.9900  0.9900
  7   |  1.0000  1.0000  1.0000  1.0000  1.0000  1.0000  1.0000  1.0000  1.0000  1.0000  1.0000  1.0000  1.0000  1.0000  1.0000
  8   |  1.0000  1.0000  1.0000  1.0000  1.0000  1.0000  1.0000  1.0000  1.0000  1.0000  1.0000  1.0000  1.0000  1.0000  1.0000
  9   |  1.0000  1.0000  1.0000  1.0000  1.0000  1.0000  1.0000  1.0000  1.0000  1.0000  1.0000  1.0000  1.0000  1.0000  1.0000
------+------------------------------------------------------------------------------------------------------------------------
                                               
 
 
        Proportion of fish spawning
        ---------------------------
------+------------------------------------------------------------------------------------------------------------------------
AGE   |    1987    1988    1989    1990    1991    1992    1993    1994    1995    1996    1997    1998    1999    2000    2001
------+------------------------------------------------------------------------------------------------------------------------
  0   |  0.0000  0.0000  0.0000  0.0000  0.0000  0.0000  0.0000  0.0000  0.0000  0.0000  0.0000  0.0000  0.0000  0.0000  0.0000
  1   |  0.0700  0.0700  0.0700  0.0700  0.0700  0.0700  0.0700  0.0700  0.0700  0.0700  0.0700  0.0700  0.0700  0.0700  0.0700
  2   |  0.5800  0.5800  0.5800  0.5800  0.5800  0.5800  0.5800  0.5800  0.5800  0.5800  0.5800  0.5800  0.5800  0.5800  0.5900
  3   |  0.8800  0.8800  0.8800  0.8800  0.8800  0.8800  0.8800  0.8800  0.8800  0.8800  0.8800  0.8600  0.8600  0.8600  0.8800
  4   |  0.9700  0.9700  0.9700  0.9700  0.9700  0.9700  0.9700  0.9700  0.9700  0.9700  0.9700  0.9800  0.9800  0.9800  0.9700
  5   |  0.9700  0.9700  0.9700  0.9700  0.9700  0.9700  0.9700  0.9700  0.9700  0.9700  0.9700  0.9800  0.9800  0.9800  0.9700
  6   |  0.9900  0.9900  0.9900  0.9900  0.9900  0.9900  0.9900  0.9900  0.9900  0.9900  0.9900  0.9900  0.9900  0.9900  0.9900
  7   |  1.0000  1.0000  1.0000  1.0000  1.0000  1.0000  1.0000  1.0000  1.0000  1.0000  1.0000  1.0000  1.0000  1.0000  1.0000
  8   |  1.0000  1.0000  1.0000  1.0000  1.0000  1.0000  1.0000  1.0000  1.0000  1.0000  1.0000  1.0000  1.0000  1.0000  1.0000
  9   |  1.0000  1.0000  1.0000  1.0000  1.0000  1.0000  1.0000  1.0000  1.0000  1.0000  1.0000  1.0000  1.0000  1.0000  1.0000
------+------------------------------------------------------------------------------------------------------------------------
                                               
 
 
        Proportion of fish spawning
        ---------------------------
------+--------
AGE   |    2002
------+--------
  0   |  0.0000
  1   |  0.0700
  2   |  0.5900
  3   |  0.8800
  4   |  0.9700
  5   |  0.9700
  6   |  0.9900
  7   |  1.0000
  8   |  1.0000
  9   |  1.0000
------+--------
                                               
 
 
 
 INDICES OF SPAWNING BIOMASS                                                    
  
 ----------------------------
 
          INDEX
        -------
------+------------------------------------------------------------------------------------------------------------------------
      |    1972    1973    1974    1975    1976    1977    1978    1979    1980    1981    1982    1983    1984    1985    1986
------+------------------------------------------------------------------------------------------------------------------------
  1   | ******* ******* ******* ******* ******* ******* ******* ******* ******* ******* ******* ******* ******* ******* *******
------+------------------------------------------------------------------------------------------------------------------------
       x 10 ^ 3                                
 
 
          INDEX
        -------
------+------------------------------------------------------------------------------------------------------------------------
      |    1987    1988    1989    1990    1991    1992    1993    1994    1995    1996    1997    1998    1999    2000    2001
------+------------------------------------------------------------------------------------------------------------------------
  1   | *******  339.38  326.27  300.85  346.00  369.68  360.12  337.16  354.66  319.79  270.66  241.64  228.38  191.11  207.28
------+------------------------------------------------------------------------------------------------------------------------
       x 10 ^ 3                                
 
 
          INDEX
        -------
------+--------
      |    2002
------+--------
  1   |  204.19
------+--------
       x 10 ^ 3                                
 
 
 
 AGE-STRUCTURED INDICES                                                         
  
 -----------------------
 
        FLT01: Dummy survey
        -------------------
------+--------------------------------
AGE   |    1981    1982    1983    1984
------+--------------------------------
  1   |  266.10  203.00   43.60   15.24
  2   |  506.40  435.90  712.70   79.51
  3   |  225.10  483.60  444.60  661.83
  4   |   31.70  184.10  391.60  374.60
  5   |  174.80   24.70  130.40  238.20
  6   |  158.50  136.60   20.20   92.00
  7   |   99.50  108.60   91.30   15.54
  8   |  116.60   84.50   70.90   51.47
  9   |   35.30   87.00   47.10   39.27
------+--------------------------------
       x 10 ^ 3                                
 
 
 
        Fishing Mortality (per year)
        ----------------------------
------+------------------------------------------------------------------------------------------------------------------------
AGE   |    1972    1973    1974    1975    1976    1977    1978    1979    1980    1981    1982    1983    1984    1985    1986
------+------------------------------------------------------------------------------------------------------------------------
  0   | 0.00700 0.00668 0.00749 0.00605 0.00631 0.00725 0.00648 0.00662 0.00806 0.00537 0.00599 0.00650 0.00758 0.00589 0.00882
  1   | 0.02648 0.02530 0.02834 0.02290 0.02388 0.02745 0.02451 0.02505 0.03050 0.02031 0.02267 0.02460 0.02870 0.02227 0.03339
  2   | 0.05862 0.05599 0.06273 0.05070 0.05285 0.06077 0.05426 0.05545 0.06751 0.04495 0.05018 0.05444 0.06353 0.04930 0.07391
  3   | 0.11565 0.11047 0.12376 0.10002 0.10427 0.11989 0.10705 0.10940 0.13320 0.08869 0.09900 0.10741 0.12533 0.09727 0.14581
  4   | 0.17680 0.16888 0.18920 0.15291 0.15940 0.18328 0.16366 0.16724 0.20363 0.13559 0.15135 0.16420 0.19161 0.14870 0.22292
  5   | 0.20109 0.19209 0.21520 0.17391 0.18131 0.20846 0.18614 0.19022 0.23161 0.15421 0.17215 0.18676 0.21793 0.16913 0.25354
  6   | 0.22741 0.21723 0.24337 0.19668 0.20504 0.23575 0.21051 0.21512 0.26193 0.17440 0.19468 0.21121 0.24646 0.19127 0.28673
  7   | 0.26053 0.24887 0.27881 0.22532 0.23490 0.27008 0.24116 0.24645 0.30007 0.19980 0.22304 0.24197 0.28235 0.21913 0.32849
  8   | 0.24131 0.23051 0.25824 0.20870 0.21757 0.25015 0.22337 0.22826 0.27793 0.18506 0.20658 0.22412 0.26152 0.20296 0.30425
  9   | 0.24131 0.23051 0.25824 0.20870 0.21757 0.25015 0.22337 0.22826 0.27793 0.18506 0.20658 0.22412 0.26152 0.20296 0.30425
------+------------------------------------------------------------------------------------------------------------------------
                                               
 
 
        Fishing Mortality (per year)
        ----------------------------
------+------------------------------------------------------------------------------------------------------------------------
AGE   |    1987    1988    1989    1990    1991    1992    1993    1994    1995    1996    1997    1998    1999    2000    2001
------+------------------------------------------------------------------------------------------------------------------------
  0   | 0.00634 0.00780 0.00964 0.00760 0.00607 0.00761 0.00792 0.00701 0.00677 0.00983 0.00638 0.00747 0.01004 0.01030 0.00975
  1   | 0.02400 0.02952 0.03649 0.02876 0.02298 0.02881 0.02998 0.02651 0.02563 0.03721 0.02414 0.02828 0.03800 0.03899 0.03688
  2   | 0.05312 0.06533 0.08077 0.06366 0.05085 0.06377 0.06635 0.05868 0.05673 0.08235 0.05343 0.06259 0.08410 0.08631 0.08163
  3   | 0.10480 0.12889 0.15936 0.12560 0.10033 0.12581 0.13091 0.11578 0.11192 0.16247 0.10541 0.12348 0.16592 0.17028 0.16105
  4   | 0.16022 0.19704 0.24362 0.19201 0.15338 0.19233 0.20013 0.17700 0.17110 0.24838 0.16115 0.18877 0.25366 0.26031 0.24620
  5   | 0.18223 0.22412 0.27709 0.21840 0.17445 0.21876 0.22763 0.20132 0.19460 0.28251 0.18329 0.21471 0.28851 0.29608 0.28003
  6   | 0.20609 0.25345 0.31336 0.24698 0.19729 0.24739 0.25743 0.22767 0.22008 0.31949 0.20728 0.24281 0.32628 0.33484 0.31669
  7   | 0.23610 0.29037 0.35900 0.28295 0.22602 0.28342 0.29492 0.26083 0.25213 0.36602 0.23747 0.27817 0.37380 0.38360 0.36281
  8   | 0.21868 0.26894 0.33251 0.26208 0.20935 0.26251 0.27316 0.24158 0.23352 0.33901 0.21995 0.25765 0.34622 0.35530 0.33604
  9   | 0.21868 0.26894 0.33251 0.26208 0.20935 0.26251 0.27316 0.24158 0.23352 0.33901 0.21995 0.25765 0.34622 0.35530 0.33604
------+------------------------------------------------------------------------------------------------------------------------
                                               
 
 
        Fishing Mortality (per year)
        ----------------------------
------+--------
AGE   |    2002
------+--------
  0   | 0.00805
  1   | 0.03048
  2   | 0.06746
  3   | 0.13308
  4   | 0.20345
  5   | 0.23141
  6   | 0.26170
  7   | 0.29981
  8   | 0.27769
  9   | 0.27769
------+--------
                                               
 
 
 
        Population Abundance (1 January)
        --------------------------------
------+------------------------------------------------------------------------------------------------------------------------
AGE   |    1972    1973    1974    1975    1976    1977    1978    1979    1980    1981    1982    1983    1984    1985    1986
------+------------------------------------------------------------------------------------------------------------------------
  0   |  509.31  392.36  759.90  105.69  333.68  438.51  542.45  759.90  361.17  591.64  577.12  509.31  456.09  759.90  350.87
  1   |  186.20  435.31  335.46  649.17   90.42  285.39  374.70  463.88  649.74  308.36  506.50  493.76  435.53  389.59  650.21
  2   |  366.41  156.08  365.31  280.66  546.09   75.99  238.99  314.70  389.38  542.43  260.08  426.18  414.66  364.25  327.94
  3   |  118.66  297.41  127.02  295.31  229.63  445.83   61.55  194.83  256.25  313.27  446.35  212.89  347.38  334.93  298.43
  4   |  169.62   90.98  229.21   96.60  229.98  178.07  340.38   47.60  150.32  193.05  246.75  347.97  164.58  263.77  261.56
  5   |  166.74  122.34   66.14  163.28   71.36  168.78  127.60  248.74   34.66  105.54  145.09  182.55  254.14  116.95  195.66
  6   |   80.08  117.37   86.89   45.90  118.10   51.23  117.94   91.17  177.01   23.66   77.86  105.13  130.35  175.91   85.00
  7   |   80.48   54.91   81.30   58.63   32.46   82.81   34.84   82.24   63.28  117.24   17.11   55.16   73.26   87.69  125.05
  8   |   54.84   53.38   36.85   52.95   40.29   22.09   54.40   23.56   55.32   40.35   82.64   11.78   37.27   47.54   60.62
  9   |   55.54   72.52   79.35   70.10   82.82   77.09   58.60   72.33   57.59   67.86   74.15  101.38   74.22   65.65   73.06
------+------------------------------------------------------------------------------------------------------------------------
       x 10 ^ 6                                
 
 
        Population Abundance (1 January)
        --------------------------------
------+------------------------------------------------------------------------------------------------------------------------
AGE   |    1987    1988    1989    1990    1991    1992    1993    1994    1995    1996    1997    1998    1999    2000    2001
------+------------------------------------------------------------------------------------------------------------------------
  0   |  528.90  752.85  577.12  528.90  420.79  496.90  481.40  413.21  105.69  420.79  345.84  105.69  752.85  224.34  413.21
  1   |  299.34  452.35  642.95  491.96  451.78  359.98  424.44  411.07  353.17   90.36  358.63  295.77   90.29  641.51  191.11
  2   |  541.26  251.54  378.02  533.56  411.43  380.02  301.04  354.53  344.56  296.29   74.93  301.31  247.47   74.82  531.04
  3   |  262.15  441.77  202.81  300.12  430.92  336.56  306.88  242.47  287.76  280.21  234.86   61.14  243.61  195.82   59.07
  4   |  222.01  203.18  334.25  148.85  227.82  335.49  255.44  231.72  185.88  221.45  205.01  181.92   46.51  177.62  142.16
  5   |  180.14  162.80  143.61  225.49  105.73  168.21  238.23  179.98  167.09  134.83  148.68  150.19  129.64   31.06  117.84
  6   |  130.69  129.22  111.99   93.69  156.00   76.43  116.33  163.31  126.66  118.39   87.49  106.54  104.29   83.62   19.88
  7   |   54.92   91.54   86.32   70.46   62.99  110.23   51.37   77.40  111.94   87.48   74.03   61.20   71.93   64.78   51.49
  8   |   77.49   37.33   58.93   51.89   45.70   43.25   71.46   32.92   51.32   74.88   52.22   50.25   39.89   42.60   37.99
  9   |   73.11  102.51   86.97   84.10   82.90   79.72   76.76   89.79   75.92   80.34   89.89   89.03   88.38   72.09   61.45
------+------------------------------------------------------------------------------------------------------------------------
       x 10 ^ 6                                
 
 
        Population Abundance (1 January)
        --------------------------------
------+----------------
AGE   |    2002    2003
------+----------------
  0   |  591.64  272.60
  1   |  352.21  505.15
  2   |  158.54  294.05
  3   |  421.24  127.55
  4   |   43.28  317.39
  5   |   95.65   30.39
  6   |   76.65   65.32
  7   |   12.47   50.78
  8   |   30.83    7.95
  9   |   55.74   56.45
------+----------------
       x 10 ^ 6                                
 
 
 
        Weighting factors for the catches in number
        -------------------------------------------
------+----------------------------------------------------------------------------------------
AGE   |    1992    1993    1994    1995    1996    1997    1998    1999    2000    2001    2002
------+----------------------------------------------------------------------------------------
  0   |  0.0200  0.0200  0.0200  0.0200  0.0200  0.0200  0.0200  0.0200  0.0200  0.0200  0.0200
  1   |  1.0000  1.0000  1.0000  1.0000  1.0000  1.0000  1.0000  1.0000  1.0000  1.0000  1.0000
  2   |  1.0000  1.0000  1.0000  1.0000  1.0000  1.0000  1.0000  1.0000  1.0000  1.0000  1.0000
  3   |  1.0000  1.0000  1.0000  1.0000  1.0000  1.0000  1.0000  1.0000  1.0000  1.0000  1.0000
  4   |  1.0000  1.0000  1.0000  1.0000  1.0000  1.0000  1.0000  1.0000  1.0000  1.0000  1.0000
  5   |  1.0000  1.0000  1.0000  1.0000  1.0000  1.0000  1.0000  1.0000  1.0000  1.0000  1.0000
  6   |  1.0000  1.0000  1.0000  1.0000  1.0000  1.0000  1.0000  1.0000  1.0000  1.0000  1.0000
  7   |  1.0000  1.0000  1.0000  1.0000  1.0000  1.0000  1.0000  1.0000  1.0000  1.0000  1.0000
  8   |  1.0000  1.0000  1.0000  1.0000  1.0000  1.0000  1.0000  1.0000  1.0000  1.0000  1.0000
------+----------------------------------------------------------------------------------------
                                               
 
 
 
 Predicted SSB Index Values                                                     
  
 ---------------------------
 
          INDEX
        -------
------+------------------------------------------------------------------------------------------------------------------------
      |    1972    1973    1974    1975    1976    1977    1978    1979    1980    1981    1982    1983    1984    1985    1986
------+------------------------------------------------------------------------------------------------------------------------
  1   | ******* ******* ******* ******* ******* ******* ******* ******* ******* ******* ******* ******* ******* ******* *******
------+------------------------------------------------------------------------------------------------------------------------
       x 10 ^ 3                                
 
 
          INDEX
        -------
------+------------------------------------------------------------------------------------------------------------------------
      |    1987    1988    1989    1990    1991    1992    1993    1994    1995    1996    1997    1998    1999    2000    2001
------+------------------------------------------------------------------------------------------------------------------------
  1   | *******  339.38  326.27  300.85  346.00  369.68  360.12  337.16  354.66  319.79  270.66  241.64  228.38  191.11  207.28
------+------------------------------------------------------------------------------------------------------------------------
       x 10 ^ 3                                
 
 
          INDEX
        -------
------+--------
      |    2002
------+--------
  1   |  204.19
------+--------
       x 10 ^ 3                                
 
 
 
 Predicted Age-Structured Index Values                                          
  
 --------------------------------------
 
        FLT01: Dummy survey Predicted
        -----------------------------
------+--------------------------------
AGE   |    1981    1982    1983    1984
------+--------------------------------
  1   |   55.87   91.65   89.25   78.54
  2   |  458.62  219.26  358.45  347.03
  3   |  419.36  594.14  282.08  455.75
  4   |  146.50  185.63  259.94  121.10
  5   |   70.67   96.20  120.06  164.31
  6   |   27.06   88.06  117.83  143.29
  7   |  140.32   20.22   64.50   83.79
  8   |   91.53  185.25   26.16   81.07
  9   |   43.04   46.47   62.93   45.13
------+--------------------------------
       x 10 ^ 3                                
 
 
 
        Fitted Selection Pattern
        ------------------------
------+------------------------------------------------------------------------------------------------------------------------
AGE   |    1972    1973    1974    1975    1976    1977    1978    1979    1980    1981    1982    1983    1984    1985    1986
------+------------------------------------------------------------------------------------------------------------------------
  0   |  0.0348  0.0348  0.0348  0.0348  0.0348  0.0348  0.0348  0.0348  0.0348  0.0348  0.0348  0.0348  0.0348  0.0348  0.0348
  1   |  0.1317  0.1317  0.1317  0.1317  0.1317  0.1317  0.1317  0.1317  0.1317  0.1317  0.1317  0.1317  0.1317  0.1317  0.1317
  2   |  0.2915  0.2915  0.2915  0.2915  0.2915  0.2915  0.2915  0.2915  0.2915  0.2915  0.2915  0.2915  0.2915  0.2915  0.2915
  3   |  0.5751  0.5751  0.5751  0.5751  0.5751  0.5751  0.5751  0.5751  0.5751  0.5751  0.5751  0.5751  0.5751  0.5751  0.5751
  4   |  0.8792  0.8792  0.8792  0.8792  0.8792  0.8792  0.8792  0.8792  0.8792  0.8792  0.8792  0.8792  0.8792  0.8792  0.8792
  5   |  1.0000  1.0000  1.0000  1.0000  1.0000  1.0000  1.0000  1.0000  1.0000  1.0000  1.0000  1.0000  1.0000  1.0000  1.0000
  6   |  1.1309  1.1309  1.1309  1.1309  1.1309  1.1309  1.1309  1.1309  1.1309  1.1309  1.1309  1.1309  1.1309  1.1309  1.1309
  7   |  1.2956  1.2956  1.2956  1.2956  1.2956  1.2956  1.2956  1.2956  1.2956  1.2956  1.2956  1.2956  1.2956  1.2956  1.2956
  8   |  1.2000  1.2000  1.2000  1.2000  1.2000  1.2000  1.2000  1.2000  1.2000  1.2000  1.2000  1.2000  1.2000  1.2000  1.2000
  9   |  1.2000  1.2000  1.2000  1.2000  1.2000  1.2000  1.2000  1.2000  1.2000  1.2000  1.2000  1.2000  1.2000  1.2000  1.2000
------+------------------------------------------------------------------------------------------------------------------------
                                               
 
 
        Fitted Selection Pattern
        ------------------------
------+------------------------------------------------------------------------------------------------------------------------
AGE   |    1987    1988    1989    1990    1991    1992    1993    1994    1995    1996    1997    1998    1999    2000    2001
------+------------------------------------------------------------------------------------------------------------------------
  0   |  0.0348  0.0348  0.0348  0.0348  0.0348  0.0348  0.0348  0.0348  0.0348  0.0348  0.0348  0.0348  0.0348  0.0348  0.0348
  1   |  0.1317  0.1317  0.1317  0.1317  0.1317  0.1317  0.1317  0.1317  0.1317  0.1317  0.1317  0.1317  0.1317  0.1317  0.1317
  2   |  0.2915  0.2915  0.2915  0.2915  0.2915  0.2915  0.2915  0.2915  0.2915  0.2915  0.2915  0.2915  0.2915  0.2915  0.2915
  3   |  0.5751  0.5751  0.5751  0.5751  0.5751  0.5751  0.5751  0.5751  0.5751  0.5751  0.5751  0.5751  0.5751  0.5751  0.5751
  4   |  0.8792  0.8792  0.8792  0.8792  0.8792  0.8792  0.8792  0.8792  0.8792  0.8792  0.8792  0.8792  0.8792  0.8792  0.8792
  5   |  1.0000  1.0000  1.0000  1.0000  1.0000  1.0000  1.0000  1.0000  1.0000  1.0000  1.0000  1.0000  1.0000  1.0000  1.0000
  6   |  1.1309  1.1309  1.1309  1.1309  1.1309  1.1309  1.1309  1.1309  1.1309  1.1309  1.1309  1.1309  1.1309  1.1309  1.1309
  7   |  1.2956  1.2956  1.2956  1.2956  1.2956  1.2956  1.2956  1.2956  1.2956  1.2956  1.2956  1.2956  1.2956  1.2956  1.2956
  8   |  1.2000  1.2000  1.2000  1.2000  1.2000  1.2000  1.2000  1.2000  1.2000  1.2000  1.2000  1.2000  1.2000  1.2000  1.2000
  9   |  1.2000  1.2000  1.2000  1.2000  1.2000  1.2000  1.2000  1.2000  1.2000  1.2000  1.2000  1.2000  1.2000  1.2000  1.2000
------+------------------------------------------------------------------------------------------------------------------------
                                               
 
 
        Fitted Selection Pattern
        ------------------------
------+--------
AGE   |    2002
------+--------
  0   |  0.0348
  1   |  0.1317
  2   |  0.2915
  3   |  0.5751
  4   |  0.8792
  5   |  1.0000
  6   |  1.1309
  7   |  1.2956
  8   |  1.2000
  9   |  1.2000
------+--------
                                               
 
 
 
 
 
                    STOCK SUMMARY                                             
 
 
 ³ Year ³  Recruits  ³  Total  ³ Spawning³ Landings ³ Yield ³ Mean F ³ SoP ³    
 ³      ³   Age   0  ³ Biomass ³ Biomass ³          ³ /SSB  ³  Ages  ³     ³ 
 ³      ³  thousands ³  tonnes ³ tonnes  ³ tonnes   ³ ratio ³  4- 7  ³ (%) ³ 
 
   1972       509300    372315    269497     62746   0.2328   0.2165    99
   1973       392350    373512    257523     54697   0.2124   0.2068    99
   1974       759890    365815    246892     58790   0.2381   0.2316   100
   1975       105690    388970    246441     44707   0.1814   0.1872    99
   1976       333670    371494    272573     49218   0.1806   0.1952    99
   1977       438500    364573    268710     58487   0.2177   0.2244   100
   1978       542440    361691    258837     49982   0.1931   0.2004   100
   1979       759890    371801    251226     48044   0.1912   0.2048    99
   1980       361160    402905    256833     67068   0.2611   0.2493   100
   1981       591640    413509    294301     47326   0.1608   0.1660    99
   1982       577110    413032    299914     56854   0.1896   0.1853    99
   1983       509300    447921    320806     63221   0.1971   0.2010   100
   1984       456080    472606    341177     75885   0.2224   0.2346   100
   1985       759890    474446    356678     69633   0.1952   0.1821    99
   1986       350870    483596    341846    103424   0.3025   0.2729    99
   1987       528890    439135    328071     72473   0.2209   0.1962    99
   1988       752850    454489    339380     92796   0.2734   0.2412    99
   1989       577110    467931    326266    107138   0.3284   0.2983    99
   1990       528890    421944    300850     81872   0.2721   0.2351    99
   1991       420780    464879    346002     69430   0.2007   0.1878   100
   1992       496890    499579    369676     92388   0.2499   0.2355    99
   1993       481390    486190    360119     90633   0.2517   0.2450    99
   1994       413210    454162    337156     81847   0.2428   0.2167    99
   1995       105690    469061    354659     76839   0.2167   0.2095   100
   1996       420780    413730    319794     99558   0.3113   0.3041    99
   1997       345830    350201    270661     56828   0.2100   0.1973    99
   1998       105690    323631    241641     60820   0.2517   0.2311    99
   1999       752850    306858    228382     74816   0.3276   0.3106    99
   2000       224340    285334    191110     68822   0.3601   0.3187   100
   2001       413210    296873    207282     59930   0.2891   0.3014    99
   2002       591640    285312    204193     50403   0.2468   0.2491    99
 
 -----------------------------------------------------------------            
 No of years for separable analysis : 11                                      
 Age range in the analysis : 0  . . . 9                                       
 Year range in the analysis : 1972  . . . 2002                                
 Number of indices of SSB : 1                                                 
 Number of age-structured indices : 1                                         
                                                                              
 Parameters to estimate : 46                                                  
 Number of observations : 150                                                 
                                                                              
 Conventional single selection vector model to be fitted.                     
                                                                              
                                                                              
                                                                              
 -----------------------------------------------------------------            
 
 
 PARAMETER ESTIMATES                                                            
  
 
 ³Parm.³      ³ Maximum ³    ³        ³         ³         ³         ³ Mean of ³ 
  
 ³ No. ³      ³ Likelh. ³ CV ³  Lower ³ Upper   ³  -s.e.  ³   +s.e. ³ Param.  ³ 
  
 ³     ³      ³ Estimate³ (%)³ 95% CL ³ 95% CL  ³         ³         ³ Distrib.³ 
  
 Separable model : F by year                                                    
  
    1   1992     0.2188   0    0.2150    0.2226    0.2168    0.2207    0.2188
    2   1993     0.2276   0    0.2238    0.2315    0.2257    0.2296    0.2276
    3   1994     0.2013   0    0.1980    0.2047    0.1996    0.2030    0.2013
    4   1995     0.1946   0    0.1914    0.1978    0.1930    0.1962    0.1946
    5   1996     0.2825   0    0.2780    0.2871    0.2802    0.2849    0.2825
    6   1997     0.1833   0    0.1804    0.1862    0.1818    0.1848    0.1833
    7   1998     0.2147   0    0.2113    0.2181    0.2130    0.2164    0.2147
    8   1999     0.2885   0    0.2840    0.2931    0.2862    0.2908    0.2885
    9   2000     0.2961   0    0.2914    0.3008    0.2937    0.2985    0.2961
   10   2001     0.2800   0    0.2754    0.2848    0.2777    0.2824    0.2800
   11   2002     0.2314   0    0.2271    0.2358    0.2292    0.2336    0.2314
 
 Separable Model: Selection (S) by age                                          
  
   12      0     0.0348   4    0.0321    0.0378    0.0334    0.0363    0.0348
   13      1     0.1317   0    0.1295    0.1339    0.1306    0.1328    0.1317
   14      2     0.2915   0    0.2869    0.2962    0.2891    0.2939    0.2915
   15      3     0.5751   0    0.5665    0.5839    0.5707    0.5796    0.5751
   16      4     0.8792   0    0.8666    0.8920    0.8727    0.8857    0.8792
           5     1.0000     Fixed : Reference Age             
   17      6     1.1309   0    1.1158    1.1462    1.1232    1.1387    1.1309
   18      7     1.2956   0    1.2784    1.3130    1.2868    1.3045    1.2956
           8     1.2000     Fixed : Last true age             
 
 Separable model: Populations in year 2002                                    
   19      0     591639  13     452356    773808    515916    678476    597214
   20      1     352205   2     337442    367614    344594    359984    352289
   21      2     158535   1     153840    163374    156122    160986    158554
   22      3     421239   0     413099    429539    417066    425453    421260
   23      4      43279   1      42353     44224     42804     43759     43281
   24      5      95651   0      93949     97384     94779     96532     95655
   25      6      76652   0      75401     77924     76011     77298     76655
   26      7      12467   0      12242     12696     12352     12583     12467
   27      8      30833   0      30301     31374     30561     31108     30834
 
Separable model: Populations at age
   28   1992      43247   1      41607     44952     42403     44109     43256
   29   1993      71461   1      69476     73502     70441     72495     71468
   30   1994      32920   1      32120     33741     32509     33336     32923
   31   1995      51323   1      50227     52444     50761     51892     51327
   32   1996      74874   0      73514     76259     74177     75577     74877
   33   1997      52217   0      51287     53163     51740     52697     52219
   34   1998      50247   0      49432     51075     49829     50668     50249
   35   1999      39885   0      39260     40521     39565     40208     39887
   36   2000      42601   0      41926     43287     42255     42949     42602
   37   2001      37988   0      37368     38619     37671     38309     37990
 
 SSB Index catchabilities                                                       
  
   INDEX                                 
 Absolute estimator. No fitted catchability.                                    
  
 
 
 
 Age-structured index catchabilities                                            
  
                                        FLT01: Dummy survey                     
 
 Linear model fitted. Slopes at age :                                           
  
   38   1  Q  .1990      27 .1526     .4505     .1990     .3456     .2724    
   39   2  Q  .9412      27 .7220     2.131     .9412     1.635     1.289    
   40   3  Q  1.526      27 1.171     3.456     1.526     2.652     2.090    
   41   4  Q  .8879      27 .6812     2.011     .8879     1.542     1.216    
   42   5  Q  .7915      27 .6072     1.792     .7915     1.375     1.084    
   43   6  Q  1.367      27 1.049     3.095     1.367     2.375     1.872    
   44   7  Q  1.451      27 1.113     3.285     1.451     2.520     1.986    
   45   8  Q  2.727      27 2.092     6.176     2.727     4.738     3.734    
   46   9  Q  .7625      27 .5850     1.727     .7625     1.325     1.044    
 
 
 
 RESIDUALS ABOUT THE MODEL FIT                                                  
  
 ------------------------------
 
        Separable Model Residuals
        -------------------------
------+----------------------------------------------------------------------------------------
Age   |    1992    1993    1994    1995    1996    1997    1998    1999    2000    2001    2002
------+----------------------------------------------------------------------------------------
  0   | ******* ******* ******* ******* ******* ******* ******* ******* ******* ******* *******
  1   | ******* ******* ******* ******* ******* ******* ******* ******* ******* ******* *******
  2   | ******* ******* ******* ******* ******* ******* ******* ******* ******* ******* *******
  3   | ******* ******* ******* ******* ******* ******* ******* ******* ******* ******* *******
  4   | ******* ******* ******* ******* ******* ******* ******* ******* ******* ******* *******
  5   | ******* ******* ******* ******* ******* ******* ******* ******* ******* ******* *******
  6   | ******* ******* ******* ******* ******* ******* ******* ******* ******* ******* *******
  7   | ******* ******* ******* ******* ******* ******* ******* ******* ******* ******* *******
  8   | ******* ******* ******* ******* ******* ******* ******* ******* ******* ******* *******
------+----------------------------------------------------------------------------------------
                                               
 
 
 
 SPAWNING BIOMASS INDEX RESIDUALS                                               
  
 ---------------------------------
 
          INDEX
        -------
------+------------------------------------------------------------------------------------------------------------------------
      |    1972    1973    1974    1975    1976    1977    1978    1979    1980    1981    1982    1983    1984    1985    1986
------+------------------------------------------------------------------------------------------------------------------------
  1   | ******* ******* ******* ******* ******* ******* ******* ******* ******* ******* ******* ******* ******* ******* *******
------+------------------------------------------------------------------------------------------------------------------------
                                               
 
 
          INDEX
        -------
------+------------------------------------------------------------------------------------------------------------------------
      |    1987    1988    1989    1990    1991    1992    1993    1994    1995    1996    1997    1998    1999    2000    2001
------+------------------------------------------------------------------------------------------------------------------------
  1   | ******* ******* ******* ******* ******* ******* ******* ******* ******* ******* ******* ******* ******* ******* *******
------+------------------------------------------------------------------------------------------------------------------------
                                               
 
 
          INDEX
        -------
------+--------
      |    2002
------+--------
  1   | *******
------+--------
                                               
 
 
 
 AGE-STRUCTURED INDEX RESIDUALS                                                 
  
 -------------------------------
 
        FLT01: Dummy survey
        -------------------
------+--------------------------------
Age   |    1981    1982    1983    1984
------+--------------------------------
  1   |   1.561   0.795  -0.716  -1.640
  2   |   0.099   0.687   0.687  -1.474
  3   |  -0.622  -0.206   0.455   0.373
  4   |  -1.531  -0.008   0.410   1.129
  5   |   0.906  -1.360   0.083   0.371
  6   |   1.768   0.439  -1.764  -0.443
  7   |  -0.344   1.681   0.347  -1.685
  8   |   0.242  -0.785   0.997  -0.454
  9   |  -0.198   0.627  -0.290  -0.139
------+--------------------------------
                                               
 
 
 
 
 
 
 PARAMETERS OF THE DISTRIBUTION OF ln(CATCHES AT AGE)                           
  
 -----------------------------------------------------
 
 Separable model fitted from 1992  to 2002                                    
 Variance                             0.0000
Skewness test stat.                   0.1164
Kurtosis test statistic               2.1643
Partial chi-square                    0.0000
Significance in fit                   0.0000
Degrees of freedom                        62
 
 
 PARAMETERS OF DISTRIBUTIONS OF THE SSB INDICES                                 
  
 -----------------------------------------------
 
 
   DISTRIBUTION STATISTICS FOR   INDEX                                          
 
 
 Index used as absolute measure of abundance                                    
  
 Last age is a plus-group                                                       
  
 
 Variance                             0.0000
Skewness test stat.                   0.7350
Kurtosis test statistic              -0.6156
Partial chi-square                    0.0000
Significance in fit                   0.0000
Number of observations                    15
Degrees of freedom                        15
Weight in the analysis                5.0000
 
 PARAMETERS OF THE DISTRIBUTION OF THE AGE-STRUCTURED INDICES                   
  
 ------------------------------------------------------------ 
 
 
   DISTRIBUTION STATISTICS FOR FLT01: Dummy survey                              
 
 
 Linear catchability relationship assumed                                       
  
 
 Age                          1         2         3         4         5         6         7         8         9
 Variance                0.0023    0.0012    0.0003    0.0014    0.0010    0.0025    0.0022    0.0007    0.0002
Skewness test stat.     -0.0490   -0.7534   -0.2473   -0.4606   -0.5948    0.0034   -0.0034    0.2723    0.8817
Kurtosis test statisti  -0.6505   -0.3621   -0.6443   -0.4109   -0.3771   -0.4985   -0.4716   -0.5681   -0.2943
Partial chi-square       0.0006    0.0003    0.0001    0.0004    0.0003    0.0007    0.0006    0.0002    0.0001
Significance in fit      0.0000    0.0000    0.0000    0.0000    0.0000    0.0000    0.0000    0.0000    0.0000
Number of observations        4         4         4         4         4         4         4         4         4
Degrees of freedom            3         3         3         3         3         3         3         3         3
Weight in the analysis   0.0011    0.0011    0.0011    0.0011    0.0011    0.0011    0.0011    0.0011    0.0011
 
 ANALYSIS OF VARIANCE                   
--------------------------
 
 Unweighted Statistics                                                          
  
 
                                                                                
  
Variance                              
                                       SSQ     Data    Parameters d.f. Variance
Total for model                        31.7108     150         46  104   0.3049
Catches at age                          0.0000      99         37   62   0.0000
  
SSB Indices                           
  INDEX                                 0.0000      15          0   15   0.0000
  
 Aged Indices                                                                   
  
FLT01: Dummy survey                    31.7108      36          9   27   1.1745
 
 
 Weighted Statistics                                                            
  
 
                                                                                
  
Variance                              
                                       SSQ     Data    Parameters d.f. Variance
Total for model                         0.0000     150         46  104   0.0000
Catches at age                          0.0000      99         37   62   0.0000
  
SSB Indices                           
  INDEX                                 0.0000      15          0   15   0.0000
  
 Aged Indices                                                                   
  
FLT01: Dummy survey                     0.0000      36          9   27   0.0000
 
