 Output Generated by ICA Version 1.4                                            
  
 ------------------------------------
 
        Mackerel NE Atlantic  WG2003
        ----------------------------
 
        Catch in Number
        ---------------
------+------------------------------------------------------------------------------------------------------------------------
AGE   |    1972    1973    1974    1975    1976    1977    1978    1979    1980    1981    1982    1983    1984    1985    1986
------+------------------------------------------------------------------------------------------------------------------------
  0   |   2180.   3551.   2232.   2633.   1750.   2983.   2683.   3987.   2443.   1918.   2367.   2934.   3004.   2611.   3135.
  1   |   4462.   8739.   7754.   8449.   6552.   6796.   8833.  11701.   8805.  13205.   5084.   9038.   7570.   7180.   9225.
  2   |  19149.  10170.  10887.  16771.  12038.  14558.  11513.  21948.  14762.  27054.  19863.  11001.  13239.  10344.  14523.
  3   |  23603.  37055.  10823.  20166.  20535.  22972.  21168.  24381.  23706.  38497.  34439.  36300.  13654.  15507.  17975.
  4   |  28798.  33225.  28788.  14743.  18191.  28931.  24593.  32795.  19284.  45061.  35367.  45457.  32559.  11736.  19892.
  5   |  21183.  28848.  18300.  28110.   9510.  18426.  22172.  27247.  18438.  26205.  29145.  33033.  28726.  19943.  10814.
  6   |   6596.  20535.  15398.  17373.  17642.   9382.  13736.  23831.  14865.  24271.  16344.  26263.  20141.  17090.  17896.
  7   |   5000.   6275.  10779.  14424.  10771.  17205.   6906.  14527.  12806.  19218.  14800.  14401.  15667.  11815.  15161.
  8   |   3852.   3822.   2626.   8117.   7156.   8451.  10154.   5879.   6229.  13358.   9344.  10461.   6849.   7344.   8423.
  9   |  12703.  12572.   6503.   6547.   6982.  11512.  12412.  20324.  11227.  17880.  15200.  16887.  13567.   9673.  12070.
------+------------------------------------------------------------------------------------------------------------------------
       x 10 ^ 3                                
 
 
        Catch in Number
        ---------------
------+------------------------------------------------------------------------------------------------------------------------
AGE   |    1987    1988    1989    1990    1991    1992    1993    1994    1995    1996    1997    1998    1999    2000    2001
------+------------------------------------------------------------------------------------------------------------------------
  0   |   4319.   1961.   4605.   7254.    825.   2477.   3071.   2695.   2805.   3277.   4925.   4057.   2128.   1948.   3144.
  1   |  10198.  12765.  10837.  15464.  18909.   1912.  12892.   7942.   6142.  14135.  11867.  12364.   9432.  12047.   3443.
  2   |  17161.  17255.  40055.  20514.  22800.  24980.   5645.  18882.  10333.  17595.  28883.  16864.  16401.  30259.  12113.
  3   |  23175.  24950.  45845.  63434.  25452.  25693.  62323.   6974.  21004.  25130.  30140.  34592.  19117.  44424.  25867.
  4   |  21117.  24847.  48178.  51724.  56358.  20904.  46465.  55308.   5672.  37223.  30772.  25891.  28652.  37506.  27484.
  5   |  16741.  16227.  34243.  38012.  32146.  32793.  26917.  28914.  31944.   7179.  31991.  18506.  15224.  40041.  16295.
  6   |   8853.  12522.  21636.  25911.  22704.  18114.  40806.  16119.  16193.  39161.   5927.  18502.  10549.  20555.  16793.
  7   |  14465.   6544.  16373.  15900.  15072.  12570.  22076.  23835.   8884.  19495.  31451.   3341.  10377.  13944.   8442.
  8   |   9835.   8574.   6905.   9611.   7360.   6655.  12351.  10267.  10483.   8622.  12531.  14105.   1495.  11071.   4542.
  9   |  13428.  14035.  24546.  18305.  12727.   8548.  14611.  13148.  10635.  21329.  19768.  14775.  13242.  14945.   8687.
------+------------------------------------------------------------------------------------------------------------------------
       x 10 ^ 3                                
 
 
        Catch in Number
        ---------------
------+--------
AGE   |    2002
------+--------
  0   |   2496.
  1   |  11269.
  2   |   7057.
  3   |  21293.
  4   |  33487.
  5   |  25517.
  6   |  14718.
  7   |  14977.
  8   |   6050.
  9   |   9345.
------+--------
       x 10 ^ 3                                
 
 
 
        Predicted Catch in Number
        -------------------------
------+----------------------------------------------------------------------------------------
AGE   |    1992    1993    1994    1995    1996    1997    1998    1999    2000    2001    2002
------+----------------------------------------------------------------------------------------
  0   |   2477.   3071.   2695.   2805.   3277.   4925.   4058.   2128.   1948.   3143.   2496.
  1   |   1912.  12892.   7942.   6141.  14134.  11867.  12363.   9432.  12045.   3442.  11269.
  2   |  24981.   5645.  18883.  10332.  17594.  28881.  16863.  16399.  30257.  12111.   7058.
  3   |  25695.  62326.   6974.  21005.  25128.  30137.  34589.  19115.  44415.  25865.  21293.
  4   |  20906.  46471.  55311.   5672.  37225.  30770.  25888.  28649.  37500.  27479.  33491.
  5   |  32798.  26920.  28917.  31945.   7180.  31993.  18505.  15222.  40034.  16293.  25517.
  6   |  18114.  40810.  16119.  16194.  39161.   5927.  18502.  10548.  20550.  16790.  14718.
  7   |  12570.  22077.  23837.   8885.  19497.  31451.   3341.  10376.  13942.   8441.  14977.
  8   |   6655.  12351.  10267.  10484.   8622.  12531.  14105.   1495.  11070.   4541.   6050.
------+----------------------------------------------------------------------------------------
       x 10 ^ 3                                
 
 
 
        Weights at age in the catches (Kg)
        ----------------------------------
------+------------------------------------------------------------------------------------------------------------------------
AGE   |    1972    1973    1974    1975    1976    1977    1978    1979    1980    1981    1982    1983    1984    1985    1986
------+------------------------------------------------------------------------------------------------------------------------
  0   | 0.05200 0.05000 0.05100 0.05000 0.05900 0.05600 0.03600 0.01600 0.05700 0.06000 0.05300 0.05000 0.03100 0.05500 0.03900
  1   | 0.13500 0.14500 0.13600 0.14800 0.13700 0.13600 0.13500 0.13700 0.13100 0.13200 0.13100 0.16800 0.10200 0.14400 0.14600
  2   | 0.27700 0.19400 0.22900 0.17700 0.20700 0.16900 0.16100 0.16100 0.24900 0.24800 0.24900 0.21900 0.18400 0.26200 0.24500
  3   | 0.34100 0.28500 0.26100 0.25900 0.26300 0.27500 0.25000 0.24300 0.28500 0.28700 0.28500 0.27600 0.29500 0.35700 0.33500
  4   | 0.42300 0.36800 0.33400 0.32300 0.32000 0.33300 0.32500 0.31800 0.34500 0.34400 0.34500 0.31000 0.32600 0.41800 0.42300
  5   | 0.46800 0.44800 0.39200 0.34800 0.34600 0.35200 0.34500 0.34800 0.37800 0.37700 0.37800 0.38600 0.34400 0.41700 0.47100
  6   | 0.46800 0.46800 0.48100 0.43000 0.40600 0.40700 0.40300 0.40100 0.45400 0.45400 0.45400 0.42500 0.43100 0.43600 0.44400
  7   | 0.50800 0.50800 0.50800 0.48800 0.44300 0.44600 0.42100 0.41600 0.49800 0.49900 0.49600 0.43500 0.54200 0.52100 0.45700
  8   | 0.53900 0.53900 0.53900 0.53900 0.51800 0.54600 0.51800 0.50600 0.52000 0.51300 0.51300 0.49800 0.48000 0.55500 0.54300
  9   | 0.60099 0.60986 0.61265 0.61373 0.59210 0.57282 0.55762 0.53749 0.57043 0.56362 0.55997 0.58090 0.60990 0.62762 0.61264
------+------------------------------------------------------------------------------------------------------------------------
                                               
 
 
        Weights at age in the catches (Kg)
        ----------------------------------
------+------------------------------------------------------------------------------------------------------------------------
AGE   |    1987    1988    1989    1990    1991    1992    1993    1994    1995    1996    1997    1998    1999    2000    2001
------+------------------------------------------------------------------------------------------------------------------------
  0   | 0.07600 0.05500 0.04900 0.08500 0.06800 0.05100 0.06100 0.04600 0.07200 0.05800 0.07600 0.06500 0.06200 0.06300 0.06900
  1   | 0.17900 0.13300 0.13600 0.15600 0.15600 0.16700 0.13400 0.13600 0.14300 0.14300 0.14300 0.15700 0.17600 0.13500 0.17100
  2   | 0.22300 0.25900 0.23700 0.23300 0.25300 0.23900 0.24000 0.25500 0.23400 0.22600 0.23000 0.22700 0.23600 0.22900 0.22300
  3   | 0.31800 0.32300 0.32000 0.33600 0.32700 0.33300 0.31700 0.33900 0.33300 0.31300 0.29500 0.31000 0.30700 0.30800 0.30700
  4   | 0.39900 0.38800 0.37700 0.37900 0.39400 0.39700 0.37600 0.39000 0.39000 0.37700 0.35900 0.35400 0.36100 0.36700 0.37800
  5   | 0.47400 0.45600 0.43300 0.42300 0.42300 0.46000 0.43600 0.44800 0.45200 0.42500 0.41500 0.40800 0.40600 0.42900 0.42600
  6   | 0.51200 0.52400 0.45600 0.46700 0.46900 0.49500 0.48300 0.51200 0.50100 0.48400 0.45300 0.45200 0.45400 0.46700 0.47700
  7   | 0.49300 0.55500 0.54300 0.52800 0.50600 0.53200 0.52700 0.54300 0.53900 0.51800 0.48100 0.46200 0.50100 0.50400 0.49900
  8   | 0.49800 0.55500 0.59200 0.55200 0.55400 0.55500 0.54800 0.59000 0.57700 0.55100 0.52400 0.51800 0.53700 0.53700 0.54300
  9   | 0.61976 0.59939 0.61107 0.61875 0.64134 0.63335 0.60481 0.62185 0.61031 0.59306 0.57894 0.57515 0.59433 0.59493 0.60506
------+------------------------------------------------------------------------------------------------------------------------
                                               
 
 
        Weights at age in the catches (Kg)
        ----------------------------------
------+--------
AGE   |    2002
------+--------
  0   | 0.05200
  1   | 0.15900
  2   | 0.25500
  3   | 0.30700
  4   | 0.36900
  5   | 0.42600
  6   | 0.46400
  7   | 0.51400
  8   | 0.53900
  9   | 0.61302
------+--------
                                               
 
 
 
        Weights at age in the stock (Kg)
        --------------------------------
------+------------------------------------------------------------------------------------------------------------------------
AGE   |    1972    1973    1974    1975    1976    1977    1978    1979    1980    1981    1982    1983    1984    1985    1986
------+------------------------------------------------------------------------------------------------------------------------
  0   | 0.00800 0.00800 0.00800 0.00800 0.00800 0.00800 0.00800 0.00800 0.00800 0.00800 0.00800 0.00800 0.00000 0.00000 0.00000
  1   | 0.13200 0.13200 0.13000 0.12900 0.12800 0.12700 0.11100 0.11000 0.10900 0.08700 0.08600 0.08600 0.08100 0.08500 0.07700
  2   | 0.17800 0.17700 0.17300 0.17100 0.17000 0.16700 0.17500 0.17400 0.17300 0.18600 0.13500 0.17200 0.19400 0.16500 0.17900
  3   | 0.24300 0.24200 0.23800 0.23600 0.23600 0.23300 0.23800 0.23700 0.23600 0.25200 0.22100 0.23500 0.25300 0.29300 0.26700
  4   | 0.41100 0.30100 0.29600 0.29400 0.29300 0.28900 0.30000 0.29900 0.29700 0.31300 0.28000 0.28000 0.29500 0.30600 0.30400
  5   | 0.35500 0.43800 0.32200 0.31800 0.31800 0.31300 0.34600 0.34500 0.34300 0.32300 0.38500 0.33900 0.32400 0.34100 0.35600
  6   | 0.39800 0.39800 0.46900 0.36500 0.36500 0.36100 0.38200 0.38000 0.37900 0.37800 0.35300 0.37700 0.39300 0.38400 0.35100
  7   | 0.43300 0.43300 0.43300 0.49700 0.41900 0.41600 0.41000 0.40800 0.40700 0.41900 0.40800 0.40400 0.43600 0.43000 0.41600
  8   | 0.45900 0.45900 0.45900 0.45900 0.51200 0.44600 0.43200 0.43000 0.42900 0.43400 0.43700 0.43900 0.44100 0.45900 0.47300
  9   | 0.51553 0.52402 0.52757 0.52722 0.50621 0.52891 0.49538 0.48849 0.49284 0.48095 0.47835 0.50676 0.50478 0.53725 0.47460
------+------------------------------------------------------------------------------------------------------------------------
                                               
 
 
        Weights at age in the stock (Kg)
        --------------------------------
------+------------------------------------------------------------------------------------------------------------------------
AGE   |    1987    1988    1989    1990    1991    1992    1993    1994    1995    1996    1997    1998    1999    2000    2001
------+------------------------------------------------------------------------------------------------------------------------
  0   | 0.00000 0.00000 0.00000 0.00000 0.00000 0.00000 0.00000 0.00000 0.00000 0.00000 0.00000 0.00000 0.00000 0.00000 0.00000
  1   | 0.07800 0.07200 0.07600 0.07400 0.07500 0.07800 0.07800 0.07900 0.08100 0.07600 0.07600 0.07700 0.08100 0.07400 0.07800
  2   | 0.14800 0.15600 0.17700 0.13800 0.15500 0.21200 0.19700 0.17800 0.16400 0.13300 0.18600 0.14900 0.19400 0.18500 0.16400
  3   | 0.24000 0.23700 0.24400 0.22200 0.23000 0.25900 0.26800 0.23700 0.26700 0.25100 0.22800 0.22300 0.24200 0.23500 0.24100
  4   | 0.28600 0.30100 0.30600 0.28700 0.30700 0.31000 0.31500 0.30100 0.32600 0.31700 0.29600 0.28500 0.30100 0.28900 0.34200
  5   | 0.37400 0.32900 0.35200 0.33900 0.35700 0.36200 0.36000 0.36100 0.39800 0.36600 0.36100 0.34200 0.35300 0.35000 0.39000
  6   | 0.38600 0.42300 0.38000 0.37300 0.40900 0.40200 0.41600 0.41300 0.44800 0.44400 0.40200 0.40000 0.39600 0.39000 0.44600
  7   | 0.41100 0.44500 0.42900 0.41400 0.43200 0.42400 0.45400 0.46600 0.49100 0.46200 0.44500 0.42600 0.42300 0.42600 0.45900
  8   | 0.42900 0.43200 0.47400 0.40900 0.50200 0.46200 0.46500 0.47000 0.50800 0.50100 0.47800 0.46600 0.44000 0.44700 0.49900
  9   | 0.49300 0.51382 0.48600 0.49995 0.56166 0.52234 0.51586 0.52979 0.55702 0.57964 0.53601 0.52670 0.49707 0.50645 0.56494
------+------------------------------------------------------------------------------------------------------------------------
                                               
 
 
        Weights at age in the stock (Kg)
        --------------------------------
------+--------
AGE   |    2002
------+--------
  0   | 0.00000
  1   | 0.07800
  2   | 0.18100
  3   | 0.23900
  4   | 0.31100
  5   | 0.36400
  6   | 0.41100
  7   | 0.43600
  8   | 0.46200
  9   | 0.52450
------+--------
                                               
 
 
 
        Natural Mortality (per year)
        ----------------------------
------+------------------------------------------------------------------------------------------------------------------------
AGE   |    1972    1973    1974    1975    1976    1977    1978    1979    1980    1981    1982    1983    1984    1985    1986
------+------------------------------------------------------------------------------------------------------------------------
  0   | 0.15000 0.15000 0.15000 0.15000 0.15000 0.15000 0.15000 0.15000 0.15000 0.15000 0.15000 0.15000 0.15000 0.15000 0.15000
  1   | 0.15000 0.15000 0.15000 0.15000 0.15000 0.15000 0.15000 0.15000 0.15000 0.15000 0.15000 0.15000 0.15000 0.15000 0.15000
  2   | 0.15000 0.15000 0.15000 0.15000 0.15000 0.15000 0.15000 0.15000 0.15000 0.15000 0.15000 0.15000 0.15000 0.15000 0.15000
  3   | 0.15000 0.15000 0.15000 0.15000 0.15000 0.15000 0.15000 0.15000 0.15000 0.15000 0.15000 0.15000 0.15000 0.15000 0.15000
  4   | 0.15000 0.15000 0.15000 0.15000 0.15000 0.15000 0.15000 0.15000 0.15000 0.15000 0.15000 0.15000 0.15000 0.15000 0.15000
  5   | 0.15000 0.15000 0.15000 0.15000 0.15000 0.15000 0.15000 0.15000 0.15000 0.15000 0.15000 0.15000 0.15000 0.15000 0.15000
  6   | 0.15000 0.15000 0.15000 0.15000 0.15000 0.15000 0.15000 0.15000 0.15000 0.15000 0.15000 0.15000 0.15000 0.15000 0.15000
  7   | 0.15000 0.15000 0.15000 0.15000 0.15000 0.15000 0.15000 0.15000 0.15000 0.15000 0.15000 0.15000 0.15000 0.15000 0.15000
  8   | 0.15000 0.15000 0.15000 0.15000 0.15000 0.15000 0.15000 0.15000 0.15000 0.15000 0.15000 0.15000 0.15000 0.15000 0.15000
  9   | 0.15000 0.15000 0.15000 0.15000 0.15000 0.15000 0.15000 0.15000 0.15000 0.15000 0.15000 0.15000 0.15000 0.15000 0.15000
------+------------------------------------------------------------------------------------------------------------------------
                                               
 
 
        Natural Mortality (per year)
        ----------------------------
------+------------------------------------------------------------------------------------------------------------------------
AGE   |    1987    1988    1989    1990    1991    1992    1993    1994    1995    1996    1997    1998    1999    2000    2001
------+------------------------------------------------------------------------------------------------------------------------
  0   | 0.15000 0.15000 0.15000 0.15000 0.15000 0.15000 0.15000 0.15000 0.15000 0.15000 0.15000 0.15000 0.15000 0.15000 0.15000
  1   | 0.15000 0.15000 0.15000 0.15000 0.15000 0.15000 0.15000 0.15000 0.15000 0.15000 0.15000 0.15000 0.15000 0.15000 0.15000
  2   | 0.15000 0.15000 0.15000 0.15000 0.15000 0.15000 0.15000 0.15000 0.15000 0.15000 0.15000 0.15000 0.15000 0.15000 0.15000
  3   | 0.15000 0.15000 0.15000 0.15000 0.15000 0.15000 0.15000 0.15000 0.15000 0.15000 0.15000 0.15000 0.15000 0.15000 0.15000
  4   | 0.15000 0.15000 0.15000 0.15000 0.15000 0.15000 0.15000 0.15000 0.15000 0.15000 0.15000 0.15000 0.15000 0.15000 0.15000
  5   | 0.15000 0.15000 0.15000 0.15000 0.15000 0.15000 0.15000 0.15000 0.15000 0.15000 0.15000 0.15000 0.15000 0.15000 0.15000
  6   | 0.15000 0.15000 0.15000 0.15000 0.15000 0.15000 0.15000 0.15000 0.15000 0.15000 0.15000 0.15000 0.15000 0.15000 0.15000
  7   | 0.15000 0.15000 0.15000 0.15000 0.15000 0.15000 0.15000 0.15000 0.15000 0.15000 0.15000 0.15000 0.15000 0.15000 0.15000
  8   | 0.15000 0.15000 0.15000 0.15000 0.15000 0.15000 0.15000 0.15000 0.15000 0.15000 0.15000 0.15000 0.15000 0.15000 0.15000
  9   | 0.15000 0.15000 0.15000 0.15000 0.15000 0.15000 0.15000 0.15000 0.15000 0.15000 0.15000 0.15000 0.15000 0.15000 0.15000
------+------------------------------------------------------------------------------------------------------------------------
                                               
 
 
        Natural Mortality (per year)
        ----------------------------
------+--------
AGE   |    2002
------+--------
  0   | 0.15000
  1   | 0.15000
  2   | 0.15000
  3   | 0.15000
  4   | 0.15000
  5   | 0.15000
  6   | 0.15000
  7   | 0.15000
  8   | 0.15000
  9   | 0.15000
------+--------
                                               
 
 
 
        Proportion of fish spawning
        ---------------------------
------+------------------------------------------------------------------------------------------------------------------------
AGE   |    1972    1973    1974    1975    1976    1977    1978    1979    1980    1981    1982    1983    1984    1985    1986
------+------------------------------------------------------------------------------------------------------------------------
  0   |  0.0000  0.0000  0.0000  0.0000  0.0000  0.0000  0.0000  0.0000  0.0000  0.0000  0.0000  0.0000  0.0000  0.0000  0.0000
  1   |  0.0500  0.0500  0.0500  0.0600  0.0600  0.0600  0.0600  0.0600  0.0600  0.0700  0.0700  0.0700  0.0700  0.0700  0.0700
  2   |  0.5300  0.5400  0.5400  0.5500  0.5500  0.5500  0.5600  0.5600  0.5700  0.5700  0.5700  0.5800  0.5800  0.5800  0.5800
  3   |  0.9000  0.9000  0.9000  0.8900  0.8900  0.8900  0.8900  0.8900  0.8900  0.8800  0.8800  0.8800  0.8800  0.8800  0.8800
  4   |  0.9800  0.9800  0.9800  0.9800  0.9800  0.9800  0.9800  0.9800  0.9800  0.9800  0.9800  0.9800  0.9700  0.9700  0.9700
  5   |  0.9800  0.9800  0.9800  0.9800  0.9800  0.9800  0.9800  0.9800  0.9800  0.9800  0.9800  0.9800  0.9700  0.9700  0.9700
  6   |  0.9900  0.9900  0.9900  0.9900  0.9900  0.9900  0.9900  0.9900  0.9900  0.9900  0.9900  0.9900  0.9900  0.9900  0.9900
  7   |  1.0000  1.0000  1.0000  1.0000  1.0000  1.0000  1.0000  1.0000  1.0000  1.0000  1.0000  1.0000  1.0000  1.0000  1.0000
  8   |  1.0000  1.0000  1.0000  1.0000  1.0000  1.0000  1.0000  1.0000  1.0000  1.0000  1.0000  1.0000  1.0000  1.0000  1.0000
  9   |  1.0000  1.0000  1.0000  1.0000  1.0000  1.0000  1.0000  1.0000  1.0000  1.0000  1.0000  1.0000  1.0000  1.0000  1.0000
------+------------------------------------------------------------------------------------------------------------------------
                                               
 
 
        Proportion of fish spawning
        ---------------------------
------+------------------------------------------------------------------------------------------------------------------------
AGE   |    1987    1988    1989    1990    1991    1992    1993    1994    1995    1996    1997    1998    1999    2000    2001
------+------------------------------------------------------------------------------------------------------------------------
  0   |  0.0000  0.0000  0.0000  0.0000  0.0000  0.0000  0.0000  0.0000  0.0000  0.0000  0.0000  0.0000  0.0000  0.0000  0.0000
  1   |  0.0700  0.0700  0.0700  0.0700  0.0700  0.0700  0.0700  0.0700  0.0700  0.0700  0.0700  0.0700  0.0700  0.0700  0.0700
  2   |  0.5800  0.5800  0.5800  0.5800  0.5800  0.5800  0.5800  0.5800  0.5800  0.5800  0.5800  0.5800  0.5800  0.5800  0.5900
  3   |  0.8800  0.8800  0.8800  0.8800  0.8800  0.8800  0.8800  0.8800  0.8800  0.8800  0.8800  0.8600  0.8600  0.8600  0.8800
  4   |  0.9700  0.9700  0.9700  0.9700  0.9700  0.9700  0.9700  0.9700  0.9700  0.9700  0.9700  0.9800  0.9800  0.9800  0.9700
  5   |  0.9700  0.9700  0.9700  0.9700  0.9700  0.9700  0.9700  0.9700  0.9700  0.9700  0.9700  0.9800  0.9800  0.9800  0.9700
  6   |  0.9900  0.9900  0.9900  0.9900  0.9900  0.9900  0.9900  0.9900  0.9900  0.9900  0.9900  0.9900  0.9900  0.9900  0.9900
  7   |  1.0000  1.0000  1.0000  1.0000  1.0000  1.0000  1.0000  1.0000  1.0000  1.0000  1.0000  1.0000  1.0000  1.0000  1.0000
  8   |  1.0000  1.0000  1.0000  1.0000  1.0000  1.0000  1.0000  1.0000  1.0000  1.0000  1.0000  1.0000  1.0000  1.0000  1.0000
  9   |  1.0000  1.0000  1.0000  1.0000  1.0000  1.0000  1.0000  1.0000  1.0000  1.0000  1.0000  1.0000  1.0000  1.0000  1.0000
------+------------------------------------------------------------------------------------------------------------------------
                                               
 
 
        Proportion of fish spawning
        ---------------------------
------+--------
AGE   |    2002
------+--------
  0   |  0.0000
  1   |  0.0700
  2   |  0.5900
  3   |  0.8800
  4   |  0.9700
  5   |  0.9700
  6   |  0.9900
  7   |  1.0000
  8   |  1.0000
  9   |  1.0000
------+--------
                                               
 
 
 
 INDICES OF SPAWNING BIOMASS                                                    
  
 ----------------------------
 
          INDEX
        -------
------+------------------------------------------------------------------------------------------------------------------------
      |    1972    1973    1974    1975    1976    1977    1978    1979    1980    1981    1982    1983    1984    1985    1986
------+------------------------------------------------------------------------------------------------------------------------
  1   | ******* ******* ******* ******* ******* ******* ******* ******* ******* ******* ******* ******* ******* ******* *******
------+------------------------------------------------------------------------------------------------------------------------
       x 10 ^ 3                                
 
 
          INDEX
        -------
------+------------------------------------------------------------------------------------------------------------------------
      |    1987    1988    1989    1990    1991    1992    1993    1994    1995    1996    1997    1998    1999    2000    2001
------+------------------------------------------------------------------------------------------------------------------------
  1   | *******  280.10  311.80  282.53  294.00  329.18  316.27  277.12  284.99  264.83  243.81  226.19  253.63  259.46  284.82
------+------------------------------------------------------------------------------------------------------------------------
       x 10 ^ 3                                
 
 
          INDEX
        -------
------+--------
      |    2002
------+--------
  1   |  268.48
------+--------
       x 10 ^ 3                                
 
 
 
 AGE-STRUCTURED INDICES                                                         
  
 -----------------------
 
        FLT01: Dummy survey
        -------------------
------+--------------------------------
AGE   |    1981    1982    1983    1984
------+--------------------------------
  1   |  266.10  203.00   43.60   15.24
  2   |  506.40  435.90  712.70   79.51
  3   |  225.10  483.60  444.60  661.83
  4   |   31.70  184.10  391.60  374.60
  5   |  174.80   24.70  130.40  238.20
  6   |  158.50  136.60   20.20   92.00
  7   |   99.50  108.60   91.30   15.54
  8   |  116.60   84.50   70.90   51.47
  9   |   35.30   87.00   47.10   39.27
------+--------------------------------
       x 10 ^ 3                                
 
 
 
        Fishing Mortality (per year)
        ----------------------------
------+------------------------------------------------------------------------------------------------------------------------
AGE   |    1972    1973    1974    1975    1976    1977    1978    1979    1980    1981    1982    1983    1984    1985    1986
------+------------------------------------------------------------------------------------------------------------------------
  0   | 0.00662 0.00829 0.00563 0.00664 0.00513 0.00617 0.00565 0.00765 0.00522 0.00877 0.00725 0.00865 0.00644 0.00484 0.00537
  1   | 0.02508 0.03142 0.02134 0.02515 0.01944 0.02346 0.02151 0.02911 0.01989 0.03340 0.02750 0.03280 0.02638 0.01809 0.02009
  2   | 0.05556 0.06959 0.04728 0.05570 0.04307 0.05198 0.04783 0.06479 0.04425 0.07436 0.06117 0.07264 0.05841 0.04335 0.04383
  3   | 0.10965 0.13733 0.09331 0.10995 0.08497 0.10259 0.09441 0.12832 0.08770 0.14725 0.12115 0.14363 0.11494 0.08536 0.09365
  4   | 0.16755 0.20984 0.14257 0.16800 0.12986 0.15670 0.14423 0.19601 0.13445 0.22575 0.18542 0.21973 0.17542 0.12967 0.14238
  5   | 0.19032 0.23838 0.16194 0.19083 0.14750 0.17803 0.16374 0.22254 0.15260 0.25729 0.21115 0.24962 0.19902 0.14677 0.16037
  6   | 0.21486 0.26905 0.18278 0.21538 0.16648 0.20093 0.18484 0.25092 0.17208 0.28995 0.23911 0.28226 0.22430 0.16520 0.18003
  7   | 0.24538 0.30735 0.20876 0.24602 0.19015 0.22950 0.21109 0.28656 0.19624 0.33057 0.27227 0.32330 0.25631 0.18807 0.20463
  8   | 0.22633 0.28349 0.19261 0.22698 0.17545 0.21178 0.19476 0.26434 0.18097 0.30438 0.25042 0.29694 0.23715 0.17350 0.18801
  9   | 0.22633 0.28349 0.19261 0.22698 0.17545 0.21178 0.19476 0.26434 0.18097 0.30438 0.25042 0.29694 0.23715 0.17350 0.18801
------+------------------------------------------------------------------------------------------------------------------------
                                               
 
 
        Fishing Mortality (per year)
        ----------------------------
------+------------------------------------------------------------------------------------------------------------------------
AGE   |    1987    1988    1989    1990    1991    1992    1993    1994    1995    1996    1997    1998    1999    2000    2001
------+------------------------------------------------------------------------------------------------------------------------
  0   | 0.00543 0.00498 0.00871 0.00938 0.00786 0.00610 0.00996 0.00807 0.00573 0.00903 0.01028 0.00809 0.00586 0.01040 0.00574
  1   | 0.02055 0.01888 0.03261 0.03471 0.02897 0.02309 0.03769 0.03053 0.02168 0.03419 0.03891 0.03060 0.02217 0.03938 0.02171
  2   | 0.04485 0.04167 0.07198 0.07565 0.06239 0.05110 0.08343 0.06757 0.04798 0.07568 0.08613 0.06773 0.04906 0.08716 0.04805
  3   | 0.08667 0.08060 0.14061 0.14757 0.12015 0.10082 0.16459 0.13331 0.09466 0.14931 0.16992 0.13363 0.09679 0.17196 0.09479
  4   | 0.14378 0.11962 0.20829 0.22027 0.17922 0.15413 0.25163 0.20381 0.14472 0.22826 0.25979 0.20429 0.14798 0.26289 0.14492
  5   | 0.16203 0.14854 0.22712 0.23850 0.19600 0.17531 0.28621 0.23182 0.16460 0.25963 0.29548 0.23236 0.16831 0.29902 0.16484
  6   | 0.18081 0.16588 0.28457 0.25372 0.20700 0.19825 0.32366 0.26215 0.18614 0.29360 0.33415 0.26277 0.19034 0.33814 0.18641
  7   | 0.20478 0.18655 0.31963 0.32978 0.21725 0.22713 0.37081 0.30034 0.21326 0.33637 0.38283 0.30105 0.21807 0.38740 0.21356
  8   | 0.18775 0.17029 0.28916 0.29697 0.23616 0.21037 0.34345 0.27818 0.19752 0.31156 0.35458 0.27883 0.20198 0.35882 0.19780
  9   | 0.18775 0.17029 0.28916 0.29697 0.23616 0.21037 0.34345 0.27818 0.19752 0.31156 0.35458 0.27883 0.20198 0.35882 0.19780
------+------------------------------------------------------------------------------------------------------------------------
                                               
 
 
        Fishing Mortality (per year)
        ----------------------------
------+--------
AGE   |    2002
------+--------
  0   | 0.00641
  1   | 0.02425
  2   | 0.05367
  3   | 0.10589
  4   | 0.16188
  5   | 0.18413
  6   | 0.20822
  7   | 0.23855
  8   | 0.22095
  9   | 0.22095
------+--------
                                               
 
 
 
        Population Abundance (1 January)
        --------------------------------
------+------------------------------------------------------------------------------------------------------------------------
AGE   |    1972    1973    1974    1975    1976    1977    1978    1979    1980    1981    1982    1983    1984    1985    1986
------+------------------------------------------------------------------------------------------------------------------------
  0   |  355.73  463.17  427.85  428.52  368.49  522.44  512.95  563.61  505.39  236.47  352.83  366.83  504.23  582.85  630.44
  1   |  193.91  304.16  395.37  366.18  366.39  315.54  446.90  439.02  481.41  432.73  201.75  301.49  313.01  431.21  499.24
  2   |  381.28  162.76  253.70  333.11  307.35  309.28  265.29  376.47  367.02  406.19  360.22  168.94  251.12  262.40  364.49
  3   |  244.42  310.43  130.67  208.28  271.18  253.39  252.72  217.67  303.70  302.22  324.56  291.64  135.22  203.88  216.27
  4   |  200.62  188.52  232.91  102.45  160.60  214.39  196.83  197.92  164.79  239.45  224.51  247.48  217.44  103.75  161.12
  5   |  131.31  146.03  131.55  173.83   74.54  121.40  157.76  146.66  140.03  123.99  164.45  160.53  170.99  157.04   78.44
  6   |   36.64   93.43   99.03   96.30  123.62   55.36   87.45  115.28  101.04  103.47   82.51  114.60  107.65  120.61  116.71
  7   |   24.67   25.44   61.45   71.00   66.82   90.09   38.98   62.56   77.20   73.22   66.64   55.91   74.38   74.04   88.00
  8   |   20.42   16.61   16.10   42.92   47.78   47.56   61.64   27.16   40.43   54.61   45.28   43.69   34.83   49.54   52.80
  9   |   67.35   54.65   39.87   34.62   46.62   64.78   75.35   93.91   72.87   73.10   73.66   70.52   69.00   65.25   75.66
------+------------------------------------------------------------------------------------------------------------------------
       x 10 ^ 6                                
 
 
        Population Abundance (1 January)
        --------------------------------
------+------------------------------------------------------------------------------------------------------------------------
AGE   |    1987    1988    1989    1990    1991    1992    1993    1994    1995    1996    1997    1998    1999    2000    2001
------+------------------------------------------------------------------------------------------------------------------------
  0   |  858.21  424.57  571.79  836.17  113.45  438.53  333.66  361.14  528.88  392.36  518.38  542.54  392.40  202.61  591.74
  1   |  539.72  734.67  363.62  487.88  712.97   90.21  375.15  284.34  308.34  452.61  334.67  441.61  463.21  335.77  172.58
  2   |  421.15  455.09  620.51  302.93  405.59  539.66   75.87  310.95  237.37  259.70  376.47  277.06  368.64  389.95  277.84
  3   |  300.27  346.59  375.72  496.98  241.74  288.17  441.35   60.08  250.15  194.74  207.23  297.29  222.85  302.10  307.62
  4   |  169.50  236.99  275.21  280.96  369.07  157.31  224.24  322.22   45.25  195.86  144.37  150.49  223.87  174.11  218.94
  5   |  120.27  126.35  180.98  192.34  194.02  219.16  116.06  150.07  226.20   33.70  134.18   95.83  105.60  166.19  115.22
  6   |   57.51   88.04   93.74  124.12  130.42  108.20  158.30   75.03  102.44  165.15   22.38   85.94   65.38   76.81  106.07
  7   |   83.90   41.31   64.19   60.70   82.89   66.43   76.38   98.58   49.69   73.19  105.98   13.79   56.88   46.52   47.14
  8   |   61.73   58.84   29.50   40.13   37.57   37.68   45.56   45.37   62.83   34.55   45.00   62.20    8.78   39.36   27.18
  9   |   84.28   96.33  104.89   76.44   64.97   48.39   53.90   58.10   63.74   85.47   70.99   65.16   77.77   53.14   51.99
------+------------------------------------------------------------------------------------------------------------------------
       x 10 ^ 6                                
 
 
        Population Abundance (1 January)
        --------------------------------
------+----------------
AGE   |    2002    2003
------+----------------
  0   |  420.86  332.72
  1   |  506.40  359.92
  2   |  145.35  425.42
  3   |  227.92  118.57
  4   |  240.82  176.46
  5   |  163.02  176.30
  6   |   84.10  116.72
  7   |   75.77   58.78
  8   |   32.77   51.37
  9   |   50.63   57.55
------+----------------
       x 10 ^ 6                                
 
 
 
        Weighting factors for the catches in number
        -------------------------------------------
------+----------------------------------------------------------------------------------------
AGE   |    1992    1993    1994    1995    1996    1997    1998    1999    2000    2001    2002
------+----------------------------------------------------------------------------------------
  0   |  0.0200  0.0200  0.0200  0.0200  0.0200  0.0200  0.0200  0.0200  0.0200  0.0200  0.0200
  1   |  1.0000  1.0000  1.0000  1.0000  1.0000  1.0000  1.0000  1.0000  1.0000  1.0000  1.0000
  2   |  1.0000  1.0000  1.0000  1.0000  1.0000  1.0000  1.0000  1.0000  1.0000  1.0000  1.0000
  3   |  1.0000  1.0000  1.0000  1.0000  1.0000  1.0000  1.0000  1.0000  1.0000  1.0000  1.0000
  4   |  1.0000  1.0000  1.0000  1.0000  1.0000  1.0000  1.0000  1.0000  1.0000  1.0000  1.0000
  5   |  1.0000  1.0000  1.0000  1.0000  1.0000  1.0000  1.0000  1.0000  1.0000  1.0000  1.0000
  6   |  1.0000  1.0000  1.0000  1.0000  1.0000  1.0000  1.0000  1.0000  1.0000  1.0000  1.0000
  7   |  1.0000  1.0000  1.0000  1.0000  1.0000  1.0000  1.0000  1.0000  1.0000  1.0000  1.0000
  8   |  1.0000  1.0000  1.0000  1.0000  1.0000  1.0000  1.0000  1.0000  1.0000  1.0000  1.0000
------+----------------------------------------------------------------------------------------
                                               
 
 
 
 Predicted SSB Index Values                                                     
  
 ---------------------------
 
          INDEX
        -------
------+------------------------------------------------------------------------------------------------------------------------
      |    1972    1973    1974    1975    1976    1977    1978    1979    1980    1981    1982    1983    1984    1985    1986
------+------------------------------------------------------------------------------------------------------------------------
  1   | ******* ******* ******* ******* ******* ******* ******* ******* ******* ******* ******* ******* ******* ******* *******
------+------------------------------------------------------------------------------------------------------------------------
       x 10 ^ 3                                
 
 
          INDEX
        -------
------+------------------------------------------------------------------------------------------------------------------------
      |    1987    1988    1989    1990    1991    1992    1993    1994    1995    1996    1997    1998    1999    2000    2001
------+------------------------------------------------------------------------------------------------------------------------
  1   | *******  319.88  362.79  337.72  359.87  329.19  316.27  277.13  284.99  264.83  243.81  226.19  253.63  259.47  284.86
------+------------------------------------------------------------------------------------------------------------------------
       x 10 ^ 3                                
 
 
          INDEX
        -------
------+--------
      |    2002
------+--------
  1   |  268.52
------+--------
       x 10 ^ 3                                
 
 
 
 Predicted Age-Structured Index Values                                          
  
 --------------------------------------
 
        FLT01: Dummy survey Predicted
        -----------------------------
------+--------------------------------
AGE   |    1981    1982    1983    1984
------+--------------------------------
  1   |  110.97   51.90   77.34   80.58
  2   |  481.91  430.47  200.62  300.55
  3   |  508.33  553.78  491.51  231.51
  4   |  174.28  167.07  180.72  162.70
  5   |   85.42  116.21  111.07  121.64
  6   |   79.97   65.58   88.95   86.26
  7   |   66.96   62.93   51.34   70.86
  8   |   94.33   80.57   75.77   62.43
  9   |   48.55   50.40   47.04   47.56
------+--------------------------------
       x 10 ^ 3                                
 
 
 
        Fitted Selection Pattern
        ------------------------
------+------------------------------------------------------------------------------------------------------------------------
AGE   |    1972    1973    1974    1975    1976    1977    1978    1979    1980    1981    1982    1983    1984    1985    1986
------+------------------------------------------------------------------------------------------------------------------------
  0   |  0.0348  0.0348  0.0348  0.0348  0.0348  0.0346  0.0345  0.0344  0.0342  0.0341  0.0343  0.0347  0.0323  0.0329  0.0335
  1   |  0.1318  0.1318  0.1318  0.1318  0.1318  0.1318  0.1314  0.1308  0.1303  0.1298  0.1302  0.1314  0.1325  0.1233  0.1253
  2   |  0.2919  0.2919  0.2920  0.2919  0.2920  0.2920  0.2921  0.2911  0.2900  0.2890  0.2897  0.2910  0.2935  0.2954  0.2733
  3   |  0.5761  0.5761  0.5762  0.5762  0.5761  0.5763  0.5766  0.5766  0.5747  0.5723  0.5737  0.5754  0.5775  0.5816  0.5840
  4   |  0.8803  0.8803  0.8804  0.8804  0.8804  0.8802  0.8809  0.8808  0.8811  0.8774  0.8781  0.8802  0.8814  0.8835  0.8878
  5   |  1.0000  1.0000  1.0000  1.0000  1.0000  1.0000  1.0000  1.0000  1.0000  1.0000  1.0000  1.0000  1.0000  1.0000  1.0000
  6   |  1.1289  1.1286  1.1287  1.1286  1.1287  1.1286  1.1289  1.1275  1.1277  1.1269  1.1324  1.1308  1.1270  1.1255  1.1226
  7   |  1.2893  1.2893  1.2891  1.2892  1.2892  1.2891  1.2892  1.2877  1.2860  1.2848  1.2894  1.2952  1.2879  1.2813  1.2760
  8   |  1.1892  1.1892  1.1894  1.1894  1.1895  1.1895  1.1894  1.1878  1.1859  1.1830  1.1860  1.1896  1.1916  1.1821  1.1723
  9   |  1.1892  1.1892  1.1894  1.1894  1.1895  1.1895  1.1894  1.1878  1.1859  1.1830  1.1860  1.1896  1.1916  1.1821  1.1723
------+------------------------------------------------------------------------------------------------------------------------
                                               
 
 
        Fitted Selection Pattern
        ------------------------
------+------------------------------------------------------------------------------------------------------------------------
AGE   |    1987    1988    1989    1990    1991    1992    1993    1994    1995    1996    1997    1998    1999    2000    2001
------+------------------------------------------------------------------------------------------------------------------------
  0   |  0.0335  0.0336  0.0383  0.0393  0.0401  0.0348  0.0348  0.0348  0.0348  0.0348  0.0348  0.0348  0.0348  0.0348  0.0348
  1   |  0.1268  0.1271  0.1436  0.1456  0.1478  0.1317  0.1317  0.1317  0.1317  0.1317  0.1317  0.1317  0.1317  0.1317  0.1317
  2   |  0.2768  0.2805  0.3169  0.3172  0.3183  0.2915  0.2915  0.2915  0.2915  0.2915  0.2915  0.2915  0.2915  0.2915  0.2915
  3   |  0.5349  0.5426  0.6191  0.6187  0.6130  0.5751  0.5751  0.5751  0.5751  0.5751  0.5751  0.5751  0.5751  0.5751  0.5751
  4   |  0.8873  0.8052  0.9171  0.9236  0.9144  0.8792  0.8792  0.8792  0.8792  0.8792  0.8792  0.8792  0.8792  0.8792  0.8792
  5   |  1.0000  1.0000  1.0000  1.0000  1.0000  1.0000  1.0000  1.0000  1.0000  1.0000  1.0000  1.0000  1.0000  1.0000  1.0000
  6   |  1.1158  1.1167  1.2529  1.0638  1.0561  1.1309  1.1309  1.1309  1.1309  1.1309  1.1309  1.1309  1.1309  1.1309  1.1309
  7   |  1.2638  1.2558  1.4073  1.3827  1.1084  1.2956  1.2956  1.2956  1.2956  1.2956  1.2956  1.2956  1.2956  1.2956  1.2956
  8   |  1.1587  1.1464  1.2732  1.2452  1.2049  1.2000  1.2000  1.2000  1.2000  1.2000  1.2000  1.2000  1.2000  1.2000  1.2000
  9   |  1.1587  1.1464  1.2732  1.2452  1.2049  1.2000  1.2000  1.2000  1.2000  1.2000  1.2000  1.2000  1.2000  1.2000  1.2000
------+------------------------------------------------------------------------------------------------------------------------
                                               
 
 
        Fitted Selection Pattern
        ------------------------
------+--------
AGE   |    2002
------+--------
  0   |  0.0348
  1   |  0.1317
  2   |  0.2915
  3   |  0.5751
  4   |  0.8792
  5   |  1.0000
  6   |  1.1309
  7   |  1.2956
  8   |  1.2000
  9   |  1.2000
------+--------
                                               
 
 
 
 
 
                    STOCK SUMMARY                                             
 
 
 ³ Year ³  Recruits  ³  Total  ³ Spawning³ Landings ³ Yield ³ Mean F ³ SoP ³    
 ³      ³   Age   0  ³ Biomass ³ Biomass ³          ³ /SSB  ³  Ages  ³     ³ 
 ³      ³  thousands ³  tonnes ³ tonnes  ³ tonnes   ³ ratio ³  4- 7  ³ (%) ³ 
 
   1972       355730    354129    253066     51502   0.2035   0.2045   100
   1973       463170    352962    249004     61654   0.2476   0.2562    99
   1974       427840    342590    234526     41556   0.1772   0.1740    99
   1975       428510    350568    237007     47020   0.1984   0.2051   100
   1976       368480    358040    248930     37780   0.1518   0.1585    99
   1977       522430    367832    259700     48689   0.1875   0.1913   100
   1978       512950    387253    272441     44700   0.1641   0.1760    99
   1979       563600    406554    277795     60534   0.2179   0.2390   100
   1980       505380    411632    286282     48116   0.1681   0.1638    99
   1981       236460    434894    304732     82536   0.2708   0.2759   100
   1982       352820    378042    285329     66837   0.2342   0.2270   100
   1983       366820    370881    275359     73381   0.2665   0.2687    99
   1984       504220    352749    262701     56560   0.2153   0.2138   100
   1985       582840    360930    266162     46399   0.1743   0.1574    99
   1986       630440    376791    270310     51400   0.1902   0.1719   100
   1987       858210    394665    282811     54595   0.1930   0.1728   100
   1988       424570    449472    319882     54738   0.1711   0.1551   100
   1989       571790    505179    362785     96697   0.2665   0.2599   100
   1990       836160    460133    337717    101932   0.3018   0.2606   100
   1991       113440    499007    359865     83415   0.2318   0.1999   100
   1992       438530    438526    329185     63117   0.1917   0.1887   100
   1993       333660    424425    316274     99182   0.3136   0.3081   100
   1994       361140    372243    277130     78335   0.2827   0.2495   100
   1995       528870    373187    284994     52584   0.1845   0.1772   100
   1996       392360    366233    264834     77590   0.2930   0.2795    99
   1997       518380    349597    243811     77752   0.3189   0.3181   100
   1998       542540    320804    226188     59183   0.2617   0.2501   100
   1999       392390    360102    253631     46717   0.1842   0.1812   100
   2000       202600    370747    259473     84767   0.3267   0.3219    99
   2001       591730    364858    284856     48724   0.1710   0.1774   100
   2002       420850    363810    268521     57002   0.2123   0.1982    99
 
 -----------------------------------------------------------------            
 No of years for separable analysis : 11                                      
 Age range in the analysis : 0  . . . 9                                       
 Year range in the analysis : 1972  . . . 2002                                
 Number of indices of SSB : 1                                                 
 Number of age-structured indices : 1                                         
                                                                              
 Parameters to estimate : 46                                                  
 Number of observations : 150                                                 
                                                                              
 Conventional single selection vector model to be fitted.                     
                                                                              
                                                                              
                                                                              
 -----------------------------------------------------------------            
 
 
 PARAMETER ESTIMATES                                                            
  
 
 ³Parm.³      ³ Maximum ³    ³        ³         ³         ³         ³ Mean of ³ 
  
 ³ No. ³      ³ Likelh. ³ CV ³  Lower ³ Upper   ³  -s.e.  ³   +s.e. ³ Param.  ³ 
  
 ³     ³      ³ Estimate³ (%)³ 95% CL ³ 95% CL  ³         ³         ³ Distrib.³ 
  
 Separable model : F by year                                                    
  
    1   1992     0.1331   0    0.1331    0.1331    0.1331    0.1331    0.1331
    2   1993     0.2196   0    0.2196    0.2196    0.2196    0.2196    0.2196
    3   1994     0.1807   0    0.1807    0.1807    0.1807    0.1807    0.1807
    4   1995     0.1336   0    0.1336    0.1336    0.1336    0.1336    0.1336
    5   1996     0.2227   0    0.2227    0.2227    0.2227    0.2227    0.2227
    6   1997     0.2707   0    0.2707    0.2707    0.2707    0.2707    0.2707
    7   1998     0.2318   0    0.2318    0.2318    0.2318    0.2318    0.2318
    8   1999     0.1860   0    0.1860    0.1860    0.1860    0.1860    0.1860
    9   2000     0.3727   0    0.3727    0.3727    0.3727    0.3727    0.3727
   10   2001     0.2337   0    0.2337    0.2337    0.2337    0.2337    0.2337
   11   2002     0.2963   0    0.2963    0.2963    0.2963    0.2963    0.2963
 
 Separable Model: Selection (S) by age                                          
  
   12      0     0.0419   0    0.0419    0.0419    0.0419    0.0419    0.0419
   13      1     0.1442   0    0.1442    0.1442    0.1442    0.1442    0.1442
   14      2     0.3008   0    0.3008    0.3008    0.3008    0.3008    0.3008
   15      3     0.5762   0    0.5762    0.5762    0.5762    0.5762    0.5762
   16      4     0.8737   0    0.8737    0.8737    0.8737    0.8737    0.8737
           5     1.0000     Fixed : Reference Age             
   17      6     1.1499   0    1.1499    1.1499    1.1499    1.1499    1.1499
   18      7     1.2093   0    1.2093    1.2093    1.2093    1.2093    1.2093
           8     1.2000     Fixed : Last true age             
 
 Separable model: Populations in year 2002                                    
   19      0     217871   0     217871    217871    217871    217871    217871
   20      1     293043   0     293043    293043    293043    293043    293043
   21      2      92483   0      92483     92483     92483     92483     92483
   22      3     156559   0     156559    156559    156559    156559    156559
   23      4     174462   0     174462    174462    174462    174462    174462
   24      5     121846   0     121846    121846    121846    121846    121846
   25      6      64412   0      64412     64412     64412     64412     64412
   26      7      59870   0      59870     59870     59870     59870     59870
   27      8      27426   0      27426     27426     27426     27426     27426
 
Separable model: Populations at age
   28   1992      57415   0      57415     57415     57415     57415     57415
   29   1993      66924   0      66924     66924     66924     66924     66924
   30   1994      66875   0      66875     66875     66875     66875     66875
   31   1995      92355   0      92355     92355     92355     92355     92355
   32   1996      49451   0      49451     49451     49451     49451     49451
   33   1997      63770   0      63770     63770     63770     63770     63770
   34   1998      85097   0      85097     85097     85097     85097     85097
   35   1999      11109   0      11109     11109     11109     11109     11109
   36   2000      44859   0      44859     44859     44859     44859     44859
   37   2001      26650   0      26650     26650     26650     26650     26650
 
 SSB Index catchabilities                                                       
  
   INDEX                                 
 Absolute estimator. No fitted catchability.                                    
  
 
 
 
 Age-structured index catchabilities                                            
  
                                        FLT01: Dummy survey                     
 
 Linear model fitted. Slopes at age :                                           
  
   38   1  Q  .2837       0 .2837     .2837     .2837     .2837     .2837    
   39   2  Q  1.342       0 1.342     1.342     1.342     1.342     1.342    
   40   3  Q  1.981       0 1.981     1.981     1.981     1.981     1.981    
   41   4  Q  .8949       0 .8949     .8949     .8949     .8949     .8949    
   42   5  Q  .8619       0 .8619     .8619     .8619     .8619     .8619    
   43   6  Q  .9845       0 .9845     .9845     .9845     .9845     .9845    
   44   7  Q  1.191       0 1.191     1.191     1.191     1.191     1.191    
   45   8  Q  2.218       0 2.218     2.218     2.218     2.218     2.218    
   46   9  Q  .8608       0 .8608     .8608     .8608     .8608     .8608    
 
 
 
 RESIDUALS ABOUT THE MODEL FIT                                                  
  
 ------------------------------
 
        Separable Model Residuals
        -------------------------
------+----------------------------------------------------------------------------------------
Age   |    1992    1993    1994    1995    1996    1997    1998    1999    2000    2001    2002
------+----------------------------------------------------------------------------------------
  0   | ******* ******* ******* ******* ******* ******* ******* ******* ******* ******* *******
  1   | ******* ******* ******* ******* ******* ******* ******* ******* ******* ******* *******
  2   | ******* ******* ******* ******* ******* ******* ******* ******* ******* ******* *******
  3   | ******* ******* ******* ******* ******* ******* ******* ******* ******* ******* *******
  4   | ******* ******* ******* ******* ******* ******* ******* ******* ******* ******* *******
  5   | ******* ******* ******* ******* ******* ******* ******* ******* ******* ******* *******
  6   | ******* ******* ******* ******* ******* ******* ******* ******* ******* ******* *******
  7   | ******* ******* ******* ******* ******* ******* ******* ******* ******* ******* *******
  8   | ******* ******* ******* ******* ******* ******* ******* ******* ******* ******* *******
------+----------------------------------------------------------------------------------------
                                               
 
 
 
 SPAWNING BIOMASS INDEX RESIDUALS                                               
  
 ---------------------------------
 
          INDEX
        -------
------+------------------------------------------------------------------------------------------------------------------------
      |    1972    1973    1974    1975    1976    1977    1978    1979    1980    1981    1982    1983    1984    1985    1986
------+------------------------------------------------------------------------------------------------------------------------
  1   | ******* ******* ******* ******* ******* ******* ******* ******* ******* ******* ******* ******* ******* ******* *******
------+------------------------------------------------------------------------------------------------------------------------
                                               
 
 
          INDEX
        -------
------+------------------------------------------------------------------------------------------------------------------------
      |    1987    1988    1989    1990    1991    1992    1993    1994    1995    1996    1997    1998    1999    2000    2001
------+------------------------------------------------------------------------------------------------------------------------
  1   | ******* -0.1328 -0.1514 -0.1784 -0.2021  0.0000  0.0000  0.0000  0.0000  0.0000  0.0000  0.0000  0.0000 -0.0001 -0.0001
------+------------------------------------------------------------------------------------------------------------------------
                                               
 
 
          INDEX
        -------
------+--------
      |    2002
------+--------
  1   | -0.0001
------+--------
                                               
 
 
 
 AGE-STRUCTURED INDEX RESIDUALS                                                 
  
 -------------------------------
 
        FLT01: Dummy survey
        -------------------
------+--------------------------------
Age   |    1981    1982    1983    1984
------+--------------------------------
  1   |   0.875   1.364  -0.573  -1.665
  2   |   0.050   0.013   1.268  -1.330
  3   |  -0.815  -0.136  -0.100   1.050
  4   |  -1.704   0.097   0.773   0.834
  5   |   0.716  -1.549   0.160   0.672
  6   |   0.684   0.734  -1.482   0.064
  7   |   0.396   0.546   0.576  -1.517
  8   |   0.212   0.048  -0.066  -0.193
  9   |  -0.319   0.546   0.001  -0.191
------+--------------------------------
                                               
 
 
 
 
 
 
 PARAMETERS OF THE DISTRIBUTION OF ln(CATCHES AT AGE)                           
  
 -----------------------------------------------------
 
 Separable model fitted from 1992  to 2002                                    
 Variance                             0.0000
Skewness test stat.                   4.5780
Kurtosis test statistic              -0.0931
Partial chi-square                    0.0000
Significance in fit                   0.0000
Degrees of freedom                        62
 
 
 PARAMETERS OF DISTRIBUTIONS OF THE SSB INDICES                                 
  
 -----------------------------------------------
 
 
   DISTRIBUTION STATISTICS FOR   INDEX                                          
 
 
 Index used as absolute measure of abundance                                    
  
 Last age is a plus-group                                                       
  
 
 Variance                             0.0378
Skewness test stat.                  -3.1735
Kurtosis test statistic               0.8820
Partial chi-square                    0.0444
Significance in fit                   0.0000
Number of observations                    15
Degrees of freedom                        15
Weight in the analysis                5.0000
 
 PARAMETERS OF THE DISTRIBUTION OF THE AGE-STRUCTURED INDICES                   
  
 ------------------------------------------------------------ 
 
 
   DISTRIBUTION STATISTICS FOR FLT01: Dummy survey                              
 
 
 Linear catchability relationship assumed                                       
  
 
 Age                          1         2         3         4         5         6         7         8         9
 Variance                0.0021    0.0013    0.0007    0.0016    0.0013    0.0012    0.0011    0.0000    0.0002
Skewness test stat.     -0.1908   -0.0826    0.4175   -0.7393   -0.7957   -0.7224   -0.9262    0.1317    0.6985
Kurtosis test statisti  -0.6350   -0.4076   -0.3847   -0.3689   -0.3402   -0.3778   -0.2790   -0.5152   -0.3627
Partial chi-square       0.0006    0.0003    0.0002    0.0004    0.0003    0.0003    0.0003    0.0000    0.0000
Significance in fit      0.0000    0.0000    0.0000    0.0000    0.0000    0.0000    0.0000    0.0000    0.0000
Number of observations        4         4         4         4         4         4         4         4         4
Degrees of freedom            3         3         3         3         3         3         3         3         3
Weight in the analysis   0.0011    0.0011    0.0011    0.0011    0.0011    0.0011    0.0011    0.0011    0.0011
 
 ANALYSIS OF VARIANCE                   
--------------------------
 
 Unweighted Statistics                                                          
  
 
                                                                                
  
Variance                              
                                       SSQ     Data    Parameters d.f. Variance
Total for model                        25.4302     150         46  104   0.2445
Catches at age                          0.0000      99         37   62   0.0000
  
SSB Indices                           
  INDEX                                 0.1133      15          0   15   0.0076
  
 Aged Indices                                                                   
  
FLT01: Dummy survey                    25.3169      36          9   27   0.9377
 
 
 Weighted Statistics                                                            
  
 
                                                                                
  
Variance                              
                                       SSQ     Data    Parameters d.f. Variance
Total for model                         2.8318     150         46  104   0.0272
Catches at age                          0.0000      99         37   62   0.0000
  
SSB Indices                           
  INDEX                                 2.8318      15          0   15   0.1888
  
 Aged Indices                                                                   
  
FLT01: Dummy survey                     0.0000      36          9   27   0.0000
 
