 ICA v1_3 TUNING DIAGNOSTICS FILE
   1       1
 F         SSQ
  0.05  27.34069022      23.56439946      3.776290760    
  0.10  13.77139582      10.01776478      3.753631035    
  0.15  8.594155296      4.850911700      3.743243595    
  0.20  6.188280648      2.451059077      3.737221571    
  0.25  5.011035712      1.277698326      3.733337387    
  0.30  4.451533357     0.7208583471      3.730675010    
  0.35  4.225445200     0.4966688851      3.728776314    
  0.40  4.187597602     0.4602106426      3.727386960    
  0.45  4.258938119     0.5325862259      3.726351893    
  0.50  4.394403659     0.6688323267      3.725571332    
  0.55  4.567403669     0.8424254159      3.724978253    
  0.60  4.761823529      1.037297406      3.724526123    
  0.65  4.967695332      1.243513556      3.724181776    
  0.70  5.178770450      1.454849394      3.723921056    
  0.75  5.391111503      1.667385458      3.723726044    
  0.80  5.602229982      1.878646749      3.723583233    
  0.85  5.810573990      2.087091695      3.723482295    
  0.90  6.015207887      2.291792653      3.723415234    
  0.95  6.215587285      2.492211501      3.723375784    
  1.00  6.411446309      2.688087330      3.723358979    
