 Output Generated by ICA Version 1.4                                            
  
 ------------------------------------
 
        Mackerel NE Atlantic  WG2003
        ----------------------------
 
        Catch in Number
        ---------------
------+------------------------------------------------------------------------------------------------------------------------
AGE   |    1972    1973    1974    1975    1976    1977    1978    1979    1980    1981    1982    1983    1984    1985    1986
------+------------------------------------------------------------------------------------------------------------------------
  0   |   3331.   2895.   3382.   5393.   2638.   3975.   1742.   4609.   5812.   2195.   2580.   2693.   4261.   4452.   2336.
  1   |  17729.   8510.  11511.  10173.  12070.   9116.   9328.  10548.  11772.  12711.   7226.   7706.  12836.  13879.  12248.
  2   |  24375.  25621.  19108.  19520.  12930.  23756.  12228.  32041.  15241.  14696.  23960.  12371.  20946.  23742.  21734.
  3   |  33274.  29649.  48276.  27115.  21027.  21675.  27318.  35506.  38989.  16265.  23820.  35318.  28686.  32827.  31631.
  4   |  36821.  28980.  40031.  48757.  21089.  25721.  18294.  57578.  30959.  30407.  19475.  25964.  60026.  32562.  31802.
  5   |  42655.  22427.  27547.  28206.  26651.  18371.  15469.  27522.  35129.  17132.  26148.  15247.  31624.  48223.  22350.
  6   |  30433.  24968.  20498.  18606.  14869.  22496.  10732.  22504.  16142.  18846.  14351.  19950.  18031.  24539.  32023.
  7   |  21252.  17348.  22226.  13441.   9593.  12337.  12958.  15300.  12859.   8521.  15613.  10836.  23237.  13701.  15991.
  8   |   8913.   9637.  12384.  11614.   5511.   6384.   5678.  14926.   6956.   5413.   5669.   9459.  10170.  14135.   7135.
  9   |  22149.  13998.  16680.  15571.  11232.  11507.   8282.  16041.  14247.   9177.   9899.   9489.  17682.  17472.  16986.
------+------------------------------------------------------------------------------------------------------------------------
       x 10 ^ 3                                
 
 
        Catch in Number
        ---------------
------+------------------------------------------------------------------------------------------------------------------------
AGE   |    1987    1988    1989    1990    1991    1992    1993    1994    1995    1996    1997    1998    1999    2000    2001
------+------------------------------------------------------------------------------------------------------------------------
  0   |   1106.   2527.   3119.   2789.   1955.   1741.   4248.   3642.   5220.   4603.    636.   3077.   1120.   2072.   1923.
  1   |   7571.   3786.  10246.   6502.  13406.   5555.   6294.  11297.  14797.  16407.   9596.   2285.   7536.   3863.   6937.
  2   |  22626.  14756.   8695.  12149.  17743.  21577.  11362.   9488.  25952.  26222.  19439.  19653.   3199.  14883.   7396.
  3   |  34239.  37528.  28577.   8765.  28068.  24089.  37159.  14471.  18332.  38495.  26362.  33961.  23583.   5429.  24436.
  4   |  36402.  41389.  52424.  20875.  14700.  27401.  29830.  34079.  20096.  19371.  27972.  33685.  29914.  29549.   6563.
  5   |  26067.  31304.  40906.  26973.  24929.  10083.  23916.  19227.  33403.  14835.   9893.  25506.  21153.  26922.  25598.
  6   |  17760.  21710.  29834.  20329.  31147.  16463.   8474.  14851.  18145.  23647.   7310.   8750.  15560.  18541.  22686.
  7   |  25026.  14530.  20217.  14528.  23010.  20072.  13500.   5139.  13671.  12476.  11402.   6362.   5263.  13484.  15426.
  8   |  10018.  16419.  10863.   7829.  13243.  11829.  13183.   6525.   3796.   7498.   4780.   7967.   3060.   3665.   9007.
  9   |  15495.  16473.  25312.  13980.  20462.  17583.  18835.  15968.  16810.  11014.   6858.   7781.   7733.   7889.   7712.
------+------------------------------------------------------------------------------------------------------------------------
       x 10 ^ 3                                
 
 
        Catch in Number
        ---------------
------+--------
AGE   |    2002
------+--------
  0   |   4684.
  1   |  10043.
  2   |  20537.
  3   |  18484.
  4   |  44204.
  5   |   8445.
  6   |  31811.
  7   |  27591.
  8   |  15125.
  9   |  16735.
------+--------
       x 10 ^ 3                                
 
 
 
        Predicted Catch in Number
        -------------------------
------+----------------------------------------------------------------------------------------
AGE   |    1992    1993    1994    1995    1996    1997    1998    1999    2000    2001    2002
------+----------------------------------------------------------------------------------------
  0   |   1742.   4249.   3643.   5221.   4603.    636.   3077.   1120.   2072.   1922.   4685.
  1   |   5557.   6296.  11299.  14798.  16409.   9597.   2285.   7535.   3863.   6935.  10044.
  2   |  21581.  11365.   9490.  25951.  26222.  19441.  19654.   3199.  14879.   7394.  20542.
  3   |  24096.  37164.  14473.  18333.  38492.  26363.  33965.  23583.   5429.  24425.  18488.
  4   |  27406.  29835.  34081.  20097.  19371.  27971.  33686.  29917.  29547.   6562.  44205.
  5   |  10083.  23918.  19229.  33399.  14835.   9893.  25505.  21154.  26923.  25590.   8447.
  6   |  16461.   8474.  14851.  18144.  23643.   7310.   8750.  15559.  18540.  22681.  31817.
  7   |  20064.  13497.   5138.  13669.  12475.  11401.   6363.   5264.  13482.  15422.  27601.
  8   |  11828.  13179.   6524.   3796.   7498.   4781.   7967.   3060.   3665.   9005.  15131.
------+----------------------------------------------------------------------------------------
       x 10 ^ 3                                
 
 
 
        Weights at age in the catches (Kg)
        ----------------------------------
------+------------------------------------------------------------------------------------------------------------------------
AGE   |    1972    1973    1974    1975    1976    1977    1978    1979    1980    1981    1982    1983    1984    1985    1986
------+------------------------------------------------------------------------------------------------------------------------
  0   | 0.05200 0.05000 0.05100 0.05000 0.05900 0.05600 0.03600 0.01600 0.05700 0.06000 0.05300 0.05000 0.03100 0.05500 0.03900
  1   | 0.13500 0.14500 0.13600 0.14800 0.13700 0.13600 0.13500 0.13700 0.13100 0.13200 0.13100 0.16800 0.10200 0.14400 0.14600
  2   | 0.27700 0.19400 0.22900 0.17700 0.20700 0.16900 0.16100 0.16100 0.24900 0.24800 0.24900 0.21900 0.18400 0.26200 0.24500
  3   | 0.34100 0.28500 0.26100 0.25900 0.26300 0.27500 0.25000 0.24300 0.28500 0.28700 0.28500 0.27600 0.29500 0.35700 0.33500
  4   | 0.42300 0.36800 0.33400 0.32300 0.32000 0.33300 0.32500 0.31800 0.34500 0.34400 0.34500 0.31000 0.32600 0.41800 0.42300
  5   | 0.46800 0.44800 0.39200 0.34800 0.34600 0.35200 0.34500 0.34800 0.37800 0.37700 0.37800 0.38600 0.34400 0.41700 0.47100
  6   | 0.46800 0.46800 0.48100 0.43000 0.40600 0.40700 0.40300 0.40100 0.45400 0.45400 0.45400 0.42500 0.43100 0.43600 0.44400
  7   | 0.50800 0.50800 0.50800 0.48800 0.44300 0.44600 0.42100 0.41600 0.49800 0.49900 0.49600 0.43500 0.54200 0.52100 0.45700
  8   | 0.53900 0.53900 0.53900 0.53900 0.51800 0.54600 0.51800 0.50600 0.52000 0.51300 0.51300 0.49800 0.48000 0.55500 0.54300
  9   | 0.60198 0.60677 0.60112 0.60042 0.59719 0.59144 0.57291 0.54332 0.56007 0.56418 0.56189 0.58366 0.60005 0.61926 0.61257
------+------------------------------------------------------------------------------------------------------------------------
                                               
 
 
        Weights at age in the catches (Kg)
        ----------------------------------
------+------------------------------------------------------------------------------------------------------------------------
AGE   |    1987    1988    1989    1990    1991    1992    1993    1994    1995    1996    1997    1998    1999    2000    2001
------+------------------------------------------------------------------------------------------------------------------------
  0   | 0.07600 0.05500 0.04900 0.08500 0.06800 0.05100 0.06100 0.04600 0.07200 0.05800 0.07600 0.06500 0.06200 0.06300 0.06900
  1   | 0.17900 0.13300 0.13600 0.15600 0.15600 0.16700 0.13400 0.13600 0.14300 0.14300 0.14300 0.15700 0.17600 0.13500 0.17100
  2   | 0.22300 0.25900 0.23700 0.23300 0.25300 0.23900 0.24000 0.25500 0.23400 0.22600 0.23000 0.22700 0.23600 0.22900 0.22300
  3   | 0.31800 0.32300 0.32000 0.33600 0.32700 0.33300 0.31700 0.33900 0.33300 0.31300 0.29500 0.31000 0.30700 0.30800 0.30700
  4   | 0.39900 0.38800 0.37700 0.37900 0.39400 0.39700 0.37600 0.39000 0.39000 0.37700 0.35900 0.35400 0.36100 0.36700 0.37800
  5   | 0.47400 0.45600 0.43300 0.42300 0.42300 0.46000 0.43600 0.44800 0.45200 0.42500 0.41500 0.40800 0.40600 0.42900 0.42600
  6   | 0.51200 0.52400 0.45600 0.46700 0.46900 0.49500 0.48300 0.51200 0.50100 0.48400 0.45300 0.45200 0.45400 0.46700 0.47700
  7   | 0.49300 0.55500 0.54300 0.52800 0.50600 0.53200 0.52700 0.54300 0.53900 0.51800 0.48100 0.46200 0.50100 0.50400 0.49900
  8   | 0.49800 0.55500 0.59200 0.55200 0.55400 0.55500 0.54800 0.59000 0.57700 0.55100 0.52400 0.51800 0.53700 0.53700 0.54300
  9   | 0.63071 0.60302 0.60699 0.61258 0.63666 0.63312 0.60651 0.62578 0.61661 0.60866 0.58092 0.57147 0.58585 0.59174 0.60757
------+------------------------------------------------------------------------------------------------------------------------
                                               
 
 
        Weights at age in the catches (Kg)
        ----------------------------------
------+--------
AGE   |    2002
------+--------
  0   | 0.05200
  1   | 0.15900
  2   | 0.25500
  3   | 0.30700
  4   | 0.36900
  5   | 0.42600
  6   | 0.46400
  7   | 0.51400
  8   | 0.53900
  9   | 0.60451
------+--------
                                               
 
 
 
        Weights at age in the stock (Kg)
        --------------------------------
------+------------------------------------------------------------------------------------------------------------------------
AGE   |    1972    1973    1974    1975    1976    1977    1978    1979    1980    1981    1982    1983    1984    1985    1986
------+------------------------------------------------------------------------------------------------------------------------
  0   | 0.00800 0.00800 0.00800 0.00800 0.00800 0.00800 0.00800 0.00800 0.00800 0.00800 0.00800 0.00800 0.00000 0.00000 0.00000
  1   | 0.13200 0.13200 0.13000 0.12900 0.12800 0.12700 0.11100 0.11000 0.10900 0.08700 0.08600 0.08600 0.08100 0.08500 0.07700
  2   | 0.17800 0.17700 0.17300 0.17100 0.17000 0.16700 0.17500 0.17400 0.17300 0.18600 0.13500 0.17200 0.19400 0.16500 0.17900
  3   | 0.24300 0.24200 0.23800 0.23600 0.23600 0.23300 0.23800 0.23700 0.23600 0.25200 0.22100 0.23500 0.25300 0.29300 0.26700
  4   | 0.41100 0.30100 0.29600 0.29400 0.29300 0.28900 0.30000 0.29900 0.29700 0.31300 0.28000 0.28000 0.29500 0.30600 0.30400
  5   | 0.35500 0.43800 0.32200 0.31800 0.31800 0.31300 0.34600 0.34500 0.34300 0.32300 0.38500 0.33900 0.32400 0.34100 0.35600
  6   | 0.39800 0.39800 0.46900 0.36500 0.36500 0.36100 0.38200 0.38000 0.37900 0.37800 0.35300 0.37700 0.39300 0.38400 0.35100
  7   | 0.43300 0.43300 0.43300 0.49700 0.41900 0.41600 0.41000 0.40800 0.40700 0.41900 0.40800 0.40400 0.43600 0.43000 0.41600
  8   | 0.45900 0.45900 0.45900 0.45900 0.51200 0.44600 0.43200 0.43000 0.42900 0.43400 0.43700 0.43900 0.44100 0.45900 0.47300
  9   | 0.51643 0.52084 0.51580 0.51434 0.51175 0.53337 0.50506 0.49204 0.47630 0.46816 0.48427 0.51354 0.49875 0.53153 0.47150
------+------------------------------------------------------------------------------------------------------------------------
                                               
 
 
        Weights at age in the stock (Kg)
        --------------------------------
------+------------------------------------------------------------------------------------------------------------------------
AGE   |    1987    1988    1989    1990    1991    1992    1993    1994    1995    1996    1997    1998    1999    2000    2001
------+------------------------------------------------------------------------------------------------------------------------
  0   | 0.00000 0.00000 0.00000 0.00000 0.00000 0.00000 0.00000 0.00000 0.00000 0.00000 0.00000 0.00000 0.00000 0.00000 0.00000
  1   | 0.07800 0.07200 0.07600 0.07400 0.07500 0.07800 0.07800 0.07900 0.08100 0.07600 0.07600 0.07700 0.08100 0.07400 0.07800
  2   | 0.14800 0.15600 0.17700 0.13800 0.15500 0.21200 0.19700 0.17800 0.16400 0.13300 0.18600 0.14900 0.19400 0.18500 0.16400
  3   | 0.24000 0.23700 0.24400 0.22200 0.23000 0.25900 0.26800 0.23700 0.26700 0.25100 0.22800 0.22300 0.24200 0.23500 0.24100
  4   | 0.28600 0.30100 0.30600 0.28700 0.30700 0.31000 0.31500 0.30100 0.32600 0.31700 0.29600 0.28500 0.30100 0.28900 0.34200
  5   | 0.37400 0.32900 0.35200 0.33900 0.35700 0.36200 0.36000 0.36100 0.39800 0.36600 0.36100 0.34200 0.35300 0.35000 0.39000
  6   | 0.38600 0.42300 0.38000 0.37300 0.40900 0.40200 0.41600 0.41300 0.44800 0.44400 0.40200 0.40000 0.39600 0.39000 0.44600
  7   | 0.41100 0.44500 0.42900 0.41400 0.43200 0.42400 0.45400 0.46600 0.49100 0.46200 0.44500 0.42600 0.42300 0.42600 0.45900
  8   | 0.42900 0.43200 0.47400 0.40900 0.50200 0.46200 0.46500 0.47000 0.50800 0.50100 0.47800 0.46600 0.44000 0.44700 0.49900
  9   | 0.49679 0.52140 0.48255 0.49152 0.55987 0.52258 0.51765 0.53455 0.56368 0.59470 0.53772 0.52870 0.48892 0.50357 0.56919
------+------------------------------------------------------------------------------------------------------------------------
                                               
 
 
        Weights at age in the stock (Kg)
        --------------------------------
------+--------
AGE   |    2002
------+--------
  0   | 0.00000
  1   | 0.07800
  2   | 0.18100
  3   | 0.23900
  4   | 0.31100
  5   | 0.36400
  6   | 0.41100
  7   | 0.43600
  8   | 0.46200
  9   | 0.51686
------+--------
                                               
 
 
 
        Natural Mortality (per year)
        ----------------------------
------+------------------------------------------------------------------------------------------------------------------------
AGE   |    1972    1973    1974    1975    1976    1977    1978    1979    1980    1981    1982    1983    1984    1985    1986
------+------------------------------------------------------------------------------------------------------------------------
  0   | 0.15000 0.15000 0.15000 0.15000 0.15000 0.15000 0.15000 0.15000 0.15000 0.15000 0.15000 0.15000 0.15000 0.15000 0.15000
  1   | 0.15000 0.15000 0.15000 0.15000 0.15000 0.15000 0.15000 0.15000 0.15000 0.15000 0.15000 0.15000 0.15000 0.15000 0.15000
  2   | 0.15000 0.15000 0.15000 0.15000 0.15000 0.15000 0.15000 0.15000 0.15000 0.15000 0.15000 0.15000 0.15000 0.15000 0.15000
  3   | 0.15000 0.15000 0.15000 0.15000 0.15000 0.15000 0.15000 0.15000 0.15000 0.15000 0.15000 0.15000 0.15000 0.15000 0.15000
  4   | 0.15000 0.15000 0.15000 0.15000 0.15000 0.15000 0.15000 0.15000 0.15000 0.15000 0.15000 0.15000 0.15000 0.15000 0.15000
  5   | 0.15000 0.15000 0.15000 0.15000 0.15000 0.15000 0.15000 0.15000 0.15000 0.15000 0.15000 0.15000 0.15000 0.15000 0.15000
  6   | 0.15000 0.15000 0.15000 0.15000 0.15000 0.15000 0.15000 0.15000 0.15000 0.15000 0.15000 0.15000 0.15000 0.15000 0.15000
  7   | 0.15000 0.15000 0.15000 0.15000 0.15000 0.15000 0.15000 0.15000 0.15000 0.15000 0.15000 0.15000 0.15000 0.15000 0.15000
  8   | 0.15000 0.15000 0.15000 0.15000 0.15000 0.15000 0.15000 0.15000 0.15000 0.15000 0.15000 0.15000 0.15000 0.15000 0.15000
  9   | 0.15000 0.15000 0.15000 0.15000 0.15000 0.15000 0.15000 0.15000 0.15000 0.15000 0.15000 0.15000 0.15000 0.15000 0.15000
------+------------------------------------------------------------------------------------------------------------------------
                                               
 
 
        Natural Mortality (per year)
        ----------------------------
------+------------------------------------------------------------------------------------------------------------------------
AGE   |    1987    1988    1989    1990    1991    1992    1993    1994    1995    1996    1997    1998    1999    2000    2001
------+------------------------------------------------------------------------------------------------------------------------
  0   | 0.15000 0.15000 0.15000 0.15000 0.15000 0.15000 0.15000 0.15000 0.15000 0.15000 0.15000 0.15000 0.15000 0.15000 0.15000
  1   | 0.15000 0.15000 0.15000 0.15000 0.15000 0.15000 0.15000 0.15000 0.15000 0.15000 0.15000 0.15000 0.15000 0.15000 0.15000
  2   | 0.15000 0.15000 0.15000 0.15000 0.15000 0.15000 0.15000 0.15000 0.15000 0.15000 0.15000 0.15000 0.15000 0.15000 0.15000
  3   | 0.15000 0.15000 0.15000 0.15000 0.15000 0.15000 0.15000 0.15000 0.15000 0.15000 0.15000 0.15000 0.15000 0.15000 0.15000
  4   | 0.15000 0.15000 0.15000 0.15000 0.15000 0.15000 0.15000 0.15000 0.15000 0.15000 0.15000 0.15000 0.15000 0.15000 0.15000
  5   | 0.15000 0.15000 0.15000 0.15000 0.15000 0.15000 0.15000 0.15000 0.15000 0.15000 0.15000 0.15000 0.15000 0.15000 0.15000
  6   | 0.15000 0.15000 0.15000 0.15000 0.15000 0.15000 0.15000 0.15000 0.15000 0.15000 0.15000 0.15000 0.15000 0.15000 0.15000
  7   | 0.15000 0.15000 0.15000 0.15000 0.15000 0.15000 0.15000 0.15000 0.15000 0.15000 0.15000 0.15000 0.15000 0.15000 0.15000
  8   | 0.15000 0.15000 0.15000 0.15000 0.15000 0.15000 0.15000 0.15000 0.15000 0.15000 0.15000 0.15000 0.15000 0.15000 0.15000
  9   | 0.15000 0.15000 0.15000 0.15000 0.15000 0.15000 0.15000 0.15000 0.15000 0.15000 0.15000 0.15000 0.15000 0.15000 0.15000
------+------------------------------------------------------------------------------------------------------------------------
                                               
 
 
        Natural Mortality (per year)
        ----------------------------
------+--------
AGE   |    2002
------+--------
  0   | 0.15000
  1   | 0.15000
  2   | 0.15000
  3   | 0.15000
  4   | 0.15000
  5   | 0.15000
  6   | 0.15000
  7   | 0.15000
  8   | 0.15000
  9   | 0.15000
------+--------
                                               
 
 
 
        Proportion of fish spawning
        ---------------------------
------+------------------------------------------------------------------------------------------------------------------------
AGE   |    1972    1973    1974    1975    1976    1977    1978    1979    1980    1981    1982    1983    1984    1985    1986
------+------------------------------------------------------------------------------------------------------------------------
  0   |  0.0000  0.0000  0.0000  0.0000  0.0000  0.0000  0.0000  0.0000  0.0000  0.0000  0.0000  0.0000  0.0000  0.0000  0.0000
  1   |  0.0500  0.0500  0.0500  0.0600  0.0600  0.0600  0.0600  0.0600  0.0600  0.0700  0.0700  0.0700  0.0700  0.0700  0.0700
  2   |  0.5300  0.5400  0.5400  0.5500  0.5500  0.5500  0.5600  0.5600  0.5700  0.5700  0.5700  0.5800  0.5800  0.5800  0.5800
  3   |  0.9000  0.9000  0.9000  0.8900  0.8900  0.8900  0.8900  0.8900  0.8900  0.8800  0.8800  0.8800  0.8800  0.8800  0.8800
  4   |  0.9800  0.9800  0.9800  0.9800  0.9800  0.9800  0.9800  0.9800  0.9800  0.9800  0.9800  0.9800  0.9700  0.9700  0.9700
  5   |  0.9800  0.9800  0.9800  0.9800  0.9800  0.9800  0.9800  0.9800  0.9800  0.9800  0.9800  0.9800  0.9700  0.9700  0.9700
  6   |  0.9900  0.9900  0.9900  0.9900  0.9900  0.9900  0.9900  0.9900  0.9900  0.9900  0.9900  0.9900  0.9900  0.9900  0.9900
  7   |  1.0000  1.0000  1.0000  1.0000  1.0000  1.0000  1.0000  1.0000  1.0000  1.0000  1.0000  1.0000  1.0000  1.0000  1.0000
  8   |  1.0000  1.0000  1.0000  1.0000  1.0000  1.0000  1.0000  1.0000  1.0000  1.0000  1.0000  1.0000  1.0000  1.0000  1.0000
  9   |  1.0000  1.0000  1.0000  1.0000  1.0000  1.0000  1.0000  1.0000  1.0000  1.0000  1.0000  1.0000  1.0000  1.0000  1.0000
------+------------------------------------------------------------------------------------------------------------------------
                                               
 
 
        Proportion of fish spawning
        ---------------------------
------+------------------------------------------------------------------------------------------------------------------------
AGE   |    1987    1988    1989    1990    1991    1992    1993    1994    1995    1996    1997    1998    1999    2000    2001
------+------------------------------------------------------------------------------------------------------------------------
  0   |  0.0000  0.0000  0.0000  0.0000  0.0000  0.0000  0.0000  0.0000  0.0000  0.0000  0.0000  0.0000  0.0000  0.0000  0.0000
  1   |  0.0700  0.0700  0.0700  0.0700  0.0700  0.0700  0.0700  0.0700  0.0700  0.0700  0.0700  0.0700  0.0700  0.0700  0.0700
  2   |  0.5800  0.5800  0.5800  0.5800  0.5800  0.5800  0.5800  0.5800  0.5800  0.5800  0.5800  0.5800  0.5800  0.5800  0.5900
  3   |  0.8800  0.8800  0.8800  0.8800  0.8800  0.8800  0.8800  0.8800  0.8800  0.8800  0.8800  0.8600  0.8600  0.8600  0.8800
  4   |  0.9700  0.9700  0.9700  0.9700  0.9700  0.9700  0.9700  0.9700  0.9700  0.9700  0.9700  0.9800  0.9800  0.9800  0.9700
  5   |  0.9700  0.9700  0.9700  0.9700  0.9700  0.9700  0.9700  0.9700  0.9700  0.9700  0.9700  0.9800  0.9800  0.9800  0.9700
  6   |  0.9900  0.9900  0.9900  0.9900  0.9900  0.9900  0.9900  0.9900  0.9900  0.9900  0.9900  0.9900  0.9900  0.9900  0.9900
  7   |  1.0000  1.0000  1.0000  1.0000  1.0000  1.0000  1.0000  1.0000  1.0000  1.0000  1.0000  1.0000  1.0000  1.0000  1.0000
  8   |  1.0000  1.0000  1.0000  1.0000  1.0000  1.0000  1.0000  1.0000  1.0000  1.0000  1.0000  1.0000  1.0000  1.0000  1.0000
  9   |  1.0000  1.0000  1.0000  1.0000  1.0000  1.0000  1.0000  1.0000  1.0000  1.0000  1.0000  1.0000  1.0000  1.0000  1.0000
------+------------------------------------------------------------------------------------------------------------------------
                                               
 
 
        Proportion of fish spawning
        ---------------------------
------+--------
AGE   |    2002
------+--------
  0   |  0.0000
  1   |  0.0700
  2   |  0.5900
  3   |  0.8800
  4   |  0.9700
  5   |  0.9700
  6   |  0.9900
  7   |  1.0000
  8   |  1.0000
  9   |  1.0000
------+--------
                                               
 
 
 
 INDICES OF SPAWNING BIOMASS                                                    
  
 ----------------------------
 
          INDEX
        -------
------+------------------------------------------------------------------------------------------------------------------------
      |    1972    1973    1974    1975    1976    1977    1978    1979    1980    1981    1982    1983    1984    1985    1986
------+------------------------------------------------------------------------------------------------------------------------
  1   | ******* ******* ******* ******* ******* ******* ******* ******* ******* ******* ******* ******* ******* ******* *******
------+------------------------------------------------------------------------------------------------------------------------
       x 10 ^ 3                                
 
 
          INDEX
        -------
------+------------------------------------------------------------------------------------------------------------------------
      |    1987    1988    1989    1990    1991    1992    1993    1994    1995    1996    1997    1998    1999    2000    2001
------+------------------------------------------------------------------------------------------------------------------------
  1   | *******  323.15  287.89  238.67  242.13  240.96  225.56  199.31  208.33  203.97  224.38  236.41  249.42  249.94  262.39
------+------------------------------------------------------------------------------------------------------------------------
       x 10 ^ 3                                
 
 
          INDEX
        -------
------+--------
      |    2002
------+--------
  1   |  235.25
------+--------
       x 10 ^ 3                                
 
 
 
 AGE-STRUCTURED INDICES                                                         
  
 -----------------------
 
        FLT01: Dummy survey
        -------------------
------+--------------------------------
AGE   |    1981    1982    1983    1984
------+--------------------------------
  1   |  266.10  203.00   43.60   15.24
  2   |  506.40  435.90  712.70   79.51
  3   |  225.10  483.60  444.60  661.83
  4   |   31.70  184.10  391.60  374.60
  5   |  174.80   24.70  130.40  238.20
  6   |  158.50  136.60   20.20   92.00
  7   |   99.50  108.60   91.30   15.54
  8   |  116.60   84.50   70.90   51.47
  9   |   35.30   87.00   47.10   39.27
------+--------------------------------
       x 10 ^ 3                                
 
 
 
        Fishing Mortality (per year)
        ----------------------------
------+------------------------------------------------------------------------------------------------------------------------
AGE   |    1972    1973    1974    1975    1976    1977    1978    1979    1980    1981    1982    1983    1984    1985    1986
------+------------------------------------------------------------------------------------------------------------------------
  0   | 0.01042 0.00835 0.01043 0.00986 0.00690 0.00744 0.00544 0.01033 0.00827 0.00563 0.00577 0.00536 0.00798 0.00814 0.00699
  1   | 0.03945 0.03159 0.03948 0.03733 0.02611 0.02818 0.02058 0.03910 0.03130 0.02132 0.02184 0.02028 0.03021 0.03079 0.02646
  2   | 0.08732 0.06992 0.08738 0.08261 0.05778 0.06236 0.04555 0.08655 0.06927 0.04719 0.04833 0.04489 0.06686 0.06814 0.05855
  3   | 0.17226 0.13795 0.17239 0.16299 0.11400 0.12303 0.08986 0.17075 0.13666 0.09311 0.09536 0.08857 0.13190 0.13444 0.11551
  4   | 0.26335 0.21090 0.26354 0.24917 0.17428 0.18809 0.13738 0.26104 0.20892 0.14234 0.14578 0.13541 0.20165 0.20552 0.17659
  5   | 0.29954 0.23987 0.29975 0.28341 0.19823 0.21393 0.15625 0.29690 0.23762 0.16189 0.16580 0.15401 0.22936 0.23376 0.20085
  6   | 0.33875 0.27127 0.33899 0.32051 0.22417 0.24194 0.17671 0.33577 0.26872 0.18309 0.18751 0.17417 0.25938 0.26436 0.22714
  7   | 0.38808 0.31077 0.38836 0.36718 0.25682 0.27717 0.20244 0.38467 0.30786 0.20975 0.21481 0.19953 0.29715 0.30286 0.26022
  8   | 0.35944 0.28784 0.35970 0.34009 0.23787 0.25672 0.18750 0.35628 0.28514 0.19427 0.19896 0.18481 0.27522 0.28051 0.24102
  9   | 0.35944 0.28784 0.35970 0.34009 0.23787 0.25672 0.18750 0.35628 0.28514 0.19427 0.19896 0.18481 0.27522 0.28051 0.24102
------+------------------------------------------------------------------------------------------------------------------------
                                               
 
 
        Fishing Mortality (per year)
        ----------------------------
------+------------------------------------------------------------------------------------------------------------------------
AGE   |    1987    1988    1989    1990    1991    1992    1993    1994    1995    1996    1997    1998    1999    2000    2001
------+------------------------------------------------------------------------------------------------------------------------
  0   | 0.00707 0.00756 0.00962 0.00626 0.00942 0.00839 0.00952 0.00792 0.01011 0.00999 0.00650 0.00729 0.00556 0.00597 0.00622
  1   | 0.02676 0.02862 0.03640 0.02368 0.03567 0.03177 0.03603 0.02999 0.03826 0.03779 0.02461 0.02760 0.02104 0.02259 0.02354
  2   | 0.05923 0.06335 0.08057 0.05241 0.07895 0.07031 0.07975 0.06638 0.08467 0.08364 0.05446 0.06108 0.04656 0.04999 0.05211
  3   | 0.11685 0.12499 0.15897 0.10340 0.15576 0.13871 0.15733 0.13096 0.16705 0.16502 0.10745 0.12049 0.09186 0.09862 0.10280
  4   | 0.17863 0.19106 0.24305 0.15810 0.23815 0.21205 0.24051 0.20020 0.25538 0.25227 0.16426 0.18420 0.14043 0.15076 0.15716
  5   | 0.20318 0.21731 0.27640 0.17984 0.27091 0.24118 0.27355 0.22770 0.29046 0.28692 0.18682 0.20951 0.15972 0.17147 0.17874
  6   | 0.22977 0.24575 0.31258 0.20335 0.30642 0.27273 0.30934 0.25749 0.32846 0.32446 0.21126 0.23692 0.18062 0.19391 0.20213
  7   | 0.26324 0.28155 0.35810 0.23295 0.35097 0.31244 0.35438 0.29498 0.37628 0.37170 0.24202 0.27141 0.20692 0.22214 0.23156
  8   | 0.24382 0.26077 0.33168 0.21576 0.32505 0.28941 0.32826 0.27324 0.34855 0.34431 0.22418 0.25141 0.19166 0.20577 0.21449
  9   | 0.24382 0.26077 0.33168 0.21576 0.32505 0.28941 0.32826 0.27324 0.34855 0.34431 0.22418 0.25141 0.19166 0.20577 0.21449
------+------------------------------------------------------------------------------------------------------------------------
                                               
 
 
        Fishing Mortality (per year)
        ----------------------------
------+--------
AGE   |    2002
------+--------
  0   | 0.01020
  1   | 0.03862
  2   | 0.08547
  3   | 0.16862
  4   | 0.25777
  5   | 0.29318
  6   | 0.33154
  7   | 0.37981
  8   | 0.35182
  9   | 0.35182
------+--------
                                               
 
 
 
        Population Abundance (1 January)
        --------------------------------
------+------------------------------------------------------------------------------------------------------------------------
AGE   |    1972    1973    1974    1975    1976    1977    1978    1979    1980    1981    1982    1983    1984    1985    1986
------+------------------------------------------------------------------------------------------------------------------------
  0   |  345.84  374.98  350.87  591.64  413.21  577.12  345.83  482.83  759.89  420.78  482.83  542.45  577.10  591.56  361.14
  1   |  493.33  294.58  320.07  298.86  504.23  353.21  493.05  296.05  411.30  648.66  360.14  413.18  464.39  492.77  505.03
  2   |  313.60  408.19  245.66  264.82  247.81  422.81  295.57  415.73  245.04  343.10  546.53  303.28  348.49  387.81  411.27
  3   |  225.95  247.35  327.60  193.75  209.86  201.32  341.92  243.07  328.15  196.79  281.70  448.21  249.57  280.55  311.81
  4   |  170.70  163.70  185.46  237.32  141.68  161.17  153.22  269.00  176.37  246.37  154.32  220.41  353.07  188.26  211.10
  5   |  176.80  112.91  114.11  122.65  159.21  102.44  114.93  114.95  178.34  123.18  183.92  114.81  165.68  248.40  131.94
  6   |  113.58  112.79   76.45   72.78   79.51  112.39   71.19   84.61   73.52  121.03   90.18  134.11   84.71  113.38  169.23
  7   |   70.81   69.67   74.01   46.88   45.46   54.69   75.95   51.35   52.06   48.37   86.74   64.35   96.98   56.25   74.92
  8   |   31.65   41.34   43.95   43.20   27.95   30.27   35.68   53.39   30.08   32.93   33.75   60.23   45.37   62.01   35.77
  9   |   78.64   60.05   59.19   57.92   56.97   54.55   52.04   57.38   61.62   55.84   58.94   60.42   78.87   76.65   85.15
------+------------------------------------------------------------------------------------------------------------------------
       x 10 ^ 6                                
 
 
        Population Abundance (1 January)
        --------------------------------
------+------------------------------------------------------------------------------------------------------------------------
AGE   |    1987    1988    1989    1990    1991    1992    1993    1994    1995    1996    1997    1998    1999    2000    2001
------+------------------------------------------------------------------------------------------------------------------------
  0   |  169.04  361.19  350.91  481.42  224.37  224.37  482.85  496.96  558.94  498.79  105.71  456.05  217.58  375.03  333.65
  1   |  308.67  144.47  308.54  299.14  411.78  191.31  191.50  411.66  424.36  476.25  425.04   90.39  389.68  186.23  320.87
  2   |  423.34  258.66  120.84  256.07  251.45  342.00  159.51  158.99  343.85  351.54  394.71  356.95   75.69  328.42  156.71
  3   |  333.85  343.41  208.96   95.96  209.15  200.00  274.38  126.77  128.06  271.92  278.30  321.72  289.02   62.18  268.89
  4   |  239.10  255.66  260.85  153.42   74.48  154.05  149.84  201.78   95.72   93.26  198.44  215.13  245.47  226.93   48.49
  5   |  152.28  172.13  181.78  176.07  112.74   50.52  107.26  101.40  142.16   63.82   62.38  144.93  154.01  183.60  167.99
  6   |   92.90  106.97  119.22  118.68  126.60   74.01   34.16   70.22   69.50   91.52   41.23   44.54  101.16  112.99  133.12
  7   |  116.06   63.54   72.01   75.07   83.35   80.21   48.49   21.58   46.72   43.07   56.94   28.73   30.25   72.68   80.11
  8   |   49.71   76.78   41.27   43.32   51.18   50.51   50.51   29.29   13.83   27.60   25.56   38.48   18.85   21.17   50.10
  9   |   76.89   77.03   96.16   77.37   79.08   75.08   72.19   71.68   61.24   40.54   36.67   37.58   47.63   45.56   42.90
------+------------------------------------------------------------------------------------------------------------------------
       x 10 ^ 6                                
 
 
        Population Abundance (1 January)
        --------------------------------
------+----------------
AGE   |    2002    2003
------+----------------
  0   |  496.86  280.73
  1   |  285.39  423.31
  2   |  269.75  236.33
  3   |  128.04  213.16
  4   |  208.82   93.10
  5   |   35.67  138.90
  6   |  120.92   22.90
  7   |   93.61   74.71
  8   |   54.70   55.11
  9   |   60.50   69.74
------+----------------
       x 10 ^ 6                                
 
 
 
        Weighting factors for the catches in number
        -------------------------------------------
------+----------------------------------------------------------------------------------------
AGE   |    1992    1993    1994    1995    1996    1997    1998    1999    2000    2001    2002
------+----------------------------------------------------------------------------------------
  0   |  0.0200  0.0200  0.0200  0.0200  0.0200  0.0200  0.0200  0.0200  0.0200  0.0200  0.0200
  1   |  1.0000  1.0000  1.0000  1.0000  1.0000  1.0000  1.0000  1.0000  1.0000  1.0000  1.0000
  2   |  1.0000  1.0000  1.0000  1.0000  1.0000  1.0000  1.0000  1.0000  1.0000  1.0000  1.0000
  3   |  1.0000  1.0000  1.0000  1.0000  1.0000  1.0000  1.0000  1.0000  1.0000  1.0000  1.0000
  4   |  1.0000  1.0000  1.0000  1.0000  1.0000  1.0000  1.0000  1.0000  1.0000  1.0000  1.0000
  5   |  1.0000  1.0000  1.0000  1.0000  1.0000  1.0000  1.0000  1.0000  1.0000  1.0000  1.0000
  6   |  1.0000  1.0000  1.0000  1.0000  1.0000  1.0000  1.0000  1.0000  1.0000  1.0000  1.0000
  7   |  1.0000  1.0000  1.0000  1.0000  1.0000  1.0000  1.0000  1.0000  1.0000  1.0000  1.0000
  8   |  1.0000  1.0000  1.0000  1.0000  1.0000  1.0000  1.0000  1.0000  1.0000  1.0000  1.0000
------+----------------------------------------------------------------------------------------
                                               
 
 
 
 Predicted SSB Index Values                                                     
  
 ---------------------------
 
          INDEX
        -------
------+------------------------------------------------------------------------------------------------------------------------
      |    1972    1973    1974    1975    1976    1977    1978    1979    1980    1981    1982    1983    1984    1985    1986
------+------------------------------------------------------------------------------------------------------------------------
  1   | ******* ******* ******* ******* ******* ******* ******* ******* ******* ******* ******* ******* ******* ******* *******
------+------------------------------------------------------------------------------------------------------------------------
       x 10 ^ 3                                
 
 
          INDEX
        -------
------+------------------------------------------------------------------------------------------------------------------------
      |    1987    1988    1989    1990    1991    1992    1993    1994    1995    1996    1997    1998    1999    2000    2001
------+------------------------------------------------------------------------------------------------------------------------
  1   | *******  323.13  287.87  238.66  242.11  240.96  225.56  199.32  208.35  204.00  224.42  236.45  249.47  249.98  262.44
------+------------------------------------------------------------------------------------------------------------------------
       x 10 ^ 3                                
 
 
          INDEX
        -------
------+--------
      |    2002
------+--------
  1   |  235.29
------+--------
       x 10 ^ 3                                
 
 
 
 Predicted Age-Structured Index Values                                          
  
 --------------------------------------
 
        FLT01: Dummy survey Predicted
        -----------------------------
------+--------------------------------
AGE   |    1981    1982    1983    1984
------+--------------------------------
  1   |  109.24   60.63   69.62   77.83
  2   |  306.59  488.05  271.34  308.05
  3   |  298.16  426.28  680.78  370.15
  4   |  182.08  113.84  163.52  252.57
  5   |   92.81  138.27   86.88  120.28
  6   |   92.25   68.57  102.73   61.92
  7   |   42.79   76.53   57.25   81.77
  8   |   61.73   63.11  113.48   81.33
  9   |   43.45   45.74   47.26   58.70
------+--------------------------------
       x 10 ^ 3                                
 
 
 
        Fitted Selection Pattern
        ------------------------
------+------------------------------------------------------------------------------------------------------------------------
AGE   |    1972    1973    1974    1975    1976    1977    1978    1979    1980    1981    1982    1983    1984    1985    1986
------+------------------------------------------------------------------------------------------------------------------------
  0   |  0.0348  0.0348  0.0348  0.0348  0.0348  0.0348  0.0348  0.0348  0.0348  0.0348  0.0348  0.0348  0.0348  0.0348  0.0348
  1   |  0.1317  0.1317  0.1317  0.1317  0.1317  0.1317  0.1317  0.1317  0.1317  0.1317  0.1317  0.1317  0.1317  0.1317  0.1317
  2   |  0.2915  0.2915  0.2915  0.2915  0.2915  0.2915  0.2915  0.2915  0.2915  0.2915  0.2915  0.2915  0.2915  0.2915  0.2915
  3   |  0.5751  0.5751  0.5751  0.5751  0.5751  0.5751  0.5751  0.5751  0.5751  0.5751  0.5751  0.5751  0.5751  0.5751  0.5751
  4   |  0.8792  0.8792  0.8792  0.8792  0.8792  0.8792  0.8792  0.8792  0.8792  0.8792  0.8792  0.8792  0.8792  0.8792  0.8792
  5   |  1.0000  1.0000  1.0000  1.0000  1.0000  1.0000  1.0000  1.0000  1.0000  1.0000  1.0000  1.0000  1.0000  1.0000  1.0000
  6   |  1.1309  1.1309  1.1309  1.1309  1.1309  1.1309  1.1309  1.1309  1.1309  1.1309  1.1309  1.1309  1.1309  1.1309  1.1309
  7   |  1.2956  1.2956  1.2956  1.2956  1.2956  1.2956  1.2956  1.2956  1.2956  1.2956  1.2956  1.2956  1.2956  1.2956  1.2956
  8   |  1.2000  1.2000  1.2000  1.2000  1.2000  1.2000  1.2000  1.2000  1.2000  1.2000  1.2000  1.2000  1.2000  1.2000  1.2000
  9   |  1.2000  1.2000  1.2000  1.2000  1.2000  1.2000  1.2000  1.2000  1.2000  1.2000  1.2000  1.2000  1.2000  1.2000  1.2000
------+------------------------------------------------------------------------------------------------------------------------
                                               
 
 
        Fitted Selection Pattern
        ------------------------
------+------------------------------------------------------------------------------------------------------------------------
AGE   |    1987    1988    1989    1990    1991    1992    1993    1994    1995    1996    1997    1998    1999    2000    2001
------+------------------------------------------------------------------------------------------------------------------------
  0   |  0.0348  0.0348  0.0348  0.0348  0.0348  0.0348  0.0348  0.0348  0.0348  0.0348  0.0348  0.0348  0.0348  0.0348  0.0348
  1   |  0.1317  0.1317  0.1317  0.1317  0.1317  0.1317  0.1317  0.1317  0.1317  0.1317  0.1317  0.1317  0.1317  0.1317  0.1317
  2   |  0.2915  0.2915  0.2915  0.2914  0.2914  0.2915  0.2915  0.2915  0.2915  0.2915  0.2915  0.2915  0.2915  0.2915  0.2915
  3   |  0.5751  0.5752  0.5751  0.5750  0.5750  0.5751  0.5751  0.5751  0.5751  0.5751  0.5751  0.5751  0.5751  0.5751  0.5751
  4   |  0.8792  0.8792  0.8793  0.8791  0.8791  0.8792  0.8792  0.8792  0.8792  0.8792  0.8792  0.8792  0.8792  0.8792  0.8792
  5   |  1.0000  1.0000  1.0000  1.0000  1.0000  1.0000  1.0000  1.0000  1.0000  1.0000  1.0000  1.0000  1.0000  1.0000  1.0000
  6   |  1.1309  1.1309  1.1309  1.1307  1.1311  1.1308  1.1308  1.1308  1.1308  1.1308  1.1308  1.1308  1.1308  1.1308  1.1308
  7   |  1.2956  1.2956  1.2956  1.2953  1.2955  1.2955  1.2955  1.2955  1.2955  1.2955  1.2955  1.2955  1.2955  1.2955  1.2955
  8   |  1.2000  1.2000  1.2000  1.1997  1.1999  1.2000  1.2000  1.2000  1.2000  1.2000  1.2000  1.2000  1.2000  1.2000  1.2000
  9   |  1.2000  1.2000  1.2000  1.1997  1.1999  1.2000  1.2000  1.2000  1.2000  1.2000  1.2000  1.2000  1.2000  1.2000  1.2000
------+------------------------------------------------------------------------------------------------------------------------
                                               
 
 
        Fitted Selection Pattern
        ------------------------
------+--------
AGE   |    2002
------+--------
  0   |  0.0348
  1   |  0.1317
  2   |  0.2915
  3   |  0.5751
  4   |  0.8792
  5   |  1.0000
  6   |  1.1308
  7   |  1.2955
  8   |  1.2000
  9   |  1.2000
------+--------
                                               
 
 
 
 
 
                    STOCK SUMMARY                                             
 
 
 ³ Year ³  Recruits  ³  Total  ³ Spawning³ Landings ³ Yield ³ Mean F ³ SoP ³    
 ³      ³   Age   0  ³ Biomass ³ Biomass ³          ³ /SSB  ³  Ages  ³     ³ 
 ³      ³  thousands ³  tonnes ³ tonnes  ³ tonnes   ³ ratio ³  4- 7  ³ (%) ³ 
 
   1972       345830    442538    289527     99379   0.3432   0.3224    99
   1973       374980    398028    273629     69697   0.2547   0.2582    99
   1974       350870    375129    256537     80734   0.3147   0.3227    99
   1975       591640    342554    232689     67987   0.2922   0.3051   100
   1976       413210    343180    221636     45834   0.2068   0.2134    99
   1977       577110    351557    232365     51419   0.2213   0.2303    99
   1978       345830    376359    257386     38869   0.1510   0.1682   100
   1979       482820    390754    268067     74850   0.2792   0.3196   100
   1980       759890    375607    258379     66069   0.2557   0.2558   100
   1981       420780    396559    270976     47803   0.1764   0.1743    99
   1982       482830    395406    285086     53171   0.1865   0.1785   100
   1983       542440    432025    319129     51262   0.1606   0.1658    99
   1984       577100    461122    333959     80063   0.2397   0.2469   100
   1985       591550    467321    335199     90405   0.2697   0.2516   100
   1986       361130    454530    327740     77585   0.2367   0.2162    99
   1987       169040    435269    326264     80446   0.2466   0.2187   100
   1988       361190    412580    323130     85405   0.2643   0.2339    99
   1989       350910    381790    287872     96605   0.3356   0.2975   100
   1990       481410    313585    238655     56398   0.2363   0.1936    99
   1991       224370    338831    242110     78843   0.3256   0.2916    99
   1992       224360    331595    240955     66237   0.2749   0.2596   100
   1993       482850    302792    225563     67108   0.2975   0.2944   100
   1994       496960    279346    199322     55171   0.2768   0.2451   100
   1995       558930    308367    208346     66620   0.3198   0.3126    99
   1996       498780    302598    203998     62939   0.3085   0.3088   100
   1997       105700    324277    224415     43101   0.1921   0.2011   100
   1998       456050    310615    236448     53347   0.2256   0.2255   100
   1999       217570    328881    249466     44652   0.1790   0.1719    99
   2000       375030    326430    249977     50217   0.2009   0.1846   100
   2001       333640    343193    262444     51951   0.1980   0.1924   100
   2002       496850    326666    235290     79872   0.3395   0.3156    99
 
 -----------------------------------------------------------------            
 No of years for separable analysis : 11                                      
 Age range in the analysis : 0  . . . 9                                       
 Year range in the analysis : 1972  . . . 2002                                
 Number of indices of SSB : 1                                                 
 Number of age-structured indices : 1                                         
                                                                              
 Parameters to estimate : 46                                                  
 Number of observations : 150                                                 
                                                                              
 Conventional single selection vector model to be fitted.                     
                                                                              
                                                                              
                                                                              
 -----------------------------------------------------------------            
 
 
 PARAMETER ESTIMATES                                                            
  
 
 ³Parm.³      ³ Maximum ³    ³        ³         ³         ³         ³ Mean of ³ 
  
 ³ No. ³      ³ Likelh. ³ CV ³  Lower ³ Upper   ³  -s.e.  ³   +s.e. ³ Param.  ³ 
  
 ³     ³      ³ Estimate³ (%)³ 95% CL ³ 95% CL  ³         ³         ³ Distrib.³ 
  
 Separable model : F by year                                                    
  
    1   1992     0.1924   0    0.1924    0.1924    0.1924    0.1924    0.1924
    2   1993     0.2193   0    0.2193    0.2193    0.2193    0.2193    0.2193
    3   1994     0.1843   0    0.1843    0.1843    0.1843    0.1843    0.1843
    4   1995     0.2385   0    0.2385    0.2385    0.2385    0.2385    0.2385
    5   1996     0.2406   0    0.2406    0.2406    0.2406    0.2406    0.2406
    6   1997     0.1634   0    0.1634    0.1634    0.1634    0.1634    0.1634
    7   1998     0.1956   1    0.1918    0.1994    0.1936    0.1975    0.1956
    8   1999     0.1621 100    0.0228    1.1510    0.0596    0.4407    0.2673
    9   2000     0.1924   0    0.1923    0.1924    0.1923    0.1924    0.1924
   10   2001     0.2244   0    0.2244    0.2244    0.2244    0.2244    0.2244
   11   2002     0.4233   0    0.4233    0.4233    0.4233    0.4233    0.4233
 
 Separable Model: Selection (S) by age                                          
  
   12      0     0.0481   0    0.0481    0.0481    0.0481    0.0481    0.0481
   13      1     0.1624   0    0.1624    0.1624    0.1624    0.1624    0.1624
   14      2     0.3296   0    0.3296    0.3296    0.3296    0.3296    0.3296
   15      3     0.6122   0    0.6122    0.6122    0.6122    0.6122    0.6122
   16      4     0.9000   0    0.9000    0.9000    0.9000    0.9000    0.9000
           5     1.0000     Fixed : Reference Age             
   17      6     1.1212   0    1.1212    1.1212    1.1212    1.1212    1.1212
   18      7     1.1959   0    1.1959    1.1959    1.1959    1.1959    1.1959
           8     1.2000     Fixed : Last true age             
 
 Separable model: Populations in year 2002                                    
   19      0     250291   0     250291    250291    250291    250291    250291
   20      1     163418   0     163418    163418    163418    163418    163418
   21      2     171379   0     171379    171379    171379    171379    171379
   22      3      88669   0      88669     88669     88669     88669     88669
   23      4     154567   0     154567    154567    154567    154567    154567
   24      5      27783   0      27783     27783     27783     27783     27783
   25      6      98919   0      98919     98919     98919     98919     98919
   26      7      80496   0      80496     80496     80496     80496     80496
   27      8      50405   0      50405     50405     50405     50405     50405
 
Separable model: Populations at age
   28   1992      72611   0      72611     72611     72611     72611     72611
   29   1993      71802   0      71802     71802     71802     71802     71802
   30   1994      41702   0      41702     41702     41702     41702     41702
   31   1995      19568   0      19568     19568     19568     19568     19568
   32   1996      39451   0      39451     39451     39451     39451     39451
   33   1997      36309   0      36309     36309     36309     36309     36309
   34   1998      51829   0      51829     51829     51829     51829     51829
   35   1999      23808   0      23808     23808     23808     23808     23808
   36   2000      24241   0      24241     24241     24241     24241     24241
   37   2001      52087   0      52087     52087     52087     52087     52087
 
 SSB Index catchabilities                                                       
  
   INDEX                                 
 Absolute estimator. No fitted catchability.                                    
  
 
 
 
 Age-structured index catchabilities                                            
  
                                        FLT01: Dummy survey                     
 
 Linear model fitted. Slopes at age :                                           
  
   38   1  Q  .1746       0 .1746     .1746     .1746     .1746     .1746    
   39   2  Q  .9406       0 .9406     .9406     .9406     .9406     .9406    
   40   3  Q  1.633       0 1.633     1.633     1.633     1.633     1.633    
   41   4  Q  .8144       0 .8144     .8144     .8144     .8144     .8144    
   42   5  Q  .8329       0 .8329     .8329     .8329     .8329     .8329    
   43   6  Q  .8435       0 .8435     .8435     .8435     .8435     .8435    
   44   7  Q  .9787       0 .9787     .9787     .9787     .9787     .9787    
   45   8  Q  2.019       0 2.019     2.019     2.019     2.019     2.019    
   46   9  Q  .8445       0 .8445     .8445     .8445     .8445     .8445    
 
 
 
 RESIDUALS ABOUT THE MODEL FIT                                                  
  
 ------------------------------
 
        Separable Model Residuals
        -------------------------
------+----------------------------------------------------------------------------------------
Age   |    1992    1993    1994    1995    1996    1997    1998    1999    2000    2001    2002
------+----------------------------------------------------------------------------------------
  0   | ******* ******* ******* ******* ******* ******* ******* ******* ******* ******* *******
  1   | ******* ******* ******* ******* ******* ******* ******* ******* ******* ******* *******
  2   | ******* ******* ******* ******* ******* ******* ******* ******* ******* ******* *******
  3   | ******* ******* ******* ******* ******* ******* ******* ******* ******* ******* *******
  4   | ******* ******* ******* ******* ******* ******* ******* ******* ******* ******* *******
  5   | ******* ******* ******* ******* ******* ******* ******* ******* ******* ******* *******
  6   | ******* ******* ******* ******* ******* ******* ******* ******* ******* ******* *******
  7   | ******* ******* ******* ******* ******* ******* ******* ******* ******* ******* *******
  8   | ******* ******* ******* ******* ******* ******* ******* ******* ******* ******* *******
------+----------------------------------------------------------------------------------------
                                               
 
 
 
 SPAWNING BIOMASS INDEX RESIDUALS                                               
  
 ---------------------------------
 
          INDEX
        -------
------+------------------------------------------------------------------------------------------------------------------------
      |    1972    1973    1974    1975    1976    1977    1978    1979    1980    1981    1982    1983    1984    1985    1986
------+------------------------------------------------------------------------------------------------------------------------
  1   | ******* ******* ******* ******* ******* ******* ******* ******* ******* ******* ******* ******* ******* ******* *******
------+------------------------------------------------------------------------------------------------------------------------
                                               
 
 
          INDEX
        -------
------+------------------------------------------------------------------------------------------------------------------------
      |    1987    1988    1989    1990    1991    1992    1993    1994    1995    1996    1997    1998    1999    2000    2001
------+------------------------------------------------------------------------------------------------------------------------
  1   | ******* ******* ******* ******* ******* ******* ******* ******* ******* ******* ******* ******* ******* ******* *******
------+------------------------------------------------------------------------------------------------------------------------
                                               
 
 
          INDEX
        -------
------+--------
      |    2002
------+--------
  1   | *******
------+--------
                                               
 
 
 
 AGE-STRUCTURED INDEX RESIDUALS                                                 
  
 -------------------------------
 
        FLT01: Dummy survey
        -------------------
------+--------------------------------
Age   |    1981    1982    1983    1984
------+--------------------------------
  1   |   0.890   1.208  -0.468  -1.631
  2   |   0.502  -0.113   0.966  -1.354
  3   |  -0.281   0.126  -0.426   0.581
  4   |  -1.748   0.481   0.873   0.394
  5   |   0.633  -1.722   0.406   0.683
  6   |   0.541   0.689  -1.626   0.396
  7   |   0.844   0.350   0.467  -1.661
  8   |   0.636   0.292  -0.470  -0.458
  9   |  -0.208   0.643  -0.003  -0.402
------+--------------------------------
                                               
 
 
 
 
 
 
 PARAMETERS OF THE DISTRIBUTION OF ln(CATCHES AT AGE)                           
  
 -----------------------------------------------------
 
 Separable model fitted from 1992  to 2002                                    
 Variance                             0.0000
Skewness test stat.                   0.7977
Kurtosis test statistic               1.0330
Partial chi-square                    0.0000
Significance in fit                   0.0000
Degrees of freedom                        62
 
 
 PARAMETERS OF DISTRIBUTIONS OF THE SSB INDICES                                 
  
 -----------------------------------------------
 
 
   DISTRIBUTION STATISTICS FOR   INDEX                                          
 
 
 Index used as absolute measure of abundance                                    
  
 Last age is a plus-group                                                       
  
 
 Variance                             0.0000
Skewness test stat.                  -1.8522
Kurtosis test statistic              -0.9895
Partial chi-square                    0.0000
Significance in fit                   0.0000
Number of observations                    15
Degrees of freedom                        15
Weight in the analysis                5.0000
 
 PARAMETERS OF THE DISTRIBUTION OF THE AGE-STRUCTURED INDICES                   
  
 ------------------------------------------------------------ 
 
 
   DISTRIBUTION STATISTICS FOR FLT01: Dummy survey                              
 
 
 Linear catchability relationship assumed                                       
  
 
 Age                          1         2         3         4         5         6         7         8         9
 Variance                0.0019    0.0011    0.0002    0.0016    0.0015    0.0013    0.0014    0.0003    0.0002
Skewness test stat.     -0.2765   -0.4514    0.3348   -0.8529   -0.9127   -0.9088   -0.8418    0.1522    0.6445
Kurtosis test statisti  -0.6120   -0.4610   -0.5602   -0.3014   -0.2847   -0.2852   -0.3053   -0.7164   -0.3749
Partial chi-square       0.0005    0.0003    0.0001    0.0004    0.0004    0.0003    0.0004    0.0001    0.0001
Significance in fit      0.0000    0.0000    0.0000    0.0000    0.0000    0.0000    0.0000    0.0000    0.0000
Number of observations        4         4         4         4         4         4         4         4         4
Degrees of freedom            3         3         3         3         3         3         3         3         3
Weight in the analysis   0.0011    0.0011    0.0011    0.0011    0.0011    0.0011    0.0011    0.0011    0.0011
 
 ANALYSIS OF VARIANCE                   
--------------------------
 
 Unweighted Statistics                                                          
  
 
                                                                                
  
Variance                              
                                       SSQ     Data    Parameters d.f. Variance
Total for model                        25.8985     150         46  104   0.2490
Catches at age                          0.0000      99         37   62   0.0000
  
SSB Indices                           
  INDEX                                 0.0000      15          0   15   0.0000
  
 Aged Indices                                                                   
  
FLT01: Dummy survey                    25.8985      36          9   27   0.9592
 
 
 Weighted Statistics                                                            
  
 
                                                                                
  
Variance                              
                                       SSQ     Data    Parameters d.f. Variance
Total for model                         0.0000     150         46  104   0.0000
Catches at age                          0.0000      99         37   62   0.0000
  
SSB Indices                           
  INDEX                                 0.0000      15          0   15   0.0000
  
 Aged Indices                                                                   
  
FLT01: Dummy survey                     0.0000      36          9   27   0.0000
 
