 Output Generated by ICA Version 1.4                                            
  
 ------------------------------------
 
        Mackerel NE Atlantic  WG2003
        ----------------------------
 
        Catch in Number
        ---------------
------+------------------------------------------------------------------------------------------------------------------------
AGE   |    1972    1973    1974    1975    1976    1977    1978    1979    1980    1981    1982    1983    1984    1985    1986
------+------------------------------------------------------------------------------------------------------------------------
  0   |   2897.   4224.   1244.   4230.   3738.   4848.   1566.   3253.   4066.   5506.   2289.   4825.   2091.   2877.   4780.
  1   |   3727.  10171.   9927.   5267.  11674.  17310.  15588.   4243.   9306.  13374.  14859.  10924.  10222.   7712.  11621.
  2   |  18360.   7434.  13633.  23956.   8280.  30632.  31388.  23894.   6895.  17403.  20571.  40192.  13152.  21486.  17650.
  3   |  32562.  31071.   8510.  28033.  32074.  18333.  46509.  40510.  32924.  10947.  22824.  46990.  41069.  23559.  41486.
  4   |  15600.  39998.  25964.  12794.  27335.  51328.  19843.  43027.  40421.  37968.  10470.  37725.  34717.  53749.  32828.
  5   |  29799.  13596.  23715.  27895.   8850.  31042.  38843.  12859.  30333.  33063.  25781.  12295.  19599.  32408.  53006.
  6   |  25962.  25109.   7812.  24710.  18680.   9700.  22535.  24203.   8755.  23994.  21748.  29234.   6164.  17738.  30825.
  7   |  12433.  21445.  14186.   8007.  16252.  20025.   6841.  13682.  16137.   6791.  15511.  24132.  14345.   5487.  16490.
  8   |  11037.   8234.   9669.  11699.   4210.  14019.  11273.   3308.   7287.  10027.   3509.  13857.   9413.  10253.   4095.
  9   |  17991.  18671.  11505.  18320.  15827.  16940.  17883.  13918.   8829.  10422.  10519.  12365.  10900.  14921.  19015.
------+------------------------------------------------------------------------------------------------------------------------
       x 10 ^ 3                                
 
 
        Catch in Number
        ---------------
------+------------------------------------------------------------------------------------------------------------------------
AGE   |    1987    1988    1989    1990    1991    1992    1993    1994    1995    1996    1997    1998    1999    2000    2001
------+------------------------------------------------------------------------------------------------------------------------
  0   |   1119.   1319.   3861.   3795.   1064.   1547.   3835.   4157.   2688.   3172.   3994.   4135.   2497.   1854.    828.
  1   |   8670.   5608.   3846.  12923.   7991.   5322.   5991.  10098.  10645.   8975.  12723.  13660.   7563.   8409.   5687.
  2   |  12015.  24739.   9287.   7315.  15548.  22780.  11654.   8929.  14727.  20279.  20448.  24623.  14251.  14601.  14791.
  3   |  15569.  29195.  34731.  14980.   7538.  37783.  41932.  14637.  11090.  23961.  39171.  33328.  21937.  23697.  22129.
  4   |  26622.  27673.  29681.  40641.  11308.  13415.  49933.  37781.  13230.  13212.  33608.  45894.  21633.  27009.  26592.
  5   |  14865.  33883.  19882.  24617.  21803.  14421.  12494.  31523.  24192.  11248.  13171.  27729.  21047.  19167.  21795.
  6   |  23222.  18353.  23510.  15938.  12817.  26989.  12925.   7587.  19535.  19959.  10844.  10463.  12311.  18183.  15081.
  7   |  13259.  28211.  12471.  18471.   8174.  15619.  23583.   7650.   4616.  15869.  18865.   8403.   4564.  10531.  14167.
  8   |   5636.  12987.  15318.   7848.   7555.   8032.  10943.  11115.   3716.   3008.  12049.  11698.   2914.   3137.   6587.
  9   |   8302.  13356.  14222.  18941.  11675.  19388.  19056.  13506.  12284.  10162.   9914.  13696.   8747.   8300.   7460.
------+------------------------------------------------------------------------------------------------------------------------
       x 10 ^ 3                                
 
 
        Catch in Number
        ---------------
------+--------
AGE   |    2002
------+--------
  0   |   1007.
  1   |   3234.
  2   |  12715.
  3   |  28382.
  4   |  31329.
  5   |  27055.
  6   |  21589.
  7   |  14764.
  8   |  11157.
  9   |  10683.
------+--------
       x 10 ^ 3                                
 
 
 
        Predicted Catch in Number
        -------------------------
------+----------------------------------------------------------------------------------------
AGE   |    1992    1993    1994    1995    1996    1997    1998    1999    2000    2001    2002
------+----------------------------------------------------------------------------------------
  0   |   1547.   3835.   4157.   2688.   3172.   3994.   4135.   2497.   1854.    828.   1007.
  1   |   5322.   5991.  10098.  10645.   8974.  12723.  13660.   7563.   8409.   5687.   3234.
  2   |  22781.  11655.   8929.  14726.  20278.  20447.  24622.  14251.  14600.  14790.  12715.
  3   |  37784.  41934.  14637.  11090.  23961.  39169.  33327.  21936.  23696.  22128.  28383.
  4   |  13416.  49935.  37783.  13231.  13212.  33608.  45892.  21632.  27007.  26591.  31329.
  5   |  14422.  12495.  31525.  24193.  11249.  13172.  27729.  21046.  19166.  21794.  27056.
  6   |  26990.  12926.   7587.  19535.  19960.  10844.  10463.  12311.  18182.  15080.  21589.
  7   |  15619.  23584.   7651.   4616.  15869.  18865.   8403.   4564.  10531.  14166.  14764.
  8   |   8032.  10942.  11115.   3716.   3008.  12049.  11698.   2914.   3137.   6587.  11157.
------+----------------------------------------------------------------------------------------
       x 10 ^ 3                                
 
 
 
        Weights at age in the catches (Kg)
        ----------------------------------
------+------------------------------------------------------------------------------------------------------------------------
AGE   |    1972    1973    1974    1975    1976    1977    1978    1979    1980    1981    1982    1983    1984    1985    1986
------+------------------------------------------------------------------------------------------------------------------------
  0   | 0.05200 0.05000 0.05100 0.05000 0.05900 0.05600 0.03600 0.01600 0.05700 0.06000 0.05300 0.05000 0.03100 0.05500 0.03900
  1   | 0.13500 0.14500 0.13600 0.14800 0.13700 0.13600 0.13500 0.13700 0.13100 0.13200 0.13100 0.16800 0.10200 0.14400 0.14600
  2   | 0.27700 0.19400 0.22900 0.17700 0.20700 0.16900 0.16100 0.16100 0.24900 0.24800 0.24900 0.21900 0.18400 0.26200 0.24500
  3   | 0.34100 0.28500 0.26100 0.25900 0.26300 0.27500 0.25000 0.24300 0.28500 0.28700 0.28500 0.27600 0.29500 0.35700 0.33500
  4   | 0.42300 0.36800 0.33400 0.32300 0.32000 0.33300 0.32500 0.31800 0.34500 0.34400 0.34500 0.31000 0.32600 0.41800 0.42300
  5   | 0.46800 0.44800 0.39200 0.34800 0.34600 0.35200 0.34500 0.34800 0.37800 0.37700 0.37800 0.38600 0.34400 0.41700 0.47100
  6   | 0.46800 0.46800 0.48100 0.43000 0.40600 0.40700 0.40300 0.40100 0.45400 0.45400 0.45400 0.42500 0.43100 0.43600 0.44400
  7   | 0.50800 0.50800 0.50800 0.48800 0.44300 0.44600 0.42100 0.41600 0.49800 0.49900 0.49600 0.43500 0.54200 0.52100 0.45700
  8   | 0.53900 0.53900 0.53900 0.53900 0.51800 0.54600 0.51800 0.50600 0.52000 0.51300 0.51300 0.49800 0.48000 0.55500 0.54300
  9   | 0.60704 0.60354 0.60106 0.60103 0.60061 0.60008 0.57543 0.54460 0.57237 0.56136 0.55726 0.59004 0.60140 0.61083 0.60384
------+------------------------------------------------------------------------------------------------------------------------
                                               
 
 
        Weights at age in the catches (Kg)
        ----------------------------------
------+------------------------------------------------------------------------------------------------------------------------
AGE   |    1987    1988    1989    1990    1991    1992    1993    1994    1995    1996    1997    1998    1999    2000    2001
------+------------------------------------------------------------------------------------------------------------------------
  0   | 0.07600 0.05500 0.04900 0.08500 0.06800 0.05100 0.06100 0.04600 0.07200 0.05800 0.07600 0.06500 0.06200 0.06300 0.06900
  1   | 0.17900 0.13300 0.13600 0.15600 0.15600 0.16700 0.13400 0.13600 0.14300 0.14300 0.14300 0.15700 0.17600 0.13500 0.17100
  2   | 0.22300 0.25900 0.23700 0.23300 0.25300 0.23900 0.24000 0.25500 0.23400 0.22600 0.23000 0.22700 0.23600 0.22900 0.22300
  3   | 0.31800 0.32300 0.32000 0.33600 0.32700 0.33300 0.31700 0.33900 0.33300 0.31300 0.29500 0.31000 0.30700 0.30800 0.30700
  4   | 0.39900 0.38800 0.37700 0.37900 0.39400 0.39700 0.37600 0.39000 0.39000 0.37700 0.35900 0.35400 0.36100 0.36700 0.37800
  5   | 0.47400 0.45600 0.43300 0.42300 0.42300 0.46000 0.43600 0.44800 0.45200 0.42500 0.41500 0.40800 0.40600 0.42900 0.42600
  6   | 0.51200 0.52400 0.45600 0.46700 0.46900 0.49500 0.48300 0.51200 0.50100 0.48400 0.45300 0.45200 0.45400 0.46700 0.47700
  7   | 0.49300 0.55500 0.54300 0.52800 0.50600 0.53200 0.52700 0.54300 0.53900 0.51800 0.48100 0.46200 0.50100 0.50400 0.49900
  8   | 0.49800 0.55500 0.59200 0.55200 0.55400 0.55500 0.54800 0.59000 0.57700 0.55100 0.52400 0.51800 0.53700 0.53700 0.54300
  9   | 0.63854 0.60780 0.60592 0.60782 0.63486 0.63397 0.61594 0.63009 0.61278 0.60100 0.58638 0.57120 0.58597 0.58931 0.61369
------+------------------------------------------------------------------------------------------------------------------------
                                               
 
 
        Weights at age in the catches (Kg)
        ----------------------------------
------+--------
AGE   |    2002
------+--------
  0   | 0.05200
  1   | 0.15900
  2   | 0.25500
  3   | 0.30700
  4   | 0.36900
  5   | 0.42600
  6   | 0.46400
  7   | 0.51400
  8   | 0.53900
  9   | 0.60802
------+--------
                                               
 
 
 
        Weights at age in the stock (Kg)
        --------------------------------
------+------------------------------------------------------------------------------------------------------------------------
AGE   |    1972    1973    1974    1975    1976    1977    1978    1979    1980    1981    1982    1983    1984    1985    1986
------+------------------------------------------------------------------------------------------------------------------------
  0   | 0.00800 0.00800 0.00800 0.00800 0.00800 0.00800 0.00800 0.00800 0.00800 0.00800 0.00800 0.00800 0.00000 0.00000 0.00000
  1   | 0.13200 0.13200 0.13000 0.12900 0.12800 0.12700 0.11100 0.11000 0.10900 0.08700 0.08600 0.08600 0.08100 0.08500 0.07700
  2   | 0.17800 0.17700 0.17300 0.17100 0.17000 0.16700 0.17500 0.17400 0.17300 0.18600 0.13500 0.17200 0.19400 0.16500 0.17900
  3   | 0.24300 0.24200 0.23800 0.23600 0.23600 0.23300 0.23800 0.23700 0.23600 0.25200 0.22100 0.23500 0.25300 0.29300 0.26700
  4   | 0.41100 0.30100 0.29600 0.29400 0.29300 0.28900 0.30000 0.29900 0.29700 0.31300 0.28000 0.28000 0.29500 0.30600 0.30400
  5   | 0.35500 0.43800 0.32200 0.31800 0.31800 0.31300 0.34600 0.34500 0.34300 0.32300 0.38500 0.33900 0.32400 0.34100 0.35600
  6   | 0.39800 0.39800 0.46900 0.36500 0.36500 0.36100 0.38200 0.38000 0.37900 0.37800 0.35300 0.37700 0.39300 0.38400 0.35100
  7   | 0.43300 0.43300 0.43300 0.49700 0.41900 0.41600 0.41000 0.40800 0.40700 0.41900 0.40800 0.40400 0.43600 0.43000 0.41600
  8   | 0.45900 0.45900 0.45900 0.45900 0.51200 0.44600 0.43200 0.43000 0.42900 0.43400 0.43700 0.43900 0.44100 0.45900 0.47300
  9   | 0.52161 0.51690 0.51609 0.51538 0.51463 0.53351 0.49995 0.49205 0.49379 0.47925 0.47151 0.50454 0.49876 0.52170 0.46797
------+------------------------------------------------------------------------------------------------------------------------
                                               
 
 
        Weights at age in the stock (Kg)
        --------------------------------
------+------------------------------------------------------------------------------------------------------------------------
AGE   |    1987    1988    1989    1990    1991    1992    1993    1994    1995    1996    1997    1998    1999    2000    2001
------+------------------------------------------------------------------------------------------------------------------------
  0   | 0.00000 0.00000 0.00000 0.00000 0.00000 0.00000 0.00000 0.00000 0.00000 0.00000 0.00000 0.00000 0.00000 0.00000 0.00000
  1   | 0.07800 0.07200 0.07600 0.07400 0.07500 0.07800 0.07800 0.07900 0.08100 0.07600 0.07600 0.07700 0.08100 0.07400 0.07800
  2   | 0.14800 0.15600 0.17700 0.13800 0.15500 0.21200 0.19700 0.17800 0.16400 0.13300 0.18600 0.14900 0.19400 0.18500 0.16400
  3   | 0.24000 0.23700 0.24400 0.22200 0.23000 0.25900 0.26800 0.23700 0.26700 0.25100 0.22800 0.22300 0.24200 0.23500 0.24100
  4   | 0.28600 0.30100 0.30600 0.28700 0.30700 0.31000 0.31500 0.30100 0.32600 0.31700 0.29600 0.28500 0.30100 0.28900 0.34200
  5   | 0.37400 0.32900 0.35200 0.33900 0.35700 0.36200 0.36000 0.36100 0.39800 0.36600 0.36100 0.34200 0.35300 0.35000 0.39000
  6   | 0.38600 0.42300 0.38000 0.37300 0.40900 0.40200 0.41600 0.41300 0.44800 0.44400 0.40200 0.40000 0.39600 0.39000 0.44600
  7   | 0.41100 0.44500 0.42900 0.41400 0.43200 0.42400 0.45400 0.46600 0.49100 0.46200 0.44500 0.42600 0.42300 0.42600 0.45900
  8   | 0.42900 0.43200 0.47400 0.40900 0.50200 0.46200 0.46500 0.47000 0.50800 0.50100 0.47800 0.46600 0.44000 0.44700 0.49900
  9   | 0.49652 0.52821 0.48206 0.47290 0.56112 0.52316 0.52677 0.53941 0.56104 0.58585 0.53927 0.52358 0.49329 0.50435 0.57284
------+------------------------------------------------------------------------------------------------------------------------
                                               
 
 
        Weights at age in the stock (Kg)
        --------------------------------
------+--------
AGE   |    2002
------+--------
  0   | 0.00000
  1   | 0.07800
  2   | 0.18100
  3   | 0.23900
  4   | 0.31100
  5   | 0.36400
  6   | 0.41100
  7   | 0.43600
  8   | 0.46200
  9   | 0.51948
------+--------
                                               
 
 
 
        Natural Mortality (per year)
        ----------------------------
------+------------------------------------------------------------------------------------------------------------------------
AGE   |    1972    1973    1974    1975    1976    1977    1978    1979    1980    1981    1982    1983    1984    1985    1986
------+------------------------------------------------------------------------------------------------------------------------
  0   | 0.15000 0.15000 0.15000 0.15000 0.15000 0.15000 0.15000 0.15000 0.15000 0.15000 0.15000 0.15000 0.15000 0.15000 0.15000
  1   | 0.15000 0.15000 0.15000 0.15000 0.15000 0.15000 0.15000 0.15000 0.15000 0.15000 0.15000 0.15000 0.15000 0.15000 0.15000
  2   | 0.15000 0.15000 0.15000 0.15000 0.15000 0.15000 0.15000 0.15000 0.15000 0.15000 0.15000 0.15000 0.15000 0.15000 0.15000
  3   | 0.15000 0.15000 0.15000 0.15000 0.15000 0.15000 0.15000 0.15000 0.15000 0.15000 0.15000 0.15000 0.15000 0.15000 0.15000
  4   | 0.15000 0.15000 0.15000 0.15000 0.15000 0.15000 0.15000 0.15000 0.15000 0.15000 0.15000 0.15000 0.15000 0.15000 0.15000
  5   | 0.15000 0.15000 0.15000 0.15000 0.15000 0.15000 0.15000 0.15000 0.15000 0.15000 0.15000 0.15000 0.15000 0.15000 0.15000
  6   | 0.15000 0.15000 0.15000 0.15000 0.15000 0.15000 0.15000 0.15000 0.15000 0.15000 0.15000 0.15000 0.15000 0.15000 0.15000
  7   | 0.15000 0.15000 0.15000 0.15000 0.15000 0.15000 0.15000 0.15000 0.15000 0.15000 0.15000 0.15000 0.15000 0.15000 0.15000
  8   | 0.15000 0.15000 0.15000 0.15000 0.15000 0.15000 0.15000 0.15000 0.15000 0.15000 0.15000 0.15000 0.15000 0.15000 0.15000
  9   | 0.15000 0.15000 0.15000 0.15000 0.15000 0.15000 0.15000 0.15000 0.15000 0.15000 0.15000 0.15000 0.15000 0.15000 0.15000
------+------------------------------------------------------------------------------------------------------------------------
                                               
 
 
        Natural Mortality (per year)
        ----------------------------
------+------------------------------------------------------------------------------------------------------------------------
AGE   |    1987    1988    1989    1990    1991    1992    1993    1994    1995    1996    1997    1998    1999    2000    2001
------+------------------------------------------------------------------------------------------------------------------------
  0   | 0.15000 0.15000 0.15000 0.15000 0.15000 0.15000 0.15000 0.15000 0.15000 0.15000 0.15000 0.15000 0.15000 0.15000 0.15000
  1   | 0.15000 0.15000 0.15000 0.15000 0.15000 0.15000 0.15000 0.15000 0.15000 0.15000 0.15000 0.15000 0.15000 0.15000 0.15000
  2   | 0.15000 0.15000 0.15000 0.15000 0.15000 0.15000 0.15000 0.15000 0.15000 0.15000 0.15000 0.15000 0.15000 0.15000 0.15000
  3   | 0.15000 0.15000 0.15000 0.15000 0.15000 0.15000 0.15000 0.15000 0.15000 0.15000 0.15000 0.15000 0.15000 0.15000 0.15000
  4   | 0.15000 0.15000 0.15000 0.15000 0.15000 0.15000 0.15000 0.15000 0.15000 0.15000 0.15000 0.15000 0.15000 0.15000 0.15000
  5   | 0.15000 0.15000 0.15000 0.15000 0.15000 0.15000 0.15000 0.15000 0.15000 0.15000 0.15000 0.15000 0.15000 0.15000 0.15000
  6   | 0.15000 0.15000 0.15000 0.15000 0.15000 0.15000 0.15000 0.15000 0.15000 0.15000 0.15000 0.15000 0.15000 0.15000 0.15000
  7   | 0.15000 0.15000 0.15000 0.15000 0.15000 0.15000 0.15000 0.15000 0.15000 0.15000 0.15000 0.15000 0.15000 0.15000 0.15000
  8   | 0.15000 0.15000 0.15000 0.15000 0.15000 0.15000 0.15000 0.15000 0.15000 0.15000 0.15000 0.15000 0.15000 0.15000 0.15000
  9   | 0.15000 0.15000 0.15000 0.15000 0.15000 0.15000 0.15000 0.15000 0.15000 0.15000 0.15000 0.15000 0.15000 0.15000 0.15000
------+------------------------------------------------------------------------------------------------------------------------
                                               
 
 
        Natural Mortality (per year)
        ----------------------------
------+--------
AGE   |    2002
------+--------
  0   | 0.15000
  1   | 0.15000
  2   | 0.15000
  3   | 0.15000
  4   | 0.15000
  5   | 0.15000
  6   | 0.15000
  7   | 0.15000
  8   | 0.15000
  9   | 0.15000
------+--------
                                               
 
 
 
        Proportion of fish spawning
        ---------------------------
------+------------------------------------------------------------------------------------------------------------------------
AGE   |    1972    1973    1974    1975    1976    1977    1978    1979    1980    1981    1982    1983    1984    1985    1986
------+------------------------------------------------------------------------------------------------------------------------
  0   |  0.0000  0.0000  0.0000  0.0000  0.0000  0.0000  0.0000  0.0000  0.0000  0.0000  0.0000  0.0000  0.0000  0.0000  0.0000
  1   |  0.0500  0.0500  0.0500  0.0600  0.0600  0.0600  0.0600  0.0600  0.0600  0.0700  0.0700  0.0700  0.0700  0.0700  0.0700
  2   |  0.5300  0.5400  0.5400  0.5500  0.5500  0.5500  0.5600  0.5600  0.5700  0.5700  0.5700  0.5800  0.5800  0.5800  0.5800
  3   |  0.9000  0.9000  0.9000  0.8900  0.8900  0.8900  0.8900  0.8900  0.8900  0.8800  0.8800  0.8800  0.8800  0.8800  0.8800
  4   |  0.9800  0.9800  0.9800  0.9800  0.9800  0.9800  0.9800  0.9800  0.9800  0.9800  0.9800  0.9800  0.9700  0.9700  0.9700
  5   |  0.9800  0.9800  0.9800  0.9800  0.9800  0.9800  0.9800  0.9800  0.9800  0.9800  0.9800  0.9800  0.9700  0.9700  0.9700
  6   |  0.9900  0.9900  0.9900  0.9900  0.9900  0.9900  0.9900  0.9900  0.9900  0.9900  0.9900  0.9900  0.9900  0.9900  0.9900
  7   |  1.0000  1.0000  1.0000  1.0000  1.0000  1.0000  1.0000  1.0000  1.0000  1.0000  1.0000  1.0000  1.0000  1.0000  1.0000
  8   |  1.0000  1.0000  1.0000  1.0000  1.0000  1.0000  1.0000  1.0000  1.0000  1.0000  1.0000  1.0000  1.0000  1.0000  1.0000
  9   |  1.0000  1.0000  1.0000  1.0000  1.0000  1.0000  1.0000  1.0000  1.0000  1.0000  1.0000  1.0000  1.0000  1.0000  1.0000
------+------------------------------------------------------------------------------------------------------------------------
                                               
 
 
        Proportion of fish spawning
        ---------------------------
------+------------------------------------------------------------------------------------------------------------------------
AGE   |    1987    1988    1989    1990    1991    1992    1993    1994    1995    1996    1997    1998    1999    2000    2001
------+------------------------------------------------------------------------------------------------------------------------
  0   |  0.0000  0.0000  0.0000  0.0000  0.0000  0.0000  0.0000  0.0000  0.0000  0.0000  0.0000  0.0000  0.0000  0.0000  0.0000
  1   |  0.0700  0.0700  0.0700  0.0700  0.0700  0.0700  0.0700  0.0700  0.0700  0.0700  0.0700  0.0700  0.0700  0.0700  0.0700
  2   |  0.5800  0.5800  0.5800  0.5800  0.5800  0.5800  0.5800  0.5800  0.5800  0.5800  0.5800  0.5800  0.5800  0.5800  0.5900
  3   |  0.8800  0.8800  0.8800  0.8800  0.8800  0.8800  0.8800  0.8800  0.8800  0.8800  0.8800  0.8600  0.8600  0.8600  0.8800
  4   |  0.9700  0.9700  0.9700  0.9700  0.9700  0.9700  0.9700  0.9700  0.9700  0.9700  0.9700  0.9800  0.9800  0.9800  0.9700
  5   |  0.9700  0.9700  0.9700  0.9700  0.9700  0.9700  0.9700  0.9700  0.9700  0.9700  0.9700  0.9800  0.9800  0.9800  0.9700
  6   |  0.9900  0.9900  0.9900  0.9900  0.9900  0.9900  0.9900  0.9900  0.9900  0.9900  0.9900  0.9900  0.9900  0.9900  0.9900
  7   |  1.0000  1.0000  1.0000  1.0000  1.0000  1.0000  1.0000  1.0000  1.0000  1.0000  1.0000  1.0000  1.0000  1.0000  1.0000
  8   |  1.0000  1.0000  1.0000  1.0000  1.0000  1.0000  1.0000  1.0000  1.0000  1.0000  1.0000  1.0000  1.0000  1.0000  1.0000
  9   |  1.0000  1.0000  1.0000  1.0000  1.0000  1.0000  1.0000  1.0000  1.0000  1.0000  1.0000  1.0000  1.0000  1.0000  1.0000
------+------------------------------------------------------------------------------------------------------------------------
                                               
 
 
        Proportion of fish spawning
        ---------------------------
------+--------
AGE   |    2002
------+--------
  0   |  0.0000
  1   |  0.0700
  2   |  0.5900
  3   |  0.8800
  4   |  0.9700
  5   |  0.9700
  6   |  0.9900
  7   |  1.0000
  8   |  1.0000
  9   |  1.0000
------+--------
                                               
 
 
 
 INDICES OF SPAWNING BIOMASS                                                    
  
 ----------------------------
 
          INDEX
        -------
------+------------------------------------------------------------------------------------------------------------------------
      |    1972    1973    1974    1975    1976    1977    1978    1979    1980    1981    1982    1983    1984    1985    1986
------+------------------------------------------------------------------------------------------------------------------------
  1   | ******* ******* ******* ******* ******* ******* ******* ******* ******* ******* ******* ******* ******* ******* *******
------+------------------------------------------------------------------------------------------------------------------------
       x 10 ^ 3                                
 
 
          INDEX
        -------
------+------------------------------------------------------------------------------------------------------------------------
      |    1987    1988    1989    1990    1991    1992    1993    1994    1995    1996    1997    1998    1999    2000    2001
------+------------------------------------------------------------------------------------------------------------------------
  1   | *******  278.78  265.29  222.11  237.21  263.25  248.36  209.74  219.52  224.03  235.63  231.14  260.87  280.92  329.39
------+------------------------------------------------------------------------------------------------------------------------
       x 10 ^ 3                                
 
 
          INDEX
        -------
------+--------
      |    2002
------+--------
  1   |  317.66
------+--------
       x 10 ^ 3                                
 
 
 
 AGE-STRUCTURED INDICES                                                         
  
 -----------------------
 
        FLT01: Dummy survey
        -------------------
------+--------------------------------
AGE   |    1981    1982    1983    1984
------+--------------------------------
  1   |  266.10  203.00   43.60   15.24
  2   |  506.40  435.90  712.70   79.51
  3   |  225.10  483.60  444.60  661.83
  4   |   31.70  184.10  391.60  374.60
  5   |  174.80   24.70  130.40  238.20
  6   |  158.50  136.60   20.20   92.00
  7   |   99.50  108.60   91.30   15.54
  8   |  116.60   84.50   70.90   51.47
  9   |   35.30   87.00   47.10   39.27
------+--------------------------------
       x 10 ^ 3                                
 
 
 
        Fishing Mortality (per year)
        ----------------------------
------+------------------------------------------------------------------------------------------------------------------------
AGE   |    1972    1973    1974    1975    1976    1977    1978    1979    1980    1981    1982    1983    1984    1985    1986
------+------------------------------------------------------------------------------------------------------------------------
  0   | 0.00734 0.00805 0.00588 0.00776 0.00667 0.00963 0.00968 0.00818 0.00726 0.00743 0.00622 0.00924 0.00561 0.00654 0.00837
  1   | 0.02779 0.03049 0.02230 0.02945 0.02530 0.03666 0.03680 0.03109 0.02767 0.02825 0.02365 0.03519 0.02311 0.02441 0.03127
  2   | 0.06151 0.06752 0.04941 0.06528 0.05611 0.08129 0.08188 0.06906 0.06144 0.06286 0.05254 0.07815 0.05139 0.05876 0.06792
  3   | 0.12121 0.13310 0.09746 0.12883 0.11079 0.16051 0.16161 0.13681 0.12149 0.12420 0.10403 0.15431 0.10145 0.11615 0.14574
  4   | 0.18494 0.20300 0.14872 0.19673 0.16923 0.24523 0.24680 0.20878 0.18615 0.18986 0.15887 0.23597 0.15457 0.17697 0.22207
  5   | 0.20973 0.23015 0.16854 0.22310 0.19205 0.27833 0.28004 0.23673 0.21092 0.21613 0.18029 0.26735 0.17526 0.19990 0.25053
  6   | 0.23629 0.25916 0.18976 0.25104 0.21628 0.31364 0.31548 0.26658 0.23734 0.24298 0.20384 0.30094 0.19685 0.22477 0.28010
  7   | 0.26911 0.29520 0.21605 0.28577 0.24600 0.35694 0.35912 0.30337 0.27001 0.27615 0.23143 0.34390 0.22361 0.25467 0.31734
  8   | 0.24719 0.27126 0.19858 0.26258 0.22591 0.32742 0.32942 0.27840 0.24780 0.25338 0.21207 0.31473 0.20619 0.23327 0.28955
  9   | 0.24719 0.27126 0.19858 0.26258 0.22591 0.32742 0.32942 0.27840 0.24780 0.25338 0.21207 0.31473 0.20619 0.23327 0.28955
------+------------------------------------------------------------------------------------------------------------------------
                                               
 
 
        Fishing Mortality (per year)
        ----------------------------
------+------------------------------------------------------------------------------------------------------------------------
AGE   |    1987    1988    1989    1990    1991    1992    1993    1994    1995    1996    1997    1998    1999    2000    2001
------+------------------------------------------------------------------------------------------------------------------------
  0   | 0.00474 0.00744 0.00683 0.00728 0.00491 0.00825 0.01004 0.00829 0.00662 0.00690 0.00866 0.00929 0.00529 0.00554 0.00529
  1   | 0.01787 0.02803 0.02561 0.02702 0.01804 0.03124 0.03801 0.03136 0.02506 0.02611 0.03277 0.03516 0.02003 0.02098 0.02000
  2   | 0.03889 0.06159 0.05623 0.05901 0.03903 0.06914 0.08412 0.06941 0.05547 0.05778 0.07254 0.07782 0.04434 0.04643 0.04428
  3   | 0.07475 0.11861 0.10931 0.11464 0.07554 0.13642 0.16597 0.13693 0.10944 0.11400 0.14312 0.15354 0.08748 0.09161 0.08735
  4   | 0.12444 0.17445 0.16096 0.17070 0.11265 0.20855 0.25373 0.20934 0.16730 0.17428 0.21880 0.23473 0.13374 0.14005 0.13354
  5   | 0.14035 0.21780 0.17327 0.18420 0.12339 0.23722 0.28860 0.23811 0.19030 0.19823 0.24887 0.26699 0.15212 0.15929 0.15189
  6   | 0.15676 0.24319 0.21836 0.19378 0.13059 0.26826 0.32637 0.26928 0.21520 0.22418 0.28145 0.30193 0.17203 0.18014 0.17178
  7   | 0.17645 0.27337 0.24505 0.25188 0.13640 0.30734 0.37391 0.30850 0.24655 0.25683 0.32244 0.34591 0.19708 0.20638 0.19679
  8   | 0.16085 0.24771 0.22122 0.22701 0.14654 0.28466 0.34632 0.28574 0.22836 0.23788 0.29865 0.32039 0.18254 0.19115 0.18227
  9   | 0.16085 0.24771 0.22122 0.22701 0.14654 0.28466 0.34632 0.28574 0.22836 0.23788 0.29865 0.32039 0.18254 0.19115 0.18227
------+------------------------------------------------------------------------------------------------------------------------
                                               
 
 
        Fishing Mortality (per year)
        ----------------------------
------+--------
AGE   |    2002
------+--------
  0   | 0.00643
  1   | 0.02435
  2   | 0.05389
  3   | 0.10631
  4   | 0.16253
  5   | 0.18487
  6   | 0.20907
  7   | 0.23952
  8   | 0.22184
  9   | 0.22184
------+--------
                                               
 
 
 
        Population Abundance (1 January)
        --------------------------------
------+------------------------------------------------------------------------------------------------------------------------
AGE   |    1972    1973    1974    1975    1976    1977    1978    1979    1980    1981    1982    1983    1984    1985    1986
------+------------------------------------------------------------------------------------------------------------------------
  0   |  426.70  567.55  228.33  588.94  605.42  544.74  175.05  430.04  604.93  800.95  397.53  564.89  402.26  475.27  617.60
  1   |  146.35  364.58  484.58  195.38  502.98  517.63  464.37  149.22  367.13  516.90  684.29  340.04  481.73  344.29  406.41
  2   |  331.18  122.52  304.38  407.89  163.28  422.10  429.49  385.24  124.50  307.37  432.51  575.20  282.55  405.16  289.19
  3   |  306.72  268.04   98.57  249.35  328.88  132.87  334.94  340.60  309.45  100.77  248.44  353.21  457.86  231.01  328.83
  4   |   99.26  233.86  201.95   76.96  188.68  253.39   97.40  245.27  255.68  235.88   76.61  192.70  260.54  356.07  177.03
  5   |  169.17   71.01  164.30  149.80   54.41  137.11  170.66   65.50  171.33  182.68  167.92   56.25  131.00  192.13  256.76
  6   |  132.45  118.06   48.55  119.48  103.15   38.65   89.34  111.01   44.49  119.42  126.67  120.68   37.06   94.62  135.40
  7   |   56.56   90.01   78.41   34.57   80.01   71.52   24.31   56.09   73.19   30.20   80.61   88.92   76.88   26.20   65.05
  8   |   54.10   37.19   57.67   54.38   22.36   53.85   43.08   14.61   35.65   48.09   19.72   55.05   54.27   52.91   17.48
  9   |   88.19   84.34   68.62   85.15   84.05   65.07   68.34   61.47   43.18   49.98   59.12   49.12   62.83   77.00   81.16
------+------------------------------------------------------------------------------------------------------------------------
       x 10 ^ 6                                
 
 
        Population Abundance (1 January)
        --------------------------------
------+------------------------------------------------------------------------------------------------------------------------
AGE   |    1987    1988    1989    1990    1991    1992    1993    1994    1995    1996    1997    1998    1999    2000    2001
------+------------------------------------------------------------------------------------------------------------------------
  0   |  254.95  191.66  610.42  563.27  233.87  202.57  413.21  542.43  438.50  496.90  498.74  481.42  509.34  361.20  169.06
  1   |  527.15  218.40  163.74  521.81  481.29  186.28  172.92  352.10  463.02  374.93  424.74  425.57  410.53  436.08  309.17
  2   |  339.03  445.68  182.78  137.37  437.15  366.88  155.40  143.28  293.70  388.66  314.39  353.79  353.64  346.34  367.54
  3   |  232.56  280.67  360.69  148.72  111.46  318.53  294.68  122.96  115.06  239.15  315.74  251.66  281.71  291.18  284.57
  4   |  244.64  185.75  214.56  278.30  114.14   76.55  239.20  214.85   92.29   88.76  183.66  235.52  185.78  222.16  228.68
  5   |  122.03  185.93  134.28  157.22  201.95   73.32   53.48  159.74  149.99   67.20   64.18  127.01  160.31  139.88  166.23
  6   |  172.02   91.28  128.71   97.19  112.55  123.11   49.78   34.49  108.36  106.73   47.44   43.07   83.70  118.51  102.67
  7   |   88.07  126.58   61.60   89.05   68.92   63.32   81.03   30.92   22.68   75.21   73.41   30.81   27.41   60.66   85.18
  8   |   40.76   63.54   82.89   41.50   59.58   34.79   40.08   47.99   19.55   15.26   50.07   45.77   18.77   19.37   42.47
  9   |   60.05   65.35   76.96  100.15   92.06   83.98   69.81   58.31   64.61   51.54   41.20   53.59   56.32   51.25   48.10
------+------------------------------------------------------------------------------------------------------------------------
       x 10 ^ 6                                
 
 
        Population Abundance (1 January)
        --------------------------------
------+----------------
AGE   |    2002    2003
------+----------------
  0   |  169.06  284.43
  1   |  144.74  144.58
  2   |  260.83  121.58
  3   |  302.65  212.72
  4   |  224.45  234.22
  5   |  172.22  164.20
  6   |  122.91  123.21
  7   |   74.42   85.83
  8   |   60.22   50.41
  9   |   57.66   81.28
------+----------------
       x 10 ^ 6                                
 
 
 
        Weighting factors for the catches in number
        -------------------------------------------
------+----------------------------------------------------------------------------------------
AGE   |    1992    1993    1994    1995    1996    1997    1998    1999    2000    2001    2002
------+----------------------------------------------------------------------------------------
  0   |  0.0200  0.0200  0.0200  0.0200  0.0200  0.0200  0.0200  0.0200  0.0200  0.0200  0.0200
  1   |  1.0000  1.0000  1.0000  1.0000  1.0000  1.0000  1.0000  1.0000  1.0000  1.0000  1.0000
  2   |  1.0000  1.0000  1.0000  1.0000  1.0000  1.0000  1.0000  1.0000  1.0000  1.0000  1.0000
  3   |  1.0000  1.0000  1.0000  1.0000  1.0000  1.0000  1.0000  1.0000  1.0000  1.0000  1.0000
  4   |  1.0000  1.0000  1.0000  1.0000  1.0000  1.0000  1.0000  1.0000  1.0000  1.0000  1.0000
  5   |  1.0000  1.0000  1.0000  1.0000  1.0000  1.0000  1.0000  1.0000  1.0000  1.0000  1.0000
  6   |  1.0000  1.0000  1.0000  1.0000  1.0000  1.0000  1.0000  1.0000  1.0000  1.0000  1.0000
  7   |  1.0000  1.0000  1.0000  1.0000  1.0000  1.0000  1.0000  1.0000  1.0000  1.0000  1.0000
  8   |  1.0000  1.0000  1.0000  1.0000  1.0000  1.0000  1.0000  1.0000  1.0000  1.0000  1.0000
------+----------------------------------------------------------------------------------------
                                               
 
 
 
 Predicted SSB Index Values                                                     
  
 ---------------------------
 
          INDEX
        -------
------+------------------------------------------------------------------------------------------------------------------------
      |    1972    1973    1974    1975    1976    1977    1978    1979    1980    1981    1982    1983    1984    1985    1986
------+------------------------------------------------------------------------------------------------------------------------
  1   | ******* ******* ******* ******* ******* ******* ******* ******* ******* ******* ******* ******* ******* ******* *******
------+------------------------------------------------------------------------------------------------------------------------
       x 10 ^ 3                                
 
 
          INDEX
        -------
------+------------------------------------------------------------------------------------------------------------------------
      |    1987    1988    1989    1990    1991    1992    1993    1994    1995    1996    1997    1998    1999    2000    2001
------+------------------------------------------------------------------------------------------------------------------------
  1   | *******  322.57  314.63  270.14  292.43  263.25  248.36  209.74  219.52  224.03  235.63  231.13  260.86  280.92  329.40
------+------------------------------------------------------------------------------------------------------------------------
       x 10 ^ 3                                
 
 
          INDEX
        -------
------+--------
      |    2002
------+--------
  1   |  317.68
------+--------
       x 10 ^ 3                                
 
 
 
 Predicted Age-Structured Index Values                                          
  
 --------------------------------------
 
        FLT01: Dummy survey Predicted
        -----------------------------
------+--------------------------------
AGE   |    1981    1982    1983    1984
------+--------------------------------
  1   |   81.52  108.19   53.42   76.19
  2   |  267.87  379.08  497.10  247.80
  3   |  168.71  420.56  581.62  776.19
  4   |  231.84   76.59  184.66  261.09
  5   |  159.77  149.78   47.83  117.17
  6   |  104.48  113.24  102.27   33.25
  7   |   29.47   80.61   83.59   77.21
  8   |   90.42   37.94  100.08  104.72
  9   |   43.82   53.02   41.63   56.53
------+--------------------------------
       x 10 ^ 3                                
 
 
 
        Fitted Selection Pattern
        ------------------------
------+------------------------------------------------------------------------------------------------------------------------
AGE   |    1972    1973    1974    1975    1976    1977    1978    1979    1980    1981    1982    1983    1984    1985    1986
------+------------------------------------------------------------------------------------------------------------------------
  0   |  0.0350  0.0350  0.0349  0.0348  0.0347  0.0346  0.0346  0.0345  0.0344  0.0344  0.0345  0.0346  0.0320  0.0327  0.0334
  1   |  0.1325  0.1325  0.1323  0.1320  0.1318  0.1317  0.1314  0.1313  0.1312  0.1307  0.1312  0.1316  0.1319  0.1221  0.1248
  2   |  0.2933  0.2934  0.2931  0.2926  0.2922  0.2920  0.2924  0.2917  0.2913  0.2908  0.2914  0.2923  0.2932  0.2939  0.2711
  3   |  0.5779  0.5783  0.5783  0.5774  0.5769  0.5767  0.5771  0.5779  0.5760  0.5747  0.5770  0.5772  0.5788  0.5810  0.5817
  4   |  0.8818  0.8820  0.8824  0.8818  0.8812  0.8811  0.8813  0.8819  0.8826  0.8784  0.8812  0.8826  0.8820  0.8853  0.8864
  5   |  1.0000  1.0000  1.0000  1.0000  1.0000  1.0000  1.0000  1.0000  1.0000  1.0000  1.0000  1.0000  1.0000  1.0000  1.0000
  6   |  1.1266  1.1260  1.1259  1.1253  1.1261  1.1268  1.1266  1.1261  1.1253  1.1242  1.1307  1.1257  1.1232  1.1244  1.1180
  7   |  1.2831  1.2826  1.2819  1.2809  1.2809  1.2824  1.2824  1.2815  1.2802  1.2777  1.2837  1.2863  1.2758  1.2740  1.2666
  8   |  1.1786  1.1786  1.1782  1.1770  1.1763  1.1764  1.1763  1.1760  1.1749  1.1723  1.1763  1.1772  1.1765  1.1669  1.1557
  9   |  1.1786  1.1786  1.1782  1.1770  1.1763  1.1764  1.1763  1.1760  1.1749  1.1723  1.1763  1.1772  1.1765  1.1669  1.1557
------+------------------------------------------------------------------------------------------------------------------------
                                               
 
 
        Fitted Selection Pattern
        ------------------------
------+------------------------------------------------------------------------------------------------------------------------
AGE   |    1987    1988    1989    1990    1991    1992    1993    1994    1995    1996    1997    1998    1999    2000    2001
------+------------------------------------------------------------------------------------------------------------------------
  0   |  0.0338  0.0342  0.0394  0.0395  0.0398  0.0348  0.0348  0.0348  0.0348  0.0348  0.0348  0.0348  0.0348  0.0348  0.0348
  1   |  0.1273  0.1287  0.1478  0.1467  0.1462  0.1317  0.1317  0.1317  0.1317  0.1317  0.1317  0.1317  0.1317  0.1317  0.1317
  2   |  0.2771  0.2828  0.3245  0.3203  0.3163  0.2915  0.2915  0.2915  0.2915  0.2915  0.2915  0.2915  0.2915  0.2915  0.2915
  3   |  0.5326  0.5446  0.6309  0.6224  0.6122  0.5751  0.5751  0.5751  0.5751  0.5751  0.5751  0.5751  0.5751  0.5751  0.5751
  4   |  0.8866  0.8010  0.9289  0.9267  0.9129  0.8792  0.8792  0.8792  0.8792  0.8792  0.8792  0.8792  0.8792  0.8792  0.8792
  5   |  1.0000  1.0000  1.0000  1.0000  1.0000  1.0000  1.0000  1.0000  1.0000  1.0000  1.0000  1.0000  1.0000  1.0000  1.0000
  6   |  1.1169  1.1165  1.2602  1.0520  1.0584  1.1309  1.1309  1.1309  1.1309  1.1309  1.1309  1.1309  1.1309  1.1309  1.1309
  7   |  1.2572  1.2551  1.4142  1.3674  1.1055  1.2956  1.2956  1.2956  1.2956  1.2956  1.2956  1.2956  1.2956  1.2956  1.2956
  8   |  1.1461  1.1373  1.2767  1.2324  1.1876  1.2000  1.2000  1.2000  1.2000  1.2000  1.2000  1.2000  1.2000  1.2000  1.2000
  9   |  1.1461  1.1373  1.2767  1.2324  1.1876  1.2000  1.2000  1.2000  1.2000  1.2000  1.2000  1.2000  1.2000  1.2000  1.2000
------+------------------------------------------------------------------------------------------------------------------------
                                               
 
 
        Fitted Selection Pattern
        ------------------------
------+--------
AGE   |    2002
------+--------
  0   |  0.0348
  1   |  0.1317
  2   |  0.2915
  3   |  0.5751
  4   |  0.8792
  5   |  1.0000
  6   |  1.1309
  7   |  1.2956
  8   |  1.2000
  9   |  1.2000
------+--------
                                               
 
 
 
 
 
                    STOCK SUMMARY                                             
 
 
 ³ Year ³  Recruits  ³  Total  ³ Spawning³ Landings ³ Yield ³ Mean F ³ SoP ³    
 ³      ³   Age   0  ³ Biomass ³ Biomass ³          ³ /SSB  ³  Ages  ³     ³ 
 ³      ³  thousands ³  tonnes ³ tonnes  ³ tonnes   ³ ratio ³  4- 7  ³ (%) ³ 
 
   1972       426700    405105    301580     72724   0.2411   0.2250    99
   1973       567550    387341    274554     71145   0.2591   0.2469    99
   1974       228330    372233    248787     47816   0.1922   0.1808   100
   1975       588930    358408    252542     58181   0.2304   0.2392    99
   1976       605420    373060    250238     50249   0.2008   0.2059   100
   1977       544730    390123    244329     71561   0.2929   0.2985    99
   1978       175040    392961    256763     66783   0.2601   0.3004    99
   1979       430040    365138    265810     57133   0.2149   0.2539   100
   1980       604920    357393    257438     58816   0.2285   0.2261   100
   1981       800950    369402    252997     60355   0.2386   0.2313    99
   1982       397520    375520    250510     52281   0.2087   0.1936   100
   1983       564890    419099    287817     77407   0.2689   0.2870    99
   1984       402260    432329    315561     55208   0.1750   0.1876   100
   1985       475270    450334    334950     76686   0.2289   0.2141   100
   1986       617600    436913    319571     93885   0.2938   0.2675   100
   1987       254940    412616    306483     53469   0.1745   0.1495    99
   1988       191650    425757    322569     83443   0.2587   0.2272   100
   1989       610410    397451    314629     69003   0.2193   0.1994    99
   1990       563260    361209    270143     67933   0.2515   0.2001    99
   1991       233860    393999    292429     43140   0.1475   0.1258   100
   1992       202570    361430    263248     69371   0.2635   0.2553    99
   1993       413200    330585    248361     77754   0.3131   0.3106   100
   1994       542430    287458    209736     60767   0.2897   0.2563   100
   1995       438490    312035    219515     46897   0.2136   0.2048   100
   1996       496890    312915    224025     48957   0.2185   0.2134   100
   1997       498740    338167    235627     62026   0.2632   0.2679    99
   1998       481420    331909    231132     68389   0.2959   0.2874   100
   1999       509330    363321    260863     42505   0.1629   0.1637   100
   2000       361190    384496    280920     50404   0.1794   0.1715    99
   2001       169050    429651    329402     52876   0.1605   0.1635    99
   2002       169050    404065    317675     65723   0.2069   0.1990    99
 
 -----------------------------------------------------------------            
 No of years for separable analysis : 11                                      
 Age range in the analysis : 0  . . . 9                                       
 Year range in the analysis : 1972  . . . 2002                                
 Number of indices of SSB : 1                                                 
 Number of age-structured indices : 1                                         
                                                                              
 Parameters to estimate : 46                                                  
 Number of observations : 150                                                 
                                                                              
 Conventional single selection vector model to be fitted.                     
                                                                              
                                                                              
                                                                              
 -----------------------------------------------------------------            
 
 
 PARAMETER ESTIMATES                                                            
  
 
 ³Parm.³      ³ Maximum ³    ³        ³         ³         ³         ³ Mean of ³ 
  
 ³ No. ³      ³ Likelh. ³ CV ³  Lower ³ Upper   ³  -s.e.  ³   +s.e. ³ Param.  ³ 
  
 ³     ³      ³ Estimate³ (%)³ 95% CL ³ 95% CL  ³         ³         ³ Distrib.³ 
  
 Separable model : F by year                                                    
  
    1   1992     0.1824   0    0.1824    0.1824    0.1824    0.1824    0.1824
    2   1993     0.2229   0    0.2229    0.2229    0.2229    0.2229    0.2229
    3   1994     0.1860   0    0.1860    0.1860    0.1860    0.1860    0.1860
    4   1995     0.1534   0    0.1534    0.1534    0.1534    0.1534    0.1534
    5   1996     0.1683   0    0.1683    0.1683    0.1683    0.1683    0.1683
    6   1997     0.2259   0    0.2259    0.2259    0.2259    0.2259    0.2259
    7   1998     0.2635   0    0.2635    0.2635    0.2635    0.2635    0.2635
    8   1999     0.1662   0    0.1662    0.1662    0.1662    0.1662    0.1662
    9   2000     0.1948   0    0.1948    0.1948    0.1948    0.1948    0.1948
   10   2001     0.2089   0    0.2089    0.2089    0.2089    0.2089    0.2089
   11   2002     0.2884   0    0.2884    0.2884    0.2884    0.2884    0.2884
 
 Separable Model: Selection (S) by age                                          
  
   12      0     0.0438   0    0.0438    0.0438    0.0438    0.0438    0.0438
   13      1     0.1494   0    0.1494    0.1494    0.1494    0.1494    0.1494
   14      2     0.3086   0    0.3086    0.3086    0.3086    0.3086    0.3086
   15      3     0.5853   0    0.5853    0.5853    0.5853    0.5853    0.5853
   16      4     0.8799   0    0.8799    0.8799    0.8799    0.8799    0.8799
           5     1.0000     Fixed : Reference Age             
   17      6     1.1445   0    1.1445    1.1445    1.1445    1.1445    1.1445
   18      7     1.2064   0    1.2064    1.2064    1.2064    1.2064    1.2064
           8     1.2000     Fixed : Last true age             
 
 Separable model: Populations in year 2002                                    
   19      0      86344   0      86344     86344     86344     86344     86344
   20      1      82965   0      82965     82965     82965     82965     82965
   21      2     164660   0     164660    164660    164660    164660    164660
   22      3     207016   0     207016    207016    207016    207016    207016
   23      4     163127   0     163127    163127    163127    163127    163127
   24      5     130631   0     130631    130631    130631    130631    130631
   25      6      96823   0      96823     96823     96823     96823     96823
   26      7      61130   0      61130     61130     61130     61130     61130
   27      8      52814   0      52814     52814     52814     52814     52814
 
Separable model: Populations at age
   28   1992      51753   0      51753     51753     51753     51753     51753
   29   1993      58735   0      58735     58735     58735     58735     58735
   30   1994      70560   0      70560     70560     70560     70560     70560
   31   1995      28739   0      28739     28739     28739     28739     28739
   32   1996      22047   0      22047     22047     22047     22047     22047
   33   1997      70490   0      70490     70490     70490     70490     70490
   34   1998      61981   0      61981     61981     61981     61981     61981
   35   1999      23663   0      23663     23663     23663     23663     23663
   36   2000      21905   0      21905     21905     21905     21905     21905
   37   2001      42774   0      42774     42774     42774     42774     42774
 
 SSB Index catchabilities                                                       
  
   INDEX                                 
 Absolute estimator. No fitted catchability.                                    
  
 
 
 
 Age-structured index catchabilities                                            
  
                                        FLT01: Dummy survey                     
 
 Linear model fitted. Slopes at age :                                           
  
   38   1  Q  .1739       0 .1739     .1739     .1739     .1739     .1739    
   39   2  Q  .9798       0 .9798     .9798     .9798     .9798     .9798    
   40   3  Q  1.947       0 1.947     1.947     1.947     1.947     1.947    
   41   4  Q  1.185       0 1.185     1.185     1.185     1.185     1.185    
   42   5  Q  1.070       0 1.070     1.070     1.070     1.070     1.070    
   43   6  Q  1.086       0 1.086     1.086     1.086     1.086     1.086    
   44   7  Q  1.233       0 1.233     1.233     1.233     1.233     1.233    
   45   8  Q  2.347       0 2.347     2.347     2.347     2.347     2.347    
   46   9  Q  1.105       0 1.105     1.105     1.105     1.105     1.105    
 
 
 
 RESIDUALS ABOUT THE MODEL FIT                                                  
  
 ------------------------------
 
        Separable Model Residuals
        -------------------------
------+----------------------------------------------------------------------------------------
Age   |    1992    1993    1994    1995    1996    1997    1998    1999    2000    2001    2002
------+----------------------------------------------------------------------------------------
  0   | ******* ******* ******* ******* ******* ******* ******* ******* ******* ******* *******
  1   | ******* ******* ******* ******* ******* ******* ******* ******* ******* ******* *******
  2   | ******* ******* ******* ******* ******* ******* ******* ******* ******* ******* *******
  3   | ******* ******* ******* ******* ******* ******* ******* ******* ******* ******* *******
  4   | ******* ******* ******* ******* ******* ******* ******* ******* ******* ******* *******
  5   | ******* ******* ******* ******* ******* ******* ******* ******* ******* ******* *******
  6   | ******* ******* ******* ******* ******* ******* ******* ******* ******* ******* *******
  7   | ******* ******* ******* ******* ******* ******* ******* ******* ******* ******* *******
  8   | ******* ******* ******* ******* ******* ******* ******* ******* ******* ******* *******
------+----------------------------------------------------------------------------------------
                                               
 
 
 
 SPAWNING BIOMASS INDEX RESIDUALS                                               
  
 ---------------------------------
 
          INDEX
        -------
------+------------------------------------------------------------------------------------------------------------------------
      |    1972    1973    1974    1975    1976    1977    1978    1979    1980    1981    1982    1983    1984    1985    1986
------+------------------------------------------------------------------------------------------------------------------------
  1   | ******* ******* ******* ******* ******* ******* ******* ******* ******* ******* ******* ******* ******* ******* *******
------+------------------------------------------------------------------------------------------------------------------------
                                               
 
 
          INDEX
        -------
------+------------------------------------------------------------------------------------------------------------------------
      |    1987    1988    1989    1990    1991    1992    1993    1994    1995    1996    1997    1998    1999    2000    2001
------+------------------------------------------------------------------------------------------------------------------------
  1   | ******* -0.1459 -0.1706 -0.1958 -0.2093  0.0000  0.0000  0.0000  0.0000  0.0000  0.0000  0.0000  0.0000  0.0000  0.0000
------+------------------------------------------------------------------------------------------------------------------------
                                               
 
 
          INDEX
        -------
------+--------
      |    2002
------+--------
  1   |  0.0000
------+--------
                                               
 
 
 
 AGE-STRUCTURED INDEX RESIDUALS                                                 
  
 -------------------------------
 
        FLT01: Dummy survey
        -------------------
------+--------------------------------
Age   |    1981    1982    1983    1984
------+--------------------------------
  1   |   1.183   0.629  -0.203  -1.609
  2   |   0.637   0.140   0.360  -1.137
  3   |   0.288   0.140  -0.269  -0.159
  4   |  -1.990   0.877   0.752   0.361
  5   |   0.090  -1.802   1.003   0.709
  6   |   0.417   0.188  -1.622   1.018
  7   |   1.217   0.298   0.088  -1.603
  8   |   0.254   0.801  -0.345  -0.710
  9   |  -0.216   0.495   0.123  -0.364
------+--------------------------------
                                               
 
 
 
 
 
 
 PARAMETERS OF THE DISTRIBUTION OF ln(CATCHES AT AGE)                           
  
 -----------------------------------------------------
 
 Separable model fitted from 1992  to 2002                                    
 Variance                             0.0000
Skewness test stat.                   2.5107
Kurtosis test statistic              -2.0204
Partial chi-square                    0.0000
Significance in fit                   0.0000
Degrees of freedom                        62
 
 
 PARAMETERS OF DISTRIBUTIONS OF THE SSB INDICES                                 
  
 -----------------------------------------------
 
 
   DISTRIBUTION STATISTICS FOR   INDEX                                          
 
 
 Index used as absolute measure of abundance                                    
  
 Last age is a plus-group                                                       
  
 
 Variance                             0.0442
Skewness test stat.                  -3.1406
Kurtosis test statistic               0.7936
Partial chi-square                    0.0526
Significance in fit                   0.0000
Number of observations                    15
Degrees of freedom                        15
Weight in the analysis                5.0000
 
 PARAMETERS OF THE DISTRIBUTION OF THE AGE-STRUCTURED INDICES                   
  
 ------------------------------------------------------------ 
 
 
   DISTRIBUTION STATISTICS FOR FLT01: Dummy survey                              
 
 
 Linear catchability relationship assumed                                       
  
 
 Age                          1         2         3         4         5         6         7         8         9
 Variance                0.0016    0.0007    0.0001    0.0020    0.0018    0.0014    0.0015    0.0005    0.0002
Skewness test stat.     -0.3981   -0.7554    0.0595   -0.8702   -0.7044   -0.6709   -0.4430    0.1391    0.3630
Kurtosis test statisti  -0.4894   -0.3385   -0.6892   -0.3031   -0.3751   -0.3521   -0.3888   -0.5925   -0.5482
Partial chi-square       0.0004    0.0002    0.0000    0.0005    0.0005    0.0004    0.0004    0.0001    0.0000
Significance in fit      0.0000    0.0000    0.0000    0.0000    0.0000    0.0000    0.0000    0.0000    0.0000
Number of observations        4         4         4         4         4         4         4         4         4
Degrees of freedom            3         3         3         3         3         3         3         3         3
Weight in the analysis   0.0011    0.0011    0.0011    0.0011    0.0011    0.0011    0.0011    0.0011    0.0011
 
 ANALYSIS OF VARIANCE                   
--------------------------
 
 Unweighted Statistics                                                          
  
 
                                                                                
  
Variance                              
                                       SSQ     Data    Parameters d.f. Variance
Total for model                        26.5874     150         46  104   0.2556
Catches at age                          0.0000      99         37   62   0.0000
  
SSB Indices                           
  INDEX                                 0.1325      15          0   15   0.0088
  
 Aged Indices                                                                   
  
FLT01: Dummy survey                    26.4549      36          9   27   0.9798
 
 
 Weighted Statistics                                                            
  
 
                                                                                
  
Variance                              
                                       SSQ     Data    Parameters d.f. Variance
Total for model                         3.3129     150         46  104   0.0319
Catches at age                          0.0000      99         37   62   0.0000
  
SSB Indices                           
  INDEX                                 3.3128      15          0   15   0.2209
  
 Aged Indices                                                                   
  
FLT01: Dummy survey                     0.0000      36          9   27   0.0000
 
