 Output Generated by ICA Version 1.4                                            
  
 ------------------------------------
 
        Mackerel NE Atlantic  WG2003
        ----------------------------
 
        Catch in Number
        ---------------
------+------------------------------------------------------------------------------------------------------------------------
AGE   |    1972    1973    1974    1975    1976    1977    1978    1979    1980    1981    1982    1983    1984    1985    1986
------+------------------------------------------------------------------------------------------------------------------------
  0   |   4254.   2142.   1961.   1081.   3837.   5382.   3077.   3557.   2775.   4103.   2802.   4242.   4642.   4161.   4789.
  1   |   9947.   9358.  10801.   3715.   5903.  12485.  13464.  10899.   9910.  10050.  13232.   9028.  15366.  11196.  17655.
  2   |  10745.  12461.  26770.  11648.  11516.  10831.  17692.  27047.  17245.  20369.  18362.  24144.  18471.  21008.  26871.
  3   |  27291.  11464.  30147.  24581.  30553.  17689.  12950.  30044.  36259.  29994.  31405.  28258.  41459.  21334.  42436.
  4   |  40528.  21165.  20114.  20089.  46823.  33454.  15194.  15893.  29131.  45646.  33312.  34788.  34745.  34443.  31017.
  5   |  46157.  22207.  26440.   9442.  27291.  35853.  20141.  13189.  10874.  25974.  35727.  25990.  30058.  20244.  35394.
  6   |  26361.  24463.  26815.  11995.  12406.  20046.  20773.  16871.   8710.   9362.  19590.  26851.  21585.  16863.  20041.
  7   |   5696.  13710.  28939.  11929.  15450.   8853.  11330.  17020.  10904.   7341.   6896.  14374.  21712.  11820.  16294.
  8   |  15271.   2359.  13070.  10227.  12397.   8802.   3982.   7438.   8782.   7368.   4324.   4046.   9304.   9459.   9174.
  9   |  14515.  12913.  14546.   9934.  21520.  19206.  13476.  11256.   9110.  12062.  11682.   9778.   8882.   7778.  13734.
------+------------------------------------------------------------------------------------------------------------------------
       x 10 ^ 3                                
 
 
        Catch in Number
        ---------------
------+------------------------------------------------------------------------------------------------------------------------
AGE   |    1987    1988    1989    1990    1991    1992    1993    1994    1995    1996    1997    1998    1999    2000    2001
------+------------------------------------------------------------------------------------------------------------------------
  0   |   2820.   4265.   2844.   3706.   4337.   4132.   2262.   6480.   5885.   3797.   4539.   1060.   1310.   2112.   1512.
  1   |  13108.   9909.   8285.  15957.   9402.  17331.   9492.   9086.  18952.  18376.  12177.  11878.   3503.   6085.   4976.
  2   |  27324.  26045.  10962.  26361.  22914.  21236.  22575.  21615.  15054.  33575.  33436.  18143.  22378.   9214.   8125.
  3   |  34981.  45667.  24537.  29469.  31904.  43493.  23386.  43445.  30217.  22560.  51697.  42402.  29174.  49604.  10393.
  4   |  39555.  41972.  31239.  47825.  25584.  43475.  34471.  32547.  43697.  32716.  25114.  47680.  49870.  46655.  40243.
  5   |  20236.  33400.  20240.  43394.  29074.  24578.  24162.  34001.  23021.  33403.  25734.  16404.  39986.  56528.  26534.
  6   |  22192.  16442.  15571.  27174.  25372.  26879.  13155.  23006.  23162.  16979.  25358.  16263.  13344.  43712.  30954.
  7   |  12236.  17579.   7518.  20477.  15487.  22867.  14048.  12256.  15298.  16708.  12611.  15728.  13019.  14254.  23363.
  8   |   7924.   7758.   6389.   7980.   9286.  11197.   9501.  10508.   6505.   8824.   9929.   6246.  10097.  11190.   6058.
  9   |  11787.  13239.   7804.  15039.  10668.  14771.  11189.  15812.  14613.  12318.  12741.  11273.  11317.  19129.  13177.
------+------------------------------------------------------------------------------------------------------------------------
       x 10 ^ 3                                
 
 
        Catch in Number
        ---------------
------+--------
AGE   |    2002
------+--------
  0   |   3984.
  1   |   5345.
  2   |   9993.
  3   |  13832.
  4   |  12832.
  5   |  35234.
  6   |  22452.
  7   |  25666.
  8   |  15530.
  9   |  12765.
------+--------
       x 10 ^ 3                                
 
 
 
        Predicted Catch in Number
        -------------------------
------+----------------------------------------------------------------------------------------
AGE   |    1992    1993    1994    1995    1996    1997    1998    1999    2000    2001    2002
------+----------------------------------------------------------------------------------------
  0   |   4132.   2262.   6479.   5884.   3797.   4539.   1060.   1310.   2112.   1512.   3984.
  1   |  17331.   9492.   9086.  18950.  18375.  12176.  11878.   3503.   6085.   4975.   5345.
  2   |  21237.  22576.  21616.  15054.  33572.  33434.  18142.  22378.   9213.   8124.   9993.
  3   |  43496.  23387.  43447.  30218.  22560.  51693.  42398.  29173.  49602.  10392.  13832.
  4   |  43478.  34474.  32549.  43699.  32717.  25113.  47676.  49866.  46652.  40240.  12832.
  5   |  24580.  24164.  34004.  23023.  33404.  25735.  16403.  39983.  56524.  26532.  35235.
  6   |  26880.  13156.  23007.  23163.  16979.  25358.  16263.  13343.  43707.  30950.  22452.
  7   |  22867.  14048.  12256.  15298.  16709.  12612.  15729.  13020.  14254.  23360.  25665.
  8   |  11196.   9501.  10508.   6505.   8824.   9929.   6246.  10097.  11190.   6058.  15529.
------+----------------------------------------------------------------------------------------
       x 10 ^ 3                                
 
 
 
        Weights at age in the catches (Kg)
        ----------------------------------
------+------------------------------------------------------------------------------------------------------------------------
AGE   |    1972    1973    1974    1975    1976    1977    1978    1979    1980    1981    1982    1983    1984    1985    1986
------+------------------------------------------------------------------------------------------------------------------------
  0   | 0.05200 0.05000 0.05100 0.05000 0.05900 0.05600 0.03600 0.01600 0.05700 0.06000 0.05300 0.05000 0.03100 0.05500 0.03900
  1   | 0.13500 0.14500 0.13600 0.14800 0.13700 0.13600 0.13500 0.13700 0.13100 0.13200 0.13100 0.16800 0.10200 0.14400 0.14600
  2   | 0.27700 0.19400 0.22900 0.17700 0.20700 0.16900 0.16100 0.16100 0.24900 0.24800 0.24900 0.21900 0.18400 0.26200 0.24500
  3   | 0.34100 0.28500 0.26100 0.25900 0.26300 0.27500 0.25000 0.24300 0.28500 0.28700 0.28500 0.27600 0.29500 0.35700 0.33500
  4   | 0.42300 0.36800 0.33400 0.32300 0.32000 0.33300 0.32500 0.31800 0.34500 0.34400 0.34500 0.31000 0.32600 0.41800 0.42300
  5   | 0.46800 0.44800 0.39200 0.34800 0.34600 0.35200 0.34500 0.34800 0.37800 0.37700 0.37800 0.38600 0.34400 0.41700 0.47100
  6   | 0.46800 0.46800 0.48100 0.43000 0.40600 0.40700 0.40300 0.40100 0.45400 0.45400 0.45400 0.42500 0.43100 0.43600 0.44400
  7   | 0.50800 0.50800 0.50800 0.48800 0.44300 0.44600 0.42100 0.41600 0.49800 0.49900 0.49600 0.43500 0.54200 0.52100 0.45700
  8   | 0.53900 0.53900 0.53900 0.53900 0.51800 0.54600 0.51800 0.50600 0.52000 0.51300 0.51300 0.49800 0.48000 0.55500 0.54300
  9   | 0.59923 0.59582 0.60982 0.60077 0.59675 0.58180 0.57440 0.55676 0.56335 0.55836 0.56112 0.59029 0.61839 0.60863 0.59462
------+------------------------------------------------------------------------------------------------------------------------
                                               
 
 
        Weights at age in the catches (Kg)
        ----------------------------------
------+------------------------------------------------------------------------------------------------------------------------
AGE   |    1987    1988    1989    1990    1991    1992    1993    1994    1995    1996    1997    1998    1999    2000    2001
------+------------------------------------------------------------------------------------------------------------------------
  0   | 0.07600 0.05500 0.04900 0.08500 0.06800 0.05100 0.06100 0.04600 0.07200 0.05800 0.07600 0.06500 0.06200 0.06300 0.06900
  1   | 0.17900 0.13300 0.13600 0.15600 0.15600 0.16700 0.13400 0.13600 0.14300 0.14300 0.14300 0.15700 0.17600 0.13500 0.17100
  2   | 0.22300 0.25900 0.23700 0.23300 0.25300 0.23900 0.24000 0.25500 0.23400 0.22600 0.23000 0.22700 0.23600 0.22900 0.22300
  3   | 0.31800 0.32300 0.32000 0.33600 0.32700 0.33300 0.31700 0.33900 0.33300 0.31300 0.29500 0.31000 0.30700 0.30800 0.30700
  4   | 0.39900 0.38800 0.37700 0.37900 0.39400 0.39700 0.37600 0.39000 0.39000 0.37700 0.35900 0.35400 0.36100 0.36700 0.37800
  5   | 0.47400 0.45600 0.43300 0.42300 0.42300 0.46000 0.43600 0.44800 0.45200 0.42500 0.41500 0.40800 0.40600 0.42900 0.42600
  6   | 0.51200 0.52400 0.45600 0.46700 0.46900 0.49500 0.48300 0.51200 0.50100 0.48400 0.45300 0.45200 0.45400 0.46700 0.47700
  7   | 0.49300 0.55500 0.54300 0.52800 0.50600 0.53200 0.52700 0.54300 0.53900 0.51800 0.48100 0.46200 0.50100 0.50400 0.49900
  8   | 0.49800 0.55500 0.59200 0.55200 0.55400 0.55500 0.54800 0.59000 0.57700 0.55100 0.52400 0.51800 0.53700 0.53700 0.54300
  9   | 0.61617 0.60312 0.61527 0.61458 0.63454 0.62825 0.60608 0.62055 0.61228 0.60012 0.57750 0.57130 0.59328 0.58724 0.60486
------+------------------------------------------------------------------------------------------------------------------------
                                               
 
 
        Weights at age in the catches (Kg)
        ----------------------------------
------+--------
AGE   |    2002
------+--------
  0   | 0.05200
  1   | 0.15900
  2   | 0.25500
  3   | 0.30700
  4   | 0.36900
  5   | 0.42600
  6   | 0.46400
  7   | 0.51400
  8   | 0.53900
  9   | 0.61084
------+--------
                                               
 
 
 
        Weights at age in the stock (Kg)
        --------------------------------
------+------------------------------------------------------------------------------------------------------------------------
AGE   |    1972    1973    1974    1975    1976    1977    1978    1979    1980    1981    1982    1983    1984    1985    1986
------+------------------------------------------------------------------------------------------------------------------------
  0   | 0.00800 0.00800 0.00800 0.00800 0.00800 0.00800 0.00800 0.00800 0.00800 0.00800 0.00800 0.00800 0.00000 0.00000 0.00000
  1   | 0.13200 0.13200 0.13000 0.12900 0.12800 0.12700 0.11100 0.11000 0.10900 0.08700 0.08600 0.08600 0.08100 0.08500 0.07700
  2   | 0.17800 0.17700 0.17300 0.17100 0.17000 0.16700 0.17500 0.17400 0.17300 0.18600 0.13500 0.17200 0.19400 0.16500 0.17900
  3   | 0.24300 0.24200 0.23800 0.23600 0.23600 0.23300 0.23800 0.23700 0.23600 0.25200 0.22100 0.23500 0.25300 0.29300 0.26700
  4   | 0.41100 0.30100 0.29600 0.29400 0.29300 0.28900 0.30000 0.29900 0.29700 0.31300 0.28000 0.28000 0.29500 0.30600 0.30400
  5   | 0.35500 0.43800 0.32200 0.31800 0.31800 0.31300 0.34600 0.34500 0.34300 0.32300 0.38500 0.33900 0.32400 0.34100 0.35600
  6   | 0.39800 0.39800 0.46900 0.36500 0.36500 0.36100 0.38200 0.38000 0.37900 0.37800 0.35300 0.37700 0.39300 0.38400 0.35100
  7   | 0.43300 0.43300 0.43300 0.49700 0.41900 0.41600 0.41000 0.40800 0.40700 0.41900 0.40800 0.40400 0.43600 0.43000 0.41600
  8   | 0.45900 0.45900 0.45900 0.45900 0.51200 0.44600 0.43200 0.43000 0.42900 0.43400 0.43700 0.43900 0.44100 0.45900 0.47300
  9   | 0.51384 0.51011 0.52423 0.51576 0.51017 0.52853 0.50962 0.50907 0.48116 0.46356 0.47723 0.51575 0.51075 0.51579 0.46205
------+------------------------------------------------------------------------------------------------------------------------
                                               
 
 
        Weights at age in the stock (Kg)
        --------------------------------
------+------------------------------------------------------------------------------------------------------------------------
AGE   |    1987    1988    1989    1990    1991    1992    1993    1994    1995    1996    1997    1998    1999    2000    2001
------+------------------------------------------------------------------------------------------------------------------------
  0   | 0.00000 0.00000 0.00000 0.00000 0.00000 0.00000 0.00000 0.00000 0.00000 0.00000 0.00000 0.00000 0.00000 0.00000 0.00000
  1   | 0.07800 0.07200 0.07600 0.07400 0.07500 0.07800 0.07800 0.07900 0.08100 0.07600 0.07600 0.07700 0.08100 0.07400 0.07800
  2   | 0.14800 0.15600 0.17700 0.13800 0.15500 0.21200 0.19700 0.17800 0.16400 0.13300 0.18600 0.14900 0.19400 0.18500 0.16400
  3   | 0.24000 0.23700 0.24400 0.22200 0.23000 0.25900 0.26800 0.23700 0.26700 0.25100 0.22800 0.22300 0.24200 0.23500 0.24100
  4   | 0.28600 0.30100 0.30600 0.28700 0.30700 0.31000 0.31500 0.30100 0.32600 0.31700 0.29600 0.28500 0.30100 0.28900 0.34200
  5   | 0.37400 0.32900 0.35200 0.33900 0.35700 0.36200 0.36000 0.36100 0.39800 0.36600 0.36100 0.34200 0.35300 0.35000 0.39000
  6   | 0.38600 0.42300 0.38000 0.37300 0.40900 0.40200 0.41600 0.41300 0.44800 0.44400 0.40200 0.40000 0.39600 0.39000 0.44600
  7   | 0.41100 0.44500 0.42900 0.41400 0.43200 0.42400 0.45400 0.46600 0.49100 0.46200 0.44500 0.42600 0.42300 0.42600 0.45900
  8   | 0.42900 0.43200 0.47400 0.40900 0.50200 0.46200 0.46500 0.47000 0.50800 0.50100 0.47800 0.46600 0.44000 0.44700 0.49900
  9   | 0.48963 0.52075 0.48954 0.47926 0.56000 0.51630 0.51593 0.52965 0.55830 0.58641 0.53487 0.52711 0.49262 0.50145 0.56257
------+------------------------------------------------------------------------------------------------------------------------
                                               
 
 
        Weights at age in the stock (Kg)
        --------------------------------
------+--------
AGE   |    2002
------+--------
  0   | 0.00000
  1   | 0.07800
  2   | 0.18100
  3   | 0.23900
  4   | 0.31100
  5   | 0.36400
  6   | 0.41100
  7   | 0.43600
  8   | 0.46200
  9   | 0.52185
------+--------
                                               
 
 
 
        Natural Mortality (per year)
        ----------------------------
------+------------------------------------------------------------------------------------------------------------------------
AGE   |    1972    1973    1974    1975    1976    1977    1978    1979    1980    1981    1982    1983    1984    1985    1986
------+------------------------------------------------------------------------------------------------------------------------
  0   | 0.15000 0.15000 0.15000 0.15000 0.15000 0.15000 0.15000 0.15000 0.15000 0.15000 0.15000 0.15000 0.15000 0.15000 0.15000
  1   | 0.15000 0.15000 0.15000 0.15000 0.15000 0.15000 0.15000 0.15000 0.15000 0.15000 0.15000 0.15000 0.15000 0.15000 0.15000
  2   | 0.15000 0.15000 0.15000 0.15000 0.15000 0.15000 0.15000 0.15000 0.15000 0.15000 0.15000 0.15000 0.15000 0.15000 0.15000
  3   | 0.15000 0.15000 0.15000 0.15000 0.15000 0.15000 0.15000 0.15000 0.15000 0.15000 0.15000 0.15000 0.15000 0.15000 0.15000
  4   | 0.15000 0.15000 0.15000 0.15000 0.15000 0.15000 0.15000 0.15000 0.15000 0.15000 0.15000 0.15000 0.15000 0.15000 0.15000
  5   | 0.15000 0.15000 0.15000 0.15000 0.15000 0.15000 0.15000 0.15000 0.15000 0.15000 0.15000 0.15000 0.15000 0.15000 0.15000
  6   | 0.15000 0.15000 0.15000 0.15000 0.15000 0.15000 0.15000 0.15000 0.15000 0.15000 0.15000 0.15000 0.15000 0.15000 0.15000
  7   | 0.15000 0.15000 0.15000 0.15000 0.15000 0.15000 0.15000 0.15000 0.15000 0.15000 0.15000 0.15000 0.15000 0.15000 0.15000
  8   | 0.15000 0.15000 0.15000 0.15000 0.15000 0.15000 0.15000 0.15000 0.15000 0.15000 0.15000 0.15000 0.15000 0.15000 0.15000
  9   | 0.15000 0.15000 0.15000 0.15000 0.15000 0.15000 0.15000 0.15000 0.15000 0.15000 0.15000 0.15000 0.15000 0.15000 0.15000
------+------------------------------------------------------------------------------------------------------------------------
                                               
 
 
        Natural Mortality (per year)
        ----------------------------
------+------------------------------------------------------------------------------------------------------------------------
AGE   |    1987    1988    1989    1990    1991    1992    1993    1994    1995    1996    1997    1998    1999    2000    2001
------+------------------------------------------------------------------------------------------------------------------------
  0   | 0.15000 0.15000 0.15000 0.15000 0.15000 0.15000 0.15000 0.15000 0.15000 0.15000 0.15000 0.15000 0.15000 0.15000 0.15000
  1   | 0.15000 0.15000 0.15000 0.15000 0.15000 0.15000 0.15000 0.15000 0.15000 0.15000 0.15000 0.15000 0.15000 0.15000 0.15000
  2   | 0.15000 0.15000 0.15000 0.15000 0.15000 0.15000 0.15000 0.15000 0.15000 0.15000 0.15000 0.15000 0.15000 0.15000 0.15000
  3   | 0.15000 0.15000 0.15000 0.15000 0.15000 0.15000 0.15000 0.15000 0.15000 0.15000 0.15000 0.15000 0.15000 0.15000 0.15000
  4   | 0.15000 0.15000 0.15000 0.15000 0.15000 0.15000 0.15000 0.15000 0.15000 0.15000 0.15000 0.15000 0.15000 0.15000 0.15000
  5   | 0.15000 0.15000 0.15000 0.15000 0.15000 0.15000 0.15000 0.15000 0.15000 0.15000 0.15000 0.15000 0.15000 0.15000 0.15000
  6   | 0.15000 0.15000 0.15000 0.15000 0.15000 0.15000 0.15000 0.15000 0.15000 0.15000 0.15000 0.15000 0.15000 0.15000 0.15000
  7   | 0.15000 0.15000 0.15000 0.15000 0.15000 0.15000 0.15000 0.15000 0.15000 0.15000 0.15000 0.15000 0.15000 0.15000 0.15000
  8   | 0.15000 0.15000 0.15000 0.15000 0.15000 0.15000 0.15000 0.15000 0.15000 0.15000 0.15000 0.15000 0.15000 0.15000 0.15000
  9   | 0.15000 0.15000 0.15000 0.15000 0.15000 0.15000 0.15000 0.15000 0.15000 0.15000 0.15000 0.15000 0.15000 0.15000 0.15000
------+------------------------------------------------------------------------------------------------------------------------
                                               
 
 
        Natural Mortality (per year)
        ----------------------------
------+--------
AGE   |    2002
------+--------
  0   | 0.15000
  1   | 0.15000
  2   | 0.15000
  3   | 0.15000
  4   | 0.15000
  5   | 0.15000
  6   | 0.15000
  7   | 0.15000
  8   | 0.15000
  9   | 0.15000
------+--------
                                               
 
 
 
        Proportion of fish spawning
        ---------------------------
------+------------------------------------------------------------------------------------------------------------------------
AGE   |    1972    1973    1974    1975    1976    1977    1978    1979    1980    1981    1982    1983    1984    1985    1986
------+------------------------------------------------------------------------------------------------------------------------
  0   |  0.0000  0.0000  0.0000  0.0000  0.0000  0.0000  0.0000  0.0000  0.0000  0.0000  0.0000  0.0000  0.0000  0.0000  0.0000
  1   |  0.0500  0.0500  0.0500  0.0600  0.0600  0.0600  0.0600  0.0600  0.0600  0.0700  0.0700  0.0700  0.0700  0.0700  0.0700
  2   |  0.5300  0.5400  0.5400  0.5500  0.5500  0.5500  0.5600  0.5600  0.5700  0.5700  0.5700  0.5800  0.5800  0.5800  0.5800
  3   |  0.9000  0.9000  0.9000  0.8900  0.8900  0.8900  0.8900  0.8900  0.8900  0.8800  0.8800  0.8800  0.8800  0.8800  0.8800
  4   |  0.9800  0.9800  0.9800  0.9800  0.9800  0.9800  0.9800  0.9800  0.9800  0.9800  0.9800  0.9800  0.9700  0.9700  0.9700
  5   |  0.9800  0.9800  0.9800  0.9800  0.9800  0.9800  0.9800  0.9800  0.9800  0.9800  0.9800  0.9800  0.9700  0.9700  0.9700
  6   |  0.9900  0.9900  0.9900  0.9900  0.9900  0.9900  0.9900  0.9900  0.9900  0.9900  0.9900  0.9900  0.9900  0.9900  0.9900
  7   |  1.0000  1.0000  1.0000  1.0000  1.0000  1.0000  1.0000  1.0000  1.0000  1.0000  1.0000  1.0000  1.0000  1.0000  1.0000
  8   |  1.0000  1.0000  1.0000  1.0000  1.0000  1.0000  1.0000  1.0000  1.0000  1.0000  1.0000  1.0000  1.0000  1.0000  1.0000
  9   |  1.0000  1.0000  1.0000  1.0000  1.0000  1.0000  1.0000  1.0000  1.0000  1.0000  1.0000  1.0000  1.0000  1.0000  1.0000
------+------------------------------------------------------------------------------------------------------------------------
                                               
 
 
        Proportion of fish spawning
        ---------------------------
------+------------------------------------------------------------------------------------------------------------------------
AGE   |    1987    1988    1989    1990    1991    1992    1993    1994    1995    1996    1997    1998    1999    2000    2001
------+------------------------------------------------------------------------------------------------------------------------
  0   |  0.0000  0.0000  0.0000  0.0000  0.0000  0.0000  0.0000  0.0000  0.0000  0.0000  0.0000  0.0000  0.0000  0.0000  0.0000
  1   |  0.0700  0.0700  0.0700  0.0700  0.0700  0.0700  0.0700  0.0700  0.0700  0.0700  0.0700  0.0700  0.0700  0.0700  0.0700
  2   |  0.5800  0.5800  0.5800  0.5800  0.5800  0.5800  0.5800  0.5800  0.5800  0.5800  0.5800  0.5800  0.5800  0.5800  0.5900
  3   |  0.8800  0.8800  0.8800  0.8800  0.8800  0.8800  0.8800  0.8800  0.8800  0.8800  0.8800  0.8600  0.8600  0.8600  0.8800
  4   |  0.9700  0.9700  0.9700  0.9700  0.9700  0.9700  0.9700  0.9700  0.9700  0.9700  0.9700  0.9800  0.9800  0.9800  0.9700
  5   |  0.9700  0.9700  0.9700  0.9700  0.9700  0.9700  0.9700  0.9700  0.9700  0.9700  0.9700  0.9800  0.9800  0.9800  0.9700
  6   |  0.9900  0.9900  0.9900  0.9900  0.9900  0.9900  0.9900  0.9900  0.9900  0.9900  0.9900  0.9900  0.9900  0.9900  0.9900
  7   |  1.0000  1.0000  1.0000  1.0000  1.0000  1.0000  1.0000  1.0000  1.0000  1.0000  1.0000  1.0000  1.0000  1.0000  1.0000
  8   |  1.0000  1.0000  1.0000  1.0000  1.0000  1.0000  1.0000  1.0000  1.0000  1.0000  1.0000  1.0000  1.0000  1.0000  1.0000
  9   |  1.0000  1.0000  1.0000  1.0000  1.0000  1.0000  1.0000  1.0000  1.0000  1.0000  1.0000  1.0000  1.0000  1.0000  1.0000
------+------------------------------------------------------------------------------------------------------------------------
                                               
 
 
        Proportion of fish spawning
        ---------------------------
------+--------
AGE   |    2002
------+--------
  0   |  0.0000
  1   |  0.0700
  2   |  0.5900
  3   |  0.8800
  4   |  0.9700
  5   |  0.9700
  6   |  0.9900
  7   |  1.0000
  8   |  1.0000
  9   |  1.0000
------+--------
                                               
 
 
 
 INDICES OF SPAWNING BIOMASS                                                    
  
 ----------------------------
 
          INDEX
        -------
------+------------------------------------------------------------------------------------------------------------------------
      |    1972    1973    1974    1975    1976    1977    1978    1979    1980    1981    1982    1983    1984    1985    1986
------+------------------------------------------------------------------------------------------------------------------------
  1   | ******* ******* ******* ******* ******* ******* ******* ******* ******* ******* ******* ******* ******* ******* *******
------+------------------------------------------------------------------------------------------------------------------------
       x 10 ^ 3                                
 
 
          INDEX
        -------
------+------------------------------------------------------------------------------------------------------------------------
      |    1987    1988    1989    1990    1991    1992    1993    1994    1995    1996    1997    1998    1999    2000    2001
------+------------------------------------------------------------------------------------------------------------------------
  1   | *******  263.46  271.77  251.59  267.18  275.23  280.69  273.90  285.04  277.22  306.72  310.83  343.86  308.46  291.61
------+------------------------------------------------------------------------------------------------------------------------
       x 10 ^ 3                                
 
 
          INDEX
        -------
------+--------
      |    2002
------+--------
  1   |  233.75
------+--------
       x 10 ^ 3                                
 
 
 
 AGE-STRUCTURED INDICES                                                         
  
 -----------------------
 
        FLT01: Dummy survey
        -------------------
------+--------------------------------
AGE   |    1981    1982    1983    1984
------+--------------------------------
  1   |  266.10  203.00   43.60   15.24
  2   |  506.40  435.90  712.70   79.51
  3   |  225.10  483.60  444.60  661.83
  4   |   31.70  184.10  391.60  374.60
  5   |  174.80   24.70  130.40  238.20
  6   |  158.50  136.60   20.20   92.00
  7   |   99.50  108.60   91.30   15.54
  8   |  116.60   84.50   70.90   51.47
  9   |   35.30   87.00   47.10   39.27
------+--------------------------------
       x 10 ^ 3                                
 
 
 
        Fishing Mortality (per year)
        ----------------------------
------+------------------------------------------------------------------------------------------------------------------------
AGE   |    1972    1973    1974    1975    1976    1977    1978    1979    1980    1981    1982    1983    1984    1985    1986
------+------------------------------------------------------------------------------------------------------------------------
  0   | 0.00888 0.00609 0.00962 0.00567 0.00970 0.00988 0.00771 0.00853 0.00740 0.00834 0.00838 0.00841 0.00896 0.00678 0.00906
  1   | 0.03363 0.02306 0.03643 0.02149 0.03674 0.03752 0.02929 0.03237 0.02811 0.03174 0.03189 0.03199 0.03620 0.02555 0.03412
  2   | 0.07445 0.05106 0.08066 0.04759 0.08139 0.08310 0.06499 0.07184 0.06235 0.07046 0.07087 0.07114 0.08036 0.06031 0.07484
  3   | 0.14672 0.10068 0.15904 0.09387 0.16056 0.16390 0.12818 0.14197 0.12323 0.13914 0.14002 0.14065 0.15892 0.11905 0.15751
  4   | 0.22370 0.15359 0.24276 0.14327 0.24513 0.25015 0.19561 0.21663 0.18843 0.21271 0.21375 0.21474 0.24267 0.18177 0.23982
  5   | 0.25367 0.17400 0.27521 0.16252 0.27804 0.28370 0.22175 0.24558 0.21355 0.24163 0.24266 0.24328 0.27482 0.20580 0.27145
  6   | 0.28550 0.19593 0.30948 0.18294 0.31319 0.31940 0.24964 0.27633 0.24028 0.27177 0.27367 0.27406 0.30861 0.23102 0.30450
  7   | 0.32490 0.22292 0.35226 0.20790 0.35632 0.36346 0.28395 0.31432 0.27313 0.30889 0.31078 0.31226 0.35088 0.26157 0.34439
  8   | 0.29822 0.20461 0.32331 0.19085 0.32659 0.33328 0.26049 0.28830 0.25050 0.28310 0.28469 0.28569 0.32242 0.23958 0.31392
  9   | 0.29822 0.20461 0.32331 0.19085 0.32659 0.33328 0.26049 0.28830 0.25050 0.28310 0.28469 0.28569 0.32242 0.23958 0.31392
------+------------------------------------------------------------------------------------------------------------------------
                                               
 
 
        Fishing Mortality (per year)
        ----------------------------
------+------------------------------------------------------------------------------------------------------------------------
AGE   |    1987    1988    1989    1990    1991    1992    1993    1994    1995    1996    1997    1998    1999    2000    2001
------+------------------------------------------------------------------------------------------------------------------------
  0   | 0.00777 0.00857 0.00521 0.00928 0.00752 0.01020 0.00733 0.00922 0.00845 0.00826 0.00829 0.00678 0.00699 0.01019 0.00751
  1   | 0.02938 0.03236 0.01962 0.03466 0.02787 0.03859 0.02773 0.03491 0.03199 0.03127 0.03139 0.02564 0.02644 0.03856 0.02842
  2   | 0.06441 0.07126 0.04319 0.07601 0.06062 0.08543 0.06138 0.07726 0.07080 0.06921 0.06947 0.05676 0.05851 0.08535 0.06290
  3   | 0.12496 0.13819 0.08429 0.14812 0.11765 0.16854 0.12110 0.15243 0.13967 0.13654 0.13707 0.11198 0.11544 0.16839 0.12410
  4   | 0.20412 0.20502 0.12534 0.22165 0.17552 0.25766 0.18513 0.23303 0.21353 0.20875 0.20954 0.17120 0.17649 0.25742 0.18972
  5   | 0.22999 0.25106 0.13651 0.24232 0.19277 0.29307 0.21058 0.26506 0.24288 0.23743 0.23834 0.19473 0.20074 0.29280 0.21579
  6   | 0.25776 0.27967 0.16811 0.25851 0.20622 0.33143 0.23814 0.29975 0.27467 0.26851 0.26954 0.22022 0.22702 0.33113 0.24404
  7   | 0.29106 0.31528 0.18829 0.32732 0.21745 0.37970 0.27283 0.34342 0.31468 0.30763 0.30880 0.25230 0.26009 0.37936 0.27959
  8   | 0.26463 0.28620 0.17054 0.29457 0.22851 0.35168 0.25269 0.31807 0.29145 0.28492 0.28601 0.23367 0.24089 0.35136 0.25895
  9   | 0.26463 0.28620 0.17054 0.29457 0.22851 0.35168 0.25269 0.31807 0.29145 0.28492 0.28601 0.23367 0.24089 0.35136 0.25895
------+------------------------------------------------------------------------------------------------------------------------
                                               
 
 
        Fishing Mortality (per year)
        ----------------------------
------+--------
AGE   |    2002
------+--------
  0   | 0.00831
  1   | 0.03144
  2   | 0.06960
  3   | 0.13731
  4   | 0.20992
  5   | 0.23877
  6   | 0.27002
  7   | 0.30935
  8   | 0.28652
  9   | 0.28652
------+--------
                                               
 
 
 
        Population Abundance (1 January)
        --------------------------------
------+------------------------------------------------------------------------------------------------------------------------
AGE   |    1972    1973    1974    1975    1976    1977    1978    1979    1980    1981    1982    1983    1984    1985    1986
------+------------------------------------------------------------------------------------------------------------------------
  0   |  517.95  379.91  220.69  205.79  428.14  589.26  431.30  451.03  405.32  531.62  361.68  545.12  560.16  662.77  571.50
  1   |  323.74  441.86  325.01  188.13  176.12  364.95  502.20  368.37  384.91  346.29  453.77  308.70  465.26  477.84  566.60
  2   |  161.12  269.43  371.64  269.73  158.49  146.12  302.55  419.77  306.96  322.11  288.74  378.30  257.34  386.21  400.90
  3   |  214.97  128.73  220.36  295.09  221.37  125.75  115.74  244.02  336.25  248.23  258.38  231.52  303.25  204.39  312.96
  4   |  217.12  159.77  100.19  161.78  231.23  162.27   91.87   87.63  182.23  255.86  185.90  193.33  173.13  222.66  156.18
  5   |  221.14  149.42  117.94   67.65  120.66  155.75  108.76   65.02   60.73  129.91  178.02  129.22  134.24  116.90  159.79
  6   |  113.89  147.69  108.07   77.09   49.49   78.64  100.94   74.99   43.78   42.22   87.81  120.21   87.20   87.78   81.90
  7   |   22.02   73.68  104.50   68.26   55.26   31.14   49.18   67.69   48.96   29.63   27.69   57.49   78.66   55.12   59.97
  8   |   63.54   13.70   50.75   63.24   47.72   33.30   18.64   31.87   42.55   32.07   18.73   17.47   36.21   47.67   36.53
  9   |   60.39   74.96   56.47   61.43   82.84   72.67   63.08   48.22   44.13   52.50   50.60   42.22   34.57   39.20   54.68
------+------------------------------------------------------------------------------------------------------------------------
       x 10 ^ 6                                
 
 
        Population Abundance (1 January)
        --------------------------------
------+------------------------------------------------------------------------------------------------------------------------
AGE   |    1987    1988    1989    1990    1991    1992    1993    1994    1995    1996    1997    1998    1999    2000    2001
------+------------------------------------------------------------------------------------------------------------------------
  0   |  392.20  537.99  588.85  431.90  623.56  438.52  333.68  759.86  752.82  496.91  591.68  169.06  202.58  224.37  217.59
  1   |  487.45  334.95  459.10  504.19  368.30  492.73  373.61  285.10  648.01  642.51  424.17  505.05  144.53  173.15  191.16
  2   |  471.32  407.41  279.12  387.47  419.18  279.01  408.04  312.77  236.97  540.19  535.99  353.81  423.70  121.15  143.40
  3   |  320.18  380.36  326.54  230.08  309.09  301.36  220.49  330.30  249.19  190.02  433.85  430.36  287.72  343.95   95.74
  4   |  230.11  243.21  285.12  258.34  170.77  205.47  219.15  168.13  244.09  186.52  142.68  325.59  331.18  220.64  250.16
  5   |  105.76  161.49  170.53  216.50  178.15  103.82  136.68  156.75  114.63  169.70  130.29   99.59  236.14  238.93  146.81
  6   |  104.84   72.33  108.14  128.05  146.24  102.19   66.66   95.30  103.50   77.39  115.19   88.36   70.55  166.28  153.45
  7   |   51.99   69.73   47.06   78.67   85.10   77.57   63.14   45.22   60.78   67.69   50.92   75.72   61.02   48.39  102.78
  8   |   36.58   33.45   43.79   33.56   48.81   40.49   45.67   41.37   27.61   38.19   42.83   32.19   50.64   40.49   28.50
  9   |   54.41   57.08   53.49   63.24   56.08   53.41   53.79   62.25   62.02   53.31   54.96   58.09   56.76   69.23   62.00
------+------------------------------------------------------------------------------------------------------------------------
       x 10 ^ 6                                
 
 
        Population Abundance (1 January)
        --------------------------------
------+----------------
AGE   |    2002    2003
------+----------------
  0   |  518.45  309.58
  1   |  185.88  442.54
  2   |  159.92  155.04
  3   |  115.90  128.39
  4   |   72.79   86.96
  5   |  178.11   50.79
  6   |  101.83  120.74
  7   |  103.47   66.91
  8   |   66.89   65.36
  9   |   54.98   78.76
------+----------------
       x 10 ^ 6                                
 
 
 
        Weighting factors for the catches in number
        -------------------------------------------
------+----------------------------------------------------------------------------------------
AGE   |    1992    1993    1994    1995    1996    1997    1998    1999    2000    2001    2002
------+----------------------------------------------------------------------------------------
  0   |  0.0200  0.0200  0.0200  0.0200  0.0200  0.0200  0.0200  0.0200  0.0200  0.0200  0.0200
  1   |  1.0000  1.0000  1.0000  1.0000  1.0000  1.0000  1.0000  1.0000  1.0000  1.0000  1.0000
  2   |  1.0000  1.0000  1.0000  1.0000  1.0000  1.0000  1.0000  1.0000  1.0000  1.0000  1.0000
  3   |  1.0000  1.0000  1.0000  1.0000  1.0000  1.0000  1.0000  1.0000  1.0000  1.0000  1.0000
  4   |  1.0000  1.0000  1.0000  1.0000  1.0000  1.0000  1.0000  1.0000  1.0000  1.0000  1.0000
  5   |  1.0000  1.0000  1.0000  1.0000  1.0000  1.0000  1.0000  1.0000  1.0000  1.0000  1.0000
  6   |  1.0000  1.0000  1.0000  1.0000  1.0000  1.0000  1.0000  1.0000  1.0000  1.0000  1.0000
  7   |  1.0000  1.0000  1.0000  1.0000  1.0000  1.0000  1.0000  1.0000  1.0000  1.0000  1.0000
  8   |  1.0000  1.0000  1.0000  1.0000  1.0000  1.0000  1.0000  1.0000  1.0000  1.0000  1.0000
------+----------------------------------------------------------------------------------------
                                               
 
 
 
 Predicted SSB Index Values                                                     
  
 ---------------------------
 
          INDEX
        -------
------+------------------------------------------------------------------------------------------------------------------------
      |    1972    1973    1974    1975    1976    1977    1978    1979    1980    1981    1982    1983    1984    1985    1986
------+------------------------------------------------------------------------------------------------------------------------
  1   | ******* ******* ******* ******* ******* ******* ******* ******* ******* ******* ******* ******* ******* ******* *******
------+------------------------------------------------------------------------------------------------------------------------
       x 10 ^ 3                                
 
 
          INDEX
        -------
------+------------------------------------------------------------------------------------------------------------------------
      |    1987    1988    1989    1990    1991    1992    1993    1994    1995    1996    1997    1998    1999    2000    2001
------+------------------------------------------------------------------------------------------------------------------------
  1   | *******  299.87  315.12  297.42  322.22  275.23  280.69  273.91  285.04  277.23  306.72  310.83  343.86  308.47  291.62
------+------------------------------------------------------------------------------------------------------------------------
       x 10 ^ 3                                
 
 
          INDEX
        -------
------+--------
      |    2002
------+--------
  1   |  233.77
------+--------
       x 10 ^ 3                                
 
 
 
 Predicted Age-Structured Index Values                                          
  
 --------------------------------------
 
        FLT01: Dummy survey Predicted
        -----------------------------
------+--------------------------------
AGE   |    1981    1982    1983    1984
------+--------------------------------
  1   |   69.20   90.67   61.68   92.75
  2   |  349.74  313.44  410.60  277.90
  3   |  406.63  423.05  378.94  491.38
  4   |  220.10  159.83  166.12  146.49
  5   |   99.27  135.96   98.65  100.73
  6   |   42.83   88.99  121.79   86.68
  7   |   42.52   39.70   82.34  110.30
  8   |  100.63   58.71   54.74  111.18
  9   |   57.58   55.44   46.24   37.10
------+--------------------------------
       x 10 ^ 3                                
 
 
 
        Fitted Selection Pattern
        ------------------------
------+------------------------------------------------------------------------------------------------------------------------
AGE   |    1972    1973    1974    1975    1976    1977    1978    1979    1980    1981    1982    1983    1984    1985    1986
------+------------------------------------------------------------------------------------------------------------------------
  0   |  0.0350  0.0350  0.0349  0.0349  0.0349  0.0348  0.0348  0.0347  0.0346  0.0345  0.0345  0.0346  0.0326  0.0330  0.0334
  1   |  0.1326  0.1326  0.1324  0.1322  0.1321  0.1322  0.1321  0.1318  0.1316  0.1313  0.1314  0.1315  0.1317  0.1241  0.1257
  2   |  0.2935  0.2934  0.2931  0.2928  0.2927  0.2929  0.2931  0.2925  0.2920  0.2916  0.2921  0.2924  0.2924  0.2931  0.2757
  3   |  0.5784  0.5786  0.5779  0.5776  0.5774  0.5777  0.5780  0.5781  0.5771  0.5758  0.5770  0.5782  0.5783  0.5785  0.5803
  4   |  0.8819  0.8827  0.8821  0.8816  0.8816  0.8817  0.8821  0.8821  0.8824  0.8803  0.8809  0.8827  0.8830  0.8832  0.8835
  5   |  1.0000  1.0000  1.0000  1.0000  1.0000  1.0000  1.0000  1.0000  1.0000  1.0000  1.0000  1.0000  1.0000  1.0000  1.0000
  6   |  1.1255  1.1261  1.1245  1.1256  1.1264  1.1258  1.1258  1.1252  1.1252  1.1247  1.1278  1.1266  1.1230  1.1225  1.1218
  7   |  1.2808  1.2812  1.2800  1.2793  1.2815  1.2811  1.2805  1.2799  1.2790  1.2784  1.2807  1.2836  1.2768  1.2710  1.2687
  8   |  1.1756  1.1759  1.1748  1.1743  1.1746  1.1747  1.1747  1.1739  1.1731  1.1716  1.1732  1.1744  1.1732  1.1641  1.1565
  9   |  1.1756  1.1759  1.1748  1.1743  1.1746  1.1747  1.1747  1.1739  1.1731  1.1716  1.1732  1.1744  1.1732  1.1641  1.1565
------+------------------------------------------------------------------------------------------------------------------------
                                               
 
 
        Fitted Selection Pattern
        ------------------------
------+------------------------------------------------------------------------------------------------------------------------
AGE   |    1987    1988    1989    1990    1991    1992    1993    1994    1995    1996    1997    1998    1999    2000    2001
------+------------------------------------------------------------------------------------------------------------------------
  0   |  0.0338  0.0341  0.0382  0.0383  0.0390  0.0348  0.0348  0.0348  0.0348  0.0348  0.0348  0.0348  0.0348  0.0348  0.0348
  1   |  0.1277  0.1289  0.1437  0.1430  0.1446  0.1317  0.1317  0.1317  0.1317  0.1317  0.1317  0.1317  0.1317  0.1317  0.1317
  2   |  0.2801  0.2838  0.3164  0.3137  0.3145  0.2915  0.2915  0.2915  0.2915  0.2915  0.2915  0.2915  0.2915  0.2915  0.2915
  3   |  0.5433  0.5504  0.6175  0.6113  0.6103  0.5751  0.5751  0.5751  0.5751  0.5751  0.5751  0.5751  0.5751  0.5751  0.5751
  4   |  0.8875  0.8166  0.9182  0.9147  0.9105  0.8792  0.8792  0.8792  0.8792  0.8792  0.8792  0.8792  0.8792  0.8792  0.8792
  5   |  1.0000  1.0000  1.0000  1.0000  1.0000  1.0000  1.0000  1.0000  1.0000  1.0000  1.0000  1.0000  1.0000  1.0000  1.0000
  6   |  1.1207  1.1139  1.2315  1.0668  1.0698  1.1309  1.1309  1.1309  1.1309  1.1309  1.1309  1.1309  1.1309  1.1309  1.1309
  7   |  1.2655  1.2558  1.3794  1.3508  1.1280  1.2956  1.2956  1.2956  1.2956  1.2956  1.2956  1.2956  1.2956  1.2956  1.2956
  8   |  1.1506  1.1400  1.2493  1.2156  1.1854  1.2000  1.2000  1.2000  1.2000  1.2000  1.2000  1.2000  1.2000  1.2000  1.2000
  9   |  1.1506  1.1400  1.2493  1.2156  1.1854  1.2000  1.2000  1.2000  1.2000  1.2000  1.2000  1.2000  1.2000  1.2000  1.2000
------+------------------------------------------------------------------------------------------------------------------------
                                               
 
 
        Fitted Selection Pattern
        ------------------------
------+--------
AGE   |    2002
------+--------
  0   |  0.0348
  1   |  0.1317
  2   |  0.2915
  3   |  0.5751
  4   |  0.8792
  5   |  1.0000
  6   |  1.1309
  7   |  1.2956
  8   |  1.2000
  9   |  1.2000
------+--------
                                               
 
 
 
 
 
                    STOCK SUMMARY                                             
 
 
 ³ Year ³  Recruits  ³  Total  ³ Spawning³ Landings ³ Yield ³ Mean F ³ SoP ³    
 ³      ³   Age   0  ³ Biomass ³ Biomass ³          ³ /SSB  ³  Ages  ³     ³ 
 ³      ³  thousands ³  tonnes ³ tonnes  ³ tonnes   ³ ratio ³  4- 7  ³ (%) ³ 
 
   1972       517950    410597    294309     84750   0.2880   0.2719    99
   1973       379910    388954    266719     52265   0.1960   0.1866    99
   1974       220690    377219    254105     76164   0.2997   0.2949    99
   1975       205780    333524    247828     41266   0.1665   0.1742    99
   1976       428140    319184    233086     67025   0.2876   0.2982    99
   1977       589260    295018    194877     60542   0.3107   0.3042   100
   1978       431300    303797    191153     42846   0.2241   0.2377   100
   1979       451020    318003    205255     46725   0.2276   0.2632    99
   1980       405320    328620    221960     49328   0.2222   0.2288   100
   1981       531620    345524    241159     59155   0.2453   0.2588    99
   1982       361670    333219    231607     61489   0.2655   0.2602    99
   1983       545110    346312    243330     61083   0.2510   0.2611    99
   1984       560160    361089    250604     70037   0.2795   0.2942   100
   1985       662770    371736    260150     61294   0.2356   0.2200    99
   1986       571490    399551    271462     82848   0.3052   0.2900   100
   1987       392190    394153    276361     73756   0.2669   0.2457   100
   1988       537980    409951    299873     85227   0.2842   0.2628    99
   1989       588840    419466    315119     52024   0.1651   0.1546   100
   1990       431890    413760    297415     92479   0.3109   0.2625    99
   1991       623560    432195    322222     72019   0.2235   0.1980    99
   1992       438520    397167    275234     92193   0.3350   0.3155    99
   1993       333670    392240    280690     63482   0.2262   0.2267    99
   1994       759850    376515    273906     84145   0.3072   0.2853    99
   1995       752820    407944    285044     76716   0.2691   0.2614    99
   1996       496900    405637    277225     73154   0.2639   0.2556   100
   1997       591670    438956    306717     74836   0.2440   0.2566   100
   1998       169050    427649    310827     67061   0.2158   0.2096   100
   1999       202580    450566    343862     73890   0.2149   0.2161   100
   2000       224370    401724    308466    104555   0.3390   0.3152    99
   2001       217580    369024    291623     70156   0.2406   0.2323   100
   2002       518450    305175    233774     67375   0.2882   0.2570   100
 
 -----------------------------------------------------------------            
 No of years for separable analysis : 11                                      
 Age range in the analysis : 0  . . . 9                                       
 Year range in the analysis : 1972  . . . 2002                                
 Number of indices of SSB : 1                                                 
 Number of age-structured indices : 1                                         
                                                                              
 Parameters to estimate : 46                                                  
 Number of observations : 150                                                 
                                                                              
 Conventional single selection vector model to be fitted.                     
                                                                              
                                                                              
                                                                              
 -----------------------------------------------------------------            
 
 
 PARAMETER ESTIMATES                                                            
  
 
 ³Parm.³      ³ Maximum ³    ³        ³         ³         ³         ³ Mean of ³ 
  
 ³ No. ³      ³ Likelh. ³ CV ³  Lower ³ Upper   ³  -s.e.  ³   +s.e. ³ Param.  ³ 
  
 ³     ³      ³ Estimate³ (%)³ 95% CL ³ 95% CL  ³         ³         ³ Distrib.³ 
  
 Separable model : F by year                                                    
  
    1   1992     0.2282   0    0.2282    0.2282    0.2282    0.2282    0.2282
    2   1993     0.1648   0    0.1648    0.1648    0.1648    0.1648    0.1648
    3   1994     0.2104   0    0.2104    0.2104    0.2104    0.2104    0.2104
    4   1995     0.1970   0    0.1970    0.1970    0.1970    0.1970    0.1970
    5   1996     0.2002   0    0.2002    0.2002    0.2002    0.2002    0.2002
    6   1997     0.2125   0    0.2125    0.2125    0.2125    0.2125    0.2125
    7   1998     0.1872   0    0.1872    0.1872    0.1872    0.1872    0.1872
    8   1999     0.2114   0    0.2114    0.2114    0.2114    0.2114    0.2114
    9   2000     0.3433   0    0.3433    0.3433    0.3433    0.3433    0.3433
   10   2001     0.2857   0    0.2857    0.2857    0.2857    0.2857    0.2857
   11   2002     0.3617   0    0.3617    0.3617    0.3617    0.3617    0.3617
 
 Separable Model: Selection (S) by age                                          
  
   12      0     0.0438   0    0.0438    0.0438    0.0438    0.0438    0.0438
   13      1     0.1503   0    0.1503    0.1503    0.1503    0.1503    0.1503
   14      2     0.3112   0    0.3112    0.3112    0.3112    0.3112    0.3112
   15      3     0.5901   0    0.5901    0.5901    0.5901    0.5901    0.5901
   16      4     0.8846   0    0.8846    0.8846    0.8846    0.8846    0.8846
           5     1.0000     Fixed : Reference Age             
   17      6     1.1362   0    1.1362    1.1362    1.1362    1.1362    1.1362
   18      7     1.2031   0    1.2031    1.2031    1.2031    1.2031    1.2031
           8     1.2000     Fixed : Last true age             
 
 Separable model: Populations in year 2002                                    
   19      0     272967   0     272967    272967    272967    272967    272967
   20      1     109980   0     109980    109980    109980    109980    109980
   21      2     104152   0     104152    104152    104152    104152    104152
   22      3      81460   0      81460     81460     81460     81460     81460
   23      4      53978   0      53978     53978     53978     53978     53978
   24      5     136793   0     136793    136793    136793    136793    136793
   25      6      80852   0      80852     80852     80852     80852     80852
   26      7      85326   0      85326     85326     85326     85326     85326
   27      8      58838   0      58838     58838     58838     58838     58838
 
Separable model: Populations at age
   28   1992      58935   0      58935     58935     58935     58935     58935
   29   1993      67028   0      67028     67028     67028     67028     67028
   30   1994      59314   0      59314     59314     59314     59314     59314
   31   1995      40013   0      40013     40013     40013     40013     40013
   32   1996      55181   0      55181     55181     55181     55181     55181
   33   1997      60831   0      60831     60831     60831     60831     60831
   34   1998      44056   0      44056     44056     44056     44056     44056
   35   1999      64587   0      64587     64587     64587     64587     64587
   36   2000      46967   0      46967     46967     46967     46967     46967
   37   2001      29199   0      29199     29199     29199     29199     29199
 
 SSB Index catchabilities                                                       
  
   INDEX                                 
 Absolute estimator. No fitted catchability.                                    
  
 
 
 
 Age-structured index catchabilities                                            
  
                                        FLT01: Dummy survey                     
 
 Linear model fitted. Slopes at age :                                           
  
   38   1  Q  .2208       0 .2208     .2208     .2208     .2208     .2208    
   39   2  Q  1.226       0 1.226     1.226     1.226     1.226     1.226    
   40   3  Q  1.920       0 1.920     1.920     1.920     1.920     1.920    
   41   4  Q  1.050       0 1.050     1.050     1.050     1.050     1.050    
   42   5  Q  .9478       0 .9478     .9478     .9478     .9478     .9478    
   43   6  Q  1.279       0 1.279     1.279     1.279     1.279     1.279    
   44   7  Q  1.847       0 1.847     1.847     1.847     1.847     1.847    
   45   8  Q  3.982       0 3.982     3.982     3.982     3.982     3.982    
   46   9  Q  1.405       0 1.405     1.405     1.405     1.405     1.405    
 
 
 
 RESIDUALS ABOUT THE MODEL FIT                                                  
  
 ------------------------------
 
        Separable Model Residuals
        -------------------------
------+----------------------------------------------------------------------------------------
Age   |    1992    1993    1994    1995    1996    1997    1998    1999    2000    2001    2002
------+----------------------------------------------------------------------------------------
  0   | ******* ******* ******* ******* ******* ******* ******* ******* ******* ******* *******
  1   | ******* ******* ******* ******* ******* ******* ******* ******* ******* ******* *******
  2   | ******* ******* ******* ******* ******* ******* ******* ******* ******* ******* *******
  3   | ******* ******* ******* ******* ******* ******* ******* ******* ******* ******* *******
  4   | ******* ******* ******* ******* ******* ******* ******* ******* ******* ******* *******
  5   | ******* ******* ******* ******* ******* ******* ******* ******* ******* ******* *******
  6   | ******* ******* ******* ******* ******* ******* ******* ******* ******* ******* *******
  7   | ******* ******* ******* ******* ******* ******* ******* ******* ******* ******* *******
  8   | ******* ******* ******* ******* ******* ******* ******* ******* ******* ******* *******
------+----------------------------------------------------------------------------------------
                                               
 
 
 
 SPAWNING BIOMASS INDEX RESIDUALS                                               
  
 ---------------------------------
 
          INDEX
        -------
------+------------------------------------------------------------------------------------------------------------------------
      |    1972    1973    1974    1975    1976    1977    1978    1979    1980    1981    1982    1983    1984    1985    1986
------+------------------------------------------------------------------------------------------------------------------------
  1   | ******* ******* ******* ******* ******* ******* ******* ******* ******* ******* ******* ******* ******* ******* *******
------+------------------------------------------------------------------------------------------------------------------------
                                               
 
 
          INDEX
        -------
------+------------------------------------------------------------------------------------------------------------------------
      |    1987    1988    1989    1990    1991    1992    1993    1994    1995    1996    1997    1998    1999    2000    2001
------+------------------------------------------------------------------------------------------------------------------------
  1   | ******* -0.1295 -0.1480 -0.1673 -0.1873  0.0000  0.0000  0.0000  0.0000  0.0000  0.0000  0.0000  0.0000  0.0000 -0.0001
------+------------------------------------------------------------------------------------------------------------------------
                                               
 
 
          INDEX
        -------
------+--------
      |    2002
------+--------
  1   | -0.0001
------+--------
                                               
 
 
 
 AGE-STRUCTURED INDEX RESIDUALS                                                 
  
 -------------------------------
 
        FLT01: Dummy survey
        -------------------
------+--------------------------------
Age   |    1981    1982    1983    1984
------+--------------------------------
  1   |   1.347   0.806  -0.347  -1.806
  2   |   0.370   0.330   0.551  -1.251
  3   |  -0.591   0.134   0.160   0.298
  4   |  -1.938   0.141   0.858   0.939
  5   |   0.566  -1.706   0.279   0.861
  6   |   1.308   0.429  -1.797   0.060
  7   |   0.850   1.006   0.103  -1.960
  8   |   0.147   0.364   0.259  -0.770
  9   |  -0.489   0.451   0.018   0.057
------+--------------------------------
                                               
 
 
 
 
 
 
 PARAMETERS OF THE DISTRIBUTION OF ln(CATCHES AT AGE)                           
  
 -----------------------------------------------------
 
 Separable model fitted from 1992  to 2002                                    
 Variance                             0.0000
Skewness test stat.                   2.4844
Kurtosis test statistic              -1.2683
Partial chi-square                    0.0000
Significance in fit                   0.0000
Degrees of freedom                        62
 
 
 PARAMETERS OF DISTRIBUTIONS OF THE SSB INDICES                                 
  
 -----------------------------------------------
 
 
   DISTRIBUTION STATISTICS FOR   INDEX                                          
 
 
 Index used as absolute measure of abundance                                    
  
 Last age is a plus-group                                                       
  
 
 Variance                             0.0339
Skewness test stat.                  -3.1450
Kurtosis test statistic               0.8078
Partial chi-square                    0.0402
Significance in fit                   0.0000
Number of observations                    15
Degrees of freedom                        15
Weight in the analysis                5.0000
 
 PARAMETERS OF THE DISTRIBUTION OF THE AGE-STRUCTURED INDICES                   
  
 ------------------------------------------------------------ 
 
 
   DISTRIBUTION STATISTICS FOR FLT01: Dummy survey                              
 
 
 Linear catchability relationship assumed                                       
  
 
 Age                          1         2         3         4         5         6         7         8         9
 Variance                0.0022    0.0008    0.0002    0.0020    0.0015    0.0019    0.0021    0.0003    0.0002
Skewness test stat.     -0.3426   -0.9049   -0.8492   -0.7585   -0.8263   -0.4895   -0.7286   -0.8622   -0.1399
Kurtosis test statisti  -0.5383   -0.2853   -0.3023   -0.3587   -0.3158   -0.3933   -0.3720   -0.3030   -0.4157
Partial chi-square       0.0006    0.0002    0.0000    0.0005    0.0004    0.0005    0.0006    0.0001    0.0000
Significance in fit      0.0000    0.0000    0.0000    0.0000    0.0000    0.0000    0.0000    0.0000    0.0000
Number of observations        4         4         4         4         4         4         4         4         4
Degrees of freedom            3         3         3         3         3         3         3         3         3
Weight in the analysis   0.0011    0.0011    0.0011    0.0011    0.0011    0.0011    0.0011    0.0011    0.0011
 
 ANALYSIS OF VARIANCE                   
--------------------------
 
 Unweighted Statistics                                                          
  
 
                                                                                
  
Variance                              
                                       SSQ     Data    Parameters d.f. Variance
Total for model                        29.9588     150         46  104   0.2881
Catches at age                          0.0000      99         37   62   0.0000
  
SSB Indices                           
  INDEX                                 0.1017      15          0   15   0.0068
  
 Aged Indices                                                                   
  
FLT01: Dummy survey                    29.8570      36          9   27   1.1058
 
 
 Weighted Statistics                                                            
  
 
                                                                                
  
Variance                              
                                       SSQ     Data    Parameters d.f. Variance
Total for model                         2.5436     150         46  104   0.0245
Catches at age                          0.0000      99         37   62   0.0000
  
SSB Indices                           
  INDEX                                 2.5436      15          0   15   0.1696
  
 Aged Indices                                                                   
  
FLT01: Dummy survey                     0.0000      36          9   27   0.0000
 
