 ICA v1_3 TUNING DIAGNOSTICS FILE
   1       1
 F         SSQ
  0.05  21.43868090      19.19263351      2.246047388    
  0.10  9.398395414      7.179487959      2.218907455    
  0.15  5.157315634      2.950843293      2.206472342    
  0.20  3.462851311      1.263337981      2.199513330    
  0.25  2.820501310     0.6253459989      2.195155311    
  0.30  2.663053736     0.4708194779      2.192234259    
  0.35  2.743195482     0.5530072741      2.190188208    
  0.40  2.943386781     0.7546747464      2.188712035    
  0.45  3.204217729      1.016592727      2.187625002    
  0.50  3.494394305      1.307581236      2.186813069    
  0.55  3.796952126      1.610751086      2.186201040    
  0.60  4.102564985      1.916827463      2.185737522    
  0.65  4.406131439      2.220745046      2.185386393    
  0.70  4.704946368      2.519824699      2.185121669    
  0.75  4.997706560      2.812782268      2.184924292    
  0.80  5.283929806      3.099149762      2.184780044    
  0.85  5.563637443      3.378959285      2.184678159    
  0.90  5.837162160      3.652551793      2.184610367    
  0.95  6.105039324      3.920469080      2.184570243    
  1.00  6.367946595      4.183393864      2.184552731    
