 Output Generated by ICA Version 1.4                                            
  
 ------------------------------------
 
        Mackerel NE Atlantic  WG2003
        ----------------------------
 
        Catch in Number
        ---------------
------+------------------------------------------------------------------------------------------------------------------------
AGE   |    1972    1973    1974    1975    1976    1977    1978    1979    1980    1981    1982    1983    1984    1985    1986
------+------------------------------------------------------------------------------------------------------------------------
  0   |   1825.   3901.   2741.   2007.   3640.   3179.   4629.   3913.   3109.   3403.   3215.   3234.   3966.   1956.   3214.
  1   |   3427.   9836.   7519.   9402.   7995.  13849.   9594.  14158.  15123.   7296.  11207.  11204.   9247.  16066.   3999.
  2   |  10303.  10487.  10796.  14754.  21341.  17244.  23667.  16641.  30926.  20123.  13671.  22185.  18214.  21229.  18698.
  3   |  23197.  26711.   9803.  18180.  28547.  38874.  24846.  34703.  30547.  34789.  32056.  22933.  30617.  35299.  21033.
  4   |  18810.  43727.  18127.  12166.  25722.  37556.  40275.  26290.  45718.  24736.  40325.  38983.  22957.  42858.  25388.
  5   |  22383.  25305.  20917.  16137.  12294.  23943.  27359.  30053.  24400.  25971.  20364.  34756.  27606.  22757.  21739.
  6   |  17109.  29139.  11702.  18120.  15816.  11041.  16794.  19688.  26838.  13351.  20692.  16960.  23786.  26403.  11158.
  7   |  11260.  21847.  13216.  10013.  17473.  13888.   7557.  11814.  17137.  14339.  10441.  16883.  11376.  22244.  12696.
  8   |   6005.  11599.   7875.   9083.   7762.  12308.   7590.   4248.   8244.   7282.   8985.   6827.   9050.   8542.   8508.
  9   |  12628.  18756.  10898.  12128.  17222.  17924.  16752.  13558.  11927.   8614.   9772.  12583.  10940.  15483.   9346.
------+------------------------------------------------------------------------------------------------------------------------
       x 10 ^ 3                                
 
 
        Catch in Number
        ---------------
------+------------------------------------------------------------------------------------------------------------------------
AGE   |    1987    1988    1989    1990    1991    1992    1993    1994    1995    1996    1997    1998    1999    2000    2001
------+------------------------------------------------------------------------------------------------------------------------
  0   |    780.   1851.   4728.    767.   1596.   2060.   3947.   4337.   3100.   3463.    633.   3065.   3871.   1827.   1199.
  1   |  13650.   3079.   5289.  13381.   2405.   4281.  10357.   7679.  21761.   9236.   7919.   2867.   9264.  12507.   5086.
  2   |   9674.  30463.   4975.   8494.  23847.   3679.  12198.  11455.  21863.  36654.  12019.  20362.   4906.  16954.  19771.
  3   |  38526.  18171.  41399.   6763.  12852.  31137.   8845.  11458.  27588.  30963.  40571.  26174.  29379.   7575.  22705.
  4   |  31674.  52049.  17688.  40656.   7429.  12254.  54148.   6009.  20020.  27986.  24874.  64143.  27151.  32667.   7336.
  5   |  27316.  30203.  35494.  12248.  31651.   5034.  15145.  25849.   7476.  14236.  15872.  27985.  46783.  21272.  22317.
  6   |  22681.  25086.  19797.  23711.   9219.  20784.   6006.   6977.  31089.   5110.   7804.  17267.  19651.  35315.  14025.
  7   |  11451.  20325.  16014.  12935.  17499.   5954.  24264.   2709.   8222.  20695.   2747.   8322.  11830.  14485.  22785.
  8   |  10482.   8232.  10343.   8354.   7641.   9035.   5600.   8688.   2572.   4366.   8861.   2357.   4553.   6973.   7461.
  9   |  14895.  18959.  13938.  13052.  12577.  10446.  18993.   8789.  16816.  10235.   5817.  13149.   7913.   7783.   7898.
------+------------------------------------------------------------------------------------------------------------------------
       x 10 ^ 3                                
 
 
        Catch in Number
        ---------------
------+--------
AGE   |    2002
------+--------
  0   |   2294.
  1   |   3009.
  2   |   7283.
  3   |  24207.
  4   |  20337.
  5   |   4673.
  6   |  13790.
  7   |   8531.
  8   |  11075.
  9   |   7195.
------+--------
       x 10 ^ 3                                
 
 
 
        Predicted Catch in Number
        -------------------------
------+----------------------------------------------------------------------------------------
AGE   |    1992    1993    1994    1995    1996    1997    1998    1999    2000    2001    2002
------+----------------------------------------------------------------------------------------
  0   |   2060.   3947.   4336.   3099.   3462.    633.   3064.   3871.   1827.   1199.   2294.
  1   |   4281.  10358.   7679.  21760.   9235.   7918.   2866.   9263.  12508.   5085.   3009.
  2   |   3679.  12200.  11456.  21864.  36653.  12018.  20360.   4906.  16952.  19771.   7283.
  3   |  31139.   8846.  11459.  27592.  30966.  40570.  26172.  29376.   7574.  22701.  24208.
  4   |  12255.  54159.   6010.  20023.  27991.  24876.  64141.  27149.  32663.   7334.  20334.
  5   |   5034.  15146.  25852.   7477.  14237.  15873.  27986.  46779.  21269.  22312.   4672.
  6   |  20783.   6007.   6978.  31091.   5110.   7804.  17268.  19651.  35309.  14022.  13786.
  7   |   5954.  24266.   2709.   8223.  20698.   2747.   8323.  11832.  14486.  22783.   8530.
  8   |   9036.   5600.   8688.   2572.   4366.   8861.   2357.   4553.   6973.   7460.  11072.
------+----------------------------------------------------------------------------------------
       x 10 ^ 3                                
 
 
 
        Weights at age in the catches (Kg)
        ----------------------------------
------+------------------------------------------------------------------------------------------------------------------------
AGE   |    1972    1973    1974    1975    1976    1977    1978    1979    1980    1981    1982    1983    1984    1985    1986
------+------------------------------------------------------------------------------------------------------------------------
  0   | 0.05200 0.05000 0.05100 0.05000 0.05900 0.05600 0.03600 0.01600 0.05700 0.06000 0.05300 0.05000 0.03100 0.05500 0.03900
  1   | 0.13500 0.14500 0.13600 0.14800 0.13700 0.13600 0.13500 0.13700 0.13100 0.13200 0.13100 0.16800 0.10200 0.14400 0.14600
  2   | 0.27700 0.19400 0.22900 0.17700 0.20700 0.16900 0.16100 0.16100 0.24900 0.24800 0.24900 0.21900 0.18400 0.26200 0.24500
  3   | 0.34100 0.28500 0.26100 0.25900 0.26300 0.27500 0.25000 0.24300 0.28500 0.28700 0.28500 0.27600 0.29500 0.35700 0.33500
  4   | 0.42300 0.36800 0.33400 0.32300 0.32000 0.33300 0.32500 0.31800 0.34500 0.34400 0.34500 0.31000 0.32600 0.41800 0.42300
  5   | 0.46800 0.44800 0.39200 0.34800 0.34600 0.35200 0.34500 0.34800 0.37800 0.37700 0.37800 0.38600 0.34400 0.41700 0.47100
  6   | 0.46800 0.46800 0.48100 0.43000 0.40600 0.40700 0.40300 0.40100 0.45400 0.45400 0.45400 0.42500 0.43100 0.43600 0.44400
  7   | 0.50800 0.50800 0.50800 0.48800 0.44300 0.44600 0.42100 0.41600 0.49800 0.49900 0.49600 0.43500 0.54200 0.52100 0.45700
  8   | 0.53900 0.53900 0.53900 0.53900 0.51800 0.54600 0.51800 0.50600 0.52000 0.51300 0.51300 0.49800 0.48000 0.55500 0.54300
  9   | 0.60997 0.60860 0.60708 0.59562 0.59883 0.59279 0.57095 0.54711 0.57078 0.56226 0.55811 0.57567 0.61147 0.61674 0.60656
------+------------------------------------------------------------------------------------------------------------------------
                                               
 
 
        Weights at age in the catches (Kg)
        ----------------------------------
------+------------------------------------------------------------------------------------------------------------------------
AGE   |    1987    1988    1989    1990    1991    1992    1993    1994    1995    1996    1997    1998    1999    2000    2001
------+------------------------------------------------------------------------------------------------------------------------
  0   | 0.07600 0.05500 0.04900 0.08500 0.06800 0.05100 0.06100 0.04600 0.07200 0.05800 0.07600 0.06500 0.06200 0.06300 0.06900
  1   | 0.17900 0.13300 0.13600 0.15600 0.15600 0.16700 0.13400 0.13600 0.14300 0.14300 0.14300 0.15700 0.17600 0.13500 0.17100
  2   | 0.22300 0.25900 0.23700 0.23300 0.25300 0.23900 0.24000 0.25500 0.23400 0.22600 0.23000 0.22700 0.23600 0.22900 0.22300
  3   | 0.31800 0.32300 0.32000 0.33600 0.32700 0.33300 0.31700 0.33900 0.33300 0.31300 0.29500 0.31000 0.30700 0.30800 0.30700
  4   | 0.39900 0.38800 0.37700 0.37900 0.39400 0.39700 0.37600 0.39000 0.39000 0.37700 0.35900 0.35400 0.36100 0.36700 0.37800
  5   | 0.47400 0.45600 0.43300 0.42300 0.42300 0.46000 0.43600 0.44800 0.45200 0.42500 0.41500 0.40800 0.40600 0.42900 0.42600
  6   | 0.51200 0.52400 0.45600 0.46700 0.46900 0.49500 0.48300 0.51200 0.50100 0.48400 0.45300 0.45200 0.45400 0.46700 0.47700
  7   | 0.49300 0.55500 0.54300 0.52800 0.50600 0.53200 0.52700 0.54300 0.53900 0.51800 0.48100 0.46200 0.50100 0.50400 0.49900
  8   | 0.49800 0.55500 0.59200 0.55200 0.55400 0.55500 0.54800 0.59000 0.57700 0.55100 0.52400 0.51800 0.53700 0.53700 0.54300
  9   | 0.61341 0.60204 0.61208 0.61866 0.63403 0.63284 0.60741 0.63802 0.61221 0.60980 0.58074 0.56951 0.59199 0.59070 0.60780
------+------------------------------------------------------------------------------------------------------------------------
                                               
 
 
        Weights at age in the catches (Kg)
        ----------------------------------
------+--------
AGE   |    2002
------+--------
  0   | 0.05200
  1   | 0.15900
  2   | 0.25500
  3   | 0.30700
  4   | 0.36900
  5   | 0.42600
  6   | 0.46400
  7   | 0.51400
  8   | 0.53900
  9   | 0.59832
------+--------
                                               
 
 
 
        Weights at age in the stock (Kg)
        --------------------------------
------+------------------------------------------------------------------------------------------------------------------------
AGE   |    1972    1973    1974    1975    1976    1977    1978    1979    1980    1981    1982    1983    1984    1985    1986
------+------------------------------------------------------------------------------------------------------------------------
  0   | 0.00800 0.00800 0.00800 0.00800 0.00800 0.00800 0.00800 0.00800 0.00800 0.00800 0.00800 0.00800 0.00000 0.00000 0.00000
  1   | 0.13200 0.13200 0.13000 0.12900 0.12800 0.12700 0.11100 0.11000 0.10900 0.08700 0.08600 0.08600 0.08100 0.08500 0.07700
  2   | 0.17800 0.17700 0.17300 0.17100 0.17000 0.16700 0.17500 0.17400 0.17300 0.18600 0.13500 0.17200 0.19400 0.16500 0.17900
  3   | 0.24300 0.24200 0.23800 0.23600 0.23600 0.23300 0.23800 0.23700 0.23600 0.25200 0.22100 0.23500 0.25300 0.29300 0.26700
  4   | 0.41100 0.30100 0.29600 0.29400 0.29300 0.28900 0.30000 0.29900 0.29700 0.31300 0.28000 0.28000 0.29500 0.30600 0.30400
  5   | 0.35500 0.43800 0.32200 0.31800 0.31800 0.31300 0.34600 0.34500 0.34300 0.32300 0.38500 0.33900 0.32400 0.34100 0.35600
  6   | 0.39800 0.39800 0.46900 0.36500 0.36500 0.36100 0.38200 0.38000 0.37900 0.37800 0.35300 0.37700 0.39300 0.38400 0.35100
  7   | 0.43300 0.43300 0.43300 0.49700 0.41900 0.41600 0.41000 0.40800 0.40700 0.41900 0.40800 0.40400 0.43600 0.43000 0.41600
  8   | 0.45900 0.45900 0.45900 0.45900 0.51200 0.44600 0.43200 0.43000 0.42900 0.43400 0.43700 0.43900 0.44100 0.45900 0.47300
  9   | 0.52423 0.52380 0.52027 0.51020 0.51326 0.53364 0.50097 0.49837 0.49161 0.47749 0.47353 0.50578 0.50612 0.52468 0.47746
------+------------------------------------------------------------------------------------------------------------------------
                                               
 
 
        Weights at age in the stock (Kg)
        --------------------------------
------+------------------------------------------------------------------------------------------------------------------------
AGE   |    1987    1988    1989    1990    1991    1992    1993    1994    1995    1996    1997    1998    1999    2000    2001
------+------------------------------------------------------------------------------------------------------------------------
  0   | 0.00000 0.00000 0.00000 0.00000 0.00000 0.00000 0.00000 0.00000 0.00000 0.00000 0.00000 0.00000 0.00000 0.00000 0.00000
  1   | 0.07800 0.07200 0.07600 0.07400 0.07500 0.07800 0.07800 0.07900 0.08100 0.07600 0.07600 0.07700 0.08100 0.07400 0.07800
  2   | 0.14800 0.15600 0.17700 0.13800 0.15500 0.21200 0.19700 0.17800 0.16400 0.13300 0.18600 0.14900 0.19400 0.18500 0.16400
  3   | 0.24000 0.23700 0.24400 0.22200 0.23000 0.25900 0.26800 0.23700 0.26700 0.25100 0.22800 0.22300 0.24200 0.23500 0.24100
  4   | 0.28600 0.30100 0.30600 0.28700 0.30700 0.31000 0.31500 0.30100 0.32600 0.31700 0.29600 0.28500 0.30100 0.28900 0.34200
  5   | 0.37400 0.32900 0.35200 0.33900 0.35700 0.36200 0.36000 0.36100 0.39800 0.36600 0.36100 0.34200 0.35300 0.35000 0.39000
  6   | 0.38600 0.42300 0.38000 0.37300 0.40900 0.40200 0.41600 0.41300 0.44800 0.44400 0.40200 0.40000 0.39600 0.39000 0.44600
  7   | 0.41100 0.44500 0.42900 0.41400 0.43200 0.42400 0.45400 0.46600 0.49100 0.46200 0.44500 0.42600 0.42300 0.42600 0.45900
  8   | 0.42900 0.43200 0.47400 0.40900 0.50200 0.46200 0.46500 0.47000 0.50800 0.50100 0.47800 0.46600 0.44000 0.44700 0.49900
  9   | 0.48897 0.51456 0.48665 0.48318 0.55905 0.51930 0.51762 0.54941 0.56792 0.58935 0.53368 0.52353 0.49423 0.51074 0.55665
------+------------------------------------------------------------------------------------------------------------------------
                                               
 
 
        Weights at age in the stock (Kg)
        --------------------------------
------+--------
AGE   |    2002
------+--------
  0   | 0.00000
  1   | 0.07800
  2   | 0.18100
  3   | 0.23900
  4   | 0.31100
  5   | 0.36400
  6   | 0.41100
  7   | 0.43600
  8   | 0.46200
  9   | 0.51286
------+--------
                                               
 
 
 
        Natural Mortality (per year)
        ----------------------------
------+------------------------------------------------------------------------------------------------------------------------
AGE   |    1972    1973    1974    1975    1976    1977    1978    1979    1980    1981    1982    1983    1984    1985    1986
------+------------------------------------------------------------------------------------------------------------------------
  0   | 0.15000 0.15000 0.15000 0.15000 0.15000 0.15000 0.15000 0.15000 0.15000 0.15000 0.15000 0.15000 0.15000 0.15000 0.15000
  1   | 0.15000 0.15000 0.15000 0.15000 0.15000 0.15000 0.15000 0.15000 0.15000 0.15000 0.15000 0.15000 0.15000 0.15000 0.15000
  2   | 0.15000 0.15000 0.15000 0.15000 0.15000 0.15000 0.15000 0.15000 0.15000 0.15000 0.15000 0.15000 0.15000 0.15000 0.15000
  3   | 0.15000 0.15000 0.15000 0.15000 0.15000 0.15000 0.15000 0.15000 0.15000 0.15000 0.15000 0.15000 0.15000 0.15000 0.15000
  4   | 0.15000 0.15000 0.15000 0.15000 0.15000 0.15000 0.15000 0.15000 0.15000 0.15000 0.15000 0.15000 0.15000 0.15000 0.15000
  5   | 0.15000 0.15000 0.15000 0.15000 0.15000 0.15000 0.15000 0.15000 0.15000 0.15000 0.15000 0.15000 0.15000 0.15000 0.15000
  6   | 0.15000 0.15000 0.15000 0.15000 0.15000 0.15000 0.15000 0.15000 0.15000 0.15000 0.15000 0.15000 0.15000 0.15000 0.15000
  7   | 0.15000 0.15000 0.15000 0.15000 0.15000 0.15000 0.15000 0.15000 0.15000 0.15000 0.15000 0.15000 0.15000 0.15000 0.15000
  8   | 0.15000 0.15000 0.15000 0.15000 0.15000 0.15000 0.15000 0.15000 0.15000 0.15000 0.15000 0.15000 0.15000 0.15000 0.15000
  9   | 0.15000 0.15000 0.15000 0.15000 0.15000 0.15000 0.15000 0.15000 0.15000 0.15000 0.15000 0.15000 0.15000 0.15000 0.15000
------+------------------------------------------------------------------------------------------------------------------------
                                               
 
 
        Natural Mortality (per year)
        ----------------------------
------+------------------------------------------------------------------------------------------------------------------------
AGE   |    1987    1988    1989    1990    1991    1992    1993    1994    1995    1996    1997    1998    1999    2000    2001
------+------------------------------------------------------------------------------------------------------------------------
  0   | 0.15000 0.15000 0.15000 0.15000 0.15000 0.15000 0.15000 0.15000 0.15000 0.15000 0.15000 0.15000 0.15000 0.15000 0.15000
  1   | 0.15000 0.15000 0.15000 0.15000 0.15000 0.15000 0.15000 0.15000 0.15000 0.15000 0.15000 0.15000 0.15000 0.15000 0.15000
  2   | 0.15000 0.15000 0.15000 0.15000 0.15000 0.15000 0.15000 0.15000 0.15000 0.15000 0.15000 0.15000 0.15000 0.15000 0.15000
  3   | 0.15000 0.15000 0.15000 0.15000 0.15000 0.15000 0.15000 0.15000 0.15000 0.15000 0.15000 0.15000 0.15000 0.15000 0.15000
  4   | 0.15000 0.15000 0.15000 0.15000 0.15000 0.15000 0.15000 0.15000 0.15000 0.15000 0.15000 0.15000 0.15000 0.15000 0.15000
  5   | 0.15000 0.15000 0.15000 0.15000 0.15000 0.15000 0.15000 0.15000 0.15000 0.15000 0.15000 0.15000 0.15000 0.15000 0.15000
  6   | 0.15000 0.15000 0.15000 0.15000 0.15000 0.15000 0.15000 0.15000 0.15000 0.15000 0.15000 0.15000 0.15000 0.15000 0.15000
  7   | 0.15000 0.15000 0.15000 0.15000 0.15000 0.15000 0.15000 0.15000 0.15000 0.15000 0.15000 0.15000 0.15000 0.15000 0.15000
  8   | 0.15000 0.15000 0.15000 0.15000 0.15000 0.15000 0.15000 0.15000 0.15000 0.15000 0.15000 0.15000 0.15000 0.15000 0.15000
  9   | 0.15000 0.15000 0.15000 0.15000 0.15000 0.15000 0.15000 0.15000 0.15000 0.15000 0.15000 0.15000 0.15000 0.15000 0.15000
------+------------------------------------------------------------------------------------------------------------------------
                                               
 
 
        Natural Mortality (per year)
        ----------------------------
------+--------
AGE   |    2002
------+--------
  0   | 0.15000
  1   | 0.15000
  2   | 0.15000
  3   | 0.15000
  4   | 0.15000
  5   | 0.15000
  6   | 0.15000
  7   | 0.15000
  8   | 0.15000
  9   | 0.15000
------+--------
                                               
 
 
 
        Proportion of fish spawning
        ---------------------------
------+------------------------------------------------------------------------------------------------------------------------
AGE   |    1972    1973    1974    1975    1976    1977    1978    1979    1980    1981    1982    1983    1984    1985    1986
------+------------------------------------------------------------------------------------------------------------------------
  0   |  0.0000  0.0000  0.0000  0.0000  0.0000  0.0000  0.0000  0.0000  0.0000  0.0000  0.0000  0.0000  0.0000  0.0000  0.0000
  1   |  0.0500  0.0500  0.0500  0.0600  0.0600  0.0600  0.0600  0.0600  0.0600  0.0700  0.0700  0.0700  0.0700  0.0700  0.0700
  2   |  0.5300  0.5400  0.5400  0.5500  0.5500  0.5500  0.5600  0.5600  0.5700  0.5700  0.5700  0.5800  0.5800  0.5800  0.5800
  3   |  0.9000  0.9000  0.9000  0.8900  0.8900  0.8900  0.8900  0.8900  0.8900  0.8800  0.8800  0.8800  0.8800  0.8800  0.8800
  4   |  0.9800  0.9800  0.9800  0.9800  0.9800  0.9800  0.9800  0.9800  0.9800  0.9800  0.9800  0.9800  0.9700  0.9700  0.9700
  5   |  0.9800  0.9800  0.9800  0.9800  0.9800  0.9800  0.9800  0.9800  0.9800  0.9800  0.9800  0.9800  0.9700  0.9700  0.9700
  6   |  0.9900  0.9900  0.9900  0.9900  0.9900  0.9900  0.9900  0.9900  0.9900  0.9900  0.9900  0.9900  0.9900  0.9900  0.9900
  7   |  1.0000  1.0000  1.0000  1.0000  1.0000  1.0000  1.0000  1.0000  1.0000  1.0000  1.0000  1.0000  1.0000  1.0000  1.0000
  8   |  1.0000  1.0000  1.0000  1.0000  1.0000  1.0000  1.0000  1.0000  1.0000  1.0000  1.0000  1.0000  1.0000  1.0000  1.0000
  9   |  1.0000  1.0000  1.0000  1.0000  1.0000  1.0000  1.0000  1.0000  1.0000  1.0000  1.0000  1.0000  1.0000  1.0000  1.0000
------+------------------------------------------------------------------------------------------------------------------------
                                               
 
 
        Proportion of fish spawning
        ---------------------------
------+------------------------------------------------------------------------------------------------------------------------
AGE   |    1987    1988    1989    1990    1991    1992    1993    1994    1995    1996    1997    1998    1999    2000    2001
------+------------------------------------------------------------------------------------------------------------------------
  0   |  0.0000  0.0000  0.0000  0.0000  0.0000  0.0000  0.0000  0.0000  0.0000  0.0000  0.0000  0.0000  0.0000  0.0000  0.0000
  1   |  0.0700  0.0700  0.0700  0.0700  0.0700  0.0700  0.0700  0.0700  0.0700  0.0700  0.0700  0.0700  0.0700  0.0700  0.0700
  2   |  0.5800  0.5800  0.5800  0.5800  0.5800  0.5800  0.5800  0.5800  0.5800  0.5800  0.5800  0.5800  0.5800  0.5800  0.5900
  3   |  0.8800  0.8800  0.8800  0.8800  0.8800  0.8800  0.8800  0.8800  0.8800  0.8800  0.8800  0.8600  0.8600  0.8600  0.8800
  4   |  0.9700  0.9700  0.9700  0.9700  0.9700  0.9700  0.9700  0.9700  0.9700  0.9700  0.9700  0.9800  0.9800  0.9800  0.9700
  5   |  0.9700  0.9700  0.9700  0.9700  0.9700  0.9700  0.9700  0.9700  0.9700  0.9700  0.9700  0.9800  0.9800  0.9800  0.9700
  6   |  0.9900  0.9900  0.9900  0.9900  0.9900  0.9900  0.9900  0.9900  0.9900  0.9900  0.9900  0.9900  0.9900  0.9900  0.9900
  7   |  1.0000  1.0000  1.0000  1.0000  1.0000  1.0000  1.0000  1.0000  1.0000  1.0000  1.0000  1.0000  1.0000  1.0000  1.0000
  8   |  1.0000  1.0000  1.0000  1.0000  1.0000  1.0000  1.0000  1.0000  1.0000  1.0000  1.0000  1.0000  1.0000  1.0000  1.0000
  9   |  1.0000  1.0000  1.0000  1.0000  1.0000  1.0000  1.0000  1.0000  1.0000  1.0000  1.0000  1.0000  1.0000  1.0000  1.0000
------+------------------------------------------------------------------------------------------------------------------------
                                               
 
 
        Proportion of fish spawning
        ---------------------------
------+--------
AGE   |    2002
------+--------
  0   |  0.0000
  1   |  0.0700
  2   |  0.5900
  3   |  0.8800
  4   |  0.9700
  5   |  0.9700
  6   |  0.9900
  7   |  1.0000
  8   |  1.0000
  9   |  1.0000
------+--------
                                               
 
 
 
 INDICES OF SPAWNING BIOMASS                                                    
  
 ----------------------------
 
          INDEX
        -------
------+------------------------------------------------------------------------------------------------------------------------
      |    1972    1973    1974    1975    1976    1977    1978    1979    1980    1981    1982    1983    1984    1985    1986
------+------------------------------------------------------------------------------------------------------------------------
  1   | ******* ******* ******* ******* ******* ******* ******* ******* ******* ******* ******* ******* ******* ******* *******
------+------------------------------------------------------------------------------------------------------------------------
       x 10 ^ 3                                
 
 
          INDEX
        -------
------+------------------------------------------------------------------------------------------------------------------------
      |    1987    1988    1989    1990    1991    1992    1993    1994    1995    1996    1997    1998    1999    2000    2001
------+------------------------------------------------------------------------------------------------------------------------
  1   | *******  256.46  231.74  192.36  203.52  207.28  191.65  176.91  199.37  209.86  234.11  235.12  222.35  203.85  218.19
------+------------------------------------------------------------------------------------------------------------------------
       x 10 ^ 3                                
 
 
          INDEX
        -------
------+--------
      |    2002
------+--------
  1   |  211.26
------+--------
       x 10 ^ 3                                
 
 
 
 AGE-STRUCTURED INDICES                                                         
  
 -----------------------
 
        FLT01: Dummy survey
        -------------------
------+--------------------------------
AGE   |    1981    1982    1983    1984
------+--------------------------------
  1   |  266.10  203.00   43.60   15.24
  2   |  506.40  435.90  712.70   79.51
  3   |  225.10  483.60  444.60  661.83
  4   |   31.70  184.10  391.60  374.60
  5   |  174.80   24.70  130.40  238.20
  6   |  158.50  136.60   20.20   92.00
  7   |   99.50  108.60   91.30   15.54
  8   |  116.60   84.50   70.90   51.47
  9   |   35.30   87.00   47.10   39.27
------+--------------------------------
       x 10 ^ 3                                
 
 
 
        Fishing Mortality (per year)
        ----------------------------
------+------------------------------------------------------------------------------------------------------------------------
AGE   |    1972    1973    1974    1975    1976    1977    1978    1979    1980    1981    1982    1983    1984    1985    1986
------+------------------------------------------------------------------------------------------------------------------------
  0   | 0.00570 0.00963 0.00578 0.00618 0.00769 0.00917 0.00867 0.00831 0.01008 0.00740 0.00762 0.00831 0.00743 0.00943 0.00602
  1   | 0.02157 0.03643 0.02189 0.02339 0.02909 0.03470 0.03282 0.03144 0.03816 0.02801 0.02883 0.03145 0.02811 0.03570 0.02277
  2   | 0.04773 0.08063 0.04846 0.05176 0.06439 0.07681 0.07265 0.06958 0.08447 0.06200 0.06381 0.06960 0.06221 0.07902 0.05039
  3   | 0.09417 0.15907 0.09560 0.10212 0.12704 0.15154 0.14334 0.13728 0.16664 0.12232 0.12590 0.13732 0.12274 0.15591 0.09941
  4   | 0.14397 0.24318 0.14615 0.15612 0.19422 0.23167 0.21913 0.20987 0.25476 0.18700 0.19247 0.20993 0.18764 0.23835 0.15198
  5   | 0.16375 0.27659 0.16623 0.17757 0.22091 0.26350 0.24924 0.23870 0.28976 0.21270 0.21891 0.23877 0.21342 0.27110 0.17286
  6   | 0.18518 0.31280 0.18799 0.20081 0.24983 0.29799 0.28187 0.26995 0.32769 0.24054 0.24757 0.27003 0.24135 0.30659 0.19549
  7   | 0.21215 0.35835 0.21537 0.23006 0.28621 0.34139 0.32292 0.30927 0.37542 0.27557 0.28362 0.30936 0.27650 0.35124 0.22396
  8   | 0.19650 0.33191 0.19948 0.21308 0.26509 0.31620 0.29909 0.28645 0.34772 0.25524 0.26269 0.28653 0.25610 0.32532 0.20743
  9   | 0.19650 0.33191 0.19948 0.21308 0.26509 0.31620 0.29909 0.28645 0.34772 0.25524 0.26269 0.28653 0.25610 0.32532 0.20743
------+------------------------------------------------------------------------------------------------------------------------
                                               
 
 
        Fishing Mortality (per year)
        ----------------------------
------+------------------------------------------------------------------------------------------------------------------------
AGE   |    1987    1988    1989    1990    1991    1992    1993    1994    1995    1996    1997    1998    1999    2000    2001
------+------------------------------------------------------------------------------------------------------------------------
  0   | 0.00798 0.00989 0.00886 0.00785 0.00769 0.00643 0.01015 0.00616 0.00970 0.00906 0.00647 0.00918 0.00869 0.00880 0.00767
  1   | 0.03021 0.03742 0.03353 0.02969 0.02910 0.02435 0.03842 0.02333 0.03670 0.03430 0.02448 0.03473 0.03290 0.03332 0.02901
  2   | 0.06687 0.08282 0.07422 0.06572 0.06440 0.05389 0.08504 0.05163 0.08123 0.07593 0.05420 0.07688 0.07283 0.07374 0.06421
  3   | 0.13192 0.16339 0.14644 0.12966 0.12706 0.10632 0.16779 0.10187 0.16027 0.14981 0.10693 0.15168 0.14370 0.14550 0.12669
  4   | 0.20168 0.24977 0.22387 0.19823 0.19425 0.16255 0.25652 0.15574 0.24502 0.22903 0.16347 0.23190 0.21969 0.22244 0.19369
  5   | 0.22939 0.28409 0.25461 0.22546 0.22096 0.18488 0.29176 0.17714 0.27868 0.26049 0.18593 0.26375 0.24987 0.25300 0.22029
  6   | 0.25941 0.32128 0.28795 0.25495 0.24987 0.20908 0.32995 0.20032 0.31515 0.29459 0.21026 0.29827 0.28257 0.28611 0.24913
  7   | 0.29720 0.36807 0.32989 0.29210 0.28623 0.23955 0.37804 0.22952 0.36109 0.33752 0.24091 0.34175 0.32376 0.32781 0.28544
  8   | 0.27527 0.34092 0.30555 0.27054 0.26513 0.22185 0.35011 0.21256 0.33441 0.31259 0.22311 0.31650 0.29984 0.30360 0.26435
  9   | 0.27527 0.34092 0.30555 0.27054 0.26513 0.22185 0.35011 0.21256 0.33441 0.31259 0.22311 0.31650 0.29984 0.30360 0.26435
------+------------------------------------------------------------------------------------------------------------------------
                                               
 
 
        Fishing Mortality (per year)
        ----------------------------
------+--------
AGE   |    2002
------+--------
  0   | 0.00599
  1   | 0.02268
  2   | 0.05020
  3   | 0.09905
  4   | 0.15143
  5   | 0.17223
  6   | 0.19477
  7   | 0.22316
  8   | 0.20667
  9   | 0.20667
------+--------
                                               
 
 
 
        Population Abundance (1 January)
        --------------------------------
------+------------------------------------------------------------------------------------------------------------------------
AGE   |    1972    1973    1974    1975    1976    1977    1978    1979    1980    1981    1982    1983    1984    1985    1986
------+------------------------------------------------------------------------------------------------------------------------
  0   |  345.84  438.51  511.73  350.87  511.73  374.98  577.12  509.31  333.68  496.90  456.09  420.79  577.13  224.34  577.10
  1   |  172.91  295.97  373.81  437.91  300.14  437.08  319.80  492.44  434.74  284.32  424.53  389.58  359.18  493.07  191.28
  2   |  237.88  145.65  245.63  314.78  368.20  250.92  363.37  266.37  410.73  360.17  237.95  355.01  324.93  300.58  409.50
  3   |  277.62  195.20  115.65  201.42  257.26  297.15  200.00  290.84  213.86  324.88  291.37  192.15  285.02  262.81  239.05
  4   |  150.80  217.48  143.31   90.47  156.53  195.01  219.80  149.16  218.22  155.81  247.44  221.12  144.16  216.98  193.54
  5   |  159.25  112.39  146.78  106.57   66.61  110.95  133.14  151.95  104.08  145.58  111.24  175.68  154.28  102.85  147.15
  6   |  108.74  116.37   73.36  106.98   76.80   45.97   73.37   89.31  103.01   67.05  101.29   76.92  119.09  107.27   67.51
  7   |   63.26   77.77   73.26   52.32   75.33   51.49   29.37   47.64   58.69   63.89   45.37   68.06   50.54   80.52   67.95
  8   |   36.16   44.04   46.78   50.84   35.78   48.70   31.50   18.30   30.10   34.70   41.75   29.41   43.00   32.99   48.78
  9   |   76.04   71.21   64.73   67.87   79.38   70.92   69.52   58.41   43.54   41.05   45.40   54.19   51.98   59.80   53.59
------+------------------------------------------------------------------------------------------------------------------------
       x 10 ^ 6                                
 
 
        Population Abundance (1 January)
        --------------------------------
------+------------------------------------------------------------------------------------------------------------------------
AGE   |    1987    1988    1989    1990    1991    1992    1993    1994    1995    1996    1997    1998    1999    2000    2001
------+------------------------------------------------------------------------------------------------------------------------
  0   |  105.69  202.57  577.17  105.69  224.36  345.87  420.81  759.87  345.82  413.19  105.69  361.19  481.54  224.40  169.11
  1   |  493.73   90.25  172.64  492.39   90.26  191.63  295.78  358.54  650.01  294.78  352.43   90.38  308.04  410.88  191.45
  2   |  160.93  412.31   74.82  143.69  411.41   75.46  160.97  244.99  301.48  539.31  245.16  296.00   75.14  256.55  342.06
  3   |  335.14  129.55  326.68   59.79  115.81  332.02   61.54  127.25  200.25  239.24  430.24  199.88  235.92   60.13  205.12
  4   |  186.28  252.81   94.70  242.87   45.21   87.78  256.94   44.79   98.92  146.84  177.27  332.76  147.83  175.88   44.75
  5   |  143.10  131.05  169.50   65.16  171.45   32.04   64.22  171.12   32.99   66.64  100.51  129.57  227.13  102.14  121.19
  6   |  106.55   97.92   84.90  113.10   44.76  118.31   22.92   41.29  123.37   21.49   44.20   71.83   85.67  152.27   68.26
  7   |   47.79   70.75   61.12   54.79   75.44   30.01   82.62   14.18   29.09   77.48   13.78   30.83   45.88   55.58   98.45
  8   |   46.75   30.56   42.15   37.83   35.21   48.77   20.33   48.73    9.71   17.45   47.59    9.32   18.86   28.57   34.47
  9   |   66.43   70.37   56.79   59.10   57.96   56.38   68.94   49.30   63.45   40.90   31.24   51.98   32.77   31.89   36.49
------+------------------------------------------------------------------------------------------------------------------------
       x 10 ^ 6                                
 
 
        Population Abundance (1 January)
        --------------------------------
------+----------------
AGE   |    2002    2003
------+----------------
  0   |  413.39  275.40
  1   |  144.44  353.68
  2   |  160.07  121.54
  3   |  276.10  131.03
  4   |  155.54  215.23
  5   |   31.73  115.06
  6   |   83.68   22.99
  7   |   45.80   59.28
  8   |   63.70   31.53
  9   |   41.39   73.56
------+----------------
       x 10 ^ 6                                
 
 
 
        Weighting factors for the catches in number
        -------------------------------------------
------+----------------------------------------------------------------------------------------
AGE   |    1992    1993    1994    1995    1996    1997    1998    1999    2000    2001    2002
------+----------------------------------------------------------------------------------------
  0   |  0.0200  0.0200  0.0200  0.0200  0.0200  0.0200  0.0200  0.0200  0.0200  0.0200  0.0200
  1   |  1.0000  1.0000  1.0000  1.0000  1.0000  1.0000  1.0000  1.0000  1.0000  1.0000  1.0000
  2   |  1.0000  1.0000  1.0000  1.0000  1.0000  1.0000  1.0000  1.0000  1.0000  1.0000  1.0000
  3   |  1.0000  1.0000  1.0000  1.0000  1.0000  1.0000  1.0000  1.0000  1.0000  1.0000  1.0000
  4   |  1.0000  1.0000  1.0000  1.0000  1.0000  1.0000  1.0000  1.0000  1.0000  1.0000  1.0000
  5   |  1.0000  1.0000  1.0000  1.0000  1.0000  1.0000  1.0000  1.0000  1.0000  1.0000  1.0000
  6   |  1.0000  1.0000  1.0000  1.0000  1.0000  1.0000  1.0000  1.0000  1.0000  1.0000  1.0000
  7   |  1.0000  1.0000  1.0000  1.0000  1.0000  1.0000  1.0000  1.0000  1.0000  1.0000  1.0000
  8   |  1.0000  1.0000  1.0000  1.0000  1.0000  1.0000  1.0000  1.0000  1.0000  1.0000  1.0000
------+----------------------------------------------------------------------------------------
                                               
 
 
 
 Predicted SSB Index Values                                                     
  
 ---------------------------
 
          INDEX
        -------
------+------------------------------------------------------------------------------------------------------------------------
      |    1972    1973    1974    1975    1976    1977    1978    1979    1980    1981    1982    1983    1984    1985    1986
------+------------------------------------------------------------------------------------------------------------------------
  1   | ******* ******* ******* ******* ******* ******* ******* ******* ******* ******* ******* ******* ******* ******* *******
------+------------------------------------------------------------------------------------------------------------------------
       x 10 ^ 3                                
 
 
          INDEX
        -------
------+------------------------------------------------------------------------------------------------------------------------
      |    1987    1988    1989    1990    1991    1992    1993    1994    1995    1996    1997    1998    1999    2000    2001
------+------------------------------------------------------------------------------------------------------------------------
  1   | *******  256.46  231.74  192.36  203.52  207.28  191.65  176.91  199.38  209.87  234.11  235.12  222.35  203.86  218.21
------+------------------------------------------------------------------------------------------------------------------------
       x 10 ^ 3                                
 
 
          INDEX
        -------
------+--------
      |    2002
------+--------
  1   |  211.30
------+--------
       x 10 ^ 3                                
 
 
 
 Predicted Age-Structured Index Values                                          
  
 --------------------------------------
 
        FLT01: Dummy survey Predicted
        -----------------------------
------+--------------------------------
AGE   |    1981    1982    1983    1984
------+--------------------------------
  1   |   61.08   91.16   83.54   77.16
  2   |  382.48  252.44  375.43  345.02
  3   |  513.54  459.66  301.23  450.42
  4   |  142.91  226.27  200.27  132.18
  5   |  108.72   82.79  129.34  115.18
  6   |   60.43   90.95   68.22  107.30
  7   |   71.56   50.59   74.84   56.58
  8   |   73.44   87.99   61.17   90.95
  9   |   41.78   46.02   54.22   52.88
------+--------------------------------
       x 10 ^ 3                                
 
 
 
        Fitted Selection Pattern
        ------------------------
------+------------------------------------------------------------------------------------------------------------------------
AGE   |    1972    1973    1974    1975    1976    1977    1978    1979    1980    1981    1982    1983    1984    1985    1986
------+------------------------------------------------------------------------------------------------------------------------
  0   |  0.0348  0.0348  0.0348  0.0348  0.0348  0.0348  0.0348  0.0348  0.0348  0.0348  0.0348  0.0348  0.0348  0.0348  0.0348
  1   |  0.1317  0.1317  0.1317  0.1317  0.1317  0.1317  0.1317  0.1317  0.1317  0.1317  0.1317  0.1317  0.1317  0.1317  0.1317
  2   |  0.2915  0.2915  0.2915  0.2915  0.2915  0.2915  0.2915  0.2915  0.2915  0.2915  0.2915  0.2915  0.2915  0.2915  0.2915
  3   |  0.5751  0.5751  0.5751  0.5751  0.5751  0.5751  0.5751  0.5751  0.5751  0.5751  0.5751  0.5751  0.5751  0.5751  0.5751
  4   |  0.8792  0.8792  0.8792  0.8792  0.8792  0.8792  0.8792  0.8792  0.8792  0.8792  0.8792  0.8792  0.8792  0.8792  0.8792
  5   |  1.0000  1.0000  1.0000  1.0000  1.0000  1.0000  1.0000  1.0000  1.0000  1.0000  1.0000  1.0000  1.0000  1.0000  1.0000
  6   |  1.1309  1.1309  1.1309  1.1309  1.1309  1.1309  1.1309  1.1309  1.1309  1.1309  1.1309  1.1309  1.1309  1.1309  1.1309
  7   |  1.2956  1.2956  1.2956  1.2956  1.2956  1.2956  1.2956  1.2956  1.2956  1.2956  1.2956  1.2956  1.2956  1.2956  1.2956
  8   |  1.2000  1.2000  1.2000  1.2000  1.2000  1.2000  1.2000  1.2000  1.2000  1.2000  1.2000  1.2000  1.2000  1.2000  1.2000
  9   |  1.2000  1.2000  1.2000  1.2000  1.2000  1.2000  1.2000  1.2000  1.2000  1.2000  1.2000  1.2000  1.2000  1.2000  1.2000
------+------------------------------------------------------------------------------------------------------------------------
                                               
 
 
        Fitted Selection Pattern
        ------------------------
------+------------------------------------------------------------------------------------------------------------------------
AGE   |    1987    1988    1989    1990    1991    1992    1993    1994    1995    1996    1997    1998    1999    2000    2001
------+------------------------------------------------------------------------------------------------------------------------
  0   |  0.0348  0.0348  0.0348  0.0348  0.0348  0.0348  0.0348  0.0348  0.0348  0.0348  0.0348  0.0348  0.0348  0.0348  0.0348
  1   |  0.1317  0.1317  0.1317  0.1317  0.1317  0.1317  0.1317  0.1317  0.1317  0.1317  0.1317  0.1317  0.1317  0.1317  0.1317
  2   |  0.2915  0.2915  0.2915  0.2915  0.2915  0.2915  0.2915  0.2915  0.2915  0.2915  0.2915  0.2915  0.2915  0.2915  0.2915
  3   |  0.5751  0.5751  0.5752  0.5751  0.5751  0.5751  0.5751  0.5751  0.5751  0.5751  0.5751  0.5751  0.5751  0.5751  0.5751
  4   |  0.8792  0.8792  0.8793  0.8792  0.8791  0.8792  0.8792  0.8792  0.8792  0.8792  0.8792  0.8792  0.8792  0.8792  0.8792
  5   |  1.0000  1.0000  1.0000  1.0000  1.0000  1.0000  1.0000  1.0000  1.0000  1.0000  1.0000  1.0000  1.0000  1.0000  1.0000
  6   |  1.1309  1.1309  1.1309  1.1308  1.1309  1.1309  1.1309  1.1309  1.1309  1.1309  1.1309  1.1309  1.1309  1.1309  1.1309
  7   |  1.2956  1.2956  1.2957  1.2955  1.2954  1.2957  1.2957  1.2957  1.2957  1.2957  1.2957  1.2957  1.2957  1.2957  1.2957
  8   |  1.2000  1.2000  1.2001  1.2000  1.1999  1.2000  1.2000  1.2000  1.2000  1.2000  1.2000  1.2000  1.2000  1.2000  1.2000
  9   |  1.2000  1.2000  1.2001  1.2000  1.1999  1.2000  1.2000  1.2000  1.2000  1.2000  1.2000  1.2000  1.2000  1.2000  1.2000
------+------------------------------------------------------------------------------------------------------------------------
                                               
 
 
        Fitted Selection Pattern
        ------------------------
------+--------
AGE   |    2002
------+--------
  0   |  0.0348
  1   |  0.1317
  2   |  0.2915
  3   |  0.5751
  4   |  0.8792
  5   |  1.0000
  6   |  1.1309
  7   |  1.2957
  8   |  1.2000
  9   |  1.2000
------+--------
                                               
 
 
 
 
 
                    STOCK SUMMARY                                             
 
 
 ³ Year ³  Recruits  ³  Total  ³ Spawning³ Landings ³ Yield ³ Mean F ³ SoP ³    
 ³      ³   Age   0  ³ Biomass ³ Biomass ³          ³ /SSB  ³  Ages  ³     ³ 
 ³      ³  thousands ³  tonnes ³ tonnes  ³ tonnes   ³ ratio ³  4- 7  ³ (%) ³ 
 
   1972       345830    381037    290056     54419   0.1876   0.1763    99
   1973       438500    367787    260581     81099   0.3112   0.2977   100
   1974       511730    333663    228773     43650   0.1908   0.1789   100
   1975       350870    344161    226975     43155   0.1901   0.1911    99
   1976       511730    351523    239358     54216   0.2265   0.2378   100
   1977       374980    358316    235780     64633   0.2741   0.2836    99
   1978       577110    351818    240246     57458   0.2392   0.2683   100
   1979       509300    360898    238942     54310   0.2273   0.2569   100
   1980       333670    369334    241857     75374   0.3116   0.3119   100
   1981       496890    360140    256445     56238   0.2193   0.2290   100
   1982       456080    342791    244801     60424   0.2468   0.2356    99
   1983       420780    361372    253550     63928   0.2521   0.2570    99
   1984       577130    370860    267028     57881   0.2168   0.2297    99
   1985       224330    392312    273584     85381   0.3121   0.2918   100
   1986       577090    363699    273218     54359   0.1990   0.1861    99
   1987       105690    362864    263217     74112   0.2816   0.2469   100
   1988       202570    343051    256463     88646   0.3456   0.3058   100
   1989       577160    300814    231739     69793   0.3012   0.2741   100
   1990       105690    270228    192363     57583   0.2993   0.2427   100
   1991       224350    273239    203519     52421   0.2576   0.2378    99
   1992       345870    267842    207283     44328   0.2139   0.1990    99
   1993       420810    267514    191654     64616   0.3371   0.3141    99
   1994       759860    250992    176911     37750   0.2134   0.1907    99
   1995       345810    311451    199376     60611   0.3040   0.3000    99
   1996       413190    303298    209867     57938   0.2761   0.2804    99
   1997       105690    322551    234110     44308   0.1893   0.2001   100
   1998       361180    308211    235116     67869   0.2887   0.2839   100
   1999       481540    299115    222349     62820   0.2825   0.2690    99
   2000       224390    290694    203856     61268   0.3005   0.2723   100
   2001       169110    296176    218208     51523   0.2361   0.2371    99
   2002       413390    271165    211299     40439   0.1914   0.1854   100
 
 -----------------------------------------------------------------            
 No of years for separable analysis : 11                                      
 Age range in the analysis : 0  . . . 9                                       
 Year range in the analysis : 1972  . . . 2002                                
 Number of indices of SSB : 1                                                 
 Number of age-structured indices : 1                                         
                                                                              
 Parameters to estimate : 46                                                  
 Number of observations : 150                                                 
                                                                              
 Conventional single selection vector model to be fitted.                     
                                                                              
                                                                              
                                                                              
 -----------------------------------------------------------------            
 
 
 PARAMETER ESTIMATES                                                            
  
 
 ³Parm.³      ³ Maximum ³    ³        ³         ³         ³         ³ Mean of ³ 
  
 ³ No. ³      ³ Likelh. ³ CV ³  Lower ³ Upper   ³  -s.e.  ³   +s.e. ³ Param.  ³ 
  
 ³     ³      ³ Estimate³ (%)³ 95% CL ³ 95% CL  ³         ³         ³ Distrib.³ 
  
 Separable model : F by year                                                    
  
    1   1992     0.1386   0    0.1386    0.1386    0.1386    0.1386    0.1386
    2   1993     0.2204   0    0.2204    0.2204    0.2204    0.2204    0.2204
    3   1994     0.1365   0    0.1365    0.1365    0.1365    0.1365    0.1365
    4   1995     0.2225   0    0.2225    0.2225    0.2225    0.2225    0.2225
    5   1996     0.2179   0    0.2179    0.2179    0.2179    0.2179    0.2179
    6   1997     0.1669   0    0.1669    0.1669    0.1669    0.1669    0.1669
    7   1998     0.2582   1    0.2532    0.2633    0.2556    0.2608    0.2582
    8   1999     0.2694 100    0.0380    1.9129    0.0991    0.7324    0.4442
    9   2000     0.3041   0    0.3040    0.3041    0.3040    0.3041    0.3041
   10   2001     0.2973   0    0.2973    0.2973    0.2973    0.2973    0.2973
   11   2002     0.2601   0    0.2601    0.2601    0.2601    0.2601    0.2601
 
 Separable Model: Selection (S) by age                                          
  
   12      0     0.0392   0    0.0392    0.0392    0.0392    0.0392    0.0392
   13      1     0.1370   0    0.1370    0.1370    0.1370    0.1370    0.1370
   14      2     0.2903   0    0.2903    0.2903    0.2903    0.2903    0.2903
   15      3     0.5640   0    0.5640    0.5640    0.5640    0.5640    0.5640
   16      4     0.8654   0    0.8654    0.8654    0.8654    0.8654    0.8654
           5     1.0000     Fixed : Reference Age             
   17      6     1.1584   0    1.1584    1.1584    1.1584    1.1584    1.1584
   18      7     1.2134   0    1.2134    1.2134    1.2134    1.2134    1.2134
           8     1.2000     Fixed : Last true age             
 
 Separable model: Populations in year 2002                                    
   19      0     243169   0     243169    243169    243169    243169    243169
   20      1      93588   0      93588     93588     93588     93588     93588
   21      2     112464   0     112464    112464    112464    112464    112464
   22      3     206872   0     206872    206872    206872    206872    206872
   23      4     121786   0     121786    121786    121786    121786    121786
   24      5      25484   0      25484     25484     25484     25484     25484
   25      6      68611   0      68611     68611     68611     68611     68611
   26      7      38455   0      38455     38455     38455     38455     38455
   27      8      56791   0      56791     56791     56791     56791     56791
 
Separable model: Populations at age
   28   1992      75031   0      75031     75031     75031     75031     75031
   29   1993      30234   0      30234     30234     30234     30234     30234
   30   1994      73016   0      73016     73016     73016     73016     73016
   31   1995      14216   0      14216     14216     14216     14216     14216
   32   1996      25972   0      25972     25972     25972     25972     25972
   33   1997      70113   0      70113     70113     70113     70113     70113
   34   1998      13069   0      13069     13069     13069     13069     13069
   35   1999      24980   0      24980     24980     24980     24980     24980
   36   2000      34240   0      34240     34240     34240     34240     34240
   37   2001      35998   0      35998     35998     35998     35998     35998
 
 SSB Index catchabilities                                                       
  
   INDEX                                 
 Absolute estimator. No fitted catchability.                                    
  
 
 
 
 Age-structured index catchabilities                                            
  
                                        FLT01: Dummy survey                     
 
 Linear model fitted. Slopes at age :                                           
  
   38   1  Q  .2267       0 .2267     .2267     .2267     .2267     .2267    
   39   2  Q  1.147       0 1.147     1.147     1.147     1.147     1.147    
   40   3  Q  1.769       0 1.769     1.769     1.769     1.769     1.769    
   41   4  Q  1.065       0 1.065     1.065     1.065     1.065     1.065    
   42   5  Q  .8810       0 .8810     .8810     .8810     .8810     .8810    
   43   6  Q  1.081       0 1.081     1.081     1.081     1.081     1.081    
   44   7  Q  1.371       0 1.371     1.371     1.371     1.371     1.371    
   45   8  Q  2.566       0 2.566     2.566     2.566     2.566     2.566    
   46   9  Q  1.243       0 1.243     1.243     1.243     1.243     1.243    
 
 
 
 RESIDUALS ABOUT THE MODEL FIT                                                  
  
 ------------------------------
 
        Separable Model Residuals
        -------------------------
------+----------------------------------------------------------------------------------------
Age   |    1992    1993    1994    1995    1996    1997    1998    1999    2000    2001    2002
------+----------------------------------------------------------------------------------------
  0   | ******* ******* ******* ******* ******* ******* ******* ******* ******* ******* *******
  1   | ******* ******* ******* ******* ******* ******* ******* ******* ******* ******* *******
  2   | ******* ******* ******* ******* ******* ******* ******* ******* ******* ******* *******
  3   | ******* ******* ******* ******* ******* ******* ******* ******* ******* ******* *******
  4   | ******* ******* ******* ******* ******* ******* ******* ******* ******* ******* *******
  5   | ******* ******* ******* ******* ******* ******* ******* ******* ******* ******* *******
  6   | ******* ******* ******* ******* ******* ******* ******* ******* ******* ******* *******
  7   | ******* ******* ******* ******* ******* ******* ******* ******* ******* ******* *******
  8   | ******* ******* ******* ******* ******* ******* ******* ******* ******* ******* *******
------+----------------------------------------------------------------------------------------
                                               
 
 
 
 SPAWNING BIOMASS INDEX RESIDUALS                                               
  
 ---------------------------------
 
          INDEX
        -------
------+------------------------------------------------------------------------------------------------------------------------
      |    1972    1973    1974    1975    1976    1977    1978    1979    1980    1981    1982    1983    1984    1985    1986
------+------------------------------------------------------------------------------------------------------------------------
  1   | ******* ******* ******* ******* ******* ******* ******* ******* ******* ******* ******* ******* ******* ******* *******
------+------------------------------------------------------------------------------------------------------------------------
                                               
 
 
          INDEX
        -------
------+------------------------------------------------------------------------------------------------------------------------
      |    1987    1988    1989    1990    1991    1992    1993    1994    1995    1996    1997    1998    1999    2000    2001
------+------------------------------------------------------------------------------------------------------------------------
  1   | ******* ******* ******* ******* ******* ******* ******* ******* ******* ******* ******* ******* ******* ******* *******
------+------------------------------------------------------------------------------------------------------------------------
                                               
 
 
          INDEX
        -------
------+--------
      |    2002
------+--------
  1   | *******
------+--------
                                               
 
 
 
 AGE-STRUCTURED INDEX RESIDUALS                                                 
  
 -------------------------------
 
        FLT01: Dummy survey
        -------------------
------+--------------------------------
Age   |    1981    1982    1983    1984
------+--------------------------------
  1   |   1.472   0.801  -0.650  -1.622
  2   |   0.281   0.546   0.641  -1.468
  3   |  -0.825   0.051   0.389   0.385
  4   |  -1.506  -0.206   0.671   1.042
  5   |   0.475  -1.210   0.008   0.727
  6   |   0.964   0.407  -1.217  -0.154
  7   |   0.330   0.764   0.199  -1.292
  8   |   0.462  -0.040   0.148  -0.569
  9   |  -0.169   0.637  -0.141  -0.298
------+--------------------------------
                                               
 
 
 
 
 
 
 PARAMETERS OF THE DISTRIBUTION OF ln(CATCHES AT AGE)                           
  
 -----------------------------------------------------
 
 Separable model fitted from 1992  to 2002                                    
 Variance                             0.0000
Skewness test stat.                   2.4945
Kurtosis test statistic              -0.9576
Partial chi-square                    0.0000
Significance in fit                   0.0000
Degrees of freedom                        62
 
 
 PARAMETERS OF DISTRIBUTIONS OF THE SSB INDICES                                 
  
 -----------------------------------------------
 
 
   DISTRIBUTION STATISTICS FOR   INDEX                                          
 
 
 Index used as absolute measure of abundance                                    
  
 Last age is a plus-group                                                       
  
 
 Variance                             0.0000
Skewness test stat.                  -4.4221
Kurtosis test statistic               4.3828
Partial chi-square                    0.0000
Significance in fit                   0.0000
Number of observations                    15
Degrees of freedom                        15
Weight in the analysis                5.0000
 
 PARAMETERS OF THE DISTRIBUTION OF THE AGE-STRUCTURED INDICES                   
  
 ------------------------------------------------------------ 
 
 
   DISTRIBUTION STATISTICS FOR FLT01: Dummy survey                              
 
 
 Linear catchability relationship assumed                                       
  
 
 Age                          1         2         3         4         5         6         7         8         9
 Variance                0.0022    0.0011    0.0004    0.0014    0.0008    0.0010    0.0009    0.0002    0.0002
Skewness test stat.     -0.0968   -0.8780   -0.7461   -0.4314   -0.6328   -0.3281   -0.7321   -0.3208    0.9170
Kurtosis test statisti  -0.6446   -0.2995   -0.3659   -0.5041   -0.4038   -0.4792   -0.3350   -0.4409   -0.2616
Partial chi-square       0.0006    0.0003    0.0001    0.0004    0.0002    0.0003    0.0002    0.0001    0.0001
Significance in fit      0.0000    0.0000    0.0000    0.0000    0.0000    0.0000    0.0000    0.0000    0.0000
Number of observations        4         4         4         4         4         4         4         4         4
Degrees of freedom            3         3         3         3         3         3         3         3         3
Weight in the analysis   0.0011    0.0011    0.0011    0.0011    0.0011    0.0011    0.0011    0.0011    0.0011
 
 ANALYSIS OF VARIANCE                   
--------------------------
 
 Unweighted Statistics                                                          
  
 
                                                                                
  
Variance                              
                                       SSQ     Data    Parameters d.f. Variance
Total for model                        21.9514     150         46  104   0.2111
Catches at age                          0.0000      99         37   62   0.0000
  
SSB Indices                           
  INDEX                                 0.0000      15          0   15   0.0000
  
 Aged Indices                                                                   
  
FLT01: Dummy survey                    21.9514      36          9   27   0.8130
 
 
 Weighted Statistics                                                            
  
 
                                                                                
  
Variance                              
                                       SSQ     Data    Parameters d.f. Variance
Total for model                         0.0000     150         46  104   0.0000
Catches at age                          0.0000      99         37   62   0.0000
  
SSB Indices                           
  INDEX                                 0.0000      15          0   15   0.0000
  
 Aged Indices                                                                   
  
FLT01: Dummy survey                     0.0000      36          9   27   0.0000
 
