 ICA v1_3 TUNING DIAGNOSTICS FILE
   1       1
 F         SSQ
  0.05  19.45160886      16.95313687      2.498471991    
  0.10  8.198279580      5.722958171      2.475321409    
  0.15  4.555624803      2.091035967      2.464588836    
  0.20  3.290123506     0.8317488903      2.458374616    
  0.25  2.949017050     0.4946450966      2.454371953    
  0.30  3.006880053     0.5552392573      2.451640796    
  0.35  3.245816088     0.7961055275      2.449710561    
  0.40  3.567141428      1.118828320      2.448313108    
  0.45  3.923482889      1.476198138      2.447284751    
  0.50  4.291217866      1.844698470      2.446519397    
  0.55  4.658404605      2.212458790      2.445945816    
  0.60  5.019064514      2.573549732      2.445514782    
  0.65  5.370393930      2.925202458      2.445191472    
  0.70  5.711298387      3.266347627      2.444950760    
  0.75  6.041632883      3.596858678      2.444774205    
  0.80  6.361782071      3.917134009      2.444648063    
  0.85  6.672440275      4.227878327      2.444561948    
  0.90  6.974453692      4.529945780      2.444507912    
  0.95  7.268814891      4.824335093      2.444479798    
  1.00  7.556607626      5.112134843      2.444472783    
