 ICA v1_3 TUNING DIAGNOSTICS FILE
   1       1
 F         SSQ
  0.05  28.20546692      23.32799090      4.877476024    
  0.10  14.58328865      9.739614783      4.843673868    
  0.15  9.554292455      4.725381347      4.828911107    
  0.20  7.221159835      2.400755966      4.820403869    
  0.25  6.067661119      1.252755447      4.814905672    
  0.30  5.508179287     0.6970540285      4.811125258    
  0.35  5.271695314     0.4632692657      4.808426048    
  0.40  5.219342951     0.4128907115      4.806452239    
  0.45  5.275042893     0.4700556186      4.804987274    
  0.50  5.395061572     0.5911713215      4.803890250    
  0.55  5.553362917     0.7502968898      4.803066028    
  0.60  5.734039642     0.9315912699      4.802448372    
  0.65  5.927163051      1.125173563      4.801989488    
  0.70  6.126453668      1.324799414      4.801654254    
  0.75  6.327907424      1.526491040      4.801416384    
  0.80  6.528977722      1.727721827      4.801255895    
  0.85  6.728037672      1.926880290      4.801157382    
  0.90  6.924110740      2.123001918      4.801108822    
  0.95  7.116597287      2.315496561      4.801100726    
  1.00  7.305178510      2.504052988      4.801125522    
