                ****************************************
                                VPA-2BOX                
                BOOTSTRAP ESTIMATES OF BIAS AND VARIANCE
                ****************************************


BFT East 55-06 test                               
12:14, 16 September 2010


 *************************************************
 BIAS AND STANDARD ERROR ESTIMATES
 *************************************************


TABLE 1A. BIAS OF FISHING MORTALITY RATE FOR EAST OF 45                                        
=============================================================================
        1      2      3      4      5      6      7      8      9     10
-----------------------------------------------------------------------------
  1950   0.000  0.000  0.000  0.000  0.000  0.000  0.000  0.000  0.000  0.000
  1951   0.000  0.000  0.000  0.000  0.000  0.000  0.000  0.000  0.000  0.000
  1952   0.000  0.000  0.000  0.000  0.000  0.000  0.000  0.000  0.000  0.000
  1953   0.000  0.000  0.000  0.000  0.000  0.000  0.000  0.000  0.000  0.000
  1954   0.000  0.000  0.000  0.000  0.000  0.000  0.000  0.000  0.000  0.000
  1955   0.000  0.000  0.000  0.000  0.000  0.000  0.000  0.000  0.000  0.000
  1956   0.000  0.000  0.000  0.000  0.000  0.000  0.000  0.000  0.000  0.000
  1957   0.000  0.000  0.000  0.000  0.000  0.000  0.000  0.000  0.000  0.000
  1958   0.000  0.000  0.000  0.000  0.000  0.000  0.000  0.000  0.000  0.000
  1959   0.000  0.000  0.000  0.000  0.000  0.000  0.000  0.000  0.000  0.000
  1960   0.000  0.000  0.000  0.000  0.000  0.000  0.000  0.000  0.000  0.000
  1961   0.000  0.000  0.000  0.000  0.000  0.000  0.000  0.000  0.000  0.000
  1962   0.000  0.000  0.000  0.000  0.000  0.000  0.000  0.000  0.000  0.000
  1963   0.000  0.000  0.000  0.000  0.000  0.000  0.000  0.000  0.000  0.000
  1964   0.000  0.000  0.000  0.000  0.000  0.000  0.000  0.000  0.000  0.000
  1965   0.000  0.000  0.000  0.000  0.000  0.000  0.000  0.000  0.000  0.000
  1966   0.000  0.000  0.000  0.000  0.000  0.000  0.000  0.000  0.000  0.000
  1967   0.000  0.000  0.000  0.000  0.000  0.000  0.000  0.000  0.000  0.000
  1968   0.000  0.000  0.000  0.000  0.000  0.000  0.000  0.000  0.000  0.000
  1969   0.000  0.000  0.000  0.000  0.000  0.000  0.000  0.000  0.000  0.000
  1970   0.000  0.000  0.000  0.000  0.000  0.000  0.000  0.000  0.000  0.000
  1971   0.000  0.000  0.000  0.000  0.000  0.000  0.000  0.000  0.000  0.000
  1972   0.000  0.000  0.000  0.000  0.000  0.000  0.000  0.000  0.000  0.000
  1973   0.000  0.000  0.000  0.000  0.000  0.000  0.000  0.000  0.000  0.000
  1974   0.000  0.000  0.000  0.000  0.000  0.000  0.000  0.000  0.000  0.000
  1975   0.000  0.000  0.000  0.000  0.000  0.000  0.000  0.000  0.000  0.000
  1976   0.000  0.000  0.000  0.000  0.000  0.000  0.000  0.000  0.000  0.000
  1977   0.000  0.000  0.000  0.000  0.000  0.000  0.000  0.000  0.000  0.000
  1978   0.000  0.000  0.000  0.000  0.000  0.000  0.000  0.000  0.000  0.000
  1979   0.000  0.000  0.000  0.000  0.000  0.000  0.000  0.000  0.000  0.000
  1980   0.000  0.000  0.000  0.000  0.000  0.000  0.000  0.000  0.000  0.000
  1981   0.000  0.000  0.000  0.000  0.000  0.000  0.000  0.000  0.000  0.000
  1982   0.000  0.000  0.000  0.000  0.000  0.000  0.000  0.000  0.000  0.000
  1983   0.000  0.000  0.000  0.000  0.000  0.000  0.000  0.000  0.000  0.000
  1984   0.000  0.000  0.000  0.000  0.000  0.000  0.000  0.000  0.000  0.000
  1985   0.000  0.000  0.000  0.000  0.000  0.000  0.000  0.000  0.000  0.000
  1986   0.000  0.000  0.000  0.000  0.000  0.000  0.000  0.000  0.000  0.000
  1987   0.000  0.000  0.000  0.000  0.000  0.000  0.000  0.000  0.000  0.000
  1988   0.000  0.000  0.000  0.000  0.000  0.000  0.000  0.000  0.000  0.000
  1989   0.000  0.001  0.000  0.000  0.000  0.000  0.000  0.000  0.000  0.000
  1990   0.000  0.001  0.001  0.000  0.000  0.000  0.000  0.000  0.000  0.000
  1991   0.000  0.001  0.001  0.000  0.000  0.000  0.000  0.000  0.000  0.000
  1992   0.000  0.001  0.001  0.000  0.000  0.000  0.000  0.000  0.000  0.000
  1993   0.000  0.002  0.001  0.000  0.000  0.000  0.000  0.000  0.000  0.000
  1994   0.000  0.001  0.001  0.000  0.000  0.000  0.001  0.001  0.001  0.001
  1995   0.000  0.001  0.001  0.001  0.001  0.001  0.000  0.001  0.001  0.001
  1996   0.001  0.001  0.002  0.001  0.001  0.000  0.001  0.000  0.001  0.001
  1997   0.000  0.001  0.001  0.001  0.001  0.001  0.000  0.001  0.001  0.001
  1998   0.002  0.003  0.003  0.002  0.001  0.003  0.000  0.000  0.001  0.001
  1999   0.003  0.004  0.004  0.003  0.001  0.001  0.001  0.001  0.001  0.002
  2000   0.009  0.010  0.006  0.003  0.003  0.002  0.001  0.001  0.001  0.001
  2001   0.000  0.015  0.006  0.005  0.003  0.002  0.003  0.002  0.002  0.002
  2002   0.000  0.024  0.021  0.006  0.003  0.003  0.001  0.002  0.002  0.003
  2003   0.000 -0.001  0.009  0.009  0.008  0.003  0.006  0.003  0.004  0.005
  2004  -0.005  0.002 -0.001  0.007  0.004  0.006  0.005  0.004  0.007  0.008
  2005  -0.009 -0.029  0.003  0.000  0.008  0.009  0.006  0.003  0.013  0.016
  2006  -0.026 -0.012 -0.051  0.003  0.000  0.016  0.007  0.006  0.019  0.023
  2007   0.000 -0.042 -0.009 -0.072  0.005  0.002  0.027  0.026  0.041  0.049
  2008   0.000 -0.004 -0.018 -0.006 -0.031  0.004  0.002  0.020  0.022  0.027
  2009   0.001  0.004  0.000 -0.036  0.000 -0.029  0.011  0.005  0.018  0.022
=============================================================================


TABLE 1B. STANDARD ERROR OF FISHING MORTALITY RATE FOR EAST OF 45                                        
====================================================================================================================     
            1          2          3          4          5          6          7          8          9         10
--------------------------------------------------------------------------------------------------------------------     
  1950  0.516E-04  0.812E-04  0.125E-05  0.316E-05  0.124E-04  0.205E-04  0.235E-04  0.279E-04  0.641E-04  0.448E-04
  1951  0.101E-04  0.165E-04  0.120E-04  0.104E-04  0.239E-04  0.327E-04  0.345E-04  0.278E-04  0.666E-04  0.466E-04
  1952  0.130E-05  0.330E-05  0.577E-05  0.614E-05  0.233E-04  0.433E-04  0.549E-04  0.595E-04  0.783E-04  0.548E-04
  1953  0.509E-05  0.951E-05  0.795E-05  0.960E-05  0.422E-04  0.420E-04  0.742E-04  0.839E-04  0.756E-04  0.529E-04
  1954  0.508E-05  0.922E-05  0.147E-05  0.392E-05  0.403E-04  0.599E-04  0.433E-04  0.460E-04  0.111E-03  0.780E-04
  1955  0.682E-05  0.377E-04  0.718E-04  0.329E-04  0.355E-04  0.498E-04  0.772E-04  0.595E-04  0.133E-03  0.929E-04
  1956  0.336E-05  0.287E-04  0.416E-04  0.221E-04  0.252E-04  0.364E-04  0.482E-04  0.865E-04  0.953E-04  0.667E-04
  1957  0.374E-05  0.402E-04  0.764E-04  0.357E-04  0.298E-04  0.693E-04  0.114E-03  0.928E-04  0.117E-03  0.819E-04
  1958  0.191E-04  0.418E-04  0.879E-04  0.493E-04  0.925E-04  0.925E-04  0.803E-04  0.124E-03  0.107E-03  0.746E-04
  1959  0.799E-05  0.665E-04  0.112E-03  0.622E-04  0.397E-04  0.387E-04  0.367E-04  0.426E-04  0.124E-03  0.868E-04
  1960  0.554E-05  0.337E-04  0.644E-04  0.575E-04  0.116E-03  0.866E-04  0.497E-04  0.780E-04  0.115E-03  0.806E-04
  1961  0.749E-05  0.679E-04  0.115E-03  0.929E-04  0.159E-03  0.186E-03  0.577E-04  0.549E-04  0.139E-03  0.973E-04
  1962  0.604E-05  0.434E-04  0.106E-03  0.796E-04  0.125E-03  0.245E-03  0.124E-03  0.150E-03  0.156E-03  0.109E-03
  1963  0.499E-05  0.405E-04  0.848E-04  0.996E-04  0.121E-03  0.118E-03  0.161E-03  0.100E-03  0.832E-04  0.582E-04
  1964  0.102E-04  0.693E-04  0.119E-03  0.129E-03  0.183E-03  0.127E-03  0.133E-03  0.135E-03  0.954E-04  0.668E-04
  1965  0.736E-05  0.573E-04  0.942E-04  0.825E-04  0.836E-04  0.146E-03  0.159E-03  0.812E-04  0.113E-03  0.793E-04
  1966  0.341E-04  0.969E-04  0.252E-03  0.122E-03  0.738E-04  0.141E-03  0.127E-03  0.807E-04  0.674E-04  0.471E-04
  1967  0.758E-04  0.988E-04  0.139E-03  0.148E-03  0.687E-04  0.829E-04  0.213E-03  0.924E-04  0.127E-03  0.888E-04
  1968  0.276E-04  0.915E-04  0.113E-03  0.769E-04  0.876E-04  0.354E-04  0.818E-04  0.120E-03  0.764E-04  0.535E-04
  1969  0.665E-04  0.308E-03  0.243E-03  0.102E-03  0.426E-04  0.470E-04  0.288E-04  0.711E-04  0.111E-03  0.774E-04
  1970  0.484E-04  0.219E-03  0.175E-03  0.113E-03  0.442E-04  0.265E-04  0.503E-04  0.392E-04  0.714E-04  0.714E-04
  1971  0.327E-05  0.208E-03  0.260E-03  0.126E-03  0.104E-03  0.258E-04  0.225E-04  0.711E-04  0.575E-04  0.575E-04
  1972  0.795E-05  0.252E-03  0.412E-03  0.154E-03  0.121E-03  0.900E-04  0.326E-04  0.140E-04  0.412E-04  0.412E-04
  1973  0.830E-05  0.204E-03  0.228E-03  0.121E-03  0.586E-04  0.682E-04  0.105E-03  0.630E-04  0.440E-04  0.440E-04
  1974  0.216E-04  0.270E-03  0.298E-03  0.269E-03  0.195E-03  0.109E-03  0.738E-04  0.957E-04  0.899E-04  0.899E-04
  1975  0.836E-04  0.353E-03  0.267E-03  0.167E-03  0.876E-04  0.189E-03  0.104E-03  0.887E-04  0.115E-03  0.115E-03
  1976  0.134E-04  0.394E-03  0.683E-03  0.253E-03  0.192E-03  0.612E-04  0.132E-03  0.628E-04  0.957E-04  0.957E-04
  1977  0.622E-04  0.394E-03  0.318E-03  0.302E-03  0.520E-04  0.718E-04  0.552E-04  0.132E-03  0.982E-04  0.982E-04
  1978  0.161E-03  0.378E-03  0.360E-03  0.172E-03  0.897E-04  0.255E-04  0.526E-04  0.284E-04  0.801E-04  0.801E-04
  1979  0.198E-04  0.140E-03  0.408E-03  0.212E-03  0.822E-04  0.521E-04  0.391E-04  0.115E-03  0.751E-04  0.751E-04
  1980  0.912E-04  0.323E-03  0.697E-03  0.341E-03  0.740E-04  0.753E-04  0.652E-04  0.375E-04  0.823E-04  0.823E-04
  1981  0.853E-04  0.473E-03  0.588E-03  0.221E-03  0.182E-03  0.522E-04  0.723E-04  0.109E-03  0.637E-04  0.637E-04
  1982  0.434E-03  0.549E-03  0.805E-03  0.387E-03  0.159E-03  0.909E-04  0.575E-04  0.187E-03  0.135E-03  0.135E-03
  1983  0.252E-03  0.443E-03  0.636E-03  0.299E-03  0.202E-03  0.149E-03  0.280E-03  0.894E-04  0.148E-03  0.148E-03
  1984  0.164E-03  0.655E-03  0.315E-03  0.320E-03  0.329E-03  0.259E-03  0.229E-03  0.310E-03  0.173E-03  0.173E-03
  1985  0.132E-03  0.786E-03  0.866E-03  0.331E-03  0.189E-03  0.190E-03  0.108E-03  0.155E-03  0.218E-03  0.131E-03
  1986  0.312E-03  0.551E-03  0.638E-03  0.418E-03  0.100E-03  0.131E-03  0.120E-03  0.955E-04  0.217E-03  0.130E-03
  1987  0.322E-03  0.619E-03  0.675E-03  0.367E-03  0.143E-03  0.949E-04  0.251E-03  0.191E-03  0.206E-03  0.123E-03
  1988  0.649E-03  0.567E-03  0.877E-03  0.464E-03  0.193E-03  0.133E-03  0.162E-03  0.243E-03  0.327E-03  0.196E-03
  1989  0.718E-03  0.980E-03  0.537E-03  0.439E-03  0.457E-03  0.112E-03  0.175E-03  0.127E-03  0.269E-03  0.162E-03
  1990  0.527E-03  0.112E-02  0.114E-02  0.471E-03  0.547E-03  0.196E-03  0.195E-03  0.263E-03  0.336E-03  0.202E-03
  1991  0.411E-03  0.109E-02  0.123E-02  0.598E-03  0.561E-03  0.169E-03  0.180E-03  0.227E-03  0.523E-03  0.314E-03
  1992  0.433E-03  0.173E-02  0.177E-02  0.563E-03  0.337E-03  0.273E-03  0.406E-03  0.519E-03  0.660E-03  0.396E-03
  1993  0.394E-03  0.332E-02  0.244E-02  0.813E-03  0.405E-03  0.334E-03  0.342E-03  0.410E-03  0.676E-03  0.406E-03
  1994  0.794E-03  0.143E-02  0.177E-02  0.671E-03  0.814E-03  0.654E-03  0.104E-02  0.108E-02  0.179E-02  0.107E-02
  1995  0.691E-03  0.166E-02  0.176E-02  0.112E-02  0.925E-03  0.129E-02  0.726E-03  0.108E-02  0.122E-02  0.147E-02
  1996  0.997E-03  0.257E-02  0.335E-02  0.206E-02  0.133E-02  0.544E-03  0.913E-03  0.691E-03  0.171E-02  0.205E-02
  1997  0.837E-03  0.231E-02  0.167E-02  0.238E-02  0.146E-02  0.172E-02  0.828E-03  0.213E-02  0.210E-02  0.252E-02
  1998  0.312E-02  0.476E-02  0.463E-02  0.350E-02  0.255E-02  0.475E-02  0.632E-03  0.500E-03  0.168E-02  0.202E-02
  1999  0.506E-02  0.712E-02  0.648E-02  0.494E-02  0.195E-02  0.111E-02  0.107E-02  0.106E-02  0.261E-02  0.313E-02
  2000  0.155E-01  0.163E-01  0.974E-02  0.501E-02  0.566E-02  0.346E-02  0.134E-02  0.183E-02  0.162E-02  0.194E-02
  2001  0.497E-03  0.251E-01  0.106E-01  0.789E-02  0.453E-02  0.335E-02  0.566E-02  0.317E-02  0.329E-02  0.395E-02
  2002  0.214E-02  0.393E-01  0.330E-01  0.104E-01  0.437E-02  0.520E-02  0.246E-02  0.397E-02  0.387E-02  0.464E-02
  2003  0.216E-02  0.173E-01  0.138E-01  0.132E-01  0.124E-01  0.481E-02  0.109E-01  0.605E-02  0.729E-02  0.875E-02
  2004  0.557E-02  0.330E-01  0.366E-01  0.109E-01  0.682E-02  0.100E-01  0.825E-02  0.719E-02  0.114E-01  0.137E-01
  2005  0.334E-01  0.320E-01  0.319E-01  0.280E-01  0.116E-01  0.137E-01  0.100E-01  0.493E-02  0.217E-01  0.260E-01
  2006  0.456E-01  0.560E-01  0.574E-01  0.260E-01  0.986E-02  0.247E-01  0.104E-01  0.893E-02  0.303E-01  0.363E-01
  2007  0.170E-02  0.856E-01  0.594E-01  0.855E-01  0.367E-01  0.289E-01  0.393E-01  0.375E-01  0.613E-01  0.735E-01
  2008  0.152E-02  0.648E-01  0.433E-01  0.826E-01  0.401E-01  0.263E-01  0.258E-01  0.281E-01  0.320E-01  0.384E-01
  2009  0.234E-02  0.110E+00  0.501E-01  0.132E+00  0.665E-01  0.402E-01  0.527E-01  0.417E-01  0.258E-01  0.310E-01
====================================================================================================================     


TABLE 1C. BIAS OF ABUNDANCE (BY AREA) OF EAST OF 45                                        
====================================================================================================================     
            1          2          3          4          5          6          7          8          9         10
--------------------------------------------------------------------------------------------------------------------     
  1950 -0.792E+03 -0.256E+03 -0.364E+03 -0.191E+03 -0.121E+03 -0.145E+03 -0.886E+02 -0.362E+02 -0.228E+02 -0.263E+02
  1951 -0.709E+03 -0.480E+03 -0.200E+03 -0.286E+03 -0.151E+03 -0.950E+02 -0.119E+03 -0.746E+02 -0.309E+02 -0.430E+02
  1952 -0.123E+04 -0.434E+03 -0.378E+03 -0.157E+03 -0.225E+03 -0.119E+03 -0.784E+02 -0.101E+03 -0.647E+02 -0.629E+02
  1953 -0.116E+04 -0.751E+03 -0.341E+03 -0.297E+03 -0.124E+03 -0.177E+03 -0.982E+02 -0.648E+02 -0.873E+02 -0.106E+03
  1954 -0.134E+04 -0.714E+03 -0.591E+03 -0.268E+03 -0.234E+03 -0.968E+02 -0.146E+03 -0.816E+02 -0.564E+02 -0.170E+03
  1955 -0.834E+03 -0.819E+03 -0.561E+03 -0.465E+03 -0.211E+03 -0.184E+03 -0.792E+02 -0.123E+03 -0.700E+02 -0.201E+03
  1956 -0.397E+03 -0.511E+03 -0.640E+03 -0.439E+03 -0.366E+03 -0.166E+03 -0.151E+03 -0.670E+02 -0.106E+03 -0.243E+03
  1957 -0.254E+03 -0.243E+03 -0.402E+03 -0.504E+03 -0.345E+03 -0.288E+03 -0.136E+03 -0.125E+03 -0.582E+02 -0.317E+03
  1958 -0.495E+03 -0.156E+03 -0.193E+03 -0.317E+03 -0.397E+03 -0.270E+03 -0.234E+03 -0.114E+03 -0.108E+03 -0.363E+03
  1959 -0.467E+03 -0.303E+03 -0.123E+03 -0.151E+03 -0.248E+03 -0.314E+03 -0.220E+03 -0.196E+03 -0.983E+02 -0.442E+03
  1960 -0.413E+03 -0.286E+03 -0.239E+03 -0.970E+02 -0.119E+03 -0.196E+03 -0.257E+03 -0.185E+03 -0.169E+03 -0.499E+03
  1961 -0.586E+03 -0.253E+03 -0.224E+03 -0.187E+03 -0.759E+02 -0.944E+02 -0.160E+03 -0.214E+03 -0.160E+03 -0.606E+03
  1962 -0.143E+04 -0.359E+03 -0.199E+03 -0.175E+03 -0.146E+03 -0.591E+02 -0.769E+02 -0.135E+03 -0.184E+03 -0.695E+03
  1963 -0.181E+04 -0.877E+03 -0.281E+03 -0.158E+03 -0.137E+03 -0.116E+03 -0.487E+02 -0.648E+02 -0.116E+03 -0.778E+03
  1964 -0.118E+04 -0.111E+04 -0.690E+03 -0.222E+03 -0.124E+03 -0.108E+03 -0.945E+02 -0.407E+02 -0.559E+02 -0.762E+03
  1965 -0.291E+04 -0.724E+03 -0.872E+03 -0.542E+03 -0.175E+03 -0.973E+02 -0.891E+02 -0.791E+02 -0.350E+02 -0.762E+03
  1966 -0.190E+04 -0.178E+04 -0.566E+03 -0.685E+03 -0.425E+03 -0.137E+03 -0.796E+02 -0.748E+02 -0.683E+02 -0.714E+03
  1967 -0.807E+03 -0.117E+04 -0.140E+04 -0.446E+03 -0.540E+03 -0.333E+03 -0.113E+03 -0.668E+02 -0.642E+02 -0.774E+03
  1968 -0.707E+03 -0.492E+03 -0.914E+03 -0.110E+04 -0.351E+03 -0.425E+03 -0.273E+03 -0.947E+02 -0.576E+02 -0.788E+03
  1969 -0.728E+03 -0.434E+03 -0.386E+03 -0.720E+03 -0.869E+03 -0.275E+03 -0.348E+03 -0.229E+03 -0.812E+02 -0.756E+03
  1970 -0.471E+03 -0.445E+03 -0.341E+03 -0.303E+03 -0.568E+03 -0.685E+03 -0.225E+03 -0.292E+03 -0.197E+03 -0.803E+03
  1971 -0.145E+04 -0.289E+03 -0.349E+03 -0.268E+03 -0.237E+03 -0.446E+03 -0.561E+03 -0.189E+03 -0.251E+03 -0.846E+03
  1972 -0.888E+03 -0.888E+03 -0.226E+03 -0.275E+03 -0.210E+03 -0.187E+03 -0.366E+03 -0.471E+03 -0.163E+03 -0.859E+03
  1973 -0.144E+04 -0.544E+03 -0.697E+03 -0.177E+03 -0.216E+03 -0.165E+03 -0.153E+03 -0.307E+03 -0.405E+03 -0.962E+03
  1974 -0.103E+04 -0.884E+03 -0.429E+03 -0.548E+03 -0.139E+03 -0.170E+03 -0.135E+03 -0.129E+03 -0.264E+03 -0.132E+04
  1975 -0.120E+04 -0.634E+03 -0.696E+03 -0.337E+03 -0.431E+03 -0.109E+03 -0.139E+03 -0.113E+03 -0.111E+03 -0.134E+04
  1976 -0.219E+04 -0.733E+03 -0.499E+03 -0.547E+03 -0.264E+03 -0.339E+03 -0.895E+02 -0.117E+03 -0.974E+02 -0.132E+04
  1977 -0.609E+03 -0.134E+04 -0.574E+03 -0.390E+03 -0.431E+03 -0.207E+03 -0.276E+03 -0.751E+02 -0.101E+03 -0.131E+04
  1978 -0.639E+03 -0.373E+03 -0.105E+04 -0.451E+03 -0.306E+03 -0.339E+03 -0.170E+03 -0.232E+03 -0.649E+02 -0.122E+04
  1979 -0.825E+03 -0.393E+03 -0.293E+03 -0.827E+03 -0.355E+03 -0.241E+03 -0.277E+03 -0.142E+03 -0.200E+03 -0.109E+04
  1980 -0.817E+03 -0.505E+03 -0.309E+03 -0.232E+03 -0.651E+03 -0.279E+03 -0.197E+03 -0.233E+03 -0.123E+03 -0.110E+04
  1981 -0.975E+03 -0.504E+03 -0.395E+03 -0.243E+03 -0.182E+03 -0.512E+03 -0.228E+03 -0.165E+03 -0.200E+03 -0.102E+04
  1982 -0.237E+04 -0.600E+03 -0.398E+03 -0.311E+03 -0.191E+03 -0.143E+03 -0.419E+03 -0.191E+03 -0.142E+03 -0.112E+04
  1983 -0.204E+04 -0.144E+04 -0.469E+03 -0.311E+03 -0.245E+03 -0.150E+03 -0.118E+03 -0.352E+03 -0.165E+03 -0.115E+04
  1984 -0.163E+04 -0.124E+04 -0.113E+04 -0.369E+03 -0.245E+03 -0.192E+03 -0.123E+03 -0.988E+02 -0.303E+03 -0.119E+04
  1985 -0.140E+04 -0.997E+03 -0.968E+03 -0.894E+03 -0.291E+03 -0.192E+03 -0.157E+03 -0.103E+03 -0.851E+02 -0.134E+04
  1986 -0.174E+04 -0.856E+03 -0.782E+03 -0.758E+03 -0.702E+03 -0.229E+03 -0.158E+03 -0.132E+03 -0.892E+02 -0.128E+04
  1987 -0.273E+04 -0.107E+04 -0.673E+03 -0.614E+03 -0.597E+03 -0.553E+03 -0.188E+03 -0.133E+03 -0.114E+03 -0.120E+04
  1988 -0.318E+04 -0.167E+04 -0.836E+03 -0.528E+03 -0.482E+03 -0.468E+03 -0.452E+03 -0.158E+03 -0.114E+03 -0.121E+04
  1989 -0.731E+04 -0.194E+04 -0.131E+04 -0.656E+03 -0.415E+03 -0.380E+03 -0.384E+03 -0.380E+03 -0.136E+03 -0.117E+04
  1990 -0.574E+04 -0.447E+04 -0.152E+04 -0.103E+04 -0.515E+03 -0.326E+03 -0.310E+03 -0.322E+03 -0.327E+03 -0.117E+04
  1991 -0.171E+05 -0.352E+04 -0.351E+04 -0.119E+04 -0.809E+03 -0.404E+03 -0.267E+03 -0.260E+03 -0.278E+03 -0.135E+04
  1992 -0.136E+05 -0.105E+05 -0.276E+04 -0.276E+04 -0.940E+03 -0.637E+03 -0.331E+03 -0.224E+03 -0.224E+03 -0.145E+04
  1993 -0.111E+05 -0.833E+04 -0.824E+04 -0.217E+04 -0.217E+04 -0.740E+03 -0.521E+03 -0.278E+03 -0.192E+03 -0.151E+04
  1994 -0.139E+05 -0.677E+04 -0.652E+04 -0.648E+04 -0.170E+04 -0.171E+04 -0.606E+03 -0.438E+03 -0.240E+03 -0.153E+04
  1995 -0.109E+05 -0.853E+04 -0.532E+04 -0.512E+04 -0.509E+04 -0.134E+04 -0.140E+04 -0.508E+03 -0.377E+03 -0.159E+04
  1996 -0.156E+05 -0.666E+04 -0.671E+04 -0.418E+04 -0.403E+04 -0.401E+04 -0.110E+04 -0.117E+04 -0.437E+03 -0.177E+04
  1997 -0.118E+05 -0.956E+04 -0.523E+04 -0.527E+04 -0.329E+04 -0.317E+04 -0.328E+04 -0.919E+03 -0.101E+04 -0.198E+04
  1998 -0.834E+05 -0.722E+04 -0.752E+04 -0.411E+04 -0.414E+04 -0.259E+04 -0.259E+04 -0.275E+04 -0.791E+03 -0.268E+04
  1999 -0.814E+05 -0.511E+05 -0.565E+04 -0.590E+04 -0.323E+04 -0.326E+04 -0.211E+04 -0.218E+04 -0.237E+04 -0.313E+04
  2000 -0.885E+05 -0.498E+05 -0.402E+05 -0.443E+04 -0.463E+04 -0.254E+04 -0.266E+04 -0.177E+04 -0.187E+04 -0.492E+04
  2001 -0.976E+05 -0.538E+05 -0.391E+05 -0.315E+05 -0.348E+04 -0.364E+04 -0.207E+04 -0.224E+04 -0.153E+04 -0.610E+04
  2002  0.196E+05 -0.598E+05 -0.421E+05 -0.307E+05 -0.248E+05 -0.274E+04 -0.298E+04 -0.174E+04 -0.192E+04 -0.687E+04
  2003  0.239E+05  0.120E+05 -0.467E+05 -0.330E+05 -0.241E+05 -0.195E+05 -0.224E+04 -0.250E+04 -0.150E+04 -0.790E+04
  2004  0.428E+06  0.147E+05  0.946E+04 -0.367E+05 -0.260E+05 -0.190E+05 -0.160E+05 -0.188E+04 -0.215E+04 -0.846E+04
  2005  0.906E+05  0.262E+06  0.115E+05  0.744E+04 -0.289E+05 -0.204E+05 -0.155E+05 -0.134E+05 -0.161E+04 -0.954E+04
  2006  0.105E+06  0.554E+05  0.206E+06  0.909E+04  0.585E+04 -0.227E+05 -0.167E+05 -0.130E+05 -0.115E+05 -0.100E+05
  2007  0.180E+05  0.641E+05  0.435E+05  0.162E+06  0.715E+04  0.460E+04 -0.186E+05 -0.140E+05 -0.112E+05 -0.192E+05
  2008  0.525E+04  0.110E+05  0.503E+05  0.342E+05  0.127E+06  0.563E+04  0.377E+04 -0.156E+05 -0.121E+05 -0.272E+05
  2009 -0.799E+04  0.322E+04  0.868E+04  0.395E+05  0.269E+05  0.997E+05  0.461E+04  0.317E+04 -0.134E+05 -0.353E+05
  2010            -0.490E+04  0.253E+04  0.683E+04  0.311E+05  0.212E+05  0.816E+05  0.388E+04  0.273E+04 -0.438E+05
====================================================================================================================     


TABLE 1D. STANDARD ERROR OF ABUNDANCE (BY AREA) OF EAST OF 45                                        
====================================================================================================================     
            1          2          3          4          5          6          7          8          9         10
--------------------------------------------------------------------------------------------------------------------     
  1950  0.132E+04  0.468E+03  0.680E+03  0.352E+03  0.222E+03  0.259E+03  0.147E+03  0.562E+02  0.344E+02  0.397E+02
  1951  0.114E+04  0.806E+03  0.368E+03  0.535E+03  0.277E+03  0.175E+03  0.212E+03  0.123E+03  0.482E+02  0.672E+02
  1952  0.191E+04  0.698E+03  0.634E+03  0.290E+03  0.421E+03  0.219E+03  0.144E+03  0.178E+03  0.106E+03  0.103E+03
  1953  0.178E+04  0.117E+04  0.549E+03  0.499E+03  0.228E+03  0.331E+03  0.179E+03  0.120E+03  0.154E+03  0.188E+03
  1954  0.202E+04  0.109E+04  0.919E+03  0.432E+03  0.392E+03  0.179E+03  0.272E+03  0.151E+03  0.103E+03  0.310E+03
  1955  0.128E+04  0.124E+04  0.858E+03  0.723E+03  0.339E+03  0.309E+03  0.146E+03  0.228E+03  0.129E+03  0.372E+03
  1956  0.665E+03  0.786E+03  0.973E+03  0.675E+03  0.569E+03  0.267E+03  0.253E+03  0.122E+03  0.196E+03  0.448E+03
  1957  0.404E+03  0.408E+03  0.618E+03  0.765E+03  0.531E+03  0.448E+03  0.219E+03  0.212E+03  0.105E+03  0.573E+03
  1958  0.794E+03  0.248E+03  0.320E+03  0.486E+03  0.602E+03  0.416E+03  0.367E+03  0.184E+03  0.183E+03  0.615E+03
  1959  0.672E+03  0.486E+03  0.195E+03  0.252E+03  0.382E+03  0.474E+03  0.341E+03  0.308E+03  0.158E+03  0.711E+03
  1960  0.580E+03  0.412E+03  0.382E+03  0.153E+03  0.198E+03  0.301E+03  0.388E+03  0.286E+03  0.265E+03  0.784E+03
  1961  0.831E+03  0.355E+03  0.323E+03  0.300E+03  0.121E+03  0.156E+03  0.246E+03  0.325E+03  0.246E+03  0.935E+03
  1962  0.188E+04  0.509E+03  0.279E+03  0.254E+03  0.236E+03  0.948E+02  0.127E+03  0.207E+03  0.280E+03  0.106E+04
  1963  0.252E+04  0.115E+04  0.400E+03  0.220E+03  0.199E+03  0.186E+03  0.775E+02  0.107E+03  0.178E+03  0.120E+04
  1964  0.184E+04  0.155E+04  0.907E+03  0.315E+03  0.173E+03  0.157E+03  0.152E+03  0.650E+02  0.921E+02  0.126E+04
  1965  0.438E+04  0.113E+04  0.122E+04  0.714E+03  0.247E+03  0.136E+03  0.129E+03  0.128E+03  0.560E+02  0.122E+04
  1966  0.263E+04  0.268E+04  0.886E+03  0.956E+03  0.561E+03  0.194E+03  0.111E+03  0.108E+03  0.110E+03  0.115E+04
  1967  0.117E+04  0.161E+04  0.211E+04  0.696E+03  0.752E+03  0.441E+03  0.159E+03  0.932E+02  0.929E+02  0.112E+04
  1968  0.102E+04  0.716E+03  0.127E+04  0.166E+04  0.548E+03  0.592E+03  0.362E+03  0.133E+03  0.803E+02  0.110E+04
  1969  0.103E+04  0.625E+03  0.563E+03  0.996E+03  0.130E+04  0.431E+03  0.484E+03  0.303E+03  0.115E+03  0.107E+04
  1970  0.695E+03  0.631E+03  0.491E+03  0.443E+03  0.783E+03  0.103E+04  0.353E+03  0.407E+03  0.261E+03  0.106E+04
  1971  0.227E+04  0.426E+03  0.496E+03  0.387E+03  0.348E+03  0.616E+03  0.841E+03  0.296E+03  0.350E+03  0.118E+04
  1972  0.147E+04  0.139E+04  0.335E+03  0.390E+03  0.304E+03  0.274E+03  0.504E+03  0.705E+03  0.255E+03  0.135E+04
  1973  0.259E+04  0.900E+03  0.110E+04  0.263E+03  0.307E+03  0.239E+03  0.224E+03  0.423E+03  0.607E+03  0.144E+04
  1974  0.181E+04  0.159E+04  0.708E+03  0.861E+03  0.207E+03  0.241E+03  0.196E+03  0.188E+03  0.364E+03  0.182E+04
  1975  0.206E+04  0.111E+04  0.125E+04  0.557E+03  0.677E+03  0.162E+03  0.198E+03  0.164E+03  0.162E+03  0.196E+04
  1976  0.376E+04  0.126E+04  0.870E+03  0.981E+03  0.438E+03  0.533E+03  0.133E+03  0.166E+03  0.141E+03  0.191E+04
  1977  0.107E+04  0.230E+04  0.993E+03  0.681E+03  0.772E+03  0.344E+03  0.435E+03  0.112E+03  0.143E+03  0.186E+04
  1978  0.113E+04  0.653E+03  0.181E+04  0.781E+03  0.536E+03  0.607E+03  0.282E+03  0.365E+03  0.961E+02  0.181E+04
  1979  0.148E+04  0.690E+03  0.512E+03  0.142E+04  0.614E+03  0.422E+03  0.497E+03  0.237E+03  0.315E+03  0.172E+04
  1980  0.146E+04  0.904E+03  0.543E+03  0.402E+03  0.112E+04  0.483E+03  0.345E+03  0.417E+03  0.204E+03  0.182E+04
  1981  0.176E+04  0.894E+03  0.710E+03  0.426E+03  0.316E+03  0.880E+03  0.395E+03  0.289E+03  0.359E+03  0.182E+04
  1982  0.427E+04  0.108E+04  0.701E+03  0.557E+03  0.335E+03  0.249E+03  0.721E+03  0.332E+03  0.249E+03  0.196E+04
  1983  0.364E+04  0.261E+04  0.847E+03  0.549E+03  0.438E+03  0.263E+03  0.204E+03  0.605E+03  0.285E+03  0.198E+04
  1984  0.297E+04  0.223E+04  0.205E+04  0.665E+03  0.431E+03  0.345E+03  0.216E+03  0.171E+03  0.521E+03  0.205E+04
  1985  0.254E+04  0.182E+04  0.175E+04  0.161E+04  0.523E+03  0.339E+03  0.282E+03  0.181E+03  0.147E+03  0.231E+04
  1986  0.320E+04  0.155E+04  0.143E+04  0.137E+04  0.127E+04  0.411E+03  0.278E+03  0.237E+03  0.156E+03  0.223E+04
  1987  0.500E+04  0.196E+04  0.122E+04  0.112E+04  0.108E+04  0.999E+03  0.337E+03  0.233E+03  0.204E+03  0.216E+04
  1988  0.586E+04  0.306E+04  0.153E+04  0.958E+03  0.881E+03  0.846E+03  0.818E+03  0.283E+03  0.201E+03  0.213E+04
  1989  0.135E+05  0.357E+04  0.241E+04  0.120E+04  0.753E+03  0.693E+03  0.693E+03  0.687E+03  0.243E+03  0.211E+04
  1990  0.106E+05  0.824E+04  0.280E+04  0.189E+04  0.947E+03  0.592E+03  0.567E+03  0.582E+03  0.591E+03  0.212E+04
  1991  0.316E+05  0.648E+04  0.647E+04  0.220E+04  0.149E+04  0.744E+03  0.485E+03  0.476E+03  0.501E+03  0.244E+04
  1992  0.250E+05  0.193E+05  0.509E+04  0.509E+04  0.173E+04  0.117E+04  0.609E+03  0.407E+03  0.409E+03  0.265E+04
  1993  0.204E+05  0.153E+05  0.152E+05  0.400E+04  0.400E+04  0.136E+04  0.958E+03  0.512E+03  0.350E+03  0.276E+04
  1994  0.257E+05  0.125E+05  0.120E+05  0.119E+05  0.314E+04  0.315E+04  0.111E+04  0.805E+03  0.440E+03  0.281E+04
  1995  0.201E+05  0.157E+05  0.983E+04  0.944E+04  0.939E+04  0.247E+04  0.258E+04  0.935E+03  0.692E+03  0.293E+04
  1996  0.288E+05  0.123E+05  0.124E+05  0.772E+04  0.742E+04  0.738E+04  0.202E+04  0.216E+04  0.805E+03  0.326E+04
  1997  0.218E+05  0.177E+05  0.964E+04  0.971E+04  0.607E+04  0.584E+04  0.605E+04  0.170E+04  0.186E+04  0.366E+04
  1998  0.154E+06  0.133E+05  0.139E+05  0.758E+04  0.763E+04  0.477E+04  0.478E+04  0.507E+04  0.146E+04  0.495E+04
  1999  0.150E+06  0.943E+05  0.104E+05  0.109E+05  0.595E+04  0.600E+04  0.390E+04  0.401E+04  0.437E+04  0.577E+04
  2000  0.163E+06  0.918E+05  0.741E+05  0.817E+04  0.854E+04  0.468E+04  0.491E+04  0.327E+04  0.345E+04  0.907E+04
  2001  0.180E+06  0.992E+05  0.720E+05  0.582E+05  0.642E+04  0.671E+04  0.383E+04  0.412E+04  0.282E+04  0.112E+05
  2002  0.175E+06  0.110E+06  0.777E+05  0.566E+05  0.458E+05  0.505E+04  0.549E+04  0.321E+04  0.355E+04  0.127E+05
  2003  0.332E+06  0.107E+06  0.861E+05  0.610E+05  0.445E+05  0.360E+05  0.413E+04  0.461E+04  0.276E+04  0.146E+05
  2004  0.475E+06  0.203E+06  0.844E+05  0.677E+05  0.479E+05  0.350E+05  0.295E+05  0.346E+04  0.397E+04  0.156E+05
  2005  0.250E+06  0.291E+06  0.160E+06  0.662E+05  0.533E+05  0.377E+05  0.286E+05  0.247E+05  0.298E+04  0.176E+05
  2006  0.164E+06  0.153E+06  0.229E+06  0.126E+06  0.521E+05  0.419E+05  0.309E+05  0.240E+05  0.213E+05  0.185E+05
  2007  0.623E+05  0.998E+05  0.120E+06  0.179E+06  0.987E+05  0.409E+05  0.343E+05  0.259E+05  0.207E+05  0.355E+05
  2008  0.224E+05  0.381E+05  0.782E+05  0.943E+05  0.141E+06  0.776E+05  0.335E+05  0.288E+05  0.223E+05  0.503E+05
  2009  0.207E+05  0.137E+05  0.299E+05  0.615E+05  0.741E+05  0.111E+06  0.635E+05  0.281E+05  0.247E+05  0.652E+05
  2010             0.127E+05  0.107E+05  0.235E+05  0.483E+05  0.583E+05  0.906E+05  0.533E+05  0.242E+05  0.808E+05
====================================================================================================================     


TABLE 1E. PARAMETER ESTIMATES FOR EAST OF 45                                        
==================================================================
 
 TERMINAL AGE STRUCTURE OF POPULATION ABUNDANCE
                  Average of               Std.              
  Age      MLE    bootstraps    Bias       Error   % CV      
  ---  ---------- ---------- ---------- ---------- -----     
    2   0.104E+06  0.990E+05 -0.490E+04  0.127E+05  12.8
    3   0.476E+05  0.493E+05  0.253E+04  0.107E+05  21.8
    4   0.105E+06  0.108E+06  0.683E+04  0.235E+05  21.7
    5   0.110E+06  0.137E+06  0.311E+05  0.483E+05  35.2
    6   0.133E+06  0.154E+06  0.212E+05  0.583E+05  37.9
    7   0.214E+06  0.268E+06  0.816E+05  0.906E+05  33.8
    8   0.156E+06  0.174E+06  0.388E+04  0.533E+05  30.7
    9   0.899E+05  0.948E+05  0.273E+04  0.242E+05  25.5
   10   0.366E+06  0.317E+06 -0.438E+05  0.808E+05  25.5
 
 TERMINAL AGE STRUCTURE OF FISHING MORTALITY RATE
                  Average of               Std.              
  Age      MLE    bootstraps    Bias       Error   % CV      
  ---  ---------- ---------- ---------- ---------- -----     
    1   0.100E-01  0.108E-01  0.782E-03  0.234E-02  21.7
    2   0.349E+00  0.358E+00  0.362E-02  0.110E+00  30.8
    3   0.159E+00  0.164E+00 -0.297E-03  0.501E-01  30.6
    4   0.352E+00  0.327E+00 -0.364E-01  0.132E+00  40.4
    5   0.151E+00  0.152E+00  0.314E-03  0.665E-01  43.8
    6   0.122E+00  0.110E+00 -0.288E-01  0.402E-01  36.5
    7   0.177E+00  0.174E+00  0.105E-01  0.527E-01  30.2
    8   0.180E+00  0.181E+00  0.473E-02  0.417E-01  23.0
    9   0.936E-01  0.113E+00  0.182E-01  0.258E-01  22.9
   10   0.112E+00  0.136E+00  0.219E-01  0.310E-01  22.9
 
 RATIO OF FISHING MORTALITY RATE ON LAST TWO AGES (F-RATIO)
                  Average of               Std.              
 Year      MLE    bootstraps    Bias       Error   % CV      
 ----  ---------- ---------- ---------- ---------- -----     
 1950   0.700E+00  0.700E+00  0.000E+00  0.321E-07   0.0
 1951   0.700E+00  0.700E+00  0.000E+00  0.209E-07   0.0
 1952   0.700E+00  0.700E+00  0.000E+00  0.266E-07   0.0
 1953   0.700E+00  0.700E+00  0.000E+00  0.306E-07   0.0
 1954   0.700E+00  0.700E+00  0.000E+00  0.242E-07   0.0
 1955   0.700E+00  0.700E+00  0.000E+00  0.202E-07   0.0
 1956   0.700E+00  0.700E+00  0.000E+00  0.252E-07   0.0
 1957   0.700E+00  0.700E+00  0.000E+00  0.196E-07   0.0
 1958   0.700E+00  0.700E+00  0.000E+00  0.300E-07   0.0
 1959   0.700E+00  0.700E+00  0.000E+00  0.273E-07   0.0
 1960   0.700E+00  0.700E+00  0.000E+00  0.230E-07   0.0
 1961   0.700E+00  0.700E+00  0.000E+00  0.289E-07   0.0
 1962   0.700E+00  0.700E+00  0.000E+00  0.276E-07   0.0
 1963   0.700E+00  0.700E+00  0.000E+00  0.292E-07   0.0
 1964   0.700E+00  0.700E+00  0.000E+00  0.257E-07   0.0
 1965   0.700E+00  0.700E+00  0.000E+00  0.235E-07   0.0
 1966   0.700E+00  0.700E+00  0.000E+00  0.271E-07   0.0
 1967   0.700E+00  0.700E+00  0.000E+00  0.211E-07   0.0
 1968   0.700E+00  0.700E+00  0.000E+00  0.287E-07   0.0
 1969   0.700E+00  0.700E+00  0.000E+00  0.272E-07   0.0
 1970   0.100E+01  0.100E+01  0.000E+00  0.000E+00   0.0
 1971   0.100E+01  0.100E+01  0.000E+00  0.000E+00   0.0
 1972   0.100E+01  0.100E+01  0.000E+00  0.000E+00   0.0
 1973   0.100E+01  0.100E+01  0.000E+00  0.000E+00   0.0
 1974   0.100E+01  0.100E+01  0.000E+00  0.000E+00   0.0
 1975   0.100E+01  0.100E+01  0.000E+00  0.000E+00   0.0
 1976   0.100E+01  0.100E+01  0.000E+00  0.000E+00   0.0
 1977   0.100E+01  0.100E+01  0.000E+00  0.000E+00   0.0
 1978   0.100E+01  0.100E+01  0.000E+00  0.000E+00   0.0
 1979   0.100E+01  0.100E+01  0.000E+00  0.000E+00   0.0
 1980   0.100E+01  0.100E+01  0.000E+00  0.000E+00   0.0
 1981   0.100E+01  0.100E+01  0.000E+00  0.000E+00   0.0
 1982   0.100E+01  0.100E+01  0.000E+00  0.000E+00   0.0
 1983   0.100E+01  0.100E+01  0.000E+00  0.000E+00   0.0
 1984   0.100E+01  0.100E+01  0.000E+00  0.000E+00   0.0
 1985   0.600E+00  0.600E+00  0.000E+00  0.231E-07   0.0
 1986   0.600E+00  0.600E+00  0.000E+00  0.240E-07   0.0
 1987   0.600E+00  0.600E+00  0.000E+00  0.267E-07   0.0
 1988   0.600E+00  0.600E+00  0.000E+00  0.184E-07   0.0
 1989   0.600E+00  0.600E+00  0.000E+00  0.227E-07   0.0
 1990   0.600E+00  0.600E+00  0.000E+00  0.187E-07   0.0
 1991   0.600E+00  0.600E+00  0.000E+00  0.268E-07   0.0
 1992   0.600E+00  0.600E+00  0.000E+00  0.224E-07   0.0
 1993   0.600E+00  0.600E+00  0.000E+00  0.241E-07   0.0
 1994   0.600E+00  0.600E+00  0.000E+00  0.201E-07   0.0
 1995   0.120E+01  0.120E+01  0.000E+00  0.393E-07   0.0
 1996   0.120E+01  0.120E+01  0.000E+00  0.352E-07   0.0
 1997   0.120E+01  0.120E+01  0.000E+00  0.350E-07   0.0
 1998   0.120E+01  0.120E+01  0.000E+00  0.523E-07   0.0
 1999   0.120E+01  0.120E+01  0.000E+00  0.389E-07   0.0
 2000   0.120E+01  0.120E+01  0.000E+00  0.383E-07   0.0
 2001   0.120E+01  0.120E+01  0.000E+00  0.416E-07   0.0
 2002   0.120E+01  0.120E+01  0.000E+00  0.437E-07   0.0
 2003   0.120E+01  0.120E+01  0.000E+00  0.441E-07   0.0
 2004   0.120E+01  0.120E+01  0.000E+00  0.491E-07   0.0
 2005   0.120E+01  0.120E+01  0.000E+00  0.383E-07   0.0
 2006   0.120E+01  0.120E+01  0.000E+00  0.406E-07   0.0
 2007   0.120E+01  0.120E+01  0.000E+00  0.435E-07   0.0
 2008   0.120E+01  0.120E+01  0.000E+00  0.418E-07   0.0
 2009   0.120E+01  0.120E+01  0.000E+00  0.432E-07   0.0
 
 NATURAL MORTALITY RATE
                  Average of               Std.              
  Age      MLE    bootstraps    Bias       Error   % CV      
  ---  ---------- ---------- ---------- ---------- -----     
    1   0.490E+00  0.490E+00  0.000E+00  0.000E+00   0.0
    2   0.240E+00  0.240E+00  0.000E+00  0.000E+00   0.0
    3   0.240E+00  0.240E+00  0.000E+00  0.000E+00   0.0
    4   0.240E+00  0.240E+00  0.000E+00  0.000E+00   0.0
    5   0.240E+00  0.240E+00  0.000E+00  0.000E+00   0.0
    6   0.200E+00  0.200E+00  0.000E+00  0.000E+00   0.0
    7   0.175E+00  0.175E+00  0.000E+00  0.000E+00   0.0
    8   0.150E+00  0.150E+00  0.000E+00  0.000E+00   0.0
    9   0.125E+00  0.125E+00  0.000E+00  0.000E+00   0.0
   10   0.100E+00  0.100E+00  0.000E+00  0.000E+00   0.0
 
 TRANSFER COEFFICIENTS
                  Average of               Std.              
  Age      MLE    bootstraps    Bias       Error   % CV      
  ---  ---------- ---------- ---------- ---------- -----     
    1   0.000E+00  0.000E+00  0.000E+00  0.000E+00   0.0
    2   0.000E+00  0.000E+00  0.000E+00  0.000E+00   0.0
    3   0.000E+00  0.000E+00  0.000E+00  0.000E+00   0.0
    4   0.000E+00  0.000E+00  0.000E+00  0.000E+00   0.0
    5   0.000E+00  0.000E+00  0.000E+00  0.000E+00   0.0
    6   0.000E+00  0.000E+00  0.000E+00  0.000E+00   0.0
    7   0.000E+00  0.000E+00  0.000E+00  0.000E+00   0.0
    8   0.000E+00  0.000E+00  0.000E+00  0.000E+00   0.0
    9   0.000E+00  0.000E+00  0.000E+00  0.000E+00   0.0
   10   0.000E+00  0.000E+00  0.000E+00  0.000E+00   0.0
 
 
 VARIANCE SCALING PARAMETERS
                  Average of               Std.              
 Index     MLE    bootstraps    Bias       Error   % CV      
 ----- ---------- ---------- ---------- ---------- -----     
    1   0.886E+00  0.877E+00 -0.945E-02  0.900E-01  10.3
    2   0.886E+00  0.877E+00 -0.945E-02  0.900E-01  10.3
    3   0.886E+00  0.877E+00 -0.945E-02  0.900E-01  10.3
    4   0.886E+00  0.877E+00 -0.945E-02  0.900E-01  10.3
    5   0.886E+00  0.877E+00 -0.945E-02  0.900E-01  10.3
    6   0.886E+00  0.877E+00 -0.945E-02  0.900E-01  10.3
    7   0.886E+00  0.877E+00 -0.945E-02  0.900E-01  10.3
    8   0.886E+00  0.877E+00 -0.945E-02  0.900E-01  10.3
    9   0.886E+00  0.877E+00 -0.945E-02  0.900E-01  10.3
   10   0.886E+00  0.877E+00 -0.945E-02  0.900E-01  10.3
   11   0.886E+00  0.877E+00 -0.945E-02  0.900E-01  10.3
   12   0.886E+00  0.877E+00 -0.945E-02  0.900E-01  10.3
 
 CATCHABILITY COEFFICIENTS
                         Average of               Std.           
 Index  Year      MLE    bootstraps    Bias       Error   % CV   
 -----  ----  ---------- ---------- ---------- ---------- -----  
    1   1950   0.136E-05  0.140E-05 -0.107E-06  0.135E-06   9.6
    1   1951   0.136E-05  0.140E-05 -0.107E-06  0.135E-06   9.6
    1   1952   0.136E-05  0.140E-05 -0.107E-06  0.135E-06   9.6
    1   1953   0.136E-05  0.140E-05 -0.107E-06  0.135E-06   9.6
    1   1954   0.136E-05  0.140E-05 -0.107E-06  0.135E-06   9.6
    1   1955   0.136E-05  0.140E-05 -0.107E-06  0.135E-06   9.6
    1   1956   0.136E-05  0.140E-05 -0.107E-06  0.135E-06   9.6
    1   1957   0.136E-05  0.140E-05 -0.107E-06  0.135E-06   9.6
    1   1958   0.136E-05  0.140E-05 -0.107E-06  0.135E-06   9.6
    1   1959   0.136E-05  0.140E-05 -0.107E-06  0.135E-06   9.6
    1   1960   0.136E-05  0.140E-05 -0.107E-06  0.135E-06   9.6
    1   1961   0.136E-05  0.140E-05 -0.107E-06  0.135E-06   9.6
    1   1962   0.136E-05  0.140E-05 -0.107E-06  0.135E-06   9.6
    1   1963   0.136E-05  0.140E-05 -0.107E-06  0.135E-06   9.6
    1   1964   0.136E-05  0.140E-05 -0.107E-06  0.135E-06   9.6
    1   1965   0.136E-05  0.140E-05 -0.107E-06  0.135E-06   9.6
    1   1966   0.136E-05  0.140E-05 -0.107E-06  0.135E-06   9.6
    1   1967   0.136E-05  0.140E-05 -0.107E-06  0.135E-06   9.6
    1   1968   0.136E-05  0.140E-05 -0.107E-06  0.135E-06   9.6
    1   1969   0.136E-05  0.140E-05 -0.107E-06  0.135E-06   9.6
    1   1970   0.136E-05  0.140E-05 -0.107E-06  0.135E-06   9.6
    1   1971   0.136E-05  0.140E-05 -0.107E-06  0.135E-06   9.6
    1   1972   0.136E-05  0.140E-05 -0.107E-06  0.135E-06   9.6
    1   1973   0.136E-05  0.140E-05 -0.107E-06  0.135E-06   9.6
    1   1974   0.136E-05  0.140E-05 -0.107E-06  0.135E-06   9.6
    1   1975   0.136E-05  0.140E-05 -0.107E-06  0.135E-06   9.6
    1   1976   0.136E-05  0.140E-05 -0.107E-06  0.135E-06   9.6
    1   1977   0.136E-05  0.140E-05 -0.107E-06  0.135E-06   9.6
    1   1978   0.136E-05  0.140E-05 -0.107E-06  0.135E-06   9.6
    1   1979   0.136E-05  0.140E-05 -0.107E-06  0.135E-06   9.6
    1   1980   0.136E-05  0.140E-05 -0.107E-06  0.135E-06   9.6
    1   1981   0.136E-05  0.140E-05 -0.107E-06  0.135E-06   9.6
    1   1982   0.136E-05  0.140E-05 -0.107E-06  0.135E-06   9.6
    1   1983   0.136E-05  0.140E-05 -0.107E-06  0.135E-06   9.6
    1   1984   0.136E-05  0.140E-05 -0.107E-06  0.135E-06   9.6
    1   1985   0.136E-05  0.140E-05 -0.107E-06  0.135E-06   9.6
    1   1986   0.136E-05  0.140E-05 -0.107E-06  0.135E-06   9.6
    1   1987   0.136E-05  0.140E-05 -0.107E-06  0.135E-06   9.6
    1   1988   0.136E-05  0.140E-05 -0.107E-06  0.135E-06   9.6
    1   1989   0.136E-05  0.140E-05 -0.107E-06  0.135E-06   9.6
    1   1990   0.136E-05  0.140E-05 -0.107E-06  0.135E-06   9.6
    1   1991   0.136E-05  0.140E-05 -0.107E-06  0.135E-06   9.6
    1   1992   0.136E-05  0.140E-05 -0.107E-06  0.135E-06   9.6
    1   1993   0.136E-05  0.140E-05 -0.107E-06  0.135E-06   9.6
    1   1994   0.136E-05  0.140E-05 -0.107E-06  0.135E-06   9.6
    1   1995   0.136E-05  0.140E-05 -0.107E-06  0.135E-06   9.6
    1   1996   0.136E-05  0.140E-05 -0.107E-06  0.135E-06   9.6
    1   1997   0.136E-05  0.140E-05 -0.107E-06  0.135E-06   9.6
    1   1998   0.136E-05  0.140E-05 -0.107E-06  0.135E-06   9.6
    1   1999   0.136E-05  0.140E-05 -0.107E-06  0.135E-06   9.6
    1   2000   0.136E-05  0.140E-05 -0.107E-06  0.135E-06   9.6
    1   2001   0.136E-05  0.140E-05 -0.107E-06  0.135E-06   9.6
    1   2002   0.136E-05  0.140E-05 -0.107E-06  0.135E-06   9.6
    1   2003   0.136E-05  0.140E-05 -0.107E-06  0.135E-06   9.6
    1   2004   0.136E-05  0.140E-05 -0.107E-06  0.135E-06   9.6
    1   2005   0.136E-05  0.140E-05 -0.107E-06  0.135E-06   9.6
    1   2006   0.136E-05  0.140E-05 -0.107E-06  0.135E-06   9.6
    1   2007   0.136E-05  0.140E-05 -0.107E-06  0.135E-06   9.6
    1   2008   0.136E-05  0.140E-05 -0.107E-06  0.135E-06   9.6
    1   2009   0.136E-05  0.140E-05 -0.107E-06  0.135E-06   9.6
    2   1950   0.000E+00  0.000E+00  0.000E+00  0.000E+00   0.0
    2   1951   0.000E+00  0.000E+00  0.000E+00  0.000E+00   0.0
    2   1952   0.000E+00  0.000E+00  0.000E+00  0.000E+00   0.0
    2   1953   0.000E+00  0.000E+00  0.000E+00  0.000E+00   0.0
    2   1954   0.000E+00  0.000E+00  0.000E+00  0.000E+00   0.0
    2   1955   0.000E+00  0.000E+00  0.000E+00  0.000E+00   0.0
    2   1956   0.000E+00  0.000E+00  0.000E+00  0.000E+00   0.0
    2   1957   0.000E+00  0.000E+00  0.000E+00  0.000E+00   0.0
    2   1958   0.000E+00  0.000E+00  0.000E+00  0.000E+00   0.0
    2   1959   0.000E+00  0.000E+00  0.000E+00  0.000E+00   0.0
    2   1960   0.000E+00  0.000E+00  0.000E+00  0.000E+00   0.0
    2   1961   0.000E+00  0.000E+00  0.000E+00  0.000E+00   0.0
    2   1962   0.000E+00  0.000E+00  0.000E+00  0.000E+00   0.0
    2   1963   0.000E+00  0.000E+00  0.000E+00  0.000E+00   0.0
    2   1964   0.000E+00  0.000E+00  0.000E+00  0.000E+00   0.0
    2   1965   0.000E+00  0.000E+00  0.000E+00  0.000E+00   0.0
    2   1966   0.000E+00  0.000E+00  0.000E+00  0.000E+00   0.0
    2   1967   0.000E+00  0.000E+00  0.000E+00  0.000E+00   0.0
    2   1968   0.000E+00  0.000E+00  0.000E+00  0.000E+00   0.0
    2   1969   0.000E+00  0.000E+00  0.000E+00  0.000E+00   0.0
    2   1970   0.000E+00  0.000E+00  0.000E+00  0.000E+00   0.0
    2   1971   0.000E+00  0.000E+00  0.000E+00  0.000E+00   0.0
    2   1972   0.000E+00  0.000E+00  0.000E+00  0.000E+00   0.0
    2   1973   0.000E+00  0.000E+00  0.000E+00  0.000E+00   0.0
    2   1974   0.000E+00  0.000E+00  0.000E+00  0.000E+00   0.0
    2   1975   0.000E+00  0.000E+00  0.000E+00  0.000E+00   0.0
    2   1976   0.000E+00  0.000E+00  0.000E+00  0.000E+00   0.0
    2   1977   0.000E+00  0.000E+00  0.000E+00  0.000E+00   0.0
    2   1978   0.000E+00  0.000E+00  0.000E+00  0.000E+00   0.0
    2   1979   0.000E+00  0.000E+00  0.000E+00  0.000E+00   0.0
    2   1980   0.000E+00  0.000E+00  0.000E+00  0.000E+00   0.0
    2   1981   0.000E+00  0.000E+00  0.000E+00  0.000E+00   0.0
    2   1982   0.000E+00  0.000E+00  0.000E+00  0.000E+00   0.0
    2   1983   0.000E+00  0.000E+00  0.000E+00  0.000E+00   0.0
    2   1984   0.000E+00  0.000E+00  0.000E+00  0.000E+00   0.0
    2   1985   0.000E+00  0.000E+00  0.000E+00  0.000E+00   0.0
    2   1986   0.000E+00  0.000E+00  0.000E+00  0.000E+00   0.0
    2   1987   0.000E+00  0.000E+00  0.000E+00  0.000E+00   0.0
    2   1988   0.000E+00  0.000E+00  0.000E+00  0.000E+00   0.0
    2   1989   0.000E+00  0.000E+00  0.000E+00  0.000E+00   0.0
    2   1990   0.000E+00  0.000E+00  0.000E+00  0.000E+00   0.0
    2   1991   0.000E+00  0.000E+00  0.000E+00  0.000E+00   0.0
    2   1992   0.000E+00  0.000E+00  0.000E+00  0.000E+00   0.0
    2   1993   0.000E+00  0.000E+00  0.000E+00  0.000E+00   0.0
    2   1994   0.000E+00  0.000E+00  0.000E+00  0.000E+00   0.0
    2   1995   0.000E+00  0.000E+00  0.000E+00  0.000E+00   0.0
    2   1996   0.000E+00  0.000E+00  0.000E+00  0.000E+00   0.0
    2   1997   0.000E+00  0.000E+00  0.000E+00  0.000E+00   0.0
    2   1998   0.000E+00  0.000E+00  0.000E+00  0.000E+00   0.0
    2   1999   0.000E+00  0.000E+00  0.000E+00  0.000E+00   0.0
    2   2000   0.000E+00  0.000E+00  0.000E+00  0.000E+00   0.0
    2   2001   0.000E+00  0.000E+00  0.000E+00  0.000E+00   0.0
    2   2002   0.000E+00  0.000E+00  0.000E+00  0.000E+00   0.0
    2   2003   0.000E+00  0.000E+00  0.000E+00  0.000E+00   0.0
    2   2004   0.000E+00  0.000E+00  0.000E+00  0.000E+00   0.0
    2   2005   0.000E+00  0.000E+00  0.000E+00  0.000E+00   0.0
    2   2006   0.000E+00  0.000E+00  0.000E+00  0.000E+00   0.0
    2   2007   0.000E+00  0.000E+00  0.000E+00  0.000E+00   0.0
    2   2008   0.000E+00  0.000E+00  0.000E+00  0.000E+00   0.0
    2   2009   0.000E+00  0.000E+00  0.000E+00  0.000E+00   0.0
    3   1950   0.868E-06  0.885E-06 -0.393E-06  0.166E-06  18.8
    3   1951   0.868E-06  0.885E-06 -0.393E-06  0.166E-06  18.8
    3   1952   0.868E-06  0.885E-06 -0.393E-06  0.166E-06  18.8
    3   1953   0.868E-06  0.885E-06 -0.393E-06  0.166E-06  18.8
    3   1954   0.868E-06  0.885E-06 -0.393E-06  0.166E-06  18.8
    3   1955   0.868E-06  0.885E-06 -0.393E-06  0.166E-06  18.8
    3   1956   0.868E-06  0.885E-06 -0.393E-06  0.166E-06  18.8
    3   1957   0.868E-06  0.885E-06 -0.393E-06  0.166E-06  18.8
    3   1958   0.868E-06  0.885E-06 -0.393E-06  0.166E-06  18.8
    3   1959   0.868E-06  0.885E-06 -0.393E-06  0.166E-06  18.8
    3   1960   0.868E-06  0.885E-06 -0.393E-06  0.166E-06  18.8
    3   1961   0.868E-06  0.885E-06 -0.393E-06  0.166E-06  18.8
    3   1962   0.868E-06  0.885E-06 -0.393E-06  0.166E-06  18.8
    3   1963   0.868E-06  0.885E-06 -0.393E-06  0.166E-06  18.8
    3   1964   0.868E-06  0.885E-06 -0.393E-06  0.166E-06  18.8
    3   1965   0.868E-06  0.885E-06 -0.393E-06  0.166E-06  18.8
    3   1966   0.868E-06  0.885E-06 -0.393E-06  0.166E-06  18.8
    3   1967   0.868E-06  0.885E-06 -0.393E-06  0.166E-06  18.8
    3   1968   0.868E-06  0.885E-06 -0.393E-06  0.166E-06  18.8
    3   1969   0.868E-06  0.885E-06 -0.393E-06  0.166E-06  18.8
    3   1970   0.868E-06  0.885E-06 -0.393E-06  0.166E-06  18.8
    3   1971   0.868E-06  0.885E-06 -0.393E-06  0.166E-06  18.8
    3   1972   0.868E-06  0.885E-06 -0.393E-06  0.166E-06  18.8
    3   1973   0.868E-06  0.885E-06 -0.393E-06  0.166E-06  18.8
    3   1974   0.868E-06  0.885E-06 -0.393E-06  0.166E-06  18.8
    3   1975   0.868E-06  0.885E-06 -0.393E-06  0.166E-06  18.8
    3   1976   0.868E-06  0.885E-06 -0.393E-06  0.166E-06  18.8
    3   1977   0.868E-06  0.885E-06 -0.393E-06  0.166E-06  18.8
    3   1978   0.868E-06  0.885E-06 -0.393E-06  0.166E-06  18.8
    3   1979   0.868E-06  0.885E-06 -0.393E-06  0.166E-06  18.8
    3   1980   0.868E-06  0.885E-06 -0.393E-06  0.166E-06  18.8
    3   1981   0.868E-06  0.885E-06 -0.393E-06  0.166E-06  18.8
    3   1982   0.868E-06  0.885E-06 -0.393E-06  0.166E-06  18.8
    3   1983   0.868E-06  0.885E-06 -0.393E-06  0.166E-06  18.8
    3   1984   0.868E-06  0.885E-06 -0.393E-06  0.166E-06  18.8
    3   1985   0.868E-06  0.885E-06 -0.393E-06  0.166E-06  18.8
    3   1986   0.868E-06  0.885E-06 -0.393E-06  0.166E-06  18.8
    3   1987   0.868E-06  0.885E-06 -0.393E-06  0.166E-06  18.8
    3   1988   0.868E-06  0.885E-06 -0.393E-06  0.166E-06  18.8
    3   1989   0.868E-06  0.885E-06 -0.393E-06  0.166E-06  18.8
    3   1990   0.868E-06  0.885E-06 -0.393E-06  0.166E-06  18.8
    3   1991   0.868E-06  0.885E-06 -0.393E-06  0.166E-06  18.8
    3   1992   0.868E-06  0.885E-06 -0.393E-06  0.166E-06  18.8
    3   1993   0.868E-06  0.885E-06 -0.393E-06  0.166E-06  18.8
    3   1994   0.868E-06  0.885E-06 -0.393E-06  0.166E-06  18.8
    3   1995   0.868E-06  0.885E-06 -0.393E-06  0.166E-06  18.8
    3   1996   0.868E-06  0.885E-06 -0.393E-06  0.166E-06  18.8
    3   1997   0.868E-06  0.885E-06 -0.393E-06  0.166E-06  18.8
    3   1998   0.868E-06  0.885E-06 -0.393E-06  0.166E-06  18.8
    3   1999   0.868E-06  0.885E-06 -0.393E-06  0.166E-06  18.8
    3   2000   0.868E-06  0.885E-06 -0.393E-06  0.166E-06  18.8
    3   2001   0.868E-06  0.885E-06 -0.393E-06  0.166E-06  18.8
    3   2002   0.868E-06  0.885E-06 -0.393E-06  0.166E-06  18.8
    3   2003   0.868E-06  0.885E-06 -0.393E-06  0.166E-06  18.8
    3   2004   0.868E-06  0.885E-06 -0.393E-06  0.166E-06  18.8
    3   2005   0.868E-06  0.885E-06 -0.393E-06  0.166E-06  18.8
    3   2006   0.868E-06  0.885E-06 -0.393E-06  0.166E-06  18.8
    3   2007   0.868E-06  0.885E-06 -0.393E-06  0.166E-06  18.8
    3   2008   0.868E-06  0.885E-06 -0.393E-06  0.166E-06  18.8
    3   2009   0.868E-06  0.885E-06 -0.393E-06  0.166E-06  18.8
    4   1950   0.145E-05  0.147E-05 -0.769E-06  0.251E-06  17.1
    4   1951   0.145E-05  0.147E-05 -0.769E-06  0.251E-06  17.1
    4   1952   0.145E-05  0.147E-05 -0.769E-06  0.251E-06  17.1
    4   1953   0.145E-05  0.147E-05 -0.769E-06  0.251E-06  17.1
    4   1954   0.145E-05  0.147E-05 -0.769E-06  0.251E-06  17.1
    4   1955   0.145E-05  0.147E-05 -0.769E-06  0.251E-06  17.1
    4   1956   0.145E-05  0.147E-05 -0.769E-06  0.251E-06  17.1
    4   1957   0.145E-05  0.147E-05 -0.769E-06  0.251E-06  17.1
    4   1958   0.145E-05  0.147E-05 -0.769E-06  0.251E-06  17.1
    4   1959   0.145E-05  0.147E-05 -0.769E-06  0.251E-06  17.1
    4   1960   0.145E-05  0.147E-05 -0.769E-06  0.251E-06  17.1
    4   1961   0.145E-05  0.147E-05 -0.769E-06  0.251E-06  17.1
    4   1962   0.145E-05  0.147E-05 -0.769E-06  0.251E-06  17.1
    4   1963   0.145E-05  0.147E-05 -0.769E-06  0.251E-06  17.1
    4   1964   0.145E-05  0.147E-05 -0.769E-06  0.251E-06  17.1
    4   1965   0.145E-05  0.147E-05 -0.769E-06  0.251E-06  17.1
    4   1966   0.145E-05  0.147E-05 -0.769E-06  0.251E-06  17.1
    4   1967   0.145E-05  0.147E-05 -0.769E-06  0.251E-06  17.1
    4   1968   0.145E-05  0.147E-05 -0.769E-06  0.251E-06  17.1
    4   1969   0.145E-05  0.147E-05 -0.769E-06  0.251E-06  17.1
    4   1970   0.145E-05  0.147E-05 -0.769E-06  0.251E-06  17.1
    4   1971   0.145E-05  0.147E-05 -0.769E-06  0.251E-06  17.1
    4   1972   0.145E-05  0.147E-05 -0.769E-06  0.251E-06  17.1
    4   1973   0.145E-05  0.147E-05 -0.769E-06  0.251E-06  17.1
    4   1974   0.145E-05  0.147E-05 -0.769E-06  0.251E-06  17.1
    4   1975   0.145E-05  0.147E-05 -0.769E-06  0.251E-06  17.1
    4   1976   0.145E-05  0.147E-05 -0.769E-06  0.251E-06  17.1
    4   1977   0.145E-05  0.147E-05 -0.769E-06  0.251E-06  17.1
    4   1978   0.145E-05  0.147E-05 -0.769E-06  0.251E-06  17.1
    4   1979   0.145E-05  0.147E-05 -0.769E-06  0.251E-06  17.1
    4   1980   0.145E-05  0.147E-05 -0.769E-06  0.251E-06  17.1
    4   1981   0.145E-05  0.147E-05 -0.769E-06  0.251E-06  17.1
    4   1982   0.145E-05  0.147E-05 -0.769E-06  0.251E-06  17.1
    4   1983   0.145E-05  0.147E-05 -0.769E-06  0.251E-06  17.1
    4   1984   0.145E-05  0.147E-05 -0.769E-06  0.251E-06  17.1
    4   1985   0.145E-05  0.147E-05 -0.769E-06  0.251E-06  17.1
    4   1986   0.145E-05  0.147E-05 -0.769E-06  0.251E-06  17.1
    4   1987   0.145E-05  0.147E-05 -0.769E-06  0.251E-06  17.1
    4   1988   0.145E-05  0.147E-05 -0.769E-06  0.251E-06  17.1
    4   1989   0.145E-05  0.147E-05 -0.769E-06  0.251E-06  17.1
    4   1990   0.145E-05  0.147E-05 -0.769E-06  0.251E-06  17.1
    4   1991   0.145E-05  0.147E-05 -0.769E-06  0.251E-06  17.1
    4   1992   0.145E-05  0.147E-05 -0.769E-06  0.251E-06  17.1
    4   1993   0.145E-05  0.147E-05 -0.769E-06  0.251E-06  17.1
    4   1994   0.145E-05  0.147E-05 -0.769E-06  0.251E-06  17.1
    4   1995   0.145E-05  0.147E-05 -0.769E-06  0.251E-06  17.1
    4   1996   0.145E-05  0.147E-05 -0.769E-06  0.251E-06  17.1
    4   1997   0.145E-05  0.147E-05 -0.769E-06  0.251E-06  17.1
    4   1998   0.145E-05  0.147E-05 -0.769E-06  0.251E-06  17.1
    4   1999   0.145E-05  0.147E-05 -0.769E-06  0.251E-06  17.1
    4   2000   0.145E-05  0.147E-05 -0.769E-06  0.251E-06  17.1
    4   2001   0.145E-05  0.147E-05 -0.769E-06  0.251E-06  17.1
    4   2002   0.145E-05  0.147E-05 -0.769E-06  0.251E-06  17.1
    4   2003   0.145E-05  0.147E-05 -0.769E-06  0.251E-06  17.1
    4   2004   0.145E-05  0.147E-05 -0.769E-06  0.251E-06  17.1
    4   2005   0.145E-05  0.147E-05 -0.769E-06  0.251E-06  17.1
    4   2006   0.145E-05  0.147E-05 -0.769E-06  0.251E-06  17.1
    4   2007   0.145E-05  0.147E-05 -0.769E-06  0.251E-06  17.1
    4   2008   0.145E-05  0.147E-05 -0.769E-06  0.251E-06  17.1
    4   2009   0.145E-05  0.147E-05 -0.769E-06  0.251E-06  17.1
    5   1950   0.000E+00  0.000E+00  0.000E+00  0.000E+00   0.0
    5   1951   0.000E+00  0.000E+00  0.000E+00  0.000E+00   0.0
    5   1952   0.000E+00  0.000E+00  0.000E+00  0.000E+00   0.0
    5   1953   0.000E+00  0.000E+00  0.000E+00  0.000E+00   0.0
    5   1954   0.000E+00  0.000E+00  0.000E+00  0.000E+00   0.0
    5   1955   0.000E+00  0.000E+00  0.000E+00  0.000E+00   0.0
    5   1956   0.000E+00  0.000E+00  0.000E+00  0.000E+00   0.0
    5   1957   0.000E+00  0.000E+00  0.000E+00  0.000E+00   0.0
    5   1958   0.000E+00  0.000E+00  0.000E+00  0.000E+00   0.0
    5   1959   0.000E+00  0.000E+00  0.000E+00  0.000E+00   0.0
    5   1960   0.000E+00  0.000E+00  0.000E+00  0.000E+00   0.0
    5   1961   0.000E+00  0.000E+00  0.000E+00  0.000E+00   0.0
    5   1962   0.000E+00  0.000E+00  0.000E+00  0.000E+00   0.0
    5   1963   0.000E+00  0.000E+00  0.000E+00  0.000E+00   0.0
    5   1964   0.000E+00  0.000E+00  0.000E+00  0.000E+00   0.0
    5   1965   0.000E+00  0.000E+00  0.000E+00  0.000E+00   0.0
    5   1966   0.000E+00  0.000E+00  0.000E+00  0.000E+00   0.0
    5   1967   0.000E+00  0.000E+00  0.000E+00  0.000E+00   0.0
    5   1968   0.000E+00  0.000E+00  0.000E+00  0.000E+00   0.0
    5   1969   0.000E+00  0.000E+00  0.000E+00  0.000E+00   0.0
    5   1970   0.000E+00  0.000E+00  0.000E+00  0.000E+00   0.0
    5   1971   0.000E+00  0.000E+00  0.000E+00  0.000E+00   0.0
    5   1972   0.000E+00  0.000E+00  0.000E+00  0.000E+00   0.0
    5   1973   0.000E+00  0.000E+00  0.000E+00  0.000E+00   0.0
    5   1974   0.000E+00  0.000E+00  0.000E+00  0.000E+00   0.0
    5   1975   0.000E+00  0.000E+00  0.000E+00  0.000E+00   0.0
    5   1976   0.000E+00  0.000E+00  0.000E+00  0.000E+00   0.0
    5   1977   0.000E+00  0.000E+00  0.000E+00  0.000E+00   0.0
    5   1978   0.000E+00  0.000E+00  0.000E+00  0.000E+00   0.0
    5   1979   0.000E+00  0.000E+00  0.000E+00  0.000E+00   0.0
    5   1980   0.000E+00  0.000E+00  0.000E+00  0.000E+00   0.0
    5   1981   0.000E+00  0.000E+00  0.000E+00  0.000E+00   0.0
    5   1982   0.000E+00  0.000E+00  0.000E+00  0.000E+00   0.0
    5   1983   0.000E+00  0.000E+00  0.000E+00  0.000E+00   0.0
    5   1984   0.000E+00  0.000E+00  0.000E+00  0.000E+00   0.0
    5   1985   0.000E+00  0.000E+00  0.000E+00  0.000E+00   0.0
    5   1986   0.000E+00  0.000E+00  0.000E+00  0.000E+00   0.0
    5   1987   0.000E+00  0.000E+00  0.000E+00  0.000E+00   0.0
    5   1988   0.000E+00  0.000E+00  0.000E+00  0.000E+00   0.0
    5   1989   0.000E+00  0.000E+00  0.000E+00  0.000E+00   0.0
    5   1990   0.000E+00  0.000E+00  0.000E+00  0.000E+00   0.0
    5   1991   0.000E+00  0.000E+00  0.000E+00  0.000E+00   0.0
    5   1992   0.000E+00  0.000E+00  0.000E+00  0.000E+00   0.0
    5   1993   0.000E+00  0.000E+00  0.000E+00  0.000E+00   0.0
    5   1994   0.000E+00  0.000E+00  0.000E+00  0.000E+00   0.0
    5   1995   0.000E+00  0.000E+00  0.000E+00  0.000E+00   0.0
    5   1996   0.000E+00  0.000E+00  0.000E+00  0.000E+00   0.0
    5   1997   0.000E+00  0.000E+00  0.000E+00  0.000E+00   0.0
    5   1998   0.000E+00  0.000E+00  0.000E+00  0.000E+00   0.0
    5   1999   0.000E+00  0.000E+00  0.000E+00  0.000E+00   0.0
    5   2000   0.000E+00  0.000E+00  0.000E+00  0.000E+00   0.0
    5   2001   0.000E+00  0.000E+00  0.000E+00  0.000E+00   0.0
    5   2002   0.000E+00  0.000E+00  0.000E+00  0.000E+00   0.0
    5   2003   0.000E+00  0.000E+00  0.000E+00  0.000E+00   0.0
    5   2004   0.000E+00  0.000E+00  0.000E+00  0.000E+00   0.0
    5   2005   0.000E+00  0.000E+00  0.000E+00  0.000E+00   0.0
    5   2006   0.000E+00  0.000E+00  0.000E+00  0.000E+00   0.0
    5   2007   0.000E+00  0.000E+00  0.000E+00  0.000E+00   0.0
    5   2008   0.000E+00  0.000E+00  0.000E+00  0.000E+00   0.0
    5   2009   0.000E+00  0.000E+00  0.000E+00  0.000E+00   0.0
    6   1950   0.000E+00  0.000E+00  0.000E+00  0.000E+00   0.0
    6   1951   0.000E+00  0.000E+00  0.000E+00  0.000E+00   0.0
    6   1952   0.000E+00  0.000E+00  0.000E+00  0.000E+00   0.0
    6   1953   0.000E+00  0.000E+00  0.000E+00  0.000E+00   0.0
    6   1954   0.000E+00  0.000E+00  0.000E+00  0.000E+00   0.0
    6   1955   0.000E+00  0.000E+00  0.000E+00  0.000E+00   0.0
    6   1956   0.000E+00  0.000E+00  0.000E+00  0.000E+00   0.0
    6   1957   0.000E+00  0.000E+00  0.000E+00  0.000E+00   0.0
    6   1958   0.000E+00  0.000E+00  0.000E+00  0.000E+00   0.0
    6   1959   0.000E+00  0.000E+00  0.000E+00  0.000E+00   0.0
    6   1960   0.000E+00  0.000E+00  0.000E+00  0.000E+00   0.0
    6   1961   0.000E+00  0.000E+00  0.000E+00  0.000E+00   0.0
    6   1962   0.000E+00  0.000E+00  0.000E+00  0.000E+00   0.0
    6   1963   0.000E+00  0.000E+00  0.000E+00  0.000E+00   0.0
    6   1964   0.000E+00  0.000E+00  0.000E+00  0.000E+00   0.0
    6   1965   0.000E+00  0.000E+00  0.000E+00  0.000E+00   0.0
    6   1966   0.000E+00  0.000E+00  0.000E+00  0.000E+00   0.0
    6   1967   0.000E+00  0.000E+00  0.000E+00  0.000E+00   0.0
    6   1968   0.000E+00  0.000E+00  0.000E+00  0.000E+00   0.0
    6   1969   0.000E+00  0.000E+00  0.000E+00  0.000E+00   0.0
    6   1970   0.000E+00  0.000E+00  0.000E+00  0.000E+00   0.0
    6   1971   0.000E+00  0.000E+00  0.000E+00  0.000E+00   0.0
    6   1972   0.000E+00  0.000E+00  0.000E+00  0.000E+00   0.0
    6   1973   0.000E+00  0.000E+00  0.000E+00  0.000E+00   0.0
    6   1974   0.000E+00  0.000E+00  0.000E+00  0.000E+00   0.0
    6   1975   0.000E+00  0.000E+00  0.000E+00  0.000E+00   0.0
    6   1976   0.000E+00  0.000E+00  0.000E+00  0.000E+00   0.0
    6   1977   0.000E+00  0.000E+00  0.000E+00  0.000E+00   0.0
    6   1978   0.000E+00  0.000E+00  0.000E+00  0.000E+00   0.0
    6   1979   0.000E+00  0.000E+00  0.000E+00  0.000E+00   0.0
    6   1980   0.000E+00  0.000E+00  0.000E+00  0.000E+00   0.0
    6   1981   0.000E+00  0.000E+00  0.000E+00  0.000E+00   0.0
    6   1982   0.000E+00  0.000E+00  0.000E+00  0.000E+00   0.0
    6   1983   0.000E+00  0.000E+00  0.000E+00  0.000E+00   0.0
    6   1984   0.000E+00  0.000E+00  0.000E+00  0.000E+00   0.0
    6   1985   0.000E+00  0.000E+00  0.000E+00  0.000E+00   0.0
    6   1986   0.000E+00  0.000E+00  0.000E+00  0.000E+00   0.0
    6   1987   0.000E+00  0.000E+00  0.000E+00  0.000E+00   0.0
    6   1988   0.000E+00  0.000E+00  0.000E+00  0.000E+00   0.0
    6   1989   0.000E+00  0.000E+00  0.000E+00  0.000E+00   0.0
    6   1990   0.000E+00  0.000E+00  0.000E+00  0.000E+00   0.0
    6   1991   0.000E+00  0.000E+00  0.000E+00  0.000E+00   0.0
    6   1992   0.000E+00  0.000E+00  0.000E+00  0.000E+00   0.0
    6   1993   0.000E+00  0.000E+00  0.000E+00  0.000E+00   0.0
    6   1994   0.000E+00  0.000E+00  0.000E+00  0.000E+00   0.0
    6   1995   0.000E+00  0.000E+00  0.000E+00  0.000E+00   0.0
    6   1996   0.000E+00  0.000E+00  0.000E+00  0.000E+00   0.0
    6   1997   0.000E+00  0.000E+00  0.000E+00  0.000E+00   0.0
    6   1998   0.000E+00  0.000E+00  0.000E+00  0.000E+00   0.0
    6   1999   0.000E+00  0.000E+00  0.000E+00  0.000E+00   0.0
    6   2000   0.000E+00  0.000E+00  0.000E+00  0.000E+00   0.0
    6   2001   0.000E+00  0.000E+00  0.000E+00  0.000E+00   0.0
    6   2002   0.000E+00  0.000E+00  0.000E+00  0.000E+00   0.0
    6   2003   0.000E+00  0.000E+00  0.000E+00  0.000E+00   0.0
    6   2004   0.000E+00  0.000E+00  0.000E+00  0.000E+00   0.0
    6   2005   0.000E+00  0.000E+00  0.000E+00  0.000E+00   0.0
    6   2006   0.000E+00  0.000E+00  0.000E+00  0.000E+00   0.0
    6   2007   0.000E+00  0.000E+00  0.000E+00  0.000E+00   0.0
    6   2008   0.000E+00  0.000E+00  0.000E+00  0.000E+00   0.0
    6   2009   0.000E+00  0.000E+00  0.000E+00  0.000E+00   0.0
    7   1950   0.122E-05  0.126E-05 -0.858E-07  0.986E-07   7.8
    7   1951   0.122E-05  0.126E-05 -0.858E-07  0.986E-07   7.8
    7   1952   0.122E-05  0.126E-05 -0.858E-07  0.986E-07   7.8
    7   1953   0.122E-05  0.126E-05 -0.858E-07  0.986E-07   7.8
    7   1954   0.122E-05  0.126E-05 -0.858E-07  0.986E-07   7.8
    7   1955   0.122E-05  0.126E-05 -0.858E-07  0.986E-07   7.8
    7   1956   0.122E-05  0.126E-05 -0.858E-07  0.986E-07   7.8
    7   1957   0.122E-05  0.126E-05 -0.858E-07  0.986E-07   7.8
    7   1958   0.122E-05  0.126E-05 -0.858E-07  0.986E-07   7.8
    7   1959   0.122E-05  0.126E-05 -0.858E-07  0.986E-07   7.8
    7   1960   0.122E-05  0.126E-05 -0.858E-07  0.986E-07   7.8
    7   1961   0.122E-05  0.126E-05 -0.858E-07  0.986E-07   7.8
    7   1962   0.122E-05  0.126E-05 -0.858E-07  0.986E-07   7.8
    7   1963   0.122E-05  0.126E-05 -0.858E-07  0.986E-07   7.8
    7   1964   0.122E-05  0.126E-05 -0.858E-07  0.986E-07   7.8
    7   1965   0.122E-05  0.126E-05 -0.858E-07  0.986E-07   7.8
    7   1966   0.122E-05  0.126E-05 -0.858E-07  0.986E-07   7.8
    7   1967   0.122E-05  0.126E-05 -0.858E-07  0.986E-07   7.8
    7   1968   0.122E-05  0.126E-05 -0.858E-07  0.986E-07   7.8
    7   1969   0.122E-05  0.126E-05 -0.858E-07  0.986E-07   7.8
    7   1970   0.122E-05  0.126E-05 -0.858E-07  0.986E-07   7.8
    7   1971   0.122E-05  0.126E-05 -0.858E-07  0.986E-07   7.8
    7   1972   0.122E-05  0.126E-05 -0.858E-07  0.986E-07   7.8
    7   1973   0.122E-05  0.126E-05 -0.858E-07  0.986E-07   7.8
    7   1974   0.122E-05  0.126E-05 -0.858E-07  0.986E-07   7.8
    7   1975   0.122E-05  0.126E-05 -0.858E-07  0.986E-07   7.8
    7   1976   0.122E-05  0.126E-05 -0.858E-07  0.986E-07   7.8
    7   1977   0.122E-05  0.126E-05 -0.858E-07  0.986E-07   7.8
    7   1978   0.122E-05  0.126E-05 -0.858E-07  0.986E-07   7.8
    7   1979   0.122E-05  0.126E-05 -0.858E-07  0.986E-07   7.8
    7   1980   0.122E-05  0.126E-05 -0.858E-07  0.986E-07   7.8
    7   1981   0.122E-05  0.126E-05 -0.858E-07  0.986E-07   7.8
    7   1982   0.122E-05  0.126E-05 -0.858E-07  0.986E-07   7.8
    7   1983   0.122E-05  0.126E-05 -0.858E-07  0.986E-07   7.8
    7   1984   0.122E-05  0.126E-05 -0.858E-07  0.986E-07   7.8
    7   1985   0.122E-05  0.126E-05 -0.858E-07  0.986E-07   7.8
    7   1986   0.122E-05  0.126E-05 -0.858E-07  0.986E-07   7.8
    7   1987   0.122E-05  0.126E-05 -0.858E-07  0.986E-07   7.8
    7   1988   0.122E-05  0.126E-05 -0.858E-07  0.986E-07   7.8
    7   1989   0.122E-05  0.126E-05 -0.858E-07  0.986E-07   7.8
    7   1990   0.122E-05  0.126E-05 -0.858E-07  0.986E-07   7.8
    7   1991   0.122E-05  0.126E-05 -0.858E-07  0.986E-07   7.8
    7   1992   0.122E-05  0.126E-05 -0.858E-07  0.986E-07   7.8
    7   1993   0.122E-05  0.126E-05 -0.858E-07  0.986E-07   7.8
    7   1994   0.122E-05  0.126E-05 -0.858E-07  0.986E-07   7.8
    7   1995   0.122E-05  0.126E-05 -0.858E-07  0.986E-07   7.8
    7   1996   0.122E-05  0.126E-05 -0.858E-07  0.986E-07   7.8
    7   1997   0.122E-05  0.126E-05 -0.858E-07  0.986E-07   7.8
    7   1998   0.122E-05  0.126E-05 -0.858E-07  0.986E-07   7.8
    7   1999   0.122E-05  0.126E-05 -0.858E-07  0.986E-07   7.8
    7   2000   0.122E-05  0.126E-05 -0.858E-07  0.986E-07   7.8
    7   2001   0.122E-05  0.126E-05 -0.858E-07  0.986E-07   7.8
    7   2002   0.122E-05  0.126E-05 -0.858E-07  0.986E-07   7.8
    7   2003   0.122E-05  0.126E-05 -0.858E-07  0.986E-07   7.8
    7   2004   0.122E-05  0.126E-05 -0.858E-07  0.986E-07   7.8
    7   2005   0.122E-05  0.126E-05 -0.858E-07  0.986E-07   7.8
    7   2006   0.122E-05  0.126E-05 -0.858E-07  0.986E-07   7.8
    7   2007   0.122E-05  0.126E-05 -0.858E-07  0.986E-07   7.8
    7   2008   0.122E-05  0.126E-05 -0.858E-07  0.986E-07   7.8
    7   2009   0.122E-05  0.126E-05 -0.858E-07  0.986E-07   7.8
    8   1950   0.000E+00  0.000E+00  0.000E+00  0.000E+00   0.0
    8   1951   0.000E+00  0.000E+00  0.000E+00  0.000E+00   0.0
    8   1952   0.000E+00  0.000E+00  0.000E+00  0.000E+00   0.0
    8   1953   0.000E+00  0.000E+00  0.000E+00  0.000E+00   0.0
    8   1954   0.000E+00  0.000E+00  0.000E+00  0.000E+00   0.0
    8   1955   0.000E+00  0.000E+00  0.000E+00  0.000E+00   0.0
    8   1956   0.000E+00  0.000E+00  0.000E+00  0.000E+00   0.0
    8   1957   0.000E+00  0.000E+00  0.000E+00  0.000E+00   0.0
    8   1958   0.000E+00  0.000E+00  0.000E+00  0.000E+00   0.0
    8   1959   0.000E+00  0.000E+00  0.000E+00  0.000E+00   0.0
    8   1960   0.000E+00  0.000E+00  0.000E+00  0.000E+00   0.0
    8   1961   0.000E+00  0.000E+00  0.000E+00  0.000E+00   0.0
    8   1962   0.000E+00  0.000E+00  0.000E+00  0.000E+00   0.0
    8   1963   0.000E+00  0.000E+00  0.000E+00  0.000E+00   0.0
    8   1964   0.000E+00  0.000E+00  0.000E+00  0.000E+00   0.0
    8   1965   0.000E+00  0.000E+00  0.000E+00  0.000E+00   0.0
    8   1966   0.000E+00  0.000E+00  0.000E+00  0.000E+00   0.0
    8   1967   0.000E+00  0.000E+00  0.000E+00  0.000E+00   0.0
    8   1968   0.000E+00  0.000E+00  0.000E+00  0.000E+00   0.0
    8   1969   0.000E+00  0.000E+00  0.000E+00  0.000E+00   0.0
    8   1970   0.000E+00  0.000E+00  0.000E+00  0.000E+00   0.0
    8   1971   0.000E+00  0.000E+00  0.000E+00  0.000E+00   0.0
    8   1972   0.000E+00  0.000E+00  0.000E+00  0.000E+00   0.0
    8   1973   0.000E+00  0.000E+00  0.000E+00  0.000E+00   0.0
    8   1974   0.000E+00  0.000E+00  0.000E+00  0.000E+00   0.0
    8   1975   0.000E+00  0.000E+00  0.000E+00  0.000E+00   0.0
    8   1976   0.000E+00  0.000E+00  0.000E+00  0.000E+00   0.0
    8   1977   0.000E+00  0.000E+00  0.000E+00  0.000E+00   0.0
    8   1978   0.000E+00  0.000E+00  0.000E+00  0.000E+00   0.0
    8   1979   0.000E+00  0.000E+00  0.000E+00  0.000E+00   0.0
    8   1980   0.000E+00  0.000E+00  0.000E+00  0.000E+00   0.0
    8   1981   0.000E+00  0.000E+00  0.000E+00  0.000E+00   0.0
    8   1982   0.000E+00  0.000E+00  0.000E+00  0.000E+00   0.0
    8   1983   0.000E+00  0.000E+00  0.000E+00  0.000E+00   0.0
    8   1984   0.000E+00  0.000E+00  0.000E+00  0.000E+00   0.0
    8   1985   0.000E+00  0.000E+00  0.000E+00  0.000E+00   0.0
    8   1986   0.000E+00  0.000E+00  0.000E+00  0.000E+00   0.0
    8   1987   0.000E+00  0.000E+00  0.000E+00  0.000E+00   0.0
    8   1988   0.000E+00  0.000E+00  0.000E+00  0.000E+00   0.0
    8   1989   0.000E+00  0.000E+00  0.000E+00  0.000E+00   0.0
    8   1990   0.000E+00  0.000E+00  0.000E+00  0.000E+00   0.0
    8   1991   0.000E+00  0.000E+00  0.000E+00  0.000E+00   0.0
    8   1992   0.000E+00  0.000E+00  0.000E+00  0.000E+00   0.0
    8   1993   0.000E+00  0.000E+00  0.000E+00  0.000E+00   0.0
    8   1994   0.000E+00  0.000E+00  0.000E+00  0.000E+00   0.0
    8   1995   0.000E+00  0.000E+00  0.000E+00  0.000E+00   0.0
    8   1996   0.000E+00  0.000E+00  0.000E+00  0.000E+00   0.0
    8   1997   0.000E+00  0.000E+00  0.000E+00  0.000E+00   0.0
    8   1998   0.000E+00  0.000E+00  0.000E+00  0.000E+00   0.0
    8   1999   0.000E+00  0.000E+00  0.000E+00  0.000E+00   0.0
    8   2000   0.000E+00  0.000E+00  0.000E+00  0.000E+00   0.0
    8   2001   0.000E+00  0.000E+00  0.000E+00  0.000E+00   0.0
    8   2002   0.000E+00  0.000E+00  0.000E+00  0.000E+00   0.0
    8   2003   0.000E+00  0.000E+00  0.000E+00  0.000E+00   0.0
    8   2004   0.000E+00  0.000E+00  0.000E+00  0.000E+00   0.0
    8   2005   0.000E+00  0.000E+00  0.000E+00  0.000E+00   0.0
    8   2006   0.000E+00  0.000E+00  0.000E+00  0.000E+00   0.0
    8   2007   0.000E+00  0.000E+00  0.000E+00  0.000E+00   0.0
    8   2008   0.000E+00  0.000E+00  0.000E+00  0.000E+00   0.0
    8   2009   0.000E+00  0.000E+00  0.000E+00  0.000E+00   0.0
    9   1950   0.000E+00  0.000E+00  0.000E+00  0.000E+00   0.0
    9   1951   0.000E+00  0.000E+00  0.000E+00  0.000E+00   0.0
    9   1952   0.000E+00  0.000E+00  0.000E+00  0.000E+00   0.0
    9   1953   0.000E+00  0.000E+00  0.000E+00  0.000E+00   0.0
    9   1954   0.000E+00  0.000E+00  0.000E+00  0.000E+00   0.0
    9   1955   0.000E+00  0.000E+00  0.000E+00  0.000E+00   0.0
    9   1956   0.000E+00  0.000E+00  0.000E+00  0.000E+00   0.0
    9   1957   0.000E+00  0.000E+00  0.000E+00  0.000E+00   0.0
    9   1958   0.000E+00  0.000E+00  0.000E+00  0.000E+00   0.0
    9   1959   0.000E+00  0.000E+00  0.000E+00  0.000E+00   0.0
    9   1960   0.000E+00  0.000E+00  0.000E+00  0.000E+00   0.0
    9   1961   0.000E+00  0.000E+00  0.000E+00  0.000E+00   0.0
    9   1962   0.000E+00  0.000E+00  0.000E+00  0.000E+00   0.0
    9   1963   0.000E+00  0.000E+00  0.000E+00  0.000E+00   0.0
    9   1964   0.000E+00  0.000E+00  0.000E+00  0.000E+00   0.0
    9   1965   0.000E+00  0.000E+00  0.000E+00  0.000E+00   0.0
    9   1966   0.000E+00  0.000E+00  0.000E+00  0.000E+00   0.0
    9   1967   0.000E+00  0.000E+00  0.000E+00  0.000E+00   0.0
    9   1968   0.000E+00  0.000E+00  0.000E+00  0.000E+00   0.0
    9   1969   0.000E+00  0.000E+00  0.000E+00  0.000E+00   0.0
    9   1970   0.000E+00  0.000E+00  0.000E+00  0.000E+00   0.0
    9   1971   0.000E+00  0.000E+00  0.000E+00  0.000E+00   0.0
    9   1972   0.000E+00  0.000E+00  0.000E+00  0.000E+00   0.0
    9   1973   0.000E+00  0.000E+00  0.000E+00  0.000E+00   0.0
    9   1974   0.000E+00  0.000E+00  0.000E+00  0.000E+00   0.0
    9   1975   0.000E+00  0.000E+00  0.000E+00  0.000E+00   0.0
    9   1976   0.000E+00  0.000E+00  0.000E+00  0.000E+00   0.0
    9   1977   0.000E+00  0.000E+00  0.000E+00  0.000E+00   0.0
    9   1978   0.000E+00  0.000E+00  0.000E+00  0.000E+00   0.0
    9   1979   0.000E+00  0.000E+00  0.000E+00  0.000E+00   0.0
    9   1980   0.000E+00  0.000E+00  0.000E+00  0.000E+00   0.0
    9   1981   0.000E+00  0.000E+00  0.000E+00  0.000E+00   0.0
    9   1982   0.000E+00  0.000E+00  0.000E+00  0.000E+00   0.0
    9   1983   0.000E+00  0.000E+00  0.000E+00  0.000E+00   0.0
    9   1984   0.000E+00  0.000E+00  0.000E+00  0.000E+00   0.0
    9   1985   0.000E+00  0.000E+00  0.000E+00  0.000E+00   0.0
    9   1986   0.000E+00  0.000E+00  0.000E+00  0.000E+00   0.0
    9   1987   0.000E+00  0.000E+00  0.000E+00  0.000E+00   0.0
    9   1988   0.000E+00  0.000E+00  0.000E+00  0.000E+00   0.0
    9   1989   0.000E+00  0.000E+00  0.000E+00  0.000E+00   0.0
    9   1990   0.000E+00  0.000E+00  0.000E+00  0.000E+00   0.0
    9   1991   0.000E+00  0.000E+00  0.000E+00  0.000E+00   0.0
    9   1992   0.000E+00  0.000E+00  0.000E+00  0.000E+00   0.0
    9   1993   0.000E+00  0.000E+00  0.000E+00  0.000E+00   0.0
    9   1994   0.000E+00  0.000E+00  0.000E+00  0.000E+00   0.0
    9   1995   0.000E+00  0.000E+00  0.000E+00  0.000E+00   0.0
    9   1996   0.000E+00  0.000E+00  0.000E+00  0.000E+00   0.0
    9   1997   0.000E+00  0.000E+00  0.000E+00  0.000E+00   0.0
    9   1998   0.000E+00  0.000E+00  0.000E+00  0.000E+00   0.0
    9   1999   0.000E+00  0.000E+00  0.000E+00  0.000E+00   0.0
    9   2000   0.000E+00  0.000E+00  0.000E+00  0.000E+00   0.0
    9   2001   0.000E+00  0.000E+00  0.000E+00  0.000E+00   0.0
    9   2002   0.000E+00  0.000E+00  0.000E+00  0.000E+00   0.0
    9   2003   0.000E+00  0.000E+00  0.000E+00  0.000E+00   0.0
    9   2004   0.000E+00  0.000E+00  0.000E+00  0.000E+00   0.0
    9   2005   0.000E+00  0.000E+00  0.000E+00  0.000E+00   0.0
    9   2006   0.000E+00  0.000E+00  0.000E+00  0.000E+00   0.0
    9   2007   0.000E+00  0.000E+00  0.000E+00  0.000E+00   0.0
    9   2008   0.000E+00  0.000E+00  0.000E+00  0.000E+00   0.0
    9   2009   0.000E+00  0.000E+00  0.000E+00  0.000E+00   0.0
   10   1950   0.517E-07  0.521E-07 -0.544E-08  0.526E-08  10.1
   10   1951   0.517E-07  0.521E-07 -0.544E-08  0.526E-08  10.1
   10   1952   0.517E-07  0.521E-07 -0.544E-08  0.526E-08  10.1
   10   1953   0.517E-07  0.521E-07 -0.544E-08  0.526E-08  10.1
   10   1954   0.517E-07  0.521E-07 -0.544E-08  0.526E-08  10.1
   10   1955   0.517E-07  0.521E-07 -0.544E-08  0.526E-08  10.1
   10   1956   0.517E-07  0.521E-07 -0.544E-08  0.526E-08  10.1
   10   1957   0.517E-07  0.521E-07 -0.544E-08  0.526E-08  10.1
   10   1958   0.517E-07  0.521E-07 -0.544E-08  0.526E-08  10.1
   10   1959   0.517E-07  0.521E-07 -0.544E-08  0.526E-08  10.1
   10   1960   0.517E-07  0.521E-07 -0.544E-08  0.526E-08  10.1
   10   1961   0.517E-07  0.521E-07 -0.544E-08  0.526E-08  10.1
   10   1962   0.517E-07  0.521E-07 -0.544E-08  0.526E-08  10.1
   10   1963   0.517E-07  0.521E-07 -0.544E-08  0.526E-08  10.1
   10   1964   0.517E-07  0.521E-07 -0.544E-08  0.526E-08  10.1
   10   1965   0.517E-07  0.521E-07 -0.544E-08  0.526E-08  10.1
   10   1966   0.517E-07  0.521E-07 -0.544E-08  0.526E-08  10.1
   10   1967   0.517E-07  0.521E-07 -0.544E-08  0.526E-08  10.1
   10   1968   0.517E-07  0.521E-07 -0.544E-08  0.526E-08  10.1
   10   1969   0.517E-07  0.521E-07 -0.544E-08  0.526E-08  10.1
   10   1970   0.517E-07  0.521E-07 -0.544E-08  0.526E-08  10.1
   10   1971   0.517E-07  0.521E-07 -0.544E-08  0.526E-08  10.1
   10   1972   0.517E-07  0.521E-07 -0.544E-08  0.526E-08  10.1
   10   1973   0.517E-07  0.521E-07 -0.544E-08  0.526E-08  10.1
   10   1974   0.517E-07  0.521E-07 -0.544E-08  0.526E-08  10.1
   10   1975   0.517E-07  0.521E-07 -0.544E-08  0.526E-08  10.1
   10   1976   0.517E-07  0.521E-07 -0.544E-08  0.526E-08  10.1
   10   1977   0.517E-07  0.521E-07 -0.544E-08  0.526E-08  10.1
   10   1978   0.517E-07  0.521E-07 -0.544E-08  0.526E-08  10.1
   10   1979   0.517E-07  0.521E-07 -0.544E-08  0.526E-08  10.1
   10   1980   0.517E-07  0.521E-07 -0.544E-08  0.526E-08  10.1
   10   1981   0.517E-07  0.521E-07 -0.544E-08  0.526E-08  10.1
   10   1982   0.517E-07  0.521E-07 -0.544E-08  0.526E-08  10.1
   10   1983   0.517E-07  0.521E-07 -0.544E-08  0.526E-08  10.1
   10   1984   0.517E-07  0.521E-07 -0.544E-08  0.526E-08  10.1
   10   1985   0.517E-07  0.521E-07 -0.544E-08  0.526E-08  10.1
   10   1986   0.517E-07  0.521E-07 -0.544E-08  0.526E-08  10.1
   10   1987   0.517E-07  0.521E-07 -0.544E-08  0.526E-08  10.1
   10   1988   0.517E-07  0.521E-07 -0.544E-08  0.526E-08  10.1
   10   1989   0.517E-07  0.521E-07 -0.544E-08  0.526E-08  10.1
   10   1990   0.517E-07  0.521E-07 -0.544E-08  0.526E-08  10.1
   10   1991   0.517E-07  0.521E-07 -0.544E-08  0.526E-08  10.1
   10   1992   0.517E-07  0.521E-07 -0.544E-08  0.526E-08  10.1
   10   1993   0.517E-07  0.521E-07 -0.544E-08  0.526E-08  10.1
   10   1994   0.517E-07  0.521E-07 -0.544E-08  0.526E-08  10.1
   10   1995   0.517E-07  0.521E-07 -0.544E-08  0.526E-08  10.1
   10   1996   0.517E-07  0.521E-07 -0.544E-08  0.526E-08  10.1
   10   1997   0.517E-07  0.521E-07 -0.544E-08  0.526E-08  10.1
   10   1998   0.517E-07  0.521E-07 -0.544E-08  0.526E-08  10.1
   10   1999   0.517E-07  0.521E-07 -0.544E-08  0.526E-08  10.1
   10   2000   0.517E-07  0.521E-07 -0.544E-08  0.526E-08  10.1
   10   2001   0.517E-07  0.521E-07 -0.544E-08  0.526E-08  10.1
   10   2002   0.517E-07  0.521E-07 -0.544E-08  0.526E-08  10.1
   10   2003   0.517E-07  0.521E-07 -0.544E-08  0.526E-08  10.1
   10   2004   0.517E-07  0.521E-07 -0.544E-08  0.526E-08  10.1
   10   2005   0.517E-07  0.521E-07 -0.544E-08  0.526E-08  10.1
   10   2006   0.517E-07  0.521E-07 -0.544E-08  0.526E-08  10.1
   10   2007   0.517E-07  0.521E-07 -0.544E-08  0.526E-08  10.1
   10   2008   0.517E-07  0.521E-07 -0.544E-08  0.526E-08  10.1
   10   2009   0.517E-07  0.521E-07 -0.544E-08  0.526E-08  10.1
   11   1950   0.563E-08  0.575E-08 -0.133E-08  0.959E-09  16.7
   11   1951   0.563E-08  0.575E-08 -0.133E-08  0.959E-09  16.7
   11   1952   0.563E-08  0.575E-08 -0.133E-08  0.959E-09  16.7
   11   1953   0.563E-08  0.575E-08 -0.133E-08  0.959E-09  16.7
   11   1954   0.563E-08  0.575E-08 -0.133E-08  0.959E-09  16.7
   11   1955   0.563E-08  0.575E-08 -0.133E-08  0.959E-09  16.7
   11   1956   0.563E-08  0.575E-08 -0.133E-08  0.959E-09  16.7
   11   1957   0.563E-08  0.575E-08 -0.133E-08  0.959E-09  16.7
   11   1958   0.563E-08  0.575E-08 -0.133E-08  0.959E-09  16.7
   11   1959   0.563E-08  0.575E-08 -0.133E-08  0.959E-09  16.7
   11   1960   0.563E-08  0.575E-08 -0.133E-08  0.959E-09  16.7
   11   1961   0.563E-08  0.575E-08 -0.133E-08  0.959E-09  16.7
   11   1962   0.563E-08  0.575E-08 -0.133E-08  0.959E-09  16.7
   11   1963   0.563E-08  0.575E-08 -0.133E-08  0.959E-09  16.7
   11   1964   0.563E-08  0.575E-08 -0.133E-08  0.959E-09  16.7
   11   1965   0.563E-08  0.575E-08 -0.133E-08  0.959E-09  16.7
   11   1966   0.563E-08  0.575E-08 -0.133E-08  0.959E-09  16.7
   11   1967   0.563E-08  0.575E-08 -0.133E-08  0.959E-09  16.7
   11   1968   0.563E-08  0.575E-08 -0.133E-08  0.959E-09  16.7
   11   1969   0.563E-08  0.575E-08 -0.133E-08  0.959E-09  16.7
   11   1970   0.563E-08  0.575E-08 -0.133E-08  0.959E-09  16.7
   11   1971   0.563E-08  0.575E-08 -0.133E-08  0.959E-09  16.7
   11   1972   0.563E-08  0.575E-08 -0.133E-08  0.959E-09  16.7
   11   1973   0.563E-08  0.575E-08 -0.133E-08  0.959E-09  16.7
   11   1974   0.563E-08  0.575E-08 -0.133E-08  0.959E-09  16.7
   11   1975   0.563E-08  0.575E-08 -0.133E-08  0.959E-09  16.7
   11   1976   0.563E-08  0.575E-08 -0.133E-08  0.959E-09  16.7
   11   1977   0.563E-08  0.575E-08 -0.133E-08  0.959E-09  16.7
   11   1978   0.563E-08  0.575E-08 -0.133E-08  0.959E-09  16.7
   11   1979   0.563E-08  0.575E-08 -0.133E-08  0.959E-09  16.7
   11   1980   0.563E-08  0.575E-08 -0.133E-08  0.959E-09  16.7
   11   1981   0.563E-08  0.575E-08 -0.133E-08  0.959E-09  16.7
   11   1982   0.563E-08  0.575E-08 -0.133E-08  0.959E-09  16.7
   11   1983   0.563E-08  0.575E-08 -0.133E-08  0.959E-09  16.7
   11   1984   0.563E-08  0.575E-08 -0.133E-08  0.959E-09  16.7
   11   1985   0.563E-08  0.575E-08 -0.133E-08  0.959E-09  16.7
   11   1986   0.563E-08  0.575E-08 -0.133E-08  0.959E-09  16.7
   11   1987   0.563E-08  0.575E-08 -0.133E-08  0.959E-09  16.7
   11   1988   0.563E-08  0.575E-08 -0.133E-08  0.959E-09  16.7
   11   1989   0.563E-08  0.575E-08 -0.133E-08  0.959E-09  16.7
   11   1990   0.563E-08  0.575E-08 -0.133E-08  0.959E-09  16.7
   11   1991   0.563E-08  0.575E-08 -0.133E-08  0.959E-09  16.7
   11   1992   0.563E-08  0.575E-08 -0.133E-08  0.959E-09  16.7
   11   1993   0.563E-08  0.575E-08 -0.133E-08  0.959E-09  16.7
   11   1994   0.563E-08  0.575E-08 -0.133E-08  0.959E-09  16.7
   11   1995   0.563E-08  0.575E-08 -0.133E-08  0.959E-09  16.7
   11   1996   0.563E-08  0.575E-08 -0.133E-08  0.959E-09  16.7
   11   1997   0.563E-08  0.575E-08 -0.133E-08  0.959E-09  16.7
   11   1998   0.563E-08  0.575E-08 -0.133E-08  0.959E-09  16.7
   11   1999   0.563E-08  0.575E-08 -0.133E-08  0.959E-09  16.7
   11   2000   0.563E-08  0.575E-08 -0.133E-08  0.959E-09  16.7
   11   2001   0.563E-08  0.575E-08 -0.133E-08  0.959E-09  16.7
   11   2002   0.563E-08  0.575E-08 -0.133E-08  0.959E-09  16.7
   11   2003   0.563E-08  0.575E-08 -0.133E-08  0.959E-09  16.7
   11   2004   0.563E-08  0.575E-08 -0.133E-08  0.959E-09  16.7
   11   2005   0.563E-08  0.575E-08 -0.133E-08  0.959E-09  16.7
   11   2006   0.563E-08  0.575E-08 -0.133E-08  0.959E-09  16.7
   11   2007   0.563E-08  0.575E-08 -0.133E-08  0.959E-09  16.7
   11   2008   0.563E-08  0.575E-08 -0.133E-08  0.959E-09  16.7
   11   2009   0.563E-08  0.575E-08 -0.133E-08  0.959E-09  16.7
   12   1950   0.135E-05  0.140E-05 -0.687E-07  0.149E-06  10.6
   12   1951   0.135E-05  0.140E-05 -0.687E-07  0.149E-06  10.6
   12   1952   0.135E-05  0.140E-05 -0.687E-07  0.149E-06  10.6
   12   1953   0.135E-05  0.140E-05 -0.687E-07  0.149E-06  10.6
   12   1954   0.135E-05  0.140E-05 -0.687E-07  0.149E-06  10.6
   12   1955   0.135E-05  0.140E-05 -0.687E-07  0.149E-06  10.6
   12   1956   0.135E-05  0.140E-05 -0.687E-07  0.149E-06  10.6
   12   1957   0.135E-05  0.140E-05 -0.687E-07  0.149E-06  10.6
   12   1958   0.135E-05  0.140E-05 -0.687E-07  0.149E-06  10.6
   12   1959   0.135E-05  0.140E-05 -0.687E-07  0.149E-06  10.6
   12   1960   0.135E-05  0.140E-05 -0.687E-07  0.149E-06  10.6
   12   1961   0.135E-05  0.140E-05 -0.687E-07  0.149E-06  10.6
   12   1962   0.135E-05  0.140E-05 -0.687E-07  0.149E-06  10.6
   12   1963   0.135E-05  0.140E-05 -0.687E-07  0.149E-06  10.6
   12   1964   0.135E-05  0.140E-05 -0.687E-07  0.149E-06  10.6
   12   1965   0.135E-05  0.140E-05 -0.687E-07  0.149E-06  10.6
   12   1966   0.135E-05  0.140E-05 -0.687E-07  0.149E-06  10.6
   12   1967   0.135E-05  0.140E-05 -0.687E-07  0.149E-06  10.6
   12   1968   0.135E-05  0.140E-05 -0.687E-07  0.149E-06  10.6
   12   1969   0.135E-05  0.140E-05 -0.687E-07  0.149E-06  10.6
   12   1970   0.135E-05  0.140E-05 -0.687E-07  0.149E-06  10.6
   12   1971   0.135E-05  0.140E-05 -0.687E-07  0.149E-06  10.6
   12   1972   0.135E-05  0.140E-05 -0.687E-07  0.149E-06  10.6
   12   1973   0.135E-05  0.140E-05 -0.687E-07  0.149E-06  10.6
   12   1974   0.135E-05  0.140E-05 -0.687E-07  0.149E-06  10.6
   12   1975   0.135E-05  0.140E-05 -0.687E-07  0.149E-06  10.6
   12   1976   0.135E-05  0.140E-05 -0.687E-07  0.149E-06  10.6
   12   1977   0.135E-05  0.140E-05 -0.687E-07  0.149E-06  10.6
   12   1978   0.135E-05  0.140E-05 -0.687E-07  0.149E-06  10.6
   12   1979   0.135E-05  0.140E-05 -0.687E-07  0.149E-06  10.6
   12   1980   0.135E-05  0.140E-05 -0.687E-07  0.149E-06  10.6
   12   1981   0.135E-05  0.140E-05 -0.687E-07  0.149E-06  10.6
   12   1982   0.135E-05  0.140E-05 -0.687E-07  0.149E-06  10.6
   12   1983   0.135E-05  0.140E-05 -0.687E-07  0.149E-06  10.6
   12   1984   0.135E-05  0.140E-05 -0.687E-07  0.149E-06  10.6
   12   1985   0.135E-05  0.140E-05 -0.687E-07  0.149E-06  10.6
   12   1986   0.135E-05  0.140E-05 -0.687E-07  0.149E-06  10.6
   12   1987   0.135E-05  0.140E-05 -0.687E-07  0.149E-06  10.6
   12   1988   0.135E-05  0.140E-05 -0.687E-07  0.149E-06  10.6
   12   1989   0.135E-05  0.140E-05 -0.687E-07  0.149E-06  10.6
   12   1990   0.135E-05  0.140E-05 -0.687E-07  0.149E-06  10.6
   12   1991   0.135E-05  0.140E-05 -0.687E-07  0.149E-06  10.6
   12   1992   0.135E-05  0.140E-05 -0.687E-07  0.149E-06  10.6
   12   1993   0.135E-05  0.140E-05 -0.687E-07  0.149E-06  10.6
   12   1994   0.135E-05  0.140E-05 -0.687E-07  0.149E-06  10.6
   12   1995   0.135E-05  0.140E-05 -0.687E-07  0.149E-06  10.6
   12   1996   0.135E-05  0.140E-05 -0.687E-07  0.149E-06  10.6
   12   1997   0.135E-05  0.140E-05 -0.687E-07  0.149E-06  10.6
   12   1998   0.135E-05  0.140E-05 -0.687E-07  0.149E-06  10.6
   12   1999   0.135E-05  0.140E-05 -0.687E-07  0.149E-06  10.6
   12   2000   0.135E-05  0.140E-05 -0.687E-07  0.149E-06  10.6
   12   2001   0.135E-05  0.140E-05 -0.687E-07  0.149E-06  10.6
   12   2002   0.135E-05  0.140E-05 -0.687E-07  0.149E-06  10.6
   12   2003   0.135E-05  0.140E-05 -0.687E-07  0.149E-06  10.6
   12   2004   0.135E-05  0.140E-05 -0.687E-07  0.149E-06  10.6
   12   2005   0.135E-05  0.140E-05 -0.687E-07  0.149E-06  10.6
   12   2006   0.135E-05  0.140E-05 -0.687E-07  0.149E-06  10.6
   12   2007   0.135E-05  0.140E-05 -0.687E-07  0.149E-06  10.6
   12   2008   0.135E-05  0.140E-05 -0.687E-07  0.149E-06  10.6
   12   2009   0.135E-05  0.140E-05 -0.687E-07  0.149E-06  10.6
 


 *************************************************
 CORRELATION AND COVARIANCE MATRICES OF PARAMETERS
 *************************************************


TABLE 2A. CORRELATION MATRIX
==========================================================  
          1    2    3    4    5    6    7    8    9   10
    1 :  1.0
    2 :  1.0  1.0
    3 :  1.0  1.0  1.0
    4 :  0.9  1.0  1.0  1.0
    5 :  0.9  0.9  0.9  1.0  1.0
    6 :  0.7  0.8  0.8  0.8  0.9  1.0
    7 :  0.6  0.6  0.7  0.6  0.7  0.9  1.0
    8 :  0.3  0.4  0.5  0.4  0.5  0.6  0.8  1.0
    9 : -0.1  0.0  0.1  0.0  0.0  0.1  0.3  0.7  1.0
   10 :  0.0  0.0  0.0  0.0  0.0  0.0 -0.1  0.0  0.1  1.0
 
 
TABLE 2B. COVARIANCE MATRIX
=========================================================================================================================================      
              1            2            3            4            5            6            7            8            9           10
    1 :   0.5492D-05
    2 :   0.2506D-03   0.1211D-01
    3 :   0.1116D-03   0.5487D-02   0.2511D-02
    4 :   0.2828D-03   0.1414D-01   0.6434D-02   0.1746D-01
    5 :   0.1343D-03   0.6824D-02   0.3116D-02   0.8357D-02   0.4416D-02
    6 :   0.6872D-04   0.3603D-02   0.1661D-02   0.4369D-02   0.2423D-02   0.1613D-02
    7 :   0.6865D-04   0.3740D-02   0.1760D-02   0.4374D-02   0.2523D-02   0.1878D-02   0.2775D-02
    8 :   0.2850D-04   0.1852D-02   0.9539D-03   0.2016D-02   0.1266D-02   0.1040D-02   0.1789D-02   0.1735D-02
    9 :  -0.4325D-05   0.5186D-04   0.1212D-03  -0.1689D-03   0.7246D-05   0.1044D-03   0.3809D-03   0.7365D-03   0.6670D-03
   10 :  -0.8193D-06   0.1169D-03   0.8589D-04   0.1835D-03  -0.5247D-04  -0.1750D-03  -0.2525D-03   0.4541D-04   0.2352D-03   0.8096D-02
 
 
