 Output Generated by ICA Version 1.4                                            
  
 ------------------------------------
 
        Mackerel NE Atlantic  WG2003
        ----------------------------
 
        Catch in Number
        ---------------
------+------------------------------------------------------------------------------------------------------------------------
AGE   |    1972    1973    1974    1975    1976    1977    1978    1979    1980    1981    1982    1983    1984    1985    1986
------+------------------------------------------------------------------------------------------------------------------------
  0   |   3394.   3866.   2119.   3873.   1393.   3172.   3396.   3409.   4258.   1821.   2336.   1023.   1515.   4707.   5115.
  1   |   3948.  13912.   9744.   8592.  10217.   6278.   7659.  10006.  13223.   9776.   5206.   7823.   4389.   6216.  14942.
  2   |  20618.   9202.  19964.  22474.  12899.  26099.   8601.  12862.  22070.  17319.  16017.   9998.  19155.  10205.  11151.
  3   |  12183.  40812.  11243.  39101.  28691.  27812.  30251.  12319.  24096.  24689.  24436.  26508.  20936.  37620.  15389.
  4   |  37110.  17553.  36270.  16026.  36268.  44717.  23237.  31633.  16795.  19680.  25758.  29961.  40778.  29720.  40642.
  5   |  18456.  38078.  11044.  36809.  10520.  40104.  26249.  17282.  30690.   9731.  14742.  22737.  33051.  41020.  22530.
  6   |  19965.  18332.  23182.  10849.  23368.  11227.  22688.  18920.  16229.  17231.   7103.  12692.  24376.  32087.  29894.
  7   |   6469.  19466.  10955.  22352.   6756.  24395.   6206.  16080.  17438.   8961.  12448.   6057.  13418.  23148.  22775.
  8   |   7079.   5070.   9284.   8489.  11114.   5673.  10734.   3521.  11903.   7682.   5192.   8530.   5155.  10234.  13123.
  9   |  14607.  17344.  10728.  15306.  11538.  19420.  11560.  12639.  12026.  10339.  10955.  10822.  17327.  16635.  14948.
------+------------------------------------------------------------------------------------------------------------------------
       x 10 ^ 3                                
 
 
        Catch in Number
        ---------------
------+------------------------------------------------------------------------------------------------------------------------
AGE   |    1987    1988    1989    1990    1991    1992    1993    1994    1995    1996    1997    1998    1999    2000    2001
------+------------------------------------------------------------------------------------------------------------------------
  0   |   4820.   3990.   3794.   3628.   3292.   1016.   3049.   3341.   1011.   1988.   1372.   2655.   3328.   3666.   4570.
  1   |  11997.  20071.  13317.  12264.  10311.   6769.   5042.   9185.   7299.   3877.   7244.   4094.  10218.  12405.  10773.
  2   |  19920.  28368.  37886.  24324.  19739.  12104.  19128.   8624.  11466.  16022.   8053.  12320.   8963.  21551.  20623.
  3   |  12618.  39894.  45055.  58136.  33009.  19817.  29131.  27718.   9220.  21597.  28389.  11682.  22909.  15920.  30158.
  4   |  12602.  18333.  45480.  49507.  56696.  24218.  34889.  30545.  21710.  12808.  27992.  30073.  15807.  29272.  15977.
  5   |  23449.  13012.  14696.  35063.  33908.  29499.  30528.  25848.  17011.  21662.  11849.  21095.  28956.  14247.  20610.
  6   |  12550.  23404.  10036.  10890.  23116.  17104.  36075.  21836.  13971.  16522.  19440.   8655.  19660.  25136.   9648.
  7   |  16305.  12274.  17598.   7242.   7004.  11474.  20581.  25259.  11628.  13408.  14592.  13964.   7917.  16655.  16588.
  8   |   9892.  12816.   7381.  10144.   3715.   2770.  11130.  11520.  10733.   8975.   9508.   8392.  10258.   5375.   8768.
  9   |  12467.  17504.  19232.  15719.  13281.   6494.   8415.  11228.   9820.  16857.  19426.  16872.  18493.  18733.  12408.
------+------------------------------------------------------------------------------------------------------------------------
       x 10 ^ 3                                
 
 
        Catch in Number
        ---------------
------+--------
AGE   |    2002
------+--------
  0   |   1568.
  1   |  12482.
  2   |  16709.
  3   |  27106.
  4   |  28670.
  5   |  10716.
  6   |  13342.
  7   |   6113.
  8   |   8388.
  9   |  10583.
------+--------
       x 10 ^ 3                                
 
 
 
        Predicted Catch in Number
        -------------------------
------+----------------------------------------------------------------------------------------
AGE   |    1992    1993    1994    1995    1996    1997    1998    1999    2000    2001    2002
------+----------------------------------------------------------------------------------------
  0   |   1017.   3049.   3341.   1011.   1989.   1372.   2653.   3326.   3664.   4568.   1568.
  1   |   6770.   5043.   9186.   7301.   3878.   7246.   4094.  10210.  12395.  10767.  12482.
  2   |  12105.  19130.   8626.  11467.  16025.   8054.  12322.   8963.  21533.  20605.  16710.
  3   |  19818.  29131.  27718.   9222.  21599.  28391.  11682.  22910.  15917.  30131.  27097.
  4   |  24217.  34883.  30537.  21707.  12808.  27988.  30067.  15805.  29267.  15973.  28656.
  5   |  29504.  30525.  25843.  17009.  21660.  11850.  21092.  28951.  14245.  20609.  10720.
  6   |  17100.  36071.  21829.  13966.  16516.  19434.   8653.  19653.  25126.   9645.  13347.
  7   |  11469.  20576.  25257.  11625.  13404.  14588.  13960.   7916.  16650.  16585.   6115.
  8   |   2769.  11126.  11519.  10735.   8975.   9508.   8391.  10257.   5376.   8769.   8394.
------+----------------------------------------------------------------------------------------
       x 10 ^ 3                                
 
 
 
        Weights at age in the catches (Kg)
        ----------------------------------
------+------------------------------------------------------------------------------------------------------------------------
AGE   |    1972    1973    1974    1975    1976    1977    1978    1979    1980    1981    1982    1983    1984    1985    1986
------+------------------------------------------------------------------------------------------------------------------------
  0   | 0.05200 0.05000 0.05100 0.05000 0.05900 0.05600 0.03600 0.01600 0.05700 0.06000 0.05300 0.05000 0.03100 0.05500 0.03900
  1   | 0.13500 0.14500 0.13600 0.14800 0.13700 0.13600 0.13500 0.13700 0.13100 0.13200 0.13100 0.16800 0.10200 0.14400 0.14600
  2   | 0.27700 0.19400 0.22900 0.17700 0.20700 0.16900 0.16100 0.16100 0.24900 0.24800 0.24900 0.21900 0.18400 0.26200 0.24500
  3   | 0.34100 0.28500 0.26100 0.25900 0.26300 0.27500 0.25000 0.24300 0.28500 0.28700 0.28500 0.27600 0.29500 0.35700 0.33500
  4   | 0.42300 0.36800 0.33400 0.32300 0.32000 0.33300 0.32500 0.31800 0.34500 0.34400 0.34500 0.31000 0.32600 0.41800 0.42300
  5   | 0.46800 0.44800 0.39200 0.34800 0.34600 0.35200 0.34500 0.34800 0.37800 0.37700 0.37800 0.38600 0.34400 0.41700 0.47100
  6   | 0.46800 0.46800 0.48100 0.43000 0.40600 0.40700 0.40300 0.40100 0.45400 0.45400 0.45400 0.42500 0.43100 0.43600 0.44400
  7   | 0.50800 0.50800 0.50800 0.48800 0.44300 0.44600 0.42100 0.41600 0.49800 0.49900 0.49600 0.43500 0.54200 0.52100 0.45700
  8   | 0.53900 0.53900 0.53900 0.53900 0.51800 0.54600 0.51800 0.50600 0.52000 0.51300 0.51300 0.49800 0.48000 0.55500 0.54300
  9   | 0.59757 0.60305 0.61226 0.60172 0.60050 0.57586 0.56986 0.53375 0.56948 0.55782 0.56059 0.58516 0.60769 0.63476 0.62419
------+------------------------------------------------------------------------------------------------------------------------
                                               
 
 
        Weights at age in the catches (Kg)
        ----------------------------------
------+------------------------------------------------------------------------------------------------------------------------
AGE   |    1987    1988    1989    1990    1991    1992    1993    1994    1995    1996    1997    1998    1999    2000    2001
------+------------------------------------------------------------------------------------------------------------------------
  0   | 0.07600 0.05500 0.04900 0.08500 0.06800 0.05100 0.06100 0.04600 0.07200 0.05800 0.07600 0.06500 0.06200 0.06300 0.06900
  1   | 0.17900 0.13300 0.13600 0.15600 0.15600 0.16700 0.13400 0.13600 0.14300 0.14300 0.14300 0.15700 0.17600 0.13500 0.17100
  2   | 0.22300 0.25900 0.23700 0.23300 0.25300 0.23900 0.24000 0.25500 0.23400 0.22600 0.23000 0.22700 0.23600 0.22900 0.22300
  3   | 0.31800 0.32300 0.32000 0.33600 0.32700 0.33300 0.31700 0.33900 0.33300 0.31300 0.29500 0.31000 0.30700 0.30800 0.30700
  4   | 0.39900 0.38800 0.37700 0.37900 0.39400 0.39700 0.37600 0.39000 0.39000 0.37700 0.35900 0.35400 0.36100 0.36700 0.37800
  5   | 0.47400 0.45600 0.43300 0.42300 0.42300 0.46000 0.43600 0.44800 0.45200 0.42500 0.41500 0.40800 0.40600 0.42900 0.42600
  6   | 0.51200 0.52400 0.45600 0.46700 0.46900 0.49500 0.48300 0.51200 0.50100 0.48400 0.45300 0.45200 0.45400 0.46700 0.47700
  7   | 0.49300 0.55500 0.54300 0.52800 0.50600 0.53200 0.52700 0.54300 0.53900 0.51800 0.48100 0.46200 0.50100 0.50400 0.49900
  8   | 0.49800 0.55500 0.59200 0.55200 0.55400 0.55500 0.54800 0.59000 0.57700 0.55100 0.52400 0.51800 0.53700 0.53700 0.54300
  9   | 0.62015 0.59513 0.60594 0.61776 0.63688 0.64332 0.61882 0.61721 0.60482 0.58947 0.57716 0.57702 0.60374 0.59082 0.61166
------+------------------------------------------------------------------------------------------------------------------------
                                               
 
 
        Weights at age in the catches (Kg)
        ----------------------------------
------+--------
AGE   |    2002
------+--------
  0   | 0.05200
  1   | 0.15900
  2   | 0.25500
  3   | 0.30700
  4   | 0.36900
  5   | 0.42600
  6   | 0.46400
  7   | 0.51400
  8   | 0.53900
  9   | 0.61057
------+--------
                                               
 
 
 
        Weights at age in the stock (Kg)
        --------------------------------
------+------------------------------------------------------------------------------------------------------------------------
AGE   |    1972    1973    1974    1975    1976    1977    1978    1979    1980    1981    1982    1983    1984    1985    1986
------+------------------------------------------------------------------------------------------------------------------------
  0   | 0.00800 0.00800 0.00800 0.00800 0.00800 0.00800 0.00800 0.00800 0.00800 0.00800 0.00800 0.00800 0.00000 0.00000 0.00000
  1   | 0.13200 0.13200 0.13000 0.12900 0.12800 0.12700 0.11100 0.11000 0.10900 0.08700 0.08600 0.08600 0.08100 0.08500 0.07700
  2   | 0.17800 0.17700 0.17300 0.17100 0.17000 0.16700 0.17500 0.17400 0.17300 0.18600 0.13500 0.17200 0.19400 0.16500 0.17900
  3   | 0.24300 0.24200 0.23800 0.23600 0.23600 0.23300 0.23800 0.23700 0.23600 0.25200 0.22100 0.23500 0.25300 0.29300 0.26700
  4   | 0.41100 0.30100 0.29600 0.29400 0.29300 0.28900 0.30000 0.29900 0.29700 0.31300 0.28000 0.28000 0.29500 0.30600 0.30400
  5   | 0.35500 0.43800 0.32200 0.31800 0.31800 0.31300 0.34600 0.34500 0.34300 0.32300 0.38500 0.33900 0.32400 0.34100 0.35600
  6   | 0.39800 0.39800 0.46900 0.36500 0.36500 0.36100 0.38200 0.38000 0.37900 0.37800 0.35300 0.37700 0.39300 0.38400 0.35100
  7   | 0.43300 0.43300 0.43300 0.49700 0.41900 0.41600 0.41000 0.40800 0.40700 0.41900 0.40800 0.40400 0.43600 0.43000 0.41600
  8   | 0.45900 0.45900 0.45900 0.45900 0.51200 0.44600 0.43200 0.43000 0.42900 0.43400 0.43700 0.43900 0.44100 0.45900 0.47300
  9   | 0.51188 0.51767 0.52690 0.51576 0.51438 0.53213 0.51431 0.48505 0.49363 0.47191 0.47629 0.50950 0.50370 0.54715 0.47855
------+------------------------------------------------------------------------------------------------------------------------
                                               
 
 
        Weights at age in the stock (Kg)
        --------------------------------
------+------------------------------------------------------------------------------------------------------------------------
AGE   |    1987    1988    1989    1990    1991    1992    1993    1994    1995    1996    1997    1998    1999    2000    2001
------+------------------------------------------------------------------------------------------------------------------------
  0   | 0.00000 0.00000 0.00000 0.00000 0.00000 0.00000 0.00000 0.00000 0.00000 0.00000 0.00000 0.00000 0.00000 0.00000 0.00000
  1   | 0.07800 0.07200 0.07600 0.07400 0.07500 0.07800 0.07800 0.07900 0.08100 0.07600 0.07600 0.07700 0.08100 0.07400 0.07800
  2   | 0.14800 0.15600 0.17700 0.13800 0.15500 0.21200 0.19700 0.17800 0.16400 0.13300 0.18600 0.14900 0.19400 0.18500 0.16400
  3   | 0.24000 0.23700 0.24400 0.22200 0.23000 0.25900 0.26800 0.23700 0.26700 0.25100 0.22800 0.22300 0.24200 0.23500 0.24100
  4   | 0.28600 0.30100 0.30600 0.28700 0.30700 0.31000 0.31500 0.30100 0.32600 0.31700 0.29600 0.28500 0.30100 0.28900 0.34200
  5   | 0.37400 0.32900 0.35200 0.33900 0.35700 0.36200 0.36000 0.36100 0.39800 0.36600 0.36100 0.34200 0.35300 0.35000 0.39000
  6   | 0.38600 0.42300 0.38000 0.37300 0.40900 0.40200 0.41600 0.41300 0.44800 0.44400 0.40200 0.40000 0.39600 0.39000 0.44600
  7   | 0.41100 0.44500 0.42900 0.41400 0.43200 0.42400 0.45400 0.46600 0.49100 0.46200 0.44500 0.42600 0.42300 0.42600 0.45900
  8   | 0.42900 0.43200 0.47400 0.40900 0.50200 0.46200 0.46500 0.47000 0.50800 0.50100 0.47800 0.46600 0.44000 0.44700 0.49900
  9   | 0.49533 0.50627 0.48153 0.49532 0.55944 0.53071 0.53386 0.51954 0.54643 0.57715 0.53475 0.52990 0.49974 0.50391 0.57217
------+------------------------------------------------------------------------------------------------------------------------
                                               
 
 
        Weights at age in the stock (Kg)
        --------------------------------
------+--------
AGE   |    2002
------+--------
  0   | 0.00000
  1   | 0.07800
  2   | 0.18100
  3   | 0.23900
  4   | 0.31100
  5   | 0.36400
  6   | 0.41100
  7   | 0.43600
  8   | 0.46200
  9   | 0.52090
------+--------
                                               
 
 
 
        Natural Mortality (per year)
        ----------------------------
------+------------------------------------------------------------------------------------------------------------------------
AGE   |    1972    1973    1974    1975    1976    1977    1978    1979    1980    1981    1982    1983    1984    1985    1986
------+------------------------------------------------------------------------------------------------------------------------
  0   | 0.15000 0.15000 0.15000 0.15000 0.15000 0.15000 0.15000 0.15000 0.15000 0.15000 0.15000 0.15000 0.15000 0.15000 0.15000
  1   | 0.15000 0.15000 0.15000 0.15000 0.15000 0.15000 0.15000 0.15000 0.15000 0.15000 0.15000 0.15000 0.15000 0.15000 0.15000
  2   | 0.15000 0.15000 0.15000 0.15000 0.15000 0.15000 0.15000 0.15000 0.15000 0.15000 0.15000 0.15000 0.15000 0.15000 0.15000
  3   | 0.15000 0.15000 0.15000 0.15000 0.15000 0.15000 0.15000 0.15000 0.15000 0.15000 0.15000 0.15000 0.15000 0.15000 0.15000
  4   | 0.15000 0.15000 0.15000 0.15000 0.15000 0.15000 0.15000 0.15000 0.15000 0.15000 0.15000 0.15000 0.15000 0.15000 0.15000
  5   | 0.15000 0.15000 0.15000 0.15000 0.15000 0.15000 0.15000 0.15000 0.15000 0.15000 0.15000 0.15000 0.15000 0.15000 0.15000
  6   | 0.15000 0.15000 0.15000 0.15000 0.15000 0.15000 0.15000 0.15000 0.15000 0.15000 0.15000 0.15000 0.15000 0.15000 0.15000
  7   | 0.15000 0.15000 0.15000 0.15000 0.15000 0.15000 0.15000 0.15000 0.15000 0.15000 0.15000 0.15000 0.15000 0.15000 0.15000
  8   | 0.15000 0.15000 0.15000 0.15000 0.15000 0.15000 0.15000 0.15000 0.15000 0.15000 0.15000 0.15000 0.15000 0.15000 0.15000
  9   | 0.15000 0.15000 0.15000 0.15000 0.15000 0.15000 0.15000 0.15000 0.15000 0.15000 0.15000 0.15000 0.15000 0.15000 0.15000
------+------------------------------------------------------------------------------------------------------------------------
                                               
 
 
        Natural Mortality (per year)
        ----------------------------
------+------------------------------------------------------------------------------------------------------------------------
AGE   |    1987    1988    1989    1990    1991    1992    1993    1994    1995    1996    1997    1998    1999    2000    2001
------+------------------------------------------------------------------------------------------------------------------------
  0   | 0.15000 0.15000 0.15000 0.15000 0.15000 0.15000 0.15000 0.15000 0.15000 0.15000 0.15000 0.15000 0.15000 0.15000 0.15000
  1   | 0.15000 0.15000 0.15000 0.15000 0.15000 0.15000 0.15000 0.15000 0.15000 0.15000 0.15000 0.15000 0.15000 0.15000 0.15000
  2   | 0.15000 0.15000 0.15000 0.15000 0.15000 0.15000 0.15000 0.15000 0.15000 0.15000 0.15000 0.15000 0.15000 0.15000 0.15000
  3   | 0.15000 0.15000 0.15000 0.15000 0.15000 0.15000 0.15000 0.15000 0.15000 0.15000 0.15000 0.15000 0.15000 0.15000 0.15000
  4   | 0.15000 0.15000 0.15000 0.15000 0.15000 0.15000 0.15000 0.15000 0.15000 0.15000 0.15000 0.15000 0.15000 0.15000 0.15000
  5   | 0.15000 0.15000 0.15000 0.15000 0.15000 0.15000 0.15000 0.15000 0.15000 0.15000 0.15000 0.15000 0.15000 0.15000 0.15000
  6   | 0.15000 0.15000 0.15000 0.15000 0.15000 0.15000 0.15000 0.15000 0.15000 0.15000 0.15000 0.15000 0.15000 0.15000 0.15000
  7   | 0.15000 0.15000 0.15000 0.15000 0.15000 0.15000 0.15000 0.15000 0.15000 0.15000 0.15000 0.15000 0.15000 0.15000 0.15000
  8   | 0.15000 0.15000 0.15000 0.15000 0.15000 0.15000 0.15000 0.15000 0.15000 0.15000 0.15000 0.15000 0.15000 0.15000 0.15000
  9   | 0.15000 0.15000 0.15000 0.15000 0.15000 0.15000 0.15000 0.15000 0.15000 0.15000 0.15000 0.15000 0.15000 0.15000 0.15000
------+------------------------------------------------------------------------------------------------------------------------
                                               
 
 
        Natural Mortality (per year)
        ----------------------------
------+--------
AGE   |    2002
------+--------
  0   | 0.15000
  1   | 0.15000
  2   | 0.15000
  3   | 0.15000
  4   | 0.15000
  5   | 0.15000
  6   | 0.15000
  7   | 0.15000
  8   | 0.15000
  9   | 0.15000
------+--------
                                               
 
 
 
        Proportion of fish spawning
        ---------------------------
------+------------------------------------------------------------------------------------------------------------------------
AGE   |    1972    1973    1974    1975    1976    1977    1978    1979    1980    1981    1982    1983    1984    1985    1986
------+------------------------------------------------------------------------------------------------------------------------
  0   |  0.0000  0.0000  0.0000  0.0000  0.0000  0.0000  0.0000  0.0000  0.0000  0.0000  0.0000  0.0000  0.0000  0.0000  0.0000
  1   |  0.0500  0.0500  0.0500  0.0600  0.0600  0.0600  0.0600  0.0600  0.0600  0.0700  0.0700  0.0700  0.0700  0.0700  0.0700
  2   |  0.5300  0.5400  0.5400  0.5500  0.5500  0.5500  0.5600  0.5600  0.5700  0.5700  0.5700  0.5800  0.5800  0.5800  0.5800
  3   |  0.9000  0.9000  0.9000  0.8900  0.8900  0.8900  0.8900  0.8900  0.8900  0.8800  0.8800  0.8800  0.8800  0.8800  0.8800
  4   |  0.9800  0.9800  0.9800  0.9800  0.9800  0.9800  0.9800  0.9800  0.9800  0.9800  0.9800  0.9800  0.9700  0.9700  0.9700
  5   |  0.9800  0.9800  0.9800  0.9800  0.9800  0.9800  0.9800  0.9800  0.9800  0.9800  0.9800  0.9800  0.9700  0.9700  0.9700
  6   |  0.9900  0.9900  0.9900  0.9900  0.9900  0.9900  0.9900  0.9900  0.9900  0.9900  0.9900  0.9900  0.9900  0.9900  0.9900
  7   |  1.0000  1.0000  1.0000  1.0000  1.0000  1.0000  1.0000  1.0000  1.0000  1.0000  1.0000  1.0000  1.0000  1.0000  1.0000
  8   |  1.0000  1.0000  1.0000  1.0000  1.0000  1.0000  1.0000  1.0000  1.0000  1.0000  1.0000  1.0000  1.0000  1.0000  1.0000
  9   |  1.0000  1.0000  1.0000  1.0000  1.0000  1.0000  1.0000  1.0000  1.0000  1.0000  1.0000  1.0000  1.0000  1.0000  1.0000
------+------------------------------------------------------------------------------------------------------------------------
                                               
 
 
        Proportion of fish spawning
        ---------------------------
------+------------------------------------------------------------------------------------------------------------------------
AGE   |    1987    1988    1989    1990    1991    1992    1993    1994    1995    1996    1997    1998    1999    2000    2001
------+------------------------------------------------------------------------------------------------------------------------
  0   |  0.0000  0.0000  0.0000  0.0000  0.0000  0.0000  0.0000  0.0000  0.0000  0.0000  0.0000  0.0000  0.0000  0.0000  0.0000
  1   |  0.0700  0.0700  0.0700  0.0700  0.0700  0.0700  0.0700  0.0700  0.0700  0.0700  0.0700  0.0700  0.0700  0.0700  0.0700
  2   |  0.5800  0.5800  0.5800  0.5800  0.5800  0.5800  0.5800  0.5800  0.5800  0.5800  0.5800  0.5800  0.5800  0.5800  0.5900
  3   |  0.8800  0.8800  0.8800  0.8800  0.8800  0.8800  0.8800  0.8800  0.8800  0.8800  0.8800  0.8600  0.8600  0.8600  0.8800
  4   |  0.9700  0.9700  0.9700  0.9700  0.9700  0.9700  0.9700  0.9700  0.9700  0.9700  0.9700  0.9800  0.9800  0.9800  0.9700
  5   |  0.9700  0.9700  0.9700  0.9700  0.9700  0.9700  0.9700  0.9700  0.9700  0.9700  0.9700  0.9800  0.9800  0.9800  0.9700
  6   |  0.9900  0.9900  0.9900  0.9900  0.9900  0.9900  0.9900  0.9900  0.9900  0.9900  0.9900  0.9900  0.9900  0.9900  0.9900
  7   |  1.0000  1.0000  1.0000  1.0000  1.0000  1.0000  1.0000  1.0000  1.0000  1.0000  1.0000  1.0000  1.0000  1.0000  1.0000
  8   |  1.0000  1.0000  1.0000  1.0000  1.0000  1.0000  1.0000  1.0000  1.0000  1.0000  1.0000  1.0000  1.0000  1.0000  1.0000
  9   |  1.0000  1.0000  1.0000  1.0000  1.0000  1.0000  1.0000  1.0000  1.0000  1.0000  1.0000  1.0000  1.0000  1.0000  1.0000
------+------------------------------------------------------------------------------------------------------------------------
                                               
 
 
        Proportion of fish spawning
        ---------------------------
------+--------
AGE   |    2002
------+--------
  0   |  0.0000
  1   |  0.0700
  2   |  0.5900
  3   |  0.8800
  4   |  0.9700
  5   |  0.9700
  6   |  0.9900
  7   |  1.0000
  8   |  1.0000
  9   |  1.0000
------+--------
                                               
 
 
 
 INDICES OF SPAWNING BIOMASS                                                    
  
 ----------------------------
 
          INDEX
        -------
------+------------------------------------------------------------------------------------------------------------------------
      |    1972    1973    1974    1975    1976    1977    1978    1979    1980    1981    1982    1983    1984    1985    1986
------+------------------------------------------------------------------------------------------------------------------------
  1   | ******* ******* ******* ******* ******* ******* ******* ******* ******* ******* ******* ******* ******* ******* *******
------+------------------------------------------------------------------------------------------------------------------------
       x 10 ^ 3                                
 
 
          INDEX
        -------
------+------------------------------------------------------------------------------------------------------------------------
      |    1987    1988    1989    1990    1991    1992    1993    1994    1995    1996    1997    1998    1999    2000    2001
------+------------------------------------------------------------------------------------------------------------------------
  1   | *******  237.56  271.67  264.40  285.96  300.38  302.66  267.62  272.55  266.38  248.56  224.25  211.64  195.85  208.81
------+------------------------------------------------------------------------------------------------------------------------
       x 10 ^ 3                                
 
 
          INDEX
        -------
------+--------
      |    2002
------+--------
  1   |  212.57
------+--------
       x 10 ^ 3                                
 
 
 
 AGE-STRUCTURED INDICES                                                         
  
 -----------------------
 
        FLT01: Dummy survey
        -------------------
------+--------------------------------
AGE   |    1981    1982    1983    1984
------+--------------------------------
  1   |  266.10  203.00   43.60   15.24
  2   |  506.40  435.90  712.70   79.51
  3   |  225.10  483.60  444.60  661.83
  4   |   31.70  184.10  391.60  374.60
  5   |  174.80   24.70  130.40  238.20
  6   |  158.50  136.60   20.20   92.00
  7   |   99.50  108.60   91.30   15.54
  8   |  116.60   84.50   70.90   51.47
  9   |   35.30   87.00   47.10   39.27
------+--------------------------------
       x 10 ^ 3                                
 
 
 
        Fishing Mortality (per year)
        ----------------------------
------+------------------------------------------------------------------------------------------------------------------------
AGE   |    1972    1973    1974    1975    1976    1977    1978    1979    1980    1981    1982    1983    1984    1985    1986
------+------------------------------------------------------------------------------------------------------------------------
  0   | 0.00636 0.00815 0.00639 0.00807 0.00663 0.00934 0.00705 0.00646 0.00781 0.00558 0.00494 0.00511 0.00646 0.00829 0.00824
  1   | 0.02410 0.03086 0.02423 0.03064 0.02514 0.03545 0.02669 0.02450 0.02964 0.02114 0.01875 0.01945 0.02588 0.03138 0.03115
  2   | 0.05336 0.06830 0.05365 0.06795 0.05578 0.07852 0.05913 0.05420 0.06562 0.04685 0.04152 0.04313 0.05747 0.07340 0.06872
  3   | 0.10498 0.13457 0.10570 0.13386 0.11008 0.15492 0.11648 0.10681 0.12910 0.09225 0.08186 0.08497 0.11331 0.14482 0.14309
  4   | 0.15970 0.20465 0.16097 0.20383 0.16758 0.23621 0.17748 0.16252 0.19644 0.14011 0.12454 0.12947 0.17238 0.22018 0.21742
  5   | 0.18026 0.23099 0.18159 0.23037 0.18930 0.26670 0.20064 0.18368 0.22161 0.15804 0.14029 0.14616 0.19482 0.24802 0.24445
  6   | 0.20180 0.25843 0.20316 0.25755 0.21211 0.29849 0.22440 0.20587 0.24820 0.17665 0.15690 0.16323 0.21797 0.27755 0.27216
  7   | 0.22763 0.29172 0.22917 0.29046 0.23900 0.33706 0.25299 0.23210 0.28044 0.19948 0.17692 0.18421 0.24535 0.31252 0.30614
  8   | 0.20668 0.26481 0.20812 0.26368 0.21678 0.30540 0.22964 0.21053 0.25439 0.18138 0.16096 0.16736 0.22302 0.28275 0.27674
  9   | 0.20668 0.26481 0.20812 0.26368 0.21678 0.30540 0.22964 0.21053 0.25439 0.18138 0.16096 0.16736 0.22302 0.28275 0.27674
------+------------------------------------------------------------------------------------------------------------------------
                                               
 
 
        Fishing Mortality (per year)
        ----------------------------
------+------------------------------------------------------------------------------------------------------------------------
AGE   |    1987    1988    1989    1990    1991    1992    1993    1994    1995    1996    1997    1998    1999    2000    2001
------+------------------------------------------------------------------------------------------------------------------------
  0   | 0.00601 0.00780 0.00820 0.00846 0.00774 0.00542 0.00840 0.00792 0.00539 0.00644 0.00732 0.00682 0.00820 0.00959 0.00884
  1   | 0.02281 0.02958 0.03081 0.03142 0.02846 0.02050 0.03180 0.02997 0.02039 0.02436 0.02771 0.02579 0.03105 0.03631 0.03346
  2   | 0.05024 0.06544 0.06806 0.06868 0.06152 0.04538 0.07039 0.06634 0.04512 0.05393 0.06133 0.05709 0.06873 0.08037 0.07407
  3   | 0.09814 0.12758 0.13316 0.13406 0.11882 0.08953 0.13887 0.13087 0.08902 0.10639 0.12099 0.11263 0.13559 0.15856 0.14612
  4   | 0.15822 0.19101 0.19855 0.20051 0.17729 0.13685 0.21226 0.20004 0.13607 0.16262 0.18494 0.17216 0.20724 0.24236 0.22335
  5   | 0.17780 0.22997 0.21811 0.21900 0.19443 0.15566 0.24143 0.22753 0.15477 0.18497 0.21035 0.19582 0.23573 0.27567 0.25405
  6   | 0.19762 0.25543 0.26346 0.23545 0.20771 0.17599 0.27297 0.25725 0.17498 0.20914 0.23784 0.22140 0.26652 0.31168 0.28723
  7   | 0.22107 0.28504 0.29319 0.29117 0.22116 0.20163 0.31273 0.29473 0.20047 0.23960 0.27248 0.25365 0.30534 0.35709 0.32907
  8   | 0.19965 0.25599 0.26199 0.25913 0.22515 0.18679 0.28972 0.27304 0.18572 0.22197 0.25243 0.23498 0.28287 0.33081 0.30485
  9   | 0.19965 0.25599 0.26199 0.25913 0.22515 0.18679 0.28972 0.27304 0.18572 0.22197 0.25243 0.23498 0.28287 0.33081 0.30485
------+------------------------------------------------------------------------------------------------------------------------
                                               
 
 
        Fishing Mortality (per year)
        ----------------------------
------+--------
AGE   |    2002
------+--------
  0   | 0.00756
  1   | 0.02860
  2   | 0.06330
  3   | 0.12487
  4   | 0.19087
  5   | 0.21710
  6   | 0.24546
  7   | 0.28121
  8   | 0.26052
  9   | 0.26052
------+--------
                                               
 
 
 
        Population Abundance (1 January)
        --------------------------------
------+------------------------------------------------------------------------------------------------------------------------
AGE   |    1972    1973    1974    1975    1976    1977    1978    1979    1980    1981    1982    1983    1984    1985    1986
------+------------------------------------------------------------------------------------------------------------------------
  0   |  576.25  513.21  358.41  518.83  226.95  367.16  520.84  569.91  589.06  352.58  510.54  216.01  253.28  614.30  671.01
  1   |  178.48  492.84  438.14  306.52  442.97  194.05  313.08  445.15  487.37  503.06  301.78  437.26  184.97  216.59  524.37
  2   |  427.05  149.96  411.30  368.08  255.86  371.80  161.20  262.37  373.87  407.23  423.93  254.92  369.10  155.14  180.67
  3   |  131.47  348.46  120.55  335.52  296.00  208.28  295.85  130.78  213.91  301.35  334.46  350.04  210.15  299.95  124.08
  4   |  270.21  101.88  262.16   93.35  252.60  228.21  153.54  226.64  101.16  161.82  236.52  265.25  276.74  161.50  223.36
  5   |  120.22  198.24   71.46  192.09   65.53  183.87  155.10  110.66  165.81   71.54  121.07  179.74  200.58  200.48  111.54
  6   |  117.35   86.41  135.44   51.29  131.32   46.68  121.21  109.23   79.26  114.35   52.58   90.57  133.66  142.08  134.65
  7   |   34.12   82.55   57.43   95.14   34.12   91.42   29.81   83.36   76.52   53.23   82.48   38.68   66.21   92.51   92.65
  8   |   40.72   23.39   53.07   39.31   61.25   23.13   56.17   19.92   56.89   49.76   37.53   59.48   27.69   44.59   58.26
  9   |   84.03   80.02   61.33   70.88   63.58   79.16   60.50   71.51   57.47   66.97   79.19   75.47   93.08   72.48   66.36
------+------------------------------------------------------------------------------------------------------------------------
       x 10 ^ 6                                
 
 
        Population Abundance (1 January)
        --------------------------------
------+------------------------------------------------------------------------------------------------------------------------
AGE   |    1987    1988    1989    1990    1991    1992    1993    1994    1995    1996    1997    1998    1999    2000    2001
------+------------------------------------------------------------------------------------------------------------------------
  0   |  866.56  553.17  499.99  463.58  459.83  202.60  392.37  456.12  202.59  333.75  202.59  420.52  438.24  413.12  558.69
  1   |  572.80  741.39  472.42  426.83  395.64  359.12  173.44  334.89  389.49  173.44  285.41  173.10  359.49  374.12  352.18
  2   |  437.49  481.90  619.52  394.27  356.01  293.64  302.83  144.61  279.73  328.47  145.68  238.95  145.19  299.96  310.52
  3   |  145.17  358.10  388.50  498.14  316.83  248.92  241.53  242.93  116.48  230.14  267.88  117.93  194.25  116.67  238.24
  4   |   92.56  113.27  271.30  292.70  374.96  203.55  195.90  180.93  183.44   91.71  178.09  204.29   90.69  145.99   85.69
  5   |  154.68   68.01   80.54  191.46  206.15  219.99  152.79  136.37  127.50  137.80   67.09  127.41  148.02   63.45   98.61
  6   |   75.18  111.45   46.51   55.74  132.38  113.86  162.05  103.30   93.49   94.00   98.58   46.79   90.16  100.65   41.45
  7   |   88.28   53.11   74.30   30.76   37.91   67.47   82.18  106.16   68.74   67.55   65.64   66.89   32.27   59.44   63.43
  8   |   58.71   60.91   34.37   47.70   19.79   17.46   47.46   51.74   68.05   48.42   45.75   43.02   44.67   20.47   35.80
  9   |   74.00   83.19   89.56   73.92   70.74   40.95   35.90   50.43   62.24   90.94   93.48   86.51   80.54   71.33   50.66
------+------------------------------------------------------------------------------------------------------------------------
       x 10 ^ 6                                
 
 
        Population Abundance (1 January)
        --------------------------------
------+----------------
AGE   |    2002    2003
------+----------------
  0   |  224.30  259.65
  1   |  476.64  191.60
  2   |  293.15  398.68
  3   |  248.19  236.84
  4   |  177.18  188.54
  5   |   58.99  126.00
  6   |   65.83   40.87
  7   |   26.77   44.33
  8   |   39.29   17.39
  9   |   49.53   58.91
------+----------------
       x 10 ^ 6                                
 
 
 
        Weighting factors for the catches in number
        -------------------------------------------
------+----------------------------------------------------------------------------------------
AGE   |    1992    1993    1994    1995    1996    1997    1998    1999    2000    2001    2002
------+----------------------------------------------------------------------------------------
  0   |  0.0200  0.0200  0.0200  0.0200  0.0200  0.0200  0.0200  0.0200  0.0200  0.0200  0.0200
  1   |  1.0000  1.0000  1.0000  1.0000  1.0000  1.0000  1.0000  1.0000  1.0000  1.0000  1.0000
  2   |  1.0000  1.0000  1.0000  1.0000  1.0000  1.0000  1.0000  1.0000  1.0000  1.0000  1.0000
  3   |  1.0000  1.0000  1.0000  1.0000  1.0000  1.0000  1.0000  1.0000  1.0000  1.0000  1.0000
  4   |  1.0000  1.0000  1.0000  1.0000  1.0000  1.0000  1.0000  1.0000  1.0000  1.0000  1.0000
  5   |  1.0000  1.0000  1.0000  1.0000  1.0000  1.0000  1.0000  1.0000  1.0000  1.0000  1.0000
  6   |  1.0000  1.0000  1.0000  1.0000  1.0000  1.0000  1.0000  1.0000  1.0000  1.0000  1.0000
  7   |  1.0000  1.0000  1.0000  1.0000  1.0000  1.0000  1.0000  1.0000  1.0000  1.0000  1.0000
  8   |  1.0000  1.0000  1.0000  1.0000  1.0000  1.0000  1.0000  1.0000  1.0000  1.0000  1.0000
------+----------------------------------------------------------------------------------------
                                               
 
 
 
 Predicted SSB Index Values                                                     
  
 ---------------------------
 
          INDEX
        -------
------+------------------------------------------------------------------------------------------------------------------------
      |    1972    1973    1974    1975    1976    1977    1978    1979    1980    1981    1982    1983    1984    1985    1986
------+------------------------------------------------------------------------------------------------------------------------
  1   | ******* ******* ******* ******* ******* ******* ******* ******* ******* ******* ******* ******* ******* ******* *******
------+------------------------------------------------------------------------------------------------------------------------
       x 10 ^ 3                                
 
 
          INDEX
        -------
------+------------------------------------------------------------------------------------------------------------------------
      |    1987    1988    1989    1990    1991    1992    1993    1994    1995    1996    1997    1998    1999    2000    2001
------+------------------------------------------------------------------------------------------------------------------------
  1   | *******  275.53  320.81  318.94  352.27  300.37  302.65  267.63  272.56  266.40  248.58  224.28  211.69  195.88  208.82
------+------------------------------------------------------------------------------------------------------------------------
       x 10 ^ 3                                
 
 
          INDEX
        -------
------+--------
      |    2002
------+--------
  1   |  212.54
------+--------
       x 10 ^ 3                                
 
 
 
 Predicted Age-Structured Index Values                                          
  
 --------------------------------------
 
        FLT01: Dummy survey Predicted
        -----------------------------
------+--------------------------------
AGE   |    1981    1982    1983    1984
------+--------------------------------
  1   |  116.98   70.27  101.78   42.90
  2   |  381.56  398.38  239.34  343.82
  3   |  434.66  485.18  506.92  299.63
  4   |  120.33  177.39  198.39  202.16
  5   |   57.97   99.07  146.60  159.28
  6   |   98.71   45.88   78.76  112.80
  7   |   57.58   90.34   42.20   69.84
  8   |   92.09   70.25  110.95   50.10
  9   |   41.50   49.62   47.12   56.37
------+--------------------------------
       x 10 ^ 3                                
 
 
 
        Fitted Selection Pattern
        ------------------------
------+------------------------------------------------------------------------------------------------------------------------
AGE   |    1972    1973    1974    1975    1976    1977    1978    1979    1980    1981    1982    1983    1984    1985    1986
------+------------------------------------------------------------------------------------------------------------------------
  0   |  0.0353  0.0353  0.0352  0.0350  0.0350  0.0350  0.0351  0.0352  0.0353  0.0353  0.0352  0.0350  0.0332  0.0334  0.0337
  1   |  0.1337  0.1336  0.1335  0.1330  0.1328  0.1329  0.1330  0.1334  0.1338  0.1338  0.1336  0.1331  0.1328  0.1265  0.1274
  2   |  0.2960  0.2957  0.2954  0.2950  0.2947  0.2944  0.2947  0.2951  0.2961  0.2965  0.2959  0.2951  0.2950  0.2960  0.2811
  3   |  0.5824  0.5826  0.5820  0.5811  0.5815  0.5809  0.5805  0.5815  0.5825  0.5837  0.5835  0.5814  0.5816  0.5839  0.5854
  4   |  0.8859  0.8860  0.8865  0.8848  0.8853  0.8857  0.8846  0.8848  0.8864  0.8866  0.8877  0.8858  0.8848  0.8877  0.8895
  5   |  1.0000  1.0000  1.0000  1.0000  1.0000  1.0000  1.0000  1.0000  1.0000  1.0000  1.0000  1.0000  1.0000  1.0000  1.0000
  6   |  1.1195  1.1188  1.1188  1.1180  1.1205  1.1192  1.1184  1.1208  1.1200  1.1177  1.1184  1.1168  1.1188  1.1191  1.1134
  7   |  1.2628  1.2629  1.2620  1.2609  1.2626  1.2638  1.2609  1.2636  1.2655  1.2622  1.2611  1.2604  1.2594  1.2601  1.2524
  8   |  1.1466  1.1464  1.1461  1.1446  1.1452  1.1451  1.1446  1.1462  1.1480  1.1477  1.1474  1.1451  1.1448  1.1400  1.1321
  9   |  1.1466  1.1464  1.1461  1.1446  1.1452  1.1451  1.1446  1.1462  1.1480  1.1477  1.1474  1.1451  1.1448  1.1400  1.1321
------+------------------------------------------------------------------------------------------------------------------------
                                               
 
 
        Fitted Selection Pattern
        ------------------------
------+------------------------------------------------------------------------------------------------------------------------
AGE   |    1987    1988    1989    1990    1991    1992    1993    1994    1995    1996    1997    1998    1999    2000    2001
------+------------------------------------------------------------------------------------------------------------------------
  0   |  0.0338  0.0339  0.0376  0.0386  0.0398  0.0348  0.0348  0.0348  0.0348  0.0348  0.0348  0.0348  0.0348  0.0348  0.0348
  1   |  0.1283  0.1286  0.1413  0.1435  0.1464  0.1317  0.1317  0.1317  0.1317  0.1317  0.1317  0.1317  0.1317  0.1317  0.1317
  2   |  0.2826  0.2845  0.3121  0.3136  0.3164  0.2916  0.2916  0.2916  0.2916  0.2916  0.2916  0.2916  0.2916  0.2916  0.2916
  3   |  0.5520  0.5548  0.6105  0.6122  0.6111  0.5752  0.5752  0.5752  0.5752  0.5752  0.5752  0.5752  0.5752  0.5752  0.5752
  4   |  0.8899  0.8306  0.9103  0.9156  0.9119  0.8792  0.8792  0.8792  0.8792  0.8792  0.8792  0.8792  0.8792  0.8792  0.8792
  5   |  1.0000  1.0000  1.0000  1.0000  1.0000  1.0000  1.0000  1.0000  1.0000  1.0000  1.0000  1.0000  1.0000  1.0000  1.0000
  6   |  1.1115  1.1107  1.2079  1.0751  1.0683  1.1306  1.1306  1.1306  1.1306  1.1306  1.1306  1.1306  1.1306  1.1306  1.1306
  7   |  1.2434  1.2395  1.3442  1.3295  1.1375  1.2953  1.2953  1.2953  1.2953  1.2953  1.2953  1.2953  1.2953  1.2953  1.2953
  8   |  1.1229  1.1131  1.2012  1.1832  1.1580  1.2000  1.2000  1.2000  1.2000  1.2000  1.2000  1.2000  1.2000  1.2000  1.2000
  9   |  1.1229  1.1131  1.2012  1.1832  1.1580  1.2000  1.2000  1.2000  1.2000  1.2000  1.2000  1.2000  1.2000  1.2000  1.2000
------+------------------------------------------------------------------------------------------------------------------------
                                               
 
 
        Fitted Selection Pattern
        ------------------------
------+--------
AGE   |    2002
------+--------
  0   |  0.0348
  1   |  0.1317
  2   |  0.2916
  3   |  0.5752
  4   |  0.8792
  5   |  1.0000
  6   |  1.1306
  7   |  1.2953
  8   |  1.2000
  9   |  1.2000
------+--------
                                               
 
 
 
 
 
                    STOCK SUMMARY                                             
 
 
 ³ Year ³  Recruits  ³  Total  ³ Spawning³ Landings ³ Yield ³ Mean F ³ SoP ³    
 ³      ³   Age   0  ³ Biomass ³ Biomass ³          ³ /SSB  ³  Ages  ³     ³ 
 ³      ³  thousands ³  tonnes ³ tonnes  ³ tonnes   ³ ratio ³  4- 7  ³ (%) ³ 
 
   1972       576250    413050    303380     60084   0.1980   0.1923    99
   1973       513200    419820    286087     70806   0.2475   0.2464    99
   1974       358400    405343    273366     53671   0.1963   0.1937   100
   1975       518820    394952    273270     62914   0.2302   0.2456    99
   1976       226950    393011    271555     52109   0.1919   0.2020    99
   1977       367160    369027    262842     71828   0.2733   0.2846   100
   1978       520840    351170    255553     50615   0.1981   0.2139    99
   1979       569910    354881    244808     45367   0.1853   0.1960    99
   1980       589060    373876    247114     60823   0.2461   0.2367    99
   1981       352580    390753    271176     45222   0.1668   0.1686    99
   1982       510530    380349    283586     44421   0.1566   0.1497   100
   1983       216000    414973    310382     47545   0.1532   0.1558    99
   1984       253270    426878    326275     65641   0.2012   0.2076    99
   1985       614300    404138    310554     89076   0.2868   0.2646   100
   1986       671000    358568    257136     78209   0.3042   0.2600    99
   1987       866560    355735    247312     54233   0.2193   0.1887    99
   1988       553160    409103    275531     72774   0.2641   0.2404    99
   1989       499980    460690    320812     79058   0.2464   0.2433   100
   1990       463570    435137    318943     85237   0.2672   0.2365    99
   1991       459820    466463    352272     79203   0.2248   0.2001    99
   1992       202600    401646    300372     54144   0.1803   0.1675    99
   1993       392360    400586    302654     80692   0.2666   0.2598    99
   1994       456120    356111    267629     75113   0.2807   0.2449   100
   1995       202590    363284    272562     48424   0.1777   0.1666    99
   1996       333740    343832    266396     54909   0.2061   0.1991   100
   1997       202580    327495    248580     58353   0.2347   0.2264    99
   1998       420520    290124    224284     50932   0.2271   0.2108   100
   1999       438240    293106    211685     58181   0.2748   0.2537   100
   2000       413120    284661    195875     62686   0.3200   0.2967   100
   2001       558690    298029    208820     56065   0.2685   0.2734   100
   2002       224300    308811    212540     50108   0.2358   0.2337    99
 
 -----------------------------------------------------------------            
 No of years for separable analysis : 11                                      
 Age range in the analysis : 0  . . . 9                                       
 Year range in the analysis : 1972  . . . 2002                                
 Number of indices of SSB : 1                                                 
 Number of age-structured indices : 1                                         
                                                                              
 Parameters to estimate : 46                                                  
 Number of observations : 150                                                 
                                                                              
 Conventional single selection vector model to be fitted.                     
                                                                              
                                                                              
                                                                              
 -----------------------------------------------------------------            
 
 
 PARAMETER ESTIMATES                                                            
  
 
 ³Parm.³      ³ Maximum ³    ³        ³         ³         ³         ³ Mean of ³ 
  
 ³ No. ³      ³ Likelh. ³ CV ³  Lower ³ Upper   ³  -s.e.  ³   +s.e. ³ Param.  ³ 
  
 ³     ³      ³ Estimate³ (%)³ 95% CL ³ 95% CL  ³         ³         ³ Distrib.³ 
  
 Separable model : F by year                                                    
  
    1   1992     0.1209   0    0.1209    0.1209    0.1209    0.1209    0.1209
    2   1993     0.1883   0    0.1883    0.1883    0.1883    0.1883    0.1883
    3   1994     0.1780   0    0.1780    0.1780    0.1780    0.1780    0.1780
    4   1995     0.1235   0    0.1235    0.1235    0.1235    0.1235    0.1235
    5   1996     0.1532   0    0.1532    0.1532    0.1532    0.1532    0.1532
    6   1997     0.1834   0    0.1834    0.1834    0.1834    0.1834    0.1834
    7   1998     0.1831   0    0.1831    0.1831    0.1831    0.1831    0.1831
    8   1999     0.2406   0    0.2406    0.2406    0.2406    0.2406    0.2406
    9   2000     0.3133   0    0.3133    0.3133    0.3133    0.3133    0.3133
   10   2001     0.3285   0    0.3285    0.3285    0.3285    0.3285    0.3285
   11   2002     0.3243   0    0.3243    0.3243    0.3243    0.3243    0.3243
 
 Separable Model: Selection (S) by age                                          
  
   12      0     0.0488   0    0.0488    0.0488    0.0488    0.0488    0.0488
   13      1     0.1644   0    0.1644    0.1644    0.1644    0.1644    0.1644
   14      2     0.3325   0    0.3325    0.3325    0.3325    0.3325    0.3325
   15      3     0.6156   0    0.6156    0.6156    0.6156    0.6156    0.6156
   16      4     0.9025   0    0.9025    0.9025    0.9025    0.9025    0.9025
           5     1.0000     Fixed : Reference Age             
   17      6     1.1169   0    1.1169    1.1169    1.1169    1.1169    1.1169
   18      7     1.1926   0    1.1926    1.1926    1.1926    1.1926    1.1926
           8     1.2000     Fixed : Last true age             
 
 Separable model: Populations in year 2002                                    
   19      0     107477   0     107477    107477    107477    107477    107477
   20      1     260350   0     260350    260350    260350    260350    260350
   21      2     178428   0     178428    178428    178428    178428    178428
   22      3     164650   0     164650    164650    164650    164650    164650
   23      4     124958   0     124958    124958    124958    124958    124958
   24      5      43507   0      43507     43507     43507     43507     43507
   25      6      50995   0      50995     50995     50995     50995     50995
   26      7      21900   0      21900     21900     21900     21900     21900
   27      8      34744   0      34744     34744     34744     34744     34744
 
Separable model: Populations at age
   28   1992      26155   0      26155     26155     26155     26155     26155
   29   1993      69060   0      69060     69060     69060     69060     69060
   30   1994      75578   0      75578     75578     75578     75578     75578
   31   1995     100073   0     100073    100073    100073    100073    100073
   32   1996      69556   0      69556     69556     69556     69556     69556
   33   1997      64228   0      64228     64228     64228     64228     64228
   34   1998      58155   0      58155     58155     58155     58155     58155
   35   1999      56398   0      56398     56398     56398     56398     56398
   36   2000      23577   0      23577     23577     23577     23577     23577
   37   2001      36938   0      36938     36938     36938     36938     36938
 
 SSB Index catchabilities                                                       
  
   INDEX                                 
 Absolute estimator. No fitted catchability.                                    
  
 
 
 
 Age-structured index catchabilities                                            
  
                                        FLT01: Dummy survey                     
 
 Linear model fitted. Slopes at age :                                           
  
   38   1  Q  .2555       0 .2555     .2555     .2555     .2555     .2555    
   39   2  Q  1.044       0 1.044     1.044     1.044     1.044     1.044    
   40   3  Q  1.648       0 1.648     1.648     1.648     1.648     1.648    
   41   4  Q  .8722       0 .8722     .8722     .8722     .8722     .8722    
   42   5  Q  .9599       0 .9599     .9599     .9599     .9599     .9599    
   43   6  Q  1.033       0 1.033     1.033     1.033     1.033     1.033    
   44   7  Q  1.311       0 1.311     1.311     1.311     1.311     1.311    
   45   8  Q  2.221       0 2.221     2.221     2.221     2.221     2.221    
   46   9  Q  .7506       0 .7506     .7506     .7506     .7506     .7506    
 
 
 
 RESIDUALS ABOUT THE MODEL FIT                                                  
  
 ------------------------------
 
        Separable Model Residuals
        -------------------------
------+----------------------------------------------------------------------------------------
Age   |    1992    1993    1994    1995    1996    1997    1998    1999    2000    2001    2002
------+----------------------------------------------------------------------------------------
  0   | ******* ******* ******* ******* ******* ******* ******* ******* ******* ******* *******
  1   | ******* ******* ******* ******* ******* ******* ******* ******* ******* ******* *******
  2   | ******* ******* ******* ******* ******* ******* ******* ******* ******* ******* *******
  3   | ******* ******* ******* ******* ******* ******* ******* ******* ******* ******* *******
  4   | ******* ******* ******* ******* ******* ******* ******* ******* ******* ******* *******
  5   | ******* ******* ******* ******* ******* ******* ******* ******* ******* ******* *******
  6   | ******* ******* ******* ******* ******* ******* ******* ******* ******* ******* *******
  7   | ******* ******* ******* ******* ******* ******* ******* ******* ******* ******* *******
  8   | ******* ******* ******* ******* ******* ******* ******* ******* ******* ******* *******
------+----------------------------------------------------------------------------------------
                                               
 
 
 
 SPAWNING BIOMASS INDEX RESIDUALS                                               
  
 ---------------------------------
 
          INDEX
        -------
------+------------------------------------------------------------------------------------------------------------------------
      |    1972    1973    1974    1975    1976    1977    1978    1979    1980    1981    1982    1983    1984    1985    1986
------+------------------------------------------------------------------------------------------------------------------------
  1   | ******* ******* ******* ******* ******* ******* ******* ******* ******* ******* ******* ******* ******* ******* *******
------+------------------------------------------------------------------------------------------------------------------------
                                               
 
 
          INDEX
        -------
------+------------------------------------------------------------------------------------------------------------------------
      |    1987    1988    1989    1990    1991    1992    1993    1994    1995    1996    1997    1998    1999    2000    2001
------+------------------------------------------------------------------------------------------------------------------------
  1   | ******* -0.1483 -0.1663 -0.1875 -0.2086  0.0000  0.0000  0.0000 -0.0001 -0.0001 -0.0001 -0.0001 -0.0002 -0.0002 -0.0001
------+------------------------------------------------------------------------------------------------------------------------
                                               
 
 
          INDEX
        -------
------+--------
      |    2002
------+--------
  1   |  0.0001
------+--------
                                               
 
 
 
 AGE-STRUCTURED INDEX RESIDUALS                                                 
  
 -------------------------------
 
        FLT01: Dummy survey
        -------------------
------+--------------------------------
Age   |    1981    1982    1983    1984
------+--------------------------------
  1   |   0.822   1.061  -0.848  -1.035
  2   |   0.283   0.090   1.091  -1.464
  3   |  -0.658  -0.003  -0.131   0.792
  4   |  -1.334   0.037   0.680   0.617
  5   |   1.104  -1.389  -0.117   0.402
  6   |   0.474   1.091  -1.361  -0.204
  7   |   0.547   0.184   0.772  -1.503
  8   |   0.236   0.185  -0.448   0.027
  9   |  -0.162   0.562  -0.001  -0.361
------+--------------------------------
                                               
 
 
 
 
 
 
 PARAMETERS OF THE DISTRIBUTION OF ln(CATCHES AT AGE)                           
  
 -----------------------------------------------------
 
 Separable model fitted from 1992  to 2002                                    
 Variance                             0.0000
Skewness test stat.                   6.0111
Kurtosis test statistic               4.0023
Partial chi-square                    0.0000
Significance in fit                   0.0000
Degrees of freedom                        62
 
 
 PARAMETERS OF DISTRIBUTIONS OF THE SSB INDICES                                 
  
 -----------------------------------------------
 
 
   DISTRIBUTION STATISTICS FOR   INDEX                                          
 
 
 Index used as absolute measure of abundance                                    
  
 Last age is a plus-group                                                       
  
 
 Variance                             0.0428
Skewness test stat.                  -3.1347
Kurtosis test statistic               0.7812
Partial chi-square                    0.0506
Significance in fit                   0.0000
Number of observations                    15
Degrees of freedom                        15
Weight in the analysis                5.0000
 
 PARAMETERS OF THE DISTRIBUTION OF THE AGE-STRUCTURED INDICES                   
  
 ------------------------------------------------------------ 
 
 
   DISTRIBUTION STATISTICS FOR FLT01: Dummy survey                              
 
 
 Linear catchability relationship assumed                                       
  
 
 Age                          1         2         3         4         5         6         7         8         9
 Variance                0.0013    0.0013    0.0004    0.0010    0.0012    0.0012    0.0012    0.0001    0.0002
Skewness test stat.      0.0075   -0.4685    0.3070   -0.7011   -0.3429   -0.3049   -0.7934   -0.7313    0.6322
Kurtosis test statisti  -0.7958   -0.3856   -0.4070   -0.3885   -0.4510   -0.4938   -0.3332   -0.3675   -0.3663
Partial chi-square       0.0004    0.0003    0.0001    0.0002    0.0003    0.0003    0.0003    0.0000    0.0000
Significance in fit      0.0000    0.0000    0.0000    0.0000    0.0000    0.0000    0.0000    0.0000    0.0000
Number of observations        4         4         4         4         4         4         4         4         4
Degrees of freedom            3         3         3         3         3         3         3         3         3
Weight in the analysis   0.0011    0.0011    0.0011    0.0011    0.0011    0.0011    0.0011    0.0011    0.0011
 
 ANALYSIS OF VARIANCE                   
--------------------------
 
 Unweighted Statistics                                                          
  
 
                                                                                
  
Variance                              
                                       SSQ     Data    Parameters d.f. Variance
Total for model                        21.4246     150         46  104   0.2060
Catches at age                          0.0000      99         37   62   0.0000
  
SSB Indices                           
  INDEX                                 0.1283      15          0   15   0.0086
  
 Aged Indices                                                                   
  
FLT01: Dummy survey                    21.2963      36          9   27   0.7888
 
 
 Weighted Statistics                                                            
  
 
                                                                                
  
Variance                              
                                       SSQ     Data    Parameters d.f. Variance
Total for model                         3.2078     150         46  104   0.0308
Catches at age                          0.0000      99         37   62   0.0000
  
SSB Indices                           
  INDEX                                 3.2078      15          0   15   0.2139
  
 Aged Indices                                                                   
  
FLT01: Dummy survey                     0.0000      36          9   27   0.0000
 
