 Output Generated by ICA Version 1.4                                            
  
 ------------------------------------
 
        Mackerel NE Atlantic  WG2003
        ----------------------------
 
        Catch in Number
        ---------------
------+------------------------------------------------------------------------------------------------------------------------
AGE   |    1972    1973    1974    1975    1976    1977    1978    1979    1980    1981    1982    1983    1984    1985    1986
------+------------------------------------------------------------------------------------------------------------------------
  0   |   3333.   4638.   3477.   2244.   2874.   6326.   3839.   2540.   2114.   5226.   6234.   5745.   4728.   1785.   1706.
  1   |   9609.  16708.  11158.   9342.   7108.  13560.  15767.  12834.   6046.  11886.  15473.  18343.  22377.  13382.   5446.
  2   |   6873.  27322.  22805.  17110.  16919.  19061.  19213.  30027.  17469.  19318.  19908.  25819.  40397.  35805.  23132.
  3   |  11526.  16521.  31553.  29897.  26577.  38489.  22926.  31171.  35050.  47327.  27235.  28082.  47813.  54351.  52260.
  4   |  30922.  20084.  13752.  30276.  34178.  43995.  33534.  27142.  26721.  69142.  47856.  27714.  37358.  46051.  57157.
  5   |  16250.  38348.  11744.   9394.  24784.  40344.  27045.  28261.  16589.  37672.  49057.  34319.  25994.  25193.  34112.
  6   |  14846.  19476.  21610.   7784.   7479.  28317.  23953.  22086.  16783.  22646.  25707.  33920.  30983.  16846.  17984.
  7   |  16169.  17427.  10724.  14102.   6117.   8386.  16468.  19227.  12936.  22488.  15061.  17373.  29863.  19550.  11746.
  8   |   8961.  15294.   7637.   5598.   8892.   5524.   3888.  10599.   9001.  13993.  11933.   8129.  12265.  15017.  10891.
  9   |  12569.  21506.  16822.  12761.  11443.  18295.  10650.   9159.   9406.  19793.  18946.  17669.  18215.  15251.  17202.
------+------------------------------------------------------------------------------------------------------------------------
       x 10 ^ 3                                
 
 
        Catch in Number
        ---------------
------+------------------------------------------------------------------------------------------------------------------------
AGE   |    1987    1988    1989    1990    1991    1992    1993    1994    1995    1996    1997    1998    1999    2000    2001
------+------------------------------------------------------------------------------------------------------------------------
  0   |   1865.   4183.   3294.   5131.   4205.   1770.   3220.   1759.   2433.   2972.   2965.   5553.   3095.   1383.   4312.
  1   |   3896.   7560.  11510.  15903.  15496.  12154.   5063.  12641.   4017.   7499.   8754.  16666.  16433.   7542.   5612.
  2   |   7089.   9002.  11859.  31498.  27120.  25361.  19744.  11261.  16413.   7070.  12633.  27881.  27813.  22722.  17345.
  3   |  25687.  13969.  12047.  27403.  45077.  37420.  34930.  37061.  12415.  24710.  10216.  33966.  38962.  32547.  44127.
  4   |  42300.  37044.  13646.  20140.  28020.  44698.  37315.  47322.  29583.  13706.  26269.  19891.  33809.  32881.  45669.
  5   |  32774.  43603.  25717.  16210.  14412.  19518.  31488.  35767.  26615.  23317.  10424.  36424.  13818.  20054.  32683.
  6   |  18942.  32777.  29335.  29497.  11137.   9663.  13278.  29111.  19425.  20370.  17244.  13963.  24263.   7901.  19235.
  7   |   9813.  18646.  21682.  32924.  19714.   7285.   6437.  11999.  15483.  14650.  14870.  22611.   9033.  13560.   7412.
  8   |   5110.   7767.   9864.  19596.  17550.  10288.   3877.   4668.   5081.   9360.   8572.  15736.  11655.   4019.  10214.
  9   |  12495.  14315.  11779.  19186.  21168.  21286.  17513.  15442.   7926.   7161.   9613.  20268.  19759.  14632.  13776.
------+------------------------------------------------------------------------------------------------------------------------
       x 10 ^ 3                                
 
 
        Catch in Number
        ---------------
------+--------
AGE   |    2002
------+--------
  0   |   1385.
  1   |   9813.
  2   |   7261.
  3   |  19058.
  4   |  35112.
  5   |  25606.
  6   |  17696.
  7   |  10201.
  8   |   3129.
  9   |  10054.
------+--------
       x 10 ^ 3                                
 
 
 
        Predicted Catch in Number
        -------------------------
------+----------------------------------------------------------------------------------------
AGE   |    1992    1993    1994    1995    1996    1997    1998    1999    2000    2001    2002
------+----------------------------------------------------------------------------------------
  0   |   1770.   3220.   1759.   2433.   2972.   2965.   5554.   3095.   1383.   4311.   1385.
  1   |  12155.   5063.  12641.   4017.   7499.   8753.  16664.  16435.   7542.   5612.   9813.
  2   |  25362.  19746.  11262.  16412.   7070.  12632.  27878.  27808.  22724.  17341.   7262.
  3   |  37421.  34931.  37063.  12415.  24709.  10215.  33962.  38956.  32540.  44125.  19057.
  4   |  44701.  37317.  47324.  29586.  13707.  26269.  19890.  33805.  32877.  45657.  35118.
  5   |  19520.  31490.  35768.  26616.  23319.  10424.  36423.  13816.  20052.  32675.  25604.
  6   |   9664.  13279.  29111.  19425.  20370.  17245.  13963.  24261.   7900.  19230.  17694.
  7   |   7285.   6437.  11999.  15483.  14649.  14869.  22611.   9033.  13558.   7410.  10200.
  8   |  10287.   3877.   4668.   5081.   9360.   8572.  15736.  11656.   4019.  10212.   3129.
------+----------------------------------------------------------------------------------------
       x 10 ^ 3                                
 
 
 
        Weights at age in the catches (Kg)
        ----------------------------------
------+------------------------------------------------------------------------------------------------------------------------
AGE   |    1972    1973    1974    1975    1976    1977    1978    1979    1980    1981    1982    1983    1984    1985    1986
------+------------------------------------------------------------------------------------------------------------------------
  0   | 0.05200 0.05000 0.05100 0.05000 0.05900 0.05600 0.03600 0.01600 0.05700 0.06000 0.05300 0.05000 0.03100 0.05500 0.03900
  1   | 0.13500 0.14500 0.13600 0.14800 0.13700 0.13600 0.13500 0.13700 0.13100 0.13200 0.13100 0.16800 0.10200 0.14400 0.14600
  2   | 0.27700 0.19400 0.22900 0.17700 0.20700 0.16900 0.16100 0.16100 0.24900 0.24800 0.24900 0.21900 0.18400 0.26200 0.24500
  3   | 0.34100 0.28500 0.26100 0.25900 0.26300 0.27500 0.25000 0.24300 0.28500 0.28700 0.28500 0.27600 0.29500 0.35700 0.33500
  4   | 0.42300 0.36800 0.33400 0.32300 0.32000 0.33300 0.32500 0.31800 0.34500 0.34400 0.34500 0.31000 0.32600 0.41800 0.42300
  5   | 0.46800 0.44800 0.39200 0.34800 0.34600 0.35200 0.34500 0.34800 0.37800 0.37700 0.37800 0.38600 0.34400 0.41700 0.47100
  6   | 0.46800 0.46800 0.48100 0.43000 0.40600 0.40700 0.40300 0.40100 0.45400 0.45400 0.45400 0.42500 0.43100 0.43600 0.44400
  7   | 0.50800 0.50800 0.50800 0.48800 0.44300 0.44600 0.42100 0.41600 0.49800 0.49900 0.49600 0.43500 0.54200 0.52100 0.45700
  8   | 0.53900 0.53900 0.53900 0.53900 0.51800 0.54600 0.51800 0.50600 0.52000 0.51300 0.51300 0.49800 0.48000 0.55500 0.54300
  9   | 0.59415 0.59897 0.60094 0.60480 0.60737 0.58430 0.56728 0.54387 0.55830 0.55785 0.56024 0.58308 0.61470 0.62085 0.60457
------+------------------------------------------------------------------------------------------------------------------------
                                               
 
 
        Weights at age in the catches (Kg)
        ----------------------------------
------+------------------------------------------------------------------------------------------------------------------------
AGE   |    1987    1988    1989    1990    1991    1992    1993    1994    1995    1996    1997    1998    1999    2000    2001
------+------------------------------------------------------------------------------------------------------------------------
  0   | 0.07600 0.05500 0.04900 0.08500 0.06800 0.05100 0.06100 0.04600 0.07200 0.05800 0.07600 0.06500 0.06200 0.06300 0.06900
  1   | 0.17900 0.13300 0.13600 0.15600 0.15600 0.16700 0.13400 0.13600 0.14300 0.14300 0.14300 0.15700 0.17600 0.13500 0.17100
  2   | 0.22300 0.25900 0.23700 0.23300 0.25300 0.23900 0.24000 0.25500 0.23400 0.22600 0.23000 0.22700 0.23600 0.22900 0.22300
  3   | 0.31800 0.32300 0.32000 0.33600 0.32700 0.33300 0.31700 0.33900 0.33300 0.31300 0.29500 0.31000 0.30700 0.30800 0.30700
  4   | 0.39900 0.38800 0.37700 0.37900 0.39400 0.39700 0.37600 0.39000 0.39000 0.37700 0.35900 0.35400 0.36100 0.36700 0.37800
  5   | 0.47400 0.45600 0.43300 0.42300 0.42300 0.46000 0.43600 0.44800 0.45200 0.42500 0.41500 0.40800 0.40600 0.42900 0.42600
  6   | 0.51200 0.52400 0.45600 0.46700 0.46900 0.49500 0.48300 0.51200 0.50100 0.48400 0.45300 0.45200 0.45400 0.46700 0.47700
  7   | 0.49300 0.55500 0.54300 0.52800 0.50600 0.53200 0.52700 0.54300 0.53900 0.51800 0.48100 0.46200 0.50100 0.50400 0.49900
  8   | 0.49800 0.55500 0.59200 0.55200 0.55400 0.55500 0.54800 0.59000 0.57700 0.55100 0.52400 0.51800 0.53700 0.53700 0.54300
  9   | 0.61850 0.61010 0.62361 0.61821 0.62636 0.62864 0.61125 0.65029 0.62749 0.60253 0.56709 0.56697 0.59034 0.59059 0.61190
------+------------------------------------------------------------------------------------------------------------------------
                                               
 
 
        Weights at age in the catches (Kg)
        ----------------------------------
------+--------
AGE   |    2002
------+--------
  0   | 0.05200
  1   | 0.15900
  2   | 0.25500
  3   | 0.30700
  4   | 0.36900
  5   | 0.42600
  6   | 0.46400
  7   | 0.51400
  8   | 0.53900
  9   | 0.61080
------+--------
                                               
 
 
 
        Weights at age in the stock (Kg)
        --------------------------------
------+------------------------------------------------------------------------------------------------------------------------
AGE   |    1972    1973    1974    1975    1976    1977    1978    1979    1980    1981    1982    1983    1984    1985    1986
------+------------------------------------------------------------------------------------------------------------------------
  0   | 0.00800 0.00800 0.00800 0.00800 0.00800 0.00800 0.00800 0.00800 0.00800 0.00800 0.00800 0.00800 0.00000 0.00000 0.00000
  1   | 0.13200 0.13200 0.13000 0.12900 0.12800 0.12700 0.11100 0.11000 0.10900 0.08700 0.08600 0.08600 0.08100 0.08500 0.07700
  2   | 0.17800 0.17700 0.17300 0.17100 0.17000 0.16700 0.17500 0.17400 0.17300 0.18600 0.13500 0.17200 0.19400 0.16500 0.17900
  3   | 0.24300 0.24200 0.23800 0.23600 0.23600 0.23300 0.23800 0.23700 0.23600 0.25200 0.22100 0.23500 0.25300 0.29300 0.26700
  4   | 0.41100 0.30100 0.29600 0.29400 0.29300 0.28900 0.30000 0.29900 0.29700 0.31300 0.28000 0.28000 0.29500 0.30600 0.30400
  5   | 0.35500 0.43800 0.32200 0.31800 0.31800 0.31300 0.34600 0.34500 0.34300 0.32300 0.38500 0.33900 0.32400 0.34100 0.35600
  6   | 0.39800 0.39800 0.46900 0.36500 0.36500 0.36100 0.38200 0.38000 0.37900 0.37800 0.35300 0.37700 0.39300 0.38400 0.35100
  7   | 0.43300 0.43300 0.43300 0.49700 0.41900 0.41600 0.41000 0.40800 0.40700 0.41900 0.40800 0.40400 0.43600 0.43000 0.41600
  8   | 0.45900 0.45900 0.45900 0.45900 0.51200 0.44600 0.43200 0.43000 0.42900 0.43400 0.43700 0.43900 0.44100 0.45900 0.47300
  9   | 0.50866 0.51368 0.51527 0.51919 0.52197 0.53610 0.51137 0.50213 0.47441 0.45811 0.47679 0.51297 0.50847 0.52902 0.46961
------+------------------------------------------------------------------------------------------------------------------------
                                               
 
 
        Weights at age in the stock (Kg)
        --------------------------------
------+------------------------------------------------------------------------------------------------------------------------
AGE   |    1987    1988    1989    1990    1991    1992    1993    1994    1995    1996    1997    1998    1999    2000    2001
------+------------------------------------------------------------------------------------------------------------------------
  0   | 0.00000 0.00000 0.00000 0.00000 0.00000 0.00000 0.00000 0.00000 0.00000 0.00000 0.00000 0.00000 0.00000 0.00000 0.00000
  1   | 0.07800 0.07200 0.07600 0.07400 0.07500 0.07800 0.07800 0.07900 0.08100 0.07600 0.07600 0.07700 0.08100 0.07400 0.07800
  2   | 0.14800 0.15600 0.17700 0.13800 0.15500 0.21200 0.19700 0.17800 0.16400 0.13300 0.18600 0.14900 0.19400 0.18500 0.16400
  3   | 0.24000 0.23700 0.24400 0.22200 0.23000 0.25900 0.26800 0.23700 0.26700 0.25100 0.22800 0.22300 0.24200 0.23500 0.24100
  4   | 0.28600 0.30100 0.30600 0.28700 0.30700 0.31000 0.31500 0.30100 0.32600 0.31700 0.29600 0.28500 0.30100 0.28900 0.34200
  5   | 0.37400 0.32900 0.35200 0.33900 0.35700 0.36200 0.36000 0.36100 0.39800 0.36600 0.36100 0.34200 0.35300 0.35000 0.39000
  6   | 0.38600 0.42300 0.38000 0.37300 0.40900 0.40200 0.41600 0.41300 0.44800 0.44400 0.40200 0.40000 0.39600 0.39000 0.44600
  7   | 0.41100 0.44500 0.42900 0.41400 0.43200 0.42400 0.45400 0.46600 0.49100 0.46200 0.44500 0.42600 0.42300 0.42600 0.45900
  8   | 0.42900 0.43200 0.47400 0.40900 0.50200 0.46200 0.46500 0.47000 0.50800 0.50100 0.47800 0.46600 0.44000 0.44700 0.49900
  9   | 0.49141 0.53192 0.49595 0.47816 0.55442 0.51431 0.52496 0.56067 0.58562 0.58617 0.52834 0.52466 0.49037 0.50346 0.57334
------+------------------------------------------------------------------------------------------------------------------------
                                               
 
 
        Weights at age in the stock (Kg)
        --------------------------------
------+--------
AGE   |    2002
------+--------
  0   | 0.00000
  1   | 0.07800
  2   | 0.18100
  3   | 0.23900
  4   | 0.31100
  5   | 0.36400
  6   | 0.41100
  7   | 0.43600
  8   | 0.46200
  9   | 0.52108
------+--------
                                               
 
 
 
        Natural Mortality (per year)
        ----------------------------
------+------------------------------------------------------------------------------------------------------------------------
AGE   |    1972    1973    1974    1975    1976    1977    1978    1979    1980    1981    1982    1983    1984    1985    1986
------+------------------------------------------------------------------------------------------------------------------------
  0   | 0.15000 0.15000 0.15000 0.15000 0.15000 0.15000 0.15000 0.15000 0.15000 0.15000 0.15000 0.15000 0.15000 0.15000 0.15000
  1   | 0.15000 0.15000 0.15000 0.15000 0.15000 0.15000 0.15000 0.15000 0.15000 0.15000 0.15000 0.15000 0.15000 0.15000 0.15000
  2   | 0.15000 0.15000 0.15000 0.15000 0.15000 0.15000 0.15000 0.15000 0.15000 0.15000 0.15000 0.15000 0.15000 0.15000 0.15000
  3   | 0.15000 0.15000 0.15000 0.15000 0.15000 0.15000 0.15000 0.15000 0.15000 0.15000 0.15000 0.15000 0.15000 0.15000 0.15000
  4   | 0.15000 0.15000 0.15000 0.15000 0.15000 0.15000 0.15000 0.15000 0.15000 0.15000 0.15000 0.15000 0.15000 0.15000 0.15000
  5   | 0.15000 0.15000 0.15000 0.15000 0.15000 0.15000 0.15000 0.15000 0.15000 0.15000 0.15000 0.15000 0.15000 0.15000 0.15000
  6   | 0.15000 0.15000 0.15000 0.15000 0.15000 0.15000 0.15000 0.15000 0.15000 0.15000 0.15000 0.15000 0.15000 0.15000 0.15000
  7   | 0.15000 0.15000 0.15000 0.15000 0.15000 0.15000 0.15000 0.15000 0.15000 0.15000 0.15000 0.15000 0.15000 0.15000 0.15000
  8   | 0.15000 0.15000 0.15000 0.15000 0.15000 0.15000 0.15000 0.15000 0.15000 0.15000 0.15000 0.15000 0.15000 0.15000 0.15000
  9   | 0.15000 0.15000 0.15000 0.15000 0.15000 0.15000 0.15000 0.15000 0.15000 0.15000 0.15000 0.15000 0.15000 0.15000 0.15000
------+------------------------------------------------------------------------------------------------------------------------
                                               
 
 
        Natural Mortality (per year)
        ----------------------------
------+------------------------------------------------------------------------------------------------------------------------
AGE   |    1987    1988    1989    1990    1991    1992    1993    1994    1995    1996    1997    1998    1999    2000    2001
------+------------------------------------------------------------------------------------------------------------------------
  0   | 0.15000 0.15000 0.15000 0.15000 0.15000 0.15000 0.15000 0.15000 0.15000 0.15000 0.15000 0.15000 0.15000 0.15000 0.15000
  1   | 0.15000 0.15000 0.15000 0.15000 0.15000 0.15000 0.15000 0.15000 0.15000 0.15000 0.15000 0.15000 0.15000 0.15000 0.15000
  2   | 0.15000 0.15000 0.15000 0.15000 0.15000 0.15000 0.15000 0.15000 0.15000 0.15000 0.15000 0.15000 0.15000 0.15000 0.15000
  3   | 0.15000 0.15000 0.15000 0.15000 0.15000 0.15000 0.15000 0.15000 0.15000 0.15000 0.15000 0.15000 0.15000 0.15000 0.15000
  4   | 0.15000 0.15000 0.15000 0.15000 0.15000 0.15000 0.15000 0.15000 0.15000 0.15000 0.15000 0.15000 0.15000 0.15000 0.15000
  5   | 0.15000 0.15000 0.15000 0.15000 0.15000 0.15000 0.15000 0.15000 0.15000 0.15000 0.15000 0.15000 0.15000 0.15000 0.15000
  6   | 0.15000 0.15000 0.15000 0.15000 0.15000 0.15000 0.15000 0.15000 0.15000 0.15000 0.15000 0.15000 0.15000 0.15000 0.15000
  7   | 0.15000 0.15000 0.15000 0.15000 0.15000 0.15000 0.15000 0.15000 0.15000 0.15000 0.15000 0.15000 0.15000 0.15000 0.15000
  8   | 0.15000 0.15000 0.15000 0.15000 0.15000 0.15000 0.15000 0.15000 0.15000 0.15000 0.15000 0.15000 0.15000 0.15000 0.15000
  9   | 0.15000 0.15000 0.15000 0.15000 0.15000 0.15000 0.15000 0.15000 0.15000 0.15000 0.15000 0.15000 0.15000 0.15000 0.15000
------+------------------------------------------------------------------------------------------------------------------------
                                               
 
 
        Natural Mortality (per year)
        ----------------------------
------+--------
AGE   |    2002
------+--------
  0   | 0.15000
  1   | 0.15000
  2   | 0.15000
  3   | 0.15000
  4   | 0.15000
  5   | 0.15000
  6   | 0.15000
  7   | 0.15000
  8   | 0.15000
  9   | 0.15000
------+--------
                                               
 
 
 
        Proportion of fish spawning
        ---------------------------
------+------------------------------------------------------------------------------------------------------------------------
AGE   |    1972    1973    1974    1975    1976    1977    1978    1979    1980    1981    1982    1983    1984    1985    1986
------+------------------------------------------------------------------------------------------------------------------------
  0   |  0.0000  0.0000  0.0000  0.0000  0.0000  0.0000  0.0000  0.0000  0.0000  0.0000  0.0000  0.0000  0.0000  0.0000  0.0000
  1   |  0.0500  0.0500  0.0500  0.0600  0.0600  0.0600  0.0600  0.0600  0.0600  0.0700  0.0700  0.0700  0.0700  0.0700  0.0700
  2   |  0.5300  0.5400  0.5400  0.5500  0.5500  0.5500  0.5600  0.5600  0.5700  0.5700  0.5700  0.5800  0.5800  0.5800  0.5800
  3   |  0.9000  0.9000  0.9000  0.8900  0.8900  0.8900  0.8900  0.8900  0.8900  0.8800  0.8800  0.8800  0.8800  0.8800  0.8800
  4   |  0.9800  0.9800  0.9800  0.9800  0.9800  0.9800  0.9800  0.9800  0.9800  0.9800  0.9800  0.9800  0.9700  0.9700  0.9700
  5   |  0.9800  0.9800  0.9800  0.9800  0.9800  0.9800  0.9800  0.9800  0.9800  0.9800  0.9800  0.9800  0.9700  0.9700  0.9700
  6   |  0.9900  0.9900  0.9900  0.9900  0.9900  0.9900  0.9900  0.9900  0.9900  0.9900  0.9900  0.9900  0.9900  0.9900  0.9900
  7   |  1.0000  1.0000  1.0000  1.0000  1.0000  1.0000  1.0000  1.0000  1.0000  1.0000  1.0000  1.0000  1.0000  1.0000  1.0000
  8   |  1.0000  1.0000  1.0000  1.0000  1.0000  1.0000  1.0000  1.0000  1.0000  1.0000  1.0000  1.0000  1.0000  1.0000  1.0000
  9   |  1.0000  1.0000  1.0000  1.0000  1.0000  1.0000  1.0000  1.0000  1.0000  1.0000  1.0000  1.0000  1.0000  1.0000  1.0000
------+------------------------------------------------------------------------------------------------------------------------
                                               
 
 
        Proportion of fish spawning
        ---------------------------
------+------------------------------------------------------------------------------------------------------------------------
AGE   |    1987    1988    1989    1990    1991    1992    1993    1994    1995    1996    1997    1998    1999    2000    2001
------+------------------------------------------------------------------------------------------------------------------------
  0   |  0.0000  0.0000  0.0000  0.0000  0.0000  0.0000  0.0000  0.0000  0.0000  0.0000  0.0000  0.0000  0.0000  0.0000  0.0000
  1   |  0.0700  0.0700  0.0700  0.0700  0.0700  0.0700  0.0700  0.0700  0.0700  0.0700  0.0700  0.0700  0.0700  0.0700  0.0700
  2   |  0.5800  0.5800  0.5800  0.5800  0.5800  0.5800  0.5800  0.5800  0.5800  0.5800  0.5800  0.5800  0.5800  0.5800  0.5900
  3   |  0.8800  0.8800  0.8800  0.8800  0.8800  0.8800  0.8800  0.8800  0.8800  0.8800  0.8800  0.8600  0.8600  0.8600  0.8800
  4   |  0.9700  0.9700  0.9700  0.9700  0.9700  0.9700  0.9700  0.9700  0.9700  0.9700  0.9700  0.9800  0.9800  0.9800  0.9700
  5   |  0.9700  0.9700  0.9700  0.9700  0.9700  0.9700  0.9700  0.9700  0.9700  0.9700  0.9700  0.9800  0.9800  0.9800  0.9700
  6   |  0.9900  0.9900  0.9900  0.9900  0.9900  0.9900  0.9900  0.9900  0.9900  0.9900  0.9900  0.9900  0.9900  0.9900  0.9900
  7   |  1.0000  1.0000  1.0000  1.0000  1.0000  1.0000  1.0000  1.0000  1.0000  1.0000  1.0000  1.0000  1.0000  1.0000  1.0000
  8   |  1.0000  1.0000  1.0000  1.0000  1.0000  1.0000  1.0000  1.0000  1.0000  1.0000  1.0000  1.0000  1.0000  1.0000  1.0000
  9   |  1.0000  1.0000  1.0000  1.0000  1.0000  1.0000  1.0000  1.0000  1.0000  1.0000  1.0000  1.0000  1.0000  1.0000  1.0000
------+------------------------------------------------------------------------------------------------------------------------
                                               
 
 
        Proportion of fish spawning
        ---------------------------
------+--------
AGE   |    2002
------+--------
  0   |  0.0000
  1   |  0.0700
  2   |  0.5900
  3   |  0.8800
  4   |  0.9700
  5   |  0.9700
  6   |  0.9900
  7   |  1.0000
  8   |  1.0000
  9   |  1.0000
------+--------
                                               
 
 
 
 INDICES OF SPAWNING BIOMASS                                                    
  
 ----------------------------
 
          INDEX
        -------
------+------------------------------------------------------------------------------------------------------------------------
      |    1972    1973    1974    1975    1976    1977    1978    1979    1980    1981    1982    1983    1984    1985    1986
------+------------------------------------------------------------------------------------------------------------------------
  1   | ******* ******* ******* ******* ******* ******* ******* ******* ******* ******* ******* ******* ******* ******* *******
------+------------------------------------------------------------------------------------------------------------------------
       x 10 ^ 3                                
 
 
          INDEX
        -------
------+------------------------------------------------------------------------------------------------------------------------
      |    1987    1988    1989    1990    1991    1992    1993    1994    1995    1996    1997    1998    1999    2000    2001
------+------------------------------------------------------------------------------------------------------------------------
  1   | *******  291.45  263.33  234.70  255.60  281.62  293.22  268.27  272.59  251.77  240.04  228.57  242.52  253.91  278.76
------+------------------------------------------------------------------------------------------------------------------------
       x 10 ^ 3                                
 
 
          INDEX
        -------
------+--------
      |    2002
------+--------
  1   |  249.42
------+--------
       x 10 ^ 3                                
 
 
 
 AGE-STRUCTURED INDICES                                                         
  
 -----------------------
 
        FLT01: Dummy survey
        -------------------
------+--------------------------------
AGE   |    1981    1982    1983    1984
------+--------------------------------
  1   |  266.10  203.00   43.60   15.24
  2   |  506.40  435.90  712.70   79.51
  3   |  225.10  483.60  444.60  661.83
  4   |   31.70  184.10  391.60  374.60
  5   |  174.80   24.70  130.40  238.20
  6   |  158.50  136.60   20.20   92.00
  7   |   99.50  108.60   91.30   15.54
  8   |  116.60   84.50   70.90   51.47
  9   |   35.30   87.00   47.10   39.27
------+--------------------------------
       x 10 ^ 3                                
 
 
 
        Fishing Mortality (per year)
        ----------------------------
------+------------------------------------------------------------------------------------------------------------------------
AGE   |    1972    1973    1974    1975    1976    1977    1978    1979    1980    1981    1982    1983    1984    1985    1986
------+------------------------------------------------------------------------------------------------------------------------
  0   | 0.00624 0.00981 0.00738 0.00618 0.00609 0.00900 0.00701 0.00732 0.00542 0.00956 0.00887 0.00817 0.01000 0.00888 0.00848
  1   | 0.02361 0.03711 0.02793 0.02338 0.02306 0.03407 0.02654 0.02770 0.02052 0.03616 0.03358 0.03093 0.03783 0.03359 0.03210
  2   | 0.05225 0.08214 0.06181 0.05176 0.05105 0.07542 0.05873 0.06131 0.04543 0.08004 0.07432 0.06847 0.08374 0.07435 0.07104
  3   | 0.10309 0.16206 0.12195 0.10211 0.10071 0.14880 0.11588 0.12097 0.08962 0.15792 0.14663 0.13508 0.16521 0.14668 0.14015
  4   | 0.15760 0.24775 0.18643 0.15610 0.15396 0.22748 0.17715 0.18493 0.13702 0.24143 0.22416 0.20650 0.25257 0.22424 0.21426
  5   | 0.17925 0.28179 0.21205 0.17755 0.17512 0.25873 0.20149 0.21034 0.15584 0.27460 0.25497 0.23488 0.28728 0.25505 0.24371
  6   | 0.20272 0.31868 0.23981 0.20079 0.19804 0.29260 0.22787 0.23788 0.17624 0.31054 0.28834 0.26562 0.32489 0.28844 0.27561
  7   | 0.23224 0.36509 0.27474 0.23004 0.22689 0.33522 0.26105 0.27252 0.20191 0.35577 0.33034 0.30431 0.37220 0.33045 0.31575
  8   | 0.21511 0.33816 0.25447 0.21307 0.21015 0.31049 0.24179 0.25242 0.18701 0.32953 0.30597 0.28186 0.34474 0.30607 0.29245
  9   | 0.21511 0.33816 0.25447 0.21307 0.21015 0.31049 0.24179 0.25242 0.18701 0.32953 0.30597 0.28186 0.34474 0.30607 0.29245
------+------------------------------------------------------------------------------------------------------------------------
                                               
 
 
        Fishing Mortality (per year)
        ----------------------------
------+------------------------------------------------------------------------------------------------------------------------
AGE   |    1987    1988    1989    1990    1991    1992    1993    1994    1995    1996    1997    1998    1999    2000    2001
------+------------------------------------------------------------------------------------------------------------------------
  0   | 0.00604 0.00764 0.00656 0.00994 0.00942 0.00853 0.00763 0.00939 0.00670 0.00644 0.00590 0.01041 0.00968 0.00738 0.00938
  1   | 0.02285 0.02892 0.02482 0.03760 0.03565 0.03230 0.02888 0.03555 0.02536 0.02436 0.02234 0.03941 0.03664 0.02792 0.03552
  2   | 0.05057 0.06401 0.05494 0.08323 0.07891 0.07148 0.06393 0.07869 0.05612 0.05392 0.04945 0.08724 0.08110 0.06181 0.07861
  3   | 0.09977 0.12630 0.10840 0.16420 0.15569 0.14103 0.12612 0.15525 0.11073 0.10638 0.09756 0.17211 0.16000 0.12194 0.15509
  4   | 0.15252 0.19309 0.16572 0.25103 0.23801 0.21561 0.19281 0.23735 0.16928 0.16264 0.14916 0.26313 0.24461 0.18642 0.23711
  5   | 0.17348 0.21961 0.18850 0.28552 0.27071 0.24523 0.21930 0.26996 0.19254 0.18498 0.16965 0.29928 0.27822 0.21203 0.26969
  6   | 0.19619 0.24836 0.21317 0.32292 0.30616 0.27732 0.24801 0.30529 0.21774 0.20919 0.19185 0.33844 0.31464 0.23978 0.30499
  7   | 0.22477 0.28453 0.24421 0.36993 0.35078 0.31770 0.28412 0.34974 0.24945 0.23965 0.21979 0.38772 0.36045 0.27470 0.34940
  8   | 0.20818 0.26354 0.22620 0.34264 0.32487 0.29428 0.26317 0.32395 0.23105 0.22198 0.20358 0.35913 0.33387 0.25444 0.32363
  9   | 0.20818 0.26354 0.22620 0.34264 0.32487 0.29428 0.26317 0.32395 0.23105 0.22198 0.20358 0.35913 0.33387 0.25444 0.32363
------+------------------------------------------------------------------------------------------------------------------------
                                               
 
 
        Fishing Mortality (per year)
        ----------------------------
------+--------
AGE   |    2002
------+--------
  0   | 0.00667
  1   | 0.02525
  2   | 0.05588
  3   | 0.11024
  4   | 0.16854
  5   | 0.19170
  6   | 0.21678
  7   | 0.24835
  8   | 0.23003
  9   | 0.23003
------+--------
                                               
 
 
 
        Population Abundance (1 January)
        --------------------------------
------+------------------------------------------------------------------------------------------------------------------------
AGE   |    1972    1973    1974    1975    1976    1977    1978    1979    1980    1981    1982    1983    1984    1985    1986
------+------------------------------------------------------------------------------------------------------------------------
  0   |  577.11  511.73  509.30  392.35  509.30  759.89  591.64  374.98  420.78  591.64  759.89  759.90  511.72  217.56  217.56
  1   |  443.39  493.64  436.15  435.14  335.62  435.70  648.18  505.67  320.39  360.21  504.38  648.27  648.72  436.06  185.60
  2   |  145.28  372.73  409.40  365.06  365.87  282.29  362.45  543.29  423.34  270.16  299.03  419.79  540.98  537.63  362.92
  3   |  126.55  118.68  295.51  331.25  298.36  299.24  225.32  294.16  439.80  348.19  214.64  238.94  337.41  428.22  429.59
  4   |  227.93   98.25   86.86  225.15  257.43  232.20  221.95  172.71  224.34  346.09  255.91  159.55  179.67  246.18  318.29
  5   |  106.40  167.58   66.01   62.05  165.78  189.96  159.19  160.02  123.56  168.37  233.99  176.03  111.70  120.13  169.33
  6   |   86.91   76.55  108.82   45.96   44.72  119.77  126.23  112.01  111.60   91.00  110.12  156.07  119.80   72.14   80.12
  7   |   83.77   61.08   47.91   73.69   32.36   31.57   76.93   86.50   76.00   80.54   57.42   71.04  103.00   74.51   46.53
  8   |   49.72   57.16   36.49   31.33   50.39   22.20   19.44   51.00   56.69   53.45   48.57   35.52   45.10   61.10   46.08
  9   |   69.74   80.38   80.37   71.42   64.85   73.53   53.23   44.08   59.24   75.61   77.11   77.20   66.98   62.05   72.79
------+------------------------------------------------------------------------------------------------------------------------
       x 10 ^ 6                                
 
 
        Population Abundance (1 January)
        --------------------------------
------+------------------------------------------------------------------------------------------------------------------------
AGE   |    1987    1988    1989    1990    1991    1992    1993    1994    1995    1996    1997    1998    1999    2000    2001
------+------------------------------------------------------------------------------------------------------------------------
  0   |  333.69  591.65  542.46  558.84  482.87  224.35  456.08  202.56  392.34  498.71  542.42  577.26  345.86  202.61  496.99
  1   |  185.68  285.48  505.36  463.84  476.24  411.71  191.46  389.57  172.71  335.43  426.49  464.12  491.70  294.82  173.10
  2   |  154.70  156.20  238.71  424.30  384.50  395.55  343.10  160.10  323.59  144.93  281.76  358.97  384.03  407.99  246.77
  3   |  290.95  126.59  126.11  194.48  336.04  305.83  316.97  277.02  127.37  263.32  118.20  230.81  283.16  304.79  330.11
  4   |  321.40  226.64   96.03   97.39  142.04  247.53  228.61  240.49  204.15   98.14  203.77   92.28  167.25  207.68  232.22
  5   |  221.12  237.50  160.82   70.03   65.22   96.36  171.73  162.26  163.26  148.35   71.79  151.08   61.05  112.72  148.35
  6   |  114.22  160.00  164.11  114.64   45.30   42.82   64.90  118.70  106.62  115.91  106.12   52.15   96.40   39.78   78.48
  7   |   52.35   80.80  107.43  114.13   71.44   28.71   27.93   43.59   75.29   73.81   80.93   75.40   32.00   60.58   26.94
  8   |   29.21   35.99   52.32   72.43   67.86   43.30   17.98   18.09   26.45   50.50   49.99   55.91   44.04   19.21   39.62
  9   |   71.41   66.32   62.48   70.92   81.85   89.59   81.24   59.85   41.25   38.63   56.06   72.02   74.65   69.92   53.44
------+------------------------------------------------------------------------------------------------------------------------
       x 10 ^ 6                                
 
 
        Population Abundance (1 January)
        --------------------------------
------+----------------
AGE   |    2002    2003
------+----------------
  0   |  224.39  283.91
  1   |  423.77  191.85
  2   |  143.79  355.65
  3   |  196.34  117.04
  4   |  243.31  151.35
  5   |  157.68  176.94
  6   |   97.50  112.04
  7   |   49.79   67.57
  8   |   16.35   33.43
  9   |   52.54   47.11
------+----------------
       x 10 ^ 6                                
 
 
 
        Weighting factors for the catches in number
        -------------------------------------------
------+----------------------------------------------------------------------------------------
AGE   |    1992    1993    1994    1995    1996    1997    1998    1999    2000    2001    2002
------+----------------------------------------------------------------------------------------
  0   |  0.0200  0.0200  0.0200  0.0200  0.0200  0.0200  0.0200  0.0200  0.0200  0.0200  0.0200
  1   |  1.0000  1.0000  1.0000  1.0000  1.0000  1.0000  1.0000  1.0000  1.0000  1.0000  1.0000
  2   |  1.0000  1.0000  1.0000  1.0000  1.0000  1.0000  1.0000  1.0000  1.0000  1.0000  1.0000
  3   |  1.0000  1.0000  1.0000  1.0000  1.0000  1.0000  1.0000  1.0000  1.0000  1.0000  1.0000
  4   |  1.0000  1.0000  1.0000  1.0000  1.0000  1.0000  1.0000  1.0000  1.0000  1.0000  1.0000
  5   |  1.0000  1.0000  1.0000  1.0000  1.0000  1.0000  1.0000  1.0000  1.0000  1.0000  1.0000
  6   |  1.0000  1.0000  1.0000  1.0000  1.0000  1.0000  1.0000  1.0000  1.0000  1.0000  1.0000
  7   |  1.0000  1.0000  1.0000  1.0000  1.0000  1.0000  1.0000  1.0000  1.0000  1.0000  1.0000
  8   |  1.0000  1.0000  1.0000  1.0000  1.0000  1.0000  1.0000  1.0000  1.0000  1.0000  1.0000
------+----------------------------------------------------------------------------------------
                                               
 
 
 
 Predicted SSB Index Values                                                     
  
 ---------------------------
 
          INDEX
        -------
------+------------------------------------------------------------------------------------------------------------------------
      |    1972    1973    1974    1975    1976    1977    1978    1979    1980    1981    1982    1983    1984    1985    1986
------+------------------------------------------------------------------------------------------------------------------------
  1   | ******* ******* ******* ******* ******* ******* ******* ******* ******* ******* ******* ******* ******* ******* *******
------+------------------------------------------------------------------------------------------------------------------------
       x 10 ^ 3                                
 
 
          INDEX
        -------
------+------------------------------------------------------------------------------------------------------------------------
      |    1987    1988    1989    1990    1991    1992    1993    1994    1995    1996    1997    1998    1999    2000    2001
------+------------------------------------------------------------------------------------------------------------------------
  1   | *******  291.44  263.33  234.70  255.60  281.62  293.23  268.27  272.60  251.78  240.05  228.57  242.52  253.92  278.79
------+------------------------------------------------------------------------------------------------------------------------
       x 10 ^ 3                                
 
 
          INDEX
        -------
------+--------
      |    2002
------+--------
  1   |  249.47
------+--------
       x 10 ^ 3                                
 
 
 
 Predicted Age-Structured Index Values                                          
  
 --------------------------------------
 
        FLT01: Dummy survey Predicted
        -----------------------------
------+--------------------------------
AGE   |    1981    1982    1983    1984
------+--------------------------------
  1   |   52.98   74.30   95.63   95.34
  2   |  245.03  272.06  383.17  489.65
  3   |  526.75  326.74  366.04  508.39
  4   |  262.24  195.76  123.24  135.31
  5   |  107.91  151.59  115.31   71.09
  6   |   61.50   75.33  108.11   80.32
  7   |   65.53   47.37   59.46   83.05
  8   |   90.96   83.72   62.04   76.10
  9   |   49.07   50.69   51.42   43.10
------+--------------------------------
       x 10 ^ 3                                
 
 
 
        Fitted Selection Pattern
        ------------------------
------+------------------------------------------------------------------------------------------------------------------------
AGE   |    1972    1973    1974    1975    1976    1977    1978    1979    1980    1981    1982    1983    1984    1985    1986
------+------------------------------------------------------------------------------------------------------------------------
  0   |  0.0348  0.0348  0.0348  0.0348  0.0348  0.0348  0.0348  0.0348  0.0348  0.0348  0.0348  0.0348  0.0348  0.0348  0.0348
  1   |  0.1317  0.1317  0.1317  0.1317  0.1317  0.1317  0.1317  0.1317  0.1317  0.1317  0.1317  0.1317  0.1317  0.1317  0.1317
  2   |  0.2915  0.2915  0.2915  0.2915  0.2915  0.2915  0.2915  0.2915  0.2915  0.2915  0.2915  0.2915  0.2915  0.2915  0.2915
  3   |  0.5751  0.5751  0.5751  0.5751  0.5751  0.5751  0.5751  0.5751  0.5751  0.5751  0.5751  0.5751  0.5751  0.5751  0.5751
  4   |  0.8792  0.8792  0.8792  0.8792  0.8792  0.8792  0.8792  0.8792  0.8792  0.8792  0.8792  0.8792  0.8792  0.8792  0.8792
  5   |  1.0000  1.0000  1.0000  1.0000  1.0000  1.0000  1.0000  1.0000  1.0000  1.0000  1.0000  1.0000  1.0000  1.0000  1.0000
  6   |  1.1309  1.1309  1.1309  1.1309  1.1309  1.1309  1.1309  1.1309  1.1309  1.1309  1.1309  1.1309  1.1309  1.1309  1.1309
  7   |  1.2956  1.2956  1.2956  1.2956  1.2956  1.2956  1.2956  1.2956  1.2956  1.2956  1.2956  1.2956  1.2956  1.2956  1.2956
  8   |  1.2000  1.2000  1.2000  1.2000  1.2000  1.2000  1.2000  1.2000  1.2000  1.2000  1.2000  1.2000  1.2000  1.2000  1.2000
  9   |  1.2000  1.2000  1.2000  1.2000  1.2000  1.2000  1.2000  1.2000  1.2000  1.2000  1.2000  1.2000  1.2000  1.2000  1.2000
------+------------------------------------------------------------------------------------------------------------------------
                                               
 
 
        Fitted Selection Pattern
        ------------------------
------+------------------------------------------------------------------------------------------------------------------------
AGE   |    1987    1988    1989    1990    1991    1992    1993    1994    1995    1996    1997    1998    1999    2000    2001
------+------------------------------------------------------------------------------------------------------------------------
  0   |  0.0348  0.0348  0.0348  0.0348  0.0348  0.0348  0.0348  0.0348  0.0348  0.0348  0.0348  0.0348  0.0348  0.0348  0.0348
  1   |  0.1317  0.1317  0.1317  0.1317  0.1317  0.1317  0.1317  0.1317  0.1317  0.1317  0.1317  0.1317  0.1317  0.1317  0.1317
  2   |  0.2915  0.2915  0.2915  0.2915  0.2915  0.2915  0.2915  0.2915  0.2915  0.2915  0.2915  0.2915  0.2915  0.2915  0.2915
  3   |  0.5751  0.5751  0.5751  0.5751  0.5751  0.5751  0.5751  0.5751  0.5751  0.5751  0.5751  0.5751  0.5751  0.5751  0.5751
  4   |  0.8792  0.8792  0.8792  0.8792  0.8792  0.8792  0.8792  0.8792  0.8792  0.8792  0.8792  0.8792  0.8792  0.8792  0.8792
  5   |  1.0000  1.0000  1.0000  1.0000  1.0000  1.0000  1.0000  1.0000  1.0000  1.0000  1.0000  1.0000  1.0000  1.0000  1.0000
  6   |  1.1309  1.1309  1.1309  1.1310  1.1309  1.1309  1.1309  1.1309  1.1309  1.1309  1.1309  1.1309  1.1309  1.1309  1.1309
  7   |  1.2956  1.2956  1.2956  1.2956  1.2958  1.2955  1.2955  1.2955  1.2955  1.2955  1.2955  1.2955  1.2955  1.2955  1.2955
  8   |  1.2000  1.2000  1.2000  1.2000  1.2001  1.2000  1.2000  1.2000  1.2000  1.2000  1.2000  1.2000  1.2000  1.2000  1.2000
  9   |  1.2000  1.2000  1.2000  1.2000  1.2001  1.2000  1.2000  1.2000  1.2000  1.2000  1.2000  1.2000  1.2000  1.2000  1.2000
------+------------------------------------------------------------------------------------------------------------------------
                                               
 
 
        Fitted Selection Pattern
        ------------------------
------+--------
AGE   |    2002
------+--------
  0   |  0.0348
  1   |  0.1317
  2   |  0.2915
  3   |  0.5751
  4   |  0.8792
  5   |  1.0000
  6   |  1.1309
  7   |  1.2955
  8   |  1.2000
  9   |  1.2000
------+--------
                                               
 
 
 
 
 
                    STOCK SUMMARY                                             
 
 
 ³ Year ³  Recruits  ³  Total  ³ Spawning³ Landings ³ Yield ³ Mean F ³ SoP ³    
 ³      ³   Age   0  ³ Biomass ³ Biomass ³          ³ /SSB  ³  Ages  ³     ³ 
 ³      ³  thousands ³  tonnes ³ tonnes  ³ tonnes   ³ ratio ³  4- 7  ³ (%) ³ 
 
   1972       577110    380369    265253     55449   0.2090   0.1930   100
   1973       511720    391359    245621     76327   0.3108   0.3033   100
   1974       509300    378841    244808     54417   0.2223   0.2283   100
   1975       392350    390657    262469     46279   0.1763   0.1911    99
   1976       509300    397320    278844     48451   0.1738   0.1885   100
   1977       759890    410527    275562     73826   0.2679   0.2785    99
   1978       591630    430778    282007     55962   0.1984   0.2169    99
   1979       374970    451641    301933     59873   0.1983   0.2264    99
   1980       420780    449987    328899     54734   0.1664   0.1678    99
   1981       591630    462755    335803     97966   0.2917   0.2956    99
   1982       759890    419285    296416     86007   0.2902   0.2745    99
   1983       759890    437262    293883     74937   0.2550   0.2528   100
   1984       511710    477987    317557     91711   0.2888   0.3092   100
   1985       217550    488147    344376     95898   0.2785   0.2745   100
   1986       217560    454450    342825     93946   0.2740   0.2623   100
   1987       333680    395046    316074     67810   0.2145   0.1867   100
   1988       591650    375740    291444     82903   0.2845   0.2364    99
   1989       542450    361661    263331     63007   0.2393   0.2029    99
   1990       558830    341289    234698     87790   0.3741   0.3073    99
   1991       482860    368328    255597     79621   0.3115   0.2914   100
   1992       224350    402263    281623     75116   0.2667   0.2640   100
   1993       456080    391996    293225     67081   0.2288   0.2361   100
   1994       202550    367291    268273     85931   0.3203   0.2906   100
   1995       392330    354922    272599     58274   0.2138   0.2073    99
   1996       498710    329775    251777     52574   0.2088   0.1991   100
   1997       542420    330190    240046     46060   0.1919   0.1826    99
   1998       577250    335482    228567     78138   0.3419   0.3221    99
   1999       345860    362442    242520     72889   0.3005   0.2995    99
   2000       202600    353498    253919     58327   0.2297   0.2282    99
   2001       496980    368580    278789     76707   0.2751   0.2903    99
   2002       224380    335783    249465     54481   0.2184   0.2063   100
 
 -----------------------------------------------------------------            
 No of years for separable analysis : 11                                      
 Age range in the analysis : 0  . . . 9                                       
 Year range in the analysis : 1972  . . . 2002                                
 Number of indices of SSB : 1                                                 
 Number of age-structured indices : 1                                         
                                                                              
 Parameters to estimate : 46                                                  
 Number of observations : 150                                                 
                                                                              
 Conventional single selection vector model to be fitted.                     
                                                                              
                                                                              
                                                                              
 -----------------------------------------------------------------            
 
 
 PARAMETER ESTIMATES                                                            
  
 
 ³Parm.³      ³ Maximum ³    ³        ³         ³         ³         ³ Mean of ³ 
  
 ³ No. ³      ³ Likelh. ³ CV ³  Lower ³ Upper   ³  -s.e.  ³   +s.e. ³ Param.  ³ 
  
 ³     ³      ³ Estimate³ (%)³ 95% CL ³ 95% CL  ³         ³         ³ Distrib.³ 
  
 Separable model : F by year                                                    
  
    1   1992     0.1872   0    0.1872    0.1872    0.1872    0.1872    0.1872
    2   1993     0.1684   0    0.1684    0.1684    0.1684    0.1684    0.1684
    3   1994     0.2098   0    0.2098    0.2098    0.2098    0.2098    0.2098
    4   1995     0.1538   0    0.1538    0.1538    0.1538    0.1538    0.1538
    5   1996     0.1553   0    0.1553    0.1553    0.1553    0.1553    0.1553
    6   1997     0.1525   0    0.1525    0.1525    0.1525    0.1525    0.1525
    7   1998     0.2913   0    0.2913    0.2913    0.2913    0.2913    0.2913
    8   1999     0.2974   0    0.2974    0.2974    0.2974    0.2974    0.2974
    9   2000     0.2525   0    0.2525    0.2525    0.2525    0.2525    0.2525
   10   2001     0.3641   0    0.3641    0.3641    0.3641    0.3641    0.3641
   11   2002     0.2963   0    0.2963    0.2963    0.2963    0.2963    0.2963
 
 Separable Model: Selection (S) by age                                          
  
   12      0     0.0432   0    0.0432    0.0432    0.0432    0.0432    0.0432
   13      1     0.1485   0    0.1485    0.1485    0.1485    0.1485    0.1485
   14      2     0.3082   0    0.3082    0.3082    0.3082    0.3082    0.3082
   15      3     0.5863   0    0.5863    0.5863    0.5863    0.5863    0.5863
   16      4     0.8817   0    0.8817    0.8817    0.8817    0.8817    0.8817
           5     1.0000     Fixed : Reference Age             
   17      6     1.1391   0    1.1391    1.1391    1.1391    1.1391    1.1391
   18      7     1.2039   0    1.2039    1.2039    1.2039    1.2039    1.2039
           8     1.2000     Fixed : Last true age             
 
 Separable model: Populations in year 2002                                    
   19      0     117270   0     117270    117270    117270    117270    117270
   20      1     248680   0     248680    248680    248680    248680    248680
   21      2      92749   0      92749     92749     92749     92749     92749
   22      3     136343   0     136343    136343    136343    136343    136343
   23      4     177389   0     177389    177389    177389    177389    177389
   24      5     118518   0     118518    118518    118518    118518    118518
   25      6      75639   0      75639     75639     75639     75639     75639
   26      7      40012   0      40012     40012     40012     40012     40012
   27      8      14090   0      14090     14090     14090     14090     14090
 
Separable model: Populations at age
   28   1992      64737   0      64737     64737     64737     64737     64737
   29   1993      26755   0      26755     26755     26755     26755     26755
   30   1994      26457   0      26457     26457     26457     26457     26457
   31   1995      39312   0      39312     39312     39312     39312     39312
   32   1996      73825   0      73825     73825     73825     73825     73825
   33   1997      71171   0      71171     71171     71171     71171     71171
   34   1998      75720   0      75720     75720     75720     75720     75720
   35   1999      56426   0      56426     56426     56426     56426     56426
   36   2000      22184   0      22184     22184     22184     22184     22184
   37   2001      40397   0      40397     40397     40397     40397     40397
 
 SSB Index catchabilities                                                       
  
   INDEX                                 
 Absolute estimator. No fitted catchability.                                    
  
 
 
 
 Age-structured index catchabilities                                            
  
                                        FLT01: Dummy survey                     
 
 Linear model fitted. Slopes at age :                                           
  
   38   1  Q  .1549       0 .1549     .1549     .1549     .1549     .1549    
   39   2  Q  .9828       0 .9828     .9828     .9828     .9828     .9828    
   40   3  Q  1.716       0 1.716     1.716     1.716     1.716     1.716    
   41   4  Q  .8995       0 .8995     .8995     .8995     .8995     .8995    
   42   5  Q  .7733       0 .7733     .7733     .7733     .7733     .7733    
   43   6  Q  .8284       0 .8284     .8284     .8284     .8284     .8284    
   44   7  Q  1.015       0 1.015     1.015     1.015     1.015     1.015    
   45   8  Q  2.073       0 2.073     2.073     2.073     2.073     2.073    
   46   9  Q  .7964       0 .7964     .7964     .7964     .7964     .7964    
 
 
 
 RESIDUALS ABOUT THE MODEL FIT                                                  
  
 ------------------------------
 
        Separable Model Residuals
        -------------------------
------+----------------------------------------------------------------------------------------
Age   |    1992    1993    1994    1995    1996    1997    1998    1999    2000    2001    2002
------+----------------------------------------------------------------------------------------
  0   | ******* ******* ******* ******* ******* ******* ******* ******* ******* ******* *******
  1   | ******* ******* ******* ******* ******* ******* ******* ******* ******* ******* *******
  2   | ******* ******* ******* ******* ******* ******* ******* ******* ******* ******* *******
  3   | ******* ******* ******* ******* ******* ******* ******* ******* ******* ******* *******
  4   | ******* ******* ******* ******* ******* ******* ******* ******* ******* ******* *******
  5   | ******* ******* ******* ******* ******* ******* ******* ******* ******* ******* *******
  6   | ******* ******* ******* ******* ******* ******* ******* ******* ******* ******* *******
  7   | ******* ******* ******* ******* ******* ******* ******* ******* ******* ******* *******
  8   | ******* ******* ******* ******* ******* ******* ******* ******* ******* ******* *******
------+----------------------------------------------------------------------------------------
                                               
 
 
 
 SPAWNING BIOMASS INDEX RESIDUALS                                               
  
 ---------------------------------
 
          INDEX
        -------
------+------------------------------------------------------------------------------------------------------------------------
      |    1972    1973    1974    1975    1976    1977    1978    1979    1980    1981    1982    1983    1984    1985    1986
------+------------------------------------------------------------------------------------------------------------------------
  1   | ******* ******* ******* ******* ******* ******* ******* ******* ******* ******* ******* ******* ******* ******* *******
------+------------------------------------------------------------------------------------------------------------------------
                                               
 
 
          INDEX
        -------
------+------------------------------------------------------------------------------------------------------------------------
      |    1987    1988    1989    1990    1991    1992    1993    1994    1995    1996    1997    1998    1999    2000    2001
------+------------------------------------------------------------------------------------------------------------------------
  1   | ******* ******* ******* ******* ******* ******* ******* ******* ******* ******* ******* ******* ******* ******* *******
------+------------------------------------------------------------------------------------------------------------------------
                                               
 
 
          INDEX
        -------
------+--------
      |    2002
------+--------
  1   | *******
------+--------
                                               
 
 
 
 AGE-STRUCTURED INDEX RESIDUALS                                                 
  
 -------------------------------
 
        FLT01: Dummy survey
        -------------------
------+--------------------------------
Age   |    1981    1982    1983    1984
------+--------------------------------
  1   |   1.614   1.005  -0.785  -1.833
  2   |   0.726   0.471   0.621  -1.818
  3   |  -0.850   0.392   0.194   0.264
  4   |  -2.113  -0.061   1.156   1.018
  5   |   0.482  -1.814   0.123   1.209
  6   |   0.947   0.595  -1.677   0.136
  7   |   0.418   0.830   0.429  -1.676
  8   |   0.248   0.009   0.134  -0.391
  9   |  -0.329   0.540  -0.088  -0.093
------+--------------------------------
                                               
 
 
 
 
 
 
 PARAMETERS OF THE DISTRIBUTION OF ln(CATCHES AT AGE)                           
  
 -----------------------------------------------------
 
 Separable model fitted from 1992  to 2002                                    
 Variance                             0.0000
Skewness test stat.                   5.9421
Kurtosis test statistic               1.9148
Partial chi-square                    0.0000
Significance in fit                   0.0000
Degrees of freedom                        62
 
 
 PARAMETERS OF DISTRIBUTIONS OF THE SSB INDICES                                 
  
 -----------------------------------------------
 
 
   DISTRIBUTION STATISTICS FOR   INDEX                                          
 
 
 Index used as absolute measure of abundance                                    
  
 Last age is a plus-group                                                       
  
 
 Variance                             0.0000
Skewness test stat.                  -3.7994
Kurtosis test statistic               2.6837
Partial chi-square                    0.0000
Significance in fit                   0.0000
Number of observations                    15
Degrees of freedom                        15
Weight in the analysis                5.0000
 
 PARAMETERS OF THE DISTRIBUTION OF THE AGE-STRUCTURED INDICES                   
  
 ------------------------------------------------------------ 
 
 
   DISTRIBUTION STATISTICS FOR FLT01: Dummy survey                              
 
 
 Linear catchability relationship assumed                                       
  
 
 Age                          1         2         3         4         5         6         7         8         9
 Variance                0.0028    0.0016    0.0004    0.0025    0.0019    0.0015    0.0014    0.0001    0.0002
Skewness test stat.     -0.1115   -0.9221   -0.8844   -0.6234   -0.5972   -0.7242   -0.8596   -0.6132    0.7314
Kurtosis test statisti  -0.6729   -0.2803   -0.2930   -0.4296   -0.3743   -0.3580   -0.2989   -0.3939   -0.3117
Partial chi-square       0.0008    0.0004    0.0001    0.0006    0.0005    0.0004    0.0004    0.0000    0.0000
Significance in fit      0.0000    0.0000    0.0000    0.0000    0.0000    0.0000    0.0000    0.0000    0.0000
Number of observations        4         4         4         4         4         4         4         4         4
Degrees of freedom            3         3         3         3         3         3         3         3         3
Weight in the analysis   0.0011    0.0011    0.0011    0.0011    0.0011    0.0011    0.0011    0.0011    0.0011
 
 ANALYSIS OF VARIANCE                   
--------------------------
 
 Unweighted Statistics                                                          
  
 
                                                                                
  
Variance                              
                                       SSQ     Data    Parameters d.f. Variance
Total for model                        33.4474     150         46  104   0.3216
Catches at age                          0.0000      99         37   62   0.0000
  
SSB Indices                           
  INDEX                                 0.0000      15          0   15   0.0000
  
 Aged Indices                                                                   
  
FLT01: Dummy survey                    33.4474      36          9   27   1.2388
 
 
 Weighted Statistics                                                            
  
 
                                                                                
  
Variance                              
                                       SSQ     Data    Parameters d.f. Variance
Total for model                         0.0000     150         46  104   0.0000
Catches at age                          0.0000      99         37   62   0.0000
  
SSB Indices                           
  INDEX                                 0.0000      15          0   15   0.0000
  
 Aged Indices                                                                   
  
FLT01: Dummy survey                     0.0000      36          9   27   0.0000
 
