 Output Generated by ICA Version 1.4                                            
  
 ------------------------------------
 
        Mackerel NE Atlantic  WG2003
        ----------------------------
 
        Catch in Number
        ---------------
------+------------------------------------------------------------------------------------------------------------------------
AGE   |    1972    1973    1974    1975    1976    1977    1978    1979    1980    1981    1982    1983    1984    1985    1986
------+------------------------------------------------------------------------------------------------------------------------
  0   |   4770.    676.   1038.   4435.   3843.   4498.   5689.   4297.   2888.   3126.   3004.   3585.   2437.   3573.   2652.
  1   |   4602.  11430.   1738.   5642.  12264.   9745.  23101.  17724.   9225.   7928.  16607.   7464.  10181.   8492.  12422.
  2   |  20329.   6268.  16808.   5371.   8841.  17721.  28344.  40543.  21600.  14479.  23909.  23400.  12081.  20222.  16789.
  3   |  28140.  23499.   7909.  44048.   7106.  10889.  43454.  41575.  41851.  29057.  36957.  28486.  32298.  20460.  33956.
  4   |  31077.  23549.  21804.  15093.  41941.   6378.  19292.  45310.  30948.  41358.  53866.  31722.  28692.  39968.  24976.
  5   |  28517.  18333.  15606.  29728.  10101.  26691.   8026.  14028.  23669.  21841.  54671.  32478.  22707.  25313.  34652.
  6   |  24715.  16243.  11811.  20603.  19164.   6225.  32414.   5592.   7063.  16231.  27924.  31762.  22528.  19424.  21232.
  7   |  21598.  13785.  10328.  15306.  12967.  11602.   7392.  21910.   2752.   4778.  20345.  15847.  21658.  18954.  15984.
  8   |   5101.   9597.   7014.  10800.   7682.   6268.  11103.   3984.   8567.   1490.   4830.   9193.   8645.  14621.  12505.
  9   |  15868.   9294.   9600.  17551.  14514.  11270.  16458.  14859.   7249.   8708.  10150.   6510.   9025.  11797.  18766.
------+------------------------------------------------------------------------------------------------------------------------
       x 10 ^ 3                                
 
 
        Catch in Number
        ---------------
------+------------------------------------------------------------------------------------------------------------------------
AGE   |    1987    1988    1989    1990    1991    1992    1993    1994    1995    1996    1997    1998    1999    2000    2001
------+------------------------------------------------------------------------------------------------------------------------
  0   |    604.   1697.   3442.   3022.   3342.   3585.   2114.   4772.   7097.   1294.   3591.   2405.   3327.    538.   4047.
  1   |   6619.   2831.   5073.   7600.  11328.  14399.   6897.  10935.  17165.  18549.   3891.   8434.   9392.   8474.   1826.
  2   |  17686.  17614.   4796.   6389.  16272.  27699.  15792.  20292.  22208.  25389.  31682.   5218.  18816.  13685.  16475.
  3   |  20408.  39909.  25184.   5157.  11709.  33665.  25924.  39475.  34576.  27677.  36767.  36361.   9965.  23526.  22880.
  4   |  30140.  33491.  41078.  19753.   6945.  17558.  22940.  47280.  48137.  30907.  29034.  30893.  51030.   9162.  29068.
  5   |  15742.  35252.  24260.  22832.  19056.   7397.   8453.  29916.  40495.  30140.  22927.  17348.  31075.  33512.   8136.
  6   |  21167.  17817.  24599.  13062.  21408.  19614.   3447.  10682.  24622.  24384.  21596.  13292.  16962.  19839.  28991.
  7   |  12755.  23504.  12139.  13020.  12080.  21582.   8977.   4280.   8558.  14451.  17112.  12330.  12820.  10688.  16977.
  8   |   7669.  11404.  12788.   5122.   9678.   9791.   7856.   8990.   2745.   3999.   8108.   7802.   9563.   6463.   7348.
  9   |  15995.  21569.  18239.  12837.  13117.  18680.  10451.  18121.  17902.   9239.   7181.   6674.  11389.  11322.  12883.
------+------------------------------------------------------------------------------------------------------------------------
       x 10 ^ 3                                
 
 
        Catch in Number
        ---------------
------+--------
AGE   |    2002
------+--------
  0   |   2150.
  1   |  14804.
  2   |   3818.
  3   |  29505.
  4   |  30142.
  5   |  27445.
  6   |   7469.
  7   |  26266.
  8   |  12360.
  9   |  14926.
------+--------
       x 10 ^ 3                                
 
 
 
        Predicted Catch in Number
        -------------------------
------+----------------------------------------------------------------------------------------
AGE   |    1992    1993    1994    1995    1996    1997    1998    1999    2000    2001    2002
------+----------------------------------------------------------------------------------------
  0   |   3585.   2114.   4772.   7097.   1294.   3591.   2405.   3327.    538.   4047.   2150.
  1   |  14399.   6897.  10935.  17165.  18549.   3891.   8434.   9392.   8474.   1826.  14804.
  2   |  27699.  15792.  20292.  22208.  25389.  31682.   5218.  18816.  13685.  16475.   3818.
  3   |  33665.  25924.  39475.  34576.  27677.  36767.  36361.   9965.  23526.  22880.  29505.
  4   |  17558.  22940.  47280.  48137.  30907.  29034.  30893.  51030.   9162.  29068.  30142.
  5   |   7397.   8453.  29916.  40495.  30140.  22927.  17348.  31075.  33512.   8136.  27445.
  6   |  19614.   3447.  10682.  24622.  24384.  21596.  13292.  16962.  19839.  28991.   7469.
  7   |  21582.   8977.   4280.   8558.  14451.  17112.  12330.  12820.  10688.  16977.  26266.
  8   |   9791.   7856.   8990.   2745.   3999.   8108.   7802.   9563.   6463.   7348.  12360.
------+----------------------------------------------------------------------------------------
       x 10 ^ 3                                
 
 
 
        Weights at age in the catches (Kg)
        ----------------------------------
------+------------------------------------------------------------------------------------------------------------------------
AGE   |    1972    1973    1974    1975    1976    1977    1978    1979    1980    1981    1982    1983    1984    1985    1986
------+------------------------------------------------------------------------------------------------------------------------
  0   | 0.05200 0.05000 0.05100 0.05000 0.05900 0.05600 0.03600 0.01600 0.05700 0.06000 0.05300 0.05000 0.03100 0.05500 0.03900
  1   | 0.13500 0.14500 0.13600 0.14800 0.13700 0.13600 0.13500 0.13700 0.13100 0.13200 0.13100 0.16800 0.10200 0.14400 0.14600
  2   | 0.27700 0.19400 0.22900 0.17700 0.20700 0.16900 0.16100 0.16100 0.24900 0.24800 0.24900 0.21900 0.18400 0.26200 0.24500
  3   | 0.34100 0.28500 0.26100 0.25900 0.26300 0.27500 0.25000 0.24300 0.28500 0.28700 0.28500 0.27600 0.29500 0.35700 0.33500
  4   | 0.42300 0.36800 0.33400 0.32300 0.32000 0.33300 0.32500 0.31800 0.34500 0.34400 0.34500 0.31000 0.32600 0.41800 0.42300
  5   | 0.46800 0.44800 0.39200 0.34800 0.34600 0.35200 0.34500 0.34800 0.37800 0.37700 0.37800 0.38600 0.34400 0.41700 0.47100
  6   | 0.46800 0.46800 0.48100 0.43000 0.40600 0.40700 0.40300 0.40100 0.45400 0.45400 0.45400 0.42500 0.43100 0.43600 0.44400
  7   | 0.50800 0.50800 0.50800 0.48800 0.44300 0.44600 0.42100 0.41600 0.49800 0.49900 0.49600 0.43500 0.54200 0.52100 0.45700
  8   | 0.53900 0.53900 0.53900 0.53900 0.51800 0.54600 0.51800 0.50600 0.52000 0.51300 0.51300 0.49800 0.48000 0.55500 0.54300
  9   | 0.60234 0.61015 0.59775 0.59761 0.59875 0.59299 0.57092 0.54078 0.57101 0.55738 0.57011 0.58512 0.59900 0.60083 0.60131
------+------------------------------------------------------------------------------------------------------------------------
                                               
 
 
        Weights at age in the catches (Kg)
        ----------------------------------
------+------------------------------------------------------------------------------------------------------------------------
AGE   |    1987    1988    1989    1990    1991    1992    1993    1994    1995    1996    1997    1998    1999    2000    2001
------+------------------------------------------------------------------------------------------------------------------------
  0   | 0.07600 0.05500 0.04900 0.08500 0.06800 0.05100 0.06100 0.04600 0.07200 0.05800 0.07600 0.06500 0.06200 0.06300 0.06900
  1   | 0.17900 0.13300 0.13600 0.15600 0.15600 0.16700 0.13400 0.13600 0.14300 0.14300 0.14300 0.15700 0.17600 0.13500 0.17100
  2   | 0.22300 0.25900 0.23700 0.23300 0.25300 0.23900 0.24000 0.25500 0.23400 0.22600 0.23000 0.22700 0.23600 0.22900 0.22300
  3   | 0.31800 0.32300 0.32000 0.33600 0.32700 0.33300 0.31700 0.33900 0.33300 0.31300 0.29500 0.31000 0.30700 0.30800 0.30700
  4   | 0.39900 0.38800 0.37700 0.37900 0.39400 0.39700 0.37600 0.39000 0.39000 0.37700 0.35900 0.35400 0.36100 0.36700 0.37800
  5   | 0.47400 0.45600 0.43300 0.42300 0.42300 0.46000 0.43600 0.44800 0.45200 0.42500 0.41500 0.40800 0.40600 0.42900 0.42600
  6   | 0.51200 0.52400 0.45600 0.46700 0.46900 0.49500 0.48300 0.51200 0.50100 0.48400 0.45300 0.45200 0.45400 0.46700 0.47700
  7   | 0.49300 0.55500 0.54300 0.52800 0.50600 0.53200 0.52700 0.54300 0.53900 0.51800 0.48100 0.46200 0.50100 0.50400 0.49900
  8   | 0.49800 0.55500 0.59200 0.55200 0.55400 0.55500 0.54800 0.59000 0.57700 0.55100 0.52400 0.51800 0.53700 0.53700 0.54300
  9   | 0.62001 0.60719 0.62157 0.61822 0.63691 0.63114 0.61130 0.62422 0.61555 0.60752 0.58816 0.56881 0.58179 0.58418 0.60475
------+------------------------------------------------------------------------------------------------------------------------
                                               
 
 
        Weights at age in the catches (Kg)
        ----------------------------------
------+--------
AGE   |    2002
------+--------
  0   | 0.05200
  1   | 0.15900
  2   | 0.25500
  3   | 0.30700
  4   | 0.36900
  5   | 0.42600
  6   | 0.46400
  7   | 0.51400
  8   | 0.53900
  9   | 0.61101
------+--------
                                               
 
 
 
        Weights at age in the stock (Kg)
        --------------------------------
------+------------------------------------------------------------------------------------------------------------------------
AGE   |    1972    1973    1974    1975    1976    1977    1978    1979    1980    1981    1982    1983    1984    1985    1986
------+------------------------------------------------------------------------------------------------------------------------
  0   | 0.00800 0.00800 0.00800 0.00800 0.00800 0.00800 0.00800 0.00800 0.00800 0.00800 0.00800 0.00800 0.00000 0.00000 0.00000
  1   | 0.13200 0.13200 0.13000 0.12900 0.12800 0.12700 0.11100 0.11000 0.10900 0.08700 0.08600 0.08600 0.08100 0.08500 0.07700
  2   | 0.17800 0.17700 0.17300 0.17100 0.17000 0.16700 0.17500 0.17400 0.17300 0.18600 0.13500 0.17200 0.19400 0.16500 0.17900
  3   | 0.24300 0.24200 0.23800 0.23600 0.23600 0.23300 0.23800 0.23700 0.23600 0.25200 0.22100 0.23500 0.25300 0.29300 0.26700
  4   | 0.41100 0.30100 0.29600 0.29400 0.29300 0.28900 0.30000 0.29900 0.29700 0.31300 0.28000 0.28000 0.29500 0.30600 0.30400
  5   | 0.35500 0.43800 0.32200 0.31800 0.31800 0.31300 0.34600 0.34500 0.34300 0.32300 0.38500 0.33900 0.32400 0.34100 0.35600
  6   | 0.39800 0.39800 0.46900 0.36500 0.36500 0.36100 0.38200 0.38000 0.37900 0.37800 0.35300 0.37700 0.39300 0.38400 0.35100
  7   | 0.43300 0.43300 0.43300 0.49700 0.41900 0.41600 0.41000 0.40800 0.40700 0.41900 0.40800 0.40400 0.43600 0.43000 0.41600
  8   | 0.45900 0.45900 0.45900 0.45900 0.51200 0.44600 0.43200 0.43000 0.42900 0.43400 0.43700 0.43900 0.44100 0.45900 0.47300
  9   | 0.51688 0.52451 0.51207 0.51148 0.51377 0.53573 0.50389 0.49097 0.49340 0.47163 0.48872 0.52635 0.50005 0.51314 0.46276
------+------------------------------------------------------------------------------------------------------------------------
                                               
 
 
        Weights at age in the stock (Kg)
        --------------------------------
------+------------------------------------------------------------------------------------------------------------------------
AGE   |    1987    1988    1989    1990    1991    1992    1993    1994    1995    1996    1997    1998    1999    2000    2001
------+------------------------------------------------------------------------------------------------------------------------
  0   | 0.00000 0.00000 0.00000 0.00000 0.00000 0.00000 0.00000 0.00000 0.00000 0.00000 0.00000 0.00000 0.00000 0.00000 0.00000
  1   | 0.07800 0.07200 0.07600 0.07400 0.07500 0.07800 0.07800 0.07900 0.08100 0.07600 0.07600 0.07700 0.08100 0.07400 0.07800
  2   | 0.14800 0.15600 0.17700 0.13800 0.15500 0.21200 0.19700 0.17800 0.16400 0.13300 0.18600 0.14900 0.19400 0.18500 0.16400
  3   | 0.24000 0.23700 0.24400 0.22200 0.23000 0.25900 0.26800 0.23700 0.26700 0.25100 0.22800 0.22300 0.24200 0.23500 0.24100
  4   | 0.28600 0.30100 0.30600 0.28700 0.30700 0.31000 0.31500 0.30100 0.32600 0.31700 0.29600 0.28500 0.30100 0.28900 0.34200
  5   | 0.37400 0.32900 0.35200 0.33900 0.35700 0.36200 0.36000 0.36100 0.39800 0.36600 0.36100 0.34200 0.35300 0.35000 0.39000
  6   | 0.38600 0.42300 0.38000 0.37300 0.40900 0.40200 0.41600 0.41300 0.44800 0.44400 0.40200 0.40000 0.39600 0.39000 0.44600
  7   | 0.41100 0.44500 0.42900 0.41400 0.43200 0.42400 0.45400 0.46600 0.49100 0.46200 0.44500 0.42600 0.42300 0.42600 0.45900
  8   | 0.42900 0.43200 0.47400 0.40900 0.50200 0.46200 0.46500 0.47000 0.50800 0.50100 0.47800 0.46600 0.44000 0.44700 0.49900
  9   | 0.49243 0.52742 0.49445 0.48210 0.56164 0.52007 0.52188 0.53322 0.56096 0.59419 0.54208 0.52354 0.48963 0.49797 0.56513
------+------------------------------------------------------------------------------------------------------------------------
                                               
 
 
        Weights at age in the stock (Kg)
        --------------------------------
------+--------
AGE   |    2002
------+--------
  0   | 0.00000
  1   | 0.07800
  2   | 0.18100
  3   | 0.23900
  4   | 0.31100
  5   | 0.36400
  6   | 0.41100
  7   | 0.43600
  8   | 0.46200
  9   | 0.52190
------+--------
                                               
 
 
 
        Natural Mortality (per year)
        ----------------------------
------+------------------------------------------------------------------------------------------------------------------------
AGE   |    1972    1973    1974    1975    1976    1977    1978    1979    1980    1981    1982    1983    1984    1985    1986
------+------------------------------------------------------------------------------------------------------------------------
  0   | 0.15000 0.15000 0.15000 0.15000 0.15000 0.15000 0.15000 0.15000 0.15000 0.15000 0.15000 0.15000 0.15000 0.15000 0.15000
  1   | 0.15000 0.15000 0.15000 0.15000 0.15000 0.15000 0.15000 0.15000 0.15000 0.15000 0.15000 0.15000 0.15000 0.15000 0.15000
  2   | 0.15000 0.15000 0.15000 0.15000 0.15000 0.15000 0.15000 0.15000 0.15000 0.15000 0.15000 0.15000 0.15000 0.15000 0.15000
  3   | 0.15000 0.15000 0.15000 0.15000 0.15000 0.15000 0.15000 0.15000 0.15000 0.15000 0.15000 0.15000 0.15000 0.15000 0.15000
  4   | 0.15000 0.15000 0.15000 0.15000 0.15000 0.15000 0.15000 0.15000 0.15000 0.15000 0.15000 0.15000 0.15000 0.15000 0.15000
  5   | 0.15000 0.15000 0.15000 0.15000 0.15000 0.15000 0.15000 0.15000 0.15000 0.15000 0.15000 0.15000 0.15000 0.15000 0.15000
  6   | 0.15000 0.15000 0.15000 0.15000 0.15000 0.15000 0.15000 0.15000 0.15000 0.15000 0.15000 0.15000 0.15000 0.15000 0.15000
  7   | 0.15000 0.15000 0.15000 0.15000 0.15000 0.15000 0.15000 0.15000 0.15000 0.15000 0.15000 0.15000 0.15000 0.15000 0.15000
  8   | 0.15000 0.15000 0.15000 0.15000 0.15000 0.15000 0.15000 0.15000 0.15000 0.15000 0.15000 0.15000 0.15000 0.15000 0.15000
  9   | 0.15000 0.15000 0.15000 0.15000 0.15000 0.15000 0.15000 0.15000 0.15000 0.15000 0.15000 0.15000 0.15000 0.15000 0.15000
------+------------------------------------------------------------------------------------------------------------------------
                                               
 
 
        Natural Mortality (per year)
        ----------------------------
------+------------------------------------------------------------------------------------------------------------------------
AGE   |    1987    1988    1989    1990    1991    1992    1993    1994    1995    1996    1997    1998    1999    2000    2001
------+------------------------------------------------------------------------------------------------------------------------
  0   | 0.15000 0.15000 0.15000 0.15000 0.15000 0.15000 0.15000 0.15000 0.15000 0.15000 0.15000 0.15000 0.15000 0.15000 0.15000
  1   | 0.15000 0.15000 0.15000 0.15000 0.15000 0.15000 0.15000 0.15000 0.15000 0.15000 0.15000 0.15000 0.15000 0.15000 0.15000
  2   | 0.15000 0.15000 0.15000 0.15000 0.15000 0.15000 0.15000 0.15000 0.15000 0.15000 0.15000 0.15000 0.15000 0.15000 0.15000
  3   | 0.15000 0.15000 0.15000 0.15000 0.15000 0.15000 0.15000 0.15000 0.15000 0.15000 0.15000 0.15000 0.15000 0.15000 0.15000
  4   | 0.15000 0.15000 0.15000 0.15000 0.15000 0.15000 0.15000 0.15000 0.15000 0.15000 0.15000 0.15000 0.15000 0.15000 0.15000
  5   | 0.15000 0.15000 0.15000 0.15000 0.15000 0.15000 0.15000 0.15000 0.15000 0.15000 0.15000 0.15000 0.15000 0.15000 0.15000
  6   | 0.15000 0.15000 0.15000 0.15000 0.15000 0.15000 0.15000 0.15000 0.15000 0.15000 0.15000 0.15000 0.15000 0.15000 0.15000
  7   | 0.15000 0.15000 0.15000 0.15000 0.15000 0.15000 0.15000 0.15000 0.15000 0.15000 0.15000 0.15000 0.15000 0.15000 0.15000
  8   | 0.15000 0.15000 0.15000 0.15000 0.15000 0.15000 0.15000 0.15000 0.15000 0.15000 0.15000 0.15000 0.15000 0.15000 0.15000
  9   | 0.15000 0.15000 0.15000 0.15000 0.15000 0.15000 0.15000 0.15000 0.15000 0.15000 0.15000 0.15000 0.15000 0.15000 0.15000
------+------------------------------------------------------------------------------------------------------------------------
                                               
 
 
        Natural Mortality (per year)
        ----------------------------
------+--------
AGE   |    2002
------+--------
  0   | 0.15000
  1   | 0.15000
  2   | 0.15000
  3   | 0.15000
  4   | 0.15000
  5   | 0.15000
  6   | 0.15000
  7   | 0.15000
  8   | 0.15000
  9   | 0.15000
------+--------
                                               
 
 
 
        Proportion of fish spawning
        ---------------------------
------+------------------------------------------------------------------------------------------------------------------------
AGE   |    1972    1973    1974    1975    1976    1977    1978    1979    1980    1981    1982    1983    1984    1985    1986
------+------------------------------------------------------------------------------------------------------------------------
  0   |  0.0000  0.0000  0.0000  0.0000  0.0000  0.0000  0.0000  0.0000  0.0000  0.0000  0.0000  0.0000  0.0000  0.0000  0.0000
  1   |  0.0500  0.0500  0.0500  0.0600  0.0600  0.0600  0.0600  0.0600  0.0600  0.0700  0.0700  0.0700  0.0700  0.0700  0.0700
  2   |  0.5300  0.5400  0.5400  0.5500  0.5500  0.5500  0.5600  0.5600  0.5700  0.5700  0.5700  0.5800  0.5800  0.5800  0.5800
  3   |  0.9000  0.9000  0.9000  0.8900  0.8900  0.8900  0.8900  0.8900  0.8900  0.8800  0.8800  0.8800  0.8800  0.8800  0.8800
  4   |  0.9800  0.9800  0.9800  0.9800  0.9800  0.9800  0.9800  0.9800  0.9800  0.9800  0.9800  0.9800  0.9700  0.9700  0.9700
  5   |  0.9800  0.9800  0.9800  0.9800  0.9800  0.9800  0.9800  0.9800  0.9800  0.9800  0.9800  0.9800  0.9700  0.9700  0.9700
  6   |  0.9900  0.9900  0.9900  0.9900  0.9900  0.9900  0.9900  0.9900  0.9900  0.9900  0.9900  0.9900  0.9900  0.9900  0.9900
  7   |  1.0000  1.0000  1.0000  1.0000  1.0000  1.0000  1.0000  1.0000  1.0000  1.0000  1.0000  1.0000  1.0000  1.0000  1.0000
  8   |  1.0000  1.0000  1.0000  1.0000  1.0000  1.0000  1.0000  1.0000  1.0000  1.0000  1.0000  1.0000  1.0000  1.0000  1.0000
  9   |  1.0000  1.0000  1.0000  1.0000  1.0000  1.0000  1.0000  1.0000  1.0000  1.0000  1.0000  1.0000  1.0000  1.0000  1.0000
------+------------------------------------------------------------------------------------------------------------------------
                                               
 
 
        Proportion of fish spawning
        ---------------------------
------+------------------------------------------------------------------------------------------------------------------------
AGE   |    1987    1988    1989    1990    1991    1992    1993    1994    1995    1996    1997    1998    1999    2000    2001
------+------------------------------------------------------------------------------------------------------------------------
  0   |  0.0000  0.0000  0.0000  0.0000  0.0000  0.0000  0.0000  0.0000  0.0000  0.0000  0.0000  0.0000  0.0000  0.0000  0.0000
  1   |  0.0700  0.0700  0.0700  0.0700  0.0700  0.0700  0.0700  0.0700  0.0700  0.0700  0.0700  0.0700  0.0700  0.0700  0.0700
  2   |  0.5800  0.5800  0.5800  0.5800  0.5800  0.5800  0.5800  0.5800  0.5800  0.5800  0.5800  0.5800  0.5800  0.5800  0.5900
  3   |  0.8800  0.8800  0.8800  0.8800  0.8800  0.8800  0.8800  0.8800  0.8800  0.8800  0.8800  0.8600  0.8600  0.8600  0.8800
  4   |  0.9700  0.9700  0.9700  0.9700  0.9700  0.9700  0.9700  0.9700  0.9700  0.9700  0.9700  0.9800  0.9800  0.9800  0.9700
  5   |  0.9700  0.9700  0.9700  0.9700  0.9700  0.9700  0.9700  0.9700  0.9700  0.9700  0.9700  0.9800  0.9800  0.9800  0.9700
  6   |  0.9900  0.9900  0.9900  0.9900  0.9900  0.9900  0.9900  0.9900  0.9900  0.9900  0.9900  0.9900  0.9900  0.9900  0.9900
  7   |  1.0000  1.0000  1.0000  1.0000  1.0000  1.0000  1.0000  1.0000  1.0000  1.0000  1.0000  1.0000  1.0000  1.0000  1.0000
  8   |  1.0000  1.0000  1.0000  1.0000  1.0000  1.0000  1.0000  1.0000  1.0000  1.0000  1.0000  1.0000  1.0000  1.0000  1.0000
  9   |  1.0000  1.0000  1.0000  1.0000  1.0000  1.0000  1.0000  1.0000  1.0000  1.0000  1.0000  1.0000  1.0000  1.0000  1.0000
------+------------------------------------------------------------------------------------------------------------------------
                                               
 
 
        Proportion of fish spawning
        ---------------------------
------+--------
AGE   |    2002
------+--------
  0   |  0.0000
  1   |  0.0700
  2   |  0.5900
  3   |  0.8800
  4   |  0.9700
  5   |  0.9700
  6   |  0.9900
  7   |  1.0000
  8   |  1.0000
  9   |  1.0000
------+--------
                                               
 
 
 
 INDICES OF SPAWNING BIOMASS                                                    
  
 ----------------------------
 
          INDEX
        -------
------+------------------------------------------------------------------------------------------------------------------------
      |    1972    1973    1974    1975    1976    1977    1978    1979    1980    1981    1982    1983    1984    1985    1986
------+------------------------------------------------------------------------------------------------------------------------
  1   | ******* ******* ******* ******* ******* ******* ******* ******* ******* ******* ******* ******* ******* ******* *******
------+------------------------------------------------------------------------------------------------------------------------
       x 10 ^ 3                                
 
 
          INDEX
        -------
------+------------------------------------------------------------------------------------------------------------------------
      |    1987    1988    1989    1990    1991    1992    1993    1994    1995    1996    1997    1998    1999    2000    2001
------+------------------------------------------------------------------------------------------------------------------------
  1   | *******  280.43  246.51  201.47  212.11  233.90  258.35  261.31  275.85  262.14  286.01  277.85  296.15  295.35  335.36
------+------------------------------------------------------------------------------------------------------------------------
       x 10 ^ 3                                
 
 
          INDEX
        -------
------+--------
      |    2002
------+--------
  1   |  300.86
------+--------
       x 10 ^ 3                                
 
 
 
 AGE-STRUCTURED INDICES                                                         
  
 -----------------------
 
        FLT01: Dummy survey
        -------------------
------+--------------------------------
AGE   |    1981    1982    1983    1984
------+--------------------------------
  1   |  266.10  203.00   43.60   15.24
  2   |  506.40  435.90  712.70   79.51
  3   |  225.10  483.60  444.60  661.83
  4   |   31.70  184.10  391.60  374.60
  5   |  174.80   24.70  130.40  238.20
  6   |  158.50  136.60   20.20   92.00
  7   |   99.50  108.60   91.30   15.54
  8   |  116.60   84.50   70.90   51.47
  9   |   35.30   87.00   47.10   39.27
------+--------------------------------
       x 10 ^ 3                                
 
 
 
        Fishing Mortality (per year)
        ----------------------------
------+------------------------------------------------------------------------------------------------------------------------
AGE   |    1972    1973    1974    1975    1976    1977    1978    1979    1980    1981    1982    1983    1984    1985    1986
------+------------------------------------------------------------------------------------------------------------------------
  0   | 0.00923 0.00691 0.00553 0.00942 0.00816 0.00645 0.01041 0.01020 0.00684 0.00585 0.00974 0.00757 0.00671 0.00730 0.00794
  1   | 0.03494 0.02616 0.02093 0.03565 0.03087 0.02442 0.03939 0.03859 0.02589 0.02214 0.03687 0.02866 0.02539 0.02763 0.03004
  2   | 0.07734 0.05790 0.04633 0.07891 0.06833 0.05406 0.08718 0.08541 0.05731 0.04899 0.08160 0.06343 0.05620 0.06116 0.06648
  3   | 0.15259 0.11423 0.09140 0.15569 0.13481 0.10665 0.17199 0.16851 0.11306 0.09666 0.16100 0.12515 0.11088 0.12065 0.13116
  4   | 0.23327 0.17463 0.13973 0.23802 0.20610 0.16305 0.26293 0.25762 0.17284 0.14777 0.24613 0.19132 0.16951 0.18445 0.20051
  5   | 0.26533 0.19862 0.15893 0.27072 0.23442 0.18545 0.29906 0.29301 0.19659 0.16807 0.27994 0.21761 0.19280 0.20980 0.22806
  6   | 0.30006 0.22462 0.17973 0.30616 0.26511 0.20973 0.33821 0.33137 0.22232 0.19008 0.31659 0.24609 0.21804 0.23726 0.25792
  7   | 0.34376 0.25734 0.20591 0.35074 0.30371 0.24027 0.38746 0.37963 0.25470 0.21776 0.36270 0.28193 0.24980 0.27181 0.29548
  8   | 0.31839 0.23835 0.19072 0.32486 0.28130 0.22254 0.35887 0.35161 0.23590 0.20169 0.33593 0.26113 0.23136 0.25175 0.27368
  9   | 0.31839 0.23835 0.19072 0.32486 0.28130 0.22254 0.35887 0.35161 0.23590 0.20169 0.33593 0.26113 0.23136 0.25175 0.27368
------+------------------------------------------------------------------------------------------------------------------------
                                               
 
 
        Fishing Mortality (per year)
        ----------------------------
------+------------------------------------------------------------------------------------------------------------------------
AGE   |    1987    1988    1989    1990    1991    1992    1993    1994    1995    1996    1997    1998    1999    2000    2001
------+------------------------------------------------------------------------------------------------------------------------
  0   | 0.00618 0.00906 0.00849 0.00584 0.00683 0.00922 0.00552 0.00894 0.01011 0.00828 0.00778 0.00569 0.00693 0.00550 0.00581
  1   | 0.02338 0.03429 0.03212 0.02210 0.02583 0.03488 0.02091 0.03385 0.03825 0.03132 0.02946 0.02155 0.02624 0.02080 0.02197
  2   | 0.05174 0.07589 0.07109 0.04893 0.05718 0.07720 0.04628 0.07491 0.08466 0.06933 0.06520 0.04769 0.05809 0.04605 0.04863
  3   | 0.10208 0.14972 0.14025 0.09653 0.11281 0.15232 0.09130 0.14779 0.16703 0.13678 0.12863 0.09409 0.11460 0.09085 0.09595
  4   | 0.15605 0.22888 0.21442 0.14757 0.17246 0.23286 0.13958 0.22595 0.25535 0.20911 0.19664 0.14384 0.17520 0.13889 0.14668
  5   | 0.17749 0.26033 0.24388 0.16784 0.19616 0.26485 0.15876 0.25699 0.29043 0.23784 0.22366 0.16361 0.19927 0.15797 0.16683
  6   | 0.20073 0.29441 0.27580 0.18981 0.22184 0.29952 0.17954 0.29063 0.32845 0.26897 0.25294 0.18502 0.22535 0.17865 0.18867
  7   | 0.22996 0.33729 0.31596 0.21746 0.25414 0.34314 0.20569 0.33296 0.37629 0.30815 0.28978 0.21197 0.25817 0.20467 0.21615
  8   | 0.21299 0.31240 0.29265 0.20141 0.23539 0.31782 0.19052 0.30839 0.34852 0.28541 0.26839 0.19633 0.23912 0.18957 0.20020
  9   | 0.21299 0.31240 0.29265 0.20141 0.23539 0.31782 0.19052 0.30839 0.34852 0.28541 0.26839 0.19633 0.23912 0.18957 0.20020
------+------------------------------------------------------------------------------------------------------------------------
                                               
 
 
        Fishing Mortality (per year)
        ----------------------------
------+--------
AGE   |    2002
------+--------
  0   | 0.00662
  1   | 0.02505
  2   | 0.05544
  3   | 0.10939
  4   | 0.16723
  5   | 0.19020
  6   | 0.21510
  7   | 0.24643
  8   | 0.22824
  9   | 0.22824
------+--------
                                               
 
 
 
        Population Abundance (1 January)
        --------------------------------
------+------------------------------------------------------------------------------------------------------------------------
AGE   |    1972    1973    1974    1975    1976    1977    1978    1979    1980    1981    1982    1983    1984    1985    1986
------+------------------------------------------------------------------------------------------------------------------------
  0   |  558.82  105.69  202.57  509.31  509.31  752.85  591.64  456.09  456.09  577.12  333.68  511.74  392.36  528.90  361.17
  1   |  144.26  476.56   90.34  173.39  434.25  434.80  643.82  503.96  388.58  389.88  493.83  284.41  437.13  335.45  451.92
  2   |  293.85  119.90  399.59   76.15  144.01  362.40  365.21  532.74  417.34  325.90  328.23  409.66  237.88  366.81  280.85
  3   |  213.72  234.09   97.40  328.36   60.57  115.76  295.51  288.10  420.99  339.20  267.10  260.37  330.93  193.56  296.99
  4   |  160.38  157.92  179.74   76.51  241.88   45.56   89.56  214.16  209.51  323.62  265.06  195.70  197.74  254.94  147.66
  5   |  131.34  109.32  114.14  134.53   51.90  169.41   33.31   59.26  142.46  151.71  240.28  178.36  139.11  143.66  182.47
  6   |  102.29   86.70   77.14   83.81   88.33   35.34  121.13   21.26   38.05  100.74  110.37  156.31  123.50   98.74  100.25
  7   |   79.61   65.22   59.61   55.47   53.11   58.32   24.66   74.34   13.14   26.22   71.70   69.22  105.19   85.47   67.04
  8   |   20.07   48.59   43.40   41.76   33.62   33.74   39.48   14.41   43.77    8.77   18.15   42.94   44.94   70.52   56.06
  9   |   62.42   47.05   59.40   67.86   63.52   60.66   58.51   53.74   37.04   51.21   38.15   30.40   46.92   56.90   84.12
------+------------------------------------------------------------------------------------------------------------------------
       x 10 ^ 6                                
 
 
        Population Abundance (1 January)
        --------------------------------
------+------------------------------------------------------------------------------------------------------------------------
AGE   |    1987    1988    1989    1990    1991    1992    1993    1994    1995    1996    1997    1998    1999    2000    2001
------+------------------------------------------------------------------------------------------------------------------------
  0   |  105.69  202.57  438.51  558.82  528.90  420.79  413.21  577.12  759.90  169.05  498.74  456.09  518.38  105.69  752.85
  1   |  308.40   90.41  172.78  374.24  478.18  452.13  358.85  353.70  492.31  647.47  144.30  425.94  390.33  443.09   90.47
  2   |  377.46  259.31   75.19  144.01  315.07  401.08  375.81  302.48  294.30  407.83  540.10  120.60  358.79  327.26  373.52
  3   |  226.19  308.50  206.88   60.28  118.03  256.11  319.56  308.84  241.55  232.74  327.51  435.53   98.96  291.39  269.00
  4   |  224.20  175.79  228.61  154.76   47.11   90.75  189.29  251.05  229.30  175.92  174.71  247.87  341.20   75.96  229.02
  5   |  104.00  165.09  120.35  158.79  114.93   34.12   61.89  141.70  172.38  152.88  122.85  123.53  184.76  246.48   56.90
  6   |  125.02   74.96  109.52   81.17  115.56   81.30   22.54   45.45   94.32  110.97  103.73   84.55   90.28  130.29  181.15
  7   |   66.67   88.04   48.06   71.55   57.78   79.67   51.86   16.21   29.25   58.46   72.99   69.33   60.48   62.03   93.80
  8   |   42.94   45.59   54.08   30.16   49.55   38.57   48.66   36.34   10.00   17.28   36.97   47.02   48.28   40.21   43.51
  9   |   89.55   86.23   77.13   75.59   67.15   73.59   64.73   73.25   65.23   39.93   32.74   40.22   57.50   70.44   76.28
------+------------------------------------------------------------------------------------------------------------------------
       x 10 ^ 6                                
 
 
        Population Abundance (1 January)
        --------------------------------
------+----------------
AGE   |    2002    2003
------+----------------
  0   |  350.87  309.88
  1   |  644.23  300.01
  2   |   76.18  540.78
  3   |  306.23   62.03
  4   |  210.35  236.26
  5   |  170.23  153.17
  6   |   41.45  121.14
  7   |  129.11   28.77
  8   |   65.04   86.85
  9   |   78.54   98.36
------+----------------
       x 10 ^ 6                                
 
 
 
        Weighting factors for the catches in number
        -------------------------------------------
------+----------------------------------------------------------------------------------------
AGE   |    1992    1993    1994    1995    1996    1997    1998    1999    2000    2001    2002
------+----------------------------------------------------------------------------------------
  0   |  0.0200  0.0200  0.0200  0.0200  0.0200  0.0200  0.0200  0.0200  0.0200  0.0200  0.0200
  1   |  1.0000  1.0000  1.0000  1.0000  1.0000  1.0000  1.0000  1.0000  1.0000  1.0000  1.0000
  2   |  1.0000  1.0000  1.0000  1.0000  1.0000  1.0000  1.0000  1.0000  1.0000  1.0000  1.0000
  3   |  1.0000  1.0000  1.0000  1.0000  1.0000  1.0000  1.0000  1.0000  1.0000  1.0000  1.0000
  4   |  1.0000  1.0000  1.0000  1.0000  1.0000  1.0000  1.0000  1.0000  1.0000  1.0000  1.0000
  5   |  1.0000  1.0000  1.0000  1.0000  1.0000  1.0000  1.0000  1.0000  1.0000  1.0000  1.0000
  6   |  1.0000  1.0000  1.0000  1.0000  1.0000  1.0000  1.0000  1.0000  1.0000  1.0000  1.0000
  7   |  1.0000  1.0000  1.0000  1.0000  1.0000  1.0000  1.0000  1.0000  1.0000  1.0000  1.0000
  8   |  1.0000  1.0000  1.0000  1.0000  1.0000  1.0000  1.0000  1.0000  1.0000  1.0000  1.0000
------+----------------------------------------------------------------------------------------
                                               
 
 
 
 Predicted SSB Index Values                                                     
  
 ---------------------------
 
          INDEX
        -------
------+------------------------------------------------------------------------------------------------------------------------
      |    1972    1973    1974    1975    1976    1977    1978    1979    1980    1981    1982    1983    1984    1985    1986
------+------------------------------------------------------------------------------------------------------------------------
  1   | ******* ******* ******* ******* ******* ******* ******* ******* ******* ******* ******* ******* ******* ******* *******
------+------------------------------------------------------------------------------------------------------------------------
       x 10 ^ 3                                
 
 
          INDEX
        -------
------+------------------------------------------------------------------------------------------------------------------------
      |    1987    1988    1989    1990    1991    1992    1993    1994    1995    1996    1997    1998    1999    2000    2001
------+------------------------------------------------------------------------------------------------------------------------
  1   | *******  280.44  246.51  201.47  212.11  233.90  258.35  261.31  275.85  262.13  286.01  277.85  296.15  295.35  335.36
------+------------------------------------------------------------------------------------------------------------------------
       x 10 ^ 3                                
 
 
          INDEX
        -------
------+--------
      |    2002
------+--------
  1   |  300.86
------+--------
       x 10 ^ 3                                
 
 
 
 Predicted Age-Structured Index Values                                          
  
 --------------------------------------
 
        FLT01: Dummy survey Predicted
        -----------------------------
------+--------------------------------
AGE   |    1981    1982    1983    1984
------+--------------------------------
  1   |   76.98   96.72   55.96   86.16
  2   |  343.65  339.95  428.55  249.84
  3   |  489.93  372.37  370.22  474.25
  4   |  235.87  183.01  139.26  142.41
  5   |   96.58  143.84  110.50   87.37
  6   |   68.23   69.73  102.66   82.37
  7   |   27.89   70.40   71.06  109.90
  8   |   29.73   57.20  140.97  149.98
  9   |   63.10   43.66   36.26   56.87
------+--------------------------------
       x 10 ^ 3                                
 
 
 
        Fitted Selection Pattern
        ------------------------
------+------------------------------------------------------------------------------------------------------------------------
AGE   |    1972    1973    1974    1975    1976    1977    1978    1979    1980    1981    1982    1983    1984    1985    1986
------+------------------------------------------------------------------------------------------------------------------------
  0   |  0.0348  0.0348  0.0348  0.0348  0.0348  0.0348  0.0348  0.0348  0.0348  0.0348  0.0348  0.0348  0.0348  0.0348  0.0348
  1   |  0.1317  0.1317  0.1317  0.1317  0.1317  0.1317  0.1317  0.1317  0.1317  0.1317  0.1317  0.1317  0.1317  0.1317  0.1317
  2   |  0.2915  0.2915  0.2915  0.2915  0.2915  0.2915  0.2915  0.2915  0.2915  0.2915  0.2915  0.2915  0.2915  0.2915  0.2915
  3   |  0.5751  0.5751  0.5751  0.5751  0.5751  0.5751  0.5751  0.5751  0.5751  0.5751  0.5751  0.5751  0.5751  0.5751  0.5751
  4   |  0.8792  0.8792  0.8792  0.8792  0.8792  0.8792  0.8792  0.8792  0.8792  0.8792  0.8792  0.8792  0.8792  0.8792  0.8792
  5   |  1.0000  1.0000  1.0000  1.0000  1.0000  1.0000  1.0000  1.0000  1.0000  1.0000  1.0000  1.0000  1.0000  1.0000  1.0000
  6   |  1.1309  1.1309  1.1309  1.1309  1.1309  1.1309  1.1309  1.1309  1.1309  1.1309  1.1309  1.1309  1.1309  1.1309  1.1309
  7   |  1.2956  1.2956  1.2956  1.2956  1.2956  1.2956  1.2956  1.2956  1.2956  1.2956  1.2956  1.2956  1.2956  1.2956  1.2956
  8   |  1.2000  1.2000  1.2000  1.2000  1.2000  1.2000  1.2000  1.2000  1.2000  1.2000  1.2000  1.2000  1.2000  1.2000  1.2000
  9   |  1.2000  1.2000  1.2000  1.2000  1.2000  1.2000  1.2000  1.2000  1.2000  1.2000  1.2000  1.2000  1.2000  1.2000  1.2000
------+------------------------------------------------------------------------------------------------------------------------
                                               
 
 
        Fitted Selection Pattern
        ------------------------
------+------------------------------------------------------------------------------------------------------------------------
AGE   |    1987    1988    1989    1990    1991    1992    1993    1994    1995    1996    1997    1998    1999    2000    2001
------+------------------------------------------------------------------------------------------------------------------------
  0   |  0.0348  0.0348  0.0348  0.0348  0.0348  0.0348  0.0348  0.0348  0.0348  0.0348  0.0348  0.0348  0.0348  0.0348  0.0348
  1   |  0.1317  0.1317  0.1317  0.1317  0.1317  0.1317  0.1317  0.1317  0.1317  0.1317  0.1317  0.1317  0.1317  0.1317  0.1317
  2   |  0.2915  0.2915  0.2915  0.2915  0.2915  0.2915  0.2915  0.2915  0.2915  0.2915  0.2915  0.2915  0.2915  0.2915  0.2915
  3   |  0.5751  0.5751  0.5751  0.5751  0.5751  0.5751  0.5751  0.5751  0.5751  0.5751  0.5751  0.5751  0.5751  0.5751  0.5751
  4   |  0.8792  0.8792  0.8792  0.8792  0.8792  0.8792  0.8792  0.8792  0.8792  0.8792  0.8792  0.8792  0.8792  0.8792  0.8792
  5   |  1.0000  1.0000  1.0000  1.0000  1.0000  1.0000  1.0000  1.0000  1.0000  1.0000  1.0000  1.0000  1.0000  1.0000  1.0000
  6   |  1.1309  1.1309  1.1309  1.1309  1.1309  1.1309  1.1309  1.1309  1.1309  1.1309  1.1309  1.1309  1.1309  1.1309  1.1309
  7   |  1.2956  1.2956  1.2956  1.2956  1.2956  1.2956  1.2956  1.2956  1.2956  1.2956  1.2956  1.2956  1.2956  1.2956  1.2956
  8   |  1.2000  1.2000  1.2000  1.2000  1.2000  1.2000  1.2000  1.2000  1.2000  1.2000  1.2000  1.2000  1.2000  1.2000  1.2000
  9   |  1.2000  1.2000  1.2000  1.2000  1.2000  1.2000  1.2000  1.2000  1.2000  1.2000  1.2000  1.2000  1.2000  1.2000  1.2000
------+------------------------------------------------------------------------------------------------------------------------
                                               
 
 
        Fitted Selection Pattern
        ------------------------
------+--------
AGE   |    2002
------+--------
  0   |  0.0348
  1   |  0.1317
  2   |  0.2915
  3   |  0.5751
  4   |  0.8792
  5   |  1.0000
  6   |  1.1309
  7   |  1.2956
  8   |  1.2000
  9   |  1.2000
------+--------
                                               
 
 
 
 
 
                    STOCK SUMMARY                                             
 
 
 ³ Year ³  Recruits  ³  Total  ³ Spawning³ Landings ³ Yield ³ Mean F ³ SoP ³    
 ³      ³   Age   0  ³ Biomass ³ Biomass ³          ³ /SSB  ³  Ages  ³     ³ 
 ³      ³  thousands ³  tonnes ³ tonnes  ³ tonnes   ³ ratio ³  4- 7  ³ (%) ³ 
 
   1972       558820    356950    258069     77434   0.3001   0.2856   100
   1973       105690    346770    234700     51932   0.2213   0.2138    99
   1974       202560    307956    229965     40049   0.1742   0.1711    99
   1975       509300    294268    215473     61275   0.2844   0.2914   100
   1976       509300    290149    188436     48716   0.2585   0.2523    99
   1977       752850    299490    184908     36899   0.1996   0.1996   100
   1978       591640    351753    207121     59111   0.2854   0.3219    99
   1979       456080    375528    231717     59826   0.2582   0.3154   100
   1980       456080    385469    263725     51474   0.1952   0.2116   100
   1981       577110    411949    299359     50997   0.1704   0.1809   100
   1982       333670    409989    287770     89103   0.3096   0.3013    99
   1983       511730    397210    288237     65570   0.2275   0.2342    99
   1984       392350    406362    298958     61033   0.2042   0.2075    99
   1985       528890    408984    301874     74831   0.2479   0.2258   100
   1986       361160    402727    291541     79097   0.2713   0.2455   100
   1987       105690    375397    281904     62014   0.2200   0.1911   100
   1988       202560    363363    280435     88798   0.3166   0.2802    99
   1989       438500    315246    246513     72761   0.2952   0.2625    99
   1990       558820    267869    201471     45546   0.2261   0.1807    99
   1991       528900    302149    212105     50606   0.2386   0.2112    99
   1992       420780    349671    233898     69205   0.2959   0.2851    99
   1993       413210    358900    258352     42462   0.1644   0.1709    99
   1994       577110    364158    261305     76514   0.2928   0.2766   100
   1995       759890    394284    275845     86305   0.3129   0.3126    99
   1996       169040    382251    262134     68693   0.2621   0.2560    99
   1997       498730    391763    286013     65387   0.2286   0.2408    99
   1998       456080    367098    277846     51493   0.1853   0.1761    99
   1999       518370    403818    296150     66282   0.2238   0.2145    99
   2000       105690    400313    295348     54032   0.1829   0.1700    99
   2001       752850    422316    335362     59825   0.1784   0.1796   100
   2002       350870    408971    300855     68060   0.2262   0.2047   100
 
 -----------------------------------------------------------------            
 No of years for separable analysis : 11                                      
 Age range in the analysis : 0  . . . 9                                       
 Year range in the analysis : 1972  . . . 2002                                
 Number of indices of SSB : 1                                                 
 Number of age-structured indices : 1                                         
                                                                              
 Parameters to estimate : 46                                                  
 Number of observations : 150                                                 
                                                                              
 Conventional single selection vector model to be fitted.                     
                                                                              
                                                                              
                                                                              
 -----------------------------------------------------------------            
 
 
 PARAMETER ESTIMATES                                                            
  
 
 ³Parm.³      ³ Maximum ³    ³        ³         ³         ³         ³ Mean of ³ 
  
 ³ No. ³      ³ Likelh. ³ CV ³  Lower ³ Upper   ³  -s.e.  ³   +s.e. ³ Param.  ³ 
  
 ³     ³      ³ Estimate³ (%)³ 95% CL ³ 95% CL  ³         ³         ³ Distrib.³ 
  
 Separable model : F by year                                                    
  
    1   1992     0.2649   0    0.2602    0.2696    0.2624    0.2673    0.2649
    2   1993     0.1588   0    0.1560    0.1616    0.1573    0.1602    0.1588
    3   1994     0.2570   0    0.2525    0.2615    0.2547    0.2593    0.2570
    4   1995     0.2904   0    0.2853    0.2956    0.2878    0.2931    0.2904
    5   1996     0.2378   0    0.2337    0.2420    0.2357    0.2400    0.2378
    6   1997     0.2237   0    0.2198    0.2275    0.2217    0.2256    0.2237
    7   1998     0.1636   0    0.1609    0.1664    0.1622    0.1650    0.1636
    8   1999     0.1993   0    0.1960    0.2026    0.1976    0.2010    0.1993
    9   2000     0.1580   0    0.1554    0.1606    0.1567    0.1593    0.1580
   10   2001     0.1668   0    0.1641    0.1696    0.1654    0.1683    0.1668
   11   2002     0.1902   0    0.1867    0.1937    0.1884    0.1920    0.1902
 
 Separable Model: Selection (S) by age                                          
  
   12      0     0.0348   4    0.0320    0.0378    0.0334    0.0363    0.0348
   13      1     0.1317   0    0.1294    0.1341    0.1305    0.1329    0.1317
   14      2     0.2915   0    0.2867    0.2964    0.2890    0.2940    0.2915
   15      3     0.5751   0    0.5661    0.5842    0.5705    0.5797    0.5751
   16      4     0.8792   0    0.8663    0.8923    0.8726    0.8859    0.8792
           5     1.0000     Fixed : Reference Age             
   17      6     1.1309   0    1.1156    1.1464    1.1231    1.1388    1.1309
   18      7     1.2956   0    1.2782    1.3132    1.2867    1.3046    1.2956
           8     1.2000     Fixed : Last true age             
 
 Separable model: Populations in year 2002                                    
   19      0     350870  13     267426    460349    305472    403014    354254
   20      1     644233   2     616790    672897    630082    658701    644392
   21      2      76175   1      73813     78612     74960     77409     76185
   22      3     306227   1     299135    313486    302588    309909    306248
   23      4     210345   1     206173    214601    208206    212506    210356
   24      5     170226   0     167284    173219    168719    171746    170232
   25      6      41446   0      40718     42187     41073     41822     41448
   26      7     129104   0     127274    130961    128167    130048    129107
   27      8      65038   0      64049     66041     64531     65548     65040
 
Separable model: Populations at age
   28   1992      38572   1      37109     40092     37819     39340     38579
   29   1993      48654   1      47275     50074     47945     49374     48660
   30   1994      36340   1      35463     37238     35890     36795     36342
   31   1995       9999   1       9763     10240      9878     10121     10000
   32   1996      17280   1      16900     17667     17085     17476     17281
   33   1997      36969   0      36261     37691     36606     37335     36971
   34   1998      47016   0      46208     47838     46602     47434     47018
   35   1999      48274   0      47502     49058     47878     48673     48275
   36   2000      40208   0      39557     40869     39874     40544     40209
   37   2001      43504   0      42817     44202     43152     43858     43505
 
 SSB Index catchabilities                                                       
  
   INDEX                                 
 Absolute estimator. No fitted catchability.                                    
  
 
 
 
 Age-structured index catchabilities                                            
  
                                        FLT01: Dummy survey                     
 
 Linear model fitted. Slopes at age :                                           
  
   38   1  Q  .2171      27 .1660     .4961     .2171     .3794     .2984    
   39   2  Q  1.176      27 .8998     2.689     1.176     2.056     1.617    
   40   3  Q  1.654      27 1.265     3.781     1.654     2.892     2.274    
   41   4  Q  .8585      27 .6567     1.962     .8585     1.501     1.180    
   42   5  Q  .7583      27 .5800     1.733     .7583     1.326     1.042    
   43   6  Q  .8166      27 .6246     1.866     .8166     1.428     1.123    
   44   7  Q  1.302      27 .9957     2.975     1.302     2.276     1.790    
   45   8  Q  4.116      27 3.148     9.407     4.116     7.195     5.658    
   46   9  Q  1.495      27 1.144     3.417     1.495     2.613     2.055    
 
 
 
 RESIDUALS ABOUT THE MODEL FIT                                                  
  
 ------------------------------
 
        Separable Model Residuals
        -------------------------
------+----------------------------------------------------------------------------------------
Age   |    1992    1993    1994    1995    1996    1997    1998    1999    2000    2001    2002
------+----------------------------------------------------------------------------------------
  0   | ******* ******* ******* ******* ******* ******* ******* ******* ******* ******* *******
  1   | ******* ******* ******* ******* ******* ******* ******* ******* ******* ******* *******
  2   | ******* ******* ******* ******* ******* ******* ******* ******* ******* ******* *******
  3   | ******* ******* ******* ******* ******* ******* ******* ******* ******* ******* *******
  4   | ******* ******* ******* ******* ******* ******* ******* ******* ******* ******* *******
  5   | ******* ******* ******* ******* ******* ******* ******* ******* ******* ******* *******
  6   | ******* ******* ******* ******* ******* ******* ******* ******* ******* ******* *******
  7   | ******* ******* ******* ******* ******* ******* ******* ******* ******* ******* *******
  8   | ******* ******* ******* ******* ******* ******* ******* ******* ******* ******* *******
------+----------------------------------------------------------------------------------------
                                               
 
 
 
 SPAWNING BIOMASS INDEX RESIDUALS                                               
  
 ---------------------------------
 
          INDEX
        -------
------+------------------------------------------------------------------------------------------------------------------------
      |    1972    1973    1974    1975    1976    1977    1978    1979    1980    1981    1982    1983    1984    1985    1986
------+------------------------------------------------------------------------------------------------------------------------
  1   | ******* ******* ******* ******* ******* ******* ******* ******* ******* ******* ******* ******* ******* ******* *******
------+------------------------------------------------------------------------------------------------------------------------
                                               
 
 
          INDEX
        -------
------+------------------------------------------------------------------------------------------------------------------------
      |    1987    1988    1989    1990    1991    1992    1993    1994    1995    1996    1997    1998    1999    2000    2001
------+------------------------------------------------------------------------------------------------------------------------
  1   | ******* ******* ******* ******* ******* ******* ******* ******* ******* ******* ******* ******* ******* ******* *******
------+------------------------------------------------------------------------------------------------------------------------
                                               
 
 
          INDEX
        -------
------+--------
      |    2002
------+--------
  1   | *******
------+--------
                                               
 
 
 
 AGE-STRUCTURED INDEX RESIDUALS                                                 
  
 -------------------------------
 
        FLT01: Dummy survey
        -------------------
------+--------------------------------
Age   |    1981    1982    1983    1984
------+--------------------------------
  1   |   1.240   0.741  -0.249  -1.732
  2   |   0.388   0.249   0.509  -1.145
  3   |  -0.778   0.261   0.183   0.333
  4   |  -2.007   0.006   1.034   0.967
  5   |   0.593  -1.762   0.166   1.003
  6   |   0.843   0.672  -1.626   0.111
  7   |   1.272   0.433   0.251  -1.956
  8   |   1.367   0.390  -0.687  -1.069
  9   |  -0.581   0.690   0.262  -0.370
------+--------------------------------
                                               
 
 
 
 
 
 
 PARAMETERS OF THE DISTRIBUTION OF ln(CATCHES AT AGE)                           
  
 -----------------------------------------------------
 
 Separable model fitted from 1992  to 2002                                    
 Variance                             0.0000
Skewness test stat.                   3.2439
Kurtosis test statistic               2.3837
Partial chi-square                    0.0000
Significance in fit                   0.0000
Degrees of freedom                        62
 
 
 PARAMETERS OF DISTRIBUTIONS OF THE SSB INDICES                                 
  
 -----------------------------------------------
 
 
   DISTRIBUTION STATISTICS FOR   INDEX                                          
 
 
 Index used as absolute measure of abundance                                    
  
 Last age is a plus-group                                                       
  
 
 Variance                             0.0000
Skewness test stat.                  -0.2319
Kurtosis test statistic              -0.8571
Partial chi-square                    0.0000
Significance in fit                   0.0000
Number of observations                    15
Degrees of freedom                        15
Weight in the analysis                5.0000
 
 PARAMETERS OF THE DISTRIBUTION OF THE AGE-STRUCTURED INDICES                   
  
 ------------------------------------------------------------ 
 
 
   DISTRIBUTION STATISTICS FOR FLT01: Dummy survey                              
 
 
 Linear catchability relationship assumed                                       
  
 
 Age                          1         2         3         4         5         6         7         8         9
 Variance                0.0019    0.0007    0.0003    0.0022    0.0017    0.0014    0.0021    0.0013    0.0004
Skewness test stat.     -0.4048   -0.8896   -0.9041   -0.6695   -0.7290   -0.7428   -0.6404    0.2505    0.1573
Kurtosis test statisti  -0.5061   -0.2928   -0.2871   -0.4061   -0.3520   -0.3626   -0.3538   -0.6019   -0.6526
Partial chi-square       0.0005    0.0002    0.0001    0.0005    0.0004    0.0004    0.0006    0.0004    0.0001
Significance in fit      0.0000    0.0000    0.0000    0.0000    0.0000    0.0000    0.0000    0.0000    0.0000
Number of observations        4         4         4         4         4         4         4         4         4
Degrees of freedom            3         3         3         3         3         3         3         3         3
Weight in the analysis   0.0011    0.0011    0.0011    0.0011    0.0011    0.0011    0.0011    0.0011    0.0011
 
 ANALYSIS OF VARIANCE                   
--------------------------
 
 Unweighted Statistics                                                          
  
 
                                                                                
  
Variance                              
                                       SSQ     Data    Parameters d.f. Variance
Total for model                        32.4397     150         46  104   0.3119
Catches at age                          0.0000      99         37   62   0.0000
  
SSB Indices                           
  INDEX                                 0.0000      15          0   15   0.0000
  
 Aged Indices                                                                   
  
FLT01: Dummy survey                    32.4397      36          9   27   1.2015
 
 
 Weighted Statistics                                                            
  
 
                                                                                
  
Variance                              
                                       SSQ     Data    Parameters d.f. Variance
Total for model                         0.0000     150         46  104   0.0000
Catches at age                          0.0000      99         37   62   0.0000
  
SSB Indices                           
  INDEX                                 0.0000      15          0   15   0.0000
  
 Aged Indices                                                                   
  
FLT01: Dummy survey                     0.0000      36          9   27   0.0000
 
