 Output Generated by ICA Version 1.4                                             
 ------------------------------------

        North Sea Herring
        -----------------

        Catch in Number
        ---------------
------+--------------------------------------------------------------------------------
AGE   |    1975    1976    1977    1978    1979    1980    1981    1982    1983    1984
------+--------------------------------------------------------------------------------
  0   |    264.    238.    257.    130.    542.   1263.   9520.  11957.  13297.   6662.
  1   |   2461.    127.    144.    169.    159.    245.    872.   1116.   2449.   1737.
  2   |    542.    902.     45.      5.     34.    134.    284.    299.    574.   1095.
  3   |    260.    117.    186.      6.     10.     92.     57.    230.    216.    422.
  4   |    141.     52.     11.      5.     10.     32.     40.     34.    105.    193.
  5   |     57.     35.      7.      0.      2.     22.     29.     14.     26.     78.
  6   |     16.      6.      4.      0.      0.      2.     23.      7.     23.     22.
  7   |      9.      4.      2.      0.      1.      1.     19.      8.     13.     24.
  8   |      3.      1.      1.      0.      1.      0.      6.      4.     11.     11.
  9   |      1.      0.      0.      0.      0.      0.      1.      1.     12.     18.
------+--------------------------------------------------------------------------------
       x 10 ^ 6                                


        Catch in Number
        ---------------
------+--------------------------------------------------------------------------------
AGE   |    1985    1986    1987    1988    1989    1990    1991    1992    1993    1994
------+--------------------------------------------------------------------------------
  0   |   4179.   3664.   8036.   3123.   2984.   1252.   2307.  10006.   9892.   4260.
  1   |   3228.   4723.   6675.   7763.   3070.   2902.   2067.   2231.   3688.   1690.
  2   |   1316.   1246.   2087.   2203.   1555.    864.   1095.   1244.   1134.   1688.
  3   |   1173.    827.    652.   1076.   1331.    749.    538.    429.    587.    463.
  4   |    366.    458.    456.    379.    790.    827.    531.    350.    294.    329.
  5   |    124.    128.    240.    252.    207.    372.    484.    349.    208.    103.
  6   |     43.     61.     73.    126.    121.     77.    198.    364.    218.     87.
  7   |     20.     20.     23.     38.     60.     52.     38.    148.    181.     72.
  8   |     13.     13.      8.     15.     19.     28.     25.     38.     84.     66.
  9   |     16.     15.      8.      8.      9.     11.     13.     23.     40.     44.
------+--------------------------------------------------------------------------------
       x 10 ^ 6                                



        Predicted Catch in Number
        -------------------------
------+------------------------------------------------
AGE   |    1989    1990    1991    1992    1993    1994    
------+------------------------------------------------
  0   |  3220.9  2661.8  2889.5  6170.9  6673.8  3870.9 
  1   |  2768.0  1673.8  1829.9  2254.8  5467.9  3209.2 
  2   |  2126.5   998.3   818.5  1003.8  1342.9  1714.1 
  3   |  1514.3   809.4   520.8   479.0   634.7   436.8 
  4   |   813.0   914.2   666.3   475.2   457.9   321.9 
  5   |   185.7   284.8   447.7   363.1   270.8   130.5 
  6   |    98.8    84.0   178.0   311.0   264.5   101.5 
  7   |    50.7    41.6    49.0   115.4   210.7    91.4 
  8   |    14.3    22.8    25.9    33.8    82.3    77.1 
------+------------------------------------------------
       x 10 ^ 6                                



        Weights at age in the catches (Kg)
        ----------------------------------
------+--------------------------------------------------------------------------------
AGE   |    1975    1976    1977    1978    1979    1980    1981    1982    1983    1984
------+--------------------------------------------------------------------------------
  0   | 0.01500 0.01500 0.01500 0.01500 0.01500 0.01500 0.00700 0.01000 0.01000 0.01000
  1   | 0.05000 0.05000 0.05000 0.05000 0.05000 0.05000 0.04900 0.05900 0.05900 0.05900
  2   | 0.12600 0.12600 0.12600 0.12600 0.12600 0.12600 0.11800 0.11800 0.11800 0.11800
  3   | 0.17600 0.17600 0.17600 0.17600 0.17600 0.17600 0.14200 0.14900 0.14900 0.14900
  4   | 0.21100 0.21100 0.21100 0.21100 0.21100 0.21100 0.18900 0.17900 0.17900 0.17900
  5   | 0.24300 0.24300 0.24300 0.24300 0.24300 0.24300 0.21100 0.21700 0.21700 0.21700
  6   | 0.25100 0.25100 0.25100 0.25100 0.25100 0.25100 0.22200 0.23800 0.23800 0.23800
  7   | 0.26700 0.26700 0.26700 0.26700 0.26700 0.26700 0.26700 0.26500 0.26500 0.26500
  8   | 0.27100 0.27100 0.27100 0.27100 0.27100 0.27100 0.27100 0.27400 0.27400 0.27400
  9   | 0.27100 0.27100 0.27100 0.27100 0.27100 0.27100 0.27100 0.27500 0.27500 0.27500
------+--------------------------------------------------------------------------------
                                               


        Weights at age in the catches (Kg)
        ----------------------------------
------+--------------------------------------------------------------------------------
AGE   |    1985    1986    1987    1988    1989    1990    1991    1992    1993    1994
------+--------------------------------------------------------------------------------
  0   | 0.00900 0.00600 0.01100 0.01100 0.01700 0.01900 0.01700 0.00990 0.00100 0.00600
  1   | 0.03600 0.06700 0.03500 0.05500 0.04300 0.05500 0.05800 0.05260 0.03300 0.05600
  2   | 0.12800 0.12100 0.09900 0.11100 0.11500 0.11400 0.13000 0.10300 0.11500 0.13000
  3   | 0.16400 0.15300 0.14900 0.14500 0.15300 0.14900 0.16600 0.17500 0.14500 0.15900
  4   | 0.19400 0.18200 0.18000 0.17400 0.17300 0.17700 0.18400 0.18900 0.18900 0.18100
  5   | 0.21100 0.20700 0.21100 0.19700 0.20800 0.19300 0.20300 0.20700 0.20400 0.21400
  6   | 0.22000 0.22100 0.23400 0.21600 0.23100 0.22900 0.21700 0.22300 0.22800 0.24000
  7   | 0.25800 0.23800 0.25800 0.23700 0.24700 0.23600 0.23500 0.23700 0.24400 0.25500
  8   | 0.27000 0.25200 0.27800 0.25300 0.26500 0.25000 0.25900 0.24900 0.25600 0.27300
  9   | 0.29200 0.26200 0.29500 0.26300 0.25900 0.28700 0.27100 0.28700 0.31000 0.28100
------+--------------------------------------------------------------------------------
                                               



        Weights at age in the stock (Kg)
        --------------------------------
------+--------------------------------------------------------------------------------
AGE   |    1975    1976    1977    1978    1979    1980    1981    1982    1983    1984
------+--------------------------------------------------------------------------------
  0   | 0.01500 0.01500 0.01500 0.01500 0.01500 0.01500 0.01500 0.01500 0.01500 0.01500
  1   | 0.05000 0.05000 0.05000 0.05000 0.05000 0.05000 0.05000 0.05000 0.05000 0.05000
  2   | 0.15500 0.15500 0.15500 0.15500 0.15500 0.15500 0.15500 0.15500 0.15500 0.15500
  3   | 0.18700 0.18700 0.18700 0.18700 0.18700 0.18700 0.18700 0.18700 0.18700 0.18700
  4   | 0.22300 0.22300 0.22300 0.22300 0.22300 0.22300 0.22300 0.22300 0.22300 0.22300
  5   | 0.23900 0.23900 0.23900 0.23900 0.23900 0.23900 0.23900 0.23900 0.23900 0.23900
  6   | 0.27600 0.27600 0.27600 0.27600 0.27600 0.27600 0.27600 0.27600 0.27600 0.27600
  7   | 0.29900 0.29900 0.29900 0.29900 0.29900 0.29900 0.29900 0.29900 0.29900 0.29900
  8   | 0.30600 0.30600 0.30600 0.30600 0.30600 0.30600 0.30600 0.30600 0.30600 0.30600
  9   | 0.31200 0.31200 0.31200 0.31200 0.31200 0.31200 0.31200 0.31200 0.31200 0.31200
------+--------------------------------------------------------------------------------
                                               


        Weights at age in the stock (Kg)
        --------------------------------
------+--------------------------------------------------------------------------------
AGE   |    1985    1986    1987    1988    1989    1990    1991    1992    1993    1994
------+--------------------------------------------------------------------------------
  0   | 0.00900 0.00600 0.00600 0.00700 0.01200 0.01600 0.01700 0.00800 0.01000 0.01000
  1   | 0.06400 0.07800 0.04900 0.04300 0.05100 0.06400 0.06500 0.07800 0.06900 0.06000
  2   | 0.14100 0.14600 0.13300 0.12200 0.14000 0.14500 0.15800 0.14200 0.11500 0.13800
  3   | 0.19300 0.19000 0.18300 0.16300 0.17800 0.18600 0.19800 0.20900 0.14700 0.20900
  4   | 0.22800 0.22400 0.22000 0.21500 0.21100 0.20800 0.22400 0.21900 0.20200 0.22000
  5   | 0.24800 0.24800 0.24700 0.23900 0.25400 0.23200 0.23600 0.24300 0.22500 0.25100
  6   | 0.25800 0.28100 0.26300 0.27000 0.28300 0.25700 0.26000 0.25500 0.27700 0.28900
  7   | 0.30000 0.28700 0.28500 0.27700 0.28800 0.28200 0.27500 0.27200 0.28600 0.31500
  8   | 0.31800 0.32800 0.31000 0.29700 0.31600 0.27800 0.29800 0.31200 0.30500 0.32300
  9   | 0.31600 0.36400 0.34200 0.31000 0.36200 0.31800 0.31700 0.31100 0.34000 0.34600
------+--------------------------------------------------------------------------------
                                               



        Natural Mortality (per year)
        ----------------------------
------+--------------------------------------------------------------------------------
AGE   |    1975    1976    1977    1978    1979    1980    1981    1982    1983    1984
------+--------------------------------------------------------------------------------
  0   |  1.0000  1.0000  1.0000  1.0000  1.0000  1.0000  1.0000  1.0000  1.0000  1.0000
  1   |  1.0000  1.0000  1.0000  1.0000  1.0000  1.0000  1.0000  1.0000  1.0000  1.0000
  2   |  0.3000  0.3000  0.3000  0.3000  0.3000  0.3000  0.3000  0.3000  0.3000  0.3000
  3   |  0.2000  0.2000  0.2000  0.2000  0.2000  0.2000  0.2000  0.2000  0.2000  0.2000
  4   |  0.1000  0.1000  0.1000  0.1000  0.1000  0.1000  0.1000  0.1000  0.1000  0.1000
  5   |  0.1000  0.1000  0.1000  0.1000  0.1000  0.1000  0.1000  0.1000  0.1000  0.1000
  6   |  0.1000  0.1000  0.1000  0.1000  0.1000  0.1000  0.1000  0.1000  0.1000  0.1000
  7   |  0.1000  0.1000  0.1000  0.1000  0.1000  0.1000  0.1000  0.1000  0.1000  0.1000
  8   |  0.1000  0.1000  0.1000  0.1000  0.1000  0.1000  0.1000  0.1000  0.1000  0.1000
  9   |  0.1000  0.1000  0.1000  0.1000  0.1000  0.1000  0.1000  0.1000  0.1000  0.1000
------+--------------------------------------------------------------------------------
                                               


        Natural Mortality (per year)
        ----------------------------
------+--------------------------------------------------------------------------------
AGE   |    1985    1986    1987    1988    1989    1990    1991    1992    1993    1994
------+--------------------------------------------------------------------------------
  0   |  1.0000  1.0000  1.0000  1.0000  1.0000  1.0000  1.0000  1.0000  1.0000  1.0000
  1   |  1.0000  1.0000  1.0000  1.0000  1.0000  1.0000  1.0000  1.0000  1.0000  1.0000
  2   |  0.3000  0.3000  0.3000  0.3000  0.3000  0.3000  0.3000  0.3000  0.3000  0.3000
  3   |  0.2000  0.2000  0.2000  0.2000  0.2000  0.2000  0.2000  0.2000  0.2000  0.2000
  4   |  0.1000  0.1000  0.1000  0.1000  0.1000  0.1000  0.1000  0.1000  0.1000  0.1000
  5   |  0.1000  0.1000  0.1000  0.1000  0.1000  0.1000  0.1000  0.1000  0.1000  0.1000
  6   |  0.1000  0.1000  0.1000  0.1000  0.1000  0.1000  0.1000  0.1000  0.1000  0.1000
  7   |  0.1000  0.1000  0.1000  0.1000  0.1000  0.1000  0.1000  0.1000  0.1000  0.1000
  8   |  0.1000  0.1000  0.1000  0.1000  0.1000  0.1000  0.1000  0.1000  0.1000  0.1000
  9   |  0.1000  0.1000  0.1000  0.1000  0.1000  0.1000  0.1000  0.1000  0.1000  0.1000
------+--------------------------------------------------------------------------------
                                               



        Proportion of fish spawning
        ---------------------------
------+--------------------------------------------------------------------------------
AGE   |    1975    1976    1977    1978    1979    1980    1981    1982    1983    1984
------+--------------------------------------------------------------------------------
  0   |  0.0000  0.0000  0.0000  0.0000  0.0000  0.0000  0.0000  0.0000  0.0000  0.0000
  1   |  0.0000  0.0000  0.0000  0.0000  0.0000  0.0000  0.0000  0.0000  0.0000  0.0000
  2   |  0.8200  0.8200  0.8200  0.8200  0.8200  0.8200  0.8200  0.8200  0.8200  0.8200
  3   |  1.0000  1.0000  1.0000  1.0000  1.0000  1.0000  1.0000  1.0000  1.0000  1.0000
  4   |  1.0000  1.0000  1.0000  1.0000  1.0000  1.0000  1.0000  1.0000  1.0000  1.0000
  5   |  1.0000  1.0000  1.0000  1.0000  1.0000  1.0000  1.0000  1.0000  1.0000  1.0000
  6   |  1.0000  1.0000  1.0000  1.0000  1.0000  1.0000  1.0000  1.0000  1.0000  1.0000
  7   |  1.0000  1.0000  1.0000  1.0000  1.0000  1.0000  1.0000  1.0000  1.0000  1.0000
  8   |  1.0000  1.0000  1.0000  1.0000  1.0000  1.0000  1.0000  1.0000  1.0000  1.0000
  9   |  1.0000  1.0000  1.0000  1.0000  1.0000  1.0000  1.0000  1.0000  1.0000  1.0000
------+--------------------------------------------------------------------------------
                                               


        Proportion of fish spawning
        ---------------------------
------+--------------------------------------------------------------------------------
AGE   |    1985    1986    1987    1988    1989    1990    1991    1992    1993    1994
------+--------------------------------------------------------------------------------
  0   |  0.0000  0.0000  0.0000  0.0000  0.0000  0.0000  0.0000  0.0000  0.0000  0.0000
  1   |  0.0000  0.0000  0.0000  0.0000  0.0000  0.0000  0.0000  0.0000  0.0000  0.0000
  2   |  0.7000  0.7500  0.6300  0.6600  0.7900  0.7300  0.6400  0.5130  0.4160  0.7210
  3   |  1.0000  1.0000  1.0000  0.9000  0.9400  0.9700  0.9800  1.0000  0.6290  0.8580
  4   |  1.0000  1.0000  1.0000  1.0000  1.0000  1.0000  1.0000  1.0000  1.0000  1.0000
  5   |  1.0000  1.0000  1.0000  1.0000  1.0000  1.0000  1.0000  1.0000  1.0000  1.0000
  6   |  1.0000  1.0000  1.0000  1.0000  1.0000  1.0000  1.0000  1.0000  1.0000  1.0000
  7   |  1.0000  1.0000  1.0000  1.0000  1.0000  1.0000  1.0000  1.0000  1.0000  1.0000
  8   |  1.0000  1.0000  1.0000  1.0000  1.0000  1.0000  1.0000  1.0000  1.0000  1.0000
  9   |  1.0000  1.0000  1.0000  1.0000  1.0000  1.0000  1.0000  1.0000  1.0000  1.0000
------+--------------------------------------------------------------------------------
                                               



 INDICES OF SPAWNING BIOMASS                                                     
 ----------------------------

          LPE
        -----
------+--------------------------------------------------------------------------------
      |    1983    1984    1985    1986    1987    1988    1989    1990    1991    1992
------+--------------------------------------------------------------------------------
  1   |   635.0   871.0  1022.0  1244.0   699.0  1249.0  1328.0  1547.0   889.0   860.0
------+--------------------------------------------------------------------------------
                                               


          LPE
        -----
------+--------
      |    1993    
------+--------
  1   | ******* 
------+--------
                                               



 AGE-STRUCTURED INDICES                                                          
 -----------------------

        IYFS Survey Data at ages 2 - 5+
        -------------------------------
------+--------------------------------------------------------------------------------
AGE   |    1983    1984    1985    1986    1987    1988    1989    1990    1991    1992
------+--------------------------------------------------------------------------------
  2   |   109.0   161.0   716.0   661.0   838.0  4100.0   775.0   580.0   794.0   377.0
  3   |    41.8    74.7   256.0   235.0   117.0   783.0   411.0   322.0   283.0   181.0
  4   |    14.1    31.8    26.2    56.5    55.5    55.4    86.4   271.0   250.0    63.0
  5   |    33.7     6.9    36.4    17.2    43.6    26.0    10.0    70.3   170.0   102.0
------+--------------------------------------------------------------------------------
                                               


        IYFS Survey Data at ages 2 - 5+
        -------------------------------
------+------------------------
AGE   |    1993    1994    1995    
------+------------------------
  2   |   762.0  1090.0  1280.0 
  3   |   236.0   199.0   153.0 
  4   |    44.5    63.6    46.2 
  5   |    63.7    40.0     9.3 
------+------------------------
                                               



        IYFS Survey Data at age 1
        -------------------------
------+--------------------------------------------------------------------------------
AGE   |    1979    1980    1981    1982    1983    1984    1985    1986    1987    1988
------+--------------------------------------------------------------------------------
  1   |   172.0   312.0   431.0   772.0  1260.0  1440.0  2080.0  2540.0  3680.0  4530.0
------+--------------------------------------------------------------------------------
                                               


        IYFS Survey Data at age 1
        -------------------------
------+--------------------------------------------------------
AGE   |    1989    1990    1991    1992    1993    1994    1995    
------+--------------------------------------------------------
  1   |  2310.0  1020.0  1160.0  1160.0  2940.0  1667.0  1188.0 
------+--------------------------------------------------------
                                               



        Acoustic Survey Data
        --------------------
------+------------------------------------------------
AGE   |    1989    1990    1991    1992    1993    1994    
------+------------------------------------------------
  2   |  3730.0  2970.0  2830.0  4180.0  3710.0  3280.0 
  3   |  3750.0  3530.0  1500.0  1630.0  1890.0   957.0 
  4   |  1610.0  3370.0  2100.0  1400.0   909.0   429.0 
  5   |   488.0  1350.0  1980.0  1510.0   795.0   363.0 
  6   |   281.0   395.0   748.0  1310.0   788.0   321.0 
  7   |   120.0   211.0   262.0   474.0   546.0   328.0 
  8   |    44.0   134.0   112.0   155.0   178.0   220.0 
  9   |    22.0    43.0    56.0   163.0   116.0   132.0 
------+------------------------------------------------
       x 10 ^ 3                                



        MIK Recruitment Index
        ---------------------
------+--------------------------------------------------------------------------------
AGE   |    1978    1979    1980    1981    1982    1983    1984    1985    1986    1987
------+--------------------------------------------------------------------------------
  0   |   13.10   52.10  101.10   76.70  133.90   91.80  115.00  181.30  177.40  270.90
------+--------------------------------------------------------------------------------
                                               


        MIK Recruitment Index
        ---------------------
------+----------------------------------------------------------------
AGE   |    1988    1989    1990    1991    1992    1993    1994    1995    
------+----------------------------------------------------------------
  0   |  168.90   71.40   25.90   69.90  200.70  190.10  101.70  127.00 
------+----------------------------------------------------------------
                                               



        Fishing Mortality (per year)
        ----------------------------
------+--------------------------------------------------------------------------------
AGE   |    1975    1976    1977    1978    1979    1980    1981    1982    1983    1984
------+--------------------------------------------------------------------------------
  0   |  0.1516  0.1447  0.0969  0.0453  0.0839  0.1264  0.4884  0.3395  0.4084  0.2198
  1   |  0.6855  0.2383  0.2921  0.1985  0.1656  0.1136  0.2871  0.2293  0.2569  0.2010
  2   |  1.2926  1.3256  0.2128  0.0237  0.0938  0.3607  0.3255  0.2626  0.3098  0.3065
  3   |  1.4992  1.3589  1.3581  0.0399  0.0651  0.4143  0.2723  0.5116  0.3279  0.4211
  4   |  1.3428  1.7089  0.3792  0.0966  0.0876  0.2898  0.2985  0.2436  0.4410  0.5143
  5   |  1.7834  1.4578  1.1265  0.0143  0.0482  0.2446  0.3983  0.1512  0.2704  0.5998
  6   |  1.2566  0.8853  0.5726  0.0687  0.0107  0.0617  0.3857  0.1385  0.3357  0.3323
  7   |  1.9853  1.4197  0.4913  0.0428  0.3763  0.0866  0.8390  0.1972  0.3687  0.6254
  8   |  1.7401  1.4514  0.8075  0.0985  0.1563  0.2912  0.4963  0.3296  0.4142  0.5234
  9   |  1.7401  1.4514  0.8075  0.0985  0.1563  0.2912  0.4963  0.3296  0.4142  0.5234
------+--------------------------------------------------------------------------------
                                               


        Fishing Mortality (per year)
        ----------------------------
------+--------------------------------------------------------------------------------
AGE   |    1985    1986    1987    1988    1989    1990    1991    1992    1993    1994
------+--------------------------------------------------------------------------------
  0   |  0.0884  0.0605  0.1459  0.1182  0.1590  0.1247  0.1271  0.1502  0.2163  0.1688
  1   |  0.3850  0.3265  0.3588  0.5117  0.3518  0.2760  0.2812  0.3324  0.4785  0.3734
  2   |  0.4119  0.4584  0.4228  0.3413  0.4700  0.3687  0.3757  0.4440  0.6392  0.4988
  3   |  0.6787  0.5323  0.4990  0.4314  0.4466  0.3504  0.3570  0.4219  0.6074  0.4740
  4   |  0.7521  0.5872  0.6026  0.5771  0.6441  0.5053  0.5149  0.6085  0.8760  0.6836
  5   |  0.6476  0.5682  0.6204  0.7037  0.5506  0.4319  0.4401  0.5201  0.7488  0.5843
  6   |  0.7073  0.6882  0.6584  0.6933  0.5841  0.4582  0.4669  0.5518  0.7943  0.6199
  7   |  0.5154  0.7551  0.5379  0.7534  0.5875  0.4608  0.4696  0.5550  0.7989  0.6235
  8   |  0.7290  0.6904  0.6572  0.7169  0.6441  0.5053  0.5149  0.6085  0.8760  0.6836
  9   |  0.7290  0.6904  0.6572  0.7169  0.6441  0.5053  0.5149  0.6085  0.8760  0.6836
------+--------------------------------------------------------------------------------
                                               



        Population Abundance (1 January)
        --------------------------------
------+--------------------------------------------------------------------------------
AGE   |    1975    1976    1977    1978    1979    1980    1981    1982    1983    1984
------+--------------------------------------------------------------------------------
  0   |   2930.   2765.   4365.   4631.  10578.  16655.  37470.  63923.  60702.  52464.
  1   |   7426.    926.    880.   1458.   1628.   3578.   5400.   8458.  16747.  14844.
  2   |    838.   1376.    269.    242.    440.    508.   1175.   1491.   2474.   4765.
  3   |    360.    170.    271.    161.    175.    297.    262.    629.    849.   1344.
  4   |    198.     66.     36.     57.    127.    134.    160.    163.    309.    501.
  5   |     71.     47.     11.     22.     47.    105.     91.    108.    116.    180.
  6   |     23.     11.     10.      3.     20.     40.     74.     55.     84.     80.
  7   |     11.      6.      4.      5.      3.     18.     34.     46.     43.     54.
  8   |      4.      1.      1.      2.      4.      2.     15.     13.     34.     27.
  9   |      2.      1.      0.      3.      1.      0.      3.      4.     37.     46.
------+--------------------------------------------------------------------------------
       x 10 ^ 6                                


        Population Abundance (1 January)
        --------------------------------
------+--------------------------------------------------------------------------------
AGE   |    1985    1986    1987    1988    1989    1990    1991    1992    1993    1994
------+--------------------------------------------------------------------------------
  0   |  77566.  98253.  92533.  43897.  34211.  35542.  37901.  69134.  53342.  38894.
  1   |  15492.  26120.  34023.  29420.  14349.  10735.  11542.  12279.  21886.  15807.
  2   |   4466.   3878.   6932.   8743.   6488.   3713.   2997.   3205.   3240.   4990.
  3   |   2598.   2192.   1817.   3365.   4604.   3004.   1902.   1525.   1523.   1267.
  4   |    722.   1079.   1054.    903.   1790.   2412.   1732.   1090.    819.    679.
  5   |    271.    308.    543.    522.    459.    850.   1317.    937.    537.    308.
  6   |     89.    128.    158.    264.    234.    239.    500.    767.    504.    230.
  7   |     52.     40.     58.     74.    119.    118.    137.    283.    400.    206.
  8   |     26.     28.     17.     31.     32.     60.     67.     77.    147.    163.
  9   |     32.     31.     17.     17.     19.     30.     33.     52.     72.     93.
------+--------------------------------------------------------------------------------
       x 10 ^ 6                                


        Population Abundance (1 January)
        --------------------------------
------+--------
AGE   |    1995    
------+--------
  0   |  51533. 
  1   |  12086. 
  2   |   4003. 
  3   |   2245. 
  4   |    646. 
  5   |    310. 
  6   |    156. 
  7   |    112. 
  8   |    102. 
  9   |    117. 
------+--------
       x 10 ^ 6                                



        Weighting factors for the catches in number
        -------------------------------------------
------+------------------------------------------------
AGE   |    1989    1990    1991    1992    1993    1994    
------+------------------------------------------------
  0   |  0.5000  0.5000  0.5000  0.5000  0.5000  0.5000 
  1   |  1.0000  1.0000  1.0000  1.0000  1.0000  1.0000 
  2   |  1.0000  1.0000  1.0000  1.0000  1.0000  1.0000 
  3   |  1.0000  1.0000  1.0000  1.0000  1.0000  1.0000 
  4   |  1.0000  1.0000  1.0000  1.0000  1.0000  1.0000 
  5   |  1.0000  1.0000  1.0000  1.0000  1.0000  1.0000 
  6   |  1.0000  1.0000  1.0000  1.0000  1.0000  1.0000 
  7   |  1.0000  1.0000  1.0000  1.0000  1.0000  1.0000 
  8   |  1.0000  1.0000  1.0000  1.0000  1.0000  1.0000 
------+------------------------------------------------
                                               



 Predicted SSB Index Values                                                      
 ---------------------------

          LPE
        -----
------+--------------------------------------------------------------------------------
      |    1983    1984    1985    1986    1987    1988    1989    1990    1991    1992
------+--------------------------------------------------------------------------------
  1   |   505.8   832.4   842.4   879.1   978.1  1216.0  1528.2  1381.8  1234.2   996.5
------+--------------------------------------------------------------------------------
                                               


          LPE
        -----
------+--------
      |    1993    
------+--------
  1   | ******* 
------+--------
                                               



 Predicted Age-Structured Index Values                                           
 --------------------------------------

        IYFS Survey Data at ages 2 - 5+ Predicted
        -----------------------------------------
------+--------------------------------------------------------------------------------
AGE   |    1983    1984    1985    1986    1987    1988    1989    1990    1991    1992
------+--------------------------------------------------------------------------------
  2   |   380.4   733.0   677.7   584.9  1050.4  1338.9   977.0   566.6   456.9   484.3
  3   |    87.7   137.2   256.4   220.5   183.5   342.9   468.3   309.4   195.8   155.6
  4   |    20.2    32.4    45.3    69.1    67.4    57.9   113.8   156.2   112.1    69.6
  5   |    12.3    14.8    17.7    20.2    29.9    33.9    32.7    50.1    79.1    80.6
------+--------------------------------------------------------------------------------
                                               


        IYFS Survey Data at ages 2 - 5+ Predicted
        -----------------------------------------
------+------------------------
AGE   |    1993    1994    1995    
------+------------------------
  2   |   477.3   748.6   600.6 
  3   |   151.7   128.4   227.5 
  4   |    50.5    43.0    40.8 
  5   |    61.2    37.7    29.9 
------+------------------------
                                               



        IYFS Survey Data at age 1 Predicted
        -----------------------------------
------+--------------------------------------------------------------------------------
AGE   |    1979    1980    1981    1982    1983    1984    1985    1986    1987    1988
------+--------------------------------------------------------------------------------
  1   |   173.6   384.1   566.8   894.5  1764.7  1575.6  1605.5  2727.7  3538.1  2999.1
------+--------------------------------------------------------------------------------
                                               


        IYFS Survey Data at age 1 Predicted
        -----------------------------------
------+--------------------------------------------------------
AGE   |    1989    1990    1991    1992    1993    1994    1995    
------+--------------------------------------------------------
  1   |  1493.5  1128.4  1212.4  1281.3  2240.8  1640.7  1254.5 
------+--------------------------------------------------------
                                               



        Acoustic Survey Data Predicted
        ------------------------------
------+------------------------------------------------
AGE   |    1989    1990    1991    1992    1993    1994    
------+------------------------------------------------
  2   |  5616.3  3398.4  2732.4  2814.5  2555.4  4251.5 
  3   |  4385.6  3017.1  1903.8  1472.3  1328.1  1188.5 
  4   |  1880.9  2735.9  1955.1  1168.3   757.5   698.7 
  5   |   634.9  1256.2  1936.3  1318.4   666.1   419.1 
  6   |   348.0   382.1   793.6  1163.0   668.5   335.4 
  7   |   181.5   192.0   222.1   438.4   540.7   306.9 
  8   |    50.4   103.6   115.4   126.3   207.1   254.4 
  9   |    30.9    53.6    58.1    87.3   104.5   150.4 
------+------------------------------------------------
       x 10 ^ 3                                



        MIK Recruitment Index Predicted
        -------------------------------
------+--------------------------------------------------------------------------------
AGE   |    1978    1979    1980    1981    1982    1983    1984    1985    1986    1987
------+--------------------------------------------------------------------------------
  0   |   11.77   26.63   41.48   85.25  150.95  140.90  127.65  195.04  248.78  229.35
------+--------------------------------------------------------------------------------
                                               


        MIK Recruitment Index Predicted
        -------------------------------
------+----------------------------------------------------------------
AGE   |    1988    1989    1990    1991    1992    1993    1994    1995    
------+----------------------------------------------------------------
  0   |  109.56   84.52   88.56   94.38  171.17  129.91   95.85  127.00 
------+----------------------------------------------------------------
                                               



        Fitted Selection Pattern
        ------------------------
------+--------------------------------------------------------------------------------
AGE   |    1975    1976    1977    1978    1979    1980    1981    1982    1983    1984
------+--------------------------------------------------------------------------------
  0   |  0.1129  0.0847  0.2555  0.4686  0.9586  0.4360  1.6361  1.3938  0.9260  0.4273
  1   |  0.5105  0.1394  0.7704  2.0555  1.8911  0.3919  0.9618  0.9416  0.5825  0.3909
  2   |  0.9626  0.7757  0.5611  0.2457  1.0717  1.2447  1.0903  1.0782  0.7025  0.5959
  3   |  1.1165  0.7952  3.5819  0.4128  0.7434  1.4296  0.9122  2.1004  0.7437  0.8187
  4   |  1.0000  1.0000  1.0000  1.0000  1.0000  1.0000  1.0000  1.0000  1.0000  1.0000
  5   |  1.3282  0.8530  2.9711  0.1481  0.5508  0.8440  1.3343  0.6208  0.6131  1.1662
  6   |  0.9358  0.5181  1.5102  0.7115  0.1218  0.2128  1.2919  0.5685  0.7613  0.6461
  7   |  1.4785  0.8308  1.2957  0.4427  4.2983  0.2987  2.8107  0.8097  0.8360  1.2159
  8   |  1.2959  0.8493  2.1296  1.0198  1.7850  1.0050  1.6626  1.3531  0.9393  1.0176
  9   |  1.2959  0.8493  2.1296  1.0198  1.7850  1.0050  1.6626  1.3531  0.9393  1.0176
------+--------------------------------------------------------------------------------
                                               


        Fitted Selection Pattern
        ------------------------
------+--------------------------------------------------------------------------------
AGE   |    1985    1986    1987    1988    1989    1990    1991    1992    1993    1994
------+--------------------------------------------------------------------------------
  0   |  0.1176  0.1030  0.2421  0.2048  0.2469  0.2469  0.2469  0.2469  0.2469  0.2469
  1   |  0.5119  0.5561  0.5954  0.8867  0.5462  0.5462  0.5462  0.5462  0.5462  0.5462
  2   |  0.5477  0.7807  0.7017  0.5914  0.7297  0.7297  0.7297  0.7297  0.7297  0.7297
  3   |  0.9024  0.9065  0.8281  0.7474  0.6934  0.6934  0.6934  0.6934  0.6934  0.6934
  4   |  1.0000  1.0000  1.0000  1.0000  1.0000  1.0000  1.0000  1.0000  1.0000  1.0000
  5   |  0.8611  0.9676  1.0296  1.2193  0.8548  0.8548  0.8548  0.8548  0.8548  0.8548
  6   |  0.9404  1.1720  1.0926  1.2013  0.9068  0.9068  0.9068  0.9068  0.9068  0.9068
  7   |  0.6853  1.2859  0.8927  1.3054  0.9120  0.9120  0.9120  0.9120  0.9120  0.9120
  8   |  0.9693  1.1757  1.0906  1.2421  1.0000  1.0000  1.0000  1.0000  1.0000  1.0000
  9   |  0.9693  1.1757  1.0906  1.2421  1.0000  1.0000  1.0000  1.0000  1.0000  1.0000
------+--------------------------------------------------------------------------------
                                               





                    STOCK SUMMARY                                             


 ³ Year ³  Recruits  ³  Total  ³ Spawning³ Landings ³ Yield ³ Mean F ³ SoP ³    
 ³      ³   Age   0  ³ Biomass ³ Biomass ³          ³ /SSB  ³  Ages  ³     ³ 
 ³      ³  thousands ³  tonnes ³ tonnes  ³ tonnes   ³ ratio ³  2- 6  ³ (%) ³ 

   1975      2930370    685144     83739    312800   3.7354   1.4349   107
   1976      2764660    364217     80785    174800   2.1638   1.3473   104
   1977      4365210    216717     51768     46000   0.8886   0.7298    83
   1978      4631180    232020     70066     11000   0.1570   0.0486    82
   1979     10577830    388172    112293     25100   0.2235   0.0611    99
   1980     16655440    634945    136298     70764   0.5192   0.2742    91
   1981     37469700   1156885    200812    174879   0.8709   0.3360    99
   1982     63923040   1826869    281891    275079   0.9758   0.2615   102
   1983     60701950   2444831    432378    387202   0.8955   0.3370    92
   1984     52463510   2734702    711509    409489   0.5755   0.4348    94
   1985     77565690   3109879    720085    609108   0.8459   0.6395    95
   1986     98252920   3995476    751466    660553   0.8790   0.5669    87
   1987     92532790   3911996    836080    773411   0.9250   0.5606    98
   1988     43896850   3612569   1039410    875923   0.8427   0.5494    85
   1989     34211080   3481494   1306226    768886   0.5886   0.5391    96
   1990     35541970   3172748   1181095    619963   0.5249   0.4229    95
   1991     37900880   3141473   1054993    635929   0.6028   0.4309    98
   1992     69134480   3063956    851807    694206   0.8150   0.5093   100
   1993     53342300   3249347    494285    647435   1.3098   0.7331   113
   1994     38894020   2733571    703730    600000   0.8526   0.5721   106

 -----------------------------------------------------------------            
 No of years for separable analysis : 6                                       
 Age range in the analysis : 0  . . . 9                                       
 Year range in the analysis : 1975  . . . 1994                                
 Number of indices of SSB : 1                                                 
 Number of age-structured indices : 4                                         
 Stock-recruit relationship to be fitted.                                     
 Parameters to estimate : 45                                                  
 Number of observations : 218                                                 
                                                                              
 Conventional single selection vector model to be fitted.                     
                                                                              
                                                                              
                                                                              
 -----------------------------------------------------------------            


 PARAMETER ESTIMATES                                                             

 ³Parm.³      ³ Maximum ³    ³        ³         ³         ³         ³ Mean of ³  
 ³ No. ³      ³ Likelh. ³ CV ³  Lower ³ Upper   ³  -s.e.  ³   +s.e. ³ Param.  ³  
 ³     ³      ³ Estimate³ (%)³ 95% CL ³ 95% CL  ³         ³         ³ Distrib.³  
 Separable model : F by year                                                     
    1   1989     0.6441  15    0.4749    0.8737    0.5514    0.7525    0.6520
    2   1990     0.5053  15    0.3718    0.6867    0.4321    0.5909    0.5115
    3   1991     0.5149  15    0.3804    0.6970    0.4412    0.6009    0.5211
    4   1992     0.6085  15    0.4526    0.8181    0.5232    0.7077    0.6155
    5   1993     0.8760  14    0.6589    1.1645    0.7575    1.0129    0.8853
    6   1994     0.6836  17    0.4852    0.9631    0.5739    0.8143    0.6941

 Separable Model: Selection (S) by age                                           
    7      0     0.2469  22    0.1583    0.3849    0.1968    0.3097    0.2533
    8      1     0.5462  18    0.3803    0.7844    0.4541    0.6570    0.5556
    9      2     0.7297  18    0.5110    1.0418    0.6084    0.8751    0.7418
   10      3     0.6934  18    0.4803    1.0010    0.5749    0.8362    0.7056
           4     1.0000     Fixed : Reference Age             
   11      5     0.8548  17    0.6125    1.1929    0.7211    1.0132    0.8672
   12      6     0.9068  15    0.6628    1.2406    0.7728    1.0640    0.9185
   13      7     0.9120  15    0.6703    1.2409    0.7794    1.0672    0.9233
           8     1.0000     Fixed : Last true age             

 Separable model: Populations in year 1994                                    
   14      0   38894027  18   26925346  56182949  32239797  46921678  39584788
   15      1   15807372  16   11420102  21880104  13391343  18659295  16026322
   16      2    4989671  14    3762308   6617433   4320281   5762779   5041710
   17      3    1266566  12     986049   1626886   1114689   1439136   1276941
   18      4     679321  12     532786    866158    600119    768976    684561
   19      5     308489  13     235734    403699    268930    353868    311408
   20      6     229662  14     173995    303139    199335    264604    231977
   21      7     206017  16     150094    282777    175279    242146    208724
   22      8     162705  20     108610    243743    132387    199967    166202

Separable model: Populations at age 
   23   1989      31517  24      19598     50685     24733     40162     32457
   24   1990      60068  21      39505     91335     48506     74387     61457
   25   1991      67277  19      45769     98893     55273     81889     68589
   26   1992      77491  18      53807    111600     64333     93342     78845
   27   1993     147204  18     101847    212760    121983    177638    149826

 Recruitment in year 1995                                                     
   28   1994   51532896  44   21333038 124484817  32859439  80818158  57023414

 SSB Index catchabilities                                                        
   LPE                                   
 Linear model fitted. Slopes at age :                                            
   29   1  Q  .1170E-02   7 .1086E-02 .1473E-02 .1170E-02 .1367E-02 .1268E-02



 Age-structured index catchabilities                                             
                                        IYFS Survey Data at ages 2 - 5+         

 Linear model fitted. Slopes at age :                                            
   30   2  Q  .1665E-03  19 .1377E-03 .2984E-03 .1665E-03 .2470E-03 .2067E-03
   31   3  Q  .1106E-03  12 .9802E-04 .1607E-03 .1106E-03 .1424E-03 .1265E-03
   32   4  Q  .7006E-04  10 .6326E-04 .9600E-04 .7006E-04 .8668E-04 .7837E-04
   33   5  Q  .4142E-04  19 .3448E-04 .7287E-04 .4142E-04 .6067E-04 .5105E-04


                                        IYFS Survey Data at age 1               

 Linear model fitted. Slopes at age :                                            
   34   1  Q  .1241E-03   6 .1169E-03 .1493E-03 .1241E-03 .1406E-03 .1323E-03


                                        Acoustic Survey Data                    

 Linear model fitted. Slopes at age :                                            
   35   2  Q  1.322      14 1.153     2.016     1.322     1.758     1.540    
   36   3  Q  1.359      11 1.217     1.911     1.359     1.711     1.535    
   37   4  Q  1.583      12 1.403     2.296     1.583     2.035     1.809    
   38   5  Q  1.979      12 1.750     2.894     1.979     2.559     2.269    
   39   6  Q  2.170      14 1.894     3.300     2.170     2.880     2.525    
   40   7  Q  2.218      17 1.878     3.704     2.218     3.136     2.677    
   41   8  Q  2.406      22 1.948     4.616     2.406     3.737     3.072    
   42   9  Q  2.487      18 2.073     4.364     2.487     3.637     3.062    


                                        MIK Recruitment Index                   

 Linear model fitted. Slopes at age :                                            
   43   0  Q  .3301E-05  10 .2975E-05 .4546E-05 .3301E-05 .4098E-05 .3699E-05



 Parameters of the stock-recruit relationship                                    
   44   1  a  .1046E+09  46 .6685E+08 .4155E+09 .1046E+09 .2656E+09 .1858E+09
   45   1  b  .7200E+06  69 .3685E+06 .5678E+07 .7200E+06 .2906E+07 .1845E+07

 RESIDUALS ABOUT THE MODEL FIT                                                   
 ------------------------------

        Separable Model Residuals
        -------------------------
------+------------------------------------------------
Age   |    1989    1990    1991    1992    1993    1994    
------+------------------------------------------------
  0   | -0.0764 -0.7544 -0.2253  0.4833  0.3936  0.0957 
  1   |  0.1035  0.5502  0.1219 -0.0109 -0.3939 -0.6412 
  2   | -0.3129 -0.1443  0.2909  0.2148 -0.1694 -0.0152 
  3   | -0.1291 -0.0781  0.0326 -0.1110 -0.0784  0.0586 
  4   | -0.0290 -0.0998 -0.2279 -0.3055 -0.4417  0.0220 
  5   |  0.1072  0.2678  0.0788 -0.0393 -0.2649 -0.2350 
  6   |  0.1999 -0.0862  0.1084  0.1568 -0.1944 -0.1552 
  7   |  0.1591  0.2294 -0.2550  0.2462 -0.1507 -0.2347 
  8   |  0.2828  0.1960 -0.0465  0.1176  0.0212 -0.1510 
------+------------------------------------------------
                                               



 SPAWNING BIOMASS INDEX RESIDUALS                                                
 ---------------------------------

          LPE
        -----
------+--------------------------------------------------------------------------------
      |    1983    1984    1985    1986    1987    1988    1989    1990    1991    1992
------+--------------------------------------------------------------------------------
  1   |  0.2274  0.0453  0.1932  0.3471 -0.3360  0.0268 -0.1404  0.1130 -0.3281 -0.1474
------+--------------------------------------------------------------------------------
                                               


          LPE
        -----
------+--------
      |    1993    
------+--------
  1   | ******* 
------+--------
                                               



 AGE-STRUCTURED INDEX RESIDUALS                                                  
 -------------------------------

        IYFS Survey Data at ages 2 - 5+
        -------------------------------
------+--------------------------------------------------------------------------------
Age   |    1983    1984    1985    1986    1987    1988    1989    1990    1991    1992
------+--------------------------------------------------------------------------------
  2   |  -1.250  -1.516   0.055   0.122  -0.226   1.119  -0.232   0.023   0.553  -0.250
  3   |  -0.741  -0.608  -0.002   0.064  -0.450   0.826  -0.131   0.040   0.368   0.151
  4   |  -0.357  -0.019  -0.548  -0.202  -0.194  -0.045  -0.276   0.551   0.802  -0.100
  5   |   1.007  -0.760   0.722  -0.159   0.377  -0.264  -1.186   0.339   0.765   0.235
------+--------------------------------------------------------------------------------
                                               


        IYFS Survey Data at ages 2 - 5+
        -------------------------------
------+------------------------
Age   |    1993    1994    1995    
------+------------------------
  2   |   0.468   0.376   0.757 
  3   |   0.442   0.438  -0.397 
  4   |  -0.127   0.392   0.123 
  5   |   0.040   0.060  -1.169 
------+------------------------
                                               



        IYFS Survey Data at age 1
        -------------------------
------+--------------------------------------------------------------------------------
Age   |    1979    1980    1981    1982    1983    1984    1985    1986    1987    1988
------+--------------------------------------------------------------------------------
  1   | -0.0095 -0.2080 -0.2739 -0.1473 -0.3369 -0.0900  0.2589 -0.0713  0.0393  0.4124
------+--------------------------------------------------------------------------------
                                               


        IYFS Survey Data at age 1
        -------------------------
------+--------------------------------------------------------
Age   |    1989    1990    1991    1992    1993    1994    1995    
------+--------------------------------------------------------
  1   |  0.4361 -0.1010 -0.0442 -0.0994  0.2716  0.0159 -0.0545 
------+--------------------------------------------------------
                                               



        Acoustic Survey Data
        --------------------
------+------------------------------------------------
Age   |    1989    1990    1991    1992    1993    1994    
------+------------------------------------------------
  2   | -0.4093 -0.1348  0.0351  0.3955  0.3728 -0.2594 
  3   | -0.1566  0.1570 -0.2384  0.1017  0.3528 -0.2166 
  4   | -0.1555  0.2085  0.0715  0.1809  0.1824 -0.4877 
  5   | -0.2632  0.0720  0.0223  0.1357  0.1770 -0.1437 
  6   | -0.2138  0.0333 -0.0591  0.1190  0.1645 -0.0439 
  7   | -0.4139  0.0942  0.1654  0.0782  0.0097  0.0665 
  8   | -0.1352  0.2572 -0.0302  0.2049 -0.1513 -0.1454 
  9   | -0.3399 -0.2208 -0.0370  0.6241  0.1043 -0.1306 
------+------------------------------------------------
                                               



        MIK Recruitment Index
        ---------------------
------+--------------------------------------------------------------------------------
Age   |    1978    1979    1980    1981    1982    1983    1984    1985    1986    1987
------+--------------------------------------------------------------------------------
  0   |   0.107   0.671   0.891  -0.106  -0.120  -0.428  -0.104  -0.073  -0.338   0.167
------+--------------------------------------------------------------------------------
                                               


        MIK Recruitment Index
        ---------------------
------+----------------------------------------------------------------
Age   |    1988    1989    1990    1991    1992    1993    1994    1995    
------+----------------------------------------------------------------
  0   |   0.433  -0.169  -1.229  -0.300   0.159   0.381   0.059   0.000 
------+----------------------------------------------------------------
                                               






 PARAMETERS OF THE DISTRIBUTION OF ln(CATCHES AT AGE)                            
 -----------------------------------------------------

 Separable model fitted from 1989  to 1994                                    
 Variance                             0.1068 
Skewness test stat.                  -1.6580 
Kurtosis test statistic               0.3499 
Partial chi-square                    0.2149 
Significance in fit                   0.0000 
Degrees of freedom                        27        


 PARAMETERS OF DISTRIBUTIONS OF THE SSB INDICES                                  
 -----------------------------------------------


   DISTRIBUTION STATISTICS FOR   LPE                                            


 Linear catchability relationship assumed                                        
 Last age is a plus-group                                                        

 Variance                             0.1082 
Skewness test stat.                  -0.2025 
Kurtosis test statistic              -0.7405 
Partial chi-square                    0.1423 
Significance in fit                   0.0000 
Number of observations                    10        
Degrees of freedom                         9        
Weight in the analysis                2.0000 

 PARAMETERS OF THE DISTRIBUTION OF THE AGE-STRUCTURED INDICES                    
 ------------------------------------------------------------ 


   DISTRIBUTION STATISTICS FOR IYFS Survey Data at ages 2 - 5+                  


 Linear catchability relationship assumed                                        

 Age                          2         3         4         5        
 Variance                0.1257    0.1257    0.1257    0.1257 
Skewness test stat.     -1.0525   -0.0018    1.1616   -0.6609 
Kurtosis test statisti  -0.0162   -0.6179   -0.1344   -0.5874 
Partial chi-square       0.2330    0.2953    0.3533    0.4751 
Significance in fit      0.0000    0.0000    0.0000    0.0000 
Number of observations       13        13        13        13        
Degrees of freedom           12        12        12        12        
Weight in the analysis   0.2308    0.5964    0.8738    0.2564 


   DISTRIBUTION STATISTICS FOR IYFS Survey Data at age 1                        


 Linear catchability relationship assumed                                        

 Age                          1        
 Variance                0.0993 
Skewness test stat.      1.1388 
Kurtosis test statisti  -0.3451 
Partial chi-square       0.2178 
Significance in fit      0.0000 
Number of observations       17        
Degrees of freedom           16        
Weight in the analysis   2.0000 


   DISTRIBUTION STATISTICS FOR Acoustic Survey Data                             


 Linear catchability relationship assumed                                        

 Age                          2         3         4         5         6         7         8         9        
 Variance                0.1257    0.1151    0.1257    0.0581    0.0374    0.0872    0.0685    0.1257 
Skewness test stat.      0.1520    0.3380   -1.0424   -0.5651   -0.3338   -1.5571    0.5726    1.0556 
Kurtosis test statisti  -0.7382   -0.6941   -0.2044   -0.5665   -0.4561    0.4056   -0.7394   -0.0191 
Partial chi-square       0.0417    0.0402    0.0458    0.0217    0.0142    0.0358    0.0293    0.0565 
Significance in fit      0.0000    0.0000    0.0000    0.0000    0.0000    0.0000    0.0000    0.0000 
Number of observations        6         6         6         6         6         6         6         6        
Degrees of freedom            5         5         5         5         5         5         5         5        
Weight in the analysis   1.1438    2.0000    1.6692    2.0000    2.0000    2.0000    2.0000    1.0782 


   DISTRIBUTION STATISTICS FOR MIK Recruitment Index                            


 Linear catchability relationship assumed                                        

 Age                          0        
 Variance                0.1257 
Skewness test stat.     -0.9158 
Kurtosis test statisti   1.2580 
Partial chi-square       0.5117 
Significance in fit      0.0000 
Number of observations       18        
Degrees of freedom           17        
Weight in the analysis   0.5914 

 ANALYSIS OF VARIANCE                     
--------------------------

 Unweighted Statistics                                                           

                                                                                 
Variance                              
                                       SSQ     Data    Parameters d.f. Variance
Total for model                        34.5928     218         45  173   0.2000
Catches at age                          3.3949      54         27   27   0.1257
  
SSB Indices                           
  LPE                                   0.4871      10          1    9   0.0541
  
 Aged Indices                                                                    
IYFS Survey Data at ages 2 - 5+        16.6766      52          4   48   0.3474

IYFS Survey Data at age 1               0.7946      17          1   16   0.0497

Acoustic Survey Data                    2.4254      48          8   40   0.0606

MIK Recruitment Index                   3.6142      18          1   17   0.2126

Stock-recruit model                     7.2000      19          2   17   0.4235

 Weighted Statistics                                                             

                                                                                 
Variance                              
                                       SSQ     Data    Parameters d.f. Variance
Total for model                        25.5381     218         45  173   0.1476
Catches at age                          2.8832      54         27   27   0.1068
  
SSB Indices                           
  LPE                                   1.9482      10          1    9   0.2165
  
 Aged Indices                                                                    
IYFS Survey Data at ages 2 - 5+         2.9536      52          4   48   0.0615

IYFS Survey Data at age 1               3.1785      17          1   16   0.1987

Acoustic Survey Data                    6.1104      48          8   40   0.1528

MIK Recruitment Index                   1.2642      18          1   17   0.0744

Stock-recruit model                     7.2000      19          2   17   0.4235
