 Output Generated by ICA Version 1.4                                            
  
 ------------------------------------
 
        Mackerel NE Atlantic  WG2003
        ----------------------------
 
        Catch in Number
        ---------------
------+------------------------------------------------------------------------------------------------------------------------
AGE   |    1972    1973    1974    1975    1976    1977    1978    1979    1980    1981    1982    1983    1984    1985    1986
------+------------------------------------------------------------------------------------------------------------------------
  0   |   1288.   3831.   2867.   1172.   4418.   5384.   1119.   4425.   1395.   3280.   1356.   4223.   2012.   1977.   3267.
  1   |  10664.   4283.   8178.   9393.   5506.  12656.  16104.   4668.  11256.   6040.   6987.   5261.  10264.   9883.   4431.
  2   |  20038.  20104.   5216.  15343.  25107.   8959.  21552.  38091.   6740.  27583.   7305.  15421.   7290.  28623.  12588.
  3   |  33448.  31934.  20909.   8410.  34872.  34629.  12986.  43076.  46568.  13907.  28274.  13701.  18235.  17207.  30948.
  4   |  39974.  38497.  24230.  24892.  13951.  34818.  36549.  18774.  38023.  69208.  10288.  38608.  11817.  31238.  13464.
  5   |  29571.  32499.  20694.  20709.  29501.   9839.  26088.  37471.  11665.  39973.  35948.  10000.  23619.  14417.  17212.
  6   |  16080.  23193.  16924.  17225.  23788.  20091.   7137.  25822.  22455.  11818.  20020.  33829.   5926.  27861.   7669.
  7   |  15189.  12333.  11874.  13928.  19445.  15861.  14310.   6912.  15132.  22213.   5787.  18496.  19707.   6852.  14511.
  8   |  10872.   9324.   5031.   7847.  12665.  10358.   9041.  11136.   3228.  12029.   8644.   4295.   8601.  18354.   2840.
  9   |  13838.  15310.  10189.  10244.  16634.  15715.  15153.  19438.  14409.  13574.   9884.  13816.   8336.  16688.  14933.
------+------------------------------------------------------------------------------------------------------------------------
       x 10 ^ 3                                
 
 
        Catch in Number
        ---------------
------+------------------------------------------------------------------------------------------------------------------------
AGE   |    1987    1988    1989    1990    1991    1992    1993    1994    1995    1996    1997    1998    1999    2000    2001
------+------------------------------------------------------------------------------------------------------------------------
  0   |   5037.   3121.   4657.   3641.   3832.   2630.   3650.   3542.   2980.   1786.   2763.   1580.   2171.   1329.   2172.
  1   |  15225.  15828.  10465.  11334.  11511.  13662.   8523.  13722.   7825.   7835.   8176.  10760.   3342.   8826.   3136.
  2   |  11706.  27008.  29933.  14431.  20379.  23295.  25094.  18097.  17200.  11758.  20423.  17992.  12922.   7724.  11862.
  3   |  28092.  17420.  42776.  34847.  22040.  34921.  36134.  44717.  19196.  22146.  26092.  37769.  18317.  25348.   8849.
  4   |  49983.  29871.  19685.  35790.  38667.  27352.  39061.  46116.  34169.  18145.  35912.  34631.  27756.  26131.  21145.
  5   |  15446.  37213.  23629.  11544.  28163.  33996.  21580.  35056.  24717.  23044.  21035.  33584.  17871.  28178.  15435.
  6   |  19068.  11042.  28249.  13339.   8786.  23917.  25858.  18618.  18103.  16193.  25905.  18928.  16711.  17556.  16112.
  7   |   8314.  13259.   8147.  15559.   9957.   7306.  17775.  21723.   9392.  11695.  17903.  22720.   9210.  16108.   9859.
  8   |  12662.   4615.   7816.   3570.   9298.   6637.   4343.  11963.   8709.   4855.  10412.  12590.   8784.   7134.   7215.
  9   |  15351.  16451.  12120.   8081.   7271.  10926.  10974.  10420.   9481.   9455.  13108.  17487.  11810.  16083.  10735.
------+------------------------------------------------------------------------------------------------------------------------
       x 10 ^ 3                                
 
 
        Catch in Number
        ---------------
------+--------
AGE   |    2002
------+--------
  0   |   1553.
  1   |   8316.
  2   |   6844.
  3   |  22084.
  4   |  12053.
  5   |  20571.
  6   |  14567.
  7   |  14965.
  8   |   7358.
  9   |  13456.
------+--------
       x 10 ^ 3                                
 
 
 
        Predicted Catch in Number
        -------------------------
------+----------------------------------------------------------------------------------------
AGE   |    1992    1993    1994    1995    1996    1997    1998    1999    2000    2001    2002
------+----------------------------------------------------------------------------------------
  0   |   2630.   3650.   3543.   2980.   1786.   2763.   1580.   2171.   1329.   2172.   1553.
  1   |  13663.   8523.  13722.   7825.   7835.   8175.  10759.   3342.   8825.   3135.   8316.
  2   |  23297.  25094.  18097.  17197.  11758.  20422.  17991.  12922.   7723.  11861.   6845.
  3   |  34927.  36138.  44718.  19194.  22144.  26092.  37769.  18319.  25348.   8848.  22086.
  4   |  27358.  39067.  46122.  34169.  18144.  35910.  34631.  27758.  26133.  21145.  12053.
  5   |  34001.  21581.  35057.  24715.  23041.  21032.  33577.  17870.  28176.  15434.  20570.
  6   |  23921.  25863.  18621.  18104.  16194.  25904.  18926.  16711.  17556.  16112.  14568.
  7   |   7307.  17778.  21727.   9393.  11696.  17903.  22719.   9210.  16107.   9859.  14966.
  8   |   6637.   4344.  11965.   8711.   4856.  10413.  12591.   8786.   7135.   7215.   7359.
------+----------------------------------------------------------------------------------------
       x 10 ^ 3                                
 
 
 
        Weights at age in the catches (Kg)
        ----------------------------------
------+------------------------------------------------------------------------------------------------------------------------
AGE   |    1972    1973    1974    1975    1976    1977    1978    1979    1980    1981    1982    1983    1984    1985    1986
------+------------------------------------------------------------------------------------------------------------------------
  0   | 0.05200 0.05000 0.05100 0.05000 0.05900 0.05600 0.03600 0.01600 0.05700 0.06000 0.05300 0.05000 0.03100 0.05500 0.03900
  1   | 0.13500 0.14500 0.13600 0.14800 0.13700 0.13600 0.13500 0.13700 0.13100 0.13200 0.13100 0.16800 0.10200 0.14400 0.14600
  2   | 0.27700 0.19400 0.22900 0.17700 0.20700 0.16900 0.16100 0.16100 0.24900 0.24800 0.24900 0.21900 0.18400 0.26200 0.24500
  3   | 0.34100 0.28500 0.26100 0.25900 0.26300 0.27500 0.25000 0.24300 0.28500 0.28700 0.28500 0.27600 0.29500 0.35700 0.33500
  4   | 0.42300 0.36800 0.33400 0.32300 0.32000 0.33300 0.32500 0.31800 0.34500 0.34400 0.34500 0.31000 0.32600 0.41800 0.42300
  5   | 0.46800 0.44800 0.39200 0.34800 0.34600 0.35200 0.34500 0.34800 0.37800 0.37700 0.37800 0.38600 0.34400 0.41700 0.47100
  6   | 0.46800 0.46800 0.48100 0.43000 0.40600 0.40700 0.40300 0.40100 0.45400 0.45400 0.45400 0.42500 0.43100 0.43600 0.44400
  7   | 0.50800 0.50800 0.50800 0.48800 0.44300 0.44600 0.42100 0.41600 0.49800 0.49900 0.49600 0.43500 0.54200 0.52100 0.45700
  8   | 0.53900 0.53900 0.53900 0.53900 0.51800 0.54600 0.51800 0.50600 0.52000 0.51300 0.51300 0.49800 0.48000 0.55500 0.54300
  9   | 0.60232 0.59870 0.59998 0.60468 0.60121 0.58126 0.56147 0.54051 0.56529 0.56953 0.55805 0.57625 0.61664 0.61620 0.59822
------+------------------------------------------------------------------------------------------------------------------------
                                               
 
 
        Weights at age in the catches (Kg)
        ----------------------------------
------+------------------------------------------------------------------------------------------------------------------------
AGE   |    1987    1988    1989    1990    1991    1992    1993    1994    1995    1996    1997    1998    1999    2000    2001
------+------------------------------------------------------------------------------------------------------------------------
  0   | 0.07600 0.05500 0.04900 0.08500 0.06800 0.05100 0.06100 0.04600 0.07200 0.05800 0.07600 0.06500 0.06200 0.06300 0.06900
  1   | 0.17900 0.13300 0.13600 0.15600 0.15600 0.16700 0.13400 0.13600 0.14300 0.14300 0.14300 0.15700 0.17600 0.13500 0.17100
  2   | 0.22300 0.25900 0.23700 0.23300 0.25300 0.23900 0.24000 0.25500 0.23400 0.22600 0.23000 0.22700 0.23600 0.22900 0.22300
  3   | 0.31800 0.32300 0.32000 0.33600 0.32700 0.33300 0.31700 0.33900 0.33300 0.31300 0.29500 0.31000 0.30700 0.30800 0.30700
  4   | 0.39900 0.38800 0.37700 0.37900 0.39400 0.39700 0.37600 0.39000 0.39000 0.37700 0.35900 0.35400 0.36100 0.36700 0.37800
  5   | 0.47400 0.45600 0.43300 0.42300 0.42300 0.46000 0.43600 0.44800 0.45200 0.42500 0.41500 0.40800 0.40600 0.42900 0.42600
  6   | 0.51200 0.52400 0.45600 0.46700 0.46900 0.49500 0.48300 0.51200 0.50100 0.48400 0.45300 0.45200 0.45400 0.46700 0.47700
  7   | 0.49300 0.55500 0.54300 0.52800 0.50600 0.53200 0.52700 0.54300 0.53900 0.51800 0.48100 0.46200 0.50100 0.50400 0.49900
  8   | 0.49800 0.55500 0.59200 0.55200 0.55400 0.55500 0.54800 0.59000 0.57700 0.55100 0.52400 0.51800 0.53700 0.53700 0.54300
  9   | 0.62997 0.60405 0.62668 0.60831 0.64242 0.62063 0.60438 0.63604 0.61293 0.59236 0.57491 0.57357 0.59498 0.58621 0.60742
------+------------------------------------------------------------------------------------------------------------------------
                                               
 
 
        Weights at age in the catches (Kg)
        ----------------------------------
------+--------
AGE   |    2002
------+--------
  0   | 0.05200
  1   | 0.15900
  2   | 0.25500
  3   | 0.30700
  4   | 0.36900
  5   | 0.42600
  6   | 0.46400
  7   | 0.51400
  8   | 0.53900
  9   | 0.60966
------+--------
                                               
 
 
 
        Weights at age in the stock (Kg)
        --------------------------------
------+------------------------------------------------------------------------------------------------------------------------
AGE   |    1972    1973    1974    1975    1976    1977    1978    1979    1980    1981    1982    1983    1984    1985    1986
------+------------------------------------------------------------------------------------------------------------------------
  0   | 0.00800 0.00800 0.00800 0.00800 0.00800 0.00800 0.00800 0.00800 0.00800 0.00800 0.00800 0.00800 0.00000 0.00000 0.00000
  1   | 0.13200 0.13200 0.13000 0.12900 0.12800 0.12700 0.11100 0.11000 0.10900 0.08700 0.08600 0.08600 0.08100 0.08500 0.07700
  2   | 0.17800 0.17700 0.17300 0.17100 0.17000 0.16700 0.17500 0.17400 0.17300 0.18600 0.13500 0.17200 0.19400 0.16500 0.17900
  3   | 0.24300 0.24200 0.23800 0.23600 0.23600 0.23300 0.23800 0.23700 0.23600 0.25200 0.22100 0.23500 0.25300 0.29300 0.26700
  4   | 0.41100 0.30100 0.29600 0.29400 0.29300 0.28900 0.30000 0.29900 0.29700 0.31300 0.28000 0.28000 0.29500 0.30600 0.30400
  5   | 0.35500 0.43800 0.32200 0.31800 0.31800 0.31300 0.34600 0.34500 0.34300 0.32300 0.38500 0.33900 0.32400 0.34100 0.35600
  6   | 0.39800 0.39800 0.46900 0.36500 0.36500 0.36100 0.38200 0.38000 0.37900 0.37800 0.35300 0.37700 0.39300 0.38400 0.35100
  7   | 0.43300 0.43300 0.43300 0.49700 0.41900 0.41600 0.41000 0.40800 0.40700 0.41900 0.40800 0.40400 0.43600 0.43000 0.41600
  8   | 0.45900 0.45900 0.45900 0.45900 0.51200 0.44600 0.43200 0.43000 0.42900 0.43400 0.43700 0.43900 0.44100 0.45900 0.47300
  9   | 0.51666 0.51286 0.51446 0.51929 0.51545 0.53248 0.49800 0.49342 0.48431 0.48005 0.47997 0.50503 0.50850 0.52189 0.46773
------+------------------------------------------------------------------------------------------------------------------------
                                               
 
 
        Weights at age in the stock (Kg)
        --------------------------------
------+------------------------------------------------------------------------------------------------------------------------
AGE   |    1987    1988    1989    1990    1991    1992    1993    1994    1995    1996    1997    1998    1999    2000    2001
------+------------------------------------------------------------------------------------------------------------------------
  0   | 0.00000 0.00000 0.00000 0.00000 0.00000 0.00000 0.00000 0.00000 0.00000 0.00000 0.00000 0.00000 0.00000 0.00000 0.00000
  1   | 0.07800 0.07200 0.07600 0.07400 0.07500 0.07800 0.07800 0.07900 0.08100 0.07600 0.07600 0.07700 0.08100 0.07400 0.07800
  2   | 0.14800 0.15600 0.17700 0.13800 0.15500 0.21200 0.19700 0.17800 0.16400 0.13300 0.18600 0.14900 0.19400 0.18500 0.16400
  3   | 0.24000 0.23700 0.24400 0.22200 0.23000 0.25900 0.26800 0.23700 0.26700 0.25100 0.22800 0.22300 0.24200 0.23500 0.24100
  4   | 0.28600 0.30100 0.30600 0.28700 0.30700 0.31000 0.31500 0.30100 0.32600 0.31700 0.29600 0.28500 0.30100 0.28900 0.34200
  5   | 0.37400 0.32900 0.35200 0.33900 0.35700 0.36200 0.36000 0.36100 0.39800 0.36600 0.36100 0.34200 0.35300 0.35000 0.39000
  6   | 0.38600 0.42300 0.38000 0.37300 0.40900 0.40200 0.41600 0.41300 0.44800 0.44400 0.40200 0.40000 0.39600 0.39000 0.44600
  7   | 0.41100 0.44500 0.42900 0.41400 0.43200 0.42400 0.45400 0.46600 0.49100 0.46200 0.44500 0.42600 0.42300 0.42600 0.45900
  8   | 0.42900 0.43200 0.47400 0.40900 0.50200 0.46200 0.46500 0.47000 0.50800 0.50100 0.47800 0.46600 0.44000 0.44700 0.49900
  9   | 0.49200 0.52559 0.50075 0.48184 0.56399 0.50901 0.51479 0.55011 0.56596 0.57694 0.53225 0.52618 0.49664 0.50008 0.56756
------+------------------------------------------------------------------------------------------------------------------------
                                               
 
 
        Weights at age in the stock (Kg)
        --------------------------------
------+--------
AGE   |    2002
------+--------
  0   | 0.00000
  1   | 0.07800
  2   | 0.18100
  3   | 0.23900
  4   | 0.31100
  5   | 0.36400
  6   | 0.41100
  7   | 0.43600
  8   | 0.46200
  9   | 0.52056
------+--------
                                               
 
 
 
        Natural Mortality (per year)
        ----------------------------
------+------------------------------------------------------------------------------------------------------------------------
AGE   |    1972    1973    1974    1975    1976    1977    1978    1979    1980    1981    1982    1983    1984    1985    1986
------+------------------------------------------------------------------------------------------------------------------------
  0   | 0.15000 0.15000 0.15000 0.15000 0.15000 0.15000 0.15000 0.15000 0.15000 0.15000 0.15000 0.15000 0.15000 0.15000 0.15000
  1   | 0.15000 0.15000 0.15000 0.15000 0.15000 0.15000 0.15000 0.15000 0.15000 0.15000 0.15000 0.15000 0.15000 0.15000 0.15000
  2   | 0.15000 0.15000 0.15000 0.15000 0.15000 0.15000 0.15000 0.15000 0.15000 0.15000 0.15000 0.15000 0.15000 0.15000 0.15000
  3   | 0.15000 0.15000 0.15000 0.15000 0.15000 0.15000 0.15000 0.15000 0.15000 0.15000 0.15000 0.15000 0.15000 0.15000 0.15000
  4   | 0.15000 0.15000 0.15000 0.15000 0.15000 0.15000 0.15000 0.15000 0.15000 0.15000 0.15000 0.15000 0.15000 0.15000 0.15000
  5   | 0.15000 0.15000 0.15000 0.15000 0.15000 0.15000 0.15000 0.15000 0.15000 0.15000 0.15000 0.15000 0.15000 0.15000 0.15000
  6   | 0.15000 0.15000 0.15000 0.15000 0.15000 0.15000 0.15000 0.15000 0.15000 0.15000 0.15000 0.15000 0.15000 0.15000 0.15000
  7   | 0.15000 0.15000 0.15000 0.15000 0.15000 0.15000 0.15000 0.15000 0.15000 0.15000 0.15000 0.15000 0.15000 0.15000 0.15000
  8   | 0.15000 0.15000 0.15000 0.15000 0.15000 0.15000 0.15000 0.15000 0.15000 0.15000 0.15000 0.15000 0.15000 0.15000 0.15000
  9   | 0.15000 0.15000 0.15000 0.15000 0.15000 0.15000 0.15000 0.15000 0.15000 0.15000 0.15000 0.15000 0.15000 0.15000 0.15000
------+------------------------------------------------------------------------------------------------------------------------
                                               
 
 
        Natural Mortality (per year)
        ----------------------------
------+------------------------------------------------------------------------------------------------------------------------
AGE   |    1987    1988    1989    1990    1991    1992    1993    1994    1995    1996    1997    1998    1999    2000    2001
------+------------------------------------------------------------------------------------------------------------------------
  0   | 0.15000 0.15000 0.15000 0.15000 0.15000 0.15000 0.15000 0.15000 0.15000 0.15000 0.15000 0.15000 0.15000 0.15000 0.15000
  1   | 0.15000 0.15000 0.15000 0.15000 0.15000 0.15000 0.15000 0.15000 0.15000 0.15000 0.15000 0.15000 0.15000 0.15000 0.15000
  2   | 0.15000 0.15000 0.15000 0.15000 0.15000 0.15000 0.15000 0.15000 0.15000 0.15000 0.15000 0.15000 0.15000 0.15000 0.15000
  3   | 0.15000 0.15000 0.15000 0.15000 0.15000 0.15000 0.15000 0.15000 0.15000 0.15000 0.15000 0.15000 0.15000 0.15000 0.15000
  4   | 0.15000 0.15000 0.15000 0.15000 0.15000 0.15000 0.15000 0.15000 0.15000 0.15000 0.15000 0.15000 0.15000 0.15000 0.15000
  5   | 0.15000 0.15000 0.15000 0.15000 0.15000 0.15000 0.15000 0.15000 0.15000 0.15000 0.15000 0.15000 0.15000 0.15000 0.15000
  6   | 0.15000 0.15000 0.15000 0.15000 0.15000 0.15000 0.15000 0.15000 0.15000 0.15000 0.15000 0.15000 0.15000 0.15000 0.15000
  7   | 0.15000 0.15000 0.15000 0.15000 0.15000 0.15000 0.15000 0.15000 0.15000 0.15000 0.15000 0.15000 0.15000 0.15000 0.15000
  8   | 0.15000 0.15000 0.15000 0.15000 0.15000 0.15000 0.15000 0.15000 0.15000 0.15000 0.15000 0.15000 0.15000 0.15000 0.15000
  9   | 0.15000 0.15000 0.15000 0.15000 0.15000 0.15000 0.15000 0.15000 0.15000 0.15000 0.15000 0.15000 0.15000 0.15000 0.15000
------+------------------------------------------------------------------------------------------------------------------------
                                               
 
 
        Natural Mortality (per year)
        ----------------------------
------+--------
AGE   |    2002
------+--------
  0   | 0.15000
  1   | 0.15000
  2   | 0.15000
  3   | 0.15000
  4   | 0.15000
  5   | 0.15000
  6   | 0.15000
  7   | 0.15000
  8   | 0.15000
  9   | 0.15000
------+--------
                                               
 
 
 
        Proportion of fish spawning
        ---------------------------
------+------------------------------------------------------------------------------------------------------------------------
AGE   |    1972    1973    1974    1975    1976    1977    1978    1979    1980    1981    1982    1983    1984    1985    1986
------+------------------------------------------------------------------------------------------------------------------------
  0   |  0.0000  0.0000  0.0000  0.0000  0.0000  0.0000  0.0000  0.0000  0.0000  0.0000  0.0000  0.0000  0.0000  0.0000  0.0000
  1   |  0.0500  0.0500  0.0500  0.0600  0.0600  0.0600  0.0600  0.0600  0.0600  0.0700  0.0700  0.0700  0.0700  0.0700  0.0700
  2   |  0.5300  0.5400  0.5400  0.5500  0.5500  0.5500  0.5600  0.5600  0.5700  0.5700  0.5700  0.5800  0.5800  0.5800  0.5800
  3   |  0.9000  0.9000  0.9000  0.8900  0.8900  0.8900  0.8900  0.8900  0.8900  0.8800  0.8800  0.8800  0.8800  0.8800  0.8800
  4   |  0.9800  0.9800  0.9800  0.9800  0.9800  0.9800  0.9800  0.9800  0.9800  0.9800  0.9800  0.9800  0.9700  0.9700  0.9700
  5   |  0.9800  0.9800  0.9800  0.9800  0.9800  0.9800  0.9800  0.9800  0.9800  0.9800  0.9800  0.9800  0.9700  0.9700  0.9700
  6   |  0.9900  0.9900  0.9900  0.9900  0.9900  0.9900  0.9900  0.9900  0.9900  0.9900  0.9900  0.9900  0.9900  0.9900  0.9900
  7   |  1.0000  1.0000  1.0000  1.0000  1.0000  1.0000  1.0000  1.0000  1.0000  1.0000  1.0000  1.0000  1.0000  1.0000  1.0000
  8   |  1.0000  1.0000  1.0000  1.0000  1.0000  1.0000  1.0000  1.0000  1.0000  1.0000  1.0000  1.0000  1.0000  1.0000  1.0000
  9   |  1.0000  1.0000  1.0000  1.0000  1.0000  1.0000  1.0000  1.0000  1.0000  1.0000  1.0000  1.0000  1.0000  1.0000  1.0000
------+------------------------------------------------------------------------------------------------------------------------
                                               
 
 
        Proportion of fish spawning
        ---------------------------
------+------------------------------------------------------------------------------------------------------------------------
AGE   |    1987    1988    1989    1990    1991    1992    1993    1994    1995    1996    1997    1998    1999    2000    2001
------+------------------------------------------------------------------------------------------------------------------------
  0   |  0.0000  0.0000  0.0000  0.0000  0.0000  0.0000  0.0000  0.0000  0.0000  0.0000  0.0000  0.0000  0.0000  0.0000  0.0000
  1   |  0.0700  0.0700  0.0700  0.0700  0.0700  0.0700  0.0700  0.0700  0.0700  0.0700  0.0700  0.0700  0.0700  0.0700  0.0700
  2   |  0.5800  0.5800  0.5800  0.5800  0.5800  0.5800  0.5800  0.5800  0.5800  0.5800  0.5800  0.5800  0.5800  0.5800  0.5900
  3   |  0.8800  0.8800  0.8800  0.8800  0.8800  0.8800  0.8800  0.8800  0.8800  0.8800  0.8800  0.8600  0.8600  0.8600  0.8800
  4   |  0.9700  0.9700  0.9700  0.9700  0.9700  0.9700  0.9700  0.9700  0.9700  0.9700  0.9700  0.9800  0.9800  0.9800  0.9700
  5   |  0.9700  0.9700  0.9700  0.9700  0.9700  0.9700  0.9700  0.9700  0.9700  0.9700  0.9700  0.9800  0.9800  0.9800  0.9700
  6   |  0.9900  0.9900  0.9900  0.9900  0.9900  0.9900  0.9900  0.9900  0.9900  0.9900  0.9900  0.9900  0.9900  0.9900  0.9900
  7   |  1.0000  1.0000  1.0000  1.0000  1.0000  1.0000  1.0000  1.0000  1.0000  1.0000  1.0000  1.0000  1.0000  1.0000  1.0000
  8   |  1.0000  1.0000  1.0000  1.0000  1.0000  1.0000  1.0000  1.0000  1.0000  1.0000  1.0000  1.0000  1.0000  1.0000  1.0000
  9   |  1.0000  1.0000  1.0000  1.0000  1.0000  1.0000  1.0000  1.0000  1.0000  1.0000  1.0000  1.0000  1.0000  1.0000  1.0000
------+------------------------------------------------------------------------------------------------------------------------
                                               
 
 
        Proportion of fish spawning
        ---------------------------
------+--------
AGE   |    2002
------+--------
  0   |  0.0000
  1   |  0.0700
  2   |  0.5900
  3   |  0.8800
  4   |  0.9700
  5   |  0.9700
  6   |  0.9900
  7   |  1.0000
  8   |  1.0000
  9   |  1.0000
------+--------
                                               
 
 
 
 INDICES OF SPAWNING BIOMASS                                                    
  
 ----------------------------
 
          INDEX
        -------
------+------------------------------------------------------------------------------------------------------------------------
      |    1972    1973    1974    1975    1976    1977    1978    1979    1980    1981    1982    1983    1984    1985    1986
------+------------------------------------------------------------------------------------------------------------------------
  1   | ******* ******* ******* ******* ******* ******* ******* ******* ******* ******* ******* ******* ******* ******* *******
------+------------------------------------------------------------------------------------------------------------------------
       x 10 ^ 3                                
 
 
          INDEX
        -------
------+------------------------------------------------------------------------------------------------------------------------
      |    1987    1988    1989    1990    1991    1992    1993    1994    1995    1996    1997    1998    1999    2000    2001
------+------------------------------------------------------------------------------------------------------------------------
  1   | *******  203.99  219.23  209.37  239.83  267.20  282.51  263.33  276.06  268.85  265.98  239.48  236.42  214.75  223.09
------+------------------------------------------------------------------------------------------------------------------------
       x 10 ^ 3                                
 
 
          INDEX
        -------
------+--------
      |    2002
------+--------
  1   |  197.88
------+--------
       x 10 ^ 3                                
 
 
 
 AGE-STRUCTURED INDICES                                                         
  
 -----------------------
 
        FLT01: Dummy survey
        -------------------
------+--------------------------------
AGE   |    1981    1982    1983    1984
------+--------------------------------
  1   |  266.10  203.00   43.60   15.24
  2   |  506.40  435.90  712.70   79.51
  3   |  225.10  483.60  444.60  661.83
  4   |   31.70  184.10  391.60  374.60
  5   |  174.80   24.70  130.40  238.20
  6   |  158.50  136.60   20.20   92.00
  7   |   99.50  108.60   91.30   15.54
  8   |  116.60   84.50   70.90   51.47
  9   |   35.30   87.00   47.10   39.27
------+--------------------------------
       x 10 ^ 3                                
 
 
 
        Fishing Mortality (per year)
        ----------------------------
------+------------------------------------------------------------------------------------------------------------------------
AGE   |    1972    1973    1974    1975    1976    1977    1978    1979    1980    1981    1982    1983    1984    1985    1986
------+------------------------------------------------------------------------------------------------------------------------
  0   | 0.00824 0.00858 0.00571 0.00582 0.00855 0.00766 0.00715 0.00935 0.00744 0.01012 0.00673 0.00817 0.00619 0.00953 0.00667
  1   | 0.03118 0.03247 0.02160 0.02202 0.03235 0.02898 0.02707 0.03540 0.02816 0.03829 0.02548 0.03092 0.02343 0.03609 0.02525
  2   | 0.06902 0.07187 0.04781 0.04874 0.07161 0.06415 0.05992 0.07835 0.06233 0.08475 0.05640 0.06843 0.05187 0.07987 0.05590
  3   | 0.13617 0.14179 0.09432 0.09617 0.14128 0.12657 0.11822 0.15458 0.12297 0.16720 0.11126 0.13501 0.10233 0.15758 0.11027
  4   | 0.20817 0.21676 0.14419 0.14702 0.21599 0.19349 0.18073 0.23632 0.18798 0.25561 0.17009 0.20639 0.15643 0.24090 0.16858
  5   | 0.23677 0.24653 0.16400 0.16722 0.24566 0.22007 0.20556 0.26879 0.21381 0.29073 0.19346 0.23475 0.17793 0.27399 0.19174
  6   | 0.26776 0.27880 0.18547 0.18910 0.27781 0.24887 0.23246 0.30397 0.24180 0.32878 0.21878 0.26548 0.20121 0.30986 0.21684
  7   | 0.30675 0.31940 0.21247 0.21663 0.31826 0.28511 0.26631 0.34823 0.27700 0.37665 0.25064 0.30413 0.23051 0.35497 0.24841
  8   | 0.28410 0.29582 0.19679 0.20064 0.29477 0.26406 0.24665 0.32252 0.25655 0.34885 0.23214 0.28168 0.21350 0.32877 0.23007
  9   | 0.28410 0.29582 0.19679 0.20064 0.29477 0.26406 0.24665 0.32252 0.25655 0.34885 0.23214 0.28168 0.21350 0.32877 0.23007
------+------------------------------------------------------------------------------------------------------------------------
                                               
 
 
        Fishing Mortality (per year)
        ----------------------------
------+------------------------------------------------------------------------------------------------------------------------
AGE   |    1987    1988    1989    1990    1991    1992    1993    1994    1995    1996    1997    1998    1999    2000    2001
------+------------------------------------------------------------------------------------------------------------------------
  0   | 0.00975 0.00962 0.01014 0.00773 0.00764 0.00852 0.00865 0.01022 0.00706 0.00578 0.00827 0.01012 0.00668 0.00850 0.00626
  1   | 0.03691 0.03642 0.03838 0.02924 0.02890 0.03225 0.03275 0.03869 0.02672 0.02187 0.03130 0.03828 0.02529 0.03218 0.02367
  2   | 0.08169 0.08061 0.08495 0.06471 0.06395 0.07139 0.07248 0.08563 0.05914 0.04841 0.06928 0.08473 0.05598 0.07122 0.05240
  3   | 0.16118 0.15904 0.16760 0.12767 0.12617 0.14085 0.14300 0.16895 0.11668 0.09552 0.13669 0.16718 0.11045 0.14051 0.10337
  4   | 0.24640 0.24316 0.25623 0.19518 0.19288 0.21533 0.21861 0.25828 0.17838 0.14603 0.20897 0.25558 0.16886 0.21482 0.15804
  5   | 0.28025 0.27654 0.29148 0.22200 0.21938 0.24488 0.24861 0.29372 0.20286 0.16607 0.23764 0.29065 0.19203 0.24429 0.17973
  6   | 0.31693 0.31274 0.32959 0.25110 0.24810 0.27694 0.28117 0.33219 0.22942 0.18782 0.26876 0.32871 0.21718 0.27628 0.20326
  7   | 0.36307 0.35827 0.37757 0.28762 0.28430 0.31725 0.32209 0.38054 0.26282 0.21516 0.30788 0.37656 0.24879 0.31650 0.23285
  8   | 0.33627 0.33182 0.34970 0.26638 0.26325 0.29385 0.29833 0.35247 0.24343 0.19928 0.28517 0.34878 0.23044 0.29315 0.21567
  9   | 0.33627 0.33182 0.34970 0.26638 0.26325 0.29385 0.29833 0.35247 0.24343 0.19928 0.28517 0.34878 0.23044 0.29315 0.21567
------+------------------------------------------------------------------------------------------------------------------------
                                               
 
 
        Fishing Mortality (per year)
        ----------------------------
------+--------
AGE   |    2002
------+--------
  0   | 0.00748
  1   | 0.02831
  2   | 0.06265
  3   | 0.12361
  4   | 0.18897
  5   | 0.21490
  6   | 0.24304
  7   | 0.27841
  8   | 0.25788
  9   | 0.25788
------+--------
                                               
 
 
 
        Population Abundance (1 January)
        --------------------------------
------+------------------------------------------------------------------------------------------------------------------------
AGE   |    1972    1973    1974    1975    1976    1977    1978    1979    1980    1981    1982    1983    1984    1985    1986
------+------------------------------------------------------------------------------------------------------------------------
  0   |  169.05  482.85  542.47  217.57  558.85  759.93  169.05  511.76  202.58  350.89  217.57  558.86  350.87  224.37  528.97
  1   |  373.88  144.31  412.04  464.25  186.18  476.91  649.09  144.47  436.37  173.07  298.97  186.01  477.10  300.14  191.28
  2   |  323.27  311.93  120.24  347.07  390.88  155.14  398.75  543.75  120.02  365.16  143.36  250.85  155.23  401.13  249.17
  3   |  282.45  259.68  249.86   98.66  284.51  313.18  125.23  323.25  432.74   97.06  288.76  116.63  201.63  126.85  318.75
  4   |  228.46  212.16  193.96  195.70   77.13  212.62  237.51   95.77  238.37  329.37   70.68  222.37   87.71  156.67   93.26
  5   |  150.60  159.68  147.02  144.53  145.41   53.49  150.81  170.63   65.08  170.01  219.55   51.32  155.70   64.56  105.98
  6   |   73.47  102.29  107.41  107.40  105.24   97.90   36.95  105.68  112.25   45.23  109.41  155.73   34.93  112.17   42.25
  7   |   61.68   48.38   66.62   76.80   76.51   68.61   65.70   25.20   67.12   75.86   28.02   75.67  102.78   24.58   70.82
  8   |   47.17   39.07   30.26   46.37   53.23   47.91   44.40   43.32   15.31   43.79   44.80   18.77   48.05   70.25   14.84
  9   |   60.04   64.15   61.27   60.53   69.91   72.68   74.42   75.63   68.35   49.42   51.23   60.40   46.57   63.87   78.02
------+------------------------------------------------------------------------------------------------------------------------
       x 10 ^ 6                                
 
 
        Population Abundance (1 January)
        --------------------------------
------+------------------------------------------------------------------------------------------------------------------------
AGE   |    1987    1988    1989    1990    1991    1992    1993    1994    1995    1996    1997    1998    1999    2000    2001
------+------------------------------------------------------------------------------------------------------------------------
  0   |  558.92  350.93  496.99  509.39  542.49  333.69  456.10  375.02  456.14  333.72  361.20  169.06  350.91  169.07  375.00
  1   |  452.26  476.40  299.15  423.45  435.06  463.37  284.77  389.18  319.50  389.84  285.58  308.33  144.04  300.02  144.28
  2   |  160.53  375.16  395.38  247.79  353.96  363.80  386.17  237.21  322.26  267.74  328.28  238.22  255.42  120.88  250.05
  3   |  202.81  127.33  297.90  312.59  199.91  285.78  291.55  309.14  187.41  261.44  219.56  263.64  188.38  207.87   96.89
  4   |  245.71  148.57   93.48  216.84  236.80  151.67  213.66  217.50  224.72  143.54  204.53  164.83  191.98  145.19  155.46
  5   |   67.82  165.30  100.27   62.27  153.54  168.06  105.25  147.79  144.59  161.82  106.76  142.84  109.88  139.57  100.81
  6   |   75.30   44.11  107.90   64.48   42.93  106.12  113.23   70.65   94.83  101.60  117.97   72.45   91.94   78.05   94.09
  7   |   29.27   47.21   27.77   66.79   43.18   28.83   69.24   73.57   43.62   64.89   72.48   77.61   44.89   63.68   50.96
  8   |   47.55   17.53   28.40   16.38   43.12   27.97   18.07   43.19   43.28   28.87   45.04   45.85   45.84   30.13   39.94
  9   |   57.65   62.48   44.04   37.09   33.72   46.04   45.64   37.61   47.11   56.21   56.69   63.68   61.61   67.91   59.43
------+------------------------------------------------------------------------------------------------------------------------
       x 10 ^ 6                                
 
 
        Population Abundance (1 January)
        --------------------------------
------+----------------
AGE   |    2002    2003
------+----------------
  0   |  224.34  307.69
  1   |  320.75  191.65
  2   |  121.28  268.37
  3   |  204.23   98.05
  4   |   75.21  155.35
  5   |  114.25   53.58
  6   |   72.49   79.32
  7   |   66.09   48.93
  8   |   34.75   43.06
  9   |   63.54   65.37
------+----------------
       x 10 ^ 6                                
 
 
 
        Weighting factors for the catches in number
        -------------------------------------------
------+----------------------------------------------------------------------------------------
AGE   |    1992    1993    1994    1995    1996    1997    1998    1999    2000    2001    2002
------+----------------------------------------------------------------------------------------
  0   |  0.0200  0.0200  0.0200  0.0200  0.0200  0.0200  0.0200  0.0200  0.0200  0.0200  0.0200
  1   |  1.0000  1.0000  1.0000  1.0000  1.0000  1.0000  1.0000  1.0000  1.0000  1.0000  1.0000
  2   |  1.0000  1.0000  1.0000  1.0000  1.0000  1.0000  1.0000  1.0000  1.0000  1.0000  1.0000
  3   |  1.0000  1.0000  1.0000  1.0000  1.0000  1.0000  1.0000  1.0000  1.0000  1.0000  1.0000
  4   |  1.0000  1.0000  1.0000  1.0000  1.0000  1.0000  1.0000  1.0000  1.0000  1.0000  1.0000
  5   |  1.0000  1.0000  1.0000  1.0000  1.0000  1.0000  1.0000  1.0000  1.0000  1.0000  1.0000
  6   |  1.0000  1.0000  1.0000  1.0000  1.0000  1.0000  1.0000  1.0000  1.0000  1.0000  1.0000
  7   |  1.0000  1.0000  1.0000  1.0000  1.0000  1.0000  1.0000  1.0000  1.0000  1.0000  1.0000
  8   |  1.0000  1.0000  1.0000  1.0000  1.0000  1.0000  1.0000  1.0000  1.0000  1.0000  1.0000
------+----------------------------------------------------------------------------------------
                                               
 
 
 
 Predicted SSB Index Values                                                     
  
 ---------------------------
 
          INDEX
        -------
------+------------------------------------------------------------------------------------------------------------------------
      |    1972    1973    1974    1975    1976    1977    1978    1979    1980    1981    1982    1983    1984    1985    1986
------+------------------------------------------------------------------------------------------------------------------------
  1   | ******* ******* ******* ******* ******* ******* ******* ******* ******* ******* ******* ******* ******* ******* *******
------+------------------------------------------------------------------------------------------------------------------------
       x 10 ^ 3                                
 
 
          INDEX
        -------
------+------------------------------------------------------------------------------------------------------------------------
      |    1987    1988    1989    1990    1991    1992    1993    1994    1995    1996    1997    1998    1999    2000    2001
------+------------------------------------------------------------------------------------------------------------------------
  1   | *******  203.97  219.23  209.37  239.84  267.21  282.52  263.33  276.06  268.84  265.97  239.48  236.42  214.75  223.09
------+------------------------------------------------------------------------------------------------------------------------
       x 10 ^ 3                                
 
 
          INDEX
        -------
------+--------
      |    2002
------+--------
  1   |  197.88
------+--------
       x 10 ^ 3                                
 
 
 
 Predicted Age-Structured Index Values                                          
  
 --------------------------------------
 
        FLT01: Dummy survey Predicted
        -----------------------------
------+--------------------------------
AGE   |    1981    1982    1983    1984
------+--------------------------------
  1   |   51.21   89.10   55.27  142.34
  2   |  568.63  226.76  394.15  246.13
  3   |  250.94  769.88  306.92  540.23
  4   |  373.75   84.06  259.25  105.10
  5   |  134.22  182.85   41.78  130.79
  6   |   47.99  123.32  171.06   39.75
  7   |   71.00   28.11   73.70  104.24
  8   |   89.65   97.80   39.88  105.96
  9   |   45.03   49.78   57.11   45.72
------+--------------------------------
       x 10 ^ 3                                
 
 
 
        Fitted Selection Pattern
        ------------------------
------+------------------------------------------------------------------------------------------------------------------------
AGE   |    1972    1973    1974    1975    1976    1977    1978    1979    1980    1981    1982    1983    1984    1985    1986
------+------------------------------------------------------------------------------------------------------------------------
  0   |  0.0348  0.0348  0.0348  0.0348  0.0348  0.0348  0.0348  0.0348  0.0348  0.0348  0.0348  0.0348  0.0348  0.0348  0.0348
  1   |  0.1317  0.1317  0.1317  0.1317  0.1317  0.1317  0.1317  0.1317  0.1317  0.1317  0.1317  0.1317  0.1317  0.1317  0.1317
  2   |  0.2915  0.2915  0.2915  0.2915  0.2915  0.2915  0.2915  0.2915  0.2915  0.2915  0.2915  0.2915  0.2915  0.2915  0.2915
  3   |  0.5751  0.5751  0.5751  0.5751  0.5751  0.5751  0.5751  0.5751  0.5751  0.5751  0.5751  0.5751  0.5751  0.5751  0.5751
  4   |  0.8792  0.8792  0.8792  0.8792  0.8792  0.8792  0.8792  0.8792  0.8792  0.8792  0.8792  0.8792  0.8792  0.8792  0.8792
  5   |  1.0000  1.0000  1.0000  1.0000  1.0000  1.0000  1.0000  1.0000  1.0000  1.0000  1.0000  1.0000  1.0000  1.0000  1.0000
  6   |  1.1309  1.1309  1.1309  1.1309  1.1309  1.1309  1.1309  1.1309  1.1309  1.1309  1.1309  1.1309  1.1309  1.1309  1.1309
  7   |  1.2956  1.2955  1.2955  1.2955  1.2955  1.2955  1.2955  1.2955  1.2955  1.2955  1.2955  1.2955  1.2956  1.2956  1.2955
  8   |  1.1999  1.1999  1.1999  1.1999  1.1999  1.1999  1.1999  1.1999  1.1999  1.1999  1.1999  1.1999  1.1999  1.1999  1.1999
  9   |  1.1999  1.1999  1.1999  1.1999  1.1999  1.1999  1.1999  1.1999  1.1999  1.1999  1.1999  1.1999  1.1999  1.1999  1.1999
------+------------------------------------------------------------------------------------------------------------------------
                                               
 
 
        Fitted Selection Pattern
        ------------------------
------+------------------------------------------------------------------------------------------------------------------------
AGE   |    1987    1988    1989    1990    1991    1992    1993    1994    1995    1996    1997    1998    1999    2000    2001
------+------------------------------------------------------------------------------------------------------------------------
  0   |  0.0348  0.0348  0.0348  0.0348  0.0348  0.0348  0.0348  0.0348  0.0348  0.0348  0.0348  0.0348  0.0348  0.0348  0.0348
  1   |  0.1317  0.1317  0.1317  0.1317  0.1317  0.1317  0.1317  0.1317  0.1317  0.1317  0.1317  0.1317  0.1317  0.1317  0.1317
  2   |  0.2915  0.2915  0.2914  0.2915  0.2915  0.2915  0.2915  0.2915  0.2915  0.2915  0.2915  0.2915  0.2915  0.2915  0.2915
  3   |  0.5751  0.5751  0.5750  0.5751  0.5751  0.5752  0.5752  0.5752  0.5752  0.5752  0.5752  0.5752  0.5752  0.5752  0.5752
  4   |  0.8792  0.8793  0.8791  0.8792  0.8792  0.8793  0.8793  0.8793  0.8793  0.8793  0.8793  0.8793  0.8793  0.8793  0.8793
  5   |  1.0000  1.0000  1.0000  1.0000  1.0000  1.0000  1.0000  1.0000  1.0000  1.0000  1.0000  1.0000  1.0000  1.0000  1.0000
  6   |  1.1309  1.1309  1.1307  1.1311  1.1309  1.1310  1.1310  1.1310  1.1310  1.1310  1.1310  1.1310  1.1310  1.1310  1.1310
  7   |  1.2955  1.2955  1.2954  1.2956  1.2959  1.2956  1.2956  1.2956  1.2956  1.2956  1.2956  1.2956  1.2956  1.2956  1.2956
  8   |  1.1999  1.1999  1.1997  1.1999  1.2000  1.2000  1.2000  1.2000  1.2000  1.2000  1.2000  1.2000  1.2000  1.2000  1.2000
  9   |  1.1999  1.1999  1.1997  1.1999  1.2000  1.2000  1.2000  1.2000  1.2000  1.2000  1.2000  1.2000  1.2000  1.2000  1.2000
------+------------------------------------------------------------------------------------------------------------------------
                                               
 
 
        Fitted Selection Pattern
        ------------------------
------+--------
AGE   |    2002
------+--------
  0   |  0.0348
  1   |  0.1317
  2   |  0.2915
  3   |  0.5752
  4   |  0.8793
  5   |  1.0000
  6   |  1.1310
  7   |  1.2956
  8   |  1.2000
  9   |  1.2000
------+--------
                                               
 
 
 
 
 
                    STOCK SUMMARY                                             
 
 
 ³ Year ³  Recruits  ³  Total  ³ Spawning³ Landings ³ Yield ³ Mean F ³ SoP ³    
 ³      ³   Age   0  ³ Biomass ³ Biomass ³          ³ /SSB  ³  Ages  ³     ³ 
 ³      ³  thousands ³  tonnes ³ tonnes  ³ tonnes   ³ ratio ³  4- 7  ³ (%) ³ 
 
   1972       169050    432865    300964     78647   0.2613   0.2549    99
   1973       482850    387258    284871     73852   0.2592   0.2654   100
   1974       542460    367562    260445     47112   0.1809   0.1765    99
   1975       217560    377842    254688     46217   0.1815   0.1800    99
   1976       558840    364494    257379     64888   0.2521   0.2644    99
   1977       759920    367665    245951     58159   0.2365   0.2369   100
   1978       169050    393716    252106     51901   0.2059   0.2213    99
   1979       511750    385099    270333     65692   0.2430   0.2893   100
   1980       202570    374730    267297     61586   0.2304   0.2301    99
   1981       350880    359863    260924     81054   0.3106   0.3129    99
   1982       217570    309162    232327     49911   0.2148   0.2082    99
   1983       558850    298703    220333     56605   0.2569   0.2527    99
   1984       350870    299503    213430     42312   0.1982   0.1915   100
   1985       224360    318044    221654     70430   0.3177   0.2949    99
   1986       528970    298318    223578     48540   0.2171   0.2064   100
   1987       558920    293204    205368     71754   0.3494   0.3017    99
   1988       350920    302179    204010     69101   0.3387   0.2977    99
   1989       496980    317732    219269     69614   0.3175   0.3137    99
   1990       509390    294544    209413     56927   0.2718   0.2390   100
   1991       542480    337858    239882     60549   0.2524   0.2362   100
   1992       333690    386383    267259     72299   0.2705   0.2636    99
   1993       456090    392058    282574     73807   0.2612   0.2676    99
   1994       375010    369507    263379     90507   0.3436   0.3162    99
   1995       456140    372126    276106     61216   0.2217   0.2184    99
   1996       333710    357571    268892     49618   0.1845   0.1788    99
   1997       361200    363280    266021     68734   0.2584   0.2558   100
   1998       169050    330770    239521     79150   0.3305   0.3129   100
   1999       350900    309543    236465     50616   0.2141   0.2067    99
   2000       169060    289218    214788     62106   0.2891   0.2630    99
   2001       375000    287112    223132     43659   0.1957   0.1935    99
   2002       224330    268498    197916     49759   0.2514   0.2313    99
 
 -----------------------------------------------------------------            
 No of years for separable analysis : 11                                      
 Age range in the analysis : 0  . . . 9                                       
 Year range in the analysis : 1972  . . . 2002                                
 Number of indices of SSB : 1                                                 
 Number of age-structured indices : 1                                         
                                                                              
 Parameters to estimate : 47                                                  
 Number of observations : 150                                                 
                                                                              
 Conventional single selection vector model to be fitted.                     
                                                                              
                                                                              
                                                                              
 -----------------------------------------------------------------            
 
 
 PARAMETER ESTIMATES                                                            
  
 
 ³Parm.³      ³ Maximum ³    ³        ³         ³         ³         ³ Mean of ³ 
  
 ³ No. ³      ³ Likelh. ³ CV ³  Lower ³ Upper   ³  -s.e.  ³   +s.e. ³ Param.  ³ 
  
 ³     ³      ³ Estimate³ (%)³ 95% CL ³ 95% CL  ³         ³         ³ Distrib.³ 
  
 Separable model : F by year                                                    
  
    1   1992     0.1822   0    0.1822    0.1822    0.1822    0.1822    0.1822
    2   1993     0.1832   0    0.1832    0.1832    0.1832    0.1832    0.1832
    3   1994     0.2146   0    0.2146    0.2146    0.2146    0.2146    0.2146
    4   1995     0.1493   0    0.1493    0.1493    0.1493    0.1493    0.1493
    5   1996     0.1268   0    0.1268    0.1268    0.1268    0.1268    0.1268
    6   1997     0.1908   0    0.1908    0.1908    0.1908    0.1908    0.1908
    7   1998     0.2468   0    0.2468    0.2468    0.2468    0.2468    0.2468
    8   1999     0.1748   0    0.1748    0.1748    0.1748    0.1748    0.1748
    9   2000     0.2407   0    0.2407    0.2407    0.2407    0.2407    0.2407
   10   2001     0.1916   0    0.1916    0.1916    0.1916    0.1916    0.1916
   11   2002     0.2466   0    0.2466    0.2466    0.2466    0.2466    0.2466
 
 Separable Model: Selection (S) by age                                          
  
   12      0     0.0403   0    0.0403    0.0403    0.0403    0.0403    0.0403
   13      1     0.1407   0    0.1407    0.1407    0.1407    0.1407    0.1407
   14      2     0.2966   0    0.2966    0.2966    0.2966    0.2966    0.2966
   15      3     0.5727   0    0.5727    0.5727    0.5727    0.5727    0.5727
   16      4     0.8717   0    0.8717    0.8717    0.8717    0.8717    0.8717
           5     1.0000     Fixed : Reference Age             
   17      6     1.1541   0    1.1541    1.1541    1.1541    1.1541    1.1541
   18      7     1.2119   0    1.2119    1.2119    1.2119    1.2119    1.2119
           8     1.2000     Fixed : Last true age             
 
 Separable model: Populations in year 2002                                    
   19      0     168929   0     168929    168929    168929    168929    168929
   20      1     261012   0     261012    261012    261012    261012    261012
   21      2     105508   0     105508    105508    105508    105508    105508
   22      3     188305   0     188305    188305    188305    188305    188305
   23      4      72892   0      72892     72892     72892     72892     72892
   24      5     115630   0     115630    115630    115630    115630    115630
   25      6      76438   0      76438     76438     76438     76438     76438
   26      7      73151   0      73151     73151     73151     73151     73151
   27      8      41479   0      41479     41479     41479     41479     41479
 
Separable model: Populations at age
   28   1992      42819   0      42819     42819     42819     42819     42819
   29   1993      27602   0      27602     27602     27602     27602     27602
   30   1994      65914   0      65914     65914     65914     65914     65914
   31   1995      68760   0      68760     68760     68760     68760     68760
   32   1996      45985   0      45985     45985     45985     45985     45985
   33   1997      70608   0      70608     70608     70608     70608     70608
   34   1998      71392   0      71392     71392     71392     71392     71392
   35   1999      69862   0      69862     69862     69862     69862     69862
   36   2000      42666   0      42666     42666     42666     42666     42666
   37   2001      52604   0      52604     52604     52604     52604     52604
 
 SSB Index catchabilities                                                       
  
   INDEX                                 
 Linear model fitted. Slopes at age :                                           
  
   38   1  Q  .7915       0 .7915     .7915     .7915     .7915     .7915    
 
 
 
 Age-structured index catchabilities                                            
  
                                        FLT01: Dummy survey                     
 
 Linear model fitted. Slopes at age :                                           
  
   39   1  Q  .3132       0 .3132     .3132     .3132     .3132     .3132    
   40   2  Q  1.698       0 1.698     1.698     1.698     1.698     1.698    
   41   3  Q  2.957       0 2.957     2.957     2.957     2.957     2.957    
   42   4  Q  1.363       0 1.363     1.363     1.363     1.363     1.363    
   43   5  Q  .9665       0 .9665     .9665     .9665     .9665     .9665    
   44   6  Q  1.326       0 1.326     1.326     1.326     1.326     1.326    
   45   7  Q  1.198       0 1.198     1.198     1.198     1.198     1.198    
   46   8  Q  2.556       0 2.556     2.556     2.556     2.556     2.556    
   47   9  Q  1.138       0 1.138     1.138     1.138     1.138     1.138    
 
 
 
 RESIDUALS ABOUT THE MODEL FIT                                                  
  
 ------------------------------
 
        Separable Model Residuals
        -------------------------
------+----------------------------------------------------------------------------------------
Age   |    1992    1993    1994    1995    1996    1997    1998    1999    2000    2001    2002
------+----------------------------------------------------------------------------------------
  0   | ******* ******* ******* ******* ******* ******* ******* ******* ******* ******* *******
  1   | ******* ******* ******* ******* ******* ******* ******* ******* ******* ******* *******
  2   | ******* ******* ******* ******* ******* ******* ******* ******* ******* ******* *******
  3   | ******* ******* ******* ******* ******* ******* ******* ******* ******* ******* *******
  4   | ******* ******* ******* ******* ******* ******* ******* ******* ******* ******* *******
  5   | ******* ******* ******* ******* ******* ******* ******* ******* ******* ******* *******
  6   | ******* ******* ******* ******* ******* ******* ******* ******* ******* ******* *******
  7   | ******* ******* ******* ******* ******* ******* ******* ******* ******* ******* *******
  8   | ******* ******* ******* ******* ******* ******* ******* ******* ******* ******* *******
------+----------------------------------------------------------------------------------------
                                               
 
 
 
 SPAWNING BIOMASS INDEX RESIDUALS                                               
  
 ---------------------------------
 
          INDEX
        -------
------+------------------------------------------------------------------------------------------------------------------------
      |    1972    1973    1974    1975    1976    1977    1978    1979    1980    1981    1982    1983    1984    1985    1986
------+------------------------------------------------------------------------------------------------------------------------
  1   | ******* ******* ******* ******* ******* ******* ******* ******* ******* ******* ******* ******* ******* ******* *******
------+------------------------------------------------------------------------------------------------------------------------
                                               
 
 
          INDEX
        -------
------+------------------------------------------------------------------------------------------------------------------------
      |    1987    1988    1989    1990    1991    1992    1993    1994    1995    1996    1997    1998    1999    2000    2001
------+------------------------------------------------------------------------------------------------------------------------
  1   | ******* ******* ******* ******* ******* ******* ******* ******* ******* ******* ******* ******* ******* ******* *******
------+------------------------------------------------------------------------------------------------------------------------
                                               
 
 
          INDEX
        -------
------+--------
      |    2002
------+--------
  1   | *******
------+--------
                                               
 
 
 
 AGE-STRUCTURED INDEX RESIDUALS                                                 
  
 -------------------------------
 
        FLT01: Dummy survey
        -------------------
------+--------------------------------
Age   |    1981    1982    1983    1984
------+--------------------------------
  1   |   1.648   0.824  -0.237  -2.234
  2   |  -0.116   0.654   0.592  -1.130
  3   |  -0.109  -0.465   0.371   0.203
  4   |  -2.467   0.784   0.412   1.271
  5   |   0.264  -2.002   1.138   0.600
  6   |   1.195   0.102  -2.136   0.839
  7   |   0.338   1.352   0.214  -1.903
  8   |   0.263  -0.146   0.575  -0.722
  9   |  -0.244   0.558  -0.193  -0.152
------+--------------------------------
                                               
 
 
 
 
 
 
 PARAMETERS OF THE DISTRIBUTION OF ln(CATCHES AT AGE)                           
  
 -----------------------------------------------------
 
 Separable model fitted from 1992  to 2002                                    
 Variance                             0.0000
Skewness test stat.                  -4.2807
Kurtosis test statistic               0.0369
Partial chi-square                    0.0000
Significance in fit                   0.0000
Degrees of freedom                        62
 
 
 PARAMETERS OF DISTRIBUTIONS OF THE SSB INDICES                                 
  
 -----------------------------------------------
 
 
   DISTRIBUTION STATISTICS FOR   INDEX                                          
 
 
 Linear catchability relationship assumed                                       
  
 Last age is a plus-group                                                       
  
 
 Variance                             0.0000
Skewness test stat.                   0.6972
Kurtosis test statistic               0.1287
Partial chi-square                    0.0000
Significance in fit                   0.0000
Number of observations                    15
Degrees of freedom                        14
Weight in the analysis                5.0000
 
 PARAMETERS OF THE DISTRIBUTION OF THE AGE-STRUCTURED INDICES                   
  
 ------------------------------------------------------------ 
 
 
   DISTRIBUTION STATISTICS FOR FLT01: Dummy survey                              
 
 
 Linear catchability relationship assumed                                       
  
 
 Age                          1         2         3         4         5         6         7         8         9
 Variance                0.0031    0.0008    0.0002    0.0031    0.0021    0.0025    0.0021    0.0003    0.0002
Skewness test stat.     -0.4083   -0.5256   -0.2680   -0.8199   -0.7513   -0.7008   -0.5381   -0.3048    0.8586
Kurtosis test statisti  -0.4741   -0.4857   -0.5585   -0.3163   -0.3365   -0.3764   -0.3696   -0.5145   -0.3240
Partial chi-square       0.0008    0.0002    0.0000    0.0008    0.0005    0.0006    0.0006    0.0001    0.0000
Significance in fit      0.0000    0.0000    0.0000    0.0000    0.0000    0.0000    0.0000    0.0000    0.0000
Number of observations        4         4         4         4         4         4         4         4         4
Degrees of freedom            3         3         3         3         3         3         3         3         3
Weight in the analysis   0.0011    0.0011    0.0011    0.0011    0.0011    0.0011    0.0011    0.0011    0.0011
 
 ANALYSIS OF VARIANCE                   
--------------------------
 
 Unweighted Statistics                                                          
  
 
                                                                                
  
Variance                              
                                       SSQ     Data    Parameters d.f. Variance
Total for model                        38.8258     150         47  103   0.3769
Catches at age                          0.0000      99         37   62   0.0000
  
SSB Indices                           
  INDEX                                 0.0000      15          1   14   0.0000
  
 Aged Indices                                                                   
  
FLT01: Dummy survey                    38.8258      36          9   27   1.4380
 
 
 Weighted Statistics                                                            
  
 
                                                                                
  
Variance                              
                                       SSQ     Data    Parameters d.f. Variance
Total for model                         0.0000     150         47  103   0.0000
Catches at age                          0.0000      99         37   62   0.0000
  
SSB Indices                           
  INDEX                                 0.0000      15          1   14   0.0000
  
 Aged Indices                                                                   
  
FLT01: Dummy survey                     0.0000      36          9   27   0.0000
 
