 Output Generated by ICA Version 1.4                                            
  
 ------------------------------------
 
        Mackerel NE Atlantic  WG2003
        ----------------------------
 
        Catch in Number
        ---------------
------+------------------------------------------------------------------------------------------------------------------------
AGE   |    1972    1973    1974    1975    1976    1977    1978    1979    1980    1981    1982    1983    1984    1985    1986
------+------------------------------------------------------------------------------------------------------------------------
  0   |   2849.   2885.   4238.   4294.   4246.   3782.   3031.   2948.   6849.   3451.   2399.   2711.   2428.   3985.   3368.
  1   |  11556.   7090.  13120.  15861.  11381.  12811.   8618.  10728.  14665.  17337.   8144.   9600.   8197.  11383.   8450.
  2   |  23785.  16409.  18338.  27732.  23778.  19490.  16666.  17452.  30274.  21045.  23370.  18615.  16556.  21779.  13721.
  3   |  22217.  28851.  36049.  32534.  34996.  34481.  21688.  28962.  41643.  36712.  24280.  45692.  27411.  37144.  22284.
  4   |  41458.  19693.  46185.  45808.  29414.  36702.  28068.  27781.  50102.  36356.  31019.  34871.  49206.  44489.  27487.
  5   |  35217.  26108.  22491.  41270.  28990.  21787.  21226.  25799.  34204.  30718.  21851.  31923.  26750.  56716.  23156.
  6   |  25571.  21501.  28878.  19321.  25106.  20726.  12221.  18987.  30698.  20200.  17916.  21854.  23752.  29770.  28490.
  7   |  23144.  15360.  23355.  24157.  11449.  17566.  11445.  10800.  22130.  17704.  11604.  17670.  16002.  25865.  14638.
  8   |   4179.  11105.  13431.  15650.  11397.   6403.   7741.   8127.  10142.  10164.   8123.   9205.  10363.  14025.  10111.
  9   |  21415.  12516.  20729.  22676.  17982.  17480.  10318.  12802.  19529.  13593.  11288.  15429.  14604.  22509.  14495.
------+------------------------------------------------------------------------------------------------------------------------
       x 10 ^ 3                                
 
 
        Catch in Number
        ---------------
------+------------------------------------------------------------------------------------------------------------------------
AGE   |    1987    1988    1989    1990    1991    1992    1993    1994    1995    1996    1997    1998    1999    2000    2001
------+------------------------------------------------------------------------------------------------------------------------
  0   |   3622.   4190.   1711.   3782.   4433.   2135.   5376.   3060.   2864.   1289.   4540.    734.    877.   2664.   2417.
  1   |  12260.  14696.   7905.   7459.  14162.  16439.   6861.  11343.   8685.   9399.   6523.  11063.   1760.   2997.  10814.
  2   |  17532.  28195.  15803.  19667.  15847.  29643.  29746.   8215.  18397.  16299.  26965.   9015.  15155.   3442.   6937.
  3   |  24275.  34042.  25858.  33584.  35344.  27818.  44804.  30148.  11409.  29607.  39531.  31511.  10578.  25463.   6798.
  4   |  28820.  34049.  22711.  40320.  43676.  44386.  29877.  32712.  30728.  13513.  52049.  33274.  27112.  13120.  36831.
  5   |  25363.  28631.  16034.  25375.  37148.  38532.  33251.  15291.  23798.  26068.  16908.  30763.  20388.  24148.  13572.
  6   |  20721.  24312.  13044.  17401.  22574.  31489.  27652.  16396.  10805.  19635.  31521.   9628.  18301.  17684.  24243.
  7   |  25081.  19423.  10875.  13951.  15151.  18623.  21920.  13320.  11422.   8801.  23254.  17532.   5645.  15694.  17480.
  8   |  10346.  18878.   6906.   9363.   9744.  10009.  10341.   8385.   7431.   7467.   8400.  10294.   8213.   3889.  12475.
  9   |  17542.  21386.  14629.  18795.  19690.  19561.  15693.  10010.  10390.  11912.  18999.  12341.  10639.  13113.  13469.
------+------------------------------------------------------------------------------------------------------------------------
       x 10 ^ 3                                
 
 
        Catch in Number
        ---------------
------+--------
AGE   |    2002
------+--------
  0   |   3519.
  1   |   8868.
  2   |  22522.
  3   |  12228.
  4   |   8677.
  5   |  33310.
  6   |  11854.
  7   |  20732.
  8   |  11988.
  9   |  18412.
------+--------
       x 10 ^ 3                                
 
 
 
        Predicted Catch in Number
        -------------------------
------+----------------------------------------------------------------------------------------
AGE   |    1992    1993    1994    1995    1996    1997    1998    1999    2000    2001    2002
------+----------------------------------------------------------------------------------------
  0   |   2136.   5376.   3059.   2864.   1289.   4539.    734.    877.   2663.   2416.   3520.
  1   |  16442.   6862.  11343.   8685.   9399.   6523.  11060.   1760.   2996.  10810.   8869.
  2   |  29647.  29748.   8216.  18397.  16299.  26964.   9014.  15151.   3442.   6935.  22524.
  3   |  27821.  44805.  30150.  11410.  29605.  39527.  31509.  10577.  25458.   6798.  12231.
  4   |  44390.  29877.  32712.  30729.  13514.  52044.  33269.  27110.  13119.  36822.   8680.
  5   |  38537.  33252.  15292.  23799.  26070.  16910.  30760.  20386.  24149.  13571.  33318.
  6   |  31488.  27650.  16395.  10805.  19634.  31520.   9628.  18298.  17682.  24241.  11858.
  7   |  18617.  21915.  13319.  11421.   8800.  23251.  17530.   5645.  15691.  17476.  20738.
  8   |  10006.  10340.   8385.   7432.   7468.   8400.  10295.   8214.   3890.  12476.  11993.
------+----------------------------------------------------------------------------------------
       x 10 ^ 3                                
 
 
 
        Weights at age in the catches (Kg)
        ----------------------------------
------+------------------------------------------------------------------------------------------------------------------------
AGE   |    1972    1973    1974    1975    1976    1977    1978    1979    1980    1981    1982    1983    1984    1985    1986
------+------------------------------------------------------------------------------------------------------------------------
  0   | 0.05200 0.05000 0.05100 0.05000 0.05900 0.05600 0.03600 0.01600 0.05700 0.06000 0.05300 0.05000 0.03100 0.05500 0.03900
  1   | 0.13500 0.14500 0.13600 0.14800 0.13700 0.13600 0.13500 0.13700 0.13100 0.13200 0.13100 0.16800 0.10200 0.14400 0.14600
  2   | 0.27700 0.19400 0.22900 0.17700 0.20700 0.16900 0.16100 0.16100 0.24900 0.24800 0.24900 0.21900 0.18400 0.26200 0.24500
  3   | 0.34100 0.28500 0.26100 0.25900 0.26300 0.27500 0.25000 0.24300 0.28500 0.28700 0.28500 0.27600 0.29500 0.35700 0.33500
  4   | 0.42300 0.36800 0.33400 0.32300 0.32000 0.33300 0.32500 0.31800 0.34500 0.34400 0.34500 0.31000 0.32600 0.41800 0.42300
  5   | 0.46800 0.44800 0.39200 0.34800 0.34600 0.35200 0.34500 0.34800 0.37800 0.37700 0.37800 0.38600 0.34400 0.41700 0.47100
  6   | 0.46800 0.46800 0.48100 0.43000 0.40600 0.40700 0.40300 0.40100 0.45400 0.45400 0.45400 0.42500 0.43100 0.43600 0.44400
  7   | 0.50800 0.50800 0.50800 0.48800 0.44300 0.44600 0.42100 0.41600 0.49800 0.49900 0.49600 0.43500 0.54200 0.52100 0.45700
  8   | 0.53900 0.53900 0.53900 0.53900 0.51800 0.54600 0.51800 0.50600 0.52000 0.51300 0.51300 0.49800 0.48000 0.55500 0.54300
  9   | 0.59738 0.61211 0.60233 0.60074 0.59643 0.58884 0.57306 0.54144 0.56319 0.56341 0.56021 0.57949 0.60913 0.61960 0.60901
------+------------------------------------------------------------------------------------------------------------------------
                                               
 
 
        Weights at age in the catches (Kg)
        ----------------------------------
------+------------------------------------------------------------------------------------------------------------------------
AGE   |    1987    1988    1989    1990    1991    1992    1993    1994    1995    1996    1997    1998    1999    2000    2001
------+------------------------------------------------------------------------------------------------------------------------
  0   | 0.07600 0.05500 0.04900 0.08500 0.06800 0.05100 0.06100 0.04600 0.07200 0.05800 0.07600 0.06500 0.06200 0.06300 0.06900
  1   | 0.17900 0.13300 0.13600 0.15600 0.15600 0.16700 0.13400 0.13600 0.14300 0.14300 0.14300 0.15700 0.17600 0.13500 0.17100
  2   | 0.22300 0.25900 0.23700 0.23300 0.25300 0.23900 0.24000 0.25500 0.23400 0.22600 0.23000 0.22700 0.23600 0.22900 0.22300
  3   | 0.31800 0.32300 0.32000 0.33600 0.32700 0.33300 0.31700 0.33900 0.33300 0.31300 0.29500 0.31000 0.30700 0.30800 0.30700
  4   | 0.39900 0.38800 0.37700 0.37900 0.39400 0.39700 0.37600 0.39000 0.39000 0.37700 0.35900 0.35400 0.36100 0.36700 0.37800
  5   | 0.47400 0.45600 0.43300 0.42300 0.42300 0.46000 0.43600 0.44800 0.45200 0.42500 0.41500 0.40800 0.40600 0.42900 0.42600
  6   | 0.51200 0.52400 0.45600 0.46700 0.46900 0.49500 0.48300 0.51200 0.50100 0.48400 0.45300 0.45200 0.45400 0.46700 0.47700
  7   | 0.49300 0.55500 0.54300 0.52800 0.50600 0.53200 0.52700 0.54300 0.53900 0.51800 0.48100 0.46200 0.50100 0.50400 0.49900
  8   | 0.49800 0.55500 0.59200 0.55200 0.55400 0.55500 0.54800 0.59000 0.57700 0.55100 0.52400 0.51800 0.53700 0.53700 0.54300
  9   | 0.61910 0.60523 0.60689 0.61682 0.63682 0.63724 0.61237 0.62841 0.61080 0.59510 0.57604 0.57791 0.59503 0.58734 0.60794
------+------------------------------------------------------------------------------------------------------------------------
                                               
 
 
        Weights at age in the catches (Kg)
        ----------------------------------
------+--------
AGE   |    2002
------+--------
  0   | 0.05200
  1   | 0.15900
  2   | 0.25500
  3   | 0.30700
  4   | 0.36900
  5   | 0.42600
  6   | 0.46400
  7   | 0.51400
  8   | 0.53900
  9   | 0.60845
------+--------
                                               
 
 
 
        Weights at age in the stock (Kg)
        --------------------------------
------+------------------------------------------------------------------------------------------------------------------------
AGE   |    1972    1973    1974    1975    1976    1977    1978    1979    1980    1981    1982    1983    1984    1985    1986
------+------------------------------------------------------------------------------------------------------------------------
  0   | 0.00800 0.00800 0.00800 0.00800 0.00800 0.00800 0.00800 0.00800 0.00800 0.00800 0.00800 0.00800 0.00000 0.00000 0.00000
  1   | 0.13200 0.13200 0.13000 0.12900 0.12800 0.12700 0.11100 0.11000 0.10900 0.08700 0.08600 0.08600 0.08100 0.08500 0.07700
  2   | 0.17800 0.17700 0.17300 0.17100 0.17000 0.16700 0.17500 0.17400 0.17300 0.18600 0.13500 0.17200 0.19400 0.16500 0.17900
  3   | 0.24300 0.24200 0.23800 0.23600 0.23600 0.23300 0.23800 0.23700 0.23600 0.25200 0.22100 0.23500 0.25300 0.29300 0.26700
  4   | 0.41100 0.30100 0.29600 0.29400 0.29300 0.28900 0.30000 0.29900 0.29700 0.31300 0.28000 0.28000 0.29500 0.30600 0.30400
  5   | 0.35500 0.43800 0.32200 0.31800 0.31800 0.31300 0.34600 0.34500 0.34300 0.32300 0.38500 0.33900 0.32400 0.34100 0.35600
  6   | 0.39800 0.39800 0.46900 0.36500 0.36500 0.36100 0.38200 0.38000 0.37900 0.37800 0.35300 0.37700 0.39300 0.38400 0.35100
  7   | 0.43300 0.43300 0.43300 0.49700 0.41900 0.41600 0.41000 0.40800 0.40700 0.41900 0.40800 0.40400 0.43600 0.43000 0.41600
  8   | 0.45900 0.45900 0.45900 0.45900 0.51200 0.44600 0.43200 0.43000 0.42900 0.43400 0.43700 0.43900 0.44100 0.45900 0.47300
  9   | 0.51189 0.52683 0.51680 0.51421 0.51150 0.53456 0.51096 0.49094 0.48224 0.47132 0.48036 0.50893 0.50444 0.52851 0.47602
------+------------------------------------------------------------------------------------------------------------------------
                                               
 
 
        Weights at age in the stock (Kg)
        --------------------------------
------+------------------------------------------------------------------------------------------------------------------------
AGE   |    1987    1988    1989    1990    1991    1992    1993    1994    1995    1996    1997    1998    1999    2000    2001
------+------------------------------------------------------------------------------------------------------------------------
  0   | 0.00000 0.00000 0.00000 0.00000 0.00000 0.00000 0.00000 0.00000 0.00000 0.00000 0.00000 0.00000 0.00000 0.00000 0.00000
  1   | 0.07800 0.07200 0.07600 0.07400 0.07500 0.07800 0.07800 0.07900 0.08100 0.07600 0.07600 0.07700 0.08100 0.07400 0.07800
  2   | 0.14800 0.15600 0.17700 0.13800 0.15500 0.21200 0.19700 0.17800 0.16400 0.13300 0.18600 0.14900 0.19400 0.18500 0.16400
  3   | 0.24000 0.23700 0.24400 0.22200 0.23000 0.25900 0.26800 0.23700 0.26700 0.25100 0.22800 0.22300 0.24200 0.23500 0.24100
  4   | 0.28600 0.30100 0.30600 0.28700 0.30700 0.31000 0.31500 0.30100 0.32600 0.31700 0.29600 0.28500 0.30100 0.28900 0.34200
  5   | 0.37400 0.32900 0.35200 0.33900 0.35700 0.36200 0.36000 0.36100 0.39800 0.36600 0.36100 0.34200 0.35300 0.35000 0.39000
  6   | 0.38600 0.42300 0.38000 0.37300 0.40900 0.40200 0.41600 0.41300 0.44800 0.44400 0.40200 0.40000 0.39600 0.39000 0.44600
  7   | 0.41100 0.44500 0.42900 0.41400 0.43200 0.42400 0.45400 0.46600 0.49100 0.46200 0.44500 0.42600 0.42300 0.42600 0.45900
  8   | 0.42900 0.43200 0.47400 0.40900 0.50200 0.46200 0.46500 0.47000 0.50800 0.50100 0.47800 0.46600 0.44000 0.44700 0.49900
  9   | 0.49134 0.52109 0.48202 0.49083 0.56030 0.52670 0.52446 0.53586 0.55859 0.58093 0.53359 0.53268 0.49419 0.49920 0.57211
------+------------------------------------------------------------------------------------------------------------------------
                                               
 
 
        Weights at age in the stock (Kg)
        --------------------------------
------+--------
AGE   |    2002
------+--------
  0   | 0.00000
  1   | 0.07800
  2   | 0.18100
  3   | 0.23900
  4   | 0.31100
  5   | 0.36400
  6   | 0.41100
  7   | 0.43600
  8   | 0.46200
  9   | 0.51920
------+--------
                                               
 
 
 
        Natural Mortality (per year)
        ----------------------------
------+------------------------------------------------------------------------------------------------------------------------
AGE   |    1972    1973    1974    1975    1976    1977    1978    1979    1980    1981    1982    1983    1984    1985    1986
------+------------------------------------------------------------------------------------------------------------------------
  0   | 0.15000 0.15000 0.15000 0.15000 0.15000 0.15000 0.15000 0.15000 0.15000 0.15000 0.15000 0.15000 0.15000 0.15000 0.15000
  1   | 0.15000 0.15000 0.15000 0.15000 0.15000 0.15000 0.15000 0.15000 0.15000 0.15000 0.15000 0.15000 0.15000 0.15000 0.15000
  2   | 0.15000 0.15000 0.15000 0.15000 0.15000 0.15000 0.15000 0.15000 0.15000 0.15000 0.15000 0.15000 0.15000 0.15000 0.15000
  3   | 0.15000 0.15000 0.15000 0.15000 0.15000 0.15000 0.15000 0.15000 0.15000 0.15000 0.15000 0.15000 0.15000 0.15000 0.15000
  4   | 0.15000 0.15000 0.15000 0.15000 0.15000 0.15000 0.15000 0.15000 0.15000 0.15000 0.15000 0.15000 0.15000 0.15000 0.15000
  5   | 0.15000 0.15000 0.15000 0.15000 0.15000 0.15000 0.15000 0.15000 0.15000 0.15000 0.15000 0.15000 0.15000 0.15000 0.15000
  6   | 0.15000 0.15000 0.15000 0.15000 0.15000 0.15000 0.15000 0.15000 0.15000 0.15000 0.15000 0.15000 0.15000 0.15000 0.15000
  7   | 0.15000 0.15000 0.15000 0.15000 0.15000 0.15000 0.15000 0.15000 0.15000 0.15000 0.15000 0.15000 0.15000 0.15000 0.15000
  8   | 0.15000 0.15000 0.15000 0.15000 0.15000 0.15000 0.15000 0.15000 0.15000 0.15000 0.15000 0.15000 0.15000 0.15000 0.15000
  9   | 0.15000 0.15000 0.15000 0.15000 0.15000 0.15000 0.15000 0.15000 0.15000 0.15000 0.15000 0.15000 0.15000 0.15000 0.15000
------+------------------------------------------------------------------------------------------------------------------------
                                               
 
 
        Natural Mortality (per year)
        ----------------------------
------+------------------------------------------------------------------------------------------------------------------------
AGE   |    1987    1988    1989    1990    1991    1992    1993    1994    1995    1996    1997    1998    1999    2000    2001
------+------------------------------------------------------------------------------------------------------------------------
  0   | 0.15000 0.15000 0.15000 0.15000 0.15000 0.15000 0.15000 0.15000 0.15000 0.15000 0.15000 0.15000 0.15000 0.15000 0.15000
  1   | 0.15000 0.15000 0.15000 0.15000 0.15000 0.15000 0.15000 0.15000 0.15000 0.15000 0.15000 0.15000 0.15000 0.15000 0.15000
  2   | 0.15000 0.15000 0.15000 0.15000 0.15000 0.15000 0.15000 0.15000 0.15000 0.15000 0.15000 0.15000 0.15000 0.15000 0.15000
  3   | 0.15000 0.15000 0.15000 0.15000 0.15000 0.15000 0.15000 0.15000 0.15000 0.15000 0.15000 0.15000 0.15000 0.15000 0.15000
  4   | 0.15000 0.15000 0.15000 0.15000 0.15000 0.15000 0.15000 0.15000 0.15000 0.15000 0.15000 0.15000 0.15000 0.15000 0.15000
  5   | 0.15000 0.15000 0.15000 0.15000 0.15000 0.15000 0.15000 0.15000 0.15000 0.15000 0.15000 0.15000 0.15000 0.15000 0.15000
  6   | 0.15000 0.15000 0.15000 0.15000 0.15000 0.15000 0.15000 0.15000 0.15000 0.15000 0.15000 0.15000 0.15000 0.15000 0.15000
  7   | 0.15000 0.15000 0.15000 0.15000 0.15000 0.15000 0.15000 0.15000 0.15000 0.15000 0.15000 0.15000 0.15000 0.15000 0.15000
  8   | 0.15000 0.15000 0.15000 0.15000 0.15000 0.15000 0.15000 0.15000 0.15000 0.15000 0.15000 0.15000 0.15000 0.15000 0.15000
  9   | 0.15000 0.15000 0.15000 0.15000 0.15000 0.15000 0.15000 0.15000 0.15000 0.15000 0.15000 0.15000 0.15000 0.15000 0.15000
------+------------------------------------------------------------------------------------------------------------------------
                                               
 
 
        Natural Mortality (per year)
        ----------------------------
------+--------
AGE   |    2002
------+--------
  0   | 0.15000
  1   | 0.15000
  2   | 0.15000
  3   | 0.15000
  4   | 0.15000
  5   | 0.15000
  6   | 0.15000
  7   | 0.15000
  8   | 0.15000
  9   | 0.15000
------+--------
                                               
 
 
 
        Proportion of fish spawning
        ---------------------------
------+------------------------------------------------------------------------------------------------------------------------
AGE   |    1972    1973    1974    1975    1976    1977    1978    1979    1980    1981    1982    1983    1984    1985    1986
------+------------------------------------------------------------------------------------------------------------------------
  0   |  0.0000  0.0000  0.0000  0.0000  0.0000  0.0000  0.0000  0.0000  0.0000  0.0000  0.0000  0.0000  0.0000  0.0000  0.0000
  1   |  0.0500  0.0500  0.0500  0.0600  0.0600  0.0600  0.0600  0.0600  0.0600  0.0700  0.0700  0.0700  0.0700  0.0700  0.0700
  2   |  0.5300  0.5400  0.5400  0.5500  0.5500  0.5500  0.5600  0.5600  0.5700  0.5700  0.5700  0.5800  0.5800  0.5800  0.5800
  3   |  0.9000  0.9000  0.9000  0.8900  0.8900  0.8900  0.8900  0.8900  0.8900  0.8800  0.8800  0.8800  0.8800  0.8800  0.8800
  4   |  0.9800  0.9800  0.9800  0.9800  0.9800  0.9800  0.9800  0.9800  0.9800  0.9800  0.9800  0.9800  0.9700  0.9700  0.9700
  5   |  0.9800  0.9800  0.9800  0.9800  0.9800  0.9800  0.9800  0.9800  0.9800  0.9800  0.9800  0.9800  0.9700  0.9700  0.9700
  6   |  0.9900  0.9900  0.9900  0.9900  0.9900  0.9900  0.9900  0.9900  0.9900  0.9900  0.9900  0.9900  0.9900  0.9900  0.9900
  7   |  1.0000  1.0000  1.0000  1.0000  1.0000  1.0000  1.0000  1.0000  1.0000  1.0000  1.0000  1.0000  1.0000  1.0000  1.0000
  8   |  1.0000  1.0000  1.0000  1.0000  1.0000  1.0000  1.0000  1.0000  1.0000  1.0000  1.0000  1.0000  1.0000  1.0000  1.0000
  9   |  1.0000  1.0000  1.0000  1.0000  1.0000  1.0000  1.0000  1.0000  1.0000  1.0000  1.0000  1.0000  1.0000  1.0000  1.0000
------+------------------------------------------------------------------------------------------------------------------------
                                               
 
 
        Proportion of fish spawning
        ---------------------------
------+------------------------------------------------------------------------------------------------------------------------
AGE   |    1987    1988    1989    1990    1991    1992    1993    1994    1995    1996    1997    1998    1999    2000    2001
------+------------------------------------------------------------------------------------------------------------------------
  0   |  0.0000  0.0000  0.0000  0.0000  0.0000  0.0000  0.0000  0.0000  0.0000  0.0000  0.0000  0.0000  0.0000  0.0000  0.0000
  1   |  0.0700  0.0700  0.0700  0.0700  0.0700  0.0700  0.0700  0.0700  0.0700  0.0700  0.0700  0.0700  0.0700  0.0700  0.0700
  2   |  0.5800  0.5800  0.5800  0.5800  0.5800  0.5800  0.5800  0.5800  0.5800  0.5800  0.5800  0.5800  0.5800  0.5800  0.5900
  3   |  0.8800  0.8800  0.8800  0.8800  0.8800  0.8800  0.8800  0.8800  0.8800  0.8800  0.8800  0.8600  0.8600  0.8600  0.8800
  4   |  0.9700  0.9700  0.9700  0.9700  0.9700  0.9700  0.9700  0.9700  0.9700  0.9700  0.9700  0.9800  0.9800  0.9800  0.9700
  5   |  0.9700  0.9700  0.9700  0.9700  0.9700  0.9700  0.9700  0.9700  0.9700  0.9700  0.9700  0.9800  0.9800  0.9800  0.9700
  6   |  0.9900  0.9900  0.9900  0.9900  0.9900  0.9900  0.9900  0.9900  0.9900  0.9900  0.9900  0.9900  0.9900  0.9900  0.9900
  7   |  1.0000  1.0000  1.0000  1.0000  1.0000  1.0000  1.0000  1.0000  1.0000  1.0000  1.0000  1.0000  1.0000  1.0000  1.0000
  8   |  1.0000  1.0000  1.0000  1.0000  1.0000  1.0000  1.0000  1.0000  1.0000  1.0000  1.0000  1.0000  1.0000  1.0000  1.0000
  9   |  1.0000  1.0000  1.0000  1.0000  1.0000  1.0000  1.0000  1.0000  1.0000  1.0000  1.0000  1.0000  1.0000  1.0000  1.0000
------+------------------------------------------------------------------------------------------------------------------------
                                               
 
 
        Proportion of fish spawning
        ---------------------------
------+--------
AGE   |    2002
------+--------
  0   |  0.0000
  1   |  0.0700
  2   |  0.5900
  3   |  0.8800
  4   |  0.9700
  5   |  0.9700
  6   |  0.9900
  7   |  1.0000
  8   |  1.0000
  9   |  1.0000
------+--------
                                               
 
 
 
 INDICES OF SPAWNING BIOMASS                                                    
  
 ----------------------------
 
          INDEX
        -------
------+------------------------------------------------------------------------------------------------------------------------
      |    1972    1973    1974    1975    1976    1977    1978    1979    1980    1981    1982    1983    1984    1985    1986
------+------------------------------------------------------------------------------------------------------------------------
  1   | ******* ******* ******* ******* ******* ******* ******* ******* ******* ******* ******* ******* ******* ******* *******
------+------------------------------------------------------------------------------------------------------------------------
       x 10 ^ 3                                
 
 
          INDEX
        -------
------+------------------------------------------------------------------------------------------------------------------------
      |    1987    1988    1989    1990    1991    1992    1993    1994    1995    1996    1997    1998    1999    2000    2001
------+------------------------------------------------------------------------------------------------------------------------
  1   | *******  282.05  291.55  281.67  292.51  288.35  279.63  255.47  281.49  286.17  284.22  253.64  264.28  245.72  245.07
------+------------------------------------------------------------------------------------------------------------------------
       x 10 ^ 3                                
 
 
          INDEX
        -------
------+--------
      |    2002
------+--------
  1   |  213.82
------+--------
       x 10 ^ 3                                
 
 
 
 AGE-STRUCTURED INDICES                                                         
  
 -----------------------
 
        FLT01: Dummy survey
        -------------------
------+--------------------------------
AGE   |    1981    1982    1983    1984
------+--------------------------------
  1   |  266.10  203.00   43.60   15.24
  2   |  506.40  435.90  712.70   79.51
  3   |  225.10  483.60  444.60  661.83
  4   |   31.70  184.10  391.60  374.60
  5   |  174.80   24.70  130.40  238.20
  6   |  158.50  136.60   20.20   92.00
  7   |   99.50  108.60   91.30   15.54
  8   |  116.60   84.50   70.90   51.47
  9   |   35.30   87.00   47.10   39.27
------+--------------------------------
       x 10 ^ 3                                
 
 
 
        Fishing Mortality (per year)
        ----------------------------
------+------------------------------------------------------------------------------------------------------------------------
AGE   |    1972    1973    1974    1975    1976    1977    1978    1979    1980    1981    1982    1983    1984    1985    1986
------+------------------------------------------------------------------------------------------------------------------------
  0   | 0.00762 0.00590 0.00838 0.00982 0.00815 0.00766 0.00542 0.00595 0.00926 0.00731 0.00534 0.00664 0.00592 0.00877 0.00584
  1   | 0.02886 0.02235 0.03177 0.03726 0.03086 0.02908 0.02057 0.02261 0.03511 0.02773 0.02032 0.02521 0.02367 0.03288 0.02194
  2   | 0.06393 0.04949 0.07030 0.08255 0.06838 0.06437 0.04562 0.05012 0.07789 0.06140 0.04503 0.05603 0.05248 0.07675 0.04794
  3   | 0.12595 0.09761 0.13852 0.16244 0.13477 0.12687 0.08984 0.09892 0.15352 0.12112 0.08868 0.11041 0.10373 0.15114 0.09961
  4   | 0.19174 0.14873 0.21125 0.24724 0.20478 0.19317 0.13687 0.15059 0.23398 0.18422 0.13510 0.16791 0.15779 0.23041 0.15115
  5   | 0.21626 0.16805 0.23894 0.27971 0.23102 0.21759 0.15461 0.17028 0.26415 0.20807 0.15234 0.18976 0.17785 0.25954 0.17056
  6   | 0.24155 0.18791 0.26771 0.31352 0.25900 0.24314 0.17258 0.19079 0.29602 0.23259 0.17056 0.21205 0.19920 0.28946 0.19006
  7   | 0.27272 0.21164 0.30181 0.35385 0.29248 0.27479 0.19443 0.21479 0.33428 0.26257 0.19221 0.23941 0.22428 0.32634 0.21314
  8   | 0.24790 0.19232 0.27348 0.32050 0.26521 0.24960 0.17689 0.19487 0.30264 0.23833 0.17463 0.21723 0.20383 0.29545 0.19303
  9   | 0.24790 0.19232 0.27348 0.32050 0.26521 0.24960 0.17689 0.19487 0.30264 0.23833 0.17463 0.21723 0.20383 0.29545 0.19303
------+------------------------------------------------------------------------------------------------------------------------
                                               
 
 
        Fishing Mortality (per year)
        ----------------------------
------+------------------------------------------------------------------------------------------------------------------------
AGE   |    1987    1988    1989    1990    1991    1992    1993    1994    1995    1996    1997    1998    1999    2000    2001
------+------------------------------------------------------------------------------------------------------------------------
  0   | 0.00663 0.00843 0.00498 0.00687 0.00824 0.01030 0.01041 0.00687 0.00607 0.00621 0.00985 0.00751 0.00560 0.00596 0.00755
  1   | 0.02507 0.03187 0.01873 0.02559 0.03043 0.03899 0.03941 0.02599 0.02298 0.02349 0.03727 0.02841 0.02121 0.02255 0.02858
  2   | 0.05494 0.07021 0.04130 0.05618 0.06607 0.08629 0.08722 0.05752 0.05087 0.05200 0.08249 0.06289 0.04694 0.04991 0.06325
  3   | 0.10632 0.13613 0.08066 0.10983 0.12845 0.17025 0.17207 0.11348 0.10036 0.10259 0.16275 0.12407 0.09261 0.09846 0.12479
  4   | 0.17107 0.20162 0.11998 0.16489 0.19265 0.26027 0.26306 0.17349 0.15342 0.15684 0.24880 0.18968 0.14158 0.15052 0.19077
  5   | 0.19218 0.24228 0.13047 0.18074 0.21292 0.29604 0.29922 0.19733 0.17451 0.17840 0.28300 0.21575 0.16104 0.17121 0.21699
  6   | 0.21472 0.26887 0.15696 0.19309 0.22895 0.33476 0.33835 0.22314 0.19733 0.20173 0.32001 0.24396 0.18211 0.19360 0.24537
  7   | 0.24075 0.30188 0.17495 0.23696 0.24250 0.38348 0.38759 0.25561 0.22605 0.23109 0.36658 0.27946 0.20861 0.22177 0.28108
  8   | 0.21702 0.27175 0.15763 0.21216 0.24457 0.35525 0.35906 0.23680 0.20941 0.21408 0.33960 0.25890 0.19325 0.20545 0.26039
  9   | 0.21702 0.27175 0.15763 0.21216 0.24457 0.35525 0.35906 0.23680 0.20941 0.21408 0.33960 0.25890 0.19325 0.20545 0.26039
------+------------------------------------------------------------------------------------------------------------------------
                                               
 
 
        Fishing Mortality (per year)
        ----------------------------
------+--------
AGE   |    2002
------+--------
  0   | 0.00868
  1   | 0.03286
  2   | 0.07272
  3   | 0.14347
  4   | 0.21933
  5   | 0.24948
  6   | 0.28210
  7   | 0.32316
  8   | 0.29937
  9   | 0.29937
------+--------
                                               
 
 
 
        Population Abundance (1 January)
        --------------------------------
------+------------------------------------------------------------------------------------------------------------------------
AGE   |    1972    1973    1974    1975    1976    1977    1978    1979    1980    1981    1982    1983    1984    1985    1986
------+------------------------------------------------------------------------------------------------------------------------
  0   |  404.29  527.77  546.91  472.96  563.52  533.44  603.38  534.77  800.23  510.16  485.00  441.27  442.71  491.29  622.90
  1   |  437.37  345.33  451.58  466.80  403.10  481.09  455.63  516.52  457.55  682.42  435.90  415.22  377.29  378.80  419.16
  2   |  413.27  365.74  290.66  376.53  387.08  336.40  402.21  384.18  434.63  380.23  571.30  367.64  348.49  317.14  315.49
  3   |  201.85  333.67  299.59  233.19  298.40  311.15  271.50  330.74  314.50  346.06  307.78  470.07  299.19  284.61  252.80
  4   |  255.27  153.17  260.49  224.51  170.62  224.45  235.90  213.60  257.86  232.17  263.88  242.43  362.30  232.14  210.60
  5   |  194.49  181.38  113.62  181.51  150.91  119.66  159.25  177.07  158.15  175.64  166.21  198.42  176.41  266.32  158.69
  6   |  127.94  134.84  131.96   77.01  118.11  103.10   82.85  117.44  128.54  104.52  122.78  122.84  141.26  127.10  176.83
  7   |  104.06   86.49   96.18   86.91   48.44   78.46   69.58   60.01   83.52   82.29   71.29   89.10   85.53   99.63   81.90
  8   |   20.43   68.19   60.24   61.21   52.51   31.12   51.31   49.31   41.67   51.46   54.47   50.63   60.36   58.83   61.87
  9   |  104.71   76.85   92.97   88.70   82.85   84.95   68.39   77.67   80.23   68.82   75.70   84.86   85.07   94.41   88.70
------+------------------------------------------------------------------------------------------------------------------------
       x 10 ^ 6                                
 
 
        Population Abundance (1 January)
        --------------------------------
------+------------------------------------------------------------------------------------------------------------------------
AGE   |    1987    1988    1989    1990    1991    1992    1993    1994    1995    1996    1997    1998    1999    2000    2001
------+------------------------------------------------------------------------------------------------------------------------
  0   |  589.78  537.37  371.19  595.10  581.80  224.38  558.83  481.40  509.35  224.35  498.70  105.70  169.04  482.76  345.78
  1   |  533.02  504.27  458.63  317.90  508.71  462.83  191.14  476.01  411.51  435.75  191.91  425.03   90.30  144.68  413.05
  2   |  352.95  447.41  420.41  387.42  266.71  385.74  383.13  158.16  399.19  346.14  366.34  159.13  355.58   76.09  121.75
  3   |  258.83  287.54  358.98  347.21  315.24  190.97  304.56  302.22  128.52  326.55  282.83  290.35  128.62  292.01   62.30
  4   |  196.96  200.31  215.99  285.03  267.76  207.93  138.64  220.70  232.21  100.06  253.66  206.87  220.74  100.91  227.77
  5   |  155.84  142.87  140.93  164.89  208.04  161.36  137.95   91.73  159.70  171.44   73.62  170.24  147.29  164.91   74.72
  6   |  115.17  110.68   96.51  106.46  118.45  118.69  103.29   88.03   64.81  115.45  123.45   47.75  118.09  107.92  119.61
  7   |  125.85   79.97   72.80   71.00   75.54   62.64   73.10   63.38   60.62   45.79   81.21   77.16   32.20   84.72   76.54
  8   |   56.96   85.14   50.90   52.61   48.22   35.88   36.74   42.70   42.25   41.62   31.28   48.45   50.22   22.50   58.41
  9   |   96.57   96.45  107.81  105.59   97.43   70.14   55.77   50.97   59.07   66.38   70.76   58.08   65.04   75.84   63.06
------+------------------------------------------------------------------------------------------------------------------------
       x 10 ^ 6                                
 
 
        Population Abundance (1 January)
        --------------------------------
------+----------------
AGE   |    2002    2003
------+----------------
  0   |  438.43  255.77
  1   |  295.38  374.10
  2   |  345.50  246.02
  3   |   98.37  276.52
  4   |   47.33   73.35
  5   |  162.00   32.72
  6   |   51.77  108.65
  7   |   80.55   33.60
  8   |   49.74   50.18
  9   |   76.35   80.45
------+----------------
       x 10 ^ 6                                
 
 
 
        Weighting factors for the catches in number
        -------------------------------------------
------+----------------------------------------------------------------------------------------
AGE   |    1992    1993    1994    1995    1996    1997    1998    1999    2000    2001    2002
------+----------------------------------------------------------------------------------------
  0   |  0.0200  0.0200  0.0200  0.0200  0.0200  0.0200  0.0200  0.0200  0.0200  0.0200  0.0200
  1   |  1.0000  1.0000  1.0000  1.0000  1.0000  1.0000  1.0000  1.0000  1.0000  1.0000  1.0000
  2   |  1.0000  1.0000  1.0000  1.0000  1.0000  1.0000  1.0000  1.0000  1.0000  1.0000  1.0000
  3   |  1.0000  1.0000  1.0000  1.0000  1.0000  1.0000  1.0000  1.0000  1.0000  1.0000  1.0000
  4   |  1.0000  1.0000  1.0000  1.0000  1.0000  1.0000  1.0000  1.0000  1.0000  1.0000  1.0000
  5   |  1.0000  1.0000  1.0000  1.0000  1.0000  1.0000  1.0000  1.0000  1.0000  1.0000  1.0000
  6   |  1.0000  1.0000  1.0000  1.0000  1.0000  1.0000  1.0000  1.0000  1.0000  1.0000  1.0000
  7   |  1.0000  1.0000  1.0000  1.0000  1.0000  1.0000  1.0000  1.0000  1.0000  1.0000  1.0000
  8   |  1.0000  1.0000  1.0000  1.0000  1.0000  1.0000  1.0000  1.0000  1.0000  1.0000  1.0000
------+----------------------------------------------------------------------------------------
                                               
 
 
 
 Predicted SSB Index Values                                                     
  
 ---------------------------
 
          INDEX
        -------
------+------------------------------------------------------------------------------------------------------------------------
      |    1972    1973    1974    1975    1976    1977    1978    1979    1980    1981    1982    1983    1984    1985    1986
------+------------------------------------------------------------------------------------------------------------------------
  1   | ******* ******* ******* ******* ******* ******* ******* ******* ******* ******* ******* ******* ******* ******* *******
------+------------------------------------------------------------------------------------------------------------------------
       x 10 ^ 3                                
 
 
          INDEX
        -------
------+------------------------------------------------------------------------------------------------------------------------
      |    1987    1988    1989    1990    1991    1992    1993    1994    1995    1996    1997    1998    1999    2000    2001
------+------------------------------------------------------------------------------------------------------------------------
  1   | *******  325.13  339.93  331.59  349.79  288.34  279.64  255.48  281.51  286.19  284.24  253.66  264.31  245.74  245.10
------+------------------------------------------------------------------------------------------------------------------------
       x 10 ^ 3                                
 
 
          INDEX
        -------
------+--------
      |    2002
------+--------
  1   |  213.82
------+--------
       x 10 ^ 3                                
 
 
 
 Predicted Age-Structured Index Values                                          
  
 --------------------------------------
 
        FLT01: Dummy survey Predicted
        -----------------------------
------+--------------------------------
AGE   |    1981    1982    1983    1984
------+--------------------------------
  1   |  113.47   72.77   69.14   62.87
  2   |  310.02  470.02  300.64  285.53
  3   |  415.01  375.74  567.06  362.24
  4   |  144.79  169.07  152.55  229.25
  5   |  104.21  101.69  118.92  106.42
  6   |   67.07   81.52   79.72   92.32
  7   |   61.84   55.69   67.82   65.64
  8   |   72.46   79.43   72.12   86.62
  9   |   41.83   47.64   52.18   52.69
------+--------------------------------
       x 10 ^ 3                                
 
 
 
        Fitted Selection Pattern
        ------------------------
------+------------------------------------------------------------------------------------------------------------------------
AGE   |    1972    1973    1974    1975    1976    1977    1978    1979    1980    1981    1982    1983    1984    1985    1986
------+------------------------------------------------------------------------------------------------------------------------
  0   |  0.0352  0.0351  0.0351  0.0351  0.0353  0.0352  0.0351  0.0350  0.0351  0.0351  0.0350  0.0350  0.0333  0.0338  0.0342
  1   |  0.1334  0.1330  0.1330  0.1332  0.1336  0.1337  0.1331  0.1328  0.1329  0.1333  0.1334  0.1328  0.1331  0.1267  0.1287
  2   |  0.2956  0.2945  0.2942  0.2951  0.2960  0.2958  0.2951  0.2944  0.2949  0.2951  0.2956  0.2953  0.2951  0.2957  0.2811
  3   |  0.5824  0.5809  0.5797  0.5808  0.5834  0.5831  0.5811  0.5809  0.5812  0.5821  0.5821  0.5818  0.5833  0.5824  0.5840
  4   |  0.8866  0.8850  0.8841  0.8839  0.8864  0.8878  0.8852  0.8844  0.8858  0.8854  0.8868  0.8849  0.8872  0.8878  0.8862
  5   |  1.0000  1.0000  1.0000  1.0000  1.0000  1.0000  1.0000  1.0000  1.0000  1.0000  1.0000  1.0000  1.0000  1.0000  1.0000
  6   |  1.1170  1.1182  1.1204  1.1209  1.1211  1.1174  1.1162  1.1205  1.1207  1.1179  1.1196  1.1174  1.1200  1.1153  1.1144
  7   |  1.2611  1.2594  1.2631  1.2651  1.2661  1.2629  1.2575  1.2614  1.2655  1.2619  1.2617  1.2617  1.2611  1.2574  1.2497
  8   |  1.1463  1.1444  1.1445  1.1458  1.1480  1.1471  1.1441  1.1444  1.1457  1.1455  1.1463  1.1448  1.1461  1.1384  1.1318
  9   |  1.1463  1.1444  1.1445  1.1458  1.1480  1.1471  1.1441  1.1444  1.1457  1.1455  1.1463  1.1448  1.1461  1.1384  1.1318
------+------------------------------------------------------------------------------------------------------------------------
                                               
 
 
        Fitted Selection Pattern
        ------------------------
------+------------------------------------------------------------------------------------------------------------------------
AGE   |    1987    1988    1989    1990    1991    1992    1993    1994    1995    1996    1997    1998    1999    2000    2001
------+------------------------------------------------------------------------------------------------------------------------
  0   |  0.0345  0.0348  0.0381  0.0380  0.0387  0.0348  0.0348  0.0348  0.0348  0.0348  0.0348  0.0348  0.0348  0.0348  0.0348
  1   |  0.1305  0.1316  0.1436  0.1416  0.1429  0.1317  0.1317  0.1317  0.1317  0.1317  0.1317  0.1317  0.1317  0.1317  0.1317
  2   |  0.2859  0.2898  0.3165  0.3108  0.3103  0.2915  0.2915  0.2915  0.2915  0.2915  0.2915  0.2915  0.2915  0.2915  0.2915
  3   |  0.5532  0.5619  0.6182  0.6077  0.6033  0.5751  0.5751  0.5751  0.5751  0.5751  0.5751  0.5751  0.5751  0.5751  0.5751
  4   |  0.8902  0.8322  0.9196  0.9123  0.9048  0.8792  0.8792  0.8792  0.8792  0.8792  0.8792  0.8792  0.8792  0.8792  0.8792
  5   |  1.0000  1.0000  1.0000  1.0000  1.0000  1.0000  1.0000  1.0000  1.0000  1.0000  1.0000  1.0000  1.0000  1.0000  1.0000
  6   |  1.1173  1.1098  1.2030  1.0683  1.0753  1.1308  1.1308  1.1308  1.1308  1.1308  1.1308  1.1308  1.1308  1.1308  1.1308
  7   |  1.2528  1.2460  1.3409  1.3110  1.1389  1.2953  1.2953  1.2953  1.2953  1.2953  1.2953  1.2953  1.2953  1.2953  1.2953
  8   |  1.1292  1.1217  1.2082  1.1738  1.1486  1.2000  1.2000  1.2000  1.2000  1.2000  1.2000  1.2000  1.2000  1.2000  1.2000
  9   |  1.1292  1.1217  1.2082  1.1738  1.1486  1.2000  1.2000  1.2000  1.2000  1.2000  1.2000  1.2000  1.2000  1.2000  1.2000
------+------------------------------------------------------------------------------------------------------------------------
                                               
 
 
        Fitted Selection Pattern
        ------------------------
------+--------
AGE   |    2002
------+--------
  0   |  0.0348
  1   |  0.1317
  2   |  0.2915
  3   |  0.5751
  4   |  0.8792
  5   |  1.0000
  6   |  1.1308
  7   |  1.2953
  8   |  1.2000
  9   |  1.2000
------+--------
                                               
 
 
 
 
 
                    STOCK SUMMARY                                             
 
 
 ³ Year ³  Recruits  ³  Total  ³ Spawning³ Landings ³ Yield ³ Mean F ³ SoP ³    
 ³      ³   Age   0  ³ Biomass ³ Biomass ³          ³ /SSB  ³  Ages  ³     ³ 
 ³      ³  thousands ³  tonnes ³ tonnes  ³ tonnes   ³ ratio ³  4- 7  ³ (%) ³ 
 
   1972       404280    516491    360993     88661   0.2456   0.2306   100
   1973       527770    483741    350292     63034   0.1799   0.1791   100
   1974       546900    477593    331361     85330   0.2575   0.2549    99
   1975       472950    452150    301145     87209   0.2896   0.2986    99
   1976       563510    422979    286768     67272   0.2346   0.2468    99
   1977       533430    425511    286187     64680   0.2260   0.2322   100
   1978       603370    433559    303675     45489   0.1498   0.1646    99
   1979       534770    459725    320451     52327   0.1633   0.1816    99
   1980       800230    475793    325373     93162   0.2863   0.2821    99
   1981       510160    479540    329939     73216   0.2219   0.2219   100
   1982       484990    456981    333639     57275   0.1717   0.1626   100
   1983       441260    495810    366773     72068   0.1965   0.2023    99
   1984       442710    500234    378886     70067   0.1849   0.1898   100
   1985       491280    498305    369108    111257   0.3014   0.2764    99
   1986       622900    444386    334799     68381   0.2042   0.1812    99
   1987       589770    438607    321666     76606   0.2382   0.2047    99
   1988       537360    450994    325130     93690   0.2882   0.2537    99
   1989       371180    456559    339927     53503   0.1574   0.1456    99
   1990       595100    434219    331589     75620   0.2281   0.1939   100
   1991       581800    468348    349788     87190   0.2493   0.2193    99
   1992       224370    418001    288343     98063   0.3401   0.3186    99
   1993       558820    387833    279642     88505   0.3165   0.3221   100
   1994       481400    350204    255484     60471   0.2367   0.2124   100
   1995       509340    385635    281513     54497   0.1936   0.1878    99
   1996       224350    387412    286187     55808   0.1950   0.1920    99
   1997       498700    387343    284240     85654   0.3013   0.3046    99
   1998       105690    343844    253663     62846   0.2478   0.2322   100
   1999       169040    340482    264306     47131   0.1783   0.1733    99
   2000       482760    306384    245743     50336   0.2048   0.1843    99
   2001       345770    327941    245100     60602   0.2473   0.2336    99
   2002       438430    301785    213816     62303   0.2914   0.2685   100
 
 -----------------------------------------------------------------            
 No of years for separable analysis : 11                                      
 Age range in the analysis : 0  . . . 9                                       
 Year range in the analysis : 1972  . . . 2002                                
 Number of indices of SSB : 1                                                 
 Number of age-structured indices : 1                                         
                                                                              
 Parameters to estimate : 46                                                  
 Number of observations : 150                                                 
                                                                              
 Conventional single selection vector model to be fitted.                     
                                                                              
                                                                              
                                                                              
 -----------------------------------------------------------------            
 
 
 PARAMETER ESTIMATES                                                            
  
 
 ³Parm.³      ³ Maximum ³    ³        ³         ³         ³         ³ Mean of ³ 
  
 ³ No. ³      ³ Likelh. ³ CV ³  Lower ³ Upper   ³  -s.e.  ³   +s.e. ³ Param.  ³ 
  
 ³     ³      ³ Estimate³ (%)³ 95% CL ³ 95% CL  ³         ³         ³ Distrib.³ 
  
 Separable model : F by year                                                    
  
    1   1992     0.2365   0    0.2365    0.2365    0.2365    0.2365    0.2365
    2   1993     0.2381   0    0.2381    0.2381    0.2381    0.2381    0.2381
    3   1994     0.1579   0    0.1579    0.1579    0.1579    0.1579    0.1579
    4   1995     0.1428   0    0.1428    0.1428    0.1428    0.1428    0.1428
    5   1996     0.1515   0    0.1515    0.1515    0.1515    0.1515    0.1515
    6   1997     0.2521   0    0.2521    0.2521    0.2521    0.2521    0.2521
    7   1998     0.2050   0    0.2050    0.2050    0.2050    0.2050    0.2050
    8   1999     0.1668   0    0.1668    0.1668    0.1668    0.1668    0.1668
    9   2000     0.1964   0    0.1964    0.1964    0.1964    0.1964    0.1964
   10   2001     0.2807   0    0.2807    0.2807    0.2807    0.2807    0.2807
   11   2002     0.3733   0    0.3733    0.3733    0.3733    0.3733    0.3733
 
 Separable Model: Selection (S) by age                                          
  
   12      0     0.0488   0    0.0488    0.0488    0.0488    0.0488    0.0488
   13      1     0.1644   0    0.1644    0.1644    0.1644    0.1644    0.1644
   14      2     0.3329   0    0.3329    0.3329    0.3329    0.3329    0.3329
   15      3     0.6165   0    0.6165    0.6165    0.6165    0.6165    0.6165
   16      4     0.9035   0    0.9035    0.9035    0.9035    0.9035    0.9035
           5     1.0000     Fixed : Reference Age             
   17      6     1.1156   0    1.1156    1.1156    1.1156    1.1156    1.1156
   18      7     1.1922   0    1.1922    1.1922    1.1922    1.1922    1.1922
           8     1.2000     Fixed : Last true age             
 
 Separable model: Populations in year 2002                                    
   19      0     210051   0     210051    210051    210051    210051    210051
   20      1     161374   0     161374    161374    161374    161374    161374
   21      2     210010   0     210010    210010    210010    210010    210010
   22      3      65188   0      65188     65188     65188     65188     65188
   23      4      33445   0      33445     33445     33445     33445     33445
   24      5     120147   0     120147    120147    120147    120147    120147
   25      6      40326   0      40326     40326     40326     40326     40326
   26      7      66127   0      66127     66127     66127     66127     66127
   27      8      43966   0      43966     43966     43966     43966     43966
 
Separable model: Populations at age
   28   1992      51018   0      51018     51018     51018     51018     51018
   29   1993      52596   0      52596     52596     52596     52596     52596
   30   1994      61926   0      61926     61926     61926     61926     61926
   31   1995      60521   0      60521     60521     60521     60521     60521
   32   1996      58423   0      58423     58423     58423     58423     58423
   33   1997      42549   0      42549     42549     42549     42549     42549
   34   1998      64253   0      64253     64253     64253     64253     64253
   35   1999      62026   0      62026     62026     62026     62026     62026
   36   2000      25161   0      25161     25161     25161     25161     25161
   37   2001      59241   0      59241     59241     59241     59241     59241
 
 SSB Index catchabilities                                                       
  
   INDEX                                 
 Absolute estimator. No fitted catchability.                                    
  
 
 
 
 Age-structured index catchabilities                                            
  
                                        FLT01: Dummy survey                     
 
 Linear model fitted. Slopes at age :                                           
  
   38   1  Q  .1833       0 .1833     .1833     .1833     .1833     .1833    
   39   2  Q  .9159       0 .9159     .9159     .9159     .9159     .9159    
   40   3  Q  1.392       0 1.392     1.392     1.392     1.392     1.392    
   41   4  Q  .7495       0 .7495     .7495     .7495     .7495     .7495    
   42   5  Q  .7225       0 .7225     .7225     .7225     .7225     .7225    
   43   6  Q  .7919       0 .7919     .7919     .7919     .7919     .7919    
   44   7  Q  .9429       0 .9429     .9429     .9429     .9429     .9429    
   45   8  Q  1.743       0 1.743     1.743     1.743     1.743     1.743    
   46   9  Q  .7593       0 .7593     .7593     .7593     .7593     .7593    
 
 
 
 RESIDUALS ABOUT THE MODEL FIT                                                  
  
 ------------------------------
 
        Separable Model Residuals
        -------------------------
------+----------------------------------------------------------------------------------------
Age   |    1992    1993    1994    1995    1996    1997    1998    1999    2000    2001    2002
------+----------------------------------------------------------------------------------------
  0   | ******* ******* ******* ******* ******* ******* ******* ******* ******* ******* *******
  1   | ******* ******* ******* ******* ******* ******* ******* ******* ******* ******* *******
  2   | ******* ******* ******* ******* ******* ******* ******* ******* ******* ******* *******
  3   | ******* ******* ******* ******* ******* ******* ******* ******* ******* ******* *******
  4   | ******* ******* ******* ******* ******* ******* ******* ******* ******* ******* *******
  5   | ******* ******* ******* ******* ******* ******* ******* ******* ******* ******* *******
  6   | ******* ******* ******* ******* ******* ******* ******* ******* ******* ******* *******
  7   | ******* ******* ******* ******* ******* ******* ******* ******* ******* ******* *******
  8   | ******* ******* ******* ******* ******* ******* ******* ******* ******* ******* *******
------+----------------------------------------------------------------------------------------
                                               
 
 
 
 SPAWNING BIOMASS INDEX RESIDUALS                                               
  
 ---------------------------------
 
          INDEX
        -------
------+------------------------------------------------------------------------------------------------------------------------
      |    1972    1973    1974    1975    1976    1977    1978    1979    1980    1981    1982    1983    1984    1985    1986
------+------------------------------------------------------------------------------------------------------------------------
  1   | ******* ******* ******* ******* ******* ******* ******* ******* ******* ******* ******* ******* ******* ******* *******
------+------------------------------------------------------------------------------------------------------------------------
                                               
 
 
          INDEX
        -------
------+------------------------------------------------------------------------------------------------------------------------
      |    1987    1988    1989    1990    1991    1992    1993    1994    1995    1996    1997    1998    1999    2000    2001
------+------------------------------------------------------------------------------------------------------------------------
  1   | ******* -0.1421 -0.1535 -0.1632 -0.1788  0.0000  0.0000 -0.0001 -0.0001 -0.0001 -0.0001 -0.0001 -0.0001 -0.0001 -0.0001
------+------------------------------------------------------------------------------------------------------------------------
                                               
 
 
          INDEX
        -------
------+--------
      |    2002
------+--------
  1   |  0.0000
------+--------
                                               
 
 
 
 AGE-STRUCTURED INDEX RESIDUALS                                                 
  
 -------------------------------
 
        FLT01: Dummy survey
        -------------------
------+--------------------------------
Age   |    1981    1982    1983    1984
------+--------------------------------
  1   |   0.852   1.026  -0.461  -1.417
  2   |   0.491  -0.075   0.863  -1.278
  3   |  -0.612   0.252  -0.243   0.603
  4   |  -1.519   0.085   0.943   0.491
  5   |   0.517  -1.415   0.092   0.806
  6   |   0.860   0.516  -1.373  -0.004
  7   |   0.476   0.668   0.297  -1.441
  8   |   0.476   0.062  -0.017  -0.521
  9   |  -0.170   0.602  -0.102  -0.294
------+--------------------------------
                                               
 
 
 
 
 
 
 PARAMETERS OF THE DISTRIBUTION OF ln(CATCHES AT AGE)                           
  
 -----------------------------------------------------
 
 Separable model fitted from 1992  to 2002                                    
 Variance                             0.0000
Skewness test stat.                  -0.4400
Kurtosis test statistic               1.9182
Partial chi-square                    0.0000
Significance in fit                   0.0000
Degrees of freedom                        62
 
 
 PARAMETERS OF DISTRIBUTIONS OF THE SSB INDICES                                 
  
 -----------------------------------------------
 
 
   DISTRIBUTION STATISTICS FOR   INDEX                                          
 
 
 Index used as absolute measure of abundance                                    
  
 Last age is a plus-group                                                       
  
 
 Variance                             0.0341
Skewness test stat.                  -3.0946
Kurtosis test statistic               0.6778
Partial chi-square                    0.0402
Significance in fit                   0.0000
Number of observations                    15
Degrees of freedom                        15
Weight in the analysis                5.0000
 
 PARAMETERS OF THE DISTRIBUTION OF THE AGE-STRUCTURED INDICES                   
  
 ------------------------------------------------------------ 
 
 
   DISTRIBUTION STATISTICS FOR FLT01: Dummy survey                              
 
 
 Linear catchability relationship assumed                                       
  
 
 Age                          1         2         3         4         5         6         7         8         9
 Variance                0.0015    0.0010    0.0003    0.0013    0.0011    0.0011    0.0011    0.0002    0.0002
Skewness test stat.     -0.2543   -0.5100   -0.0171   -0.6508   -0.7079   -0.6025   -0.8748   -0.1524    0.8952
Kurtosis test statisti  -0.6415   -0.4469   -0.6080   -0.3753   -0.3668   -0.4099   -0.2978   -0.4150   -0.2665
Partial chi-square       0.0004    0.0002    0.0001    0.0003    0.0003    0.0003    0.0003    0.0000    0.0001
Significance in fit      0.0000    0.0000    0.0000    0.0000    0.0000    0.0000    0.0000    0.0000    0.0000
Number of observations        4         4         4         4         4         4         4         4         4
Degrees of freedom            3         3         3         3         3         3         3         3         3
Weight in the analysis   0.0011    0.0011    0.0011    0.0011    0.0011    0.0011    0.0011    0.0011    0.0011
 
 ANALYSIS OF VARIANCE                   
--------------------------
 
 Unweighted Statistics                                                          
  
 
                                                                                
  
Variance                              
                                       SSQ     Data    Parameters d.f. Variance
Total for model                        20.6778     150         46  104   0.1988
Catches at age                          0.0000      99         37   62   0.0000
  
SSB Indices                           
  INDEX                                 0.1024      15          0   15   0.0068
  
 Aged Indices                                                                   
  
FLT01: Dummy survey                    20.5754      36          9   27   0.7621
 
 
 Weighted Statistics                                                            
  
 
                                                                                
  
Variance                              
                                       SSQ     Data    Parameters d.f. Variance
Total for model                         2.5594     150         46  104   0.0246
Catches at age                          0.0000      99         37   62   0.0000
  
SSB Indices                           
  INDEX                                 2.5594      15          0   15   0.1706
  
 Aged Indices                                                                   
  
FLT01: Dummy survey                     0.0000      36          9   27   0.0000
 
