 Output Generated by ICA Version 1.4                                            
  
 ------------------------------------
 
        Mackerel NE Atlantic  WG2003
        ----------------------------
 
        Catch in Number
        ---------------
------+------------------------------------------------------------------------------------------------------------------------
AGE   |    1972    1973    1974    1975    1976    1977    1978    1979    1980    1981    1982    1983    1984    1985    1986
------+------------------------------------------------------------------------------------------------------------------------
  0   |   2856.   2915.   3612.   2864.   3010.   4284.   4588.   2337.   4885.   2301.   3291.   1787.   2793.   2904.    684.
  1   |  11965.   8276.   8353.   8258.  12706.  10157.  17971.   8208.  12941.  10374.  11225.   5720.   8690.   6977.   9983.
  2   |  25601.  19644.  13478.  10919.  20912.  24385.  24087.  18292.  25783.  15612.  28664.  11110.  15842.  12366.  13681.
  3   |  37630.  35466.  27140.  15105.  23642.  34091.  48609.  20849.  48599.  26381.  36388.  24157.  26203.  19202.  20707.
  4   |  31535.  37509.  35512.  22323.  24025.  28018.  48828.  30460.  40205.  35921.  44437.  22241.  41672.  23117.  23546.
  5   |  32167.  22103.  26553.  20808.  25468.  20214.  28326.  21496.  41887.  20881.  42961.  19105.  27460.  26038.  20236.
  6   |  21484.  21714.  15116.  15112.  23071.  20729.  19674.  12040.  28584.  20984.  24103.  17846.  22882.  16606.  22120.
  7   |  18829.  14157.  14549.   8483.  16522.  18423.  19676.   8190.  15690.  14009.  23689.   9815.  21029.  13587.  13891.
  8   |  16798.   9902.   7579.   6521.   7469.  10574.  14041.   6497.   8613.   6111.  12735.   7653.   9321.   9966.   9120.
  9   |  12798.  16102.  14271.  10171.  15169.  13960.  18842.  11158.  18708.  10894.  15310.   9059.  16121.  12489.  15589.
------+------------------------------------------------------------------------------------------------------------------------
       x 10 ^ 3                                
 
 
        Catch in Number
        ---------------
------+------------------------------------------------------------------------------------------------------------------------
AGE   |    1987    1988    1989    1990    1991    1992    1993    1994    1995    1996    1997    1998    1999    2000    2001
------+------------------------------------------------------------------------------------------------------------------------
  0   |   3580.   3713.    871.   2842.   4126.   3094.   5334.   5083.   4999.   3165.   2643.   5390.   3803.   6405.   6480.
  1   |   2758.  13212.  10306.   1774.  14066.   8748.  17043.  15791.  16331.  16578.   7897.   8509.  18523.  13539.  20652.
  2   |  22862.   5746.  20724.  11964.   4996.  17004.  27336.  28494.  28676.  30582.  23456.  14457.  16609.  37343.  24680.
  3   |  26539.  39962.   7573.  20534.  28633.   5154.  44935.  38366.  43499.  45069.  36579.  36483.  23918.  28238.  57252.
  4   |  29139.  33196.  37654.   5467.  35862.  21526.   9884.  45072.  41975.  48903.  38825.  41351.  43755.  29294.  31046.
  5   |  23533.  25609.  21875.  19230.   6825.  19082.  29433.   6937.  34616.  33095.  29589.  31138.  35145.  37818.  22621.
  6   |  19549.  19875.  16207.  10817.  23264.   3516.  25226.  19837.   5123.  26221.  19292.  22955.  25573.  29273.  28085.
  7   |  20940.  16070.  12240.   7874.  12860.  11777.   4556.  16540.  14270.   3776.  14929.  14682.  18470.  20802.  21184.
  8   |  10563.  13783.   7882.   4734.   7545.   5186.  12312.   2382.   9505.   8406.   1712.   9099.   9466.  12034.  12029.
  9   |  19030.  19517.  16772.   9442.  13494.   8484.  13916.  14025.   9428.  11330.   9120.   6262.  10589.  13265.  15130.
------+------------------------------------------------------------------------------------------------------------------------
       x 10 ^ 3                                
 
 
        Catch in Number
        ---------------
------+--------
AGE   |    2002
------+--------
  0   |   3726.
  1   |  18019.
  2   |  32552.
  3   |  32860.
  4   |  54902.
  5   |  20938.
  6   |  14699.
  7   |  17824.
  8   |  10724.
  9   |  14850.
------+--------
       x 10 ^ 3                                
 
 
 
        Predicted Catch in Number
        -------------------------
------+----------------------------------------------------------------------------------------
AGE   |    1992    1993    1994    1995    1996    1997    1998    1999    2000    2001    2002
------+----------------------------------------------------------------------------------------
  0   |   3094.   5334.   5083.   4999.   3165.   2643.   5390.   3803.   6405.   6479.   3726.
  1   |   8749.  17044.  15791.  16329.  16576.   7896.   8508.  18521.  13537.  20649.  18019.
  2   |  17006.  27338.  28496.  28676.  30579.  23453.  14457.  16607.  37339.  24676.  32552.
  3   |   5154.  44939.  38370.  43503.  45069.  36575.  36479.  23916.  28234.  57245.  32860.
  4   |  21529.   9885.  45077.  41980.  48907.  38825.  41346.  43750.  29292.  31041.  54903.
  5   |  19083.  29437.   6938.  34620.  33097.  29590.  31137.  35140.  37812.  22618.  20938.
  6   |   3517.  25228.  19839.   5123.  26222.  19292.  22955.  25570.  29267.  28080.  14699.
  7   |  11777.   4556.  16541.  14271.   3776.  14929.  14683.  18470.  20800.  21180.  17823.
  8   |   5185.  12312.   2382.   9506.   8406.   1712.   9099.   9466.  12034.  12027.  10723.
------+----------------------------------------------------------------------------------------
       x 10 ^ 3                                
 
 
 
        Weights at age in the catches (Kg)
        ----------------------------------
------+------------------------------------------------------------------------------------------------------------------------
AGE   |    1972    1973    1974    1975    1976    1977    1978    1979    1980    1981    1982    1983    1984    1985    1986
------+------------------------------------------------------------------------------------------------------------------------
  0   | 0.05200 0.05000 0.05100 0.05000 0.05900 0.05600 0.03600 0.01600 0.05700 0.06000 0.05300 0.05000 0.03100 0.05500 0.03900
  1   | 0.13500 0.14500 0.13600 0.14800 0.13700 0.13600 0.13500 0.13700 0.13100 0.13200 0.13100 0.16800 0.10200 0.14400 0.14600
  2   | 0.27700 0.19400 0.22900 0.17700 0.20700 0.16900 0.16100 0.16100 0.24900 0.24800 0.24900 0.21900 0.18400 0.26200 0.24500
  3   | 0.34100 0.28500 0.26100 0.25900 0.26300 0.27500 0.25000 0.24300 0.28500 0.28700 0.28500 0.27600 0.29500 0.35700 0.33500
  4   | 0.42300 0.36800 0.33400 0.32300 0.32000 0.33300 0.32500 0.31800 0.34500 0.34400 0.34500 0.31000 0.32600 0.41800 0.42300
  5   | 0.46800 0.44800 0.39200 0.34800 0.34600 0.35200 0.34500 0.34800 0.37800 0.37700 0.37800 0.38600 0.34400 0.41700 0.47100
  6   | 0.46800 0.46800 0.48100 0.43000 0.40600 0.40700 0.40300 0.40100 0.45400 0.45400 0.45400 0.42500 0.43100 0.43600 0.44400
  7   | 0.50800 0.50800 0.50800 0.48800 0.44300 0.44600 0.42100 0.41600 0.49800 0.49900 0.49600 0.43500 0.54200 0.52100 0.45700
  8   | 0.53900 0.53900 0.53900 0.53900 0.51800 0.54600 0.51800 0.50600 0.52000 0.51300 0.51300 0.49800 0.48000 0.55500 0.54300
  9   | 0.60304 0.59342 0.59738 0.60262 0.60513 0.59014 0.56571 0.53927 0.56497 0.56513 0.56223 0.57690 0.60305 0.62098 0.61296
------+------------------------------------------------------------------------------------------------------------------------
                                               
 
 
        Weights at age in the catches (Kg)
        ----------------------------------
------+------------------------------------------------------------------------------------------------------------------------
AGE   |    1987    1988    1989    1990    1991    1992    1993    1994    1995    1996    1997    1998    1999    2000    2001
------+------------------------------------------------------------------------------------------------------------------------
  0   | 0.07600 0.05500 0.04900 0.08500 0.06800 0.05100 0.06100 0.04600 0.07200 0.05800 0.07600 0.06500 0.06200 0.06300 0.06900
  1   | 0.17900 0.13300 0.13600 0.15600 0.15600 0.16700 0.13400 0.13600 0.14300 0.14300 0.14300 0.15700 0.17600 0.13500 0.17100
  2   | 0.22300 0.25900 0.23700 0.23300 0.25300 0.23900 0.24000 0.25500 0.23400 0.22600 0.23000 0.22700 0.23600 0.22900 0.22300
  3   | 0.31800 0.32300 0.32000 0.33600 0.32700 0.33300 0.31700 0.33900 0.33300 0.31300 0.29500 0.31000 0.30700 0.30800 0.30700
  4   | 0.39900 0.38800 0.37700 0.37900 0.39400 0.39700 0.37600 0.39000 0.39000 0.37700 0.35900 0.35400 0.36100 0.36700 0.37800
  5   | 0.47400 0.45600 0.43300 0.42300 0.42300 0.46000 0.43600 0.44800 0.45200 0.42500 0.41500 0.40800 0.40600 0.42900 0.42600
  6   | 0.51200 0.52400 0.45600 0.46700 0.46900 0.49500 0.48300 0.51200 0.50100 0.48400 0.45300 0.45200 0.45400 0.46700 0.47700
  7   | 0.49300 0.55500 0.54300 0.52800 0.50600 0.53200 0.52700 0.54300 0.53900 0.51800 0.48100 0.46200 0.50100 0.50400 0.49900
  8   | 0.49800 0.55500 0.59200 0.55200 0.55400 0.55500 0.54800 0.59000 0.57700 0.55100 0.52400 0.51800 0.53700 0.53700 0.54300
  9   | 0.62366 0.60466 0.61343 0.61730 0.63736 0.63505 0.60972 0.62147 0.61929 0.59591 0.57594 0.57760 0.59378 0.58564 0.59608
------+------------------------------------------------------------------------------------------------------------------------
                                               
 
 
        Weights at age in the catches (Kg)
        ----------------------------------
------+--------
AGE   |    2002
------+--------
  0   | 0.05200
  1   | 0.15900
  2   | 0.25500
  3   | 0.30700
  4   | 0.36900
  5   | 0.42600
  6   | 0.46400
  7   | 0.51400
  8   | 0.53900
  9   | 0.60603
------+--------
                                               
 
 
 
        Weights at age in the stock (Kg)
        --------------------------------
------+------------------------------------------------------------------------------------------------------------------------
AGE   |    1972    1973    1974    1975    1976    1977    1978    1979    1980    1981    1982    1983    1984    1985    1986
------+------------------------------------------------------------------------------------------------------------------------
  0   | 0.00800 0.00800 0.00800 0.00800 0.00800 0.00800 0.00800 0.00800 0.00800 0.00800 0.00800 0.00800 0.00000 0.00000 0.00000
  1   | 0.13200 0.13200 0.13000 0.12900 0.12800 0.12700 0.11100 0.11000 0.10900 0.08700 0.08600 0.08600 0.08100 0.08500 0.07700
  2   | 0.17800 0.17700 0.17300 0.17100 0.17000 0.16700 0.17500 0.17400 0.17300 0.18600 0.13500 0.17200 0.19400 0.16500 0.17900
  3   | 0.24300 0.24200 0.23800 0.23600 0.23600 0.23300 0.23800 0.23700 0.23600 0.25200 0.22100 0.23500 0.25300 0.29300 0.26700
  4   | 0.41100 0.30100 0.29600 0.29400 0.29300 0.28900 0.30000 0.29900 0.29700 0.31300 0.28000 0.28000 0.29500 0.30600 0.30400
  5   | 0.35500 0.43800 0.32200 0.31800 0.31800 0.31300 0.34600 0.34500 0.34300 0.32300 0.38500 0.33900 0.32400 0.34100 0.35600
  6   | 0.39800 0.39800 0.46900 0.36500 0.36500 0.36100 0.38200 0.38000 0.37900 0.37800 0.35300 0.37700 0.39300 0.38400 0.35100
  7   | 0.43300 0.43300 0.43300 0.49700 0.41900 0.41600 0.41000 0.40800 0.40700 0.41900 0.40800 0.40400 0.43600 0.43000 0.41600
  8   | 0.45900 0.45900 0.45900 0.45900 0.51200 0.44600 0.43200 0.43000 0.42900 0.43400 0.43700 0.43900 0.44100 0.45900 0.47300
  9   | 0.51759 0.50749 0.51167 0.51774 0.51915 0.53392 0.49704 0.48900 0.48355 0.47585 0.48445 0.51068 0.50099 0.53210 0.47401
------+------------------------------------------------------------------------------------------------------------------------
                                               
 
 
        Weights at age in the stock (Kg)
        --------------------------------
------+------------------------------------------------------------------------------------------------------------------------
AGE   |    1987    1988    1989    1990    1991    1992    1993    1994    1995    1996    1997    1998    1999    2000    2001
------+------------------------------------------------------------------------------------------------------------------------
  0   | 0.00000 0.00000 0.00000 0.00000 0.00000 0.00000 0.00000 0.00000 0.00000 0.00000 0.00000 0.00000 0.00000 0.00000 0.00000
  1   | 0.07800 0.07200 0.07600 0.07400 0.07500 0.07800 0.07800 0.07900 0.08100 0.07600 0.07600 0.07700 0.08100 0.07400 0.07800
  2   | 0.14800 0.15600 0.17700 0.13800 0.15500 0.21200 0.19700 0.17800 0.16400 0.13300 0.18600 0.14900 0.19400 0.18500 0.16400
  3   | 0.24000 0.23700 0.24400 0.22200 0.23000 0.25900 0.26800 0.23700 0.26700 0.25100 0.22800 0.22300 0.24200 0.23500 0.24100
  4   | 0.28600 0.30100 0.30600 0.28700 0.30700 0.31000 0.31500 0.30100 0.32600 0.31700 0.29600 0.28500 0.30100 0.28900 0.34200
  5   | 0.37400 0.32900 0.35200 0.33900 0.35700 0.36200 0.36000 0.36100 0.39800 0.36600 0.36100 0.34200 0.35300 0.35000 0.39000
  6   | 0.38600 0.42300 0.38000 0.37300 0.40900 0.40200 0.41600 0.41300 0.44800 0.44400 0.40200 0.40000 0.39600 0.39000 0.44600
  7   | 0.41100 0.44500 0.42900 0.41400 0.43200 0.42400 0.45400 0.46600 0.49100 0.46200 0.44500 0.42600 0.42300 0.42600 0.45900
  8   | 0.42900 0.43200 0.47400 0.40900 0.50200 0.46200 0.46500 0.47000 0.50800 0.50100 0.47800 0.46600 0.44000 0.44700 0.49900
  9   | 0.49431 0.52273 0.48772 0.49042 0.56060 0.52407 0.52102 0.52872 0.56088 0.58541 0.53598 0.53394 0.49307 0.49562 0.55773
------+------------------------------------------------------------------------------------------------------------------------
                                               
 
 
        Weights at age in the stock (Kg)
        --------------------------------
------+--------
AGE   |    2002
------+--------
  0   | 0.00000
  1   | 0.07800
  2   | 0.18100
  3   | 0.23900
  4   | 0.31100
  5   | 0.36400
  6   | 0.41100
  7   | 0.43600
  8   | 0.46200
  9   | 0.51851
------+--------
                                               
 
 
 
        Natural Mortality (per year)
        ----------------------------
------+------------------------------------------------------------------------------------------------------------------------
AGE   |    1972    1973    1974    1975    1976    1977    1978    1979    1980    1981    1982    1983    1984    1985    1986
------+------------------------------------------------------------------------------------------------------------------------
  0   | 0.15000 0.15000 0.15000 0.15000 0.15000 0.15000 0.15000 0.15000 0.15000 0.15000 0.15000 0.15000 0.15000 0.15000 0.15000
  1   | 0.15000 0.15000 0.15000 0.15000 0.15000 0.15000 0.15000 0.15000 0.15000 0.15000 0.15000 0.15000 0.15000 0.15000 0.15000
  2   | 0.15000 0.15000 0.15000 0.15000 0.15000 0.15000 0.15000 0.15000 0.15000 0.15000 0.15000 0.15000 0.15000 0.15000 0.15000
  3   | 0.15000 0.15000 0.15000 0.15000 0.15000 0.15000 0.15000 0.15000 0.15000 0.15000 0.15000 0.15000 0.15000 0.15000 0.15000
  4   | 0.15000 0.15000 0.15000 0.15000 0.15000 0.15000 0.15000 0.15000 0.15000 0.15000 0.15000 0.15000 0.15000 0.15000 0.15000
  5   | 0.15000 0.15000 0.15000 0.15000 0.15000 0.15000 0.15000 0.15000 0.15000 0.15000 0.15000 0.15000 0.15000 0.15000 0.15000
  6   | 0.15000 0.15000 0.15000 0.15000 0.15000 0.15000 0.15000 0.15000 0.15000 0.15000 0.15000 0.15000 0.15000 0.15000 0.15000
  7   | 0.15000 0.15000 0.15000 0.15000 0.15000 0.15000 0.15000 0.15000 0.15000 0.15000 0.15000 0.15000 0.15000 0.15000 0.15000
  8   | 0.15000 0.15000 0.15000 0.15000 0.15000 0.15000 0.15000 0.15000 0.15000 0.15000 0.15000 0.15000 0.15000 0.15000 0.15000
  9   | 0.15000 0.15000 0.15000 0.15000 0.15000 0.15000 0.15000 0.15000 0.15000 0.15000 0.15000 0.15000 0.15000 0.15000 0.15000
------+------------------------------------------------------------------------------------------------------------------------
                                               
 
 
        Natural Mortality (per year)
        ----------------------------
------+------------------------------------------------------------------------------------------------------------------------
AGE   |    1987    1988    1989    1990    1991    1992    1993    1994    1995    1996    1997    1998    1999    2000    2001
------+------------------------------------------------------------------------------------------------------------------------
  0   | 0.15000 0.15000 0.15000 0.15000 0.15000 0.15000 0.15000 0.15000 0.15000 0.15000 0.15000 0.15000 0.15000 0.15000 0.15000
  1   | 0.15000 0.15000 0.15000 0.15000 0.15000 0.15000 0.15000 0.15000 0.15000 0.15000 0.15000 0.15000 0.15000 0.15000 0.15000
  2   | 0.15000 0.15000 0.15000 0.15000 0.15000 0.15000 0.15000 0.15000 0.15000 0.15000 0.15000 0.15000 0.15000 0.15000 0.15000
  3   | 0.15000 0.15000 0.15000 0.15000 0.15000 0.15000 0.15000 0.15000 0.15000 0.15000 0.15000 0.15000 0.15000 0.15000 0.15000
  4   | 0.15000 0.15000 0.15000 0.15000 0.15000 0.15000 0.15000 0.15000 0.15000 0.15000 0.15000 0.15000 0.15000 0.15000 0.15000
  5   | 0.15000 0.15000 0.15000 0.15000 0.15000 0.15000 0.15000 0.15000 0.15000 0.15000 0.15000 0.15000 0.15000 0.15000 0.15000
  6   | 0.15000 0.15000 0.15000 0.15000 0.15000 0.15000 0.15000 0.15000 0.15000 0.15000 0.15000 0.15000 0.15000 0.15000 0.15000
  7   | 0.15000 0.15000 0.15000 0.15000 0.15000 0.15000 0.15000 0.15000 0.15000 0.15000 0.15000 0.15000 0.15000 0.15000 0.15000
  8   | 0.15000 0.15000 0.15000 0.15000 0.15000 0.15000 0.15000 0.15000 0.15000 0.15000 0.15000 0.15000 0.15000 0.15000 0.15000
  9   | 0.15000 0.15000 0.15000 0.15000 0.15000 0.15000 0.15000 0.15000 0.15000 0.15000 0.15000 0.15000 0.15000 0.15000 0.15000
------+------------------------------------------------------------------------------------------------------------------------
                                               
 
 
        Natural Mortality (per year)
        ----------------------------
------+--------
AGE   |    2002
------+--------
  0   | 0.15000
  1   | 0.15000
  2   | 0.15000
  3   | 0.15000
  4   | 0.15000
  5   | 0.15000
  6   | 0.15000
  7   | 0.15000
  8   | 0.15000
  9   | 0.15000
------+--------
                                               
 
 
 
        Proportion of fish spawning
        ---------------------------
------+------------------------------------------------------------------------------------------------------------------------
AGE   |    1972    1973    1974    1975    1976    1977    1978    1979    1980    1981    1982    1983    1984    1985    1986
------+------------------------------------------------------------------------------------------------------------------------
  0   |  0.0000  0.0000  0.0000  0.0000  0.0000  0.0000  0.0000  0.0000  0.0000  0.0000  0.0000  0.0000  0.0000  0.0000  0.0000
  1   |  0.0500  0.0500  0.0500  0.0600  0.0600  0.0600  0.0600  0.0600  0.0600  0.0700  0.0700  0.0700  0.0700  0.0700  0.0700
  2   |  0.5300  0.5400  0.5400  0.5500  0.5500  0.5500  0.5600  0.5600  0.5700  0.5700  0.5700  0.5800  0.5800  0.5800  0.5800
  3   |  0.9000  0.9000  0.9000  0.8900  0.8900  0.8900  0.8900  0.8900  0.8900  0.8800  0.8800  0.8800  0.8800  0.8800  0.8800
  4   |  0.9800  0.9800  0.9800  0.9800  0.9800  0.9800  0.9800  0.9800  0.9800  0.9800  0.9800  0.9800  0.9700  0.9700  0.9700
  5   |  0.9800  0.9800  0.9800  0.9800  0.9800  0.9800  0.9800  0.9800  0.9800  0.9800  0.9800  0.9800  0.9700  0.9700  0.9700
  6   |  0.9900  0.9900  0.9900  0.9900  0.9900  0.9900  0.9900  0.9900  0.9900  0.9900  0.9900  0.9900  0.9900  0.9900  0.9900
  7   |  1.0000  1.0000  1.0000  1.0000  1.0000  1.0000  1.0000  1.0000  1.0000  1.0000  1.0000  1.0000  1.0000  1.0000  1.0000
  8   |  1.0000  1.0000  1.0000  1.0000  1.0000  1.0000  1.0000  1.0000  1.0000  1.0000  1.0000  1.0000  1.0000  1.0000  1.0000
  9   |  1.0000  1.0000  1.0000  1.0000  1.0000  1.0000  1.0000  1.0000  1.0000  1.0000  1.0000  1.0000  1.0000  1.0000  1.0000
------+------------------------------------------------------------------------------------------------------------------------
                                               
 
 
        Proportion of fish spawning
        ---------------------------
------+------------------------------------------------------------------------------------------------------------------------
AGE   |    1987    1988    1989    1990    1991    1992    1993    1994    1995    1996    1997    1998    1999    2000    2001
------+------------------------------------------------------------------------------------------------------------------------
  0   |  0.0000  0.0000  0.0000  0.0000  0.0000  0.0000  0.0000  0.0000  0.0000  0.0000  0.0000  0.0000  0.0000  0.0000  0.0000
  1   |  0.0700  0.0700  0.0700  0.0700  0.0700  0.0700  0.0700  0.0700  0.0700  0.0700  0.0700  0.0700  0.0700  0.0700  0.0700
  2   |  0.5800  0.5800  0.5800  0.5800  0.5800  0.5800  0.5800  0.5800  0.5800  0.5800  0.5800  0.5800  0.5800  0.5800  0.5900
  3   |  0.8800  0.8800  0.8800  0.8800  0.8800  0.8800  0.8800  0.8800  0.8800  0.8800  0.8800  0.8600  0.8600  0.8600  0.8800
  4   |  0.9700  0.9700  0.9700  0.9700  0.9700  0.9700  0.9700  0.9700  0.9700  0.9700  0.9700  0.9800  0.9800  0.9800  0.9700
  5   |  0.9700  0.9700  0.9700  0.9700  0.9700  0.9700  0.9700  0.9700  0.9700  0.9700  0.9700  0.9800  0.9800  0.9800  0.9700
  6   |  0.9900  0.9900  0.9900  0.9900  0.9900  0.9900  0.9900  0.9900  0.9900  0.9900  0.9900  0.9900  0.9900  0.9900  0.9900
  7   |  1.0000  1.0000  1.0000  1.0000  1.0000  1.0000  1.0000  1.0000  1.0000  1.0000  1.0000  1.0000  1.0000  1.0000  1.0000
  8   |  1.0000  1.0000  1.0000  1.0000  1.0000  1.0000  1.0000  1.0000  1.0000  1.0000  1.0000  1.0000  1.0000  1.0000  1.0000
  9   |  1.0000  1.0000  1.0000  1.0000  1.0000  1.0000  1.0000  1.0000  1.0000  1.0000  1.0000  1.0000  1.0000  1.0000  1.0000
------+------------------------------------------------------------------------------------------------------------------------
                                               
 
 
        Proportion of fish spawning
        ---------------------------
------+--------
AGE   |    2002
------+--------
  0   |  0.0000
  1   |  0.0700
  2   |  0.5900
  3   |  0.8800
  4   |  0.9700
  5   |  0.9700
  6   |  0.9900
  7   |  1.0000
  8   |  1.0000
  9   |  1.0000
------+--------
                                               
 
 
 
 INDICES OF SPAWNING BIOMASS                                                    
  
 ----------------------------
 
          INDEX
        -------
------+------------------------------------------------------------------------------------------------------------------------
      |    1972    1973    1974    1975    1976    1977    1978    1979    1980    1981    1982    1983    1984    1985    1986
------+------------------------------------------------------------------------------------------------------------------------
  1   | ******* ******* ******* ******* ******* ******* ******* ******* ******* ******* ******* ******* ******* ******* *******
------+------------------------------------------------------------------------------------------------------------------------
       x 10 ^ 3                                
 
 
          INDEX
        -------
------+------------------------------------------------------------------------------------------------------------------------
      |    1987    1988    1989    1990    1991    1992    1993    1994    1995    1996    1997    1998    1999    2000    2001
------+------------------------------------------------------------------------------------------------------------------------
  1   | *******  219.28  201.85  188.73  200.03  212.34  234.02  240.58  276.36  277.99  288.89  278.43  284.75  286.45  312.29
------+------------------------------------------------------------------------------------------------------------------------
       x 10 ^ 3                                
 
 
          INDEX
        -------
------+--------
      |    2002
------+--------
  1   |  321.59
------+--------
       x 10 ^ 3                                
 
 
 
 AGE-STRUCTURED INDICES                                                         
  
 -----------------------
 
        FLT01: Dummy survey
        -------------------
------+--------------------------------
AGE   |    1981    1982    1983    1984
------+--------------------------------
  1   |  266.10  203.00   43.60   15.24
  2   |  506.40  435.90  712.70   79.51
  3   |  225.10  483.60  444.60  661.83
  4   |   31.70  184.10  391.60  374.60
  5   |  174.80   24.70  130.40  238.20
  6   |  158.50  136.60   20.20   92.00
  7   |   99.50  108.60   91.30   15.54
  8   |  116.60   84.50   70.90   51.47
  9   |   35.30   87.00   47.10   39.27
------+--------------------------------
       x 10 ^ 3                                
 
 
 
        Fishing Mortality (per year)
        ----------------------------
------+------------------------------------------------------------------------------------------------------------------------
AGE   |    1972    1973    1974    1975    1976    1977    1978    1979    1980    1981    1982    1983    1984    1985    1986
------+------------------------------------------------------------------------------------------------------------------------
  0   | 0.00918 0.00833 0.00745 0.00529 0.00731 0.00767 0.01004 0.00557 0.00963 0.00636 0.00969 0.00522 0.00732 0.00572 0.00618
  1   | 0.03480 0.03155 0.02823 0.02006 0.02772 0.02916 0.03822 0.02120 0.03660 0.02417 0.03684 0.01986 0.02997 0.02154 0.02318
  2   | 0.07707 0.06989 0.06254 0.04446 0.06144 0.06469 0.08498 0.04716 0.08136 0.05365 0.08173 0.04411 0.06667 0.05160 0.05085
  3   | 0.15207 0.13794 0.12345 0.08774 0.12131 0.12774 0.16791 0.09342 0.16117 0.10618 0.16140 0.08706 0.13175 0.10208 0.10865
  4   | 0.23242 0.21081 0.18869 0.13415 0.18544 0.19532 0.25669 0.14289 0.24714 0.16273 0.24698 0.13287 0.20096 0.15583 0.16604
  5   | 0.26424 0.23960 0.21444 0.15249 0.21087 0.22199 0.29176 0.16235 0.28102 0.18549 0.28129 0.15094 0.22766 0.17630 0.18806
  6   | 0.29858 0.27074 0.24223 0.17225 0.23823 0.25088 0.32946 0.18336 0.31719 0.20953 0.31865 0.17078 0.25673 0.19808 0.21098
  7   | 0.34152 0.30972 0.27710 0.19698 0.27243 0.28692 0.37685 0.20951 0.36243 0.23920 0.36404 0.19579 0.29379 0.22565 0.23925
  8   | 0.31558 0.28621 0.25613 0.18209 0.25176 0.26508 0.34818 0.19358 0.33454 0.22068 0.33558 0.18056 0.27235 0.20854 0.21994
  9   | 0.31558 0.28621 0.25613 0.18209 0.25176 0.26508 0.34818 0.19358 0.33454 0.22068 0.33558 0.18056 0.27235 0.20854 0.21994
------+------------------------------------------------------------------------------------------------------------------------
                                               
 
 
        Fishing Mortality (per year)
        ----------------------------
------+------------------------------------------------------------------------------------------------------------------------
AGE   |    1987    1988    1989    1990    1991    1992    1993    1994    1995    1996    1997    1998    1999    2000    2001
------+------------------------------------------------------------------------------------------------------------------------
  0   | 0.00783 0.00911 0.00800 0.00513 0.00808 0.00579 0.01000 0.00929 0.00937 0.00976 0.00762 0.00767 0.00824 0.00920 0.00931
  1   | 0.02947 0.03427 0.02995 0.01918 0.03001 0.02191 0.03785 0.03517 0.03546 0.03693 0.02883 0.02901 0.03120 0.03482 0.03523
  2   | 0.06441 0.07513 0.06562 0.04186 0.06540 0.04850 0.08378 0.07785 0.07849 0.08175 0.06382 0.06422 0.06905 0.07708 0.07797
  3   | 0.12496 0.14498 0.12714 0.08127 0.12641 0.09569 0.16530 0.15360 0.15486 0.16129 0.12592 0.12670 0.13623 0.15207 0.15383
  4   | 0.20752 0.21470 0.18719 0.12074 0.18821 0.14629 0.25271 0.23482 0.23676 0.24658 0.19250 0.19369 0.20828 0.23248 0.23518
  5   | 0.23516 0.26828 0.20258 0.13037 0.20571 0.16639 0.28743 0.26709 0.26929 0.28046 0.21895 0.22031 0.23689 0.26443 0.26749
  6   | 0.26398 0.30100 0.25657 0.13825 0.21755 0.18816 0.32504 0.30204 0.30453 0.31716 0.24760 0.24914 0.26790 0.29903 0.30250
  7   | 0.29848 0.34004 0.28945 0.18063 0.22885 0.21557 0.37239 0.34604 0.34889 0.36336 0.28367 0.28543 0.30692 0.34259 0.34656
  8   | 0.27273 0.30918 0.26269 0.16381 0.24875 0.19967 0.34491 0.32050 0.32314 0.33655 0.26274 0.26437 0.28427 0.31731 0.32099
  9   | 0.27273 0.30918 0.26269 0.16381 0.24875 0.19967 0.34491 0.32050 0.32314 0.33655 0.26274 0.26437 0.28427 0.31731 0.32099
------+------------------------------------------------------------------------------------------------------------------------
                                               
 
 
        Fishing Mortality (per year)
        ----------------------------
------+--------
AGE   |    2002
------+--------
  0   | 0.00811
  1   | 0.03068
  2   | 0.06790
  3   | 0.13395
  4   | 0.20479
  5   | 0.23293
  6   | 0.26341
  7   | 0.30178
  8   | 0.27952
  9   | 0.27952
------+--------
                                               
 
 
 
        Population Abundance (1 January)
        --------------------------------
------+------------------------------------------------------------------------------------------------------------------------
AGE   |    1972    1973    1974    1975    1976    1977    1978    1979    1980    1981    1982    1983    1984    1985    1986
------+------------------------------------------------------------------------------------------------------------------------
  0   |  336.36  378.42  523.93  584.40  445.27  603.96  494.36  452.87  548.62  390.58  367.47  369.98  412.58  547.98  119.48
  1   |  376.62  286.86  323.00  447.61  500.34  380.45  515.86  421.25  387.62  467.68  334.04  313.24  316.79  352.52  468.96
  2   |  371.33  313.08  239.24  270.27  377.61  418.87  318.05  427.36  354.96  321.64  392.92  277.11  264.30  264.61  296.95
  3   |  286.70  295.90  251.28  193.43  222.51  305.64  337.94  251.45  350.88  281.65  262.38  311.65  228.22  212.82  216.30
  4   |  163.27  211.95  221.87  191.16  152.50  169.64  231.52  245.91  197.12  257.06  218.00  192.17  245.87  172.19  165.40
  5   |  148.68  111.38  147.76  158.13  143.88  109.04  120.10  154.16  183.48  132.51  188.02  146.57  144.82  173.10  126.82
  6   |   89.29   98.26   75.44  102.63  116.85  100.29   75.17   77.21  112.80  119.23   94.74  122.15  108.48   99.27  124.91
  7   |   69.79   57.02   64.51   50.97   74.36   79.26   67.17   46.54   55.33   70.70   83.22   59.30   88.63   72.23   70.09
  8   |   66.58   42.69   36.00   42.09   36.02   48.74   51.20   39.66   32.48   33.14   47.91   49.77   41.96   56.87   49.61
  9   |   50.72   69.42   67.80   65.64   73.17   64.35   68.71   68.11   70.56   59.08   57.59   58.92   72.57   71.26   84.80
------+------------------------------------------------------------------------------------------------------------------------
       x 10 ^ 6                                
 
 
        Population Abundance (1 January)
        --------------------------------
------+------------------------------------------------------------------------------------------------------------------------
AGE   |    1987    1988    1989    1990    1991    1992    1993    1994    1995    1996    1997    1998    1999    2000    2001
------+------------------------------------------------------------------------------------------------------------------------
  0   |  494.32  440.86  117.78  598.10  552.26  577.15  577.12  591.59  577.08  350.88  374.98  759.95  498.77  752.95  752.97
  1   |  102.21  422.15  376.01  100.57  512.16  434.57  493.89  491.79  504.47  492.07  299.07  320.30  649.10  425.77  642.13
  2   |  394.39   85.41  351.10  314.09   84.91  386.58  365.93  409.30  408.65  419.08  408.17  250.09  267.80  541.53  353.93
  3   |  242.92  318.28   68.20  283.01  259.25   60.76  316.98  289.65  325.91  325.18  332.39  329.59  201.87  215.12  431.52
  4   |  167.00  184.52  236.97   51.69  224.57  170.05   47.52  231.26  213.80  240.27  238.19  252.24  249.93  151.62  159.03
  5   |  120.58  116.80  128.13  169.15   39.43  133.79  126.44   31.77  157.39  145.23  161.61  169.12  178.88  174.67  103.43
  6   |   90.44   82.04   76.88   90.06  127.79   22.03   97.50   81.64   20.93  103.49   94.43  111.74  116.78  121.49  115.41
  7   |   87.06   59.78   52.26   51.19   67.51   65.23   15.71   60.63   51.95   13.29   64.86   63.45   74.97   76.89   77.54
  8   |   47.49   55.60   36.62   33.67   36.78   30.78   45.25    9.32   36.92   31.55    7.95   42.04   41.05   47.47   46.98
  9   |   85.56   78.72   77.92   67.15   65.78   50.35   51.15   54.86   36.62   42.52   42.36   28.93   45.92   52.33   59.11
------+------------------------------------------------------------------------------------------------------------------------
       x 10 ^ 6                                
 
 
        Population Abundance (1 January)
        --------------------------------
------+----------------
AGE   |    2002    2003
------+----------------
  0   |  496.99  473.11
  1   |  642.08  424.31
  2   |  533.56  535.95
  3   |  281.78  429.09
  4   |  318.46  212.12
  5   |  108.20  223.34
  6   |   68.13   73.77
  7   |   73.40   45.06
  8   |   47.19   46.72
  9   |   65.35   73.25
------+----------------
       x 10 ^ 6                                
 
 
 
        Weighting factors for the catches in number
        -------------------------------------------
------+----------------------------------------------------------------------------------------
AGE   |    1992    1993    1994    1995    1996    1997    1998    1999    2000    2001    2002
------+----------------------------------------------------------------------------------------
  0   |  0.0200  0.0200  0.0200  0.0200  0.0200  0.0200  0.0200  0.0200  0.0200  0.0200  0.0200
  1   |  1.0000  1.0000  1.0000  1.0000  1.0000  1.0000  1.0000  1.0000  1.0000  1.0000  1.0000
  2   |  1.0000  1.0000  1.0000  1.0000  1.0000  1.0000  1.0000  1.0000  1.0000  1.0000  1.0000
  3   |  1.0000  1.0000  1.0000  1.0000  1.0000  1.0000  1.0000  1.0000  1.0000  1.0000  1.0000
  4   |  1.0000  1.0000  1.0000  1.0000  1.0000  1.0000  1.0000  1.0000  1.0000  1.0000  1.0000
  5   |  1.0000  1.0000  1.0000  1.0000  1.0000  1.0000  1.0000  1.0000  1.0000  1.0000  1.0000
  6   |  1.0000  1.0000  1.0000  1.0000  1.0000  1.0000  1.0000  1.0000  1.0000  1.0000  1.0000
  7   |  1.0000  1.0000  1.0000  1.0000  1.0000  1.0000  1.0000  1.0000  1.0000  1.0000  1.0000
  8   |  1.0000  1.0000  1.0000  1.0000  1.0000  1.0000  1.0000  1.0000  1.0000  1.0000  1.0000
------+----------------------------------------------------------------------------------------
                                               
 
 
 
 Predicted SSB Index Values                                                     
  
 ---------------------------
 
          INDEX
        -------
------+------------------------------------------------------------------------------------------------------------------------
      |    1972    1973    1974    1975    1976    1977    1978    1979    1980    1981    1982    1983    1984    1985    1986
------+------------------------------------------------------------------------------------------------------------------------
  1   | ******* ******* ******* ******* ******* ******* ******* ******* ******* ******* ******* ******* ******* ******* *******
------+------------------------------------------------------------------------------------------------------------------------
       x 10 ^ 3                                
 
 
          INDEX
        -------
------+------------------------------------------------------------------------------------------------------------------------
      |    1987    1988    1989    1990    1991    1992    1993    1994    1995    1996    1997    1998    1999    2000    2001
------+------------------------------------------------------------------------------------------------------------------------
  1   | *******  250.91  237.81  226.20  243.66  212.34  234.03  240.59  276.37  277.99  288.88  278.43  284.75  286.45  312.32
------+------------------------------------------------------------------------------------------------------------------------
       x 10 ^ 3                                
 
 
          INDEX
        -------
------+--------
      |    2002
------+--------
  1   |  321.62
------+--------
       x 10 ^ 3                                
 
 
 
 Predicted Age-Structured Index Values                                          
  
 --------------------------------------
 
        FLT01: Dummy survey Predicted
        -----------------------------
------+--------------------------------
AGE   |    1981    1982    1983    1984
------+--------------------------------
  1   |  102.79   72.91   69.01   69.40
  2   |  348.30  418.96  301.66  284.16
  3   |  446.29  403.32  499.05  356.58
  4   |  196.32  158.95  149.20  183.87
  5   |   95.38  128.39  107.52  101.85
  6   |   87.25   65.29   91.31   77.35
  7   |   60.45   66.43   51.92   73.54
  8   |   61.19   83.04   93.96   75.31
  9   |   47.08   43.08   48.00   56.21
------+--------------------------------
       x 10 ^ 3                                
 
 
 
        Fitted Selection Pattern
        ------------------------
------+------------------------------------------------------------------------------------------------------------------------
AGE   |    1972    1973    1974    1975    1976    1977    1978    1979    1980    1981    1982    1983    1984    1985    1986
------+------------------------------------------------------------------------------------------------------------------------
  0   |  0.0348  0.0348  0.0347  0.0347  0.0346  0.0345  0.0344  0.0343  0.0343  0.0343  0.0344  0.0346  0.0321  0.0325  0.0329
  1   |  0.1317  0.1317  0.1317  0.1316  0.1314  0.1314  0.1310  0.1306  0.1302  0.1303  0.1310  0.1315  0.1317  0.1222  0.1233
  2   |  0.2916  0.2917  0.2916  0.2915  0.2914  0.2914  0.2913  0.2905  0.2895  0.2892  0.2906  0.2922  0.2928  0.2927  0.2704
  3   |  0.5755  0.5757  0.5757  0.5754  0.5753  0.5755  0.5755  0.5754  0.5735  0.5724  0.5738  0.5768  0.5787  0.5790  0.5777
  4   |  0.8796  0.8798  0.8799  0.8797  0.8794  0.8798  0.8798  0.8801  0.8794  0.8773  0.8780  0.8803  0.8827  0.8839  0.8829
  5   |  1.0000  1.0000  1.0000  1.0000  1.0000  1.0000  1.0000  1.0000  1.0000  1.0000  1.0000  1.0000  1.0000  1.0000  1.0000
  6   |  1.1300  1.1300  1.1296  1.1295  1.1298  1.1302  1.1292  1.1294  1.1287  1.1296  1.1328  1.1314  1.1277  1.1235  1.1219
  7   |  1.2925  1.2926  1.2922  1.2918  1.2919  1.2925  1.2916  1.2905  1.2897  1.2896  1.2942  1.2971  1.2905  1.2799  1.2722
  8   |  1.1943  1.1945  1.1944  1.1941  1.1939  1.1941  1.1934  1.1923  1.1905  1.1898  1.1930  1.1962  1.1963  1.1829  1.1695
  9   |  1.1943  1.1945  1.1944  1.1941  1.1939  1.1941  1.1934  1.1923  1.1905  1.1898  1.1930  1.1962  1.1963  1.1829  1.1695
------+------------------------------------------------------------------------------------------------------------------------
                                               
 
 
        Fitted Selection Pattern
        ------------------------
------+------------------------------------------------------------------------------------------------------------------------
AGE   |    1987    1988    1989    1990    1991    1992    1993    1994    1995    1996    1997    1998    1999    2000    2001
------+------------------------------------------------------------------------------------------------------------------------
  0   |  0.0333  0.0340  0.0395  0.0394  0.0393  0.0348  0.0348  0.0348  0.0348  0.0348  0.0348  0.0348  0.0348  0.0348  0.0348
  1   |  0.1253  0.1277  0.1478  0.1471  0.1459  0.1317  0.1317  0.1317  0.1317  0.1317  0.1317  0.1317  0.1317  0.1317  0.1317
  2   |  0.2739  0.2800  0.3239  0.3211  0.3179  0.2915  0.2915  0.2915  0.2915  0.2915  0.2915  0.2915  0.2915  0.2915  0.2915
  3   |  0.5314  0.5404  0.6276  0.6234  0.6145  0.5751  0.5751  0.5751  0.5751  0.5751  0.5751  0.5751  0.5751  0.5751  0.5751
  4   |  0.8825  0.8003  0.9240  0.9261  0.9150  0.8792  0.8792  0.8792  0.8792  0.8792  0.8792  0.8792  0.8792  0.8792  0.8792
  5   |  1.0000  1.0000  1.0000  1.0000  1.0000  1.0000  1.0000  1.0000  1.0000  1.0000  1.0000  1.0000  1.0000  1.0000  1.0000
  6   |  1.1226  1.1219  1.2665  1.0604  1.0576  1.1309  1.1309  1.1309  1.1309  1.1309  1.1309  1.1309  1.1309  1.1309  1.1309
  7   |  1.2693  1.2675  1.4288  1.3855  1.1125  1.2956  1.2956  1.2956  1.2956  1.2956  1.2956  1.2956  1.2956  1.2956  1.2956
  8   |  1.1598  1.1524  1.2967  1.2564  1.2092  1.2000  1.2000  1.2000  1.2000  1.2000  1.2000  1.2000  1.2000  1.2000  1.2000
  9   |  1.1598  1.1524  1.2967  1.2564  1.2092  1.2000  1.2000  1.2000  1.2000  1.2000  1.2000  1.2000  1.2000  1.2000  1.2000
------+------------------------------------------------------------------------------------------------------------------------
                                               
 
 
        Fitted Selection Pattern
        ------------------------
------+--------
AGE   |    2002
------+--------
  0   |  0.0348
  1   |  0.1317
  2   |  0.2915
  3   |  0.5751
  4   |  0.8792
  5   |  1.0000
  6   |  1.1309
  7   |  1.2956
  8   |  1.2000
  9   |  1.2000
------+--------
                                               
 
 
 
 
 
                    STOCK SUMMARY                                             
 
 
 ³ Year ³  Recruits  ³  Total  ³ Spawning³ Landings ³ Yield ³ Mean F ³ SoP ³    
 ³      ³   Age   0  ³ Biomass ³ Biomass ³          ³ /SSB  ³  Ages  ³     ³ 
 ³      ³  thousands ³  tonnes ³ tonnes  ³ tonnes   ³ ratio ³  4- 7  ³ (%) ³ 
 
   1972       336360    430625    291512     86471   0.2966   0.2842   100
   1973       378410    399116    280936     71216   0.2535   0.2577   100
   1974       523930    375155    264261     61032   0.2310   0.2306    99
   1975       584390    376859    257837     41943   0.1627   0.1640    99
   1976       445260    404981    265567     58699   0.2210   0.2267    99
   1977       603950    402739    271120     62228   0.2295   0.2388   100
   1978       494350    420840    278447     78407   0.2816   0.3137    99
   1979       452870    409311    285044     43880   0.1539   0.1745   100
   1980       548620    425658    293231     87787   0.2994   0.3019    99
   1981       390570    415060    297353     58988   0.1984   0.1992    99
   1982       367470    392360    280521     88556   0.3157   0.3027   100
   1983       369980    376243    282691     45311   0.1603   0.1626    99
   1984       412570    390270    289175     70105   0.2424   0.2448    99
   1985       547980    380895    285428     59386   0.2081   0.1890    99
   1986       119480    379103    275294     61941   0.2250   0.2011    99
   1987       494310    350859    267315     74546   0.2789   0.2513   100
   1988       440850    339592    250910     79700   0.3176   0.2810   100
   1989       117770    331972    237814     61438   0.2583   0.2339   100
   1990       598100    287280    226204     38063   0.1683   0.1425   100
   1991       552250    330991    243655     60317   0.2475   0.2101    99
   1992       577140    309849    212340     40994   0.1931   0.1791    99
   1993       577110    351436    234025     69780   0.2982   0.3094    99
   1994       591580    356788    240591     72599   0.3018   0.2875   100
   1995       577080    401421    276368     77488   0.2804   0.2899    99
   1996       350870    396852    277988     82105   0.2954   0.3019   100
   1997       374980    396610    288881     65803   0.2278   0.2357    99
   1998       759950    371919    278428     69110   0.2482   0.2371   100
   1999       498770    410414    284747     77057   0.2706   0.2550    99
   2000       752940    414486    286454     84841   0.2962   0.2846   100
   2001       752970    450325    312317     87948   0.2816   0.2879    99
   2002       496980    468116    321624     81388   0.2531   0.2507   100
 
 -----------------------------------------------------------------            
 No of years for separable analysis : 11                                      
 Age range in the analysis : 0  . . . 9                                       
 Year range in the analysis : 1972  . . . 2002                                
 Number of indices of SSB : 1                                                 
 Number of age-structured indices : 1                                         
                                                                              
 Parameters to estimate : 46                                                  
 Number of observations : 150                                                 
                                                                              
 Conventional single selection vector model to be fitted.                     
                                                                              
                                                                              
                                                                              
 -----------------------------------------------------------------            
 
 
 PARAMETER ESTIMATES                                                            
  
 
 ³Parm.³      ³ Maximum ³    ³        ³         ³         ³         ³ Mean of ³ 
  
 ³ No. ³      ³ Likelh. ³ CV ³  Lower ³ Upper   ³  -s.e.  ³   +s.e. ³ Param.  ³ 
  
 ³     ³      ³ Estimate³ (%)³ 95% CL ³ 95% CL  ³         ³         ³ Distrib.³ 
  
 Separable model : F by year                                                    
  
    1   1992     0.1285   0    0.1285    0.1285    0.1285    0.1285    0.1285
    2   1993     0.2245   0    0.2245    0.2245    0.2245    0.2245    0.2245
    3   1994     0.2108   0    0.2108    0.2108    0.2108    0.2108    0.2108
    4   1995     0.2175   0    0.2175    0.2175    0.2175    0.2175    0.2175
    5   1996     0.2351   0    0.2351    0.2351    0.2351    0.2351    0.2351
    6   1997     0.1945   0    0.1945    0.1945    0.1945    0.1945    0.1945
    7   1998     0.2113   0    0.2113    0.2113    0.2113    0.2113    0.2113
    8   1999     0.2485   0    0.2485    0.2485    0.2485    0.2485    0.2485
    9   2000     0.3068   0    0.3068    0.3068    0.3068    0.3068    0.3068
   10   2001     0.3480   0    0.3480    0.3480    0.3480    0.3480    0.3480
   11   2002     0.3430   0    0.3430    0.3430    0.3430    0.3430    0.3430
 
 Separable Model: Selection (S) by age                                          
  
   12      0     0.0407   0    0.0407    0.0407    0.0407    0.0407    0.0407
   13      1     0.1417   0    0.1417    0.1417    0.1417    0.1417    0.1417
   14      2     0.2982   0    0.2982    0.2982    0.2982    0.2982    0.2982
   15      3     0.5746   0    0.5746    0.5746    0.5746    0.5746    0.5746
   16      4     0.8737   0    0.8737    0.8737    0.8737    0.8737    0.8737
           5     1.0000     Fixed : Reference Age             
   17      6     1.1480   0    1.1480    1.1480    1.1480    1.1480    1.1480
   18      7     1.2092   0    1.2092    1.2092    1.2092    1.2092    1.2092
           8     1.2000     Fixed : Last true age             
 
 Separable model: Populations in year 2002                                    
   19      0     289417   0     289417    289417    289417    289417    289417
   20      1     414886   0     414886    414886    414886    414886    414886
   21      2     375038   0     375038    375038    375038    375038    375038
   22      3     211523   0     211523    211523    211523    211523    211523
   23      4     249934   0     249934    249934    249934    249934    249934
   24      5      87234   0      87234     87234     87234     87234     87234
   25      6      56298   0      56298     56298     56298     56298     56298
   26      7      62351   0      62351     62351     62351     62351     62351
   27      8      42782   0      42782     42782     42782     42782     42782
 
Separable model: Populations at age
   28   1992      46219   0      46219     46219     46219     46219     46219
   29   1993      65265   0      65265     65265     65265     65265     65265
   30   1994      13458   0      13458     13458     13458     13458     13458
   31   1995      53680   0      53680     53680     53680     53680     53680
   32   1996      46104   0      46104     46104     46104     46104     46104
   33   1997      11580   0      11580     11580     11580     11580     11580
   34   1998      58744   0      58744     58744     58744     58744     58744
   35   1999      53943   0      53943     53943     53943     53943     53943
   36   2000      57008   0      57008     57008     57008     57008     57008
   37   2001      49874   0      49874     49874     49874     49874     49874
 
 SSB Index catchabilities                                                       
  
   INDEX                                 
 Absolute estimator. No fitted catchability.                                    
  
 
 
 
 Age-structured index catchabilities                                            
  
                                        FLT01: Dummy survey                     
 
 Linear model fitted. Slopes at age :                                           
  
   38   1  Q  .2419       0 .2419     .2419     .2419     .2419     .2419    
   39   2  Q  1.211       0 1.211     1.211     1.211     1.211     1.211    
   40   3  Q  1.824       0 1.824     1.824     1.824     1.824     1.824    
   41   4  Q  .9071       0 .9071     .9071     .9071     .9071     .9071    
   42   5  Q  .8656       0 .8656     .8656     .8656     .8656     .8656    
   43   6  Q  .8918       0 .8918     .8918     .8918     .8918     .8918    
   44   7  Q  1.059       0 1.059     1.059     1.059     1.059     1.059    
   45   8  Q  2.264       0 2.264     2.264     2.264     2.264     2.264    
   46   9  Q  .9862       0 .9862     .9862     .9862     .9862     .9862    
 
 
 
 RESIDUALS ABOUT THE MODEL FIT                                                  
  
 ------------------------------
 
        Separable Model Residuals
        -------------------------
------+----------------------------------------------------------------------------------------
Age   |    1992    1993    1994    1995    1996    1997    1998    1999    2000    2001    2002
------+----------------------------------------------------------------------------------------
  0   | ******* ******* ******* ******* ******* ******* ******* ******* ******* ******* *******
  1   | ******* ******* ******* ******* ******* ******* ******* ******* ******* ******* *******
  2   | ******* ******* ******* ******* ******* ******* ******* ******* ******* ******* *******
  3   | ******* ******* ******* ******* ******* ******* ******* ******* ******* ******* *******
  4   | ******* ******* ******* ******* ******* ******* ******* ******* ******* ******* *******
  5   | ******* ******* ******* ******* ******* ******* ******* ******* ******* ******* *******
  6   | ******* ******* ******* ******* ******* ******* ******* ******* ******* ******* *******
  7   | ******* ******* ******* ******* ******* ******* ******* ******* ******* ******* *******
  8   | ******* ******* ******* ******* ******* ******* ******* ******* ******* ******* *******
------+----------------------------------------------------------------------------------------
                                               
 
 
 
 SPAWNING BIOMASS INDEX RESIDUALS                                               
  
 ---------------------------------
 
          INDEX
        -------
------+------------------------------------------------------------------------------------------------------------------------
      |    1972    1973    1974    1975    1976    1977    1978    1979    1980    1981    1982    1983    1984    1985    1986
------+------------------------------------------------------------------------------------------------------------------------
  1   | ******* ******* ******* ******* ******* ******* ******* ******* ******* ******* ******* ******* ******* ******* *******
------+------------------------------------------------------------------------------------------------------------------------
                                               
 
 
          INDEX
        -------
------+------------------------------------------------------------------------------------------------------------------------
      |    1987    1988    1989    1990    1991    1992    1993    1994    1995    1996    1997    1998    1999    2000    2001
------+------------------------------------------------------------------------------------------------------------------------
  1   | ******* -0.1348 -0.1640 -0.1811 -0.1973  0.0000  0.0000  0.0000  0.0000  0.0000  0.0000  0.0000  0.0000  0.0000 -0.0001
------+------------------------------------------------------------------------------------------------------------------------
                                               
 
 
          INDEX
        -------
------+--------
      |    2002
------+--------
  1   | -0.0001
------+--------
                                               
 
 
 
 AGE-STRUCTURED INDEX RESIDUALS                                                 
  
 -------------------------------
 
        FLT01: Dummy survey
        -------------------
------+--------------------------------
Age   |    1981    1982    1983    1984
------+--------------------------------
  1   |   0.951   1.024  -0.459  -1.516
  2   |   0.374   0.040   0.860  -1.274
  3   |  -0.684   0.182  -0.116   0.618
  4   |  -1.823   0.147   0.965   0.712
  5   |   0.606  -1.648   0.193   0.850
  6   |   0.597   0.738  -1.509   0.173
  7   |   0.498   0.492   0.564  -1.554
  8   |   0.645   0.017  -0.282  -0.381
  9   |  -0.288   0.703  -0.019  -0.359
------+--------------------------------
                                               
 
 
 
 
 
 
 PARAMETERS OF THE DISTRIBUTION OF ln(CATCHES AT AGE)                           
  
 -----------------------------------------------------
 
 Separable model fitted from 1992  to 2002                                    
 Variance                             0.0000
Skewness test stat.                   3.1313
Kurtosis test statistic              -1.0498
Partial chi-square                    0.0000
Significance in fit                   0.0000
Degrees of freedom                        62
 
 
 PARAMETERS OF DISTRIBUTIONS OF THE SSB INDICES                                 
  
 -----------------------------------------------
 
 
   DISTRIBUTION STATISTICS FOR   INDEX                                          
 
 
 Index used as absolute measure of abundance                                    
  
 Last age is a plus-group                                                       
  
 
 Variance                             0.0389
Skewness test stat.                  -3.1423
Kurtosis test statistic               0.7971
Partial chi-square                    0.0472
Significance in fit                   0.0000
Number of observations                    15
Degrees of freedom                        15
Weight in the analysis                5.0000
 
 PARAMETERS OF THE DISTRIBUTION OF THE AGE-STRUCTURED INDICES                   
  
 ------------------------------------------------------------ 
 
 
   DISTRIBUTION STATISTICS FOR FLT01: Dummy survey                              
 
 
 Linear catchability relationship assumed                                       
  
 
 Age                          1         2         3         4         5         6         7         8         9
 Variance                0.0017    0.0009    0.0003    0.0018    0.0014    0.0012    0.0012    0.0002    0.0003
Skewness test stat.     -0.2853   -0.5683   -0.1530   -0.7492   -0.7881   -0.7998   -0.9399    0.6076    0.7630
Kurtosis test statisti  -0.6306   -0.3913   -0.4803   -0.3558   -0.3359   -0.3350   -0.2732   -0.4275   -0.3484
Partial chi-square       0.0004    0.0002    0.0001    0.0004    0.0004    0.0003    0.0003    0.0001    0.0001
Significance in fit      0.0000    0.0000    0.0000    0.0000    0.0000    0.0000    0.0000    0.0000    0.0000
Number of observations        4         4         4         4         4         4         4         4         4
Degrees of freedom            3         3         3         3         3         3         3         3         3
Weight in the analysis   0.0011    0.0011    0.0011    0.0011    0.0011    0.0011    0.0011    0.0011    0.0011
 
 ANALYSIS OF VARIANCE                   
--------------------------
 
 Unweighted Statistics                                                          
  
 
                                                                                
  
Variance                              
                                       SSQ     Data    Parameters d.f. Variance
Total for model                        24.3841     150         46  104   0.2345
Catches at age                          0.0000      99         37   62   0.0000
  
SSB Indices                           
  INDEX                                 0.1168      15          0   15   0.0078
  
 Aged Indices                                                                   
  
FLT01: Dummy survey                    24.2674      36          9   27   0.8988
 
 
 Weighted Statistics                                                            
  
 
                                                                                
  
Variance                              
                                       SSQ     Data    Parameters d.f. Variance
Total for model                         2.9193     150         46  104   0.0281
Catches at age                          0.0000      99         37   62   0.0000
  
SSB Indices                           
  INDEX                                 2.9193      15          0   15   0.1946
  
 Aged Indices                                                                   
  
FLT01: Dummy survey                     0.0000      36          9   27   0.0000
 
