This is pdfTeX, Version 3.1415926-1.40.10 (TeX Live 2009/Debian) (format=latex 2010.9.19)  17 OCT 2010 11:58
entering extended mode
 restricted \write18 enabled.
 %&-line parsing enabled.
**./images.tex
(./images.tex
LaTeX2e <2009/09/24>
Babel <v3.8l> and hyphenation patterns for english, usenglishmax, dumylang, noh
yphenation, loaded.

(/usr/share/texmf-texlive/tex/latex/base/article.cls
Document Class: article 2007/10/19 v1.4h Standard LaTeX document class
(/usr/share/texmf-texlive/tex/latex/base/size12.clo
File: size12.clo 2007/10/19 v1.4h Standard LaTeX file (size option)
)
\c@part=\count79
\c@section=\count80
\c@subsection=\count81
\c@subsubsection=\count82
\c@paragraph=\count83
\c@subparagraph=\count84
\c@figure=\count85
\c@table=\count86
\abovecaptionskip=\skip41
\belowcaptionskip=\skip42
\bibindent=\dimen102
) (/usr/share/texmf-texlive/tex/latex/base/ifthen.sty
Package: ifthen 2001/05/26 v1.1c Standard LaTeX ifthen package (DPC)
) (/usr/share/texmf-texlive/tex/latex/natbib/natbib.sty
Package: natbib 2009/07/16 8.31 (PWD, AO)
\bibhang=\skip43
\bibsep=\skip44
LaTeX Info: Redefining \cite on input line 694.
\c@NAT@ctr=\count87
) (/usr/share/texmf/tex/latex/html/html.sty
Package: html 1999/07/19 v1.38 hypertext commands for latex2html (nd, hws, rrm)

\c@lpart=\count88
\c@lchapter=\count89
\c@chapter=\count90
\c@lsection=\count91
\c@lsubsection=\count92
\c@lsubsubsection=\count93
\c@lparagraph=\count94
\c@lsubparagraph=\count95
\c@lsubsubparagraph=\count96
\ptrfile=\write3
) (/usr/share/texmf-texlive/tex/latex/graphics/graphics.sty
Package: graphics 2009/02/05 v1.0o Standard LaTeX Graphics (DPC,SPQR)
(/usr/share/texmf-texlive/tex/latex/graphics/trig.sty
Package: trig 1999/03/16 v1.09 sin cos tan (DPC)
) (/etc/texmf/tex/latex/config/graphics.cfg
File: graphics.cfg 2009/08/28 v1.8 graphics configuration of TeX Live
)
Package graphics Info: Driver file: dvips.def on input line 91.
(/usr/share/texmf-texlive/tex/latex/graphics/dvips.def
File: dvips.def 1999/02/16 v3.0i Driver-dependant file (DPC,SPQR)
)) (/usr/share/texmf-texlive/tex/latex/graphics/epsfig.sty
Package: epsfig 1999/02/16 v1.7a (e)psfig emulation (SPQR)
(/usr/share/texmf-texlive/tex/latex/graphics/graphicx.sty
Package: graphicx 1999/02/16 v1.0f Enhanced LaTeX Graphics (DPC,SPQR)
(/usr/share/texmf-texlive/tex/latex/graphics/keyval.sty
Package: keyval 1999/03/16 v1.13 key=value parser (DPC)
\KV@toks@=\toks14
)
\Gin@req@height=\dimen103
\Gin@req@width=\dimen104
)
\epsfxsize=\dimen105
\epsfysize=\dimen106
) (/usr/share/texmf-texlive/tex/latex/graphics/color.sty
Package: color 2005/11/14 v1.0j Standard LaTeX Color (DPC)
(/etc/texmf/tex/latex/config/color.cfg
File: color.cfg 2007/01/18 v1.5 color configuration of teTeX/TeXLive
)
Package color Info: Driver file: dvips.def on input line 130.
(/usr/share/texmf-texlive/tex/latex/graphics/dvipsnam.def
File: dvipsnam.def 1999/02/16 v3.0i Driver-dependant file (DPC,SPQR)
)) (/usr/share/texmf-texlive/tex/latex/base/inputenc.sty
Package: inputenc 2008/03/30 v1.1d Input encoding file
\inpenc@prehook=\toks15
\inpenc@posthook=\toks16
)
\sizebox=\box26
\lthtmlwrite=\write4
(./images.aux)
\openout1 = `images.aux'.

LaTeX Font Info:    Checking defaults for OML/cmm/m/it on input line 118.
LaTeX Font Info:    ... okay on input line 118.
LaTeX Font Info:    Checking defaults for T1/cmr/m/n on input line 118.
LaTeX Font Info:    ... okay on input line 118.
LaTeX Font Info:    Checking defaults for OT1/cmr/m/n on input line 118.
LaTeX Font Info:    ... okay on input line 118.
LaTeX Font Info:    Checking defaults for OMS/cmsy/m/n on input line 118.
LaTeX Font Info:    ... okay on input line 118.
LaTeX Font Info:    Checking defaults for OMX/cmex/m/n on input line 118.
LaTeX Font Info:    ... okay on input line 118.
LaTeX Font Info:    Checking defaults for U/cmr/m/n on input line 118.
LaTeX Font Info:    ... okay on input line 118.

latex2htmlLength hsize=349.0pt

latex2htmlLength vsize=632.5pt

latex2htmlLength hoffset=0.0pt

latex2htmlLength voffset=0.0pt

latex2htmlLength topmargin=0.0pt

latex2htmlLength topskip=0.00003pt

latex2htmlLength headheight=0.0pt

latex2htmlLength headsep=0.0pt

latex2htmlLength parskip=0.0pt plus 1.0pt

latex2htmlLength oddsidemargin=39.0pt

latex2htmlLength evensidemargin=39.0pt

File: /home/mkienzle/CSIRO/cmar_projects/Fortran/ICA/OpenICAMINUIT/Tests/Result
s/Absolute-NoVariability-NoSSBbias-NoCatchBias-SSBsurveyNVNVNV/comparison-ssb.p
s Graphic file (type eps)

</home/mkienzle/CSIRO/cmar_projects/Fortran/ICA/OpenICAMINUIT/Tests/Results/Abs
olute-NoVariability-NoSSBbias-NoCatchBias-SSBsurveyNVNVNV/comparison-ssb.ps>
Overfull \hbox (26.98323pt too wide) in paragraph at lines 153--154
 [] 
 []

l2hSize :figure45:291.81248pt::0.0pt::349.0pt.
[1



]
File: /home/mkienzle/CSIRO/cmar_projects/Fortran/ICA/OpenICAMINUIT/Tests/Result
s/Absolute-NoVariability-NoSSBbias-NoCatchBias-SSBsurveyNVNVNV/comparison-tsb.p
s Graphic file (type eps)

</home/mkienzle/CSIRO/cmar_projects/Fortran/ICA/OpenICAMINUIT/Tests/Results/Abs
olute-NoVariability-NoSSBbias-NoCatchBias-SSBsurveyNVNVNV/comparison-tsb.ps>
Overfull \hbox (26.98323pt too wide) in paragraph at lines 165--166
 [] 
 []

l2hSize :figure51:291.81248pt::0.0pt::349.0pt.
[2


]
File: /home/mkienzle/CSIRO/cmar_projects/Fortran/ICA/OpenICAMINUIT/Tests/Result
s/Absolute-NoVariability-NoSSBbias-NoCatchBias-SSBsurveyNVNVNV/comparison-recru
itment.ps Graphic file (type eps)

</home/mkienzle/CSIRO/cmar_projects/Fortran/ICA/OpenICAMINUIT/Tests/Results/Abs
olute-NoVariability-NoSSBbias-NoCatchBias-SSBsurveyNVNVNV/comparison-recruitmen
t.ps>
Overfull \hbox (26.98323pt too wide) in paragraph at lines 177--178
 [] 
 []

l2hSize :figure57:291.81248pt::0.0pt::349.0pt.
[3


]
File: /home/mkienzle/CSIRO/cmar_projects/Fortran/ICA/OpenICAMINUIT/Tests/Result
s/Relative-NoVariability-NoSSBbias-NoCatchBias-SSBsurveyNVNVNV/comparison-ssb.p
s Graphic file (type eps)

</home/mkienzle/CSIRO/cmar_projects/Fortran/ICA/OpenICAMINUIT/Tests/Results/Rel
ative-NoVariability-NoSSBbias-NoCatchBias-SSBsurveyNVNVNV/comparison-ssb.ps>
Overfull \hbox (26.98323pt too wide) in paragraph at lines 190--191
 [] 
 []

l2hSize :figure65:291.81248pt::0.0pt::349.0pt.
[4


]
File: /home/mkienzle/CSIRO/cmar_projects/Fortran/ICA/OpenICAMINUIT/Tests/Result
s/Relative-NoVariability-NoSSBbias-NoCatchBias-SSBsurveyNVNVNV/comparison-tsb.p
s Graphic file (type eps)

</home/mkienzle/CSIRO/cmar_projects/Fortran/ICA/OpenICAMINUIT/Tests/Results/Rel
ative-NoVariability-NoSSBbias-NoCatchBias-SSBsurveyNVNVNV/comparison-tsb.ps>
Overfull \hbox (26.98323pt too wide) in paragraph at lines 202--203
 [] 
 []

l2hSize :figure71:291.81248pt::0.0pt::349.0pt.
[5


]
File: /home/mkienzle/CSIRO/cmar_projects/Fortran/ICA/OpenICAMINUIT/Tests/Result
s/Relative-NoVariability-NoSSBbias-NoCatchBias-SSBsurveyNVNVNV/comparison-recru
itment.ps Graphic file (type eps)

</home/mkienzle/CSIRO/cmar_projects/Fortran/ICA/OpenICAMINUIT/Tests/Results/Rel
ative-NoVariability-NoSSBbias-NoCatchBias-SSBsurveyNVNVNV/comparison-recruitmen
t.ps>
Overfull \hbox (26.98323pt too wide) in paragraph at lines 214--215
 [] 
 []

l2hSize :figure77:291.81248pt::0.0pt::349.0pt.
[6


] (./images.aux) ) 
Here is how much of TeX's memory you used:
 1443 strings out of 495062
 19187 string characters out of 1182644
 64428 words of memory out of 3000000
 4656 multiletter control sequences out of 15000+50000
 3938 words of font info for 15 fonts, out of 3000000 for 9000
 28 hyphenation exceptions out of 8191
 30i,8n,21p,261b,348s stack positions out of 5000i,500n,10000p,200000b,50000s

Output written on images.dvi (6 pages, 3276 bytes).
