 Output Generated by ICA Version 1.4                                            
  
 ------------------------------------
 
        Mackerel NE Atlantic  WG2003
        ----------------------------
 
        Catch in Number
        ---------------
------+------------------------------------------------------------------------------------------------------------------------
AGE   |    1972    1973    1974    1975    1976    1977    1978    1979    1980    1981    1982    1983    1984    1985    1986
------+------------------------------------------------------------------------------------------------------------------------
  0   |   4360.   5560.   3073.   1355.   1955.   3729.   4466.   1216.   4799.   2352.   4173.   4614.   1353.   3136.   3518.
  1   |   9406.  12113.  14620.   9912.   4216.   7688.  13235.  10001.   6516.   9146.  11627.  13688.  13227.   4884.   9380.
  2   |  10857.  14821.  18154.  26927.  17627.   9447.  15482.  16891.  30392.   7063.  25683.  21544.  22206.  26994.   8256.
  3   |  26736.  14468.  18944.  28608.  41000.  33642.  16097.  16851.  43361.  27993.  16803.  39962.  29438.  38092.  38332.
  4   |  27469.  25706.  13488.  21905.  31981.  57164.  41471.  12762.  31343.  28901.  48408.  18714.  39187.  36226.  38703.
  5   |  35691.  18599.  17010.  11144.  17499.  31821.  49880.  23273.  16900.  14682.  35628.  37820.  12876.  33932.  25782.
  6   |  10542.  23301.  11922.  13650.   8649.  16881.  26807.  27100.  29779.   7642.  17511.  26749.  25033.  10725.  23202.
  7   |   8821.   6727.  14681.   9430.  10446.   8205.  13918.  14307.  33953.  13186.   8939.  12798.  17260.  20321.   7138.
  8   |  14481.   4492.   3387.   9314.   5786.   7964.   5422.   5920.  14457.  11935.  12428.   5221.   6586.  11219.  10788.
  9   |  19192.  17297.  10801.   8910.  10990.  12232.  13889.   8546.  14011.  10284.  21647.  21083.  13896.  13095.  12316.
------+------------------------------------------------------------------------------------------------------------------------
       x 10 ^ 3                                
 
 
        Catch in Number
        ---------------
------+------------------------------------------------------------------------------------------------------------------------
AGE   |    1987    1988    1989    1990    1991    1992    1993    1994    1995    1996    1997    1998    1999    2000    2001
------+------------------------------------------------------------------------------------------------------------------------
  0   |   2711.   1686.   2275.   4182.   2822.   4709.   2809.   4673.   2575.   3157.   2542.   6898.   3564.   4957.   1147.
  1   |   7192.   7817.   7197.   7940.  15200.  10287.   9548.  14041.   7978.  10140.  12448.  10103.  17234.  13622.  10461.
  2   |  10925.  11887.  19072.  14299.  16375.  31311.  11859.  27065.  13662.  17978.  22765.  27985.  14307.  37321.  16367.
  3   |   8194.  15547.  24840.  32242.  24954.  28334.  30654.  28404.  22459.  26425.  34349.  43074.  33470.  26149.  38172.
  4   |  27664.   8623.  23915.  30605.  40722.  30952.  20068.  53193.  17131.  32051.  36838.  46748.  37059.  44149.  19420.
  5   |  19724.  20903.   9525.  20966.  27376.  35525.  15414.  24773.  22604.  17571.  31861.  35391.  28222.  34571.  23135.
  6   |  12710.  14524.  22458.   8087.  18109.  22967.  17077.  18384.  10181.  22574.  16925.  29479.  20573.  25391.  17514.
  7   |  11226.   9261.  15403.  18730.   6837.  14800.  10809.  19943.   7415.  10049.  21370.  15281.  16728.  18092.  12616.
  8   |   2748.   6562.   7908.  10304.  12697.   4474.   5534.  10170.   6384.   5888.   7644.  15480.   6903.  11799.   7154.
  9   |   8956.   7123.  12034.  13365.  16068.  19959.   9046.  13665.   7555.  10886.  13435.  15551.  14358.  14997.  10961.
------+------------------------------------------------------------------------------------------------------------------------
       x 10 ^ 3                                
 
 
        Catch in Number
        ---------------
------+--------
AGE   |    2002
------+--------
  0   |   4102.
  1   |   5348.
  2   |  27720.
  3   |  36799.
  4   |  62464.
  5   |  22660.
  6   |  26132.
  7   |  19416.
  8   |  11262.
  9   |  16644.
------+--------
       x 10 ^ 3                                
 
 
 
        Predicted Catch in Number
        -------------------------
------+----------------------------------------------------------------------------------------
AGE   |    1992    1993    1994    1995    1996    1997    1998    1999    2000    2001    2002
------+----------------------------------------------------------------------------------------
  0   |   4711.   2810.   4674.   2576.   3158.   2542.   6893.   3564.   4956.   1147.   4102.
  1   |  10291.   9552.  14043.   7980.  10144.  12451.  10104.  17222.  13617.  10457.   5349.
  2   |  31316.  11863.  27070.  13663.  17981.  22772.  27989.  14307.  37285.  16359.  27726.
  3   |  28339.  30655.  28410.  22463.  26427.  34353.  43084.  33473.  26143.  38130.  36802.
  4   |  30954.  20069.  53186.  17133.  32055.  36837.  46748.  37064.  44140.  19412.  62429.
  5   |  35532.  15414.  24772.  22602.  17573.  31863.  35388.  28222.  34569.  23130.  22666.
  6   |  22964.  17076.  18380.  10179.  22568.  16925.  29476.  20569.  25382.  17510.  26139.
  7   |  14798.  10807.  19940.   7413.  10047.  21364.  15280.  16727.  18085.  12612.  19425.
  8   |   4472.   5534.  10170.   6384.   5888.   7644.  15478.   6904.  11799.   7153.  11268.
------+----------------------------------------------------------------------------------------
       x 10 ^ 3                                
 
 
 
        Weights at age in the catches (Kg)
        ----------------------------------
------+------------------------------------------------------------------------------------------------------------------------
AGE   |    1972    1973    1974    1975    1976    1977    1978    1979    1980    1981    1982    1983    1984    1985    1986
------+------------------------------------------------------------------------------------------------------------------------
  0   | 0.05200 0.05000 0.05100 0.05000 0.05900 0.05600 0.03600 0.01600 0.05700 0.06000 0.05300 0.05000 0.03100 0.05500 0.03900
  1   | 0.13500 0.14500 0.13600 0.14800 0.13700 0.13600 0.13500 0.13700 0.13100 0.13200 0.13100 0.16800 0.10200 0.14400 0.14600
  2   | 0.27700 0.19400 0.22900 0.17700 0.20700 0.16900 0.16100 0.16100 0.24900 0.24800 0.24900 0.21900 0.18400 0.26200 0.24500
  3   | 0.34100 0.28500 0.26100 0.25900 0.26300 0.27500 0.25000 0.24300 0.28500 0.28700 0.28500 0.27600 0.29500 0.35700 0.33500
  4   | 0.42300 0.36800 0.33400 0.32300 0.32000 0.33300 0.32500 0.31800 0.34500 0.34400 0.34500 0.31000 0.32600 0.41800 0.42300
  5   | 0.46800 0.44800 0.39200 0.34800 0.34600 0.35200 0.34500 0.34800 0.37800 0.37700 0.37800 0.38600 0.34400 0.41700 0.47100
  6   | 0.46800 0.46800 0.48100 0.43000 0.40600 0.40700 0.40300 0.40100 0.45400 0.45400 0.45400 0.42500 0.43100 0.43600 0.44400
  7   | 0.50800 0.50800 0.50800 0.48800 0.44300 0.44600 0.42100 0.41600 0.49800 0.49900 0.49600 0.43500 0.54200 0.52100 0.45700
  8   | 0.53900 0.53900 0.53900 0.53900 0.51800 0.54600 0.51800 0.50600 0.52000 0.51300 0.51300 0.49800 0.48000 0.55500 0.54300
  9   | 0.60234 0.59928 0.60807 0.61483 0.59984 0.58342 0.56677 0.55351 0.56324 0.55828 0.55573 0.58398 0.62324 0.63733 0.60713
------+------------------------------------------------------------------------------------------------------------------------
                                               
 
 
        Weights at age in the catches (Kg)
        ----------------------------------
------+------------------------------------------------------------------------------------------------------------------------
AGE   |    1987    1988    1989    1990    1991    1992    1993    1994    1995    1996    1997    1998    1999    2000    2001
------+------------------------------------------------------------------------------------------------------------------------
  0   | 0.07600 0.05500 0.04900 0.08500 0.06800 0.05100 0.06100 0.04600 0.07200 0.05800 0.07600 0.06500 0.06200 0.06300 0.06900
  1   | 0.17900 0.13300 0.13600 0.15600 0.15600 0.16700 0.13400 0.13600 0.14300 0.14300 0.14300 0.15700 0.17600 0.13500 0.17100
  2   | 0.22300 0.25900 0.23700 0.23300 0.25300 0.23900 0.24000 0.25500 0.23400 0.22600 0.23000 0.22700 0.23600 0.22900 0.22300
  3   | 0.31800 0.32300 0.32000 0.33600 0.32700 0.33300 0.31700 0.33900 0.33300 0.31300 0.29500 0.31000 0.30700 0.30800 0.30700
  4   | 0.39900 0.38800 0.37700 0.37900 0.39400 0.39700 0.37600 0.39000 0.39000 0.37700 0.35900 0.35400 0.36100 0.36700 0.37800
  5   | 0.47400 0.45600 0.43300 0.42300 0.42300 0.46000 0.43600 0.44800 0.45200 0.42500 0.41500 0.40800 0.40600 0.42900 0.42600
  6   | 0.51200 0.52400 0.45600 0.46700 0.46900 0.49500 0.48300 0.51200 0.50100 0.48400 0.45300 0.45200 0.45400 0.46700 0.47700
  7   | 0.49300 0.55500 0.54300 0.52800 0.50600 0.53200 0.52700 0.54300 0.53900 0.51800 0.48100 0.46200 0.50100 0.50400 0.49900
  8   | 0.49800 0.55500 0.59200 0.55200 0.55400 0.55500 0.54800 0.59000 0.57700 0.55100 0.52400 0.51800 0.53700 0.53700 0.54300
  9   | 0.61152 0.61179 0.61579 0.62037 0.62819 0.63038 0.61706 0.63741 0.61421 0.59084 0.57720 0.57578 0.59292 0.58899 0.60126
------+------------------------------------------------------------------------------------------------------------------------
                                               
 
 
        Weights at age in the catches (Kg)
        ----------------------------------
------+--------
AGE   |    2002
------+--------
  0   | 0.05200
  1   | 0.15900
  2   | 0.25500
  3   | 0.30700
  4   | 0.36900
  5   | 0.42600
  6   | 0.46400
  7   | 0.51400
  8   | 0.53900
  9   | 0.60869
------+--------
                                               
 
 
 
        Weights at age in the stock (Kg)
        --------------------------------
------+------------------------------------------------------------------------------------------------------------------------
AGE   |    1972    1973    1974    1975    1976    1977    1978    1979    1980    1981    1982    1983    1984    1985    1986
------+------------------------------------------------------------------------------------------------------------------------
  0   | 0.00800 0.00800 0.00800 0.00800 0.00800 0.00800 0.00800 0.00800 0.00800 0.00800 0.00800 0.00800 0.00000 0.00000 0.00000
  1   | 0.13200 0.13200 0.13000 0.12900 0.12800 0.12700 0.11100 0.11000 0.10900 0.08700 0.08600 0.08600 0.08100 0.08500 0.07700
  2   | 0.17800 0.17700 0.17300 0.17100 0.17000 0.16700 0.17500 0.17400 0.17300 0.18600 0.13500 0.17200 0.19400 0.16500 0.17900
  3   | 0.24300 0.24200 0.23800 0.23600 0.23600 0.23300 0.23800 0.23700 0.23600 0.25200 0.22100 0.23500 0.25300 0.29300 0.26700
  4   | 0.41100 0.30100 0.29600 0.29400 0.29300 0.28900 0.30000 0.29900 0.29700 0.31300 0.28000 0.28000 0.29500 0.30600 0.30400
  5   | 0.35500 0.43800 0.32200 0.31800 0.31800 0.31300 0.34600 0.34500 0.34300 0.32300 0.38500 0.33900 0.32400 0.34100 0.35600
  6   | 0.39800 0.39800 0.46900 0.36500 0.36500 0.36100 0.38200 0.38000 0.37900 0.37800 0.35300 0.37700 0.39300 0.38400 0.35100
  7   | 0.43300 0.43300 0.43300 0.49700 0.41900 0.41600 0.41000 0.40800 0.40700 0.41900 0.40800 0.40400 0.43600 0.43000 0.41600
  8   | 0.45900 0.45900 0.45900 0.45900 0.51200 0.44600 0.43200 0.43000 0.42900 0.43400 0.43700 0.43900 0.44100 0.45900 0.47300
  9   | 0.51672 0.51336 0.52279 0.52969 0.51335 0.52863 0.50012 0.50447 0.48037 0.46427 0.46871 0.50556 0.51259 0.54283 0.47370
------+------------------------------------------------------------------------------------------------------------------------
                                               
 
 
        Weights at age in the stock (Kg)
        --------------------------------
------+------------------------------------------------------------------------------------------------------------------------
AGE   |    1987    1988    1989    1990    1991    1992    1993    1994    1995    1996    1997    1998    1999    2000    2001
------+------------------------------------------------------------------------------------------------------------------------
  0   | 0.00000 0.00000 0.00000 0.00000 0.00000 0.00000 0.00000 0.00000 0.00000 0.00000 0.00000 0.00000 0.00000 0.00000 0.00000
  1   | 0.07800 0.07200 0.07600 0.07400 0.07500 0.07800 0.07800 0.07900 0.08100 0.07600 0.07600 0.07700 0.08100 0.07400 0.07800
  2   | 0.14800 0.15600 0.17700 0.13800 0.15500 0.21200 0.19700 0.17800 0.16400 0.13300 0.18600 0.14900 0.19400 0.18500 0.16400
  3   | 0.24000 0.23700 0.24400 0.22200 0.23000 0.25900 0.26800 0.23700 0.26700 0.25100 0.22800 0.22300 0.24200 0.23500 0.24100
  4   | 0.28600 0.30100 0.30600 0.28700 0.30700 0.31000 0.31500 0.30100 0.32600 0.31700 0.29600 0.28500 0.30100 0.28900 0.34200
  5   | 0.37400 0.32900 0.35200 0.33900 0.35700 0.36200 0.36000 0.36100 0.39800 0.36600 0.36100 0.34200 0.35300 0.35000 0.39000
  6   | 0.38600 0.42300 0.38000 0.37300 0.40900 0.40200 0.41600 0.41300 0.44800 0.44400 0.40200 0.40000 0.39600 0.39000 0.44600
  7   | 0.41100 0.44500 0.42900 0.41400 0.43200 0.42400 0.45400 0.46600 0.49100 0.46200 0.44500 0.42600 0.42300 0.42600 0.45900
  8   | 0.42900 0.43200 0.47400 0.40900 0.50200 0.46200 0.46500 0.47000 0.50800 0.50100 0.47800 0.46600 0.44000 0.44700 0.49900
  9   | 0.48952 0.53329 0.48870 0.48376 0.55566 0.51786 0.53296 0.54409 0.56042 0.57804 0.53460 0.52893 0.49503 0.50078 0.56130
------+------------------------------------------------------------------------------------------------------------------------
                                               
 
 
        Weights at age in the stock (Kg)
        --------------------------------
------+--------
AGE   |    2002
------+--------
  0   | 0.00000
  1   | 0.07800
  2   | 0.18100
  3   | 0.23900
  4   | 0.31100
  5   | 0.36400
  6   | 0.41100
  7   | 0.43600
  8   | 0.46200
  9   | 0.52070
------+--------
                                               
 
 
 
        Natural Mortality (per year)
        ----------------------------
------+------------------------------------------------------------------------------------------------------------------------
AGE   |    1972    1973    1974    1975    1976    1977    1978    1979    1980    1981    1982    1983    1984    1985    1986
------+------------------------------------------------------------------------------------------------------------------------
  0   | 0.15000 0.15000 0.15000 0.15000 0.15000 0.15000 0.15000 0.15000 0.15000 0.15000 0.15000 0.15000 0.15000 0.15000 0.15000
  1   | 0.15000 0.15000 0.15000 0.15000 0.15000 0.15000 0.15000 0.15000 0.15000 0.15000 0.15000 0.15000 0.15000 0.15000 0.15000
  2   | 0.15000 0.15000 0.15000 0.15000 0.15000 0.15000 0.15000 0.15000 0.15000 0.15000 0.15000 0.15000 0.15000 0.15000 0.15000
  3   | 0.15000 0.15000 0.15000 0.15000 0.15000 0.15000 0.15000 0.15000 0.15000 0.15000 0.15000 0.15000 0.15000 0.15000 0.15000
  4   | 0.15000 0.15000 0.15000 0.15000 0.15000 0.15000 0.15000 0.15000 0.15000 0.15000 0.15000 0.15000 0.15000 0.15000 0.15000
  5   | 0.15000 0.15000 0.15000 0.15000 0.15000 0.15000 0.15000 0.15000 0.15000 0.15000 0.15000 0.15000 0.15000 0.15000 0.15000
  6   | 0.15000 0.15000 0.15000 0.15000 0.15000 0.15000 0.15000 0.15000 0.15000 0.15000 0.15000 0.15000 0.15000 0.15000 0.15000
  7   | 0.15000 0.15000 0.15000 0.15000 0.15000 0.15000 0.15000 0.15000 0.15000 0.15000 0.15000 0.15000 0.15000 0.15000 0.15000
  8   | 0.15000 0.15000 0.15000 0.15000 0.15000 0.15000 0.15000 0.15000 0.15000 0.15000 0.15000 0.15000 0.15000 0.15000 0.15000
  9   | 0.15000 0.15000 0.15000 0.15000 0.15000 0.15000 0.15000 0.15000 0.15000 0.15000 0.15000 0.15000 0.15000 0.15000 0.15000
------+------------------------------------------------------------------------------------------------------------------------
                                               
 
 
        Natural Mortality (per year)
        ----------------------------
------+------------------------------------------------------------------------------------------------------------------------
AGE   |    1987    1988    1989    1990    1991    1992    1993    1994    1995    1996    1997    1998    1999    2000    2001
------+------------------------------------------------------------------------------------------------------------------------
  0   | 0.15000 0.15000 0.15000 0.15000 0.15000 0.15000 0.15000 0.15000 0.15000 0.15000 0.15000 0.15000 0.15000 0.15000 0.15000
  1   | 0.15000 0.15000 0.15000 0.15000 0.15000 0.15000 0.15000 0.15000 0.15000 0.15000 0.15000 0.15000 0.15000 0.15000 0.15000
  2   | 0.15000 0.15000 0.15000 0.15000 0.15000 0.15000 0.15000 0.15000 0.15000 0.15000 0.15000 0.15000 0.15000 0.15000 0.15000
  3   | 0.15000 0.15000 0.15000 0.15000 0.15000 0.15000 0.15000 0.15000 0.15000 0.15000 0.15000 0.15000 0.15000 0.15000 0.15000
  4   | 0.15000 0.15000 0.15000 0.15000 0.15000 0.15000 0.15000 0.15000 0.15000 0.15000 0.15000 0.15000 0.15000 0.15000 0.15000
  5   | 0.15000 0.15000 0.15000 0.15000 0.15000 0.15000 0.15000 0.15000 0.15000 0.15000 0.15000 0.15000 0.15000 0.15000 0.15000
  6   | 0.15000 0.15000 0.15000 0.15000 0.15000 0.15000 0.15000 0.15000 0.15000 0.15000 0.15000 0.15000 0.15000 0.15000 0.15000
  7   | 0.15000 0.15000 0.15000 0.15000 0.15000 0.15000 0.15000 0.15000 0.15000 0.15000 0.15000 0.15000 0.15000 0.15000 0.15000
  8   | 0.15000 0.15000 0.15000 0.15000 0.15000 0.15000 0.15000 0.15000 0.15000 0.15000 0.15000 0.15000 0.15000 0.15000 0.15000
  9   | 0.15000 0.15000 0.15000 0.15000 0.15000 0.15000 0.15000 0.15000 0.15000 0.15000 0.15000 0.15000 0.15000 0.15000 0.15000
------+------------------------------------------------------------------------------------------------------------------------
                                               
 
 
        Natural Mortality (per year)
        ----------------------------
------+--------
AGE   |    2002
------+--------
  0   | 0.15000
  1   | 0.15000
  2   | 0.15000
  3   | 0.15000
  4   | 0.15000
  5   | 0.15000
  6   | 0.15000
  7   | 0.15000
  8   | 0.15000
  9   | 0.15000
------+--------
                                               
 
 
 
        Proportion of fish spawning
        ---------------------------
------+------------------------------------------------------------------------------------------------------------------------
AGE   |    1972    1973    1974    1975    1976    1977    1978    1979    1980    1981    1982    1983    1984    1985    1986
------+------------------------------------------------------------------------------------------------------------------------
  0   |  0.0000  0.0000  0.0000  0.0000  0.0000  0.0000  0.0000  0.0000  0.0000  0.0000  0.0000  0.0000  0.0000  0.0000  0.0000
  1   |  0.0500  0.0500  0.0500  0.0600  0.0600  0.0600  0.0600  0.0600  0.0600  0.0700  0.0700  0.0700  0.0700  0.0700  0.0700
  2   |  0.5300  0.5400  0.5400  0.5500  0.5500  0.5500  0.5600  0.5600  0.5700  0.5700  0.5700  0.5800  0.5800  0.5800  0.5800
  3   |  0.9000  0.9000  0.9000  0.8900  0.8900  0.8900  0.8900  0.8900  0.8900  0.8800  0.8800  0.8800  0.8800  0.8800  0.8800
  4   |  0.9800  0.9800  0.9800  0.9800  0.9800  0.9800  0.9800  0.9800  0.9800  0.9800  0.9800  0.9800  0.9700  0.9700  0.9700
  5   |  0.9800  0.9800  0.9800  0.9800  0.9800  0.9800  0.9800  0.9800  0.9800  0.9800  0.9800  0.9800  0.9700  0.9700  0.9700
  6   |  0.9900  0.9900  0.9900  0.9900  0.9900  0.9900  0.9900  0.9900  0.9900  0.9900  0.9900  0.9900  0.9900  0.9900  0.9900
  7   |  1.0000  1.0000  1.0000  1.0000  1.0000  1.0000  1.0000  1.0000  1.0000  1.0000  1.0000  1.0000  1.0000  1.0000  1.0000
  8   |  1.0000  1.0000  1.0000  1.0000  1.0000  1.0000  1.0000  1.0000  1.0000  1.0000  1.0000  1.0000  1.0000  1.0000  1.0000
  9   |  1.0000  1.0000  1.0000  1.0000  1.0000  1.0000  1.0000  1.0000  1.0000  1.0000  1.0000  1.0000  1.0000  1.0000  1.0000
------+------------------------------------------------------------------------------------------------------------------------
                                               
 
 
        Proportion of fish spawning
        ---------------------------
------+------------------------------------------------------------------------------------------------------------------------
AGE   |    1987    1988    1989    1990    1991    1992    1993    1994    1995    1996    1997    1998    1999    2000    2001
------+------------------------------------------------------------------------------------------------------------------------
  0   |  0.0000  0.0000  0.0000  0.0000  0.0000  0.0000  0.0000  0.0000  0.0000  0.0000  0.0000  0.0000  0.0000  0.0000  0.0000
  1   |  0.0700  0.0700  0.0700  0.0700  0.0700  0.0700  0.0700  0.0700  0.0700  0.0700  0.0700  0.0700  0.0700  0.0700  0.0700
  2   |  0.5800  0.5800  0.5800  0.5800  0.5800  0.5800  0.5800  0.5800  0.5800  0.5800  0.5800  0.5800  0.5800  0.5800  0.5900
  3   |  0.8800  0.8800  0.8800  0.8800  0.8800  0.8800  0.8800  0.8800  0.8800  0.8800  0.8800  0.8600  0.8600  0.8600  0.8800
  4   |  0.9700  0.9700  0.9700  0.9700  0.9700  0.9700  0.9700  0.9700  0.9700  0.9700  0.9700  0.9800  0.9800  0.9800  0.9700
  5   |  0.9700  0.9700  0.9700  0.9700  0.9700  0.9700  0.9700  0.9700  0.9700  0.9700  0.9700  0.9800  0.9800  0.9800  0.9700
  6   |  0.9900  0.9900  0.9900  0.9900  0.9900  0.9900  0.9900  0.9900  0.9900  0.9900  0.9900  0.9900  0.9900  0.9900  0.9900
  7   |  1.0000  1.0000  1.0000  1.0000  1.0000  1.0000  1.0000  1.0000  1.0000  1.0000  1.0000  1.0000  1.0000  1.0000  1.0000
  8   |  1.0000  1.0000  1.0000  1.0000  1.0000  1.0000  1.0000  1.0000  1.0000  1.0000  1.0000  1.0000  1.0000  1.0000  1.0000
  9   |  1.0000  1.0000  1.0000  1.0000  1.0000  1.0000  1.0000  1.0000  1.0000  1.0000  1.0000  1.0000  1.0000  1.0000  1.0000
------+------------------------------------------------------------------------------------------------------------------------
                                               
 
 
        Proportion of fish spawning
        ---------------------------
------+--------
AGE   |    2002
------+--------
  0   |  0.0000
  1   |  0.0700
  2   |  0.5900
  3   |  0.8800
  4   |  0.9700
  5   |  0.9700
  6   |  0.9900
  7   |  1.0000
  8   |  1.0000
  9   |  1.0000
------+--------
                                               
 
 
 
 INDICES OF SPAWNING BIOMASS                                                    
  
 ----------------------------
 
          INDEX
        -------
------+------------------------------------------------------------------------------------------------------------------------
      |    1972    1973    1974    1975    1976    1977    1978    1979    1980    1981    1982    1983    1984    1985    1986
------+------------------------------------------------------------------------------------------------------------------------
  1   | ******* ******* ******* ******* ******* ******* ******* ******* ******* ******* ******* ******* ******* ******* *******
------+------------------------------------------------------------------------------------------------------------------------
       x 10 ^ 3                                
 
 
          INDEX
        -------
------+------------------------------------------------------------------------------------------------------------------------
      |    1987    1988    1989    1990    1991    1992    1993    1994    1995    1996    1997    1998    1999    2000    2001
------+------------------------------------------------------------------------------------------------------------------------
  1   | *******  225.46  246.24  231.29  244.60  256.95  261.58  257.73  284.36  292.99  299.66  283.03  284.88  289.21  323.78
------+------------------------------------------------------------------------------------------------------------------------
       x 10 ^ 3                                
 
 
          INDEX
        -------
------+--------
      |    2002
------+--------
  1   |  324.83
------+--------
       x 10 ^ 3                                
 
 
 
 AGE-STRUCTURED INDICES                                                         
  
 -----------------------
 
        FLT01: Dummy survey
        -------------------
------+--------------------------------
AGE   |    1981    1982    1983    1984
------+--------------------------------
  1   |  266.10  203.00   43.60   15.24
  2   |  506.40  435.90  712.70   79.51
  3   |  225.10  483.60  444.60  661.83
  4   |   31.70  184.10  391.60  374.60
  5   |  174.80   24.70  130.40  238.20
  6   |  158.50  136.60   20.20   92.00
  7   |   99.50  108.60   91.30   15.54
  8   |  116.60   84.50   70.90   51.47
  9   |   35.30   87.00   47.10   39.27
------+--------------------------------
       x 10 ^ 3                                
 
 
 
        Fishing Mortality (per year)
        ----------------------------
------+------------------------------------------------------------------------------------------------------------------------
AGE   |    1972    1973    1974    1975    1976    1977    1978    1979    1980    1981    1982    1983    1984    1985    1986
------+------------------------------------------------------------------------------------------------------------------------
  0   | 0.00910 0.00791 0.00649 0.00652 0.00633 0.00778 0.00864 0.00603 0.01015 0.00604 0.00935 0.00963 0.00866 0.00981 0.00921
  1   | 0.03443 0.02993 0.02455 0.02469 0.02395 0.02943 0.03271 0.02284 0.03841 0.02284 0.03538 0.03644 0.03275 0.03713 0.03486
  2   | 0.07621 0.06626 0.05435 0.05464 0.05300 0.06513 0.07240 0.05055 0.08501 0.05056 0.07832 0.08066 0.07249 0.08218 0.07716
  3   | 0.15036 0.13072 0.10722 0.10780 0.10457 0.12850 0.14283 0.09973 0.16772 0.09975 0.15451 0.15914 0.14302 0.16213 0.15221
  4   | 0.22987 0.19984 0.16392 0.16480 0.15986 0.19645 0.21836 0.15246 0.25641 0.15250 0.23622 0.24330 0.21864 0.24787 0.23269
  5   | 0.26146 0.22730 0.18644 0.18744 0.18183 0.22344 0.24837 0.17341 0.29164 0.17345 0.26868 0.27673 0.24868 0.28192 0.26466
  6   | 0.29568 0.25705 0.21085 0.21198 0.20563 0.25269 0.28088 0.19611 0.32982 0.19616 0.30384 0.31295 0.28124 0.31883 0.29931
  7   | 0.33874 0.29449 0.24156 0.24286 0.23558 0.28949 0.32179 0.22467 0.37786 0.22473 0.34810 0.35853 0.32220 0.36527 0.34291
  8   | 0.31375 0.27276 0.22373 0.22494 0.21820 0.26813 0.29805 0.20810 0.34998 0.20815 0.32242 0.33208 0.29842 0.33832 0.31761
  9   | 0.31375 0.27276 0.22373 0.22494 0.21820 0.26813 0.29805 0.20810 0.34998 0.20815 0.32242 0.33208 0.29842 0.33832 0.31761
------+------------------------------------------------------------------------------------------------------------------------
                                               
 
 
        Fishing Mortality (per year)
        ----------------------------
------+------------------------------------------------------------------------------------------------------------------------
AGE   |    1987    1988    1989    1990    1991    1992    1993    1994    1995    1996    1997    1998    1999    2000    2001
------+------------------------------------------------------------------------------------------------------------------------
  0   | 0.00587 0.00526 0.00701 0.00764 0.00870 0.00996 0.00630 0.00988 0.00526 0.00645 0.00795 0.00991 0.00775 0.00929 0.00611
  1   | 0.02222 0.01992 0.02651 0.02892 0.03291 0.03770 0.02386 0.03740 0.01989 0.02440 0.03007 0.03752 0.02934 0.03515 0.02314
  2   | 0.04918 0.04409 0.05868 0.06400 0.07285 0.08343 0.05281 0.08278 0.04403 0.05401 0.06656 0.08304 0.06493 0.07779 0.05121
  3   | 0.09704 0.08699 0.11579 0.12626 0.14373 0.16460 0.10418 0.16331 0.08686 0.10655 0.13132 0.16383 0.12811 0.15347 0.10102
  4   | 0.14833 0.13301 0.17701 0.19304 0.21971 0.25162 0.15926 0.24965 0.13279 0.16288 0.20074 0.25044 0.19583 0.23460 0.15443
  5   | 0.16871 0.15125 0.20138 0.21957 0.24993 0.28620 0.18114 0.28395 0.15103 0.18526 0.22833 0.28485 0.22274 0.26684 0.17565
  6   | 0.19080 0.17105 0.22769 0.24838 0.28265 0.32361 0.20482 0.32106 0.17077 0.20948 0.25817 0.32208 0.25186 0.30172 0.19861
  7   | 0.21859 0.19597 0.26085 0.28448 0.32394 0.37073 0.23464 0.36782 0.19564 0.23999 0.29577 0.36898 0.28853 0.34565 0.22753
  8   | 0.20246 0.18151 0.24161 0.26349 0.29993 0.34344 0.21737 0.34074 0.18124 0.22232 0.27399 0.34182 0.26729 0.32021 0.21078
  9   | 0.20246 0.18151 0.24161 0.26349 0.29993 0.34344 0.21737 0.34074 0.18124 0.22232 0.27399 0.34182 0.26729 0.32021 0.21078
------+------------------------------------------------------------------------------------------------------------------------
                                               
 
 
        Fishing Mortality (per year)
        ----------------------------
------+--------
AGE   |    2002
------+--------
  0   | 0.00893
  1   | 0.03379
  2   | 0.07478
  3   | 0.14753
  4   | 0.22552
  5   | 0.25651
  6   | 0.29004
  7   | 0.33227
  8   | 0.30781
  9   | 0.30781
------+--------
                                               
 
 
 
        Population Abundance (1 January)
        --------------------------------
------+------------------------------------------------------------------------------------------------------------------------
AGE   |    1972    1973    1974    1975    1976    1977    1978    1979    1980    1981    1982    1983    1984    1985    1986
------+------------------------------------------------------------------------------------------------------------------------
  0   |  518.37  759.89  511.73  224.34  333.67  518.37  558.81  217.56  511.72  420.78  482.82  518.36  169.01  345.82  413.19
  1   |  299.14  442.12  648.89  437.60  191.83  285.38  442.71  476.84  186.12  436.00  359.98  411.70  441.88  144.22  294.74
  2   |  159.17  248.75  369.32  544.96  367.46  161.21  238.51  368.78  401.15  154.16  366.79  299.07  341.67  368.07  119.60
  3   |  205.85  126.95  200.38  301.06  444.11  299.95  130.00  190.95  301.76  317.13  126.15  291.92  237.46  273.52  291.81
  4   |  143.63  152.44   95.87  154.93  232.64  344.30  227.04   97.00  148.75  219.63  247.04   93.03  214.29  177.15  200.18
  5   |  166.51   98.23  107.44   70.04  113.09  170.66  243.48  157.08   71.68   99.07  162.30  167.90   62.78  148.22  119.00
  6   |   44.19  110.35   67.36   76.75   49.98   81.15  117.47  163.48  113.68   46.09   71.69  106.78  109.58   42.14   96.23
  7   |   32.92   28.30   73.45   46.96   53.44   35.02   54.25   76.35  115.65   70.35   32.60   45.54   67.21   71.19   26.37
  8   |   57.68   20.19   18.14   49.65   31.70   36.34   22.57   33.85   52.49   68.22   48.37   19.81   27.39   41.91   42.53
  9   |   76.45   77.76   57.86   47.50   60.21   55.82   57.82   48.86   50.87   58.78   84.24   80.02   57.78   48.92   48.55
------+------------------------------------------------------------------------------------------------------------------------
       x 10 ^ 6                                
 
 
        Population Abundance (1 January)
        --------------------------------
------+------------------------------------------------------------------------------------------------------------------------
AGE   |    1987    1988    1989    1990    1991    1992    1993    1994    1995    1996    1997    1998    1999    2000    2001
------+------------------------------------------------------------------------------------------------------------------------
  0   |  498.76  345.83  350.87  591.61  350.94  511.83  481.43  511.82  529.08  529.03  345.89  752.44  496.94  577.26  202.58
  1   |  352.38  426.77  296.09  299.89  505.33  299.44  436.17  411.76  436.19  452.99  452.41  295.36  641.24  424.42  492.26
  2   |  245.00  296.63  360.08  248.18  250.76  420.85  248.19  366.56  341.40  368.04  380.50  377.86  244.85  535.97  352.69
  3   |   95.30  200.75  244.30  292.26  200.37  200.67  333.24  202.63  290.44  281.19  300.12  306.41  299.31  197.50  426.79
  4   |  215.70   74.44  158.39  187.28  221.72  149.37  146.50  258.44  148.13  229.18  217.56  226.53  223.88  226.64  145.80
  5   |  136.53  160.06   56.09  114.21  132.90  153.19   99.96  107.53  173.30  111.64  167.61  153.20  151.78  158.42  154.28
  6   |   78.61   99.27  118.43   39.47   78.92   89.09   99.04   71.78   69.68  128.25   79.84  114.81   99.17  104.55  104.42
  7   |   61.40   55.91   72.01   81.18   26.50   51.21   55.48   69.45   44.82   50.56   89.52   53.08   71.61   66.36   66.55
  8   |   16.11   42.47   39.56   47.75   52.57   16.50   30.42   37.77   41.38   31.72   34.23   57.33   31.59   46.19   40.42
  9   |   52.49   46.11   60.19   61.93   66.52   73.63   49.73   50.75   48.97   58.64   60.16   57.60   65.70   58.71   61.94
------+------------------------------------------------------------------------------------------------------------------------
       x 10 ^ 6                                
 
 
        Population Abundance (1 January)
        --------------------------------
------+----------------
AGE   |    2002    2003
------+----------------
  0   |  496.95  384.32
  1   |  173.30  423.92
  2   |  414.00  144.21
  3   |  288.41  330.66
  4   |  332.04  214.19
  5   |  107.54  228.09
  6   |  111.40   71.62
  7   |   73.69   71.74
  8   |   45.62   45.49
  9   |   67.39   71.50
------+----------------
       x 10 ^ 6                                
 
 
 
        Weighting factors for the catches in number
        -------------------------------------------
------+----------------------------------------------------------------------------------------
AGE   |    1992    1993    1994    1995    1996    1997    1998    1999    2000    2001    2002
------+----------------------------------------------------------------------------------------
  0   |  0.0200  0.0200  0.0200  0.0200  0.0200  0.0200  0.0200  0.0200  0.0200  0.0200  0.0200
  1   |  1.0000  1.0000  1.0000  1.0000  1.0000  1.0000  1.0000  1.0000  1.0000  1.0000  1.0000
  2   |  1.0000  1.0000  1.0000  1.0000  1.0000  1.0000  1.0000  1.0000  1.0000  1.0000  1.0000
  3   |  1.0000  1.0000  1.0000  1.0000  1.0000  1.0000  1.0000  1.0000  1.0000  1.0000  1.0000
  4   |  1.0000  1.0000  1.0000  1.0000  1.0000  1.0000  1.0000  1.0000  1.0000  1.0000  1.0000
  5   |  1.0000  1.0000  1.0000  1.0000  1.0000  1.0000  1.0000  1.0000  1.0000  1.0000  1.0000
  6   |  1.0000  1.0000  1.0000  1.0000  1.0000  1.0000  1.0000  1.0000  1.0000  1.0000  1.0000
  7   |  1.0000  1.0000  1.0000  1.0000  1.0000  1.0000  1.0000  1.0000  1.0000  1.0000  1.0000
  8   |  1.0000  1.0000  1.0000  1.0000  1.0000  1.0000  1.0000  1.0000  1.0000  1.0000  1.0000
------+----------------------------------------------------------------------------------------
                                               
 
 
 
 Predicted SSB Index Values                                                     
  
 ---------------------------
 
          INDEX
        -------
------+------------------------------------------------------------------------------------------------------------------------
      |    1972    1973    1974    1975    1976    1977    1978    1979    1980    1981    1982    1983    1984    1985    1986
------+------------------------------------------------------------------------------------------------------------------------
  1   | ******* ******* ******* ******* ******* ******* ******* ******* ******* ******* ******* ******* ******* ******* *******
------+------------------------------------------------------------------------------------------------------------------------
       x 10 ^ 3                                
 
 
          INDEX
        -------
------+------------------------------------------------------------------------------------------------------------------------
      |    1987    1988    1989    1990    1991    1992    1993    1994    1995    1996    1997    1998    1999    2000    2001
------+------------------------------------------------------------------------------------------------------------------------
  1   | *******  225.44  246.23  231.27  244.58  256.93  261.58  257.74  284.38  293.02  299.70  283.09  284.95  289.27  323.85
------+------------------------------------------------------------------------------------------------------------------------
       x 10 ^ 3                                
 
 
          INDEX
        -------
------+--------
      |    2002
------+--------
  1   |  324.88
------+--------
       x 10 ^ 3                                
 
 
 
 Predicted Age-Structured Index Values                                          
  
 --------------------------------------
 
        FLT01: Dummy survey Predicted
        -----------------------------
------+--------------------------------
AGE   |    1981    1982    1983    1984
------+--------------------------------
  1   |   82.50   67.65   77.32   83.16
  2   |  189.05  442.98  360.73  413.97
  3   |  597.41  230.58  532.24  436.81
  4   |  214.11  230.00   86.28  201.45
  5   |   97.02  150.82  155.34   58.99
  6   |   48.57   71.21  105.53  110.20
  7   |   89.79   38.88   54.00   81.30
  8   |  151.08  100.59   40.99   57.71
  9   |   43.08   57.98   54.78   40.30
------+--------------------------------
       x 10 ^ 3                                
 
 
 
        Fitted Selection Pattern
        ------------------------
------+------------------------------------------------------------------------------------------------------------------------
AGE   |    1972    1973    1974    1975    1976    1977    1978    1979    1980    1981    1982    1983    1984    1985    1986
------+------------------------------------------------------------------------------------------------------------------------
  0   |  0.0348  0.0348  0.0348  0.0348  0.0348  0.0348  0.0348  0.0348  0.0348  0.0348  0.0348  0.0348  0.0348  0.0348  0.0348
  1   |  0.1317  0.1317  0.1317  0.1317  0.1317  0.1317  0.1317  0.1317  0.1317  0.1317  0.1317  0.1317  0.1317  0.1317  0.1317
  2   |  0.2915  0.2915  0.2915  0.2915  0.2915  0.2915  0.2915  0.2915  0.2915  0.2915  0.2915  0.2915  0.2915  0.2915  0.2915
  3   |  0.5751  0.5751  0.5751  0.5751  0.5751  0.5751  0.5751  0.5751  0.5751  0.5751  0.5751  0.5751  0.5751  0.5751  0.5751
  4   |  0.8792  0.8792  0.8792  0.8792  0.8792  0.8792  0.8792  0.8792  0.8792  0.8792  0.8792  0.8792  0.8792  0.8792  0.8792
  5   |  1.0000  1.0000  1.0000  1.0000  1.0000  1.0000  1.0000  1.0000  1.0000  1.0000  1.0000  1.0000  1.0000  1.0000  1.0000
  6   |  1.1309  1.1309  1.1309  1.1309  1.1309  1.1309  1.1309  1.1309  1.1309  1.1309  1.1309  1.1309  1.1309  1.1309  1.1309
  7   |  1.2956  1.2956  1.2956  1.2956  1.2956  1.2956  1.2956  1.2956  1.2956  1.2956  1.2956  1.2956  1.2956  1.2956  1.2956
  8   |  1.2000  1.2000  1.2000  1.2000  1.2000  1.2000  1.2000  1.2000  1.2000  1.2000  1.2000  1.2000  1.2000  1.2001  1.2001
  9   |  1.2000  1.2000  1.2000  1.2000  1.2000  1.2000  1.2000  1.2000  1.2000  1.2000  1.2000  1.2000  1.2000  1.2001  1.2001
------+------------------------------------------------------------------------------------------------------------------------
                                               
 
 
        Fitted Selection Pattern
        ------------------------
------+------------------------------------------------------------------------------------------------------------------------
AGE   |    1987    1988    1989    1990    1991    1992    1993    1994    1995    1996    1997    1998    1999    2000    2001
------+------------------------------------------------------------------------------------------------------------------------
  0   |  0.0348  0.0348  0.0348  0.0348  0.0348  0.0348  0.0348  0.0348  0.0348  0.0348  0.0348  0.0348  0.0348  0.0348  0.0348
  1   |  0.1317  0.1317  0.1317  0.1317  0.1317  0.1317  0.1317  0.1317  0.1317  0.1317  0.1317  0.1317  0.1317  0.1317  0.1317
  2   |  0.2915  0.2915  0.2914  0.2915  0.2915  0.2915  0.2915  0.2915  0.2915  0.2915  0.2915  0.2915  0.2915  0.2915  0.2915
  3   |  0.5752  0.5751  0.5750  0.5750  0.5751  0.5751  0.5751  0.5751  0.5751  0.5751  0.5751  0.5751  0.5751  0.5751  0.5751
  4   |  0.8792  0.8794  0.8790  0.8792  0.8791  0.8792  0.8792  0.8792  0.8792  0.8792  0.8792  0.8792  0.8792  0.8792  0.8792
  5   |  1.0000  1.0000  1.0000  1.0000  1.0000  1.0000  1.0000  1.0000  1.0000  1.0000  1.0000  1.0000  1.0000  1.0000  1.0000
  6   |  1.1309  1.1309  1.1306  1.1312  1.1309  1.1307  1.1307  1.1307  1.1307  1.1307  1.1307  1.1307  1.1307  1.1307  1.1307
  7   |  1.2956  1.2956  1.2953  1.2956  1.2961  1.2954  1.2954  1.2954  1.2954  1.2954  1.2954  1.2954  1.2954  1.2954  1.2954
  8   |  1.2001  1.2000  1.1998  1.2000  1.2000  1.2000  1.2000  1.2000  1.2000  1.2000  1.2000  1.2000  1.2000  1.2000  1.2000
  9   |  1.2001  1.2000  1.1998  1.2000  1.2000  1.2000  1.2000  1.2000  1.2000  1.2000  1.2000  1.2000  1.2000  1.2000  1.2000
------+------------------------------------------------------------------------------------------------------------------------
                                               
 
 
        Fitted Selection Pattern
        ------------------------
------+--------
AGE   |    2002
------+--------
  0   |  0.0348
  1   |  0.1317
  2   |  0.2915
  3   |  0.5751
  4   |  0.8792
  5   |  1.0000
  6   |  1.1307
  7   |  1.2954
  8   |  1.2000
  9   |  1.2000
------+--------
                                               
 
 
 
 
 
                    STOCK SUMMARY                                             
 
 
 ³ Year ³  Recruits  ³  Total  ³ Spawning³ Landings ³ Yield ³ Mean F ³ SoP ³    
 ³      ³   Age   0  ³ Biomass ³ Biomass ³          ³ /SSB  ³  Ages  ³     ³ 
 ³      ³  thousands ³  tonnes ³ tonnes  ³ tonnes   ³ ratio ³  4- 7  ³ (%) ³ 
 
   1972       518360    337946    235404     70724   0.3004   0.2814   100
   1973       759880    333459    213324     53935   0.2528   0.2447   100
   1974       511720    364975    216098     44005   0.2036   0.2007    99
   1975       224330    389605    251060     45633   0.1818   0.2018   100
   1976       333670    386403    282719     49142   0.1738   0.1957   100
   1977       518360    379701    276816     64353   0.2325   0.2405    99
   1978       558810    384431    264754     66494   0.2512   0.2673   100
   1979       217550    379286    258733     44906   0.1736   0.1867    99
   1980       511720    370872    261707     84092   0.3213   0.3139   100
   1981       420770    354431    258145     48525   0.1880   0.1867   100
   1982       482810    343104    241348     73886   0.3061   0.2892   100
   1983       518350    350364    240349     70525   0.2934   0.2979    99
   1984       169010    359774    249243     63331   0.2541   0.2677    99
   1985       345810    350468    257094     80675   0.3138   0.3035   100
   1986       413190    313095    231737     71785   0.3098   0.2849   100
   1987       498760    287550    212463     45810   0.2156   0.1816   100
   1988       345820    309452    225443     42861   0.1901   0.1628    99
   1989       350870    338119    246227     57395   0.2331   0.2167    99
   1990       591600    311610    231271     63872   0.2762   0.2364    99
   1991       350930    345447    244583     71571   0.2926   0.2691    99
   1992       511820    369587    256931     81813   0.3184   0.3080    99
   1993       481420    361394    261576     50839   0.1944   0.1950    99
   1994       511810    369785    257735     85451   0.3315   0.3056    99
   1995       529070    387819    284376     46321   0.1629   0.1626   100
   1996       529020    397558    293015     59325   0.2025   0.1994   100
   1997       345890    418946    299703     73496   0.2452   0.2458   100
   1998       752440    390044    283093     90086   0.3182   0.3066    99
   1999       496940    408828    284952     71683   0.2516   0.2397   100
   2000       577260    417007    289267     85931   0.2971   0.2872   100
   2001       202580    441184    323846     59557   0.1839   0.1891   100
   2002       496940    433869    324879     90438   0.2784   0.2761   100
 
 -----------------------------------------------------------------            
 No of years for separable analysis : 11                                      
 Age range in the analysis : 0  . . . 9                                       
 Year range in the analysis : 1972  . . . 2002                                
 Number of indices of SSB : 1                                                 
 Number of age-structured indices : 1                                         
                                                                              
 Parameters to estimate : 46                                                  
 Number of observations : 150                                                 
                                                                              
 Conventional single selection vector model to be fitted.                     
                                                                              
                                                                              
                                                                              
 -----------------------------------------------------------------            
 
 
 PARAMETER ESTIMATES                                                            
  
 
 ³Parm.³      ³ Maximum ³    ³        ³         ³         ³         ³ Mean of ³ 
  
 ³ No. ³      ³ Likelh. ³ CV ³  Lower ³ Upper   ³  -s.e.  ³   +s.e. ³ Param.  ³ 
  
 ³     ³      ³ Estimate³ (%)³ 95% CL ³ 95% CL  ³         ³         ³ Distrib.³ 
  
 Separable model : F by year                                                    
  
    1   1992     0.2233   0    0.2233    0.2233    0.2233    0.2233    0.2233
    2   1993     0.1415   0    0.1415    0.1415    0.1415    0.1415    0.1415
    3   1994     0.2230   0    0.2230    0.2230    0.2230    0.2230    0.2230
    4   1995     0.1208   0    0.1208    0.1208    0.1208    0.1208    0.1208
    5   1996     0.1542   0    0.1542    0.1542    0.1542    0.1542    0.1542
    6   1997     0.2002   0    0.2002    0.2002    0.2002    0.2002    0.2002
    7   1998     0.2669   1    0.2618    0.2722    0.2643    0.2696    0.2670
    8   1999     0.2272 100    0.0320    1.6131    0.0836    0.6177    0.3746
    9   2000     0.3023   0    0.3022    0.3024    0.3022    0.3023    0.3023
   10   2001     0.2237   0    0.2237    0.2237    0.2237    0.2237    0.2237
   11   2002     0.3733   0    0.3733    0.3733    0.3733    0.3733    0.3733
 
 Separable Model: Selection (S) by age                                          
  
   12      0     0.0472   0    0.0472    0.0472    0.0472    0.0472    0.0472
   13      1     0.1600   0    0.1600    0.1600    0.1600    0.1600    0.1600
   14      2     0.3258   0    0.3258    0.3258    0.3258    0.3258    0.3258
   15      3     0.6076   0    0.6076    0.6076    0.6076    0.6076    0.6076
   16      4     0.8969   0    0.8969    0.8969    0.8969    0.8969    0.8969
           5     1.0000     Fixed : Reference Age             
   17      6     1.1237   0    1.1237    1.1237    1.1237    1.1237    1.1237
   18      7     1.1968   0    1.1968    1.1968    1.1968    1.1968    1.1968
           8     1.2000     Fixed : Last true age             
 
 Separable model: Populations in year 2002                                    
   19      0     252672   0     252672    252672    252672    252672    252672
   20      1      99694   0      99694     99694     99694     99694     99694
   21      2     263847   0     263847    263847    263847    263847    263847
   22      3     199945   0     199945    199945    199945    199945    199945
   23      4     245258   0     245258    245258    245258    245258    245258
   24      5      83136   0      83136     83136     83136     83136     83136
   25      6      90147   0      90147     90147     90147     90147     90147
   26      7      62820   0      62820     62820     62820     62820     62820
   27      8      41805   0      41805     41805     41805     41805     41805
 
Separable model: Populations at age
   28   1992      24009   0      24009     24009     24009     24009     24009
   29   1993      44852   0      44852     44852     44852     44852     44852
   30   1994      54287   0      54287     54287     54287     54287     54287
   31   1995      61096   0      61096     61096     61096     61096     61096
   32   1996      45521   0      45521     45521     45521     45521     45521
   33   1997      47987   0      47987     47987     47987     47987     47987
   34   1998      77687   0      77687     77687     77687     77687     77687
   35   1999      40577   0      40577     40577     40577     40577     40577
   36   2000      53831   0      53831     53831     53831     53831     53831
   37   2001      42277   0      42277     42277     42277     42277     42277
 
 SSB Index catchabilities                                                       
  
   INDEX                                 
 Absolute estimator. No fitted catchability.                                    
  
 
 
 
 Age-structured index catchabilities                                            
  
                                        FLT01: Dummy survey                     
 
 Linear model fitted. Slopes at age :                                           
  
   38   1  Q  .1954       0 .1954     .1954     .1954     .1954     .1954    
   39   2  Q  1.292       0 1.292     1.292     1.292     1.292     1.292    
   40   3  Q  2.045       0 2.045     2.045     2.045     2.045     2.045    
   41   4  Q  1.087       0 1.087     1.087     1.087     1.087     1.087    
   42   5  Q  1.100       0 1.100     1.100     1.100     1.100     1.100    
   43   6  Q  1.187       0 1.187     1.187     1.187     1.187     1.187    
   44   7  Q  1.438       0 1.438     1.438     1.438     1.438     1.438    
   45   8  Q  2.427       0 2.427     2.427     2.427     2.427     2.427    
   46   9  Q  .8091       0 .8091     .8091     .8091     .8091     .8091    
 
 
 
 RESIDUALS ABOUT THE MODEL FIT                                                  
  
 ------------------------------
 
        Separable Model Residuals
        -------------------------
------+----------------------------------------------------------------------------------------
Age   |    1992    1993    1994    1995    1996    1997    1998    1999    2000    2001    2002
------+----------------------------------------------------------------------------------------
  0   | ******* ******* ******* ******* ******* ******* .000665 .000081 .000215 .000528 *******
  1   | ******* ******* ******* ******* ******* ******* ******* .000678 .000342 .000328 *******
  2   | ******* ******* ******* ******* ******* ******* ******* ******* .000971 .000485 *******
  3   | ******* ******* ******* ******* ******* ******* ******* ******* .000257 .001093 *******
  4   | ******* ******* .000130 ******* ******* .000046 .000005 ******* .000208 .000387 .000555
  5   | ******* ******* .000067 .000097 ******* ******* .000085 ******* .000058 .000228 *******
  6   | .000107 .000047 .000253 .000193 .000268 .000058 .000100 .000220 .000331 .000220 *******
  7   | .000157 .000175 .000133 .000201 .000199 .000279 .000061 .000048 .000372 .000298 *******
  8   | .000454 .000036 .000085 ******* .000019 .000026 .000103 ******* .000020 .000139 *******
------+----------------------------------------------------------------------------------------
                                               
 
 
 
 SPAWNING BIOMASS INDEX RESIDUALS                                               
  
 ---------------------------------
 
          INDEX
        -------
------+------------------------------------------------------------------------------------------------------------------------
      |    1972    1973    1974    1975    1976    1977    1978    1979    1980    1981    1982    1983    1984    1985    1986
------+------------------------------------------------------------------------------------------------------------------------
  1   | ******* ******* ******* ******* ******* ******* ******* ******* ******* ******* ******* ******* ******* ******* *******
------+------------------------------------------------------------------------------------------------------------------------
                                               
 
 
          INDEX
        -------
------+------------------------------------------------------------------------------------------------------------------------
      |    1987    1988    1989    1990    1991    1992    1993    1994    1995    1996    1997    1998    1999    2000    2001
------+------------------------------------------------------------------------------------------------------------------------
  1   | ******* ******* ******* ******* ******* ******* ******* ******* ******* ******* ******* ******* ******* ******* *******
------+------------------------------------------------------------------------------------------------------------------------
                                               
 
 
          INDEX
        -------
------+--------
      |    2002
------+--------
  1   | *******
------+--------
                                               
 
 
 
 AGE-STRUCTURED INDEX RESIDUALS                                                 
  
 -------------------------------
 
        FLT01: Dummy survey
        -------------------
------+--------------------------------
Age   |    1981    1982    1983    1984
------+--------------------------------
  1   |   1.171   1.099  -0.573  -1.697
  2   |   0.985  -0.016   0.681  -1.650
  3   |  -0.976   0.741  -0.180   0.416
  4   |  -1.910  -0.223   1.513   0.620
  5   |   0.589  -1.809  -0.175   1.396
  6   |   1.183   0.651  -1.653  -0.181
  7   |   0.103   1.027   0.525  -1.655
  8   |  -0.259  -0.174   0.548  -0.114
  9   |  -0.199   0.406  -0.151  -0.026
------+--------------------------------
                                               
 
 
 
 
 
 
 PARAMETERS OF THE DISTRIBUTION OF ln(CATCHES AT AGE)                           
  
 -----------------------------------------------------
 
 Separable model fitted from 1992  to 2002                                    
 Variance                             0.0000
Skewness test stat.                   6.0090
Kurtosis test statistic               7.2695
Partial chi-square                    0.0000
Significance in fit                   0.0000
Degrees of freedom                        62
 
 
 PARAMETERS OF DISTRIBUTIONS OF THE SSB INDICES                                 
  
 -----------------------------------------------
 
 
   DISTRIBUTION STATISTICS FOR   INDEX                                          
 
 
 Index used as absolute measure of abundance                                    
  
 Last age is a plus-group                                                       
  
 
 Variance                             0.0000
Skewness test stat.                  -2.1665
Kurtosis test statistic              -0.5770
Partial chi-square                    0.0000
Significance in fit                   0.0000
Number of observations                    15
Degrees of freedom                        15
Weight in the analysis                5.0000
 
 PARAMETERS OF THE DISTRIBUTION OF THE AGE-STRUCTURED INDICES                   
  
 ------------------------------------------------------------ 
 
 
   DISTRIBUTION STATISTICS FOR FLT01: Dummy survey                              
 
 
 Linear catchability relationship assumed                                       
  
 
 Age                          1         2         3         4         5         6         7         8         9
 Variance                0.0021    0.0015    0.0006    0.0024    0.0021    0.0017    0.0015    0.0002    0.0001
Skewness test stat.     -0.2511   -0.6202   -0.3353   -0.3332   -0.3704   -0.4310   -0.6544    0.8703    0.8334
Kurtosis test statisti  -0.6523   -0.4151   -0.5296   -0.4725   -0.4625   -0.4796   -0.3724   -0.2984   -0.3053
Partial chi-square       0.0006    0.0004    0.0001    0.0006    0.0005    0.0005    0.0004    0.0000    0.0000
Significance in fit      0.0000    0.0000    0.0000    0.0000    0.0000    0.0000    0.0000    0.0000    0.0000
Number of observations        4         4         4         4         4         4         4         4         4
Degrees of freedom            3         3         3         3         3         3         3         3         3
Weight in the analysis   0.0011    0.0011    0.0011    0.0011    0.0011    0.0011    0.0011    0.0011    0.0011
 
 ANALYSIS OF VARIANCE                   
--------------------------
 
 Unweighted Statistics                                                          
  
 
                                                                                
  
Variance                              
                                       SSQ     Data    Parameters d.f. Variance
Total for model                        32.9272     150         46  104   0.3166
Catches at age                          0.0000      99         37   62   0.0000
  
SSB Indices                           
  INDEX                                 0.0000      15          0   15   0.0000
  
 Aged Indices                                                                   
  
FLT01: Dummy survey                    32.9272      36          9   27   1.2195
 
 
 Weighted Statistics                                                            
  
 
                                                                                
  
Variance                              
                                       SSQ     Data    Parameters d.f. Variance
Total for model                         0.0001     150         46  104   0.0000
Catches at age                          0.0000      99         37   62   0.0000
  
SSB Indices                           
  INDEX                                 0.0000      15          0   15   0.0000
  
 Aged Indices                                                                   
  
FLT01: Dummy survey                     0.0000      36          9   27   0.0000
 
