 ICA v1_3 TUNING DIAGNOSTICS FILE
   1       1
 F         SSQ
  0.05  25.97318198      22.24074214      3.732439842    
  0.10  13.14739122      9.443341865      3.704049358    
  0.15  8.198538538      4.507698502      3.690840037    
  0.20  5.929659387      2.246313142      3.683346245    
  0.25  4.844697404      1.166051284      3.678646120    
  0.30  4.347963208     0.6724468527      3.675516355    
  0.35  4.164730023     0.4913778953      3.673352127    
  0.40  4.156326678     0.4845083298      3.671818348    
  0.45  4.248200353     0.5774858560      3.670714497    
  0.50  4.398331349     0.7284174709      3.669913878    
  0.55  4.582129221     0.9127970985      3.669332123    
  0.60  4.784831023      1.115918796      3.668912227    
  0.65  4.997361178      1.328747128      3.668614050    
  0.70  5.214065027      1.545656210      3.668408817    
  0.75  5.431402255      1.763126746      3.668275509    
  0.80  5.647151957      1.978953442      3.668198515    
  0.85  5.859946224      2.191780157      3.668166067    
  0.90  6.068969936      2.400800759      3.668169177    
  0.95  6.273779935      2.605579045      3.668200890    
  1.00  6.474171014      2.805915253      3.668255761    
