 Initial value of the OBJECTIVE function =      67.0924
 Amoeba restart #     1, Objective function =     -28.6436
 Amoeba restart #     2, Objective function =     -31.2921
 Amoeba restart #     3, Objective function =     -31.4238
 Amoeba restart #     4, Objective function =     -31.4867
 Amoeba restart #     5, Objective function =     -31.4929
 Amoeba restart #     6, Objective function =     -31.5175
 Amoeba restart #     7, Objective function =     -31.5193
 Amoeba restart #     8, Objective function =     -31.5193
 Amoeba restart #     9, Objective function =     -31.5200


 FIRST DERIVATIVE TEST
==============================================      
             -h       central        +h     
         ----------  ----------  ---------- 
    1 : -0.4956D+05 -0.4455D+05  0.4522D+03
    2 : -0.2644D+01 -0.1448D+00  0.2294D+01
    3 : -0.2711D+01 -0.2750D+00  0.2096D+01
    4 : -0.1095D+01  0.4328D-01  0.1135D+01
    5 : -0.4975D+01  0.1938D+01  0.8693D+01
    6 : -0.8164D+01  0.3133D+01  0.1537D+02
    7 : -0.1191D+01  0.2648D-01  0.1246D+01
    8 : -0.1635D+01 -0.4118D+00  0.7907D+00
    9 : -0.1793D+02 -0.2094D+01  0.1394D+02
   10 : -0.5579D+01 -0.1660D+00  0.5035D+01


 HESSIAN MATRIX
=========================================================================================================================================      
              1            2            3            4            5            6            7            8            9           10
    1 :   0.1000D+10
    2 :  -0.5671D+04   0.1255D+04
    3 :   0.1467D-07  -0.4543D+03   0.3970D+04
    4 :   0.0000D+00  -0.1698D+02  -0.6980D+03   0.9045D+03
    5 :   0.3524D+04  -0.1780D+04  -0.5717D+01  -0.4492D+03   0.6928D+04
    6 :   0.0000D+00   0.5736D+02   0.7374D+01   0.6924D+01  -0.2123D+04   0.2374D+05
    7 :   0.0000D+00  -0.1571D+02  -0.9653D+01  -0.2379D+01  -0.1529D+01  -0.5918D+03   0.1086D+04
    8 :   0.0000D+00  -0.1856D+02  -0.7055D+01  -0.1581D+01   0.6306D+01   0.2343D+02  -0.4172D+03   0.9995D+03
    9 :   0.0000D+00   0.3327D+03  -0.4918D+02  -0.9023D+01  -0.1831D+04  -0.1247D+05   0.1200D+03  -0.6467D+03   0.4015D+05
   10 :   0.0000D+00  -0.1994D+02  -0.2112D+03  -0.3657D+02   0.6341D+01   0.3320D+02   0.1065D+02   0.2956D+02  -0.3168D+02   0.8365D+03
 
 
 CORRELATION MATRIX OF PARAMETERS
==========================================================  
          1    2    3    4    5    6    7    8    9   10
    1 :  1.0
    2 :  0.0  1.0
    3 :  0.0  0.2  1.0
    4 :  0.0  0.1  0.4  1.0
    5 :  0.0  0.6  0.1  0.2  1.0
    6 :  0.0  0.1  0.0  0.0  0.2  1.0
    7 :  0.0  0.0  0.0  0.0  0.0  0.1  1.0
    8 :  0.0  0.0  0.0  0.0  0.0  0.0  0.4  1.0
    9 :  0.0  0.1  0.0  0.0  0.2  0.4  0.0  0.1  1.0
   10 :  0.0  0.0  0.1  0.0  0.0  0.0  0.0  0.0  0.0  1.0
 
 
 COVARIANCE MATRIX OF PARAMETERS
=========================================================================================================================================      
              1            2            3            4            5            6            7            8            9           10
    1 :   0.9999D-09
    2 :   0.4518D-08   0.7967D-03
    3 :   0.5171D-09   0.9119D-04   0.2519D-03
    4 :   0.4839D-09   0.8533D-04   0.1944D-03   0.1106D-02
    5 :   0.6842D-09   0.2103D-03   0.1281D-04   0.7169D-04   0.1443D-03
    6 :   0.4996D-10   0.1683D-04   0.1011D-05   0.6088D-05   0.1291D-04   0.4213D-04
    7 :   0.9917D-10   0.2198D-04   0.3233D-05   0.5839D-05   0.7236D-05   0.2295D-04   0.9205D-03
    8 :   0.1242D-09   0.2303D-04   0.3331D-05   0.3591D-05   0.1807D-05   0.8592D-05   0.3842D-03   0.1000D-02
    9 :   0.1173D-10   0.8657D-05   0.1295D-05   0.5450D-05   0.1060D-04   0.1316D-04   0.3438D-05   0.1612D-04   0.2491D-04
   10 :   0.2470D-09   0.4271D-04   0.7185D-04   0.4755D-04  -0.1361D-05  -0.1770D-05  -0.2516D-04  -0.3474D-04   0.9434D-06   0.1195D-02
 
 
 DETERMINISTIC RUN COMPLETED
 BOOTSTRAP RUNS COMPLETED 
