 ICA v1_3 TUNING DIAGNOSTICS FILE
   1       1
 F         SSQ
  0.05  18.78237018      16.98665132      1.795718854    
  0.10  8.244280053      6.472415797      1.771864256    
  0.15  4.516147302      2.756299122      1.759848180    
  0.20  3.017479474      1.264780599      1.752698875    
  0.25  2.461247011     0.7131754721      1.748071539    
  0.30  2.348947764     0.6040298624      1.744917902    
  0.35  2.458026518     0.7153315239      1.742694994    
  0.40  2.680345893     0.9392525878      1.741093305    
  0.45  2.960238021      1.220315735      1.739922286    
  0.50  3.267917523      1.528858129      1.739059394    
  0.55  3.587041920      1.848619816      1.738422104    
  0.60  3.908538972      2.170585781      1.737953191    
  0.65  4.227411956      2.489799995      1.737611961    
  0.70  4.541012106      2.803643244      1.737368862    
  0.75  4.848063298      3.110861252      1.737202046    
  0.80  5.148082578      3.410987477      1.737095101    
  0.85  5.441114216      3.704078688      1.737035528    
  0.90  5.727506910      3.990493226      1.737013683    
  0.95  6.007765002      4.270742963      1.737022039    
  1.00  6.282590314      4.545535663      1.737054651    
