 Initial value of the OBJECTIVE function =     174.2615
 Amoeba restart #     1, Objective function =      -0.3045
 Amoeba restart #     2, Objective function =      -1.2276
 Amoeba restart #     3, Objective function =      -1.4884
 Amoeba restart #     4, Objective function =      -2.7128
 Amoeba restart #     5, Objective function =      -7.8447
 Amoeba restart #     6, Objective function =      -7.9567
 Amoeba restart #     7, Objective function =      -8.4166
 Amoeba restart #     8, Objective function =      -8.4674
 Amoeba restart #     9, Objective function =      -8.8672
 Amoeba restart #    10, Objective function =     -11.9482
 Amoeba restart #    11, Objective function =     -13.2569
 Amoeba restart #    12, Objective function =     -14.6265
 Amoeba restart #    13, Objective function =     -14.6280
 Amoeba restart #    14, Objective function =     -14.6349
 Amoeba restart #    15, Objective function =     -14.6449
 Amoeba restart #    16, Objective function =     -14.7051
 Amoeba restart #    17, Objective function =     -15.2125
 Amoeba restart #    18, Objective function =     -15.2139
 Amoeba restart #    19, Objective function =     -15.2263
 Amoeba restart #    20, Objective function =     -15.2263
 Amoeba restart #    21, Objective function =     -15.2263


FIRST DERIVATIVE TEST
==============================================      
             -h       central        +h     
         ----------  ----------  ---------- 
    1 :  0.4965D+00  0.1073D+01  0.1634D+01
    2 : -0.1944D+01 -0.1494D+01 -0.1057D+01
    3 :  0.3180D+00  0.6067D+00  0.8853D+00
    4 : -0.3871D+00 -0.1534D+00  0.7276D-01
    5 :  0.3619D+00  0.5117D+00  0.6386D+00
    6 :  0.6784D-01  0.1142D+01  0.2192D+01
    7 : -0.2045D+01  0.1525D+00  0.2298D+01
    8 :  0.1134D+01  0.3342D+01  0.5493D+01
    9 : -0.4810D+01 -0.2426D+01 -0.1029D+00
   10 : -0.2386D+01  0.4095D-01  0.2414D+01
   11 : -0.7297D+01 -0.4725D+01 -0.2217D+01
   12 : -0.1322D+01  0.1172D+01  0.3609D+01
   13 : -0.3259D+01 -0.7133D+00  0.1766D+01
   14 : -0.3188D+00  0.2187D+01  0.4638D+01
   15 : -0.3454D+01 -0.9380D+00  0.1518D+01
   16 : -0.3626D+01 -0.1220D+01  0.1147D+01
   17 :  0.4110D+00  0.2611D+01  0.4767D+01
   18 : -0.2886D+01 -0.7669D+00  0.1302D+01
   19 : -0.2100D+01 -0.3495D-01  0.1987D+01
   20 :  0.2265D+01  0.4338D+01  0.6371D+01
   21 : -0.1097D+01  0.1241D+01  0.3517D+01
   22 :  0.7799D+00  0.3301D+01  0.5771D+01
   23 : -0.2133D+01  0.6364D+00  0.3338D+01
   24 :  0.1980D+00  0.3092D+01  0.5888D+01
   25 :  0.1617D+01  0.4544D+01  0.7407D+01
   26 : -0.2115D+01  0.8896D+00  0.3837D+01
   27 : -0.8867D+00  0.2179D+01  0.5192D+01
   28 : -0.1940D+01  0.1218D+01  0.4290D+01
   29 : -0.7091D+01 -0.3751D+01 -0.5117D+00
   30 : -0.1569D+01  0.1652D+01  0.4798D+01
   31 : -0.2924D+01  0.8297D-01  0.3037D+01
   32 : -0.4301D+00  0.2285D+01  0.4932D+01
   33 :  0.2901D+01  0.5288D+01  0.7617D+01
   34 : -0.3045D+01 -0.8369D+00  0.1330D+01
   35 : -0.1367D+01  0.6772D+00  0.2665D+01
   36 : -0.4583D+01 -0.2590D+01 -0.6549D+00
   37 : -0.9781D+00  0.8574D+00  0.2679D+01
   38 : -0.2748D+01 -0.1007D+01  0.7184D+00
   39 : -0.3571D+01 -0.1971D+01 -0.3898D+00
   40 : -0.4182D+01 -0.2698D+01 -0.1259D+01
   41 :  0.1244D+01  0.2639D+01  0.4010D+01
   42 : -0.5375D+01 -0.4426D+01 -0.3536D+01
   43 : -0.1103D+02 -0.2270D+01  0.6152D+01


HESSIAN MATRIX
===========================================================================================================================================================================================================================================================================      
              1            2            3            4            5            6            7            8            9           10           11           12           13           14           15           16           17           18           19           20
    1 :   0.5306D+03
    2 :  -0.1678D+03   0.1896D+03
    3 :   0.1051D+01  -0.3679D+01   0.1066D+03
    4 :   0.4880D+00   0.6700D+01   0.1933D+02   0.6374D+02
    5 :  -0.9459D+00  -0.1903D+01  -0.6555D+00   0.9784D+01   0.2164D+02
    6 :  -0.1347D-03   0.6369D-02   0.4169D-01   0.1404D+00   0.1362D+00   0.4542D+03
    7 :   0.2863D-02   0.5030D-01   0.1620D+00   0.2187D+00   0.4984D+00  -0.4629D+03   0.9406D+03
    8 :   0.4995D-02   0.6869D-01   0.1266D+00   0.1775D+00   0.1500D+00  -0.2303D+01  -0.4757D+03   0.9565D+03
    9 :   0.3071D-02   0.7524D-01  -0.1002D-02  -0.4445D+00  -0.4480D+00  -0.3859D+01  -0.5549D+01  -0.4936D+03   0.1072D+04
   10 :   0.6979D-02  -0.8366D-01  -0.4045D+00  -0.6977D+00  -0.1032D+01  -0.3527D+01  -0.5766D+01   0.2134D+01  -0.5153D+03   0.1123D+04
   11 :  -0.1136D-01  -0.2226D+00  -0.6026D+00  -0.1302D+01  -0.1582D+01  -0.3047D+01  -0.5709D+01  -0.1081D+01   0.1066D+02  -0.5369D+03   0.1229D+04
   12 :  -0.1330D-01  -0.2511D+00  -0.7952D+00  -0.1188D+01  -0.1268D+01  -0.2265D+01  -0.4395D+01  -0.1503D+01   0.7611D+01   0.1532D+02  -0.5568D+03   0.1199D+04
   13 :  -0.2624D-01  -0.3693D+00  -0.9185D+00  -0.1588D+01  -0.2038D+01  -0.1774D+01  -0.3772D+01  -0.1423D+01   0.5933D+01   0.1092D+02   0.1744D+02  -0.5639D+03   0.1236D+04
   14 :  -0.4883D-01  -0.4518D+00  -0.1307D+01  -0.1856D+01  -0.2574D+01  -0.1398D+01  -0.3206D+01  -0.2418D+01   0.3365D+01   0.8247D+01   0.1274D+02   0.1715D+02  -0.5722D+03   0.1209D+04
   15 :  -0.2464D-01  -0.4471D+00  -0.1299D+01  -0.1949D+01  -0.2546D+01  -0.9097D+00  -0.2881D+01  -0.8252D-01   0.2091D+01   0.4550D+01   0.7605D+01   0.9843D+01   0.1390D+02  -0.5678D+03   0.1197D+04
   16 :  -0.3313D-01  -0.5345D+00  -0.1454D+01  -0.2204D+01  -0.2415D+01  -0.1248D+00  -0.1690D+01  -0.1579D+01  -0.1316D+01   0.2506D+01   0.4010D+01   0.3115D+01   0.4777D+01   0.9613D+01  -0.5474D+03   0.1116D+04
   17 :  -0.3154D-01  -0.3895D+00  -0.1297D+01  -0.1492D+01  -0.2079D+01   0.2848D-01  -0.9227D+00  -0.5978D+00  -0.1462D+01   0.6722D+00   0.6934D+00   0.2044D+01   0.2082D+01   0.4498D+01   0.6609D+01  -0.4940D+03   0.9445D+03
   18 :  -0.3726D-02  -0.2822D+00  -0.5902D+00  -0.1520D+01  -0.1605D+01   0.7879D-01  -0.3676D+00   0.1604D-01  -0.4170D+00  -0.8956D+00  -0.3933D-01   0.1660D+01   0.1597D+01   0.3036D+01   0.3241D+01   0.5638D+01  -0.4361D+03   0.8642D+03
   19 :  -0.9899D-02  -0.7644D-01  -0.4158D+00  -0.1119D+01  -0.1204D+01   0.7119D-01   0.2468D+00  -0.5049D+00   0.1375D+00   0.1068D+01  -0.3858D+00   0.3167D+00  -0.1157D+01   0.1007D+01  -0.1506D+00   0.3576D+01   0.3326D+01  -0.4039D+03   0.8283D+03
   20 :  -0.2885D-01  -0.2960D+00  -0.8142D+00  -0.1683D+01  -0.1732D+01   0.2135D+00  -0.1113D+00  -0.6532D+00  -0.1083D+01   0.3169D+00   0.2667D+00  -0.1123D+01  -0.2087D-01  -0.9866D+00  -0.6154D+00   0.2439D+01   0.3941D+01   0.7587D+01  -0.4006D+03   0.8412D+03


              1            2            3            4            5            6            7            8            9           10           11           12           13           14           15           16           17           18           19           20
      21           22           23           24           25           26           27           28           29           30           31           32           33           34           35           36           37           38           39           40
   21 :  -0.5728D-01  -0.3380D+00  -0.1130D+01  -0.1826D+01  -0.3857D+01   0.1516D+00   0.1455D+00  -0.4671D+00  -0.9714D+00  -0.9758D+00  -0.7700D+00  -0.2294D+01  -0.1933D+01  -0.1312D+01   0.1108D+01   0.2287D+01   0.2628D+01   0.7037D+01   0.9861D+01  -0.4467D+03
   22 :  -0.5623D-01  -0.5915D+00  -0.1192D+01  -0.1751D+01  -0.6590D+01   0.1907D+00   0.1821D+00  -0.3129D+00  -0.1494D+01  -0.8888D+00  -0.6365D+00  -0.2259D+01  -0.2646D+01  -0.1777D+01  -0.3246D+01   0.3701D+01   0.8950D+00  -0.2365D+01   0.2515D+01   0.1195D+02
   23 :  -0.4919D-01  -0.4049D+00  -0.1342D+01  -0.3465D+01  -0.6292D+01   0.3202D+00   0.3563D+00  -0.3663D+00   0.8657D+00  -0.2139D+01  -0.1602D+01  -0.3618D+01  -0.1298D+01  -0.2509D+01  -0.2072D+01  -0.9927D+00  -0.2446D+00  -0.2099D+01   0.3010D+01   0.3048D+01
   24 :  -0.7741D-01  -0.5564D+00  -0.2524D+01  -0.4163D+01  -0.8900D+01   0.3817D+00   0.3611D+00  -0.2129D+00   0.9487D+00  -0.2309D+01  -0.3447D+01  -0.2704D+01  -0.4022D+01  -0.1953D+01  -0.3714D+01  -0.3064D+01  -0.7577D+00  -0.5240D+00   0.1442D+01  -0.4218D+00
   25 :  -0.9782D-01  -0.1173D+01  -0.2951D+01  -0.5583D+01  -0.7635D+01   0.1691D+00   0.6050D+00  -0.6197D-01  -0.8362D-01  -0.4766D+00  -0.1246D+01  -0.4415D+01  -0.5047D+01  -0.5352D+01  -0.3559D+01  -0.3027D+01  -0.2548D+01  -0.1872D+01   0.7952D+00   0.6101D+00
   26 :  -0.1070D+00  -0.1214D+01  -0.4169D+01  -0.5472D+01  -0.8486D+01   0.3305D+00   0.2865D+00  -0.5090D-01  -0.4933D+00  -0.7707D-01  -0.2280D+01  -0.3591D+01  -0.3584D+01  -0.2535D+01  -0.3176D+01  -0.5444D+01  -0.5487D+01  -0.5333D+01  -0.2204D-01   0.1283D+01
   27 :  -0.2034D+00  -0.1389D+01  -0.4710D+01  -0.6656D+01  -0.9593D+01   0.2471D+00   0.7079D+00  -0.2147D+00   0.5131D+00  -0.1201D+01  -0.3587D+01  -0.1642D+01  -0.2457D+01  -0.2197D+01  -0.3119D+01  -0.1817D+01  -0.2560D+01  -0.1889D+01  -0.1613D+01  -0.5224D+01
   28 :  -0.2529D+00  -0.2286D+01  -0.5593D+01  -0.6461D+01  -0.9280D+01   0.3069D+00   0.6445D+00   0.1787D+00   0.8854D+00  -0.2313D+01  -0.3591D+01  -0.1531D+01  -0.1381D+01  -0.4092D+01  -0.2306D+01  -0.6393D+01  -0.3317D+01  -0.1729D+01  -0.8588D+00  -0.4923D+01
   29 :  -0.3566D+00  -0.2740D+01  -0.7329D+01  -0.8440D+01  -0.1219D+02   0.3520D+00   0.7855D+00   0.3712D+00   0.7535D+00  -0.2602D+01  -0.4085D+01  -0.2200D+01  -0.5562D+01  -0.2786D+01  -0.4869D+01  -0.8810D+01  -0.2240D+01  -0.3301D+01  -0.4877D+01   0.4389D+00
   30 :  -0.1455D+00  -0.1983D+01  -0.5662D+01  -0.6546D+01  -0.9158D+01   0.3074D+00   0.6485D+00   0.3854D+00   0.9953D+00  -0.1791D+01  -0.4148D+01   0.5461D+00  -0.4851D+01  -0.3073D+01  -0.3656D+01  -0.8977D+01  -0.2335D+01  -0.3158D+01  -0.1266D+00  -0.4906D+01
   31 :  -0.1206D+00  -0.1440D+01  -0.4667D+01  -0.7496D+01  -0.9197D+01   0.2466D+00   0.7276D+00  -0.1111D+01   0.1032D+01  -0.1366D+01  -0.3684D+01  -0.4691D+00  -0.3592D+01  -0.1082D+01  -0.2820D+01  -0.5386D+01  -0.4218D+00  -0.9919D+00  -0.3283D+01  -0.2562D+01
   32 :  -0.2635D+00  -0.1402D+01  -0.4299D+01  -0.6887D+01  -0.9982D+01   0.2778D+00   0.5720D+00  -0.9776D+00   0.1012D+01  -0.1412D+01  -0.3235D+01  -0.4948D+00  -0.2619D+01  -0.2838D+01  -0.8739D+00  -0.2524D+01  -0.1951D+01  -0.1309D+00  -0.3828D+01  -0.1680D+01
   33 :  -0.4479D+00  -0.1146D+01  -0.4005D+01  -0.7130D+01  -0.7870D+01   0.1769D+00   0.6928D+00   0.1121D+00   0.8441D+00  -0.1202D+01  -0.2921D+01  -0.3509D+00  -0.2273D+01  -0.1868D+01  -0.1635D+01  -0.2189D+01  -0.2854D+01  -0.2054D+01  -0.2366D+01  -0.2179D+01
   34 :  -0.4889D+00  -0.1640D+01  -0.3527D+01  -0.5251D+01  -0.7281D+01   0.1691D+00   0.4485D+00   0.1735D+00   0.2221D+00  -0.8496D+00  -0.2601D+01   0.4393D+00  -0.1908D+01  -0.2523D+01  -0.1959D+01  -0.2294D+01  -0.2404D+01   0.4809D-01  -0.7424D+00  -0.5925D+00
   35 :  -0.6304D+00  -0.1354D+01  -0.4295D+01  -0.5436D+01  -0.5930D+01   0.1713D+00   0.4825D+00   0.5995D-01   0.1544D+00  -0.1011D+01  -0.1721D+01   0.3166D+00  -0.1814D+01  -0.3026D+01  -0.1841D+01  -0.2705D+01  -0.2042D+01  -0.1483D+01  -0.1527D+01   0.7017D+00
   36 :  -0.8178D+00  -0.2055D+01  -0.4021D+01  -0.5314D+01  -0.5092D+01   0.2238D+00   0.4402D+00   0.7367D-01   0.8654D-01  -0.9583D+00  -0.1554D+01   0.3774D+00  -0.1767D+01  -0.2394D+01  -0.1790D+01  -0.2763D+01  -0.1969D+01  -0.7774D+00  -0.1572D+01   0.1084D+00
   37 :  -0.8129D+00  -0.1791D+01  -0.4041D+01  -0.5060D+01  -0.5560D+01   0.1417D+00   0.4612D+00   0.6812D-01   0.1222D+00  -0.8985D+00  -0.1559D+01   0.3275D+00  -0.1637D+01  -0.2259D+01  -0.2768D+01  -0.2078D+01  -0.1697D+01  -0.5477D+00  -0.1529D+01  -0.6027D+00
   38 :  -0.8480D+00  -0.2714D+01  -0.4297D+01  -0.5164D+01  -0.4256D+01   0.1845D+00   0.4336D+00   0.3397D-01   0.4992D-01  -0.1002D+01  -0.1578D+01   0.7046D-01  -0.1783D+01  -0.2403D+01  -0.2898D+01  -0.1265D+01  -0.1916D+01  -0.7313D+00  -0.2559D+01  -0.1638D+01
   39 :  -0.6866D+00  -0.1700D+01  -0.2949D+01  -0.3920D+01   0.2204D+00   0.1713D+00   0.3111D+00   0.8113D-01  -0.3182D+00  -0.7417D+00  -0.1123D+01  -0.2665D+00  -0.1399D+01  -0.1802D+01  -0.1801D+01  -0.1776D+01  -0.8789D+00  -0.5117D+00  -0.6890D+00  -0.1473D+01
   40 :  -0.4823D+00  -0.1262D+01  -0.2341D+01  -0.3317D+01   0.2383D+01   0.7867D-01   0.3039D+00   0.7793D-01  -0.2429D+00  -0.4869D+00  -0.9253D+00  -0.9094D-01  -0.1060D+01  -0.1372D+01  -0.1368D+01  -0.1605D+01  -0.6735D+00  -0.1100D+00  -0.1067D+00  -0.7079D+00

             21           22           23           24           25           26           27           28           29           30           31           32           33           34           35           36           37           38           39           40
   21 :   0.1040D+04
   22 :  -0.5356D+03   0.1212D+04
   23 :   0.1467D+02  -0.6206D+03   0.1437D+04
   24 :   0.7048D+01   0.2583D+02  -0.6836D+03   0.1571D+04
   25 :   0.2356D+01   0.9496D+01   0.2095D+02  -0.7155D+03   0.1614D+04
   26 :  -0.4853D+01   0.4561D+01   0.1021D+02   0.2729D+02  -0.7253D+03   0.1684D+04
   27 :   0.1200D+01   0.1465D+01   0.1286D+02   0.7408D+00   0.3474D+02  -0.7601D+03   0.1776D+04
   28 :  -0.3340D+01   0.8930D+01  -0.5374D+01   0.6043D+01   0.2083D+02   0.3492D+02  -0.8185D+03   0.1872D+04
   29 :   0.1475D+01   0.9085D-01  -0.8954D+00   0.6170D+01   0.1360D+02   0.2075D+02   0.4048D+02  -0.8828D+03   0.2068D+04
   30 :  -0.7170D+01  -0.1582D+01  -0.3379D+01   0.4379D+01   0.2284D+02   0.5263D+01   0.1379D+02   0.2290D+02  -0.8991D+03   0.1948D+04
   31 :  -0.4602D+01  -0.7525D+01   0.1246D+00  -0.4806D+01   0.2120D+01   0.9584D+01  -0.2398D+01   0.1677D+02   0.3089D+02  -0.8546D+03   0.1746D+04
   32 :  -0.8842D+01  -0.6814D+01  -0.1068D+02  -0.6487D+01  -0.8163D+00   0.3248D+01   0.4309D+01   0.7539D+00   0.1678D+02   0.8711D+01  -0.7185D+03   0.1392D+04
   33 :  -0.6037D+01  -0.3836D+01  -0.1186D+02  -0.8383D+01  -0.1153D+02  -0.1125D+02  -0.1518D+02   0.1630D+01   0.6475D+01  -0.5778D+01   0.1603D+02  -0.5724D+03   0.1105D+04
   34 :  -0.3657D+01  -0.8777D+01  -0.5234D+01  -0.6960D+01  -0.5650D+01  -0.8312D+01  -0.1308D+02   0.5210D+01   0.8435D+00  -0.4934D+01  -0.3738D+01   0.1445D+02  -0.4639D+03   0.9187D+03
   35 :  -0.1621D+01  -0.4213D+01  -0.5176D+01  -0.3811D+01  -0.5164D+01  -0.7893D+01  -0.8329D+01   0.2939D+00  -0.4653D+01  -0.2408D+01  -0.6350D+01   0.3930D+01   0.7943D+01  -0.3854D+03   0.7843D+03
   36 :  -0.2190D+01  -0.5322D+01  -0.7500D+01  -0.3162D+01  -0.6749D+01  -0.4491D+01  -0.6692D+00  -0.3992D+00  -0.1282D+02  -0.1190D+02  -0.6910D+01  -0.6853D+01   0.2080D+01   0.1288D+02  -0.3472D+03   0.7380D+03
   37 :  -0.1915D+01  -0.4187D+01  -0.1040D+01   0.9451D+00  -0.4265D+01  -0.1926D+01  -0.4269D+01  -0.7173D+01  -0.7427D+01  -0.7346D+01  -0.6551D+01  -0.8491D+01   0.3979D+01   0.5358D+01   0.7103D+01  -0.3175D+03   0.6745D+03
   38 :  -0.3437D+01  -0.8102D+01  -0.6070D+01  -0.5595D+01  -0.8965D+01  -0.3746D+01  -0.8192D+01  -0.3735D+01  -0.8260D+01  -0.1137D+02  -0.8935D+01  -0.9664D+01  -0.1445D+01  -0.1270D+01   0.1575D+01   0.7225D+01  -0.2859D+03   0.5897D+03
   39 :  -0.2975D+01  -0.7145D+01  -0.7571D+01  -0.3965D+01  -0.6770D+01  -0.7398D+01  -0.6549D+01  -0.7947D+00  -0.1122D+02  -0.1609D+01  -0.6163D+01  -0.7868D+01  -0.1017D+01  -0.5844D+01  -0.1085D+01  -0.1602D+01   0.1076D+01  -0.2408D+03   0.4890D+03
   40 :  -0.1265D+01  -0.4155D+01  -0.2482D+01  -0.4208D+01  -0.3989D+01  -0.5779D+01  -0.3956D+01  -0.2894D+01  -0.8329D+01  -0.3036D+01  -0.2270D+01  -0.5626D+01  -0.2567D+01  -0.4561D+01   0.1134D+01  -0.2613D+00  -0.2733D+01   0.3733D+00  -0.1991D+03   0.4107D+03


              1            2            3            4            5            6            7            8            9           10           11           12           13           14           15           16           17           18           19           20
      21           22           23           24           25           26           27           28           29           30           31           32           33           34           35           36           37           38           39           40
      41           42           43
   41 :  -0.6307D+00  -0.1587D+01  -0.2702D+01  -0.5294D+01   0.7514D+01   0.9952D-01   0.4180D+00   0.1457D+00  -0.2595D+00  -0.6186D+00  -0.1159D+01  -0.4037D+00  -0.1381D+01  -0.1785D+01  -0.1750D+01  -0.2040D+01  -0.1133D+01  -0.4958D+00  -0.9225D-02  -0.8617D+00
   42 :  -0.1446D+01  -0.3525D+01  -0.5725D+01   0.1111D+01   0.2688D+02   0.1920D+00   0.8186D+00   0.2277D+00  -0.6349D+00  -0.1522D+01  -0.2412D+01  -0.1773D+01  -0.3064D+01  -0.3857D+01  -0.3827D+01  -0.3589D+01  -0.2963D+01  -0.1940D+01  -0.1547D+01  -0.2837D+01
   43 :   0.2722D+01  -0.3442D+00  -0.1400D+01   0.9530D+00  -0.1249D+01   0.2203D+00  -0.2054D+00  -0.8120D+00   0.1490D+01   0.2258D+01   0.1368D+01   0.1091D+01  -0.2654D+01  -0.7005D+01  -0.6439D+01  -0.6353D+01  -0.1136D+01   0.8685D+01   0.1188D+02   0.5923D+01

             21           22           23           24           25           26           27           28           29           30           31           32           33           34           35           36           37           38           39           40
      41           42           43
   41 :  -0.1353D+01  -0.3123D+01  -0.2275D+01  -0.5597D+01  -0.2683D+01  -0.6141D+01  -0.4961D+01  -0.4835D+01  -0.9437D+01  -0.5011D+01  -0.4260D+01  -0.5206D+01  -0.3988D+01  -0.4261D+01  -0.2604D+01  -0.1583D+01  -0.3109D+01  -0.5033D+00   0.7975D+01  -0.1729D+03
   42 :  -0.5355D+01  -0.9684D+01  -0.8566D+01  -0.1336D+02  -0.1026D+02  -0.1326D+02  -0.1357D+02  -0.1286D+02  -0.1884D+02  -0.1386D+02  -0.1254D+02  -0.1473D+02  -0.1061D+02  -0.1107D+02  -0.8168D+01  -0.6571D+01  -0.7836D+01  -0.5137D+01   0.3210D+01   0.7909D+01
   43 :  -0.5271D+01  -0.9761D+01  -0.1650D+02  -0.1393D+02  -0.7653D+01  -0.3649D+00  -0.4039D+01  -0.1684D+01  -0.1074D+02  -0.1901D+02  -0.1671D+02  -0.9617D+01  -0.7069D+01   0.7891D+01   0.6813D+01   0.3165D+01  -0.5752D+01  -0.3125D+01   0.8331D+01   0.1305D+02

             41           42           43
   41 :   0.3805D+03
   42 :  -0.1742D+03   0.2714D+03
   43 :   0.1011D+02  -0.3121D+00   0.1042D+04


CORRELATION MATRIX OF PARAMETERS
============================================================================================================  
          1    2    3    4    5    6    7    8    9   10   11   12   13   14   15   16   17   18   19   20
    1 :  1.0
    2 :  0.5  1.0
    3 :  0.0  0.0  1.0
    4 :  0.0 -0.1 -0.2  1.0
    5 :  0.0  0.0  0.1 -0.3  1.0
    6 :  0.0  0.0  0.0  0.0  0.0  1.0
    7 :  0.0  0.0  0.0  0.0  0.0  0.7  1.0
    8 :  0.0  0.0  0.0  0.0  0.0  0.4  0.5  1.0
    9 :  0.0  0.0  0.0  0.0  0.0  0.2  0.3  0.5  1.0
   10 :  0.0  0.0  0.0  0.0  0.0  0.1  0.1  0.2  0.5  1.0
   11 :  0.0  0.0  0.0  0.0  0.0  0.0  0.1  0.1  0.2  0.5  1.0
   12 :  0.0  0.0  0.0  0.0  0.0  0.0  0.0  0.0  0.1  0.2  0.5  1.0
   13 :  0.0  0.0  0.0  0.0  0.0  0.0  0.0  0.0  0.0  0.1  0.2  0.5  1.0
   14 :  0.0  0.0  0.0  0.0  0.0  0.0  0.0  0.0  0.0  0.0  0.1  0.2  0.5  1.0
   15 :  0.0  0.0  0.0  0.0  0.0  0.0  0.0  0.0  0.0  0.0  0.0  0.1  0.2  0.5  1.0
   16 :  0.0  0.0  0.0  0.0  0.0  0.0  0.0  0.0  0.0  0.0  0.0  0.0  0.1  0.2  0.5  1.0
   17 :  0.0  0.0  0.0  0.0  0.0  0.0  0.0  0.0  0.0  0.0  0.0  0.0  0.0  0.1  0.2  0.5  1.0
   18 :  0.0  0.0  0.0  0.0  0.0  0.0  0.0  0.0  0.0  0.0  0.0  0.0  0.0  0.0  0.1  0.2  0.5  1.0
   19 :  0.0  0.0  0.0  0.0  0.0  0.0  0.0  0.0  0.0  0.0  0.0  0.0  0.0  0.0  0.0  0.1  0.2  0.5  1.0
   20 :  0.0  0.0  0.0  0.0  0.0  0.0  0.0  0.0  0.0  0.0  0.0  0.0  0.0  0.0  0.0  0.0  0.1  0.2  0.5  1.0


          1    2    3    4    5    6    7    8    9   10   11   12   13   14   15   16   17   18   19   20
  21   22   23   24   25   26   27   28   29   30   31   32   33   34   35   36   37   38   39   40
   21 :  0.0  0.0  0.0  0.0  0.0  0.0  0.0  0.0  0.0  0.0  0.0  0.0  0.0  0.0  0.0  0.0  0.0  0.1  0.2  0.5
   22 :  0.0  0.0  0.0  0.0  0.1  0.0  0.0  0.0  0.0  0.0  0.0  0.0  0.0  0.0  0.0  0.0  0.0  0.0  0.1  0.2
   23 :  0.0  0.0  0.0  0.0  0.1  0.0  0.0  0.0  0.0  0.0  0.0  0.0  0.0  0.0  0.0  0.0  0.0  0.0  0.0  0.1
   24 :  0.0  0.0  0.0  0.0  0.1  0.0  0.0  0.0  0.0  0.0  0.0  0.0  0.0  0.0  0.0  0.0  0.0  0.0  0.0  0.0
   25 :  0.0  0.0  0.0  0.0  0.1  0.0  0.0  0.0  0.0  0.0  0.0  0.0  0.0  0.0  0.0  0.0  0.0  0.0  0.0  0.0
   26 :  0.0  0.0  0.0  0.0  0.1  0.0  0.0  0.0  0.0  0.0  0.0  0.0  0.0  0.0  0.0  0.0  0.0  0.0  0.0  0.0
   27 :  0.0  0.0  0.0  0.0  0.1  0.0  0.0  0.0  0.0  0.0  0.0  0.0  0.0  0.0  0.0  0.0  0.0  0.0  0.0  0.0
   28 :  0.0  0.0  0.0  0.0  0.1  0.0  0.0  0.0  0.0  0.0  0.0  0.0  0.0  0.0  0.0  0.0  0.0  0.0  0.0  0.0
   29 :  0.0  0.0  0.0  0.0  0.1  0.0  0.0  0.0  0.0  0.0  0.0  0.0  0.0  0.0  0.0  0.0  0.0  0.0  0.0  0.0
   30 :  0.0  0.0  0.0  0.0  0.1  0.0  0.0  0.0  0.0  0.0  0.0  0.0  0.0  0.0  0.0  0.0  0.0  0.0  0.0  0.0
   31 :  0.0  0.0  0.0  0.0  0.1  0.0  0.0  0.0  0.0  0.0  0.0  0.0  0.0  0.0  0.0  0.0  0.0  0.0  0.0  0.0
   32 :  0.0  0.0  0.0  0.0  0.1  0.0  0.0  0.0  0.0  0.0  0.0  0.0  0.0  0.0  0.0  0.0  0.0  0.0  0.0  0.0
   33 :  0.0  0.0  0.0  0.0  0.1  0.0  0.0  0.0  0.0  0.0  0.0  0.0  0.0  0.0  0.0  0.0  0.0  0.0  0.0  0.0
   34 :  0.0  0.0  0.0  0.0  0.1  0.0  0.0  0.0  0.0  0.0  0.0  0.0  0.0  0.0  0.0  0.0  0.0  0.0  0.0  0.0
   35 :  0.0  0.0  0.0  0.0  0.1  0.0  0.0  0.0  0.0  0.0  0.0  0.0  0.0  0.0  0.0  0.0  0.0  0.0  0.0  0.0
   36 :  0.0  0.0  0.0  0.0  0.1  0.0  0.0  0.0  0.0  0.0  0.0  0.0  0.0  0.0  0.0  0.0  0.0  0.0  0.0  0.0
   37 :  0.0  0.0  0.0  0.0  0.1  0.0  0.0  0.0  0.0  0.0  0.0  0.0  0.0  0.0  0.0  0.0  0.0  0.0  0.0  0.0
   38 :  0.0  0.0  0.0  0.0  0.1  0.0  0.0  0.0  0.0  0.0  0.0  0.0  0.0  0.0  0.0  0.0  0.0  0.0  0.0  0.0
   39 :  0.0  0.0  0.0  0.0  0.0  0.0  0.0  0.0  0.0  0.0  0.0  0.0  0.0  0.0  0.0  0.0  0.0  0.0  0.0  0.0
   40 :  0.0  0.0  0.0  0.0  0.0  0.0  0.0  0.0  0.0  0.0  0.0  0.0  0.0  0.0  0.0  0.0  0.0  0.0  0.0  0.0

         21   22   23   24   25   26   27   28   29   30   31   32   33   34   35   36   37   38   39   40
   21 :  1.0
   22 :  0.5  1.0
   23 :  0.2  0.5  1.0
   24 :  0.1  0.2  0.5  1.0
   25 :  0.0  0.1  0.2  0.4  1.0
   26 :  0.0  0.0  0.1  0.2  0.4  1.0
   27 :  0.0  0.0  0.0  0.1  0.2  0.4  1.0
   28 :  0.0  0.0  0.0  0.0  0.1  0.2  0.4  1.0
   29 :  0.0  0.0  0.0  0.0  0.0  0.1  0.2  0.4  1.0
   30 :  0.0  0.0  0.0  0.0  0.0  0.0  0.1  0.2  0.4  1.0
   31 :  0.0  0.0  0.0  0.0  0.0  0.0  0.0  0.1  0.2  0.5  1.0
   32 :  0.0  0.0  0.0  0.0  0.0  0.0  0.0  0.0  0.1  0.2  0.5  1.0
   33 :  0.0  0.0  0.0  0.0  0.0  0.0  0.0  0.0  0.0  0.1  0.2  0.5  1.0
   34 :  0.0  0.0  0.0  0.0  0.0  0.0  0.0  0.0  0.0  0.0  0.1  0.2  0.5  1.0
   35 :  0.0  0.0  0.0  0.0  0.0  0.0  0.0  0.0  0.0  0.0  0.0  0.1  0.2  0.5  1.0
   36 :  0.0  0.0  0.0  0.0  0.0  0.0  0.0  0.0  0.0  0.0  0.0  0.0  0.1  0.2  0.5  1.0
   37 :  0.0  0.0  0.0  0.0  0.0  0.0  0.0  0.0  0.0  0.0  0.0  0.0  0.0  0.1  0.2  0.5  1.0
   38 :  0.0  0.0  0.0  0.0  0.0  0.0  0.0  0.0  0.0  0.0  0.0  0.0  0.0  0.0  0.1  0.2  0.5  1.0
   39 :  0.0  0.0  0.0  0.0  0.0  0.0  0.0  0.0  0.0  0.0  0.0  0.0  0.0  0.0  0.0  0.1  0.2  0.4  1.0
   40 :  0.0  0.0  0.0  0.0  0.0  0.0  0.0  0.0  0.0  0.0  0.0  0.0  0.0  0.0  0.0  0.0  0.1  0.2  0.4  1.0


          1    2    3    4    5    6    7    8    9   10   11   12   13   14   15   16   17   18   19   20
  21   22   23   24   25   26   27   28   29   30   31   32   33   34   35   36   37   38   39   40
  41   42   43
   41 :  0.0  0.0  0.0  0.1 -0.1  0.0  0.0  0.0  0.0  0.0  0.0  0.0  0.0  0.0  0.0  0.0  0.0  0.0  0.0  0.0
   42 :  0.0  0.0  0.0  0.1 -0.4  0.0  0.0  0.0  0.0  0.0  0.0  0.0  0.0  0.0  0.0  0.0  0.0  0.0  0.0  0.0
   43 :  0.0  0.0  0.0  0.0  0.0  0.0  0.0  0.0  0.0  0.0  0.0  0.0  0.0  0.0  0.0  0.0  0.0  0.0  0.0  0.0

         21   22   23   24   25   26   27   28   29   30   31   32   33   34   35   36   37   38   39   40
  41   42   43
   41 :  0.0  0.0  0.0  0.0  0.0  0.0  0.0  0.0  0.0  0.0  0.0  0.0  0.0  0.0  0.0  0.0  0.0  0.1  0.2  0.4
   42 :  0.0  0.0  0.0  0.0  0.0  0.0  0.0  0.0  0.1  0.0  0.0  0.1  0.0  0.0  0.0  0.0  0.0  0.0  0.1  0.2
   43 :  0.0  0.0  0.0  0.0  0.0  0.0  0.0  0.0  0.0  0.0  0.0  0.0  0.0  0.0  0.0  0.0  0.0  0.0  0.0  0.0

         41   42   43
   41 :  1.0
   42 :  0.5  1.0
   43 :  0.0  0.0  1.0


COVARIANCE MATRIX OF PARAMETERS
===========================================================================================================================================================================================================================================================================      
              1            2            3            4            5            6            7            8            9           10           11           12           13           14           15           16           17           18           19           20
    1 :   0.1885D-02
    2 :   0.1668D-02   0.5275D-02
    3 :   0.3900D-04   0.1821D-03   0.9385D-02
    4 :  -0.2016D-03  -0.6097D-03  -0.2846D-02   0.1569D-01
    5 :   0.3213D-03   0.7448D-03   0.1570D-02  -0.7092D-02   0.4620D-01
    6 :  -0.6046D-07  -0.1256D-06  -0.4529D-06  -0.2723D-05  -0.1386D-04   0.2202D-02
    7 :  -0.2548D-06  -0.6282D-06  -0.2009D-05  -0.1230D-05  -0.3130D-04   0.1084D-02   0.1063D-02
    8 :  -0.2746D-06  -0.7193D-06  -0.1961D-05  -0.2418D-05  -0.2285D-04   0.5442D-03   0.5288D-03   0.1046D-02
    9 :  -0.1998D-06  -0.6466D-06  -0.1430D-05   0.2412D-05   0.8575D-05   0.2642D-03   0.2490D-03   0.4815D-03   0.9329D-03
   10 :   0.2040D-06   0.4653D-06   0.2391D-05   0.4327D-05   0.4623D-04   0.1326D-03   0.1187D-03   0.2189D-03   0.4280D-03   0.8904D-03
   11 :   0.6279D-06   0.1563D-05   0.4654D-05   0.9348D-05   0.7940D-04   0.6664D-04   0.5511D-04   0.9240D-04   0.1789D-03   0.3891D-03   0.8138D-03
   12 :   0.8254D-06   0.2130D-05   0.7199D-05   0.1230D-04   0.8495D-04   0.3640D-04   0.2706D-04   0.3838D-04   0.7173D-04   0.1694D-03   0.3780D-03   0.8344D-03
   13 :   0.1204D-05   0.3101D-05   0.9100D-05   0.1388D-04   0.1132D-03   0.2032D-04   0.1318D-04   0.1316D-04   0.2194D-04   0.6390D-04   0.1609D-03   0.3806D-03   0.8088D-03
   14 :   0.1665D-05   0.4234D-05   0.1325D-04   0.1525D-04   0.1494D-03   0.1327D-04   0.7646D-05   0.3969D-05   0.1963D-05   0.1767D-04   0.6225D-04   0.1683D-03   0.3829D-03   0.8272D-03
   15 :   0.1824D-05   0.4703D-05   0.1497D-04   0.1736D-04   0.1664D-03   0.8688D-05   0.4611D-05  -0.7743D-06  -0.4308D-05   0.3893D-06   0.1938D-04   0.6856D-04   0.1722D-03   0.3924D-03   0.8356D-03
   16 :   0.2071D-05   0.5411D-05   0.1714D-04   0.2387D-04   0.1791D-03   0.6388D-05   0.4250D-05   0.6459D-06  -0.2926D-05  -0.4103D-05   0.4300D-05   0.2821D-04   0.7769D-04   0.1853D-03   0.4097D-03   0.8957D-03
   17 :   0.2250D-05   0.5864D-05   0.2060D-04   0.2140D-04   0.1929D-03   0.4695D-05   0.3700D-05   0.1396D-05  -0.7051D-06  -0.3659D-05   0.4634D-07   0.1083D-04   0.3582D-04   0.9022D-04   0.2084D-03   0.4684D-03   0.1059D-02
   18 :   0.1927D-05   0.5039D-05   0.1447D-04   0.2490D-04   0.1805D-03   0.2659D-05   0.2407D-05   0.1035D-05   0.3960D-06  -0.1386D-05  -0.1283D-05   0.2126D-05   0.1408D-04   0.3994D-04   0.9937D-04   0.2305D-03   0.5343D-03   0.1157D-02
   19 :   0.1312D-05   0.3246D-05   0.1004D-04   0.2284D-04   0.1536D-03   0.8857D-06   0.9767D-06   0.8130D-06  -0.4149D-06  -0.1608D-05  -0.2571D-06   0.8914D-06   0.7083D-05   0.1738D-04   0.4600D-04   0.1067D-03   0.2563D-03   0.5642D-03   0.1207D-02
   20 :   0.1542D-05   0.3813D-05   0.1116D-04   0.2732D-04   0.1656D-03   0.7046D-06   0.1272D-05   0.1745D-05   0.8897D-06  -0.9342D-06   0.2144D-06   0.1644D-05   0.3448D-05   0.8214D-05   0.1946D-04   0.4393D-04   0.1123D-03   0.2583D-03   0.5750D-03   0.1189D-02


              1            2            3            4            5            6            7            8            9           10           11           12           13           14           15           16           17           18           19           20
      21           22           23           24           25           26           27           28           29           30           31           32           33           34           35           36           37           38           39           40
   21 :   0.2156D-05   0.5160D-05   0.1557D-04   0.1255D-04   0.2393D-03   0.5682D-06   0.1064D-05   0.2038D-05   0.2003D-05   0.1279D-05   0.1886D-05   0.3280D-05   0.2859D-05   0.3082D-05   0.4930D-05   0.1314D-04   0.3949D-04   0.9773D-04   0.2355D-03   0.5105D-03
   22 :   0.3337D-05   0.8174D-05   0.2045D-04  -0.1056D-04   0.3557D-03   0.4685D-06   0.9470D-06   0.2057D-05   0.2617D-05   0.1929D-05   0.2442D-05   0.4156D-05   0.3766D-05   0.2953D-05   0.2917D-05   0.2520D-05   0.1607D-04   0.4171D-04   0.9584D-04   0.2138D-03
   23 :   0.2919D-05   0.6946D-05   0.1752D-04   0.2153D-05   0.3541D-03  -0.1600D-06   0.4598D-06   0.1384D-05   0.1579D-05   0.3094D-05   0.3177D-05   0.4617D-05   0.3302D-05   0.3402D-05   0.2740D-05   0.1673D-05   0.6721D-05   0.1698D-04   0.3524D-04   0.8459D-04
   24 :   0.3256D-05   0.7677D-05   0.2380D-04   0.2650D-05   0.4107D-03  -0.4419D-06   0.2631D-06   0.1040D-05   0.1260D-05   0.3941D-05   0.4314D-05   0.4769D-05   0.4485D-05   0.3779D-05   0.3994D-05   0.2592D-05   0.2967D-05   0.6201D-05   0.1175D-04   0.3132D-04
   25 :   0.3628D-05   0.8902D-05   0.2512D-04   0.2218D-04   0.3958D-03  -0.4609D-06  -0.1777D-07   0.7899D-06   0.1088D-05   0.2965D-05   0.4275D-05   0.6278D-05   0.6311D-05   0.5742D-05   0.4735D-05   0.3710D-05   0.3198D-05   0.3106D-05   0.3030D-05   0.1033D-04
   26 :   0.3901D-05   0.9761D-05   0.3246D-04   0.2513D-04   0.3969D-03  -0.4153D-06   0.1123D-06   0.7458D-06   0.1155D-05   0.2255D-05   0.4141D-05   0.5699D-05   0.5655D-05   0.5389D-05   0.5843D-05   0.6695D-05   0.6417D-05   0.4777D-05   0.8977D-06   0.3416D-05
   27 :   0.4199D-05   0.1035D-04   0.3613D-04   0.3109D-04   0.4107D-03  -0.5803D-06  -0.1191D-06   0.6792D-06   0.9295D-06   0.2522D-05   0.3992D-05   0.3955D-05   0.4325D-05   0.4279D-05   0.4774D-05   0.4833D-05   0.5253D-05   0.4262D-05   0.2615D-05   0.3611D-05
   28 :   0.5041D-05   0.1285D-04   0.4104D-04   0.3228D-04   0.3978D-03  -0.7410D-06  -0.2567D-06   0.4484D-06   0.8604D-06   0.3064D-05   0.3771D-05   0.3075D-05   0.3698D-05   0.4847D-05   0.4878D-05   0.6222D-05   0.4928D-05   0.3751D-05   0.3185D-05   0.4559D-05
   29 :   0.5770D-05   0.1472D-04   0.4739D-04   0.3532D-04   0.4291D-03  -0.8084D-06  -0.3275D-06   0.3435D-06   0.9918D-06   0.3443D-05   0.4036D-05   0.3558D-05   0.4886D-05   0.4909D-05   0.6086D-05   0.7386D-05   0.4460D-05   0.4489D-05   0.3812D-05   0.1091D-05
   30 :   0.5344D-05   0.1389D-04   0.4614D-04   0.3515D-04   0.4056D-03  -0.9187D-06  -0.4246D-06   0.1292D-06   0.7505D-06   0.3256D-05   0.3914D-05   0.2760D-05   0.5475D-05   0.5197D-05   0.6581D-05   0.8467D-05   0.4507D-05   0.4920D-05   0.4171D-05   0.5416D-05
   31 :   0.4933D-05   0.1263D-04   0.4270D-04   0.4642D-04   0.4338D-03  -0.6530D-06  -0.1716D-06   0.8586D-06   0.5665D-06   0.3201D-05   0.4046D-05   0.2582D-05   0.5016D-05   0.4219D-05   0.5909D-05   0.7246D-05   0.3435D-05   0.4820D-05   0.6117D-05   0.6654D-05
   32 :   0.5974D-05   0.1462D-04   0.4777D-04   0.5025D-04   0.5553D-03  -0.6159D-06   0.6454D-08   0.1348D-05   0.5472D-06   0.3643D-05   0.4537D-05   0.2818D-05   0.5181D-05   0.4595D-05   0.4712D-05   0.6336D-05   0.4429D-05   0.5335D-05   0.9379D-05   0.9892D-05
   33 :   0.6878D-05   0.1546D-04   0.5273D-04   0.7738D-04   0.6357D-03  -0.1173D-05  -0.5320D-06   0.8152D-06   0.6391D-06   0.4186D-05   0.5253D-05   0.3234D-05   0.5748D-05   0.5284D-05   0.5526D-05   0.7189D-05   0.7270D-05   0.7604D-05   0.1065D-04   0.1226D-04
   34 :   0.9144D-05   0.2071D-04   0.5995D-04   0.7298D-04   0.7035D-03  -0.1278D-05  -0.5990D-06   0.6320D-06   0.1072D-05   0.4216D-05   0.5477D-05   0.2956D-05   0.6491D-05   0.6667D-05   0.6381D-05   0.7386D-05   0.7154D-05   0.5393D-05   0.8808D-05   0.1177D-04
   35 :   0.1032D-04   0.2217D-04   0.7449D-04   0.9171D-04   0.7137D-03  -0.1418D-05  -0.6622D-06   0.7007D-06   0.1361D-05   0.4310D-05   0.5157D-05   0.3162D-05   0.7556D-05   0.8566D-05   0.7539D-05   0.8771D-05   0.8019D-05   0.6363D-05   0.7441D-05   0.7676D-05
   36 :   0.1285D-04   0.2761D-04   0.7895D-04   0.1085D-03   0.6819D-03  -0.1640D-05  -0.6596D-06   0.7465D-06   0.1545D-05   0.4299D-05   0.4841D-05   0.3123D-05   0.7892D-05   0.8970D-05   0.8213D-05   0.9602D-05   0.8156D-05   0.6365D-05   0.7916D-05   0.7628D-05
   37 :   0.1432D-04   0.3023D-04   0.8682D-04   0.1113D-03   0.7220D-03  -0.1611D-05  -0.7483D-06   0.7455D-06   0.1591D-05   0.4350D-05   0.4845D-05   0.3156D-05   0.8242D-05   0.9672D-05   0.9536D-05   0.9247D-05   0.7963D-05   0.6162D-05   0.8404D-05   0.7676D-05
   38 :   0.1871D-04   0.4171D-04   0.1015D-03   0.1433D-03   0.7408D-03  -0.1774D-05  -0.7090D-06   0.1071D-05   0.2081D-05   0.5270D-05   0.5832D-05   0.4242D-05   0.9795D-05   0.1137D-04   0.1129D-04   0.9529D-05   0.1031D-04   0.9379D-05   0.1449D-04   0.1469D-04
   39 :   0.1694D-04   0.3673D-04   0.8922D-04   0.2048D-03   0.4184D-03  -0.1782D-05  -0.5095D-06   0.1451D-05   0.2967D-05   0.5644D-05   0.6358D-05   0.5278D-05   0.1035D-04   0.1177D-04   0.1152D-04   0.1023D-04   0.9423D-05   0.9465D-05   0.1462D-04   0.1933D-04
   40 :   0.1304D-04   0.2765D-04   0.7039D-04   0.2723D-03   0.8086D-06  -0.1642D-05  -0.6220D-06   0.1439D-05   0.3110D-05   0.5346D-05   0.6269D-05   0.5188D-05   0.1003D-04   0.1135D-04   0.1111D-04   0.1022D-04   0.7626D-05   0.6900D-05   0.1097D-04   0.1667D-04

             21           22           23           24           25           26           27           28           29           30           31           32           33           34           35           36           37           38           39           40
   21 :   0.9613D-03
   22 :   0.4246D-03   0.8248D-03
   23 :   0.1736D-03   0.3562D-03   0.6958D-03
   24 :   0.6423D-04   0.1414D-03   0.3028D-03   0.6366D-03
   25 :   0.2232D-04   0.5322D-04   0.1252D-03   0.2822D-03   0.6195D-03
   26 :   0.9138D-05   0.1623D-04   0.4479D-04   0.1112D-03   0.2668D-03   0.5937D-03
   27 :   0.1191D-05   0.2589D-05   0.1156D-04   0.4182D-04   0.1021D-03   0.2541D-03   0.5632D-03
   28 :   0.8207D-07  -0.3132D-05   0.3845D-05   0.1102D-04   0.3277D-04   0.1001D-03   0.2463D-03   0.5343D-03
   29 :  -0.1048D-05  -0.2205D-05  -0.4600D-06  -0.9880D-06   0.5236D-05   0.3178D-04   0.9410D-04   0.2281D-03   0.4835D-03
   30 :   0.3260D-05  -0.6971D-06  -0.1402D-05  -0.5922D-05  -0.6676D-05   0.1009D-04   0.3655D-04   0.9897D-04   0.2232D-03   0.5133D-03
   31 :   0.6067D-05   0.3497D-05  -0.3132D-06  -0.2131D-05  -0.5753D-05   0.5043D-06   0.1463D-04   0.3928D-04   0.1007D-03   0.2513D-03   0.5729D-03
   32 :   0.1293D-04   0.9252D-05   0.6532D-05   0.1687D-05  -0.3584D-05  -0.2412D-05   0.4314D-05   0.1662D-04   0.4475D-04   0.1265D-03   0.2957D-03   0.7184D-03
   33 :   0.1605D-04   0.1327D-04   0.1506D-04   0.1035D-04   0.8695D-05   0.7997D-05   0.9036D-05   0.6433D-05   0.2006D-04   0.6458D-04   0.1449D-03   0.3722D-03   0.9052D-03
   34 :   0.1754D-04   0.1808D-04   0.1507D-04   0.1326D-04   0.1187D-04   0.1253D-04   0.1128D-04   0.4387D-06   0.1059D-04   0.3440D-04   0.7084D-04   0.1766D-03   0.4571D-03   0.1089D-02
   35 :   0.1442D-04   0.1673D-04   0.1467D-04   0.1287D-04   0.1356D-04   0.1495D-04   0.1211D-04   0.1842D-05   0.9144D-05   0.1923D-04   0.3650D-04   0.7943D-04   0.2154D-03   0.5349D-03   0.1275D-02
   36 :   0.1486D-04   0.1834D-04   0.1642D-04   0.1171D-04   0.1344D-04   0.1138D-04   0.8519D-05   0.7210D-05   0.1742D-04   0.2007D-04   0.2363D-04   0.3990D-04   0.9081D-04   0.2326D-03   0.5998D-03   0.1355D-02
   37 :   0.1257D-04   0.1419D-04   0.9107D-05   0.6725D-05   0.1160D-04   0.9856D-05   0.1155D-04   0.1319D-04   0.1720D-04   0.1821D-04   0.1861D-04   0.2339D-04   0.3150D-04   0.9521D-04   0.2689D-03   0.6378D-03   0.1482D-02
   38 :   0.2055D-04   0.2411D-04   0.1672D-04   0.1469D-04   0.1801D-04   0.1319D-04   0.1721D-04   0.1567D-04   0.2151D-04   0.2454D-04   0.2267D-04   0.2371D-04   0.1679D-04   0.4423D-04   0.1196D-03   0.2926D-03   0.7188D-03   0.1696D-02
   39 :   0.2641D-04   0.3205D-04   0.2440D-04   0.1876D-04   0.2308D-04   0.1999D-04   0.1913D-04   0.1492D-04   0.2461D-04   0.1959D-04   0.2441D-04   0.2637D-04   0.1632D-04   0.3653D-04   0.6310D-04   0.1471D-03   0.3507D-03   0.8351D-03   0.2045D-02
   40 :   0.2267D-04   0.2865D-04   0.2147D-04   0.2057D-04   0.2237D-04   0.2210D-04   0.1897D-04   0.1692D-04   0.2489D-04   0.1726D-04   0.2076D-04   0.2686D-04   0.1831D-04   0.2907D-04   0.2914D-04   0.7620D-04   0.1793D-03   0.4034D-03   0.9917D-03   0.2435D-02


              1            2            3            4            5            6            7            8            9           10           11           12           13           14           15           16           17           18           19           20
      21           22           23           24           25           26           27           28           29           30           31           32           33           34           35           36           37           38           39           40
      41           42           43
   41 :   0.7928D-05   0.1463D-04   0.3475D-04   0.4861D-03  -0.8272D-03  -0.1952D-05  -0.9654D-06   0.1454D-05   0.3563D-05   0.6024D-05   0.7367D-05   0.6504D-05   0.1140D-04   0.1291D-04   0.1269D-04   0.1223D-04   0.8583D-05   0.6705D-05   0.8859D-05   0.1537D-04
   42 :   0.1065D-04   0.2015D-04   0.1070D-03   0.9734D-03  -0.4746D-02  -0.4094D-05  -0.1975D-05   0.4284D-05   0.9807D-05   0.1648D-04   0.2024D-04   0.2030D-04   0.2938D-04   0.3289D-04   0.3243D-04   0.3179D-04   0.2821D-04   0.2547D-04   0.3126D-04   0.4751D-04
   43 :  -0.3641D-05   0.3859D-05   0.1889D-04  -0.2988D-04   0.1010D-03  -0.4113D-06   0.4441D-07  -0.4109D-06  -0.2519D-05  -0.2154D-05  -0.2675D-06   0.2047D-05   0.6184D-05   0.8742D-05   0.6613D-05   0.2865D-05  -0.6335D-05  -0.1620D-04  -0.1419D-04  -0.4984D-06

             21           22           23           24           25           26           27           28           29           30           31           32           33           34           35           36           37           38           39           40
      41           42           43
   41 :   0.1988D-04   0.2474D-04   0.2031D-04   0.2315D-04   0.2052D-04   0.2516D-04   0.2219D-04   0.2204D-04   0.2810D-04   0.2020D-04   0.2223D-04   0.2830D-04   0.2472D-04   0.3010D-04   0.2550D-04   0.4278D-04   0.8719D-04   0.1681D-03   0.4079D-03   0.1107D-02
   42 :   0.5986D-04   0.6864D-04   0.5954D-04   0.6582D-04   0.5716D-04   0.6641D-04   0.6466D-04   0.6358D-04   0.7187D-04   0.6289D-04   0.6708D-04   0.8230D-04   0.7908D-04   0.8776D-04   0.7770D-04   0.8026D-04   0.1030D-03   0.1183D-03   0.2087D-03   0.6393D-03
   43 :   0.1218D-04   0.1486D-04   0.1537D-04   0.9981D-05   0.4208D-05   0.1112D-05   0.3891D-05   0.5401D-05   0.1042D-04   0.1417D-04   0.1157D-04   0.6578D-05   0.6433D-06  -0.1271D-04  -0.9406D-05  -0.2237D-05   0.4474D-05  -0.8234D-05  -0.3265D-04  -0.4102D-04

             41           42           43
   41 :   0.2628D-02
   42 :   0.1687D-02   0.3685D-02
   43 :  -0.2498D-04   0.1103D-05   0.9593D-03


