 Output Generated by ICA Version 1.4                                            
  
 ------------------------------------
 
        Mackerel NE Atlantic  WG2003
        ----------------------------
 
        Catch in Number
        ---------------
------+------------------------------------------------------------------------------------------------------------------------
AGE   |    1972    1973    1974    1975    1976    1977    1978    1979    1980    1981    1982    1983    1984    1985    1986
------+------------------------------------------------------------------------------------------------------------------------
  0   |   1604.   3355.   3150.   4198.   3531.    643.   2376.   4379.   3201.   3912.   2914.   3908.   4980.   3743.   3000.
  1   |  13248.   3556.  11261.  12695.   9726.  10900.   2052.  10731.  15081.   7959.  14593.   7959.  15421.  13108.   9814.
  2   |  28885.  16665.   6796.  25721.  16716.  17134.  19870.   5263.  20859.  21248.  16828.  22611.  17778.  23005.  19588.
  3   |  18231.  30738.  27109.  13103.  28740.  25173.  26718.  43133.   8580.  24812.  37936.  22061.  42569.  22398.  29314.
  4   |  55524.  13971.  36448.  37746.  10593.  31702.  28787.  42079.  50271.   7337.  31987.  35896.  29926.  38597.  20812.
  5   |  31989.  29835.  11784.  35932.  21494.   8336.  25894.  32249.  34399.  30149.   6690.  21318.  34413.  19059.  25452.
  6   |  27644.  16558.  24375.  11208.  19752.  16415.   6612.  28042.  25323.  19860.  26517.   4299.  19698.  21108.  12174.
  7   |  17121.  13975.  13290.  22666.   6032.  14857.  12831.   7017.  21423.  14266.  17078.  16662.   3880.  11796.  13251.
  8   |   6490.   6878.   8993.   9922.   9712.   3636.   9313.  10956.   4286.   9606.   9837.   8561.  12065.   1851.   5916.
  9   |  24842.  12264.  12026.  15387.  10706.  12918.  10482.  16987.  17383.   9314.  13675.  11722.  14864.  13713.   7629.
------+------------------------------------------------------------------------------------------------------------------------
       x 10 ^ 3                                
 
 
        Catch in Number
        ---------------
------+------------------------------------------------------------------------------------------------------------------------
AGE   |    1987    1988    1989    1990    1991    1992    1993    1994    1995    1996    1997    1998    1999    2000    2001
------+------------------------------------------------------------------------------------------------------------------------
  0   |   3396.   3536.   2303.   2654.   1972.   2344.    784.   1198.   4312.   3456.   1728.   1067.   2568.   2749.   1707.
  1   |  10883.  11718.   9826.   7009.  12692.   4710.   8208.   2003.   5282.  13860.   6643.   7110.   3054.  11117.   9051.
  2   |  20293.  21350.  18544.  17071.  19004.  17200.   9376.  11949.   5018.   9613.  15201.  15624.  11628.   7526.  20758.
  3   |  34542.  33807.  28766.  27538.  39103.  21793.  29070.  11642.  25394.   7699.   9012.  30640.  21885.  24381.  11885.
  4   |  37800.  41823.  33164.  31288.  45666.  32329.  26766.  26324.  17993.  28037.   5267.  13378.  31502.  33495.  27816.
  5   |  19149.  32496.  29100.  25726.  36875.  26523.  28193.  17198.  28981.  13988.  13578.   5615.   9820.  34422.  26998.
  6   |  22713.  15925.  21887.  21907.  29283.  20642.  22373.  17547.  18322.  21699.   6563.  14082.   4004.  10400.  26771.
  7   |  10689.  18529.  10532.  16227.  24409.  16019.  17080.  13686.  18341.  13390.  10011.   6721.   9900.   4168.   7911.
  8   |   9341.   6990.   9796.   6257.  14558.  10627.  10627.   8345.  11509.  10716.   4916.   8251.   3784.   8292.   2537.
  9   |   9469.  12362.  10083.  12671.  17322.  14042.  16977.  13591.  19069.  17971.  10557.  12679.  11771.  12708.  12533.
------+------------------------------------------------------------------------------------------------------------------------
       x 10 ^ 3                                
 
 
        Catch in Number
        ---------------
------+--------
AGE   |    2002
------+--------
  0   |   3319.
  1   |   4369.
  2   |  13185.
  3   |  25723.
  4   |  10702.
  5   |  17723.
  6   |  16637.
  7   |  16185.
  8   |   3817.
  9   |   7083.
------+--------
       x 10 ^ 3                                
 
 
 
        Predicted Catch in Number
        -------------------------
------+----------------------------------------------------------------------------------------
AGE   |    1992    1993    1994    1995    1996    1997    1998    1999    2000    2001    2002
------+----------------------------------------------------------------------------------------
  0   |   2344.    784.   1198.   4312.   3456.   1728.   1067.   2569.   2749.   1707.   3319.
  1   |   4710.   8209.   2003.   5282.  13858.   6642.   7108.   3054.  11118.   9049.   4369.
  2   |  17199.   9376.  11950.   5017.   9612.  15199.  15622.  11626.   7525.  20757.  13185.
  3   |  21792.  29072.  11643.  25395.   7698.   9011.  30636.  21882.  24376.  11882.  25730.
  4   |  32327.  26768.  26327.  17995.  28038.   5267.  13377.  31499.  33490.  27809.  10703.
  5   |  26521.  28195.  17200.  28984.  13989.  13579.   5615.   9820.  34420.  26994.  17725.
  6   |  20641.  22373.  17548.  18323.  21699.   6563.  14083.   4003.  10399.  26765.  16639.
  7   |  16018.  17078.  13685.  18340.  13389.  10011.   6721.   9899.   4167.   7909.  16186.
  8   |  10634.  10628.   8345.  11508.  10716.   4917.   8252.   3785.   8292.   2537.   3818.
------+----------------------------------------------------------------------------------------
       x 10 ^ 3                                
 
 
 
        Weights at age in the catches (Kg)
        ----------------------------------
------+------------------------------------------------------------------------------------------------------------------------
AGE   |    1972    1973    1974    1975    1976    1977    1978    1979    1980    1981    1982    1983    1984    1985    1986
------+------------------------------------------------------------------------------------------------------------------------
  0   | 0.05200 0.05000 0.05100 0.05000 0.05900 0.05600 0.03600 0.01600 0.05700 0.06000 0.05300 0.05000 0.03100 0.05500 0.03900
  1   | 0.13500 0.14500 0.13600 0.14800 0.13700 0.13600 0.13500 0.13700 0.13100 0.13200 0.13100 0.16800 0.10200 0.14400 0.14600
  2   | 0.27700 0.19400 0.22900 0.17700 0.20700 0.16900 0.16100 0.16100 0.24900 0.24800 0.24900 0.21900 0.18400 0.26200 0.24500
  3   | 0.34100 0.28500 0.26100 0.25900 0.26300 0.27500 0.25000 0.24300 0.28500 0.28700 0.28500 0.27600 0.29500 0.35700 0.33500
  4   | 0.42300 0.36800 0.33400 0.32300 0.32000 0.33300 0.32500 0.31800 0.34500 0.34400 0.34500 0.31000 0.32600 0.41800 0.42300
  5   | 0.46800 0.44800 0.39200 0.34800 0.34600 0.35200 0.34500 0.34800 0.37800 0.37700 0.37800 0.38600 0.34400 0.41700 0.47100
  6   | 0.46800 0.46800 0.48100 0.43000 0.40600 0.40700 0.40300 0.40100 0.45400 0.45400 0.45400 0.42500 0.43100 0.43600 0.44400
  7   | 0.50800 0.50800 0.50800 0.48800 0.44300 0.44600 0.42100 0.41600 0.49800 0.49900 0.49600 0.43500 0.54200 0.52100 0.45700
  8   | 0.53900 0.53900 0.53900 0.53900 0.51800 0.54600 0.51800 0.50600 0.52000 0.51300 0.51300 0.49800 0.48000 0.55500 0.54300
  9   | 0.60336 0.61101 0.60733 0.60078 0.59752 0.57959 0.56994 0.53606 0.56287 0.56803 0.55780 0.57908 0.60444 0.61693 0.61505
------+------------------------------------------------------------------------------------------------------------------------
                                               
 
 
        Weights at age in the catches (Kg)
        ----------------------------------
------+------------------------------------------------------------------------------------------------------------------------
AGE   |    1987    1988    1989    1990    1991    1992    1993    1994    1995    1996    1997    1998    1999    2000    2001
------+------------------------------------------------------------------------------------------------------------------------
  0   | 0.07600 0.05500 0.04900 0.08500 0.06800 0.05100 0.06100 0.04600 0.07200 0.05800 0.07600 0.06500 0.06200 0.06300 0.06900
  1   | 0.17900 0.13300 0.13600 0.15600 0.15600 0.16700 0.13400 0.13600 0.14300 0.14300 0.14300 0.15700 0.17600 0.13500 0.17100
  2   | 0.22300 0.25900 0.23700 0.23300 0.25300 0.23900 0.24000 0.25500 0.23400 0.22600 0.23000 0.22700 0.23600 0.22900 0.22300
  3   | 0.31800 0.32300 0.32000 0.33600 0.32700 0.33300 0.31700 0.33900 0.33300 0.31300 0.29500 0.31000 0.30700 0.30800 0.30700
  4   | 0.39900 0.38800 0.37700 0.37900 0.39400 0.39700 0.37600 0.39000 0.39000 0.37700 0.35900 0.35400 0.36100 0.36700 0.37800
  5   | 0.47400 0.45600 0.43300 0.42300 0.42300 0.46000 0.43600 0.44800 0.45200 0.42500 0.41500 0.40800 0.40600 0.42900 0.42600
  6   | 0.51200 0.52400 0.45600 0.46700 0.46900 0.49500 0.48300 0.51200 0.50100 0.48400 0.45300 0.45200 0.45400 0.46700 0.47700
  7   | 0.49300 0.55500 0.54300 0.52800 0.50600 0.53200 0.52700 0.54300 0.53900 0.51800 0.48100 0.46200 0.50100 0.50400 0.49900
  8   | 0.49800 0.55500 0.59200 0.55200 0.55400 0.55500 0.54800 0.59000 0.57700 0.55100 0.52400 0.51800 0.53700 0.53700 0.54300
  9   | 0.62157 0.59886 0.59729 0.61330 0.63637 0.62839 0.60664 0.62584 0.61463 0.59901 0.57728 0.57682 0.59764 0.59524 0.60439
------+------------------------------------------------------------------------------------------------------------------------
                                               
 
 
        Weights at age in the catches (Kg)
        ----------------------------------
------+--------
AGE   |    2002
------+--------
  0   | 0.05200
  1   | 0.15900
  2   | 0.25500
  3   | 0.30700
  4   | 0.36900
  5   | 0.42600
  6   | 0.46400
  7   | 0.51400
  8   | 0.53900
  9   | 0.61971
------+--------
                                               
 
 
 
        Weights at age in the stock (Kg)
        --------------------------------
------+------------------------------------------------------------------------------------------------------------------------
AGE   |    1972    1973    1974    1975    1976    1977    1978    1979    1980    1981    1982    1983    1984    1985    1986
------+------------------------------------------------------------------------------------------------------------------------
  0   | 0.00800 0.00800 0.00800 0.00800 0.00800 0.00800 0.00800 0.00800 0.00800 0.00800 0.00800 0.00800 0.00000 0.00000 0.00000
  1   | 0.13200 0.13200 0.13000 0.12900 0.12800 0.12700 0.11100 0.11000 0.10900 0.08700 0.08600 0.08600 0.08100 0.08500 0.07700
  2   | 0.17800 0.17700 0.17300 0.17100 0.17000 0.16700 0.17500 0.17400 0.17300 0.18600 0.13500 0.17200 0.19400 0.16500 0.17900
  3   | 0.24300 0.24200 0.23800 0.23600 0.23600 0.23300 0.23800 0.23700 0.23600 0.25200 0.22100 0.23500 0.25300 0.29300 0.26700
  4   | 0.41100 0.30100 0.29600 0.29400 0.29300 0.28900 0.30000 0.29900 0.29700 0.31300 0.28000 0.28000 0.29500 0.30600 0.30400
  5   | 0.35500 0.43800 0.32200 0.31800 0.31800 0.31300 0.34600 0.34500 0.34300 0.32300 0.38500 0.33900 0.32400 0.34100 0.35600
  6   | 0.39800 0.39800 0.46900 0.36500 0.36500 0.36100 0.38200 0.38000 0.37900 0.37800 0.35300 0.37700 0.39300 0.38400 0.35100
  7   | 0.43300 0.43300 0.43300 0.49700 0.41900 0.41600 0.41000 0.40800 0.40700 0.41900 0.40800 0.40400 0.43600 0.43000 0.41600
  8   | 0.45900 0.45900 0.45900 0.45900 0.51200 0.44600 0.43200 0.43000 0.42900 0.43400 0.43700 0.43900 0.44100 0.45900 0.47300
  9   | 0.51763 0.52552 0.52179 0.51445 0.51213 0.53312 0.51404 0.48694 0.48261 0.47600 0.47949 0.50432 0.50060 0.52615 0.48918
------+------------------------------------------------------------------------------------------------------------------------
                                               
 
 
        Weights at age in the stock (Kg)
        --------------------------------
------+------------------------------------------------------------------------------------------------------------------------
AGE   |    1987    1988    1989    1990    1991    1992    1993    1994    1995    1996    1997    1998    1999    2000    2001
------+------------------------------------------------------------------------------------------------------------------------
  0   | 0.00000 0.00000 0.00000 0.00000 0.00000 0.00000 0.00000 0.00000 0.00000 0.00000 0.00000 0.00000 0.00000 0.00000 0.00000
  1   | 0.07800 0.07200 0.07600 0.07400 0.07500 0.07800 0.07800 0.07900 0.08100 0.07600 0.07600 0.07700 0.08100 0.07400 0.07800
  2   | 0.14800 0.15600 0.17700 0.13800 0.15500 0.21200 0.19700 0.17800 0.16400 0.13300 0.18600 0.14900 0.19400 0.18500 0.16400
  3   | 0.24000 0.23700 0.24400 0.22200 0.23000 0.25900 0.26800 0.23700 0.26700 0.25100 0.22800 0.22300 0.24200 0.23500 0.24100
  4   | 0.28600 0.30100 0.30600 0.28700 0.30700 0.31000 0.31500 0.30100 0.32600 0.31700 0.29600 0.28500 0.30100 0.28900 0.34200
  5   | 0.37400 0.32900 0.35200 0.33900 0.35700 0.36200 0.36000 0.36100 0.39800 0.36600 0.36100 0.34200 0.35300 0.35000 0.39000
  6   | 0.38600 0.42300 0.38000 0.37300 0.40900 0.40200 0.41600 0.41300 0.44800 0.44400 0.40200 0.40000 0.39600 0.39000 0.44600
  7   | 0.41100 0.44500 0.42900 0.41400 0.43200 0.42400 0.45400 0.46600 0.49100 0.46200 0.44500 0.42600 0.42300 0.42600 0.45900
  8   | 0.42900 0.43200 0.47400 0.40900 0.50200 0.46200 0.46500 0.47000 0.50800 0.50100 0.47800 0.46600 0.44000 0.44700 0.49900
  9   | 0.49057 0.50574 0.47468 0.47864 0.56111 0.51632 0.51631 0.53631 0.56368 0.58465 0.53480 0.53174 0.49502 0.50672 0.56325
------+------------------------------------------------------------------------------------------------------------------------
                                               
 
 
        Weights at age in the stock (Kg)
        --------------------------------
------+--------
AGE   |    2002
------+--------
  0   | 0.00000
  1   | 0.07800
  2   | 0.18100
  3   | 0.23900
  4   | 0.31100
  5   | 0.36400
  6   | 0.41100
  7   | 0.43600
  8   | 0.46200
  9   | 0.52957
------+--------
                                               
 
 
 
        Natural Mortality (per year)
        ----------------------------
------+------------------------------------------------------------------------------------------------------------------------
AGE   |    1972    1973    1974    1975    1976    1977    1978    1979    1980    1981    1982    1983    1984    1985    1986
------+------------------------------------------------------------------------------------------------------------------------
  0   | 0.15000 0.15000 0.15000 0.15000 0.15000 0.15000 0.15000 0.15000 0.15000 0.15000 0.15000 0.15000 0.15000 0.15000 0.15000
  1   | 0.15000 0.15000 0.15000 0.15000 0.15000 0.15000 0.15000 0.15000 0.15000 0.15000 0.15000 0.15000 0.15000 0.15000 0.15000
  2   | 0.15000 0.15000 0.15000 0.15000 0.15000 0.15000 0.15000 0.15000 0.15000 0.15000 0.15000 0.15000 0.15000 0.15000 0.15000
  3   | 0.15000 0.15000 0.15000 0.15000 0.15000 0.15000 0.15000 0.15000 0.15000 0.15000 0.15000 0.15000 0.15000 0.15000 0.15000
  4   | 0.15000 0.15000 0.15000 0.15000 0.15000 0.15000 0.15000 0.15000 0.15000 0.15000 0.15000 0.15000 0.15000 0.15000 0.15000
  5   | 0.15000 0.15000 0.15000 0.15000 0.15000 0.15000 0.15000 0.15000 0.15000 0.15000 0.15000 0.15000 0.15000 0.15000 0.15000
  6   | 0.15000 0.15000 0.15000 0.15000 0.15000 0.15000 0.15000 0.15000 0.15000 0.15000 0.15000 0.15000 0.15000 0.15000 0.15000
  7   | 0.15000 0.15000 0.15000 0.15000 0.15000 0.15000 0.15000 0.15000 0.15000 0.15000 0.15000 0.15000 0.15000 0.15000 0.15000
  8   | 0.15000 0.15000 0.15000 0.15000 0.15000 0.15000 0.15000 0.15000 0.15000 0.15000 0.15000 0.15000 0.15000 0.15000 0.15000
  9   | 0.15000 0.15000 0.15000 0.15000 0.15000 0.15000 0.15000 0.15000 0.15000 0.15000 0.15000 0.15000 0.15000 0.15000 0.15000
------+------------------------------------------------------------------------------------------------------------------------
                                               
 
 
        Natural Mortality (per year)
        ----------------------------
------+------------------------------------------------------------------------------------------------------------------------
AGE   |    1987    1988    1989    1990    1991    1992    1993    1994    1995    1996    1997    1998    1999    2000    2001
------+------------------------------------------------------------------------------------------------------------------------
  0   | 0.15000 0.15000 0.15000 0.15000 0.15000 0.15000 0.15000 0.15000 0.15000 0.15000 0.15000 0.15000 0.15000 0.15000 0.15000
  1   | 0.15000 0.15000 0.15000 0.15000 0.15000 0.15000 0.15000 0.15000 0.15000 0.15000 0.15000 0.15000 0.15000 0.15000 0.15000
  2   | 0.15000 0.15000 0.15000 0.15000 0.15000 0.15000 0.15000 0.15000 0.15000 0.15000 0.15000 0.15000 0.15000 0.15000 0.15000
  3   | 0.15000 0.15000 0.15000 0.15000 0.15000 0.15000 0.15000 0.15000 0.15000 0.15000 0.15000 0.15000 0.15000 0.15000 0.15000
  4   | 0.15000 0.15000 0.15000 0.15000 0.15000 0.15000 0.15000 0.15000 0.15000 0.15000 0.15000 0.15000 0.15000 0.15000 0.15000
  5   | 0.15000 0.15000 0.15000 0.15000 0.15000 0.15000 0.15000 0.15000 0.15000 0.15000 0.15000 0.15000 0.15000 0.15000 0.15000
  6   | 0.15000 0.15000 0.15000 0.15000 0.15000 0.15000 0.15000 0.15000 0.15000 0.15000 0.15000 0.15000 0.15000 0.15000 0.15000
  7   | 0.15000 0.15000 0.15000 0.15000 0.15000 0.15000 0.15000 0.15000 0.15000 0.15000 0.15000 0.15000 0.15000 0.15000 0.15000
  8   | 0.15000 0.15000 0.15000 0.15000 0.15000 0.15000 0.15000 0.15000 0.15000 0.15000 0.15000 0.15000 0.15000 0.15000 0.15000
  9   | 0.15000 0.15000 0.15000 0.15000 0.15000 0.15000 0.15000 0.15000 0.15000 0.15000 0.15000 0.15000 0.15000 0.15000 0.15000
------+------------------------------------------------------------------------------------------------------------------------
                                               
 
 
        Natural Mortality (per year)
        ----------------------------
------+--------
AGE   |    2002
------+--------
  0   | 0.15000
  1   | 0.15000
  2   | 0.15000
  3   | 0.15000
  4   | 0.15000
  5   | 0.15000
  6   | 0.15000
  7   | 0.15000
  8   | 0.15000
  9   | 0.15000
------+--------
                                               
 
 
 
        Proportion of fish spawning
        ---------------------------
------+------------------------------------------------------------------------------------------------------------------------
AGE   |    1972    1973    1974    1975    1976    1977    1978    1979    1980    1981    1982    1983    1984    1985    1986
------+------------------------------------------------------------------------------------------------------------------------
  0   |  0.0000  0.0000  0.0000  0.0000  0.0000  0.0000  0.0000  0.0000  0.0000  0.0000  0.0000  0.0000  0.0000  0.0000  0.0000
  1   |  0.0500  0.0500  0.0500  0.0600  0.0600  0.0600  0.0600  0.0600  0.0600  0.0700  0.0700  0.0700  0.0700  0.0700  0.0700
  2   |  0.5300  0.5400  0.5400  0.5500  0.5500  0.5500  0.5600  0.5600  0.5700  0.5700  0.5700  0.5800  0.5800  0.5800  0.5800
  3   |  0.9000  0.9000  0.9000  0.8900  0.8900  0.8900  0.8900  0.8900  0.8900  0.8800  0.8800  0.8800  0.8800  0.8800  0.8800
  4   |  0.9800  0.9800  0.9800  0.9800  0.9800  0.9800  0.9800  0.9800  0.9800  0.9800  0.9800  0.9800  0.9700  0.9700  0.9700
  5   |  0.9800  0.9800  0.9800  0.9800  0.9800  0.9800  0.9800  0.9800  0.9800  0.9800  0.9800  0.9800  0.9700  0.9700  0.9700
  6   |  0.9900  0.9900  0.9900  0.9900  0.9900  0.9900  0.9900  0.9900  0.9900  0.9900  0.9900  0.9900  0.9900  0.9900  0.9900
  7   |  1.0000  1.0000  1.0000  1.0000  1.0000  1.0000  1.0000  1.0000  1.0000  1.0000  1.0000  1.0000  1.0000  1.0000  1.0000
  8   |  1.0000  1.0000  1.0000  1.0000  1.0000  1.0000  1.0000  1.0000  1.0000  1.0000  1.0000  1.0000  1.0000  1.0000  1.0000
  9   |  1.0000  1.0000  1.0000  1.0000  1.0000  1.0000  1.0000  1.0000  1.0000  1.0000  1.0000  1.0000  1.0000  1.0000  1.0000
------+------------------------------------------------------------------------------------------------------------------------
                                               
 
 
        Proportion of fish spawning
        ---------------------------
------+------------------------------------------------------------------------------------------------------------------------
AGE   |    1987    1988    1989    1990    1991    1992    1993    1994    1995    1996    1997    1998    1999    2000    2001
------+------------------------------------------------------------------------------------------------------------------------
  0   |  0.0000  0.0000  0.0000  0.0000  0.0000  0.0000  0.0000  0.0000  0.0000  0.0000  0.0000  0.0000  0.0000  0.0000  0.0000
  1   |  0.0700  0.0700  0.0700  0.0700  0.0700  0.0700  0.0700  0.0700  0.0700  0.0700  0.0700  0.0700  0.0700  0.0700  0.0700
  2   |  0.5800  0.5800  0.5800  0.5800  0.5800  0.5800  0.5800  0.5800  0.5800  0.5800  0.5800  0.5800  0.5800  0.5800  0.5900
  3   |  0.8800  0.8800  0.8800  0.8800  0.8800  0.8800  0.8800  0.8800  0.8800  0.8800  0.8800  0.8600  0.8600  0.8600  0.8800
  4   |  0.9700  0.9700  0.9700  0.9700  0.9700  0.9700  0.9700  0.9700  0.9700  0.9700  0.9700  0.9800  0.9800  0.9800  0.9700
  5   |  0.9700  0.9700  0.9700  0.9700  0.9700  0.9700  0.9700  0.9700  0.9700  0.9700  0.9700  0.9800  0.9800  0.9800  0.9700
  6   |  0.9900  0.9900  0.9900  0.9900  0.9900  0.9900  0.9900  0.9900  0.9900  0.9900  0.9900  0.9900  0.9900  0.9900  0.9900
  7   |  1.0000  1.0000  1.0000  1.0000  1.0000  1.0000  1.0000  1.0000  1.0000  1.0000  1.0000  1.0000  1.0000  1.0000  1.0000
  8   |  1.0000  1.0000  1.0000  1.0000  1.0000  1.0000  1.0000  1.0000  1.0000  1.0000  1.0000  1.0000  1.0000  1.0000  1.0000
  9   |  1.0000  1.0000  1.0000  1.0000  1.0000  1.0000  1.0000  1.0000  1.0000  1.0000  1.0000  1.0000  1.0000  1.0000  1.0000
------+------------------------------------------------------------------------------------------------------------------------
                                               
 
 
        Proportion of fish spawning
        ---------------------------
------+--------
AGE   |    2002
------+--------
  0   |  0.0000
  1   |  0.0700
  2   |  0.5900
  3   |  0.8800
  4   |  0.9700
  5   |  0.9700
  6   |  0.9900
  7   |  1.0000
  8   |  1.0000
  9   |  1.0000
------+--------
                                               
 
 
 
 INDICES OF SPAWNING BIOMASS                                                    
  
 ----------------------------
 
          INDEX
        -------
------+------------------------------------------------------------------------------------------------------------------------
      |    1972    1973    1974    1975    1976    1977    1978    1979    1980    1981    1982    1983    1984    1985    1986
------+------------------------------------------------------------------------------------------------------------------------
  1   | ******* ******* ******* ******* ******* ******* ******* ******* ******* ******* ******* ******* ******* ******* *******
------+------------------------------------------------------------------------------------------------------------------------
       x 10 ^ 3                                
 
 
          INDEX
        -------
------+------------------------------------------------------------------------------------------------------------------------
      |    1987    1988    1989    1990    1991    1992    1993    1994    1995    1996    1997    1998    1999    2000    2001
------+------------------------------------------------------------------------------------------------------------------------
  1   | *******  287.07  298.29  285.67  297.99  289.02  271.30  245.95  236.06  191.51  187.38  195.30  219.47  208.16  222.36
------+------------------------------------------------------------------------------------------------------------------------
       x 10 ^ 3                                
 
 
          INDEX
        -------
------+--------
      |    2002
------+--------
  1   |  213.06
------+--------
       x 10 ^ 3                                
 
 
 
 AGE-STRUCTURED INDICES                                                         
  
 -----------------------
 
        FLT01: Dummy survey
        -------------------
------+--------------------------------
AGE   |    1981    1982    1983    1984
------+--------------------------------
  1   |  266.10  203.00   43.60   15.24
  2   |  506.40  435.90  712.70   79.51
  3   |  225.10  483.60  444.60  661.83
  4   |   31.70  184.10  391.60  374.60
  5   |  174.80   24.70  130.40  238.20
  6   |  158.50  136.60   20.20   92.00
  7   |   99.50  108.60   91.30   15.54
  8   |  116.60   84.50   70.90   51.47
  9   |   35.30   87.00   47.10   39.27
------+--------------------------------
       x 10 ^ 3                                
 
 
 
        Fishing Mortality (per year)
        ----------------------------
------+------------------------------------------------------------------------------------------------------------------------
AGE   |    1972    1973    1974    1975    1976    1977    1978    1979    1980    1981    1982    1983    1984    1985    1986
------+------------------------------------------------------------------------------------------------------------------------
  0   | 0.01027 0.00712 0.00746 0.00943 0.00683 0.00657 0.00654 0.00926 0.01002 0.00780 0.00912 0.00779 0.00964 0.00795 0.00650
  1   | 0.03886 0.02694 0.02825 0.03570 0.02584 0.02487 0.02475 0.03504 0.03791 0.02951 0.03450 0.02948 0.03649 0.03006 0.02459
  2   | 0.08601 0.05964 0.06252 0.07902 0.05719 0.05505 0.05479 0.07755 0.08390 0.06531 0.07635 0.06524 0.08076 0.06655 0.05442
  3   | 0.16968 0.11766 0.12335 0.15590 0.11284 0.10861 0.10810 0.15299 0.16553 0.12884 0.15064 0.12872 0.15934 0.13130 0.10740
  4   | 0.25941 0.17987 0.18858 0.23835 0.17250 0.16604 0.16526 0.23389 0.25306 0.19697 0.23030 0.19678 0.24359 0.20073 0.16418
  5   | 0.29506 0.20459 0.21449 0.27110 0.19621 0.18885 0.18796 0.26603 0.28783 0.22404 0.26194 0.22382 0.27706 0.22831 0.18675
  6   | 0.33368 0.23138 0.24257 0.30659 0.22189 0.21358 0.21257 0.30086 0.32551 0.25337 0.29624 0.25312 0.31333 0.25820 0.21119
  7   | 0.38229 0.26508 0.27790 0.35125 0.25422 0.24469 0.24354 0.34468 0.37293 0.29028 0.33939 0.28999 0.35897 0.29581 0.24195
  8   | 0.35409 0.24553 0.25741 0.32534 0.23547 0.22664 0.22557 0.31926 0.34542 0.26887 0.31435 0.26860 0.33250 0.27399 0.22410
  9   | 0.35409 0.24553 0.25741 0.32534 0.23547 0.22664 0.22557 0.31926 0.34542 0.26887 0.31435 0.26860 0.33250 0.27399 0.22410
------+------------------------------------------------------------------------------------------------------------------------
                                               
 
 
        Fishing Mortality (per year)
        ----------------------------
------+------------------------------------------------------------------------------------------------------------------------
AGE   |    1987    1988    1989    1990    1991    1992    1993    1994    1995    1996    1997    1998    1999    2000    2001
------+------------------------------------------------------------------------------------------------------------------------
  0   | 0.00736 0.00794 0.00689 0.00654 0.00981 0.00732 0.00802 0.00639 0.00882 0.00888 0.00532 0.00682 0.00608 0.00823 0.00848
  1   | 0.02786 0.03005 0.02607 0.02474 0.03711 0.02772 0.03036 0.02418 0.03337 0.03362 0.02012 0.02581 0.02301 0.03115 0.03210
  2   | 0.06165 0.06651 0.05770 0.05477 0.08215 0.06135 0.06719 0.05353 0.07386 0.07441 0.04454 0.05712 0.05094 0.06893 0.07105
  3   | 0.12160 0.13122 0.11384 0.10806 0.16207 0.12105 0.13257 0.10560 0.14573 0.14681 0.08787 0.11269 0.10050 0.13600 0.14018
  4   | 0.18595 0.20055 0.17403 0.16520 0.24779 0.18506 0.20267 0.16145 0.22279 0.22444 0.13434 0.17228 0.15364 0.20793 0.21432
  5   | 0.21150 0.22817 0.19788 0.18789 0.28183 0.21050 0.23054 0.18364 0.25342 0.25530 0.15281 0.19597 0.17476 0.23651 0.24378
  6   | 0.23919 0.25804 0.22386 0.21240 0.31871 0.23805 0.26070 0.20768 0.28658 0.28871 0.17281 0.22161 0.19763 0.26746 0.27568
  7   | 0.27403 0.29563 0.25646 0.24343 0.36493 0.27270 0.29865 0.23791 0.32830 0.33073 0.19796 0.25387 0.22640 0.30639 0.31581
  8   | 0.25381 0.27382 0.23755 0.22547 0.33818 0.25260 0.27664 0.22037 0.30410 0.30636 0.18337 0.23516 0.20972 0.28381 0.29254
  9   | 0.25381 0.27382 0.23755 0.22547 0.33818 0.25260 0.27664 0.22037 0.30410 0.30636 0.18337 0.23516 0.20972 0.28381 0.29254
------+------------------------------------------------------------------------------------------------------------------------
                                               
 
 
        Fishing Mortality (per year)
        ----------------------------
------+--------
AGE   |    2002
------+--------
  0   | 0.00678
  1   | 0.02566
  2   | 0.05679
  3   | 0.11205
  4   | 0.17130
  5   | 0.19485
  6   | 0.22035
  7   | 0.25243
  8   | 0.23382
  9   | 0.23382
------+--------
                                               
 
 
 
        Population Abundance (1 January)
        --------------------------------
------+------------------------------------------------------------------------------------------------------------------------
AGE   |    1972    1973    1974    1975    1976    1977    1978    1979    1980    1981    1982    1983    1984    1985    1986
------+------------------------------------------------------------------------------------------------------------------------
  0   |  169.04  509.29  456.08  481.39  558.81  105.69  392.35  511.73  345.83  542.44  345.83  542.44  558.92  509.30  498.71
  1   |  374.15  144.01  435.24  389.63  410.44  477.70   90.37  335.50  436.39  294.69  463.26  294.96  463.26  476.46  434.89
  2   |  377.03  309.76  120.65  364.18  323.59  344.26  401.06   75.88  278.82  361.63  246.27  385.21  246.50  384.45  397.94
  3   |  125.53  297.77  251.18   97.55  289.64  263.04  280.44  326.79   60.44  220.67  291.58  196.38  310.61  195.70  309.59
  4   |  260.83   91.18  227.84  191.10   71.84  222.69  203.10  216.64  241.37   44.08  166.97  215.87  148.61  227.97  147.72
  5   |  134.32  173.20   65.56  162.40  129.60   52.04  162.35  148.18  147.58  161.30   31.16  114.15  152.61  100.26  160.53
  6   |  104.49   86.07  121.50   45.54  106.59   91.68   37.08  115.79   97.75   95.25  110.97   20.64   78.55   99.57   68.68
  7   |   57.76   64.42   58.78   82.05   28.84   73.49   63.73   25.81   73.77   60.76   63.63   71.02   13.79   49.42   66.20
  8   |   23.34   33.92   42.53   38.32   49.70   19.25   49.52   43.00   15.74   43.73   39.12   39.01   45.74    8.29   31.64
  9   |   89.32   60.48   56.88   59.42   54.79   68.40   55.74   66.66   63.82   42.40   54.38   53.41   56.35   61.41   40.81
------+------------------------------------------------------------------------------------------------------------------------
       x 10 ^ 6                                
 
 
        Population Abundance (1 January)
        --------------------------------
------+------------------------------------------------------------------------------------------------------------------------
AGE   |    1987    1988    1989    1990    1991    1992    1993    1994    1995    1996    1997    1998    1999    2000    2001
------+------------------------------------------------------------------------------------------------------------------------
  0   |  498.71  481.39  361.18  438.52  217.58  345.86  105.68  202.56  528.86  420.77  350.85  169.05  456.21  361.19  217.57
  1   |  426.47  426.09  411.06  308.73  374.98  185.44  295.51   90.24  173.24  451.20  358.96  300.38  144.51  390.28  308.33
  2   |  365.22  356.98  355.88  344.69  259.23  310.99  155.25  246.74   75.81  144.21  375.51  302.80  251.95  121.55  325.62
  3   |  324.37  295.55  287.48  289.14  280.87  205.53  251.74  124.94  201.30   60.61  115.22  309.13  246.15  206.09   97.65
  4   |  239.33  247.22  223.10  220.81  223.37  205.58  156.73  189.77   96.76  149.77   45.04   90.83  237.71  191.61  154.82
  5   |  107.89  171.04  174.12  161.35  161.12  150.06  147.05  110.15  138.99   66.65  102.99   33.89   65.81  175.46  133.96
  6   |  114.63   75.16  117.18  122.96  115.09  104.62  104.64  100.51   78.90   92.85   44.44   76.08   23.98   47.56  119.21
  7   |   47.86   77.68   49.98   80.63   85.58   72.02   70.97   69.40   70.28   50.99   59.87   32.18   52.47   16.94   31.33
  8   |   44.73   31.32   49.75   33.28   54.41   51.14   47.20   45.31   47.08   43.56   31.53   42.28   21.49   36.01   10.73
  9   |   45.35   55.39   51.20   67.41   64.74   67.53   75.39   73.80   78.02   73.06   67.70   64.97   66.83   55.19   53.02
------+------------------------------------------------------------------------------------------------------------------------
       x 10 ^ 6                                
 
 
        Population Abundance (1 January)
        --------------------------------
------+----------------
AGE   |    2002    2003
------+----------------
  0   |  528.91  233.97
  1   |  185.68  452.16
  2   |  257.00  155.77
  3   |  261.04  208.99
  4   |   73.06  200.86
  5   |  107.55   52.98
  6   |   90.36   76.18
  7   |   77.88   62.39
  8   |   19.66   52.08
  9   |   36.48   38.24
------+----------------
       x 10 ^ 6                                
 
 
 
        Weighting factors for the catches in number
        -------------------------------------------
------+----------------------------------------------------------------------------------------
AGE   |    1992    1993    1994    1995    1996    1997    1998    1999    2000    2001    2002
------+----------------------------------------------------------------------------------------
  0   |  0.0200  0.0200  0.0200  0.0200  0.0200  0.0200  0.0200  0.0200  0.0200  0.0200  0.0200
  1   |  1.0000  1.0000  1.0000  1.0000  1.0000  1.0000  1.0000  1.0000  1.0000  1.0000  1.0000
  2   |  1.0000  1.0000  1.0000  1.0000  1.0000  1.0000  1.0000  1.0000  1.0000  1.0000  1.0000
  3   |  1.0000  1.0000  1.0000  1.0000  1.0000  1.0000  1.0000  1.0000  1.0000  1.0000  1.0000
  4   |  1.0000  1.0000  1.0000  1.0000  1.0000  1.0000  1.0000  1.0000  1.0000  1.0000  1.0000
  5   |  1.0000  1.0000  1.0000  1.0000  1.0000  1.0000  1.0000  1.0000  1.0000  1.0000  1.0000
  6   |  1.0000  1.0000  1.0000  1.0000  1.0000  1.0000  1.0000  1.0000  1.0000  1.0000  1.0000
  7   |  1.0000  1.0000  1.0000  1.0000  1.0000  1.0000  1.0000  1.0000  1.0000  1.0000  1.0000
  8   |  1.0000  1.0000  1.0000  1.0000  1.0000  1.0000  1.0000  1.0000  1.0000  1.0000  1.0000
------+----------------------------------------------------------------------------------------
                                               
 
 
 
 Predicted SSB Index Values                                                     
  
 ---------------------------
 
          INDEX
        -------
------+------------------------------------------------------------------------------------------------------------------------
      |    1972    1973    1974    1975    1976    1977    1978    1979    1980    1981    1982    1983    1984    1985    1986
------+------------------------------------------------------------------------------------------------------------------------
  1   | ******* ******* ******* ******* ******* ******* ******* ******* ******* ******* ******* ******* ******* ******* *******
------+------------------------------------------------------------------------------------------------------------------------
       x 10 ^ 3                                
 
 
          INDEX
        -------
------+------------------------------------------------------------------------------------------------------------------------
      |    1987    1988    1989    1990    1991    1992    1993    1994    1995    1996    1997    1998    1999    2000    2001
------+------------------------------------------------------------------------------------------------------------------------
  1   | *******  287.08  298.30  285.68  297.99  289.02  271.29  245.94  236.05  191.51  187.38  195.29  219.47  208.16  222.37
------+------------------------------------------------------------------------------------------------------------------------
       x 10 ^ 3                                
 
 
          INDEX
        -------
------+--------
      |    2002
------+--------
  1   |  213.08
------+--------
       x 10 ^ 3                                
 
 
 
 Predicted Age-Structured Index Values                                          
  
 --------------------------------------
 
        FLT01: Dummy survey Predicted
        -----------------------------
------+--------------------------------
AGE   |    1981    1982    1983    1984
------+--------------------------------
  1   |   61.82   96.91   61.88   96.81
  2   |  400.26  270.92  426.37  270.52
  3   |  375.66  490.45  334.33  519.97
  4   |   61.50  228.71  301.18  202.07
  5   |  181.69   34.37  128.60  166.96
  6   |  119.58  136.07   25.91   95.41
  7   |   87.58   89.29  102.40   19.14
  8   |   82.23   71.75   73.37   83.06
  9   |   40.64   50.83   51.20   52.15
------+--------------------------------
       x 10 ^ 3                                
 
 
 
        Fitted Selection Pattern
        ------------------------
------+------------------------------------------------------------------------------------------------------------------------
AGE   |    1972    1973    1974    1975    1976    1977    1978    1979    1980    1981    1982    1983    1984    1985    1986
------+------------------------------------------------------------------------------------------------------------------------
  0   |  0.0348  0.0348  0.0348  0.0348  0.0348  0.0348  0.0348  0.0348  0.0348  0.0348  0.0348  0.0348  0.0348  0.0348  0.0348
  1   |  0.1317  0.1317  0.1317  0.1317  0.1317  0.1317  0.1317  0.1317  0.1317  0.1317  0.1317  0.1317  0.1317  0.1317  0.1317
  2   |  0.2915  0.2915  0.2915  0.2915  0.2915  0.2915  0.2915  0.2915  0.2915  0.2915  0.2915  0.2915  0.2915  0.2915  0.2914
  3   |  0.5751  0.5751  0.5751  0.5751  0.5751  0.5751  0.5751  0.5751  0.5751  0.5751  0.5751  0.5751  0.5751  0.5751  0.5751
  4   |  0.8792  0.8792  0.8792  0.8792  0.8792  0.8792  0.8792  0.8792  0.8792  0.8792  0.8792  0.8792  0.8792  0.8792  0.8792
  5   |  1.0000  1.0000  1.0000  1.0000  1.0000  1.0000  1.0000  1.0000  1.0000  1.0000  1.0000  1.0000  1.0000  1.0000  1.0000
  6   |  1.1309  1.1309  1.1309  1.1309  1.1309  1.1309  1.1309  1.1309  1.1309  1.1309  1.1309  1.1309  1.1309  1.1309  1.1309
  7   |  1.2957  1.2957  1.2957  1.2956  1.2957  1.2957  1.2957  1.2956  1.2956  1.2957  1.2957  1.2957  1.2956  1.2956  1.2956
  8   |  1.2001  1.2001  1.2001  1.2001  1.2001  1.2001  1.2001  1.2001  1.2001  1.2001  1.2001  1.2001  1.2001  1.2001  1.2001
  9   |  1.2001  1.2001  1.2001  1.2001  1.2001  1.2001  1.2001  1.2001  1.2001  1.2001  1.2001  1.2001  1.2001  1.2001  1.2001
------+------------------------------------------------------------------------------------------------------------------------
                                               
 
 
        Fitted Selection Pattern
        ------------------------
------+------------------------------------------------------------------------------------------------------------------------
AGE   |    1987    1988    1989    1990    1991    1992    1993    1994    1995    1996    1997    1998    1999    2000    2001
------+------------------------------------------------------------------------------------------------------------------------
  0   |  0.0348  0.0348  0.0348  0.0348  0.0348  0.0348  0.0348  0.0348  0.0348  0.0348  0.0348  0.0348  0.0348  0.0348  0.0348
  1   |  0.1317  0.1317  0.1317  0.1317  0.1317  0.1317  0.1317  0.1317  0.1317  0.1317  0.1317  0.1317  0.1317  0.1317  0.1317
  2   |  0.2915  0.2915  0.2916  0.2915  0.2915  0.2915  0.2915  0.2915  0.2915  0.2915  0.2915  0.2915  0.2915  0.2915  0.2915
  3   |  0.5750  0.5751  0.5753  0.5751  0.5751  0.5750  0.5750  0.5750  0.5750  0.5750  0.5750  0.5750  0.5750  0.5750  0.5750
  4   |  0.8792  0.8790  0.8795  0.8792  0.8792  0.8791  0.8791  0.8791  0.8791  0.8791  0.8791  0.8791  0.8791  0.8791  0.8791
  5   |  1.0000  1.0000  1.0000  1.0000  1.0000  1.0000  1.0000  1.0000  1.0000  1.0000  1.0000  1.0000  1.0000  1.0000  1.0000
  6   |  1.1309  1.1309  1.1313  1.1305  1.1308  1.1309  1.1309  1.1309  1.1309  1.1309  1.1309  1.1309  1.1309  1.1309  1.1309
  7   |  1.2956  1.2956  1.2960  1.2956  1.2949  1.2955  1.2955  1.2955  1.2955  1.2955  1.2955  1.2955  1.2955  1.2955  1.2955
  8   |  1.2001  1.2001  1.2004  1.2000  1.1999  1.2000  1.2000  1.2000  1.2000  1.2000  1.2000  1.2000  1.2000  1.2000  1.2000
  9   |  1.2001  1.2001  1.2004  1.2000  1.1999  1.2000  1.2000  1.2000  1.2000  1.2000  1.2000  1.2000  1.2000  1.2000  1.2000
------+------------------------------------------------------------------------------------------------------------------------
                                               
 
 
        Fitted Selection Pattern
        ------------------------
------+--------
AGE   |    2002
------+--------
  0   |  0.0348
  1   |  0.1317
  2   |  0.2915
  3   |  0.5750
  4   |  0.8791
  5   |  1.0000
  6   |  1.1309
  7   |  1.2955
  8   |  1.2000
  9   |  1.2000
------+--------
                                               
 
 
 
 
 
                    STOCK SUMMARY                                             
 
 
 ³ Year ³  Recruits  ³  Total  ³ Spawning³ Landings ³ Yield ³ Mean F ³ SoP ³    
 ³      ³   Age   0  ³ Biomass ³ Biomass ³          ³ /SSB  ³  Ages  ³     ³ 
 ³      ³  thousands ³  tonnes ³ tonnes  ³ tonnes   ³ ratio ³  4- 7  ³ (%) ³ 
 
   1972       169040    426782    287798     94669   0.3289   0.3176   100
   1973       509290    362781    267631     57233   0.2139   0.2202    99
   1974       456070    361073    248287     57743   0.2326   0.2309    99
   1975       481380    352796    228984     65204   0.2848   0.2918    99
   1976       558810    347135    228187     45505   0.1994   0.2112    99
   1977       105680    369658    244418     47607   0.1948   0.2033    99
   1978       392350    357543    268594     47395   0.1765   0.2023    99
   1979       511720    353030    253974     66286   0.2610   0.2864    99
   1980       345820    339757    225784     74322   0.3292   0.3098    99
   1981       542430    319372    221151     53920   0.2438   0.2412   100
   1982       345830    307345    209143     63816   0.3051   0.2820    99
   1983       542440    321787    225343     52056   0.2310   0.2409    99
   1984       558920    342481    235782     64518   0.2736   0.2982    99
   1985       509300    360821    249192     65034   0.2610   0.2458    99
   1986       498710    376008    267016     56327   0.2109   0.2010   100
   1987       498700    379319    273693     69311   0.2532   0.2277   100
   1988       481380    395000    287081     79159   0.2757   0.2456   100
   1989       361170    407789    298295     67673   0.2269   0.2131    99
   1990       438510    377797    285676     67313   0.2356   0.2022    99
   1991       217570    406677    297987     98473   0.3305   0.3033   100
   1992       345850    382761    289020     70771   0.2449   0.2266   100
   1993       105680    360028    271289     70899   0.2613   0.2481    99
   1994       202560    312269    245943     55137   0.2242   0.1977    99
   1995       528860    304828    236054     68240   0.2891   0.2728   100
   1996       420760    269876    191506     57387   0.2997   0.2748    99
   1997       350840    269694    187375     31221   0.1666   0.1645   100
   1998       169040    273049    195292     42316   0.2167   0.2109   100
   1999       456200    289159    219470     41363   0.1885   0.1881    99
   2000       361180    286410    208160     56941   0.2735   0.2546   100
   2001       217560    308944    222369     57628   0.2592   0.2624    99
   2002       528900    284752    213082     46111   0.2164   0.2097    99
 
 -----------------------------------------------------------------            
 No of years for separable analysis : 11                                      
 Age range in the analysis : 0  . . . 9                                       
 Year range in the analysis : 1972  . . . 2002                                
 Number of indices of SSB : 1                                                 
 Number of age-structured indices : 1                                         
                                                                              
 Parameters to estimate : 46                                                  
 Number of observations : 150                                                 
                                                                              
 Conventional single selection vector model to be fitted.                     
                                                                              
                                                                              
                                                                              
 -----------------------------------------------------------------            
 
 
 PARAMETER ESTIMATES                                                            
  
 
 ³Parm.³      ³ Maximum ³    ³        ³         ³         ³         ³ Mean of ³ 
  
 ³ No. ³      ³ Likelh. ³ CV ³  Lower ³ Upper   ³  -s.e.  ³   +s.e. ³ Param.  ³ 
  
 ³     ³      ³ Estimate³ (%)³ 95% CL ³ 95% CL  ³         ³         ³ Distrib.³ 
  
 Separable model : F by year                                                    
  
    1   1992     0.1635   0    0.1635    0.1635    0.1635    0.1635    0.1635
    2   1993     0.1809   0    0.1809    0.1809    0.1809    0.1809    0.1809
    3   1994     0.1469   0    0.1469    0.1469    0.1469    0.1469    0.1469
    4   1995     0.2086   0    0.2086    0.2086    0.2086    0.2086    0.2086
    5   1996     0.2184   0    0.2184    0.2184    0.2184    0.2184    0.2184
    6   1997     0.1390   0    0.1390    0.1390    0.1390    0.1390    0.1390
    7   1998     0.1938   1    0.1900    0.1976    0.1919    0.1958    0.1938
    8   1999     0.1911 100    0.0269    1.3567    0.0703    0.5195    0.3151
    9   2000     0.2916   0    0.2916    0.2917    0.2916    0.2917    0.2916
   10   2001     0.3477   0    0.3477    0.3477    0.3477    0.3477    0.3477
   11   2002     0.3270   0    0.3270    0.3270    0.3270    0.3270    0.3270
 
 Separable Model: Selection (S) by age                                          
  
   12      0     0.0479   0    0.0479    0.0479    0.0479    0.0479    0.0479
   13      1     0.1609   0    0.1609    0.1609    0.1609    0.1609    0.1609
   14      2     0.3263   0    0.3263    0.3263    0.3263    0.3263    0.3263
   15      3     0.6069   0    0.6069    0.6069    0.6069    0.6069    0.6069
   16      4     0.8957   0    0.8957    0.8957    0.8957    0.8957    0.8957
           5     1.0000     Fixed : Reference Age             
   17      6     1.1252   0    1.1252    1.1252    1.1252    1.1252    1.1252
   18      7     1.1967   0    1.1967    1.1967    1.1967    1.1967    1.1967
           8     1.2000     Fixed : Last true age             
 
 Separable model: Populations in year 2002                                    
   19      0     230143   0     230143    230143    230143    230143    230143
   20      1      92987   0      92987     92987     92987     92987     92987
   21      2     144402   0     144402    144402    144402    144402    144402
   22      3     160328   0     160328    160328    160328    160328    160328
   23      4      47646   0      47646     47646     47646     47646     47646
   24      5      72925   0      72925     72925     72925     72925     72925
   25      6      63837   0      63837     63837     63837     63837     63837
   26      7      57457   0      57457     57457     57457     57457     57457
   27      8      15541   0      15541     15541     15541     15541     15541
 
Separable model: Populations at age
   28   1992      75699   0      75699     75699     75699     75699     75699
   29   1993      68756   0      68756     68756     68756     68756     68756
   30   1994      65481   0      65481     65481     65481     65481     65481
   31   1995      66883   0      66883     66883     66883     66883     66883
   32   1996      61908   0      61908     61908     61908     61908     61908
   33   1997      44004   0      44004     44004     44004     44004     44004
   34   1998      55289   0      55289     55289     55289     55289     55289
   35   1999      26044   0      26044     26044     26044     26044     26044
   36   2000      39081   0      39081     39081     39081     39081     39081
   37   2001      10200   0      10200     10200     10200     10200     10200
 
 SSB Index catchabilities                                                       
  
   INDEX                                 
 Absolute estimator. No fitted catchability.                                    
  
 
 
 
 Age-structured index catchabilities                                            
  
                                        FLT01: Dummy survey                     
 
 Linear model fitted. Slopes at age :                                           
  
   38   1  Q  .2174       0 .2174     .2174     .2174     .2174     .2174    
   39   2  Q  1.174       0 1.174     1.174     1.174     1.174     1.174    
   40   3  Q  1.871       0 1.871     1.871     1.871     1.871     1.871    
   41   4  Q  1.588       0 1.588     1.588     1.588     1.588     1.588    
   42   5  Q  1.294       0 1.294     1.294     1.294     1.294     1.294    
   43   6  Q  1.453       0 1.453     1.453     1.453     1.453     1.453    
   44   7  Q  1.678       0 1.678     1.678     1.678     1.678     1.678    
   45   8  Q  2.122       0 2.122     2.122     2.122     2.122     2.122    
   46   9  Q  1.089       0 1.089     1.089     1.089     1.089     1.089    
 
 
 
 RESIDUALS ABOUT THE MODEL FIT                                                  
  
 ------------------------------
 
        Separable Model Residuals
        -------------------------
------+----------------------------------------------------------------------------------------
Age   |    1992    1993    1994    1995    1996    1997    1998    1999    2000    2001    2002
------+----------------------------------------------------------------------------------------
  0   | ******* ******* ******* ******* ******* ******* ******* ******* ******* ******* *******
  1   | ******* ******* ******* ******* ******* ******* ******* ******* ******* ******* *******
  2   | ******* ******* ******* ******* ******* ******* ******* ******* ******* ******* *******
  3   | ******* ******* ******* ******* ******* ******* ******* ******* ******* ******* *******
  4   | ******* ******* ******* ******* ******* ******* ******* ******* ******* ******* *******
  5   | ******* ******* ******* ******* ******* ******* ******* ******* ******* ******* *******
  6   | ******* ******* ******* ******* ******* ******* ******* ******* ******* ******* *******
  7   | ******* ******* ******* ******* ******* ******* ******* ******* ******* ******* *******
  8   | ******* ******* ******* ******* ******* ******* ******* ******* ******* ******* *******
------+----------------------------------------------------------------------------------------
                                               
 
 
 
 SPAWNING BIOMASS INDEX RESIDUALS                                               
  
 ---------------------------------
 
          INDEX
        -------
------+------------------------------------------------------------------------------------------------------------------------
      |    1972    1973    1974    1975    1976    1977    1978    1979    1980    1981    1982    1983    1984    1985    1986
------+------------------------------------------------------------------------------------------------------------------------
  1   | ******* ******* ******* ******* ******* ******* ******* ******* ******* ******* ******* ******* ******* ******* *******
------+------------------------------------------------------------------------------------------------------------------------
                                               
 
 
          INDEX
        -------
------+------------------------------------------------------------------------------------------------------------------------
      |    1987    1988    1989    1990    1991    1992    1993    1994    1995    1996    1997    1998    1999    2000    2001
------+------------------------------------------------------------------------------------------------------------------------
  1   | ******* ******* ******* ******* ******* ******* ******* ******* ******* ******* ******* ******* ******* ******* *******
------+------------------------------------------------------------------------------------------------------------------------
                                               
 
 
          INDEX
        -------
------+--------
      |    2002
------+--------
  1   | *******
------+--------
                                               
 
 
 
 AGE-STRUCTURED INDEX RESIDUALS                                                 
  
 -------------------------------
 
        FLT01: Dummy survey
        -------------------
------+--------------------------------
Age   |    1981    1982    1983    1984
------+--------------------------------
  1   |   1.460   0.739  -0.350  -1.849
  2   |   0.235   0.476   0.514  -1.224
  3   |  -0.512  -0.014   0.285   0.241
  4   |  -0.663  -0.217   0.263   0.617
  5   |  -0.039  -0.331   0.014   0.355
  6   |   0.282   0.004  -0.249  -0.036
  7   |   0.128   0.196  -0.115  -0.209
  8   |   0.349   0.164  -0.034  -0.479
  9   |  -0.141   0.537  -0.083  -0.284
------+--------------------------------
                                               
 
 
 
 
 
 
 PARAMETERS OF THE DISTRIBUTION OF ln(CATCHES AT AGE)                           
  
 -----------------------------------------------------
 
 Separable model fitted from 1992  to 2002                                    
 Variance                             0.0000
Skewness test stat.                  -3.6905
Kurtosis test statistic              10.9604
Partial chi-square                    0.0000
Significance in fit                   0.0000
Degrees of freedom                        62
 
 
 PARAMETERS OF DISTRIBUTIONS OF THE SSB INDICES                                 
  
 -----------------------------------------------
 
 
   DISTRIBUTION STATISTICS FOR   INDEX                                          
 
 
 Index used as absolute measure of abundance                                    
  
 Last age is a plus-group                                                       
  
 
 Variance                             0.0000
Skewness test stat.                  -2.5803
Kurtosis test statistic               1.2245
Partial chi-square                    0.0000
Significance in fit                   0.0000
Number of observations                    15
Degrees of freedom                        15
Weight in the analysis                5.0000
 
 PARAMETERS OF THE DISTRIBUTION OF THE AGE-STRUCTURED INDICES                   
  
 ------------------------------------------------------------ 
 
 
   DISTRIBUTION STATISTICS FOR FLT01: Dummy survey                              
 
 
 Linear catchability relationship assumed                                       
  
 
 Age                          1         2         3         4         5         6         7         8         9
 Variance                0.0023    0.0008    0.0001    0.0003    0.0001    0.0001    0.0000    0.0001    0.0001
Skewness test stat.     -0.3000   -0.8822   -0.6224   -0.0866    0.1231    0.2075   -0.0439   -0.4388    0.8452
Kurtosis test statisti  -0.5263   -0.2984   -0.4284   -0.5819   -0.4156   -0.4114   -0.7235   -0.4509   -0.2844
Partial chi-square       0.0006    0.0002    0.0000    0.0001    0.0000    0.0000    0.0000    0.0000    0.0000
Significance in fit      0.0000    0.0000    0.0000    0.0000    0.0000    0.0000    0.0000    0.0000    0.0000
Number of observations        4         4         4         4         4         4         4         4         4
Degrees of freedom            3         3         3         3         3         3         3         3         3
Weight in the analysis   0.0011    0.0011    0.0011    0.0011    0.0011    0.0011    0.0011    0.0011    0.0011
 
 ANALYSIS OF VARIANCE                   
--------------------------
 
 Unweighted Statistics                                                          
  
 
                                                                                
  
Variance                              
                                       SSQ     Data    Parameters d.f. Variance
Total for model                        10.8670     150         46  104   0.1045
Catches at age                          0.0000      99         37   62   0.0000
  
SSB Indices                           
  INDEX                                 0.0000      15          0   15   0.0000
  
 Aged Indices                                                                   
  
FLT01: Dummy survey                    10.8670      36          9   27   0.4025
 
 
 Weighted Statistics                                                            
  
 
                                                                                
  
Variance                              
                                       SSQ     Data    Parameters d.f. Variance
Total for model                         0.0000     150         46  104   0.0000
Catches at age                          0.0000      99         37   62   0.0000
  
SSB Indices                           
  INDEX                                 0.0000      15          0   15   0.0000
  
 Aged Indices                                                                   
  
FLT01: Dummy survey                     0.0000      36          9   27   0.0000
 
