 Output Generated by ICA Version 1.4                                            
  
 ------------------------------------
 
        Mackerel NE Atlantic  WG2003
        ----------------------------
 
        Catch in Number
        ---------------
------+------------------------------------------------------------------------------------------------------------------------
AGE   |    1972    1973    1974    1975    1976    1977    1978    1979    1980    1981    1982    1983    1984    1985    1986
------+------------------------------------------------------------------------------------------------------------------------
  0   |   2800.   1597.   4389.   2148.   2878.   6847.   3435.   6134.   6419.   2201.   2995.   4565.   4242.   4324.   2699.
  1   |   7737.  15369.   4617.   8369.   9229.  12099.  14465.  15038.  20281.  15468.   8446.  11820.  12750.  13613.   8475.
  2   |  16471.  24073.  25081.   5018.  20522.  21975.  14532.  35983.  28139.  27783.  33745.  18831.  18651.  23154.  15216.
  3   |  29239.  43290.  32964.  23262.  10518.  41207.  22417.  30663.  56718.  32729.  51468.  63199.  24963.  28535.  22097.
  4   |  20051.  55682.  42324.  22255.  35796.  15237.  30422.  34395.  34742.  47784.  44102.  69154.  59890.  27447.  19845.
  5   |  16266.  27197.  38053.  20183.  24548.  36711.   7916.  33242.  27429.  20643.  45799.  41748.  45827.  46324.  13500.
  6   |  27788.  21319.  17840.  17562.  21630.  24278.  18413.   8370.  25522.  15741.  19147.  41709.  26570.  34122.  22062.
  7   |   9718.  35662.  13599.   8086.  18554.  20906.  11924.  19099.   6269.  14346.  14327.  16993.  25828.  19299.  15968.
  8   |   8064.  10063.  18126.   4901.   6877.  14406.   8164.   9950.  11441.   2808.  10485.  10197.   8382.  14995.   7187.
  9   |   7942.  16177.  14086.  11825.  15054.  17017.  12699.  16791.  16541.  12988.  11156.  15355.  12745.  12225.  10847.
------+------------------------------------------------------------------------------------------------------------------------
       x 10 ^ 3                                
 
 
        Catch in Number
        ---------------
------+------------------------------------------------------------------------------------------------------------------------
AGE   |    1987    1988    1989    1990    1991    1992    1993    1994    1995    1996    1997    1998    1999    2000    2001
------+------------------------------------------------------------------------------------------------------------------------
  0   |   1754.   4003.   2617.   2460.   3651.   1886.   5045.   3316.   2956.   4512.   3549.    878.   2895.   2480.   4435.
  1   |  13242.   5769.   8042.  11327.   8459.   8718.   7431.  17515.  10984.  11035.  15410.   6231.   4527.   6991.   9959.
  2   |  23682.  24689.   6613.  19869.  22144.  11527.  19608.  14675.  32948.  23205.  21253.  15402.  18273.   6218.  15953.
  3   |  36196.  37285.  24185.  13970.  32988.  25794.  22153.  32901.  23396.  58638.  37425.  18077.  38350.  21315.  12033.
  4   |  38429.  41096.  26660.  37523.  16859.  28094.  36359.  27037.  38010.  29969.  67470.  23067.  32813.  32422.  29974.
  5   |  24698.  30783.  20813.  29658.  32153.  10201.  28343.  31530.  22119.  34356.  24146.  29233.  29922.  19574.  32420.
  6   |  16295.  19074.  15106.  22501.  24585.  18866.   9995.  23784.  24920.  19260.  26564.  10104.  36735.  17243.  18932.
  7   |  26194.  12297.   9205.  16103.  18297.  14196.  18214.   8231.  18413.  21180.  14473.  10893.  12472.  20742.  16356.
  8   |  15281.  15815.   4726.   7899.  10497.   8436.  11020.  12027.   5103.  12544.  12720.   4708.  10842.   5612.  15806.
  9   |  17594.  20719.  14728.  16519.  15993.  11922.  15329.  18022.  19180.  16453.  17367.   9790.  14167.  11839.  13199.
------+------------------------------------------------------------------------------------------------------------------------
       x 10 ^ 3                                
 
 
        Catch in Number
        ---------------
------+--------
AGE   |    2002
------+--------
  0   |   3938.
  1   |  16658.
  2   |  21128.
  3   |  28419.
  4   |  15364.
  5   |  26925.
  6   |  28004.
  7   |  15929.
  8   |  11025.
  9   |  19896.
------+--------
       x 10 ^ 3                                
 
 
 
        Predicted Catch in Number
        -------------------------
------+----------------------------------------------------------------------------------------
AGE   |    1992    1993    1994    1995    1996    1997    1998    1999    2000    2001    2002
------+----------------------------------------------------------------------------------------
  0   |   1886.   5045.   3316.   2956.   4512.   3549.    878.   2895.   2480.   4435.   3938.
  1   |   8718.   7431.  17515.  10984.  11035.  15410.   6231.   4527.   6991.   9959.  16658.
  2   |  11527.  19608.  14675.  32948.  23205.  21253.  15402.  18273.   6218.  15953.  21128.
  3   |  25794.  22153.  32901.  23396.  58638.  37425.  18077.  38350.  21315.  12033.  28419.
  4   |  28094.  36359.  27037.  38010.  29969.  67470.  23067.  32813.  32422.  29974.  15364.
  5   |  10201.  28343.  31530.  22119.  34356.  24146.  29233.  29922.  19574.  32420.  26925.
  6   |  18866.   9995.  23784.  24920.  19260.  26564.  10104.  36735.  17243.  18932.  28004.
  7   |  14196.  18214.   8231.  18413.  21180.  14473.  10893.  12472.  20742.  16356.  15929.
  8   |   8436.  11020.  12027.   5103.  12544.  12720.   4708.  10842.   5612.  15806.  11025.
------+----------------------------------------------------------------------------------------
       x 10 ^ 3                                
 
 
 
        Weights at age in the catches (Kg)
        ----------------------------------
------+------------------------------------------------------------------------------------------------------------------------
AGE   |    1972    1973    1974    1975    1976    1977    1978    1979    1980    1981    1982    1983    1984    1985    1986
------+------------------------------------------------------------------------------------------------------------------------
  0   | 0.05200 0.05000 0.05100 0.05000 0.05900 0.05600 0.03600 0.01600 0.05700 0.06000 0.05300 0.05000 0.03100 0.05500 0.03900
  1   | 0.13500 0.14500 0.13600 0.14800 0.13700 0.13600 0.13500 0.13700 0.13100 0.13200 0.13100 0.16800 0.10200 0.14400 0.14600
  2   | 0.27700 0.19400 0.22900 0.17700 0.20700 0.16900 0.16100 0.16100 0.24900 0.24800 0.24900 0.21900 0.18400 0.26200 0.24500
  3   | 0.34100 0.28500 0.26100 0.25900 0.26300 0.27500 0.25000 0.24300 0.28500 0.28700 0.28500 0.27600 0.29500 0.35700 0.33500
  4   | 0.42300 0.36800 0.33400 0.32300 0.32000 0.33300 0.32500 0.31800 0.34500 0.34400 0.34500 0.31000 0.32600 0.41800 0.42300
  5   | 0.46800 0.44800 0.39200 0.34800 0.34600 0.35200 0.34500 0.34800 0.37800 0.37700 0.37800 0.38600 0.34400 0.41700 0.47100
  6   | 0.46800 0.46800 0.48100 0.43000 0.40600 0.40700 0.40300 0.40100 0.45400 0.45400 0.45400 0.42500 0.43100 0.43600 0.44400
  7   | 0.50800 0.50800 0.50800 0.48800 0.44300 0.44600 0.42100 0.41600 0.49800 0.49900 0.49600 0.43500 0.54200 0.52100 0.45700
  8   | 0.53900 0.53900 0.53900 0.53900 0.51800 0.54600 0.51800 0.50600 0.52000 0.51300 0.51300 0.49800 0.48000 0.55500 0.54300
  9   | 0.61068 0.59489 0.60226 0.59054 0.60380 0.59339 0.57077 0.53594 0.56548 0.56212 0.56874 0.57509 0.60823 0.61611 0.60696
------+------------------------------------------------------------------------------------------------------------------------
                                               
 
 
        Weights at age in the catches (Kg)
        ----------------------------------
------+------------------------------------------------------------------------------------------------------------------------
AGE   |    1987    1988    1989    1990    1991    1992    1993    1994    1995    1996    1997    1998    1999    2000    2001
------+------------------------------------------------------------------------------------------------------------------------
  0   | 0.07600 0.05500 0.04900 0.08500 0.06800 0.05100 0.06100 0.04600 0.07200 0.05800 0.07600 0.06500 0.06200 0.06300 0.06900
  1   | 0.17900 0.13300 0.13600 0.15600 0.15600 0.16700 0.13400 0.13600 0.14300 0.14300 0.14300 0.15700 0.17600 0.13500 0.17100
  2   | 0.22300 0.25900 0.23700 0.23300 0.25300 0.23900 0.24000 0.25500 0.23400 0.22600 0.23000 0.22700 0.23600 0.22900 0.22300
  3   | 0.31800 0.32300 0.32000 0.33600 0.32700 0.33300 0.31700 0.33900 0.33300 0.31300 0.29500 0.31000 0.30700 0.30800 0.30700
  4   | 0.39900 0.38800 0.37700 0.37900 0.39400 0.39700 0.37600 0.39000 0.39000 0.37700 0.35900 0.35400 0.36100 0.36700 0.37800
  5   | 0.47400 0.45600 0.43300 0.42300 0.42300 0.46000 0.43600 0.44800 0.45200 0.42500 0.41500 0.40800 0.40600 0.42900 0.42600
  6   | 0.51200 0.52400 0.45600 0.46700 0.46900 0.49500 0.48300 0.51200 0.50100 0.48400 0.45300 0.45200 0.45400 0.46700 0.47700
  7   | 0.49300 0.55500 0.54300 0.52800 0.50600 0.53200 0.52700 0.54300 0.53900 0.51800 0.48100 0.46200 0.50100 0.50400 0.49900
  8   | 0.49800 0.55500 0.59200 0.55200 0.55400 0.55500 0.54800 0.59000 0.57700 0.55100 0.52400 0.51800 0.53700 0.53700 0.54300
  9   | 0.61825 0.59645 0.60803 0.61497 0.64161 0.63201 0.60486 0.62495 0.61294 0.60473 0.57776 0.57240 0.59235 0.58981 0.60773
------+------------------------------------------------------------------------------------------------------------------------
                                               
 
 
        Weights at age in the catches (Kg)
        ----------------------------------
------+--------
AGE   |    2002
------+--------
  0   | 0.05200
  1   | 0.15900
  2   | 0.25500
  3   | 0.30700
  4   | 0.36900
  5   | 0.42600
  6   | 0.46400
  7   | 0.51400
  8   | 0.53900
  9   | 0.60133
------+--------
                                               
 
 
 
        Weights at age in the stock (Kg)
        --------------------------------
------+------------------------------------------------------------------------------------------------------------------------
AGE   |    1972    1973    1974    1975    1976    1977    1978    1979    1980    1981    1982    1983    1984    1985    1986
------+------------------------------------------------------------------------------------------------------------------------
  0   | 0.00800 0.00800 0.00800 0.00800 0.00800 0.00800 0.00800 0.00800 0.00800 0.00800 0.00800 0.00800 0.00000 0.00000 0.00000
  1   | 0.13200 0.13200 0.13000 0.12900 0.12800 0.12700 0.11100 0.11000 0.10900 0.08700 0.08600 0.08600 0.08100 0.08500 0.07700
  2   | 0.17800 0.17700 0.17300 0.17100 0.17000 0.16700 0.17500 0.17400 0.17300 0.18600 0.13500 0.17200 0.19400 0.16500 0.17900
  3   | 0.24300 0.24200 0.23800 0.23600 0.23600 0.23300 0.23800 0.23700 0.23600 0.25200 0.22100 0.23500 0.25300 0.29300 0.26700
  4   | 0.41100 0.30100 0.29600 0.29400 0.29300 0.28900 0.30000 0.29900 0.29700 0.31300 0.28000 0.28000 0.29500 0.30600 0.30400
  5   | 0.35500 0.43800 0.32200 0.31800 0.31800 0.31300 0.34600 0.34500 0.34300 0.32300 0.38500 0.33900 0.32400 0.34100 0.35600
  6   | 0.39800 0.39800 0.46900 0.36500 0.36500 0.36100 0.38200 0.38000 0.37900 0.37800 0.35300 0.37700 0.39300 0.38400 0.35100
  7   | 0.43300 0.43300 0.43300 0.49700 0.41900 0.41600 0.41000 0.40800 0.40700 0.41900 0.40800 0.40400 0.43600 0.43000 0.41600
  8   | 0.45900 0.45900 0.45900 0.45900 0.51200 0.44600 0.43200 0.43000 0.42900 0.43400 0.43700 0.43900 0.44100 0.45900 0.47300
  9   | 0.52407 0.51003 0.51581 0.50532 0.51788 0.53581 0.49884 0.48763 0.48378 0.47247 0.49248 0.51912 0.50595 0.52630 0.46899
------+------------------------------------------------------------------------------------------------------------------------
                                               
 
 
        Weights at age in the stock (Kg)
        --------------------------------
------+------------------------------------------------------------------------------------------------------------------------
AGE   |    1987    1988    1989    1990    1991    1992    1993    1994    1995    1996    1997    1998    1999    2000    2001
------+------------------------------------------------------------------------------------------------------------------------
  0   | 0.00000 0.00000 0.00000 0.00000 0.00000 0.00000 0.00000 0.00000 0.00000 0.00000 0.00000 0.00000 0.00000 0.00000 0.00000
  1   | 0.07800 0.07200 0.07600 0.07400 0.07500 0.07800 0.07800 0.07900 0.08100 0.07600 0.07600 0.07700 0.08100 0.07400 0.07800
  2   | 0.14800 0.15600 0.17700 0.13800 0.15500 0.21200 0.19700 0.17800 0.16400 0.13300 0.18600 0.14900 0.19400 0.18500 0.16400
  3   | 0.24000 0.23700 0.24400 0.22200 0.23000 0.25900 0.26800 0.23700 0.26700 0.25100 0.22800 0.22300 0.24200 0.23500 0.24100
  4   | 0.28600 0.30100 0.30600 0.28700 0.30700 0.31000 0.31500 0.30100 0.32600 0.31700 0.29600 0.28500 0.30100 0.28900 0.34200
  5   | 0.37400 0.32900 0.35200 0.33900 0.35700 0.36200 0.36000 0.36100 0.39800 0.36600 0.36100 0.34200 0.35300 0.35000 0.39000
  6   | 0.38600 0.42300 0.38000 0.37300 0.40900 0.40200 0.41600 0.41300 0.44800 0.44400 0.40200 0.40000 0.39600 0.39000 0.44600
  7   | 0.41100 0.44500 0.42900 0.41400 0.43200 0.42400 0.45400 0.46600 0.49100 0.46200 0.44500 0.42600 0.42300 0.42600 0.45900
  8   | 0.42900 0.43200 0.47400 0.40900 0.50200 0.46200 0.46500 0.47000 0.50800 0.50100 0.47800 0.46600 0.44000 0.44700 0.49900
  9   | 0.49227 0.51088 0.48360 0.49735 0.56215 0.52184 0.51574 0.53410 0.56084 0.58968 0.53458 0.52945 0.49046 0.50391 0.56518
------+------------------------------------------------------------------------------------------------------------------------
                                               
 
 
        Weights at age in the stock (Kg)
        --------------------------------
------+--------
AGE   |    2002
------+--------
  0   | 0.00000
  1   | 0.07800
  2   | 0.18100
  3   | 0.23900
  4   | 0.31100
  5   | 0.36400
  6   | 0.41100
  7   | 0.43600
  8   | 0.46200
  9   | 0.51425
------+--------
                                               
 
 
 
        Natural Mortality (per year)
        ----------------------------
------+------------------------------------------------------------------------------------------------------------------------
AGE   |    1972    1973    1974    1975    1976    1977    1978    1979    1980    1981    1982    1983    1984    1985    1986
------+------------------------------------------------------------------------------------------------------------------------
  0   | 0.15000 0.15000 0.15000 0.15000 0.15000 0.15000 0.15000 0.15000 0.15000 0.15000 0.15000 0.15000 0.15000 0.15000 0.15000
  1   | 0.15000 0.15000 0.15000 0.15000 0.15000 0.15000 0.15000 0.15000 0.15000 0.15000 0.15000 0.15000 0.15000 0.15000 0.15000
  2   | 0.15000 0.15000 0.15000 0.15000 0.15000 0.15000 0.15000 0.15000 0.15000 0.15000 0.15000 0.15000 0.15000 0.15000 0.15000
  3   | 0.15000 0.15000 0.15000 0.15000 0.15000 0.15000 0.15000 0.15000 0.15000 0.15000 0.15000 0.15000 0.15000 0.15000 0.15000
  4   | 0.15000 0.15000 0.15000 0.15000 0.15000 0.15000 0.15000 0.15000 0.15000 0.15000 0.15000 0.15000 0.15000 0.15000 0.15000
  5   | 0.15000 0.15000 0.15000 0.15000 0.15000 0.15000 0.15000 0.15000 0.15000 0.15000 0.15000 0.15000 0.15000 0.15000 0.15000
  6   | 0.15000 0.15000 0.15000 0.15000 0.15000 0.15000 0.15000 0.15000 0.15000 0.15000 0.15000 0.15000 0.15000 0.15000 0.15000
  7   | 0.15000 0.15000 0.15000 0.15000 0.15000 0.15000 0.15000 0.15000 0.15000 0.15000 0.15000 0.15000 0.15000 0.15000 0.15000
  8   | 0.15000 0.15000 0.15000 0.15000 0.15000 0.15000 0.15000 0.15000 0.15000 0.15000 0.15000 0.15000 0.15000 0.15000 0.15000
  9   | 0.15000 0.15000 0.15000 0.15000 0.15000 0.15000 0.15000 0.15000 0.15000 0.15000 0.15000 0.15000 0.15000 0.15000 0.15000
------+------------------------------------------------------------------------------------------------------------------------
                                               
 
 
        Natural Mortality (per year)
        ----------------------------
------+------------------------------------------------------------------------------------------------------------------------
AGE   |    1987    1988    1989    1990    1991    1992    1993    1994    1995    1996    1997    1998    1999    2000    2001
------+------------------------------------------------------------------------------------------------------------------------
  0   | 0.15000 0.15000 0.15000 0.15000 0.15000 0.15000 0.15000 0.15000 0.15000 0.15000 0.15000 0.15000 0.15000 0.15000 0.15000
  1   | 0.15000 0.15000 0.15000 0.15000 0.15000 0.15000 0.15000 0.15000 0.15000 0.15000 0.15000 0.15000 0.15000 0.15000 0.15000
  2   | 0.15000 0.15000 0.15000 0.15000 0.15000 0.15000 0.15000 0.15000 0.15000 0.15000 0.15000 0.15000 0.15000 0.15000 0.15000
  3   | 0.15000 0.15000 0.15000 0.15000 0.15000 0.15000 0.15000 0.15000 0.15000 0.15000 0.15000 0.15000 0.15000 0.15000 0.15000
  4   | 0.15000 0.15000 0.15000 0.15000 0.15000 0.15000 0.15000 0.15000 0.15000 0.15000 0.15000 0.15000 0.15000 0.15000 0.15000
  5   | 0.15000 0.15000 0.15000 0.15000 0.15000 0.15000 0.15000 0.15000 0.15000 0.15000 0.15000 0.15000 0.15000 0.15000 0.15000
  6   | 0.15000 0.15000 0.15000 0.15000 0.15000 0.15000 0.15000 0.15000 0.15000 0.15000 0.15000 0.15000 0.15000 0.15000 0.15000
  7   | 0.15000 0.15000 0.15000 0.15000 0.15000 0.15000 0.15000 0.15000 0.15000 0.15000 0.15000 0.15000 0.15000 0.15000 0.15000
  8   | 0.15000 0.15000 0.15000 0.15000 0.15000 0.15000 0.15000 0.15000 0.15000 0.15000 0.15000 0.15000 0.15000 0.15000 0.15000
  9   | 0.15000 0.15000 0.15000 0.15000 0.15000 0.15000 0.15000 0.15000 0.15000 0.15000 0.15000 0.15000 0.15000 0.15000 0.15000
------+------------------------------------------------------------------------------------------------------------------------
                                               
 
 
        Natural Mortality (per year)
        ----------------------------
------+--------
AGE   |    2002
------+--------
  0   | 0.15000
  1   | 0.15000
  2   | 0.15000
  3   | 0.15000
  4   | 0.15000
  5   | 0.15000
  6   | 0.15000
  7   | 0.15000
  8   | 0.15000
  9   | 0.15000
------+--------
                                               
 
 
 
        Proportion of fish spawning
        ---------------------------
------+------------------------------------------------------------------------------------------------------------------------
AGE   |    1972    1973    1974    1975    1976    1977    1978    1979    1980    1981    1982    1983    1984    1985    1986
------+------------------------------------------------------------------------------------------------------------------------
  0   |  0.0000  0.0000  0.0000  0.0000  0.0000  0.0000  0.0000  0.0000  0.0000  0.0000  0.0000  0.0000  0.0000  0.0000  0.0000
  1   |  0.0500  0.0500  0.0500  0.0600  0.0600  0.0600  0.0600  0.0600  0.0600  0.0700  0.0700  0.0700  0.0700  0.0700  0.0700
  2   |  0.5300  0.5400  0.5400  0.5500  0.5500  0.5500  0.5600  0.5600  0.5700  0.5700  0.5700  0.5800  0.5800  0.5800  0.5800
  3   |  0.9000  0.9000  0.9000  0.8900  0.8900  0.8900  0.8900  0.8900  0.8900  0.8800  0.8800  0.8800  0.8800  0.8800  0.8800
  4   |  0.9800  0.9800  0.9800  0.9800  0.9800  0.9800  0.9800  0.9800  0.9800  0.9800  0.9800  0.9800  0.9700  0.9700  0.9700
  5   |  0.9800  0.9800  0.9800  0.9800  0.9800  0.9800  0.9800  0.9800  0.9800  0.9800  0.9800  0.9800  0.9700  0.9700  0.9700
  6   |  0.9900  0.9900  0.9900  0.9900  0.9900  0.9900  0.9900  0.9900  0.9900  0.9900  0.9900  0.9900  0.9900  0.9900  0.9900
  7   |  1.0000  1.0000  1.0000  1.0000  1.0000  1.0000  1.0000  1.0000  1.0000  1.0000  1.0000  1.0000  1.0000  1.0000  1.0000
  8   |  1.0000  1.0000  1.0000  1.0000  1.0000  1.0000  1.0000  1.0000  1.0000  1.0000  1.0000  1.0000  1.0000  1.0000  1.0000
  9   |  1.0000  1.0000  1.0000  1.0000  1.0000  1.0000  1.0000  1.0000  1.0000  1.0000  1.0000  1.0000  1.0000  1.0000  1.0000
------+------------------------------------------------------------------------------------------------------------------------
                                               
 
 
        Proportion of fish spawning
        ---------------------------
------+------------------------------------------------------------------------------------------------------------------------
AGE   |    1987    1988    1989    1990    1991    1992    1993    1994    1995    1996    1997    1998    1999    2000    2001
------+------------------------------------------------------------------------------------------------------------------------
  0   |  0.0000  0.0000  0.0000  0.0000  0.0000  0.0000  0.0000  0.0000  0.0000  0.0000  0.0000  0.0000  0.0000  0.0000  0.0000
  1   |  0.0700  0.0700  0.0700  0.0700  0.0700  0.0700  0.0700  0.0700  0.0700  0.0700  0.0700  0.0700  0.0700  0.0700  0.0700
  2   |  0.5800  0.5800  0.5800  0.5800  0.5800  0.5800  0.5800  0.5800  0.5800  0.5800  0.5800  0.5800  0.5800  0.5800  0.5900
  3   |  0.8800  0.8800  0.8800  0.8800  0.8800  0.8800  0.8800  0.8800  0.8800  0.8800  0.8800  0.8600  0.8600  0.8600  0.8800
  4   |  0.9700  0.9700  0.9700  0.9700  0.9700  0.9700  0.9700  0.9700  0.9700  0.9700  0.9700  0.9800  0.9800  0.9800  0.9700
  5   |  0.9700  0.9700  0.9700  0.9700  0.9700  0.9700  0.9700  0.9700  0.9700  0.9700  0.9700  0.9800  0.9800  0.9800  0.9700
  6   |  0.9900  0.9900  0.9900  0.9900  0.9900  0.9900  0.9900  0.9900  0.9900  0.9900  0.9900  0.9900  0.9900  0.9900  0.9900
  7   |  1.0000  1.0000  1.0000  1.0000  1.0000  1.0000  1.0000  1.0000  1.0000  1.0000  1.0000  1.0000  1.0000  1.0000  1.0000
  8   |  1.0000  1.0000  1.0000  1.0000  1.0000  1.0000  1.0000  1.0000  1.0000  1.0000  1.0000  1.0000  1.0000  1.0000  1.0000
  9   |  1.0000  1.0000  1.0000  1.0000  1.0000  1.0000  1.0000  1.0000  1.0000  1.0000  1.0000  1.0000  1.0000  1.0000  1.0000
------+------------------------------------------------------------------------------------------------------------------------
                                               
 
 
        Proportion of fish spawning
        ---------------------------
------+--------
AGE   |    2002
------+--------
  0   |  0.0000
  1   |  0.0700
  2   |  0.5900
  3   |  0.8800
  4   |  0.9700
  5   |  0.9700
  6   |  0.9900
  7   |  1.0000
  8   |  1.0000
  9   |  1.0000
------+--------
                                               
 
 
 
 INDICES OF SPAWNING BIOMASS                                                    
  
 ----------------------------
 
          INDEX
        -------
------+------------------------------------------------------------------------------------------------------------------------
      |    1972    1973    1974    1975    1976    1977    1978    1979    1980    1981    1982    1983    1984    1985    1986
------+------------------------------------------------------------------------------------------------------------------------
  1   | ******* ******* ******* ******* ******* ******* ******* ******* ******* ******* ******* ******* ******* ******* *******
------+------------------------------------------------------------------------------------------------------------------------
       x 10 ^ 3                                
 
 
          INDEX
        -------
------+------------------------------------------------------------------------------------------------------------------------
      |    1987    1988    1989    1990    1991    1992    1993    1994    1995    1996    1997    1998    1999    2000    2001
------+------------------------------------------------------------------------------------------------------------------------
  1   | *******  291.25  285.99  264.44  282.82  293.35  299.15  283.67  312.03  302.02  278.19  262.61  274.05  246.42  249.99
------+------------------------------------------------------------------------------------------------------------------------
       x 10 ^ 3                                
 
 
          INDEX
        -------
------+--------
      |    2002
------+--------
  1   |  219.73
------+--------
       x 10 ^ 3                                
 
 
 
 AGE-STRUCTURED INDICES                                                         
  
 -----------------------
 
        FLT01: Dummy survey
        -------------------
------+--------------------------------
AGE   |    1981    1982    1983    1984
------+--------------------------------
  1   |  266.10  203.00   43.60   15.24
  2   |  506.40  435.90  712.70   79.51
  3   |  225.10  483.60  444.60  661.83
  4   |   31.70  184.10  391.60  374.60
  5   |  174.80   24.70  130.40  238.20
  6   |  158.50  136.60   20.20   92.00
  7   |   99.50  108.60   91.30   15.54
  8   |  116.60   84.50   70.90   51.47
  9   |   35.30   87.00   47.10   39.27
------+--------------------------------
       x 10 ^ 3                                
 
 
 
        Fishing Mortality (per year)
        ----------------------------
------+------------------------------------------------------------------------------------------------------------------------
AGE   |    1972    1973    1974    1975    1976    1977    1978    1979    1980    1981    1982    1983    1984    1985    1986
------+------------------------------------------------------------------------------------------------------------------------
  0   | 0.00594 0.01023 0.00928 0.00551 0.00739 0.00975 0.00643 0.00881 0.00914 0.00688 0.00825 0.01023 0.00897 0.00902 0.00551
  1   | 0.02247 0.03870 0.03512 0.02086 0.02797 0.03690 0.02434 0.03335 0.03458 0.02603 0.03124 0.03872 0.03393 0.03414 0.02085
  2   | 0.04974 0.08566 0.07772 0.04618 0.06191 0.08167 0.05387 0.07381 0.07654 0.05761 0.06914 0.08571 0.07510 0.07557 0.04615
  3   | 0.09813 0.16900 0.15334 0.09110 0.12214 0.16112 0.10627 0.14562 0.15100 0.11366 0.13641 0.16910 0.14817 0.14910 0.09105
  4   | 0.15002 0.25836 0.23443 0.13928 0.18673 0.24631 0.16246 0.22262 0.23085 0.17376 0.20853 0.25851 0.22652 0.22794 0.13919
  5   | 0.17063 0.29386 0.26664 0.15841 0.21238 0.28016 0.18479 0.25321 0.26256 0.19764 0.23719 0.29403 0.25765 0.25926 0.15832
  6   | 0.19297 0.33233 0.30154 0.17915 0.24018 0.31683 0.20897 0.28636 0.29693 0.22351 0.26823 0.33252 0.29137 0.29319 0.17904
  7   | 0.22107 0.38073 0.34545 0.20524 0.27516 0.36297 0.23941 0.32806 0.34018 0.25606 0.30730 0.38095 0.33381 0.33589 0.20511
  8   | 0.20476 0.35263 0.31996 0.19010 0.25486 0.33619 0.22174 0.30385 0.31508 0.23716 0.28462 0.35284 0.30918 0.31111 0.18998
  9   | 0.20476 0.35263 0.31996 0.19010 0.25486 0.33619 0.22174 0.30385 0.31508 0.23716 0.28462 0.35284 0.30918 0.31111 0.18998
------+------------------------------------------------------------------------------------------------------------------------
                                               
 
 
        Fishing Mortality (per year)
        ----------------------------
------+------------------------------------------------------------------------------------------------------------------------
AGE   |    1987    1988    1989    1990    1991    1992    1993    1994    1995    1996    1997    1998    1999    2000    2001
------+------------------------------------------------------------------------------------------------------------------------
  0   | 0.00845 0.00871 0.00545 0.00736 0.00791 0.00589 0.00724 0.00786 0.00815 0.00954 0.01024 0.00561 0.00905 0.00683 0.00858
  1   | 0.03199 0.03297 0.02063 0.02786 0.02995 0.02228 0.02741 0.02975 0.03083 0.03610 0.03876 0.02122 0.03426 0.02585 0.03248
  2   | 0.07081 0.07298 0.04566 0.06167 0.06630 0.04932 0.06066 0.06584 0.06823 0.07991 0.08579 0.04698 0.07583 0.05721 0.07190
  3   | 0.13970 0.14399 0.09009 0.12167 0.13079 0.09731 0.11968 0.12989 0.13462 0.15765 0.16925 0.09268 0.14961 0.11286 0.14184
  4   | 0.21357 0.22012 0.13773 0.18601 0.19996 0.14877 0.18296 0.19858 0.20580 0.24101 0.25875 0.14168 0.22872 0.17254 0.21685
  5   | 0.24292 0.25037 0.15665 0.21157 0.22743 0.16921 0.20810 0.22586 0.23407 0.27413 0.29430 0.16115 0.26015 0.19625 0.24664
  6   | 0.27471 0.28314 0.17716 0.23926 0.25720 0.19136 0.23534 0.25543 0.26472 0.31001 0.33283 0.18225 0.29421 0.22193 0.27892
  7   | 0.31472 0.32438 0.20296 0.27411 0.29466 0.21923 0.26962 0.29263 0.30327 0.35516 0.38130 0.20879 0.33705 0.25426 0.31955
  8   | 0.29150 0.30044 0.18798 0.25388 0.27291 0.20305 0.24972 0.27103 0.28089 0.32895 0.35316 0.19338 0.31218 0.23549 0.29597
  9   | 0.29150 0.30044 0.18798 0.25388 0.27291 0.20305 0.24972 0.27103 0.28089 0.32895 0.35316 0.19338 0.31218 0.23549 0.29597
------+------------------------------------------------------------------------------------------------------------------------
                                               
 
 
        Fishing Mortality (per year)
        ----------------------------
------+--------
AGE   |    2002
------+--------
  0   | 0.01013
  1   | 0.03833
  2   | 0.08483
  3   | 0.16736
  4   | 0.25585
  5   | 0.29100
  6   | 0.32910
  7   | 0.37702
  8   | 0.34920
  9   | 0.34920
------+--------
                                               
 
 
 
        Population Abundance (1 January)
        --------------------------------
------+------------------------------------------------------------------------------------------------------------------------
AGE   |    1972    1973    1974    1975    1976    1977    1978    1979    1980    1981    1982    1983    1984    1985    1986
------+------------------------------------------------------------------------------------------------------------------------
  0   |  509.31  169.05  511.73  420.79  420.79  759.90  577.12  752.85  759.90  345.84  392.36  482.83  511.74  518.38  528.90
  1   |  374.83  435.77  144.02  436.39  360.18  359.51  647.71  493.55  642.30  648.10  295.62  334.93  411.35  436.52  442.16
  2   |  365.32  315.45  360.83  119.68  367.85  301.46  298.22  544.08  410.87  534.04  543.49  246.62  277.33  342.24  363.11
  3   |  336.44  299.18  249.22  287.35   98.36  297.60  239.12  243.22  434.97  327.58  433.92  436.54  194.83  221.43  273.13
  4   |  154.70  262.51  217.47  184.01  225.79   74.93  218.03  185.06  180.97  321.92  251.66  325.86  317.28  144.60  164.19
  5   |  111.42  114.60  174.50  148.06  137.79  161.23   50.41  159.52  127.50  123.66  232.88  175.83  216.58  217.73   99.09
  6   |  170.10   80.86   73.52  115.04  108.77   95.90  104.87   36.07  106.59   84.40   87.35  158.12  112.79  144.07  144.60
  7   |   52.62  120.71   49.92   46.81   82.78   73.63   60.13   73.24   23.31   68.17   58.09   57.49   97.59   72.54   92.49
  8   |   46.78   36.31   71.00   30.41   32.81   54.11   44.08   40.74   45.41   14.28   45.42   36.77   33.81   60.16   44.62
  9   |   46.07   58.37   55.18   73.38   71.83   63.91   68.57   68.74   65.65   66.05   48.33   55.37   51.41   49.05   67.35
------+------------------------------------------------------------------------------------------------------------------------
       x 10 ^ 6                                
 
 
        Population Abundance (1 January)
        --------------------------------
------+------------------------------------------------------------------------------------------------------------------------
AGE   |    1987    1988    1989    1990    1991    1992    1993    1994    1995    1996    1997    1998    1999    2000    2001
------+------------------------------------------------------------------------------------------------------------------------
  0   |  224.34  496.90  518.38  361.17  498.74  345.84  752.85  456.09  392.36  511.73  374.98  169.05  345.84  392.36  558.82
  1   |  452.73  191.47  423.98  443.74  308.58  425.88  295.92  643.31  389.49  334.97  436.27  319.46  144.69  294.98  335.41
  2   |  372.72  377.40  159.45  357.47  371.44  257.76  358.48  247.81  537.47  325.06  278.09  361.23  269.19  120.34  247.41
  3   |  298.43  298.87  301.97  131.12  289.27  299.19  211.18  290.39  199.70  432.10  258.29  219.67  296.64  214.77   97.82
  4   |  214.62  223.37  222.75  237.51   99.92  218.45  233.64  161.26  219.49  150.24  317.66  187.70  172.34  219.84  165.13
  5   |  122.95  149.20  154.27  167.05  169.73   70.42  162.03  167.47  113.80  153.78  101.62  211.08  140.21  118.01  159.23
  6   |   72.80   83.00   99.98  113.53  116.37  116.37   51.17  113.26  115.00   77.51  100.62   65.16  154.64   93.04   83.47
  7   |  104.06   47.61   53.83   72.08   76.92   77.44   82.72   34.81   75.51   75.96   48.93   62.09   46.74   99.18   64.14
  8   |   64.84   65.38   29.63   37.82   47.17   49.31   53.53   54.37   22.36   47.99   45.84   28.76   43.37   28.72   66.20
  9   |   74.66   85.65   92.33   79.09   71.86   69.69   74.47   81.47   84.05   62.95   62.58   59.82   56.67   60.59   55.28
------+------------------------------------------------------------------------------------------------------------------------
       x 10 ^ 6                                
 
 
        Population Abundance (1 January)
        --------------------------------
------+----------------
AGE   |    2002    2003
------+----------------
  0   |  420.79  325.77
  1   |  476.87  358.52
  2   |  279.46  395.02
  3   |  198.18  220.97
  4   |   73.06  144.29
  5   |  114.42   48.69
  6   |  107.10   73.62
  7   |   54.36   66.33
  8   |   40.11   32.09
  9   |   72.38   68.28
------+----------------
       x 10 ^ 6                                
 
 
 
        Weighting factors for the catches in number
        -------------------------------------------
------+----------------------------------------------------------------------------------------
AGE   |    1992    1993    1994    1995    1996    1997    1998    1999    2000    2001    2002
------+----------------------------------------------------------------------------------------
  0   |  0.0200  0.0200  0.0200  0.0200  0.0200  0.0200  0.0200  0.0200  0.0200  0.0200  0.0200
  1   |  1.0000  1.0000  1.0000  1.0000  1.0000  1.0000  1.0000  1.0000  1.0000  1.0000  1.0000
  2   |  1.0000  1.0000  1.0000  1.0000  1.0000  1.0000  1.0000  1.0000  1.0000  1.0000  1.0000
  3   |  1.0000  1.0000  1.0000  1.0000  1.0000  1.0000  1.0000  1.0000  1.0000  1.0000  1.0000
  4   |  1.0000  1.0000  1.0000  1.0000  1.0000  1.0000  1.0000  1.0000  1.0000  1.0000  1.0000
  5   |  1.0000  1.0000  1.0000  1.0000  1.0000  1.0000  1.0000  1.0000  1.0000  1.0000  1.0000
  6   |  1.0000  1.0000  1.0000  1.0000  1.0000  1.0000  1.0000  1.0000  1.0000  1.0000  1.0000
  7   |  1.0000  1.0000  1.0000  1.0000  1.0000  1.0000  1.0000  1.0000  1.0000  1.0000  1.0000
  8   |  1.0000  1.0000  1.0000  1.0000  1.0000  1.0000  1.0000  1.0000  1.0000  1.0000  1.0000
------+----------------------------------------------------------------------------------------
                                               
 
 
 
 Predicted SSB Index Values                                                     
  
 ---------------------------
 
          INDEX
        -------
------+------------------------------------------------------------------------------------------------------------------------
      |    1972    1973    1974    1975    1976    1977    1978    1979    1980    1981    1982    1983    1984    1985    1986
------+------------------------------------------------------------------------------------------------------------------------
  1   | ******* ******* ******* ******* ******* ******* ******* ******* ******* ******* ******* ******* ******* ******* *******
------+------------------------------------------------------------------------------------------------------------------------
       x 10 ^ 3                                
 
 
          INDEX
        -------
------+------------------------------------------------------------------------------------------------------------------------
      |    1987    1988    1989    1990    1991    1992    1993    1994    1995    1996    1997    1998    1999    2000    2001
------+------------------------------------------------------------------------------------------------------------------------
  1   | *******  291.25  285.99  264.44  282.82  293.34  299.15  283.67  312.03  302.02  278.19  262.61  274.05  246.42  249.99
------+------------------------------------------------------------------------------------------------------------------------
       x 10 ^ 3                                
 
 
          INDEX
        -------
------+--------
      |    2002
------+--------
  1   |  219.73
------+--------
       x 10 ^ 3                                
 
 
 
 Predicted Age-Structured Index Values                                          
  
 --------------------------------------
 
        FLT01: Dummy survey Predicted
        -----------------------------
------+--------------------------------
AGE   |    1981    1982    1983    1984
------+--------------------------------
  1   |  124.90   56.81   64.10   78.93
  2   |  479.56  484.96  218.06  246.65
  3   |  424.46  555.26  548.66  247.71
  4   |  186.38  142.95  180.07  178.44
  5   |   75.12  138.43  101.30  127.30
  6   |   64.72   65.35  114.19   83.32
  7   |   64.34   53.30   50.66   88.25
  8   |   38.11  118.11   92.09   86.73
  9   |   60.66   43.24   47.72   45.38
------+--------------------------------
       x 10 ^ 3                                
 
 
 
        Fitted Selection Pattern
        ------------------------
------+------------------------------------------------------------------------------------------------------------------------
AGE   |    1972    1973    1974    1975    1976    1977    1978    1979    1980    1981    1982    1983    1984    1985    1986
------+------------------------------------------------------------------------------------------------------------------------
  0   |  0.0348  0.0348  0.0348  0.0348  0.0348  0.0348  0.0348  0.0348  0.0348  0.0348  0.0348  0.0348  0.0348  0.0348  0.0348
  1   |  0.1317  0.1317  0.1317  0.1317  0.1317  0.1317  0.1317  0.1317  0.1317  0.1317  0.1317  0.1317  0.1317  0.1317  0.1317
  2   |  0.2915  0.2915  0.2915  0.2915  0.2915  0.2915  0.2915  0.2915  0.2915  0.2915  0.2915  0.2915  0.2915  0.2915  0.2915
  3   |  0.5751  0.5751  0.5751  0.5751  0.5751  0.5751  0.5751  0.5751  0.5751  0.5751  0.5751  0.5751  0.5751  0.5751  0.5751
  4   |  0.8792  0.8792  0.8792  0.8792  0.8792  0.8792  0.8792  0.8792  0.8792  0.8792  0.8792  0.8792  0.8792  0.8792  0.8792
  5   |  1.0000  1.0000  1.0000  1.0000  1.0000  1.0000  1.0000  1.0000  1.0000  1.0000  1.0000  1.0000  1.0000  1.0000  1.0000
  6   |  1.1309  1.1309  1.1309  1.1309  1.1309  1.1309  1.1309  1.1309  1.1309  1.1309  1.1309  1.1309  1.1309  1.1309  1.1309
  7   |  1.2956  1.2956  1.2956  1.2956  1.2956  1.2956  1.2956  1.2956  1.2956  1.2956  1.2956  1.2956  1.2956  1.2956  1.2956
  8   |  1.2000  1.2000  1.2000  1.2000  1.2000  1.2000  1.2000  1.2000  1.2000  1.2000  1.2000  1.2000  1.2000  1.2000  1.2000
  9   |  1.2000  1.2000  1.2000  1.2000  1.2000  1.2000  1.2000  1.2000  1.2000  1.2000  1.2000  1.2000  1.2000  1.2000  1.2000
------+------------------------------------------------------------------------------------------------------------------------
                                               
 
 
        Fitted Selection Pattern
        ------------------------
------+------------------------------------------------------------------------------------------------------------------------
AGE   |    1987    1988    1989    1990    1991    1992    1993    1994    1995    1996    1997    1998    1999    2000    2001
------+------------------------------------------------------------------------------------------------------------------------
  0   |  0.0348  0.0348  0.0348  0.0348  0.0348  0.0348  0.0348  0.0348  0.0348  0.0348  0.0348  0.0348  0.0348  0.0348  0.0348
  1   |  0.1317  0.1317  0.1317  0.1317  0.1317  0.1317  0.1317  0.1317  0.1317  0.1317  0.1317  0.1317  0.1317  0.1317  0.1317
  2   |  0.2915  0.2915  0.2915  0.2915  0.2915  0.2915  0.2915  0.2915  0.2915  0.2915  0.2915  0.2915  0.2915  0.2915  0.2915
  3   |  0.5751  0.5751  0.5751  0.5751  0.5751  0.5751  0.5751  0.5751  0.5751  0.5751  0.5751  0.5751  0.5751  0.5751  0.5751
  4   |  0.8792  0.8792  0.8792  0.8792  0.8792  0.8792  0.8792  0.8792  0.8792  0.8792  0.8792  0.8792  0.8792  0.8792  0.8792
  5   |  1.0000  1.0000  1.0000  1.0000  1.0000  1.0000  1.0000  1.0000  1.0000  1.0000  1.0000  1.0000  1.0000  1.0000  1.0000
  6   |  1.1309  1.1309  1.1309  1.1309  1.1309  1.1309  1.1309  1.1309  1.1309  1.1309  1.1309  1.1309  1.1309  1.1309  1.1309
  7   |  1.2956  1.2956  1.2956  1.2956  1.2956  1.2956  1.2956  1.2956  1.2956  1.2956  1.2956  1.2956  1.2956  1.2956  1.2956
  8   |  1.2000  1.2000  1.2000  1.2000  1.2000  1.2000  1.2000  1.2000  1.2000  1.2000  1.2000  1.2000  1.2000  1.2000  1.2000
  9   |  1.2000  1.2000  1.2000  1.2000  1.2000  1.2000  1.2000  1.2000  1.2000  1.2000  1.2000  1.2000  1.2000  1.2000  1.2000
------+------------------------------------------------------------------------------------------------------------------------
                                               
 
 
        Fitted Selection Pattern
        ------------------------
------+--------
AGE   |    2002
------+--------
  0   |  0.0348
  1   |  0.1317
  2   |  0.2915
  3   |  0.5751
  4   |  0.8792
  5   |  1.0000
  6   |  1.1309
  7   |  1.2956
  8   |  1.2000
  9   |  1.2000
------+--------
                                               
 
 
 
 
 
                    STOCK SUMMARY                                             
 
 
 ³ Year ³  Recruits  ³  Total  ³ Spawning³ Landings ³ Yield ³ Mean F ³ SoP ³    
 ³      ³   Age   0  ³ Biomass ³ Biomass ³          ³ /SSB  ³  Ages  ³     ³ 
 ³      ³  thousands ³  tonnes ³ tonnes  ³ tonnes   ³ ratio ³  4- 7  ³ (%) ³ 
 
   1972       509300    439573    307771     58955   0.1916   0.1837   100
   1973       169040    447205    300934     95132   0.3161   0.3163    99
   1974       511730    382261    276443     77995   0.2821   0.2870   100
   1975       420780    365416    257549     43593   0.1693   0.1705   100
   1976       420780    373570    255319     58050   0.2274   0.2286   100
   1977       759890    367169    243466     72239   0.2967   0.3016    99
   1978       577110    386425    249540     46556   0.1866   0.1989   100
   1979       752850    417620    268343     63243   0.2357   0.2726    99
   1980       759890    448428    287260     78560   0.2735   0.2826    99
   1981       345830    479604    325488     65724   0.2019   0.2127    99
   1982       392350    456138    332555     84386   0.2538   0.2553   100
   1983       482830    456243    332709    100360   0.3016   0.3165   100
   1984       511730    427976    311003     84742   0.2725   0.2773   100
   1985       518370    416887    297018     90027   0.3031   0.2791    99
   1986       528890    399081    292154     54805   0.1876   0.1704   100
   1987       224340    404905    290423     86079   0.2964   0.2615    99
   1988       496890    388116    291246     87362   0.3000   0.2695   100
   1989       518370    376366    285988     53231   0.1861   0.1686   100
   1990       361160    363061    264437     71595   0.2707   0.2277    99
   1991       498730    383418    282824     75065   0.2654   0.2448    99
   1992       345830    397331    293344     57849   0.1972   0.1821    99
   1993       752850    404368    299146     68797   0.2300   0.2240    99
   1994       456080    404817    283669     77105   0.2718   0.2431    99
   1995       392350    436955    312028     79215   0.2539   0.2520    99
   1996       511730    411725    302016     88492   0.2930   0.2951    99
   1997       374980    392072    278191     88338   0.3175   0.3168    99
   1998       169040    350681    262605     47871   0.1823   0.1735   100
   1999       345830    364986    274049     78196   0.2853   0.2800   100
   2000       392350    321301    246419     57889   0.2349   0.2112   100
   2001       558820    339828    249988     68198   0.2728   0.2655    99
   2002       420780    322977    219727     73193   0.3331   0.3132   100
 
 -----------------------------------------------------------------            
 No of years for separable analysis : 11                                      
 Age range in the analysis : 0  . . . 9                                       
 Year range in the analysis : 1972  . . . 2002                                
 Number of indices of SSB : 1                                                 
 Number of age-structured indices : 1                                         
                                                                              
 Parameters to estimate : 46                                                  
 Number of observations : 150                                                 
                                                                              
 Conventional single selection vector model to be fitted.                     
                                                                              
                                                                              
                                                                              
 -----------------------------------------------------------------            
 
 
 PARAMETER ESTIMATES                                                            
  
 
 ³Parm.³      ³ Maximum ³    ³        ³         ³         ³         ³ Mean of ³ 
  
 ³ No. ³      ³ Likelh. ³ CV ³  Lower ³ Upper   ³  -s.e.  ³   +s.e. ³ Param.  ³ 
  
 ³     ³      ³ Estimate³ (%)³ 95% CL ³ 95% CL  ³         ³         ³ Distrib.³ 
  
 Separable model : F by year                                                    
  
    1   1992     0.1692   0    0.1664    0.1721    0.1678    0.1707    0.1692
    2   1993     0.2081   0    0.2047    0.2115    0.2064    0.2098    0.2081
    3   1994     0.2259   0    0.2223    0.2295    0.2240    0.2277    0.2259
    4   1995     0.2341   0    0.2303    0.2379    0.2322    0.2360    0.2341
    5   1996     0.2741   0    0.2698    0.2785    0.2719    0.2764    0.2741
    6   1997     0.2943   0    0.2897    0.2990    0.2919    0.2967    0.2943
    7   1998     0.1612   0    0.1587    0.1637    0.1599    0.1624    0.1612
    8   1999     0.2602   0    0.2562    0.2642    0.2581    0.2622    0.2602
    9   2000     0.1962   0    0.1933    0.1992    0.1947    0.1978    0.1963
   10   2001     0.2466   0    0.2428    0.2505    0.2447    0.2486    0.2466
   11   2002     0.2910   0    0.2859    0.2962    0.2884    0.2936    0.2910
 
 Separable Model: Selection (S) by age                                          
  
   12      0     0.0348   3    0.0322    0.0376    0.0334    0.0362    0.0348
   13      1     0.1317   0    0.1295    0.1339    0.1306    0.1328    0.1317
   14      2     0.2915   0    0.2870    0.2960    0.2892    0.2938    0.2915
   15      3     0.5751   0    0.5667    0.5836    0.5708    0.5794    0.5751
   16      4     0.8792   0    0.8671    0.8915    0.8730    0.8854    0.8792
           5     1.0000     Fixed : Reference Age             
   17      6     1.1309   0    1.1165    1.1455    1.1235    1.1383    1.1309
   18      7     1.2956   0    1.2792    1.3122    1.2872    1.3041    1.2956
           8     1.2000     Fixed : Last true age             
 
 Separable model: Populations in year 2002                                    
   19      0     420784  13     326110    542943    369472    479222    424357
   20      1     476872   2     457910    496618    467101    486846    476974
   21      2     279460   1     271838    287296    275545    283431    279488
   22      3     198177   1     193862    202589    195964    200416    198190
   23      4      73056   1      71609     74533     72314     73806     73060
   24      5     114418   0     112520    116349    113446    115399    114423
   25      6     107096   0     105518    108698    106288    107910    107099
   26      7      54355   0      53528     55195     53932     54782     54357
   27      8      40104   0      39487     40732     39788     40423     40106
 
Separable model: Populations at age
   28   1992      49310   1      47540     51145     48399     50238     49318
   29   1993      53532   1      52116     54987     52805     54269     53537
   30   1994      54368   1      53163     55602     53750     54994     54372
   31   1995      22359   1      21884     22844     22115     22605     22360
   32   1996      47990   0      47108     48887     47538     48445     47992
   33   1997      45835   0      45048     46636     45432     46242     45837
   34   1998      28761   0      28263     29268     28506     29018     28762
   35   1999      43369   0      42711     44038     43032     43709     43371
   36   2000      28719   0      28262     29182     28485     28954     28720
   37   2001      66195   0      65264     67140     65719     66675     66197
 
 SSB Index catchabilities                                                       
  
   INDEX                                 
 Absolute estimator. No fitted catchability.                                    
  
 
 
 
 Age-structured index catchabilities                                            
  
                                        FLT01: Dummy survey                     
 
 Linear model fitted. Slopes at age :                                           
  
   38   1  Q  .2123      26 .1651     .4613     .2123     .3587     .2856    
   39   2  Q  1.007      26 .7826     2.187     1.007     1.701     1.354    
   40   3  Q  1.498      26 1.165     3.255     1.498     2.531     2.015    
   41   4  Q  .6918      26 .5379     1.503     .6918     1.169     .9307    
   42   5  Q  .7355      26 .5718     1.598     .7355     1.243     .9894    
   43   6  Q  .9417      26 .7321     2.046     .9417     1.591     1.267    
   44   7  Q  1.180      26 .9174     2.564     1.180     1.993     1.587    
   45   8  Q  3.302      26 2.568     7.176     3.302     5.579     4.442    
   46   9  Q  1.136      26 .8835     2.469     1.136     1.920     1.529    
 
 
 
 RESIDUALS ABOUT THE MODEL FIT                                                  
  
 ------------------------------
 
        Separable Model Residuals
        -------------------------
------+----------------------------------------------------------------------------------------
Age   |    1992    1993    1994    1995    1996    1997    1998    1999    2000    2001    2002
------+----------------------------------------------------------------------------------------
  0   | ******* ******* ******* ******* ******* ******* ******* ******* ******* ******* *******
  1   | ******* ******* ******* ******* ******* ******* ******* ******* ******* ******* *******
  2   | ******* ******* ******* ******* ******* ******* ******* ******* ******* ******* *******
  3   | ******* ******* ******* ******* ******* ******* ******* ******* ******* ******* *******
  4   | ******* ******* ******* ******* ******* ******* ******* ******* ******* ******* *******
  5   | ******* ******* ******* ******* ******* ******* ******* ******* ******* ******* *******
  6   | ******* ******* ******* ******* ******* ******* ******* ******* ******* ******* *******
  7   | ******* ******* ******* ******* ******* ******* ******* ******* ******* ******* *******
  8   | ******* ******* ******* ******* ******* ******* ******* ******* ******* ******* *******
------+----------------------------------------------------------------------------------------
                                               
 
 
 
 SPAWNING BIOMASS INDEX RESIDUALS                                               
  
 ---------------------------------
 
          INDEX
        -------
------+------------------------------------------------------------------------------------------------------------------------
      |    1972    1973    1974    1975    1976    1977    1978    1979    1980    1981    1982    1983    1984    1985    1986
------+------------------------------------------------------------------------------------------------------------------------
  1   | ******* ******* ******* ******* ******* ******* ******* ******* ******* ******* ******* ******* ******* ******* *******
------+------------------------------------------------------------------------------------------------------------------------
                                               
 
 
          INDEX
        -------
------+------------------------------------------------------------------------------------------------------------------------
      |    1987    1988    1989    1990    1991    1992    1993    1994    1995    1996    1997    1998    1999    2000    2001
------+------------------------------------------------------------------------------------------------------------------------
  1   | ******* ******* ******* ******* ******* ******* ******* ******* ******* ******* ******* ******* ******* ******* *******
------+------------------------------------------------------------------------------------------------------------------------
                                               
 
 
          INDEX
        -------
------+--------
      |    2002
------+--------
  1   | *******
------+--------
                                               
 
 
 
 AGE-STRUCTURED INDEX RESIDUALS                                                 
  
 -------------------------------
 
        FLT01: Dummy survey
        -------------------
------+--------------------------------
Age   |    1981    1982    1983    1984
------+--------------------------------
  1   |   0.756   1.274  -0.385  -1.645
  2   |   0.054  -0.107   1.184  -1.132
  3   |  -0.634  -0.138  -0.210   0.983
  4   |  -1.771   0.253   0.777   0.742
  5   |   0.845  -1.724   0.252   0.627
  6   |   0.896   0.737  -1.732   0.099
  7   |   0.436   0.712   0.589  -1.737
  8   |   1.118  -0.335  -0.262  -0.522
  9   |  -0.541   0.699  -0.013  -0.145
------+--------------------------------
                                               
 
 
 
 
 
 
 PARAMETERS OF THE DISTRIBUTION OF ln(CATCHES AT AGE)                           
  
 -----------------------------------------------------
 
 Separable model fitted from 1992  to 2002                                    
 Variance                             0.0000
Skewness test stat.                   1.4650
Kurtosis test statistic               1.6199
Partial chi-square                    0.0000
Significance in fit                   0.0000
Degrees of freedom                        62
 
 
 PARAMETERS OF DISTRIBUTIONS OF THE SSB INDICES                                 
  
 -----------------------------------------------
 
 
   DISTRIBUTION STATISTICS FOR   INDEX                                          
 
 
 Index used as absolute measure of abundance                                    
  
 Last age is a plus-group                                                       
  
 
 Variance                             0.0000
Skewness test stat.                   0.2845
Kurtosis test statistic              -0.4052
Partial chi-square                    0.0000
Significance in fit                   0.0000
Number of observations                    15
Degrees of freedom                        15
Weight in the analysis                5.0000
 
 PARAMETERS OF THE DISTRIBUTION OF THE AGE-STRUCTURED INDICES                   
  
 ------------------------------------------------------------ 
 
 
   DISTRIBUTION STATISTICS FOR FLT01: Dummy survey                              
 
 
 Linear catchability relationship assumed                                       
  
 
 Age                          1         2         3         4         5         6         7         8         9
 Variance                0.0019    0.0010    0.0005    0.0016    0.0015    0.0016    0.0015    0.0006    0.0003
Skewness test stat.     -0.2891    0.0770    0.6503   -0.8382   -0.8249   -0.7322   -0.9164    0.8821    0.4084
Kurtosis test statisti  -0.5648   -0.4152   -0.3505   -0.3193   -0.3205   -0.3692   -0.2824   -0.2932   -0.4010
Partial chi-square       0.0005    0.0002    0.0001    0.0004    0.0004    0.0004    0.0004    0.0002    0.0001
Significance in fit      0.0000    0.0000    0.0000    0.0000    0.0000    0.0000    0.0000    0.0000    0.0000
Number of observations        4         4         4         4         4         4         4         4         4
Degrees of freedom            3         3         3         3         3         3         3         3         3
Weight in the analysis   0.0011    0.0011    0.0011    0.0011    0.0011    0.0011    0.0011    0.0011    0.0011
 
 ANALYSIS OF VARIANCE                   
--------------------------
 
 Unweighted Statistics                                                          
  
 
                                                                                
  
Variance                              
                                       SSQ     Data    Parameters d.f. Variance
Total for model                        28.5954     150         46  104   0.2750
Catches at age                          0.0000      99         37   62   0.0000
  
SSB Indices                           
  INDEX                                 0.0000      15          0   15   0.0000
  
 Aged Indices                                                                   
  
FLT01: Dummy survey                    28.5954      36          9   27   1.0591
 
 
 Weighted Statistics                                                            
  
 
                                                                                
  
Variance                              
                                       SSQ     Data    Parameters d.f. Variance
Total for model                         0.0000     150         46  104   0.0000
Catches at age                          0.0000      99         37   62   0.0000
  
SSB Indices                           
  INDEX                                 0.0000      15          0   15   0.0000
  
 Aged Indices                                                                   
  
FLT01: Dummy survey                     0.0000      36          9   27   0.0000
 
