\BOOKMARK [1][-]{section.1}{R Data Objects}{}
\BOOKMARK [1][-]{section.2}{R Data Objects}{}
\BOOKMARK [2][-]{subsection.2.1}{FLR Objects}{section.2}
\BOOKMARK [1][-]{section.3}{R Data Types}{}
\BOOKMARK [2][-]{subsection.3.1}{Vectors}{section.3}
\BOOKMARK [2][-]{subsection.3.2}{Matrices and Arrays}{section.3}
\BOOKMARK [2][-]{subsection.3.3}{Lists}{section.3}
\BOOKMARK [2][-]{subsection.3.4}{Data frames}{section.3}
\BOOKMARK [2][-]{subsection.3.5}{Coercion}{section.3}
\BOOKMARK [1][-]{section.4}{Reading Data into R}{}
\BOOKMARK [2][-]{subsection.4.1}{Text}{section.4}
\BOOKMARK [2][-]{subsection.4.2}{Spreadsheets}{section.4}
\BOOKMARK [2][-]{subsection.4.3}{Databases}{section.4}
\BOOKMARK [1][-]{section.5}{Importing Data into FLR objects}{}
\BOOKMARK [2][-]{subsection.5.1}{Stock Assessment Files}{section.5}
\BOOKMARK [3][-]{subsubsection.5.1.1}{ASPIC}{subsection.5.1}
\BOOKMARK [3][-]{subsubsection.5.1.2}{ASPIC}{subsection.5.1}
\BOOKMARK [3][-]{subsubsection.5.1.3}{VPA Suite}{subsection.5.1}
\BOOKMARK [3][-]{subsubsection.5.1.4}{VPA2Box}{subsection.5.1}
\BOOKMARK [3][-]{subsubsection.5.1.5}{Multifan-CL}{subsection.5.1}
\BOOKMARK [1][-]{section.6}{Manipulating Objects}{}
\BOOKMARK [2][-]{subsection.6.1}{apply}{section.6}
\BOOKMARK [2][-]{subsection.6.2}{sweep}{section.6}
\BOOKMARK [2][-]{subsection.6.3}{Re-shaping}{section.6}
\BOOKMARK [2][-]{subsection.6.4}{Random Variables}{section.6}
\BOOKMARK [2][-]{subsection.6.5}{FLQuants}{section.6}
\BOOKMARK [2][-]{subsection.6.6}{lapply}{section.6}
\BOOKMARK [2][-]{subsection.6.7}{FLR Complex objects}{section.6}
\BOOKMARK [2][-]{subsection.6.8}{Qapply}{section.6}
\BOOKMARK [2][-]{subsection.6.9}{FLPar}{section.6}
\BOOKMARK [2][-]{subsection.6.10}{Sweep}{section.6}
\BOOKMARK [2][-]{subsection.6.11}{Conversions}{section.6}
\BOOKMARK [1][-]{section.7}{Functions}{}
\BOOKMARK [2][-]{subsection.7.1}{Debugging}{section.7}
