 Initial value of the OBJECTIVE function =     174.6472
 Amoeba restart #     1, Objective function =       1.9610
 Amoeba restart #     2, Objective function =       0.2858
 Amoeba restart #     3, Objective function =      -0.1979
 Amoeba restart #     4, Objective function =      -4.2487
 Amoeba restart #     5, Objective function =      -7.5451
 Amoeba restart #     6, Objective function =      -7.8448
 Amoeba restart #     7, Objective function =      -8.0278
 Amoeba restart #     8, Objective function =     -10.2409
 Amoeba restart #     9, Objective function =     -12.2315
 Amoeba restart #    10, Objective function =     -12.2557
 Amoeba restart #    11, Objective function =     -13.4833
 Amoeba restart #    12, Objective function =     -13.4833
 Amoeba restart #    13, Objective function =     -13.5110
 Amoeba restart #    14, Objective function =     -14.2089
 Amoeba restart #    15, Objective function =     -14.2395
 Amoeba restart #    16, Objective function =     -14.2590
 Amoeba restart #    17, Objective function =     -14.2999
 Amoeba restart #    18, Objective function =     -14.3130
 Amoeba restart #    19, Objective function =     -14.3320
 Amoeba restart #    20, Objective function =     -14.7334
 Amoeba restart #    21, Objective function =     -14.7334
 Amoeba restart #    22, Objective function =     -14.7654
 Amoeba restart #    23, Objective function =     -14.7654
 Amoeba restart #    24, Objective function =     -14.7788
 Amoeba restart #    25, Objective function =     -14.7859
 Amoeba restart #    26, Objective function =     -14.7859
 Amoeba restart #    27, Objective function =     -14.8003
 Amoeba restart #    28, Objective function =     -15.0520
 Amoeba restart #    29, Objective function =     -15.0520
 Amoeba restart #    30, Objective function =     -15.0698
 Amoeba restart #    31, Objective function =     -15.0698
 Amoeba restart #    32, Objective function =     -15.0700


FIRST DERIVATIVE TEST
==============================================      
             -h       central        +h     
         ----------  ----------  ---------- 
    1 :  0.5425D+00  0.1112D+01  0.1666D+01
    2 : -0.1021D+01 -0.5933D+00 -0.1789D+00
    3 : -0.2812D+00  0.5399D-01  0.3773D+00
    4 :  0.2071D+00  0.4091D+00  0.6032D+00
    5 :  0.4221D+00  0.5876D+00  0.7394D+00
    6 :  0.8570D+00  0.1912D+01  0.2942D+01
    7 : -0.3375D+01 -0.1171D+01  0.9815D+00
    8 : -0.1941D+01  0.2829D+00  0.2454D+01
    9 : -0.1540D+01  0.7260D+00  0.2937D+01
   10 : -0.1471D+01  0.8456D+00  0.3110D+01
   11 : -0.6519D+00  0.1728D+01  0.4047D+01
   12 : -0.2627D+01 -0.1497D+00  0.2267D+01
   13 : -0.3498D+01 -0.9255D+00  0.1592D+01
   14 : -0.2215D+01  0.4032D+00  0.2958D+01
   15 : -0.3514D+01 -0.8979D+00  0.1659D+01
   16 : -0.3505D+01 -0.9706D+00  0.1490D+01
   17 : -0.3448D+01 -0.1056D+01  0.1253D+01
   18 : -0.2375D+01 -0.1595D+00  0.2002D+01
   19 : -0.7934D-01  0.2056D+01  0.4153D+01
   20 : -0.1707D+01  0.5609D+00  0.2794D+01
   21 : -0.1149D+01  0.1366D+01  0.3810D+01
   22 : -0.1849D+01  0.9057D+00  0.3584D+01
   23 : -0.4105D+01 -0.1126D+01  0.1806D+01
   24 : -0.1795D+01  0.1288D+01  0.4310D+01
   25 : -0.3169D+01 -0.6945D-02  0.3047D+01
   26 : -0.3505D+00  0.2732D+01  0.5717D+01
   27 : -0.3106D+01  0.6643D-01  0.3138D+01
   28 :  0.6360D+00  0.3792D+01  0.6836D+01
   29 : -0.6008D+01 -0.2727D+01  0.4981D+00
   30 : -0.1967D+01  0.1195D+01  0.4275D+01
   31 :  0.5624D+01  0.8455D+01  0.1128D+02
   32 : -0.1686D+01  0.1061D+01  0.3728D+01
   33 : -0.2714D+01 -0.1812D+00  0.2292D+01
   34 :  0.3554D+00  0.2541D+01  0.4702D+01
   35 : -0.1473D+01  0.5932D+00  0.2607D+01
   36 : -0.2591D+01 -0.6069D+00  0.1345D+01
   37 : -0.3243D+01 -0.1326D+01  0.5567D+00
   38 : -0.1876D+01 -0.9219D-01  0.1657D+01
   39 : -0.4523D+01 -0.2889D+01 -0.1283D+01
   40 : -0.9855D+00  0.4696D+00  0.1888D+01
   41 : -0.4401D+01 -0.2899D+01 -0.1428D+01
   42 : -0.1234D+01 -0.3461D+00  0.5038D+00
   43 : -0.8482D+01  0.1774D+00  0.8497D+01


HESSIAN MATRIX
===========================================================================================================================================================================================================================================================================      
              1            2            3            4            5            6            7            8            9           10           11           12           13           14           15           16           17           18           19           20
    1 :   0.5195D+03
    2 :  -0.1630D+03   0.1773D+03
    3 :   0.1197D+01  -0.3923D+01   0.1301D+03
    4 :   0.4648D+00   0.6040D+01   0.2014D+02   0.5270D+02
    5 :  -0.1092D+01  -0.2112D+01  -0.8283D+00   0.1025D+02   0.2541D+02
    6 :  -0.1299D-04   0.6914D-02   0.5149D-01   0.1386D+00   0.1456D+00   0.4407D+03
    7 :   0.2466D-02   0.4462D-01   0.1766D+00   0.1724D+00   0.5610D+00  -0.4568D+03   0.9407D+03
    8 :   0.5661D-02   0.6799D-01   0.1228D+00   0.1517D+00   0.1719D+00  -0.2273D+01  -0.4722D+03   0.9579D+03
    9 :   0.2900D-02   0.6589D-01  -0.3085D-01  -0.4216D+00  -0.4960D+00  -0.3810D+01  -0.4488D+01  -0.4733D+03   0.9838D+03
   10 :   0.5131D-02  -0.8350D-01  -0.4593D+00  -0.6284D+00  -0.1145D+01  -0.3585D+01  -0.5904D+01   0.1521D+01  -0.4747D+03   0.1023D+04
   11 :  -0.1240D-01  -0.2187D+00  -0.6878D+00  -0.1214D+01  -0.1703D+01  -0.2881D+01  -0.5507D+01  -0.1181D+01   0.1038D+02  -0.4877D+03   0.1075D+04
   12 :  -0.1445D-01  -0.2521D+00  -0.9036D+00  -0.1114D+01  -0.1941D+01  -0.2205D+01  -0.4587D+01  -0.1059D+01   0.5746D+01   0.1533D+02  -0.5200D+03   0.1167D+04
   13 :  -0.2790D-01  -0.3815D+00  -0.1071D+01  -0.1548D+01  -0.2423D+01  -0.1482D+01  -0.3661D+01  -0.1369D+01   0.4568D+01   0.1093D+02   0.1808D+02  -0.5642D+03   0.1254D+04
   14 :  -0.5338D-01  -0.4761D+00  -0.1546D+01  -0.1844D+01  -0.3152D+01  -0.1144D+01  -0.3687D+01  -0.2222D+01   0.2412D+01   0.9101D+01   0.1206D+02   0.1733D+02  -0.5955D+03   0.1304D+04
   15 :  -0.2726D-01  -0.4825D+00  -0.1568D+01  -0.1986D+01  -0.3088D+01  -0.1052D+01  -0.2902D+01  -0.1765D+01   0.1147D+01   0.5735D+01   0.9506D+01   0.1024D+02   0.1614D+02  -0.6085D+03   0.1300D+04
   16 :  -0.3672D-01  -0.5835D+00  -0.1759D+01  -0.2291D+01  -0.2869D+01  -0.4379D+00  -0.1836D+01  -0.1696D+01  -0.2244D+00   0.2375D+01   0.3512D+01   0.5493D+01   0.7539D+01   0.1183D+02  -0.5897D+03   0.1205D+04
   17 :  -0.3560D-01  -0.4371D+00  -0.1609D+01  -0.1600D+01  -0.3763D+01  -0.2524D+00  -0.1101D+01  -0.6488D+00  -0.6741D+00   0.5785D+00   0.2339D+01   0.1518D+01   0.3038D+01   0.5508D+01   0.1236D+02  -0.5473D+03   0.1087D+04
   18 :  -0.4726D-02  -0.3190D+00  -0.7793D+00  -0.1633D+01  -0.3030D+01  -0.1974D+00  -0.3962D+00  -0.7261D+00  -0.3173D+00  -0.5910D-01   0.5328D+00  -0.5298D+00   0.1917D+01   0.2896D+01   0.2657D+01   0.8514D+01  -0.4809D+03   0.9484D+03
   19 :  -0.1178D-01  -0.9568D-01  -0.5491D+00  -0.1210D+01  -0.1842D+01  -0.1799D+00  -0.3694D+00  -0.2802D+00  -0.4173D+00  -0.5987D+00  -0.3828D+00  -0.4136D+00   0.9706D+00  -0.4429D+00   0.1229D+01   0.4242D+01   0.9269D+01  -0.4362D+03   0.8830D+03
   20 :  -0.3409D-01  -0.3471D+00  -0.1044D+01  -0.1827D+01  -0.2520D+01  -0.1296D+00  -0.5897D-01  -0.3726D+00  -0.7381D+00  -0.8164D-01  -0.4585D+00   0.1070D+01  -0.1156D+01  -0.9833D+00   0.2337D+01   0.2058D+01   0.8435D+01   0.1082D+02  -0.4470D+03   0.9944D+03


              1            2            3            4            5            6            7            8            9           10           11           12           13           14           15           16           17           18           19           20
      21           22           23           24           25           26           27           28           29           30           31           32           33           34           35           36           37           38           39           40
   21 :  -0.6784D-01  -0.4229D+00  -0.1531D+01  -0.2066D+01  -0.5893D+01  -0.1472D+00   0.7773D-01  -0.5792D-02  -0.9575D+00  -0.7208D+00  -0.7012D+00  -0.1078D+01  -0.1199D+00   0.4288D+00  -0.5035D+00   0.2765D+01   0.2484D+01   0.6758D+01   0.1312D+02  -0.5094D+03
   22 :  -0.6635D-01  -0.7069D+00  -0.1641D+01  -0.1988D+01  -0.9187D+01   0.2338D+00   0.1311D+00  -0.2489D+00  -0.1717D+00  -0.1214D+00  -0.1010D+01  -0.7006D+00  -0.2481D+01  -0.2862D+00   0.9671D+00   0.1136D+01   0.1836D+01   0.2030D+01   0.1041D+02   0.1493D+02
   23 :  -0.5840D-01  -0.5285D+00  -0.1852D+01  -0.3742D+01  -0.9890D+01  -0.1578D+00   0.3966D+00  -0.4430D+00  -0.7849D+00  -0.1276D+01  -0.1640D+01  -0.1754D+01  -0.3730D+01  -0.1921D+01  -0.2112D+01   0.2136D+01   0.9533D+00   0.2549D+01   0.3995D+01   0.6577D+01
   24 :  -0.8602D-01  -0.6765D+00  -0.3245D+01  -0.4436D+01  -0.1282D+02   0.3161D+00   0.4339D+00  -0.2828D+00  -0.1046D+01  -0.1720D+01  -0.1664D+01  -0.3895D+01  -0.4390D+01  -0.4891D+01  -0.5986D+01   0.1654D+01  -0.3321D+01  -0.1721D+01   0.3999D+01   0.3968D+01
   25 :  -0.1049D+00  -0.1272D+01  -0.3662D+01  -0.5727D+01  -0.1231D+02   0.5809D+00   0.3951D+00   0.3643D+00  -0.8726D+00  -0.1891D+01  -0.2719D+01  -0.2185D+01  -0.2676D+01  -0.5110D+01  -0.3288D+01  -0.6555D+01  -0.3262D+01  -0.5487D+00   0.3034D+01   0.2491D+01
   26 :  -0.1092D+00  -0.1249D+01  -0.4838D+01  -0.5389D+01  -0.9266D+01   0.3332D+00   0.2580D+00   0.1458D+00  -0.6171D+00  -0.2804D+01  -0.2837D+01  -0.7988D+00  -0.4670D+01  -0.4317D+01  -0.6669D+01  -0.5098D+01   0.1634D+01   0.3695D+00  -0.1894D+01   0.2673D+01
   27 :  -0.2067D+00  -0.1404D+01  -0.5386D+01  -0.6448D+01  -0.1289D+02   0.2554D+00   0.6913D+00   0.4822D-02  -0.1117D+01  -0.1948D+01  -0.2326D+01  -0.4737D+01  -0.2525D+01  -0.2628D+01  -0.5837D+01  -0.5943D+01  -0.4439D+01  -0.2495D+01   0.4976D+00  -0.8957D+00
   28 :  -0.2607D+00  -0.2261D+01  -0.6258D+01  -0.6168D+01  -0.1164D+02   0.2377D+00   0.4660D+00   0.2276D+00  -0.9096D+00  -0.1791D+01  -0.1459D+01  -0.2526D+01  -0.6777D+01  -0.5171D+01  -0.5356D+01  -0.3182D+01   0.1293D+00   0.1272D+00   0.2104D+01  -0.3960D+01
   29 :  -0.3640D+00  -0.2694D+01  -0.8041D+01  -0.7927D+01  -0.1321D+02   0.3476D+00   0.8003D+00  -0.1931D+00  -0.1328D+01  -0.1992D+01  -0.3008D+01  -0.2972D+01  -0.3499D+01  -0.5395D+01  -0.3119D+01  -0.7560D+01  -0.5130D+01  -0.2227D+01  -0.4107D+01  -0.2583D+00
   30 :  -0.1575D+00  -0.1963D+01  -0.6285D+01  -0.6135D+01  -0.1080D+02   0.3058D+00   0.6697D+00   0.2411D+00  -0.1053D+01  -0.1577D+01  -0.2075D+01  -0.2405D+01  -0.5848D+01  -0.6552D+01  -0.1578D+01  -0.1766D+01  -0.5812D+01  -0.3309D+01  -0.2944D+01  -0.3647D+01
   31 :  -0.1355D+00  -0.1389D+01  -0.5183D+01  -0.6945D+01  -0.1162D+02   0.2370D+00   0.7277D+00   0.2758D+00  -0.9479D+00  -0.2045D+01  -0.1958D+01  -0.1105D+01  -0.4163D+01  -0.4177D+01  -0.7546D+01  -0.5485D+01  -0.2369D+01  -0.4214D+01  -0.3607D+01  -0.1101D+01
   32 :  -0.2764D+00  -0.1380D+01  -0.4925D+01  -0.6577D+01  -0.1523D+02   0.2774D+00   0.5860D+00   0.2873D+00  -0.6957D+00  -0.1937D+01  -0.2332D+01  -0.9787D+00  -0.3944D+01  -0.3073D+01  -0.5391D+01  -0.4381D+01  -0.4140D+01  -0.2738D+01  -0.2553D+01  -0.6624D+01
   33 :  -0.4737D+00  -0.1154D+01  -0.4723D+01  -0.7001D+01  -0.1120D+02   0.1738D+00   0.7273D+00   0.1502D+00  -0.6767D+00  -0.1709D+01  -0.2377D+01  -0.1765D+01  -0.2206D+01  -0.4615D+01  -0.5140D+01  -0.4534D+01  -0.3967D+01  -0.3308D+01  -0.5081D+01  -0.1732D+01
   34 :  -0.5050D+00  -0.1610D+01  -0.4005D+01  -0.5032D+01  -0.7104D+01   0.1657D+00   0.4650D+00   0.1794D+00  -0.6359D+00  -0.1156D+01  -0.2146D+01  -0.8957D+00  -0.1079D+01  -0.2420D+01  -0.3357D+01  -0.4484D+01  -0.2605D+01  -0.3908D+01  -0.3760D+01  -0.5589D+01
   35 :  -0.6478D+00  -0.1345D+01  -0.4871D+01  -0.5240D+01  -0.7360D+01   0.1683D+00   0.5034D+00   0.6520D-01  -0.6476D+00  -0.1154D+01  -0.2030D+01  -0.9570D+00  -0.1062D+01  -0.2386D+01  -0.3240D+01  -0.4538D+01  -0.2391D+01  -0.2545D+01  -0.3406D+01  -0.5796D+01
   36 :  -0.8483D+00  -0.2060D+01  -0.4560D+01  -0.5142D+01  -0.5318D+01   0.2240D+00   0.4618D+00   0.7578D-01  -0.6880D+00  -0.9660D+00  -0.1359D+01  -0.8039D+00  -0.1032D+01  -0.3121D+01  -0.2672D+01  -0.3068D+01  -0.3601D+01  -0.4122D+01   0.1458D+01   0.1770D+00
   37 :  -0.8551D+00  -0.1826D+01  -0.4638D+01  -0.4983D+01  -0.5884D+01   0.1395D+00   0.4894D+00   0.7885D-01  -0.6209D+00  -0.9192D+00  -0.1393D+01  -0.8032D+00  -0.9559D+00  -0.3008D+01  -0.2556D+01  -0.2882D+01  -0.4541D+01  -0.2829D+01   0.8302D+00  -0.1038D+01
   38 :  -0.8988D+00  -0.2797D+01  -0.5022D+01  -0.5121D+01  -0.5288D+01   0.1837D+00   0.4598D+00   0.4262D-01  -0.6414D+00  -0.1026D+01  -0.1437D+01  -0.1016D+01  -0.1187D+01  -0.3158D+01  -0.2771D+01  -0.2118D+01  -0.4602D+01  -0.3909D+01  -0.8713D+00  -0.2685D+01
   39 :  -0.7333D+00  -0.1763D+01  -0.3505D+01  -0.3900D+01  -0.9576D+00   0.1766D+00   0.3363D+00   0.8794D-01  -0.3338D+00  -0.7755D+00  -0.1043D+01  -0.1232D+01  -0.1545D+01  -0.2051D+01  -0.1447D+01  -0.1743D+01  -0.3957D+01  -0.2262D+01  -0.1253D+01  -0.2969D+01
   40 :  -0.5161D+00  -0.1298D+01  -0.2734D+01  -0.3258D+01   0.3334D+01   0.7840D-01   0.3257D+00   0.8647D-01  -0.2498D+00  -0.5089D+00  -0.8305D+00  -0.9643D+00  -0.1176D+01  -0.1553D+01  -0.1378D+01  -0.1430D+01  -0.2734D+01  -0.1609D+01  -0.5553D+00  -0.1436D+01

             21           22           23           24           25           26           27           28           29           30           31           32           33           34           35           36           37           38           39           40
   21 :   0.1199D+04
   22 :  -0.6001D+03   0.1429D+04
   23 :   0.1762D+02  -0.7054D+03   0.1672D+04
   24 :   0.1259D+02   0.2957D+02  -0.7760D+03   0.1800D+04
   25 :   0.8715D+01   0.1964D+02   0.2922D+02  -0.7886D+03   0.1827D+04
   26 :   0.1082D+01   0.3772D+01   0.1259D+02   0.3070D+02  -0.7753D+03   0.1779D+04
   27 :   0.8522D+01  -0.1370D+01   0.1298D+02   0.2027D+02   0.4759D+02  -0.7969D+03   0.1874D+04
   28 :   0.8311D+00   0.2815D+01  -0.7505D+01   0.1058D+02   0.2475D+02   0.2918D+02  -0.8288D+03   0.1863D+04
   29 :  -0.1122D+01  -0.8344D+01  -0.2105D+01   0.1272D+02   0.1492D+02   0.2082D+02   0.3674D+02  -0.8558D+03   0.2026D+04
   30 :  -0.4391D+01  -0.2105D+00  -0.8617D+01   0.2409D+00   0.1266D+01   0.7243D+01   0.2282D+02   0.2437D+02  -0.8908D+03   0.1870D+04
   31 :  -0.4491D+01  -0.7869D+01  -0.1742D+01  -0.8259D+01   0.7622D+01   0.1467D+02   0.4392D+01   0.1256D+02   0.2266D+02  -0.8169D+03   0.1563D+04
   32 :  -0.5155D+01  -0.3310D+01  -0.6149D+01  -0.1847D+02  -0.3603D+01  -0.5309D+01   0.1639D+00   0.6614D+01   0.1441D+02   0.8897D+01  -0.7157D+03   0.1440D+04
   33 :  -0.4321D+01  -0.6004D+01  -0.4955D+01  -0.5347D+01  -0.2591D+01  -0.3795D+01  -0.2384D+01  -0.2330D+01  -0.4215D+01  -0.1012D+01   0.9595D+01  -0.5968D+03   0.1199D+04
   34 :  -0.5342D+01  -0.9054D+01  -0.4877D+01  -0.1191D+02  -0.1103D+02   0.1291D-01  -0.7709D+01  -0.7565D+01  -0.2988D+00  -0.4134D+01   0.1024D+01   0.5296D+00  -0.4906D+03   0.9085D+03
   35 :  -0.6172D+01  -0.8065D+01  -0.3159D+01   0.2463D+00  -0.9198D+01  -0.3612D+01  -0.3929D+01  -0.4352D+01  -0.1331D+01  -0.5894D+01  -0.6288D+01   0.2886D+01   0.6193D+01  -0.3909D+03   0.8018D+03
   36 :  -0.2826D+01  -0.2782D+01   0.1504D+01  -0.4104D+01  -0.1419D+02  -0.6913D+01  -0.8868D+01  -0.8175D+01  -0.9748D+01  -0.1117D+01  -0.7566D+01  -0.8404D+01  -0.2870D+01   0.9645D+01  -0.3516D+03   0.7418D+03
   37 :  -0.2631D-01  -0.1193D+01  -0.1444D+01  -0.1280D+01  -0.6597D+01  -0.7121D+01  -0.8253D+01  -0.5561D+01  -0.8387D+01  -0.9346D+00  -0.8194D+01  -0.8790D+01   0.3809D+01   0.2986D+01   0.7917D+01  -0.3297D+03   0.6994D+03
   38 :  -0.5667D+01  -0.7736D+01  -0.5970D+01  -0.6387D+01  -0.9274D+01  -0.9734D+01  -0.8508D+01  -0.1184D+02  -0.1086D+02  -0.4545D-01  -0.1183D+02  -0.1047D+02   0.5017D+00  -0.7164D+00   0.4283D+01   0.1016D+02  -0.2962D+03   0.5963D+03
   39 :  -0.4351D+01  -0.7546D+01  -0.5941D+01  -0.8562D+01  -0.1172D+02  -0.9832D+01  -0.1139D+02  -0.8157D+01  -0.7052D+01  -0.6816D+01  -0.7590D+01  -0.1003D+02  -0.3510D+01  -0.4024D+01  -0.2008D+01   0.3793D+01   0.2030D+01  -0.2515D+03   0.4950D+03
   40 :  -0.2920D+01  -0.6100D+01  -0.6025D+01  -0.9022D+01  -0.8329D+01  -0.4401D+01  -0.6921D+01  -0.4949D+01  -0.7189D+01  -0.3887D+01  -0.4648D+01  -0.9057D+01  -0.5209D+01  -0.6240D+00  -0.1659D+01   0.1205D+01  -0.1404D+01   0.3674D+01  -0.2067D+03   0.4041D+03


              1            2            3            4            5            6            7            8            9           10           11           12           13           14           15           16           17           18           19           20
      21           22           23           24           25           26           27           28           29           30           31           32           33           34           35           36           37           38           39           40
      41           42           43
   41 :  -0.6915D+00  -0.1674D+01  -0.3270D+01  -0.5369D+01   0.7876D+01   0.1006D+00   0.4517D+00   0.1626D+00  -0.2704D+00  -0.6565D+00  -0.1095D+01  -0.1284D+01  -0.1550D+01  -0.2055D+01  -0.1867D+01  -0.1993D+01  -0.3332D+01  -0.1926D+01  -0.4970D+00  -0.9409D+00
   42 :  -0.1517D+01  -0.3571D+01  -0.6554D+01   0.7233D+00   0.3242D+02   0.1823D+00   0.8410D+00   0.2462D+00  -0.6335D+00  -0.1526D+01  -0.2316D+01  -0.2712D+01  -0.3304D+01  -0.4286D+01  -0.4163D+01  -0.3765D+01  -0.5436D+01  -0.4026D+01  -0.2310D+01  -0.3756D+01
   43 :   0.2203D+01  -0.5506D+00  -0.2106D+01   0.1417D+00  -0.1426D+01   0.4725D+00   0.1580D+00  -0.1113D+01   0.1934D+00   0.3605D+00  -0.5379D+00  -0.2050D+00  -0.3359D+01  -0.7288D+01  -0.6107D+01  -0.5426D+01   0.5451D-01   0.1053D+02   0.1442D+02   0.8224D+01

             21           22           23           24           25           26           27           28           29           30           31           32           33           34           35           36           37           38           39           40
      41           42           43
   41 :  -0.3215D+01  -0.6088D+01  -0.6151D+01  -0.8722D+01  -0.8891D+01  -0.6990D+01  -0.8055D+01  -0.5823D+01  -0.1015D+02  -0.6623D+01  -0.6976D+01  -0.1216D+02  -0.7321D+01  -0.6165D+01  -0.5003D+01  -0.1645D+01  -0.2311D+00   0.3765D+01   0.6526D+01  -0.1845D+03
   42 :  -0.7877D+01  -0.1258D+02  -0.1322D+02  -0.1805D+02  -0.1656D+02  -0.1262D+02  -0.1733D+02  -0.1511D+02  -0.1809D+02  -0.1490D+02  -0.1506D+02  -0.2205D+02  -0.1471D+02  -0.9093D+01  -0.9398D+01  -0.5786D+01  -0.7083D+01  -0.5859D+01   0.1320D+01   0.9475D+01
   43 :  -0.2682D+01  -0.7413D+01  -0.1370D+02  -0.1011D+02  -0.3826D+01   0.1857D+01  -0.3289D+01  -0.2265D+01  -0.1259D+02  -0.2091D+02  -0.1837D+02  -0.1171D+02  -0.8595D+01   0.7089D+01   0.6401D+01   0.2939D+01  -0.5993D+01  -0.3759D+01   0.7906D+01   0.1247D+02

             41           42           43
   41 :   0.4172D+03
   42 :  -0.1785D+03   0.2475D+03
   43 :   0.9914D+01  -0.6066D+00   0.1026D+04


CORRELATION MATRIX OF PARAMETERS
============================================================================================================  
          1    2    3    4    5    6    7    8    9   10   11   12   13   14   15   16   17   18   19   20
    1 :  1.0
    2 :  0.5  1.0
    3 :  0.0  0.0  1.0
    4 :  0.0 -0.1 -0.2  1.0
    5 :  0.0  0.1  0.1 -0.3  1.0
    6 :  0.0  0.0  0.0  0.0  0.0  1.0
    7 :  0.0  0.0  0.0  0.0  0.0  0.7  1.0
    8 :  0.0  0.0  0.0  0.0  0.0  0.4  0.5  1.0
    9 :  0.0  0.0  0.0  0.0  0.0  0.2  0.2  0.5  1.0
   10 :  0.0  0.0  0.0  0.0  0.0  0.1  0.1  0.2  0.5  1.0
   11 :  0.0  0.0  0.0  0.0  0.0  0.1  0.1  0.1  0.2  0.5  1.0
   12 :  0.0  0.0  0.0  0.0  0.0  0.0  0.0  0.0  0.1  0.2  0.5  1.0
   13 :  0.0  0.0  0.0  0.0  0.0  0.0  0.0  0.0  0.0  0.1  0.2  0.5  1.0
   14 :  0.0  0.0  0.0  0.0  0.0  0.0  0.0  0.0  0.0  0.0  0.1  0.2  0.5  1.0
   15 :  0.0  0.0  0.0  0.0  0.0  0.0  0.0  0.0  0.0  0.0  0.0  0.1  0.2  0.5  1.0
   16 :  0.0  0.0  0.0  0.0  0.0  0.0  0.0  0.0  0.0  0.0  0.0  0.0  0.1  0.2  0.5  1.0
   17 :  0.0  0.0  0.0  0.0  0.0  0.0  0.0  0.0  0.0  0.0  0.0  0.0  0.0  0.1  0.2  0.5  1.0
   18 :  0.0  0.0  0.0  0.0  0.0  0.0  0.0  0.0  0.0  0.0  0.0  0.0  0.0  0.0  0.1  0.2  0.5  1.0
   19 :  0.0  0.0  0.0  0.0  0.0  0.0  0.0  0.0  0.0  0.0  0.0  0.0  0.0  0.0  0.0  0.1  0.2  0.5  1.0
   20 :  0.0  0.0  0.0  0.0  0.0  0.0  0.0  0.0  0.0  0.0  0.0  0.0  0.0  0.0  0.0  0.0  0.1  0.2  0.5  1.0


          1    2    3    4    5    6    7    8    9   10   11   12   13   14   15   16   17   18   19   20
  21   22   23   24   25   26   27   28   29   30   31   32   33   34   35   36   37   38   39   40
   21 :  0.0  0.0  0.0  0.0  0.0  0.0  0.0  0.0  0.0  0.0  0.0  0.0  0.0  0.0  0.0  0.0  0.0  0.1  0.2  0.5
   22 :  0.0  0.0  0.0  0.0  0.1  0.0  0.0  0.0  0.0  0.0  0.0  0.0  0.0  0.0  0.0  0.0  0.0  0.0  0.1  0.2
   23 :  0.0  0.0  0.0  0.0  0.1  0.0  0.0  0.0  0.0  0.0  0.0  0.0  0.0  0.0  0.0  0.0  0.0  0.0  0.0  0.1
   24 :  0.0  0.0  0.0  0.0  0.1  0.0  0.0  0.0  0.0  0.0  0.0  0.0  0.0  0.0  0.0  0.0  0.0  0.0  0.0  0.0
   25 :  0.0  0.0  0.0  0.0  0.1  0.0  0.0  0.0  0.0  0.0  0.0  0.0  0.0  0.0  0.0  0.0  0.0  0.0  0.0  0.0
   26 :  0.0  0.0  0.0  0.0  0.1  0.0  0.0  0.0  0.0  0.0  0.0  0.0  0.0  0.0  0.0  0.0  0.0  0.0  0.0  0.0
   27 :  0.0  0.0  0.0  0.0  0.1  0.0  0.0  0.0  0.0  0.0  0.0  0.0  0.0  0.0  0.0  0.0  0.0  0.0  0.0  0.0
   28 :  0.0  0.0  0.0  0.0  0.1  0.0  0.0  0.0  0.0  0.0  0.0  0.0  0.0  0.0  0.0  0.0  0.0  0.0  0.0  0.0
   29 :  0.0  0.0  0.0  0.0  0.1  0.0  0.0  0.0  0.0  0.0  0.0  0.0  0.0  0.0  0.0  0.0  0.0  0.0  0.0  0.0
   30 :  0.0  0.0  0.0  0.0  0.1  0.0  0.0  0.0  0.0  0.0  0.0  0.0  0.0  0.0  0.0  0.0  0.0  0.0  0.0  0.0
   31 :  0.0  0.0  0.0  0.0  0.1  0.0  0.0  0.0  0.0  0.0  0.0  0.0  0.0  0.0  0.0  0.0  0.0  0.0  0.0  0.0
   32 :  0.0  0.0  0.0  0.0  0.1  0.0  0.0  0.0  0.0  0.0  0.0  0.0  0.0  0.0  0.0  0.0  0.0  0.0  0.0  0.0
   33 :  0.0  0.0  0.0  0.0  0.1  0.0  0.0  0.0  0.0  0.0  0.0  0.0  0.0  0.0  0.0  0.0  0.0  0.0  0.0  0.0
   34 :  0.0  0.0  0.0  0.0  0.1  0.0  0.0  0.0  0.0  0.0  0.0  0.0  0.0  0.0  0.0  0.0  0.0  0.0  0.0  0.0
   35 :  0.0  0.0  0.0  0.0  0.1  0.0  0.0  0.0  0.0  0.0  0.0  0.0  0.0  0.0  0.0  0.0  0.0  0.0  0.0  0.0
   36 :  0.0  0.0  0.0  0.0  0.1  0.0  0.0  0.0  0.0  0.0  0.0  0.0  0.0  0.0  0.0  0.0  0.0  0.0  0.0  0.0
   37 :  0.0  0.0  0.0  0.0  0.1  0.0  0.0  0.0  0.0  0.0  0.0  0.0  0.0  0.0  0.0  0.0  0.0  0.0  0.0  0.0
   38 :  0.0  0.0  0.0  0.0  0.1  0.0  0.0  0.0  0.0  0.0  0.0  0.0  0.0  0.0  0.0  0.0  0.0  0.0  0.0  0.0
   39 :  0.0  0.0  0.0  0.0  0.1  0.0  0.0  0.0  0.0  0.0  0.0  0.0  0.0  0.0  0.0  0.0  0.0  0.0  0.0  0.0
   40 :  0.0  0.0  0.0  0.0  0.0  0.0  0.0  0.0  0.0  0.0  0.0  0.0  0.0  0.0  0.0  0.0  0.0  0.0  0.0  0.0

         21   22   23   24   25   26   27   28   29   30   31   32   33   34   35   36   37   38   39   40
   21 :  1.0
   22 :  0.5  1.0
   23 :  0.2  0.5  1.0
   24 :  0.1  0.2  0.4  1.0
   25 :  0.0  0.1  0.2  0.4  1.0
   26 :  0.0  0.0  0.1  0.2  0.4  1.0
   27 :  0.0  0.0  0.0  0.1  0.2  0.4  1.0
   28 :  0.0  0.0  0.0  0.0  0.1  0.2  0.4  1.0
   29 :  0.0  0.0  0.0  0.0  0.0  0.1  0.2  0.4  1.0
   30 :  0.0  0.0  0.0  0.0  0.0  0.0  0.1  0.2  0.5  1.0
   31 :  0.0  0.0  0.0  0.0  0.0  0.0  0.0  0.1  0.2  0.5  1.0
   32 :  0.0  0.0  0.0  0.0  0.0  0.0  0.0  0.0  0.1  0.2  0.5  1.0
   33 :  0.0  0.0  0.0  0.0  0.0  0.0  0.0  0.0  0.0  0.1  0.2  0.5  1.0
   34 :  0.0  0.0  0.0  0.0  0.0  0.0  0.0  0.0  0.0  0.0  0.1  0.2  0.5  1.0
   35 :  0.0  0.0  0.0  0.0  0.0  0.0  0.0  0.0  0.0  0.0  0.0  0.1  0.2  0.5  1.0
   36 :  0.0  0.0  0.0  0.0  0.0  0.0  0.0  0.0  0.0  0.0  0.0  0.0  0.1  0.2  0.5  1.0
   37 :  0.0  0.0  0.0  0.0  0.0  0.0  0.0  0.0  0.0  0.0  0.0  0.0  0.0  0.1  0.2  0.5  1.0
   38 :  0.0  0.0  0.0  0.0  0.0  0.0  0.0  0.0  0.0  0.0  0.0  0.0  0.0  0.0  0.1  0.2  0.5  1.0
   39 :  0.0  0.0  0.0  0.0  0.0  0.0  0.0  0.0  0.0  0.0  0.0  0.0  0.0  0.0  0.0  0.1  0.2  0.5  1.0
   40 :  0.0  0.0  0.0  0.0  0.0  0.0  0.0  0.0  0.0  0.0  0.0  0.0  0.0  0.0  0.0  0.0  0.1  0.2  0.5  1.0


          1    2    3    4    5    6    7    8    9   10   11   12   13   14   15   16   17   18   19   20
  21   22   23   24   25   26   27   28   29   30   31   32   33   34   35   36   37   38   39   40
  41   42   43
   41 :  0.0  0.0  0.0  0.1 -0.1  0.0  0.0  0.0  0.0  0.0  0.0  0.0  0.0  0.0  0.0  0.0  0.0  0.0  0.0  0.0
   42 :  0.0  0.0  0.0  0.2 -0.4  0.0  0.0  0.0  0.0  0.0  0.0  0.0  0.0  0.0  0.0  0.0  0.0  0.0  0.0  0.0
   43 :  0.0  0.0  0.0  0.0  0.0  0.0  0.0  0.0  0.0  0.0  0.0  0.0  0.0  0.0  0.0  0.0  0.0  0.0  0.0  0.0

         21   22   23   24   25   26   27   28   29   30   31   32   33   34   35   36   37   38   39   40
  41   42   43
   41 :  0.0  0.0  0.0  0.0  0.0  0.0  0.0  0.0  0.0  0.0  0.0  0.0  0.0  0.0  0.0  0.0  0.0  0.1  0.2  0.4
   42 :  0.0  0.1  0.1  0.1  0.1  0.0  0.1  0.1  0.1  0.1  0.1  0.1  0.1  0.0  0.0  0.0  0.0  0.1  0.1  0.2
   43 :  0.0  0.0  0.0  0.0  0.0  0.0  0.0  0.0  0.0  0.0  0.0  0.0  0.0  0.0  0.0  0.0  0.0  0.0  0.0  0.0

         41   42   43
   41 :  1.0
   42 :  0.6  1.0
   43 :  0.0  0.0  1.0


COVARIANCE MATRIX OF PARAMETERS
===========================================================================================================================================================================================================================================================================      
              1            2            3            4            5            6            7            8            9           10           11           12           13           14           15           16           17           18           19           20
    1 :   0.1925D-02
    2 :   0.1769D-02   0.5639D-02
    3 :   0.3562D-04   0.1700D-03   0.7685D-02
    4 :  -0.2333D-03  -0.7112D-03  -0.2936D-02   0.1897D-01
    5 :   0.3251D-03   0.7612D-03   0.1436D-02  -0.7658D-02   0.3936D-01
    6 :  -0.6585D-07  -0.1361D-06  -0.4487D-06  -0.3438D-05  -0.1300D-04   0.2269D-02
    7 :  -0.2788D-06  -0.6892D-06  -0.1979D-05  -0.5792D-06  -0.2979D-04   0.1102D-02   0.1063D-02
    8 :  -0.3005D-06  -0.7861D-06  -0.1754D-05  -0.1925D-05  -0.2178D-04   0.5487D-03   0.5241D-03   0.1044D-02
    9 :  -0.2052D-06  -0.6752D-06  -0.1148D-05   0.3329D-05   0.9180D-05   0.2778D-03   0.2570D-03   0.5022D-03   0.1017D-02
   10 :   0.2745D-06   0.6349D-06   0.2710D-05   0.4621D-05   0.4812D-04   0.1424D-03   0.1246D-03   0.2315D-03   0.4718D-03   0.9777D-03
   11 :   0.7810D-06   0.1949D-05   0.5103D-05   0.1135D-04   0.8389D-04   0.7428D-04   0.6009D-04   0.1014D-03   0.2043D-03   0.4437D-03   0.9304D-03
   12 :   0.1095D-05   0.2797D-05   0.7770D-05   0.1034D-04   0.1020D-03   0.3898D-04   0.2853D-04   0.4061D-04   0.7983D-04   0.1849D-03   0.4146D-03   0.8569D-03
   13 :   0.1430D-05   0.3677D-05   0.9106D-05   0.1305D-04   0.1201D-03   0.2071D-04   0.1362D-04   0.1410D-04   0.2515D-04   0.6824D-04   0.1731D-03   0.3854D-03   0.7972D-03
   14 :   0.1851D-05   0.4711D-05   0.1241D-04   0.1399D-04   0.1474D-03   0.1278D-04   0.7838D-05   0.4194D-05   0.3362D-05   0.1778D-04   0.6492D-04   0.1646D-03   0.3640D-03   0.7667D-03
   15 :   0.1987D-05   0.5137D-05   0.1377D-04   0.1698D-04   0.1592D-03   0.9041D-05   0.5141D-05   0.6788D-06  -0.3839D-05  -0.1540D-05   0.1816D-04   0.6549D-04   0.1604D-03   0.3588D-03   0.7690D-03
   16 :   0.2235D-05   0.5864D-05   0.1555D-04   0.2585D-04   0.1686D-03   0.6825D-05   0.4210D-05   0.8288D-06  -0.3770D-05  -0.5421D-05   0.2566D-05   0.2412D-04   0.6997D-04   0.1681D-03   0.3765D-03   0.8302D-03
   17 :   0.2694D-05   0.6958D-05   0.1958D-04   0.1409D-04   0.2179D-03   0.5064D-05   0.3297D-05   0.8854D-06  -0.2114D-05  -0.4726D-05  -0.2308D-05   0.8293D-05   0.2933D-04   0.7667D-04   0.1808D-03   0.4180D-03   0.9199D-03
   18 :   0.2602D-05   0.6682D-05   0.1554D-04   0.1500D-04   0.2335D-03   0.3835D-05   0.2489D-05   0.1346D-05  -0.7888D-06  -0.2620D-05  -0.2083D-05   0.3002D-05   0.1107D-04   0.3402D-04   0.8614D-04   0.2045D-03   0.4664D-03   0.1054D-02
   19 :   0.1842D-05   0.4522D-05   0.1113D-04   0.1715D-04   0.1942D-03   0.3155D-05   0.2013D-05   0.1426D-05   0.5562D-06  -0.3409D-06  -0.6027D-06   0.1249D-05   0.3909D-05   0.1508D-04   0.3778D-04   0.9263D-04   0.2208D-03   0.5209D-03   0.1132D-02
   20 :   0.1886D-05   0.4653D-05   0.1093D-04   0.2281D-04   0.1821D-03   0.2112D-05   0.1310D-05   0.1422D-05   0.1127D-05   0.1130D-06  -0.2843D-07  -0.5646D-07   0.2153D-05   0.5325D-05   0.1193D-04   0.3416D-04   0.8637D-04   0.2227D-03   0.5091D-03   0.1006D-02


              1            2            3            4            5            6            7            8            9           10           11           12           13           14           15           16           17           18           19           20
      21           22           23           24           25           26           27           28           29           30           31           32           33           34           35           36           37           38           39           40
   21 :   0.2732D-05   0.6590D-05   0.1619D-04   0.4421D-05   0.2668D-03   0.1413D-05   0.7796D-06   0.1219D-05   0.1777D-05   0.1102D-05   0.9241D-06   0.6506D-06   0.6044D-06   0.1236D-05   0.3249D-05   0.9568D-05   0.2975D-04   0.8300D-04   0.2040D-03   0.4274D-03
   22 :   0.3879D-05   0.9559D-05   0.2053D-04  -0.2137D-04   0.3613D-03   0.3035D-06   0.4013D-06   0.8612D-06   0.1130D-05   0.1089D-05   0.1559D-05   0.1309D-05   0.1442D-05  -0.1603D-07  -0.2097D-06   0.1499D-05   0.8141D-05   0.2724D-04   0.7210D-04   0.1690D-03
   23 :   0.3664D-05   0.8819D-05   0.1886D-04  -0.1199D-04   0.3814D-03   0.6031D-06   0.3773D-06   0.1206D-05   0.1636D-05   0.2008D-05   0.2482D-05   0.2533D-05   0.2861D-05   0.9471D-06  -0.3650D-08  -0.1434D-05   0.1018D-05   0.6889D-05   0.2356D-04   0.6284D-04
   24 :   0.4074D-05   0.9735D-05   0.2464D-04  -0.1253D-04   0.4382D-03   0.2281D-06   0.4313D-06   0.1400D-05   0.2130D-05   0.2789D-05   0.3447D-05   0.4520D-05   0.4660D-05   0.3651D-05   0.2497D-05  -0.7874D-06   0.1560D-05   0.1302D-05   0.3909D-05   0.1911D-04
   25 :   0.4540D-05   0.1115D-04   0.2606D-04   0.3075D-05   0.4448D-03  -0.4444D-06   0.2808D-06   0.1075D-05   0.2266D-05   0.3167D-05   0.3782D-05   0.4162D-05   0.4720D-05   0.5064D-05   0.4070D-05   0.3208D-05   0.1726D-05  -0.1089D-05  -0.3013D-05   0.2018D-05
   26 :   0.4335D-05   0.1089D-04   0.3036D-04   0.1948D-04   0.3893D-03  -0.2427D-06   0.3907D-06   0.1117D-05   0.2443D-05   0.3851D-05   0.3925D-05   0.3818D-05   0.5701D-05   0.5753D-05   0.5528D-05   0.3412D-05  -0.1538D-06  -0.6528D-06  -0.1383D-05  -0.2024D-05
   27 :   0.4753D-05   0.1174D-04   0.3386D-04   0.2128D-04   0.4192D-03  -0.2047D-06   0.2543D-06   0.1219D-05   0.2500D-05   0.3622D-05   0.4098D-05   0.4668D-05   0.4622D-05   0.5216D-05   0.6332D-05   0.5231D-05   0.2519D-05   0.7023D-06  -0.1649D-05  -0.2893D-05
   28 :   0.5790D-05   0.1475D-04   0.3937D-04   0.2437D-04   0.4209D-03  -0.1812D-06   0.1959D-06   0.1048D-05   0.2339D-05   0.3322D-05   0.3857D-05   0.5192D-05   0.6375D-05   0.5579D-05   0.5479D-05   0.3566D-05   0.9085D-06   0.9236D-07  -0.9960D-06   0.5543D-06
   29 :   0.6360D-05   0.1626D-04   0.4408D-04   0.3428D-04   0.4219D-03  -0.2157D-06   0.2073D-06   0.1311D-05   0.2473D-05   0.3283D-05   0.3964D-05   0.4597D-05   0.5444D-05   0.5628D-05   0.5317D-05   0.5941D-05   0.3669D-05   0.2441D-05   0.2416D-05   0.1299D-05
   30 :   0.6186D-05   0.1606D-04   0.4479D-04   0.3395D-04   0.4215D-03  -0.3627D-06   0.9862D-07   0.1178D-05   0.2496D-05   0.3275D-05   0.4124D-05   0.5055D-05   0.6533D-05   0.6006D-05   0.4169D-05   0.5378D-05   0.5980D-05   0.4506D-05   0.4562D-05   0.3924D-05
   31 :   0.6354D-05   0.1617D-04   0.4565D-04   0.4438D-04   0.5056D-03  -0.4674D-06  -0.1081D-07   0.1229D-05   0.2820D-05   0.3754D-05   0.4210D-05   0.4996D-05   0.7433D-05   0.7560D-05   0.7625D-05   0.6999D-05   0.6408D-05   0.6920D-05   0.6357D-05   0.5003D-05
   32 :   0.7749D-05   0.1889D-04   0.5084D-04   0.2737D-04   0.6745D-03  -0.5646D-06  -0.1473D-07   0.1226D-05   0.2968D-05   0.4213D-05   0.4560D-05   0.4819D-05   0.7575D-05   0.7554D-05   0.8588D-05   0.7848D-05   0.7580D-05   0.7740D-05   0.8496D-05   0.9502D-05
   33 :   0.8272D-05   0.1880D-04   0.5268D-04   0.5312D-04   0.7161D-03  -0.5767D-06  -0.1007D-06   0.1442D-05   0.3307D-05   0.4831D-05   0.5420D-05   0.5475D-05   0.7793D-05   0.9340D-05   0.1004D-04   0.9469D-05   0.9297D-05   0.9712D-05   0.1092D-04   0.8873D-05
   34 :   0.1044D-04   0.2379D-04   0.5951D-04   0.7461D-04   0.7269D-03  -0.6173D-06  -0.5603D-07   0.1632D-05   0.3798D-05   0.5324D-05   0.6178D-05   0.5339D-05   0.7486D-05   0.9931D-05   0.1144D-04   0.1206D-04   0.1146D-04   0.1412D-04   0.1576D-04   0.1577D-04
   35 :   0.1157D-04   0.2516D-04   0.7152D-04   0.9103D-04   0.7399D-03  -0.6453D-06  -0.2192D-07   0.1873D-05   0.4074D-05   0.5553D-05   0.6501D-05   0.5234D-05   0.7183D-05   0.1013D-04   0.1202D-04   0.1330D-04   0.1172D-04   0.1497D-04   0.1848D-04   0.2016D-04
   36 :   0.1401D-04   0.3038D-04   0.7441D-04   0.1213D-03   0.6753D-03  -0.9466D-06  -0.4742D-07   0.1930D-05   0.4156D-05   0.5302D-05   0.6120D-05   0.5409D-05   0.7580D-05   0.1099D-04   0.1174D-04   0.1307D-04   0.1248D-04   0.1232D-04   0.7368D-05   0.1156D-04
   37 :   0.1519D-04   0.3234D-04   0.7939D-04   0.1287D-03   0.6776D-03  -0.9242D-06  -0.1447D-06   0.1908D-05   0.4110D-05   0.5160D-05   0.5983D-05   0.5431D-05   0.7662D-05   0.1138D-04   0.1163D-04   0.1322D-04   0.1367D-04   0.9776D-05   0.2882D-05   0.7235D-05
   38 :   0.2055D-04   0.4625D-04   0.9611D-04   0.1596D-03   0.7492D-03  -0.9986D-06  -0.4314D-07   0.2353D-05   0.4879D-05   0.6164D-05   0.7107D-05   0.6806D-05   0.9293D-05   0.1339D-04   0.1328D-04   0.1479D-04   0.1819D-04   0.1475D-04   0.8489D-05   0.1514D-04
   39 :   0.1976D-04   0.4348D-04   0.9039D-04   0.2193D-03   0.5579D-03  -0.1275D-05  -0.6360D-07   0.2360D-05   0.5071D-05   0.6933D-05   0.8205D-05   0.8687D-05   0.1081D-04   0.1348D-04   0.1334D-04   0.1604D-04   0.2078D-04   0.1667D-04   0.1390D-04   0.2159D-04
   40 :   0.1492D-04   0.3197D-04   0.6947D-04   0.3309D-03   0.5452D-04  -0.1292D-05  -0.3059D-06   0.2195D-05   0.4909D-05   0.6923D-05   0.8584D-05   0.9391D-05   0.1126D-04   0.1326D-04   0.1333D-04   0.1580D-04   0.2019D-04   0.1577D-04   0.1386D-04   0.2200D-04

             21           22           23           24           25           26           27           28           29           30           31           32           33           34           35           36           37           38           39           40
   21 :   0.8343D-03
   22 :   0.3504D-03   0.6998D-03
   23 :   0.1390D-03   0.2952D-03   0.5981D-03
   24 :   0.4836D-04   0.1158D-03   0.2579D-03   0.5557D-03
   25 :   0.1090D-04   0.3775D-04   0.1018D-03   0.2399D-03   0.5475D-03
   26 :   0.1683D-05   0.1088D-04   0.3566D-04   0.9493D-04   0.2385D-03   0.5620D-03
   27 :  -0.4584D-05   0.8802D-06   0.5646D-05   0.2826D-04   0.8750D-04   0.2389D-03   0.5335D-03
   28 :  -0.2827D-05  -0.8061D-06   0.1546D-05   0.4740D-05   0.2792D-04   0.9748D-04   0.2373D-03   0.5368D-03
   29 :   0.5376D-06   0.1716D-05  -0.1563D-05  -0.4741D-05   0.3721D-05   0.3107D-04   0.9058D-04   0.2268D-03   0.4936D-03
   30 :   0.2968D-05   0.2174D-05   0.1682D-05  -0.3266D-05  -0.9535D-06   0.8437D-05   0.3354D-04   0.1010D-03   0.2351D-03   0.5348D-03
   31 :   0.6082D-05   0.5293D-05   0.2072D-05  -0.8805D-06  -0.5931D-05  -0.2770D-05   0.1281D-04   0.4519D-04   0.1157D-03   0.2795D-03   0.6398D-03
   32 :   0.8052D-05   0.7093D-05   0.7276D-05   0.7684D-05  -0.8681D-06  -0.1427D-06   0.4103D-05   0.1710D-04   0.5112D-04   0.1356D-03   0.3180D-03   0.6944D-03
   33 :   0.9527D-05   0.8851D-05   0.7567D-05   0.7172D-05   0.1793D-05   0.2510D-05   0.3807D-05   0.1007D-04   0.2645D-04   0.6569D-04   0.1531D-03   0.3456D-03   0.8338D-03
   34 :   0.1499D-04   0.1532D-04   0.1198D-04   0.1433D-04   0.8592D-05   0.4238D-05   0.8725D-05   0.1038D-04   0.1535D-04   0.3751D-04   0.8177D-04   0.1862D-03   0.4502D-03   0.1101D-02
   35 :   0.1785D-04   0.1608D-04   0.9421D-05   0.1004D-04   0.1207D-04   0.6371D-05   0.8609D-05   0.9309D-05   0.1055D-04   0.2341D-04   0.4255D-04   0.8560D-04   0.2130D-03   0.5366D-03   0.1247D-02
   36 :   0.1309D-04   0.1111D-04   0.7002D-05   0.1355D-04   0.1964D-04   0.1253D-04   0.1439D-04   0.1402D-04   0.1350D-04   0.1606D-04   0.2982D-04   0.4735D-04   0.9834D-04   0.2400D-03   0.5911D-03   0.1348D-02
   37 :   0.7082D-05   0.7603D-05   0.6309D-05   0.1081D-04   0.1789D-04   0.1547D-04   0.1614D-04   0.1427D-04   0.1427D-04   0.1248D-04   0.2389D-04   0.2741D-04   0.3749D-04   0.1024D-03   0.2646D-03   0.6355D-03   0.1430D-02
   38 :   0.1791D-04   0.1778D-04   0.1412D-04   0.1684D-04   0.2262D-04   0.2245D-04   0.2202D-04   0.2278D-04   0.1898D-04   0.1371D-04   0.2930D-04   0.2432D-04   0.1525D-04   0.4423D-04   0.1124D-03   0.2927D-03   0.7102D-03   0.1677D-02
   39 :   0.2486D-04   0.2678D-04   0.2238D-04   0.2655D-04   0.3151D-04   0.3011D-04   0.2937D-04   0.2611D-04   0.2292D-04   0.2206D-04   0.3273D-04   0.3026D-04   0.1728D-04   0.3134D-04   0.5654D-04   0.1358D-03   0.3549D-03   0.8520D-03   0.2020D-02
   40 :   0.2765D-04   0.3246D-04   0.2892D-04   0.3255D-04   0.3169D-04   0.2728D-04   0.2915D-04   0.2582D-04   0.2548D-04   0.2355D-04   0.3323D-04   0.3587D-04   0.2085D-04   0.1917D-04   0.3217D-04   0.6496D-04   0.1800D-03   0.4205D-03   0.1033D-02   0.2475D-02


              1            2            3            4            5            6            7            8            9           10           11           12           13           14           15           16           17           18           19           20
      21           22           23           24           25           26           27           28           29           30           31           32           33           34           35           36           37           38           39           40
      41           42           43
   41 :   0.9263D-05   0.1766D-04   0.3484D-04   0.5379D-03  -0.5952D-03  -0.1556D-05  -0.6560D-06   0.2021D-05   0.4973D-05   0.7360D-05   0.9424D-05   0.1047D-04   0.1232D-04   0.1406D-04   0.1429D-04   0.1651D-04   0.1993D-04   0.1480D-04   0.1242D-04   0.1971D-04
   42 :   0.9115D-05   0.1562D-04   0.8787D-04   0.1355D-02  -0.5085D-02  -0.3556D-05  -0.1505D-05   0.6040D-05   0.1444D-04   0.2159D-04   0.2731D-04   0.3045D-04   0.3544D-04   0.3969D-04   0.4016D-04   0.4338D-04   0.5075D-04   0.4395D-04   0.4188D-04   0.5951D-04
   43 :  -0.2454D-05   0.5116D-05   0.2019D-04  -0.2132D-04   0.9679D-04  -0.5028D-06   0.4669D-06   0.1123D-05  -0.7331D-07   0.3907D-06   0.1883D-05   0.3253D-05   0.6592D-05   0.8018D-05   0.5136D-05   0.6890D-06  -0.8610D-05  -0.1954D-04  -0.1875D-04  -0.5082D-05

             21           22           23           24           25           26           27           28           29           30           31           32           33           34           35           36           37           38           39           40
      41           42           43
   41 :   0.2747D-04   0.3275D-04   0.3011D-04   0.3332D-04   0.3140D-04   0.2786D-04   0.2928D-04   0.2718D-04   0.3079D-04   0.2912D-04   0.3842D-04   0.4546D-04   0.3306D-04   0.3129D-04   0.2977D-04   0.2963D-04   0.6846D-04   0.1575D-03   0.4254D-03   0.1094D-02
   42 :   0.7830D-04   0.8893D-04   0.8304D-04   0.8877D-04   0.8005D-04   0.7463D-04   0.8366D-04   0.8078D-04   0.8666D-04   0.8849D-04   0.1093D-03   0.1262D-03   0.1009D-03   0.9207D-04   0.9134D-04   0.7479D-04   0.9831D-04   0.1327D-03   0.2565D-03   0.6946D-03
   43 :   0.6518D-05   0.9584D-05   0.1022D-04   0.5359D-05   0.9895D-06  -0.2342D-06   0.3543D-05   0.6381D-05   0.1293D-04   0.1699D-04   0.1473D-04   0.8083D-05   0.1891D-05  -0.1160D-04  -0.8578D-05  -0.1155D-05   0.5427D-05  -0.6973D-05  -0.3208D-04  -0.4023D-04

             41           42           43
   41 :   0.2397D-02
   42 :   0.1729D-02   0.4040D-02
   43 :  -0.2214D-04   0.2389D-05   0.9746D-03


