 Initial value of the OBJECTIVE function =     179.0843
 Amoeba restart #     1, Objective function =      -8.6259
 Amoeba restart #     2, Objective function =      -9.5544
 Amoeba restart #     3, Objective function =      -9.8732
 Amoeba restart #     4, Objective function =     -11.0609
 Amoeba restart #     5, Objective function =     -11.6709
 Amoeba restart #     6, Objective function =     -13.4074
 Amoeba restart #     7, Objective function =     -14.1161
 Amoeba restart #     8, Objective function =     -14.5026
 Amoeba restart #     9, Objective function =     -15.1961
 Amoeba restart #    10, Objective function =     -15.1969
 Amoeba restart #    11, Objective function =     -15.1971
 Amoeba restart #    12, Objective function =     -15.3289
 Amoeba restart #    13, Objective function =     -15.3549
 Amoeba restart #    14, Objective function =     -15.3549
 Amoeba restart #    15, Objective function =     -15.3549


FIRST DERIVATIVE TEST
==============================================      
             -h       central        +h     
         ----------  ----------  ---------- 
    1 : -0.2250D+00  0.3586D+00  0.9272D+00
    2 : -0.6481D+00 -0.2293D+00  0.1769D+00
    3 : -0.2513D+00  0.8778D-01  0.4149D+00
    4 : -0.3923D+00 -0.1459D+00  0.9333D-01
    5 :  0.8726D-01  0.2765D+00  0.4570D+00
    6 : -0.8209D+00  0.3245D+00  0.1443D+01
    7 : -0.1930D+01  0.3739D+00  0.2622D+01
    8 : -0.2743D+01 -0.4034D+00  0.1880D+01
    9 : -0.9913D+00  0.1360D+01  0.3656D+01
   10 : -0.3146D+01 -0.7180D+00  0.1653D+01
   11 : -0.2316D+01  0.1573D+00  0.2572D+01
   12 : -0.2215D+01  0.2860D+00  0.2727D+01
   13 : -0.2379D+01  0.1720D+00  0.2674D+01
   14 : -0.2052D+01  0.5285D+00  0.3052D+01
   15 : -0.2431D+01  0.1215D+00  0.2607D+01
   16 : -0.2475D+01 -0.3302D-01  0.2363D+01
   17 : -0.8120D+00  0.1478D+01  0.3732D+01
   18 : -0.2024D+01  0.1649D+00  0.2320D+01
   19 : -0.1848D+01  0.3419D+00  0.2480D+01
   20 : -0.2547D+01 -0.2144D+00  0.2060D+01
   21 : -0.1807D+01  0.7567D+00  0.3248D+01
   22 : -0.1955D+01  0.8208D+00  0.3531D+01
   23 : -0.2876D+01  0.1493D+00  0.3075D+01
   24 : -0.3756D+01 -0.5909D+00  0.2472D+01
   25 : -0.1981D+01  0.1152D+01  0.4243D+01
   26 : -0.3595D+01 -0.4388D+00  0.2636D+01
   27 : -0.3082D+01  0.1223D+00  0.3247D+01
   28 : -0.2482D+01  0.7519D+00  0.3891D+01
   29 : -0.3421D+01 -0.7410D-01  0.3166D+01
   30 : -0.3928D+01 -0.5889D+00  0.2662D+01
   31 : -0.2306D+01  0.8366D+00  0.3931D+01
   32 : -0.2134D+01  0.7593D+00  0.3574D+01
   33 : -0.2371D+01  0.2570D+00  0.2814D+01
   34 : -0.1937D+01  0.3654D+00  0.2596D+01
   35 : -0.1898D+01  0.1996D+00  0.2262D+01
   36 : -0.2238D+01 -0.2663D+00  0.1663D+01
   37 : -0.1332D+01  0.5129D+00  0.2320D+01
   38 : -0.9356D+00  0.7649D+00  0.2430D+01
   39 : -0.1210D+01  0.3120D+00  0.1800D+01
   40 : -0.2113D+01 -0.7231D+00  0.6424D+00
   41 : -0.1017D+01  0.3291D+00  0.1652D+01
   42 : -0.8310D+00 -0.2236D-01  0.7631D+00
   43 : -0.9335D+01 -0.6334D+00  0.7727D+01


HESSIAN MATRIX
===========================================================================================================================================================================================================================================================================      
              1            2            3            4            5            6            7            8            9           10           11           12           13           14           15           16           17           18           19           20
    1 :   0.5375D+03
    2 :  -0.1633D+03   0.1729D+03
    3 :   0.1232D+01  -0.3603D+01   0.1348D+03
    4 :   0.5734D+00   0.7160D+01   0.2392D+02   0.7900D+02
    5 :  -0.1177D+01  -0.2153D+01  -0.5169D+00   0.1366D+02   0.2903D+02
    6 :   0.3509D-03   0.1078D-01   0.7443D-01   0.1676D+00   0.1960D+00   0.5127D+03
    7 :   0.2583D-02   0.4666D-01   0.1976D+00   0.2905D+00   0.6728D+00  -0.5129D+03   0.1034D+04
    8 :   0.6239D-02   0.7183D-01   0.1319D+00   0.1350D+00   0.1774D+00  -0.2652D+01  -0.5206D+03   0.1058D+04
    9 :   0.3870D-02   0.7097D-01  -0.7715D-01  -0.3558D+00  -0.5478D+00  -0.4232D+01  -0.5130D+01  -0.5166D+03   0.1064D+04
   10 :   0.6254D-02  -0.8155D-01  -0.4693D+00  -0.8388D+00  -0.1323D+01  -0.3888D+01  -0.6437D+01   0.1827D+01  -0.5148D+03   0.1116D+04
   11 :  -0.1360D-01  -0.2163D+00  -0.7411D+00  -0.1359D+01  -0.1711D+01  -0.3415D+01  -0.6484D+01  -0.7873D+00   0.1053D+02  -0.5251D+03   0.1160D+04
   12 :  -0.1663D-01  -0.2521D+00  -0.9384D+00  -0.1338D+01  -0.2291D+01  -0.2566D+01  -0.5177D+01  -0.8028D+00   0.5841D+01   0.1578D+02  -0.5428D+03   0.1188D+04
   13 :  -0.2968D-01  -0.3794D+00  -0.1124D+01  -0.1776D+01  -0.3225D+01  -0.2336D+01  -0.3893D+01  -0.1300D+01   0.4706D+01   0.1150D+02   0.1919D+02  -0.5676D+03   0.1250D+04
   14 :  -0.5548D-01  -0.4679D+00  -0.1547D+01  -0.2268D+01  -0.2505D+01  -0.1678D+01  -0.3978D+01  -0.1771D+01   0.2957D+01   0.8744D+01   0.1375D+02   0.1739D+02  -0.5858D+03   0.1263D+04
   15 :  -0.2963D-01  -0.4759D+00  -0.1600D+01  -0.2323D+01  -0.3952D+01  -0.1159D+01  -0.3121D+01  -0.2100D+01   0.1810D+01   0.6345D+01   0.9077D+01   0.9295D+01   0.1547D+02  -0.5897D+03   0.1239D+04
   16 :  -0.3888D-01  -0.5701D+00  -0.1713D+01  -0.2536D+01  -0.2916D+01  -0.1752D+00  -0.1808D+01  -0.2279D+01  -0.7419D-01   0.2067D+01   0.3554D+01   0.3023D+01   0.5840D+01   0.1442D+02  -0.5656D+03   0.1151D+04
   17 :  -0.3751D-01  -0.4253D+00  -0.1519D+01  -0.1985D+01  -0.3824D+01   0.2376D-01  -0.1076D+01  -0.1169D+01  -0.2559D+00   0.1841D+01   0.2522D+01   0.1999D+01   0.3032D+01   0.5281D+01   0.7781D+01  -0.5193D+03   0.1017D+04
   18 :  -0.6121D-02  -0.3145D+00  -0.7763D+00  -0.1844D+01  -0.2625D+01   0.8127D-01  -0.5254D+00  -0.8624D+00  -0.3031D+00  -0.1049D-01  -0.2253D+00   0.1291D+01   0.9186D+00   0.1468D+01   0.2209D+01   0.6780D+01  -0.4683D+03   0.9367D+03
   19 :  -0.1358D-01  -0.9824D-01  -0.5619D+00  -0.1452D+01  -0.2236D+01   0.8366D-01  -0.2503D+00  -0.2598D+00   0.4161D-01  -0.6851D+00  -0.5091D+00  -0.9246D+00   0.1296D+01  -0.1225D+01   0.3448D+01   0.5955D+01   0.4331D+01  -0.4402D+03   0.9375D+03
   20 :  -0.3731D-01  -0.3655D+00  -0.1092D+01  -0.2190D+01  -0.4539D+01   0.1271D+00  -0.1921D+00  -0.2479D+00  -0.5930D+00  -0.3444D+00  -0.5400D+00   0.1627D+00   0.2885D+00   0.6951D+00  -0.7818D+00   0.5187D+01   0.1773D+01   0.1099D+02  -0.4596D+03   0.1048D+04


              1            2            3            4            5            6            7            8            9           10           11           12           13           14           15           16           17           18           19           20
      21           22           23           24           25           26           27           28           29           30           31           32           33           34           35           36           37           38           39           40
   21 :  -0.7268D-01  -0.4422D+00  -0.1494D+01  -0.2514D+01  -0.7264D+01   0.2136D+00   0.3780D+00  -0.2149D-01  -0.7701D+00  -0.2351D+01  -0.2172D+01  -0.1024D+01  -0.1155D+01  -0.4026D+01   0.1245D+01   0.6356D+00   0.8898D+01   0.6496D+01   0.1426D+02  -0.5272D+03
   22 :  -0.7129D-01  -0.7345D+00  -0.1618D+01  -0.2512D+01  -0.8450D+01   0.2544D+00   0.1723D+00  -0.6213D-01  -0.1049D+01  -0.1528D+01  -0.1004D+01  -0.2932D+01  -0.1567D+01  -0.3002D+01  -0.4650D+01   0.2013D+01   0.3171D+01   0.2208D+01   0.1145D+02   0.1759D+02
   23 :  -0.6381D-01  -0.5654D+00  -0.1937D+01  -0.4457D+01  -0.8570D+01   0.2832D+00   0.3993D+00   0.1045D+00  -0.8421D+00  -0.7848D+00  -0.1362D+01  -0.2297D+01  -0.2605D+01  -0.5149D+01  -0.2648D+01  -0.1616D+01   0.4600D+01   0.3378D+01   0.7770D+01   0.6595D+01
   24 :  -0.9294D-01  -0.7191D+00  -0.3330D+01  -0.5393D+01  -0.1155D+02   0.3831D+00   0.5199D+00   0.1560D+00  -0.1268D+01  -0.1876D+01  -0.3700D+01  -0.2552D+01  -0.4613D+00  -0.5249D+01  -0.1890D+01  -0.3648D+01   0.4059D+01  -0.2772D+01   0.5247D+00   0.2094D+01
   25 :  -0.1102D+00  -0.1302D+01  -0.3712D+01  -0.6884D+01  -0.1309D+02   0.2327D+00   0.7464D+00  -0.1787D+00  -0.1122D+01  -0.1707D+01  -0.4080D+01  -0.3147D+01  -0.3964D+01  -0.2154D+01  -0.7095D+01  -0.5044D+01  -0.2716D+01  -0.1732D+01   0.2637D+01   0.6199D+01
   26 :  -0.1138D+00  -0.1273D+01  -0.5042D+01  -0.6705D+01  -0.1199D+02   0.4913D+00   0.3873D+00   0.2019D+00  -0.8474D+00  -0.2026D+01  -0.1205D+01  -0.2879D+01  -0.9538D+00  -0.5923D+01  -0.5163D+01  -0.9601D+00   0.2177D+01  -0.1236D+01  -0.2756D+01   0.3675D+01
   27 :  -0.2206D+00  -0.1462D+01  -0.5772D+01  -0.7879D+01  -0.1429D+02   0.3942D+00   0.8618D+00   0.1759D-01  -0.1186D+01  -0.2126D+01  -0.1280D+01  -0.2905D+01  -0.4633D+01  -0.5532D+01  -0.5434D+01  -0.7074D+01  -0.5436D+01  -0.3138D+00  -0.2414D+01  -0.5857D+00
   28 :  -0.2773D+00  -0.2350D+01  -0.6681D+01  -0.7780D+01  -0.1307D+02   0.3713D+00   0.1048D+01   0.2316D+00  -0.9083D+00  -0.2238D+01  -0.2982D+01  -0.3914D+01  -0.2698D+01  -0.4006D+01  -0.5899D+01  -0.1473D+01   0.1027D+01  -0.1913D+01  -0.4428D+01  -0.2815D+01
   29 :  -0.3909D+00  -0.2853D+01  -0.8772D+01  -0.1011D+02  -0.1406D+02   0.4275D+00   0.1220D+01   0.2333D+00  -0.1126D+01  -0.2871D+01  -0.3515D+01  -0.4462D+01  -0.3515D+01  -0.5012D+01  -0.3798D+01  -0.4997D+01  -0.2526D+01  -0.3073D+01  -0.4673D+01  -0.1143D+01
   30 :  -0.1702D+00  -0.2108D+01  -0.6951D+01  -0.8182D+01  -0.1425D+02   0.3952D+00   0.7626D+00   0.2305D+00  -0.1145D+01  -0.2101D+01  -0.4252D+01  -0.4497D+01  -0.5116D+01  -0.5352D+01  -0.5982D+01  -0.4806D+01  -0.7731D+01  -0.2207D+01   0.9299D+00  -0.1716D+01
   31 :  -0.1448D+00  -0.1537D+01  -0.5960D+01  -0.9061D+01  -0.1352D+02   0.3249D+00   0.8516D+00   0.2800D+00  -0.1067D+01  -0.2046D+01  -0.2886D+01  -0.3401D+01  -0.2963D+01  -0.5107D+01  -0.4565D+01  -0.5373D+01  -0.5599D-02  -0.4483D+01  -0.4419D+01  -0.5520D+01
   32 :  -0.3022D+00  -0.1504D+01  -0.5495D+01  -0.8741D+01  -0.1351D+02   0.3627D+00   0.9121D+00   0.2815D+00  -0.5413D+00  -0.1893D+01  -0.3247D+01  -0.3054D+01  -0.2791D+01  -0.5553D+01  -0.2273D+01  -0.1402D+01  -0.4398D+00  -0.4049D+01  -0.2348D+01  -0.2713D+01
   33 :  -0.5054D+00  -0.1232D+01  -0.5174D+01  -0.8906D+01  -0.1199D+02   0.2375D+00   0.1030D+01   0.1261D+00  -0.5377D+00  -0.1620D+01  -0.2350D+01  -0.2607D+01  -0.1730D+01  -0.4393D+01  -0.4772D+01  -0.4100D+01  -0.1784D+01   0.5100D+00  -0.4239D+01  -0.1691D+01
   34 :  -0.5297D+00  -0.1672D+01  -0.4326D+01  -0.6416D+01  -0.1002D+02   0.2152D+00   0.7010D+00   0.1925D+00  -0.3177D+00  -0.1152D+01  -0.1763D+01  -0.1898D+01  -0.3005D+01  -0.1428D+01  -0.4267D+01  -0.3834D+01  -0.4674D+01  -0.6768D+00  -0.4094D+00  -0.8860D+00
   35 :  -0.6669D+00  -0.1363D+01  -0.5112D+01  -0.6379D+01  -0.8994D+01   0.2084D+00   0.5491D+00   0.6884D-01  -0.6387D+00  -0.1149D+01  -0.1182D+01  -0.1822D+01  -0.2779D+01  -0.5908D+00  -0.3982D+01  -0.2064D+01  -0.6258D+01  -0.1206D+01   0.1240D+01  -0.2715D+01
   36 :  -0.8425D+00  -0.2016D+01  -0.4630D+01  -0.6070D+01  -0.6845D+01   0.2601D+00   0.4916D+00   0.9273D-01  -0.6491D+00  -0.1046D+01  -0.9953D+00  -0.1440D+01  -0.3632D+01  -0.4738D+00  -0.3448D+01  -0.3572D+01  -0.5851D+01  -0.4236D+01  -0.3987D+00  -0.2129D+01
   37 :  -0.8264D+00  -0.1754D+01  -0.4554D+01  -0.5647D+01  -0.5909D+01   0.1608D+00   0.5038D+00   0.8432D-01  -0.5601D+00  -0.9580D+00  -0.9915D+00  -0.1841D+01  -0.3628D+01  -0.4624D+00  -0.3619D+01  -0.2576D+01  -0.3315D+01  -0.2792D+01  -0.2570D+01  -0.3601D+01
   38 :  -0.8477D+00  -0.2596D+01  -0.4761D+01  -0.5745D+01  -0.4091D+01   0.1999D+00   0.4608D+00   0.4480D-01  -0.5687D+00  -0.1026D+01  -0.1019D+01  -0.1912D+01  -0.3570D+01  -0.7093D+00  -0.3629D+01  -0.1828D+01  -0.3377D+01  -0.2831D+01  -0.3861D+01  -0.3875D+01
   39 :  -0.6793D+00  -0.1604D+01  -0.3282D+01  -0.4213D+01  -0.5395D+00   0.1863D+00   0.3349D+00   0.8912D-01  -0.4525D+00  -0.7707D+00  -0.6693D+00  -0.1406D+01  -0.2894D+01   0.1271D+00  -0.2836D+01  -0.1402D+01  -0.2346D+01  -0.1131D+01  -0.1790D+01  -0.4653D+01
   40 :  -0.4878D+00  -0.1212D+01  -0.2616D+01  -0.3539D+01   0.1902D+01   0.8511D-01   0.3269D+00   0.8551D-01  -0.2446D+00  -0.5221D+00  -0.5045D+00  -0.1151D+01  -0.2033D+01   0.2435D-01  -0.2326D+01  -0.1240D+01  -0.2357D+01  -0.5590D+00  -0.8414D+00  -0.4188D+01

             21           22           23           24           25           26           27           28           29           30           31           32           33           34           35           36           37           38           39           40
   21 :   0.1218D+04
   22 :  -0.6233D+03   0.1460D+04
   23 :   0.2486D+02  -0.7160D+03   0.1697D+04
   24 :   0.1832D+02   0.3328D+02  -0.7853D+03   0.1823D+04
   25 :   0.1274D+01   0.1577D+02   0.3256D+02  -0.8030D+03   0.1852D+04
   26 :   0.4707D+01   0.6388D+01   0.8858D+01   0.2903D+02  -0.7961D+03   0.1859D+04
   27 :   0.3172D+01   0.1970D+01   0.7561D+01   0.1883D+02   0.5244D+02  -0.8133D+03   0.1894D+04
   28 :  -0.4280D+00   0.3573D+01   0.5370D+01   0.1219D+02   0.3145D+02   0.4621D+02  -0.8499D+03   0.1949D+04
   29 :  -0.7876D+01  -0.7473D+00   0.1164D+01   0.4183D+00   0.1910D+02   0.2749D+02   0.4177D+02  -0.8864D+03   0.2065D+04
   30 :  -0.3759D+01  -0.2151D+01   0.9238D+01   0.5210D+01   0.1626D+02   0.1154D+02   0.2291D+02   0.2800D+02  -0.9387D+03   0.2089D+04
   31 :   0.9514D+00  -0.1042D+02  -0.6232D+01   0.3082D+01   0.6040D+01   0.1046D+02   0.9304D+01   0.1639D+02   0.2728D+02  -0.9057D+03   0.1858D+04
   32 :  -0.4175D+01  -0.9520D+01  -0.1216D+01  -0.9440D+01  -0.9464D+00  -0.5373D+01   0.3293D+01   0.2836D+01   0.1207D+02   0.2116D+02  -0.7931D+03   0.1569D+04
   33 :  -0.6026D+01  -0.4639D+01  -0.8447D+01  -0.5727D+01  -0.1367D+02  -0.1437D+01  -0.5255D+01   0.5126D+01   0.1105D+00  -0.5599D+01   0.9477D+01  -0.6418D+03   0.1288D+04
   34 :  -0.7106D+01  -0.6311D+01  -0.5489D+01  -0.7779D+01  -0.9565D+01  -0.5955D+01  -0.5114D+01   0.1091D+01  -0.5616D+01  -0.7611D+01   0.1050D+01   0.1089D+02  -0.5150D+03   0.9955D+03
   35 :  -0.1415D+01  -0.5534D+01  -0.6880D+01  -0.1378D+02  -0.7589D+01  -0.8596D+01  -0.5932D+01  -0.3438D+01  -0.1163D+02  -0.5177D+01   0.8640D+00   0.4244D+01   0.1090D+02  -0.4071D+03   0.8329D+03
   36 :  -0.4147D+01  -0.5207D+01  -0.6520D+01  -0.8750D+01  -0.1165D+02  -0.7830D+01  -0.1086D+02  -0.6684D+00  -0.8027D+01  -0.7106D+01  -0.2965D+01  -0.6430D+01  -0.1546D+01   0.1325D+02  -0.3537D+03   0.7286D+03
   37 :  -0.1043D+01  -0.5434D+01  -0.4921D+01  -0.2646D+01  -0.7284D+01  -0.4119D+01  -0.7475D+01  -0.3049D+01  -0.6952D+01  -0.8744D+01  -0.8550D+01  -0.7710D+01   0.2772D+01   0.4624D+01   0.9349D+01  -0.3165D+03   0.6488D+03
   38 :  -0.5290D+01  -0.9485D+01  -0.7302D+01  -0.6013D+01  -0.1057D+02  -0.6191D+01  -0.9354D+01  -0.3139D+01  -0.7116D+01  -0.1147D+02  -0.6233D+01  -0.6827D+01  -0.2441D+01  -0.4072D+01   0.3976D+01   0.9156D+01  -0.2787D+03   0.5599D+03
   39 :  -0.5226D+01  -0.7245D+01  -0.2026D+01  -0.5312D+01  -0.9019D+01  -0.8343D+01  -0.7554D+01  -0.7088D+01  -0.8761D+01  -0.8107D+01  -0.5494D+01  -0.7284D+01  -0.8059D+01  -0.2618D+01  -0.3201D-01   0.6527D+00   0.4363D+01  -0.2273D+03   0.4304D+03
   40 :  -0.4051D+01  -0.3127D+01  -0.1873D+01  -0.4431D+01  -0.7025D+01  -0.6592D+01  -0.6375D+01  -0.3809D+01  -0.5726D+01  -0.5652D+01  -0.4849D+01  -0.2413D+01  -0.4683D+01  -0.4734D+01  -0.3776D+01   0.5245D+00   0.2617D+00   0.5180D+01  -0.1881D+03   0.3636D+03


              1            2            3            4            5            6            7            8            9           10           11           12           13           14           15           16           17           18           19           20
      21           22           23           24           25           26           27           28           29           30           31           32           33           34           35           36           37           38           39           40
      41           42           43
   41 :  -0.6398D+00  -0.1537D+01  -0.3042D+01  -0.5639D+01   0.5463D+01   0.1110D+00   0.4414D+00   0.1559D+00  -0.2580D+00  -0.6535D+00  -0.1045D+01  -0.1561D+01  -0.2334D+01  -0.4626D+00  -0.2708D+01  -0.1710D+01  -0.2800D+01  -0.8392D+00  -0.7511D+00  -0.4392D+01
   42 :  -0.1391D+01  -0.3207D+01  -0.6039D+01   0.6609D+00   0.2951D+02   0.2213D+00   0.8171D+00   0.2553D+00  -0.5873D+00  -0.1439D+01  -0.1866D+01  -0.2728D+01  -0.3952D+01  -0.2454D+01  -0.4747D+01  -0.3264D+01  -0.4675D+01  -0.2714D+01  -0.2431D+01  -0.6253D+01
   43 :   0.2293D+01  -0.7393D+00  -0.2517D+01   0.1935D+01  -0.6729D+00   0.3434D+00  -0.9965D-01  -0.7246D+00   0.9480D+00   0.1438D+01   0.1313D+00   0.1008D+00  -0.3601D+01  -0.7827D+01  -0.7019D+01  -0.6545D+01  -0.6553D+00   0.1004D+02   0.1466D+02   0.8599D+01

             21           22           23           24           25           26           27           28           29           30           31           32           33           34           35           36           37           38           39           40
      41           42           43
   41 :  -0.4227D+01  -0.3092D+01  -0.1769D+01  -0.4580D+01  -0.6798D+01  -0.7056D+01  -0.7331D+01  -0.5996D+01  -0.5636D+01  -0.9741D+01  -0.6631D+01  -0.5939D+01  -0.5349D+01  -0.4887D+01  -0.2985D+01   0.3681D+00  -0.1373D+01   0.6495D+00   0.5594D+01  -0.1637D+03
   42 :  -0.8593D+01  -0.9153D+01  -0.8609D+01  -0.1281D+02  -0.1461D+02  -0.1426D+02  -0.1615D+02  -0.1418D+02  -0.1568D+02  -0.1713D+02  -0.1458D+02  -0.1506D+02  -0.1279D+02  -0.1166D+02  -0.1004D+02  -0.6887D+01  -0.5838D+01  -0.2947D+01   0.1971D+01   0.6148D+01
   43 :  -0.2413D+01  -0.6876D+01  -0.1318D+02  -0.8913D+01  -0.1415D+01   0.5071D+01  -0.3191D+00   0.1063D+01  -0.8818D+01  -0.1756D+02  -0.1565D+02  -0.8724D+01  -0.6457D+01   0.8425D+01   0.6375D+01   0.1524D+01  -0.7813D+01  -0.6520D+01   0.4384D+01   0.9138D+01

             41           42           43
   41 :   0.3403D+03
   42 :  -0.1556D+03   0.2037D+03
   43 :   0.6349D+01  -0.1469D+01   0.1033D+04


CORRELATION MATRIX OF PARAMETERS
============================================================================================================  
          1    2    3    4    5    6    7    8    9   10   11   12   13   14   15   16   17   18   19   20
    1 :  1.0
    2 :  0.5  1.0
    3 :  0.0  0.0  1.0
    4 :  0.0 -0.1 -0.2  1.0
    5 :  0.0  0.0  0.1 -0.3  1.0
    6 :  0.0  0.0  0.0  0.0  0.0  1.0
    7 :  0.0  0.0  0.0  0.0  0.0  0.7  1.0
    8 :  0.0  0.0  0.0  0.0  0.0  0.4  0.5  1.0
    9 :  0.0  0.0  0.0  0.0  0.0  0.2  0.2  0.5  1.0
   10 :  0.0  0.0  0.0  0.0  0.0  0.1  0.1  0.2  0.5  1.0
   11 :  0.0  0.0  0.0  0.0  0.0  0.1  0.1  0.1  0.2  0.5  1.0
   12 :  0.0  0.0  0.0  0.0  0.0  0.0  0.0  0.0  0.1  0.2  0.5  1.0
   13 :  0.0  0.0  0.0  0.0  0.0  0.0  0.0  0.0  0.0  0.1  0.2  0.5  1.0
   14 :  0.0  0.0  0.0  0.0  0.0  0.0  0.0  0.0  0.0  0.0  0.1  0.2  0.5  1.0
   15 :  0.0  0.0  0.0  0.0  0.0  0.0  0.0  0.0  0.0  0.0  0.0  0.1  0.2  0.5  1.0
   16 :  0.0  0.0  0.0  0.0  0.0  0.0  0.0  0.0  0.0  0.0  0.0  0.0  0.1  0.2  0.5  1.0
   17 :  0.0  0.0  0.0  0.0  0.0  0.0  0.0  0.0  0.0  0.0  0.0  0.0  0.0  0.1  0.2  0.5  1.0
   18 :  0.0  0.0  0.0  0.0  0.0  0.0  0.0  0.0  0.0  0.0  0.0  0.0  0.0  0.0  0.1  0.2  0.5  1.0
   19 :  0.0  0.0  0.0  0.0  0.0  0.0  0.0  0.0  0.0  0.0  0.0  0.0  0.0  0.0  0.0  0.1  0.2  0.5  1.0
   20 :  0.0  0.0  0.0  0.0  0.0  0.0  0.0  0.0  0.0  0.0  0.0  0.0  0.0  0.0  0.0  0.0  0.1  0.2  0.5  1.0


          1    2    3    4    5    6    7    8    9   10   11   12   13   14   15   16   17   18   19   20
  21   22   23   24   25   26   27   28   29   30   31   32   33   34   35   36   37   38   39   40
   21 :  0.0  0.0  0.0  0.0  0.1  0.0  0.0  0.0  0.0  0.0  0.0  0.0  0.0  0.0  0.0  0.0  0.0  0.1  0.2  0.5
   22 :  0.0  0.0  0.0  0.0  0.1  0.0  0.0  0.0  0.0  0.0  0.0  0.0  0.0  0.0  0.0  0.0  0.0  0.0  0.1  0.2
   23 :  0.0  0.0  0.0  0.0  0.1  0.0  0.0  0.0  0.0  0.0  0.0  0.0  0.0  0.0  0.0  0.0  0.0  0.0  0.0  0.1
   24 :  0.0  0.0  0.0  0.0  0.1  0.0  0.0  0.0  0.0  0.0  0.0  0.0  0.0  0.0  0.0  0.0  0.0  0.0  0.0  0.0
   25 :  0.0  0.0  0.0  0.0  0.1  0.0  0.0  0.0  0.0  0.0  0.0  0.0  0.0  0.0  0.0  0.0  0.0  0.0  0.0  0.0
   26 :  0.0  0.0  0.0  0.0  0.1  0.0  0.0  0.0  0.0  0.0  0.0  0.0  0.0  0.0  0.0  0.0  0.0  0.0  0.0  0.0
   27 :  0.0  0.0  0.0  0.0  0.1  0.0  0.0  0.0  0.0  0.0  0.0  0.0  0.0  0.0  0.0  0.0  0.0  0.0  0.0  0.0
   28 :  0.0  0.0  0.0  0.0  0.1  0.0  0.0  0.0  0.0  0.0  0.0  0.0  0.0  0.0  0.0  0.0  0.0  0.0  0.0  0.0
   29 :  0.0  0.0  0.0  0.0  0.1  0.0  0.0  0.0  0.0  0.0  0.0  0.0  0.0  0.0  0.0  0.0  0.0  0.0  0.0  0.0
   30 :  0.0  0.0  0.0  0.0  0.1  0.0  0.0  0.0  0.0  0.0  0.0  0.0  0.0  0.0  0.0  0.0  0.0  0.0  0.0  0.0
   31 :  0.0  0.0  0.0  0.0  0.1  0.0  0.0  0.0  0.0  0.0  0.0  0.0  0.0  0.0  0.0  0.0  0.0  0.0  0.0  0.0
   32 :  0.0  0.0  0.0  0.0  0.1  0.0  0.0  0.0  0.0  0.0  0.0  0.0  0.0  0.0  0.0  0.0  0.0  0.0  0.0  0.0
   33 :  0.0  0.0  0.0  0.0  0.1  0.0  0.0  0.0  0.0  0.0  0.0  0.0  0.0  0.0  0.0  0.0  0.0  0.0  0.0  0.0
   34 :  0.0  0.0  0.0  0.0  0.1  0.0  0.0  0.0  0.0  0.0  0.0  0.0  0.0  0.0  0.0  0.0  0.0  0.0  0.0  0.0
   35 :  0.0  0.0  0.0  0.0  0.1  0.0  0.0  0.0  0.0  0.0  0.0  0.0  0.0  0.0  0.0  0.0  0.0  0.0  0.0  0.0
   36 :  0.0  0.0  0.0  0.0  0.1  0.0  0.0  0.0  0.0  0.0  0.0  0.0  0.0  0.0  0.0  0.0  0.0  0.0  0.0  0.0
   37 :  0.0  0.0  0.0  0.0  0.1  0.0  0.0  0.0  0.0  0.0  0.0  0.0  0.0  0.0  0.0  0.0  0.0  0.0  0.0  0.0
   38 :  0.0  0.0  0.0  0.0  0.1  0.0  0.0  0.0  0.0  0.0  0.0  0.0  0.0  0.0  0.0  0.0  0.0  0.0  0.0  0.0
   39 :  0.0  0.0  0.0  0.0  0.1  0.0  0.0  0.0  0.0  0.0  0.0  0.0  0.0  0.0  0.0  0.0  0.0  0.0  0.0  0.0
   40 :  0.0  0.0  0.0  0.0  0.0  0.0  0.0  0.0  0.0  0.0  0.0  0.0  0.0  0.0  0.0  0.0  0.0  0.0  0.0  0.0

         21   22   23   24   25   26   27   28   29   30   31   32   33   34   35   36   37   38   39   40
   21 :  1.0
   22 :  0.5  1.0
   23 :  0.2  0.5  1.0
   24 :  0.1  0.2  0.4  1.0
   25 :  0.0  0.1  0.2  0.4  1.0
   26 :  0.0  0.0  0.1  0.2  0.4  1.0
   27 :  0.0  0.0  0.0  0.1  0.2  0.4  1.0
   28 :  0.0  0.0  0.0  0.0  0.0  0.2  0.4  1.0
   29 :  0.0  0.0  0.0  0.0  0.0  0.1  0.2  0.4  1.0
   30 :  0.0  0.0  0.0  0.0  0.0  0.0  0.1  0.2  0.5  1.0
   31 :  0.0  0.0  0.0  0.0  0.0  0.0  0.0  0.1  0.2  0.5  1.0
   32 :  0.0  0.0  0.0  0.0  0.0  0.0  0.0  0.0  0.1  0.2  0.5  1.0
   33 :  0.0  0.0  0.0  0.0  0.0  0.0  0.0  0.0  0.0  0.1  0.2  0.5  1.0
   34 :  0.0  0.0  0.0  0.0  0.0  0.0  0.0  0.0  0.0  0.0  0.1  0.2  0.5  1.0
   35 :  0.0  0.0  0.0  0.0  0.0  0.0  0.0  0.0  0.0  0.0  0.0  0.1  0.2  0.4  1.0
   36 :  0.0  0.0  0.0  0.0  0.0  0.0  0.0  0.0  0.0  0.0  0.0  0.0  0.1  0.2  0.5  1.0
   37 :  0.0  0.0  0.0  0.0  0.0  0.0  0.0  0.0  0.0  0.0  0.0  0.0  0.0  0.1  0.2  0.5  1.0
   38 :  0.0  0.0  0.0  0.0  0.0  0.0  0.0  0.0  0.0  0.0  0.0  0.0  0.0  0.0  0.1  0.2  0.5  1.0
   39 :  0.0  0.0  0.0  0.0  0.0  0.0  0.0  0.0  0.0  0.0  0.0  0.0  0.0  0.0  0.0  0.1  0.2  0.5  1.0
   40 :  0.0  0.0  0.0  0.0  0.0  0.0  0.0  0.0  0.0  0.0  0.0  0.0  0.0  0.0  0.0  0.0  0.1  0.2  0.5  1.0


          1    2    3    4    5    6    7    8    9   10   11   12   13   14   15   16   17   18   19   20
  21   22   23   24   25   26   27   28   29   30   31   32   33   34   35   36   37   38   39   40
  41   42   43
   41 :  0.0  0.0  0.0  0.1  0.0  0.0  0.0  0.0  0.0  0.0  0.0  0.0  0.0  0.0  0.0  0.0  0.0  0.0  0.0  0.0
   42 :  0.0  0.0  0.0  0.1 -0.4  0.0  0.0  0.0  0.0  0.0  0.0  0.0  0.0  0.0  0.0  0.0  0.0  0.0  0.0  0.0
   43 :  0.0  0.0  0.0  0.0  0.0  0.0  0.0  0.0  0.0  0.0  0.0  0.0  0.0  0.0  0.0  0.0  0.0  0.0  0.0  0.0

         21   22   23   24   25   26   27   28   29   30   31   32   33   34   35   36   37   38   39   40
  41   42   43
   41 :  0.0  0.0  0.0  0.0  0.0  0.0  0.0  0.0  0.0  0.0  0.0  0.0  0.0  0.0  0.0  0.0  0.0  0.1  0.2  0.5
   42 :  0.0  0.0  0.0  0.1  0.1  0.1  0.1  0.1  0.1  0.1  0.1  0.1  0.1  0.1  0.0  0.0  0.0  0.1  0.1  0.3
   43 :  0.0  0.0  0.0  0.0  0.0  0.0  0.0  0.0  0.0  0.0  0.0  0.0  0.0  0.0  0.0  0.0  0.0  0.0  0.0  0.0

         41   42   43
   41 :  1.0
   42 :  0.6  1.0
   43 :  0.0  0.0  1.0


COVARIANCE MATRIX OF PARAMETERS
===========================================================================================================================================================================================================================================================================      
              1            2            3            4            5            6            7            8            9           10           11           12           13           14           15           16           17           18           19           20
    1 :   0.1861D-02
    2 :   0.1757D-02   0.5783D-02
    3 :   0.2995D-04   0.1546D-03   0.7419D-02
    4 :  -0.1818D-03  -0.5709D-03  -0.2247D-02   0.1266D-01
    5 :   0.2917D-03   0.7001D-03   0.1189D-02  -0.5955D-02   0.3445D-01
    6 :  -0.9461D-07  -0.2250D-06  -0.7971D-06  -0.1862D-05  -0.1317D-04   0.1950D-02
    7 :  -0.2754D-06  -0.6974D-06  -0.1956D-05  -0.6052D-06  -0.2895D-04   0.9678D-03   0.9673D-03
    8 :  -0.2956D-06  -0.8006D-06  -0.1803D-05  -0.9191D-06  -0.2006D-04   0.4813D-03   0.4762D-03   0.9456D-03
    9 :  -0.1776D-06  -0.5978D-06  -0.4891D-06   0.7102D-06   0.7798D-05   0.2461D-03   0.2359D-03   0.4591D-03   0.9397D-03
   10 :   0.2565D-06   0.6094D-06   0.2604D-05   0.2772D-05   0.4427D-04   0.1251D-03   0.1136D-03   0.2102D-03   0.4335D-03   0.8961D-03
   11 :   0.7018D-06   0.1818D-05   0.5032D-05   0.7289D-05   0.7060D-04   0.6591D-04   0.5504D-04   0.9168D-04   0.1878D-03   0.4058D-03   0.8624D-03
   12 :   0.1097D-05   0.2878D-05   0.7879D-05   0.6058D-05   0.9790D-04   0.3600D-04   0.2702D-04   0.3748D-04   0.7542D-04   0.1735D-03   0.3941D-03   0.8418D-03
   13 :   0.1583D-05   0.4162D-05   0.1002D-04   0.5223D-05   0.1317D-03   0.2042D-04   0.1300D-04   0.1293D-04   0.2384D-04   0.6431D-04   0.1657D-03   0.3822D-03   0.8000D-03
   14 :   0.1730D-05   0.4560D-05   0.1187D-04   0.1316D-04   0.1268D-03   0.1313D-04   0.7434D-05   0.3280D-05   0.2773D-05   0.1682D-04   0.6204D-04   0.1657D-03   0.3711D-03   0.7918D-03
   15 :   0.2136D-05   0.5662D-05   0.1457D-04   0.1082D-04   0.1670D-03   0.9320D-05   0.5088D-05   0.3024D-06  -0.4512D-05  -0.1660D-05   0.1819D-04   0.6779D-04   0.1667D-03   0.3769D-03   0.8072D-03
   16 :   0.2330D-05   0.6299D-05   0.1602D-04   0.1789D-04   0.1665D-03   0.6577D-05   0.4375D-05   0.1185D-05  -0.3870D-05  -0.4672D-05   0.3623D-05   0.2710D-04   0.7321D-04   0.1754D-03   0.3968D-03   0.8691D-03
   17 :   0.2744D-05   0.7290D-05   0.1911D-04   0.1124D-04   0.2117D-03   0.4290D-05   0.3352D-05   0.1068D-05  -0.3188D-05  -0.5620D-05  -0.2018D-05   0.9661D-05   0.3179D-04   0.8252D-04   0.1964D-03   0.4436D-03   0.9830D-03
   18 :   0.2430D-05   0.6477D-05   0.1442D-04   0.1366D-04   0.2003D-03   0.2898D-05   0.2642D-05   0.1499D-05  -0.1333D-05  -0.2993D-05  -0.1673D-05   0.2679D-05   0.1360D-04   0.3785D-04   0.9340D-04   0.2155D-03   0.4914D-03   0.1068D-02
   19 :   0.1750D-05   0.4435D-05   0.1034D-04   0.1164D-04   0.1737D-03   0.1624D-05   0.1690D-05   0.1159D-05  -0.1478D-06  -0.3641D-06  -0.1573D-06   0.1310D-05   0.4541D-05   0.1593D-04   0.3746D-04   0.9361D-04   0.2262D-03   0.5012D-03   0.1067D-02
   20 :   0.2319D-05   0.5848D-05   0.1245D-04   0.5509D-05   0.2220D-03   0.8974D-06   0.1166D-05   0.1073D-05   0.7208D-06   0.3507D-06   0.2439D-06   0.1006D-06   0.1090D-05   0.5334D-05   0.1375D-04   0.3373D-04   0.9234D-04   0.2085D-03   0.4676D-03   0.9538D-03


              1            2            3            4            5            6            7            8            9           10           11           12           13           14           15           16           17           18           19           20
      21           22           23           24           25           26           27           28           29           30           31           32           33           34           35           36           37           38           39           40
   21 :   0.3105D-05   0.7691D-05   0.1665D-04  -0.7241D-05   0.2974D-03   0.2833D-06   0.6728D-06   0.1364D-05   0.2211D-05   0.2932D-05   0.2341D-05   0.1477D-05   0.1890D-05   0.3457D-05   0.2545D-05   0.8654D-05   0.2750D-04   0.7866D-04   0.1898D-03   0.4127D-03
   22 :   0.3669D-05   0.9331D-05   0.1813D-04  -0.1591D-04   0.3224D-03   0.1449D-06   0.5744D-06   0.1304D-05   0.2376D-05   0.2936D-05   0.2747D-05   0.3214D-05   0.2719D-05   0.3636D-05   0.2083D-05   0.6662D-07   0.5977D-05   0.2552D-04   0.6702D-04   0.1646D-03
   23 :   0.3174D-05   0.7930D-05   0.1591D-04  -0.3463D-05   0.3043D-03  -0.1807D-06   0.2539D-06   0.9374D-06   0.1934D-05   0.2336D-05   0.2834D-05   0.3658D-05   0.3666D-05   0.4249D-05   0.1536D-05  -0.1463D-05  -0.2919D-05   0.4386D-05   0.1880D-04   0.5973D-04
   24 :   0.3432D-05   0.8504D-05   0.2086D-04  -0.1314D-05   0.3412D-03  -0.2672D-06   0.2394D-06   0.1073D-05   0.2359D-05   0.2972D-05   0.3696D-05   0.3360D-05   0.3047D-05   0.4613D-05   0.1907D-05   0.2948D-06  -0.3254D-05   0.1872D-05   0.4124D-05   0.1748D-04
   25 :   0.4210D-05   0.1072D-04   0.2367D-04   0.4729D-05   0.3845D-03  -0.1157D-06   0.2337D-06   0.1299D-05   0.2496D-05   0.3361D-05   0.4598D-05   0.4153D-05   0.4263D-05   0.4850D-05   0.5229D-05   0.3120D-05  -0.1596D-06   0.4954D-07  -0.2328D-05   0.1649D-05
   26 :   0.4351D-05   0.1124D-04   0.2941D-04   0.9495D-05   0.3793D-03  -0.3890D-06   0.1919D-06   0.9983D-06   0.2156D-05   0.2956D-05   0.3388D-05   0.3917D-05   0.3817D-05   0.5566D-05   0.4497D-05   0.1461D-05  -0.7656D-06   0.7250D-06  -0.1205D-05  -0.3348D-05
   27 :   0.4840D-05   0.1233D-04   0.3414D-04   0.1196D-04   0.4095D-03  -0.4627D-06   0.7706D-07   0.1060D-05   0.2166D-05   0.2843D-05   0.3106D-05   0.4548D-05   0.5361D-05   0.6496D-05   0.6182D-05   0.5213D-05   0.2886D-05   0.9955D-06   0.5475D-06  -0.2462D-05
   28 :   0.5643D-05   0.1483D-04   0.3820D-04   0.1571D-04   0.3930D-03  -0.6123D-06  -0.1174D-06   0.9962D-06   0.2227D-05   0.3198D-05   0.3688D-05   0.4573D-05   0.4582D-05   0.5513D-05   0.5320D-05   0.3087D-05   0.1914D-05   0.2850D-05   0.3244D-05  -0.1284D-06
   29 :   0.6275D-05   0.1660D-04   0.4399D-04   0.2794D-04   0.3902D-03  -0.6645D-06  -0.1682D-06   0.1099D-05   0.2490D-05   0.3691D-05   0.4230D-05   0.4866D-05   0.4591D-05   0.5364D-05   0.4977D-05   0.4403D-05   0.3382D-05   0.4339D-05   0.4829D-05   0.2149D-05
   30 :   0.5961D-05   0.1594D-04   0.4272D-04   0.2128D-04   0.3972D-03  -0.4388D-06   0.2129D-07   0.1126D-05   0.2553D-05   0.3796D-05   0.4969D-05   0.5471D-05   0.5558D-05   0.6031D-05   0.6072D-05   0.5725D-05   0.5678D-05   0.3117D-05   0.2372D-05   0.2388D-05
   31 :   0.5697D-05   0.1499D-04   0.4130D-04   0.2824D-04   0.4352D-03  -0.4792D-06  -0.2454D-07   0.1124D-05   0.2641D-05   0.3803D-05   0.4843D-05   0.5382D-05   0.5526D-05   0.6514D-05   0.6267D-05   0.6003D-05   0.4708D-05   0.5924D-05   0.5330D-05   0.4878D-05
   32 :   0.6479D-05   0.1638D-04   0.4414D-04   0.3304D-04   0.5160D-03  -0.7732D-06  -0.1934D-06   0.1112D-05   0.2739D-05   0.4305D-05   0.5488D-05   0.5693D-05   0.5817D-05   0.6889D-05   0.4975D-05   0.4593D-05   0.4394D-05   0.7158D-05   0.5968D-05   0.6309D-05
   33 :   0.7354D-05   0.1723D-04   0.4810D-04   0.4860D-04   0.5905D-03  -0.9741D-06  -0.4222D-06   0.1235D-05   0.2870D-05   0.4560D-05   0.5711D-05   0.6066D-05   0.6239D-05   0.8367D-05   0.7194D-05   0.5995D-05   0.4331D-05   0.5530D-05   0.8306D-05   0.7370D-05
   34 :   0.9867D-05   0.2325D-04   0.5601D-04   0.4691D-04   0.6714D-03  -0.1126D-05  -0.5112D-06   0.1192D-05   0.2896D-05   0.4746D-05   0.6056D-05   0.6738D-05   0.7492D-05   0.8388D-05   0.9894D-05   0.8877D-05   0.7574D-05   0.4711D-05   0.7011D-05   0.9056D-05
   35 :   0.1143D-04   0.2576D-04   0.7044D-04   0.5565D-04   0.7245D-03  -0.1017D-05  -0.3186D-06   0.1490D-05   0.3333D-05   0.4850D-05   0.5924D-05   0.7221D-05   0.8046D-05   0.7840D-05   0.1148D-04   0.1020D-04   0.1179D-04   0.4144D-05   0.4276D-05   0.9987D-05
   36 :   0.1440D-04   0.3244D-04   0.7670D-04   0.7726D-04   0.7127D-03  -0.1121D-05  -0.1795D-06   0.1713D-05   0.3745D-05   0.5057D-05   0.6106D-05   0.8085D-05   0.9972D-05   0.8320D-05   0.1383D-04   0.1438D-04   0.1706D-04   0.9911D-05   0.5804D-05   0.1183D-04
   37 :   0.1577D-04   0.3493D-04   0.8319D-04   0.9419D-04   0.6920D-03  -0.1011D-05  -0.1842D-06   0.1852D-05   0.4028D-05   0.5437D-05   0.6762D-05   0.9443D-05   0.1136D-04   0.8474D-05   0.1469D-04   0.1436D-04   0.1695D-04   0.1312D-04   0.1074D-04   0.1356D-04
   38 :   0.1997D-04   0.4649D-04   0.9449D-04   0.1342D-03   0.6556D-03  -0.1063D-05  -0.6846D-07   0.2270D-05   0.4771D-05   0.6494D-05   0.8071D-05   0.1140D-04   0.1339D-04   0.9817D-05   0.1634D-04   0.1496D-04   0.1936D-04   0.1826D-04   0.1933D-04   0.2099D-04
   39 :   0.1988D-04   0.4527D-04   0.9294D-04   0.1901D-03   0.4778D-03  -0.1372D-05  -0.6979D-07   0.2469D-05   0.5403D-05   0.7280D-05   0.8916D-05   0.1276D-04   0.1477D-04   0.9806D-05   0.1776D-04   0.1516D-04   0.1950D-04   0.1862D-04   0.2366D-04   0.2990D-04
   40 :   0.1641D-04   0.3679D-04   0.7936D-04   0.2545D-03   0.1465D-03  -0.1430D-05  -0.3647D-06   0.2198D-05   0.5023D-05   0.7031D-05   0.8777D-05   0.1270D-04   0.1437D-04   0.9687D-05   0.1816D-04   0.1524D-04   0.1935D-04   0.1618D-04   0.2308D-04   0.3308D-04

             21           22           23           24           25           26           27           28           29           30           31           32           33           34           35           36           37           38           39           40
   21 :   0.8207D-03
   22 :   0.3503D-03   0.6847D-03
   23 :   0.1358D-03   0.2890D-03   0.5894D-03
   24 :   0.4385D-04   0.1120D-03   0.2538D-03   0.5484D-03
   25 :   0.1308D-04   0.3762D-04   0.9969D-04   0.2378D-03   0.5399D-03
   26 :   0.9862D-06   0.1064D-04   0.3593D-04   0.9328D-04   0.2313D-03   0.5380D-03
   27 :  -0.2655D-05   0.5472D-06   0.7789D-05   0.2801D-04   0.8434D-04   0.2310D-03   0.5279D-03
   28 :  -0.2502D-05  -0.3372D-05  -0.2275D-05   0.2738D-05   0.2258D-04   0.8795D-04   0.2301D-03   0.5130D-03
   29 :   0.2018D-05  -0.1886D-05  -0.2918D-05  -0.2944D-05  -0.8613D-07   0.2592D-04   0.8813D-04   0.2202D-03   0.4844D-03
   30 :   0.1990D-05  -0.2013D-05  -0.5581D-05  -0.5402D-05  -0.6748D-05   0.4964D-05   0.3073D-04   0.9210D-04   0.2177D-03   0.4788D-03
   31 :   0.2856D-05   0.3517D-05  -0.1668D-05  -0.4963D-05  -0.6968D-05  -0.2923D-05   0.9015D-05   0.3714D-04   0.9902D-04   0.2334D-03   0.5383D-03
   32 :   0.6101D-05   0.6935D-05   0.1410D-05   0.1286D-05  -0.2530D-05  -0.5449D-06   0.1940D-05   0.1491D-04   0.4339D-04   0.1115D-03   0.2721D-03   0.6373D-03
   33 :   0.9357D-05   0.8711D-05   0.6827D-05   0.5826D-05   0.5007D-05   0.9625D-06   0.2265D-05   0.5498D-05   0.2180D-04   0.5596D-04   0.1317D-03   0.3177D-03   0.7767D-03
   34 :   0.1409D-04   0.1164D-04   0.9907D-05   0.1022D-04   0.9553D-05   0.5000D-05   0.4333D-05   0.4027D-05   0.1510D-04   0.3114D-04   0.6457D-04   0.1574D-03   0.4018D-03   0.1005D-02
   35 :   0.1244D-04   0.1473D-04   0.1507D-04   0.1725D-04   0.1258D-04   0.1039D-04   0.8200D-05   0.7546D-05   0.1488D-04   0.1665D-04   0.2789D-04   0.6951D-04   0.1862D-03   0.4910D-03   0.1201D-02
   36 :   0.1500D-04   0.1654D-04   0.1748D-04   0.1992D-04   0.1822D-04   0.1458D-04   0.1331D-04   0.7680D-05   0.1524D-04   0.1424D-04   0.1724D-04   0.3718D-04   0.8474D-04   0.2201D-03   0.5829D-03   0.1372D-02
   37 :   0.1273D-04   0.1668D-04   0.1503D-04   0.1505D-04   0.1701D-04   0.1371D-04   0.1500D-04   0.1026D-04   0.1697D-04   0.1710D-04   0.1731D-04   0.2223D-04   0.3247D-04   0.9313D-04   0.2670D-03   0.6695D-03   0.1541D-02
   38 :   0.2245D-04   0.2550D-04   0.1985D-04   0.1885D-04   0.2221D-04   0.1725D-04   0.1921D-04   0.1314D-04   0.2054D-04   0.2240D-04   0.1849D-04   0.2026D-04   0.1976D-04   0.4657D-04   0.1148D-03   0.3108D-03   0.7671D-03   0.1786D-02
   39 :   0.2943D-04   0.2881D-04   0.1912D-04   0.2383D-04   0.2907D-04   0.2550D-04   0.2562D-04   0.2234D-04   0.2711D-04   0.2676D-04   0.2390D-04   0.2812D-04   0.2698D-04   0.2946D-04   0.5715D-04   0.1552D-03   0.3895D-03   0.9431D-03   0.2323D-02
   40 :   0.2904D-04   0.2459D-04   0.1862D-04   0.2571D-04   0.3113D-04   0.2827D-04   0.2679D-04   0.2242D-04   0.2695D-04   0.2609D-04   0.2387D-04   0.2528D-04   0.3070D-04   0.3237D-04   0.3936D-04   0.7342D-04   0.1895D-03   0.4625D-03   0.1202D-02   0.2750D-02


              1            2            3            4            5            6            7            8            9           10           11           12           13           14           15           16           17           18           19           20
      21           22           23           24           25           26           27           28           29           30           31           32           33           34           35           36           37           38           39           40
      41           42           43
   41 :   0.1306D-04   0.2751D-04   0.5638D-04   0.4300D-03  -0.3754D-03  -0.1779D-05  -0.7395D-06   0.2197D-05   0.5491D-05   0.8270D-05   0.1095D-04   0.1454D-04   0.1588D-04   0.1178D-04   0.2031D-04   0.1740D-04   0.2108D-04   0.1585D-04   0.2285D-04   0.3546D-04
   42 :   0.1593D-04   0.3296D-04   0.1388D-03   0.1168D-02  -0.4783D-02  -0.4724D-05  -0.1986D-05   0.6205D-05   0.1545D-04   0.2343D-04   0.3022D-04   0.3886D-04   0.4317D-04   0.3885D-04   0.5292D-04   0.4717D-04   0.5538D-04   0.4648D-04   0.5900D-04   0.8691D-04
   43 :  -0.2079D-05   0.6605D-05   0.2478D-04  -0.2956D-04   0.4315D-04  -0.4177D-06   0.1641D-06   0.3850D-07  -0.1306D-05  -0.7939D-06   0.1283D-05   0.3315D-05   0.7214D-05   0.9396D-05   0.6690D-05   0.2194D-05  -0.8041D-05  -0.1864D-04  -0.1785D-04  -0.5147D-05

             21           22           23           24           25           26           27           28           29           30           31           32           33           34           35           36           37           38           39           40
      41           42           43
   41 :   0.2905D-04   0.2205D-04   0.1816D-04   0.2681D-04   0.3225D-04   0.3156D-04   0.3062D-04   0.2695D-04   0.3017D-04   0.3380D-04   0.2959D-04   0.3070D-04   0.3394D-04   0.3387D-04   0.2876D-04   0.3340D-04   0.8950D-04   0.2036D-03   0.5401D-03   0.1323D-02
   42 :   0.8467D-04   0.7287D-04   0.6644D-04   0.8216D-04   0.8821D-04   0.8924D-04   0.9230D-04   0.8554D-04   0.9209D-04   0.9738D-04   0.9496D-04   0.1041D-03   0.1097D-03   0.1171D-03   0.1084D-03   0.9185D-04   0.1141D-03   0.1582D-03   0.3538D-03   0.9276D-03
   43 :   0.6162D-05   0.9032D-05   0.9357D-05   0.4097D-05  -0.9892D-06  -0.2736D-05   0.1094D-05   0.3373D-05   0.9449D-05   0.1245D-04   0.1044D-04   0.5512D-05   0.2351D-06  -0.1100D-04  -0.6138D-05   0.3616D-05   0.1278D-04   0.2152D-05  -0.2331D-04  -0.3114D-04

             41           42           43
   41 :   0.2939D-02
   42 :   0.2244D-02   0.4908D-02
   43 :  -0.1487D-04   0.6978D-05   0.9678D-03


