 Output Generated by ICA Version 1.4                                            
  
 ------------------------------------
 
        Mackerel NE Atlantic  WG2003
        ----------------------------
 
        Catch in Number
        ---------------
------+------------------------------------------------------------------------------------------------------------------------
AGE   |    1972    1973    1974    1975    1976    1977    1978    1979    1980    1981    1982    1983    1984    1985    1986
------+------------------------------------------------------------------------------------------------------------------------
  0   |   3331.   2895.   3382.   5393.   2638.   3975.   1742.   4609.   5812.   2195.   2580.   2693.   4261.   4452.   2336.
  1   |  17729.   8510.  11511.  10173.  12070.   9116.   9328.  10548.  11772.  12711.   7226.   7706.  12836.  13879.  12248.
  2   |  24375.  25621.  19108.  19520.  12930.  23756.  12228.  32041.  15241.  14696.  23960.  12371.  20946.  23742.  21734.
  3   |  33274.  29649.  48276.  27115.  21027.  21675.  27318.  35506.  38989.  16265.  23820.  35318.  28686.  32827.  31631.
  4   |  36821.  28980.  40031.  48757.  21089.  25721.  18294.  57578.  30959.  30407.  19475.  25964.  60026.  32562.  31802.
  5   |  42655.  22427.  27547.  28206.  26651.  18371.  15469.  27522.  35129.  17132.  26148.  15247.  31624.  48223.  22350.
  6   |  30433.  24968.  20498.  18606.  14869.  22496.  10732.  22504.  16142.  18846.  14351.  19950.  18031.  24539.  32023.
  7   |  21252.  17348.  22226.  13441.   9593.  12337.  12958.  15300.  12859.   8521.  15613.  10836.  23237.  13701.  15991.
  8   |   8913.   9637.  12384.  11614.   5511.   6384.   5678.  14926.   6956.   5413.   5669.   9459.  10170.  14135.   7135.
  9   |  22149.  13998.  16680.  15571.  11232.  11507.   8282.  16041.  14247.   9177.   9899.   9489.  17682.  17472.  16986.
------+------------------------------------------------------------------------------------------------------------------------
       x 10 ^ 3                                
 
 
        Catch in Number
        ---------------
------+------------------------------------------------------------------------------------------------------------------------
AGE   |    1987    1988    1989    1990    1991    1992    1993    1994    1995    1996    1997    1998    1999    2000    2001
------+------------------------------------------------------------------------------------------------------------------------
  0   |   1106.   2527.   3119.   2789.   1955.   1741.   4248.   3642.   5220.   4603.    636.   3077.   1120.   2072.   1923.
  1   |   7571.   3786.  10246.   6502.  13406.   5555.   6294.  11297.  14797.  16407.   9596.   2285.   7536.   3863.   6937.
  2   |  22626.  14756.   8695.  12149.  17743.  21577.  11362.   9488.  25952.  26222.  19439.  19653.   3199.  14883.   7396.
  3   |  34239.  37528.  28577.   8765.  28068.  24089.  37159.  14471.  18332.  38495.  26362.  33961.  23583.   5429.  24436.
  4   |  36402.  41389.  52424.  20875.  14700.  27401.  29830.  34079.  20096.  19371.  27972.  33685.  29914.  29549.   6563.
  5   |  26067.  31304.  40906.  26973.  24929.  10083.  23916.  19227.  33403.  14835.   9893.  25506.  21153.  26922.  25598.
  6   |  17760.  21710.  29834.  20329.  31147.  16463.   8474.  14851.  18145.  23647.   7310.   8750.  15560.  18541.  22686.
  7   |  25026.  14530.  20217.  14528.  23010.  20072.  13500.   5139.  13671.  12476.  11402.   6362.   5263.  13484.  15426.
  8   |  10018.  16419.  10863.   7829.  13243.  11829.  13183.   6525.   3796.   7498.   4780.   7967.   3060.   3665.   9007.
  9   |  15495.  16473.  25312.  13980.  20462.  17583.  18835.  15968.  16810.  11014.   6858.   7781.   7733.   7889.   7712.
------+------------------------------------------------------------------------------------------------------------------------
       x 10 ^ 3                                
 
 
        Catch in Number
        ---------------
------+--------
AGE   |    2002
------+--------
  0   |   4684.
  1   |  10043.
  2   |  20537.
  3   |  18484.
  4   |  44204.
  5   |   8445.
  6   |  31811.
  7   |  27591.
  8   |  15125.
  9   |  16735.
------+--------
       x 10 ^ 3                                
 
 
 
        Predicted Catch in Number
        -------------------------
------+----------------------------------------------------------------------------------------
AGE   |    1992    1993    1994    1995    1996    1997    1998    1999    2000    2001    2002
------+----------------------------------------------------------------------------------------
  0   |   1741.   4248.   3642.   5220.   4603.    636.   3077.   1120.   2072.   1923.   4684.
  1   |   5555.   6294.  11297.  14797.  16407.   9596.   2285.   7536.   3863.   6937.  10043.
  2   |  21577.  11362.   9488.  25952.  26222.  19439.  19653.   3199.  14883.   7396.  20537.
  3   |  24089.  37159.  14471.  18332.  38495.  26362.  33961.  23583.   5429.  24436.  18484.
  4   |  27401.  29830.  34079.  20096.  19371.  27972.  33685.  29914.  29549.   6563.  44204.
  5   |  10083.  23916.  19227.  33403.  14835.   9893.  25506.  21153.  26922.  25598.   8445.
  6   |  16463.   8474.  14851.  18145.  23647.   7310.   8750.  15560.  18541.  22686.  31811.
  7   |  20072.  13500.   5139.  13671.  12476.  11402.   6362.   5263.  13484.  15426.  27591.
  8   |  11829.  13183.   6525.   3796.   7498.   4780.   7967.   3060.   3665.   9007.  15125.
------+----------------------------------------------------------------------------------------
       x 10 ^ 3                                
 
 
 
        Weights at age in the catches (Kg)
        ----------------------------------
------+------------------------------------------------------------------------------------------------------------------------
AGE   |    1972    1973    1974    1975    1976    1977    1978    1979    1980    1981    1982    1983    1984    1985    1986
------+------------------------------------------------------------------------------------------------------------------------
  0   | 0.05200 0.05000 0.05100 0.05000 0.05900 0.05600 0.03600 0.01600 0.05700 0.06000 0.05300 0.05000 0.03100 0.05500 0.03900
  1   | 0.13500 0.14500 0.13600 0.14800 0.13700 0.13600 0.13500 0.13700 0.13100 0.13200 0.13100 0.16800 0.10200 0.14400 0.14600
  2   | 0.27700 0.19400 0.22900 0.17700 0.20700 0.16900 0.16100 0.16100 0.24900 0.24800 0.24900 0.21900 0.18400 0.26200 0.24500
  3   | 0.34100 0.28500 0.26100 0.25900 0.26300 0.27500 0.25000 0.24300 0.28500 0.28700 0.28500 0.27600 0.29500 0.35700 0.33500
  4   | 0.42300 0.36800 0.33400 0.32300 0.32000 0.33300 0.32500 0.31800 0.34500 0.34400 0.34500 0.31000 0.32600 0.41800 0.42300
  5   | 0.46800 0.44800 0.39200 0.34800 0.34600 0.35200 0.34500 0.34800 0.37800 0.37700 0.37800 0.38600 0.34400 0.41700 0.47100
  6   | 0.46800 0.46800 0.48100 0.43000 0.40600 0.40700 0.40300 0.40100 0.45400 0.45400 0.45400 0.42500 0.43100 0.43600 0.44400
  7   | 0.50800 0.50800 0.50800 0.48800 0.44300 0.44600 0.42100 0.41600 0.49800 0.49900 0.49600 0.43500 0.54200 0.52100 0.45700
  8   | 0.53900 0.53900 0.53900 0.53900 0.51800 0.54600 0.51800 0.50600 0.52000 0.51300 0.51300 0.49800 0.48000 0.55500 0.54300
  9   | 0.60198 0.60677 0.60112 0.60042 0.59719 0.59144 0.57291 0.54332 0.56007 0.56418 0.56189 0.58366 0.60005 0.61926 0.61257
------+------------------------------------------------------------------------------------------------------------------------
                                               
 
 
        Weights at age in the catches (Kg)
        ----------------------------------
------+------------------------------------------------------------------------------------------------------------------------
AGE   |    1987    1988    1989    1990    1991    1992    1993    1994    1995    1996    1997    1998    1999    2000    2001
------+------------------------------------------------------------------------------------------------------------------------
  0   | 0.07600 0.05500 0.04900 0.08500 0.06800 0.05100 0.06100 0.04600 0.07200 0.05800 0.07600 0.06500 0.06200 0.06300 0.06900
  1   | 0.17900 0.13300 0.13600 0.15600 0.15600 0.16700 0.13400 0.13600 0.14300 0.14300 0.14300 0.15700 0.17600 0.13500 0.17100
  2   | 0.22300 0.25900 0.23700 0.23300 0.25300 0.23900 0.24000 0.25500 0.23400 0.22600 0.23000 0.22700 0.23600 0.22900 0.22300
  3   | 0.31800 0.32300 0.32000 0.33600 0.32700 0.33300 0.31700 0.33900 0.33300 0.31300 0.29500 0.31000 0.30700 0.30800 0.30700
  4   | 0.39900 0.38800 0.37700 0.37900 0.39400 0.39700 0.37600 0.39000 0.39000 0.37700 0.35900 0.35400 0.36100 0.36700 0.37800
  5   | 0.47400 0.45600 0.43300 0.42300 0.42300 0.46000 0.43600 0.44800 0.45200 0.42500 0.41500 0.40800 0.40600 0.42900 0.42600
  6   | 0.51200 0.52400 0.45600 0.46700 0.46900 0.49500 0.48300 0.51200 0.50100 0.48400 0.45300 0.45200 0.45400 0.46700 0.47700
  7   | 0.49300 0.55500 0.54300 0.52800 0.50600 0.53200 0.52700 0.54300 0.53900 0.51800 0.48100 0.46200 0.50100 0.50400 0.49900
  8   | 0.49800 0.55500 0.59200 0.55200 0.55400 0.55500 0.54800 0.59000 0.57700 0.55100 0.52400 0.51800 0.53700 0.53700 0.54300
  9   | 0.63071 0.60302 0.60699 0.61258 0.63666 0.63312 0.60651 0.62578 0.61661 0.60866 0.58092 0.57147 0.58585 0.59174 0.60757
------+------------------------------------------------------------------------------------------------------------------------
                                               
 
 
        Weights at age in the catches (Kg)
        ----------------------------------
------+--------
AGE   |    2002
------+--------
  0   | 0.05200
  1   | 0.15900
  2   | 0.25500
  3   | 0.30700
  4   | 0.36900
  5   | 0.42600
  6   | 0.46400
  7   | 0.51400
  8   | 0.53900
  9   | 0.60451
------+--------
                                               
 
 
 
        Weights at age in the stock (Kg)
        --------------------------------
------+------------------------------------------------------------------------------------------------------------------------
AGE   |    1972    1973    1974    1975    1976    1977    1978    1979    1980    1981    1982    1983    1984    1985    1986
------+------------------------------------------------------------------------------------------------------------------------
  0   | 0.00800 0.00800 0.00800 0.00800 0.00800 0.00800 0.00800 0.00800 0.00800 0.00800 0.00800 0.00800 0.00000 0.00000 0.00000
  1   | 0.13200 0.13200 0.13000 0.12900 0.12800 0.12700 0.11100 0.11000 0.10900 0.08700 0.08600 0.08600 0.08100 0.08500 0.07700
  2   | 0.17800 0.17700 0.17300 0.17100 0.17000 0.16700 0.17500 0.17400 0.17300 0.18600 0.13500 0.17200 0.19400 0.16500 0.17900
  3   | 0.24300 0.24200 0.23800 0.23600 0.23600 0.23300 0.23800 0.23700 0.23600 0.25200 0.22100 0.23500 0.25300 0.29300 0.26700
  4   | 0.41100 0.30100 0.29600 0.29400 0.29300 0.28900 0.30000 0.29900 0.29700 0.31300 0.28000 0.28000 0.29500 0.30600 0.30400
  5   | 0.35500 0.43800 0.32200 0.31800 0.31800 0.31300 0.34600 0.34500 0.34300 0.32300 0.38500 0.33900 0.32400 0.34100 0.35600
  6   | 0.39800 0.39800 0.46900 0.36500 0.36500 0.36100 0.38200 0.38000 0.37900 0.37800 0.35300 0.37700 0.39300 0.38400 0.35100
  7   | 0.43300 0.43300 0.43300 0.49700 0.41900 0.41600 0.41000 0.40800 0.40700 0.41900 0.40800 0.40400 0.43600 0.43000 0.41600
  8   | 0.45900 0.45900 0.45900 0.45900 0.51200 0.44600 0.43200 0.43000 0.42900 0.43400 0.43700 0.43900 0.44100 0.45900 0.47300
  9   | 0.51643 0.52084 0.51580 0.51434 0.51175 0.53337 0.50506 0.49204 0.47630 0.46816 0.48427 0.51354 0.49875 0.53153 0.47150
------+------------------------------------------------------------------------------------------------------------------------
                                               
 
 
        Weights at age in the stock (Kg)
        --------------------------------
------+------------------------------------------------------------------------------------------------------------------------
AGE   |    1987    1988    1989    1990    1991    1992    1993    1994    1995    1996    1997    1998    1999    2000    2001
------+------------------------------------------------------------------------------------------------------------------------
  0   | 0.00000 0.00000 0.00000 0.00000 0.00000 0.00000 0.00000 0.00000 0.00000 0.00000 0.00000 0.00000 0.00000 0.00000 0.00000
  1   | 0.07800 0.07200 0.07600 0.07400 0.07500 0.07800 0.07800 0.07900 0.08100 0.07600 0.07600 0.07700 0.08100 0.07400 0.07800
  2   | 0.14800 0.15600 0.17700 0.13800 0.15500 0.21200 0.19700 0.17800 0.16400 0.13300 0.18600 0.14900 0.19400 0.18500 0.16400
  3   | 0.24000 0.23700 0.24400 0.22200 0.23000 0.25900 0.26800 0.23700 0.26700 0.25100 0.22800 0.22300 0.24200 0.23500 0.24100
  4   | 0.28600 0.30100 0.30600 0.28700 0.30700 0.31000 0.31500 0.30100 0.32600 0.31700 0.29600 0.28500 0.30100 0.28900 0.34200
  5   | 0.37400 0.32900 0.35200 0.33900 0.35700 0.36200 0.36000 0.36100 0.39800 0.36600 0.36100 0.34200 0.35300 0.35000 0.39000
  6   | 0.38600 0.42300 0.38000 0.37300 0.40900 0.40200 0.41600 0.41300 0.44800 0.44400 0.40200 0.40000 0.39600 0.39000 0.44600
  7   | 0.41100 0.44500 0.42900 0.41400 0.43200 0.42400 0.45400 0.46600 0.49100 0.46200 0.44500 0.42600 0.42300 0.42600 0.45900
  8   | 0.42900 0.43200 0.47400 0.40900 0.50200 0.46200 0.46500 0.47000 0.50800 0.50100 0.47800 0.46600 0.44000 0.44700 0.49900
  9   | 0.49679 0.52140 0.48255 0.49152 0.55987 0.52258 0.51765 0.53455 0.56368 0.59470 0.53772 0.52870 0.48892 0.50357 0.56919
------+------------------------------------------------------------------------------------------------------------------------
                                               
 
 
        Weights at age in the stock (Kg)
        --------------------------------
------+--------
AGE   |    2002
------+--------
  0   | 0.00000
  1   | 0.07800
  2   | 0.18100
  3   | 0.23900
  4   | 0.31100
  5   | 0.36400
  6   | 0.41100
  7   | 0.43600
  8   | 0.46200
  9   | 0.51686
------+--------
                                               
 
 
 
        Natural Mortality (per year)
        ----------------------------
------+------------------------------------------------------------------------------------------------------------------------
AGE   |    1972    1973    1974    1975    1976    1977    1978    1979    1980    1981    1982    1983    1984    1985    1986
------+------------------------------------------------------------------------------------------------------------------------
  0   | 0.15000 0.15000 0.15000 0.15000 0.15000 0.15000 0.15000 0.15000 0.15000 0.15000 0.15000 0.15000 0.15000 0.15000 0.15000
  1   | 0.15000 0.15000 0.15000 0.15000 0.15000 0.15000 0.15000 0.15000 0.15000 0.15000 0.15000 0.15000 0.15000 0.15000 0.15000
  2   | 0.15000 0.15000 0.15000 0.15000 0.15000 0.15000 0.15000 0.15000 0.15000 0.15000 0.15000 0.15000 0.15000 0.15000 0.15000
  3   | 0.15000 0.15000 0.15000 0.15000 0.15000 0.15000 0.15000 0.15000 0.15000 0.15000 0.15000 0.15000 0.15000 0.15000 0.15000
  4   | 0.15000 0.15000 0.15000 0.15000 0.15000 0.15000 0.15000 0.15000 0.15000 0.15000 0.15000 0.15000 0.15000 0.15000 0.15000
  5   | 0.15000 0.15000 0.15000 0.15000 0.15000 0.15000 0.15000 0.15000 0.15000 0.15000 0.15000 0.15000 0.15000 0.15000 0.15000
  6   | 0.15000 0.15000 0.15000 0.15000 0.15000 0.15000 0.15000 0.15000 0.15000 0.15000 0.15000 0.15000 0.15000 0.15000 0.15000
  7   | 0.15000 0.15000 0.15000 0.15000 0.15000 0.15000 0.15000 0.15000 0.15000 0.15000 0.15000 0.15000 0.15000 0.15000 0.15000
  8   | 0.15000 0.15000 0.15000 0.15000 0.15000 0.15000 0.15000 0.15000 0.15000 0.15000 0.15000 0.15000 0.15000 0.15000 0.15000
  9   | 0.15000 0.15000 0.15000 0.15000 0.15000 0.15000 0.15000 0.15000 0.15000 0.15000 0.15000 0.15000 0.15000 0.15000 0.15000
------+------------------------------------------------------------------------------------------------------------------------
                                               
 
 
        Natural Mortality (per year)
        ----------------------------
------+------------------------------------------------------------------------------------------------------------------------
AGE   |    1987    1988    1989    1990    1991    1992    1993    1994    1995    1996    1997    1998    1999    2000    2001
------+------------------------------------------------------------------------------------------------------------------------
  0   | 0.15000 0.15000 0.15000 0.15000 0.15000 0.15000 0.15000 0.15000 0.15000 0.15000 0.15000 0.15000 0.15000 0.15000 0.15000
  1   | 0.15000 0.15000 0.15000 0.15000 0.15000 0.15000 0.15000 0.15000 0.15000 0.15000 0.15000 0.15000 0.15000 0.15000 0.15000
  2   | 0.15000 0.15000 0.15000 0.15000 0.15000 0.15000 0.15000 0.15000 0.15000 0.15000 0.15000 0.15000 0.15000 0.15000 0.15000
  3   | 0.15000 0.15000 0.15000 0.15000 0.15000 0.15000 0.15000 0.15000 0.15000 0.15000 0.15000 0.15000 0.15000 0.15000 0.15000
  4   | 0.15000 0.15000 0.15000 0.15000 0.15000 0.15000 0.15000 0.15000 0.15000 0.15000 0.15000 0.15000 0.15000 0.15000 0.15000
  5   | 0.15000 0.15000 0.15000 0.15000 0.15000 0.15000 0.15000 0.15000 0.15000 0.15000 0.15000 0.15000 0.15000 0.15000 0.15000
  6   | 0.15000 0.15000 0.15000 0.15000 0.15000 0.15000 0.15000 0.15000 0.15000 0.15000 0.15000 0.15000 0.15000 0.15000 0.15000
  7   | 0.15000 0.15000 0.15000 0.15000 0.15000 0.15000 0.15000 0.15000 0.15000 0.15000 0.15000 0.15000 0.15000 0.15000 0.15000
  8   | 0.15000 0.15000 0.15000 0.15000 0.15000 0.15000 0.15000 0.15000 0.15000 0.15000 0.15000 0.15000 0.15000 0.15000 0.15000
  9   | 0.15000 0.15000 0.15000 0.15000 0.15000 0.15000 0.15000 0.15000 0.15000 0.15000 0.15000 0.15000 0.15000 0.15000 0.15000
------+------------------------------------------------------------------------------------------------------------------------
                                               
 
 
        Natural Mortality (per year)
        ----------------------------
------+--------
AGE   |    2002
------+--------
  0   | 0.15000
  1   | 0.15000
  2   | 0.15000
  3   | 0.15000
  4   | 0.15000
  5   | 0.15000
  6   | 0.15000
  7   | 0.15000
  8   | 0.15000
  9   | 0.15000
------+--------
                                               
 
 
 
        Proportion of fish spawning
        ---------------------------
------+------------------------------------------------------------------------------------------------------------------------
AGE   |    1972    1973    1974    1975    1976    1977    1978    1979    1980    1981    1982    1983    1984    1985    1986
------+------------------------------------------------------------------------------------------------------------------------
  0   |  0.0000  0.0000  0.0000  0.0000  0.0000  0.0000  0.0000  0.0000  0.0000  0.0000  0.0000  0.0000  0.0000  0.0000  0.0000
  1   |  0.0500  0.0500  0.0500  0.0600  0.0600  0.0600  0.0600  0.0600  0.0600  0.0700  0.0700  0.0700  0.0700  0.0700  0.0700
  2   |  0.5300  0.5400  0.5400  0.5500  0.5500  0.5500  0.5600  0.5600  0.5700  0.5700  0.5700  0.5800  0.5800  0.5800  0.5800
  3   |  0.9000  0.9000  0.9000  0.8900  0.8900  0.8900  0.8900  0.8900  0.8900  0.8800  0.8800  0.8800  0.8800  0.8800  0.8800
  4   |  0.9800  0.9800  0.9800  0.9800  0.9800  0.9800  0.9800  0.9800  0.9800  0.9800  0.9800  0.9800  0.9700  0.9700  0.9700
  5   |  0.9800  0.9800  0.9800  0.9800  0.9800  0.9800  0.9800  0.9800  0.9800  0.9800  0.9800  0.9800  0.9700  0.9700  0.9700
  6   |  0.9900  0.9900  0.9900  0.9900  0.9900  0.9900  0.9900  0.9900  0.9900  0.9900  0.9900  0.9900  0.9900  0.9900  0.9900
  7   |  1.0000  1.0000  1.0000  1.0000  1.0000  1.0000  1.0000  1.0000  1.0000  1.0000  1.0000  1.0000  1.0000  1.0000  1.0000
  8   |  1.0000  1.0000  1.0000  1.0000  1.0000  1.0000  1.0000  1.0000  1.0000  1.0000  1.0000  1.0000  1.0000  1.0000  1.0000
  9   |  1.0000  1.0000  1.0000  1.0000  1.0000  1.0000  1.0000  1.0000  1.0000  1.0000  1.0000  1.0000  1.0000  1.0000  1.0000
------+------------------------------------------------------------------------------------------------------------------------
                                               
 
 
        Proportion of fish spawning
        ---------------------------
------+------------------------------------------------------------------------------------------------------------------------
AGE   |    1987    1988    1989    1990    1991    1992    1993    1994    1995    1996    1997    1998    1999    2000    2001
------+------------------------------------------------------------------------------------------------------------------------
  0   |  0.0000  0.0000  0.0000  0.0000  0.0000  0.0000  0.0000  0.0000  0.0000  0.0000  0.0000  0.0000  0.0000  0.0000  0.0000
  1   |  0.0700  0.0700  0.0700  0.0700  0.0700  0.0700  0.0700  0.0700  0.0700  0.0700  0.0700  0.0700  0.0700  0.0700  0.0700
  2   |  0.5800  0.5800  0.5800  0.5800  0.5800  0.5800  0.5800  0.5800  0.5800  0.5800  0.5800  0.5800  0.5800  0.5800  0.5900
  3   |  0.8800  0.8800  0.8800  0.8800  0.8800  0.8800  0.8800  0.8800  0.8800  0.8800  0.8800  0.8600  0.8600  0.8600  0.8800
  4   |  0.9700  0.9700  0.9700  0.9700  0.9700  0.9700  0.9700  0.9700  0.9700  0.9700  0.9700  0.9800  0.9800  0.9800  0.9700
  5   |  0.9700  0.9700  0.9700  0.9700  0.9700  0.9700  0.9700  0.9700  0.9700  0.9700  0.9700  0.9800  0.9800  0.9800  0.9700
  6   |  0.9900  0.9900  0.9900  0.9900  0.9900  0.9900  0.9900  0.9900  0.9900  0.9900  0.9900  0.9900  0.9900  0.9900  0.9900
  7   |  1.0000  1.0000  1.0000  1.0000  1.0000  1.0000  1.0000  1.0000  1.0000  1.0000  1.0000  1.0000  1.0000  1.0000  1.0000
  8   |  1.0000  1.0000  1.0000  1.0000  1.0000  1.0000  1.0000  1.0000  1.0000  1.0000  1.0000  1.0000  1.0000  1.0000  1.0000
  9   |  1.0000  1.0000  1.0000  1.0000  1.0000  1.0000  1.0000  1.0000  1.0000  1.0000  1.0000  1.0000  1.0000  1.0000  1.0000
------+------------------------------------------------------------------------------------------------------------------------
                                               
 
 
        Proportion of fish spawning
        ---------------------------
------+--------
AGE   |    2002
------+--------
  0   |  0.0000
  1   |  0.0700
  2   |  0.5900
  3   |  0.8800
  4   |  0.9700
  5   |  0.9700
  6   |  0.9900
  7   |  1.0000
  8   |  1.0000
  9   |  1.0000
------+--------
                                               
 
 
 
 INDICES OF SPAWNING BIOMASS                                                    
  
 ----------------------------
 
          INDEX
        -------
------+------------------------------------------------------------------------------------------------------------------------
      |    1972    1973    1974    1975    1976    1977    1978    1979    1980    1981    1982    1983    1984    1985    1986
------+------------------------------------------------------------------------------------------------------------------------
  1   | ******* ******* ******* ******* ******* ******* ******* ******* ******* ******* ******* ******* ******* ******* *******
------+------------------------------------------------------------------------------------------------------------------------
       x 10 ^ 3                                
 
 
          INDEX
        -------
------+------------------------------------------------------------------------------------------------------------------------
      |    1987    1988    1989    1990    1991    1992    1993    1994    1995    1996    1997    1998    1999    2000    2001
------+------------------------------------------------------------------------------------------------------------------------
  1   | *******  323.15  287.89  238.67  242.13  240.96  225.56  199.31  208.33  203.97  224.38  236.41  249.42  249.94  262.39
------+------------------------------------------------------------------------------------------------------------------------
       x 10 ^ 3                                
 
 
          INDEX
        -------
------+--------
      |    2002
------+--------
  1   |  235.25
------+--------
       x 10 ^ 3                                
 
 
 
 AGE-STRUCTURED INDICES                                                         
  
 -----------------------
 
        FLT01: Dummy survey
        -------------------
------+--------------------------------
AGE   |    1981    1982    1983    1984
------+--------------------------------
  1   |  266.10  203.00   43.60   15.24
  2   |  506.40  435.90  712.70   79.51
  3   |  225.10  483.60  444.60  661.83
  4   |   31.70  184.10  391.60  374.60
  5   |  174.80   24.70  130.40  238.20
  6   |  158.50  136.60   20.20   92.00
  7   |   99.50  108.60   91.30   15.54
  8   |  116.60   84.50   70.90   51.47
  9   |   35.30   87.00   47.10   39.27
------+--------------------------------
       x 10 ^ 3                                
 
 
 
        Fishing Mortality (per year)
        ----------------------------
------+------------------------------------------------------------------------------------------------------------------------
AGE   |    1972    1973    1974    1975    1976    1977    1978    1979    1980    1981    1982    1983    1984    1985    1986
------+------------------------------------------------------------------------------------------------------------------------
  0   | 0.01042 0.00835 0.01043 0.00986 0.00690 0.00744 0.00544 0.01033 0.00827 0.00563 0.00577 0.00536 0.00798 0.00813 0.00699
  1   | 0.03945 0.03159 0.03948 0.03733 0.02611 0.02818 0.02058 0.03910 0.03129 0.02132 0.02184 0.02028 0.03021 0.03079 0.02645
  2   | 0.08732 0.06992 0.08738 0.08261 0.05778 0.06236 0.04555 0.08655 0.06927 0.04719 0.04833 0.04489 0.06686 0.06814 0.05855
  3   | 0.17227 0.13795 0.17239 0.16299 0.11400 0.12303 0.08986 0.17075 0.13666 0.09311 0.09535 0.08857 0.13190 0.13444 0.11551
  4   | 0.26336 0.21090 0.26355 0.24918 0.17428 0.18809 0.13738 0.26104 0.20892 0.14234 0.14578 0.13541 0.20165 0.20552 0.17659
  5   | 0.29954 0.23987 0.29976 0.28341 0.19823 0.21393 0.15625 0.29691 0.23762 0.16189 0.16580 0.15401 0.22935 0.23376 0.20085
  6   | 0.33875 0.27127 0.33900 0.32051 0.22418 0.24194 0.17671 0.33577 0.26873 0.18309 0.18751 0.17417 0.25938 0.26436 0.22714
  7   | 0.38809 0.31078 0.38837 0.36719 0.25683 0.27717 0.20244 0.38467 0.30786 0.20975 0.21482 0.19954 0.29715 0.30286 0.26022
  8   | 0.35945 0.28785 0.35971 0.34009 0.23787 0.25672 0.18750 0.35629 0.28515 0.19427 0.19897 0.18481 0.27523 0.28051 0.24102
  9   | 0.35945 0.28785 0.35971 0.34009 0.23787 0.25672 0.18750 0.35629 0.28515 0.19427 0.19897 0.18481 0.27523 0.28051 0.24102
------+------------------------------------------------------------------------------------------------------------------------
                                               
 
 
        Fishing Mortality (per year)
        ----------------------------
------+------------------------------------------------------------------------------------------------------------------------
AGE   |    1987    1988    1989    1990    1991    1992    1993    1994    1995    1996    1997    1998    1999    2000    2001
------+------------------------------------------------------------------------------------------------------------------------
  0   | 0.00707 0.00756 0.00962 0.00626 0.00943 0.00839 0.00952 0.00792 0.01011 0.00999 0.00650 0.00729 0.00556 0.00597 0.00622
  1   | 0.02676 0.02862 0.03640 0.02368 0.03567 0.03176 0.03602 0.02999 0.03826 0.03779 0.02461 0.02760 0.02104 0.02259 0.02355
  2   | 0.05923 0.06334 0.08057 0.05241 0.07896 0.07030 0.07974 0.06637 0.08468 0.08365 0.05447 0.06108 0.04657 0.04999 0.05213
  3   | 0.11685 0.12497 0.15895 0.10340 0.15578 0.13869 0.15731 0.13095 0.16707 0.16504 0.10746 0.12051 0.09187 0.09863 0.10285
  4   | 0.17863 0.19105 0.24300 0.15808 0.23815 0.21203 0.24049 0.20019 0.25541 0.25231 0.16428 0.18423 0.14045 0.15079 0.15723
  5   | 0.20318 0.21730 0.27639 0.17980 0.27087 0.24116 0.27354 0.22770 0.29050 0.28698 0.18685 0.20954 0.15974 0.17151 0.17883
  6   | 0.22977 0.24575 0.31257 0.20333 0.30633 0.27273 0.30934 0.25751 0.32853 0.32454 0.21131 0.23697 0.18065 0.19396 0.20224
  7   | 0.26323 0.28154 0.35809 0.23295 0.35094 0.31245 0.35439 0.29501 0.37637 0.37181 0.24208 0.27148 0.20696 0.22221 0.23169
  8   | 0.24381 0.26077 0.33167 0.21576 0.32504 0.28939 0.32824 0.27324 0.34860 0.34437 0.22422 0.25145 0.19169 0.20581 0.21460
  9   | 0.24381 0.26077 0.33167 0.21576 0.32504 0.28939 0.32824 0.27324 0.34860 0.34437 0.22422 0.25145 0.19169 0.20581 0.21460
------+------------------------------------------------------------------------------------------------------------------------
                                               
 
 
        Fishing Mortality (per year)
        ----------------------------
------+--------
AGE   |    2002
------+--------
  0   | 0.01020
  1   | 0.03861
  2   | 0.08546
  3   | 0.16860
  4   | 0.25776
  5   | 0.29317
  6   | 0.33155
  7   | 0.37984
  8   | 0.35181
  9   | 0.35181
------+--------
                                               
 
 
 
        Population Abundance (1 January)
        --------------------------------
------+------------------------------------------------------------------------------------------------------------------------
AGE   |    1972    1973    1974    1975    1976    1977    1978    1979    1980    1981    1982    1983    1984    1985    1986
------+------------------------------------------------------------------------------------------------------------------------
  0   |  345.84  374.98  350.87  591.64  413.21  577.12  345.84  482.83  759.90  420.79  482.83  542.45  577.12  591.64  361.17
  1   |  493.33  294.58  320.07  298.86  504.23  353.21  493.05  296.05  411.31  648.66  360.14  413.19  464.39  492.78  505.10
  2   |  313.60  408.19  245.66  264.82  247.81  422.81  295.57  415.73  245.04  343.11  546.53  303.28  348.49  387.81  411.28
  3   |  225.95  247.35  327.60  193.75  209.86  201.32  341.92  243.07  328.15  196.79  281.70  448.21  249.58  280.55  311.81
  4   |  170.70  163.70  185.46  237.32  141.68  161.17  153.22  269.00  176.37  246.37  154.32  220.41  353.08  188.27  211.10
  5   |  176.80  112.90  114.11  122.64  159.21  102.44  114.93  114.95  178.34  123.18  183.92  114.81  165.69  248.40  131.94
  6   |  113.57  112.78   76.45   72.78   79.51  112.39   71.19   84.61   73.52  121.03   90.18  134.11   84.71  113.38  169.23
  7   |   70.81   69.67   74.01   46.88   45.46   54.69   75.95   51.35   52.06   48.37   86.74   64.35   96.98   56.25   74.92
  8   |   31.65   41.34   43.94   43.20   27.95   30.27   35.68   53.39   30.08   32.93   33.75   60.23   45.36   62.01   35.77
  9   |   78.64   60.05   59.19   57.92   56.97   54.55   52.04   57.38   61.62   55.83   58.94   60.42   78.87   76.65   85.15
------+------------------------------------------------------------------------------------------------------------------------
       x 10 ^ 6                                
 
 
        Population Abundance (1 January)
        --------------------------------
------+------------------------------------------------------------------------------------------------------------------------
AGE   |    1987    1988    1989    1990    1991    1992    1993    1994    1995    1996    1997    1998    1999    2000    2001
------+------------------------------------------------------------------------------------------------------------------------
  0   |  169.05  361.17  350.87  481.40  224.34  224.34  482.83  496.90  558.82  498.74  105.69  456.09  217.56  374.98  333.68
  1   |  308.69  144.47  308.52  299.11  411.76  191.28  191.48  411.64  424.31  476.15  425.00   90.38  389.71  186.22  320.83
  2   |  423.40  258.68  120.84  256.05  251.42  341.98  159.49  158.98  343.84  351.50  394.62  356.91   75.67  328.44  156.70
  3   |  333.86  343.47  208.98   95.96  209.13  199.97  274.37  126.75  128.04  271.91  278.26  321.65  288.99   62.17  268.91
  4   |  239.10  255.67  260.89  153.44   74.48  154.04  149.83  201.78   95.71   93.25  198.43  215.10  245.42  226.91   48.48
  5   |  152.28  172.13  181.79  176.11  112.76   50.52  107.25  101.39  142.16   63.81   62.36  144.92  153.99  183.55  167.96
  6   |   92.90  106.97  119.22  118.68  126.64   74.02   34.17   70.22   69.50   91.51   41.22   44.53  101.15  112.97  133.09
  7   |  116.06   63.54   72.01   75.07   83.35   80.24   48.50   21.58   46.72   43.07   56.94   28.72   30.24   72.67   80.09
  8   |   49.71   76.78   41.27   43.32   51.18   50.51   50.53   29.29   13.83   27.60   25.56   38.47   18.84   21.16   50.09
  9   |   76.89   77.03   96.17   77.37   79.08   75.08   72.19   71.68   61.24   40.54   36.66   37.57   47.62   45.55   42.88
------+------------------------------------------------------------------------------------------------------------------------
       x 10 ^ 6                                
 
 
        Population Abundance (1 January)
        --------------------------------
------+----------------
AGE   |    2002    2003
------+----------------
  0   |  496.90  280.73
  1   |  285.42  423.34
  2   |  269.71  236.36
  3   |  128.02  213.13
  4   |  208.83   93.09
  5   |   35.66  138.90
  6   |  120.89   22.89
  7   |   93.57   74.69
  8   |   54.68   55.09
  9   |   60.50   69.73
------+----------------
       x 10 ^ 6                                
 
 
 
        Weighting factors for the catches in number
        -------------------------------------------
------+----------------------------------------------------------------------------------------
AGE   |    1992    1993    1994    1995    1996    1997    1998    1999    2000    2001    2002
------+----------------------------------------------------------------------------------------
  0   |  0.0200  0.0200  0.0200  0.0200  0.0200  0.0200  0.0200  0.0200  0.0200  0.0200  0.0200
  1   |  1.0000  1.0000  1.0000  1.0000  1.0000  1.0000  1.0000  1.0000  1.0000  1.0000  1.0000
  2   |  1.0000  1.0000  1.0000  1.0000  1.0000  1.0000  1.0000  1.0000  1.0000  1.0000  1.0000
  3   |  1.0000  1.0000  1.0000  1.0000  1.0000  1.0000  1.0000  1.0000  1.0000  1.0000  1.0000
  4   |  1.0000  1.0000  1.0000  1.0000  1.0000  1.0000  1.0000  1.0000  1.0000  1.0000  1.0000
  5   |  1.0000  1.0000  1.0000  1.0000  1.0000  1.0000  1.0000  1.0000  1.0000  1.0000  1.0000
  6   |  1.0000  1.0000  1.0000  1.0000  1.0000  1.0000  1.0000  1.0000  1.0000  1.0000  1.0000
  7   |  1.0000  1.0000  1.0000  1.0000  1.0000  1.0000  1.0000  1.0000  1.0000  1.0000  1.0000
  8   |  1.0000  1.0000  1.0000  1.0000  1.0000  1.0000  1.0000  1.0000  1.0000  1.0000  1.0000
------+----------------------------------------------------------------------------------------
                                               
 
 
 
 Predicted SSB Index Values                                                     
  
 ---------------------------
 
          INDEX
        -------
------+------------------------------------------------------------------------------------------------------------------------
      |    1972    1973    1974    1975    1976    1977    1978    1979    1980    1981    1982    1983    1984    1985    1986
------+------------------------------------------------------------------------------------------------------------------------
  1   | ******* ******* ******* ******* ******* ******* ******* ******* ******* ******* ******* ******* ******* ******* *******
------+------------------------------------------------------------------------------------------------------------------------
       x 10 ^ 3                                
 
 
          INDEX
        -------
------+------------------------------------------------------------------------------------------------------------------------
      |    1987    1988    1989    1990    1991    1992    1993    1994    1995    1996    1997    1998    1999    2000    2001
------+------------------------------------------------------------------------------------------------------------------------
  1   | *******  323.15  287.89  238.67  242.13  240.96  225.57  199.31  208.33  203.97  224.38  236.41  249.42  249.94  262.39
------+------------------------------------------------------------------------------------------------------------------------
       x 10 ^ 3                                
 
 
          INDEX
        -------
------+--------
      |    2002
------+--------
  1   |  235.25
------+--------
       x 10 ^ 3                                
 
 
 
 Predicted Age-Structured Index Values                                          
  
 --------------------------------------
 
        FLT01: Dummy survey Predicted
        -----------------------------
------+--------------------------------
AGE   |    1981    1982    1983    1984
------+--------------------------------
  1   |  109.24   60.63   69.63   77.83
  2   |  306.60  488.07  271.35  308.06
  3   |  298.17  426.29  680.80  370.16
  4   |  182.08  113.84  163.52  252.57
  5   |   92.81  138.27   86.88  120.29
  6   |   92.25   68.57  102.73   61.92
  7   |   42.79   76.53   57.25   81.77
  8   |   61.73   63.11  113.48   81.33
  9   |   43.77   46.09   47.61   59.14
------+--------------------------------
       x 10 ^ 3                                
 
 
 
        Fitted Selection Pattern
        ------------------------
------+------------------------------------------------------------------------------------------------------------------------
AGE   |    1972    1973    1974    1975    1976    1977    1978    1979    1980    1981    1982    1983    1984    1985    1986
------+------------------------------------------------------------------------------------------------------------------------
  0   |  0.0348  0.0348  0.0348  0.0348  0.0348  0.0348  0.0348  0.0348  0.0348  0.0348  0.0348  0.0348  0.0348  0.0348  0.0348
  1   |  0.1317  0.1317  0.1317  0.1317  0.1317  0.1317  0.1317  0.1317  0.1317  0.1317  0.1317  0.1317  0.1317  0.1317  0.1317
  2   |  0.2915  0.2915  0.2915  0.2915  0.2915  0.2915  0.2915  0.2915  0.2915  0.2915  0.2915  0.2915  0.2915  0.2915  0.2915
  3   |  0.5751  0.5751  0.5751  0.5751  0.5751  0.5751  0.5751  0.5751  0.5751  0.5751  0.5751  0.5751  0.5751  0.5751  0.5751
  4   |  0.8792  0.8792  0.8792  0.8792  0.8792  0.8792  0.8792  0.8792  0.8792  0.8792  0.8792  0.8792  0.8792  0.8792  0.8792
  5   |  1.0000  1.0000  1.0000  1.0000  1.0000  1.0000  1.0000  1.0000  1.0000  1.0000  1.0000  1.0000  1.0000  1.0000  1.0000
  6   |  1.1309  1.1309  1.1309  1.1309  1.1309  1.1309  1.1309  1.1309  1.1309  1.1309  1.1309  1.1309  1.1309  1.1309  1.1309
  7   |  1.2956  1.2956  1.2956  1.2956  1.2956  1.2956  1.2956  1.2956  1.2956  1.2956  1.2956  1.2956  1.2956  1.2956  1.2956
  8   |  1.2000  1.2000  1.2000  1.2000  1.2000  1.2000  1.2000  1.2000  1.2000  1.2000  1.2000  1.2000  1.2000  1.2000  1.2000
  9   |  1.2000  1.2000  1.2000  1.2000  1.2000  1.2000  1.2000  1.2000  1.2000  1.2000  1.2000  1.2000  1.2000  1.2000  1.2000
------+------------------------------------------------------------------------------------------------------------------------
                                               
 
 
        Fitted Selection Pattern
        ------------------------
------+------------------------------------------------------------------------------------------------------------------------
AGE   |    1987    1988    1989    1990    1991    1992    1993    1994    1995    1996    1997    1998    1999    2000    2001
------+------------------------------------------------------------------------------------------------------------------------
  0   |  0.0348  0.0348  0.0348  0.0348  0.0348  0.0348  0.0348  0.0348  0.0348  0.0348  0.0348  0.0348  0.0348  0.0348  0.0348
  1   |  0.1317  0.1317  0.1317  0.1317  0.1317  0.1317  0.1317  0.1317  0.1317  0.1317  0.1317  0.1317  0.1317  0.1317  0.1317
  2   |  0.2915  0.2915  0.2915  0.2915  0.2915  0.2915  0.2915  0.2915  0.2915  0.2915  0.2915  0.2915  0.2915  0.2915  0.2915
  3   |  0.5751  0.5751  0.5751  0.5751  0.5751  0.5751  0.5751  0.5751  0.5751  0.5751  0.5751  0.5751  0.5751  0.5751  0.5751
  4   |  0.8792  0.8792  0.8792  0.8792  0.8792  0.8792  0.8792  0.8792  0.8792  0.8792  0.8792  0.8792  0.8792  0.8792  0.8792
  5   |  1.0000  1.0000  1.0000  1.0000  1.0000  1.0000  1.0000  1.0000  1.0000  1.0000  1.0000  1.0000  1.0000  1.0000  1.0000
  6   |  1.1309  1.1309  1.1309  1.1309  1.1309  1.1309  1.1309  1.1309  1.1309  1.1309  1.1309  1.1309  1.1309  1.1309  1.1309
  7   |  1.2956  1.2956  1.2956  1.2956  1.2956  1.2956  1.2956  1.2956  1.2956  1.2956  1.2956  1.2956  1.2956  1.2956  1.2956
  8   |  1.2000  1.2000  1.2000  1.2000  1.2000  1.2000  1.2000  1.2000  1.2000  1.2000  1.2000  1.2000  1.2000  1.2000  1.2000
  9   |  1.2000  1.2000  1.2000  1.2000  1.2000  1.2000  1.2000  1.2000  1.2000  1.2000  1.2000  1.2000  1.2000  1.2000  1.2000
------+------------------------------------------------------------------------------------------------------------------------
                                               
 
 
        Fitted Selection Pattern
        ------------------------
------+--------
AGE   |    2002
------+--------
  0   |  0.0348
  1   |  0.1317
  2   |  0.2915
  3   |  0.5751
  4   |  0.8792
  5   |  1.0000
  6   |  1.1309
  7   |  1.2956
  8   |  1.2000
  9   |  1.2000
------+--------
                                               
 
 
 
 
 
                    STOCK SUMMARY                                             
 
 
 ³ Year ³  Recruits  ³  Total  ³ Spawning³ Landings ³ Yield ³ Mean F ³ SoP ³    
 ³      ³   Age   0  ³ Biomass ³ Biomass ³          ³ /SSB  ³  Ages  ³     ³ 
 ³      ³  thousands ³  tonnes ³ tonnes  ³ tonnes   ³ ratio ³  4- 7  ³ (%) ³ 
 
   1972       345830    442533    289524     99379   0.3432   0.3224    99
   1973       374980    398023    273625     69697   0.2547   0.2582    99
   1974       350870    375125    256534     80734   0.3147   0.3227    99
   1975       591640    342550    232686     67987   0.2922   0.3051   100
   1976       413210    343177    221633     45834   0.2068   0.2134    99
   1977       577110    351554    232363     51419   0.2213   0.2303    99
   1978       345830    376356    257383     38869   0.1510   0.1682   100
   1979       482830    390752    268065     74850   0.2792   0.3196   100
   1980       759890    375606    258378     66069   0.2557   0.2558   100
   1981       420780    396558    270975     47803   0.1764   0.1743    99
   1982       482830    395406    285086     53171   0.1865   0.1785   100
   1983       542440    432027    319130     51262   0.1606   0.1658    99
   1984       577110    461125    333961     80063   0.2397   0.2469   100
   1985       591640    467325    335202     90405   0.2697   0.2516   100
   1986       361160    454542    327745     77585   0.2367   0.2162    99
   1987       169040    435287    326275     80446   0.2466   0.2187   100
   1988       361160    412603    323148     85405   0.2643   0.2339    99
   1989       350870    381813    287894     96605   0.3356   0.2975   100
   1990       481390    313602    238674     56398   0.2363   0.1935    99
   1991       224340    338845    242126     78843   0.3256   0.2916    99
   1992       224340    331601    240964     66237   0.2749   0.2596   100
   1993       482830    302789    225565     67108   0.2975   0.2944   100
   1994       496890    279334    199313     55171   0.2768   0.2451   100
   1995       558820    308343    208327     66620   0.3198   0.3127    99
   1996       498730    302563    203973     62939   0.3086   0.3089   100
   1997       105690    324230    224380     43101   0.1921   0.2011   100
   1998       456080    310567    236409     53347   0.2257   0.2256   100
   1999       217560    328834    249423     44652   0.1790   0.1720    99
   2000       374980    326387    249936     50217   0.2009   0.1846   100
   2001       333670    343137    262390     51951   0.1980   0.1925   100
   2002       496900    326620    235253     79872   0.3395   0.3156    99
 
 -----------------------------------------------------------------            
 No of years for separable analysis : 11                                      
 Age range in the analysis : 0  . . . 9                                       
 Year range in the analysis : 1972  . . . 2002                                
 Number of indices of SSB : 1                                                 
 Number of age-structured indices : 1                                         
                                                                              
 Parameters to estimate : 46                                                  
 Number of observations : 150                                                 
                                                                              
 Conventional single selection vector model to be fitted.                     
                                                                              
                                                                              
                                                                              
 -----------------------------------------------------------------            
 
 
 PARAMETER ESTIMATES                                                            
  
 
 ³Parm.³      ³ Maximum ³    ³        ³         ³         ³         ³ Mean of ³ 
  
 ³ No. ³      ³ Likelh. ³ CV ³  Lower ³ Upper   ³  -s.e.  ³   +s.e. ³ Param.  ³ 
  
 ³     ³      ³ Estimate³ (%)³ 95% CL ³ 95% CL  ³         ³         ³ Distrib.³ 
  
 Separable model : F by year                                                    
  
    1   1992     0.2412   0    0.2374    0.2449    0.2393    0.2431    0.2412
    2   1993     0.2735   0    0.2694    0.2778    0.2714    0.2757    0.2735
    3   1994     0.2277   0    0.2242    0.2312    0.2259    0.2295    0.2277
    4   1995     0.2905   0    0.2861    0.2950    0.2882    0.2928    0.2905
    5   1996     0.2870   0    0.2826    0.2914    0.2847    0.2892    0.2870
    6   1997     0.1868   0    0.1840    0.1897    0.1854    0.1883    0.1869
    7   1998     0.2095   0    0.2064    0.2127    0.2079    0.2112    0.2095
    8   1999     0.1597   0    0.1574    0.1621    0.1585    0.1609    0.1597
    9   2000     0.1715   0    0.1690    0.1740    0.1702    0.1728    0.1715
   10   2001     0.1788   0    0.1762    0.1815    0.1775    0.1802    0.1788
   11   2002     0.2932   0    0.2883    0.2982    0.2907    0.2957    0.2932
 
 Separable Model: Selection (S) by age                                          
  
   12      0     0.0348   3    0.0323    0.0375    0.0335    0.0361    0.0348
   13      1     0.1317   0    0.1297    0.1338    0.1307    0.1328    0.1317
   14      2     0.2915   0    0.2872    0.2958    0.2893    0.2937    0.2915
   15      3     0.5751   0    0.5672    0.5831    0.5710    0.5792    0.5751
   16      4     0.8792   0    0.8677    0.8908    0.8733    0.8851    0.8792
           5     1.0000     Fixed : Reference Age             
   17      6     1.1309   0    1.1172    1.1448    1.1239    1.1379    1.1309
   18      7     1.2956   0    1.2800    1.3114    1.2876    1.3036    1.2956
           8     1.2000     Fixed : Last true age             
 
 Separable model: Populations in year 2002                                    
   19      0     496899  12     389856    633332    439047    562374    500720
   20      1     285416   1     274522    296743    279805    291140    285473
   21      2     269712   1     262597    277020    266058    273416    269737
   22      3     128020   1     125238    130864    126593    129463    128028
   23      4     208828   0     205261    212456    207000    210671    208836
   24      5      35657   0      35043     36282     35342     35975     35659
   25      6     120892   0     119221    122587    120037    121754    120896
   26      7      93573   0      92348     94815     92946     94205     93576
   27      8      54677   0      53934     55430     54297     55060     54678
 
Separable model: Populations at age
   28   1992      50508   1      48812     52263     49636     51396     50516
   29   1993      50527   1      49271     51815     49883     51180     50531
   30   1994      29288   1      28647     29943     28959     29620     29290
   31   1995      13829   1      13545     14118     13683     13976     13829
   32   1996      27597   0      27088     28115     27336     27860     27598
   33   1997      25556   0      25111     26010     25328     25787     25557
   34   1998      38467   0      37892     39051     38172     38764     38468
   35   1999      18841   0      18552     19135     18693     18991     18842
   36   2000      21161   0      20849     21477     21001     21322     21161
   37   2001      50086   0      49409     50771     49740     50434     50087
 
 SSB Index catchabilities                                                       
  
   INDEX                                 
 Absolute estimator. No fitted catchability.                                    
  
 
 
 
 Age-structured index catchabilities                                            
  
                                        FLT01: Dummy survey                     
 
 Linear model fitted. Slopes at age :                                           
  
   38   1  Q  .1851      24 .1456     .3873     .1851     .3048     .2450    
   39   2  Q  .9960      24 .7838     2.084     .9960     1.640     1.319    
   40   3  Q  1.732      24 1.363     3.625     1.732     2.853     2.293    
   41   4  Q  .8680      24 .6831     1.817     .8680     1.430     1.149    
   42   5  Q  .8944      24 .7039     1.872     .8944     1.473     1.184    
   43   6  Q  .9155      24 .7205     1.916     .9155     1.508     1.212    
   44   7  Q  1.078      24 .8486     2.257     1.078     1.776     1.428    
   45   8  Q  2.265      24 1.783     4.741     2.265     3.731     2.999    
   46   9  Q  .9474      24 .7456     1.983     .9474     1.560     1.254    
 
 
 
 RESIDUALS ABOUT THE MODEL FIT                                                  
  
 ------------------------------
 
        Separable Model Residuals
        -------------------------
------+----------------------------------------------------------------------------------------
Age   |    1992    1993    1994    1995    1996    1997    1998    1999    2000    2001    2002
------+----------------------------------------------------------------------------------------
  0   | ******* ******* ******* ******* ******* ******* ******* ******* ******* ******* *******
  1   | ******* ******* ******* ******* ******* ******* ******* ******* ******* ******* *******
  2   | ******* ******* ******* ******* ******* ******* ******* ******* ******* ******* *******
  3   | ******* ******* ******* ******* ******* ******* ******* ******* ******* ******* *******
  4   | ******* ******* ******* ******* ******* ******* ******* ******* ******* ******* *******
  5   | ******* ******* ******* ******* ******* ******* ******* ******* ******* ******* *******
  6   | ******* ******* ******* ******* ******* ******* ******* ******* ******* ******* *******
  7   | ******* ******* ******* ******* ******* ******* ******* ******* ******* ******* *******
  8   | ******* ******* ******* ******* ******* ******* ******* ******* ******* ******* *******
------+----------------------------------------------------------------------------------------
                                               
 
 
 
 SPAWNING BIOMASS INDEX RESIDUALS                                               
  
 ---------------------------------
 
          INDEX
        -------
------+------------------------------------------------------------------------------------------------------------------------
      |    1972    1973    1974    1975    1976    1977    1978    1979    1980    1981    1982    1983    1984    1985    1986
------+------------------------------------------------------------------------------------------------------------------------
  1   | ******* ******* ******* ******* ******* ******* ******* ******* ******* ******* ******* ******* ******* ******* *******
------+------------------------------------------------------------------------------------------------------------------------
                                               
 
 
          INDEX
        -------
------+------------------------------------------------------------------------------------------------------------------------
      |    1987    1988    1989    1990    1991    1992    1993    1994    1995    1996    1997    1998    1999    2000    2001
------+------------------------------------------------------------------------------------------------------------------------
  1   | ******* ******* ******* ******* ******* ******* ******* ******* ******* ******* ******* ******* ******* ******* *******
------+------------------------------------------------------------------------------------------------------------------------
                                               
 
 
          INDEX
        -------
------+--------
      |    2002
------+--------
  1   | *******
------+--------
                                               
 
 
 
 AGE-STRUCTURED INDEX RESIDUALS                                                 
  
 -------------------------------
 
        FLT01: Dummy survey
        -------------------
------+--------------------------------
Age   |    1981    1982    1983    1984
------+--------------------------------
  1   |   0.890   1.208  -0.468  -1.631
  2   |   0.502  -0.113   0.966  -1.354
  3   |  -0.281   0.126  -0.426   0.581
  4   |  -1.748   0.481   0.873   0.394
  5   |   0.633  -1.722   0.406   0.683
  6   |   0.541   0.689  -1.626   0.396
  7   |   0.844   0.350   0.467  -1.661
  8   |   0.636   0.292  -0.470  -0.458
  9   |  -0.215   0.635  -0.011  -0.409
------+--------------------------------
                                               
 
 
 
 
 
 
 PARAMETERS OF THE DISTRIBUTION OF ln(CATCHES AT AGE)                           
  
 -----------------------------------------------------
 
 Separable model fitted from 1992  to 2002                                    
 Variance                             0.0000
Skewness test stat.                   1.8697
Kurtosis test statistic               0.7703
Partial chi-square                    0.0000
Significance in fit                   0.0000
Degrees of freedom                        62
 
 
 PARAMETERS OF DISTRIBUTIONS OF THE SSB INDICES                                 
  
 -----------------------------------------------
 
 
   DISTRIBUTION STATISTICS FOR   INDEX                                          
 
 
 Index used as absolute measure of abundance                                    
  
 Last age is a plus-group                                                       
  
 
 Variance                             0.0000
Skewness test stat.                   1.0688
Kurtosis test statistic              -0.6844
Partial chi-square                    0.0000
Significance in fit                   0.0000
Number of observations                    15
Degrees of freedom                        15
Weight in the analysis                5.0000
 
 PARAMETERS OF THE DISTRIBUTION OF THE AGE-STRUCTURED INDICES                   
  
 ------------------------------------------------------------ 
 
 
   DISTRIBUTION STATISTICS FOR FLT01: Dummy survey                              
 
 
 Linear catchability relationship assumed                                       
  
 
 Age                          1         2         3         4         5         6         7         8         9
 Variance                0.0019    0.0011    0.0002    0.0016    0.0015    0.0013    0.0014    0.0003    0.0002
Skewness test stat.     -0.2765   -0.4515    0.3347   -0.8529   -0.9128   -0.9089   -0.8418    0.1522    0.5985
Kurtosis test statisti  -0.6120   -0.4610   -0.5603   -0.3014   -0.2847   -0.2851   -0.3052   -0.7164   -0.3978
Partial chi-square       0.0005    0.0003    0.0001    0.0004    0.0004    0.0003    0.0004    0.0001    0.0001
Significance in fit      0.0000    0.0000    0.0000    0.0000    0.0000    0.0000    0.0000    0.0000    0.0000
Number of observations        4         4         4         4         4         4         4         4         4
Degrees of freedom            3         3         3         3         3         3         3         3         3
Weight in the analysis   0.0011    0.0011    0.0011    0.0011    0.0011    0.0011    0.0011    0.0011    0.0011
 
 ANALYSIS OF VARIANCE                   
--------------------------
 
 Unweighted Statistics                                                          
  
 
                                                                                
  
Variance                              
                                       SSQ     Data    Parameters d.f. Variance
Total for model                        25.8982     150         46  104   0.2490
Catches at age                          0.0000      99         37   62   0.0000
  
SSB Indices                           
  INDEX                                 0.0000      15          0   15   0.0000
  
 Aged Indices                                                                   
  
FLT01: Dummy survey                    25.8982      36          9   27   0.9592
 
 
 Weighted Statistics                                                            
  
 
                                                                                
  
Variance                              
                                       SSQ     Data    Parameters d.f. Variance
Total for model                         0.0000     150         46  104   0.0000
Catches at age                          0.0000      99         37   62   0.0000
  
SSB Indices                           
  INDEX                                 0.0000      15          0   15   0.0000
  
 Aged Indices                                                                   
  
FLT01: Dummy survey                     0.0000      36          9   27   0.0000
 
