 ICA v1_3 TUNING DIAGNOSTICS FILE
   1       1
 F         SSQ
  0.05  29.05742974      26.11527038      2.942159363    
  0.10  14.28603671      11.36747083      2.918565885    
  0.15  8.533243278      5.626662271      2.906581007    
  0.20  5.813568787      2.914571180      2.898997607    
  0.25  4.442592130      1.548845914      2.893746216    
  0.30  3.751110065     0.8611742305      2.889935834    
  0.35  3.428260809     0.5411674004      2.887093409    
  0.40  3.315335112     0.4304009712      2.884934141    
  0.45  3.325928567     0.4426546678      2.883273899    
  0.50  3.410637216     0.5286511616      2.881986055    
  0.55  3.540149093     0.6591671678      2.880981925    
  0.60  3.696549429     0.8163523639      2.880197065    
  0.65  3.868617346     0.9890334789      2.879583867    
  0.70  4.049208016      1.170101431      2.879106585    
  0.75  4.233702815      1.354964813      2.878738002    
  0.80  4.419094898      1.540637764      2.878457134    
  0.85  4.603428809      1.725181185      2.878247624    
  0.90  4.785429040      1.907332459      2.878096581    
  0.95  4.964290227      2.086296475      2.877993753    
  1.00  5.139509185      2.261578284      2.877930901    
