 Output Generated by ICA Version 1.4                                            
  
 ------------------------------------
 
        Mackerel NE Atlantic  WG2003
        ----------------------------
 
        Catch in Number
        ---------------
------+------------------------------------------------------------------------------------------------------------------------
AGE   |    1972    1973    1974    1975    1976    1977    1978    1979    1980    1981    1982    1983    1984    1985    1986
------+------------------------------------------------------------------------------------------------------------------------
  0   |   2983.   4719.   3366.   2472.   4808.   3240.   3871.   3675.   4611.   2660.   5136.   4706.   4379.    856.   2985.
  1   |   4301.  14499.  10755.   9943.  11701.  10624.  11737.  14386.  13433.  12675.   9465.  16680.  13339.   8805.   2903.
  2   |  18491.  11850.  18761.  18131.  26700.  14697.  21931.  24753.  29709.  20885.  25500.  17351.  26742.  15305.  17104.
  3   |  22848.  43043.  12990.  27033.  41172.  28472.  25854.  39149.  42928.  38876.  35345.  39198.  23413.  26219.  25574.
  4   |  21565.  38509.  34051.  13705.  44495.  31774.  36585.  33420.  48656.  40253.  47238.  38811.  37915.  16753.  32384.
  5   |  24446.  25839.  21407.  25610.  16043.  24176.  29111.  33518.  29210.  31957.  34432.  36329.  26312.  19213.  14873.
  6   |  20164.  28293.  13851.  15624.  28970.   8415.  21472.  25760.  28169.  18444.  26305.  25425.  23682.  12919.  16621.
  7   |  17181.  22845.  14829.   9954.  17310.  14878.   7350.  18604.  21087.  17327.  14802.  18891.  16149.  11434.  11057.
  8   |   5796.  15677.   9524.   8536.   8879.   7073.  10432.   5108.  12195.  10334.  11133.   8489.   9565.   6209.   7862.
  9   |  15373.  18503.  13878.  13459.  20091.  12245.  13271.  16474.  13928.  13142.  15384.  15312.  12721.   8697.  10358.
------+------------------------------------------------------------------------------------------------------------------------
       x 10 ^ 3                                
 
 
        Catch in Number
        ---------------
------+------------------------------------------------------------------------------------------------------------------------
AGE   |    1987    1988    1989    1990    1991    1992    1993    1994    1995    1996    1997    1998    1999    2000    2001
------+------------------------------------------------------------------------------------------------------------------------
  0   |   3630.   2659.   2326.   5141.   3253.   4179.   4052.   1671.   1409.   1929.   2173.   3832.   3260.   4193.   3506.
  1   |  14236.   9390.   6766.  13411.  11206.  13099.  12254.  13719.   4508.   3838.   5824.   8745.  14662.  11288.  11565.
  2   |   7878.  20949.  13666.  22144.  16602.  25647.  21809.  23558.  21057.   7018.   6637.  13387.  19017.  28748.  17662.
  3   |  39466.   9852.  26162.  37857.  23237.  32236.  36171.  35513.  30747.  28078.  10435.  13057.  24700.  31448.  38052.
  4   |  43065.  35823.   9047.  52666.  28685.  32795.  32889.  42658.  33678.  30088.  30822.  15092.  17506.  29421.  30039.
  5   |  38969.  27635.  23491.  13002.  28040.  28795.  23628.  27462.  28638.  23514.  23696.  31964.  14382.  14708.  19794.
  6   |  17346.  24173.  17617.  32665.   6676.  27230.  20027.  19056.  17831.  19422.  18035.  23889.  29463.  11644.   9542.
  7   |  19051.  10549.  15207.  24021.  16404.   6360.  18537.  15817.  12138.  11922.  14729.  17936.  21598.  23294.   7385.
  8   |  10210.   9247.   5310.  16744.   9590.  12555.   3459.  11726.   8047.   6496.   7253.  11784.  13018.  13671.  11788.
  9   |  17091.  13699.  11716.  18771.  14330.  18662.  17245.  13350.  12547.  10954.  10453.  14972.  19444.  20976.  18049.
------+------------------------------------------------------------------------------------------------------------------------
       x 10 ^ 3                                
 
 
        Catch in Number
        ---------------
------+--------
AGE   |    2002
------+--------
  0   |   1897.
  1   |  13434.
  2   |  25100.
  3   |  32328.
  4   |  50214.
  5   |  28015.
  6   |  17796.
  7   |   8381.
  8   |   5202.
  9   |  21484.
------+--------
       x 10 ^ 3                                
 
 
 
        Predicted Catch in Number
        -------------------------
------+----------------------------------------------------------------------------------------
AGE   |    1992    1993    1994    1995    1996    1997    1998    1999    2000    2001    2002
------+----------------------------------------------------------------------------------------
  0   |   4180.   4052.   1672.   1409.   1930.   2173.   3830.   3259.   4192.   3503.   1897.
  1   |  13102.  12259.  13723.   4510.   3840.   5826.   8745.  14656.  11284.  11559.  13436.
  2   |  25649.  21814.  23565.  21060.   7020.   6638.  13389.  19015.  28733.  17649.  25105.
  3   |  32237.  36174.  35519.  30753.  28079.  10436.  13058.  24701.  31442.  38020.  32327.
  4   |  32793.  32888.  42656.  33678.  30089.  30817.  15091.  17505.  29419.  30023.  50206.
  5   |  28796.  23631.  27464.  28639.  23516.  23698.  31961.  14383.  14710.  19791.  28027.
  6   |  27222.  20026.  19055.  17829.  19418.  18032.  23886.  29456.  11643.   9540.  17806.
  7   |   6359.  18533.  15816.  12137.  11920.  14726.  17934.  21596.  23291.   7383.   8387.
  8   |  12563.   3459.  11725.   8046.   6495.   7252.  11782.  13018.  13671.  11785.   5206.
------+----------------------------------------------------------------------------------------
       x 10 ^ 3                                
 
 
 
        Weights at age in the catches (Kg)
        ----------------------------------
------+------------------------------------------------------------------------------------------------------------------------
AGE   |    1972    1973    1974    1975    1976    1977    1978    1979    1980    1981    1982    1983    1984    1985    1986
------+------------------------------------------------------------------------------------------------------------------------
  0   | 0.05200 0.05000 0.05100 0.05000 0.05900 0.05600 0.03600 0.01600 0.05700 0.06000 0.05300 0.05000 0.03100 0.05500 0.03900
  1   | 0.13500 0.14500 0.13600 0.14800 0.13700 0.13600 0.13500 0.13700 0.13100 0.13200 0.13100 0.16800 0.10200 0.14400 0.14600
  2   | 0.27700 0.19400 0.22900 0.17700 0.20700 0.16900 0.16100 0.16100 0.24900 0.24800 0.24900 0.21900 0.18400 0.26200 0.24500
  3   | 0.34100 0.28500 0.26100 0.25900 0.26300 0.27500 0.25000 0.24300 0.28500 0.28700 0.28500 0.27600 0.29500 0.35700 0.33500
  4   | 0.42300 0.36800 0.33400 0.32300 0.32000 0.33300 0.32500 0.31800 0.34500 0.34400 0.34500 0.31000 0.32600 0.41800 0.42300
  5   | 0.46800 0.44800 0.39200 0.34800 0.34600 0.35200 0.34500 0.34800 0.37800 0.37700 0.37800 0.38600 0.34400 0.41700 0.47100
  6   | 0.46800 0.46800 0.48100 0.43000 0.40600 0.40700 0.40300 0.40100 0.45400 0.45400 0.45400 0.42500 0.43100 0.43600 0.44400
  7   | 0.50800 0.50800 0.50800 0.48800 0.44300 0.44600 0.42100 0.41600 0.49800 0.49900 0.49600 0.43500 0.54200 0.52100 0.45700
  8   | 0.53900 0.53900 0.53900 0.53900 0.51800 0.54600 0.51800 0.50600 0.52000 0.51300 0.51300 0.49800 0.48000 0.55500 0.54300
  9   | 0.60923 0.61117 0.59942 0.59790 0.59972 0.59566 0.57285 0.54037 0.56968 0.56007 0.55954 0.57897 0.61216 0.61823 0.60583
------+------------------------------------------------------------------------------------------------------------------------
                                               
 
 
        Weights at age in the catches (Kg)
        ----------------------------------
------+------------------------------------------------------------------------------------------------------------------------
AGE   |    1987    1988    1989    1990    1991    1992    1993    1994    1995    1996    1997    1998    1999    2000    2001
------+------------------------------------------------------------------------------------------------------------------------
  0   | 0.07600 0.05500 0.04900 0.08500 0.06800 0.05100 0.06100 0.04600 0.07200 0.05800 0.07600 0.06500 0.06200 0.06300 0.06900
  1   | 0.17900 0.13300 0.13600 0.15600 0.15600 0.16700 0.13400 0.13600 0.14300 0.14300 0.14300 0.15700 0.17600 0.13500 0.17100
  2   | 0.22300 0.25900 0.23700 0.23300 0.25300 0.23900 0.24000 0.25500 0.23400 0.22600 0.23000 0.22700 0.23600 0.22900 0.22300
  3   | 0.31800 0.32300 0.32000 0.33600 0.32700 0.33300 0.31700 0.33900 0.33300 0.31300 0.29500 0.31000 0.30700 0.30800 0.30700
  4   | 0.39900 0.38800 0.37700 0.37900 0.39400 0.39700 0.37600 0.39000 0.39000 0.37700 0.35900 0.35400 0.36100 0.36700 0.37800
  5   | 0.47400 0.45600 0.43300 0.42300 0.42300 0.46000 0.43600 0.44800 0.45200 0.42500 0.41500 0.40800 0.40600 0.42900 0.42600
  6   | 0.51200 0.52400 0.45600 0.46700 0.46900 0.49500 0.48300 0.51200 0.50100 0.48400 0.45300 0.45200 0.45400 0.46700 0.47700
  7   | 0.49300 0.55500 0.54300 0.52800 0.50600 0.53200 0.52700 0.54300 0.53900 0.51800 0.48100 0.46200 0.50100 0.50400 0.49900
  8   | 0.49800 0.55500 0.59200 0.55200 0.55400 0.55500 0.54800 0.59000 0.57700 0.55100 0.52400 0.51800 0.53700 0.53700 0.54300
  9   | 0.61652 0.60466 0.61123 0.61888 0.63128 0.63148 0.60750 0.64787 0.61510 0.59923 0.57340 0.57506 0.59287 0.58773 0.60331
------+------------------------------------------------------------------------------------------------------------------------
                                               
 
 
        Weights at age in the catches (Kg)
        ----------------------------------
------+--------
AGE   |    2002
------+--------
  0   | 0.05200
  1   | 0.15900
  2   | 0.25500
  3   | 0.30700
  4   | 0.36900
  5   | 0.42600
  6   | 0.46400
  7   | 0.51400
  8   | 0.53900
  9   | 0.60846
------+--------
                                               
 
 
 
        Weights at age in the stock (Kg)
        --------------------------------
------+------------------------------------------------------------------------------------------------------------------------
AGE   |    1972    1973    1974    1975    1976    1977    1978    1979    1980    1981    1982    1983    1984    1985    1986
------+------------------------------------------------------------------------------------------------------------------------
  0   | 0.00800 0.00800 0.00800 0.00800 0.00800 0.00800 0.00800 0.00800 0.00800 0.00800 0.00800 0.00800 0.00000 0.00000 0.00000
  1   | 0.13200 0.13200 0.13000 0.12900 0.12800 0.12700 0.11100 0.11000 0.10900 0.08700 0.08600 0.08600 0.08100 0.08500 0.07700
  2   | 0.17800 0.17700 0.17300 0.17100 0.17000 0.16700 0.17500 0.17400 0.17300 0.18600 0.13500 0.17200 0.19400 0.16500 0.17900
  3   | 0.24300 0.24200 0.23800 0.23600 0.23600 0.23300 0.23800 0.23700 0.23600 0.25200 0.22100 0.23500 0.25300 0.29300 0.26700
  4   | 0.41100 0.30100 0.29600 0.29400 0.29300 0.28900 0.30000 0.29900 0.29700 0.31300 0.28000 0.28000 0.29500 0.30600 0.30400
  5   | 0.35500 0.43800 0.32200 0.31800 0.31800 0.31300 0.34600 0.34500 0.34300 0.32300 0.38500 0.33900 0.32400 0.34100 0.35600
  6   | 0.39800 0.39800 0.46900 0.36500 0.36500 0.36100 0.38200 0.38000 0.37900 0.37800 0.35300 0.37700 0.39300 0.38400 0.35100
  7   | 0.43300 0.43300 0.43300 0.49700 0.41900 0.41600 0.41000 0.40800 0.40700 0.41900 0.40800 0.40400 0.43600 0.43000 0.41600
  8   | 0.45900 0.45900 0.45900 0.45900 0.51200 0.44600 0.43200 0.43000 0.42900 0.43400 0.43700 0.43900 0.44100 0.45900 0.47300
  9   | 0.52372 0.52534 0.51348 0.51205 0.51454 0.53561 0.50389 0.48854 0.49137 0.47511 0.47530 0.50728 0.50661 0.52654 0.47354
------+------------------------------------------------------------------------------------------------------------------------
                                               
 
 
        Weights at age in the stock (Kg)
        --------------------------------
------+------------------------------------------------------------------------------------------------------------------------
AGE   |    1987    1988    1989    1990    1991    1992    1993    1994    1995    1996    1997    1998    1999    2000    2001
------+------------------------------------------------------------------------------------------------------------------------
  0   | 0.00000 0.00000 0.00000 0.00000 0.00000 0.00000 0.00000 0.00000 0.00000 0.00000 0.00000 0.00000 0.00000 0.00000 0.00000
  1   | 0.07800 0.07200 0.07600 0.07400 0.07500 0.07800 0.07800 0.07900 0.08100 0.07600 0.07600 0.07700 0.08100 0.07400 0.07800
  2   | 0.14800 0.15600 0.17700 0.13800 0.15500 0.21200 0.19700 0.17800 0.16400 0.13300 0.18600 0.14900 0.19400 0.18500 0.16400
  3   | 0.24000 0.23700 0.24400 0.22200 0.23000 0.25900 0.26800 0.23700 0.26700 0.25100 0.22800 0.22300 0.24200 0.23500 0.24100
  4   | 0.28600 0.30100 0.30600 0.28700 0.30700 0.31000 0.31500 0.30100 0.32600 0.31700 0.29600 0.28500 0.30100 0.28900 0.34200
  5   | 0.37400 0.32900 0.35200 0.33900 0.35700 0.36200 0.36000 0.36100 0.39800 0.36600 0.36100 0.34200 0.35300 0.35000 0.39000
  6   | 0.38600 0.42300 0.38000 0.37300 0.40900 0.40200 0.41600 0.41300 0.44800 0.44400 0.40200 0.40000 0.39600 0.39000 0.44600
  7   | 0.41100 0.44500 0.42900 0.41400 0.43200 0.42400 0.45400 0.46600 0.49100 0.46200 0.44500 0.42600 0.42300 0.42600 0.45900
  8   | 0.42900 0.43200 0.47400 0.40900 0.50200 0.46200 0.46500 0.47000 0.50800 0.50100 0.47800 0.46600 0.44000 0.44700 0.49900
  9   | 0.49036 0.52052 0.48574 0.49181 0.55627 0.51798 0.52020 0.55869 0.57286 0.58128 0.53074 0.52919 0.49412 0.50068 0.56270
------+------------------------------------------------------------------------------------------------------------------------
                                               
 
 
        Weights at age in the stock (Kg)
        --------------------------------
------+--------
AGE   |    2002
------+--------
  0   | 0.00000
  1   | 0.07800
  2   | 0.18100
  3   | 0.23900
  4   | 0.31100
  5   | 0.36400
  6   | 0.41100
  7   | 0.43600
  8   | 0.46200
  9   | 0.52018
------+--------
                                               
 
 
 
        Natural Mortality (per year)
        ----------------------------
------+------------------------------------------------------------------------------------------------------------------------
AGE   |    1972    1973    1974    1975    1976    1977    1978    1979    1980    1981    1982    1983    1984    1985    1986
------+------------------------------------------------------------------------------------------------------------------------
  0   | 0.15000 0.15000 0.15000 0.15000 0.15000 0.15000 0.15000 0.15000 0.15000 0.15000 0.15000 0.15000 0.15000 0.15000 0.15000
  1   | 0.15000 0.15000 0.15000 0.15000 0.15000 0.15000 0.15000 0.15000 0.15000 0.15000 0.15000 0.15000 0.15000 0.15000 0.15000
  2   | 0.15000 0.15000 0.15000 0.15000 0.15000 0.15000 0.15000 0.15000 0.15000 0.15000 0.15000 0.15000 0.15000 0.15000 0.15000
  3   | 0.15000 0.15000 0.15000 0.15000 0.15000 0.15000 0.15000 0.15000 0.15000 0.15000 0.15000 0.15000 0.15000 0.15000 0.15000
  4   | 0.15000 0.15000 0.15000 0.15000 0.15000 0.15000 0.15000 0.15000 0.15000 0.15000 0.15000 0.15000 0.15000 0.15000 0.15000
  5   | 0.15000 0.15000 0.15000 0.15000 0.15000 0.15000 0.15000 0.15000 0.15000 0.15000 0.15000 0.15000 0.15000 0.15000 0.15000
  6   | 0.15000 0.15000 0.15000 0.15000 0.15000 0.15000 0.15000 0.15000 0.15000 0.15000 0.15000 0.15000 0.15000 0.15000 0.15000
  7   | 0.15000 0.15000 0.15000 0.15000 0.15000 0.15000 0.15000 0.15000 0.15000 0.15000 0.15000 0.15000 0.15000 0.15000 0.15000
  8   | 0.15000 0.15000 0.15000 0.15000 0.15000 0.15000 0.15000 0.15000 0.15000 0.15000 0.15000 0.15000 0.15000 0.15000 0.15000
  9   | 0.15000 0.15000 0.15000 0.15000 0.15000 0.15000 0.15000 0.15000 0.15000 0.15000 0.15000 0.15000 0.15000 0.15000 0.15000
------+------------------------------------------------------------------------------------------------------------------------
                                               
 
 
        Natural Mortality (per year)
        ----------------------------
------+------------------------------------------------------------------------------------------------------------------------
AGE   |    1987    1988    1989    1990    1991    1992    1993    1994    1995    1996    1997    1998    1999    2000    2001
------+------------------------------------------------------------------------------------------------------------------------
  0   | 0.15000 0.15000 0.15000 0.15000 0.15000 0.15000 0.15000 0.15000 0.15000 0.15000 0.15000 0.15000 0.15000 0.15000 0.15000
  1   | 0.15000 0.15000 0.15000 0.15000 0.15000 0.15000 0.15000 0.15000 0.15000 0.15000 0.15000 0.15000 0.15000 0.15000 0.15000
  2   | 0.15000 0.15000 0.15000 0.15000 0.15000 0.15000 0.15000 0.15000 0.15000 0.15000 0.15000 0.15000 0.15000 0.15000 0.15000
  3   | 0.15000 0.15000 0.15000 0.15000 0.15000 0.15000 0.15000 0.15000 0.15000 0.15000 0.15000 0.15000 0.15000 0.15000 0.15000
  4   | 0.15000 0.15000 0.15000 0.15000 0.15000 0.15000 0.15000 0.15000 0.15000 0.15000 0.15000 0.15000 0.15000 0.15000 0.15000
  5   | 0.15000 0.15000 0.15000 0.15000 0.15000 0.15000 0.15000 0.15000 0.15000 0.15000 0.15000 0.15000 0.15000 0.15000 0.15000
  6   | 0.15000 0.15000 0.15000 0.15000 0.15000 0.15000 0.15000 0.15000 0.15000 0.15000 0.15000 0.15000 0.15000 0.15000 0.15000
  7   | 0.15000 0.15000 0.15000 0.15000 0.15000 0.15000 0.15000 0.15000 0.15000 0.15000 0.15000 0.15000 0.15000 0.15000 0.15000
  8   | 0.15000 0.15000 0.15000 0.15000 0.15000 0.15000 0.15000 0.15000 0.15000 0.15000 0.15000 0.15000 0.15000 0.15000 0.15000
  9   | 0.15000 0.15000 0.15000 0.15000 0.15000 0.15000 0.15000 0.15000 0.15000 0.15000 0.15000 0.15000 0.15000 0.15000 0.15000
------+------------------------------------------------------------------------------------------------------------------------
                                               
 
 
        Natural Mortality (per year)
        ----------------------------
------+--------
AGE   |    2002
------+--------
  0   | 0.15000
  1   | 0.15000
  2   | 0.15000
  3   | 0.15000
  4   | 0.15000
  5   | 0.15000
  6   | 0.15000
  7   | 0.15000
  8   | 0.15000
  9   | 0.15000
------+--------
                                               
 
 
 
        Proportion of fish spawning
        ---------------------------
------+------------------------------------------------------------------------------------------------------------------------
AGE   |    1972    1973    1974    1975    1976    1977    1978    1979    1980    1981    1982    1983    1984    1985    1986
------+------------------------------------------------------------------------------------------------------------------------
  0   |  0.0000  0.0000  0.0000  0.0000  0.0000  0.0000  0.0000  0.0000  0.0000  0.0000  0.0000  0.0000  0.0000  0.0000  0.0000
  1   |  0.0500  0.0500  0.0500  0.0600  0.0600  0.0600  0.0600  0.0600  0.0600  0.0700  0.0700  0.0700  0.0700  0.0700  0.0700
  2   |  0.5300  0.5400  0.5400  0.5500  0.5500  0.5500  0.5600  0.5600  0.5700  0.5700  0.5700  0.5800  0.5800  0.5800  0.5800
  3   |  0.9000  0.9000  0.9000  0.8900  0.8900  0.8900  0.8900  0.8900  0.8900  0.8800  0.8800  0.8800  0.8800  0.8800  0.8800
  4   |  0.9800  0.9800  0.9800  0.9800  0.9800  0.9800  0.9800  0.9800  0.9800  0.9800  0.9800  0.9800  0.9700  0.9700  0.9700
  5   |  0.9800  0.9800  0.9800  0.9800  0.9800  0.9800  0.9800  0.9800  0.9800  0.9800  0.9800  0.9800  0.9700  0.9700  0.9700
  6   |  0.9900  0.9900  0.9900  0.9900  0.9900  0.9900  0.9900  0.9900  0.9900  0.9900  0.9900  0.9900  0.9900  0.9900  0.9900
  7   |  1.0000  1.0000  1.0000  1.0000  1.0000  1.0000  1.0000  1.0000  1.0000  1.0000  1.0000  1.0000  1.0000  1.0000  1.0000
  8   |  1.0000  1.0000  1.0000  1.0000  1.0000  1.0000  1.0000  1.0000  1.0000  1.0000  1.0000  1.0000  1.0000  1.0000  1.0000
  9   |  1.0000  1.0000  1.0000  1.0000  1.0000  1.0000  1.0000  1.0000  1.0000  1.0000  1.0000  1.0000  1.0000  1.0000  1.0000
------+------------------------------------------------------------------------------------------------------------------------
                                               
 
 
        Proportion of fish spawning
        ---------------------------
------+------------------------------------------------------------------------------------------------------------------------
AGE   |    1987    1988    1989    1990    1991    1992    1993    1994    1995    1996    1997    1998    1999    2000    2001
------+------------------------------------------------------------------------------------------------------------------------
  0   |  0.0000  0.0000  0.0000  0.0000  0.0000  0.0000  0.0000  0.0000  0.0000  0.0000  0.0000  0.0000  0.0000  0.0000  0.0000
  1   |  0.0700  0.0700  0.0700  0.0700  0.0700  0.0700  0.0700  0.0700  0.0700  0.0700  0.0700  0.0700  0.0700  0.0700  0.0700
  2   |  0.5800  0.5800  0.5800  0.5800  0.5800  0.5800  0.5800  0.5800  0.5800  0.5800  0.5800  0.5800  0.5800  0.5800  0.5900
  3   |  0.8800  0.8800  0.8800  0.8800  0.8800  0.8800  0.8800  0.8800  0.8800  0.8800  0.8800  0.8600  0.8600  0.8600  0.8800
  4   |  0.9700  0.9700  0.9700  0.9700  0.9700  0.9700  0.9700  0.9700  0.9700  0.9700  0.9700  0.9800  0.9800  0.9800  0.9700
  5   |  0.9700  0.9700  0.9700  0.9700  0.9700  0.9700  0.9700  0.9700  0.9700  0.9700  0.9700  0.9800  0.9800  0.9800  0.9700
  6   |  0.9900  0.9900  0.9900  0.9900  0.9900  0.9900  0.9900  0.9900  0.9900  0.9900  0.9900  0.9900  0.9900  0.9900  0.9900
  7   |  1.0000  1.0000  1.0000  1.0000  1.0000  1.0000  1.0000  1.0000  1.0000  1.0000  1.0000  1.0000  1.0000  1.0000  1.0000
  8   |  1.0000  1.0000  1.0000  1.0000  1.0000  1.0000  1.0000  1.0000  1.0000  1.0000  1.0000  1.0000  1.0000  1.0000  1.0000
  9   |  1.0000  1.0000  1.0000  1.0000  1.0000  1.0000  1.0000  1.0000  1.0000  1.0000  1.0000  1.0000  1.0000  1.0000  1.0000
------+------------------------------------------------------------------------------------------------------------------------
                                               
 
 
        Proportion of fish spawning
        ---------------------------
------+--------
AGE   |    2002
------+--------
  0   |  0.0000
  1   |  0.0700
  2   |  0.5900
  3   |  0.8800
  4   |  0.9700
  5   |  0.9700
  6   |  0.9900
  7   |  1.0000
  8   |  1.0000
  9   |  1.0000
------+--------
                                               
 
 
 
 INDICES OF SPAWNING BIOMASS                                                    
  
 ----------------------------
 
          INDEX
        -------
------+------------------------------------------------------------------------------------------------------------------------
      |    1972    1973    1974    1975    1976    1977    1978    1979    1980    1981    1982    1983    1984    1985    1986
------+------------------------------------------------------------------------------------------------------------------------
  1   | ******* ******* ******* ******* ******* ******* ******* ******* ******* ******* ******* ******* ******* ******* *******
------+------------------------------------------------------------------------------------------------------------------------
       x 10 ^ 3                                
 
 
          INDEX
        -------
------+------------------------------------------------------------------------------------------------------------------------
      |    1987    1988    1989    1990    1991    1992    1993    1994    1995    1996    1997    1998    1999    2000    2001
------+------------------------------------------------------------------------------------------------------------------------
  1   | *******  272.95  283.08  260.93  272.86  293.94  302.52  297.83  326.28  309.95  279.50  254.21  247.71  245.13  268.95
------+------------------------------------------------------------------------------------------------------------------------
       x 10 ^ 3                                
 
 
          INDEX
        -------
------+--------
      |    2002
------+--------
  1   |  263.67
------+--------
       x 10 ^ 3                                
 
 
 
 AGE-STRUCTURED INDICES                                                         
  
 -----------------------
 
        FLT01: Dummy survey
        -------------------
------+--------------------------------
AGE   |    1981    1982    1983    1984
------+--------------------------------
  1   |  266.10  203.00   43.60   15.24
  2   |  506.40  435.90  712.70   79.51
  3   |  225.10  483.60  444.60  661.83
  4   |   31.70  184.10  391.60  374.60
  5   |  174.80   24.70  130.40  238.20
  6   |  158.50  136.60   20.20   92.00
  7   |   99.50  108.60   91.30   15.54
  8   |  116.60   84.50   70.90   51.47
  9   |   35.30   87.00   47.10   39.27
------+--------------------------------
       x 10 ^ 3                                
 
 
 
        Fishing Mortality (per year)
        ----------------------------
------+------------------------------------------------------------------------------------------------------------------------
AGE   |    1972    1973    1974    1975    1976    1977    1978    1979    1980    1981    1982    1983    1984    1985    1986
------+------------------------------------------------------------------------------------------------------------------------
  0   | 0.00646 0.00985 0.00702 0.00646 0.00959 0.00662 0.00749 0.00871 0.01000 0.00862 0.00963 0.00982 0.00873 0.00547 0.00577
  1   | 0.02446 0.03728 0.02656 0.02446 0.03629 0.02504 0.02834 0.03298 0.03786 0.03263 0.03644 0.03718 0.03304 0.02069 0.02184
  2   | 0.05413 0.08251 0.05878 0.05413 0.08033 0.05543 0.06272 0.07299 0.08380 0.07222 0.08065 0.08229 0.07313 0.04581 0.04832
  3   | 0.10680 0.16279 0.11596 0.10680 0.15848 0.10937 0.12374 0.14400 0.16533 0.14249 0.15911 0.16234 0.14428 0.09037 0.09534
  4   | 0.16327 0.24887 0.17728 0.16327 0.24229 0.16720 0.18918 0.22014 0.25276 0.21783 0.24325 0.24819 0.22057 0.13816 0.14576
  5   | 0.18570 0.28306 0.20164 0.18570 0.27558 0.19017 0.21517 0.25039 0.28749 0.24776 0.27667 0.28229 0.25088 0.15714 0.16579
  6   | 0.21002 0.32012 0.22804 0.21001 0.31166 0.21507 0.24334 0.28317 0.32513 0.28020 0.31289 0.31924 0.28372 0.17771 0.18749
  7   | 0.24061 0.36674 0.26126 0.24060 0.35705 0.24639 0.27878 0.32441 0.37248 0.32101 0.35847 0.36575 0.32505 0.20360 0.21480
  8   | 0.22286 0.33969 0.24198 0.22285 0.33071 0.22821 0.25822 0.30048 0.34501 0.29733 0.33202 0.33877 0.30107 0.18857 0.19895
  9   | 0.22286 0.33969 0.24198 0.22285 0.33071 0.22821 0.25822 0.30048 0.34501 0.29733 0.33202 0.33877 0.30107 0.18857 0.19895
------+------------------------------------------------------------------------------------------------------------------------
                                               
 
 
        Fishing Mortality (per year)
        ----------------------------
------+------------------------------------------------------------------------------------------------------------------------
AGE   |    1987    1988    1989    1990    1991    1992    1993    1994    1995    1996    1997    1998    1999    2000    2001
------+------------------------------------------------------------------------------------------------------------------------
  0   | 0.00861 0.00695 0.00551 0.00996 0.00678 0.00854 0.00784 0.00831 0.00700 0.00594 0.00558 0.00700 0.00838 0.00909 0.00784
  1   | 0.03257 0.02632 0.02084 0.03768 0.02566 0.03234 0.02967 0.03144 0.02648 0.02247 0.02111 0.02648 0.03170 0.03441 0.02968
  2   | 0.07210 0.05826 0.04613 0.08340 0.05679 0.07158 0.06566 0.06959 0.05862 0.04974 0.04671 0.05861 0.07016 0.07615 0.06570
  3   | 0.14220 0.11493 0.09102 0.16454 0.11205 0.14121 0.12954 0.13728 0.11564 0.09813 0.09216 0.11563 0.13842 0.15023 0.12961
  4   | 0.21744 0.17564 0.13914 0.25157 0.17131 0.21586 0.19802 0.20985 0.17677 0.15000 0.14087 0.17676 0.21159 0.22965 0.19812
  5   | 0.24731 0.19982 0.15820 0.28612 0.19488 0.24555 0.22526 0.23872 0.20108 0.17064 0.16025 0.20107 0.24069 0.26124 0.22538
  6   | 0.27969 0.22598 0.17896 0.32342 0.22037 0.27766 0.25471 0.26993 0.22737 0.19295 0.18120 0.22736 0.27216 0.29540 0.25484
  7   | 0.32043 0.25890 0.20503 0.37067 0.25231 0.31812 0.29182 0.30926 0.26050 0.22106 0.20761 0.26049 0.31182 0.33844 0.29198
  8   | 0.29679 0.23980 0.18990 0.34332 0.23381 0.29466 0.27031 0.28646 0.24130 0.20476 0.19230 0.24129 0.28883 0.31349 0.27045
  9   | 0.29679 0.23980 0.18990 0.34332 0.23381 0.29466 0.27031 0.28646 0.24130 0.20476 0.19230 0.24129 0.28883 0.31349 0.27045
------+------------------------------------------------------------------------------------------------------------------------
                                               
 
 
        Fishing Mortality (per year)
        ----------------------------
------+--------
AGE   |    2002
------+--------
  0   | 0.00943
  1   | 0.03570
  2   | 0.07902
  3   | 0.15589
  4   | 0.23829
  5   | 0.27107
  6   | 0.30651
  7   | 0.35117
  8   | 0.32529
  9   | 0.32529
------+--------
                                               
 
 
 
        Population Abundance (1 January)
        --------------------------------
------+------------------------------------------------------------------------------------------------------------------------
AGE   |    1972    1973    1974    1975    1976    1977    1978    1979    1980    1981    1982    1983    1984    1985    1986
------+------------------------------------------------------------------------------------------------------------------------
  0   |  498.73  518.37  518.37  413.21  542.44  528.89  558.81  456.08  498.73  333.67  577.11  518.37  542.54  169.03  558.74
  1   |  191.64  426.49  441.79  443.04  353.36  462.43  452.22  477.39  389.14  424.98  284.73  491.96  441.80  462.91  144.69
  2   |  377.65  160.96  353.65  370.29  372.12  293.30  388.17  378.35  397.56  322.50  354.04  236.30  407.98  367.90  390.27
  3   |  242.58  307.92  127.57  287.02  301.91  295.56  238.83  313.79  302.73  314.68  258.23  281.12  187.32  326.39  302.48
  4   |  153.85  187.64  225.21   97.78  222.01  221.77  228.04  181.64  233.86  220.86  234.88  189.57  205.70  139.56  256.65
  5   |  154.97  112.47  125.92  162.35   71.48  149.97  161.49  162.44  125.45  156.33  152.88  158.51  127.30  142.00  104.62
  6   |  114.33  110.78   72.94   88.59  116.05   46.70  106.73  112.09  108.85   80.99  105.02   99.78  102.88   85.26  104.45
  7   |   86.26   79.76   69.23   49.98   61.81   73.14   32.42   72.02   72.68   67.68   52.68   66.11   62.41   66.67   61.43
  8   |   31.16   58.37   47.58   45.89   33.82   37.22   49.21   21.12   44.81   43.11   42.26   31.68   39.47   38.81   46.82
  9   |   82.64   68.89   69.33   72.35   76.52   64.44   62.60   68.10   51.18   54.82   58.40   57.14   52.50   54.37   61.68
------+------------------------------------------------------------------------------------------------------------------------
       x 10 ^ 6                                
 
 
        Population Abundance (1 January)
        --------------------------------
------+------------------------------------------------------------------------------------------------------------------------
AGE   |    1987    1988    1989    1990    1991    1992    1993    1994    1995    1996    1997    1998    1999    2000    2001
------+------------------------------------------------------------------------------------------------------------------------
  0   |  456.06  413.20  456.07  558.81  518.42  528.98  558.86  217.61  217.63  350.98  420.85  591.54  420.76  498.81  482.86
  1   |  478.15  389.17  353.18  390.39  476.21  443.19  451.43  477.26  185.75  186.01  300.31  360.22  505.59  359.13  425.45
  2   |  121.85  398.36  326.26  297.72  323.59  399.49  369.32  377.19  398.07  155.70  156.54  253.08  301.94  421.59  298.65
  3   |  320.06   97.58  323.47  268.16  235.74  263.14  320.09  297.67  302.83  323.12  127.51  128.59  205.43  242.27  336.26
  4   |  236.67  238.97   74.87  254.19  195.79  181.40  196.66  242.03  223.35  232.18  252.11  100.08   98.59  153.96  179.44
  5   |  190.94  163.90  172.55   56.07  170.12  141.99  125.82  138.86  168.89  161.09  172.00  188.48   72.19   68.68  105.32
  6   |   76.29  128.34  115.52  126.78   36.25  120.50   95.60   86.45   94.13  118.88  116.90  126.12  132.68   48.84   45.52
  7   |   74.53   49.64   88.12   83.13   78.97   25.03   78.57   63.78   56.81   64.54   84.37   83.94   86.48   86.99   31.29
  8   |   42.66   46.56   32.98   61.78   49.39   52.81   15.67   50.51   40.29   37.68   44.54   59.00   55.68   54.49   53.37
  9   |   71.41   68.98   72.77   69.26   73.80   78.45   78.14   57.51   62.83   63.55   64.19   74.98   83.17   83.61   81.75
------+------------------------------------------------------------------------------------------------------------------------
       x 10 ^ 6                                
 
 
        Population Abundance (1 January)
        --------------------------------
------+----------------
AGE   |    2002    2003
------+----------------
  0   |  217.59  297.41
  1   |  412.36  185.53
  2   |  355.48  342.47
  3   |  240.71  282.72
  4   |  254.24  177.27
  5   |  126.69  172.43
  6   |   72.36   83.15
  7   |   30.37   45.84
  8   |   20.11   18.40
  9   |   82.98   64.09
------+----------------
       x 10 ^ 6                                
 
 
 
        Weighting factors for the catches in number
        -------------------------------------------
------+----------------------------------------------------------------------------------------
AGE   |    1992    1993    1994    1995    1996    1997    1998    1999    2000    2001    2002
------+----------------------------------------------------------------------------------------
  0   |  0.0200  0.0200  0.0200  0.0200  0.0200  0.0200  0.0200  0.0200  0.0200  0.0200  0.0200
  1   |  1.0000  1.0000  1.0000  1.0000  1.0000  1.0000  1.0000  1.0000  1.0000  1.0000  1.0000
  2   |  1.0000  1.0000  1.0000  1.0000  1.0000  1.0000  1.0000  1.0000  1.0000  1.0000  1.0000
  3   |  1.0000  1.0000  1.0000  1.0000  1.0000  1.0000  1.0000  1.0000  1.0000  1.0000  1.0000
  4   |  1.0000  1.0000  1.0000  1.0000  1.0000  1.0000  1.0000  1.0000  1.0000  1.0000  1.0000
  5   |  1.0000  1.0000  1.0000  1.0000  1.0000  1.0000  1.0000  1.0000  1.0000  1.0000  1.0000
  6   |  1.0000  1.0000  1.0000  1.0000  1.0000  1.0000  1.0000  1.0000  1.0000  1.0000  1.0000
  7   |  1.0000  1.0000  1.0000  1.0000  1.0000  1.0000  1.0000  1.0000  1.0000  1.0000  1.0000
  8   |  1.0000  1.0000  1.0000  1.0000  1.0000  1.0000  1.0000  1.0000  1.0000  1.0000  1.0000
------+----------------------------------------------------------------------------------------
                                               
 
 
 
 Predicted SSB Index Values                                                     
  
 ---------------------------
 
          INDEX
        -------
------+------------------------------------------------------------------------------------------------------------------------
      |    1972    1973    1974    1975    1976    1977    1978    1979    1980    1981    1982    1983    1984    1985    1986
------+------------------------------------------------------------------------------------------------------------------------
  1   | ******* ******* ******* ******* ******* ******* ******* ******* ******* ******* ******* ******* ******* ******* *******
------+------------------------------------------------------------------------------------------------------------------------
       x 10 ^ 3                                
 
 
          INDEX
        -------
------+------------------------------------------------------------------------------------------------------------------------
      |    1987    1988    1989    1990    1991    1992    1993    1994    1995    1996    1997    1998    1999    2000    2001
------+------------------------------------------------------------------------------------------------------------------------
  1   | *******  272.95  283.07  260.92  272.85  293.92  302.50  297.82  326.28  309.96  279.52  254.26  247.77  245.19  269.03
------+------------------------------------------------------------------------------------------------------------------------
       x 10 ^ 3                                
 
 
          INDEX
        -------
------+--------
      |    2002
------+--------
  1   |  263.72
------+--------
       x 10 ^ 3                                
 
 
 
 Predicted Age-Structured Index Values                                          
  
 --------------------------------------
 
        FLT01: Dummy survey Predicted
        -----------------------------
------+--------------------------------
AGE   |    1981    1982    1983    1984
------+--------------------------------
  1   |   81.78   54.68   94.43   85.00
  2   |  333.86  364.83  243.28  422.15
  3   |  523.27  425.50  462.38  311.18
  4   |  179.58  188.33  151.59  167.01
  5   |  114.57  110.28  113.99   93.14
  6   |   67.43   85.88   81.31   85.48
  7   |   69.21   52.77   65.96   63.68
  8   |   86.88   83.57   62.42   79.39
  9   |   48.26   50.43   49.17   46.12
------+--------------------------------
       x 10 ^ 3                                
 
 
 
        Fitted Selection Pattern
        ------------------------
------+------------------------------------------------------------------------------------------------------------------------
AGE   |    1972    1973    1974    1975    1976    1977    1978    1979    1980    1981    1982    1983    1984    1985    1986
------+------------------------------------------------------------------------------------------------------------------------
  0   |  0.0348  0.0348  0.0348  0.0348  0.0348  0.0348  0.0348  0.0348  0.0348  0.0348  0.0348  0.0348  0.0348  0.0348  0.0348
  1   |  0.1317  0.1317  0.1317  0.1317  0.1317  0.1317  0.1317  0.1317  0.1317  0.1317  0.1317  0.1317  0.1317  0.1317  0.1317
  2   |  0.2915  0.2915  0.2915  0.2915  0.2915  0.2915  0.2915  0.2915  0.2915  0.2915  0.2915  0.2915  0.2915  0.2915  0.2914
  3   |  0.5751  0.5751  0.5751  0.5751  0.5751  0.5751  0.5751  0.5751  0.5751  0.5751  0.5751  0.5751  0.5751  0.5751  0.5751
  4   |  0.8792  0.8792  0.8792  0.8792  0.8792  0.8792  0.8792  0.8792  0.8792  0.8792  0.8792  0.8792  0.8792  0.8792  0.8792
  5   |  1.0000  1.0000  1.0000  1.0000  1.0000  1.0000  1.0000  1.0000  1.0000  1.0000  1.0000  1.0000  1.0000  1.0000  1.0000
  6   |  1.1309  1.1309  1.1309  1.1309  1.1309  1.1309  1.1309  1.1309  1.1309  1.1309  1.1309  1.1309  1.1309  1.1309  1.1309
  7   |  1.2956  1.2956  1.2956  1.2956  1.2956  1.2956  1.2956  1.2956  1.2956  1.2956  1.2956  1.2956  1.2956  1.2956  1.2956
  8   |  1.2001  1.2001  1.2001  1.2001  1.2001  1.2001  1.2001  1.2001  1.2001  1.2001  1.2001  1.2001  1.2001  1.2000  1.2000
  9   |  1.2001  1.2001  1.2001  1.2001  1.2001  1.2001  1.2001  1.2001  1.2001  1.2001  1.2001  1.2001  1.2001  1.2000  1.2000
------+------------------------------------------------------------------------------------------------------------------------
                                               
 
 
        Fitted Selection Pattern
        ------------------------
------+------------------------------------------------------------------------------------------------------------------------
AGE   |    1987    1988    1989    1990    1991    1992    1993    1994    1995    1996    1997    1998    1999    2000    2001
------+------------------------------------------------------------------------------------------------------------------------
  0   |  0.0348  0.0348  0.0348  0.0348  0.0348  0.0348  0.0348  0.0348  0.0348  0.0348  0.0348  0.0348  0.0348  0.0348  0.0348
  1   |  0.1317  0.1317  0.1317  0.1317  0.1317  0.1317  0.1317  0.1317  0.1317  0.1317  0.1317  0.1317  0.1317  0.1317  0.1317
  2   |  0.2915  0.2915  0.2916  0.2915  0.2914  0.2915  0.2915  0.2915  0.2915  0.2915  0.2915  0.2915  0.2915  0.2915  0.2915
  3   |  0.5750  0.5751  0.5753  0.5751  0.5750  0.5751  0.5751  0.5751  0.5751  0.5751  0.5751  0.5751  0.5751  0.5751  0.5751
  4   |  0.8792  0.8790  0.8795  0.8793  0.8791  0.8791  0.8791  0.8791  0.8791  0.8791  0.8791  0.8791  0.8791  0.8791  0.8791
  5   |  1.0000  1.0000  1.0000  1.0000  1.0000  1.0000  1.0000  1.0000  1.0000  1.0000  1.0000  1.0000  1.0000  1.0000  1.0000
  6   |  1.1309  1.1309  1.1312  1.1304  1.1308  1.1307  1.1307  1.1307  1.1307  1.1307  1.1307  1.1307  1.1307  1.1307  1.1307
  7   |  1.2956  1.2956  1.2960  1.2955  1.2947  1.2955  1.2955  1.2955  1.2955  1.2955  1.2955  1.2955  1.2955  1.2955  1.2955
  8   |  1.2001  1.2001  1.2004  1.1999  1.1998  1.2000  1.2000  1.2000  1.2000  1.2000  1.2000  1.2000  1.2000  1.2000  1.2000
  9   |  1.2001  1.2001  1.2004  1.1999  1.1998  1.2000  1.2000  1.2000  1.2000  1.2000  1.2000  1.2000  1.2000  1.2000  1.2000
------+------------------------------------------------------------------------------------------------------------------------
                                               
 
 
        Fitted Selection Pattern
        ------------------------
------+--------
AGE   |    2002
------+--------
  0   |  0.0348
  1   |  0.1317
  2   |  0.2915
  3   |  0.5751
  4   |  0.8791
  5   |  1.0000
  6   |  1.1307
  7   |  1.2955
  8   |  1.2000
  9   |  1.2000
------+--------
                                               
 
 
 
 
 
                    STOCK SUMMARY                                             
 
 
 ³ Year ³  Recruits  ³  Total  ³ Spawning³ Landings ³ Yield ³ Mean F ³ SoP ³    
 ³      ³   Age   0  ³ Biomass ³ Biomass ³          ³ /SSB  ³  Ages  ³     ³ 
 ³      ³  thousands ³  tonnes ³ tonnes  ³ tonnes   ³ ratio ³  4- 7  ³ (%) ³ 
 
   1972       498720    414137    304253     64867   0.2132   0.1999   100
   1973       518360    410801    279626     87255   0.3120   0.3047    99
   1974       518360    381952    253113     56733   0.2241   0.2171    99
   1975       413200    387170    257806     49369   0.1915   0.1999   100
   1976       542430    396806    266361     74110   0.2782   0.2966    99
   1977       528890    390245    263158     52248   0.1985   0.2047   100
   1978       558810    410588    279468     58406   0.2090   0.2316   100
   1979       456070    421040    283315     67375   0.2378   0.2695    99
   1980       498720    414325    281631     87048   0.3091   0.3095    99
   1981       333670    402275    282876     73745   0.2607   0.2667    99
   1982       577100    363383    260668     80851   0.3102   0.2978    99
   1983       518360    367196    252068     75827   0.3008   0.3039   100
   1984       542530    375897    259112     66073   0.2550   0.2701    99
   1985       169030    394661    283901     50112   0.1765   0.1692   100
   1986       558740    390597    300120     56979   0.1899   0.1785    99
   1987       456060    384639    282429     86680   0.3069   0.2662    99
   1988       413200    371540    272950     68441   0.2507   0.2151    99
   1989       456070    379843    283068     52822   0.1866   0.1703    99
   1990       558800    362506    260920     94666   0.3628   0.3079   100
   1991       518410    375721    272847     62722   0.2299   0.2097    99
   1992       528980    419136    293921     81145   0.2761   0.2643    99
   1993       558860    424370    302498     73072   0.2416   0.2425   100
   1994       217600    419668    297815     82842   0.2782   0.2569    99
   1995       217630    427738    326276     69827   0.2140   0.2164    99
   1996       350980    386925    309959     58091   0.1874   0.1837   100
   1997       420850    357624    279523     51550   0.1844   0.1725    99
   1998       591530    340486    254260     60890   0.2395   0.2164    99
   1999       420750    359115    247773     69727   0.2814   0.2591    99
   2000       498810    352359    245192     72012   0.2937   0.2812   100
   2001       482860    372940    269031     63154   0.2347   0.2426    99
   2002       217590    374649    263718     77464   0.2937   0.2918    99
 
 -----------------------------------------------------------------            
 No of years for separable analysis : 11                                      
 Age range in the analysis : 0  . . . 9                                       
 Year range in the analysis : 1972  . . . 2002                                
 Number of indices of SSB : 1                                                 
 Number of age-structured indices : 1                                         
                                                                              
 Parameters to estimate : 46                                                  
 Number of observations : 150                                                 
                                                                              
 Conventional single selection vector model to be fitted.                     
                                                                              
                                                                              
                                                                              
 -----------------------------------------------------------------            
 
 
 PARAMETER ESTIMATES                                                            
  
 
 ³Parm.³      ³ Maximum ³    ³        ³         ³         ³         ³ Mean of ³ 
  
 ³ No. ³      ³ Likelh. ³ CV ³  Lower ³ Upper   ³  -s.e.  ³   +s.e. ³ Param.  ³ 
  
 ³     ³      ³ Estimate³ (%)³ 95% CL ³ 95% CL  ³         ³         ³ Distrib.³ 
  
 Separable model : F by year                                                    
  
    1   1992     0.1977   0    0.1977    0.1977    0.1977    0.1977    0.1977
    2   1993     0.1818   0    0.1818    0.1818    0.1818    0.1818    0.1818
    3   1994     0.1934   0    0.1934    0.1934    0.1934    0.1934    0.1934
    4   1995     0.1649   0    0.1649    0.1649    0.1649    0.1649    0.1649
    5   1996     0.1438   0    0.1438    0.1438    0.1438    0.1438    0.1438
    6   1997     0.1415   0    0.1415    0.1415    0.1415    0.1415    0.1415
    7   1998     0.1893   1    0.1856    0.1930    0.1874    0.1912    0.1893
    8   1999     0.2461 100    0.0347    1.7472    0.0905    0.6690    0.4058
    9   2000     0.2967   0    0.2966    0.2968    0.2967    0.2967    0.2967
   10   2001     0.2907   0    0.2907    0.2907    0.2907    0.2907    0.2907
   11   2002     0.4085   0    0.4085    0.4085    0.4085    0.4085    0.4085
 
 Separable Model: Selection (S) by age                                          
  
   12      0     0.0513   0    0.0513    0.0513    0.0513    0.0513    0.0513
   13      1     0.1718   0    0.1718    0.1718    0.1718    0.1718    0.1718
   14      2     0.3445   0    0.3445    0.3445    0.3445    0.3445    0.3445
   15      3     0.6309   0    0.6309    0.6309    0.6309    0.6309    0.6309
   16      4     0.9141   0    0.9141    0.9141    0.9141    0.9141    0.9141
           5     1.0000     Fixed : Reference Age             
   17      6     1.1025   0    1.1025    1.1025    1.1025    1.1025    1.1025
   18      7     1.1852   0    1.1852    1.1852    1.1852    1.1852    1.1852
           8     1.2000     Fixed : Last true age             
 
 Separable model: Populations in year 2002                                    
   19      0      98540   0      98540     98540     98540     98540     98540
   20      1     214801   0     214801    214801    214801    214801    214801
   21      2     207425   0     207425    207425    207425    207425    207425
   22      3     153794   0     153794    153794    153794    153794    153794
   23      4     173387   0     173387    173387    173387    173387    173387
   24      5      90758   0      90758     90758     90758     90758     90758
   25      6      54753   0      54753     54753     54753     54753     54753
   26      7      24408   0      24408     24408     24408     24408     24408
   27      8      17449   0      17449     17449     17449     17449     17449
 
Separable model: Populations at age
   28   1992      75182   0      75182     75182     75182     75182     75182
   29   1993      22311   0      22311     22311     22311     22311     22311
   30   1994      71544   0      71544     71544     71544     71544     71544
   31   1995      57360   0      57360     57360     57360     57360     57360
   32   1996      52924   0      52924     52924     52924     52924     52924
   33   1997      60510   0      60510     60510     60510     60510     60510
   34   1998      76113   0      76113     76113     76113     76113     76113
   35   1999      67307   0      67307     67307     67307     67307     67307
   36   2000      60153   0      60153     60153     60153     60153     60153
   37   2001      53258   0      53258     53258     53258     53258     53258
 
 SSB Index catchabilities                                                       
  
   INDEX                                 
 Absolute estimator. No fitted catchability.                                    
  
 
 
 
 Age-structured index catchabilities                                            
  
                                        FLT01: Dummy survey                     
 
 Linear model fitted. Slopes at age :                                           
  
   38   1  Q  .1982       0 .1982     .1982     .1982     .1982     .1982    
   39   2  Q  1.091       0 1.091     1.091     1.091     1.091     1.091    
   40   3  Q  1.820       0 1.820     1.820     1.820     1.820     1.820    
   41   4  Q  .9235       0 .9235     .9235     .9235     .9235     .9235    
   42   5  Q  .8390       0 .8390     .8390     .8390     .8390     .8390    
   43   6  Q  .9581       0 .9581     .9581     .9581     .9581     .9581    
   44   7  Q  1.179       0 1.179     1.179     1.179     1.179     1.179    
   45   8  Q  2.230       0 2.230     2.230     2.230     2.230     2.230    
   46   9  Q  .9812       0 .9812     .9812     .9812     .9812     .9812    
 
 
 
 RESIDUALS ABOUT THE MODEL FIT                                                  
  
 ------------------------------
 
        Separable Model Residuals
        -------------------------
------+----------------------------------------------------------------------------------------
Age   |    1992    1993    1994    1995    1996    1997    1998    1999    2000    2001    2002
------+----------------------------------------------------------------------------------------
  0   | ******* ******* ******* ******* ******* ******* ******* ******* ******* ******* *******
  1   | ******* ******* ******* ******* ******* ******* ******* ******* ******* ******* *******
  2   | ******* ******* ******* ******* ******* ******* ******* ******* ******* ******* *******
  3   | ******* ******* ******* ******* ******* ******* ******* ******* ******* ******* *******
  4   | ******* ******* ******* ******* ******* ******* ******* ******* ******* ******* *******
  5   | ******* ******* ******* ******* ******* ******* ******* ******* ******* ******* *******
  6   | ******* ******* ******* ******* ******* ******* ******* ******* ******* ******* *******
  7   | ******* ******* ******* ******* ******* ******* ******* ******* ******* ******* *******
  8   | ******* ******* ******* ******* ******* ******* ******* ******* ******* ******* *******
------+----------------------------------------------------------------------------------------
                                               
 
 
 
 SPAWNING BIOMASS INDEX RESIDUALS                                               
  
 ---------------------------------
 
          INDEX
        -------
------+------------------------------------------------------------------------------------------------------------------------
      |    1972    1973    1974    1975    1976    1977    1978    1979    1980    1981    1982    1983    1984    1985    1986
------+------------------------------------------------------------------------------------------------------------------------
  1   | ******* ******* ******* ******* ******* ******* ******* ******* ******* ******* ******* ******* ******* ******* *******
------+------------------------------------------------------------------------------------------------------------------------
                                               
 
 
          INDEX
        -------
------+------------------------------------------------------------------------------------------------------------------------
      |    1987    1988    1989    1990    1991    1992    1993    1994    1995    1996    1997    1998    1999    2000    2001
------+------------------------------------------------------------------------------------------------------------------------
  1   | ******* ******* ******* ******* ******* ******* ******* ******* ******* ******* ******* ******* ******* ******* *******
------+------------------------------------------------------------------------------------------------------------------------
                                               
 
 
          INDEX
        -------
------+--------
      |    2002
------+--------
  1   | *******
------+--------
                                               
 
 
 
 AGE-STRUCTURED INDEX RESIDUALS                                                 
  
 -------------------------------
 
        FLT01: Dummy survey
        -------------------
------+--------------------------------
Age   |    1981    1982    1983    1984
------+--------------------------------
  1   |   1.180   1.312  -0.773  -1.719
  2   |   0.417   0.178   1.075  -1.669
  3   |  -0.844   0.128  -0.039   0.755
  4   |  -1.734  -0.023   0.949   0.808
  5   |   0.422  -1.496   0.135   0.939
  6   |   0.855   0.464  -1.393   0.073
  7   |   0.363   0.722   0.325  -1.410
  8   |   0.294   0.011   0.127  -0.433
  9   |  -0.313   0.545  -0.043  -0.161
------+--------------------------------
                                               
 
 
 
 
 
 
 PARAMETERS OF THE DISTRIBUTION OF ln(CATCHES AT AGE)                           
  
 -----------------------------------------------------
 
 Separable model fitted from 1992  to 2002                                    
 Variance                             0.0000
Skewness test stat.                   0.6407
Kurtosis test statistic               4.5201
Partial chi-square                    0.0000
Significance in fit                   0.0000
Degrees of freedom                        62
 
 
 PARAMETERS OF DISTRIBUTIONS OF THE SSB INDICES                                 
  
 -----------------------------------------------
 
 
   DISTRIBUTION STATISTICS FOR   INDEX                                          
 
 
 Index used as absolute measure of abundance                                    
  
 Last age is a plus-group                                                       
  
 
 Variance                             0.0000
Skewness test stat.                  -2.5876
Kurtosis test statistic               0.0075
Partial chi-square                    0.0000
Significance in fit                   0.0000
Number of observations                    15
Degrees of freedom                        15
Weight in the analysis                5.0000
 
 PARAMETERS OF THE DISTRIBUTION OF THE AGE-STRUCTURED INDICES                   
  
 ------------------------------------------------------------ 
 
 
   DISTRIBUTION STATISTICS FOR FLT01: Dummy survey                              
 
 
 Linear catchability relationship assumed                                       
  
 
 Age                          1         2         3         4         5         6         7         8         9
 Variance                0.0025    0.0015    0.0005    0.0017    0.0012    0.0011    0.0010    0.0001    0.0002
Skewness test stat.     -0.1556   -0.6444   -0.1858   -0.6427   -0.6606   -0.6566   -0.8416   -0.5613    0.7566
Kurtosis test statisti  -0.7106   -0.3577   -0.4206   -0.4177   -0.3607   -0.3763   -0.3040   -0.3933   -0.3235
Partial chi-square       0.0007    0.0004    0.0001    0.0004    0.0003    0.0003    0.0003    0.0000    0.0000
Significance in fit      0.0000    0.0000    0.0000    0.0000    0.0000    0.0000    0.0000    0.0000    0.0000
Number of observations        4         4         4         4         4         4         4         4         4
Degrees of freedom            3         3         3         3         3         3         3         3         3
Weight in the analysis   0.0011    0.0011    0.0011    0.0011    0.0011    0.0011    0.0011    0.0011    0.0011
 
 ANALYSIS OF VARIANCE                   
--------------------------
 
 Unweighted Statistics                                                          
  
 
                                                                                
  
Variance                              
                                       SSQ     Data    Parameters d.f. Variance
Total for model                        26.3411     150         46  104   0.2533
Catches at age                          0.0000      99         37   62   0.0000
  
SSB Indices                           
  INDEX                                 0.0000      15          0   15   0.0000
  
 Aged Indices                                                                   
  
FLT01: Dummy survey                    26.3411      36          9   27   0.9756
 
 
 Weighted Statistics                                                            
  
 
                                                                                
  
Variance                              
                                       SSQ     Data    Parameters d.f. Variance
Total for model                         0.0000     150         46  104   0.0000
Catches at age                          0.0000      99         37   62   0.0000
  
SSB Indices                           
  INDEX                                 0.0000      15          0   15   0.0000
  
 Aged Indices                                                                   
  
FLT01: Dummy survey                     0.0000      36          9   27   0.0000
 
