 Output Generated by ICA Version 1.4                                            
  
 ------------------------------------
 
        Mackerel NE Atlantic  WG2003
        ----------------------------
 
        Catch in Number
        ---------------
------+------------------------------------------------------------------------------------------------------------------------
AGE   |    1972    1973    1974    1975    1976    1977    1978    1979    1980    1981    1982    1983    1984    1985    1986
------+------------------------------------------------------------------------------------------------------------------------
  0   |   2856.   2915.   3612.   2864.   3010.   4284.   4588.   2337.   4885.   2301.   3291.   1787.   2793.   2904.    684.
  1   |  11965.   8276.   8353.   8258.  12706.  10157.  17971.   8208.  12941.  10374.  11225.   5720.   8690.   6977.   9983.
  2   |  25601.  19644.  13478.  10919.  20912.  24385.  24087.  18292.  25783.  15612.  28664.  11110.  15842.  12366.  13681.
  3   |  37630.  35466.  27140.  15105.  23642.  34091.  48609.  20849.  48599.  26381.  36388.  24157.  26203.  19202.  20707.
  4   |  31535.  37509.  35512.  22323.  24025.  28018.  48828.  30460.  40205.  35921.  44437.  22241.  41672.  23117.  23546.
  5   |  32167.  22103.  26553.  20808.  25468.  20214.  28326.  21496.  41887.  20881.  42961.  19105.  27460.  26038.  20236.
  6   |  21484.  21714.  15116.  15112.  23071.  20729.  19674.  12040.  28584.  20984.  24103.  17846.  22882.  16606.  22120.
  7   |  18829.  14157.  14549.   8483.  16522.  18423.  19676.   8190.  15690.  14009.  23689.   9815.  21029.  13587.  13891.
  8   |  16798.   9902.   7579.   6521.   7469.  10574.  14041.   6497.   8613.   6111.  12735.   7653.   9321.   9966.   9120.
  9   |  12798.  16102.  14271.  10171.  15169.  13960.  18842.  11158.  18708.  10894.  15310.   9059.  16121.  12489.  15589.
------+------------------------------------------------------------------------------------------------------------------------
       x 10 ^ 3                                
 
 
        Catch in Number
        ---------------
------+------------------------------------------------------------------------------------------------------------------------
AGE   |    1987    1988    1989    1990    1991    1992    1993    1994    1995    1996    1997    1998    1999    2000    2001
------+------------------------------------------------------------------------------------------------------------------------
  0   |   3580.   3713.    871.   2842.   4126.   3094.   5334.   5083.   4999.   3165.   2643.   5390.   3803.   6405.   6480.
  1   |   2758.  13212.  10306.   1774.  14066.   8748.  17043.  15791.  16331.  16578.   7897.   8509.  18523.  13539.  20652.
  2   |  22862.   5746.  20724.  11964.   4996.  17004.  27336.  28494.  28676.  30582.  23456.  14457.  16609.  37343.  24680.
  3   |  26539.  39962.   7573.  20534.  28633.   5154.  44935.  38366.  43499.  45069.  36579.  36483.  23918.  28238.  57252.
  4   |  29139.  33196.  37654.   5467.  35862.  21526.   9884.  45072.  41975.  48903.  38825.  41351.  43755.  29294.  31046.
  5   |  23533.  25609.  21875.  19230.   6825.  19082.  29433.   6937.  34616.  33095.  29589.  31138.  35145.  37818.  22621.
  6   |  19549.  19875.  16207.  10817.  23264.   3516.  25226.  19837.   5123.  26221.  19292.  22955.  25573.  29273.  28085.
  7   |  20940.  16070.  12240.   7874.  12860.  11777.   4556.  16540.  14270.   3776.  14929.  14682.  18470.  20802.  21184.
  8   |  10563.  13783.   7882.   4734.   7545.   5186.  12312.   2382.   9505.   8406.   1712.   9099.   9466.  12034.  12029.
  9   |  19030.  19517.  16772.   9442.  13494.   8484.  13916.  14025.   9428.  11330.   9120.   6262.  10589.  13265.  15130.
------+------------------------------------------------------------------------------------------------------------------------
       x 10 ^ 3                                
 
 
        Catch in Number
        ---------------
------+--------
AGE   |    2002
------+--------
  0   |   3726.
  1   |  18019.
  2   |  32552.
  3   |  32860.
  4   |  54902.
  5   |  20938.
  6   |  14699.
  7   |  17824.
  8   |  10724.
  9   |  14850.
------+--------
       x 10 ^ 3                                
 
 
 
        Predicted Catch in Number
        -------------------------
------+----------------------------------------------------------------------------------------
AGE   |    1992    1993    1994    1995    1996    1997    1998    1999    2000    2001    2002
------+----------------------------------------------------------------------------------------
  0   |   3094.   5334.   5083.   4999.   3165.   2643.   5390.   3803.   6405.   6480.   3726.
  1   |   8748.  17043.  15791.  16331.  16578.   7897.   8509.  18523.  13539.  20652.  18019.
  2   |  17004.  27336.  28494.  28676.  30582.  23456.  14457.  16609.  37343.  24680.  32552.
  3   |   5154.  44935.  38366.  43499.  45069.  36579.  36483.  23918.  28238.  57252.  32860.
  4   |  21526.   9884.  45072.  41975.  48903.  38825.  41351.  43755.  29294.  31046.  54902.
  5   |  19082.  29433.   6937.  34616.  33095.  29589.  31138.  35145.  37818.  22621.  20938.
  6   |   3516.  25226.  19837.   5123.  26221.  19292.  22955.  25573.  29273.  28085.  14699.
  7   |  11777.   4556.  16540.  14270.   3776.  14929.  14682.  18470.  20802.  21184.  17824.
  8   |   5186.  12312.   2382.   9505.   8406.   1712.   9099.   9466.  12034.  12029.  10724.
------+----------------------------------------------------------------------------------------
       x 10 ^ 3                                
 
 
 
        Weights at age in the catches (Kg)
        ----------------------------------
------+------------------------------------------------------------------------------------------------------------------------
AGE   |    1972    1973    1974    1975    1976    1977    1978    1979    1980    1981    1982    1983    1984    1985    1986
------+------------------------------------------------------------------------------------------------------------------------
  0   | 0.05200 0.05000 0.05100 0.05000 0.05900 0.05600 0.03600 0.01600 0.05700 0.06000 0.05300 0.05000 0.03100 0.05500 0.03900
  1   | 0.13500 0.14500 0.13600 0.14800 0.13700 0.13600 0.13500 0.13700 0.13100 0.13200 0.13100 0.16800 0.10200 0.14400 0.14600
  2   | 0.27700 0.19400 0.22900 0.17700 0.20700 0.16900 0.16100 0.16100 0.24900 0.24800 0.24900 0.21900 0.18400 0.26200 0.24500
  3   | 0.34100 0.28500 0.26100 0.25900 0.26300 0.27500 0.25000 0.24300 0.28500 0.28700 0.28500 0.27600 0.29500 0.35700 0.33500
  4   | 0.42300 0.36800 0.33400 0.32300 0.32000 0.33300 0.32500 0.31800 0.34500 0.34400 0.34500 0.31000 0.32600 0.41800 0.42300
  5   | 0.46800 0.44800 0.39200 0.34800 0.34600 0.35200 0.34500 0.34800 0.37800 0.37700 0.37800 0.38600 0.34400 0.41700 0.47100
  6   | 0.46800 0.46800 0.48100 0.43000 0.40600 0.40700 0.40300 0.40100 0.45400 0.45400 0.45400 0.42500 0.43100 0.43600 0.44400
  7   | 0.50800 0.50800 0.50800 0.48800 0.44300 0.44600 0.42100 0.41600 0.49800 0.49900 0.49600 0.43500 0.54200 0.52100 0.45700
  8   | 0.53900 0.53900 0.53900 0.53900 0.51800 0.54600 0.51800 0.50600 0.52000 0.51300 0.51300 0.49800 0.48000 0.55500 0.54300
  9   | 0.60304 0.59342 0.59738 0.60262 0.60513 0.59014 0.56571 0.53927 0.56497 0.56513 0.56223 0.57690 0.60305 0.62098 0.61296
------+------------------------------------------------------------------------------------------------------------------------
                                               
 
 
        Weights at age in the catches (Kg)
        ----------------------------------
------+------------------------------------------------------------------------------------------------------------------------
AGE   |    1987    1988    1989    1990    1991    1992    1993    1994    1995    1996    1997    1998    1999    2000    2001
------+------------------------------------------------------------------------------------------------------------------------
  0   | 0.07600 0.05500 0.04900 0.08500 0.06800 0.05100 0.06100 0.04600 0.07200 0.05800 0.07600 0.06500 0.06200 0.06300 0.06900
  1   | 0.17900 0.13300 0.13600 0.15600 0.15600 0.16700 0.13400 0.13600 0.14300 0.14300 0.14300 0.15700 0.17600 0.13500 0.17100
  2   | 0.22300 0.25900 0.23700 0.23300 0.25300 0.23900 0.24000 0.25500 0.23400 0.22600 0.23000 0.22700 0.23600 0.22900 0.22300
  3   | 0.31800 0.32300 0.32000 0.33600 0.32700 0.33300 0.31700 0.33900 0.33300 0.31300 0.29500 0.31000 0.30700 0.30800 0.30700
  4   | 0.39900 0.38800 0.37700 0.37900 0.39400 0.39700 0.37600 0.39000 0.39000 0.37700 0.35900 0.35400 0.36100 0.36700 0.37800
  5   | 0.47400 0.45600 0.43300 0.42300 0.42300 0.46000 0.43600 0.44800 0.45200 0.42500 0.41500 0.40800 0.40600 0.42900 0.42600
  6   | 0.51200 0.52400 0.45600 0.46700 0.46900 0.49500 0.48300 0.51200 0.50100 0.48400 0.45300 0.45200 0.45400 0.46700 0.47700
  7   | 0.49300 0.55500 0.54300 0.52800 0.50600 0.53200 0.52700 0.54300 0.53900 0.51800 0.48100 0.46200 0.50100 0.50400 0.49900
  8   | 0.49800 0.55500 0.59200 0.55200 0.55400 0.55500 0.54800 0.59000 0.57700 0.55100 0.52400 0.51800 0.53700 0.53700 0.54300
  9   | 0.62366 0.60466 0.61343 0.61730 0.63736 0.63505 0.60972 0.62147 0.61929 0.59591 0.57594 0.57760 0.59378 0.58564 0.59608
------+------------------------------------------------------------------------------------------------------------------------
                                               
 
 
        Weights at age in the catches (Kg)
        ----------------------------------
------+--------
AGE   |    2002
------+--------
  0   | 0.05200
  1   | 0.15900
  2   | 0.25500
  3   | 0.30700
  4   | 0.36900
  5   | 0.42600
  6   | 0.46400
  7   | 0.51400
  8   | 0.53900
  9   | 0.60603
------+--------
                                               
 
 
 
        Weights at age in the stock (Kg)
        --------------------------------
------+------------------------------------------------------------------------------------------------------------------------
AGE   |    1972    1973    1974    1975    1976    1977    1978    1979    1980    1981    1982    1983    1984    1985    1986
------+------------------------------------------------------------------------------------------------------------------------
  0   | 0.00800 0.00800 0.00800 0.00800 0.00800 0.00800 0.00800 0.00800 0.00800 0.00800 0.00800 0.00800 0.00000 0.00000 0.00000
  1   | 0.13200 0.13200 0.13000 0.12900 0.12800 0.12700 0.11100 0.11000 0.10900 0.08700 0.08600 0.08600 0.08100 0.08500 0.07700
  2   | 0.17800 0.17700 0.17300 0.17100 0.17000 0.16700 0.17500 0.17400 0.17300 0.18600 0.13500 0.17200 0.19400 0.16500 0.17900
  3   | 0.24300 0.24200 0.23800 0.23600 0.23600 0.23300 0.23800 0.23700 0.23600 0.25200 0.22100 0.23500 0.25300 0.29300 0.26700
  4   | 0.41100 0.30100 0.29600 0.29400 0.29300 0.28900 0.30000 0.29900 0.29700 0.31300 0.28000 0.28000 0.29500 0.30600 0.30400
  5   | 0.35500 0.43800 0.32200 0.31800 0.31800 0.31300 0.34600 0.34500 0.34300 0.32300 0.38500 0.33900 0.32400 0.34100 0.35600
  6   | 0.39800 0.39800 0.46900 0.36500 0.36500 0.36100 0.38200 0.38000 0.37900 0.37800 0.35300 0.37700 0.39300 0.38400 0.35100
  7   | 0.43300 0.43300 0.43300 0.49700 0.41900 0.41600 0.41000 0.40800 0.40700 0.41900 0.40800 0.40400 0.43600 0.43000 0.41600
  8   | 0.45900 0.45900 0.45900 0.45900 0.51200 0.44600 0.43200 0.43000 0.42900 0.43400 0.43700 0.43900 0.44100 0.45900 0.47300
  9   | 0.51759 0.50749 0.51167 0.51774 0.51915 0.53392 0.49704 0.48900 0.48355 0.47585 0.48445 0.51068 0.50099 0.53210 0.47401
------+------------------------------------------------------------------------------------------------------------------------
                                               
 
 
        Weights at age in the stock (Kg)
        --------------------------------
------+------------------------------------------------------------------------------------------------------------------------
AGE   |    1987    1988    1989    1990    1991    1992    1993    1994    1995    1996    1997    1998    1999    2000    2001
------+------------------------------------------------------------------------------------------------------------------------
  0   | 0.00000 0.00000 0.00000 0.00000 0.00000 0.00000 0.00000 0.00000 0.00000 0.00000 0.00000 0.00000 0.00000 0.00000 0.00000
  1   | 0.07800 0.07200 0.07600 0.07400 0.07500 0.07800 0.07800 0.07900 0.08100 0.07600 0.07600 0.07700 0.08100 0.07400 0.07800
  2   | 0.14800 0.15600 0.17700 0.13800 0.15500 0.21200 0.19700 0.17800 0.16400 0.13300 0.18600 0.14900 0.19400 0.18500 0.16400
  3   | 0.24000 0.23700 0.24400 0.22200 0.23000 0.25900 0.26800 0.23700 0.26700 0.25100 0.22800 0.22300 0.24200 0.23500 0.24100
  4   | 0.28600 0.30100 0.30600 0.28700 0.30700 0.31000 0.31500 0.30100 0.32600 0.31700 0.29600 0.28500 0.30100 0.28900 0.34200
  5   | 0.37400 0.32900 0.35200 0.33900 0.35700 0.36200 0.36000 0.36100 0.39800 0.36600 0.36100 0.34200 0.35300 0.35000 0.39000
  6   | 0.38600 0.42300 0.38000 0.37300 0.40900 0.40200 0.41600 0.41300 0.44800 0.44400 0.40200 0.40000 0.39600 0.39000 0.44600
  7   | 0.41100 0.44500 0.42900 0.41400 0.43200 0.42400 0.45400 0.46600 0.49100 0.46200 0.44500 0.42600 0.42300 0.42600 0.45900
  8   | 0.42900 0.43200 0.47400 0.40900 0.50200 0.46200 0.46500 0.47000 0.50800 0.50100 0.47800 0.46600 0.44000 0.44700 0.49900
  9   | 0.49431 0.52273 0.48772 0.49042 0.56060 0.52407 0.52102 0.52872 0.56088 0.58541 0.53598 0.53394 0.49307 0.49562 0.55773
------+------------------------------------------------------------------------------------------------------------------------
                                               
 
 
        Weights at age in the stock (Kg)
        --------------------------------
------+--------
AGE   |    2002
------+--------
  0   | 0.00000
  1   | 0.07800
  2   | 0.18100
  3   | 0.23900
  4   | 0.31100
  5   | 0.36400
  6   | 0.41100
  7   | 0.43600
  8   | 0.46200
  9   | 0.51851
------+--------
                                               
 
 
 
        Natural Mortality (per year)
        ----------------------------
------+------------------------------------------------------------------------------------------------------------------------
AGE   |    1972    1973    1974    1975    1976    1977    1978    1979    1980    1981    1982    1983    1984    1985    1986
------+------------------------------------------------------------------------------------------------------------------------
  0   | 0.15000 0.15000 0.15000 0.15000 0.15000 0.15000 0.15000 0.15000 0.15000 0.15000 0.15000 0.15000 0.15000 0.15000 0.15000
  1   | 0.15000 0.15000 0.15000 0.15000 0.15000 0.15000 0.15000 0.15000 0.15000 0.15000 0.15000 0.15000 0.15000 0.15000 0.15000
  2   | 0.15000 0.15000 0.15000 0.15000 0.15000 0.15000 0.15000 0.15000 0.15000 0.15000 0.15000 0.15000 0.15000 0.15000 0.15000
  3   | 0.15000 0.15000 0.15000 0.15000 0.15000 0.15000 0.15000 0.15000 0.15000 0.15000 0.15000 0.15000 0.15000 0.15000 0.15000
  4   | 0.15000 0.15000 0.15000 0.15000 0.15000 0.15000 0.15000 0.15000 0.15000 0.15000 0.15000 0.15000 0.15000 0.15000 0.15000
  5   | 0.15000 0.15000 0.15000 0.15000 0.15000 0.15000 0.15000 0.15000 0.15000 0.15000 0.15000 0.15000 0.15000 0.15000 0.15000
  6   | 0.15000 0.15000 0.15000 0.15000 0.15000 0.15000 0.15000 0.15000 0.15000 0.15000 0.15000 0.15000 0.15000 0.15000 0.15000
  7   | 0.15000 0.15000 0.15000 0.15000 0.15000 0.15000 0.15000 0.15000 0.15000 0.15000 0.15000 0.15000 0.15000 0.15000 0.15000
  8   | 0.15000 0.15000 0.15000 0.15000 0.15000 0.15000 0.15000 0.15000 0.15000 0.15000 0.15000 0.15000 0.15000 0.15000 0.15000
  9   | 0.15000 0.15000 0.15000 0.15000 0.15000 0.15000 0.15000 0.15000 0.15000 0.15000 0.15000 0.15000 0.15000 0.15000 0.15000
------+------------------------------------------------------------------------------------------------------------------------
                                               
 
 
        Natural Mortality (per year)
        ----------------------------
------+------------------------------------------------------------------------------------------------------------------------
AGE   |    1987    1988    1989    1990    1991    1992    1993    1994    1995    1996    1997    1998    1999    2000    2001
------+------------------------------------------------------------------------------------------------------------------------
  0   | 0.15000 0.15000 0.15000 0.15000 0.15000 0.15000 0.15000 0.15000 0.15000 0.15000 0.15000 0.15000 0.15000 0.15000 0.15000
  1   | 0.15000 0.15000 0.15000 0.15000 0.15000 0.15000 0.15000 0.15000 0.15000 0.15000 0.15000 0.15000 0.15000 0.15000 0.15000
  2   | 0.15000 0.15000 0.15000 0.15000 0.15000 0.15000 0.15000 0.15000 0.15000 0.15000 0.15000 0.15000 0.15000 0.15000 0.15000
  3   | 0.15000 0.15000 0.15000 0.15000 0.15000 0.15000 0.15000 0.15000 0.15000 0.15000 0.15000 0.15000 0.15000 0.15000 0.15000
  4   | 0.15000 0.15000 0.15000 0.15000 0.15000 0.15000 0.15000 0.15000 0.15000 0.15000 0.15000 0.15000 0.15000 0.15000 0.15000
  5   | 0.15000 0.15000 0.15000 0.15000 0.15000 0.15000 0.15000 0.15000 0.15000 0.15000 0.15000 0.15000 0.15000 0.15000 0.15000
  6   | 0.15000 0.15000 0.15000 0.15000 0.15000 0.15000 0.15000 0.15000 0.15000 0.15000 0.15000 0.15000 0.15000 0.15000 0.15000
  7   | 0.15000 0.15000 0.15000 0.15000 0.15000 0.15000 0.15000 0.15000 0.15000 0.15000 0.15000 0.15000 0.15000 0.15000 0.15000
  8   | 0.15000 0.15000 0.15000 0.15000 0.15000 0.15000 0.15000 0.15000 0.15000 0.15000 0.15000 0.15000 0.15000 0.15000 0.15000
  9   | 0.15000 0.15000 0.15000 0.15000 0.15000 0.15000 0.15000 0.15000 0.15000 0.15000 0.15000 0.15000 0.15000 0.15000 0.15000
------+------------------------------------------------------------------------------------------------------------------------
                                               
 
 
        Natural Mortality (per year)
        ----------------------------
------+--------
AGE   |    2002
------+--------
  0   | 0.15000
  1   | 0.15000
  2   | 0.15000
  3   | 0.15000
  4   | 0.15000
  5   | 0.15000
  6   | 0.15000
  7   | 0.15000
  8   | 0.15000
  9   | 0.15000
------+--------
                                               
 
 
 
        Proportion of fish spawning
        ---------------------------
------+------------------------------------------------------------------------------------------------------------------------
AGE   |    1972    1973    1974    1975    1976    1977    1978    1979    1980    1981    1982    1983    1984    1985    1986
------+------------------------------------------------------------------------------------------------------------------------
  0   |  0.0000  0.0000  0.0000  0.0000  0.0000  0.0000  0.0000  0.0000  0.0000  0.0000  0.0000  0.0000  0.0000  0.0000  0.0000
  1   |  0.0500  0.0500  0.0500  0.0600  0.0600  0.0600  0.0600  0.0600  0.0600  0.0700  0.0700  0.0700  0.0700  0.0700  0.0700
  2   |  0.5300  0.5400  0.5400  0.5500  0.5500  0.5500  0.5600  0.5600  0.5700  0.5700  0.5700  0.5800  0.5800  0.5800  0.5800
  3   |  0.9000  0.9000  0.9000  0.8900  0.8900  0.8900  0.8900  0.8900  0.8900  0.8800  0.8800  0.8800  0.8800  0.8800  0.8800
  4   |  0.9800  0.9800  0.9800  0.9800  0.9800  0.9800  0.9800  0.9800  0.9800  0.9800  0.9800  0.9800  0.9700  0.9700  0.9700
  5   |  0.9800  0.9800  0.9800  0.9800  0.9800  0.9800  0.9800  0.9800  0.9800  0.9800  0.9800  0.9800  0.9700  0.9700  0.9700
  6   |  0.9900  0.9900  0.9900  0.9900  0.9900  0.9900  0.9900  0.9900  0.9900  0.9900  0.9900  0.9900  0.9900  0.9900  0.9900
  7   |  1.0000  1.0000  1.0000  1.0000  1.0000  1.0000  1.0000  1.0000  1.0000  1.0000  1.0000  1.0000  1.0000  1.0000  1.0000
  8   |  1.0000  1.0000  1.0000  1.0000  1.0000  1.0000  1.0000  1.0000  1.0000  1.0000  1.0000  1.0000  1.0000  1.0000  1.0000
  9   |  1.0000  1.0000  1.0000  1.0000  1.0000  1.0000  1.0000  1.0000  1.0000  1.0000  1.0000  1.0000  1.0000  1.0000  1.0000
------+------------------------------------------------------------------------------------------------------------------------
                                               
 
 
        Proportion of fish spawning
        ---------------------------
------+------------------------------------------------------------------------------------------------------------------------
AGE   |    1987    1988    1989    1990    1991    1992    1993    1994    1995    1996    1997    1998    1999    2000    2001
------+------------------------------------------------------------------------------------------------------------------------
  0   |  0.0000  0.0000  0.0000  0.0000  0.0000  0.0000  0.0000  0.0000  0.0000  0.0000  0.0000  0.0000  0.0000  0.0000  0.0000
  1   |  0.0700  0.0700  0.0700  0.0700  0.0700  0.0700  0.0700  0.0700  0.0700  0.0700  0.0700  0.0700  0.0700  0.0700  0.0700
  2   |  0.5800  0.5800  0.5800  0.5800  0.5800  0.5800  0.5800  0.5800  0.5800  0.5800  0.5800  0.5800  0.5800  0.5800  0.5900
  3   |  0.8800  0.8800  0.8800  0.8800  0.8800  0.8800  0.8800  0.8800  0.8800  0.8800  0.8800  0.8600  0.8600  0.8600  0.8800
  4   |  0.9700  0.9700  0.9700  0.9700  0.9700  0.9700  0.9700  0.9700  0.9700  0.9700  0.9700  0.9800  0.9800  0.9800  0.9700
  5   |  0.9700  0.9700  0.9700  0.9700  0.9700  0.9700  0.9700  0.9700  0.9700  0.9700  0.9700  0.9800  0.9800  0.9800  0.9700
  6   |  0.9900  0.9900  0.9900  0.9900  0.9900  0.9900  0.9900  0.9900  0.9900  0.9900  0.9900  0.9900  0.9900  0.9900  0.9900
  7   |  1.0000  1.0000  1.0000  1.0000  1.0000  1.0000  1.0000  1.0000  1.0000  1.0000  1.0000  1.0000  1.0000  1.0000  1.0000
  8   |  1.0000  1.0000  1.0000  1.0000  1.0000  1.0000  1.0000  1.0000  1.0000  1.0000  1.0000  1.0000  1.0000  1.0000  1.0000
  9   |  1.0000  1.0000  1.0000  1.0000  1.0000  1.0000  1.0000  1.0000  1.0000  1.0000  1.0000  1.0000  1.0000  1.0000  1.0000
------+------------------------------------------------------------------------------------------------------------------------
                                               
 
 
        Proportion of fish spawning
        ---------------------------
------+--------
AGE   |    2002
------+--------
  0   |  0.0000
  1   |  0.0700
  2   |  0.5900
  3   |  0.8800
  4   |  0.9700
  5   |  0.9700
  6   |  0.9900
  7   |  1.0000
  8   |  1.0000
  9   |  1.0000
------+--------
                                               
 
 
 
 INDICES OF SPAWNING BIOMASS                                                    
  
 ----------------------------
 
          INDEX
        -------
------+------------------------------------------------------------------------------------------------------------------------
      |    1972    1973    1974    1975    1976    1977    1978    1979    1980    1981    1982    1983    1984    1985    1986
------+------------------------------------------------------------------------------------------------------------------------
  1   | ******* ******* ******* ******* ******* ******* ******* ******* ******* ******* ******* ******* ******* ******* *******
------+------------------------------------------------------------------------------------------------------------------------
       x 10 ^ 3                                
 
 
          INDEX
        -------
------+------------------------------------------------------------------------------------------------------------------------
      |    1987    1988    1989    1990    1991    1992    1993    1994    1995    1996    1997    1998    1999    2000    2001
------+------------------------------------------------------------------------------------------------------------------------
  1   | *******  219.28  201.85  188.73  200.03  212.34  234.02  240.58  276.36  277.99  288.89  278.43  284.75  286.45  312.29
------+------------------------------------------------------------------------------------------------------------------------
       x 10 ^ 3                                
 
 
          INDEX
        -------
------+--------
      |    2002
------+--------
  1   |  321.59
------+--------
       x 10 ^ 3                                
 
 
 
 AGE-STRUCTURED INDICES                                                         
  
 -----------------------
 
        FLT01: Dummy survey
        -------------------
------+--------------------------------
AGE   |    1981    1982    1983    1984
------+--------------------------------
  1   |  266.10  203.00   43.60   15.24
  2   |  506.40  435.90  712.70   79.51
  3   |  225.10  483.60  444.60  661.83
  4   |   31.70  184.10  391.60  374.60
  5   |  174.80   24.70  130.40  238.20
  6   |  158.50  136.60   20.20   92.00
  7   |   99.50  108.60   91.30   15.54
  8   |  116.60   84.50   70.90   51.47
  9   |   35.30   87.00   47.10   39.27
------+--------------------------------
       x 10 ^ 3                                
 
 
 
        Fishing Mortality (per year)
        ----------------------------
------+------------------------------------------------------------------------------------------------------------------------
AGE   |    1972    1973    1974    1975    1976    1977    1978    1979    1980    1981    1982    1983    1984    1985    1986
------+------------------------------------------------------------------------------------------------------------------------
  0   | 0.00926 0.00841 0.00753 0.00536 0.00742 0.00783 0.01031 0.00576 0.00999 0.00663 0.01015 0.00550 0.00836 0.00652 0.00699
  1   | 0.03504 0.03181 0.02850 0.02028 0.02807 0.02962 0.03903 0.02178 0.03782 0.02509 0.03841 0.02081 0.03164 0.02467 0.02645
  2   | 0.07755 0.07041 0.06308 0.04489 0.06214 0.06556 0.08640 0.04821 0.08372 0.05553 0.08502 0.04607 0.07004 0.05460 0.05855
  3   | 0.15300 0.13890 0.12444 0.08856 0.12260 0.12934 0.17045 0.09512 0.16517 0.10956 0.16774 0.09089 0.13817 0.10771 0.11551
  4   | 0.23390 0.21235 0.19025 0.13539 0.18742 0.19773 0.26058 0.14542 0.25251 0.16750 0.25643 0.13895 0.21123 0.16467 0.17659
  5   | 0.26604 0.24153 0.21639 0.15399 0.21317 0.22490 0.29639 0.16540 0.28720 0.19051 0.29167 0.15805 0.24026 0.18729 0.20086
  6   | 0.30086 0.27315 0.24471 0.17414 0.24108 0.25434 0.33519 0.18705 0.32480 0.21545 0.32984 0.17873 0.27171 0.21181 0.22715
  7   | 0.34468 0.31293 0.28035 0.19951 0.27619 0.29138 0.38400 0.21430 0.37210 0.24682 0.37788 0.20477 0.31128 0.24266 0.26023
  8   | 0.31925 0.28984 0.25966 0.18479 0.25581 0.26988 0.35567 0.19848 0.34464 0.22861 0.35000 0.18966 0.28831 0.22475 0.24103
  9   | 0.31925 0.28984 0.25966 0.18479 0.25581 0.26988 0.35567 0.19848 0.34464 0.22861 0.35000 0.18966 0.28831 0.22475 0.24103
------+------------------------------------------------------------------------------------------------------------------------
                                               
 
 
        Fishing Mortality (per year)
        ----------------------------
------+------------------------------------------------------------------------------------------------------------------------
AGE   |    1987    1988    1989    1990    1991    1992    1993    1994    1995    1996    1997    1998    1999    2000    2001
------+------------------------------------------------------------------------------------------------------------------------
  0   | 0.00883 0.01024 0.00892 0.00566 0.00876 0.00579 0.01000 0.00929 0.00937 0.00976 0.00762 0.00767 0.00824 0.00920 0.00931
  1   | 0.03341 0.03875 0.03375 0.02141 0.03316 0.02191 0.03785 0.03517 0.03546 0.03694 0.02884 0.02902 0.03120 0.03483 0.03524
  2   | 0.07395 0.08578 0.07470 0.04740 0.07339 0.04850 0.08378 0.07785 0.07849 0.08175 0.06382 0.06422 0.06906 0.07709 0.07799
  3   | 0.14590 0.16923 0.14738 0.09351 0.14479 0.09568 0.16529 0.15359 0.15486 0.16129 0.12592 0.12670 0.13625 0.15209 0.15387
  4   | 0.22305 0.25872 0.22530 0.14295 0.22136 0.14628 0.25269 0.23481 0.23674 0.24657 0.19250 0.19370 0.20829 0.23251 0.23523
  5   | 0.25369 0.29427 0.25626 0.16259 0.25177 0.16638 0.28741 0.26707 0.26927 0.28045 0.21895 0.22031 0.23691 0.26446 0.26755
  6   | 0.28690 0.33278 0.28981 0.18387 0.28473 0.18816 0.32503 0.30203 0.30452 0.31716 0.24761 0.24915 0.26792 0.29908 0.30257
  7   | 0.32868 0.38125 0.33201 0.21065 0.32620 0.21556 0.37237 0.34602 0.34887 0.36335 0.28367 0.28544 0.30694 0.34264 0.34664
  8   | 0.30443 0.35312 0.30751 0.19511 0.30213 0.19965 0.34489 0.32048 0.32312 0.33654 0.26274 0.26438 0.28429 0.31735 0.32106
  9   | 0.30443 0.35312 0.30751 0.19511 0.30213 0.19965 0.34489 0.32048 0.32312 0.33654 0.26274 0.26438 0.28429 0.31735 0.32106
------+------------------------------------------------------------------------------------------------------------------------
                                               
 
 
        Fishing Mortality (per year)
        ----------------------------
------+--------
AGE   |    2002
------+--------
  0   | 0.00811
  1   | 0.03068
  2   | 0.06791
  3   | 0.13397
  4   | 0.20481
  5   | 0.23296
  6   | 0.26345
  7   | 0.30182
  8   | 0.27955
  9   | 0.27955
------+--------
                                               
 
 
 
        Population Abundance (1 January)
        --------------------------------
------+------------------------------------------------------------------------------------------------------------------------
AGE   |    1972    1973    1974    1975    1976    1977    1978    1979    1980    1981    1982    1983    1984    1985    1986
------+------------------------------------------------------------------------------------------------------------------------
  0   |  333.68  374.98  518.38  577.12  438.51  591.64  481.40  438.51  528.90  374.98  350.87  350.87  361.17  481.40  105.69
  1   |  374.07  284.55  320.05  442.82  494.08  374.64  505.26  410.09  375.26  450.70  320.62  298.95  300.34  308.27  411.65
  2   |  369.10  310.88  237.25  267.73  373.49  413.48  313.04  418.23  345.36  311.00  378.31  265.56  252.01  250.45  258.87
  3   |  285.09  293.98  249.39  191.72  220.32  302.10  333.30  247.14  343.03  273.38  253.22  299.07  218.28  202.23  204.11
  4   |  162.35  210.57  220.22  189.53  151.03  167.75  228.47  241.92  193.41  250.30  210.89  184.29  235.05  163.63  156.29
  5   |  147.80  110.59  146.56  156.71  142.48  107.78  118.48  151.54  180.04  129.32  182.21  140.45  138.04  163.79  119.45
  6   |   88.71   97.50   74.76  101.60  115.63   99.09   74.08   75.82  110.54  116.28   92.00  117.15  103.22   93.44  116.89
  7   |   69.25   56.52   63.86   50.38   73.47   78.20   66.13   45.60   54.13   68.76   80.68   56.94   84.33   67.70   65.07
  8   |   65.92   42.23   35.57   41.53   35.52   47.98   50.30   38.77   31.68   32.11   46.24   47.59   39.93   53.17   45.72
  9   |   50.23   68.66   66.98   64.77   72.14   63.34   67.49   66.58   68.81   57.24   55.59   56.34   69.06   66.63   78.15
------+------------------------------------------------------------------------------------------------------------------------
       x 10 ^ 6                                
 
 
        Population Abundance (1 January)
        --------------------------------
------+------------------------------------------------------------------------------------------------------------------------
AGE   |    1987    1988    1989    1990    1991    1992    1993    1994    1995    1996    1997    1998    1999    2000    2001
------+------------------------------------------------------------------------------------------------------------------------
  0   |  438.51  392.36  105.69  542.45  509.31  577.12  577.12  591.64  577.12  350.87  374.98  759.90  498.74  752.85  752.85
  1   |   90.34  374.11  334.27   90.16  464.26  434.54  493.86  491.79  504.52  492.10  299.06  320.30  649.06  425.74  642.05
  2   |  345.06   75.20  309.76  278.16   75.96  386.56  365.91  409.28  408.66  419.11  408.19  250.09  267.80  541.49  353.90
  3   |  210.14  275.83   59.40  247.42  228.33   60.75  316.96  289.63  325.89  325.18  332.42  329.61  201.87  215.12  431.48
  4   |  156.52  156.31  200.45   44.12  193.95  170.03   47.52  231.25  213.79  240.25  238.20  252.26  249.94  151.62  159.03
  5   |  112.74  107.78  103.87  137.72   32.92  133.78  126.43   31.77  157.38  145.22  161.60  169.12  178.89  174.67  103.42
  6   |   84.11   75.30   69.12   69.19  100.75   22.03   97.50   81.64   20.93  103.48   94.43  111.74  116.78  121.49  115.41
  7   |   80.17   54.34   46.46   44.52   49.55   65.23   15.71   60.63   51.95   13.29   64.86   63.45   74.97   76.89   77.54
  8   |   43.18   49.67   31.94   28.69   31.04   30.78   45.26    9.32   36.92   31.54    7.95   42.04   41.05   47.47   46.98
  9   |   77.79   70.34   67.96   57.22   55.52   50.35   51.15   54.86   36.62   42.52   42.37   28.93   45.92   52.33   59.10
------+------------------------------------------------------------------------------------------------------------------------
       x 10 ^ 6                                
 
 
        Population Abundance (1 January)
        --------------------------------
------+----------------
AGE   |    2002    2003
------+----------------
  0   |  496.90  473.11
  1   |  641.98  424.23
  2   |  533.48  535.86
  3   |  281.75  429.03
  4   |  318.42  212.10
  5   |  108.19  223.31
  6   |   68.12   73.77
  7   |   73.40   45.05
  8   |   47.19   46.72
  9   |   65.35   73.24
------+----------------
       x 10 ^ 6                                
 
 
 
        Weighting factors for the catches in number
        -------------------------------------------
------+----------------------------------------------------------------------------------------
AGE   |    1992    1993    1994    1995    1996    1997    1998    1999    2000    2001    2002
------+----------------------------------------------------------------------------------------
  0   |  0.0200  0.0200  0.0200  0.0200  0.0200  0.0200  0.0200  0.0200  0.0200  0.0200  0.0200
  1   |  1.0000  1.0000  1.0000  1.0000  1.0000  1.0000  1.0000  1.0000  1.0000  1.0000  1.0000
  2   |  1.0000  1.0000  1.0000  1.0000  1.0000  1.0000  1.0000  1.0000  1.0000  1.0000  1.0000
  3   |  1.0000  1.0000  1.0000  1.0000  1.0000  1.0000  1.0000  1.0000  1.0000  1.0000  1.0000
  4   |  1.0000  1.0000  1.0000  1.0000  1.0000  1.0000  1.0000  1.0000  1.0000  1.0000  1.0000
  5   |  1.0000  1.0000  1.0000  1.0000  1.0000  1.0000  1.0000  1.0000  1.0000  1.0000  1.0000
  6   |  1.0000  1.0000  1.0000  1.0000  1.0000  1.0000  1.0000  1.0000  1.0000  1.0000  1.0000
  7   |  1.0000  1.0000  1.0000  1.0000  1.0000  1.0000  1.0000  1.0000  1.0000  1.0000  1.0000
  8   |  1.0000  1.0000  1.0000  1.0000  1.0000  1.0000  1.0000  1.0000  1.0000  1.0000  1.0000
------+----------------------------------------------------------------------------------------
                                               
 
 
 
 Predicted SSB Index Values                                                     
  
 ---------------------------
 
          INDEX
        -------
------+------------------------------------------------------------------------------------------------------------------------
      |    1972    1973    1974    1975    1976    1977    1978    1979    1980    1981    1982    1983    1984    1985    1986
------+------------------------------------------------------------------------------------------------------------------------
  1   | ******* ******* ******* ******* ******* ******* ******* ******* ******* ******* ******* ******* ******* ******* *******
------+------------------------------------------------------------------------------------------------------------------------
       x 10 ^ 3                                
 
 
          INDEX
        -------
------+------------------------------------------------------------------------------------------------------------------------
      |    1987    1988    1989    1990    1991    1992    1993    1994    1995    1996    1997    1998    1999    2000    2001
------+------------------------------------------------------------------------------------------------------------------------
  1   | *******  219.28  201.85  188.73  200.03  212.34  234.02  240.58  276.36  277.99  288.89  278.43  284.75  286.44  312.29
------+------------------------------------------------------------------------------------------------------------------------
       x 10 ^ 3                                
 
 
          INDEX
        -------
------+--------
      |    2002
------+--------
  1   |  321.59
------+--------
       x 10 ^ 3                                
 
 
 
 Predicted Age-Structured Index Values                                          
  
 --------------------------------------
 
        FLT01: Dummy survey Predicted
        -----------------------------
------+--------------------------------
AGE   |    1981    1982    1983    1984
------+--------------------------------
  1   |  103.59   73.15   68.87   68.78
  2   |  350.82  419.88  301.12  282.01
  3   |  450.27  403.93  497.66  353.89
  4   |  198.62  159.35  148.55  182.08
  5   |   96.75  128.94  106.97  100.49
  6   |   88.45   65.72   90.93   76.12
  7   |   61.17   66.78   51.84   72.41
  8   |   61.87   83.33   93.68   74.45
  9   |   48.04   43.64   48.31   56.09
------+--------------------------------
       x 10 ^ 3                                
 
 
 
        Fitted Selection Pattern
        ------------------------
------+------------------------------------------------------------------------------------------------------------------------
AGE   |    1972    1973    1974    1975    1976    1977    1978    1979    1980    1981    1982    1983    1984    1985    1986
------+------------------------------------------------------------------------------------------------------------------------
  0   |  0.0348  0.0348  0.0348  0.0348  0.0348  0.0348  0.0348  0.0348  0.0348  0.0348  0.0348  0.0348  0.0348  0.0348  0.0348
  1   |  0.1317  0.1317  0.1317  0.1317  0.1317  0.1317  0.1317  0.1317  0.1317  0.1317  0.1317  0.1317  0.1317  0.1317  0.1317
  2   |  0.2915  0.2915  0.2915  0.2915  0.2915  0.2915  0.2915  0.2915  0.2915  0.2915  0.2915  0.2915  0.2915  0.2915  0.2915
  3   |  0.5751  0.5751  0.5751  0.5751  0.5751  0.5751  0.5751  0.5751  0.5751  0.5751  0.5751  0.5751  0.5751  0.5751  0.5751
  4   |  0.8792  0.8792  0.8792  0.8792  0.8792  0.8792  0.8792  0.8792  0.8792  0.8792  0.8792  0.8792  0.8792  0.8792  0.8792
  5   |  1.0000  1.0000  1.0000  1.0000  1.0000  1.0000  1.0000  1.0000  1.0000  1.0000  1.0000  1.0000  1.0000  1.0000  1.0000
  6   |  1.1309  1.1309  1.1309  1.1309  1.1309  1.1309  1.1309  1.1309  1.1309  1.1309  1.1309  1.1309  1.1309  1.1309  1.1309
  7   |  1.2956  1.2956  1.2956  1.2956  1.2956  1.2956  1.2956  1.2956  1.2956  1.2956  1.2956  1.2956  1.2956  1.2956  1.2956
  8   |  1.2000  1.2000  1.2000  1.2000  1.2000  1.2000  1.2000  1.2000  1.2000  1.2000  1.2000  1.2000  1.2000  1.2000  1.2000
  9   |  1.2000  1.2000  1.2000  1.2000  1.2000  1.2000  1.2000  1.2000  1.2000  1.2000  1.2000  1.2000  1.2000  1.2000  1.2000
------+------------------------------------------------------------------------------------------------------------------------
                                               
 
 
        Fitted Selection Pattern
        ------------------------
------+------------------------------------------------------------------------------------------------------------------------
AGE   |    1987    1988    1989    1990    1991    1992    1993    1994    1995    1996    1997    1998    1999    2000    2001
------+------------------------------------------------------------------------------------------------------------------------
  0   |  0.0348  0.0348  0.0348  0.0348  0.0348  0.0348  0.0348  0.0348  0.0348  0.0348  0.0348  0.0348  0.0348  0.0348  0.0348
  1   |  0.1317  0.1317  0.1317  0.1317  0.1317  0.1317  0.1317  0.1317  0.1317  0.1317  0.1317  0.1317  0.1317  0.1317  0.1317
  2   |  0.2915  0.2915  0.2915  0.2915  0.2915  0.2915  0.2915  0.2915  0.2915  0.2915  0.2915  0.2915  0.2915  0.2915  0.2915
  3   |  0.5751  0.5751  0.5751  0.5751  0.5751  0.5751  0.5751  0.5751  0.5751  0.5751  0.5751  0.5751  0.5751  0.5751  0.5751
  4   |  0.8792  0.8792  0.8792  0.8792  0.8792  0.8792  0.8792  0.8792  0.8792  0.8792  0.8792  0.8792  0.8792  0.8792  0.8792
  5   |  1.0000  1.0000  1.0000  1.0000  1.0000  1.0000  1.0000  1.0000  1.0000  1.0000  1.0000  1.0000  1.0000  1.0000  1.0000
  6   |  1.1309  1.1309  1.1309  1.1309  1.1309  1.1309  1.1309  1.1309  1.1309  1.1309  1.1309  1.1309  1.1309  1.1309  1.1309
  7   |  1.2956  1.2956  1.2956  1.2956  1.2956  1.2956  1.2956  1.2956  1.2956  1.2956  1.2956  1.2956  1.2956  1.2956  1.2956
  8   |  1.2000  1.2000  1.2000  1.2000  1.2000  1.2000  1.2000  1.2000  1.2000  1.2000  1.2000  1.2000  1.2000  1.2000  1.2000
  9   |  1.2000  1.2000  1.2000  1.2000  1.2000  1.2000  1.2000  1.2000  1.2000  1.2000  1.2000  1.2000  1.2000  1.2000  1.2000
------+------------------------------------------------------------------------------------------------------------------------
                                               
 
 
        Fitted Selection Pattern
        ------------------------
------+--------
AGE   |    2002
------+--------
  0   |  0.0348
  1   |  0.1317
  2   |  0.2915
  3   |  0.5751
  4   |  0.8792
  5   |  1.0000
  6   |  1.1309
  7   |  1.2956
  8   |  1.2000
  9   |  1.2000
------+--------
                                               
 
 
 
 
 
                    STOCK SUMMARY                                             
 
 
 ³ Year ³  Recruits  ³  Total  ³ Spawning³ Landings ³ Yield ³ Mean F ³ SoP ³    
 ³      ³   Age   0  ³ Biomass ³ Biomass ³          ³ /SSB  ³  Ages  ³     ³ 
 ³      ³  thousands ³  tonnes ³ tonnes  ³ tonnes   ³ ratio ³  4- 7  ³ (%) ³ 
 
   1972       333670    427764    289351     86471   0.2988   0.2864   100
   1973       374980    396053    278563     71216   0.2557   0.2600   100
   1974       518370    371845    261726     61032   0.2332   0.2329    99
   1975       577110    373040    255081     41943   0.1644   0.1658    99
   1976       438500    400427    262394     58699   0.2237   0.2295    99
   1977       591640    397488    267390     62228   0.2327   0.2421   100
   1978       481390    414268    273865     78407   0.2863   0.3190    99
   1979       438500    401221    279412     43880   0.1570   0.1780   100
   1980       528890    415825    286173     87787   0.3068   0.3092    99
   1981       374980    403002    288484     58988   0.2045   0.2051    99
   1982       350870    379142    270236     88556   0.3277   0.3140   100
   1983       350870    360524    270295     45311   0.1676   0.1701    99
   1984       361160    372051    274494     70105   0.2554   0.2586    99
   1985       481390    357555    268136     59386   0.2215   0.2016    99
   1986       105690    349337    254286     61941   0.2436   0.2162    99
   1987       438500    317865    240869     74546   0.3095   0.2731   100
   1988       392350    300802    219278     79700   0.3635   0.3168   100
   1989       105690    287110    201849     61438   0.3044   0.2758   100
   1990       542440    243375    188728     38063   0.2017   0.1750   100
   1991       509300    279723    200031     60317   0.3015   0.2710    99
   1992       577110    309839    212336     40994   0.1931   0.1791    99
   1993       577110    351422    234018     69780   0.2982   0.3094    99
   1994       591640    356775    240582     72599   0.3018   0.2875   100
   1995       577110    401415    276361     77488   0.2804   0.2898    99
   1996       350870    396853    277986     82105   0.2954   0.3019   100
   1997       374980    396618    288887     65803   0.2278   0.2357    99
   1998       759890    371926    278433     69110   0.2482   0.2372   100
   1999       498730    410416    284749     77057   0.2706   0.2550    99
   2000       752850    414475    286444     84841   0.2962   0.2847   100
   2001       752850    450293    312291     87948   0.2816   0.2880    99
   2002       496890    468062    321587     81388   0.2531   0.2508   100
 
 -----------------------------------------------------------------            
 No of years for separable analysis : 11                                      
 Age range in the analysis : 0  . . . 9                                       
 Year range in the analysis : 1972  . . . 2002                                
 Number of indices of SSB : 1                                                 
 Number of age-structured indices : 1                                         
                                                                              
 Parameters to estimate : 46                                                  
 Number of observations : 150                                                 
                                                                              
 Conventional single selection vector model to be fitted.                     
                                                                              
                                                                              
                                                                              
 -----------------------------------------------------------------            
 
 
 PARAMETER ESTIMATES                                                            
  
 
 ³Parm.³      ³ Maximum ³    ³        ³         ³         ³         ³ Mean of ³ 
  
 ³ No. ³      ³ Likelh. ³ CV ³  Lower ³ Upper   ³  -s.e.  ³   +s.e. ³ Param.  ³ 
  
 ³     ³      ³ Estimate³ (%)³ 95% CL ³ 95% CL  ³         ³         ³ Distrib.³ 
  
 Separable model : F by year                                                    
  
    1   1992     0.1664   0    0.1638    0.1690    0.1651    0.1677    0.1664
    2   1993     0.2874   0    0.2831    0.2918    0.2852    0.2896    0.2874
    3   1994     0.2671   0    0.2630    0.2712    0.2650    0.2692    0.2671
    4   1995     0.2693   0    0.2652    0.2734    0.2672    0.2714    0.2693
    5   1996     0.2804   0    0.2762    0.2847    0.2783    0.2826    0.2805
    6   1997     0.2189   0    0.2157    0.2223    0.2173    0.2206    0.2190
    7   1998     0.2203   0    0.2171    0.2236    0.2187    0.2220    0.2203
    8   1999     0.2369   0    0.2335    0.2404    0.2352    0.2387    0.2369
    9   2000     0.2645   0    0.2607    0.2683    0.2625    0.2664    0.2645
   10   2001     0.2675   0    0.2636    0.2715    0.2655    0.2696    0.2676
   11   2002     0.2330   0    0.2292    0.2368    0.2310    0.2349    0.2330
 
 Separable Model: Selection (S) by age                                          
  
   12      0     0.0348   3    0.0324    0.0374    0.0336    0.0361    0.0348
   13      1     0.1317   0    0.1297    0.1337    0.1307    0.1327    0.1317
   14      2     0.2915   0    0.2873    0.2957    0.2894    0.2937    0.2915
   15      3     0.5751   0    0.5673    0.5830    0.5711    0.5791    0.5751
   16      4     0.8792   0    0.8680    0.8906    0.8734    0.8850    0.8792
           5     1.0000     Fixed : Reference Age             
   17      6     1.1309   0    1.1176    1.1443    1.1241    1.1377    1.1309
   18      7     1.2956   0    1.2806    1.3108    1.2879    1.3033    1.2956
           8     1.2000     Fixed : Last true age             
 
 Separable model: Populations in year 2002                                    
   19      0     496898  11     393096    628111    440904    560003    500462
   20      1     641978   1     618557    666286    629920    654267    642093
   21      2     533482   1     520449    546841    526792    540256    533524
   22      3     281747   1     276134    287473    278869    284654    281762
   23      4     318415   0     313427    323482    315860    320990    318425
   24      5     108186   0     106468    109932    107306    109073    108190
   25      6      68120   0      67096     69159     67596     68648     68122
   26      7      73396   0      72363     74444     72867     73929     73398
   27      8      47187   0      46489     47896     46829     47547     47188
 
Separable model: Populations at age
   28   1992      30777   1      29753     31837     30250     31313     30782
   29   1993      45255   1      44160     46379     44693     45825     45259
   30   1994       9314   1       9109      9525      9209      9421      9315
   31   1995      36921   0      36206     37650     36554     37291     36922
   32   1996      31543   0      30973     32125     31251     31839     31545
   33   1997       7951   0       7805      8099      7876      8026      7951
   34   1998      42037   0      41403     42681     41712     42364     42038
   35   1999      41048   0      40453     41651     40743     41354     41049
   36   2000      47468   0      46796     48149     47124     47814     47469
   37   2001      46978   0      46302     47665     46632     47327     46980
 
 SSB Index catchabilities                                                       
  
   INDEX                                 
 Absolute estimator. No fitted catchability.                                    
  
 
 
 
 Age-structured index catchabilities                                            
  
                                        FLT01: Dummy survey                     
 
 Linear model fitted. Slopes at age :                                           
  
   38   1  Q  .2531      24 .2008     .5166     .2531     .4098     .3315    
   39   2  Q  1.263      24 1.002     2.578     1.263     2.046     1.655    
   40   3  Q  1.900      24 1.507     3.878     1.900     3.077     2.489    
   41   4  Q  .9449      24 .7497     1.929     .9449     1.530     1.238    
   42   5  Q  .9022      24 .7158     1.842     .9022     1.461     1.182    
   43   6  Q  .9300      24 .7379     1.898     .9300     1.506     1.218    
   44   7  Q  1.107      24 .8779     2.259     1.107     1.792     1.450    
   45   8  Q  2.373      24 1.882     4.843     2.373     3.843     3.108    
   46   9  Q  1.034      24 .8200     2.110     1.034     1.674     1.354    
 
 
 
 RESIDUALS ABOUT THE MODEL FIT                                                  
  
 ------------------------------
 
        Separable Model Residuals
        -------------------------
------+----------------------------------------------------------------------------------------
Age   |    1992    1993    1994    1995    1996    1997    1998    1999    2000    2001    2002
------+----------------------------------------------------------------------------------------
  0   | ******* ******* ******* ******* ******* ******* ******* ******* ******* ******* *******
  1   | ******* ******* ******* ******* ******* ******* ******* ******* ******* ******* *******
  2   | ******* ******* ******* ******* ******* ******* ******* ******* ******* ******* *******
  3   | ******* ******* ******* ******* ******* ******* ******* ******* ******* ******* *******
  4   | ******* ******* ******* ******* ******* ******* ******* ******* ******* ******* *******
  5   | ******* ******* ******* ******* ******* ******* ******* ******* ******* ******* *******
  6   | ******* ******* ******* ******* ******* ******* ******* ******* ******* ******* *******
  7   | ******* ******* ******* ******* ******* ******* ******* ******* ******* ******* *******
  8   | ******* ******* ******* ******* ******* ******* ******* ******* ******* ******* *******
------+----------------------------------------------------------------------------------------
                                               
 
 
 
 SPAWNING BIOMASS INDEX RESIDUALS                                               
  
 ---------------------------------
 
          INDEX
        -------
------+------------------------------------------------------------------------------------------------------------------------
      |    1972    1973    1974    1975    1976    1977    1978    1979    1980    1981    1982    1983    1984    1985    1986
------+------------------------------------------------------------------------------------------------------------------------
  1   | ******* ******* ******* ******* ******* ******* ******* ******* ******* ******* ******* ******* ******* ******* *******
------+------------------------------------------------------------------------------------------------------------------------
                                               
 
 
          INDEX
        -------
------+------------------------------------------------------------------------------------------------------------------------
      |    1987    1988    1989    1990    1991    1992    1993    1994    1995    1996    1997    1998    1999    2000    2001
------+------------------------------------------------------------------------------------------------------------------------
  1   | ******* ******* ******* ******* ******* ******* ******* ******* ******* ******* ******* ******* ******* ******* *******
------+------------------------------------------------------------------------------------------------------------------------
                                               
 
 
          INDEX
        -------
------+--------
      |    2002
------+--------
  1   | *******
------+--------
                                               
 
 
 
 AGE-STRUCTURED INDEX RESIDUALS                                                 
  
 -------------------------------
 
        FLT01: Dummy survey
        -------------------
------+--------------------------------
Age   |    1981    1982    1983    1984
------+--------------------------------
  1   |   0.943   1.021  -0.457  -1.507
  2   |   0.367   0.037   0.862  -1.266
  3   |  -0.693   0.180  -0.113   0.626
  4   |  -1.835   0.144   0.969   0.721
  5   |   0.591  -1.653   0.198   0.863
  6   |   0.583   0.732  -1.504   0.189
  7   |   0.487   0.486   0.566  -1.539
  8   |   0.634   0.014  -0.279  -0.369
  9   |  -0.308   0.690  -0.025  -0.357
------+--------------------------------
                                               
 
 
 
 
 
 
 PARAMETERS OF THE DISTRIBUTION OF ln(CATCHES AT AGE)                           
  
 -----------------------------------------------------
 
 Separable model fitted from 1992  to 2002                                    
 Variance                             0.0000
Skewness test stat.                   3.5711
Kurtosis test statistic               3.7562
Partial chi-square                    0.0000
Significance in fit                   0.0000
Degrees of freedom                        62
 
 
 PARAMETERS OF DISTRIBUTIONS OF THE SSB INDICES                                 
  
 -----------------------------------------------
 
 
   DISTRIBUTION STATISTICS FOR   INDEX                                          
 
 
 Index used as absolute measure of abundance                                    
  
 Last age is a plus-group                                                       
  
 
 Variance                             0.0000
Skewness test stat.                   1.4445
Kurtosis test statistic              -0.0624
Partial chi-square                    0.0000
Significance in fit                   0.0000
Number of observations                    15
Degrees of freedom                        15
Weight in the analysis                5.0000
 
 PARAMETERS OF THE DISTRIBUTION OF THE AGE-STRUCTURED INDICES                   
  
 ------------------------------------------------------------ 
 
 
   DISTRIBUTION STATISTICS FOR FLT01: Dummy survey                              
 
 
 Linear catchability relationship assumed                                       
  
 
 Age                          1         2         3         4         5         6         7         8         9
 Variance                0.0016    0.0009    0.0003    0.0018    0.0014    0.0012    0.0012    0.0002    0.0003
Skewness test stat.     -0.2845   -0.5600   -0.1551   -0.7481   -0.7856   -0.8106   -0.9390    0.6173    0.7097
Kurtosis test statisti  -0.6309   -0.3923   -0.4766   -0.3568   -0.3352   -0.3294   -0.2736   -0.4239   -0.3826
Partial chi-square       0.0004    0.0002    0.0001    0.0004    0.0004    0.0003    0.0003    0.0001    0.0001
Significance in fit      0.0000    0.0000    0.0000    0.0000    0.0000    0.0000    0.0000    0.0000    0.0000
Number of observations        4         4         4         4         4         4         4         4         4
Degrees of freedom            3         3         3         3         3         3         3         3         3
Weight in the analysis   0.0011    0.0011    0.0011    0.0011    0.0011    0.0011    0.0011    0.0011    0.0011
 
 ANALYSIS OF VARIANCE                   
--------------------------
 
 Unweighted Statistics                                                          
  
 
                                                                                
  
Variance                              
                                       SSQ     Data    Parameters d.f. Variance
Total for model                        24.1752     150         46  104   0.2325
Catches at age                          0.0000      99         37   62   0.0000
  
SSB Indices                           
  INDEX                                 0.0000      15          0   15   0.0000
  
 Aged Indices                                                                   
  
FLT01: Dummy survey                    24.1752      36          9   27   0.8954
 
 
 Weighted Statistics                                                            
  
 
                                                                                
  
Variance                              
                                       SSQ     Data    Parameters d.f. Variance
Total for model                         0.0000     150         46  104   0.0000
Catches at age                          0.0000      99         37   62   0.0000
  
SSB Indices                           
  INDEX                                 0.0000      15          0   15   0.0000
  
 Aged Indices                                                                   
  
FLT01: Dummy survey                     0.0000      36          9   27   0.0000
 
