 ICA v1_3 TUNING DIAGNOSTICS FILE
   1       1
 F         SSQ
  0.05  24.78911772      22.05328934      2.735828384    
  0.10  11.52700845      8.810536995      2.716471454    
  0.15  6.612986983      3.905306036      2.707680947    
  0.20  4.496095162      1.793332453      2.702762709    
  0.25  3.562598240     0.8629197149      2.699678525    
  0.30  3.191088371     0.4934778386      2.697610533    
  0.35  3.106152051     0.4099893921      2.696162659    
  0.40  3.174096261     0.4789764898      2.695119771    
  0.45  3.325585846     0.6312322794      2.694353566    
  0.50  3.522846597     0.8290636494      2.693782947    
  0.55  3.744524705      1.051170386      2.693354320    
  0.60  3.978216764      1.285185728      2.693031036    
  0.65  4.216588415      1.523801066      2.692787348    
  0.70  4.455279224      1.762674471      2.692604753    
  0.75  4.691708337      1.999238639      2.692469698    
  0.80  4.924394541      2.232022451      2.692372090    
  0.85  5.152545700      2.460241402      2.692304298    
  0.90  5.375810621      2.683550146      2.692260475    
  0.95  5.594126485      2.901890403      2.692236082    
  1.00  5.807625062      3.115397503      2.692227559    
