 ICA v1_3 TUNING DIAGNOSTICS FILE
   1       1
 F         SSQ
  0.05  23.90768543      20.35517745      3.552507984    
  0.10  11.36872444      7.839422938      3.529301506    
  0.15  6.846017971      3.327440481      3.518577490    
  0.20  4.994771146      1.482263449      3.512507697    
  0.25  4.260003568     0.7513264331      3.508677135    
  0.30  4.045120041     0.5390187576      3.506101283    
  0.35  4.087988721     0.5836912307      3.504297490    
  0.40  4.263019880     0.7600197781      3.503000102    
  0.45  4.506244884      1.004195422      3.502049461    
  0.50  4.783587420      1.282243348      3.501344072    
  0.55  5.076331448      1.575514829      3.500816619    
  0.60  5.373991408      1.873570421      3.500420986    
  0.65  5.670670370      2.170545625      3.500124745    
  0.70  5.963103456      2.463198859      3.499904597    
  0.75  6.249541307      2.749797817      3.499743490    
  0.80  6.529181886      3.029553145      3.499628741    
  0.85  6.801782924      3.302232147      3.499550777    
  0.90  7.067418027      3.567915750      3.499502277    
  0.95  7.326428125      3.826950555      3.499477570    
  1.00  7.579269127      4.079796913      3.499472215    
