 ICA v1_3 TUNING DIAGNOSTICS FILE
   1       1
 F         SSQ
  0.05  17.60016119      14.95308344      2.647077755    
  0.10  7.157417249      4.536152590      2.621264660    
  0.15  4.106095952      1.496271243      2.609824709    
  0.20  3.218766917     0.6152382444      2.603528672    
  0.25  3.118514874     0.5188328207      2.599682054    
  0.30  3.334602312     0.7374080863      2.597194226    
  0.35  3.681827700      1.086297962      2.595529738    
  0.40  4.080604090      1.486210696      2.594393394    
  0.45  4.494838980      1.901229149      2.593609830    
  0.50  4.907797283      2.314728004      2.593069279    
  0.55  5.311854462      2.719154168      2.592700293    
  0.60  5.703842965      3.111388050      2.592454916    
  0.65  6.082844289      3.490544157      2.592300132    
  0.70  6.449091918      3.856879193      2.592212725    
  0.75  6.803418849      4.211242786      2.592176063    
  0.80  7.146991746      4.554813713      2.592178033    
  0.85  7.481132962      4.888923279      2.592209683    
  0.90  7.807354053      5.215089747      2.592264306    
  0.95  8.127320070      5.534983259      2.592336811    
  1.00  8.442953842      5.850530553      2.592423289    
