 Output Generated by ICA Version 1.4                                            
  
 ------------------------------------
 
        Mackerel NE Atlantic  WG2003
        ----------------------------
 
        Catch in Number
        ---------------
------+------------------------------------------------------------------------------------------------------------------------
AGE   |    1972    1973    1974    1975    1976    1977    1978    1979    1980    1981    1982    1983    1984    1985    1986
------+------------------------------------------------------------------------------------------------------------------------
  0   |   7094.   2770.   3738.    757.   2920.   3212.   3862.   4581.   2643.   7277.   5702.   1062.   2043.   2196.   1222.
  1   |  22865.  17741.   8799.  11670.   2730.  10237.   5878.  19315.  11599.  12856.  23281.   9241.   3461.   8421.   8004.
  2   |   9239.  32380.  32010.  15613.  23862.   5410.  10675.  16737.  27831.  31938.  23158.  21484.  17278.   8153.  17474.
  3   |  63180.  11033.  49539.  48204.  27001.  39773.   4810.  25865.  20510.  64561.  48046.  18201.  34628.  34876.  14390.
  4   |  33821.  54157.  12235.  54129.  60295.  32298.  25708.   8517.  23023.  34332.  68989.  27379.  21742.  51466.  44860.
  5   |  16150.  20307.  42518.   9470.  47925.  50742.  14722.  32571.   5362.  27334.  25581.  27626.  23547.  23202.  47123.
  6   |  29076.   9329.  15404.  31808.   8094.  38804.  22372.  18087.  19826.   6140.  19508.   9896.  23177.  24444.  20574.
  7   |  20765.  16377.   6933.  11296.  26603.   6388.  16790.  27029.  10799.  22187.   4250.   7397.   8224.  23754.  21290.
  8   |   8513.   9306.   9740.   4068.   7573.  16804.   2196.  16354.  12877.   9730.  12248.   1277.   4939.   6784.  16605.
  9   |  10233.   8446.  11085.  12437.  11663.  12408.  10260.  11943.  14313.  25646.  19337.  10171.   7103.   9163.  11192.
------+------------------------------------------------------------------------------------------------------------------------
       x 10 ^ 3                                
 
 
        Catch in Number
        ---------------
------+------------------------------------------------------------------------------------------------------------------------
AGE   |    1987    1988    1989    1990    1991    1992    1993    1994    1995    1996    1997    1998    1999    2000    2001
------+------------------------------------------------------------------------------------------------------------------------
  0   |   2156.   3077.   2954.   4253.   2787.   5176.   3775.   3614.   3391.   2638.   3108.   3675.   3663.   5286.   3142.
  1   |   2829.   6909.  15936.   9000.  12008.  11227.  13150.  11950.  11533.   7861.  14271.   8773.  10430.  15469.  11669.
  2   |  10582.   5194.  20342.  27495.  14430.  27381.  16171.  23674.  21690.  15278.  24171.  22824.  14160.  24952.  19407.
  3   |  19771.  16714.  12983.  29594.  37352.  27733.  33334.  24731.  36511.  24617.  39863.  32640.  31298.  28582.  26567.
  4   |  11922.  23081.  30450.  13583.  29083.  51738.  24313.  37040.  27724.  30384.  46798.  38751.  32493.  45612.  22011.
  5   |  26428.   9998.  30047.  22408.   9422.  28481.  31861.  19160.  29459.  16425.  41283.  31990.  27305.  33541.  24719.
  6   |  26937.  21596.  12608.  21290.  15004.   8894.  16897.  24283.  14741.  16946.  21615.  27184.  21793.  27191.  17544.
  7   |  11582.  21776.  26744.   8718.  13954.  13834.   5153.  12632.  18330.   8357.  21897.  13897.  18158.  21216.  13922.
  8   |   9570.   7518.  21748.  14770.   4563.  10327.   6384.   3084.   7635.   8300.   8713.  11232.   7419.  14202.   8641.
  9   |  12661.  15488.  23735.  26310.  21347.  18883.  13610.  11059.   7845.   7256.  16388.  13227.  13895.  16995.  12743.
------+------------------------------------------------------------------------------------------------------------------------
       x 10 ^ 3                                
 
 
        Catch in Number
        ---------------
------+--------
AGE   |    2002
------+--------
  0   |   5065.
  1   |  13933.
  2   |  29366.
  3   |  41332.
  4   |  41029.
  5   |  24166.
  6   |  26229.
  7   |  18238.
  8   |  11641.
  9   |  18504.
------+--------
       x 10 ^ 3                                
 
 
 
        Predicted Catch in Number
        -------------------------
------+----------------------------------------------------------------------------------------
AGE   |    1992    1993    1994    1995    1996    1997    1998    1999    2000    2001    2002
------+----------------------------------------------------------------------------------------
  0   |   5178.   3775.   3614.   3391.   2638.   3108.   3673.   3662.   5284.   3141.   5065.
  1   |  11230.  13153.  11951.  11533.   7862.  14272.   8772.  10426.  15462.  11666.  13934.
  2   |  27386.  16175.  23679.  21690.  15279.  24173.  22825.  14158.  24939.  19398.  29369.
  3   |  27737.  33337.  24734.  36515.  24617.  39861.  32640.  31297.  28575.  26554.  41330.
  4   |  51742.  24313.  37039.  27725.  30385.  46794.  38745.  32489.  45603.  22006.  41023.
  5   |  28482.  31863.  19159.  29459.  16427.  41285.  31987.  27301.  33537.  24718.  24170.
  6   |   8893.  16894.  24280.  14738.  16943.  21613.  27180.  21787.  27181.  17541.  26234.
  7   |  13830.   5152.  12630.  18328.   8356.  21894.  13896.  18156.  21210.  13920.  18243.
  8   |  10322.   6383.   3084.   7635.   8301.   8714.  11232.   7420.  14203.   8642.  11647.
------+----------------------------------------------------------------------------------------
       x 10 ^ 3                                
 
 
 
        Weights at age in the catches (Kg)
        ----------------------------------
------+------------------------------------------------------------------------------------------------------------------------
AGE   |    1972    1973    1974    1975    1976    1977    1978    1979    1980    1981    1982    1983    1984    1985    1986
------+------------------------------------------------------------------------------------------------------------------------
  0   | 0.05200 0.05000 0.05100 0.05000 0.05900 0.05600 0.03600 0.01600 0.05700 0.06000 0.05300 0.05000 0.03100 0.05500 0.03900
  1   | 0.13500 0.14500 0.13600 0.14800 0.13700 0.13600 0.13500 0.13700 0.13100 0.13200 0.13100 0.16800 0.10200 0.14400 0.14600
  2   | 0.27700 0.19400 0.22900 0.17700 0.20700 0.16900 0.16100 0.16100 0.24900 0.24800 0.24900 0.21900 0.18400 0.26200 0.24500
  3   | 0.34100 0.28500 0.26100 0.25900 0.26300 0.27500 0.25000 0.24300 0.28500 0.28700 0.28500 0.27600 0.29500 0.35700 0.33500
  4   | 0.42300 0.36800 0.33400 0.32300 0.32000 0.33300 0.32500 0.31800 0.34500 0.34400 0.34500 0.31000 0.32600 0.41800 0.42300
  5   | 0.46800 0.44800 0.39200 0.34800 0.34600 0.35200 0.34500 0.34800 0.37800 0.37700 0.37800 0.38600 0.34400 0.41700 0.47100
  6   | 0.46800 0.46800 0.48100 0.43000 0.40600 0.40700 0.40300 0.40100 0.45400 0.45400 0.45400 0.42500 0.43100 0.43600 0.44400
  7   | 0.50800 0.50800 0.50800 0.48800 0.44300 0.44600 0.42100 0.41600 0.49800 0.49900 0.49600 0.43500 0.54200 0.52100 0.45700
  8   | 0.53900 0.53900 0.53900 0.53900 0.51800 0.54600 0.51800 0.50600 0.52000 0.51300 0.51300 0.49800 0.48000 0.55500 0.54300
  9   | 0.60648 0.59850 0.59606 0.59322 0.60666 0.59030 0.55648 0.53864 0.55931 0.55981 0.56425 0.58360 0.63092 0.62310 0.60245
------+------------------------------------------------------------------------------------------------------------------------
                                               
 
 
        Weights at age in the catches (Kg)
        ----------------------------------
------+------------------------------------------------------------------------------------------------------------------------
AGE   |    1987    1988    1989    1990    1991    1992    1993    1994    1995    1996    1997    1998    1999    2000    2001
------+------------------------------------------------------------------------------------------------------------------------
  0   | 0.07600 0.05500 0.04900 0.08500 0.06800 0.05100 0.06100 0.04600 0.07200 0.05800 0.07600 0.06500 0.06200 0.06300 0.06900
  1   | 0.17900 0.13300 0.13600 0.15600 0.15600 0.16700 0.13400 0.13600 0.14300 0.14300 0.14300 0.15700 0.17600 0.13500 0.17100
  2   | 0.22300 0.25900 0.23700 0.23300 0.25300 0.23900 0.24000 0.25500 0.23400 0.22600 0.23000 0.22700 0.23600 0.22900 0.22300
  3   | 0.31800 0.32300 0.32000 0.33600 0.32700 0.33300 0.31700 0.33900 0.33300 0.31300 0.29500 0.31000 0.30700 0.30800 0.30700
  4   | 0.39900 0.38800 0.37700 0.37900 0.39400 0.39700 0.37600 0.39000 0.39000 0.37700 0.35900 0.35400 0.36100 0.36700 0.37800
  5   | 0.47400 0.45600 0.43300 0.42300 0.42300 0.46000 0.43600 0.44800 0.45200 0.42500 0.41500 0.40800 0.40600 0.42900 0.42600
  6   | 0.51200 0.52400 0.45600 0.46700 0.46900 0.49500 0.48300 0.51200 0.50100 0.48400 0.45300 0.45200 0.45400 0.46700 0.47700
  7   | 0.49300 0.55500 0.54300 0.52800 0.50600 0.53200 0.52700 0.54300 0.53900 0.51800 0.48100 0.46200 0.50100 0.50400 0.49900
  8   | 0.49800 0.55500 0.59200 0.55200 0.55400 0.55500 0.54800 0.59000 0.57700 0.55100 0.52400 0.51800 0.53700 0.53700 0.54300
  9   | 0.60143 0.59837 0.61062 0.61886 0.63349 0.64650 0.62256 0.63357 0.61683 0.59826 0.56974 0.57058 0.59359 0.59204 0.59989
------+------------------------------------------------------------------------------------------------------------------------
                                               
 
 
        Weights at age in the catches (Kg)
        ----------------------------------
------+--------
AGE   |    2002
------+--------
  0   | 0.05200
  1   | 0.15900
  2   | 0.25500
  3   | 0.30700
  4   | 0.36900
  5   | 0.42600
  6   | 0.46400
  7   | 0.51400
  8   | 0.53900
  9   | 0.60695
------+--------
                                               
 
 
 
        Weights at age in the stock (Kg)
        --------------------------------
------+------------------------------------------------------------------------------------------------------------------------
AGE   |    1972    1973    1974    1975    1976    1977    1978    1979    1980    1981    1982    1983    1984    1985    1986
------+------------------------------------------------------------------------------------------------------------------------
  0   | 0.00800 0.00800 0.00800 0.00800 0.00800 0.00800 0.00800 0.00800 0.00800 0.00800 0.00800 0.00800 0.00000 0.00000 0.00000
  1   | 0.13200 0.13200 0.13000 0.12900 0.12800 0.12700 0.11100 0.11000 0.10900 0.08700 0.08600 0.08600 0.08100 0.08500 0.07700
  2   | 0.17800 0.17700 0.17300 0.17100 0.17000 0.16700 0.17500 0.17400 0.17300 0.18600 0.13500 0.17200 0.19400 0.16500 0.17900
  3   | 0.24300 0.24200 0.23800 0.23600 0.23600 0.23300 0.23800 0.23700 0.23600 0.25200 0.22100 0.23500 0.25300 0.29300 0.26700
  4   | 0.41100 0.30100 0.29600 0.29400 0.29300 0.28900 0.30000 0.29900 0.29700 0.31300 0.28000 0.28000 0.29500 0.30600 0.30400
  5   | 0.35500 0.43800 0.32200 0.31800 0.31800 0.31300 0.34600 0.34500 0.34300 0.32300 0.38500 0.33900 0.32400 0.34100 0.35600
  6   | 0.39800 0.39800 0.46900 0.36500 0.36500 0.36100 0.38200 0.38000 0.37900 0.37800 0.35300 0.37700 0.39300 0.38400 0.35100
  7   | 0.43300 0.43300 0.43300 0.49700 0.41900 0.41600 0.41000 0.40800 0.40700 0.41900 0.40800 0.40400 0.43600 0.43000 0.41600
  8   | 0.45900 0.45900 0.45900 0.45900 0.51200 0.44600 0.43200 0.43000 0.42900 0.43400 0.43700 0.43900 0.44100 0.45900 0.47300
  9   | 0.52039 0.51356 0.50978 0.50778 0.52147 0.53819 0.48449 0.50026 0.47262 0.46145 0.48332 0.52003 0.52040 0.52735 0.47727
------+------------------------------------------------------------------------------------------------------------------------
                                               
 
 
        Weights at age in the stock (Kg)
        --------------------------------
------+------------------------------------------------------------------------------------------------------------------------
AGE   |    1987    1988    1989    1990    1991    1992    1993    1994    1995    1996    1997    1998    1999    2000    2001
------+------------------------------------------------------------------------------------------------------------------------
  0   | 0.00000 0.00000 0.00000 0.00000 0.00000 0.00000 0.00000 0.00000 0.00000 0.00000 0.00000 0.00000 0.00000 0.00000 0.00000
  1   | 0.07800 0.07200 0.07600 0.07400 0.07500 0.07800 0.07800 0.07900 0.08100 0.07600 0.07600 0.07700 0.08100 0.07400 0.07800
  2   | 0.14800 0.15600 0.17700 0.13800 0.15500 0.21200 0.19700 0.17800 0.16400 0.13300 0.18600 0.14900 0.19400 0.18500 0.16400
  3   | 0.24000 0.23700 0.24400 0.22200 0.23000 0.25900 0.26800 0.23700 0.26700 0.25100 0.22800 0.22300 0.24200 0.23500 0.24100
  4   | 0.28600 0.30100 0.30600 0.28700 0.30700 0.31000 0.31500 0.30100 0.32600 0.31700 0.29600 0.28500 0.30100 0.28900 0.34200
  5   | 0.37400 0.32900 0.35200 0.33900 0.35700 0.36200 0.36000 0.36100 0.39800 0.36600 0.36100 0.34200 0.35300 0.35000 0.39000
  6   | 0.38600 0.42300 0.38000 0.37300 0.40900 0.40200 0.41600 0.41300 0.44800 0.44400 0.40200 0.40000 0.39600 0.39000 0.44600
  7   | 0.41100 0.44500 0.42900 0.41400 0.43200 0.42400 0.45400 0.46600 0.49100 0.46200 0.44500 0.42600 0.42300 0.42600 0.45900
  8   | 0.42900 0.43200 0.47400 0.40900 0.50200 0.46200 0.46500 0.47000 0.50800 0.50100 0.47800 0.46600 0.44000 0.44700 0.49900
  9   | 0.48549 0.50883 0.48511 0.47921 0.55943 0.53221 0.53432 0.53805 0.56525 0.58502 0.53083 0.52857 0.49131 0.50318 0.55877
------+------------------------------------------------------------------------------------------------------------------------
                                               
 
 
        Weights at age in the stock (Kg)
        --------------------------------
------+--------
AGE   |    2002
------+--------
  0   | 0.00000
  1   | 0.07800
  2   | 0.18100
  3   | 0.23900
  4   | 0.31100
  5   | 0.36400
  6   | 0.41100
  7   | 0.43600
  8   | 0.46200
  9   | 0.51945
------+--------
                                               
 
 
 
        Natural Mortality (per year)
        ----------------------------
------+------------------------------------------------------------------------------------------------------------------------
AGE   |    1972    1973    1974    1975    1976    1977    1978    1979    1980    1981    1982    1983    1984    1985    1986
------+------------------------------------------------------------------------------------------------------------------------
  0   | 0.15000 0.15000 0.15000 0.15000 0.15000 0.15000 0.15000 0.15000 0.15000 0.15000 0.15000 0.15000 0.15000 0.15000 0.15000
  1   | 0.15000 0.15000 0.15000 0.15000 0.15000 0.15000 0.15000 0.15000 0.15000 0.15000 0.15000 0.15000 0.15000 0.15000 0.15000
  2   | 0.15000 0.15000 0.15000 0.15000 0.15000 0.15000 0.15000 0.15000 0.15000 0.15000 0.15000 0.15000 0.15000 0.15000 0.15000
  3   | 0.15000 0.15000 0.15000 0.15000 0.15000 0.15000 0.15000 0.15000 0.15000 0.15000 0.15000 0.15000 0.15000 0.15000 0.15000
  4   | 0.15000 0.15000 0.15000 0.15000 0.15000 0.15000 0.15000 0.15000 0.15000 0.15000 0.15000 0.15000 0.15000 0.15000 0.15000
  5   | 0.15000 0.15000 0.15000 0.15000 0.15000 0.15000 0.15000 0.15000 0.15000 0.15000 0.15000 0.15000 0.15000 0.15000 0.15000
  6   | 0.15000 0.15000 0.15000 0.15000 0.15000 0.15000 0.15000 0.15000 0.15000 0.15000 0.15000 0.15000 0.15000 0.15000 0.15000
  7   | 0.15000 0.15000 0.15000 0.15000 0.15000 0.15000 0.15000 0.15000 0.15000 0.15000 0.15000 0.15000 0.15000 0.15000 0.15000
  8   | 0.15000 0.15000 0.15000 0.15000 0.15000 0.15000 0.15000 0.15000 0.15000 0.15000 0.15000 0.15000 0.15000 0.15000 0.15000
  9   | 0.15000 0.15000 0.15000 0.15000 0.15000 0.15000 0.15000 0.15000 0.15000 0.15000 0.15000 0.15000 0.15000 0.15000 0.15000
------+------------------------------------------------------------------------------------------------------------------------
                                               
 
 
        Natural Mortality (per year)
        ----------------------------
------+------------------------------------------------------------------------------------------------------------------------
AGE   |    1987    1988    1989    1990    1991    1992    1993    1994    1995    1996    1997    1998    1999    2000    2001
------+------------------------------------------------------------------------------------------------------------------------
  0   | 0.15000 0.15000 0.15000 0.15000 0.15000 0.15000 0.15000 0.15000 0.15000 0.15000 0.15000 0.15000 0.15000 0.15000 0.15000
  1   | 0.15000 0.15000 0.15000 0.15000 0.15000 0.15000 0.15000 0.15000 0.15000 0.15000 0.15000 0.15000 0.15000 0.15000 0.15000
  2   | 0.15000 0.15000 0.15000 0.15000 0.15000 0.15000 0.15000 0.15000 0.15000 0.15000 0.15000 0.15000 0.15000 0.15000 0.15000
  3   | 0.15000 0.15000 0.15000 0.15000 0.15000 0.15000 0.15000 0.15000 0.15000 0.15000 0.15000 0.15000 0.15000 0.15000 0.15000
  4   | 0.15000 0.15000 0.15000 0.15000 0.15000 0.15000 0.15000 0.15000 0.15000 0.15000 0.15000 0.15000 0.15000 0.15000 0.15000
  5   | 0.15000 0.15000 0.15000 0.15000 0.15000 0.15000 0.15000 0.15000 0.15000 0.15000 0.15000 0.15000 0.15000 0.15000 0.15000
  6   | 0.15000 0.15000 0.15000 0.15000 0.15000 0.15000 0.15000 0.15000 0.15000 0.15000 0.15000 0.15000 0.15000 0.15000 0.15000
  7   | 0.15000 0.15000 0.15000 0.15000 0.15000 0.15000 0.15000 0.15000 0.15000 0.15000 0.15000 0.15000 0.15000 0.15000 0.15000
  8   | 0.15000 0.15000 0.15000 0.15000 0.15000 0.15000 0.15000 0.15000 0.15000 0.15000 0.15000 0.15000 0.15000 0.15000 0.15000
  9   | 0.15000 0.15000 0.15000 0.15000 0.15000 0.15000 0.15000 0.15000 0.15000 0.15000 0.15000 0.15000 0.15000 0.15000 0.15000
------+------------------------------------------------------------------------------------------------------------------------
                                               
 
 
        Natural Mortality (per year)
        ----------------------------
------+--------
AGE   |    2002
------+--------
  0   | 0.15000
  1   | 0.15000
  2   | 0.15000
  3   | 0.15000
  4   | 0.15000
  5   | 0.15000
  6   | 0.15000
  7   | 0.15000
  8   | 0.15000
  9   | 0.15000
------+--------
                                               
 
 
 
        Proportion of fish spawning
        ---------------------------
------+------------------------------------------------------------------------------------------------------------------------
AGE   |    1972    1973    1974    1975    1976    1977    1978    1979    1980    1981    1982    1983    1984    1985    1986
------+------------------------------------------------------------------------------------------------------------------------
  0   |  0.0000  0.0000  0.0000  0.0000  0.0000  0.0000  0.0000  0.0000  0.0000  0.0000  0.0000  0.0000  0.0000  0.0000  0.0000
  1   |  0.0500  0.0500  0.0500  0.0600  0.0600  0.0600  0.0600  0.0600  0.0600  0.0700  0.0700  0.0700  0.0700  0.0700  0.0700
  2   |  0.5300  0.5400  0.5400  0.5500  0.5500  0.5500  0.5600  0.5600  0.5700  0.5700  0.5700  0.5800  0.5800  0.5800  0.5800
  3   |  0.9000  0.9000  0.9000  0.8900  0.8900  0.8900  0.8900  0.8900  0.8900  0.8800  0.8800  0.8800  0.8800  0.8800  0.8800
  4   |  0.9800  0.9800  0.9800  0.9800  0.9800  0.9800  0.9800  0.9800  0.9800  0.9800  0.9800  0.9800  0.9700  0.9700  0.9700
  5   |  0.9800  0.9800  0.9800  0.9800  0.9800  0.9800  0.9800  0.9800  0.9800  0.9800  0.9800  0.9800  0.9700  0.9700  0.9700
  6   |  0.9900  0.9900  0.9900  0.9900  0.9900  0.9900  0.9900  0.9900  0.9900  0.9900  0.9900  0.9900  0.9900  0.9900  0.9900
  7   |  1.0000  1.0000  1.0000  1.0000  1.0000  1.0000  1.0000  1.0000  1.0000  1.0000  1.0000  1.0000  1.0000  1.0000  1.0000
  8   |  1.0000  1.0000  1.0000  1.0000  1.0000  1.0000  1.0000  1.0000  1.0000  1.0000  1.0000  1.0000  1.0000  1.0000  1.0000
  9   |  1.0000  1.0000  1.0000  1.0000  1.0000  1.0000  1.0000  1.0000  1.0000  1.0000  1.0000  1.0000  1.0000  1.0000  1.0000
------+------------------------------------------------------------------------------------------------------------------------
                                               
 
 
        Proportion of fish spawning
        ---------------------------
------+------------------------------------------------------------------------------------------------------------------------
AGE   |    1987    1988    1989    1990    1991    1992    1993    1994    1995    1996    1997    1998    1999    2000    2001
------+------------------------------------------------------------------------------------------------------------------------
  0   |  0.0000  0.0000  0.0000  0.0000  0.0000  0.0000  0.0000  0.0000  0.0000  0.0000  0.0000  0.0000  0.0000  0.0000  0.0000
  1   |  0.0700  0.0700  0.0700  0.0700  0.0700  0.0700  0.0700  0.0700  0.0700  0.0700  0.0700  0.0700  0.0700  0.0700  0.0700
  2   |  0.5800  0.5800  0.5800  0.5800  0.5800  0.5800  0.5800  0.5800  0.5800  0.5800  0.5800  0.5800  0.5800  0.5800  0.5900
  3   |  0.8800  0.8800  0.8800  0.8800  0.8800  0.8800  0.8800  0.8800  0.8800  0.8800  0.8800  0.8600  0.8600  0.8600  0.8800
  4   |  0.9700  0.9700  0.9700  0.9700  0.9700  0.9700  0.9700  0.9700  0.9700  0.9700  0.9700  0.9800  0.9800  0.9800  0.9700
  5   |  0.9700  0.9700  0.9700  0.9700  0.9700  0.9700  0.9700  0.9700  0.9700  0.9700  0.9700  0.9800  0.9800  0.9800  0.9700
  6   |  0.9900  0.9900  0.9900  0.9900  0.9900  0.9900  0.9900  0.9900  0.9900  0.9900  0.9900  0.9900  0.9900  0.9900  0.9900
  7   |  1.0000  1.0000  1.0000  1.0000  1.0000  1.0000  1.0000  1.0000  1.0000  1.0000  1.0000  1.0000  1.0000  1.0000  1.0000
  8   |  1.0000  1.0000  1.0000  1.0000  1.0000  1.0000  1.0000  1.0000  1.0000  1.0000  1.0000  1.0000  1.0000  1.0000  1.0000
  9   |  1.0000  1.0000  1.0000  1.0000  1.0000  1.0000  1.0000  1.0000  1.0000  1.0000  1.0000  1.0000  1.0000  1.0000  1.0000
------+------------------------------------------------------------------------------------------------------------------------
                                               
 
 
        Proportion of fish spawning
        ---------------------------
------+--------
AGE   |    2002
------+--------
  0   |  0.0000
  1   |  0.0700
  2   |  0.5900
  3   |  0.8800
  4   |  0.9700
  5   |  0.9700
  6   |  0.9900
  7   |  1.0000
  8   |  1.0000
  9   |  1.0000
------+--------
                                               
 
 
 
 INDICES OF SPAWNING BIOMASS                                                    
  
 ----------------------------
 
          INDEX
        -------
------+------------------------------------------------------------------------------------------------------------------------
      |    1972    1973    1974    1975    1976    1977    1978    1979    1980    1981    1982    1983    1984    1985    1986
------+------------------------------------------------------------------------------------------------------------------------
  1   | ******* ******* ******* ******* ******* ******* ******* ******* ******* ******* ******* ******* ******* ******* *******
------+------------------------------------------------------------------------------------------------------------------------
       x 10 ^ 3                                
 
 
          INDEX
        -------
------+------------------------------------------------------------------------------------------------------------------------
      |    1987    1988    1989    1990    1991    1992    1993    1994    1995    1996    1997    1998    1999    2000    2001
------+------------------------------------------------------------------------------------------------------------------------
  1   | *******  277.21  254.55  226.71  247.70  261.82  262.87  264.41  298.69  304.29  305.02  284.81  291.96  277.99  298.92
------+------------------------------------------------------------------------------------------------------------------------
       x 10 ^ 3                                
 
 
          INDEX
        -------
------+--------
      |    2002
------+--------
  1   |  299.14
------+--------
       x 10 ^ 3                                
 
 
 
 AGE-STRUCTURED INDICES                                                         
  
 -----------------------
 
        FLT01: Dummy survey
        -------------------
------+--------------------------------
AGE   |    1981    1982    1983    1984
------+--------------------------------
  1   |  266.10  203.00   43.60   15.24
  2   |  506.40  435.90  712.70   79.51
  3   |  225.10  483.60  444.60  661.83
  4   |   31.70  184.10  391.60  374.60
  5   |  174.80   24.70  130.40  238.20
  6   |  158.50  136.60   20.20   92.00
  7   |   99.50  108.60   91.30   15.54
  8   |  116.60   84.50   70.90   51.47
  9   |   35.30   87.00   47.10   39.27
------+--------------------------------
       x 10 ^ 3                                
 
 
 
        Fishing Mortality (per year)
        ----------------------------
------+------------------------------------------------------------------------------------------------------------------------
AGE   |    1972    1973    1974    1975    1976    1977    1978    1979    1980    1981    1982    1983    1984    1985    1986
------+------------------------------------------------------------------------------------------------------------------------
  0   | 0.00994 0.00777 0.00771 0.00751 0.00844 0.00923 0.00524 0.00814 0.00639 0.00971 0.00975 0.00491 0.00468 0.00607 0.00694
  1   | 0.03764 0.02944 0.02919 0.02848 0.03208 0.03513 0.01992 0.03099 0.02434 0.03687 0.03691 0.01862 0.01880 0.02271 0.02611
  2   | 0.08339 0.06516 0.06464 0.06299 0.07105 0.07799 0.04428 0.06883 0.05411 0.08202 0.08181 0.04115 0.04166 0.05333 0.05694
  3   | 0.16435 0.12851 0.12738 0.12415 0.13985 0.15367 0.08750 0.13618 0.10692 0.16212 0.16164 0.08104 0.08188 0.10502 0.11906
  4   | 0.25024 0.19581 0.19425 0.18913 0.21305 0.23366 0.13327 0.20804 0.16348 0.24729 0.24626 0.12353 0.12454 0.15924 0.18071
  5   | 0.28290 0.22118 0.21969 0.21411 0.24083 0.26399 0.15029 0.23519 0.18535 0.28054 0.27810 0.13936 0.14081 0.17951 0.20276
  6   | 0.31728 0.24787 0.24603 0.24016 0.27041 0.29570 0.16834 0.26286 0.20774 0.31539 0.31255 0.15586 0.15750 0.20118 0.22622
  7   | 0.35906 0.28030 0.27810 0.27125 0.30592 0.33475 0.19019 0.29699 0.23399 0.35617 0.35386 0.17664 0.17771 0.22683 0.25535
  8   | 0.32645 0.25515 0.25314 0.24677 0.27800 0.30467 0.17330 0.27026 0.21270 0.32252 0.32094 0.16086 0.16241 0.20618 0.23165
  9   | 0.32645 0.25515 0.25314 0.24677 0.27800 0.30467 0.17330 0.27026 0.21270 0.32252 0.32094 0.16086 0.16241 0.20618 0.23165
------+------------------------------------------------------------------------------------------------------------------------
                                               
 
 
        Fishing Mortality (per year)
        ----------------------------
------+------------------------------------------------------------------------------------------------------------------------
AGE   |    1987    1988    1989    1990    1991    1992    1993    1994    1995    1996    1997    1998    1999    2000    2001
------+------------------------------------------------------------------------------------------------------------------------
  0   | 0.00500 0.00498 0.00809 0.00783 0.00709 0.00971 0.00772 0.00763 0.00761 0.00549 0.00931 0.00823 0.00730 0.00966 0.00666
  1   | 0.01891 0.01881 0.03047 0.02915 0.02613 0.03673 0.02920 0.02889 0.02881 0.02080 0.03523 0.03114 0.02761 0.03657 0.02522
  2   | 0.04148 0.04155 0.06714 0.06399 0.05666 0.08130 0.06463 0.06395 0.06378 0.04603 0.07798 0.06892 0.06112 0.08095 0.05582
  3   | 0.08012 0.08086 0.13133 0.12476 0.11008 0.16039 0.12751 0.12617 0.12583 0.09081 0.15384 0.13597 0.12058 0.15971 0.11012
  4   | 0.12974 0.12001 0.19602 0.18690 0.16446 0.24518 0.19492 0.19286 0.19234 0.13882 0.23517 0.20786 0.18433 0.24414 0.16833
  5   | 0.14575 0.14499 0.21397 0.20472 0.18108 0.27888 0.22171 0.21937 0.21878 0.15789 0.26749 0.23642 0.20966 0.27769 0.19146
  6   | 0.16177 0.16127 0.25910 0.21866 0.19451 0.31533 0.25068 0.24804 0.24737 0.17853 0.30244 0.26732 0.23706 0.31398 0.21649
  7   | 0.18167 0.18018 0.28955 0.27125 0.20597 0.36125 0.28719 0.28417 0.28340 0.20453 0.34650 0.30626 0.27159 0.35972 0.24802
  8   | 0.16499 0.16286 0.25988 0.24285 0.21026 0.33466 0.26605 0.26324 0.26253 0.18947 0.32098 0.28371 0.25159 0.33323 0.22976
  9   | 0.16499 0.16286 0.25988 0.24285 0.21026 0.33466 0.26605 0.26324 0.26253 0.18947 0.32098 0.28371 0.25159 0.33323 0.22976
------+------------------------------------------------------------------------------------------------------------------------
                                               
 
 
        Fishing Mortality (per year)
        ----------------------------
------+--------
AGE   |    2002
------+--------
  0   | 0.00926
  1   | 0.03505
  2   | 0.07758
  3   | 0.15306
  4   | 0.23397
  5   | 0.26613
  6   | 0.30091
  7   | 0.34474
  8   | 0.31936
  9   | 0.31936
------+--------
                                               
 
 
 
        Population Abundance (1 January)
        --------------------------------
------+------------------------------------------------------------------------------------------------------------------------
AGE   |    1972    1973    1974    1975    1976    1977    1978    1979    1980    1981    1982    1983    1984    1985    1986
------+------------------------------------------------------------------------------------------------------------------------
  0   |  772.55  385.45  523.94  108.95  373.99  376.25  795.82  608.40  447.04  811.25  632.86  233.52  471.34  390.79  190.27
  1   |  666.25  658.36  329.19  447.50   93.07  319.19  320.86  681.39  519.41  382.32  691.51  539.42  200.01  403.79  334.32
  2   |  124.22  552.26  550.22  275.19  374.35   77.58  265.25  270.72  568.58  436.31  317.15  573.62  455.72  168.94  339.75
  3   |  448.00   98.36  445.35  443.93  222.39  300.11   61.76  218.41  217.51  463.60  345.97  251.53  473.82  376.24  137.86
  4   |  164.00  327.16   74.45  337.47  337.49  166.43  221.51   48.71  164.05  168.23  339.31  253.33  199.64  375.75  291.55
  5   |   70.33  109.90  231.51   52.77  240.41  234.74  113.40  166.87   34.05  119.91  113.07  228.30  192.71  151.71  275.81
  6   |  114.72   45.62   75.83  159.96   36.66  162.64  155.17   83.99  113.53   24.35   77.96   73.70  170.94  144.08  109.12
  7   |   73.80   71.89   30.64   51.03  108.29   24.08  104.15  112.86   55.58   79.38   15.29   49.09   54.28  125.69  101.41
  8   |   32.78   44.36   46.75   19.97   33.49   68.64   14.83   74.12   72.18   37.86   47.85    9.24   35.41   39.11   86.22
  9   |   39.41   40.26   53.21   61.06   51.57   50.68   69.29   54.13   80.23   99.78   75.55   73.57   50.92   52.82   58.12
------+------------------------------------------------------------------------------------------------------------------------
       x 10 ^ 6                                
 
 
        Population Abundance (1 January)
        --------------------------------
------+------------------------------------------------------------------------------------------------------------------------
AGE   |    1987    1988    1989    1990    1991    1992    1993    1994    1995    1996    1997    1998    1999    2000    2001
------+------------------------------------------------------------------------------------------------------------------------
  0   |  465.95  667.52  394.96  586.95  424.96  577.20  528.91  511.74  481.46  518.44  361.17  482.72  542.35  591.62  509.28
  1   |  162.64  399.05  571.69  337.21  501.25  335.17  492.00  451.74  437.11  411.25  443.78  307.98  412.08  463.41  504.31
  2   |  280.34  137.36  337.06  477.29  281.90  377.32  278.08  411.28  377.74  365.54  346.68  368.74  256.96  345.02  384.54
  3   |  276.24  231.49  113.42  271.27  385.34  201.16  299.40  224.36  332.06  305.03  300.47  276.01  296.24  208.05  273.87
  4   |  105.34  219.45  183.77   85.61  206.10  255.47  147.48  226.85  170.22  252.02  239.75  221.74  207.36  226.01  152.64
  5   |  209.45   79.63  167.52  130.01   61.12  125.59  172.08  104.46  161.00  120.87  188.80  163.11  155.03  148.43  152.39
  6   |  193.82  155.83   59.29  116.41   91.19   35.27   81.79  118.66   72.20  111.35   88.84  124.36  110.83  108.20   96.78
  7   |   74.91  141.91  114.14   39.38   80.52   48.90   22.15   54.79   79.69   48.52   80.17   56.51   81.93   75.26   68.03
  8   |   67.61   53.76  102.00   73.55   25.84   38.92   29.33   14.30   35.49   51.67   34.04   48.79   35.81   53.75   45.21
  9   |   89.46  110.75  111.33  131.01  120.91   71.20   62.53   51.29   36.47   45.16   64.02   57.46   67.06   64.31   66.66
------+------------------------------------------------------------------------------------------------------------------------
       x 10 ^ 6                                
 
 
        Population Abundance (1 January)
        --------------------------------
------+----------------
AGE   |    2002    2003
------+----------------
  0   |  591.61  414.99
  1   |  435.43  504.51
  2   |  423.26  361.87
  3   |  313.01  337.11
  4   |  211.14  231.17
  5   |  111.02  143.82
  6   |  108.31   73.23
  7   |   67.08   69.00
  8   |   45.69   40.90
  9   |   72.60   73.98
------+----------------
       x 10 ^ 6                                
 
 
 
        Weighting factors for the catches in number
        -------------------------------------------
------+----------------------------------------------------------------------------------------
AGE   |    1992    1993    1994    1995    1996    1997    1998    1999    2000    2001    2002
------+----------------------------------------------------------------------------------------
  0   |  0.0200  0.0200  0.0200  0.0200  0.0200  0.0200  0.0200  0.0200  0.0200  0.0200  0.0200
  1   |  1.0000  1.0000  1.0000  1.0000  1.0000  1.0000  1.0000  1.0000  1.0000  1.0000  1.0000
  2   |  1.0000  1.0000  1.0000  1.0000  1.0000  1.0000  1.0000  1.0000  1.0000  1.0000  1.0000
  3   |  1.0000  1.0000  1.0000  1.0000  1.0000  1.0000  1.0000  1.0000  1.0000  1.0000  1.0000
  4   |  1.0000  1.0000  1.0000  1.0000  1.0000  1.0000  1.0000  1.0000  1.0000  1.0000  1.0000
  5   |  1.0000  1.0000  1.0000  1.0000  1.0000  1.0000  1.0000  1.0000  1.0000  1.0000  1.0000
  6   |  1.0000  1.0000  1.0000  1.0000  1.0000  1.0000  1.0000  1.0000  1.0000  1.0000  1.0000
  7   |  1.0000  1.0000  1.0000  1.0000  1.0000  1.0000  1.0000  1.0000  1.0000  1.0000  1.0000
  8   |  1.0000  1.0000  1.0000  1.0000  1.0000  1.0000  1.0000  1.0000  1.0000  1.0000  1.0000
------+----------------------------------------------------------------------------------------
                                               
 
 
 
 Predicted SSB Index Values                                                     
  
 ---------------------------
 
          INDEX
        -------
------+------------------------------------------------------------------------------------------------------------------------
      |    1972    1973    1974    1975    1976    1977    1978    1979    1980    1981    1982    1983    1984    1985    1986
------+------------------------------------------------------------------------------------------------------------------------
  1   | ******* ******* ******* ******* ******* ******* ******* ******* ******* ******* ******* ******* ******* ******* *******
------+------------------------------------------------------------------------------------------------------------------------
       x 10 ^ 3                                
 
 
          INDEX
        -------
------+------------------------------------------------------------------------------------------------------------------------
      |    1987    1988    1989    1990    1991    1992    1993    1994    1995    1996    1997    1998    1999    2000    2001
------+------------------------------------------------------------------------------------------------------------------------
  1   | *******  320.68  300.15  272.33  300.87  261.80  262.87  264.43  298.72  304.31  305.05  284.85  292.00  278.03  298.96
------+------------------------------------------------------------------------------------------------------------------------
       x 10 ^ 3                                
 
 
          INDEX
        -------
------+--------
      |    2002
------+--------
  1   |  299.15
------+--------
       x 10 ^ 3                                
 
 
 
 Predicted Age-Structured Index Values                                          
  
 --------------------------------------
 
        FLT01: Dummy survey Predicted
        -----------------------------
------+--------------------------------
AGE   |    1981    1982    1983    1984
------+--------------------------------
  1   |   71.65  129.59  102.11   37.86
  2   |  330.86  240.53  444.86  353.33
  3   |  515.86  385.07  292.65  551.01
  4   |  119.99  242.15  193.41  152.34
  5   |   79.41   74.99  163.40  137.82
  6   |   26.54   85.10   87.69  203.20
  7   |  111.48   21.50   76.09   84.08
  8   |  101.06  127.86   26.95  103.23
  9   |   63.32   47.98   51.03   35.29
------+--------------------------------
       x 10 ^ 3                                
 
 
 
        Fitted Selection Pattern
        ------------------------
------+------------------------------------------------------------------------------------------------------------------------
AGE   |    1972    1973    1974    1975    1976    1977    1978    1979    1980    1981    1982    1983    1984    1985    1986
------+------------------------------------------------------------------------------------------------------------------------
  0   |  0.0351  0.0351  0.0351  0.0351  0.0351  0.0350  0.0349  0.0346  0.0345  0.0346  0.0351  0.0352  0.0332  0.0338  0.0342
  1   |  0.1331  0.1331  0.1329  0.1330  0.1332  0.1331  0.1325  0.1318  0.1313  0.1314  0.1327  0.1336  0.1335  0.1265  0.1288
  2   |  0.2948  0.2946  0.2942  0.2942  0.2950  0.2954  0.2947  0.2927  0.2920  0.2924  0.2942  0.2953  0.2959  0.2971  0.2808
  3   |  0.5810  0.5810  0.5798  0.5798  0.5807  0.5821  0.5822  0.5790  0.5769  0.5779  0.5812  0.5815  0.5815  0.5850  0.5872
  4   |  0.8846  0.8853  0.8842  0.8833  0.8846  0.8851  0.8868  0.8846  0.8820  0.8815  0.8855  0.8864  0.8844  0.8871  0.8913
  5   |  1.0000  1.0000  1.0000  1.0000  1.0000  1.0000  1.0000  1.0000  1.0000  1.0000  1.0000  1.0000  1.0000  1.0000  1.0000
  6   |  1.1215  1.1206  1.1199  1.1216  1.1228  1.1201  1.1201  1.1177  1.1208  1.1242  1.1239  1.1184  1.1185  1.1208  1.1157
  7   |  1.2692  1.2673  1.2659  1.2669  1.2703  1.2681  1.2655  1.2628  1.2624  1.2696  1.2724  1.2675  1.2620  1.2636  1.2594
  8   |  1.1539  1.1536  1.1523  1.1525  1.1543  1.1541  1.1531  1.1491  1.1476  1.1496  1.1541  1.1543  1.1534  1.1486  1.1425
  9   |  1.1539  1.1536  1.1523  1.1525  1.1543  1.1541  1.1531  1.1491  1.1476  1.1496  1.1541  1.1543  1.1534  1.1486  1.1425
------+------------------------------------------------------------------------------------------------------------------------
                                               
 
 
        Fitted Selection Pattern
        ------------------------
------+------------------------------------------------------------------------------------------------------------------------
AGE   |    1987    1988    1989    1990    1991    1992    1993    1994    1995    1996    1997    1998    1999    2000    2001
------+------------------------------------------------------------------------------------------------------------------------
  0   |  0.0343  0.0343  0.0378  0.0383  0.0391  0.0348  0.0348  0.0348  0.0348  0.0348  0.0348  0.0348  0.0348  0.0348  0.0348
  1   |  0.1297  0.1298  0.1424  0.1424  0.1443  0.1317  0.1317  0.1317  0.1317  0.1317  0.1317  0.1317  0.1317  0.1317  0.1317
  2   |  0.2846  0.2866  0.3138  0.3126  0.3129  0.2915  0.2915  0.2915  0.2915  0.2915  0.2915  0.2915  0.2915  0.2915  0.2915
  3   |  0.5497  0.5577  0.6138  0.6094  0.6079  0.5751  0.5751  0.5751  0.5751  0.5751  0.5751  0.5751  0.5751  0.5751  0.5751
  4   |  0.8902  0.8277  0.9161  0.9130  0.9082  0.8792  0.8792  0.8792  0.8792  0.8792  0.8792  0.8792  0.8792  0.8792  0.8792
  5   |  1.0000  1.0000  1.0000  1.0000  1.0000  1.0000  1.0000  1.0000  1.0000  1.0000  1.0000  1.0000  1.0000  1.0000  1.0000
  6   |  1.1099  1.1123  1.2109  1.0681  1.0741  1.1307  1.1307  1.1307  1.1307  1.1307  1.1307  1.1307  1.1307  1.1307  1.1307
  7   |  1.2465  1.2427  1.3532  1.3250  1.1374  1.2954  1.2954  1.2954  1.2954  1.2954  1.2954  1.2954  1.2954  1.2954  1.2954
  8   |  1.1320  1.1233  1.2145  1.1862  1.1611  1.2000  1.2000  1.2000  1.2000  1.2000  1.2000  1.2000  1.2000  1.2000  1.2000
  9   |  1.1320  1.1233  1.2145  1.1862  1.1611  1.2000  1.2000  1.2000  1.2000  1.2000  1.2000  1.2000  1.2000  1.2000  1.2000
------+------------------------------------------------------------------------------------------------------------------------
                                               
 
 
        Fitted Selection Pattern
        ------------------------
------+--------
AGE   |    2002
------+--------
  0   |  0.0348
  1   |  0.1317
  2   |  0.2915
  3   |  0.5751
  4   |  0.8792
  5   |  1.0000
  6   |  1.1307
  7   |  1.2954
  8   |  1.2000
  9   |  1.2000
------+--------
                                               
 
 
 
 
 
                    STOCK SUMMARY                                             
 
 
 ³ Year ³  Recruits  ³  Total  ³ Spawning³ Landings ³ Yield ³ Mean F ³ SoP ³    
 ³      ³   Age   0  ³ Biomass ³ Biomass ³          ³ /SSB  ³  Ages  ³     ³ 
 ³      ³  thousands ³  tonnes ³ tonnes  ³ tonnes   ³ ratio ³  4- 7  ³ (%) ³ 
 
   1972       772540    430634    270960     84375   0.3114   0.3024    99
   1973       385440    448473    272777     63920   0.2343   0.2363    99
   1974       523940    442165    298949     65189   0.2181   0.2345    99
   1975       108950    450339    314820     66553   0.2114   0.2287    99
   1976       373990    409155    308302     74533   0.2418   0.2576    99
   1977       376240    374620    270474     77182   0.2854   0.2820   100
   1978       795810    350741    254252     40220   0.1582   0.1605   100
   1979       608400    387730    245287     58948   0.2403   0.2508   100
   1980       447030    404823    264093     53495   0.2026   0.1976    99
   1981       811250    434058    297475     83906   0.2821   0.2998    99
   1982       632850    413527    276217     84440   0.3057   0.2977    99
   1983       233510    444283    312443     44480   0.1424   0.1488    99
   1984       471340    478777    366534     50298   0.1372   0.1501   100
   1985       390790    494330    381092     79615   0.2089   0.1917    99
   1986       190270    459194    348577     86112   0.2470   0.2163   100
   1987       465950    406972    326173     58483   0.1793   0.1547   100
   1988       667510    405920    320681     58188   0.1815   0.1516    99
   1989       394950    419834    300146     83417   0.2779   0.2397   100
   1990       586950    372273    272326     71722   0.2634   0.2204    99
   1991       424960    407706    300867     63521   0.2111   0.1865   100
   1992       577190    373681    261804     81262   0.3104   0.3002   100
   1993       528900    372930    262869     62321   0.2371   0.2386    99
   1994       511730    376914    264426     67360   0.2547   0.2361    99
   1995       481450    415703    298716     69764   0.2335   0.2355    99
   1996       518430    404724    304314     52315   0.1719   0.1699    99
   1997       361170    427482    305049     87756   0.2877   0.2879   100
   1998       482720    386115    284846     75758   0.2660   0.2545    99
   1999       542340    399309    292004     69052   0.2365   0.2257   100
   2000       591610    394926    278033     89146   0.3206   0.2989    99
   2001       509280    414235    298963     61199   0.2047   0.2061    99
   2002       591610    424045    299153     87140   0.2913   0.2864    99
 
 -----------------------------------------------------------------            
 No of years for separable analysis : 11                                      
 Age range in the analysis : 0  . . . 9                                       
 Year range in the analysis : 1972  . . . 2002                                
 Number of indices of SSB : 1                                                 
 Number of age-structured indices : 1                                         
                                                                              
 Parameters to estimate : 46                                                  
 Number of observations : 150                                                 
                                                                              
 Conventional single selection vector model to be fitted.                     
                                                                              
                                                                              
                                                                              
 -----------------------------------------------------------------            
 
 
 PARAMETER ESTIMATES                                                            
  
 
 ³Parm.³      ³ Maximum ³    ³        ³         ³         ³         ³ Mean of ³ 
  
 ³ No. ³      ³ Likelh. ³ CV ³  Lower ³ Upper   ³  -s.e.  ³   +s.e. ³ Param.  ³ 
  
 ³     ³      ³ Estimate³ (%)³ 95% CL ³ 95% CL  ³         ³         ³ Distrib.³ 
  
 Separable model : F by year                                                    
  
    1   1992     0.2189   0    0.2189    0.2189    0.2189    0.2189    0.2189
    2   1993     0.1740   0    0.1740    0.1740    0.1740    0.1740    0.1740
    3   1994     0.1736   0    0.1736    0.1736    0.1736    0.1736    0.1736
    4   1995     0.1762   0    0.1762    0.1762    0.1762    0.1762    0.1762
    5   1996     0.1319   0    0.1319    0.1319    0.1319    0.1319    0.1319
    6   1997     0.2350   0    0.2350    0.2350    0.2350    0.2350    0.2350
    7   1998     0.2218   0    0.2218    0.2218    0.2218    0.2218    0.2218
    8   1999     0.2142   0    0.2142    0.2142    0.2142    0.2142    0.2142
    9   2000     0.3149   0    0.3149    0.3149    0.3149    0.3149    0.3149
   10   2001     0.2445   0    0.2445    0.2445    0.2445    0.2445    0.2445
   11   2002     0.3904   0    0.3904    0.3904    0.3904    0.3904    0.3904
 
 Separable Model: Selection (S) by age                                          
  
   12      0     0.0474   0    0.0474    0.0474    0.0474    0.0474    0.0474
   13      1     0.1606   0    0.1606    0.1606    0.1606    0.1606    0.1606
   14      2     0.3269   0    0.3269    0.3269    0.3269    0.3269    0.3269
   15      3     0.6091   0    0.6091    0.6091    0.6091    0.6091    0.6091
   16      4     0.8981   0    0.8981    0.8981    0.8981    0.8981    0.8981
           5     1.0000     Fixed : Reference Age             
   17      6     1.1219   0    1.1219    1.1219    1.1219    1.1219    1.1219
   18      7     1.1959   0    1.1959    1.1959    1.1959    1.1959    1.1959
           8     1.2000     Fixed : Last true age             
 
 Separable model: Populations in year 2002                                    
   19      0     297275   0     297275    297275    297275    297275    297275
   20      1     248146   0     248146    248146    248146    248146    248146
   21      2     267576   0     267576    267576    267576    267576    267576
   22      3     215280   0     215280    215280    215280    215280    215280
   23      4     154551   0     154551    154551    154551    154551    154551
   24      5      85025   0      85025     85025     85025     85025     85025
   25      6      86799   0      86799     86799     86799     86799     86799
   26      7      56601   0      56601     56601     56601     56601     56601
   27      8      41429   0      41429     41429     41429     41429     41429
 
Separable model: Populations at age
   28   1992      56403   0      56403     56403     56403     56403     56403
   29   1993      42832   0      42832     42832     42832     42832     42832
   30   1994      20678   0      20678     20678     20678     20678     20678
   31   1995      51331   0      51331     51331     51331     51331     51331
   32   1996      74452   0      74452     74452     74452     74452     74452
   33   1997      47286   0      47286     47286     47286     47286     47286
   34   1998      66225   0      66225     66225     66225     66225     66225
   35   1999      45588   0      45588     45588     45588     45588     45588
   36   2000      62202   0      62202     62202     62202     62202     62202
   37   2001      46978   0      46978     46978     46978     46978     46978
 
 SSB Index catchabilities                                                       
  
   INDEX                                 
 Absolute estimator. No fitted catchability.                                    
  
 
 
 
 Age-structured index catchabilities                                            
  
                                        FLT01: Dummy survey                     
 
 Linear model fitted. Slopes at age :                                           
  
   38   1  Q  .2077       0 .2077     .2077     .2077     .2077     .2077    
   39   2  Q  .8615       0 .8615     .8615     .8615     .8615     .8615    
   40   3  Q  1.321       0 1.321     1.321     1.321     1.321     1.321    
   41   4  Q  .8874       0 .8874     .8874     .8874     .8874     .8874    
   42   5  Q  .8392       0 .8392     .8392     .8392     .8392     .8392    
   43   6  Q  1.408       0 1.408     1.408     1.408     1.408     1.408    
   44   7  Q  1.855       0 1.855     1.855     1.855     1.855     1.855    
   45   8  Q  3.462       0 3.462     3.462     3.462     3.462     3.462    
   46   9  Q  .8307       0 .8307     .8307     .8307     .8307     .8307    
 
 
 
 RESIDUALS ABOUT THE MODEL FIT                                                  
  
 ------------------------------
 
        Separable Model Residuals
        -------------------------
------+----------------------------------------------------------------------------------------
Age   |    1992    1993    1994    1995    1996    1997    1998    1999    2000    2001    2002
------+----------------------------------------------------------------------------------------
  0   | ******* ******* ******* ******* ******* ******* ******* ******* ******* ******* *******
  1   | ******* ******* ******* ******* ******* ******* ******* ******* ******* ******* *******
  2   | ******* ******* ******* ******* ******* ******* ******* ******* ******* ******* *******
  3   | ******* ******* ******* ******* ******* ******* ******* ******* ******* ******* *******
  4   | ******* ******* ******* ******* ******* ******* ******* ******* ******* ******* *******
  5   | ******* ******* ******* ******* ******* ******* ******* ******* ******* ******* *******
  6   | ******* ******* ******* ******* ******* ******* ******* ******* ******* ******* *******
  7   | ******* ******* ******* ******* ******* ******* ******* ******* ******* ******* *******
  8   | ******* ******* ******* ******* ******* ******* ******* ******* ******* ******* *******
------+----------------------------------------------------------------------------------------
                                               
 
 
 
 SPAWNING BIOMASS INDEX RESIDUALS                                               
  
 ---------------------------------
 
          INDEX
        -------
------+------------------------------------------------------------------------------------------------------------------------
      |    1972    1973    1974    1975    1976    1977    1978    1979    1980    1981    1982    1983    1984    1985    1986
------+------------------------------------------------------------------------------------------------------------------------
  1   | ******* ******* ******* ******* ******* ******* ******* ******* ******* ******* ******* ******* ******* ******* *******
------+------------------------------------------------------------------------------------------------------------------------
                                               
 
 
          INDEX
        -------
------+------------------------------------------------------------------------------------------------------------------------
      |    1987    1988    1989    1990    1991    1992    1993    1994    1995    1996    1997    1998    1999    2000    2001
------+------------------------------------------------------------------------------------------------------------------------
  1   | ******* -0.1457 -0.1648 -0.1833 -0.1944  0.0000  0.0000 -0.0001 -0.0001 -0.0001 -0.0001 -0.0001 -0.0002 -0.0002 -0.0001
------+------------------------------------------------------------------------------------------------------------------------
                                               
 
 
          INDEX
        -------
------+--------
      |    2002
------+--------
  1   |  0.0000
------+--------
                                               
 
 
 
 AGE-STRUCTURED INDEX RESIDUALS                                                 
  
 -------------------------------
 
        FLT01: Dummy survey
        -------------------
------+--------------------------------
Age   |    1981    1982    1983    1984
------+--------------------------------
  1   |   1.312   0.449  -0.851  -0.910
  2   |   0.426   0.595   0.471  -1.492
  3   |  -0.829   0.228   0.418   0.183
  4   |  -1.331  -0.274   0.705   0.900
  5   |   0.789  -1.111  -0.226   0.547
  6   |   1.787   0.473  -1.468  -0.792
  7   |  -0.114   1.620   0.182  -1.688
  8   |   0.143  -0.414   0.967  -0.696
  9   |  -0.584   0.595  -0.080   0.107
------+--------------------------------
                                               
 
 
 
 
 
 
 PARAMETERS OF THE DISTRIBUTION OF ln(CATCHES AT AGE)                           
  
 -----------------------------------------------------
 
 Separable model fitted from 1992  to 2002                                    
 Variance                             0.0000
Skewness test stat.                   4.6422
Kurtosis test statistic               1.6437
Partial chi-square                    0.0000
Significance in fit                   0.0000
Degrees of freedom                        62
 
 
 PARAMETERS OF DISTRIBUTIONS OF THE SSB INDICES                                 
  
 -----------------------------------------------
 
 
   DISTRIBUTION STATISTICS FOR   INDEX                                          
 
 
 Index used as absolute measure of abundance                                    
  
 Last age is a plus-group                                                       
  
 
 Variance                             0.0399
Skewness test stat.                  -3.1133
Kurtosis test statistic               0.7245
Partial chi-square                    0.0475
Significance in fit                   0.0000
Number of observations                    15
Degrees of freedom                        15
Weight in the analysis                5.0000
 
 PARAMETERS OF THE DISTRIBUTION OF THE AGE-STRUCTURED INDICES                   
  
 ------------------------------------------------------------ 
 
 
   DISTRIBUTION STATISTICS FOR FLT01: Dummy survey                              
 
 
 Linear catchability relationship assumed                                       
  
 
 Age                          1         2         3         4         5         6         7         8         9
 Variance                0.0013    0.0011    0.0004    0.0012    0.0008    0.0023    0.0020    0.0006    0.0003
Skewness test stat.      0.2469   -0.9282   -0.8477   -0.3789   -0.3619    0.2277   -0.0703    0.3986    0.0321
Kurtosis test statisti  -0.6549   -0.2775   -0.3030   -0.5603   -0.5534   -0.5754   -0.4204   -0.5085   -0.4477
Partial chi-square       0.0003    0.0003    0.0001    0.0003    0.0002    0.0006    0.0006    0.0002    0.0001
Significance in fit      0.0000    0.0000    0.0000    0.0000    0.0000    0.0000    0.0000    0.0000    0.0000
Number of observations        4         4         4         4         4         4         4         4         4
Degrees of freedom            3         3         3         3         3         3         3         3         3
Weight in the analysis   0.0011    0.0011    0.0011    0.0011    0.0011    0.0011    0.0011    0.0011    0.0011
 
 ANALYSIS OF VARIANCE                   
--------------------------
 
 Unweighted Statistics                                                          
  
 
                                                                                
  
Variance                              
                                       SSQ     Data    Parameters d.f. Variance
Total for model                        26.9317     150         46  104   0.2590
Catches at age                          0.0000      99         37   62   0.0000
  
SSB Indices                           
  INDEX                                 0.1198      15          0   15   0.0080
  
 Aged Indices                                                                   
  
FLT01: Dummy survey                    26.8119      36          9   27   0.9930
 
 
 Weighted Statistics                                                            
  
 
                                                                                
  
Variance                              
                                       SSQ     Data    Parameters d.f. Variance
Total for model                         2.9948     150         46  104   0.0288
Catches at age                          0.0000      99         37   62   0.0000
  
SSB Indices                           
  INDEX                                 2.9948      15          0   15   0.1997
  
 Aged Indices                                                                   
  
FLT01: Dummy survey                     0.0000      36          9   27   0.0000
 
