 Output Generated by ICA Version 1.4                                            
  
 ------------------------------------
 
        Mackerel NE Atlantic  WG2003
        ----------------------------
 
        Catch in Number
        ---------------
------+------------------------------------------------------------------------------------------------------------------------
AGE   |    1972    1973    1974    1975    1976    1977    1978    1979    1980    1981    1982    1983    1984    1985    1986
------+------------------------------------------------------------------------------------------------------------------------
  0   |   3770.   2371.   3276.   4202.   3389.   2602.   3720.   4021.   3681.   6765.   1853.   2260.   2565.   2523.   2843.
  1   |   3077.   6498.   9970.  12938.  12553.   7472.   8093.  17888.  13216.  13707.  13033.   5968.   9997.   7951.   6435.
  2   |  19740.   3023.  15616.  22367.  21934.  15810.  13329.  22191.  33373.  27841.  15038.  24035.  15044.  17613.  11569.
  3   |  38697.  16536.   6222.  29705.  32095.  23640.  24296.  31176.  35061.  59193.  26012.  23834.  51624.  22485.  21888.
  4   |  66454.  23558.  25059.   8595.  30804.  25316.  26897.  41650.  35655.  44722.  40152.  30431.  37445.  55960.  20418.
  5   |  25779.  28504.  25632.  24601.   6291.  17264.  20714.  33046.  33701.  32074.  21382.  33712.  34190.  28738.  36110.
  6   |  25601.  10693.  30167.  24334.  17374.   3420.  13773.  24709.  25821.  29194.  14824.  17481.  36742.  25358.  17978.
  7   |  29135.  10421.  11172.  28080.  16812.   9301.   2702.  16181.  18901.  21825.  13234.  11981.  18747.  26706.  15607.
  8   |  17954.   9413.   8764.   8351.  15503.   7181.   5899.   2558.   9909.  12804.   7863.   8587.  10343.  10902.  13133.
  9   |  19844.  12471.  18617.  20940.  16458.  13579.  12964.  18002.  12636.  14142.   9634.  11522.  18570.  17148.  13920.
------+------------------------------------------------------------------------------------------------------------------------
       x 10 ^ 3                                
 
 
        Catch in Number
        ---------------
------+------------------------------------------------------------------------------------------------------------------------
AGE   |    1987    1988    1989    1990    1991    1992    1993    1994    1995    1996    1997    1998    1999    2000    2001
------+------------------------------------------------------------------------------------------------------------------------
  0   |   4548.   3232.   3199.   2053.   5388.   2495.   1318.   4056.   1891.   3994.   3811.   3131.    772.   3188.   1249.
  1   |  13661.  12445.   8285.  16340.   4968.  13207.   9520.   6227.  11294.   5122.  13307.  12392.   9647.   2606.   9753.
  2   |  17557.  21192.  18186.  23977.  22401.   6951.  28770.  25441.   9791.  17357.   9695.  24563.  21684.  18485.   4526.
  3   |  26742.  23019.  26420.  44415.  27746.  26804.  12949.  64718.  33571.  12735.  27865.  15158.  36434.  35185.  27197.
  4   |  36759.  25267.  20936.  46671.  36927.  24289.  36650.  20992.  60961.  31522.  14828.  31536.  16285.  42799.  37460.
  5   |  24430.  24433.  16311.  26288.  27190.  22987.  23776.  42088.  13811.  40320.  26012.  11872.  23964.  13540.  32202.
  6   |  41792.  15649.  15280.  19774.  14739.  16417.  21859.  26319.  26576.   8810.  32157.  20111.   8714.  19242.   9836.
  7   |  20403.  26154.   9620.  18124.  10816.   8761.  15390.  23631.  16158.  16577.   6886.  24341.  14456.   6850.  13682.
  8   |  14266.  10183.  12844.   9196.   7885.   5136.   6602.  13389.  11552.   8040.  10378.   4172.  13995.   9102.   3895.
  9   |  25166.  20046.  15187.  27419.  15558.  11079.  12150.  15219.  14386.  13194.  13718.  15123.  11012.  15967.  14603.
------+------------------------------------------------------------------------------------------------------------------------
       x 10 ^ 3                                
 
 
        Catch in Number
        ---------------
------+--------
AGE   |    2002
------+--------
  0   |   1163.
  1   |   3722.
  2   |  16534.
  3   |   6518.
  4   |  28449.
  5   |  27762.
  6   |  23077.
  7   |   6913.
  8   |   7691.
  9   |  10227.
------+--------
       x 10 ^ 3                                
 
 
 
        Predicted Catch in Number
        -------------------------
------+----------------------------------------------------------------------------------------
AGE   |    1992    1993    1994    1995    1996    1997    1998    1999    2000    2001    2002
------+----------------------------------------------------------------------------------------
  0   |   2495.   1318.   4055.   1891.   3993.   3811.   3132.    772.   3188.   1248.   1163.
  1   |  13208.   9521.   6226.  11292.   5121.  13304.  12392.   9647.   2606.   9751.   3722.
  2   |   6952.  28771.  25441.   9790.  17354.   9694.  24557.  21683.  18485.   4525.  16535.
  3   |  26808.  12950.  64718.  33570.  12733.  27859.  15155.  36424.  35182.  27192.   6518.
  4   |  24294.  36655.  20993.  60963.  31522.  14827.  31530.  16283.  42787.  37452.  28453.
  5   |  22991.  23779.  42091.  13812.  40321.  26013.  11871.  23960.  13538.  32188.  27764.
  6   |  16419.  21861.  26320.  26577.   8810.  32157.  20110.   8713.  19237.   9832.  23074.
  7   |   8761.  15390.  23632.  16159.  16577.   6886.  24340.  14456.   6849.  13676.   6913.
  8   |   5134.   6601.  13389.  11553.   8041.  10378.   4172.  13995.   9102.   3894.   7691.
------+----------------------------------------------------------------------------------------
       x 10 ^ 3                                
 
 
 
        Weights at age in the catches (Kg)
        ----------------------------------
------+------------------------------------------------------------------------------------------------------------------------
AGE   |    1972    1973    1974    1975    1976    1977    1978    1979    1980    1981    1982    1983    1984    1985    1986
------+------------------------------------------------------------------------------------------------------------------------
  0   | 0.05200 0.05000 0.05100 0.05000 0.05900 0.05600 0.03600 0.01600 0.05700 0.06000 0.05300 0.05000 0.03100 0.05500 0.03900
  1   | 0.13500 0.14500 0.13600 0.14800 0.13700 0.13600 0.13500 0.13700 0.13100 0.13200 0.13100 0.16800 0.10200 0.14400 0.14600
  2   | 0.27700 0.19400 0.22900 0.17700 0.20700 0.16900 0.16100 0.16100 0.24900 0.24800 0.24900 0.21900 0.18400 0.26200 0.24500
  3   | 0.34100 0.28500 0.26100 0.25900 0.26300 0.27500 0.25000 0.24300 0.28500 0.28700 0.28500 0.27600 0.29500 0.35700 0.33500
  4   | 0.42300 0.36800 0.33400 0.32300 0.32000 0.33300 0.32500 0.31800 0.34500 0.34400 0.34500 0.31000 0.32600 0.41800 0.42300
  5   | 0.46800 0.44800 0.39200 0.34800 0.34600 0.35200 0.34500 0.34800 0.37800 0.37700 0.37800 0.38600 0.34400 0.41700 0.47100
  6   | 0.46800 0.46800 0.48100 0.43000 0.40600 0.40700 0.40300 0.40100 0.45400 0.45400 0.45400 0.42500 0.43100 0.43600 0.44400
  7   | 0.50800 0.50800 0.50800 0.48800 0.44300 0.44600 0.42100 0.41600 0.49800 0.49900 0.49600 0.43500 0.54200 0.52100 0.45700
  8   | 0.53900 0.53900 0.53900 0.53900 0.51800 0.54600 0.51800 0.50600 0.52000 0.51300 0.51300 0.49800 0.48000 0.55500 0.54300
  9   | 0.60373 0.59830 0.59715 0.60305 0.60983 0.57993 0.55837 0.53669 0.57563 0.56004 0.55768 0.57719 0.60742 0.62383 0.61391
------+------------------------------------------------------------------------------------------------------------------------
                                               
 
 
        Weights at age in the catches (Kg)
        ----------------------------------
------+------------------------------------------------------------------------------------------------------------------------
AGE   |    1987    1988    1989    1990    1991    1992    1993    1994    1995    1996    1997    1998    1999    2000    2001
------+------------------------------------------------------------------------------------------------------------------------
  0   | 0.07600 0.05500 0.04900 0.08500 0.06800 0.05100 0.06100 0.04600 0.07200 0.05800 0.07600 0.06500 0.06200 0.06300 0.06900
  1   | 0.17900 0.13300 0.13600 0.15600 0.15600 0.16700 0.13400 0.13600 0.14300 0.14300 0.14300 0.15700 0.17600 0.13500 0.17100
  2   | 0.22300 0.25900 0.23700 0.23300 0.25300 0.23900 0.24000 0.25500 0.23400 0.22600 0.23000 0.22700 0.23600 0.22900 0.22300
  3   | 0.31800 0.32300 0.32000 0.33600 0.32700 0.33300 0.31700 0.33900 0.33300 0.31300 0.29500 0.31000 0.30700 0.30800 0.30700
  4   | 0.39900 0.38800 0.37700 0.37900 0.39400 0.39700 0.37600 0.39000 0.39000 0.37700 0.35900 0.35400 0.36100 0.36700 0.37800
  5   | 0.47400 0.45600 0.43300 0.42300 0.42300 0.46000 0.43600 0.44800 0.45200 0.42500 0.41500 0.40800 0.40600 0.42900 0.42600
  6   | 0.51200 0.52400 0.45600 0.46700 0.46900 0.49500 0.48300 0.51200 0.50100 0.48400 0.45300 0.45200 0.45400 0.46700 0.47700
  7   | 0.49300 0.55500 0.54300 0.52800 0.50600 0.53200 0.52700 0.54300 0.53900 0.51800 0.48100 0.46200 0.50100 0.50400 0.49900
  8   | 0.49800 0.55500 0.59200 0.55200 0.55400 0.55500 0.54800 0.59000 0.57700 0.55100 0.52400 0.51800 0.53700 0.53700 0.54300
  9   | 0.61523 0.60296 0.61461 0.61920 0.63781 0.63694 0.61759 0.62956 0.61157 0.59398 0.57549 0.57272 0.60369 0.58483 0.60491
------+------------------------------------------------------------------------------------------------------------------------
                                               
 
 
        Weights at age in the catches (Kg)
        ----------------------------------
------+--------
AGE   |    2002
------+--------
  0   | 0.05200
  1   | 0.15900
  2   | 0.25500
  3   | 0.30700
  4   | 0.36900
  5   | 0.42600
  6   | 0.46400
  7   | 0.51400
  8   | 0.53900
  9   | 0.61352
------+--------
                                               
 
 
 
        Weights at age in the stock (Kg)
        --------------------------------
------+------------------------------------------------------------------------------------------------------------------------
AGE   |    1972    1973    1974    1975    1976    1977    1978    1979    1980    1981    1982    1983    1984    1985    1986
------+------------------------------------------------------------------------------------------------------------------------
  0   | 0.00800 0.00800 0.00800 0.00800 0.00800 0.00800 0.00800 0.00800 0.00800 0.00800 0.00800 0.00800 0.00000 0.00000 0.00000
  1   | 0.13200 0.13200 0.13000 0.12900 0.12800 0.12700 0.11100 0.11000 0.10900 0.08700 0.08600 0.08600 0.08100 0.08500 0.07700
  2   | 0.17800 0.17700 0.17300 0.17100 0.17000 0.16700 0.17500 0.17400 0.17300 0.18600 0.13500 0.17200 0.19400 0.16500 0.17900
  3   | 0.24300 0.24200 0.23800 0.23600 0.23600 0.23300 0.23800 0.23700 0.23600 0.25200 0.22100 0.23500 0.25300 0.29300 0.26700
  4   | 0.41100 0.30100 0.29600 0.29400 0.29300 0.28900 0.30000 0.29900 0.29700 0.31300 0.28000 0.28000 0.29500 0.30600 0.30400
  5   | 0.35500 0.43800 0.32200 0.31800 0.31800 0.31300 0.34600 0.34500 0.34300 0.32300 0.38500 0.33900 0.32400 0.34100 0.35600
  6   | 0.39800 0.39800 0.46900 0.36500 0.36500 0.36100 0.38200 0.38000 0.37900 0.37800 0.35300 0.37700 0.39300 0.38400 0.35100
  7   | 0.43300 0.43300 0.43300 0.49700 0.41900 0.41600 0.41000 0.40800 0.40700 0.41900 0.40800 0.40400 0.43600 0.43000 0.41600
  8   | 0.45900 0.45900 0.45900 0.45900 0.51200 0.44600 0.43200 0.43000 0.42900 0.43400 0.43700 0.43900 0.44100 0.45900 0.47300
  9   | 0.51826 0.51245 0.51140 0.51783 0.52433 0.53603 0.50021 0.49546 0.50099 0.47888 0.47092 0.50478 0.50348 0.53396 0.47692
------+------------------------------------------------------------------------------------------------------------------------
                                               
 
 
        Weights at age in the stock (Kg)
        --------------------------------
------+------------------------------------------------------------------------------------------------------------------------
AGE   |    1987    1988    1989    1990    1991    1992    1993    1994    1995    1996    1997    1998    1999    2000    2001
------+------------------------------------------------------------------------------------------------------------------------
  0   | 0.00000 0.00000 0.00000 0.00000 0.00000 0.00000 0.00000 0.00000 0.00000 0.00000 0.00000 0.00000 0.00000 0.00000 0.00000
  1   | 0.07800 0.07200 0.07600 0.07400 0.07500 0.07800 0.07800 0.07900 0.08100 0.07600 0.07600 0.07700 0.08100 0.07400 0.07800
  2   | 0.14800 0.15600 0.17700 0.13800 0.15500 0.21200 0.19700 0.17800 0.16400 0.13300 0.18600 0.14900 0.19400 0.18500 0.16400
  3   | 0.24000 0.23700 0.24400 0.22200 0.23000 0.25900 0.26800 0.23700 0.26700 0.25100 0.22800 0.22300 0.24200 0.23500 0.24100
  4   | 0.28600 0.30100 0.30600 0.28700 0.30700 0.31000 0.31500 0.30100 0.32600 0.31700 0.29600 0.28500 0.30100 0.28900 0.34200
  5   | 0.37400 0.32900 0.35200 0.33900 0.35700 0.36200 0.36000 0.36100 0.39800 0.36600 0.36100 0.34200 0.35300 0.35000 0.39000
  6   | 0.38600 0.42300 0.38000 0.37300 0.40900 0.40200 0.41600 0.41300 0.44800 0.44400 0.40200 0.40000 0.39600 0.39000 0.44600
  7   | 0.41100 0.44500 0.42900 0.41400 0.43200 0.42400 0.45400 0.46600 0.49100 0.46200 0.44500 0.42600 0.42300 0.42600 0.45900
  8   | 0.42900 0.43200 0.47400 0.40900 0.50200 0.46200 0.46500 0.47000 0.50800 0.50100 0.47800 0.46600 0.44000 0.44700 0.49900
  9   | 0.49156 0.51713 0.48839 0.48004 0.56269 0.52579 0.52775 0.53851 0.56044 0.57967 0.53319 0.52657 0.49894 0.50034 0.56113
------+------------------------------------------------------------------------------------------------------------------------
                                               
 
 
        Weights at age in the stock (Kg)
        --------------------------------
------+--------
AGE   |    2002
------+--------
  0   | 0.00000
  1   | 0.07800
  2   | 0.18100
  3   | 0.23900
  4   | 0.31100
  5   | 0.36400
  6   | 0.41100
  7   | 0.43600
  8   | 0.46200
  9   | 0.52370
------+--------
                                               
 
 
 
        Natural Mortality (per year)
        ----------------------------
------+------------------------------------------------------------------------------------------------------------------------
AGE   |    1972    1973    1974    1975    1976    1977    1978    1979    1980    1981    1982    1983    1984    1985    1986
------+------------------------------------------------------------------------------------------------------------------------
  0   | 0.15000 0.15000 0.15000 0.15000 0.15000 0.15000 0.15000 0.15000 0.15000 0.15000 0.15000 0.15000 0.15000 0.15000 0.15000
  1   | 0.15000 0.15000 0.15000 0.15000 0.15000 0.15000 0.15000 0.15000 0.15000 0.15000 0.15000 0.15000 0.15000 0.15000 0.15000
  2   | 0.15000 0.15000 0.15000 0.15000 0.15000 0.15000 0.15000 0.15000 0.15000 0.15000 0.15000 0.15000 0.15000 0.15000 0.15000
  3   | 0.15000 0.15000 0.15000 0.15000 0.15000 0.15000 0.15000 0.15000 0.15000 0.15000 0.15000 0.15000 0.15000 0.15000 0.15000
  4   | 0.15000 0.15000 0.15000 0.15000 0.15000 0.15000 0.15000 0.15000 0.15000 0.15000 0.15000 0.15000 0.15000 0.15000 0.15000
  5   | 0.15000 0.15000 0.15000 0.15000 0.15000 0.15000 0.15000 0.15000 0.15000 0.15000 0.15000 0.15000 0.15000 0.15000 0.15000
  6   | 0.15000 0.15000 0.15000 0.15000 0.15000 0.15000 0.15000 0.15000 0.15000 0.15000 0.15000 0.15000 0.15000 0.15000 0.15000
  7   | 0.15000 0.15000 0.15000 0.15000 0.15000 0.15000 0.15000 0.15000 0.15000 0.15000 0.15000 0.15000 0.15000 0.15000 0.15000
  8   | 0.15000 0.15000 0.15000 0.15000 0.15000 0.15000 0.15000 0.15000 0.15000 0.15000 0.15000 0.15000 0.15000 0.15000 0.15000
  9   | 0.15000 0.15000 0.15000 0.15000 0.15000 0.15000 0.15000 0.15000 0.15000 0.15000 0.15000 0.15000 0.15000 0.15000 0.15000
------+------------------------------------------------------------------------------------------------------------------------
                                               
 
 
        Natural Mortality (per year)
        ----------------------------
------+------------------------------------------------------------------------------------------------------------------------
AGE   |    1987    1988    1989    1990    1991    1992    1993    1994    1995    1996    1997    1998    1999    2000    2001
------+------------------------------------------------------------------------------------------------------------------------
  0   | 0.15000 0.15000 0.15000 0.15000 0.15000 0.15000 0.15000 0.15000 0.15000 0.15000 0.15000 0.15000 0.15000 0.15000 0.15000
  1   | 0.15000 0.15000 0.15000 0.15000 0.15000 0.15000 0.15000 0.15000 0.15000 0.15000 0.15000 0.15000 0.15000 0.15000 0.15000
  2   | 0.15000 0.15000 0.15000 0.15000 0.15000 0.15000 0.15000 0.15000 0.15000 0.15000 0.15000 0.15000 0.15000 0.15000 0.15000
  3   | 0.15000 0.15000 0.15000 0.15000 0.15000 0.15000 0.15000 0.15000 0.15000 0.15000 0.15000 0.15000 0.15000 0.15000 0.15000
  4   | 0.15000 0.15000 0.15000 0.15000 0.15000 0.15000 0.15000 0.15000 0.15000 0.15000 0.15000 0.15000 0.15000 0.15000 0.15000
  5   | 0.15000 0.15000 0.15000 0.15000 0.15000 0.15000 0.15000 0.15000 0.15000 0.15000 0.15000 0.15000 0.15000 0.15000 0.15000
  6   | 0.15000 0.15000 0.15000 0.15000 0.15000 0.15000 0.15000 0.15000 0.15000 0.15000 0.15000 0.15000 0.15000 0.15000 0.15000
  7   | 0.15000 0.15000 0.15000 0.15000 0.15000 0.15000 0.15000 0.15000 0.15000 0.15000 0.15000 0.15000 0.15000 0.15000 0.15000
  8   | 0.15000 0.15000 0.15000 0.15000 0.15000 0.15000 0.15000 0.15000 0.15000 0.15000 0.15000 0.15000 0.15000 0.15000 0.15000
  9   | 0.15000 0.15000 0.15000 0.15000 0.15000 0.15000 0.15000 0.15000 0.15000 0.15000 0.15000 0.15000 0.15000 0.15000 0.15000
------+------------------------------------------------------------------------------------------------------------------------
                                               
 
 
        Natural Mortality (per year)
        ----------------------------
------+--------
AGE   |    2002
------+--------
  0   | 0.15000
  1   | 0.15000
  2   | 0.15000
  3   | 0.15000
  4   | 0.15000
  5   | 0.15000
  6   | 0.15000
  7   | 0.15000
  8   | 0.15000
  9   | 0.15000
------+--------
                                               
 
 
 
        Proportion of fish spawning
        ---------------------------
------+------------------------------------------------------------------------------------------------------------------------
AGE   |    1972    1973    1974    1975    1976    1977    1978    1979    1980    1981    1982    1983    1984    1985    1986
------+------------------------------------------------------------------------------------------------------------------------
  0   |  0.0000  0.0000  0.0000  0.0000  0.0000  0.0000  0.0000  0.0000  0.0000  0.0000  0.0000  0.0000  0.0000  0.0000  0.0000
  1   |  0.0500  0.0500  0.0500  0.0600  0.0600  0.0600  0.0600  0.0600  0.0600  0.0700  0.0700  0.0700  0.0700  0.0700  0.0700
  2   |  0.5300  0.5400  0.5400  0.5500  0.5500  0.5500  0.5600  0.5600  0.5700  0.5700  0.5700  0.5800  0.5800  0.5800  0.5800
  3   |  0.9000  0.9000  0.9000  0.8900  0.8900  0.8900  0.8900  0.8900  0.8900  0.8800  0.8800  0.8800  0.8800  0.8800  0.8800
  4   |  0.9800  0.9800  0.9800  0.9800  0.9800  0.9800  0.9800  0.9800  0.9800  0.9800  0.9800  0.9800  0.9700  0.9700  0.9700
  5   |  0.9800  0.9800  0.9800  0.9800  0.9800  0.9800  0.9800  0.9800  0.9800  0.9800  0.9800  0.9800  0.9700  0.9700  0.9700
  6   |  0.9900  0.9900  0.9900  0.9900  0.9900  0.9900  0.9900  0.9900  0.9900  0.9900  0.9900  0.9900  0.9900  0.9900  0.9900
  7   |  1.0000  1.0000  1.0000  1.0000  1.0000  1.0000  1.0000  1.0000  1.0000  1.0000  1.0000  1.0000  1.0000  1.0000  1.0000
  8   |  1.0000  1.0000  1.0000  1.0000  1.0000  1.0000  1.0000  1.0000  1.0000  1.0000  1.0000  1.0000  1.0000  1.0000  1.0000
  9   |  1.0000  1.0000  1.0000  1.0000  1.0000  1.0000  1.0000  1.0000  1.0000  1.0000  1.0000  1.0000  1.0000  1.0000  1.0000
------+------------------------------------------------------------------------------------------------------------------------
                                               
 
 
        Proportion of fish spawning
        ---------------------------
------+------------------------------------------------------------------------------------------------------------------------
AGE   |    1987    1988    1989    1990    1991    1992    1993    1994    1995    1996    1997    1998    1999    2000    2001
------+------------------------------------------------------------------------------------------------------------------------
  0   |  0.0000  0.0000  0.0000  0.0000  0.0000  0.0000  0.0000  0.0000  0.0000  0.0000  0.0000  0.0000  0.0000  0.0000  0.0000
  1   |  0.0700  0.0700  0.0700  0.0700  0.0700  0.0700  0.0700  0.0700  0.0700  0.0700  0.0700  0.0700  0.0700  0.0700  0.0700
  2   |  0.5800  0.5800  0.5800  0.5800  0.5800  0.5800  0.5800  0.5800  0.5800  0.5800  0.5800  0.5800  0.5800  0.5800  0.5900
  3   |  0.8800  0.8800  0.8800  0.8800  0.8800  0.8800  0.8800  0.8800  0.8800  0.8800  0.8800  0.8600  0.8600  0.8600  0.8800
  4   |  0.9700  0.9700  0.9700  0.9700  0.9700  0.9700  0.9700  0.9700  0.9700  0.9700  0.9700  0.9800  0.9800  0.9800  0.9700
  5   |  0.9700  0.9700  0.9700  0.9700  0.9700  0.9700  0.9700  0.9700  0.9700  0.9700  0.9700  0.9800  0.9800  0.9800  0.9700
  6   |  0.9900  0.9900  0.9900  0.9900  0.9900  0.9900  0.9900  0.9900  0.9900  0.9900  0.9900  0.9900  0.9900  0.9900  0.9900
  7   |  1.0000  1.0000  1.0000  1.0000  1.0000  1.0000  1.0000  1.0000  1.0000  1.0000  1.0000  1.0000  1.0000  1.0000  1.0000
  8   |  1.0000  1.0000  1.0000  1.0000  1.0000  1.0000  1.0000  1.0000  1.0000  1.0000  1.0000  1.0000  1.0000  1.0000  1.0000
  9   |  1.0000  1.0000  1.0000  1.0000  1.0000  1.0000  1.0000  1.0000  1.0000  1.0000  1.0000  1.0000  1.0000  1.0000  1.0000
------+------------------------------------------------------------------------------------------------------------------------
                                               
 
 
        Proportion of fish spawning
        ---------------------------
------+--------
AGE   |    2002
------+--------
  0   |  0.0000
  1   |  0.0700
  2   |  0.5900
  3   |  0.8800
  4   |  0.9700
  5   |  0.9700
  6   |  0.9900
  7   |  1.0000
  8   |  1.0000
  9   |  1.0000
------+--------
                                               
 
 
 
 INDICES OF SPAWNING BIOMASS                                                    
  
 ----------------------------
 
          INDEX
        -------
------+------------------------------------------------------------------------------------------------------------------------
      |    1972    1973    1974    1975    1976    1977    1978    1979    1980    1981    1982    1983    1984    1985    1986
------+------------------------------------------------------------------------------------------------------------------------
  1   | ******* ******* ******* ******* ******* ******* ******* ******* ******* ******* ******* ******* ******* ******* *******
------+------------------------------------------------------------------------------------------------------------------------
       x 10 ^ 3                                
 
 
          INDEX
        -------
------+------------------------------------------------------------------------------------------------------------------------
      |    1987    1988    1989    1990    1991    1992    1993    1994    1995    1996    1997    1998    1999    2000    2001
------+------------------------------------------------------------------------------------------------------------------------
  1   | *******  264.25  273.66  254.08  269.98  277.88  301.64  291.66  287.08  251.21  230.48  219.65  241.24  243.19  248.92
------+------------------------------------------------------------------------------------------------------------------------
       x 10 ^ 3                                
 
 
          INDEX
        -------
------+--------
      |    2002
------+--------
  1   |  222.71
------+--------
       x 10 ^ 3                                
 
 
 
 AGE-STRUCTURED INDICES                                                         
  
 -----------------------
 
        FLT01: Dummy survey
        -------------------
------+--------------------------------
AGE   |    1981    1982    1983    1984
------+--------------------------------
  1   |  266.10  203.00   43.60   15.24
  2   |  506.40  435.90  712.70   79.51
  3   |  225.10  483.60  444.60  661.83
  4   |   31.70  184.10  391.60  374.60
  5   |  174.80   24.70  130.40  238.20
  6   |  158.50  136.60   20.20   92.00
  7   |   99.50  108.60   91.30   15.54
  8   |  116.60   84.50   70.90   51.47
  9   |   35.30   87.00   47.10   39.27
------+--------------------------------
       x 10 ^ 3                                
 
 
 
        Fishing Mortality (per year)
        ----------------------------
------+------------------------------------------------------------------------------------------------------------------------
AGE   |    1972    1973    1974    1975    1976    1977    1978    1979    1980    1981    1982    1983    1984    1985    1986
------+------------------------------------------------------------------------------------------------------------------------
  0   | 0.00987 0.00530 0.00695 0.00859 0.00803 0.00552 0.00533 0.00801 0.00824 0.00963 0.00579 0.00580 0.00802 0.00777 0.00618
  1   | 0.03736 0.02007 0.02631 0.03252 0.03040 0.02088 0.02019 0.03033 0.03120 0.03645 0.02190 0.02195 0.03034 0.02942 0.02339
  2   | 0.08269 0.04442 0.05823 0.07197 0.06728 0.04620 0.04469 0.06714 0.06905 0.08068 0.04847 0.04858 0.06716 0.06511 0.05177
  3   | 0.16314 0.08763 0.11488 0.14199 0.13274 0.09116 0.08816 0.13245 0.13623 0.15918 0.09563 0.09585 0.13250 0.12845 0.10213
  4   | 0.24940 0.13396 0.17562 0.21707 0.20294 0.13936 0.13478 0.20249 0.20827 0.24335 0.14619 0.14653 0.20257 0.19638 0.15614
  5   | 0.28367 0.15237 0.19975 0.24690 0.23082 0.15851 0.15330 0.23032 0.23688 0.27679 0.16628 0.16667 0.23041 0.22336 0.17759
  6   | 0.32081 0.17232 0.22590 0.27922 0.26104 0.17926 0.17337 0.26047 0.26790 0.31303 0.18805 0.18849 0.26057 0.25260 0.20084
  7   | 0.36754 0.19742 0.25880 0.31989 0.29906 0.20537 0.19862 0.29840 0.30691 0.35862 0.21544 0.21594 0.29852 0.28939 0.23009
  8   | 0.34042 0.18285 0.23971 0.29629 0.27700 0.19022 0.18397 0.27639 0.28427 0.33216 0.19954 0.20001 0.27650 0.26805 0.21312
  9   | 0.34042 0.18285 0.23971 0.29629 0.27700 0.19022 0.18397 0.27639 0.28427 0.33216 0.19954 0.20001 0.27650 0.26805 0.21312
------+------------------------------------------------------------------------------------------------------------------------
                                               
 
 
        Fishing Mortality (per year)
        ----------------------------
------+------------------------------------------------------------------------------------------------------------------------
AGE   |    1987    1988    1989    1990    1991    1992    1993    1994    1995    1996    1997    1998    1999    2000    2001
------+------------------------------------------------------------------------------------------------------------------------
  0   | 0.00930 0.00797 0.00637 0.01021 0.00774 0.00591 0.00703 0.01043 0.00912 0.00773 0.00805 0.00819 0.00789 0.00834 0.00798
  1   | 0.03521 0.03015 0.02411 0.03864 0.02927 0.02236 0.02661 0.03948 0.03451 0.02924 0.03047 0.03100 0.02987 0.03156 0.03021
  2   | 0.07793 0.06674 0.05336 0.08553 0.06479 0.04949 0.05891 0.08738 0.07637 0.06471 0.06744 0.06862 0.06612 0.06986 0.06686
  3   | 0.15376 0.13167 0.10527 0.16875 0.12783 0.09765 0.11621 0.17239 0.15068 0.12767 0.13305 0.13538 0.13046 0.13783 0.13190
  4   | 0.23504 0.20132 0.16094 0.25799 0.19542 0.14929 0.17767 0.26355 0.23036 0.19518 0.20341 0.20697 0.19944 0.21071 0.20166
  5   | 0.26734 0.22895 0.18308 0.29346 0.22228 0.16980 0.20209 0.29977 0.26202 0.22201 0.23137 0.23541 0.22685 0.23967 0.22937
  6   | 0.30233 0.25892 0.20702 0.33194 0.25140 0.19202 0.22853 0.33899 0.29630 0.25105 0.26164 0.26621 0.25654 0.27103 0.25938
  7   | 0.34637 0.29664 0.23717 0.38020 0.28809 0.21998 0.26181 0.38835 0.33944 0.28761 0.29974 0.30497 0.29389 0.31049 0.29715
  8   | 0.32082 0.27476 0.21967 0.35215 0.26676 0.20376 0.24251 0.35972 0.31442 0.26641 0.27764 0.28249 0.27222 0.28760 0.27524
  9   | 0.32082 0.27476 0.21967 0.35215 0.26676 0.20376 0.24251 0.35972 0.31442 0.26641 0.27764 0.28249 0.27222 0.28760 0.27524
------+------------------------------------------------------------------------------------------------------------------------
                                               
 
 
        Fishing Mortality (per year)
        ----------------------------
------+--------
AGE   |    2002
------+--------
  0   | 0.00744
  1   | 0.02814
  2   | 0.06229
  3   | 0.12289
  4   | 0.18788
  5   | 0.21370
  6   | 0.24166
  7   | 0.27685
  8   | 0.25644
  9   | 0.25644
------+--------
                                               
 
 
 
        Population Abundance (1 January)
        --------------------------------
------+------------------------------------------------------------------------------------------------------------------------
AGE   |    1972    1973    1974    1975    1976    1977    1978    1979    1980    1981    1982    1983    1984    1985    1986
------+------------------------------------------------------------------------------------------------------------------------
  0   |  413.20  482.82  509.30  528.89  456.08  509.30  752.83  542.44  482.82  759.89  345.83  420.78  345.80  350.86  496.91
  1   |   90.32  352.15  413.37  435.32  451.32  389.41  435.94  644.52  463.15  412.16  647.77  295.94  360.08  295.26  299.65
  2   |  267.57   74.89  297.08  346.55  362.70  376.83  328.24  367.72  538.17  386.39  342.05  545.47  249.19  300.66  246.76
  3   |  276.28  212.02   61.66  241.24  277.57  291.86  309.69  270.17  295.95  432.30  306.79  280.48  447.22  200.55  242.47
  4   |  323.20  202.00  167.18   47.31  180.15  209.21  229.32  244.06  203.69  222.28  317.33  239.98  219.34  337.16  151.81
  5   |  112.00  216.77  152.06  120.72   32.77  126.58  156.64  172.49  171.56  142.36  150.00  235.98  178.40  154.17  238.45
  6   |  100.06   72.59  160.21  107.18   81.17   22.39   92.98  115.66  117.92  116.52   92.90  109.32  171.93  121.95  106.13
  7   |  101.55   62.49   52.59  110.01   69.78   53.81   16.11   67.29   76.72   77.64   73.33   66.25   77.93  114.04   81.53
  8   |   66.72   60.52   44.15   34.94   68.76   44.54   37.72   11.37   42.97   48.58   46.69   50.89   45.95   49.76   73.49
  9   |   73.75   80.18   93.78   87.61   73.00   84.22   82.89   80.00   54.80   53.66   57.21   68.28   82.50   78.28   77.89
------+------------------------------------------------------------------------------------------------------------------------
       x 10 ^ 6                                
 
 
        Population Abundance (1 January)
        --------------------------------
------+------------------------------------------------------------------------------------------------------------------------
AGE   |    1987    1988    1989    1990    1991    1992    1993    1994    1995    1996    1997    1998    1999    2000    2001
------+------------------------------------------------------------------------------------------------------------------------
  0   |  528.94  438.55  542.49  217.58  752.89  456.10  202.56  420.74  224.34  558.75  511.80  413.31  105.71  413.32  169.08
  1   |  425.06  451.04  374.46  463.96  185.37  643.03  390.26  173.12  358.37  191.34  477.22  436.98  352.84   90.27  352.79
  2   |  251.95  353.19  376.69  314.63  384.20  154.95  541.22  327.08  143.24  297.99  159.94  398.42  364.63  294.75   75.28
  3   |  201.67  200.60  284.37  307.37  248.60  309.94  126.92  439.19  257.96  114.22  240.41  128.68  320.18  293.76  236.58
  4   |  188.43  148.84  151.36  220.31  223.48  188.30  241.95   97.26  318.15  190.98   86.53  181.15   96.74  241.88  220.29
  5   |  111.77  128.21  104.75  110.91  146.50  158.21  139.60  174.35   64.32  217.49  135.23   60.77  126.77   68.21  168.63
  6   |  171.84   73.64   87.77   75.08   71.18  100.96  114.90   98.17  111.19   42.60  149.93   92.35   41.33   86.96   46.19
  7   |   74.73  109.32   48.92   61.42   46.37   47.65   71.72   78.69   60.20   71.16   28.52   99.34   60.91   27.53   57.08
  8   |   55.75   45.49   69.94   33.22   36.14   29.92   32.91   47.51   45.93   36.90   45.94   18.19   63.03   39.08   17.37
  9   |   98.35   89.55   82.70   99.04   71.32   64.56   60.58   54.00   57.20   60.55   60.73   65.94   49.59   68.55   65.13
------+------------------------------------------------------------------------------------------------------------------------
       x 10 ^ 6                                
 
 
        Population Abundance (1 January)
        --------------------------------
------+----------------
AGE   |    2002    2003
------+----------------
  0   |  169.09  230.96
  1   |  144.38  144.46
  2   |  294.61  120.82
  3   |   60.61  238.26
  4   |  178.46   46.13
  5   |  154.98  127.29
  6   |  115.39  107.72
  7   |   30.68   78.00
  8   |   36.50   20.02
  9   |   48.53   56.63
------+----------------
       x 10 ^ 6                                
 
 
 
        Weighting factors for the catches in number
        -------------------------------------------
------+----------------------------------------------------------------------------------------
AGE   |    1992    1993    1994    1995    1996    1997    1998    1999    2000    2001    2002
------+----------------------------------------------------------------------------------------
  0   |  0.0200  0.0200  0.0200  0.0200  0.0200  0.0200  0.0200  0.0200  0.0200  0.0200  0.0200
  1   |  1.0000  1.0000  1.0000  1.0000  1.0000  1.0000  1.0000  1.0000  1.0000  1.0000  1.0000
  2   |  1.0000  1.0000  1.0000  1.0000  1.0000  1.0000  1.0000  1.0000  1.0000  1.0000  1.0000
  3   |  1.0000  1.0000  1.0000  1.0000  1.0000  1.0000  1.0000  1.0000  1.0000  1.0000  1.0000
  4   |  1.0000  1.0000  1.0000  1.0000  1.0000  1.0000  1.0000  1.0000  1.0000  1.0000  1.0000
  5   |  1.0000  1.0000  1.0000  1.0000  1.0000  1.0000  1.0000  1.0000  1.0000  1.0000  1.0000
  6   |  1.0000  1.0000  1.0000  1.0000  1.0000  1.0000  1.0000  1.0000  1.0000  1.0000  1.0000
  7   |  1.0000  1.0000  1.0000  1.0000  1.0000  1.0000  1.0000  1.0000  1.0000  1.0000  1.0000
  8   |  1.0000  1.0000  1.0000  1.0000  1.0000  1.0000  1.0000  1.0000  1.0000  1.0000  1.0000
------+----------------------------------------------------------------------------------------
                                               
 
 
 
 Predicted SSB Index Values                                                     
  
 ---------------------------
 
          INDEX
        -------
------+------------------------------------------------------------------------------------------------------------------------
      |    1972    1973    1974    1975    1976    1977    1978    1979    1980    1981    1982    1983    1984    1985    1986
------+------------------------------------------------------------------------------------------------------------------------
  1   | ******* ******* ******* ******* ******* ******* ******* ******* ******* ******* ******* ******* ******* ******* *******
------+------------------------------------------------------------------------------------------------------------------------
       x 10 ^ 3                                
 
 
          INDEX
        -------
------+------------------------------------------------------------------------------------------------------------------------
      |    1987    1988    1989    1990    1991    1992    1993    1994    1995    1996    1997    1998    1999    2000    2001
------+------------------------------------------------------------------------------------------------------------------------
  1   | *******  264.24  273.65  254.08  269.98  277.89  301.66  291.68  287.10  251.22  230.48  219.65  241.25  243.21  248.96
------+------------------------------------------------------------------------------------------------------------------------
       x 10 ^ 3                                
 
 
          INDEX
        -------
------+--------
      |    2002
------+--------
  1   |  222.76
------+--------
       x 10 ^ 3                                
 
 
 
 Predicted Age-Structured Index Values                                          
  
 --------------------------------------
 
        FLT01: Dummy survey Predicted
        -----------------------------
------+--------------------------------
AGE   |    1981    1982    1983    1984
------+--------------------------------
  1   |   77.30  122.47   55.95   67.76
  2   |  349.19  314.64  501.73  226.88
  3   |  498.58  366.41  334.94  523.41
  4   |  149.13  224.59  169.81  150.50
  5   |   85.28   95.49  150.19  109.63
  6   |   74.54   63.66   74.89  113.20
  7   |   62.91   64.29   58.07   65.27
  8   |   75.01   77.54   84.49   73.15
  9   |   38.59   44.25   52.80   61.16
------+--------------------------------
       x 10 ^ 3                                
 
 
 
        Fitted Selection Pattern
        ------------------------
------+------------------------------------------------------------------------------------------------------------------------
AGE   |    1972    1973    1974    1975    1976    1977    1978    1979    1980    1981    1982    1983    1984    1985    1986
------+------------------------------------------------------------------------------------------------------------------------
  0   |  0.0348  0.0348  0.0348  0.0348  0.0348  0.0348  0.0348  0.0348  0.0348  0.0348  0.0348  0.0348  0.0348  0.0348  0.0348
  1   |  0.1317  0.1317  0.1317  0.1317  0.1317  0.1317  0.1317  0.1317  0.1317  0.1317  0.1317  0.1317  0.1317  0.1317  0.1317
  2   |  0.2915  0.2915  0.2915  0.2915  0.2915  0.2915  0.2915  0.2915  0.2915  0.2915  0.2915  0.2915  0.2915  0.2915  0.2915
  3   |  0.5751  0.5751  0.5751  0.5751  0.5751  0.5751  0.5751  0.5751  0.5751  0.5751  0.5751  0.5751  0.5751  0.5751  0.5751
  4   |  0.8792  0.8792  0.8792  0.8792  0.8792  0.8792  0.8792  0.8792  0.8792  0.8792  0.8792  0.8792  0.8792  0.8792  0.8792
  5   |  1.0000  1.0000  1.0000  1.0000  1.0000  1.0000  1.0000  1.0000  1.0000  1.0000  1.0000  1.0000  1.0000  1.0000  1.0000
  6   |  1.1309  1.1309  1.1309  1.1309  1.1309  1.1309  1.1309  1.1309  1.1309  1.1309  1.1309  1.1309  1.1309  1.1309  1.1309
  7   |  1.2956  1.2956  1.2956  1.2956  1.2956  1.2956  1.2956  1.2956  1.2956  1.2956  1.2956  1.2956  1.2956  1.2956  1.2956
  8   |  1.2000  1.2001  1.2001  1.2000  1.2000  1.2000  1.2001  1.2001  1.2001  1.2000  1.2000  1.2000  1.2000  1.2001  1.2001
  9   |  1.2000  1.2001  1.2001  1.2000  1.2000  1.2000  1.2001  1.2001  1.2001  1.2000  1.2000  1.2000  1.2000  1.2001  1.2001
------+------------------------------------------------------------------------------------------------------------------------
                                               
 
 
        Fitted Selection Pattern
        ------------------------
------+------------------------------------------------------------------------------------------------------------------------
AGE   |    1987    1988    1989    1990    1991    1992    1993    1994    1995    1996    1997    1998    1999    2000    2001
------+------------------------------------------------------------------------------------------------------------------------
  0   |  0.0348  0.0348  0.0348  0.0348  0.0348  0.0348  0.0348  0.0348  0.0348  0.0348  0.0348  0.0348  0.0348  0.0348  0.0348
  1   |  0.1317  0.1317  0.1317  0.1317  0.1317  0.1317  0.1317  0.1317  0.1317  0.1317  0.1317  0.1317  0.1317  0.1317  0.1317
  2   |  0.2915  0.2915  0.2914  0.2915  0.2915  0.2915  0.2915  0.2915  0.2915  0.2915  0.2915  0.2915  0.2915  0.2915  0.2915
  3   |  0.5752  0.5751  0.5750  0.5750  0.5751  0.5751  0.5751  0.5751  0.5751  0.5751  0.5751  0.5751  0.5751  0.5751  0.5751
  4   |  0.8792  0.8793  0.8791  0.8791  0.8791  0.8792  0.8792  0.8792  0.8792  0.8792  0.8792  0.8792  0.8792  0.8792  0.8792
  5   |  1.0000  1.0000  1.0000  1.0000  1.0000  1.0000  1.0000  1.0000  1.0000  1.0000  1.0000  1.0000  1.0000  1.0000  1.0000
  6   |  1.1309  1.1309  1.1307  1.1311  1.1310  1.1308  1.1308  1.1308  1.1308  1.1308  1.1308  1.1308  1.1308  1.1308  1.1308
  7   |  1.2956  1.2956  1.2954  1.2956  1.2960  1.2955  1.2955  1.2955  1.2955  1.2955  1.2955  1.2955  1.2955  1.2955  1.2955
  8   |  1.2001  1.2001  1.1999  1.2000  1.2001  1.2000  1.2000  1.2000  1.2000  1.2000  1.2000  1.2000  1.2000  1.2000  1.2000
  9   |  1.2001  1.2001  1.1999  1.2000  1.2001  1.2000  1.2000  1.2000  1.2000  1.2000  1.2000  1.2000  1.2000  1.2000  1.2000
------+------------------------------------------------------------------------------------------------------------------------
                                               
 
 
        Fitted Selection Pattern
        ------------------------
------+--------
AGE   |    2002
------+--------
  0   |  0.0348
  1   |  0.1317
  2   |  0.2915
  3   |  0.5751
  4   |  0.8792
  5   |  1.0000
  6   |  1.1308
  7   |  1.2955
  8   |  1.2000
  9   |  1.2000
------+--------
                                               
 
 
 
 
 
                    STOCK SUMMARY                                             
 
 
 ³ Year ³  Recruits  ³  Total  ³ Spawning³ Landings ³ Yield ³ Mean F ³ SoP ³    
 ³      ³   Age   0  ³ Biomass ³ Biomass ³          ³ /SSB  ³  Ages  ³     ³ 
 ³      ³  thousands ³  tonnes ³ tonnes  ³ tonnes   ³ ratio ³  4- 7  ³ (%) ³ 
 
   1972       413200    455223    345564    107889   0.3122   0.3054   100
   1973       482820    395475    295391     50632   0.1714   0.1640   100
   1974       509290    388462    265925     61167   0.2300   0.2150    99
   1975       528880    384081    251202     66410   0.2644   0.2658    99
   1976       456070    384137    251329     59503   0.2368   0.2485    99
   1977       509290    380017    259992     42178   0.1622   0.1706   100
   1978       752830    408435    286491     42317   0.1477   0.1650   100
   1979       542430    451666    297320     66004   0.2220   0.2479   100
   1980       482820    458443    309658     78846   0.2546   0.2550   100
   1981       759880    461662    321998     92218   0.2864   0.2979    99
   1982       345830    429111    304626     57598   0.1891   0.1790    99
   1983       420780    460526    340189     58972   0.1734   0.1794    99
   1984       345800    476509    356464     85306   0.2393   0.2480   100
   1985       350860    449711    340625     91019   0.2672   0.2404   100
   1986       496900    406098    311850     67654   0.2169   0.1912   100
   1987       528930    383849    278587     95500   0.3428   0.2878    99
   1988       438540    367852    264243     76156   0.2882   0.2465    99
   1989       542490    375585    273649     58133   0.2124   0.1971   100
   1990       217570    361371    254079     92900   0.3656   0.3159   100
   1991       752890    358956    269982     68609   0.2541   0.2393   100
   1992       456100    387475    277890     55831   0.2009   0.1828    99
   1993       202550    425176    301658     66302   0.2198   0.2175    99
   1994       420730    396820    291676    100289   0.3438   0.3227    99
   1995       224330    385476    287097     82726   0.2881   0.2820    99
   1996       558750    328364    251221     63010   0.2508   0.2390    99
   1997       511790    322564    230482     59973   0.2602   0.2490   100
   1998       413310    316577    219652     59590   0.2713   0.2534   100
   1999       105710    345273    241251     59018   0.2446   0.2442    99
   2000       413310    321423    243207     63803   0.2623   0.2580   100
   2001       169080    330001    248962     61458   0.2469   0.2469   100
   2002       169080    294066    222760     53875   0.2419   0.2300   100
 
 -----------------------------------------------------------------            
 No of years for separable analysis : 11                                      
 Age range in the analysis : 0  . . . 9                                       
 Year range in the analysis : 1972  . . . 2002                                
 Number of indices of SSB : 1                                                 
 Number of age-structured indices : 1                                         
                                                                              
 Parameters to estimate : 46                                                  
 Number of observations : 150                                                 
                                                                              
 Conventional single selection vector model to be fitted.                     
                                                                              
                                                                              
                                                                              
 -----------------------------------------------------------------            
 
 
 PARAMETER ESTIMATES                                                            
  
 
 ³Parm.³      ³ Maximum ³    ³        ³         ³         ³         ³ Mean of ³ 
  
 ³ No. ³      ³ Likelh. ³ CV ³  Lower ³ Upper   ³  -s.e.  ³   +s.e. ³ Param.  ³ 
  
 ³     ³      ³ Estimate³ (%)³ 95% CL ³ 95% CL  ³         ³         ³ Distrib.³ 
  
 Separable model : F by year                                                    
  
    1   1992     0.1303   0    0.1303    0.1303    0.1303    0.1303    0.1303
    2   1993     0.1583   0    0.1583    0.1583    0.1583    0.1583    0.1583
    3   1994     0.2392   0    0.2392    0.2392    0.2392    0.2392    0.2392
    4   1995     0.2146   0    0.2146    0.2146    0.2146    0.2146    0.2146
    5   1996     0.1906   0    0.1906    0.1906    0.1906    0.1906    0.1906
    6   1997     0.2126   0    0.2126    0.2126    0.2126    0.2126    0.2126
    7   1998     0.2357   1    0.2311    0.2404    0.2334    0.2381    0.2357
    8   1999     0.2519 100    0.0355    1.7883    0.0927    0.6847    0.4153
    9   2000     0.3002   0    0.3002    0.3003    0.3002    0.3003    0.3002
   10   2001     0.3300   0    0.3300    0.3300    0.3300    0.3300    0.3300
   11   2002     0.3587   0    0.3587    0.3587    0.3587    0.3587    0.3587
 
 Separable Model: Selection (S) by age                                          
  
   12      0     0.0438   0    0.0438    0.0438    0.0438    0.0438    0.0438
   13      1     0.1494   0    0.1494    0.1494    0.1494    0.1494    0.1494
   14      2     0.3087   0    0.3087    0.3087    0.3087    0.3087    0.3087
   15      3     0.5856   0    0.5856    0.5856    0.5856    0.5856    0.5856
   16      4     0.8805   0    0.8805    0.8805    0.8805    0.8805    0.8805
           5     1.0000     Fixed : Reference Age             
   17      6     1.1420   0    1.1420    1.1420    1.1420    1.1420    1.1420
   18      7     1.2060   0    1.2060    1.2060    1.2060    1.2060    1.2060
           8     1.2000     Fixed : Last true age             
 
 Separable model: Populations in year 2002                                    
   19      0      80418   0      80418     80418     80418     80418     80418
   20      1      78136   0      78136     78136     78136     78136     78136
   21      2     177044   0     177044    177044    177044    177044    177044
   22      3      39512   0      39512     39512     39512     39512     39512
   23      4     122711   0     122711    122711    122711    122711    122711
   24      5     109815   0     109815    109815    109815    109815    109815
   25      6      84127   0      84127     84127     84127     84127     84127
   26      7      23060   0      23060     23060     23060     23060     23060
   27      8      29187   0      29187     29187     29187     29187     29187
 
Separable model: Populations at age
   28   1992      45210   0      45210     45210     45210     45210     45210
   29   1993      48057   0      48057     48057     48057     48057     48057
   30   1994      67530   0      67530     67530     67530     67530     67530
   31   1995      66502   0      66502     66502     66502     66502     66502
   32   1996      53229   0      53229     53229     53229     53229     53229
   33   1997      64460   0      64460     64460     64460     64460     64460
   34   1998      24380   0      24380     24380     24380     24380     24380
   35   1999      78182   0      78182     78182     78182     78182     78182
   36   2000      43276   0      43276     43276     43276     43276     43276
   37   2001      16644   0      16644     16644     16644     16644     16644
 
 SSB Index catchabilities                                                       
  
   INDEX                                 
 Absolute estimator. No fitted catchability.                                    
  
 
 
 
 Age-structured index catchabilities                                            
  
                                        FLT01: Dummy survey                     
 
 Linear model fitted. Slopes at age :                                           
  
   38   1  Q  .1970       0 .1970     .1970     .1970     .1970     .1970    
   39   2  Q  .9747       0 .9747     .9747     .9747     .9747     .9747    
   40   3  Q  1.300       0 1.300     1.300     1.300     1.300     1.300    
   41   4  Q  .7906       0 .7906     .7906     .7906     .7906     .7906    
   42   5  Q  .7168       0 .7168     .7168     .7168     .7168     .7168    
   43   6  Q  .7775       0 .7775     .7775     .7775     .7775     .7775    
   44   7  Q  1.003       0 1.003     1.003     1.003     1.003     1.003    
   45   8  Q  1.867       0 1.867     1.867     1.867     1.867     1.867    
   46   9  Q  .8761       0 .8761     .8761     .8761     .8761     .8761    
 
 
 
 RESIDUALS ABOUT THE MODEL FIT                                                  
  
 ------------------------------
 
        Separable Model Residuals
        -------------------------
------+----------------------------------------------------------------------------------------
Age   |    1992    1993    1994    1995    1996    1997    1998    1999    2000    2001    2002
------+----------------------------------------------------------------------------------------
  0   | ******* ******* ******* ******* ******* ******* ******* ******* ******* ******* *******
  1   | ******* ******* ******* ******* ******* ******* ******* ******* ******* ******* *******
  2   | ******* ******* ******* ******* ******* ******* ******* ******* ******* ******* *******
  3   | ******* ******* ******* ******* ******* ******* ******* ******* ******* ******* *******
  4   | ******* ******* ******* ******* ******* ******* ******* ******* ******* ******* *******
  5   | ******* ******* ******* ******* ******* ******* ******* ******* ******* ******* *******
  6   | ******* ******* ******* ******* ******* ******* ******* ******* ******* ******* *******
  7   | ******* ******* ******* ******* ******* ******* ******* ******* ******* ******* *******
  8   | ******* ******* ******* ******* ******* ******* ******* ******* ******* ******* *******
------+----------------------------------------------------------------------------------------
                                               
 
 
 
 SPAWNING BIOMASS INDEX RESIDUALS                                               
  
 ---------------------------------
 
          INDEX
        -------
------+------------------------------------------------------------------------------------------------------------------------
      |    1972    1973    1974    1975    1976    1977    1978    1979    1980    1981    1982    1983    1984    1985    1986
------+------------------------------------------------------------------------------------------------------------------------
  1   | ******* ******* ******* ******* ******* ******* ******* ******* ******* ******* ******* ******* ******* ******* *******
------+------------------------------------------------------------------------------------------------------------------------
                                               
 
 
          INDEX
        -------
------+------------------------------------------------------------------------------------------------------------------------
      |    1987    1988    1989    1990    1991    1992    1993    1994    1995    1996    1997    1998    1999    2000    2001
------+------------------------------------------------------------------------------------------------------------------------
  1   | ******* ******* ******* ******* ******* ******* ******* ******* ******* ******* ******* ******* ******* ******* *******
------+------------------------------------------------------------------------------------------------------------------------
                                               
 
 
          INDEX
        -------
------+--------
      |    2002
------+--------
  1   | *******
------+--------
                                               
 
 
 
 AGE-STRUCTURED INDEX RESIDUALS                                                 
  
 -------------------------------
 
        FLT01: Dummy survey
        -------------------
------+--------------------------------
Age   |    1981    1982    1983    1984
------+--------------------------------
  1   |   1.236   0.505  -0.249  -1.492
  2   |   0.372   0.326   0.351  -1.049
  3   |  -0.795   0.277   0.283   0.235
  4   |  -1.549  -0.199   0.836   0.912
  5   |   0.718  -1.352  -0.141   0.776
  6   |   0.754   0.764  -1.310  -0.207
  7   |   0.458   0.524   0.453  -1.435
  8   |   0.441   0.086  -0.175  -0.352
  9   |  -0.089   0.676  -0.114  -0.443
------+--------------------------------
                                               
 
 
 
 
 
 
 PARAMETERS OF THE DISTRIBUTION OF ln(CATCHES AT AGE)                           
  
 -----------------------------------------------------
 
 Separable model fitted from 1992  to 2002                                    
 Variance                             0.0000
Skewness test stat.                   5.9825
Kurtosis test statistic               1.6348
Partial chi-square                    0.0000
Significance in fit                   0.0000
Degrees of freedom                        62
 
 
 PARAMETERS OF DISTRIBUTIONS OF THE SSB INDICES                                 
  
 -----------------------------------------------
 
 
   DISTRIBUTION STATISTICS FOR   INDEX                                          
 
 
 Index used as absolute measure of abundance                                    
  
 Last age is a plus-group                                                       
  
 
 Variance                             0.0000
Skewness test stat.                  -3.1805
Kurtosis test statistic               1.3992
Partial chi-square                    0.0000
Significance in fit                   0.0000
Number of observations                    15
Degrees of freedom                        15
Weight in the analysis                5.0000
 
 PARAMETERS OF THE DISTRIBUTION OF THE AGE-STRUCTURED INDICES                   
  
 ------------------------------------------------------------ 
 
 
   DISTRIBUTION STATISTICS FOR FLT01: Dummy survey                              
 
 
 Linear catchability relationship assumed                                       
  
 
 Age                          1         2         3         4         5         6         7         8         9
 Variance                0.0015    0.0005    0.0003    0.0015    0.0011    0.0011    0.0010    0.0001    0.0002
Skewness test stat.     -0.2621   -0.9407   -0.9379   -0.4917   -0.5238   -0.4549   -0.9394    0.2891    0.6483
Kurtosis test statisti  -0.4998   -0.2731   -0.2742   -0.5056   -0.4874   -0.5289   -0.2735   -0.5284   -0.3353
Partial chi-square       0.0004    0.0001    0.0001    0.0004    0.0003    0.0003    0.0003    0.0000    0.0001
Significance in fit      0.0000    0.0000    0.0000    0.0000    0.0000    0.0000    0.0000    0.0000    0.0000
Number of observations        4         4         4         4         4         4         4         4         4
Degrees of freedom            3         3         3         3         3         3         3         3         3
Weight in the analysis   0.0011    0.0011    0.0011    0.0011    0.0011    0.0011    0.0011    0.0011    0.0011
 
 ANALYSIS OF VARIANCE                   
--------------------------
 
 Unweighted Statistics                                                          
  
 
                                                                                
  
Variance                              
                                       SSQ     Data    Parameters d.f. Variance
Total for model                        20.0086     150         46  104   0.1924
Catches at age                          0.0000      99         37   62   0.0000
  
SSB Indices                           
  INDEX                                 0.0000      15          0   15   0.0000
  
 Aged Indices                                                                   
  
FLT01: Dummy survey                    20.0086      36          9   27   0.7411
 
 
 Weighted Statistics                                                            
  
 
                                                                                
  
Variance                              
                                       SSQ     Data    Parameters d.f. Variance
Total for model                         0.0000     150         46  104   0.0000
Catches at age                          0.0000      99         37   62   0.0000
  
SSB Indices                           
  INDEX                                 0.0000      15          0   15   0.0000
  
 Aged Indices                                                                   
  
FLT01: Dummy survey                     0.0000      36          9   27   0.0000
 
