 ICA v1_3 TUNING DIAGNOSTICS FILE
   1       1
 F         SSQ
  0.05  23.26700015      19.90861626      3.358383893    
  0.10  11.21354483      7.878488502      3.335056330    
  0.15  6.816810996      3.493916774      3.322894222    
  0.20  4.943294327      1.628164491      3.315129836    
  0.25  4.143446545     0.8336902537      3.309756291    
  0.30  3.856187146     0.5503073044      3.305879842    
  0.35  3.830463761     0.5274520399      3.303011721    
  0.40  3.943487447     0.6426343930      3.300853054    
  0.45  4.131331019     0.8321230484      3.299207971    
  0.50  4.359220423      1.061277450      3.297942973    
  0.55  4.607614805      1.310649893      3.296964912    
  0.60  4.865269020      1.569063529      3.296205491    
  0.65  5.125666848      1.830051107      3.295615741    
  0.70  5.385042692      2.089883812      3.295158880    
  0.75  5.641269769      2.346462641      3.294807128    
  0.80  5.893227876      2.598688639      3.294539237    
  0.85  6.140422505      2.846083744      3.294338762    
  0.90  6.382753773      3.088560940      3.294192833    
  0.95  6.620387651      3.326296375      3.294091275    
  1.00  6.853658241      3.559632276      3.294025965    
