 Output Generated by ICA Version 1.4                                            
  
 ------------------------------------
 
        Mackerel NE Atlantic  WG2003
        ----------------------------
 
        Catch in Number
        ---------------
------+------------------------------------------------------------------------------------------------------------------------
AGE   |    1972    1973    1974    1975    1976    1977    1978    1979    1980    1981    1982    1983    1984    1985    1986
------+------------------------------------------------------------------------------------------------------------------------
  0   |   2125.   3876.   4574.   3723.   4517.   3479.    554.   2758.   3311.   2544.   3708.   2316.   1813.   3364.   2891.
  1   |  14703.   9008.  11919.  13757.  13606.  14563.   6940.   1807.  13296.   6996.  11232.   9152.  11015.   5328.  11697.
  2   |   7111.  35432.  15708.  20356.  28499.  24817.  16560.  12963.   4958.  16024.  17611.  15816.  24733.  18347.  10494.
  3   |  10942.  14539.  52217.  22733.  35622.  43774.  24075.  26597.  30230.   5102.  34395.  21186.  36260.  34797.  30487.
  4   |  20669.  16268.  15458.  54706.  28727.  39301.  30916.  28563.  45262.  22686.   8018.  30238.  35348.  36762.  41673.
  5   |  26130.  21878.  12197.  11446.  48887.  22289.  19617.  26342.  34734.  24054.  25515.   5008.  35981.  25233.  31068.
  6   |  17174.  26764.  15816.   8721.   9867.  36505.  10768.  16281.  31044.  17880.  26255.  15450.   5768.  24753.  20554.
  7   |   9181.  17258.  18912.  11072.   7351.   7186.  17321.   8838.  18856.  15708.  19213.  15641.  17465.   3876.  19696.
  8   |   5387.   7418.   9747.  10584.   7481.   4279.   2713.  11417.   8248.   7601.  13588.   9142.  14241.   9372.   2470.
  9   |   8531.  11117.  10344.  11767.  15603.  13859.   6950.   6102.  16301.  10190.  16219.  15065.  21524.  19963.  18919.
------+------------------------------------------------------------------------------------------------------------------------
       x 10 ^ 3                                
 
 
        Catch in Number
        ---------------
------+------------------------------------------------------------------------------------------------------------------------
AGE   |    1987    1988    1989    1990    1991    1992    1993    1994    1995    1996    1997    1998    1999    2000    2001
------+------------------------------------------------------------------------------------------------------------------------
  0   |   4392.   3546.   3373.   4299.   3427.   2753.   5024.   3340.   4815.   2653.   3254.   2140.   2770.   3028.   3765.
  1   |   9741.  14300.  11658.  10266.  10564.  10450.  11697.  16992.  10673.  10631.   8420.   8022.   8554.   8915.  15213.
  2   |  22279.  17903.  26510.  20023.  14312.  18351.  25174.  22328.  30610.  13376.  19244.  11882.  18342.  15717.  25358.
  3   |  16800.  34346.  27792.  38160.  23620.  21180.  37355.  40288.  33669.  32496.  20669.  23328.  23310.  28824.  37681.
  4   |  34989.  18509.  38017.  28535.  32460.  25488.  31190.  42711.  43285.  25782.  36718.  18447.  33749.  26862.  49905.
  5   |  33605.  27009.  14333.  27284.  17062.  24897.  26624.  24995.  32070.  23272.  20761.  23422.  19177.  27777.  33017.
  6   |  24093.  24912.  20066.   9870.  15725.  12676.  25110.  20488.  18000.  16622.  18175.  12881.  23700.  15326.  32941.
  7   |  15529.  17374.  17984.  13429.   5559.  11480.  12510.  18793.  14331.   9119.  12774.  11136.  12878.  18665.  17768.
  8   |  11899.   8944.  10015.   9598.   6023.   3249.   9105.   7484.  10490.   5772.   5617.   6262.   8959.   8134.  17433.
  9   |  12246.  13684.  12757.  12315.  10578.   9722.  10328.  11687.  10684.   8759.   9428.   7465.  11379.  13001.  20246.
------+------------------------------------------------------------------------------------------------------------------------
       x 10 ^ 3                                
 
 
        Catch in Number
        ---------------
------+--------
AGE   |    2002
------+--------
  0   |   2379.
  1   |   8251.
  2   |  18910.
  3   |  26658.
  4   |  28511.
  5   |  26463.
  6   |  16861.
  7   |  16426.
  8   |   7039.
  9   |  15567.
------+--------
       x 10 ^ 3                                
 
 
 
        Predicted Catch in Number
        -------------------------
------+----------------------------------------------------------------------------------------
AGE   |    1992    1993    1994    1995    1996    1997    1998    1999    2000    2001    2002
------+----------------------------------------------------------------------------------------
  0   |   2753.   5024.   3340.   4815.   2653.   3254.   2140.   2770.   3028.   3765.   2379.
  1   |  10450.  11697.  16992.  10673.  10631.   8420.   8022.   8554.   8915.  15213.   8251.
  2   |  18351.  25174.  22328.  30610.  13376.  19244.  11882.  18342.  15717.  25358.  18910.
  3   |  21180.  37355.  40288.  33669.  32496.  20669.  23328.  23310.  28824.  37681.  26658.
  4   |  25488.  31190.  42711.  43285.  25782.  36718.  18447.  33749.  26862.  49905.  28511.
  5   |  24897.  26624.  24995.  32070.  23272.  20761.  23422.  19177.  27777.  33017.  26463.
  6   |  12676.  25110.  20488.  18000.  16622.  18175.  12881.  23700.  15326.  32941.  16861.
  7   |  11480.  12510.  18793.  14331.   9119.  12774.  11136.  12878.  18665.  17768.  16426.
  8   |   3249.   9105.   7483.  10490.   5772.   5617.   6262.   8959.   8134.  17433.   7039.
------+----------------------------------------------------------------------------------------
       x 10 ^ 3                                
 
 
 
        Weights at age in the catches (Kg)
        ----------------------------------
------+------------------------------------------------------------------------------------------------------------------------
AGE   |    1972    1973    1974    1975    1976    1977    1978    1979    1980    1981    1982    1983    1984    1985    1986
------+------------------------------------------------------------------------------------------------------------------------
  0   | 0.05200 0.05000 0.05100 0.05000 0.05900 0.05600 0.03600 0.01600 0.05700 0.06000 0.05300 0.05000 0.03100 0.05500 0.03900
  1   | 0.13500 0.14500 0.13600 0.14800 0.13700 0.13600 0.13500 0.13700 0.13100 0.13200 0.13100 0.16800 0.10200 0.14400 0.14600
  2   | 0.27700 0.19400 0.22900 0.17700 0.20700 0.16900 0.16100 0.16100 0.24900 0.24800 0.24900 0.21900 0.18400 0.26200 0.24500
  3   | 0.34100 0.28500 0.26100 0.25900 0.26300 0.27500 0.25000 0.24300 0.28500 0.28700 0.28500 0.27600 0.29500 0.35700 0.33500
  4   | 0.42300 0.36800 0.33400 0.32300 0.32000 0.33300 0.32500 0.31800 0.34500 0.34400 0.34500 0.31000 0.32600 0.41800 0.42300
  5   | 0.46800 0.44800 0.39200 0.34800 0.34600 0.35200 0.34500 0.34800 0.37800 0.37700 0.37800 0.38600 0.34400 0.41700 0.47100
  6   | 0.46800 0.46800 0.48100 0.43000 0.40600 0.40700 0.40300 0.40100 0.45400 0.45400 0.45400 0.42500 0.43100 0.43600 0.44400
  7   | 0.50800 0.50800 0.50800 0.48800 0.44300 0.44600 0.42100 0.41600 0.49800 0.49900 0.49600 0.43500 0.54200 0.52100 0.45700
  8   | 0.53900 0.53900 0.53900 0.53900 0.51800 0.54600 0.51800 0.50600 0.52000 0.51300 0.51300 0.49800 0.48000 0.55500 0.54300
  9   | 0.60458 0.60253 0.59845 0.59710 0.59563 0.58992 0.58187 0.55729 0.55302 0.56316 0.55984 0.57897 0.60739 0.62086 0.61386
------+------------------------------------------------------------------------------------------------------------------------
                                               
 
 
        Weights at age in the catches (Kg)
        ----------------------------------
------+------------------------------------------------------------------------------------------------------------------------
AGE   |    1987    1988    1989    1990    1991    1992    1993    1994    1995    1996    1997    1998    1999    2000    2001
------+------------------------------------------------------------------------------------------------------------------------
  0   | 0.07600 0.05500 0.04900 0.08500 0.06800 0.05100 0.06100 0.04600 0.07200 0.05800 0.07600 0.06500 0.06200 0.06300 0.06900
  1   | 0.17900 0.13300 0.13600 0.15600 0.15600 0.16700 0.13400 0.13600 0.14300 0.14300 0.14300 0.15700 0.17600 0.13500 0.17100
  2   | 0.22300 0.25900 0.23700 0.23300 0.25300 0.23900 0.24000 0.25500 0.23400 0.22600 0.23000 0.22700 0.23600 0.22900 0.22300
  3   | 0.31800 0.32300 0.32000 0.33600 0.32700 0.33300 0.31700 0.33900 0.33300 0.31300 0.29500 0.31000 0.30700 0.30800 0.30700
  4   | 0.39900 0.38800 0.37700 0.37900 0.39400 0.39700 0.37600 0.39000 0.39000 0.37700 0.35900 0.35400 0.36100 0.36700 0.37800
  5   | 0.47400 0.45600 0.43300 0.42300 0.42300 0.46000 0.43600 0.44800 0.45200 0.42500 0.41500 0.40800 0.40600 0.42900 0.42600
  6   | 0.51200 0.52400 0.45600 0.46700 0.46900 0.49500 0.48300 0.51200 0.50100 0.48400 0.45300 0.45200 0.45400 0.46700 0.47700
  7   | 0.49300 0.55500 0.54300 0.52800 0.50600 0.53200 0.52700 0.54300 0.53900 0.51800 0.48100 0.46200 0.50100 0.50400 0.49900
  8   | 0.49800 0.55500 0.59200 0.55200 0.55400 0.55500 0.54800 0.59000 0.57700 0.55100 0.52400 0.51800 0.53700 0.53700 0.54300
  9   | 0.64392 0.60212 0.60437 0.60593 0.63360 0.63384 0.61776 0.62660 0.61172 0.59091 0.57591 0.57340 0.59476 0.58657 0.60268
------+------------------------------------------------------------------------------------------------------------------------
                                               
 
 
        Weights at age in the catches (Kg)
        ----------------------------------
------+--------
AGE   |    2002
------+--------
  0   | 0.05200
  1   | 0.15900
  2   | 0.25500
  3   | 0.30700
  4   | 0.36900
  5   | 0.42600
  6   | 0.46400
  7   | 0.51400
  8   | 0.53900
  9   | 0.60566
------+--------
                                               
 
 
 
        Weights at age in the stock (Kg)
        --------------------------------
------+------------------------------------------------------------------------------------------------------------------------
AGE   |    1972    1973    1974    1975    1976    1977    1978    1979    1980    1981    1982    1983    1984    1985    1986
------+------------------------------------------------------------------------------------------------------------------------
  0   | 0.00800 0.00800 0.00800 0.00800 0.00800 0.00800 0.00800 0.00800 0.00800 0.00800 0.00800 0.00800 0.00000 0.00000 0.00000
  1   | 0.13200 0.13200 0.13000 0.12900 0.12800 0.12700 0.11100 0.11000 0.10900 0.08700 0.08600 0.08600 0.08100 0.08500 0.07700
  2   | 0.17800 0.17700 0.17300 0.17100 0.17000 0.16700 0.17500 0.17400 0.17300 0.18600 0.13500 0.17200 0.19400 0.16500 0.17900
  3   | 0.24300 0.24200 0.23800 0.23600 0.23600 0.23300 0.23800 0.23700 0.23600 0.25200 0.22100 0.23500 0.25300 0.29300 0.26700
  4   | 0.41100 0.30100 0.29600 0.29400 0.29300 0.28900 0.30000 0.29900 0.29700 0.31300 0.28000 0.28000 0.29500 0.30600 0.30400
  5   | 0.35500 0.43800 0.32200 0.31800 0.31800 0.31300 0.34600 0.34500 0.34300 0.32300 0.38500 0.33900 0.32400 0.34100 0.35600
  6   | 0.39800 0.39800 0.46900 0.36500 0.36500 0.36100 0.38200 0.38000 0.37900 0.37800 0.35300 0.37700 0.39300 0.38400 0.35100
  7   | 0.43300 0.43300 0.43300 0.49700 0.41900 0.41600 0.41000 0.40800 0.40700 0.41900 0.40800 0.40400 0.43600 0.43000 0.41600
  8   | 0.45900 0.45900 0.45900 0.45900 0.51200 0.44600 0.43200 0.43000 0.42900 0.43400 0.43700 0.43900 0.44100 0.45900 0.47300
  9   | 0.51909 0.51631 0.51310 0.51139 0.50992 0.53172 0.51701 0.50639 0.46558 0.45689 0.48117 0.51170 0.50348 0.53021 0.48125
------+------------------------------------------------------------------------------------------------------------------------
                                               
 
 
        Weights at age in the stock (Kg)
        --------------------------------
------+------------------------------------------------------------------------------------------------------------------------
AGE   |    1987    1988    1989    1990    1991    1992    1993    1994    1995    1996    1997    1998    1999    2000    2001
------+------------------------------------------------------------------------------------------------------------------------
  0   | 0.00000 0.00000 0.00000 0.00000 0.00000 0.00000 0.00000 0.00000 0.00000 0.00000 0.00000 0.00000 0.00000 0.00000 0.00000
  1   | 0.07800 0.07200 0.07600 0.07400 0.07500 0.07800 0.07800 0.07900 0.08100 0.07600 0.07600 0.07700 0.08100 0.07400 0.07800
  2   | 0.14800 0.15600 0.17700 0.13800 0.15500 0.21200 0.19700 0.17800 0.16400 0.13300 0.18600 0.14900 0.19400 0.18500 0.16400
  3   | 0.24000 0.23700 0.24400 0.22200 0.23000 0.25900 0.26800 0.23700 0.26700 0.25100 0.22800 0.22300 0.24200 0.23500 0.24100
  4   | 0.28600 0.30100 0.30600 0.28700 0.30700 0.31000 0.31500 0.30100 0.32600 0.31700 0.29600 0.28500 0.30100 0.28900 0.34200
  5   | 0.37400 0.32900 0.35200 0.33900 0.35700 0.36200 0.36000 0.36100 0.39800 0.36600 0.36100 0.34200 0.35300 0.35000 0.39000
  6   | 0.38600 0.42300 0.38000 0.37300 0.40900 0.40200 0.41600 0.41300 0.44800 0.44400 0.40200 0.40000 0.39600 0.39000 0.44600
  7   | 0.41100 0.44500 0.42900 0.41400 0.43200 0.42400 0.45400 0.46600 0.49100 0.46200 0.44500 0.42600 0.42300 0.42600 0.45900
  8   | 0.42900 0.43200 0.47400 0.40900 0.50200 0.46200 0.46500 0.47000 0.50800 0.50100 0.47800 0.46600 0.44000 0.44700 0.49900
  9   | 0.49762 0.51809 0.48164 0.47986 0.55846 0.52033 0.53245 0.53158 0.55437 0.57911 0.53438 0.52754 0.49505 0.49924 0.56281
------+------------------------------------------------------------------------------------------------------------------------
                                               
 
 
        Weights at age in the stock (Kg)
        --------------------------------
------+--------
AGE   |    2002
------+--------
  0   | 0.00000
  1   | 0.07800
  2   | 0.18100
  3   | 0.23900
  4   | 0.31100
  5   | 0.36400
  6   | 0.41100
  7   | 0.43600
  8   | 0.46200
  9   | 0.51784
------+--------
                                               
 
 
 
        Natural Mortality (per year)
        ----------------------------
------+------------------------------------------------------------------------------------------------------------------------
AGE   |    1972    1973    1974    1975    1976    1977    1978    1979    1980    1981    1982    1983    1984    1985    1986
------+------------------------------------------------------------------------------------------------------------------------
  0   | 0.15000 0.15000 0.15000 0.15000 0.15000 0.15000 0.15000 0.15000 0.15000 0.15000 0.15000 0.15000 0.15000 0.15000 0.15000
  1   | 0.15000 0.15000 0.15000 0.15000 0.15000 0.15000 0.15000 0.15000 0.15000 0.15000 0.15000 0.15000 0.15000 0.15000 0.15000
  2   | 0.15000 0.15000 0.15000 0.15000 0.15000 0.15000 0.15000 0.15000 0.15000 0.15000 0.15000 0.15000 0.15000 0.15000 0.15000
  3   | 0.15000 0.15000 0.15000 0.15000 0.15000 0.15000 0.15000 0.15000 0.15000 0.15000 0.15000 0.15000 0.15000 0.15000 0.15000
  4   | 0.15000 0.15000 0.15000 0.15000 0.15000 0.15000 0.15000 0.15000 0.15000 0.15000 0.15000 0.15000 0.15000 0.15000 0.15000
  5   | 0.15000 0.15000 0.15000 0.15000 0.15000 0.15000 0.15000 0.15000 0.15000 0.15000 0.15000 0.15000 0.15000 0.15000 0.15000
  6   | 0.15000 0.15000 0.15000 0.15000 0.15000 0.15000 0.15000 0.15000 0.15000 0.15000 0.15000 0.15000 0.15000 0.15000 0.15000
  7   | 0.15000 0.15000 0.15000 0.15000 0.15000 0.15000 0.15000 0.15000 0.15000 0.15000 0.15000 0.15000 0.15000 0.15000 0.15000
  8   | 0.15000 0.15000 0.15000 0.15000 0.15000 0.15000 0.15000 0.15000 0.15000 0.15000 0.15000 0.15000 0.15000 0.15000 0.15000
  9   | 0.15000 0.15000 0.15000 0.15000 0.15000 0.15000 0.15000 0.15000 0.15000 0.15000 0.15000 0.15000 0.15000 0.15000 0.15000
------+------------------------------------------------------------------------------------------------------------------------
                                               
 
 
        Natural Mortality (per year)
        ----------------------------
------+------------------------------------------------------------------------------------------------------------------------
AGE   |    1987    1988    1989    1990    1991    1992    1993    1994    1995    1996    1997    1998    1999    2000    2001
------+------------------------------------------------------------------------------------------------------------------------
  0   | 0.15000 0.15000 0.15000 0.15000 0.15000 0.15000 0.15000 0.15000 0.15000 0.15000 0.15000 0.15000 0.15000 0.15000 0.15000
  1   | 0.15000 0.15000 0.15000 0.15000 0.15000 0.15000 0.15000 0.15000 0.15000 0.15000 0.15000 0.15000 0.15000 0.15000 0.15000
  2   | 0.15000 0.15000 0.15000 0.15000 0.15000 0.15000 0.15000 0.15000 0.15000 0.15000 0.15000 0.15000 0.15000 0.15000 0.15000
  3   | 0.15000 0.15000 0.15000 0.15000 0.15000 0.15000 0.15000 0.15000 0.15000 0.15000 0.15000 0.15000 0.15000 0.15000 0.15000
  4   | 0.15000 0.15000 0.15000 0.15000 0.15000 0.15000 0.15000 0.15000 0.15000 0.15000 0.15000 0.15000 0.15000 0.15000 0.15000
  5   | 0.15000 0.15000 0.15000 0.15000 0.15000 0.15000 0.15000 0.15000 0.15000 0.15000 0.15000 0.15000 0.15000 0.15000 0.15000
  6   | 0.15000 0.15000 0.15000 0.15000 0.15000 0.15000 0.15000 0.15000 0.15000 0.15000 0.15000 0.15000 0.15000 0.15000 0.15000
  7   | 0.15000 0.15000 0.15000 0.15000 0.15000 0.15000 0.15000 0.15000 0.15000 0.15000 0.15000 0.15000 0.15000 0.15000 0.15000
  8   | 0.15000 0.15000 0.15000 0.15000 0.15000 0.15000 0.15000 0.15000 0.15000 0.15000 0.15000 0.15000 0.15000 0.15000 0.15000
  9   | 0.15000 0.15000 0.15000 0.15000 0.15000 0.15000 0.15000 0.15000 0.15000 0.15000 0.15000 0.15000 0.15000 0.15000 0.15000
------+------------------------------------------------------------------------------------------------------------------------
                                               
 
 
        Natural Mortality (per year)
        ----------------------------
------+--------
AGE   |    2002
------+--------
  0   | 0.15000
  1   | 0.15000
  2   | 0.15000
  3   | 0.15000
  4   | 0.15000
  5   | 0.15000
  6   | 0.15000
  7   | 0.15000
  8   | 0.15000
  9   | 0.15000
------+--------
                                               
 
 
 
        Proportion of fish spawning
        ---------------------------
------+------------------------------------------------------------------------------------------------------------------------
AGE   |    1972    1973    1974    1975    1976    1977    1978    1979    1980    1981    1982    1983    1984    1985    1986
------+------------------------------------------------------------------------------------------------------------------------
  0   |  0.0000  0.0000  0.0000  0.0000  0.0000  0.0000  0.0000  0.0000  0.0000  0.0000  0.0000  0.0000  0.0000  0.0000  0.0000
  1   |  0.0500  0.0500  0.0500  0.0600  0.0600  0.0600  0.0600  0.0600  0.0600  0.0700  0.0700  0.0700  0.0700  0.0700  0.0700
  2   |  0.5300  0.5400  0.5400  0.5500  0.5500  0.5500  0.5600  0.5600  0.5700  0.5700  0.5700  0.5800  0.5800  0.5800  0.5800
  3   |  0.9000  0.9000  0.9000  0.8900  0.8900  0.8900  0.8900  0.8900  0.8900  0.8800  0.8800  0.8800  0.8800  0.8800  0.8800
  4   |  0.9800  0.9800  0.9800  0.9800  0.9800  0.9800  0.9800  0.9800  0.9800  0.9800  0.9800  0.9800  0.9700  0.9700  0.9700
  5   |  0.9800  0.9800  0.9800  0.9800  0.9800  0.9800  0.9800  0.9800  0.9800  0.9800  0.9800  0.9800  0.9700  0.9700  0.9700
  6   |  0.9900  0.9900  0.9900  0.9900  0.9900  0.9900  0.9900  0.9900  0.9900  0.9900  0.9900  0.9900  0.9900  0.9900  0.9900
  7   |  1.0000  1.0000  1.0000  1.0000  1.0000  1.0000  1.0000  1.0000  1.0000  1.0000  1.0000  1.0000  1.0000  1.0000  1.0000
  8   |  1.0000  1.0000  1.0000  1.0000  1.0000  1.0000  1.0000  1.0000  1.0000  1.0000  1.0000  1.0000  1.0000  1.0000  1.0000
  9   |  1.0000  1.0000  1.0000  1.0000  1.0000  1.0000  1.0000  1.0000  1.0000  1.0000  1.0000  1.0000  1.0000  1.0000  1.0000
------+------------------------------------------------------------------------------------------------------------------------
                                               
 
 
        Proportion of fish spawning
        ---------------------------
------+------------------------------------------------------------------------------------------------------------------------
AGE   |    1987    1988    1989    1990    1991    1992    1993    1994    1995    1996    1997    1998    1999    2000    2001
------+------------------------------------------------------------------------------------------------------------------------
  0   |  0.0000  0.0000  0.0000  0.0000  0.0000  0.0000  0.0000  0.0000  0.0000  0.0000  0.0000  0.0000  0.0000  0.0000  0.0000
  1   |  0.0700  0.0700  0.0700  0.0700  0.0700  0.0700  0.0700  0.0700  0.0700  0.0700  0.0700  0.0700  0.0700  0.0700  0.0700
  2   |  0.5800  0.5800  0.5800  0.5800  0.5800  0.5800  0.5800  0.5800  0.5800  0.5800  0.5800  0.5800  0.5800  0.5800  0.5900
  3   |  0.8800  0.8800  0.8800  0.8800  0.8800  0.8800  0.8800  0.8800  0.8800  0.8800  0.8800  0.8600  0.8600  0.8600  0.8800
  4   |  0.9700  0.9700  0.9700  0.9700  0.9700  0.9700  0.9700  0.9700  0.9700  0.9700  0.9700  0.9800  0.9800  0.9800  0.9700
  5   |  0.9700  0.9700  0.9700  0.9700  0.9700  0.9700  0.9700  0.9700  0.9700  0.9700  0.9700  0.9800  0.9800  0.9800  0.9700
  6   |  0.9900  0.9900  0.9900  0.9900  0.9900  0.9900  0.9900  0.9900  0.9900  0.9900  0.9900  0.9900  0.9900  0.9900  0.9900
  7   |  1.0000  1.0000  1.0000  1.0000  1.0000  1.0000  1.0000  1.0000  1.0000  1.0000  1.0000  1.0000  1.0000  1.0000  1.0000
  8   |  1.0000  1.0000  1.0000  1.0000  1.0000  1.0000  1.0000  1.0000  1.0000  1.0000  1.0000  1.0000  1.0000  1.0000  1.0000
  9   |  1.0000  1.0000  1.0000  1.0000  1.0000  1.0000  1.0000  1.0000  1.0000  1.0000  1.0000  1.0000  1.0000  1.0000  1.0000
------+------------------------------------------------------------------------------------------------------------------------
                                               
 
 
        Proportion of fish spawning
        ---------------------------
------+--------
AGE   |    2002
------+--------
  0   |  0.0000
  1   |  0.0700
  2   |  0.5900
  3   |  0.8800
  4   |  0.9700
  5   |  0.9700
  6   |  0.9900
  7   |  1.0000
  8   |  1.0000
  9   |  1.0000
------+--------
                                               
 
 
 
 INDICES OF SPAWNING BIOMASS                                                    
  
 ----------------------------
 
          INDEX
        -------
------+------------------------------------------------------------------------------------------------------------------------
      |    1972    1973    1974    1975    1976    1977    1978    1979    1980    1981    1982    1983    1984    1985    1986
------+------------------------------------------------------------------------------------------------------------------------
  1   | ******* ******* ******* ******* ******* ******* ******* ******* ******* ******* ******* ******* ******* ******* *******
------+------------------------------------------------------------------------------------------------------------------------
       x 10 ^ 3                                
 
 
          INDEX
        -------
------+------------------------------------------------------------------------------------------------------------------------
      |    1987    1988    1989    1990    1991    1992    1993    1994    1995    1996    1997    1998    1999    2000    2001
------+------------------------------------------------------------------------------------------------------------------------
  1   | *******  212.06  212.17  195.57  216.94  241.41  257.20  245.93  264.81  258.37  266.42  265.67  295.63  294.79  312.75
------+------------------------------------------------------------------------------------------------------------------------
       x 10 ^ 3                                
 
 
          INDEX
        -------
------+--------
      |    2002
------+--------
  1   |  287.59
------+--------
       x 10 ^ 3                                
 
 
 
 AGE-STRUCTURED INDICES                                                         
  
 -----------------------
 
        FLT01: Dummy survey
        -------------------
------+--------------------------------
AGE   |    1981    1982    1983    1984
------+--------------------------------
  1   |  266.10  203.00   43.60   15.24
  2   |  506.40  435.90  712.70   79.51
  3   |  225.10  483.60  444.60  661.83
  4   |   31.70  184.10  391.60  374.60
  5   |  174.80   24.70  130.40  238.20
  6   |  158.50  136.60   20.20   92.00
  7   |   99.50  108.60   91.30   15.54
  8   |  116.60   84.50   70.90   51.47
  9   |   35.30   87.00   47.10   39.27
------+--------------------------------
       x 10 ^ 3                                
 
 
 
        Fishing Mortality (per year)
        ----------------------------
------+------------------------------------------------------------------------------------------------------------------------
AGE   |    1972    1973    1974    1975    1976    1977    1978    1979    1980    1981    1982    1983    1984    1985    1986
------+------------------------------------------------------------------------------------------------------------------------
  0   | 0.00654 0.00868 0.00836 0.00786 0.00901 0.00911 0.00566 0.00575 0.00867 0.00571 0.00787 0.00605 0.00901 0.00830 0.00904
  1   | 0.02476 0.03285 0.03164 0.02976 0.03409 0.03446 0.02143 0.02174 0.03280 0.02159 0.02979 0.02291 0.03412 0.03139 0.03422
  2   | 0.05479 0.07271 0.07003 0.06588 0.07545 0.07628 0.04743 0.04813 0.07259 0.04780 0.06593 0.05072 0.07551 0.06949 0.07573
  3   | 0.10810 0.14346 0.13816 0.12997 0.14885 0.15050 0.09357 0.09495 0.14321 0.09429 0.13007 0.10006 0.14897 0.13709 0.14941
  4   | 0.16526 0.21931 0.21121 0.19869 0.22756 0.23008 0.14304 0.14515 0.21894 0.14416 0.19885 0.15297 0.22775 0.20958 0.22842
  5   | 0.18797 0.24945 0.24023 0.22599 0.25883 0.26169 0.16270 0.16510 0.24902 0.16396 0.22617 0.17399 0.25904 0.23838 0.25980
  6   | 0.21257 0.28210 0.27167 0.25558 0.29271 0.29595 0.18400 0.18671 0.28161 0.18543 0.25578 0.19676 0.29295 0.26958 0.29381
  7   | 0.24353 0.32318 0.31124 0.29280 0.33534 0.33905 0.21079 0.21390 0.32263 0.21243 0.29303 0.22542 0.33561 0.30884 0.33660
  8   | 0.22556 0.29934 0.28827 0.27119 0.31059 0.31403 0.19524 0.19812 0.29882 0.19676 0.27141 0.20878 0.31084 0.28605 0.31177
  9   | 0.22556 0.29934 0.28827 0.27119 0.31059 0.31403 0.19524 0.19812 0.29882 0.19676 0.27141 0.20878 0.31084 0.28605 0.31177
------+------------------------------------------------------------------------------------------------------------------------
                                               
 
 
        Fishing Mortality (per year)
        ----------------------------
------+------------------------------------------------------------------------------------------------------------------------
AGE   |    1987    1988    1989    1990    1991    1992    1993    1994    1995    1996    1997    1998    1999    2000    2001
------+------------------------------------------------------------------------------------------------------------------------
  0   | 0.00956 0.00978 0.01011 0.00966 0.00743 0.00707 0.00942 0.01001 0.01005 0.00694 0.00687 0.00527 0.00656 0.00658 0.01038
  1   | 0.03619 0.03701 0.03824 0.03657 0.02810 0.02676 0.03564 0.03788 0.03804 0.02625 0.02600 0.01994 0.02483 0.02492 0.03930
  2   | 0.08011 0.08192 0.08465 0.08094 0.06220 0.05922 0.07888 0.08383 0.08420 0.05810 0.05754 0.04414 0.05496 0.05515 0.08699
  3   | 0.15804 0.16162 0.16700 0.15969 0.12272 0.11684 0.15562 0.16540 0.16611 0.11463 0.11353 0.08708 0.10844 0.10881 0.17162
  4   | 0.24161 0.24708 0.25531 0.24413 0.18761 0.17862 0.23792 0.25285 0.25395 0.17524 0.17356 0.13312 0.16578 0.16634 0.26237
  5   | 0.27481 0.28103 0.29039 0.27767 0.21339 0.20317 0.27060 0.28760 0.28884 0.19932 0.19741 0.15141 0.18856 0.18919 0.29842
  6   | 0.31078 0.31781 0.32840 0.31402 0.24132 0.22976 0.30603 0.32524 0.32665 0.22541 0.22325 0.17123 0.21324 0.21396 0.33748
  7   | 0.35604 0.36410 0.37623 0.35975 0.27646 0.26322 0.35060 0.37261 0.37422 0.25824 0.25576 0.19617 0.24430 0.24512 0.38663
  8   | 0.32977 0.33723 0.34847 0.33320 0.25606 0.24380 0.32473 0.34512 0.34661 0.23918 0.23689 0.18169 0.22627 0.22703 0.35810
  9   | 0.32977 0.33723 0.34847 0.33320 0.25606 0.24380 0.32473 0.34512 0.34661 0.23918 0.23689 0.18169 0.22627 0.22703 0.35810
------+------------------------------------------------------------------------------------------------------------------------
                                               
 
 
        Fishing Mortality (per year)
        ----------------------------
------+--------
AGE   |    2002
------+--------
  0   | 0.00712
  1   | 0.02694
  2   | 0.05962
  3   | 0.11762
  4   | 0.17981
  5   | 0.20452
  6   | 0.23129
  7   | 0.26497
  8   | 0.24542
  9   | 0.24542
------+--------
                                               
 
 
 
        Population Abundance (1 January)
        --------------------------------
------+------------------------------------------------------------------------------------------------------------------------
AGE   |    1972    1973    1974    1975    1976    1977    1978    1979    1980    1981    1982    1983    1984    1985    1986
------+------------------------------------------------------------------------------------------------------------------------
  0   |  350.87  482.83  591.64  511.73  542.45  413.21  105.69  518.38  413.21  481.40  509.31  413.21  217.56  438.51  345.84
  1   |  647.34  300.03  411.99  504.99  437.00  462.70  352.43   90.46  443.61  352.59  411.99  434.93  353.51  185.58  374.31
  2   |  143.52  543.55  249.89  343.56  421.90  363.53  384.76  296.91   76.18  369.50  296.99  344.19  365.87  294.06  154.79
  3   |  114.84  116.94  435.03  200.54  276.85  336.75  289.91  315.83  243.55   60.98  303.19  239.31  281.60  292.00  236.11
  4   |  145.81   88.72   87.20  326.11  151.57  205.33  249.34  227.24  247.21  181.65   47.76  229.13  186.37  208.83  219.13
  5   |  163.83  106.39   61.32   60.76  230.11  103.90  140.41  186.01  169.16  170.94  135.36   33.70  169.24  127.74  145.76
  6   |   96.32  116.84   71.35   41.51   41.72  152.89   68.84  102.70  135.73  113.50  124.88   92.92   24.37  112.43   86.63
  7   |   45.60   67.03   75.85   46.80   27.67   26.80   97.88   49.29   73.34   88.15   81.16   83.23   65.69   15.65   73.90
  8   |   28.65   30.77   41.76   47.82   30.06   17.03   16.43   68.24   34.26   45.72   61.35   52.11   57.18   40.42    9.89
  9   |   45.37   46.11   44.32   53.17   62.69   55.16   42.09   36.47   67.70   61.28   73.23   85.87   86.42   86.10   75.77
------+------------------------------------------------------------------------------------------------------------------------
       x 10 ^ 6                                
 
 
        Population Abundance (1 January)
        --------------------------------
------+------------------------------------------------------------------------------------------------------------------------
AGE   |    1987    1988    1989    1990    1991    1992    1993    1994    1995    1996    1997    1998    1999    2000    2001
------+------------------------------------------------------------------------------------------------------------------------
  0   |  496.90  392.36  361.17  481.40  498.74  420.79  577.12  361.17  518.38  413.21  511.74  438.51  456.09  496.90  392.36
  1   |  294.98  423.62  334.42  307.73  410.36  426.09  359.62  492.08  307.76  441.71  353.20  437.44  375.45  389.99  424.88
  2   |  311.33  244.87  351.36  277.04  255.36  343.41  357.06  298.69  407.79  255.01  370.33  296.20  369.07  315.22  327.41
  3   |  123.51  247.34  194.19  277.87  219.91  206.53  278.58  284.01  236.41  322.65  207.10  300.92  243.93  300.68  256.76
  4   |  175.02   90.77  181.12  141.43  203.87  167.42  158.16  205.22  207.19  172.34  247.63  159.12  237.41  188.38  232.11
  5   |  150.09  118.31   61.02  120.76   95.36  145.46  120.53  107.31  137.17  138.33  124.49  179.18  119.89  173.12  137.29
  6   |   96.75   98.14   76.88   39.28   78.74   66.31  102.18   79.14   69.28   88.45   97.55   87.95  132.55   85.45  123.32
  7   |   55.58   61.03   61.47   47.65   24.70   53.24   45.36   64.76   49.21   43.01   60.76   67.16   63.79   92.18   59.38
  8   |   45.43   33.51   36.50   36.32   28.62   16.12   35.22   27.49   38.40   29.13   28.59   40.50   47.51   43.00   62.09
  9   |   46.75   51.26   46.49   46.61   50.26   48.24   39.95   42.94   39.11   44.20   47.99   48.28   60.34   68.73   72.11
------+------------------------------------------------------------------------------------------------------------------------
       x 10 ^ 6                                
 
 
        Population Abundance (1 January)
        --------------------------------
------+----------------
AGE   |    2002    2003
------+----------------
  0   |  361.17  360.98
  1   |  334.22  308.66
  2   |  351.60  280.02
  3   |  258.33  285.11
  4   |  186.14  197.67
  5   |  153.68  133.85
  6   |   87.68  107.81
  7   |   75.74   59.88
  8   |   34.72   50.02
  9   |   76.79   75.09
------+----------------
       x 10 ^ 6                                
 
 
 
        Weighting factors for the catches in number
        -------------------------------------------
------+----------------------------------------------------------------------------------------
AGE   |    1992    1993    1994    1995    1996    1997    1998    1999    2000    2001    2002
------+----------------------------------------------------------------------------------------
  0   |  0.0200  0.0200  0.0200  0.0200  0.0200  0.0200  0.0200  0.0200  0.0200  0.0200  0.0200
  1   |  1.0000  1.0000  1.0000  1.0000  1.0000  1.0000  1.0000  1.0000  1.0000  1.0000  1.0000
  2   |  1.0000  1.0000  1.0000  1.0000  1.0000  1.0000  1.0000  1.0000  1.0000  1.0000  1.0000
  3   |  1.0000  1.0000  1.0000  1.0000  1.0000  1.0000  1.0000  1.0000  1.0000  1.0000  1.0000
  4   |  1.0000  1.0000  1.0000  1.0000  1.0000  1.0000  1.0000  1.0000  1.0000  1.0000  1.0000
  5   |  1.0000  1.0000  1.0000  1.0000  1.0000  1.0000  1.0000  1.0000  1.0000  1.0000  1.0000
  6   |  1.0000  1.0000  1.0000  1.0000  1.0000  1.0000  1.0000  1.0000  1.0000  1.0000  1.0000
  7   |  1.0000  1.0000  1.0000  1.0000  1.0000  1.0000  1.0000  1.0000  1.0000  1.0000  1.0000
  8   |  1.0000  1.0000  1.0000  1.0000  1.0000  1.0000  1.0000  1.0000  1.0000  1.0000  1.0000
------+----------------------------------------------------------------------------------------
                                               
 
 
 
 Predicted SSB Index Values                                                     
  
 ---------------------------
 
          INDEX
        -------
------+------------------------------------------------------------------------------------------------------------------------
      |    1972    1973    1974    1975    1976    1977    1978    1979    1980    1981    1982    1983    1984    1985    1986
------+------------------------------------------------------------------------------------------------------------------------
  1   | ******* ******* ******* ******* ******* ******* ******* ******* ******* ******* ******* ******* ******* ******* *******
------+------------------------------------------------------------------------------------------------------------------------
       x 10 ^ 3                                
 
 
          INDEX
        -------
------+------------------------------------------------------------------------------------------------------------------------
      |    1987    1988    1989    1990    1991    1992    1993    1994    1995    1996    1997    1998    1999    2000    2001
------+------------------------------------------------------------------------------------------------------------------------
  1   | *******  212.06  212.17  195.57  216.94  241.41  257.20  245.93  264.81  258.37  266.42  265.66  295.63  294.79  312.75
------+------------------------------------------------------------------------------------------------------------------------
       x 10 ^ 3                                
 
 
          INDEX
        -------
------+--------
      |    2002
------+--------
  1   |  287.59
------+--------
       x 10 ^ 3                                
 
 
 
 Predicted Age-Structured Index Values                                          
  
 --------------------------------------
 
        FLT01: Dummy survey Predicted
        -----------------------------
------+--------------------------------
AGE   |    1981    1982    1983    1984
------+--------------------------------
  1   |   70.81   82.37   87.28   70.51
  2   |  362.84  288.74  337.44  353.83
  3   |  139.14  678.32  544.32  623.50
  4   |  228.54   58.31  286.88  223.94
  5   |  175.63  134.39   34.43  165.02
  6   |  123.26  130.47  100.29   24.95
  7   |   71.86   63.29   67.36   50.04
  8   |   67.69   87.18   76.64   79.50
  9   |   40.49   46.43   56.36   53.62
------+--------------------------------
       x 10 ^ 3                                
 
 
 
        Fitted Selection Pattern
        ------------------------
------+------------------------------------------------------------------------------------------------------------------------
AGE   |    1972    1973    1974    1975    1976    1977    1978    1979    1980    1981    1982    1983    1984    1985    1986
------+------------------------------------------------------------------------------------------------------------------------
  0   |  0.0348  0.0348  0.0348  0.0348  0.0348  0.0348  0.0348  0.0348  0.0348  0.0348  0.0348  0.0348  0.0348  0.0348  0.0348
  1   |  0.1317  0.1317  0.1317  0.1317  0.1317  0.1317  0.1317  0.1317  0.1317  0.1317  0.1317  0.1317  0.1317  0.1317  0.1317
  2   |  0.2915  0.2915  0.2915  0.2915  0.2915  0.2915  0.2915  0.2915  0.2915  0.2915  0.2915  0.2915  0.2915  0.2915  0.2915
  3   |  0.5751  0.5751  0.5751  0.5751  0.5751  0.5751  0.5751  0.5751  0.5751  0.5751  0.5751  0.5751  0.5751  0.5751  0.5751
  4   |  0.8792  0.8792  0.8792  0.8792  0.8792  0.8792  0.8792  0.8792  0.8792  0.8792  0.8792  0.8792  0.8792  0.8792  0.8792
  5   |  1.0000  1.0000  1.0000  1.0000  1.0000  1.0000  1.0000  1.0000  1.0000  1.0000  1.0000  1.0000  1.0000  1.0000  1.0000
  6   |  1.1309  1.1309  1.1309  1.1309  1.1309  1.1309  1.1309  1.1309  1.1309  1.1309  1.1309  1.1309  1.1309  1.1309  1.1309
  7   |  1.2956  1.2956  1.2956  1.2956  1.2956  1.2956  1.2956  1.2956  1.2956  1.2956  1.2956  1.2956  1.2956  1.2956  1.2956
  8   |  1.2000  1.2000  1.2000  1.2000  1.2000  1.2000  1.2000  1.2000  1.2000  1.2000  1.2000  1.2000  1.2000  1.2000  1.2000
  9   |  1.2000  1.2000  1.2000  1.2000  1.2000  1.2000  1.2000  1.2000  1.2000  1.2000  1.2000  1.2000  1.2000  1.2000  1.2000
------+------------------------------------------------------------------------------------------------------------------------
                                               
 
 
        Fitted Selection Pattern
        ------------------------
------+------------------------------------------------------------------------------------------------------------------------
AGE   |    1987    1988    1989    1990    1991    1992    1993    1994    1995    1996    1997    1998    1999    2000    2001
------+------------------------------------------------------------------------------------------------------------------------
  0   |  0.0348  0.0348  0.0348  0.0348  0.0348  0.0348  0.0348  0.0348  0.0348  0.0348  0.0348  0.0348  0.0348  0.0348  0.0348
  1   |  0.1317  0.1317  0.1317  0.1317  0.1317  0.1317  0.1317  0.1317  0.1317  0.1317  0.1317  0.1317  0.1317  0.1317  0.1317
  2   |  0.2915  0.2915  0.2915  0.2915  0.2915  0.2915  0.2915  0.2915  0.2915  0.2915  0.2915  0.2915  0.2915  0.2915  0.2915
  3   |  0.5751  0.5751  0.5751  0.5751  0.5751  0.5751  0.5751  0.5751  0.5751  0.5751  0.5751  0.5751  0.5751  0.5751  0.5751
  4   |  0.8792  0.8792  0.8792  0.8792  0.8792  0.8792  0.8792  0.8792  0.8792  0.8792  0.8792  0.8792  0.8792  0.8792  0.8792
  5   |  1.0000  1.0000  1.0000  1.0000  1.0000  1.0000  1.0000  1.0000  1.0000  1.0000  1.0000  1.0000  1.0000  1.0000  1.0000
  6   |  1.1309  1.1309  1.1309  1.1309  1.1309  1.1309  1.1309  1.1309  1.1309  1.1309  1.1309  1.1309  1.1309  1.1309  1.1309
  7   |  1.2956  1.2956  1.2956  1.2956  1.2956  1.2956  1.2956  1.2956  1.2956  1.2956  1.2956  1.2956  1.2956  1.2956  1.2956
  8   |  1.2000  1.2000  1.2000  1.2000  1.2000  1.2000  1.2000  1.2000  1.2000  1.2000  1.2000  1.2000  1.2000  1.2000  1.2000
  9   |  1.2000  1.2000  1.2000  1.2000  1.2000  1.2000  1.2000  1.2000  1.2000  1.2000  1.2000  1.2000  1.2000  1.2000  1.2000
------+------------------------------------------------------------------------------------------------------------------------
                                               
 
 
        Fitted Selection Pattern
        ------------------------
------+--------
AGE   |    2002
------+--------
  0   |  0.0348
  1   |  0.1317
  2   |  0.2915
  3   |  0.5751
  4   |  0.8792
  5   |  1.0000
  6   |  1.1309
  7   |  1.2956
  8   |  1.2000
  9   |  1.2000
------+--------
                                               
 
 
 
 
 
                    STOCK SUMMARY                                             
 
 
 ³ Year ³  Recruits  ³  Total  ³ Spawning³ Landings ³ Yield ³ Mean F ³ SoP ³    
 ³      ³   Age   0  ³ Biomass ³ Biomass ³          ³ /SSB  ³  Ages  ³     ³ 
 ³      ³  thousands ³  tonnes ³ tonnes  ³ tonnes   ³ ratio ³  4- 7  ³ (%) ³ 
 
   1972       350870    354576    221949     49530   0.2232   0.2023    99
   1973       482830    354728    227948     60295   0.2645   0.2685    99
   1974       591640    358828    235816     57683   0.2446   0.2586   100
   1975       511730    378065    242713     55250   0.2276   0.2433    99
   1976       542440    389099    250641     63938   0.2551   0.2786   100
   1977       413210    396370    258235     67915   0.2630   0.2817   100
   1978       105690    394971    282609     43539   0.1541   0.1751   100
   1979       518370    379678    295049     46475   0.1575   0.1777   100
   1980       413210    381270    271800     77314   0.2845   0.2680   100
   1981       481390    358373    258461     48981   0.1895   0.1765   100
   1982       509300    351335    248584     65767   0.2646   0.2435   100
   1983       413210    367202    261451     48917   0.1871   0.1873   100
   1984       217550    387614    274802     72189   0.2627   0.2788    99
   1985       438500    371418    279445     74478   0.2665   0.2566   100
   1986       345830    340365    248748     77947   0.3134   0.2797    99
   1987       496890    307859    221079     76080   0.3441   0.2958   100
   1988       392350    303269    212062     73225   0.3453   0.3025   100
   1989       361160    307166    212169     70020   0.3300   0.3126    99
   1990       481390    275820    195570     66269   0.3389   0.2989    99
   1991       498730    302881    216936     53459   0.2464   0.2297   100
   1992       420780    345868    241413     55244   0.2288   0.2187   100
   1993       577110    367007    257199     73184   0.2845   0.2913   100
   1994       361160    358472    245930     82104   0.3339   0.3096    99
   1995       518370    373451    264811     80956   0.3057   0.3109   100
   1996       413210    353067    258366     55603   0.2152   0.2146    99
   1997       511730    366751    266424     56523   0.2122   0.2125   100
   1998       438500    359681    265664     45905   0.1728   0.1630    99
   1999       456080    405073    295633     61922   0.2095   0.2030    99
   2000       496900    399002    294785     64204   0.2178   0.2037    99
   2001       392350    435468    312749     99260   0.3174   0.3212   100
   2002       361160    390145    287589     65724   0.2285   0.2201   100
 
 -----------------------------------------------------------------            
 No of years for separable analysis : 11                                      
 Age range in the analysis : 0  . . . 9                                       
 Year range in the analysis : 1972  . . . 2002                                
 Number of indices of SSB : 1                                                 
 Number of age-structured indices : 1                                         
                                                                              
 Parameters to estimate : 46                                                  
 Number of observations : 150                                                 
                                                                              
 Conventional single selection vector model to be fitted.                     
                                                                              
                                                                              
                                                                              
 -----------------------------------------------------------------            
 
 
 PARAMETER ESTIMATES                                                            
  
 
 ³Parm.³      ³ Maximum ³    ³        ³         ³         ³         ³ Mean of ³ 
  
 ³ No. ³      ³ Likelh. ³ CV ³  Lower ³ Upper   ³  -s.e.  ³   +s.e. ³ Param.  ³ 
  
 ³     ³      ³ Estimate³ (%)³ 95% CL ³ 95% CL  ³         ³         ³ Distrib.³ 
  
 Separable model : F by year                                                    
  
    1   1992     0.2032   0    0.1999    0.2065    0.2015    0.2049    0.2032
    2   1993     0.2706   0    0.2664    0.2749    0.2684    0.2728    0.2706
    3   1994     0.2876   0    0.2831    0.2922    0.2853    0.2899    0.2876
    4   1995     0.2888   0    0.2843    0.2935    0.2865    0.2912    0.2888
    5   1996     0.1993   0    0.1962    0.2025    0.1977    0.2009    0.1993
    6   1997     0.1974   0    0.1944    0.2005    0.1959    0.1990    0.1974
    7   1998     0.1514   0    0.1491    0.1537    0.1503    0.1526    0.1514
    8   1999     0.1886   0    0.1858    0.1914    0.1871    0.1900    0.1886
    9   2000     0.1892   0    0.1864    0.1920    0.1878    0.1906    0.1892
   10   2001     0.2984   0    0.2939    0.3030    0.2961    0.3007    0.2984
   11   2002     0.2045   0    0.2011    0.2080    0.2028    0.2063    0.2045
 
 Separable Model: Selection (S) by age                                          
  
   12      0     0.0348   3    0.0323    0.0375    0.0335    0.0361    0.0348
   13      1     0.1317   0    0.1296    0.1338    0.1306    0.1328    0.1317
   14      2     0.2915   0    0.2872    0.2959    0.2893    0.2937    0.2915
   15      3     0.5751   0    0.5670    0.5833    0.5710    0.5793    0.5751
   16      4     0.8792   0    0.8675    0.8910    0.8732    0.8852    0.8792
           5     1.0000     Fixed : Reference Age             
   17      6     1.1309   0    1.1170    1.1450    1.1238    1.1381    1.1309
   18      7     1.2956   0    1.2799    1.3115    1.2876    1.3037    1.2956
           8     1.2000     Fixed : Last true age             
 
 Separable model: Populations in year 2002                                    
   19      0     361167  12     282653    461490    318709    409281    364002
   20      1     334217   1     321414    347529    327622    340944    334283
   21      2     351602   1     342350    361104    346851    356418    351635
   22      3     258324   1     252922    263840    255554    261124    258339
   23      4     186140   0     182794    189548    184425    187871    186148
   24      5     153676   0     151246    156146    152431    154931    153681
   25      6      87679   0      86351     89027     86999     88364     87681
   26      7      75740   0      74644     76852     75179     76305     75742
   27      8      34721   0      34185     35266     34447     34998     34722
 
Separable model: Populations at age
   28   1992      16123   1      15557     16710     15832     16420     16126
   29   1993      35219   1      34308     36154     34751     35693     35222
   30   1994      27492   1      26876     28121     27176     27811     27494
   31   1995      38399   1      37620     39193     38000     38802     38401
   32   1996      29130   0      28568     29702     28842     29420     29131
   33   1997      28593   0      28094     29101     28338     28851     28595
   34   1998      40495   0      39870     41130     40175     40818     40496
   35   1999      47509   0      46842     48185     47167     47852     47510
   36   2000      43003   0      42396     43619     42692     43316     43004
   37   2001      62090   0      61253     62938     61661     62521     62091
 
 SSB Index catchabilities                                                       
  
   INDEX                                 
 Absolute estimator. No fitted catchability.                                    
  
 
 
 
 Age-structured index catchabilities                                            
  
                                        FLT01: Dummy survey                     
 
 Linear model fitted. Slopes at age :                                           
  
   38   1  Q  .2207      25 .1733     .4655     .2207     .3654     .2932    
   39   2  Q  1.095      25 .8595     2.309     1.095     1.813     1.454    
   40   3  Q  2.610      25 2.049     5.505     2.610     4.321     3.467    
   41   4  Q  1.479      25 1.161     3.120     1.479     2.449     1.965    
   42   5  Q  1.221      25 .9586     2.575     1.221     2.022     1.622    
   43   6  Q  1.306      25 1.025     2.755     1.306     2.162     1.735    
   44   7  Q  .9950      25 .7811     2.099     .9950     1.647     1.322    
   45   8  Q  1.792      25 1.406     3.779     1.792     2.966     2.380    
   46   9  Q  .7994      25 .6276     1.686     .7994     1.324     1.062    
 
 
 
 RESIDUALS ABOUT THE MODEL FIT                                                  
  
 ------------------------------
 
        Separable Model Residuals
        -------------------------
------+----------------------------------------------------------------------------------------
Age   |    1992    1993    1994    1995    1996    1997    1998    1999    2000    2001    2002
------+----------------------------------------------------------------------------------------
  0   | ******* ******* ******* ******* ******* ******* ******* ******* ******* ******* *******
  1   | ******* ******* ******* ******* ******* ******* ******* ******* ******* ******* *******
  2   | ******* ******* ******* ******* ******* ******* ******* ******* ******* ******* *******
  3   | ******* ******* ******* ******* ******* ******* ******* ******* ******* ******* *******
  4   | ******* ******* ******* ******* ******* ******* ******* ******* ******* ******* *******
  5   | ******* ******* ******* ******* ******* ******* ******* ******* ******* ******* *******
  6   | ******* ******* ******* ******* ******* ******* ******* ******* ******* ******* *******
  7   | ******* ******* ******* ******* ******* ******* ******* ******* ******* ******* *******
  8   | ******* ******* ******* ******* ******* ******* ******* ******* ******* ******* *******
------+----------------------------------------------------------------------------------------
                                               
 
 
 
 SPAWNING BIOMASS INDEX RESIDUALS                                               
  
 ---------------------------------
 
          INDEX
        -------
------+------------------------------------------------------------------------------------------------------------------------
      |    1972    1973    1974    1975    1976    1977    1978    1979    1980    1981    1982    1983    1984    1985    1986
------+------------------------------------------------------------------------------------------------------------------------
  1   | ******* ******* ******* ******* ******* ******* ******* ******* ******* ******* ******* ******* ******* ******* *******
------+------------------------------------------------------------------------------------------------------------------------
                                               
 
 
          INDEX
        -------
------+------------------------------------------------------------------------------------------------------------------------
      |    1987    1988    1989    1990    1991    1992    1993    1994    1995    1996    1997    1998    1999    2000    2001
------+------------------------------------------------------------------------------------------------------------------------
  1   | ******* ******* ******* ******* ******* ******* ******* ******* ******* ******* ******* ******* ******* ******* *******
------+------------------------------------------------------------------------------------------------------------------------
                                               
 
 
          INDEX
        -------
------+--------
      |    2002
------+--------
  1   | *******
------+--------
                                               
 
 
 
 AGE-STRUCTURED INDEX RESIDUALS                                                 
  
 -------------------------------
 
        FLT01: Dummy survey
        -------------------
------+--------------------------------
Age   |    1981    1982    1983    1984
------+--------------------------------
  1   |   1.324   0.902  -0.694  -1.532
  2   |   0.333   0.412   0.748  -1.493
  3   |   0.481  -0.338  -0.202   0.060
  4   |  -1.975   1.150   0.311   0.515
  5   |  -0.005  -1.694   1.332   0.367
  6   |   0.251   0.046  -1.602   1.305
  7   |   0.325   0.540   0.304  -1.169
  8   |   0.544  -0.031  -0.078  -0.435
  9   |  -0.137   0.628  -0.179  -0.311
------+--------------------------------
                                               
 
 
 
 
 
 
 PARAMETERS OF THE DISTRIBUTION OF ln(CATCHES AT AGE)                           
  
 -----------------------------------------------------
 
 Separable model fitted from 1992  to 2002                                    
 Variance                             0.0000
Skewness test stat.                   4.4568
Kurtosis test statistic               3.3261
Partial chi-square                    0.0000
Significance in fit                   0.0000
Degrees of freedom                        62
 
 
 PARAMETERS OF DISTRIBUTIONS OF THE SSB INDICES                                 
  
 -----------------------------------------------
 
 
   DISTRIBUTION STATISTICS FOR   INDEX                                          
 
 
 Index used as absolute measure of abundance                                    
  
 Last age is a plus-group                                                       
  
 
 Variance                             0.0000
Skewness test stat.                  -1.6119
Kurtosis test statistic               0.0249
Partial chi-square                    0.0000
Significance in fit                   0.0000
Number of observations                    15
Degrees of freedom                        15
Weight in the analysis                5.0000
 
 PARAMETERS OF THE DISTRIBUTION OF THE AGE-STRUCTURED INDICES                   
  
 ------------------------------------------------------------ 
 
 
   DISTRIBUTION STATISTICS FOR FLT01: Dummy survey                              
 
 
 Linear catchability relationship assumed                                       
  
 
 Age                          1         2         3         4         5         6         7         8         9
 Variance                0.0020    0.0011    0.0001    0.0021    0.0018    0.0016    0.0007    0.0002    0.0002
Skewness test stat.     -0.1140   -0.8514    0.4319   -0.7450   -0.3831   -0.3392   -0.8897    0.3701    0.8548
Kurtosis test statisti  -0.6932   -0.3019   -0.4925   -0.3321   -0.4094   -0.3999   -0.2900   -0.3927   -0.3014
Partial chi-square       0.0005    0.0003    0.0000    0.0005    0.0005    0.0004    0.0002    0.0000    0.0001
Significance in fit      0.0000    0.0000    0.0000    0.0000    0.0000    0.0000    0.0000    0.0000    0.0000
Number of observations        4         4         4         4         4         4         4         4         4
Degrees of freedom            3         3         3         3         3         3         3         3         3
Weight in the analysis   0.0011    0.0011    0.0011    0.0011    0.0011    0.0011    0.0011    0.0011    0.0011
 
 ANALYSIS OF VARIANCE                   
--------------------------
 
 Unweighted Statistics                                                          
  
 
                                                                                
  
Variance                              
                                       SSQ     Data    Parameters d.f. Variance
Total for model                        26.4444     150         46  104   0.2543
Catches at age                          0.0000      99         37   62   0.0000
  
SSB Indices                           
  INDEX                                 0.0000      15          0   15   0.0000
  
 Aged Indices                                                                   
  
FLT01: Dummy survey                    26.4444      36          9   27   0.9794
 
 
 Weighted Statistics                                                            
  
 
                                                                                
  
Variance                              
                                       SSQ     Data    Parameters d.f. Variance
Total for model                         0.0000     150         46  104   0.0000
Catches at age                          0.0000      99         37   62   0.0000
  
SSB Indices                           
  INDEX                                 0.0000      15          0   15   0.0000
  
 Aged Indices                                                                   
  
FLT01: Dummy survey                     0.0000      36          9   27   0.0000
 
