 ICA v1_3 TUNING DIAGNOSTICS FILE
   1       1
 F         SSQ
  0.05  6.581479573      2.523724327      4.057755246    
  0.10  4.939096244     0.9005770480      4.038519196    
  0.15  4.293292623     0.2643067429      4.028985880    
  0.20  4.099787557     0.7674589965E-01  4.023041657    
  0.25  4.134600685     0.1156344006      4.018966284    
  0.30  4.288467531     0.2724299683      4.016037563    
  0.35  4.504648620     0.4907771929      4.013871428    
  0.40  4.752493691     0.7402565258      4.012237165    
  0.45  5.015011971      1.004027553      4.010984418    
  0.50  5.282620001      1.272608119      4.010011882    
  0.55  5.549896792      1.540647754      4.009249039    
  0.60  5.813803609      1.805157936      4.008645672    
  0.65  6.072709630      2.064544287      4.008165343    
  0.70  6.325820207      2.318039032      4.007781175    
  0.75  6.572858558      2.565385503      4.007473055    
  0.80  6.813840547      2.806614815      4.007225732    
  0.85  7.048993867      3.041966372      4.007027495    
  0.90  7.278656479      3.271787227      4.006869252    
  0.95  7.503260087      3.496516222      4.006743864    
  1.00  7.723263960      3.716617915      4.006646045    
