 ICA v1_3 TUNING DIAGNOSTICS FILE
   1       1
 F         SSQ
  0.05  6.680670500      3.248962938      3.431707562    
  0.10  4.908500971      1.495912927      3.412588043    
  0.15  4.061506765     0.6582693274      3.403237438    
  0.20  3.649214332     0.2515536380      3.397660694    
  0.25  3.477618607     0.8362040267E-01  3.393998204    
  0.30  3.446421058     0.5496684756E-01  3.391454211    
  0.35  3.499377015     0.1097530136      3.389624002    
  0.40  3.603551542     0.2152763791      3.388275163    
  0.45  3.739059099     0.3517949466      3.387264152    
  0.50  3.893592325     0.5070956262      3.386496699    
  0.55  4.059389464     0.6734800761      3.385909388    
  0.60  4.231486382     0.8460286337      3.385457748    
  0.65  4.406685334      1.021575338      3.385109996    
  0.70  4.582885109      1.198042300      3.384842810    
  0.75  4.758751176      1.374112209      3.384638967    
  0.80  4.933425269      1.548939814      3.384485454    
  0.85  5.106380850      1.722008528      3.384372322    
  0.90  5.277315691      1.893023821      3.384291870    
  0.95  5.446078421      2.061840411      3.384238010    
  1.00  5.612654774      2.228448690      3.384206084    
