 ICA v1_3 TUNING DIAGNOSTICS FILE
   1       1
 F         SSQ
  0.05  21.78318721      18.44988662      3.333300588    
  0.10  9.522454757      6.203462038      3.318992720    
  0.15  5.552888573      2.240708660      3.312179913    
  0.20  4.146487855     0.8384153055      3.308072550    
  0.25  3.726489472     0.4211490047      3.305340467    
  0.30  3.731552992     0.4281241852      3.303428806    
  0.35  3.931930715     0.6298831938      3.302047521    
  0.40  4.224471783     0.9234459413      3.301025842    
  0.45  4.559757015      1.259500842      3.300256173    
  0.50  4.913059404      1.613391708      3.299667695    
  0.55  5.271742637      1.972530347      3.299212290    
  0.60  5.629347007      2.330490579      3.298856429    
  0.65  5.982723131      2.684146877      3.298576254    
  0.70  6.330569739      3.032215263      3.298354476    
  0.75  6.672692507      3.374514146      3.298178361    
  0.80  7.009499235      3.711460846      3.298038389    
  0.85  7.341853878      4.043926531      3.297927347    
  0.90  7.670970222      4.373130524      3.297839698    
  0.95  7.998389296      4.700618152      3.297771144    
  1.00  8.326021547      5.028303240      3.297718308    
