 Output Generated by ICA Version 1.4                                            
  
 ------------------------------------
 
        Mackerel NE Atlantic  WG2003
        ----------------------------
 
        Catch in Number
        ---------------
------+------------------------------------------------------------------------------------------------------------------------
AGE   |    1972    1973    1974    1975    1976    1977    1978    1979    1980    1981    1982    1983    1984    1985    1986
------+------------------------------------------------------------------------------------------------------------------------
  0   |   1669.   4203.   1995.   2954.   3194.   3134.   5007.   2475.   5317.   2419.   4255.   2384.   2720.   1519.   4570.
  1   |   5714.   5137.  10123.   9437.   7462.  12633.   9984.   8942.  14709.  11079.  11310.   9009.  10975.   7991.   5796.
  2   |  23572.   9963.   7046.  27166.  13524.  16724.  22745.  10170.  30196.  17429.  29408.  13635.  23582.  18285.  17250.
  3   |  25863.  34685.  11636.  15990.  32932.  25583.  25306.  19786.  29113.  30402.  39184.  30180.  30295.  33229.  33236.
  4   |  43698.  27403.  29462.  19142.  13975.  44975.  27729.  16036.  41250.  21225.  49635.  29202.  48827.  30810.  43448.
  5   |  30161.  32601.  16469.  34471.  11761.  13507.  34205.  12411.  23910.  21169.  24673.  26104.  33694.  35007.  28425.
  6   |  19353.  21679.  18957.  18621.  20413.  10965.   9875.  14821.  17919.  11848.  23798.  12546.  29162.  23297.  31106.
  7   |  20645.  13583.  12373.  20993.  10776.  18606.   7807.   4204.  21005.   8697.  13059.  11869.  13758.  19713.  20202.
  8   |   7602.  11577.   6183.  11031.   9677.   7883.  10581.   2641.   4813.   8106.   7717.   5183.  10480.   7428.  13705.
  9   |  16100.  13190.  11504.  15958.  12568.  16857.  13998.   8545.  12656.   6446.  13145.   8197.  12307.  12972.  14028.
------+------------------------------------------------------------------------------------------------------------------------
       x 10 ^ 3                                
 
 
        Catch in Number
        ---------------
------+------------------------------------------------------------------------------------------------------------------------
AGE   |    1987    1988    1989    1990    1991    1992    1993    1994    1995    1996    1997    1998    1999    2000    2001
------+------------------------------------------------------------------------------------------------------------------------
  0   |   2030.   3608.   3863.   2422.   4291.   2147.   3165.   2659.   4761.   2578.   5133.   4143.   4626.   1158.   2692.
  1   |  14670.   6128.   6853.  13485.  13177.   9373.   9610.   7086.   8451.  15999.   8487.  19030.  15241.   9356.   4834.
  2   |  10501.  25020.   6635.  13697.  41603.  16334.  23776.  12220.  12849.  16192.  30005.  17874.  39580.  17532.  22246.
  3   |  26207.  15044.  23118.  11399.  35697.  43661.  34976.  25635.  18926.  21003.  25867.  53556.  31263.  38703.  35485.
  4   |  36060.  26859.  10120.  29333.  21528.  27006.  67578.  27248.  29060.  22619.  24477.  33494.  67263.  22145.  57198.
  5   |  33006.  25886.  12762.   9226.  39454.  11428.  29651.  37022.  22026.  24761.  18758.  22491.  29627.  33537.  23363.
  6   |  20731.  22763.  11904.  11332.  11991.  20184.  12110.  15671.  29037.  18201.  19895.  16660.  19145.  14266.  34295.
  7   |  22061.  13915.  10281.  10453.  14423.   5994.  20921.   6262.  12100.  23608.  14373.  17317.  13827.   9032.  14343.
  8   |  11439.  11813.   4998.   7255.  10733.   5730.   4997.   8605.   3876.   7891.  14943.  10037.  11513.   5184.   7302.
  9   |  16304.  15461.  10050.  10936.  18658.  11813.  14371.   7961.  10205.   9093.  10950.  19164.  19645.  12364.  14366.
------+------------------------------------------------------------------------------------------------------------------------
       x 10 ^ 3                                
 
 
        Catch in Number
        ---------------
------+--------
AGE   |    2002
------+--------
  0   |   2590.
  1   |   7119.
  2   |   7284.
  3   |  28556.
  4   |  33180.
  5   |  37926.
  6   |  14998.
  7   |  21625.
  8   |   7225.
  9   |  10278.
------+--------
       x 10 ^ 3                                
 
 
 
        Predicted Catch in Number
        -------------------------
------+----------------------------------------------------------------------------------------
AGE   |    1992    1993    1994    1995    1996    1997    1998    1999    2000    2001    2002
------+----------------------------------------------------------------------------------------
  0   |   2147.   3166.   2659.   4761.   2578.   5133.   4143.   4626.   1158.   2692.   2590.
  1   |   9373.   9610.   7086.   8451.  15998.   8487.  19029.  15240.   9356.   4834.   7119.
  2   |  16334.  23777.  12220.  12849.  16191.  30003.  17873.  39577.  17532.  22245.   7284.
  3   |  43664.  34977.  25636.  18926.  21003.  25866.  53554.  31262.  38702.  35485.  28558.
  4   |  27008.  67582.  27249.  29061.  22619.  24477.  33493.  67261.  22146.  57198.  33182.
  5   |  11429.  29653.  37024.  22027.  24761.  18758.  22491.  29626.  33538.  23363.  37929.
  6   |  20185.  12110.  15671.  29037.  18201.  19894.  16659.  19144.  14266.  34294.  14999.
  7   |   5995.  20921.   6262.  12100.  23607.  14372.  17316.  13826.   9031.  14342.  21625.
  8   |   5729.   4997.   8606.   3876.   7891.  14943.  10037.  11513.   5184.   7303.   7226.
------+----------------------------------------------------------------------------------------
       x 10 ^ 3                                
 
 
 
        Weights at age in the catches (Kg)
        ----------------------------------
------+------------------------------------------------------------------------------------------------------------------------
AGE   |    1972    1973    1974    1975    1976    1977    1978    1979    1980    1981    1982    1983    1984    1985    1986
------+------------------------------------------------------------------------------------------------------------------------
  0   | 0.05200 0.05000 0.05100 0.05000 0.05900 0.05600 0.03600 0.01600 0.05700 0.06000 0.05300 0.05000 0.03100 0.05500 0.03900
  1   | 0.13500 0.14500 0.13600 0.14800 0.13700 0.13600 0.13500 0.13700 0.13100 0.13200 0.13100 0.16800 0.10200 0.14400 0.14600
  2   | 0.27700 0.19400 0.22900 0.17700 0.20700 0.16900 0.16100 0.16100 0.24900 0.24800 0.24900 0.21900 0.18400 0.26200 0.24500
  3   | 0.34100 0.28500 0.26100 0.25900 0.26300 0.27500 0.25000 0.24300 0.28500 0.28700 0.28500 0.27600 0.29500 0.35700 0.33500
  4   | 0.42300 0.36800 0.33400 0.32300 0.32000 0.33300 0.32500 0.31800 0.34500 0.34400 0.34500 0.31000 0.32600 0.41800 0.42300
  5   | 0.46800 0.44800 0.39200 0.34800 0.34600 0.35200 0.34500 0.34800 0.37800 0.37700 0.37800 0.38600 0.34400 0.41700 0.47100
  6   | 0.46800 0.46800 0.48100 0.43000 0.40600 0.40700 0.40300 0.40100 0.45400 0.45400 0.45400 0.42500 0.43100 0.43600 0.44400
  7   | 0.50800 0.50800 0.50800 0.48800 0.44300 0.44600 0.42100 0.41600 0.49800 0.49900 0.49600 0.43500 0.54200 0.52100 0.45700
  8   | 0.53900 0.53900 0.53900 0.53900 0.51800 0.54600 0.51800 0.50600 0.52000 0.51300 0.51300 0.49800 0.48000 0.55500 0.54300
  9   | 0.60161 0.60381 0.59854 0.60237 0.59975 0.58380 0.56512 0.53847 0.56960 0.56612 0.55554 0.58183 0.60857 0.61741 0.60435
------+------------------------------------------------------------------------------------------------------------------------
                                               
 
 
        Weights at age in the catches (Kg)
        ----------------------------------
------+------------------------------------------------------------------------------------------------------------------------
AGE   |    1987    1988    1989    1990    1991    1992    1993    1994    1995    1996    1997    1998    1999    2000    2001
------+------------------------------------------------------------------------------------------------------------------------
  0   | 0.07600 0.05500 0.04900 0.08500 0.06800 0.05100 0.06100 0.04600 0.07200 0.05800 0.07600 0.06500 0.06200 0.06300 0.06900
  1   | 0.17900 0.13300 0.13600 0.15600 0.15600 0.16700 0.13400 0.13600 0.14300 0.14300 0.14300 0.15700 0.17600 0.13500 0.17100
  2   | 0.22300 0.25900 0.23700 0.23300 0.25300 0.23900 0.24000 0.25500 0.23400 0.22600 0.23000 0.22700 0.23600 0.22900 0.22300
  3   | 0.31800 0.32300 0.32000 0.33600 0.32700 0.33300 0.31700 0.33900 0.33300 0.31300 0.29500 0.31000 0.30700 0.30800 0.30700
  4   | 0.39900 0.38800 0.37700 0.37900 0.39400 0.39700 0.37600 0.39000 0.39000 0.37700 0.35900 0.35400 0.36100 0.36700 0.37800
  5   | 0.47400 0.45600 0.43300 0.42300 0.42300 0.46000 0.43600 0.44800 0.45200 0.42500 0.41500 0.40800 0.40600 0.42900 0.42600
  6   | 0.51200 0.52400 0.45600 0.46700 0.46900 0.49500 0.48300 0.51200 0.50100 0.48400 0.45300 0.45200 0.45400 0.46700 0.47700
  7   | 0.49300 0.55500 0.54300 0.52800 0.50600 0.53200 0.52700 0.54300 0.53900 0.51800 0.48100 0.46200 0.50100 0.50400 0.49900
  8   | 0.49800 0.55500 0.59200 0.55200 0.55400 0.55500 0.54800 0.59000 0.57700 0.55100 0.52400 0.51800 0.53700 0.53700 0.54300
  9   | 0.61317 0.60162 0.60537 0.61795 0.63440 0.63418 0.61221 0.64246 0.61141 0.59994 0.57272 0.56727 0.58912 0.58971 0.61213
------+------------------------------------------------------------------------------------------------------------------------
                                               
 
 
        Weights at age in the catches (Kg)
        ----------------------------------
------+--------
AGE   |    2002
------+--------
  0   | 0.05200
  1   | 0.15900
  2   | 0.25500
  3   | 0.30700
  4   | 0.36900
  5   | 0.42600
  6   | 0.46400
  7   | 0.51400
  8   | 0.53900
  9   | 0.61122
------+--------
                                               
 
 
 
        Weights at age in the stock (Kg)
        --------------------------------
------+------------------------------------------------------------------------------------------------------------------------
AGE   |    1972    1973    1974    1975    1976    1977    1978    1979    1980    1981    1982    1983    1984    1985    1986
------+------------------------------------------------------------------------------------------------------------------------
  0   | 0.00800 0.00800 0.00800 0.00800 0.00800 0.00800 0.00800 0.00800 0.00800 0.00800 0.00800 0.00800 0.00000 0.00000 0.00000
  1   | 0.13200 0.13200 0.13000 0.12900 0.12800 0.12700 0.11100 0.11000 0.10900 0.08700 0.08600 0.08600 0.08100 0.08500 0.07700
  2   | 0.17800 0.17700 0.17300 0.17100 0.17000 0.16700 0.17500 0.17400 0.17300 0.18600 0.13500 0.17200 0.19400 0.16500 0.17900
  3   | 0.24300 0.24200 0.23800 0.23600 0.23600 0.23300 0.23800 0.23700 0.23600 0.25200 0.22100 0.23500 0.25300 0.29300 0.26700
  4   | 0.41100 0.30100 0.29600 0.29400 0.29300 0.28900 0.30000 0.29900 0.29700 0.31300 0.28000 0.28000 0.29500 0.30600 0.30400
  5   | 0.35500 0.43800 0.32200 0.31800 0.31800 0.31300 0.34600 0.34500 0.34300 0.32300 0.38500 0.33900 0.32400 0.34100 0.35600
  6   | 0.39800 0.39800 0.46900 0.36500 0.36500 0.36100 0.38200 0.38000 0.37900 0.37800 0.35300 0.37700 0.39300 0.38400 0.35100
  7   | 0.43300 0.43300 0.43300 0.49700 0.41900 0.41600 0.41000 0.40800 0.40700 0.41900 0.40800 0.40400 0.43600 0.43000 0.41600
  8   | 0.45900 0.45900 0.45900 0.45900 0.51200 0.44600 0.43200 0.43000 0.42900 0.43400 0.43700 0.43900 0.44100 0.45900 0.47300
  9   | 0.51580 0.51822 0.51301 0.51643 0.51455 0.53408 0.50442 0.48980 0.49223 0.48357 0.47248 0.50024 0.50274 0.52568 0.47360
------+------------------------------------------------------------------------------------------------------------------------
                                               
 
 
        Weights at age in the stock (Kg)
        --------------------------------
------+------------------------------------------------------------------------------------------------------------------------
AGE   |    1987    1988    1989    1990    1991    1992    1993    1994    1995    1996    1997    1998    1999    2000    2001
------+------------------------------------------------------------------------------------------------------------------------
  0   | 0.00000 0.00000 0.00000 0.00000 0.00000 0.00000 0.00000 0.00000 0.00000 0.00000 0.00000 0.00000 0.00000 0.00000 0.00000
  1   | 0.07800 0.07200 0.07600 0.07400 0.07500 0.07800 0.07800 0.07900 0.08100 0.07600 0.07600 0.07700 0.08100 0.07400 0.07800
  2   | 0.14800 0.15600 0.17700 0.13800 0.15500 0.21200 0.19700 0.17800 0.16400 0.13300 0.18600 0.14900 0.19400 0.18500 0.16400
  3   | 0.24000 0.23700 0.24400 0.22200 0.23000 0.25900 0.26800 0.23700 0.26700 0.25100 0.22800 0.22300 0.24200 0.23500 0.24100
  4   | 0.28600 0.30100 0.30600 0.28700 0.30700 0.31000 0.31500 0.30100 0.32600 0.31700 0.29600 0.28500 0.30100 0.28900 0.34200
  5   | 0.37400 0.32900 0.35200 0.33900 0.35700 0.36200 0.36000 0.36100 0.39800 0.36600 0.36100 0.34200 0.35300 0.35000 0.39000
  6   | 0.38600 0.42300 0.38000 0.37300 0.40900 0.40200 0.41600 0.41300 0.44800 0.44400 0.40200 0.40000 0.39600 0.39000 0.44600
  7   | 0.41100 0.44500 0.42900 0.41400 0.43200 0.42400 0.45400 0.46600 0.49100 0.46200 0.44500 0.42600 0.42300 0.42600 0.45900
  8   | 0.42900 0.43200 0.47400 0.40900 0.50200 0.46200 0.46500 0.47000 0.50800 0.50100 0.47800 0.46600 0.44000 0.44700 0.49900
  9   | 0.48920 0.51399 0.48079 0.49071 0.55853 0.52187 0.52556 0.55118 0.56435 0.58240 0.53001 0.52270 0.49170 0.50553 0.56811
------+------------------------------------------------------------------------------------------------------------------------
                                               
 
 
        Weights at age in the stock (Kg)
        --------------------------------
------+--------
AGE   |    2002
------+--------
  0   | 0.00000
  1   | 0.07800
  2   | 0.18100
  3   | 0.23900
  4   | 0.31100
  5   | 0.36400
  6   | 0.41100
  7   | 0.43600
  8   | 0.46200
  9   | 0.52193
------+--------
                                               
 
 
 
        Natural Mortality (per year)
        ----------------------------
------+------------------------------------------------------------------------------------------------------------------------
AGE   |    1972    1973    1974    1975    1976    1977    1978    1979    1980    1981    1982    1983    1984    1985    1986
------+------------------------------------------------------------------------------------------------------------------------
  0   | 0.15000 0.15000 0.15000 0.15000 0.15000 0.15000 0.15000 0.15000 0.15000 0.15000 0.15000 0.15000 0.15000 0.15000 0.15000
  1   | 0.15000 0.15000 0.15000 0.15000 0.15000 0.15000 0.15000 0.15000 0.15000 0.15000 0.15000 0.15000 0.15000 0.15000 0.15000
  2   | 0.15000 0.15000 0.15000 0.15000 0.15000 0.15000 0.15000 0.15000 0.15000 0.15000 0.15000 0.15000 0.15000 0.15000 0.15000
  3   | 0.15000 0.15000 0.15000 0.15000 0.15000 0.15000 0.15000 0.15000 0.15000 0.15000 0.15000 0.15000 0.15000 0.15000 0.15000
  4   | 0.15000 0.15000 0.15000 0.15000 0.15000 0.15000 0.15000 0.15000 0.15000 0.15000 0.15000 0.15000 0.15000 0.15000 0.15000
  5   | 0.15000 0.15000 0.15000 0.15000 0.15000 0.15000 0.15000 0.15000 0.15000 0.15000 0.15000 0.15000 0.15000 0.15000 0.15000
  6   | 0.15000 0.15000 0.15000 0.15000 0.15000 0.15000 0.15000 0.15000 0.15000 0.15000 0.15000 0.15000 0.15000 0.15000 0.15000
  7   | 0.15000 0.15000 0.15000 0.15000 0.15000 0.15000 0.15000 0.15000 0.15000 0.15000 0.15000 0.15000 0.15000 0.15000 0.15000
  8   | 0.15000 0.15000 0.15000 0.15000 0.15000 0.15000 0.15000 0.15000 0.15000 0.15000 0.15000 0.15000 0.15000 0.15000 0.15000
  9   | 0.15000 0.15000 0.15000 0.15000 0.15000 0.15000 0.15000 0.15000 0.15000 0.15000 0.15000 0.15000 0.15000 0.15000 0.15000
------+------------------------------------------------------------------------------------------------------------------------
                                               
 
 
        Natural Mortality (per year)
        ----------------------------
------+------------------------------------------------------------------------------------------------------------------------
AGE   |    1987    1988    1989    1990    1991    1992    1993    1994    1995    1996    1997    1998    1999    2000    2001
------+------------------------------------------------------------------------------------------------------------------------
  0   | 0.15000 0.15000 0.15000 0.15000 0.15000 0.15000 0.15000 0.15000 0.15000 0.15000 0.15000 0.15000 0.15000 0.15000 0.15000
  1   | 0.15000 0.15000 0.15000 0.15000 0.15000 0.15000 0.15000 0.15000 0.15000 0.15000 0.15000 0.15000 0.15000 0.15000 0.15000
  2   | 0.15000 0.15000 0.15000 0.15000 0.15000 0.15000 0.15000 0.15000 0.15000 0.15000 0.15000 0.15000 0.15000 0.15000 0.15000
  3   | 0.15000 0.15000 0.15000 0.15000 0.15000 0.15000 0.15000 0.15000 0.15000 0.15000 0.15000 0.15000 0.15000 0.15000 0.15000
  4   | 0.15000 0.15000 0.15000 0.15000 0.15000 0.15000 0.15000 0.15000 0.15000 0.15000 0.15000 0.15000 0.15000 0.15000 0.15000
  5   | 0.15000 0.15000 0.15000 0.15000 0.15000 0.15000 0.15000 0.15000 0.15000 0.15000 0.15000 0.15000 0.15000 0.15000 0.15000
  6   | 0.15000 0.15000 0.15000 0.15000 0.15000 0.15000 0.15000 0.15000 0.15000 0.15000 0.15000 0.15000 0.15000 0.15000 0.15000
  7   | 0.15000 0.15000 0.15000 0.15000 0.15000 0.15000 0.15000 0.15000 0.15000 0.15000 0.15000 0.15000 0.15000 0.15000 0.15000
  8   | 0.15000 0.15000 0.15000 0.15000 0.15000 0.15000 0.15000 0.15000 0.15000 0.15000 0.15000 0.15000 0.15000 0.15000 0.15000
  9   | 0.15000 0.15000 0.15000 0.15000 0.15000 0.15000 0.15000 0.15000 0.15000 0.15000 0.15000 0.15000 0.15000 0.15000 0.15000
------+------------------------------------------------------------------------------------------------------------------------
                                               
 
 
        Natural Mortality (per year)
        ----------------------------
------+--------
AGE   |    2002
------+--------
  0   | 0.15000
  1   | 0.15000
  2   | 0.15000
  3   | 0.15000
  4   | 0.15000
  5   | 0.15000
  6   | 0.15000
  7   | 0.15000
  8   | 0.15000
  9   | 0.15000
------+--------
                                               
 
 
 
        Proportion of fish spawning
        ---------------------------
------+------------------------------------------------------------------------------------------------------------------------
AGE   |    1972    1973    1974    1975    1976    1977    1978    1979    1980    1981    1982    1983    1984    1985    1986
------+------------------------------------------------------------------------------------------------------------------------
  0   |  0.0000  0.0000  0.0000  0.0000  0.0000  0.0000  0.0000  0.0000  0.0000  0.0000  0.0000  0.0000  0.0000  0.0000  0.0000
  1   |  0.0500  0.0500  0.0500  0.0600  0.0600  0.0600  0.0600  0.0600  0.0600  0.0700  0.0700  0.0700  0.0700  0.0700  0.0700
  2   |  0.5300  0.5400  0.5400  0.5500  0.5500  0.5500  0.5600  0.5600  0.5700  0.5700  0.5700  0.5800  0.5800  0.5800  0.5800
  3   |  0.9000  0.9000  0.9000  0.8900  0.8900  0.8900  0.8900  0.8900  0.8900  0.8800  0.8800  0.8800  0.8800  0.8800  0.8800
  4   |  0.9800  0.9800  0.9800  0.9800  0.9800  0.9800  0.9800  0.9800  0.9800  0.9800  0.9800  0.9800  0.9700  0.9700  0.9700
  5   |  0.9800  0.9800  0.9800  0.9800  0.9800  0.9800  0.9800  0.9800  0.9800  0.9800  0.9800  0.9800  0.9700  0.9700  0.9700
  6   |  0.9900  0.9900  0.9900  0.9900  0.9900  0.9900  0.9900  0.9900  0.9900  0.9900  0.9900  0.9900  0.9900  0.9900  0.9900
  7   |  1.0000  1.0000  1.0000  1.0000  1.0000  1.0000  1.0000  1.0000  1.0000  1.0000  1.0000  1.0000  1.0000  1.0000  1.0000
  8   |  1.0000  1.0000  1.0000  1.0000  1.0000  1.0000  1.0000  1.0000  1.0000  1.0000  1.0000  1.0000  1.0000  1.0000  1.0000
  9   |  1.0000  1.0000  1.0000  1.0000  1.0000  1.0000  1.0000  1.0000  1.0000  1.0000  1.0000  1.0000  1.0000  1.0000  1.0000
------+------------------------------------------------------------------------------------------------------------------------
                                               
 
 
        Proportion of fish spawning
        ---------------------------
------+------------------------------------------------------------------------------------------------------------------------
AGE   |    1987    1988    1989    1990    1991    1992    1993    1994    1995    1996    1997    1998    1999    2000    2001
------+------------------------------------------------------------------------------------------------------------------------
  0   |  0.0000  0.0000  0.0000  0.0000  0.0000  0.0000  0.0000  0.0000  0.0000  0.0000  0.0000  0.0000  0.0000  0.0000  0.0000
  1   |  0.0700  0.0700  0.0700  0.0700  0.0700  0.0700  0.0700  0.0700  0.0700  0.0700  0.0700  0.0700  0.0700  0.0700  0.0700
  2   |  0.5800  0.5800  0.5800  0.5800  0.5800  0.5800  0.5800  0.5800  0.5800  0.5800  0.5800  0.5800  0.5800  0.5800  0.5900
  3   |  0.8800  0.8800  0.8800  0.8800  0.8800  0.8800  0.8800  0.8800  0.8800  0.8800  0.8800  0.8600  0.8600  0.8600  0.8800
  4   |  0.9700  0.9700  0.9700  0.9700  0.9700  0.9700  0.9700  0.9700  0.9700  0.9700  0.9700  0.9800  0.9800  0.9800  0.9700
  5   |  0.9700  0.9700  0.9700  0.9700  0.9700  0.9700  0.9700  0.9700  0.9700  0.9700  0.9700  0.9800  0.9800  0.9800  0.9700
  6   |  0.9900  0.9900  0.9900  0.9900  0.9900  0.9900  0.9900  0.9900  0.9900  0.9900  0.9900  0.9900  0.9900  0.9900  0.9900
  7   |  1.0000  1.0000  1.0000  1.0000  1.0000  1.0000  1.0000  1.0000  1.0000  1.0000  1.0000  1.0000  1.0000  1.0000  1.0000
  8   |  1.0000  1.0000  1.0000  1.0000  1.0000  1.0000  1.0000  1.0000  1.0000  1.0000  1.0000  1.0000  1.0000  1.0000  1.0000
  9   |  1.0000  1.0000  1.0000  1.0000  1.0000  1.0000  1.0000  1.0000  1.0000  1.0000  1.0000  1.0000  1.0000  1.0000  1.0000
------+------------------------------------------------------------------------------------------------------------------------
                                               
 
 
        Proportion of fish spawning
        ---------------------------
------+--------
AGE   |    2002
------+--------
  0   |  0.0000
  1   |  0.0700
  2   |  0.5900
  3   |  0.8800
  4   |  0.9700
  5   |  0.9700
  6   |  0.9900
  7   |  1.0000
  8   |  1.0000
  9   |  1.0000
------+--------
                                               
 
 
 
 INDICES OF SPAWNING BIOMASS                                                    
  
 ----------------------------
 
          INDEX
        -------
------+------------------------------------------------------------------------------------------------------------------------
      |    1972    1973    1974    1975    1976    1977    1978    1979    1980    1981    1982    1983    1984    1985    1986
------+------------------------------------------------------------------------------------------------------------------------
  1   | ******* ******* ******* ******* ******* ******* ******* ******* ******* ******* ******* ******* ******* ******* *******
------+------------------------------------------------------------------------------------------------------------------------
       x 10 ^ 3                                
 
 
          INDEX
        -------
------+------------------------------------------------------------------------------------------------------------------------
      |    1987    1988    1989    1990    1991    1992    1993    1994    1995    1996    1997    1998    1999    2000    2001
------+------------------------------------------------------------------------------------------------------------------------
  1   | *******  212.12  210.62  206.56  244.16  278.92  286.73  266.70  283.82  266.97  283.23  279.07  306.62  312.68  353.45
------+------------------------------------------------------------------------------------------------------------------------
       x 10 ^ 3                                
 
 
          INDEX
        -------
------+--------
      |    2002
------+--------
  1   |  312.79
------+--------
       x 10 ^ 3                                
 
 
 
 AGE-STRUCTURED INDICES                                                         
  
 -----------------------
 
        FLT01: Dummy survey
        -------------------
------+--------------------------------
AGE   |    1981    1982    1983    1984
------+--------------------------------
  1   |  266.10  203.00   43.60   15.24
  2   |  506.40  435.90  712.70   79.51
  3   |  225.10  483.60  444.60  661.83
  4   |   31.70  184.10  391.60  374.60
  5   |  174.80   24.70  130.40  238.20
  6   |  158.50  136.60   20.20   92.00
  7   |   99.50  108.60   91.30   15.54
  8   |  116.60   84.50   70.90   51.47
  9   |   35.30   87.00   47.10   39.27
------+--------------------------------
       x 10 ^ 3                                
 
 
 
        Fishing Mortality (per year)
        ----------------------------
------+------------------------------------------------------------------------------------------------------------------------
AGE   |    1972    1973    1974    1975    1976    1977    1978    1979    1980    1981    1982    1983    1984    1985    1986
------+------------------------------------------------------------------------------------------------------------------------
  0   | 0.00891 0.00859 0.00646 0.00958 0.00757 0.00939 0.00939 0.00522 0.00972 0.00632 0.00926 0.00612 0.00882 0.00811 0.00971
  1   | 0.03373 0.03252 0.02444 0.03625 0.02865 0.03553 0.03552 0.01976 0.03680 0.02394 0.03506 0.02316 0.03337 0.03068 0.03674
  2   | 0.07465 0.07199 0.05410 0.08023 0.06341 0.07863 0.07862 0.04373 0.08146 0.05298 0.07759 0.05125 0.07386 0.06791 0.08132
  3   | 0.14728 0.14202 0.10674 0.15829 0.12509 0.15514 0.15512 0.08628 0.16071 0.10452 0.15308 0.10111 0.14571 0.13398 0.16043
  4   | 0.22516 0.21712 0.16318 0.24198 0.19124 0.23717 0.23714 0.13190 0.24569 0.15979 0.23402 0.15458 0.22277 0.20483 0.24526
  5   | 0.25610 0.24696 0.18560 0.27523 0.21752 0.26976 0.26972 0.15003 0.27945 0.18175 0.26618 0.17582 0.25337 0.23297 0.27896
  6   | 0.28962 0.27928 0.20990 0.31126 0.24599 0.30507 0.30503 0.16967 0.31603 0.20554 0.30102 0.19884 0.28654 0.26347 0.31548
  7   | 0.33181 0.31996 0.24047 0.35660 0.28182 0.34951 0.34946 0.19438 0.36206 0.23547 0.34487 0.22780 0.32828 0.30185 0.36143
  8   | 0.30733 0.29636 0.22273 0.33029 0.26103 0.32372 0.32368 0.18004 0.33535 0.21810 0.31942 0.21099 0.30406 0.27958 0.33477
  9   | 0.30733 0.29636 0.22273 0.33029 0.26103 0.32372 0.32368 0.18004 0.33535 0.21810 0.31942 0.21099 0.30406 0.27958 0.33477
------+------------------------------------------------------------------------------------------------------------------------
                                               
 
 
        Fishing Mortality (per year)
        ----------------------------
------+------------------------------------------------------------------------------------------------------------------------
AGE   |    1987    1988    1989    1990    1991    1992    1993    1994    1995    1996    1997    1998    1999    2000    2001
------+------------------------------------------------------------------------------------------------------------------------
  0   | 0.00979 0.00928 0.00549 0.00596 0.01018 0.00695 0.00976 0.00683 0.00677 0.00710 0.00730 0.00847 0.00978 0.00617 0.00806
  1   | 0.03705 0.03510 0.02077 0.02257 0.03854 0.02631 0.03694 0.02584 0.02562 0.02687 0.02763 0.03206 0.03702 0.02336 0.03049
  2   | 0.08200 0.07770 0.04598 0.04996 0.08530 0.05823 0.08177 0.05719 0.05670 0.05947 0.06114 0.07095 0.08193 0.05171 0.06749
  3   | 0.16180 0.15329 0.09071 0.09856 0.16828 0.11489 0.16132 0.11283 0.11186 0.11733 0.12063 0.13998 0.16165 0.10202 0.13315
  4   | 0.24734 0.23437 0.13868 0.15068 0.25726 0.17564 0.24664 0.17249 0.17102 0.17938 0.18443 0.21401 0.24713 0.15597 0.20357
  5   | 0.28132 0.26655 0.15775 0.17138 0.29261 0.19978 0.28053 0.19619 0.19451 0.20402 0.20977 0.24342 0.28109 0.17740 0.23154
  6   | 0.31815 0.30145 0.17839 0.19384 0.33092 0.22592 0.31723 0.22186 0.21997 0.23072 0.23722 0.27527 0.31787 0.20061 0.26183
  7   | 0.36449 0.34535 0.20437 0.22205 0.37918 0.25881 0.36343 0.25417 0.25200 0.26432 0.27176 0.31535 0.36416 0.22982 0.29996
  8   | 0.33760 0.31988 0.18930 0.20567 0.35115 0.23973 0.33663 0.23543 0.23342 0.24483 0.25172 0.29210 0.33731 0.21288 0.27784
  9   | 0.33760 0.31988 0.18930 0.20567 0.35115 0.23973 0.33663 0.23543 0.23342 0.24483 0.25172 0.29210 0.33731 0.21288 0.27784
------+------------------------------------------------------------------------------------------------------------------------
                                               
 
 
        Fishing Mortality (per year)
        ----------------------------
------+--------
AGE   |    2002
------+--------
  0   | 0.00665
  1   | 0.02517
  2   | 0.05571
  3   | 0.10991
  4   | 0.16803
  5   | 0.19112
  6   | 0.21612
  7   | 0.24759
  8   | 0.22934
  9   | 0.22934
------+--------
                                               
 
 
 
        Population Abundance (1 January)
        --------------------------------
------+------------------------------------------------------------------------------------------------------------------------
AGE   |    1972    1973    1974    1975    1976    1977    1978    1979    1980    1981    1982    1983    1984    1985    1986
------+------------------------------------------------------------------------------------------------------------------------
  0   |  202.56  528.89  333.67  333.67  456.08  361.16  577.11  511.73  591.63  413.21  496.89  420.78  333.66  202.57  509.31
  1   |  185.46  172.80  451.33  285.35  284.46  389.59  307.95  492.08  438.15  504.30  353.41  423.74  359.96  284.66  172.94
  2   |  352.55  154.33  143.97  379.08  236.86  237.92  323.62  255.81  415.25  363.50  423.78  293.70  356.37  299.65  237.61
  3   |  202.99  281.61  123.61  117.39  301.12  191.34  189.29  257.48  210.75  329.45  296.72  337.52  240.16  284.89  240.98
  4   |  232.75  150.79  210.30   95.62   86.25  228.70  141.02  139.52  203.30  154.47  255.42  219.14  262.57  178.68  214.46
  5   |  143.30  159.94  104.46  153.75   64.61   61.31  155.28   95.75  105.24  136.86  113.32  173.97  161.60  180.87  125.31
  6   |   82.58   95.47  107.54   74.68  100.49   44.74   40.30  102.06   70.93   68.50   98.22   74.74  125.60  107.96  123.32
  7   |   78.41   53.20   62.15   75.04   47.08   67.63   28.38   25.56   74.13   44.51   48.00   62.57   52.73   81.17   71.40
  8   |   30.82   48.43   33.25   42.06   45.21   30.57   41.04   17.22   18.12   44.43   30.27   29.27   42.88   32.68   51.66
  9   |   65.28   55.18   61.87   60.84   58.72   65.38   54.29   55.72   47.63   35.33   51.56   46.28   50.36   57.08   52.88
------+------------------------------------------------------------------------------------------------------------------------
       x 10 ^ 6                                
 
 
        Population Abundance (1 January)
        --------------------------------
------+------------------------------------------------------------------------------------------------------------------------
AGE   |    1987    1988    1989    1990    1991    1992    1993    1994    1995    1996    1997    1998    1999    2000    2001
------+------------------------------------------------------------------------------------------------------------------------
  0   |  224.34  420.79  759.91  438.52  456.09  333.68  350.87  420.78  759.90  392.36  759.89  528.90  511.74  202.57  361.15
  1   |  434.14  191.21  358.83  650.48  375.19  388.59  285.21  299.06  359.71  649.64  335.32  649.28  451.39  436.17  173.28
  2   |  143.48  360.07  158.90  302.50  547.38  310.72  325.78  236.58  250.84  301.77  544.32  280.75  541.21  374.39  366.75
  3   |  188.54  113.77  286.75  130.62  247.68  432.61  252.31  258.38  192.31  204.00  244.74  440.72  225.09  429.18  306.01
  4   |  176.67  138.03   84.01  225.41  101.87  180.16  331.94  184.81  198.66  148.00  156.15  186.71  329.78  164.82  333.57
  5   |  144.44  118.74   93.98   62.94  166.87   67.79  130.09  223.26  133.87  144.11  106.47  111.76  129.74  221.69  121.38
  6   |   81.60   93.83   78.29   69.09   45.64  107.19   47.78   84.58  157.93   94.85  101.15   74.30   75.41   84.31  159.79
  7   |   77.42   51.09   59.74   56.37   48.99   28.22   73.60   29.95   58.31  109.09   64.82   68.67   48.56   47.23   59.37
  8   |   42.81   46.28   31.13   41.92   38.86   28.86   18.75   44.05   19.99   39.01   72.09   42.51   43.12   29.04   32.31
  9   |   61.02   60.58   62.61   63.19   67.55   59.50   53.92   40.75   52.64   44.95   52.82   81.18   73.58   69.26   63.55
------+------------------------------------------------------------------------------------------------------------------------
       x 10 ^ 6                                
 
 
        Population Abundance (1 January)
        --------------------------------
------+----------------
AGE   |    2002    2003
------+----------------
  0   |  420.76  459.56
  1   |  308.35  359.75
  2   |  144.66  258.81
  3   |  295.06  117.77
  4   |  230.55  227.53
  5   |  234.23  167.74
  6   |   82.88  166.53
  7   |  105.85   57.47
  8   |   37.86   71.13
  9   |   53.85   62.76
------+----------------
       x 10 ^ 6                                
 
 
 
        Weighting factors for the catches in number
        -------------------------------------------
------+----------------------------------------------------------------------------------------
AGE   |    1992    1993    1994    1995    1996    1997    1998    1999    2000    2001    2002
------+----------------------------------------------------------------------------------------
  0   |  0.0200  0.0200  0.0200  0.0200  0.0200  0.0200  0.0200  0.0200  0.0200  0.0200  0.0200
  1   |  1.0000  1.0000  1.0000  1.0000  1.0000  1.0000  1.0000  1.0000  1.0000  1.0000  1.0000
  2   |  1.0000  1.0000  1.0000  1.0000  1.0000  1.0000  1.0000  1.0000  1.0000  1.0000  1.0000
  3   |  1.0000  1.0000  1.0000  1.0000  1.0000  1.0000  1.0000  1.0000  1.0000  1.0000  1.0000
  4   |  1.0000  1.0000  1.0000  1.0000  1.0000  1.0000  1.0000  1.0000  1.0000  1.0000  1.0000
  5   |  1.0000  1.0000  1.0000  1.0000  1.0000  1.0000  1.0000  1.0000  1.0000  1.0000  1.0000
  6   |  1.0000  1.0000  1.0000  1.0000  1.0000  1.0000  1.0000  1.0000  1.0000  1.0000  1.0000
  7   |  1.0000  1.0000  1.0000  1.0000  1.0000  1.0000  1.0000  1.0000  1.0000  1.0000  1.0000
  8   |  1.0000  1.0000  1.0000  1.0000  1.0000  1.0000  1.0000  1.0000  1.0000  1.0000  1.0000
------+----------------------------------------------------------------------------------------
                                               
 
 
 
 Predicted SSB Index Values                                                     
  
 ---------------------------
 
          INDEX
        -------
------+------------------------------------------------------------------------------------------------------------------------
      |    1972    1973    1974    1975    1976    1977    1978    1979    1980    1981    1982    1983    1984    1985    1986
------+------------------------------------------------------------------------------------------------------------------------
  1   | ******* ******* ******* ******* ******* ******* ******* ******* ******* ******* ******* ******* ******* ******* *******
------+------------------------------------------------------------------------------------------------------------------------
       x 10 ^ 3                                
 
 
          INDEX
        -------
------+------------------------------------------------------------------------------------------------------------------------
      |    1987    1988    1989    1990    1991    1992    1993    1994    1995    1996    1997    1998    1999    2000    2001
------+------------------------------------------------------------------------------------------------------------------------
  1   | *******  212.11  210.61  206.55  244.15  278.91  286.73  266.70  283.82  266.97  283.23  279.07  306.62  312.68  353.45
------+------------------------------------------------------------------------------------------------------------------------
       x 10 ^ 3                                
 
 
          INDEX
        -------
------+--------
      |    2002
------+--------
  1   |  312.79
------+--------
       x 10 ^ 3                                
 
 
 
 Predicted Age-Structured Index Values                                          
  
 --------------------------------------
 
        FLT01: Dummy survey Predicted
        -----------------------------
------+--------------------------------
AGE   |    1981    1982    1983    1984
------+--------------------------------
  1   |   96.39   67.14   81.03   68.45
  2   |  343.21  394.75  277.58  332.64
  3   |  472.73  414.54  485.22  336.89
  4   |  123.27  195.67  175.38  202.40
  5   |  104.05   82.24  132.70  118.11
  6   |   62.65   85.23   68.60  109.86
  7   |   55.52   56.38   78.37   62.50
  8   |   98.57   63.53   65.19   90.75
  9   |   39.24   54.17   51.61   53.35
------+--------------------------------
       x 10 ^ 3                                
 
 
 
        Fitted Selection Pattern
        ------------------------
------+------------------------------------------------------------------------------------------------------------------------
AGE   |    1972    1973    1974    1975    1976    1977    1978    1979    1980    1981    1982    1983    1984    1985    1986
------+------------------------------------------------------------------------------------------------------------------------
  0   |  0.0348  0.0348  0.0348  0.0348  0.0348  0.0348  0.0348  0.0348  0.0348  0.0348  0.0348  0.0348  0.0348  0.0348  0.0348
  1   |  0.1317  0.1317  0.1317  0.1317  0.1317  0.1317  0.1317  0.1317  0.1317  0.1317  0.1317  0.1317  0.1317  0.1317  0.1317
  2   |  0.2915  0.2915  0.2915  0.2915  0.2915  0.2915  0.2915  0.2915  0.2915  0.2915  0.2915  0.2915  0.2915  0.2915  0.2915
  3   |  0.5751  0.5751  0.5751  0.5751  0.5751  0.5751  0.5751  0.5751  0.5751  0.5751  0.5751  0.5751  0.5751  0.5751  0.5751
  4   |  0.8792  0.8792  0.8792  0.8792  0.8792  0.8792  0.8792  0.8792  0.8792  0.8792  0.8792  0.8792  0.8792  0.8792  0.8792
  5   |  1.0000  1.0000  1.0000  1.0000  1.0000  1.0000  1.0000  1.0000  1.0000  1.0000  1.0000  1.0000  1.0000  1.0000  1.0000
  6   |  1.1309  1.1309  1.1309  1.1309  1.1309  1.1309  1.1309  1.1309  1.1309  1.1309  1.1309  1.1309  1.1309  1.1309  1.1309
  7   |  1.2956  1.2956  1.2956  1.2956  1.2956  1.2956  1.2956  1.2956  1.2956  1.2956  1.2956  1.2956  1.2956  1.2956  1.2956
  8   |  1.2000  1.2000  1.2000  1.2000  1.2000  1.2000  1.2000  1.2000  1.2000  1.2000  1.2000  1.2000  1.2000  1.2001  1.2000
  9   |  1.2000  1.2000  1.2000  1.2000  1.2000  1.2000  1.2000  1.2000  1.2000  1.2000  1.2000  1.2000  1.2000  1.2001  1.2000
------+------------------------------------------------------------------------------------------------------------------------
                                               
 
 
        Fitted Selection Pattern
        ------------------------
------+------------------------------------------------------------------------------------------------------------------------
AGE   |    1987    1988    1989    1990    1991    1992    1993    1994    1995    1996    1997    1998    1999    2000    2001
------+------------------------------------------------------------------------------------------------------------------------
  0   |  0.0348  0.0348  0.0348  0.0348  0.0348  0.0348  0.0348  0.0348  0.0348  0.0348  0.0348  0.0348  0.0348  0.0348  0.0348
  1   |  0.1317  0.1317  0.1317  0.1317  0.1317  0.1317  0.1317  0.1317  0.1317  0.1317  0.1317  0.1317  0.1317  0.1317  0.1317
  2   |  0.2915  0.2915  0.2915  0.2915  0.2915  0.2915  0.2915  0.2915  0.2915  0.2915  0.2915  0.2915  0.2915  0.2915  0.2915
  3   |  0.5751  0.5751  0.5750  0.5751  0.5751  0.5751  0.5751  0.5751  0.5751  0.5751  0.5751  0.5751  0.5751  0.5751  0.5751
  4   |  0.8792  0.8793  0.8791  0.8792  0.8792  0.8792  0.8792  0.8792  0.8792  0.8792  0.8792  0.8792  0.8792  0.8792  0.8792
  5   |  1.0000  1.0000  1.0000  1.0000  1.0000  1.0000  1.0000  1.0000  1.0000  1.0000  1.0000  1.0000  1.0000  1.0000  1.0000
  6   |  1.1309  1.1309  1.1308  1.1311  1.1309  1.1308  1.1308  1.1308  1.1308  1.1308  1.1308  1.1308  1.1308  1.1308  1.1308
  7   |  1.2956  1.2956  1.2955  1.2956  1.2959  1.2955  1.2955  1.2955  1.2955  1.2955  1.2955  1.2955  1.2955  1.2955  1.2955
  8   |  1.2000  1.2000  1.1999  1.2001  1.2001  1.2000  1.2000  1.2000  1.2000  1.2000  1.2000  1.2000  1.2000  1.2000  1.2000
  9   |  1.2000  1.2000  1.1999  1.2001  1.2001  1.2000  1.2000  1.2000  1.2000  1.2000  1.2000  1.2000  1.2000  1.2000  1.2000
------+------------------------------------------------------------------------------------------------------------------------
                                               
 
 
        Fitted Selection Pattern
        ------------------------
------+--------
AGE   |    2002
------+--------
  0   |  0.0348
  1   |  0.1317
  2   |  0.2915
  3   |  0.5751
  4   |  0.8792
  5   |  1.0000
  6   |  1.1308
  7   |  1.2955
  8   |  1.2000
  9   |  1.2000
------+--------
                                               
 
 
 
 
 
                    STOCK SUMMARY                                             
 
 
 ³ Year ³  Recruits  ³  Total  ³ Spawning³ Landings ³ Yield ³ Mean F ³ SoP ³    
 ³      ³   Age   0  ³ Biomass ³ Biomass ³          ³ /SSB  ³  Ages  ³     ³ 
 ³      ³  thousands ³  tonnes ³ tonnes  ³ tonnes   ³ ratio ³  4- 7  ³ (%) ³ 
 
   1972       202560    399348    289133     82135   0.2841   0.2757   100
   1973       528890    349809    259395     68713   0.2649   0.2658   100
   1974       333670    335902    228416     48047   0.2103   0.1998    99
   1975       333670    324286    215083     62483   0.2905   0.2963   100
   1976       456080    306976    210877     46824   0.2220   0.2341    99
   1977       361160    314805    205737     58392   0.2838   0.2904    99
   1978       577100    308665    205926     52987   0.2573   0.2903    99
   1979       511720    322418    214030     30758   0.1437   0.1615    99
   1980       591630    358821    231765     69622   0.3004   0.3008    99
   1981       413200    371272    253787     47464   0.1870   0.1956   100
   1982       496890    364148    255055     75190   0.2948   0.2865    99
   1983       420780    379431    273665     49923   0.1824   0.1893   100
   1984       333650    405446    290917     74534   0.2562   0.2727    99
   1985       202560    394827    292590     77924   0.2663   0.2508   100
   1986       509310    352459    264337     87114   0.3296   0.3003    99
   1987       224340    316431    225913     80673   0.3571   0.3028   100
   1988       420790    291076    212114     70087   0.3304   0.2869    99
   1989       759910    284391    210609     39486   0.1875   0.1698    99
   1990       438510    302168    206550     45925   0.2223   0.1845    99
   1991       456090    357865    244152     80421   0.3294   0.3150    99
   1992       333670    388058    278913     59948   0.2149   0.2150   100
   1993       350870    395785    286732     85022   0.2965   0.3020    99
   1994       420780    355247    266701     61721   0.2314   0.2112   100
   1995       759890    378906    283817     61695   0.2174   0.2094   100
   1996       392360    378613    266968     62562   0.2343   0.2196    99
   1997       759880    399143    283226     62735   0.2215   0.2258   100
   1998       528900    402757    279073     76552   0.2743   0.2620   100
   1999       511740    446647    306620     91593   0.2987   0.3026    99
   2000       202560    428615    312680     61076   0.1953   0.1909   100
   2001       361150    459573    353454     84715   0.2397   0.2492    99
   2002       420750    403525    312793     68541   0.2191   0.2057    99
 
 -----------------------------------------------------------------            
 No of years for separable analysis : 11                                      
 Age range in the analysis : 0  . . . 9                                       
 Year range in the analysis : 1972  . . . 2002                                
 Number of indices of SSB : 1                                                 
 Number of age-structured indices : 1                                         
                                                                              
 Parameters to estimate : 47                                                  
 Number of observations : 150                                                 
                                                                              
 Conventional single selection vector model to be fitted.                     
                                                                              
                                                                              
                                                                              
 -----------------------------------------------------------------            
 
 
 PARAMETER ESTIMATES                                                            
  
 
 ³Parm.³      ³ Maximum ³    ³        ³         ³         ³         ³ Mean of ³ 
  
 ³ No. ³      ³ Likelh. ³ CV ³  Lower ³ Upper   ³  -s.e.  ³   +s.e. ³ Param.  ³ 
  
 ³     ³      ³ Estimate³ (%)³ 95% CL ³ 95% CL  ³         ³         ³ Distrib.³ 
  
 Separable model : F by year                                                    
  
    1   1992     0.1422   0    0.1422    0.1422    0.1422    0.1422    0.1422
    2   1993     0.1954   0    0.1954    0.1954    0.1954    0.1954    0.1954
    3   1994     0.1347   0    0.1347    0.1347    0.1347    0.1347    0.1347
    4   1995     0.1349   0    0.1349    0.1349    0.1349    0.1349    0.1349
    5   1996     0.1453   0    0.1453    0.1453    0.1453    0.1453    0.1453
    6   1997     0.1562   0    0.1562    0.1562    0.1562    0.1562    0.1562
    7   1998     0.1918   1    0.1880    0.1955    0.1898    0.1937    0.1918
    8   1999     0.2355 100    0.0332    1.6718    0.0866    0.6401    0.3882
    9   2000     0.1595   0    0.1594    0.1595    0.1594    0.1595    0.1595
   10   2001     0.2235   0    0.2235    0.2235    0.2235    0.2235    0.2235
   11   2002     0.1960   0    0.1960    0.1960    0.1960    0.1960    0.1960
 
 Separable Model: Selection (S) by age                                          
  
   12      0     0.0407   0    0.0407    0.0407    0.0407    0.0407    0.0407
   13      1     0.1412   0    0.1412    0.1412    0.1412    0.1412    0.1412
   14      2     0.2966   0    0.2966    0.2966    0.2966    0.2966    0.2966
   15      3     0.5717   0    0.5717    0.5717    0.5717    0.5717    0.5717
   16      4     0.8700   0    0.8700    0.8700    0.8700    0.8700    0.8700
           5     1.0000     Fixed : Reference Age             
   17      6     1.1598   0    1.1598    1.1598    1.1598    1.1598    1.1598
   18      7     1.2153   0    1.2153    1.2153    1.2153    1.2153    1.2153
           8     1.2000     Fixed : Last true age             
 
 Separable model: Populations in year 2002                                    
   19      0     351109   0     351109    351109    351109    351109    351109
   20      1     276927   0     276927    276927    276927    276927    276927
   21      2     138658   0     138658    138658    138658    138658    138658
   22      3     299654   0     299654    299654    299654    299654    299654
   23      4     246907   0     246907    246907    246907    246907    246907
   24      5     264134   0     264134    264134    264134    264134    264134
   25      6      98122   0      98122     98122     98122     98122     98122
   26      7     132608   0     132608    132608    132608    132608    132608
   27      8      51856   0      51856     51856     51856     51856     51856
 
Separable model: Populations at age
   28   1992      46461   0      46461     46461     46461     46461     46461
   29   1993      29813   0      29813     29813     29813     29813     29813
   30   1994      72057   0      72057     72057     72057     72057     72057
   31   1995      33093   0      33093     33093     33093     33093     33093
   32   1996      65643   0      65643     65643     65643     65643     65643
   33   1997     122509   0     122509    122509    122509    122509    122509
   34   1998      71699   0      71699     71699     71699     71699     71699
   35   1999      71357   0      71357     71357     71357     71357     71357
   36   2000      46406   0      46406     46406     46406     46406     46406
   37   2001      47704   0      47704     47704     47704     47704     47704
 
 SSB Index catchabilities                                                       
  
   INDEX                                 
 Linear model fitted. Slopes at age :                                           
  
   38   1  Q  .7533       0 .7533     .7533     .7533     .7533     .7533    
 
 
 
 Age-structured index catchabilities                                            
  
                                        FLT01: Dummy survey                     
 
 Linear model fitted. Slopes at age :                                           
  
   39   1  Q  .1979       0 .1979     .1979     .1979     .1979     .1979    
   40   2  Q  1.001       0 1.001     1.001     1.001     1.001     1.001    
   41   3  Q  1.571       0 1.571     1.571     1.571     1.571     1.571    
   42   4  Q  .9014       0 .9014     .9014     .9014     .9014     .9014    
   43   5  Q  .8685       0 .8685     .8685     .8685     .8685     .8685    
   44   6  Q  1.057       0 1.057     1.057     1.057     1.057     1.057    
   45   7  Q  1.462       0 1.462     1.462     1.462     1.462     1.462    
   46   8  Q  2.548       0 2.548     2.548     2.548     2.548     2.548    
   47   9  Q  1.276       0 1.276     1.276     1.276     1.276     1.276    
 
 
 
 RESIDUALS ABOUT THE MODEL FIT                                                  
  
 ------------------------------
 
        Separable Model Residuals
        -------------------------
------+----------------------------------------------------------------------------------------
Age   |    1992    1993    1994    1995    1996    1997    1998    1999    2000    2001    2002
------+----------------------------------------------------------------------------------------
  0   | ******* ******* ******* ******* ******* ******* ******* ******* ******* ******* *******
  1   | ******* ******* ******* ******* ******* ******* ******* ******* ******* ******* *******
  2   | ******* ******* ******* ******* ******* ******* ******* ******* ******* ******* *******
  3   | ******* ******* ******* ******* ******* ******* ******* ******* ******* ******* *******
  4   | ******* ******* ******* ******* ******* ******* ******* ******* ******* ******* *******
  5   | ******* ******* ******* ******* ******* ******* ******* ******* ******* ******* *******
  6   | ******* ******* ******* ******* ******* ******* ******* ******* ******* ******* *******
  7   | ******* ******* ******* ******* ******* ******* ******* ******* ******* ******* *******
  8   | ******* ******* ******* ******* ******* ******* ******* ******* ******* ******* *******
------+----------------------------------------------------------------------------------------
                                               
 
 
 
 SPAWNING BIOMASS INDEX RESIDUALS                                               
  
 ---------------------------------
 
          INDEX
        -------
------+------------------------------------------------------------------------------------------------------------------------
      |    1972    1973    1974    1975    1976    1977    1978    1979    1980    1981    1982    1983    1984    1985    1986
------+------------------------------------------------------------------------------------------------------------------------
  1   | ******* ******* ******* ******* ******* ******* ******* ******* ******* ******* ******* ******* ******* ******* *******
------+------------------------------------------------------------------------------------------------------------------------
                                               
 
 
          INDEX
        -------
------+------------------------------------------------------------------------------------------------------------------------
      |    1987    1988    1989    1990    1991    1992    1993    1994    1995    1996    1997    1998    1999    2000    2001
------+------------------------------------------------------------------------------------------------------------------------
  1   | ******* ******* ******* ******* ******* ******* ******* ******* ******* ******* ******* ******* ******* ******* *******
------+------------------------------------------------------------------------------------------------------------------------
                                               
 
 
          INDEX
        -------
------+--------
      |    2002
------+--------
  1   | *******
------+--------
                                               
 
 
 
 AGE-STRUCTURED INDEX RESIDUALS                                                 
  
 -------------------------------
 
        FLT01: Dummy survey
        -------------------
------+--------------------------------
Age   |    1981    1982    1983    1984
------+--------------------------------
  1   |   1.015   1.106  -0.620  -1.502
  2   |   0.389   0.099   0.943  -1.431
  3   |  -0.742   0.154  -0.087   0.675
  4   |  -1.358  -0.061   0.803   0.616
  5   |   0.519  -1.203  -0.017   0.701
  6   |   0.928   0.472  -1.223  -0.177
  7   |   0.583   0.656   0.153  -1.392
  8   |   0.168   0.285   0.084  -0.567
  9   |  -0.106   0.474  -0.091  -0.306
------+--------------------------------
                                               
 
 
 
 
 
 
 PARAMETERS OF THE DISTRIBUTION OF ln(CATCHES AT AGE)                           
  
 -----------------------------------------------------
 
 Separable model fitted from 1992  to 2002                                    
 Variance                             0.0000
Skewness test stat.                   0.8585
Kurtosis test statistic               1.1703
Partial chi-square                    0.0000
Significance in fit                   0.0000
Degrees of freedom                        62
 
 
 PARAMETERS OF DISTRIBUTIONS OF THE SSB INDICES                                 
  
 -----------------------------------------------
 
 
   DISTRIBUTION STATISTICS FOR   INDEX                                          
 
 
 Linear catchability relationship assumed                                       
  
 Last age is a plus-group                                                       
  
 
 Variance                             0.0000
Skewness test stat.                   3.0192
Kurtosis test statistic               0.9314
Partial chi-square                    0.0000
Significance in fit                   0.0000
Number of observations                    15
Degrees of freedom                        14
Weight in the analysis                5.0000
 
 PARAMETERS OF THE DISTRIBUTION OF THE AGE-STRUCTURED INDICES                   
  
 ------------------------------------------------------------ 
 
 
   DISTRIBUTION STATISTICS FOR FLT01: Dummy survey                              
 
 
 Linear catchability relationship assumed                                       
  
 
 Age                          1         2         3         4         5         6         7         8         9
 Variance                0.0018    0.0011    0.0004    0.0011    0.0008    0.0010    0.0010    0.0002    0.0001
Skewness test stat.     -0.1848   -0.6087   -0.1507   -0.5881   -0.6248   -0.3595   -0.8006   -0.8656    0.6290
Kurtosis test statisti  -0.6933   -0.3728   -0.4492   -0.4406   -0.4184   -0.4992   -0.3370   -0.2821   -0.3751
Partial chi-square       0.0005    0.0003    0.0001    0.0003    0.0002    0.0003    0.0003    0.0000    0.0000
Significance in fit      0.0000    0.0000    0.0000    0.0000    0.0000    0.0000    0.0000    0.0000    0.0000
Number of observations        4         4         4         4         4         4         4         4         4
Degrees of freedom            3         3         3         3         3         3         3         3         3
Weight in the analysis   0.0011    0.0011    0.0011    0.0011    0.0011    0.0011    0.0011    0.0011    0.0011
 
 ANALYSIS OF VARIANCE                   
--------------------------
 
 Unweighted Statistics                                                          
  
 
                                                                                
  
Variance                              
                                       SSQ     Data    Parameters d.f. Variance
Total for model                        20.2299     150         47  103   0.1964
Catches at age                          0.0000      99         37   62   0.0000
  
SSB Indices                           
  INDEX                                 0.0000      15          1   14   0.0000
  
 Aged Indices                                                                   
  
FLT01: Dummy survey                    20.2299      36          9   27   0.7493
 
 
 Weighted Statistics                                                            
  
 
                                                                                
  
Variance                              
                                       SSQ     Data    Parameters d.f. Variance
Total for model                         0.0000     150         47  103   0.0000
Catches at age                          0.0000      99         37   62   0.0000
  
SSB Indices                           
  INDEX                                 0.0000      15          1   14   0.0000
  
 Aged Indices                                                                   
  
FLT01: Dummy survey                     0.0000      36          9   27   0.0000
 
