 Output Generated by ICA Version 1.4                                            
  
 ------------------------------------
 
        Mackerel NE Atlantic  WG2003
        ----------------------------
 
        Catch in Number
        ---------------
------+------------------------------------------------------------------------------------------------------------------------
AGE   |    1972    1973    1974    1975    1976    1977    1978    1979    1980    1981    1982    1983    1984    1985    1986
------+------------------------------------------------------------------------------------------------------------------------
  0   |   4317.   2310.   2500.   3219.   4460.   2865.   4054.   3427.   3974.    893.   3149.   3502.   3661.   1942.   3065.
  1   |   7732.  13514.   6874.  14157.   9783.   8612.  13759.  10821.  14422.   7717.   5096.   7197.  12218.  14148.   4290.
  2   |  16142.  13846.  23027.  22096.  24293.  10763.  23542.  20882.  25816.  15956.  24965.   6605.  14278.  26723.  17763.
  3   |  24886.  24794.  20280.  62647.  31814.  22776.  25021.  30347.  42086.  24344.  43629.  27361.  11128.  26306.  28475.
  4   |  23696.  28137.  26799.  40087.  64438.  21678.  38662.  23396.  44231.  28848.  48285.  34415.  33506.  14761.  20276.
  5   |   4704.  19185.  21809.  37808.  28853.  30975.  26304.  25554.  24180.  21393.  40798.  26707.  29930.  31383.   8006.
  6   |   5618.   3704.  14478.  29764.  26129.  13414.  36434.  16802.  25495.  11312.  29247.  21733.  22470.  27010.  16430.
  7   |  14087.   4368.   2763.  19374.  20006.  11920.  15510.  22810.  16401.  11705.  15151.  15213.  17938.  19796.  13842.
  8   |   8388.   8786.   2614.   2985.  10387.   7255.  11105.   7752.  17891.   5987.  12656.   6265.  10068.  12675.   8071.
  9   |  10908.  11820.  12718.  16441.  10081.   7109.  12976.  12763.  17225.  13253.  21029.  14161.  13730.  16242.  12117.
------+------------------------------------------------------------------------------------------------------------------------
       x 10 ^ 3                                
 
 
        Catch in Number
        ---------------
------+------------------------------------------------------------------------------------------------------------------------
AGE   |    1987    1988    1989    1990    1991    1992    1993    1994    1995    1996    1997    1998    1999    2000    2001
------+------------------------------------------------------------------------------------------------------------------------
  0   |   3057.   2926.   2573.   2284.   6925.   2599.   4757.   4210.   3518.   3079.   3873.   2981.    900.   6291.   3494.
  1   |  10673.   8885.  10119.   7953.  10605.  16658.  11118.   9068.  20319.   7999.  15509.   7697.  13925.   2816.  18411.
  2   |   8516.  17693.  17525.  17833.  20915.  14465.  40326.  12056.  24876.  26298.  22828.  17521.  20415.  24656.   4671.
  3   |  30072.  12056.  29788.  26357.  39571.  24118.  29486.  37172.  28058.  27391.  63339.  21893.  39373.  30432.  34550.
  4   |  35239.  31129.  14854.  32745.  42262.  32854.  35411.  19680.  62972.  22430.  47723.  43913.  35740.  42134.  30728.
  5   |  17894.  25971.  27370.  11629.  37256.  24626.  34117.  16619.  23784.  35545.  27775.  23244.  51054.  26873.  29952.
  6   |   6852.  12789.  22154.  20777.  12768.  20912.  24645.  15460.  19443.  12979.  42498.  13053.  26139.  36936.  18410.
  7   |  13834.   4819.  10739.  16545.  22310.   6999.  20434.  10939.  17753.  10405.  15182.  19546.  14393.  18438.  24718.
  8   |   9352.   7789.   3247.   6425.  14296.   9731.   5494.   7201.  10119.   7568.   9807.   5545.  17352.   8110.   9851.
  9   |  13819.  13530.  14506.  10360.  14166.  12363.  17492.   8562.  14917.  10616.  17124.  10372.  14051.  18208.  14301.
------+------------------------------------------------------------------------------------------------------------------------
       x 10 ^ 3                                
 
 
        Catch in Number
        ---------------
------+--------
AGE   |    2002
------+--------
  0   |   3965.
  1   |  13147.
  2   |  39177.
  3   |   8363.
  4   |  44450.
  5   |  27868.
  6   |  26151.
  7   |  15678.
  8   |  16870.
  9   |  16995.
------+--------
       x 10 ^ 3                                
 
 
 
        Predicted Catch in Number
        -------------------------
------+----------------------------------------------------------------------------------------
AGE   |    1992    1993    1994    1995    1996    1997    1998    1999    2000    2001    2002
------+----------------------------------------------------------------------------------------
  0   |   2599.   4757.   4210.   3518.   3079.   3873.   2981.    900.   6291.   3494.   3965.
  1   |  16658.  11118.   9068.  20319.   7999.  15509.   7697.  13925.   2816.  18411.  13147.
  2   |  14465.  40326.  12056.  24876.  26298.  22828.  17521.  20415.  24656.   4671.  39177.
  3   |  24118.  29486.  37172.  28058.  27391.  63339.  21893.  39373.  30432.  34550.   8363.
  4   |  32854.  35411.  19680.  62972.  22430.  47723.  43913.  35740.  42134.  30728.  44450.
  5   |  24626.  34117.  16619.  23784.  35545.  27775.  23244.  51054.  26873.  29952.  27868.
  6   |  20912.  24645.  15460.  19443.  12979.  42498.  13053.  26139.  36936.  18410.  26151.
  7   |   6999.  20434.  10939.  17753.  10405.  15182.  19546.  14393.  18438.  24718.  15678.
  8   |   9731.   5494.   7201.  10119.   7568.   9807.   5545.  17352.   8110.   9851.  16870.
------+----------------------------------------------------------------------------------------
       x 10 ^ 3                                
 
 
 
        Weights at age in the catches (Kg)
        ----------------------------------
------+------------------------------------------------------------------------------------------------------------------------
AGE   |    1972    1973    1974    1975    1976    1977    1978    1979    1980    1981    1982    1983    1984    1985    1986
------+------------------------------------------------------------------------------------------------------------------------
  0   | 0.05200 0.05000 0.05100 0.05000 0.05900 0.05600 0.03600 0.01600 0.05700 0.06000 0.05300 0.05000 0.03100 0.05500 0.03900
  1   | 0.13500 0.14500 0.13600 0.14800 0.13700 0.13600 0.13500 0.13700 0.13100 0.13200 0.13100 0.16800 0.10200 0.14400 0.14600
  2   | 0.27700 0.19400 0.22900 0.17700 0.20700 0.16900 0.16100 0.16100 0.24900 0.24800 0.24900 0.21900 0.18400 0.26200 0.24500
  3   | 0.34100 0.28500 0.26100 0.25900 0.26300 0.27500 0.25000 0.24300 0.28500 0.28700 0.28500 0.27600 0.29500 0.35700 0.33500
  4   | 0.42300 0.36800 0.33400 0.32300 0.32000 0.33300 0.32500 0.31800 0.34500 0.34400 0.34500 0.31000 0.32600 0.41800 0.42300
  5   | 0.46800 0.44800 0.39200 0.34800 0.34600 0.35200 0.34500 0.34800 0.37800 0.37700 0.37800 0.38600 0.34400 0.41700 0.47100
  6   | 0.46800 0.46800 0.48100 0.43000 0.40600 0.40700 0.40300 0.40100 0.45400 0.45400 0.45400 0.42500 0.43100 0.43600 0.44400
  7   | 0.50800 0.50800 0.50800 0.48800 0.44300 0.44600 0.42100 0.41600 0.49800 0.49900 0.49600 0.43500 0.54200 0.52100 0.45700
  8   | 0.53900 0.53900 0.53900 0.53900 0.51800 0.54600 0.51800 0.50600 0.52000 0.51300 0.51300 0.49800 0.48000 0.55500 0.54300
  9   | 0.60471 0.59763 0.59888 0.61098 0.62195 0.58077 0.54587 0.52683 0.56555 0.55843 0.56387 0.58263 0.61693 0.61663 0.60452
------+------------------------------------------------------------------------------------------------------------------------
                                               
 
 
        Weights at age in the catches (Kg)
        ----------------------------------
------+------------------------------------------------------------------------------------------------------------------------
AGE   |    1987    1988    1989    1990    1991    1992    1993    1994    1995    1996    1997    1998    1999    2000    2001
------+------------------------------------------------------------------------------------------------------------------------
  0   | 0.07600 0.05500 0.04900 0.08500 0.06800 0.05100 0.06100 0.04600 0.07200 0.05800 0.07600 0.06500 0.06200 0.06300 0.06900
  1   | 0.17900 0.13300 0.13600 0.15600 0.15600 0.16700 0.13400 0.13600 0.14300 0.14300 0.14300 0.15700 0.17600 0.13500 0.17100
  2   | 0.22300 0.25900 0.23700 0.23300 0.25300 0.23900 0.24000 0.25500 0.23400 0.22600 0.23000 0.22700 0.23600 0.22900 0.22300
  3   | 0.31800 0.32300 0.32000 0.33600 0.32700 0.33300 0.31700 0.33900 0.33300 0.31300 0.29500 0.31000 0.30700 0.30800 0.30700
  4   | 0.39900 0.38800 0.37700 0.37900 0.39400 0.39700 0.37600 0.39000 0.39000 0.37700 0.35900 0.35400 0.36100 0.36700 0.37800
  5   | 0.47400 0.45600 0.43300 0.42300 0.42300 0.46000 0.43600 0.44800 0.45200 0.42500 0.41500 0.40800 0.40600 0.42900 0.42600
  6   | 0.51200 0.52400 0.45600 0.46700 0.46900 0.49500 0.48300 0.51200 0.50100 0.48400 0.45300 0.45200 0.45400 0.46700 0.47700
  7   | 0.49300 0.55500 0.54300 0.52800 0.50600 0.53200 0.52700 0.54300 0.53900 0.51800 0.48100 0.46200 0.50100 0.50400 0.49900
  8   | 0.49800 0.55500 0.59200 0.55200 0.55400 0.55500 0.54800 0.59000 0.57700 0.55100 0.52400 0.51800 0.53700 0.53700 0.54300
  9   | 0.61794 0.60317 0.61270 0.62010 0.64004 0.62453 0.60058 0.63919 0.61568 0.59832 0.57248 0.57545 0.59834 0.58480 0.60491
------+------------------------------------------------------------------------------------------------------------------------
                                               
 
 
        Weights at age in the catches (Kg)
        ----------------------------------
------+--------
AGE   |    2002
------+--------
  0   | 0.05200
  1   | 0.15900
  2   | 0.25500
  3   | 0.30700
  4   | 0.36900
  5   | 0.42600
  6   | 0.46400
  7   | 0.51400
  8   | 0.53900
  9   | 0.60813
------+--------
                                               
 
 
 
        Weights at age in the stock (Kg)
        --------------------------------
------+------------------------------------------------------------------------------------------------------------------------
AGE   |    1972    1973    1974    1975    1976    1977    1978    1979    1980    1981    1982    1983    1984    1985    1986
------+------------------------------------------------------------------------------------------------------------------------
  0   | 0.00800 0.00800 0.00800 0.00800 0.00800 0.00800 0.00800 0.00800 0.00800 0.00800 0.00800 0.00800 0.00000 0.00000 0.00000
  1   | 0.13200 0.13200 0.13000 0.12900 0.12800 0.12700 0.11100 0.11000 0.10900 0.08700 0.08600 0.08600 0.08100 0.08500 0.07700
  2   | 0.17800 0.17700 0.17300 0.17100 0.17000 0.16700 0.17500 0.17400 0.17300 0.18600 0.13500 0.17200 0.19400 0.16500 0.17900
  3   | 0.24300 0.24200 0.23800 0.23600 0.23600 0.23300 0.23800 0.23700 0.23600 0.25200 0.22100 0.23500 0.25300 0.29300 0.26700
  4   | 0.41100 0.30100 0.29600 0.29400 0.29300 0.28900 0.30000 0.29900 0.29700 0.31300 0.28000 0.28000 0.29500 0.30600 0.30400
  5   | 0.35500 0.43800 0.32200 0.31800 0.31800 0.31300 0.34600 0.34500 0.34300 0.32300 0.38500 0.33900 0.32400 0.34100 0.35600
  6   | 0.39800 0.39800 0.46900 0.36500 0.36500 0.36100 0.38200 0.38000 0.37900 0.37800 0.35300 0.37700 0.39300 0.38400 0.35100
  7   | 0.43300 0.43300 0.43300 0.49700 0.41900 0.41600 0.41000 0.40800 0.40700 0.41900 0.40800 0.40400 0.43600 0.43000 0.41600
  8   | 0.45900 0.45900 0.45900 0.45900 0.51200 0.44600 0.43200 0.43000 0.42900 0.43400 0.43700 0.43900 0.44100 0.45900 0.47300
  9   | 0.51855 0.51213 0.51315 0.52574 0.53678 0.53989 0.48332 0.48214 0.48452 0.46790 0.48131 0.51624 0.51083 0.52466 0.47267
------+------------------------------------------------------------------------------------------------------------------------
                                               
 
 
        Weights at age in the stock (Kg)
        --------------------------------
------+------------------------------------------------------------------------------------------------------------------------
AGE   |    1987    1988    1989    1990    1991    1992    1993    1994    1995    1996    1997    1998    1999    2000    2001
------+------------------------------------------------------------------------------------------------------------------------
  0   | 0.00000 0.00000 0.00000 0.00000 0.00000 0.00000 0.00000 0.00000 0.00000 0.00000 0.00000 0.00000 0.00000 0.00000 0.00000
  1   | 0.07800 0.07200 0.07600 0.07400 0.07500 0.07800 0.07800 0.07900 0.08100 0.07600 0.07600 0.07700 0.08100 0.07400 0.07800
  2   | 0.14800 0.15600 0.17700 0.13800 0.15500 0.21200 0.19700 0.17800 0.16400 0.13300 0.18600 0.14900 0.19400 0.18500 0.16400
  3   | 0.24000 0.23700 0.24400 0.22200 0.23000 0.25900 0.26800 0.23700 0.26700 0.25100 0.22800 0.22300 0.24200 0.23500 0.24100
  4   | 0.28600 0.30100 0.30600 0.28700 0.30700 0.31000 0.31500 0.30100 0.32600 0.31700 0.29600 0.28500 0.30100 0.28900 0.34200
  5   | 0.37400 0.32900 0.35200 0.33900 0.35700 0.36200 0.36000 0.36100 0.39800 0.36600 0.36100 0.34200 0.35300 0.35000 0.39000
  6   | 0.38600 0.42300 0.38000 0.37300 0.40900 0.40200 0.41600 0.41300 0.44800 0.44400 0.40200 0.40000 0.39600 0.39000 0.44600
  7   | 0.41100 0.44500 0.42900 0.41400 0.43200 0.42400 0.45400 0.46600 0.49100 0.46200 0.44500 0.42600 0.42300 0.42600 0.45900
  8   | 0.42900 0.43200 0.47400 0.40900 0.50200 0.46200 0.46500 0.47000 0.50800 0.50100 0.47800 0.46600 0.44000 0.44700 0.49900
  9   | 0.49048 0.51900 0.48732 0.50317 0.56045 0.51327 0.51171 0.55252 0.57150 0.58143 0.53068 0.53069 0.49492 0.49833 0.56503
------+------------------------------------------------------------------------------------------------------------------------
                                               
 
 
        Weights at age in the stock (Kg)
        --------------------------------
------+--------
AGE   |    2002
------+--------
  0   | 0.00000
  1   | 0.07800
  2   | 0.18100
  3   | 0.23900
  4   | 0.31100
  5   | 0.36400
  6   | 0.41100
  7   | 0.43600
  8   | 0.46200
  9   | 0.51916
------+--------
                                               
 
 
 
        Natural Mortality (per year)
        ----------------------------
------+------------------------------------------------------------------------------------------------------------------------
AGE   |    1972    1973    1974    1975    1976    1977    1978    1979    1980    1981    1982    1983    1984    1985    1986
------+------------------------------------------------------------------------------------------------------------------------
  0   | 0.15000 0.15000 0.15000 0.15000 0.15000 0.15000 0.15000 0.15000 0.15000 0.15000 0.15000 0.15000 0.15000 0.15000 0.15000
  1   | 0.15000 0.15000 0.15000 0.15000 0.15000 0.15000 0.15000 0.15000 0.15000 0.15000 0.15000 0.15000 0.15000 0.15000 0.15000
  2   | 0.15000 0.15000 0.15000 0.15000 0.15000 0.15000 0.15000 0.15000 0.15000 0.15000 0.15000 0.15000 0.15000 0.15000 0.15000
  3   | 0.15000 0.15000 0.15000 0.15000 0.15000 0.15000 0.15000 0.15000 0.15000 0.15000 0.15000 0.15000 0.15000 0.15000 0.15000
  4   | 0.15000 0.15000 0.15000 0.15000 0.15000 0.15000 0.15000 0.15000 0.15000 0.15000 0.15000 0.15000 0.15000 0.15000 0.15000
  5   | 0.15000 0.15000 0.15000 0.15000 0.15000 0.15000 0.15000 0.15000 0.15000 0.15000 0.15000 0.15000 0.15000 0.15000 0.15000
  6   | 0.15000 0.15000 0.15000 0.15000 0.15000 0.15000 0.15000 0.15000 0.15000 0.15000 0.15000 0.15000 0.15000 0.15000 0.15000
  7   | 0.15000 0.15000 0.15000 0.15000 0.15000 0.15000 0.15000 0.15000 0.15000 0.15000 0.15000 0.15000 0.15000 0.15000 0.15000
  8   | 0.15000 0.15000 0.15000 0.15000 0.15000 0.15000 0.15000 0.15000 0.15000 0.15000 0.15000 0.15000 0.15000 0.15000 0.15000
  9   | 0.15000 0.15000 0.15000 0.15000 0.15000 0.15000 0.15000 0.15000 0.15000 0.15000 0.15000 0.15000 0.15000 0.15000 0.15000
------+------------------------------------------------------------------------------------------------------------------------
                                               
 
 
        Natural Mortality (per year)
        ----------------------------
------+------------------------------------------------------------------------------------------------------------------------
AGE   |    1987    1988    1989    1990    1991    1992    1993    1994    1995    1996    1997    1998    1999    2000    2001
------+------------------------------------------------------------------------------------------------------------------------
  0   | 0.15000 0.15000 0.15000 0.15000 0.15000 0.15000 0.15000 0.15000 0.15000 0.15000 0.15000 0.15000 0.15000 0.15000 0.15000
  1   | 0.15000 0.15000 0.15000 0.15000 0.15000 0.15000 0.15000 0.15000 0.15000 0.15000 0.15000 0.15000 0.15000 0.15000 0.15000
  2   | 0.15000 0.15000 0.15000 0.15000 0.15000 0.15000 0.15000 0.15000 0.15000 0.15000 0.15000 0.15000 0.15000 0.15000 0.15000
  3   | 0.15000 0.15000 0.15000 0.15000 0.15000 0.15000 0.15000 0.15000 0.15000 0.15000 0.15000 0.15000 0.15000 0.15000 0.15000
  4   | 0.15000 0.15000 0.15000 0.15000 0.15000 0.15000 0.15000 0.15000 0.15000 0.15000 0.15000 0.15000 0.15000 0.15000 0.15000
  5   | 0.15000 0.15000 0.15000 0.15000 0.15000 0.15000 0.15000 0.15000 0.15000 0.15000 0.15000 0.15000 0.15000 0.15000 0.15000
  6   | 0.15000 0.15000 0.15000 0.15000 0.15000 0.15000 0.15000 0.15000 0.15000 0.15000 0.15000 0.15000 0.15000 0.15000 0.15000
  7   | 0.15000 0.15000 0.15000 0.15000 0.15000 0.15000 0.15000 0.15000 0.15000 0.15000 0.15000 0.15000 0.15000 0.15000 0.15000
  8   | 0.15000 0.15000 0.15000 0.15000 0.15000 0.15000 0.15000 0.15000 0.15000 0.15000 0.15000 0.15000 0.15000 0.15000 0.15000
  9   | 0.15000 0.15000 0.15000 0.15000 0.15000 0.15000 0.15000 0.15000 0.15000 0.15000 0.15000 0.15000 0.15000 0.15000 0.15000
------+------------------------------------------------------------------------------------------------------------------------
                                               
 
 
        Natural Mortality (per year)
        ----------------------------
------+--------
AGE   |    2002
------+--------
  0   | 0.15000
  1   | 0.15000
  2   | 0.15000
  3   | 0.15000
  4   | 0.15000
  5   | 0.15000
  6   | 0.15000
  7   | 0.15000
  8   | 0.15000
  9   | 0.15000
------+--------
                                               
 
 
 
        Proportion of fish spawning
        ---------------------------
------+------------------------------------------------------------------------------------------------------------------------
AGE   |    1972    1973    1974    1975    1976    1977    1978    1979    1980    1981    1982    1983    1984    1985    1986
------+------------------------------------------------------------------------------------------------------------------------
  0   |  0.0000  0.0000  0.0000  0.0000  0.0000  0.0000  0.0000  0.0000  0.0000  0.0000  0.0000  0.0000  0.0000  0.0000  0.0000
  1   |  0.0500  0.0500  0.0500  0.0600  0.0600  0.0600  0.0600  0.0600  0.0600  0.0700  0.0700  0.0700  0.0700  0.0700  0.0700
  2   |  0.5300  0.5400  0.5400  0.5500  0.5500  0.5500  0.5600  0.5600  0.5700  0.5700  0.5700  0.5800  0.5800  0.5800  0.5800
  3   |  0.9000  0.9000  0.9000  0.8900  0.8900  0.8900  0.8900  0.8900  0.8900  0.8800  0.8800  0.8800  0.8800  0.8800  0.8800
  4   |  0.9800  0.9800  0.9800  0.9800  0.9800  0.9800  0.9800  0.9800  0.9800  0.9800  0.9800  0.9800  0.9700  0.9700  0.9700
  5   |  0.9800  0.9800  0.9800  0.9800  0.9800  0.9800  0.9800  0.9800  0.9800  0.9800  0.9800  0.9800  0.9700  0.9700  0.9700
  6   |  0.9900  0.9900  0.9900  0.9900  0.9900  0.9900  0.9900  0.9900  0.9900  0.9900  0.9900  0.9900  0.9900  0.9900  0.9900
  7   |  1.0000  1.0000  1.0000  1.0000  1.0000  1.0000  1.0000  1.0000  1.0000  1.0000  1.0000  1.0000  1.0000  1.0000  1.0000
  8   |  1.0000  1.0000  1.0000  1.0000  1.0000  1.0000  1.0000  1.0000  1.0000  1.0000  1.0000  1.0000  1.0000  1.0000  1.0000
  9   |  1.0000  1.0000  1.0000  1.0000  1.0000  1.0000  1.0000  1.0000  1.0000  1.0000  1.0000  1.0000  1.0000  1.0000  1.0000
------+------------------------------------------------------------------------------------------------------------------------
                                               
 
 
        Proportion of fish spawning
        ---------------------------
------+------------------------------------------------------------------------------------------------------------------------
AGE   |    1987    1988    1989    1990    1991    1992    1993    1994    1995    1996    1997    1998    1999    2000    2001
------+------------------------------------------------------------------------------------------------------------------------
  0   |  0.0000  0.0000  0.0000  0.0000  0.0000  0.0000  0.0000  0.0000  0.0000  0.0000  0.0000  0.0000  0.0000  0.0000  0.0000
  1   |  0.0700  0.0700  0.0700  0.0700  0.0700  0.0700  0.0700  0.0700  0.0700  0.0700  0.0700  0.0700  0.0700  0.0700  0.0700
  2   |  0.5800  0.5800  0.5800  0.5800  0.5800  0.5800  0.5800  0.5800  0.5800  0.5800  0.5800  0.5800  0.5800  0.5800  0.5900
  3   |  0.8800  0.8800  0.8800  0.8800  0.8800  0.8800  0.8800  0.8800  0.8800  0.8800  0.8800  0.8600  0.8600  0.8600  0.8800
  4   |  0.9700  0.9700  0.9700  0.9700  0.9700  0.9700  0.9700  0.9700  0.9700  0.9700  0.9700  0.9800  0.9800  0.9800  0.9700
  5   |  0.9700  0.9700  0.9700  0.9700  0.9700  0.9700  0.9700  0.9700  0.9700  0.9700  0.9700  0.9800  0.9800  0.9800  0.9700
  6   |  0.9900  0.9900  0.9900  0.9900  0.9900  0.9900  0.9900  0.9900  0.9900  0.9900  0.9900  0.9900  0.9900  0.9900  0.9900
  7   |  1.0000  1.0000  1.0000  1.0000  1.0000  1.0000  1.0000  1.0000  1.0000  1.0000  1.0000  1.0000  1.0000  1.0000  1.0000
  8   |  1.0000  1.0000  1.0000  1.0000  1.0000  1.0000  1.0000  1.0000  1.0000  1.0000  1.0000  1.0000  1.0000  1.0000  1.0000
  9   |  1.0000  1.0000  1.0000  1.0000  1.0000  1.0000  1.0000  1.0000  1.0000  1.0000  1.0000  1.0000  1.0000  1.0000  1.0000
------+------------------------------------------------------------------------------------------------------------------------
                                               
 
 
        Proportion of fish spawning
        ---------------------------
------+--------
AGE   |    2002
------+--------
  0   |  0.0000
  1   |  0.0700
  2   |  0.5900
  3   |  0.8800
  4   |  0.9700
  5   |  0.9700
  6   |  0.9900
  7   |  1.0000
  8   |  1.0000
  9   |  1.0000
------+--------
                                               
 
 
 
 INDICES OF SPAWNING BIOMASS                                                    
  
 ----------------------------
 
          INDEX
        -------
------+------------------------------------------------------------------------------------------------------------------------
      |    1972    1973    1974    1975    1976    1977    1978    1979    1980    1981    1982    1983    1984    1985    1986
------+------------------------------------------------------------------------------------------------------------------------
  1   | ******* ******* ******* ******* ******* ******* ******* ******* ******* ******* ******* ******* ******* ******* *******
------+------------------------------------------------------------------------------------------------------------------------
       x 10 ^ 3                                
 
 
          INDEX
        -------
------+------------------------------------------------------------------------------------------------------------------------
      |    1987    1988    1989    1990    1991    1992    1993    1994    1995    1996    1997    1998    1999    2000    2001
------+------------------------------------------------------------------------------------------------------------------------
  1   | *******  239.04  253.33  245.91  262.55  262.60  279.76  279.20  310.00  308.20  312.59  297.11  305.60  285.96  280.79
------+------------------------------------------------------------------------------------------------------------------------
       x 10 ^ 3                                
 
 
          INDEX
        -------
------+--------
      |    2002
------+--------
  1   |  263.13
------+--------
       x 10 ^ 3                                
 
 
 
 AGE-STRUCTURED INDICES                                                         
  
 -----------------------
 
        FLT01: Dummy survey
        -------------------
------+--------------------------------
AGE   |    1981    1982    1983    1984
------+--------------------------------
  1   |  266.10  203.00   43.60   15.24
  2   |  506.40  435.90  712.70   79.51
  3   |  225.10  483.60  444.60  661.83
  4   |   31.70  184.10  391.60  374.60
  5   |  174.80   24.70  130.40  238.20
  6   |  158.50  136.60   20.20   92.00
  7   |   99.50  108.60   91.30   15.54
  8   |  116.60   84.50   70.90   51.47
  9   |   35.30   87.00   47.10   39.27
------+--------------------------------
       x 10 ^ 3                                
 
 
 
        Fishing Mortality (per year)
        ----------------------------
------+------------------------------------------------------------------------------------------------------------------------
AGE   |    1972    1973    1974    1975    1976    1977    1978    1979    1980    1981    1982    1983    1984    1985    1986
------+------------------------------------------------------------------------------------------------------------------------
  0   | 0.00619 0.00604 0.00559 0.00993 0.00947 0.00570 0.00857 0.00714 0.00943 0.00571 0.01021 0.00730 0.00797 0.00966 0.00666
  1   | 0.02344 0.02285 0.02116 0.03757 0.03585 0.02158 0.03242 0.02704 0.03567 0.02159 0.03865 0.02763 0.03015 0.03655 0.02522
  2   | 0.05188 0.05058 0.04682 0.08315 0.07935 0.04777 0.07176 0.05985 0.07895 0.04780 0.08554 0.06116 0.06672 0.08090 0.05582
  3   | 0.10235 0.09979 0.09238 0.16405 0.15656 0.09425 0.14158 0.11807 0.15576 0.09430 0.16877 0.12067 0.13164 0.15962 0.11013
  4   | 0.15647 0.15255 0.14123 0.25080 0.23934 0.14409 0.21645 0.18050 0.23813 0.14416 0.25801 0.18447 0.20124 0.24402 0.16837
  5   | 0.17797 0.17351 0.16063 0.28526 0.27222 0.16389 0.24619 0.20530 0.27085 0.16397 0.29346 0.20982 0.22889 0.27755 0.19150
  6   | 0.20127 0.19622 0.18166 0.32260 0.30786 0.18534 0.27841 0.23217 0.30630 0.18543 0.33187 0.23729 0.25886 0.31388 0.21657
  7   | 0.23058 0.22480 0.20811 0.36958 0.35269 0.21233 0.31896 0.26599 0.35091 0.21244 0.38021 0.27184 0.29655 0.35959 0.24811
  8   | 0.21356 0.20821 0.19276 0.34231 0.32667 0.19666 0.29542 0.24636 0.32502 0.19676 0.35215 0.25179 0.27467 0.33305 0.22980
  9   | 0.21356 0.20821 0.19276 0.34231 0.32667 0.19666 0.29542 0.24636 0.32502 0.19676 0.35215 0.25179 0.27467 0.33305 0.22980
------+------------------------------------------------------------------------------------------------------------------------
                                               
 
 
        Fishing Mortality (per year)
        ----------------------------
------+------------------------------------------------------------------------------------------------------------------------
AGE   |    1987    1988    1989    1990    1991    1992    1993    1994    1995    1996    1997    1998    1999    2000    2001
------+------------------------------------------------------------------------------------------------------------------------
  0   | 0.00724 0.00657 0.00709 0.00683 0.00995 0.00749 0.01006 0.00598 0.00904 0.00642 0.01014 0.00629 0.00921 0.00904 0.00828
  1   | 0.02742 0.02485 0.02682 0.02586 0.03767 0.02835 0.03807 0.02264 0.03422 0.02429 0.03838 0.02382 0.03485 0.03420 0.03135
  2   | 0.06068 0.05500 0.05936 0.05725 0.08338 0.06275 0.08427 0.05012 0.07574 0.05375 0.08496 0.05271 0.07713 0.07570 0.06939
  3   | 0.11972 0.10851 0.11711 0.11294 0.16450 0.12379 0.16626 0.09888 0.14943 0.10605 0.16761 0.10400 0.15216 0.14936 0.13690
  4   | 0.18302 0.16589 0.17904 0.17266 0.25149 0.18925 0.25417 0.15116 0.22844 0.16213 0.25624 0.15899 0.23262 0.22833 0.20928
  5   | 0.20817 0.18869 0.20364 0.19638 0.28604 0.21526 0.28910 0.17193 0.25983 0.18440 0.29144 0.18084 0.26458 0.25970 0.23804
  6   | 0.23541 0.21339 0.23030 0.22209 0.32348 0.24344 0.32694 0.19443 0.29384 0.20854 0.32959 0.20451 0.29921 0.29370 0.26920
  7   | 0.26970 0.24446 0.26384 0.25443 0.37059 0.27889 0.37455 0.22275 0.33664 0.23891 0.37760 0.23429 0.34279 0.33647 0.30840
  8   | 0.24980 0.22642 0.24437 0.23566 0.34325 0.25831 0.34692 0.20631 0.31180 0.22128 0.34973 0.21701 0.31750 0.31164 0.28564
  9   | 0.24980 0.22642 0.24437 0.23566 0.34325 0.25831 0.34692 0.20631 0.31180 0.22128 0.34973 0.21701 0.31750 0.31164 0.28564
------+------------------------------------------------------------------------------------------------------------------------
                                               
 
 
        Fishing Mortality (per year)
        ----------------------------
------+--------
AGE   |    2002
------+--------
  0   | 0.00978
  1   | 0.03702
  2   | 0.08195
  3   | 0.16168
  4   | 0.24717
  5   | 0.28113
  6   | 0.31793
  7   | 0.36423
  8   | 0.33736
  9   | 0.33736
------+--------
                                               
 
 
 
        Population Abundance (1 January)
        --------------------------------
------+------------------------------------------------------------------------------------------------------------------------
AGE   |    1972    1973    1974    1975    1976    1977    1978    1979    1980    1981    1982    1983    1984    1985    1986
------+------------------------------------------------------------------------------------------------------------------------
  0   |  752.85  413.21  482.83  350.87  509.31  542.45  511.73  518.38  456.09  169.05  333.68  518.38  496.90  217.56  496.90
  1   |  359.33  643.98  353.51  413.26  299.01  434.23  464.23  436.70  442.99  388.88  144.67  284.28  442.92  424.29  185.46
  2   |  343.61  302.12  541.76  297.90  342.58  248.30  365.77  386.82  365.84  367.93  327.56  119.80  238.01  369.91  352.08
  3   |  275.11  280.80  247.21  444.97  235.95  272.37  203.74  293.02  313.60  290.98  301.90  258.82   96.99  191.64  293.64
  4   |  175.83  213.75  218.73  194.00  325.04  173.65  213.34  152.21  224.12  230.99  227.91  219.49  197.44   73.19  140.61
  5   |   31.00  129.42  157.95  163.47  129.94  220.22  129.41  147.89  109.38  152.02  172.12  151.55  157.09  138.96   49.35
  6   |   33.10   22.33   93.65  115.77  105.78   85.19  160.89   87.08  103.66   71.80  111.06  110.47  105.75  107.55   90.62
  7   |   73.46   23.30   15.80   67.21   72.17   66.92   60.92  104.83   59.42   65.68   51.34   68.59   75.00   70.26   67.63
  8   |   46.85   50.21   16.02   11.04   39.98   43.66   46.58   38.11   69.15   36.01   45.71   30.21   44.99   47.99   42.21
  9   |   60.92   67.54   77.93   60.82   38.80   42.77   54.43   62.75   66.58   79.70   75.96   68.30   61.35   61.49   63.38
------+------------------------------------------------------------------------------------------------------------------------
       x 10 ^ 6                                
 
 
        Population Abundance (1 January)
        --------------------------------
------+------------------------------------------------------------------------------------------------------------------------
AGE   |    1987    1988    1989    1990    1991    1992    1993    1994    1995    1996    1997    1998    1999    2000    2001
------+------------------------------------------------------------------------------------------------------------------------
  0   |  456.09  481.40  392.36  361.17  752.85  374.98  511.74  759.90  420.79  518.38  413.21  511.73  105.69  752.85  456.09
  1   |  424.85  389.73  411.63  335.32  308.74  641.57  320.34  436.05  650.15  358.91  443.32  352.07  437.69   90.14  642.15
  2   |  155.65  355.78  327.21  344.92  281.25  255.91  536.77  265.42  366.91  540.76  301.51  367.20  295.89  363.82   74.97
  3   |  286.59  126.08  289.83  265.40  280.36  222.70  206.87  424.66  217.28  292.76  441.08  238.37  299.82  235.78  290.31
  4   |  226.38  218.84   97.36  221.89  204.03  204.70  169.36  150.78  331.10  161.06  226.63  321.06  184.90  221.63  174.78
  5   |  102.27  162.26  159.56   70.06  160.70  136.57  145.81  113.06  111.57  226.78  117.88  150.97  235.72  126.12  151.82
  6   |   35.08   71.48  115.64  112.03   49.55  103.91   94.78   93.99   81.94   74.06  162.32   75.81  108.44  155.72   83.72
  7   |   62.81   23.86   49.70   79.06   77.22   30.86   70.11   58.83   66.60   52.57   51.74  100.48   53.18   69.20   99.92
  8   |   45.42   41.28   16.08   32.86   52.76   45.88   20.10   41.49   40.52   40.94   35.63   30.53   68.42   32.49   42.54
  9   |   67.11   71.71   71.83   52.98   52.28   58.29   63.98   49.33   59.74   57.43   62.21   57.10   55.40   72.94   61.76
------+------------------------------------------------------------------------------------------------------------------------
       x 10 ^ 6                                
 
 
        Population Abundance (1 January)
        --------------------------------
------+----------------
AGE   |    2002    2003
------+----------------
  0   |  438.51  357.46
  1   |  389.32  373.75
  2   |  535.65  322.91
  3   |   60.20  424.76
  4   |  217.91   44.08
  5   |  122.03  146.48
  6   |  102.99   79.29
  7   |   55.05   64.50
  8   |   63.18   32.92
  9   |   63.64   77.90
------+----------------
       x 10 ^ 6                                
 
 
 
        Weighting factors for the catches in number
        -------------------------------------------
------+----------------------------------------------------------------------------------------
AGE   |    1992    1993    1994    1995    1996    1997    1998    1999    2000    2001    2002
------+----------------------------------------------------------------------------------------
  0   |  0.0200  0.0200  0.0200  0.0200  0.0200  0.0200  0.0200  0.0200  0.0200  0.0200  0.0200
  1   |  1.0000  1.0000  1.0000  1.0000  1.0000  1.0000  1.0000  1.0000  1.0000  1.0000  1.0000
  2   |  1.0000  1.0000  1.0000  1.0000  1.0000  1.0000  1.0000  1.0000  1.0000  1.0000  1.0000
  3   |  1.0000  1.0000  1.0000  1.0000  1.0000  1.0000  1.0000  1.0000  1.0000  1.0000  1.0000
  4   |  1.0000  1.0000  1.0000  1.0000  1.0000  1.0000  1.0000  1.0000  1.0000  1.0000  1.0000
  5   |  1.0000  1.0000  1.0000  1.0000  1.0000  1.0000  1.0000  1.0000  1.0000  1.0000  1.0000
  6   |  1.0000  1.0000  1.0000  1.0000  1.0000  1.0000  1.0000  1.0000  1.0000  1.0000  1.0000
  7   |  1.0000  1.0000  1.0000  1.0000  1.0000  1.0000  1.0000  1.0000  1.0000  1.0000  1.0000
  8   |  1.0000  1.0000  1.0000  1.0000  1.0000  1.0000  1.0000  1.0000  1.0000  1.0000  1.0000
------+----------------------------------------------------------------------------------------
                                               
 
 
 
 Predicted SSB Index Values                                                     
  
 ---------------------------
 
          INDEX
        -------
------+------------------------------------------------------------------------------------------------------------------------
      |    1972    1973    1974    1975    1976    1977    1978    1979    1980    1981    1982    1983    1984    1985    1986
------+------------------------------------------------------------------------------------------------------------------------
  1   | ******* ******* ******* ******* ******* ******* ******* ******* ******* ******* ******* ******* ******* ******* *******
------+------------------------------------------------------------------------------------------------------------------------
       x 10 ^ 3                                
 
 
          INDEX
        -------
------+------------------------------------------------------------------------------------------------------------------------
      |    1987    1988    1989    1990    1991    1992    1993    1994    1995    1996    1997    1998    1999    2000    2001
------+------------------------------------------------------------------------------------------------------------------------
  1   | *******  239.04  253.33  245.91  262.55  262.60  279.76  279.20  310.00  308.20  312.59  297.11  305.60  285.96  280.79
------+------------------------------------------------------------------------------------------------------------------------
       x 10 ^ 3                                
 
 
          INDEX
        -------
------+--------
      |    2002
------+--------
  1   |  263.13
------+--------
       x 10 ^ 3                                
 
 
 
 Predicted Age-Structured Index Values                                          
  
 --------------------------------------
 
        FLT01: Dummy survey Predicted
        -----------------------------
------+--------------------------------
AGE   |    1981    1982    1983    1984
------+--------------------------------
  1   |  104.20   38.40   75.92  118.13
  2   |  513.12  447.44  165.85  328.50
  3   |  578.95  576.57  507.55  189.06
  4   |  186.11  172.49  172.97  154.17
  5   |  107.03  112.85  104.04  106.72
  6   |   60.43   86.23   90.35   85.47
  7   |   66.47   47.38   67.18   72.46
  8   |   75.01   87.43   61.06   89.78
  9   |   57.05   49.91   47.42   42.07
------+--------------------------------
       x 10 ^ 3                                
 
 
 
        Fitted Selection Pattern
        ------------------------
------+------------------------------------------------------------------------------------------------------------------------
AGE   |    1972    1973    1974    1975    1976    1977    1978    1979    1980    1981    1982    1983    1984    1985    1986
------+------------------------------------------------------------------------------------------------------------------------
  0   |  0.0348  0.0348  0.0348  0.0348  0.0348  0.0348  0.0348  0.0348  0.0348  0.0348  0.0348  0.0348  0.0348  0.0348  0.0348
  1   |  0.1317  0.1317  0.1317  0.1317  0.1317  0.1317  0.1317  0.1317  0.1317  0.1317  0.1317  0.1317  0.1317  0.1317  0.1317
  2   |  0.2915  0.2915  0.2915  0.2915  0.2915  0.2915  0.2915  0.2915  0.2915  0.2915  0.2915  0.2915  0.2915  0.2915  0.2915
  3   |  0.5751  0.5751  0.5751  0.5751  0.5751  0.5751  0.5751  0.5751  0.5751  0.5751  0.5751  0.5751  0.5751  0.5751  0.5751
  4   |  0.8792  0.8792  0.8792  0.8792  0.8792  0.8792  0.8792  0.8792  0.8792  0.8792  0.8792  0.8792  0.8792  0.8792  0.8792
  5   |  1.0000  1.0000  1.0000  1.0000  1.0000  1.0000  1.0000  1.0000  1.0000  1.0000  1.0000  1.0000  1.0000  1.0000  1.0000
  6   |  1.1309  1.1309  1.1309  1.1309  1.1309  1.1309  1.1309  1.1309  1.1309  1.1309  1.1309  1.1309  1.1309  1.1309  1.1309
  7   |  1.2956  1.2956  1.2956  1.2956  1.2956  1.2956  1.2956  1.2956  1.2956  1.2956  1.2956  1.2956  1.2956  1.2956  1.2956
  8   |  1.2000  1.2000  1.2000  1.2000  1.2000  1.2000  1.2000  1.2000  1.2000  1.2000  1.2000  1.2000  1.2000  1.2000  1.2000
  9   |  1.2000  1.2000  1.2000  1.2000  1.2000  1.2000  1.2000  1.2000  1.2000  1.2000  1.2000  1.2000  1.2000  1.2000  1.2000
------+------------------------------------------------------------------------------------------------------------------------
                                               
 
 
        Fitted Selection Pattern
        ------------------------
------+------------------------------------------------------------------------------------------------------------------------
AGE   |    1987    1988    1989    1990    1991    1992    1993    1994    1995    1996    1997    1998    1999    2000    2001
------+------------------------------------------------------------------------------------------------------------------------
  0   |  0.0348  0.0348  0.0348  0.0348  0.0348  0.0348  0.0348  0.0348  0.0348  0.0348  0.0348  0.0348  0.0348  0.0348  0.0348
  1   |  0.1317  0.1317  0.1317  0.1317  0.1317  0.1317  0.1317  0.1317  0.1317  0.1317  0.1317  0.1317  0.1317  0.1317  0.1317
  2   |  0.2915  0.2915  0.2915  0.2915  0.2915  0.2915  0.2915  0.2915  0.2915  0.2915  0.2915  0.2915  0.2915  0.2915  0.2915
  3   |  0.5751  0.5751  0.5751  0.5751  0.5751  0.5751  0.5751  0.5751  0.5751  0.5751  0.5751  0.5751  0.5751  0.5751  0.5751
  4   |  0.8792  0.8792  0.8792  0.8792  0.8792  0.8792  0.8792  0.8792  0.8792  0.8792  0.8792  0.8792  0.8792  0.8792  0.8792
  5   |  1.0000  1.0000  1.0000  1.0000  1.0000  1.0000  1.0000  1.0000  1.0000  1.0000  1.0000  1.0000  1.0000  1.0000  1.0000
  6   |  1.1309  1.1309  1.1309  1.1309  1.1309  1.1309  1.1309  1.1309  1.1309  1.1309  1.1309  1.1309  1.1309  1.1309  1.1309
  7   |  1.2956  1.2956  1.2956  1.2956  1.2956  1.2956  1.2956  1.2956  1.2956  1.2956  1.2956  1.2956  1.2956  1.2956  1.2956
  8   |  1.2000  1.2000  1.2000  1.2000  1.2000  1.2000  1.2000  1.2000  1.2000  1.2000  1.2000  1.2000  1.2000  1.2000  1.2000
  9   |  1.2000  1.2000  1.2000  1.2000  1.2000  1.2000  1.2000  1.2000  1.2000  1.2000  1.2000  1.2000  1.2000  1.2000  1.2000
------+------------------------------------------------------------------------------------------------------------------------
                                               
 
 
        Fitted Selection Pattern
        ------------------------
------+--------
AGE   |    2002
------+--------
  0   |  0.0348
  1   |  0.1317
  2   |  0.2915
  3   |  0.5751
  4   |  0.8792
  5   |  1.0000
  6   |  1.1309
  7   |  1.2956
  8   |  1.2000
  9   |  1.2000
------+--------
                                               
 
 
 
 
 
                    STOCK SUMMARY                                             
 
 
 ³ Year ³  Recruits  ³  Total  ³ Spawning³ Landings ³ Yield ³ Mean F ³ SoP ³    
 ³      ³   Age   0  ³ Biomass ³ Biomass ³          ³ /SSB  ³  Ages  ³     ³ 
 ³      ³  thousands ³  tonnes ³ tonnes  ³ tonnes   ³ ratio ³  4- 7  ³ (%) ³ 
 
   1972       752850    362814    243168     47353   0.1947   0.1916   100
   1973       413210    407373    256918     46528   0.1811   0.1868    99
   1974       482830    416085    282758     46522   0.1645   0.1729   100
   1975       350870    433795    293523     82404   0.2807   0.3071    99
   1976       509300    402970    279951     76724   0.2741   0.2930   100
   1977       542440    384683    266446     46402   0.1742   0.1764   100
   1978       511730    409767    276521     67737   0.2450   0.2650   100
   1979       518370    407969    279450     55479   0.1985   0.2210    99
   1980       456080    418711    284223     83726   0.2946   0.2915   100
   1981       169040    405932    295572     51453   0.1741   0.1765   100
   1982       333670    372820    278138     90708   0.3261   0.3159   100
   1983       518370    340737    256935     58585   0.2280   0.2259    99
   1984       496890    341174    243181     61199   0.2517   0.2464   100
   1985       217550    348831    238924     76934   0.3220   0.2988   100
   1986       496890    325883    242216     52313   0.2160   0.2061   100
   1987       456080    319705    233870     59672   0.2551   0.2241   100
   1988       481390    328599    239038     55600   0.2326   0.2031    99
   1989       392350    353772    253331     59383   0.2344   0.2192   100
   1990       361160    333383    245910     60185   0.2447   0.2114   100
   1991       752850    360653    262547     87031   0.3315   0.3079   100
   1992       374980    380845    262603     65970   0.2512   0.2317   100
   1993       511730    405355    279756     85184   0.3045   0.3112   100
   1994       759890    381526    279200     55800   0.1999   0.1851   100
   1995       420780    447328    309996     87966   0.2838   0.2797   100
   1996       518370    417809    308196     61595   0.1999   0.1985   100
   1997       413210    438299    312589     96603   0.3090   0.3137   100
   1998       511730    395769    297110     60966   0.2052   0.1947    99
   1999       105690    427241    305595     89845   0.2940   0.2848    99
   2000       752850    378661    285958     84332   0.2949   0.2796    99
   2001       456080    390662    280786     74529   0.2654   0.2562    99
   2002       438500    382458    263126     82748   0.3145   0.3026   100
 
 -----------------------------------------------------------------            
 No of years for separable analysis : 11                                      
 Age range in the analysis : 0  . . . 9                                       
 Year range in the analysis : 1972  . . . 2002                                
 Number of indices of SSB : 1                                                 
 Number of age-structured indices : 1                                         
                                                                              
 Parameters to estimate : 46                                                  
 Number of observations : 150                                                 
                                                                              
 Conventional single selection vector model to be fitted.                     
                                                                              
                                                                              
                                                                              
 -----------------------------------------------------------------            
 
 
 PARAMETER ESTIMATES                                                            
  
 
 ³Parm.³      ³ Maximum ³    ³        ³         ³         ³         ³ Mean of ³ 
  
 ³ No. ³      ³ Likelh. ³ CV ³  Lower ³ Upper   ³  -s.e.  ³   +s.e. ³ Param.  ³ 
  
 ³     ³      ³ Estimate³ (%)³ 95% CL ³ 95% CL  ³         ³         ³ Distrib.³ 
  
 Separable model : F by year                                                    
  
    1   1992     0.2153   0    0.2115    0.2190    0.2134    0.2172    0.2153
    2   1993     0.2891   0    0.2842    0.2941    0.2866    0.2916    0.2891
    3   1994     0.1719   0    0.1690    0.1749    0.1704    0.1734    0.1719
    4   1995     0.2598   0    0.2555    0.2642    0.2576    0.2621    0.2598
    5   1996     0.1844   0    0.1814    0.1875    0.1829    0.1860    0.1844
    6   1997     0.2914   0    0.2867    0.2963    0.2890    0.2939    0.2915
    7   1998     0.1808   0    0.1779    0.1838    0.1794    0.1823    0.1808
    8   1999     0.2646   0    0.2604    0.2688    0.2625    0.2667    0.2646
    9   2000     0.2597   0    0.2556    0.2639    0.2576    0.2618    0.2597
   10   2001     0.2380   0    0.2342    0.2419    0.2361    0.2400    0.2380
   11   2002     0.2811   0    0.2760    0.2863    0.2785    0.2838    0.2811
 
 Separable Model: Selection (S) by age                                          
  
   12      0     0.0348   4    0.0321    0.0377    0.0334    0.0362    0.0348
   13      1     0.1317   0    0.1295    0.1340    0.1306    0.1329    0.1317
   14      2     0.2915   0    0.2869    0.2962    0.2891    0.2939    0.2915
   15      3     0.5751   0    0.5664    0.5839    0.5707    0.5796    0.5751
   16      4     0.8792   0    0.8667    0.8919    0.8728    0.8856    0.8792
           5     1.0000     Fixed : Reference Age             
   17      6     1.1309   0    1.1160    1.1460    1.1233    1.1386    1.1309
   18      7     1.2956   0    1.2787    1.3127    1.2870    1.3043    1.2956
           8     1.2000     Fixed : Last true age             
 
 Separable model: Populations in year 2002                                    
   19      0     438507  13     337136    570359    383465    501450    442469
   20      1     389318   2     373315    406007    381070    397746    389408
   21      2     535648   1     521278    550414    528267    543131    535699
   22      3      60201   1      58750     61689     59457     60956     60206
   23      4     217906   0     213860    222028    215832    219999    217916
   24      5     122025   0     119913    124175    120943    123117    122030
   25      6     102991   0     101365    104643    102158    103831    102995
   26      7      55053   0      54170     55950     54601     55509     55055
   27      8      63176   0      62199     64168     62676     63680     63178
 
Separable model: Populations at age
   28   1992      45882   1      44190     47639     45011     46770     45891
   29   1993      20096   1      19531     20678     19806     20391     20098
   30   1994      41491   1      40502     42503     40983     42004     41494
   31   1995      40521   1      39660     41400     40080     40967     40523
   32   1996      40940   1      40136     41760     40528     41356     40942
   33   1997      35629   0      34990     36279     35301     35959     35630
   34   1998      30528   0      29988     31078     30252     30808     30530
   35   1999      68420   0      67409     69446     67902     68941     68422
   36   2000      32487   0      31953     33030     32214     32763     32489
   37   2001      42543   0      41855     43242     42191     42898     42545
 
 SSB Index catchabilities                                                       
  
   INDEX                                 
 Absolute estimator. No fitted catchability.                                    
  
 
 
 
 Age-structured index catchabilities                                            
  
                                        FLT01: Dummy survey                     
 
 Linear model fitted. Slopes at age :                                           
  
   38   1  Q  .2945      27 .2272     .6557     .2945     .5057     .4003    
   39   2  Q  1.555      27 1.199     3.462     1.555     2.670     2.114    
   40   3  Q  2.276      27 1.755     5.067     2.276     3.908     3.093    
   41   4  Q  .9472      27 .7307     2.109     .9472     1.627     1.288    
   42   5  Q  .8367      27 .6454     1.863     .8367     1.437     1.137    
   43   6  Q  1.012      27 .7806     2.253     1.012     1.738     1.376    
   44   7  Q  1.235      27 .9528     2.750     1.235     2.121     1.679    
   45   8  Q  2.521      27 1.945     5.613     2.521     4.329     3.427    
   46   9  Q  .8661      27 .6681     1.928     .8661     1.487     1.177    
 
 
 
 RESIDUALS ABOUT THE MODEL FIT                                                  
  
 ------------------------------
 
        Separable Model Residuals
        -------------------------
------+----------------------------------------------------------------------------------------
Age   |    1992    1993    1994    1995    1996    1997    1998    1999    2000    2001    2002
------+----------------------------------------------------------------------------------------
  0   | ******* ******* ******* ******* ******* ******* ******* ******* ******* ******* *******
  1   | ******* ******* ******* ******* ******* ******* ******* ******* ******* ******* *******
  2   | ******* ******* ******* ******* ******* ******* ******* ******* ******* ******* *******
  3   | ******* ******* ******* ******* ******* ******* ******* ******* ******* ******* *******
  4   | ******* ******* ******* ******* ******* ******* ******* ******* ******* ******* *******
  5   | ******* ******* ******* ******* ******* ******* ******* ******* ******* ******* *******
  6   | ******* ******* ******* ******* ******* ******* ******* ******* ******* ******* *******
  7   | ******* ******* ******* ******* ******* ******* ******* ******* ******* ******* *******
  8   | ******* ******* ******* ******* ******* ******* ******* ******* ******* ******* *******
------+----------------------------------------------------------------------------------------
                                               
 
 
 
 SPAWNING BIOMASS INDEX RESIDUALS                                               
  
 ---------------------------------
 
          INDEX
        -------
------+------------------------------------------------------------------------------------------------------------------------
      |    1972    1973    1974    1975    1976    1977    1978    1979    1980    1981    1982    1983    1984    1985    1986
------+------------------------------------------------------------------------------------------------------------------------
  1   | ******* ******* ******* ******* ******* ******* ******* ******* ******* ******* ******* ******* ******* ******* *******
------+------------------------------------------------------------------------------------------------------------------------
                                               
 
 
          INDEX
        -------
------+------------------------------------------------------------------------------------------------------------------------
      |    1987    1988    1989    1990    1991    1992    1993    1994    1995    1996    1997    1998    1999    2000    2001
------+------------------------------------------------------------------------------------------------------------------------
  1   | ******* ******* ******* ******* ******* ******* ******* ******* ******* ******* ******* ******* ******* ******* *******
------+------------------------------------------------------------------------------------------------------------------------
                                               
 
 
          INDEX
        -------
------+--------
      |    2002
------+--------
  1   | *******
------+--------
                                               
 
 
 
 AGE-STRUCTURED INDEX RESIDUALS                                                 
  
 -------------------------------
 
        FLT01: Dummy survey
        -------------------
------+--------------------------------
Age   |    1981    1982    1983    1984
------+--------------------------------
  1   |   0.938   1.665  -0.555  -2.048
  2   |  -0.013  -0.026   1.458  -1.419
  3   |  -0.945  -0.176  -0.132   1.253
  4   |  -1.770   0.065   0.817   0.888
  5   |   0.491  -1.519   0.226   0.803
  6   |   0.964   0.460  -1.498   0.074
  7   |   0.403   0.830   0.307  -1.540
  8   |   0.441  -0.034   0.149  -0.556
  9   |  -0.480   0.556  -0.007  -0.069
------+--------------------------------
                                               
 
 
 
 
 
 
 PARAMETERS OF THE DISTRIBUTION OF ln(CATCHES AT AGE)                           
  
 -----------------------------------------------------
 
 Separable model fitted from 1992  to 2002                                    
 Variance                             0.0000
Skewness test stat.                   0.2953
Kurtosis test statistic               0.3262
Partial chi-square                    0.0000
Significance in fit                   0.0000
Degrees of freedom                        62
 
 
 PARAMETERS OF DISTRIBUTIONS OF THE SSB INDICES                                 
  
 -----------------------------------------------
 
 
   DISTRIBUTION STATISTICS FOR   INDEX                                          
 
 
 Index used as absolute measure of abundance                                    
  
 Last age is a plus-group                                                       
  
 
 Variance                             0.0000
Skewness test stat.                   0.5389
Kurtosis test statistic              -0.9152
Partial chi-square                    0.0000
Significance in fit                   0.0000
Number of observations                    15
Degrees of freedom                        15
Weight in the analysis                5.0000
 
 PARAMETERS OF THE DISTRIBUTION OF THE AGE-STRUCTURED INDICES                   
  
 ------------------------------------------------------------ 
 
 
   DISTRIBUTION STATISTICS FOR FLT01: Dummy survey                              
 
 
 Linear catchability relationship assumed                                       
  
 
 Age                          1         2         3         4         5         6         7         8         9
 Variance                0.0030    0.0015    0.0009    0.0017    0.0012    0.0013    0.0012    0.0002    0.0002
Skewness test stat.     -0.2328    0.0473    0.4581   -0.7133   -0.7990   -0.6190   -0.8073   -0.3540    0.2470
Kurtosis test statisti  -0.5825   -0.4080   -0.3797   -0.3823   -0.3244   -0.3805   -0.3143   -0.4376   -0.4055
Partial chi-square       0.0008    0.0004    0.0002    0.0004    0.0003    0.0003    0.0003    0.0001    0.0001
Significance in fit      0.0000    0.0000    0.0000    0.0000    0.0000    0.0000    0.0000    0.0000    0.0000
Number of observations        4         4         4         4         4         4         4         4         4
Degrees of freedom            3         3         3         3         3         3         3         3         3
Weight in the analysis   0.0011    0.0011    0.0011    0.0011    0.0011    0.0011    0.0011    0.0011    0.0011
 
 ANALYSIS OF VARIANCE                   
--------------------------
 
 Unweighted Statistics                                                          
  
 
                                                                                
  
Variance                              
                                       SSQ     Data    Parameters d.f. Variance
Total for model                        30.4182     150         46  104   0.2925
Catches at age                          0.0000      99         37   62   0.0000
  
SSB Indices                           
  INDEX                                 0.0000      15          0   15   0.0000
  
 Aged Indices                                                                   
  
FLT01: Dummy survey                    30.4182      36          9   27   1.1266
 
 
 Weighted Statistics                                                            
  
 
                                                                                
  
Variance                              
                                       SSQ     Data    Parameters d.f. Variance
Total for model                         0.0000     150         46  104   0.0000
Catches at age                          0.0000      99         37   62   0.0000
  
SSB Indices                           
  INDEX                                 0.0000      15          0   15   0.0000
  
 Aged Indices                                                                   
  
FLT01: Dummy survey                     0.0000      36          9   27   0.0000
 
