 Output Generated by ICA Version 1.4                                            
  
 ------------------------------------
 
        Mackerel NE Atlantic  WG2003
        ----------------------------
 
        Catch in Number
        ---------------
------+------------------------------------------------------------------------------------------------------------------------
AGE   |    1972    1973    1974    1975    1976    1977    1978    1979    1980    1981    1982    1983    1984    1985    1986
------+------------------------------------------------------------------------------------------------------------------------
  0   |   4146.   5672.   5416.   3067.   2568.   2146.   2504.   2903.   1988.   1192.   6695.   2038.   2658.   2887.   3427.
  1   |  13447.  12140.  17317.  15458.   7531.  16167.   4964.   6763.   8463.   8479.   4797.  11894.   9747.   8071.   9087.
  2   |  35169.  22338.  21067.  28159.  21727.  26895.  21191.   7649.  11283.  20582.  19316.   4858.  32435.  16830.  14458.
  3   |  36292.  49418.  32892.  29187.  34002.  65617.  29774.  27895.  10957.  23423.  39537.  16688.  11303.  47565.  25640.
  4   |  37342.  36814.  52775.  33216.  25952.  74595.  52211.  28658.  29438.  16669.  32446.  24847.  28469.  12035.  52732.
  5   |  30065.  26707.  27832.  37844.  21109.  40675.  41577.  35751.  21656.  32058.  16332.  14383.  30383.  21476.   9473.
  6   |  17314.  20739.  19513.  19329.  23395.  32003.  21822.  27610.  26284.  22895.  30283.   7004.  17078.  22160.  16359.
  7   |   7654.  11678.  14850.  13314.  11801.  34770.  16753.  14260.  20049.  27369.  21130.  12751.   8192.  12214.  16571.
  8   |  10445.   4123.   6689.   8104.   6503.  14178.  14467.   8756.   8301.  16801.  20276.   7067.  12019.   4687.   7314.
  9   |  16046.  14238.  10110.   9037.   8482.  17989.  14187.  15626.  14534.  19552.  27677.  16150.  22271.  19994.  14048.
------+------------------------------------------------------------------------------------------------------------------------
       x 10 ^ 3                                
 
 
        Catch in Number
        ---------------
------+------------------------------------------------------------------------------------------------------------------------
AGE   |    1987    1988    1989    1990    1991    1992    1993    1994    1995    1996    1997    1998    1999    2000    2001
------+------------------------------------------------------------------------------------------------------------------------
  0   |   5512.   3290.   3473.   2699.   2939.   2770.   2911.    992.   2415.   1950.   3168.   3536.   3857.   1224.   3366.
  1   |  11573.  19327.   8464.  10702.   9987.   8709.   9489.   7768.   3491.   6784.   9344.   8279.  11939.   9537.   4331.
  2   |  17452.  23024.  28286.  14883.  22556.  16851.  16982.  14443.  15610.   5602.  18467.  13863.  15894.  16841.  19280.
  3   |  23585.  29374.  28642.  42491.  26707.  32397.  27954.  22071.  24802.  21441.  12929.  23209.  22599.  19152.  29136.
  4   |  30404.  28715.  26525.  31495.  55646.  27933.  39153.  26550.  27777.  24989.  35990.  11742.  27492.  19897.  24337.
  5   |  44390.  26196.  18332.  20795.  29395.  41314.  24009.  26438.  23875.  19967.  29903.  23030.   9871.  17194.  18095.
  6   |   7714.  36923.  16167.  13945.  18808.  21128.  34385.  15718.  23081.  16666.  23122.  18462.  18726.   5985.  15195.
  7   |  13070.   6279.  22343.  12108.  12397.  13275.  17270.  22146.  13517.  15880.  18935.  13966.  14725.  11170.   5216.
  8   |  10610.   8525.   3032.  13408.   8642.   7001.   8701.   8893.  15290.   7446.  14532.   9120.   8926.   7015.   7818.
  9   |  12753.  15169.  11221.   8802.  16304.  14130.  14100.  12436.  14101.  16691.  22793.  18512.  17805.  12158.  13534.
------+------------------------------------------------------------------------------------------------------------------------
       x 10 ^ 3                                
 
 
        Catch in Number
        ---------------
------+--------
AGE   |    2002
------+--------
  0   |   6123.
  1   |  14106.
  2   |  10311.
  3   |  38907.
  4   |  42709.
  5   |  25373.
  6   |  18246.
  7   |  15024.
  8   |   4146.
  9   |  16665.
------+--------
       x 10 ^ 3                                
 
 
 
        Predicted Catch in Number
        -------------------------
------+----------------------------------------------------------------------------------------
AGE   |    1992    1993    1994    1995    1996    1997    1998    1999    2000    2001    2002
------+----------------------------------------------------------------------------------------
  0   |   2770.   2911.    991.   2415.   1950.   3168.   3536.   3857.   1224.   3366.   6123.
  1   |   8709.   9489.   7768.   3491.   6784.   9344.   8279.  11939.   9537.   4331.  14106.
  2   |  16851.  16982.  14443.  15610.   5602.  18467.  13863.  15894.  16841.  19280.  10311.
  3   |  32397.  27954.  22071.  24802.  21441.  12929.  23209.  22599.  19152.  29136.  38907.
  4   |  27933.  39153.  26550.  27777.  24989.  35990.  11742.  27492.  19897.  24337.  42709.
  5   |  41314.  24009.  26438.  23875.  19967.  29903.  23030.   9871.  17194.  18095.  25373.
  6   |  21128.  34385.  15718.  23081.  16666.  23122.  18462.  18726.   5985.  15195.  18246.
  7   |  13275.  17270.  22146.  13517.  15880.  18935.  13966.  14725.  11170.   5216.  15024.
  8   |   7001.   8701.   8893.  15290.   7446.  14532.   9120.   8926.   7015.   7818.   4146.
------+----------------------------------------------------------------------------------------
       x 10 ^ 3                                
 
 
 
        Weights at age in the catches (Kg)
        ----------------------------------
------+------------------------------------------------------------------------------------------------------------------------
AGE   |    1972    1973    1974    1975    1976    1977    1978    1979    1980    1981    1982    1983    1984    1985    1986
------+------------------------------------------------------------------------------------------------------------------------
  0   | 0.05200 0.05000 0.05100 0.05000 0.05900 0.05600 0.03600 0.01600 0.05700 0.06000 0.05300 0.05000 0.03100 0.05500 0.03900
  1   | 0.13500 0.14500 0.13600 0.14800 0.13700 0.13600 0.13500 0.13700 0.13100 0.13200 0.13100 0.16800 0.10200 0.14400 0.14600
  2   | 0.27700 0.19400 0.22900 0.17700 0.20700 0.16900 0.16100 0.16100 0.24900 0.24800 0.24900 0.21900 0.18400 0.26200 0.24500
  3   | 0.34100 0.28500 0.26100 0.25900 0.26300 0.27500 0.25000 0.24300 0.28500 0.28700 0.28500 0.27600 0.29500 0.35700 0.33500
  4   | 0.42300 0.36800 0.33400 0.32300 0.32000 0.33300 0.32500 0.31800 0.34500 0.34400 0.34500 0.31000 0.32600 0.41800 0.42300
  5   | 0.46800 0.44800 0.39200 0.34800 0.34600 0.35200 0.34500 0.34800 0.37800 0.37700 0.37800 0.38600 0.34400 0.41700 0.47100
  6   | 0.46800 0.46800 0.48100 0.43000 0.40600 0.40700 0.40300 0.40100 0.45400 0.45400 0.45400 0.42500 0.43100 0.43600 0.44400
  7   | 0.50800 0.50800 0.50800 0.48800 0.44300 0.44600 0.42100 0.41600 0.49800 0.49900 0.49600 0.43500 0.54200 0.52100 0.45700
  8   | 0.53900 0.53900 0.53900 0.53900 0.51800 0.54600 0.51800 0.50600 0.52000 0.51300 0.51300 0.49800 0.48000 0.55500 0.54300
  9   | 0.60627 0.60334 0.60918 0.60338 0.59848 0.57823 0.56175 0.53442 0.56493 0.56331 0.55891 0.57897 0.61425 0.62941 0.62057
------+------------------------------------------------------------------------------------------------------------------------
                                               
 
 
        Weights at age in the catches (Kg)
        ----------------------------------
------+------------------------------------------------------------------------------------------------------------------------
AGE   |    1987    1988    1989    1990    1991    1992    1993    1994    1995    1996    1997    1998    1999    2000    2001
------+------------------------------------------------------------------------------------------------------------------------
  0   | 0.07600 0.05500 0.04900 0.08500 0.06800 0.05100 0.06100 0.04600 0.07200 0.05800 0.07600 0.06500 0.06200 0.06300 0.06900
  1   | 0.17900 0.13300 0.13600 0.15600 0.15600 0.16700 0.13400 0.13600 0.14300 0.14300 0.14300 0.15700 0.17600 0.13500 0.17100
  2   | 0.22300 0.25900 0.23700 0.23300 0.25300 0.23900 0.24000 0.25500 0.23400 0.22600 0.23000 0.22700 0.23600 0.22900 0.22300
  3   | 0.31800 0.32300 0.32000 0.33600 0.32700 0.33300 0.31700 0.33900 0.33300 0.31300 0.29500 0.31000 0.30700 0.30800 0.30700
  4   | 0.39900 0.38800 0.37700 0.37900 0.39400 0.39700 0.37600 0.39000 0.39000 0.37700 0.35900 0.35400 0.36100 0.36700 0.37800
  5   | 0.47400 0.45600 0.43300 0.42300 0.42300 0.46000 0.43600 0.44800 0.45200 0.42500 0.41500 0.40800 0.40600 0.42900 0.42600
  6   | 0.51200 0.52400 0.45600 0.46700 0.46900 0.49500 0.48300 0.51200 0.50100 0.48400 0.45300 0.45200 0.45400 0.46700 0.47700
  7   | 0.49300 0.55500 0.54300 0.52800 0.50600 0.53200 0.52700 0.54300 0.53900 0.51800 0.48100 0.46200 0.50100 0.50400 0.49900
  8   | 0.49800 0.55500 0.59200 0.55200 0.55400 0.55500 0.54800 0.59000 0.57700 0.55100 0.52400 0.51800 0.53700 0.53700 0.54300
  9   | 0.62626 0.60223 0.60262 0.61685 0.62896 0.63324 0.61177 0.63637 0.61161 0.59156 0.57735 0.57479 0.60305 0.59031 0.60692
------+------------------------------------------------------------------------------------------------------------------------
                                               
 
 
        Weights at age in the catches (Kg)
        ----------------------------------
------+--------
AGE   |    2002
------+--------
  0   | 0.05200
  1   | 0.15900
  2   | 0.25500
  3   | 0.30700
  4   | 0.36900
  5   | 0.42600
  6   | 0.46400
  7   | 0.51400
  8   | 0.53900
  9   | 0.60915
------+--------
                                               
 
 
 
        Weights at age in the stock (Kg)
        --------------------------------
------+------------------------------------------------------------------------------------------------------------------------
AGE   |    1972    1973    1974    1975    1976    1977    1978    1979    1980    1981    1982    1983    1984    1985    1986
------+------------------------------------------------------------------------------------------------------------------------
  0   | 0.00800 0.00800 0.00800 0.00800 0.00800 0.00800 0.00800 0.00800 0.00800 0.00800 0.00800 0.00800 0.00000 0.00000 0.00000
  1   | 0.13200 0.13200 0.13000 0.12900 0.12800 0.12700 0.11100 0.11000 0.10900 0.08700 0.08600 0.08600 0.08100 0.08500 0.07700
  2   | 0.17800 0.17700 0.17300 0.17100 0.17000 0.16700 0.17500 0.17400 0.17300 0.18600 0.13500 0.17200 0.19400 0.16500 0.17900
  3   | 0.24300 0.24200 0.23800 0.23600 0.23600 0.23300 0.23800 0.23700 0.23600 0.25200 0.22100 0.23500 0.25300 0.29300 0.26700
  4   | 0.41100 0.30100 0.29600 0.29400 0.29300 0.28900 0.30000 0.29900 0.29700 0.31300 0.28000 0.28000 0.29500 0.30600 0.30400
  5   | 0.35500 0.43800 0.32200 0.31800 0.31800 0.31300 0.34600 0.34500 0.34300 0.32300 0.38500 0.33900 0.32400 0.34100 0.35600
  6   | 0.39800 0.39800 0.46900 0.36500 0.36500 0.36100 0.38200 0.38000 0.37900 0.37800 0.35300 0.37700 0.39300 0.38400 0.35100
  7   | 0.43300 0.43300 0.43300 0.49700 0.41900 0.41600 0.41000 0.40800 0.40700 0.41900 0.40800 0.40400 0.43600 0.43000 0.41600
  8   | 0.45900 0.45900 0.45900 0.45900 0.51200 0.44600 0.43200 0.43000 0.42900 0.43400 0.43700 0.43900 0.44100 0.45900 0.47300
  9   | 0.52080 0.51751 0.52342 0.51810 0.51220 0.53013 0.49616 0.48332 0.48424 0.47448 0.47743 0.50656 0.50746 0.53723 0.49236
------+------------------------------------------------------------------------------------------------------------------------
                                               
 
 
        Weights at age in the stock (Kg)
        --------------------------------
------+------------------------------------------------------------------------------------------------------------------------
AGE   |    1987    1988    1989    1990    1991    1992    1993    1994    1995    1996    1997    1998    1999    2000    2001
------+------------------------------------------------------------------------------------------------------------------------
  0   | 0.00000 0.00000 0.00000 0.00000 0.00000 0.00000 0.00000 0.00000 0.00000 0.00000 0.00000 0.00000 0.00000 0.00000 0.00000
  1   | 0.07800 0.07200 0.07600 0.07400 0.07500 0.07800 0.07800 0.07900 0.08100 0.07600 0.07600 0.07700 0.08100 0.07400 0.07800
  2   | 0.14800 0.15600 0.17700 0.13800 0.15500 0.21200 0.19700 0.17800 0.16400 0.13300 0.18600 0.14900 0.19400 0.18500 0.16400
  3   | 0.24000 0.23700 0.24400 0.22200 0.23000 0.25900 0.26800 0.23700 0.26700 0.25100 0.22800 0.22300 0.24200 0.23500 0.24100
  4   | 0.28600 0.30100 0.30600 0.28700 0.30700 0.31000 0.31500 0.30100 0.32600 0.31700 0.29600 0.28500 0.30100 0.28900 0.34200
  5   | 0.37400 0.32900 0.35200 0.33900 0.35700 0.36200 0.36000 0.36100 0.39800 0.36600 0.36100 0.34200 0.35300 0.35000 0.39000
  6   | 0.38600 0.42300 0.38000 0.37300 0.40900 0.40200 0.41600 0.41300 0.44800 0.44400 0.40200 0.40000 0.39600 0.39000 0.44600
  7   | 0.41100 0.44500 0.42900 0.41400 0.43200 0.42400 0.45400 0.46600 0.49100 0.46200 0.44500 0.42600 0.42300 0.42600 0.45900
  8   | 0.42900 0.43200 0.47400 0.40900 0.50200 0.46200 0.46500 0.47000 0.50800 0.50100 0.47800 0.46600 0.44000 0.44700 0.49900
  9   | 0.49250 0.51308 0.47919 0.50145 0.55349 0.51692 0.52875 0.54071 0.55924 0.57813 0.53490 0.52657 0.50097 0.50455 0.56403
------+------------------------------------------------------------------------------------------------------------------------
                                               
 
 
        Weights at age in the stock (Kg)
        --------------------------------
------+--------
AGE   |    2002
------+--------
  0   | 0.00000
  1   | 0.07800
  2   | 0.18100
  3   | 0.23900
  4   | 0.31100
  5   | 0.36400
  6   | 0.41100
  7   | 0.43600
  8   | 0.46200
  9   | 0.52073
------+--------
                                               
 
 
 
        Natural Mortality (per year)
        ----------------------------
------+------------------------------------------------------------------------------------------------------------------------
AGE   |    1972    1973    1974    1975    1976    1977    1978    1979    1980    1981    1982    1983    1984    1985    1986
------+------------------------------------------------------------------------------------------------------------------------
  0   | 0.15000 0.15000 0.15000 0.15000 0.15000 0.15000 0.15000 0.15000 0.15000 0.15000 0.15000 0.15000 0.15000 0.15000 0.15000
  1   | 0.15000 0.15000 0.15000 0.15000 0.15000 0.15000 0.15000 0.15000 0.15000 0.15000 0.15000 0.15000 0.15000 0.15000 0.15000
  2   | 0.15000 0.15000 0.15000 0.15000 0.15000 0.15000 0.15000 0.15000 0.15000 0.15000 0.15000 0.15000 0.15000 0.15000 0.15000
  3   | 0.15000 0.15000 0.15000 0.15000 0.15000 0.15000 0.15000 0.15000 0.15000 0.15000 0.15000 0.15000 0.15000 0.15000 0.15000
  4   | 0.15000 0.15000 0.15000 0.15000 0.15000 0.15000 0.15000 0.15000 0.15000 0.15000 0.15000 0.15000 0.15000 0.15000 0.15000
  5   | 0.15000 0.15000 0.15000 0.15000 0.15000 0.15000 0.15000 0.15000 0.15000 0.15000 0.15000 0.15000 0.15000 0.15000 0.15000
  6   | 0.15000 0.15000 0.15000 0.15000 0.15000 0.15000 0.15000 0.15000 0.15000 0.15000 0.15000 0.15000 0.15000 0.15000 0.15000
  7   | 0.15000 0.15000 0.15000 0.15000 0.15000 0.15000 0.15000 0.15000 0.15000 0.15000 0.15000 0.15000 0.15000 0.15000 0.15000
  8   | 0.15000 0.15000 0.15000 0.15000 0.15000 0.15000 0.15000 0.15000 0.15000 0.15000 0.15000 0.15000 0.15000 0.15000 0.15000
  9   | 0.15000 0.15000 0.15000 0.15000 0.15000 0.15000 0.15000 0.15000 0.15000 0.15000 0.15000 0.15000 0.15000 0.15000 0.15000
------+------------------------------------------------------------------------------------------------------------------------
                                               
 
 
        Natural Mortality (per year)
        ----------------------------
------+------------------------------------------------------------------------------------------------------------------------
AGE   |    1987    1988    1989    1990    1991    1992    1993    1994    1995    1996    1997    1998    1999    2000    2001
------+------------------------------------------------------------------------------------------------------------------------
  0   | 0.15000 0.15000 0.15000 0.15000 0.15000 0.15000 0.15000 0.15000 0.15000 0.15000 0.15000 0.15000 0.15000 0.15000 0.15000
  1   | 0.15000 0.15000 0.15000 0.15000 0.15000 0.15000 0.15000 0.15000 0.15000 0.15000 0.15000 0.15000 0.15000 0.15000 0.15000
  2   | 0.15000 0.15000 0.15000 0.15000 0.15000 0.15000 0.15000 0.15000 0.15000 0.15000 0.15000 0.15000 0.15000 0.15000 0.15000
  3   | 0.15000 0.15000 0.15000 0.15000 0.15000 0.15000 0.15000 0.15000 0.15000 0.15000 0.15000 0.15000 0.15000 0.15000 0.15000
  4   | 0.15000 0.15000 0.15000 0.15000 0.15000 0.15000 0.15000 0.15000 0.15000 0.15000 0.15000 0.15000 0.15000 0.15000 0.15000
  5   | 0.15000 0.15000 0.15000 0.15000 0.15000 0.15000 0.15000 0.15000 0.15000 0.15000 0.15000 0.15000 0.15000 0.15000 0.15000
  6   | 0.15000 0.15000 0.15000 0.15000 0.15000 0.15000 0.15000 0.15000 0.15000 0.15000 0.15000 0.15000 0.15000 0.15000 0.15000
  7   | 0.15000 0.15000 0.15000 0.15000 0.15000 0.15000 0.15000 0.15000 0.15000 0.15000 0.15000 0.15000 0.15000 0.15000 0.15000
  8   | 0.15000 0.15000 0.15000 0.15000 0.15000 0.15000 0.15000 0.15000 0.15000 0.15000 0.15000 0.15000 0.15000 0.15000 0.15000
  9   | 0.15000 0.15000 0.15000 0.15000 0.15000 0.15000 0.15000 0.15000 0.15000 0.15000 0.15000 0.15000 0.15000 0.15000 0.15000
------+------------------------------------------------------------------------------------------------------------------------
                                               
 
 
        Natural Mortality (per year)
        ----------------------------
------+--------
AGE   |    2002
------+--------
  0   | 0.15000
  1   | 0.15000
  2   | 0.15000
  3   | 0.15000
  4   | 0.15000
  5   | 0.15000
  6   | 0.15000
  7   | 0.15000
  8   | 0.15000
  9   | 0.15000
------+--------
                                               
 
 
 
        Proportion of fish spawning
        ---------------------------
------+------------------------------------------------------------------------------------------------------------------------
AGE   |    1972    1973    1974    1975    1976    1977    1978    1979    1980    1981    1982    1983    1984    1985    1986
------+------------------------------------------------------------------------------------------------------------------------
  0   |  0.0000  0.0000  0.0000  0.0000  0.0000  0.0000  0.0000  0.0000  0.0000  0.0000  0.0000  0.0000  0.0000  0.0000  0.0000
  1   |  0.0500  0.0500  0.0500  0.0600  0.0600  0.0600  0.0600  0.0600  0.0600  0.0700  0.0700  0.0700  0.0700  0.0700  0.0700
  2   |  0.5300  0.5400  0.5400  0.5500  0.5500  0.5500  0.5600  0.5600  0.5700  0.5700  0.5700  0.5800  0.5800  0.5800  0.5800
  3   |  0.9000  0.9000  0.9000  0.8900  0.8900  0.8900  0.8900  0.8900  0.8900  0.8800  0.8800  0.8800  0.8800  0.8800  0.8800
  4   |  0.9800  0.9800  0.9800  0.9800  0.9800  0.9800  0.9800  0.9800  0.9800  0.9800  0.9800  0.9800  0.9700  0.9700  0.9700
  5   |  0.9800  0.9800  0.9800  0.9800  0.9800  0.9800  0.9800  0.9800  0.9800  0.9800  0.9800  0.9800  0.9700  0.9700  0.9700
  6   |  0.9900  0.9900  0.9900  0.9900  0.9900  0.9900  0.9900  0.9900  0.9900  0.9900  0.9900  0.9900  0.9900  0.9900  0.9900
  7   |  1.0000  1.0000  1.0000  1.0000  1.0000  1.0000  1.0000  1.0000  1.0000  1.0000  1.0000  1.0000  1.0000  1.0000  1.0000
  8   |  1.0000  1.0000  1.0000  1.0000  1.0000  1.0000  1.0000  1.0000  1.0000  1.0000  1.0000  1.0000  1.0000  1.0000  1.0000
  9   |  1.0000  1.0000  1.0000  1.0000  1.0000  1.0000  1.0000  1.0000  1.0000  1.0000  1.0000  1.0000  1.0000  1.0000  1.0000
------+------------------------------------------------------------------------------------------------------------------------
                                               
 
 
        Proportion of fish spawning
        ---------------------------
------+------------------------------------------------------------------------------------------------------------------------
AGE   |    1987    1988    1989    1990    1991    1992    1993    1994    1995    1996    1997    1998    1999    2000    2001
------+------------------------------------------------------------------------------------------------------------------------
  0   |  0.0000  0.0000  0.0000  0.0000  0.0000  0.0000  0.0000  0.0000  0.0000  0.0000  0.0000  0.0000  0.0000  0.0000  0.0000
  1   |  0.0700  0.0700  0.0700  0.0700  0.0700  0.0700  0.0700  0.0700  0.0700  0.0700  0.0700  0.0700  0.0700  0.0700  0.0700
  2   |  0.5800  0.5800  0.5800  0.5800  0.5800  0.5800  0.5800  0.5800  0.5800  0.5800  0.5800  0.5800  0.5800  0.5800  0.5900
  3   |  0.8800  0.8800  0.8800  0.8800  0.8800  0.8800  0.8800  0.8800  0.8800  0.8800  0.8800  0.8600  0.8600  0.8600  0.8800
  4   |  0.9700  0.9700  0.9700  0.9700  0.9700  0.9700  0.9700  0.9700  0.9700  0.9700  0.9700  0.9800  0.9800  0.9800  0.9700
  5   |  0.9700  0.9700  0.9700  0.9700  0.9700  0.9700  0.9700  0.9700  0.9700  0.9700  0.9700  0.9800  0.9800  0.9800  0.9700
  6   |  0.9900  0.9900  0.9900  0.9900  0.9900  0.9900  0.9900  0.9900  0.9900  0.9900  0.9900  0.9900  0.9900  0.9900  0.9900
  7   |  1.0000  1.0000  1.0000  1.0000  1.0000  1.0000  1.0000  1.0000  1.0000  1.0000  1.0000  1.0000  1.0000  1.0000  1.0000
  8   |  1.0000  1.0000  1.0000  1.0000  1.0000  1.0000  1.0000  1.0000  1.0000  1.0000  1.0000  1.0000  1.0000  1.0000  1.0000
  9   |  1.0000  1.0000  1.0000  1.0000  1.0000  1.0000  1.0000  1.0000  1.0000  1.0000  1.0000  1.0000  1.0000  1.0000  1.0000
------+------------------------------------------------------------------------------------------------------------------------
                                               
 
 
        Proportion of fish spawning
        ---------------------------
------+--------
AGE   |    2002
------+--------
  0   |  0.0000
  1   |  0.0700
  2   |  0.5900
  3   |  0.8800
  4   |  0.9700
  5   |  0.9700
  6   |  0.9900
  7   |  1.0000
  8   |  1.0000
  9   |  1.0000
------+--------
                                               
 
 
 
 INDICES OF SPAWNING BIOMASS                                                    
  
 ----------------------------
 
          INDEX
        -------
------+------------------------------------------------------------------------------------------------------------------------
      |    1972    1973    1974    1975    1976    1977    1978    1979    1980    1981    1982    1983    1984    1985    1986
------+------------------------------------------------------------------------------------------------------------------------
  1   | ******* ******* ******* ******* ******* ******* ******* ******* ******* ******* ******* ******* ******* ******* *******
------+------------------------------------------------------------------------------------------------------------------------
       x 10 ^ 3                                
 
 
          INDEX
        -------
------+------------------------------------------------------------------------------------------------------------------------
      |    1987    1988    1989    1990    1991    1992    1993    1994    1995    1996    1997    1998    1999    2000    2001
------+------------------------------------------------------------------------------------------------------------------------
  1   | *******  257.73  282.60  281.95  316.04  326.73  323.23  306.36  318.05  288.48  254.06  222.59  225.00  229.58  270.68
------+------------------------------------------------------------------------------------------------------------------------
       x 10 ^ 3                                
 
 
          INDEX
        -------
------+--------
      |    2002
------+--------
  1   |  255.79
------+--------
       x 10 ^ 3                                
 
 
 
 AGE-STRUCTURED INDICES                                                         
  
 -----------------------
 
        FLT01: Dummy survey
        -------------------
------+--------------------------------
AGE   |    1981    1982    1983    1984
------+--------------------------------
  1   |  266.10  203.00   43.60   15.24
  2   |  506.40  435.90  712.70   79.51
  3   |  225.10  483.60  444.60  661.83
  4   |   31.70  184.10  391.60  374.60
  5   |  174.80   24.70  130.40  238.20
  6   |  158.50  136.60   20.20   92.00
  7   |   99.50  108.60   91.30   15.54
  8   |  116.60   84.50   70.90   51.47
  9   |   35.30   87.00   47.10   39.27
------+--------------------------------
       x 10 ^ 3                                
 
 
 
        Fishing Mortality (per year)
        ----------------------------
------+------------------------------------------------------------------------------------------------------------------------
AGE   |    1972    1973    1974    1975    1976    1977    1978    1979    1980    1981    1982    1983    1984    1985    1986
------+------------------------------------------------------------------------------------------------------------------------
  0   | 0.00880 0.00807 0.00770 0.00686 0.00524 0.01035 0.00749 0.00631 0.00573 0.00762 0.00962 0.00533 0.00796 0.00755 0.00743
  1   | 0.03332 0.03054 0.02915 0.02597 0.01984 0.03918 0.02836 0.02388 0.02167 0.02886 0.03641 0.02015 0.03011 0.02858 0.02810
  2   | 0.07374 0.06759 0.06453 0.05749 0.04391 0.08673 0.06277 0.05285 0.04797 0.06387 0.08060 0.04461 0.06664 0.06325 0.06220
  3   | 0.14548 0.13335 0.12731 0.11342 0.08663 0.17110 0.12383 0.10428 0.09463 0.12600 0.15901 0.08801 0.13147 0.12479 0.12272
  4   | 0.22241 0.20386 0.19462 0.17340 0.13244 0.26158 0.18932 0.15942 0.14467 0.19263 0.24310 0.13454 0.20099 0.19078 0.18761
  5   | 0.25297 0.23187 0.22137 0.19722 0.15064 0.29752 0.21533 0.18132 0.16455 0.21910 0.27650 0.15303 0.22860 0.21699 0.21339
  6   | 0.28608 0.26222 0.25034 0.22304 0.17036 0.33646 0.24351 0.20505 0.18609 0.24778 0.31269 0.17306 0.25853 0.24540 0.24132
  7   | 0.32774 0.30041 0.28680 0.25552 0.19517 0.38546 0.27898 0.23492 0.21319 0.28386 0.35823 0.19826 0.29618 0.28113 0.27647
  8   | 0.30356 0.27824 0.26564 0.23667 0.18077 0.35702 0.25839 0.21758 0.19746 0.26292 0.33180 0.18363 0.27432 0.26039 0.25607
  9   | 0.30356 0.27824 0.26564 0.23667 0.18077 0.35702 0.25839 0.21758 0.19746 0.26292 0.33180 0.18363 0.27432 0.26039 0.25607
------+------------------------------------------------------------------------------------------------------------------------
                                               
 
 
        Fishing Mortality (per year)
        ----------------------------
------+------------------------------------------------------------------------------------------------------------------------
AGE   |    1987    1988    1989    1990    1991    1992    1993    1994    1995    1996    1997    1998    1999    2000    2001
------+------------------------------------------------------------------------------------------------------------------------
  0   | 0.00784 0.00861 0.00692 0.00665 0.00769 0.00711 0.00761 0.00634 0.00696 0.00609 0.00914 0.00747 0.00788 0.00608 0.00670
  1   | 0.02967 0.03258 0.02618 0.02516 0.02909 0.02692 0.02882 0.02398 0.02634 0.02305 0.03459 0.02826 0.02984 0.02300 0.02537
  2   | 0.06568 0.07212 0.05795 0.05569 0.06439 0.05959 0.06378 0.05307 0.05830 0.05102 0.07656 0.06256 0.06604 0.05090 0.05616
  3   | 0.12958 0.14228 0.11432 0.10988 0.12704 0.11757 0.12584 0.10470 0.11502 0.10066 0.15104 0.12342 0.13029 0.10042 0.11080
  4   | 0.19810 0.21752 0.17477 0.16798 0.19422 0.17973 0.19238 0.16007 0.17585 0.15388 0.23090 0.18868 0.19919 0.15351 0.16938
  5   | 0.22532 0.24741 0.19879 0.19106 0.22091 0.20443 0.21882 0.18206 0.20001 0.17502 0.26262 0.21460 0.22656 0.17461 0.19266
  6   | 0.25481 0.27979 0.22481 0.21607 0.24983 0.23119 0.24746 0.20589 0.22619 0.19793 0.29700 0.24269 0.25621 0.19746 0.21787
  7   | 0.29192 0.32054 0.25755 0.24753 0.28621 0.26486 0.28350 0.23588 0.25913 0.22676 0.34026 0.27804 0.29353 0.22622 0.24960
  8   | 0.27038 0.29689 0.23854 0.22927 0.26509 0.24531 0.26258 0.21847 0.24001 0.21003 0.31515 0.25752 0.27187 0.20953 0.23119
  9   | 0.27038 0.29689 0.23854 0.22927 0.26509 0.24531 0.26258 0.21847 0.24001 0.21003 0.31515 0.25752 0.27187 0.20953 0.23119
------+------------------------------------------------------------------------------------------------------------------------
                                               
 
 
        Fishing Mortality (per year)
        ----------------------------
------+--------
AGE   |    2002
------+--------
  0   | 0.00880
  1   | 0.03329
  2   | 0.07368
  3   | 0.14536
  4   | 0.22223
  5   | 0.25276
  6   | 0.28584
  7   | 0.32747
  8   | 0.30331
  9   | 0.30331
------+--------
                                               
 
 
 
        Population Abundance (1 January)
        --------------------------------
------+------------------------------------------------------------------------------------------------------------------------
AGE   |    1972    1973    1974    1975    1976    1977    1978    1979    1980    1981    1982    1983    1984    1985    1986
------+------------------------------------------------------------------------------------------------------------------------
  0   |  509.31  759.90  759.90  482.83  528.90  224.34  361.17  496.90  374.98  169.05  752.85  413.21  361.17  413.21  498.74
  1   |  441.75  434.52  648.79  649.03  412.74  452.85  191.10  308.54  425.00  320.91  144.39  641.78  353.77  308.40  352.98
  2   |  532.29  367.76  362.75  542.38  544.30  348.27  374.79  159.89  259.30  357.96  268.35  119.84  541.36  295.46  257.96
  3   |  288.13  425.58  295.85  292.71  440.75  448.36  274.85  302.96  130.53  212.73  289.03  213.09   98.64  435.92  238.72
  4   |  201.10  214.42  320.57  224.20  224.92  347.87  325.22  209.02  234.94  102.20  161.42  212.20  167.95   74.44  331.18
  5   |  144.40  138.57  150.52  227.12  162.25  169.58  230.50  231.64  153.39  174.98   72.55  108.95  159.65  118.24   52.95
  6   |   74.68   96.51   94.59  103.83  160.49  120.12  108.40  159.96  166.31  111.99  120.97   47.36   80.47  109.33   81.92
  7   |   29.37   48.28   63.90   63.38   71.50  116.50   73.85   73.13  112.15  118.84   75.24   76.16   34.29   53.48   73.63
  8   |   42.80   18.22   30.77   41.29   42.25   50.63   68.20   48.09   49.77   78.00   77.01   45.26   53.76   21.95   34.75
  9   |   65.75   62.91   46.51   46.04   55.11   64.24   66.88   85.82   87.13   90.77  105.12  103.43   99.62   93.61   66.75
------+------------------------------------------------------------------------------------------------------------------------
       x 10 ^ 6                                
 
 
        Population Abundance (1 January)
        --------------------------------
------+------------------------------------------------------------------------------------------------------------------------
AGE   |    1987    1988    1989    1990    1991    1992    1993    1994    1995    1996    1997    1998    1999    2000    2001
------+------------------------------------------------------------------------------------------------------------------------
  0   |  759.90  413.21  542.45  438.51  413.21  420.79  413.21  169.05  374.98  345.84  374.98  511.74  528.90  217.56  542.45
  1   |  426.09  648.94  352.61  463.67  374.93  352.93  359.61  352.96  144.58  320.51  295.86  319.81  437.18  451.65  186.12
  2   |  295.39  356.02  540.64  295.65  389.17  313.45  295.70  300.72  296.60  121.21  269.58  245.99  267.60  365.22  379.90
  3   |  208.64  238.09  285.11  439.14  240.68  314.07  254.18  238.79  245.46  240.82   99.13  214.93  198.89  215.60  298.75
  4   |  181.74  157.75  177.74  218.88  338.64  182.44  240.34  192.91  185.09  188.31  187.43   73.36  163.51  150.27  167.84
  5   |  236.29  128.31  109.24  128.45  159.26  240.02  131.20  170.66  141.48  133.62  138.96  128.06   52.29  115.32  110.93
  6   |   36.81  162.35   86.23   77.07   91.33  109.91  168.39   90.73  122.44   99.70   96.54   91.98   88.94   35.88   83.35
  7   |   55.39   24.56  105.63   59.28   53.44   61.23   75.07  113.16   63.56   84.05   70.40   61.74   62.11   59.25   25.35
  8   |   48.06   35.60   15.34   70.27   39.83   34.55   40.44   48.67   76.93   42.22   57.67   43.12   40.24   39.86   40.67
  9   |   57.78   63.36   56.77   46.13   75.15   69.73   65.53   68.05   70.95   94.63   90.44   87.52   80.27   69.08   70.41
------+------------------------------------------------------------------------------------------------------------------------
       x 10 ^ 6                                
 
 
        Population Abundance (1 January)
        --------------------------------
------+----------------
AGE   |    2002    2003
------+----------------
  0   |  752.85  299.96
  1   |  463.77  642.31
  2   |  156.18  386.10
  3   |  309.13  124.88
  4   |  230.17  230.07
  5   |  121.95  158.63
  6   |   78.75   81.52
  7   |   57.70   50.93
  8   |   17.00   35.79
  9   |   68.34   54.23
------+----------------
       x 10 ^ 6                                
 
 
 
        Weighting factors for the catches in number
        -------------------------------------------
------+----------------------------------------------------------------------------------------
AGE   |    1992    1993    1994    1995    1996    1997    1998    1999    2000    2001    2002
------+----------------------------------------------------------------------------------------
  0   |  0.0200  0.0200  0.0200  0.0200  0.0200  0.0200  0.0200  0.0200  0.0200  0.0200  0.0200
  1   |  1.0000  1.0000  1.0000  1.0000  1.0000  1.0000  1.0000  1.0000  1.0000  1.0000  1.0000
  2   |  1.0000  1.0000  1.0000  1.0000  1.0000  1.0000  1.0000  1.0000  1.0000  1.0000  1.0000
  3   |  1.0000  1.0000  1.0000  1.0000  1.0000  1.0000  1.0000  1.0000  1.0000  1.0000  1.0000
  4   |  1.0000  1.0000  1.0000  1.0000  1.0000  1.0000  1.0000  1.0000  1.0000  1.0000  1.0000
  5   |  1.0000  1.0000  1.0000  1.0000  1.0000  1.0000  1.0000  1.0000  1.0000  1.0000  1.0000
  6   |  1.0000  1.0000  1.0000  1.0000  1.0000  1.0000  1.0000  1.0000  1.0000  1.0000  1.0000
  7   |  1.0000  1.0000  1.0000  1.0000  1.0000  1.0000  1.0000  1.0000  1.0000  1.0000  1.0000
  8   |  1.0000  1.0000  1.0000  1.0000  1.0000  1.0000  1.0000  1.0000  1.0000  1.0000  1.0000
------+----------------------------------------------------------------------------------------
                                               
 
 
 
 Predicted SSB Index Values                                                     
  
 ---------------------------
 
          INDEX
        -------
------+------------------------------------------------------------------------------------------------------------------------
      |    1972    1973    1974    1975    1976    1977    1978    1979    1980    1981    1982    1983    1984    1985    1986
------+------------------------------------------------------------------------------------------------------------------------
  1   | ******* ******* ******* ******* ******* ******* ******* ******* ******* ******* ******* ******* ******* ******* *******
------+------------------------------------------------------------------------------------------------------------------------
       x 10 ^ 3                                
 
 
          INDEX
        -------
------+------------------------------------------------------------------------------------------------------------------------
      |    1987    1988    1989    1990    1991    1992    1993    1994    1995    1996    1997    1998    1999    2000    2001
------+------------------------------------------------------------------------------------------------------------------------
  1   | *******  257.73  282.60  281.95  316.04  326.73  323.23  306.36  318.05  288.49  254.06  222.59  225.00  229.58  270.68
------+------------------------------------------------------------------------------------------------------------------------
       x 10 ^ 3                                
 
 
          INDEX
        -------
------+--------
      |    2002
------+--------
  1   |  255.79
------+--------
       x 10 ^ 3                                
 
 
 
 Predicted Age-Structured Index Values                                          
  
 --------------------------------------
 
        FLT01: Dummy survey Predicted
        -----------------------------
------+--------------------------------
AGE   |    1981    1982    1983    1984
------+--------------------------------
  1   |   77.56   34.75  155.85   85.44
  2   |  426.08  316.50  144.16  643.41
  3   |  474.67  633.34  485.52  219.45
  4   |  112.28  172.48  240.69  183.67
  5   |  154.48   62.07   99.75  140.22
  6   |  105.24  109.69   46.37   75.17
  7   |  106.99   65.02   71.87   30.66
  8   |   97.70   92.87   59.22   66.92
  9   |   44.51   49.63   52.98   48.54
------+--------------------------------
       x 10 ^ 3                                
 
 
 
        Fitted Selection Pattern
        ------------------------
------+------------------------------------------------------------------------------------------------------------------------
AGE   |    1972    1973    1974    1975    1976    1977    1978    1979    1980    1981    1982    1983    1984    1985    1986
------+------------------------------------------------------------------------------------------------------------------------
  0   |  0.0348  0.0348  0.0348  0.0348  0.0348  0.0348  0.0348  0.0348  0.0348  0.0348  0.0348  0.0348  0.0348  0.0348  0.0348
  1   |  0.1317  0.1317  0.1317  0.1317  0.1317  0.1317  0.1317  0.1317  0.1317  0.1317  0.1317  0.1317  0.1317  0.1317  0.1317
  2   |  0.2915  0.2915  0.2915  0.2915  0.2915  0.2915  0.2915  0.2915  0.2915  0.2915  0.2915  0.2915  0.2915  0.2915  0.2915
  3   |  0.5751  0.5751  0.5751  0.5751  0.5751  0.5751  0.5751  0.5751  0.5751  0.5751  0.5751  0.5751  0.5751  0.5751  0.5751
  4   |  0.8792  0.8792  0.8792  0.8792  0.8792  0.8792  0.8792  0.8792  0.8792  0.8792  0.8792  0.8792  0.8792  0.8792  0.8792
  5   |  1.0000  1.0000  1.0000  1.0000  1.0000  1.0000  1.0000  1.0000  1.0000  1.0000  1.0000  1.0000  1.0000  1.0000  1.0000
  6   |  1.1309  1.1309  1.1309  1.1309  1.1309  1.1309  1.1309  1.1309  1.1309  1.1309  1.1309  1.1309  1.1309  1.1309  1.1309
  7   |  1.2956  1.2956  1.2956  1.2956  1.2956  1.2956  1.2956  1.2956  1.2956  1.2956  1.2956  1.2956  1.2956  1.2956  1.2956
  8   |  1.2000  1.2000  1.2000  1.2000  1.2000  1.2000  1.2000  1.2000  1.2000  1.2000  1.2000  1.2000  1.2000  1.2000  1.2000
  9   |  1.2000  1.2000  1.2000  1.2000  1.2000  1.2000  1.2000  1.2000  1.2000  1.2000  1.2000  1.2000  1.2000  1.2000  1.2000
------+------------------------------------------------------------------------------------------------------------------------
                                               
 
 
        Fitted Selection Pattern
        ------------------------
------+------------------------------------------------------------------------------------------------------------------------
AGE   |    1987    1988    1989    1990    1991    1992    1993    1994    1995    1996    1997    1998    1999    2000    2001
------+------------------------------------------------------------------------------------------------------------------------
  0   |  0.0348  0.0348  0.0348  0.0348  0.0348  0.0348  0.0348  0.0348  0.0348  0.0348  0.0348  0.0348  0.0348  0.0348  0.0348
  1   |  0.1317  0.1317  0.1317  0.1317  0.1317  0.1317  0.1317  0.1317  0.1317  0.1317  0.1317  0.1317  0.1317  0.1317  0.1317
  2   |  0.2915  0.2915  0.2915  0.2915  0.2915  0.2915  0.2915  0.2915  0.2915  0.2915  0.2915  0.2915  0.2915  0.2915  0.2915
  3   |  0.5751  0.5751  0.5751  0.5751  0.5751  0.5751  0.5751  0.5751  0.5751  0.5751  0.5751  0.5751  0.5751  0.5751  0.5751
  4   |  0.8792  0.8792  0.8792  0.8792  0.8792  0.8792  0.8792  0.8792  0.8792  0.8792  0.8792  0.8792  0.8792  0.8792  0.8792
  5   |  1.0000  1.0000  1.0000  1.0000  1.0000  1.0000  1.0000  1.0000  1.0000  1.0000  1.0000  1.0000  1.0000  1.0000  1.0000
  6   |  1.1309  1.1309  1.1309  1.1309  1.1309  1.1309  1.1309  1.1309  1.1309  1.1309  1.1309  1.1309  1.1309  1.1309  1.1309
  7   |  1.2956  1.2956  1.2956  1.2956  1.2956  1.2956  1.2956  1.2956  1.2956  1.2956  1.2956  1.2956  1.2956  1.2956  1.2956
  8   |  1.2000  1.2000  1.2000  1.2000  1.2000  1.2000  1.2000  1.2000  1.2000  1.2000  1.2000  1.2000  1.2000  1.2000  1.2000
  9   |  1.2000  1.2000  1.2000  1.2000  1.2000  1.2000  1.2000  1.2000  1.2000  1.2000  1.2000  1.2000  1.2000  1.2000  1.2000
------+------------------------------------------------------------------------------------------------------------------------
                                               
 
 
        Fitted Selection Pattern
        ------------------------
------+--------
AGE   |    2002
------+--------
  0   |  0.0348
  1   |  0.1317
  2   |  0.2915
  3   |  0.5751
  4   |  0.8792
  5   |  1.0000
  6   |  1.1309
  7   |  1.2956
  8   |  1.2000
  9   |  1.2000
------+--------
                                               
 
 
 
 
 
                    STOCK SUMMARY                                             
 
 
 ³ Year ³  Recruits  ³  Total  ³ Spawning³ Landings ³ Yield ³ Mean F ³ SoP ³    
 ³      ³   Age   0  ³ Biomass ³ Biomass ³          ³ /SSB  ³  Ages  ³     ³ 
 ³      ³  thousands ³  tonnes ³ tonnes  ³ tonnes   ³ ratio ³  4- 7  ³ (%) ³ 
 
   1972       509300    457389    297330     81364   0.2736   0.2723   100
   1973       759890    456987    307785     72425   0.2353   0.2496   100
   1974       759890    477448    306933     71271   0.2322   0.2383    99
   1975       482830    499753    321092     63513   0.1978   0.2123   100
   1976       528900    509505    357583     53403   0.1493   0.1622    99
   1977       224340    524008    361823    110742   0.3061   0.3203    99
   1978       361160    466755    351839     74239   0.2110   0.2318    99
   1979       496900    432728    328148     60323   0.1838   0.1952   100
   1980       374980    419600    306647     59942   0.1955   0.1771   100
   1981       169040    407015    296838     74522   0.2511   0.2358    99
   1982       752850    348916    259570     84528   0.3256   0.2976    99
   1983       413210    346425    244299     42418   0.1736   0.1647   100
   1984       361160    380749    264003     61362   0.2324   0.2461   100
   1985       413210    391134    287485     67909   0.2362   0.2336   100
   1986       498730    365303    269875     67884   0.2515   0.2297    99
   1987       759890    353424    254983     70717   0.2773   0.2425    99
   1988       413210    375876    257733     77989   0.3026   0.2663   100
   1989       542440    397455    282602     63190   0.2236   0.2140   100
   1990       438500    384127    281952     66112   0.2345   0.2057    99
   1991       413210    426650    316041     80692   0.2553   0.2378   100
   1992       420780    440924    326727     76859   0.2352   0.2201   100
   1993       413210    434950    323232     78679   0.2434   0.2355   100
   1994       169040    407552    306360     67700   0.2210   0.1960   100
   1995       374980    407360    318053     70506   0.2217   0.2153   100
   1996       345830    368486    288485     57236   0.1984   0.1884   100
   1997       374980    346957    254056     75325   0.2965   0.2827    99
   1998       511730    303190    222591     55586   0.2497   0.2310   100
   1999       528890    322542    224996     58371   0.2594   0.2439   100
   2000       217550    327347    229581     45167   0.1967   0.1880    99
   2001       542440    358301    270675     53434   0.1974   0.2074    99
   2002       752850    355258    255790     72278   0.2826   0.2721   100
 
 -----------------------------------------------------------------            
 No of years for separable analysis : 11                                      
 Age range in the analysis : 0  . . . 9                                       
 Year range in the analysis : 1972  . . . 2002                                
 Number of indices of SSB : 1                                                 
 Number of age-structured indices : 1                                         
                                                                              
 Parameters to estimate : 46                                                  
 Number of observations : 150                                                 
                                                                              
 Conventional single selection vector model to be fitted.                     
                                                                              
                                                                              
                                                                              
 -----------------------------------------------------------------            
 
 
 PARAMETER ESTIMATES                                                            
  
 
 ³Parm.³      ³ Maximum ³    ³        ³         ³         ³         ³ Mean of ³ 
  
 ³ No. ³      ³ Likelh. ³ CV ³  Lower ³ Upper   ³  -s.e.  ³   +s.e. ³ Param.  ³ 
  
 ³     ³      ³ Estimate³ (%)³ 95% CL ³ 95% CL  ³         ³         ³ Distrib.³ 
  
 Separable model : F by year                                                    
  
    1   1992     0.2044   0    0.2014    0.2075    0.2029    0.2060    0.2044
    2   1993     0.2188   0    0.2156    0.2220    0.2172    0.2205    0.2188
    3   1994     0.1821   0    0.1795    0.1847    0.1807    0.1834    0.1821
    4   1995     0.2000   0    0.1972    0.2029    0.1986    0.2015    0.2000
    5   1996     0.1750   0    0.1726    0.1775    0.1738    0.1763    0.1750
    6   1997     0.2626   0    0.2590    0.2663    0.2608    0.2645    0.2626
    7   1998     0.2146   0    0.2117    0.2176    0.2131    0.2161    0.2146
    8   1999     0.2266   0    0.2235    0.2297    0.2250    0.2282    0.2266
    9   2000     0.1746   0    0.1722    0.1770    0.1734    0.1758    0.1746
   10   2001     0.1927   0    0.1899    0.1954    0.1913    0.1941    0.1927
   11   2002     0.2528   0    0.2487    0.2568    0.2507    0.2548    0.2528
 
 Separable Model: Selection (S) by age                                          
  
   12      0     0.0348   3    0.0324    0.0374    0.0336    0.0361    0.0348
   13      1     0.1317   0    0.1298    0.1336    0.1307    0.1327    0.1317
   14      2     0.2915   0    0.2875    0.2955    0.2895    0.2935    0.2915
   15      3     0.5751   0    0.5676    0.5826    0.5713    0.5789    0.5751
   16      4     0.8792   0    0.8683    0.8902    0.8736    0.8848    0.8792
           5     1.0000     Fixed : Reference Age             
   17      6     1.1309   0    1.1177    1.1443    1.1241    1.1377    1.1309
   18      7     1.2956   0    1.2805    1.3109    1.2879    1.3034    1.2956
           8     1.2000     Fixed : Last true age             
 
 Separable model: Populations in year 2002                                    
   19      0     752849  11     596038    950915    668276    848125    758213
   20      1     463769   1     446881    481295    455074    472629    463852
   21      2     156181   1     152144    160325    154108    158282    156195
   22      3     309128   0     303229    315142    306104    312182    309143
   23      4     230166   0     226478    233914    228277    232071    230174
   24      5     121952   0     120122    123809    121015    122896    121955
   25      6      78748   0      77639     79871     78180     79319     78750
   26      7      57697   0      56916     58488     57297     58099     57698
   27      8      16997   0      16752     17246     16872     17124     16998
 
Separable model: Populations at age
   28   1992      34550   1      33403     35736     33960     35150     34555
   29   1993      40439   1      39442     41461     39927     40957     40442
   30   1994      48664   1      47660     49689     48149     49184     48666
   31   1995      76933   0      75598     78291     76249     77623     76936
   32   1996      42217   0      41510     42936     41855     42583     42219
   33   1997      57664   0      56826     58515     57235     58097     57666
   34   1998      43117   0      42498     43744     42800     43436     43118
   35   1999      40242   0      39694     40798     39961     40525     40243
   36   2000      39858   0      39316     40408     39581     40138     39859
   37   2001      40668   0      40125     41218     40390     40948     40669
 
 SSB Index catchabilities                                                       
  
   INDEX                                 
 Absolute estimator. No fitted catchability.                                    
  
 
 
 
 Age-structured index catchabilities                                            
  
                                        FLT01: Dummy survey                     
 
 Linear model fitted. Slopes at age :                                           
  
   38   1  Q  .2667      24 .2117     .5430     .2667     .4312     .3490    
   39   2  Q  1.339      24 1.063     2.726     1.339     2.165     1.752    
   40   3  Q  2.597      24 2.062     5.289     2.597     4.199     3.399    
   41   4  Q  1.326      24 1.053     2.701     1.326     2.145     1.736    
   42   5  Q  1.082      24 .8588     2.202     1.082     1.749     1.416    
   43   6  Q  1.169      24 .9286     2.381     1.169     1.891     1.531    
   44   7  Q  1.143      24 .9075     2.327     1.143     1.848     1.496    
   45   8  Q  1.572      24 1.248     3.201     1.572     2.542     2.057    
   46   9  Q  .6153      24 .4886     1.253     .6153     .9950     .8054    
 
 
 
 RESIDUALS ABOUT THE MODEL FIT                                                  
  
 ------------------------------
 
        Separable Model Residuals
        -------------------------
------+----------------------------------------------------------------------------------------
Age   |    1992    1993    1994    1995    1996    1997    1998    1999    2000    2001    2002
------+----------------------------------------------------------------------------------------
  0   | ******* ******* ******* ******* ******* ******* ******* ******* ******* ******* *******
  1   | ******* ******* ******* ******* ******* ******* ******* ******* ******* ******* *******
  2   | ******* ******* ******* ******* ******* ******* ******* ******* ******* ******* *******
  3   | ******* ******* ******* ******* ******* ******* ******* ******* ******* ******* *******
  4   | ******* ******* ******* ******* ******* ******* ******* ******* ******* ******* *******
  5   | ******* ******* ******* ******* ******* ******* ******* ******* ******* ******* *******
  6   | ******* ******* ******* ******* ******* ******* ******* ******* ******* ******* *******
  7   | ******* ******* ******* ******* ******* ******* ******* ******* ******* ******* *******
  8   | ******* ******* ******* ******* ******* ******* ******* ******* ******* ******* *******
------+----------------------------------------------------------------------------------------
                                               
 
 
 
 SPAWNING BIOMASS INDEX RESIDUALS                                               
  
 ---------------------------------
 
          INDEX
        -------
------+------------------------------------------------------------------------------------------------------------------------
      |    1972    1973    1974    1975    1976    1977    1978    1979    1980    1981    1982    1983    1984    1985    1986
------+------------------------------------------------------------------------------------------------------------------------
  1   | ******* ******* ******* ******* ******* ******* ******* ******* ******* ******* ******* ******* ******* ******* *******
------+------------------------------------------------------------------------------------------------------------------------
                                               
 
 
          INDEX
        -------
------+------------------------------------------------------------------------------------------------------------------------
      |    1987    1988    1989    1990    1991    1992    1993    1994    1995    1996    1997    1998    1999    2000    2001
------+------------------------------------------------------------------------------------------------------------------------
  1   | ******* ******* ******* ******* ******* ******* ******* ******* ******* ******* ******* ******* ******* ******* *******
------+------------------------------------------------------------------------------------------------------------------------
                                               
 
 
          INDEX
        -------
------+--------
      |    2002
------+--------
  1   | *******
------+--------
                                               
 
 
 
 AGE-STRUCTURED INDEX RESIDUALS                                                 
  
 -------------------------------
 
        FLT01: Dummy survey
        -------------------
------+--------------------------------
Age   |    1981    1982    1983    1984
------+--------------------------------
  1   |   1.233   1.765  -1.274  -1.724
  2   |   0.173   0.320   1.598  -2.091
  3   |  -0.746  -0.270  -0.088   1.104
  4   |  -1.265   0.065   0.487   0.713
  5   |   0.124  -0.921   0.268   0.530
  6   |   0.410   0.219  -0.831   0.202
  7   |  -0.073   0.513   0.239  -0.680
  8   |   0.177  -0.094   0.180  -0.263
  9   |  -0.232   0.561  -0.118  -0.212
------+--------------------------------
                                               
 
 
 
 
 
 
 PARAMETERS OF THE DISTRIBUTION OF ln(CATCHES AT AGE)                           
  
 -----------------------------------------------------
 
 Separable model fitted from 1992  to 2002                                    
 Variance                             0.0000
Skewness test stat.                  -4.2966
Kurtosis test statistic               2.1668
Partial chi-square                    0.0000
Significance in fit                   0.0000
Degrees of freedom                        62
 
 
 PARAMETERS OF DISTRIBUTIONS OF THE SSB INDICES                                 
  
 -----------------------------------------------
 
 
   DISTRIBUTION STATISTICS FOR   INDEX                                          
 
 
 Index used as absolute measure of abundance                                    
  
 Last age is a plus-group                                                       
  
 
 Variance                             0.0000
Skewness test stat.                  -1.4942
Kurtosis test statistic              -0.2551
Partial chi-square                    0.0000
Significance in fit                   0.0000
Number of observations                    15
Degrees of freedom                        15
Weight in the analysis                5.0000
 
 PARAMETERS OF THE DISTRIBUTION OF THE AGE-STRUCTURED INDICES                   
  
 ------------------------------------------------------------ 
 
 
   DISTRIBUTION STATISTICS FOR FLT01: Dummy survey                              
 
 
 Linear catchability relationship assumed                                       
  
 
 Age                          1         2         3         4         5         6         7         8         9
 Variance                0.0034    0.0026    0.0007    0.0009    0.0005    0.0004    0.0003    0.0001    0.0002
Skewness test stat.      0.0106   -0.4373    0.5875   -0.7010   -0.7449   -0.8615   -0.3870   -0.2318    0.8952
Kurtosis test statisti  -0.7747   -0.3840   -0.3711   -0.3744   -0.3369   -0.2984   -0.4720   -0.6657   -0.2924
Partial chi-square       0.0009    0.0006    0.0002    0.0002    0.0001    0.0001    0.0001    0.0000    0.0000
Significance in fit      0.0000    0.0000    0.0000    0.0000    0.0000    0.0000    0.0000    0.0000    0.0000
Number of observations        4         4         4         4         4         4         4         4         4
Degrees of freedom            3         3         3         3         3         3         3         3         3
Weight in the analysis   0.0011    0.0011    0.0011    0.0011    0.0011    0.0011    0.0011    0.0011    0.0011
 
 ANALYSIS OF VARIANCE                   
--------------------------
 
 Unweighted Statistics                                                          
  
 
                                                                                
  
Variance                              
                                       SSQ     Data    Parameters d.f. Variance
Total for model                        24.0126     150         46  104   0.2309
Catches at age                          0.0000      99         37   62   0.0000
  
SSB Indices                           
  INDEX                                 0.0000      15          0   15   0.0000
  
 Aged Indices                                                                   
  
FLT01: Dummy survey                    24.0126      36          9   27   0.8894
 
 
 Weighted Statistics                                                            
  
 
                                                                                
  
Variance                              
                                       SSQ     Data    Parameters d.f. Variance
Total for model                         0.0000     150         46  104   0.0000
Catches at age                          0.0000      99         37   62   0.0000
  
SSB Indices                           
  INDEX                                 0.0000      15          0   15   0.0000
  
 Aged Indices                                                                   
  
FLT01: Dummy survey                     0.0000      36          9   27   0.0000
 
