 Output Generated by ICA Version 1.4                                            
  
 ------------------------------------
 
        Mackerel NE Atlantic  WG2003
        ----------------------------
 
        Catch in Number
        ---------------
------+------------------------------------------------------------------------------------------------------------------------
AGE   |    1972    1973    1974    1975    1976    1977    1978    1979    1980    1981    1982    1983    1984    1985    1986
------+------------------------------------------------------------------------------------------------------------------------
  0   |   4146.   5672.   5416.   3067.   2568.   2146.   2504.   2903.   1988.   1192.   6695.   2038.   2658.   2887.   3427.
  1   |  13447.  12140.  17317.  15458.   7531.  16167.   4964.   6763.   8463.   8479.   4797.  11894.   9747.   8071.   9087.
  2   |  35169.  22338.  21067.  28159.  21727.  26895.  21191.   7649.  11283.  20582.  19316.   4858.  32435.  16830.  14458.
  3   |  36292.  49418.  32892.  29187.  34002.  65617.  29774.  27895.  10957.  23423.  39537.  16688.  11303.  47565.  25640.
  4   |  37342.  36814.  52775.  33216.  25952.  74595.  52211.  28658.  29438.  16669.  32446.  24847.  28469.  12035.  52732.
  5   |  30065.  26707.  27832.  37844.  21109.  40675.  41577.  35751.  21656.  32058.  16332.  14383.  30383.  21476.   9473.
  6   |  17314.  20739.  19513.  19329.  23395.  32003.  21822.  27610.  26284.  22895.  30283.   7004.  17078.  22160.  16359.
  7   |   7654.  11678.  14850.  13314.  11801.  34770.  16753.  14260.  20049.  27369.  21130.  12751.   8192.  12214.  16571.
  8   |  10445.   4123.   6689.   8104.   6503.  14178.  14467.   8756.   8301.  16801.  20276.   7067.  12019.   4687.   7314.
  9   |  16046.  14238.  10110.   9037.   8482.  17989.  14187.  15626.  14534.  19552.  27677.  16150.  22271.  19994.  14048.
------+------------------------------------------------------------------------------------------------------------------------
       x 10 ^ 3                                
 
 
        Catch in Number
        ---------------
------+------------------------------------------------------------------------------------------------------------------------
AGE   |    1987    1988    1989    1990    1991    1992    1993    1994    1995    1996    1997    1998    1999    2000    2001
------+------------------------------------------------------------------------------------------------------------------------
  0   |   5512.   3290.   3473.   2699.   2939.   2770.   2911.    992.   2415.   1950.   3168.   3536.   3857.   1224.   3366.
  1   |  11573.  19327.   8464.  10702.   9987.   8709.   9489.   7768.   3491.   6784.   9344.   8279.  11939.   9537.   4331.
  2   |  17452.  23024.  28286.  14883.  22556.  16851.  16982.  14443.  15610.   5602.  18467.  13863.  15894.  16841.  19280.
  3   |  23585.  29374.  28642.  42491.  26707.  32397.  27954.  22071.  24802.  21441.  12929.  23209.  22599.  19152.  29136.
  4   |  30404.  28715.  26525.  31495.  55646.  27933.  39153.  26550.  27777.  24989.  35990.  11742.  27492.  19897.  24337.
  5   |  44390.  26196.  18332.  20795.  29395.  41314.  24009.  26438.  23875.  19967.  29903.  23030.   9871.  17194.  18095.
  6   |   7714.  36923.  16167.  13945.  18808.  21128.  34385.  15718.  23081.  16666.  23122.  18462.  18726.   5985.  15195.
  7   |  13070.   6279.  22343.  12108.  12397.  13275.  17270.  22146.  13517.  15880.  18935.  13966.  14725.  11170.   5216.
  8   |  10610.   8525.   3032.  13408.   8642.   7001.   8701.   8893.  15290.   7446.  14532.   9120.   8926.   7015.   7818.
  9   |  12753.  15169.  11221.   8802.  16304.  14130.  14100.  12436.  14101.  16691.  22793.  18512.  17805.  12158.  13534.
------+------------------------------------------------------------------------------------------------------------------------
       x 10 ^ 3                                
 
 
        Catch in Number
        ---------------
------+--------
AGE   |    2002
------+--------
  0   |   6123.
  1   |  14106.
  2   |  10311.
  3   |  38907.
  4   |  42709.
  5   |  25373.
  6   |  18246.
  7   |  15024.
  8   |   4146.
  9   |  16665.
------+--------
       x 10 ^ 3                                
 
 
 
        Predicted Catch in Number
        -------------------------
------+----------------------------------------------------------------------------------------
AGE   |    1992    1993    1994    1995    1996    1997    1998    1999    2000    2001    2002
------+----------------------------------------------------------------------------------------
  0   |   2771.   2912.    992.   2416.   1951.   3169.   3537.   3859.   1224.   3366.   6123.
  1   |   8712.   9491.   7768.   3491.   6784.   9344.   8279.  11940.   9540.   4331.  14105.
  2   |  16855.  16984.  14443.  15608.   5601.  18463.  13860.  15893.  16841.  19282.  10312.
  3   |  32405.  27957.  22071.  24798.  21436.  12926.  23202.  22594.  19150.  29136.  38918.
  4   |  27940.  39160.  26551.  27777.  24985.  35982.  11740.  27486.  19894.  24336.  42717.
  5   |  41318.  24008.  26435.  23870.  19961.  29892.  23020.   9868.  17188.  18089.  25371.
  6   |  21134.  34399.  15722.  23086.  16669.  23125.  18463.  18727.   5986.  15195.  18250.
  7   |  13277.  17274.  22152.  13519.  15882.  18937.  13967.  14726.  11171.   5216.  15026.
  8   |   7003.   8705.   8897.  15299.   7450.  14540.   9125.   8931.   7019.   7821.   4148.
------+----------------------------------------------------------------------------------------
       x 10 ^ 3                                
 
 
 
        Weights at age in the catches (Kg)
        ----------------------------------
------+------------------------------------------------------------------------------------------------------------------------
AGE   |    1972    1973    1974    1975    1976    1977    1978    1979    1980    1981    1982    1983    1984    1985    1986
------+------------------------------------------------------------------------------------------------------------------------
  0   | 0.05200 0.05000 0.05100 0.05000 0.05900 0.05600 0.03600 0.01600 0.05700 0.06000 0.05300 0.05000 0.03100 0.05500 0.03900
  1   | 0.13500 0.14500 0.13600 0.14800 0.13700 0.13600 0.13500 0.13700 0.13100 0.13200 0.13100 0.16800 0.10200 0.14400 0.14600
  2   | 0.27700 0.19400 0.22900 0.17700 0.20700 0.16900 0.16100 0.16100 0.24900 0.24800 0.24900 0.21900 0.18400 0.26200 0.24500
  3   | 0.34100 0.28500 0.26100 0.25900 0.26300 0.27500 0.25000 0.24300 0.28500 0.28700 0.28500 0.27600 0.29500 0.35700 0.33500
  4   | 0.42300 0.36800 0.33400 0.32300 0.32000 0.33300 0.32500 0.31800 0.34500 0.34400 0.34500 0.31000 0.32600 0.41800 0.42300
  5   | 0.46800 0.44800 0.39200 0.34800 0.34600 0.35200 0.34500 0.34800 0.37800 0.37700 0.37800 0.38600 0.34400 0.41700 0.47100
  6   | 0.46800 0.46800 0.48100 0.43000 0.40600 0.40700 0.40300 0.40100 0.45400 0.45400 0.45400 0.42500 0.43100 0.43600 0.44400
  7   | 0.50800 0.50800 0.50800 0.48800 0.44300 0.44600 0.42100 0.41600 0.49800 0.49900 0.49600 0.43500 0.54200 0.52100 0.45700
  8   | 0.53900 0.53900 0.53900 0.53900 0.51800 0.54600 0.51800 0.50600 0.52000 0.51300 0.51300 0.49800 0.48000 0.55500 0.54300
  9   | 0.60627 0.60334 0.60918 0.60338 0.59848 0.57823 0.56175 0.53442 0.56493 0.56331 0.55891 0.57897 0.61425 0.62941 0.62057
------+------------------------------------------------------------------------------------------------------------------------
                                               
 
 
        Weights at age in the catches (Kg)
        ----------------------------------
------+------------------------------------------------------------------------------------------------------------------------
AGE   |    1987    1988    1989    1990    1991    1992    1993    1994    1995    1996    1997    1998    1999    2000    2001
------+------------------------------------------------------------------------------------------------------------------------
  0   | 0.07600 0.05500 0.04900 0.08500 0.06800 0.05100 0.06100 0.04600 0.07200 0.05800 0.07600 0.06500 0.06200 0.06300 0.06900
  1   | 0.17900 0.13300 0.13600 0.15600 0.15600 0.16700 0.13400 0.13600 0.14300 0.14300 0.14300 0.15700 0.17600 0.13500 0.17100
  2   | 0.22300 0.25900 0.23700 0.23300 0.25300 0.23900 0.24000 0.25500 0.23400 0.22600 0.23000 0.22700 0.23600 0.22900 0.22300
  3   | 0.31800 0.32300 0.32000 0.33600 0.32700 0.33300 0.31700 0.33900 0.33300 0.31300 0.29500 0.31000 0.30700 0.30800 0.30700
  4   | 0.39900 0.38800 0.37700 0.37900 0.39400 0.39700 0.37600 0.39000 0.39000 0.37700 0.35900 0.35400 0.36100 0.36700 0.37800
  5   | 0.47400 0.45600 0.43300 0.42300 0.42300 0.46000 0.43600 0.44800 0.45200 0.42500 0.41500 0.40800 0.40600 0.42900 0.42600
  6   | 0.51200 0.52400 0.45600 0.46700 0.46900 0.49500 0.48300 0.51200 0.50100 0.48400 0.45300 0.45200 0.45400 0.46700 0.47700
  7   | 0.49300 0.55500 0.54300 0.52800 0.50600 0.53200 0.52700 0.54300 0.53900 0.51800 0.48100 0.46200 0.50100 0.50400 0.49900
  8   | 0.49800 0.55500 0.59200 0.55200 0.55400 0.55500 0.54800 0.59000 0.57700 0.55100 0.52400 0.51800 0.53700 0.53700 0.54300
  9   | 0.62626 0.60223 0.60262 0.61685 0.62896 0.63324 0.61177 0.63637 0.61161 0.59156 0.57735 0.57479 0.60305 0.59031 0.60692
------+------------------------------------------------------------------------------------------------------------------------
                                               
 
 
        Weights at age in the catches (Kg)
        ----------------------------------
------+--------
AGE   |    2002
------+--------
  0   | 0.05200
  1   | 0.15900
  2   | 0.25500
  3   | 0.30700
  4   | 0.36900
  5   | 0.42600
  6   | 0.46400
  7   | 0.51400
  8   | 0.53900
  9   | 0.60915
------+--------
                                               
 
 
 
        Weights at age in the stock (Kg)
        --------------------------------
------+------------------------------------------------------------------------------------------------------------------------
AGE   |    1972    1973    1974    1975    1976    1977    1978    1979    1980    1981    1982    1983    1984    1985    1986
------+------------------------------------------------------------------------------------------------------------------------
  0   | 0.00800 0.00800 0.00800 0.00800 0.00800 0.00800 0.00800 0.00800 0.00800 0.00800 0.00800 0.00800 0.00000 0.00000 0.00000
  1   | 0.13200 0.13200 0.13000 0.12900 0.12800 0.12700 0.11100 0.11000 0.10900 0.08700 0.08600 0.08600 0.08100 0.08500 0.07700
  2   | 0.17800 0.17700 0.17300 0.17100 0.17000 0.16700 0.17500 0.17400 0.17300 0.18600 0.13500 0.17200 0.19400 0.16500 0.17900
  3   | 0.24300 0.24200 0.23800 0.23600 0.23600 0.23300 0.23800 0.23700 0.23600 0.25200 0.22100 0.23500 0.25300 0.29300 0.26700
  4   | 0.41100 0.30100 0.29600 0.29400 0.29300 0.28900 0.30000 0.29900 0.29700 0.31300 0.28000 0.28000 0.29500 0.30600 0.30400
  5   | 0.35500 0.43800 0.32200 0.31800 0.31800 0.31300 0.34600 0.34500 0.34300 0.32300 0.38500 0.33900 0.32400 0.34100 0.35600
  6   | 0.39800 0.39800 0.46900 0.36500 0.36500 0.36100 0.38200 0.38000 0.37900 0.37800 0.35300 0.37700 0.39300 0.38400 0.35100
  7   | 0.43300 0.43300 0.43300 0.49700 0.41900 0.41600 0.41000 0.40800 0.40700 0.41900 0.40800 0.40400 0.43600 0.43000 0.41600
  8   | 0.45900 0.45900 0.45900 0.45900 0.51200 0.44600 0.43200 0.43000 0.42900 0.43400 0.43700 0.43900 0.44100 0.45900 0.47300
  9   | 0.52080 0.51751 0.52342 0.51810 0.51220 0.53013 0.49616 0.48332 0.48424 0.47448 0.47743 0.50656 0.50746 0.53723 0.49236
------+------------------------------------------------------------------------------------------------------------------------
                                               
 
 
        Weights at age in the stock (Kg)
        --------------------------------
------+------------------------------------------------------------------------------------------------------------------------
AGE   |    1987    1988    1989    1990    1991    1992    1993    1994    1995    1996    1997    1998    1999    2000    2001
------+------------------------------------------------------------------------------------------------------------------------
  0   | 0.00000 0.00000 0.00000 0.00000 0.00000 0.00000 0.00000 0.00000 0.00000 0.00000 0.00000 0.00000 0.00000 0.00000 0.00000
  1   | 0.07800 0.07200 0.07600 0.07400 0.07500 0.07800 0.07800 0.07900 0.08100 0.07600 0.07600 0.07700 0.08100 0.07400 0.07800
  2   | 0.14800 0.15600 0.17700 0.13800 0.15500 0.21200 0.19700 0.17800 0.16400 0.13300 0.18600 0.14900 0.19400 0.18500 0.16400
  3   | 0.24000 0.23700 0.24400 0.22200 0.23000 0.25900 0.26800 0.23700 0.26700 0.25100 0.22800 0.22300 0.24200 0.23500 0.24100
  4   | 0.28600 0.30100 0.30600 0.28700 0.30700 0.31000 0.31500 0.30100 0.32600 0.31700 0.29600 0.28500 0.30100 0.28900 0.34200
  5   | 0.37400 0.32900 0.35200 0.33900 0.35700 0.36200 0.36000 0.36100 0.39800 0.36600 0.36100 0.34200 0.35300 0.35000 0.39000
  6   | 0.38600 0.42300 0.38000 0.37300 0.40900 0.40200 0.41600 0.41300 0.44800 0.44400 0.40200 0.40000 0.39600 0.39000 0.44600
  7   | 0.41100 0.44500 0.42900 0.41400 0.43200 0.42400 0.45400 0.46600 0.49100 0.46200 0.44500 0.42600 0.42300 0.42600 0.45900
  8   | 0.42900 0.43200 0.47400 0.40900 0.50200 0.46200 0.46500 0.47000 0.50800 0.50100 0.47800 0.46600 0.44000 0.44700 0.49900
  9   | 0.49250 0.51308 0.47919 0.50145 0.55349 0.51692 0.52875 0.54071 0.55924 0.57813 0.53490 0.52657 0.50097 0.50455 0.56403
------+------------------------------------------------------------------------------------------------------------------------
                                               
 
 
        Weights at age in the stock (Kg)
        --------------------------------
------+--------
AGE   |    2002
------+--------
  0   | 0.00000
  1   | 0.07800
  2   | 0.18100
  3   | 0.23900
  4   | 0.31100
  5   | 0.36400
  6   | 0.41100
  7   | 0.43600
  8   | 0.46200
  9   | 0.52073
------+--------
                                               
 
 
 
        Natural Mortality (per year)
        ----------------------------
------+------------------------------------------------------------------------------------------------------------------------
AGE   |    1972    1973    1974    1975    1976    1977    1978    1979    1980    1981    1982    1983    1984    1985    1986
------+------------------------------------------------------------------------------------------------------------------------
  0   | 0.15000 0.15000 0.15000 0.15000 0.15000 0.15000 0.15000 0.15000 0.15000 0.15000 0.15000 0.15000 0.15000 0.15000 0.15000
  1   | 0.15000 0.15000 0.15000 0.15000 0.15000 0.15000 0.15000 0.15000 0.15000 0.15000 0.15000 0.15000 0.15000 0.15000 0.15000
  2   | 0.15000 0.15000 0.15000 0.15000 0.15000 0.15000 0.15000 0.15000 0.15000 0.15000 0.15000 0.15000 0.15000 0.15000 0.15000
  3   | 0.15000 0.15000 0.15000 0.15000 0.15000 0.15000 0.15000 0.15000 0.15000 0.15000 0.15000 0.15000 0.15000 0.15000 0.15000
  4   | 0.15000 0.15000 0.15000 0.15000 0.15000 0.15000 0.15000 0.15000 0.15000 0.15000 0.15000 0.15000 0.15000 0.15000 0.15000
  5   | 0.15000 0.15000 0.15000 0.15000 0.15000 0.15000 0.15000 0.15000 0.15000 0.15000 0.15000 0.15000 0.15000 0.15000 0.15000
  6   | 0.15000 0.15000 0.15000 0.15000 0.15000 0.15000 0.15000 0.15000 0.15000 0.15000 0.15000 0.15000 0.15000 0.15000 0.15000
  7   | 0.15000 0.15000 0.15000 0.15000 0.15000 0.15000 0.15000 0.15000 0.15000 0.15000 0.15000 0.15000 0.15000 0.15000 0.15000
  8   | 0.15000 0.15000 0.15000 0.15000 0.15000 0.15000 0.15000 0.15000 0.15000 0.15000 0.15000 0.15000 0.15000 0.15000 0.15000
  9   | 0.15000 0.15000 0.15000 0.15000 0.15000 0.15000 0.15000 0.15000 0.15000 0.15000 0.15000 0.15000 0.15000 0.15000 0.15000
------+------------------------------------------------------------------------------------------------------------------------
                                               
 
 
        Natural Mortality (per year)
        ----------------------------
------+------------------------------------------------------------------------------------------------------------------------
AGE   |    1987    1988    1989    1990    1991    1992    1993    1994    1995    1996    1997    1998    1999    2000    2001
------+------------------------------------------------------------------------------------------------------------------------
  0   | 0.15000 0.15000 0.15000 0.15000 0.15000 0.15000 0.15000 0.15000 0.15000 0.15000 0.15000 0.15000 0.15000 0.15000 0.15000
  1   | 0.15000 0.15000 0.15000 0.15000 0.15000 0.15000 0.15000 0.15000 0.15000 0.15000 0.15000 0.15000 0.15000 0.15000 0.15000
  2   | 0.15000 0.15000 0.15000 0.15000 0.15000 0.15000 0.15000 0.15000 0.15000 0.15000 0.15000 0.15000 0.15000 0.15000 0.15000
  3   | 0.15000 0.15000 0.15000 0.15000 0.15000 0.15000 0.15000 0.15000 0.15000 0.15000 0.15000 0.15000 0.15000 0.15000 0.15000
  4   | 0.15000 0.15000 0.15000 0.15000 0.15000 0.15000 0.15000 0.15000 0.15000 0.15000 0.15000 0.15000 0.15000 0.15000 0.15000
  5   | 0.15000 0.15000 0.15000 0.15000 0.15000 0.15000 0.15000 0.15000 0.15000 0.15000 0.15000 0.15000 0.15000 0.15000 0.15000
  6   | 0.15000 0.15000 0.15000 0.15000 0.15000 0.15000 0.15000 0.15000 0.15000 0.15000 0.15000 0.15000 0.15000 0.15000 0.15000
  7   | 0.15000 0.15000 0.15000 0.15000 0.15000 0.15000 0.15000 0.15000 0.15000 0.15000 0.15000 0.15000 0.15000 0.15000 0.15000
  8   | 0.15000 0.15000 0.15000 0.15000 0.15000 0.15000 0.15000 0.15000 0.15000 0.15000 0.15000 0.15000 0.15000 0.15000 0.15000
  9   | 0.15000 0.15000 0.15000 0.15000 0.15000 0.15000 0.15000 0.15000 0.15000 0.15000 0.15000 0.15000 0.15000 0.15000 0.15000
------+------------------------------------------------------------------------------------------------------------------------
                                               
 
 
        Natural Mortality (per year)
        ----------------------------
------+--------
AGE   |    2002
------+--------
  0   | 0.15000
  1   | 0.15000
  2   | 0.15000
  3   | 0.15000
  4   | 0.15000
  5   | 0.15000
  6   | 0.15000
  7   | 0.15000
  8   | 0.15000
  9   | 0.15000
------+--------
                                               
 
 
 
        Proportion of fish spawning
        ---------------------------
------+------------------------------------------------------------------------------------------------------------------------
AGE   |    1972    1973    1974    1975    1976    1977    1978    1979    1980    1981    1982    1983    1984    1985    1986
------+------------------------------------------------------------------------------------------------------------------------
  0   |  0.0000  0.0000  0.0000  0.0000  0.0000  0.0000  0.0000  0.0000  0.0000  0.0000  0.0000  0.0000  0.0000  0.0000  0.0000
  1   |  0.0500  0.0500  0.0500  0.0600  0.0600  0.0600  0.0600  0.0600  0.0600  0.0700  0.0700  0.0700  0.0700  0.0700  0.0700
  2   |  0.5300  0.5400  0.5400  0.5500  0.5500  0.5500  0.5600  0.5600  0.5700  0.5700  0.5700  0.5800  0.5800  0.5800  0.5800
  3   |  0.9000  0.9000  0.9000  0.8900  0.8900  0.8900  0.8900  0.8900  0.8900  0.8800  0.8800  0.8800  0.8800  0.8800  0.8800
  4   |  0.9800  0.9800  0.9800  0.9800  0.9800  0.9800  0.9800  0.9800  0.9800  0.9800  0.9800  0.9800  0.9700  0.9700  0.9700
  5   |  0.9800  0.9800  0.9800  0.9800  0.9800  0.9800  0.9800  0.9800  0.9800  0.9800  0.9800  0.9800  0.9700  0.9700  0.9700
  6   |  0.9900  0.9900  0.9900  0.9900  0.9900  0.9900  0.9900  0.9900  0.9900  0.9900  0.9900  0.9900  0.9900  0.9900  0.9900
  7   |  1.0000  1.0000  1.0000  1.0000  1.0000  1.0000  1.0000  1.0000  1.0000  1.0000  1.0000  1.0000  1.0000  1.0000  1.0000
  8   |  1.0000  1.0000  1.0000  1.0000  1.0000  1.0000  1.0000  1.0000  1.0000  1.0000  1.0000  1.0000  1.0000  1.0000  1.0000
  9   |  1.0000  1.0000  1.0000  1.0000  1.0000  1.0000  1.0000  1.0000  1.0000  1.0000  1.0000  1.0000  1.0000  1.0000  1.0000
------+------------------------------------------------------------------------------------------------------------------------
                                               
 
 
        Proportion of fish spawning
        ---------------------------
------+------------------------------------------------------------------------------------------------------------------------
AGE   |    1987    1988    1989    1990    1991    1992    1993    1994    1995    1996    1997    1998    1999    2000    2001
------+------------------------------------------------------------------------------------------------------------------------
  0   |  0.0000  0.0000  0.0000  0.0000  0.0000  0.0000  0.0000  0.0000  0.0000  0.0000  0.0000  0.0000  0.0000  0.0000  0.0000
  1   |  0.0700  0.0700  0.0700  0.0700  0.0700  0.0700  0.0700  0.0700  0.0700  0.0700  0.0700  0.0700  0.0700  0.0700  0.0700
  2   |  0.5800  0.5800  0.5800  0.5800  0.5800  0.5800  0.5800  0.5800  0.5800  0.5800  0.5800  0.5800  0.5800  0.5800  0.5900
  3   |  0.8800  0.8800  0.8800  0.8800  0.8800  0.8800  0.8800  0.8800  0.8800  0.8800  0.8800  0.8600  0.8600  0.8600  0.8800
  4   |  0.9700  0.9700  0.9700  0.9700  0.9700  0.9700  0.9700  0.9700  0.9700  0.9700  0.9700  0.9800  0.9800  0.9800  0.9700
  5   |  0.9700  0.9700  0.9700  0.9700  0.9700  0.9700  0.9700  0.9700  0.9700  0.9700  0.9700  0.9800  0.9800  0.9800  0.9700
  6   |  0.9900  0.9900  0.9900  0.9900  0.9900  0.9900  0.9900  0.9900  0.9900  0.9900  0.9900  0.9900  0.9900  0.9900  0.9900
  7   |  1.0000  1.0000  1.0000  1.0000  1.0000  1.0000  1.0000  1.0000  1.0000  1.0000  1.0000  1.0000  1.0000  1.0000  1.0000
  8   |  1.0000  1.0000  1.0000  1.0000  1.0000  1.0000  1.0000  1.0000  1.0000  1.0000  1.0000  1.0000  1.0000  1.0000  1.0000
  9   |  1.0000  1.0000  1.0000  1.0000  1.0000  1.0000  1.0000  1.0000  1.0000  1.0000  1.0000  1.0000  1.0000  1.0000  1.0000
------+------------------------------------------------------------------------------------------------------------------------
                                               
 
 
        Proportion of fish spawning
        ---------------------------
------+--------
AGE   |    2002
------+--------
  0   |  0.0000
  1   |  0.0700
  2   |  0.5900
  3   |  0.8800
  4   |  0.9700
  5   |  0.9700
  6   |  0.9900
  7   |  1.0000
  8   |  1.0000
  9   |  1.0000
------+--------
                                               
 
 
 
 INDICES OF SPAWNING BIOMASS                                                    
  
 ----------------------------
 
          INDEX
        -------
------+------------------------------------------------------------------------------------------------------------------------
      |    1972    1973    1974    1975    1976    1977    1978    1979    1980    1981    1982    1983    1984    1985    1986
------+------------------------------------------------------------------------------------------------------------------------
  1   | ******* ******* ******* ******* ******* ******* ******* ******* ******* ******* ******* ******* ******* ******* *******
------+------------------------------------------------------------------------------------------------------------------------
       x 10 ^ 3                                
 
 
          INDEX
        -------
------+------------------------------------------------------------------------------------------------------------------------
      |    1987    1988    1989    1990    1991    1992    1993    1994    1995    1996    1997    1998    1999    2000    2001
------+------------------------------------------------------------------------------------------------------------------------
  1   | *******  257.73  282.60  281.95  316.04  326.73  323.23  306.36  318.05  288.48  254.06  222.59  225.00  229.58  270.68
------+------------------------------------------------------------------------------------------------------------------------
       x 10 ^ 3                                
 
 
          INDEX
        -------
------+--------
      |    2002
------+--------
  1   |  255.79
------+--------
       x 10 ^ 3                                
 
 
 
 AGE-STRUCTURED INDICES                                                         
  
 -----------------------
 
        FLT01: Dummy survey
        -------------------
------+--------------------------------
AGE   |    1981    1982    1983    1984
------+--------------------------------
  1   |  266.10  203.00   43.60   15.24
  2   |  506.40  435.90  712.70   79.51
  3   |  225.10  483.60  444.60  661.83
  4   |   31.70  184.10  391.60  374.60
  5   |  174.80   24.70  130.40  238.20
  6   |  158.50  136.60   20.20   92.00
  7   |   99.50  108.60   91.30   15.54
  8   |  116.60   84.50   70.90   51.47
  9   |   35.30   87.00   47.10   39.27
------+--------------------------------
       x 10 ^ 3                                
 
 
 
        Fishing Mortality (per year)
        ----------------------------
------+------------------------------------------------------------------------------------------------------------------------
AGE   |    1972    1973    1974    1975    1976    1977    1978    1979    1980    1981    1982    1983    1984    1985    1986
------+------------------------------------------------------------------------------------------------------------------------
  0   | 0.00880 0.00807 0.00770 0.00686 0.00524 0.01035 0.00749 0.00631 0.00572 0.00762 0.00962 0.00532 0.00795 0.00755 0.00742
  1   | 0.03331 0.03053 0.02915 0.02597 0.01984 0.03917 0.02835 0.02387 0.02167 0.02885 0.03640 0.02015 0.03010 0.02857 0.02809
  2   | 0.07373 0.06758 0.06452 0.05748 0.04390 0.08671 0.06275 0.05284 0.04795 0.06385 0.08058 0.04460 0.06662 0.06323 0.06218
  3   | 0.14545 0.13332 0.12728 0.11340 0.08662 0.17106 0.12381 0.10425 0.09461 0.12597 0.15897 0.08798 0.13143 0.12475 0.12268
  4   | 0.22235 0.20381 0.19458 0.17336 0.13241 0.26151 0.18927 0.15937 0.14463 0.19258 0.24302 0.13450 0.20092 0.19071 0.18754
  5   | 0.25290 0.23180 0.22130 0.19717 0.15060 0.29743 0.21526 0.18126 0.16449 0.21903 0.27640 0.15297 0.22852 0.21690 0.21330
  6   | 0.28598 0.26212 0.25025 0.22296 0.17030 0.33634 0.24342 0.20497 0.18601 0.24768 0.31256 0.17298 0.25841 0.24528 0.24120
  7   | 0.32760 0.30027 0.28667 0.25540 0.19508 0.38529 0.27884 0.23480 0.21308 0.28373 0.35804 0.19815 0.29602 0.28097 0.27629
  8   | 0.30338 0.27807 0.26548 0.23653 0.18066 0.35680 0.25823 0.21745 0.19733 0.26275 0.33158 0.18351 0.27413 0.26020 0.25587
  9   | 0.30338 0.27807 0.26548 0.23653 0.18066 0.35680 0.25823 0.21745 0.19733 0.26275 0.33158 0.18351 0.27413 0.26020 0.25587
------+------------------------------------------------------------------------------------------------------------------------
                                               
 
 
        Fishing Mortality (per year)
        ----------------------------
------+------------------------------------------------------------------------------------------------------------------------
AGE   |    1987    1988    1989    1990    1991    1992    1993    1994    1995    1996    1997    1998    1999    2000    2001
------+------------------------------------------------------------------------------------------------------------------------
  0   | 0.00784 0.00860 0.00691 0.00665 0.00768 0.00711 0.00761 0.00633 0.00696 0.00609 0.00914 0.00747 0.00788 0.00608 0.00670
  1   | 0.02966 0.03256 0.02616 0.02515 0.02908 0.02692 0.02881 0.02397 0.02633 0.02304 0.03457 0.02825 0.02983 0.02299 0.02537
  2   | 0.06565 0.07208 0.05791 0.05566 0.06436 0.05957 0.06376 0.05305 0.05827 0.05099 0.07651 0.06252 0.06601 0.05087 0.05614
  3   | 0.12953 0.14221 0.11425 0.10980 0.12696 0.11752 0.12578 0.10464 0.11496 0.10059 0.15094 0.12334 0.13021 0.10036 0.11074
  4   | 0.19802 0.21742 0.17467 0.16786 0.19406 0.17965 0.19228 0.15997 0.17573 0.15378 0.23074 0.18854 0.19905 0.15342 0.16928
  5   | 0.22521 0.24728 0.19867 0.19092 0.22072 0.20425 0.21861 0.18188 0.19980 0.17484 0.26234 0.21436 0.22631 0.17443 0.19247
  6   | 0.25467 0.27962 0.22466 0.21591 0.24959 0.23103 0.24727 0.20572 0.22599 0.19776 0.29673 0.24247 0.25599 0.19730 0.21770
  7   | 0.29173 0.32031 0.25734 0.24733 0.28595 0.26460 0.28320 0.23562 0.25883 0.22650 0.33985 0.27770 0.29318 0.22597 0.24934
  8   | 0.27016 0.29663 0.23832 0.22904 0.26480 0.24510 0.26233 0.21825 0.23976 0.20980 0.31481 0.25724 0.27157 0.20931 0.23096
  9   | 0.27016 0.29663 0.23832 0.22904 0.26480 0.24510 0.26233 0.21825 0.23976 0.20980 0.31481 0.25724 0.27157 0.20931 0.23096
------+------------------------------------------------------------------------------------------------------------------------
                                               
 
 
        Fishing Mortality (per year)
        ----------------------------
------+--------
AGE   |    2002
------+--------
  0   | 0.00880
  1   | 0.03329
  2   | 0.07366
  3   | 0.14531
  4   | 0.22214
  5   | 0.25256
  6   | 0.28568
  7   | 0.32719
  8   | 0.30307
  9   | 0.30307
------+--------
                                               
 
 
 
        Population Abundance (1 January)
        --------------------------------
------+------------------------------------------------------------------------------------------------------------------------
AGE   |    1972    1973    1974    1975    1976    1977    1978    1979    1980    1981    1982    1983    1984    1985    1986
------+------------------------------------------------------------------------------------------------------------------------
  0   |  509.40  760.04  760.04  482.93  529.01  224.39  361.25  497.01  375.07  169.09  753.06  413.34  361.29  413.40  498.99
  1   |  441.83  434.60  648.92  649.16  412.82  452.94  191.14  308.61  425.09  320.99  144.43  641.96  353.87  308.50  353.14
  2   |  532.38  367.83  362.82  542.48  544.41  348.34  374.87  159.92  259.35  358.04  268.42  119.87  541.52  295.55  258.05
  3   |  288.19  425.66  295.90  292.77  440.84  448.45  274.91  303.03  130.56  212.78  289.11  213.15   98.67  436.05  238.80
  4   |  201.14  214.47  320.64  224.25  224.98  347.95  325.30  209.07  235.00  102.23  161.46  212.26  168.00   74.47  331.30
  5   |  144.43  138.61  150.56  227.18  162.29  169.62  230.57  231.71  153.44  175.03   72.58  108.99  159.70  118.28   52.97
  6   |   74.70   96.54   94.62  103.86  160.54  120.16  108.44  160.02  166.37  112.03  121.02   47.38   80.50  109.38   81.95
  7   |   29.39   48.30   63.93   63.41   71.53  116.54   73.88   73.17  112.21  118.89   75.27   76.20   34.30   53.51   73.67
  8   |   42.82   18.23   30.79   41.31   42.28   50.65   68.24   48.12   49.80   78.04   77.05   45.29   53.80   21.96   34.77
  9   |   65.78   62.94   46.54   46.06   55.14   64.27   66.91   85.87   87.18   90.83  105.18  103.50   99.68   93.67   66.80
------+------------------------------------------------------------------------------------------------------------------------
       x 10 ^ 6                                
 
 
        Population Abundance (1 January)
        --------------------------------
------+------------------------------------------------------------------------------------------------------------------------
AGE   |    1987    1988    1989    1990    1991    1992    1993    1994    1995    1996    1997    1998    1999    2000    2001
------+------------------------------------------------------------------------------------------------------------------------
  0   |  760.36  413.45  542.76  438.75  413.42  420.95  413.34  169.10  375.09  345.95  375.14  511.96  529.19  217.61  542.45
  1   |  426.31  649.34  352.81  463.94  375.13  353.11  359.75  353.07  144.63  320.60  295.95  319.95  437.37  451.90  186.17
  2   |  295.53  356.21  540.98  295.82  389.40  313.63  295.85  300.84  296.69  121.25  269.66  246.07  267.71  365.39  380.11
  3   |  208.72  238.20  285.27  439.43  240.83  314.27  254.33  238.91  245.56  240.91   99.17  215.00  198.96  215.70  298.89
  4   |  181.81  157.82  177.84  219.02  338.89  182.57  240.50  193.03  185.20  188.40  187.51   73.40  163.58  150.34  167.93
  5   |  236.39  128.37  109.29  128.54  159.38  240.24  131.30  170.79  141.58  133.72  139.05  128.14   52.32  115.38  110.99
  6   |   36.83  162.43   86.28   77.12   91.41  110.01  168.57   90.82  122.56   99.79   96.63   92.06   89.01   35.91   83.41
  7   |   55.42   24.57  105.70   59.32   53.49   61.30   75.16  113.31   63.64   84.15   70.48   61.82   62.18   59.31   25.37
  8   |   48.10   35.63   15.35   70.34   39.87   34.59   40.49   48.73   77.05   42.28   57.75   43.18   40.30   39.92   40.72
  9   |   57.82   63.41   56.81   46.17   75.22   69.79   65.59   68.11   71.02   94.72   90.53   87.61   80.35   69.14   70.47
------+------------------------------------------------------------------------------------------------------------------------
       x 10 ^ 6                                
 
 
        Population Abundance (1 January)
        --------------------------------
------+----------------
AGE   |    2002    2003
------+----------------
  0   |  752.72  395.69
  1   |  463.77  642.20
  2   |  156.22  386.10
  3   |  309.31  124.91
  4   |  230.29  230.22
  5   |  122.03  158.73
  6   |   78.81   81.59
  7   |   57.75   50.98
  8   |   17.02   35.84
  9   |   68.38   54.29
------+----------------
       x 10 ^ 6                                
 
 
 
        Weighting factors for the catches in number
        -------------------------------------------
------+----------------------------------------------------------------------------------------
AGE   |    1992    1993    1994    1995    1996    1997    1998    1999    2000    2001    2002
------+----------------------------------------------------------------------------------------
  0   |  0.0200  0.0200  0.0200  0.0200  0.0200  0.0200  0.0200  0.0200  0.0200  0.0200  0.0200
  1   |  1.0000  1.0000  1.0000  1.0000  1.0000  1.0000  1.0000  1.0000  1.0000  1.0000  1.0000
  2   |  1.0000  1.0000  1.0000  1.0000  1.0000  1.0000  1.0000  1.0000  1.0000  1.0000  1.0000
  3   |  1.0000  1.0000  1.0000  1.0000  1.0000  1.0000  1.0000  1.0000  1.0000  1.0000  1.0000
  4   |  1.0000  1.0000  1.0000  1.0000  1.0000  1.0000  1.0000  1.0000  1.0000  1.0000  1.0000
  5   |  1.0000  1.0000  1.0000  1.0000  1.0000  1.0000  1.0000  1.0000  1.0000  1.0000  1.0000
  6   |  1.0000  1.0000  1.0000  1.0000  1.0000  1.0000  1.0000  1.0000  1.0000  1.0000  1.0000
  7   |  1.0000  1.0000  1.0000  1.0000  1.0000  1.0000  1.0000  1.0000  1.0000  1.0000  1.0000
  8   |  1.0000  1.0000  1.0000  1.0000  1.0000  1.0000  1.0000  1.0000  1.0000  1.0000  1.0000
------+----------------------------------------------------------------------------------------
                                               
 
 
 
 Predicted SSB Index Values                                                     
  
 ---------------------------
 
          INDEX
        -------
------+------------------------------------------------------------------------------------------------------------------------
      |    1972    1973    1974    1975    1976    1977    1978    1979    1980    1981    1982    1983    1984    1985    1986
------+------------------------------------------------------------------------------------------------------------------------
  1   | ******* ******* ******* ******* ******* ******* ******* ******* ******* ******* ******* ******* ******* ******* *******
------+------------------------------------------------------------------------------------------------------------------------
       x 10 ^ 3                                
 
 
          INDEX
        -------
------+------------------------------------------------------------------------------------------------------------------------
      |    1987    1988    1989    1990    1991    1992    1993    1994    1995    1996    1997    1998    1999    2000    2001
------+------------------------------------------------------------------------------------------------------------------------
  1   | *******  257.67  282.56  281.93  316.04  326.73  323.25  306.38  318.06  288.48  254.06  222.59  224.98  229.56  270.64
------+------------------------------------------------------------------------------------------------------------------------
       x 10 ^ 3                                
 
 
          INDEX
        -------
------+--------
      |    2002
------+--------
  1   |  255.75
------+--------
       x 10 ^ 3                                
 
 
 
 Predicted Age-Structured Index Values                                          
  
 --------------------------------------
 
        FLT01: Dummy survey Predicted
        -----------------------------
------+--------------------------------
AGE   |    1981    1982    1983    1984
------+--------------------------------
  1   |   77.56   34.76  155.87   85.45
  2   |  426.10  316.52  144.18  643.48
  3   |  474.69  633.38  485.56  219.47
  4   |  112.28  172.49  240.71  183.68
  5   |  154.49   62.07   99.76  140.23
  6   |  105.24  109.69   46.38   75.18
  7   |  106.99   65.03   71.88   30.66
  8   |   98.43   93.57   59.66   67.42
  9   |   44.84   50.00   53.37   48.91
------+--------------------------------
       x 10 ^ 3                                
 
 
 
        Fitted Selection Pattern
        ------------------------
------+------------------------------------------------------------------------------------------------------------------------
AGE   |    1972    1973    1974    1975    1976    1977    1978    1979    1980    1981    1982    1983    1984    1985    1986
------+------------------------------------------------------------------------------------------------------------------------
  0   |  0.0348  0.0348  0.0348  0.0348  0.0348  0.0348  0.0348  0.0348  0.0348  0.0348  0.0348  0.0348  0.0348  0.0348  0.0348
  1   |  0.1317  0.1317  0.1317  0.1317  0.1317  0.1317  0.1317  0.1317  0.1317  0.1317  0.1317  0.1317  0.1317  0.1317  0.1317
  2   |  0.2915  0.2915  0.2915  0.2915  0.2915  0.2915  0.2915  0.2915  0.2915  0.2915  0.2915  0.2915  0.2915  0.2915  0.2915
  3   |  0.5751  0.5752  0.5752  0.5751  0.5751  0.5751  0.5752  0.5751  0.5751  0.5751  0.5751  0.5751  0.5751  0.5751  0.5751
  4   |  0.8792  0.8792  0.8793  0.8792  0.8792  0.8792  0.8793  0.8792  0.8792  0.8792  0.8792  0.8792  0.8792  0.8792  0.8792
  5   |  1.0000  1.0000  1.0000  1.0000  1.0000  1.0000  1.0000  1.0000  1.0000  1.0000  1.0000  1.0000  1.0000  1.0000  1.0000
  6   |  1.1308  1.1308  1.1308  1.1308  1.1308  1.1308  1.1308  1.1308  1.1308  1.1308  1.1308  1.1308  1.1308  1.1308  1.1308
  7   |  1.2954  1.2954  1.2954  1.2953  1.2954  1.2954  1.2954  1.2954  1.2954  1.2954  1.2954  1.2954  1.2954  1.2954  1.2954
  8   |  1.1996  1.1996  1.1996  1.1996  1.1996  1.1996  1.1996  1.1996  1.1996  1.1996  1.1996  1.1996  1.1996  1.1996  1.1996
  9   |  1.1996  1.1996  1.1996  1.1996  1.1996  1.1996  1.1996  1.1996  1.1996  1.1996  1.1996  1.1996  1.1996  1.1996  1.1996
------+------------------------------------------------------------------------------------------------------------------------
                                               
 
 
        Fitted Selection Pattern
        ------------------------
------+------------------------------------------------------------------------------------------------------------------------
AGE   |    1987    1988    1989    1990    1991    1992    1993    1994    1995    1996    1997    1998    1999    2000    2001
------+------------------------------------------------------------------------------------------------------------------------
  0   |  0.0348  0.0348  0.0348  0.0348  0.0348  0.0348  0.0348  0.0348  0.0348  0.0348  0.0348  0.0348  0.0348  0.0348  0.0348
  1   |  0.1317  0.1317  0.1317  0.1317  0.1317  0.1318  0.1318  0.1318  0.1318  0.1318  0.1318  0.1318  0.1318  0.1318  0.1318
  2   |  0.2915  0.2915  0.2915  0.2915  0.2916  0.2917  0.2917  0.2917  0.2917  0.2917  0.2917  0.2917  0.2917  0.2917  0.2917
  3   |  0.5751  0.5751  0.5751  0.5751  0.5752  0.5754  0.5754  0.5754  0.5754  0.5754  0.5754  0.5754  0.5754  0.5754  0.5754
  4   |  0.8792  0.8792  0.8792  0.8792  0.8792  0.8795  0.8795  0.8795  0.8795  0.8795  0.8795  0.8795  0.8795  0.8795  0.8795
  5   |  1.0000  1.0000  1.0000  1.0000  1.0000  1.0000  1.0000  1.0000  1.0000  1.0000  1.0000  1.0000  1.0000  1.0000  1.0000
  6   |  1.1308  1.1308  1.1308  1.1309  1.1308  1.1311  1.1311  1.1311  1.1311  1.1311  1.1311  1.1311  1.1311  1.1311  1.1311
  7   |  1.2954  1.2953  1.2953  1.2955  1.2955  1.2955  1.2955  1.2955  1.2955  1.2955  1.2955  1.2955  1.2955  1.2955  1.2955
  8   |  1.1996  1.1996  1.1995  1.1997  1.1997  1.2000  1.2000  1.2000  1.2000  1.2000  1.2000  1.2000  1.2000  1.2000  1.2000
  9   |  1.1996  1.1996  1.1995  1.1997  1.1997  1.2000  1.2000  1.2000  1.2000  1.2000  1.2000  1.2000  1.2000  1.2000  1.2000
------+------------------------------------------------------------------------------------------------------------------------
                                               
 
 
        Fitted Selection Pattern
        ------------------------
------+--------
AGE   |    2002
------+--------
  0   |  0.0348
  1   |  0.1318
  2   |  0.2917
  3   |  0.5754
  4   |  0.8795
  5   |  1.0000
  6   |  1.1311
  7   |  1.2955
  8   |  1.2000
  9   |  1.2000
------+--------
                                               
 
 
 
 
 
                    STOCK SUMMARY                                             
 
 
 ³ Year ³  Recruits  ³  Total  ³ Spawning³ Landings ³ Yield ³ Mean F ³ SoP ³    
 ³      ³   Age   0  ³ Biomass ³ Biomass ³          ³ /SSB  ³  Ages  ³     ³ 
 ³      ³  thousands ³  tonnes ³ tonnes  ³ tonnes   ³ ratio ³  4- 7  ³ (%) ³ 
 
   1972       509400    457500    297416     81364   0.2736   0.2722   100
   1973       760040    457102    307874     72425   0.2352   0.2495   100
   1974       760040    477571    307026     71271   0.2321   0.2382    99
   1975       482920    499885    321192     63513   0.1977   0.2122   100
   1976       529000    509643    357693     53403   0.1493   0.1621    99
   1977       224380    524150    361939    110742   0.3060   0.3201    99
   1978       361240    466897    351961     74239   0.2109   0.2317    99
   1979       497010    432868    328268     60323   0.1838   0.1951   100
   1980       375070    419740    306764     59942   0.1954   0.1771   100
   1981       169080    407153    296954     74522   0.2510   0.2358    99
   1982       753060    349042    259679     84528   0.3255   0.2975    99
   1983       413330    346558    244406     42418   0.1736   0.1647   100
   1984       361280    380892    264117     61362   0.2323   0.2460   100
   1985       413390    391288    287611     67909   0.2361   0.2335   100
   1986       498990    365459    270001     67884   0.2514   0.2296    99
   1987       760350    353592    255115     70717   0.2772   0.2424    99
   1988       413440    376082    257886     77989   0.3024   0.2662   100
   1989       542750    397702    282791     63190   0.2235   0.2138   100
   1990       438740    384389    282163     66112   0.2343   0.2055    99
   1991       413410    426963    316302     80692   0.2551   0.2376   100
   1992       420940    441258    327003     76859   0.2350   0.2199   100
   1993       413340    435285    323516     78679   0.2432   0.2353   100
   1994       169100    407867    306634     67700   0.2208   0.1958   100
   1995       375080    407671    318329     70506   0.2215   0.2151   100
   1996       345950    368753    288725     57236   0.1982   0.1882   100
   1997       375130    347193    254267     75325   0.2962   0.2824    99
   1998       511960    303402    222776     55586   0.2495   0.2308   100
   1999       529180    322751    225169     58371   0.2592   0.2436   100
   2000       217610    327558    229749     45167   0.1966   0.1878    99
   2001       542440    358528    270867     53434   0.1973   0.2072    99
   2002       752720    355454    255962     72278   0.2824   0.2719   100
 
 -----------------------------------------------------------------            
 No of years for separable analysis : 11                                      
 Age range in the analysis : 0  . . . 9                                       
 Year range in the analysis : 1972  . . . 2002                                
 Number of indices of SSB : 1                                                 
 Number of age-structured indices : 1                                         
                                                                              
 Parameters to estimate : 47                                                  
 Number of observations : 150                                                 
                                                                              
 Conventional single selection vector model to be fitted.                     
                                                                              
                                                                              
                                                                              
 -----------------------------------------------------------------            
 
 
 PARAMETER ESTIMATES                                                            
  
 
 ³Parm.³      ³ Maximum ³    ³        ³         ³         ³         ³ Mean of ³ 
  
 ³ No. ³      ³ Likelh. ³ CV ³  Lower ³ Upper   ³  -s.e.  ³   +s.e. ³ Param.  ³ 
  
 ³     ³      ³ Estimate³ (%)³ 95% CL ³ 95% CL  ³         ³         ³ Distrib.³ 
  
 Separable model : F by year                                                    
  
    1   1992     0.1530   0    0.1530    0.1530    0.1530    0.1530    0.1530
    2   1993     0.1608   0    0.1608    0.1608    0.1608    0.1608    0.1608
    3   1994     0.1322   0    0.1322    0.1322    0.1322    0.1322    0.1322
    4   1995     0.1448   0    0.1448    0.1448    0.1448    0.1448    0.1448
    5   1996     0.1283   0    0.1283    0.1283    0.1283    0.1283    0.1283
    6   1997     0.1966   0    0.1966    0.1966    0.1966    0.1966    0.1966
    7   1998     0.1663   1    0.1631    0.1696    0.1647    0.1680    0.1664
    8   1999     0.1852 100    0.0261    1.3145    0.0681    0.5033    0.3053
    9   2000     0.1526   0    0.1525    0.1526    0.1526    0.1526    0.1526
   10   2001     0.1814   0    0.1814    0.1814    0.1814    0.1814    0.1814
   11   2002     0.2560   0    0.2560    0.2560    0.2560    0.2560    0.2560
 
 Separable Model: Selection (S) by age                                          
  
   12      0     0.0473   0    0.0473    0.0473    0.0473    0.0473    0.0473
   13      1     0.1615   0    0.1615    0.1615    0.1615    0.1615    0.1615
   14      2     0.3302   0    0.3302    0.3302    0.3302    0.3302    0.3302
   15      3     0.6150   0    0.6150    0.6150    0.6150    0.6150    0.6150
   16      4     0.9025   0    0.9025    0.9025    0.9025    0.9025    0.9025
           5     1.0000     Fixed : Reference Age             
   17      6     1.1191   0    1.1191    1.1191    1.1191    1.1191    1.1191
   18      7     1.1937   0    1.1937    1.1937    1.1937    1.1937    1.1937
           8     1.2000     Fixed : Last true age             
 
 Separable model: Populations in year 2002                                    
   19      0     548230   0     548230    548230    548230    548230    548230
   20      1     368516   0     368516    368516    368516    368516    368516
   21      2     134255   0     134255    134255    134255    134255    134255
   22      3     285048   0     285048    285048    285048    285048    285048
   23      4     226204   0     226204    226204    226204    226204    226204
   24      5     127456   0     127456    127456    127456    127456    127456
   25      6      87491   0      87491     87491     87491     87491     87491
   26      7      68625   0      68625     68625     68625     68625     68625
   27      8      22110   0      22110     22110     22110     22110     22110
 
Separable model: Populations at age
   28   1992      53053   0      53053     53053     53053     53053     53053
   29   1993      62105   0      62105     62105     62105     62105     62105
   30   1994      75666   0      75666     75666     75666     75666     75666
   31   1995     120622   0     120622    120622    120622    120622    120622
   32   1996      67191   0      67191     67191     67191     67191     67191
   33   1997      91009   0      91009     91009     91009     91009     91009
   34   1998      68930   0      68930     68930     68930     68930     68930
   35   1999      62348   0      62348     62348     62348     62348     62348
   36   2000      58970   0      58970     58970     58970     58970     58970
   37   2001      56721   0      56721     56721     56721     56721     56721
 
 SSB Index catchabilities                                                       
  
   INDEX                                 
 Linear model fitted. Slopes at age :                                           
  
   38   1  Q  .7557       0 .7557     .7557     .7557     .7557     .7557    
 
 
 
 Age-structured index catchabilities                                            
  
                                        FLT01: Dummy survey                     
 
 Linear model fitted. Slopes at age :                                           
  
   39   1  Q  .2458       0 .2458     .2458     .2458     .2458     .2458    
   40   2  Q  1.240       0 1.240     1.240     1.240     1.240     1.240    
   41   3  Q  2.409       0 2.409     2.409     2.409     2.409     2.409    
   42   4  Q  1.226       0 1.226     1.226     1.226     1.226     1.226    
   43   5  Q  .9923       0 .9923     .9923     .9923     .9923     .9923    
   44   6  Q  1.062       0 1.062     1.062     1.062     1.062     1.062    
   45   7  Q  1.022       0 1.022     1.022     1.022     1.022     1.022    
   46   8  Q  1.377       0 1.377     1.377     1.377     1.377     1.377    
   47   9  Q  .5392       0 .5392     .5392     .5392     .5392     .5392    
 
 
 
 RESIDUALS ABOUT THE MODEL FIT                                                  
  
 ------------------------------
 
        Separable Model Residuals
        -------------------------
------+----------------------------------------------------------------------------------------
Age   |    1992    1993    1994    1995    1996    1997    1998    1999    2000    2001    2002
------+----------------------------------------------------------------------------------------
  0   | ******* ******* ******* ******* ******* ******* ******* ******* ******* ******* *******
  1   | ******* ******* ******* ******* ******* ******* ******* ******* ******* ******* *******
  2   | ******* ******* ******* ******* ******* ******* ******* ******* ******* ******* *******
  3   | ******* ******* ******* ******* ******* ******* ******* ******* ******* ******* *******
  4   | ******* ******* ******* ******* ******* ******* ******* ******* ******* ******* *******
  5   | ******* ******* ******* ******* ******* ******* ******* ******* ******* ******* *******
  6   | ******* ******* ******* ******* ******* ******* ******* ******* ******* ******* *******
  7   | ******* ******* ******* ******* ******* ******* ******* ******* ******* ******* *******
  8   | ******* ******* ******* ******* ******* ******* ******* ******* ******* ******* *******
------+----------------------------------------------------------------------------------------
                                               
 
 
 
 SPAWNING BIOMASS INDEX RESIDUALS                                               
  
 ---------------------------------
 
          INDEX
        -------
------+------------------------------------------------------------------------------------------------------------------------
      |    1972    1973    1974    1975    1976    1977    1978    1979    1980    1981    1982    1983    1984    1985    1986
------+------------------------------------------------------------------------------------------------------------------------
  1   | ******* ******* ******* ******* ******* ******* ******* ******* ******* ******* ******* ******* ******* ******* *******
------+------------------------------------------------------------------------------------------------------------------------
                                               
 
 
          INDEX
        -------
------+------------------------------------------------------------------------------------------------------------------------
      |    1987    1988    1989    1990    1991    1992    1993    1994    1995    1996    1997    1998    1999    2000    2001
------+------------------------------------------------------------------------------------------------------------------------
  1   | ******* ******* ******* ******* ******* ******* ******* ******* ******* ******* ******* ******* ******* ******* *******
------+------------------------------------------------------------------------------------------------------------------------
                                               
 
 
          INDEX
        -------
------+--------
      |    2002
------+--------
  1   | *******
------+--------
                                               
 
 
 
 AGE-STRUCTURED INDEX RESIDUALS                                                 
  
 -------------------------------
 
        FLT01: Dummy survey
        -------------------
------+--------------------------------
Age   |    1981    1982    1983    1984
------+--------------------------------
  1   |   1.233   1.765  -1.274  -1.724
  2   |   0.173   0.320   1.598  -2.091
  3   |  -0.746  -0.270  -0.088   1.104
  4   |  -1.265   0.065   0.487   0.713
  5   |   0.124  -0.921   0.268   0.530
  6   |   0.410   0.219  -0.831   0.202
  7   |  -0.073   0.513   0.239  -0.680
  8   |   0.169  -0.102   0.173  -0.270
  9   |  -0.239   0.554  -0.125  -0.219
------+--------------------------------
                                               
 
 
 
 
 
 
 PARAMETERS OF THE DISTRIBUTION OF ln(CATCHES AT AGE)                           
  
 -----------------------------------------------------
 
 Separable model fitted from 1992  to 2002                                    
 Variance                             0.0000
Skewness test stat.                  -4.2138
Kurtosis test statistic               0.4217
Partial chi-square                    0.0000
Significance in fit                   0.0000
Degrees of freedom                        62
 
 
 PARAMETERS OF DISTRIBUTIONS OF THE SSB INDICES                                 
  
 -----------------------------------------------
 
 
   DISTRIBUTION STATISTICS FOR   INDEX                                          
 
 
 Linear catchability relationship assumed                                       
  
 Last age is a plus-group                                                       
  
 
 Variance                             0.0000
Skewness test stat.                   2.6157
Kurtosis test statistic               0.1693
Partial chi-square                    0.0000
Significance in fit                   0.0000
Number of observations                    15
Degrees of freedom                        14
Weight in the analysis                5.0000
 
 PARAMETERS OF THE DISTRIBUTION OF THE AGE-STRUCTURED INDICES                   
  
 ------------------------------------------------------------ 
 
 
   DISTRIBUTION STATISTICS FOR FLT01: Dummy survey                              
 
 
 Linear catchability relationship assumed                                       
  
 
 Age                          1         2         3         4         5         6         7         8         9
 Variance                0.0034    0.0026    0.0007    0.0009    0.0005    0.0004    0.0003    0.0001    0.0002
Skewness test stat.      0.0104   -0.4375    0.5873   -0.7013   -0.7453   -0.8618   -0.3873   -0.3284    0.8386
Kurtosis test statisti  -0.7747   -0.3840   -0.3713   -0.3742   -0.3368   -0.2982   -0.4719   -0.6452   -0.3329
Partial chi-square       0.0009    0.0006    0.0002    0.0002    0.0001    0.0001    0.0001    0.0000    0.0000
Significance in fit      0.0000    0.0000    0.0000    0.0000    0.0000    0.0000    0.0000    0.0000    0.0000
Number of observations        4         4         4         4         4         4         4         4         4
Degrees of freedom            3         3         3         3         3         3         3         3         3
Weight in the analysis   0.0011    0.0011    0.0011    0.0011    0.0011    0.0011    0.0011    0.0011    0.0011
 
 ANALYSIS OF VARIANCE                   
--------------------------
 
 Unweighted Statistics                                                          
  
 
                                                                                
  
Variance                              
                                       SSQ     Data    Parameters d.f. Variance
Total for model                        24.0133     150         47  103   0.2331
Catches at age                          0.0000      99         37   62   0.0000
  
SSB Indices                           
  INDEX                                 0.0000      15          1   14   0.0000
  
 Aged Indices                                                                   
  
FLT01: Dummy survey                    24.0132      36          9   27   0.8894
 
 
 Weighted Statistics                                                            
  
 
                                                                                
  
Variance                              
                                       SSQ     Data    Parameters d.f. Variance
Total for model                         0.0000     150         47  103   0.0000
Catches at age                          0.0000      99         37   62   0.0000
  
SSB Indices                           
  INDEX                                 0.0000      15          1   14   0.0000
  
 Aged Indices                                                                   
  
FLT01: Dummy survey                     0.0000      36          9   27   0.0000
 
