 ICA v1_3 TUNING DIAGNOSTICS FILE
   1       1
 F         SSQ
  0.05  27.43890057      22.86568348      4.573217082    
  0.10  14.56189508      10.01642138      4.545473700    
  0.15  9.485109215      4.952490163      4.532619052    
  0.20  7.089051803      2.563637699      4.525414104    
  0.25  5.893773143      1.372840440      4.520932703    
  0.30  5.304341426     0.7863879661      4.517953460    
  0.35  5.043446750     0.5275647228      4.515882027    
  0.40  4.969643024     0.4552444891      4.514398535    
  0.45  5.006012387     0.4927011459      4.513311241    
  0.50  5.108676013     0.5961727670      4.512503246    
  0.55  5.251617165     0.7397197644      4.511897401    
  0.60  5.418952981     0.9075116414      4.511441339    
  0.65  5.600749056      1.089650611      4.511098446    
  0.70  5.790682642      1.279840162      4.510842480    
  0.75  5.984689751      1.474035506      4.510654245    
  0.80  6.180138783      1.669619339      4.510519444    
  0.85  6.375336550      1.864909291      4.510427259    
  0.90  6.569210179      2.058840786      4.510369393    
  0.95  6.761106574      2.250767179      4.510339395    
  1.00  6.950674345      2.440342153      4.510332192    
