 ICA v1_3 TUNING DIAGNOSTICS FILE
   1       1
 F         SSQ
  0.05  20.78836394      18.39597095      2.392392998    
  0.10  9.810903405      7.427874770      2.383028634    
  0.15  5.739735715      3.362581996      2.377153719    
  0.20  3.989796308      1.616931209      2.372865099    
  0.25  3.242013771     0.8723729818      2.369640789    
  0.30  2.977894589     0.6107065558      2.367188033    
  0.35  2.962707508     0.5974003610      2.365307147    
  0.40  3.080591424     0.7167364880      2.363854936    
  0.45  3.270721744     0.9079949132      2.362726831    
  0.50  3.499757524      1.137911300      2.361846224    
  0.55  3.748800756      1.387644419      2.361156337    
  0.60  4.006901335      1.646286585      2.360614750    
  0.65  4.267641306      1.907451832      2.360189475    
  0.70  4.527271762      2.167415606      2.359856156    
  0.75  4.783638962      2.424042888      2.359596074    
  0.80  5.035575990      2.676181287      2.359394703    
  0.85  5.282532647      2.923291977      2.359240670    
  0.90  5.524351334      3.165226345      2.359124989    
  0.95  5.761129947      3.402089451      2.359040496    
  1.00  5.993138100      3.634156670      2.358981431    
