 ICA v1_3 TUNING DIAGNOSTICS FILE
   1       1
 F         SSQ
  0.05  21.07904070      18.71462179      2.364418909    
  0.10  8.814570553      6.474251276      2.340319277    
  0.15  4.730114334      2.400543876      2.329570458    
  0.20  3.263274415     0.9396849596      2.323589455    
  0.25  2.837330472     0.5174752690      2.319855203    
  0.30  2.868648205     0.5512825288      2.317365677    
  0.35  3.110379547     0.7947426952      2.315636851    
  0.40  3.449018189      1.134614819      2.314403370    
  0.45  3.829379461      1.515872482      2.313506978    
  0.50  4.223663034      1.910815397      2.312847637    
  0.55  4.617691139      2.305331765      2.312359373    
  0.60  5.004249866      2.692252622      2.311997244    
  0.65  5.379854355      3.068124527      2.311729829    
  0.70  5.743037479      3.431502801      2.311534678    
  0.75  6.093433395      3.782037942      2.311395453    
  0.80  6.431292212      4.119992144      2.311300069    
  0.85  6.757181398      4.445941947      2.311239450    
  0.90  7.071844165      4.760637470      2.311206694    
  0.95  7.376110828      5.064914347      2.311196481    
  1.00  7.670852024      5.359647360      2.311204664    
