 ICA v1_3 TUNING DIAGNOSTICS FILE
   1       1
 F         SSQ
  0.05  20.48237939      18.15990206      2.322477332    
  0.10  9.075269984      6.781466634      2.293803350    
  0.15  5.056687773      2.776127728      2.280560045    
  0.20  3.468215340      1.194940904      2.273274436    
  0.25  2.888155197     0.6193089285      2.268846269    
  0.30  2.773386854     0.5074025987      2.265984256    
  0.35  2.886064151     0.6220024504      2.264061701    
  0.40  3.112703946     0.8499632228      2.262740723    
  0.45  3.395901131      1.134080284      2.261820847    
  0.50  3.705413767      1.444234157      2.261179609    
  0.55  4.024888512      1.764151642      2.260736871    
  0.60  4.345381223      2.084942517      2.260438706    
  0.65  4.662044788      2.401797004      2.260247784    
  0.70  4.972350984      2.712213334      2.260137649    
  0.75  5.275112725      3.015024382      2.260088342    
  0.80  5.569943446      3.309855977      2.260087469    
  0.85  5.856932304      3.596808632      2.260123672    
  0.90  6.136436837      3.876247847      2.260188990    
  0.95  6.409001624      4.148724313      2.260277311    
  1.00  6.675290170      4.414906277      2.260383892    
