 Initial value of the OBJECTIVE function =    1063.1382
 Amoeba restart #     1, Objective function =      28.0340
 Amoeba restart #     2, Objective function =       6.0147
 Amoeba restart #     3, Objective function =       5.4775
 Amoeba restart #     4, Objective function =       0.7603
 Amoeba restart #     5, Objective function =      -9.5551
 Amoeba restart #     6, Objective function =      -9.6153
 Amoeba restart #     7, Objective function =      -9.7359
 Amoeba restart #     8, Objective function =     -11.7426
 Amoeba restart #     9, Objective function =     -11.9430
 Amoeba restart #    10, Objective function =     -13.2912
 Amoeba restart #    11, Objective function =     -14.3262
 Amoeba restart #    12, Objective function =     -14.7287
 Amoeba restart #    13, Objective function =     -14.8065
 Amoeba restart #    14, Objective function =     -14.9053
 Amoeba restart #    15, Objective function =     -14.9547
 Amoeba restart #    16, Objective function =     -14.9718
 Amoeba restart #    17, Objective function =     -14.9814
 Amoeba restart #    18, Objective function =     -15.0018
 Amoeba restart #    19, Objective function =     -15.0089
 Amoeba restart #    20, Objective function =     -15.0089
 Amoeba restart #    21, Objective function =     -15.0113
 Amoeba restart #    22, Objective function =     -15.0123
 Amoeba restart #    23, Objective function =     -15.0131
 Amoeba restart #    24, Objective function =     -15.0132


FIRST DERIVATIVE TEST
==============================================      
             -h       central        +h     
         ----------  ----------  ---------- 
    1 : -0.2856D+01  0.5490D+00  0.3870D+01
    2 : -0.1827D+01  0.1967D+00  0.2167D+01
    3 : -0.2724D+01  0.9720D-01  0.2836D+01
    4 : -0.9626D+00  0.2921D+00  0.1508D+01
    5 : -0.1841D+01  0.9283D-01  0.2097D+01
    6 : -0.7521D+00 -0.9564D-01  0.5430D+00
    7 : -0.1588D+01 -0.2691D+00  0.1007D+01
    8 : -0.1465D+01 -0.1602D+00  0.1147D+01
    9 : -0.1424D+01 -0.6852D-01  0.1250D+01
   10 : -0.1569D+01 -0.1887D+00  0.1162D+01
   11 : -0.1378D+01  0.7501D-01  0.1499D+01
   12 : -0.1537D+01  0.2008D-01  0.1570D+01
   13 : -0.1820D+01 -0.1209D+00  0.1573D+01
   14 : -0.1814D+01  0.6471D-01  0.1871D+01
   15 : -0.1773D+01  0.1260D+00  0.1989D+01
   16 : -0.1708D+01  0.1677D+00  0.2036D+01
   17 : -0.1893D+01 -0.6280D-01  0.1727D+01
   18 : -0.1749D+01 -0.1644D-01  0.1679D+01
   19 : -0.1799D+01 -0.2625D-01  0.1667D+01
   20 : -0.1881D+01  0.1034D+00  0.2074D+01
   21 : -0.2349D+01  0.5930D-01  0.2437D+01
   22 : -0.2616D+01  0.9894D-01  0.2681D+01
   23 : -0.2947D+01 -0.3488D-01  0.2823D+01
   24 : -0.2926D+01  0.3458D-02  0.2904D+01
   25 : -0.2966D+01 -0.1654D+00  0.2534D+01
   26 : -0.2575D+01  0.5673D-01  0.2576D+01
   27 : -0.2899D+01 -0.1705D+00  0.2432D+01
   28 : -0.2852D+01 -0.8061D-01  0.2670D+01
   29 : -0.3220D+01 -0.1238D+00  0.2991D+01
   30 : -0.3079D+01  0.1219D+00  0.3299D+01
   31 : -0.3363D+01 -0.1221D+00  0.3136D+01
   32 : -0.3172D+01 -0.4044D-01  0.2991D+01
   33 : -0.2930D+01 -0.6021D-01  0.2749D+01
   34 : -0.2163D+01  0.1073D+00  0.2380D+01
   35 : -0.2296D+01 -0.2019D+00  0.1826D+01
   36 : -0.1898D+01  0.3967D-01  0.1985D+01
   37 : -0.1962D+01  0.2707D-02  0.1832D+01
   38 : -0.2025D+01 -0.2980D-02  0.1963D+01
   39 : -0.1526D+01  0.1491D+00  0.1836D+01
   40 : -0.1350D+01  0.5111D-01  0.1407D+01
   41 : -0.1412D+01 -0.1199D-01  0.1340D+01
   42 : -0.1174D+01 -0.9170D-01  0.1006D+01
   43 : -0.8903D+01 -0.2076D+00  0.8147D+01


HESSIAN MATRIX
===========================================================================================================================================================================================================================================================================      
              1            2            3            4            5            6            7            8            9           10           11           12           13           14           15           16           17           18           19           20
    1 :   0.1705D+05
    2 :  -0.4146D+04   0.3055D+04
    3 :   0.1565D+02  -0.7525D+03   0.5085D+04
    4 :  -0.2195D+01   0.6802D+02  -0.1253D+03   0.1253D+04
    5 :  -0.1141D+03  -0.1479D+03  -0.3351D+03   0.6153D+01   0.1728D+04
    6 :   0.2199D-03   0.1342D-01   0.1276D+00   0.2200D+00   0.7498D+00   0.1673D+03
    7 :   0.1796D-02   0.5421D-01   0.3355D+00   0.4173D+00   0.5867D+01  -0.1660D+03   0.3364D+03
    8 :   0.1282D-01   0.8937D-01   0.1089D+00  -0.1132D+00  -0.7434D+00  -0.9261D+00  -0.1639D+03   0.3439D+03
    9 :   0.7124D-02   0.7578D-01  -0.6504D+00  -0.1901D+01  -0.2064D+01  -0.1378D+01  -0.6109D+00  -0.1566D+03   0.3534D+03
   10 :   0.4032D-01  -0.4126D+00  -0.2729D+01  -0.3025D+01  -0.9974D+01  -0.9431D+00  -0.4134D+01   0.6079D+01  -0.1480D+03   0.3599D+03
   11 :  -0.7420D-01  -0.9383D+00  -0.4278D+01  -0.5395D+01  -0.1480D+02  -0.8926D+00  -0.1453D+01   0.5502D+00   0.9892D+01  -0.1492D+03   0.4024D+03
   12 :  -0.1486D+00  -0.1319D+01  -0.6206D+01  -0.6090D+01  -0.4043D+02  -0.7047D+00  -0.2622D+01   0.9397D-01   0.5084D+01   0.2047D+02  -0.1563D+03   0.4632D+03
   13 :  -0.3099D+00  -0.2132D+01  -0.8219D+01  -0.8617D+01  -0.2977D+02  -0.1057D+01  -0.7428D+00   0.2348D+01   0.1082D+02   0.1196D+02   0.2344D+02  -0.1832D+03   0.5349D+03
   14 :  -0.6054D+00  -0.2735D+01  -0.1173D+02  -0.1119D+02  -0.5262D+02  -0.1012D+01  -0.3763D+00   0.2095D+01   0.3613D+01   0.1921D+02   0.2598D+02   0.4087D+02  -0.2040D+03   0.6143D+03
   15 :  -0.4198D+00  -0.3167D+01  -0.1325D+02  -0.1316D+02  -0.5305D+02  -0.8629D+00  -0.6332D+00  -0.3458D+01  -0.6899D+00   0.1359D+02   0.2411D+02   0.2566D+02   0.3757D+02  -0.2130D+03   0.6735D+03
   16 :  -0.5455D+00  -0.3811D+01  -0.1506D+02  -0.1478D+02  -0.5729D+02  -0.1014D+01  -0.1223D+00  -0.1754D+01   0.2528D+01   0.1031D+02   0.1302D+02   0.2027D+02   0.3018D+02   0.4553D+02  -0.2217D+03   0.6699D+03
   17 :  -0.5998D+00  -0.3343D+01  -0.1497D+02  -0.1300D+02  -0.5223D+02   0.4581D-01  -0.3990D+01   0.3934D+01   0.4126D+01   0.4934D+01   0.6274D+01   0.1211D+02   0.2343D+02   0.3271D+02   0.3971D+02  -0.2111D+03   0.6256D+03
   18 :  -0.3328D+00  -0.2990D+01  -0.1087D+02  -0.1343D+02  -0.5277D+02  -0.3068D+00   0.6463D+00  -0.2694D+01   0.5541D+01   0.7482D+00   0.4298D+01   0.4057D+01   0.1509D+02   0.2299D+02   0.2761D+02   0.3726D+02  -0.1991D+03   0.5856D+03
   19 :  -0.4880D+00  -0.2377D+01  -0.1115D+02  -0.1318D+02  -0.7124D+02   0.1782D+00  -0.1539D+01  -0.3134D+01  -0.3896D+01   0.8658D+01   0.4074D+01   0.1019D+02   0.7231D+01   0.1916D+02   0.2291D+02   0.2612D+02   0.2587D+02  -0.1922D+03   0.5863D+03
   20 :  -0.8209D+00  -0.4461D+01  -0.1630D+02  -0.1791D+02  -0.8229D+02  -0.6666D+00  -0.1486D+01   0.1815D+01   0.5724D+00   0.5641D+01   0.8027D+01   0.1513D+01   0.1150D+02   0.1214D+02   0.1527D+02   0.2766D+02   0.3819D+02   0.4031D+02  -0.2170D+03   0.7223D+03


              1            2            3            4            5            6            7            8            9           10           11           12           13           14           15           16           17           18           19           20
      21           22           23           24           25           26           27           28           29           30           31           32           33           34           35           36           37           38           39           40
   21 :  -0.1481D+01  -0.6465D+01  -0.2545D+02  -0.2478D+02  -0.1589D+03   0.2989D+00  -0.1734D+01  -0.4039D+01  -0.5529D+01   0.9580D+01   0.5816D+01   0.1255D+02   0.5757D+01   0.2555D+02   0.2517D+02   0.1999D+02   0.2353D+02   0.3373D+02   0.6079D+02  -0.2331D+03
   22 :  -0.1401D+01  -0.8485D+01  -0.2983D+02  -0.2692D+02  -0.1627D+03  -0.1024D+00  -0.1409D+01   0.5046D+01  -0.1070D+01   0.6003D+01   0.4194D+01   0.9376D+01   0.2482D+01   0.1664D+02   0.1697D+02   0.2472D+02   0.2375D+02   0.2468D+02   0.5050D+02   0.5255D+02
   23 :  -0.1484D+01  -0.8813D+01  -0.3585D+02  -0.3996D+02  -0.2034D+03  -0.9792D-01  -0.1305D+01   0.5324D+01  -0.4128D+01   0.5692D+01   0.3945D+01   0.8811D+01   0.2647D+01   0.1964D+02   0.7018D+01   0.1777D+02   0.2301D+02   0.2537D+02   0.3943D+02   0.6481D+02
   24 :  -0.1783D+01  -0.9898D+01  -0.4681D+02  -0.4585D+02  -0.2065D+03  -0.4917D-01  -0.1187D+01  -0.9794D+00  -0.4163D+01   0.4952D+01   0.3085D+01  -0.5844D+01   0.7076D+01   0.7295D+01   0.2646D+01   0.1170D+02   0.2051D+02   0.1906D+02   0.2238D+02   0.6276D+02
   25 :  -0.1682D+01  -0.1133D+02  -0.4646D+02  -0.5003D+02  -0.2351D+03  -0.6257D+00  -0.3367D+01  -0.8970D+00  -0.1670D+01  -0.3523D+01  -0.2223D+01  -0.9350D+00  -0.3707D+01  -0.2815D+00   0.3885D+01   0.9211D+01   0.1472D+02   0.1338D+02   0.1500D+02   0.4476D+02
   26 :  -0.1666D+01  -0.1112D+02  -0.5751D+02  -0.5098D+02  -0.2187D+03   0.2796D-01  -0.2836D+00  -0.1176D+01  -0.4162D+01   0.1770D+00   0.2507D+01   0.1059D+01  -0.1428D+01   0.9941D+01   0.1572D+01   0.1218D+01   0.9123D+00   0.4249D+01   0.1582D+02   0.2522D+02
   27 :  -0.2844D+01  -0.1415D+02  -0.6853D+02  -0.5954D+02  -0.2230D+03   0.6023D+00   0.2418D+01  -0.6728D+00   0.4240D+01  -0.8197D+01  -0.3454D+01  -0.6264D+00  -0.1298D+01   0.3310D+01   0.5001D+00   0.7052D-01   0.9709D+01   0.5464D+01   0.8866D+01   0.8327D+01
   28 :  -0.3670D+01  -0.1967D+02  -0.8150D+02  -0.6508D+02  -0.2306D+03   0.6173D+00   0.2471D+01  -0.4356D+00   0.4633D+01  -0.1825D+01  -0.7597D+01  -0.1074D+02   0.6884D+01  -0.1155D+02  -0.1209D+02  -0.9416D+01   0.3668D+01   0.7149D+01   0.6269D+00   0.1173D+02
   29 :  -0.5000D+01  -0.2531D+02  -0.1082D+03  -0.8725D+02  -0.2614D+03   0.7071D+00   0.2770D+01  -0.5365D+00   0.4578D+01  -0.2740D+01  -0.9325D+01  -0.1300D+02   0.8068D+01  -0.1511D+02  -0.1334D+02  -0.2837D+01   0.6295D+00   0.7355D+01   0.1468D+00   0.6593D+01
   30 :  -0.3779D+01  -0.2356D+02  -0.1031D+03  -0.8679D+02  -0.2812D+03  -0.4920D+00   0.2566D+00  -0.3461D+01  -0.1100D+01  -0.3656D+01  -0.1736D+01   0.8807D+00  -0.5733D+01  -0.1066D+02  -0.2040D+01  -0.4193D+01  -0.8733D+01   0.2860D+01  -0.3034D+01   0.9236D+01
   31 :  -0.4397D+01  -0.2262D+02  -0.1066D+03  -0.1024D+03  -0.2891D+03  -0.4954D+00  -0.3203D+01  -0.6515D+00  -0.1254D+01  -0.4051D+01   0.1421D+01   0.2029D+00  -0.1067D+02  -0.9945D+01  -0.3878D+01  -0.6512D+01  -0.1579D+02  -0.1943D+02  -0.9207D+01   0.4899D+01
   32 :  -0.7936D+01  -0.2471D+02  -0.1098D+03  -0.1072D+03  -0.3059D+03  -0.4244D+00  -0.3024D+01  -0.5398D+00  -0.6155D+01  -0.3467D+01  -0.7398D+01  -0.2862D+01  -0.1376D+02  -0.1019D+02  -0.2054D+01  -0.1569D+02  -0.1425D+02  -0.2017D+02  -0.1828D+01  -0.7694D+01
   33 :  -0.1209D+02  -0.2428D+02  -0.1115D+03  -0.1076D+03  -0.2966D+03  -0.3693D+00  -0.1939D+01   0.3339D+01  -0.7338D+01  -0.1006D+01  -0.1150D+02  -0.2940D+01  -0.1329D+02  -0.8451D+01  -0.6983D+01  -0.1434D+02  -0.1957D+02  -0.2024D+02  -0.1333D+01  -0.9129D+01
   34 :  -0.1279D+02  -0.2562D+02  -0.9455D+02  -0.8450D+02  -0.1857D+03  -0.3272D+00  -0.1719D+01  -0.4091D+00  -0.1752D+01  -0.5914D+01  -0.5511D+01  -0.4791D+01  -0.6131D+01  -0.9271D+01  -0.1525D+02  -0.1075D+02  -0.1104D+02  -0.1008D+02  -0.6783D+01  -0.7470D+01
   35 :  -0.1502D+02  -0.2428D+02  -0.1019D+03  -0.8335D+02  -0.1578D+03  -0.2696D+00  -0.1466D+01  -0.2975D+01   0.8883D+00  -0.6265D+01  -0.4208D+01  -0.1022D+02  -0.3817D+01  -0.1535D+02  -0.1200D+02  -0.1541D+02  -0.7389D+01  -0.9480D+01  -0.1627D+02  -0.2827D+01
   36 :  -0.1765D+02  -0.2920D+02  -0.9744D+02  -0.8201D+02  -0.9516D+02  -0.2413D+00  -0.1398D+01  -0.2851D+01   0.7828D+00  -0.5983D+01  -0.3935D+01  -0.1182D+02  -0.5106D+01  -0.1402D+02  -0.1253D+02  -0.1395D+02  -0.5868D+01  -0.7382D+01  -0.1775D+02  -0.2800D+01
   37 :  -0.1934D+02  -0.2846D+02  -0.9939D+02  -0.8344D+02  -0.9060D+02   0.1721D+00   0.4898D+00  -0.2960D+00   0.9586D+00  -0.6271D+01  -0.1139D+01  -0.1246D+02  -0.3379D+01  -0.1122D+02  -0.1692D+02  -0.1410D+02  -0.7783D+01  -0.6288D+01  -0.1807D+02  -0.7097D+01
   38 :  -0.2415D+02  -0.4322D+02  -0.1214D+03  -0.9684D+02  -0.6015D+02  -0.2063D+00  -0.1293D+01  -0.3668D+00   0.5555D+00  -0.6906D+01  -0.4780D+01  -0.1097D+02  -0.6632D+01  -0.1362D+02  -0.1943D+02  -0.1066D+02  -0.1320D+02  -0.1258D+02  -0.1920D+02  -0.1309D+02
   39 :  -0.2046D+02  -0.3141D+02  -0.9305D+02  -0.7483D+02  -0.8000D+00   0.1686D+00   0.1949D+01  -0.1798D+00   0.7942D+00  -0.1171D+01  -0.3310D+01  -0.6045D+01  -0.7496D+01  -0.1058D+02  -0.8316D+01  -0.9782D+01  -0.1206D+02  -0.1178D+02  -0.1086D+02  -0.2444D+02
   40 :  -0.1655D+02  -0.2499D+02  -0.7354D+02  -0.5997D+02   0.1896D+02   0.9986D-01   0.1691D+01  -0.1169D+00   0.2134D+01  -0.5929D+00  -0.2362D+01  -0.4596D+01  -0.7840D+01  -0.5771D+01  -0.6866D+01  -0.7719D+01  -0.1743D+02  -0.1035D+02  -0.9916D+01  -0.1411D+02

             21           22           23           24           25           26           27           28           29           30           31           32           33           34           35           36           37           38           39           40
   21 :   0.1073D+04
   22 :  -0.2720D+03   0.1233D+04
   23 :   0.1184D+03  -0.2982D+03   0.1409D+04
   24 :   0.9055D+02   0.1607D+03  -0.2638D+03   0.1403D+04
   25 :   0.7422D+02   0.1066D+03   0.1527D+03  -0.2580D+03   0.1321D+04
   26 :   0.6375D+02   0.8642D+02   0.1248D+03   0.1405D+03  -0.2253D+03   0.1130D+04
   27 :   0.2961D+02   0.4854D+02   0.9983D+02   0.1277D+03   0.1559D+03  -0.2105D+03   0.1201D+04
   28 :   0.1784D+02   0.4260D+02   0.7548D+02   0.8269D+02   0.1489D+03   0.1351D+03  -0.2472D+03   0.1295D+04
   29 :   0.2016D+02   0.5424D+02   0.4978D+02   0.9623D+02   0.1390D+03   0.1390D+03   0.1724D+03  -0.1927D+03   0.1570D+04
   30 :   0.9310D+01   0.3186D+02   0.5419D+02   0.9026D+02   0.1057D+03   0.1182D+03   0.1263D+03   0.1615D+03  -0.2896D+03   0.1814D+04
   31 :   0.5695D+01   0.2397D+02   0.4993D+02   0.7759D+02   0.9506D+02   0.1000D+03   0.1061D+03   0.1159D+03   0.1953D+03  -0.3165D+03   0.1837D+04
   32 :   0.1177D+02   0.2239D+01   0.3176D+02   0.3077D+02   0.4288D+02   0.8644D+02   0.7392D+02   0.1016D+03   0.1504D+03   0.1935D+03  -0.2824D+03   0.1581D+04
   33 :  -0.1626D+02  -0.4013D+01   0.1053D+02   0.8380D+01   0.2048D+02   0.3167D+02   0.4531D+02   0.5102D+02   0.1119D+03   0.1244D+03   0.1807D+03  -0.2260D+03   0.1313D+04
   34 :  -0.6229D+01  -0.1052D+02   0.1361D+00  -0.3673D+01   0.8297D+01   0.8694D+01   0.2052D+02   0.4760D+02   0.6233D+02   0.7889D+02   0.9031D+02   0.1224D+03  -0.2025D+03   0.8509D+03
   35 :  -0.1285D+02   0.1339D+01  -0.2207D+02  -0.1926D+02   0.5799D+01  -0.4473D+01   0.6805D+01   0.2070D+02   0.5690D+02   0.3400D+02   0.5946D+02   0.9726D+02   0.1009D+03  -0.1380D+03   0.7236D+03
   36 :  -0.1914D+02  -0.4185D+01  -0.2257D+01  -0.1191D+02  -0.1524D+02  -0.2070D+02  -0.1279D+01  -0.4916D-02   0.3077D+01   0.2226D+02   0.3673D+02   0.5262D+02   0.6646D+02   0.7833D+02  -0.1355D+03   0.6711D+03
   37 :  -0.2049D+02  -0.1880D+02  -0.2311D+02  -0.2280D+02  -0.1491D+02  -0.2390D+02  -0.1535D+02  -0.4027D+01   0.2099D+01   0.2008D+02   0.2241D+02   0.2424D+02   0.3323D+02   0.2760D+02   0.7275D+02  -0.1342D+03   0.6465D+03
   38 :  -0.2674D+02  -0.5012D+02  -0.2692D+02  -0.3517D+02  -0.3373D+02  -0.3135D+02  -0.2292D+02  -0.2563D+02  -0.2886D+02  -0.1188D+02   0.3955D+00  -0.9024D+01   0.1055D+02   0.2389D+02   0.4591D+02   0.7401D+02  -0.1188D+03   0.6626D+03
   39 :  -0.3211D+02  -0.2664D+02  -0.4725D+02  -0.3056D+02  -0.4627D+02  -0.2694D+02  -0.3140D+02  -0.1865D+02  -0.1552D+02  -0.1192D+02  -0.2232D+02  -0.1805D+02  -0.6986D+00   0.1375D+02   0.2687D+02   0.3185D+02   0.4432D+02  -0.1176D+03   0.4970D+03
   40 :  -0.1219D+02  -0.2635D+02  -0.1631D+02  -0.3853D+02  -0.3184D+02  -0.1858D+02  -0.2725D+02  -0.2000D+02  -0.3958D+02  -0.3108D+02  -0.2073D+02  -0.1483D+02  -0.1105D+02  -0.8078D+01  -0.3262D+01   0.9990D+01   0.2058D+02   0.3237D+02  -0.1054D+03   0.3767D+03


              1            2            3            4            5            6            7            8            9           10           11           12           13           14           15           16           17           18           19           20
      21           22           23           24           25           26           27           28           29           30           31           32           33           34           35           36           37           38           39           40
      41           42           43
   41 :  -0.2040D+02  -0.2962D+02  -0.8351D+02  -0.7482D+02   0.7988D+02   0.1299D+00   0.1692D+01  -0.1229D+00   0.1749D+01  -0.1163D+01  -0.3145D+01  -0.5495D+01  -0.6869D+01  -0.7585D+01  -0.9395D+01  -0.1029D+02  -0.1140D+02  -0.1135D+02  -0.1036D+02  -0.1357D+02
   42 :  -0.3551D+02  -0.4940D+02  -0.1401D+03  -0.8033D+02   0.3307D+03   0.2324D+00   0.2034D+01  -0.2355D+00  -0.3931D+00  -0.2914D+01  -0.4352D+01  -0.1344D+02  -0.9028D+01  -0.1667D+02  -0.1652D+02  -0.1784D+02  -0.1604D+02  -0.1597D+02  -0.2284D+02  -0.2621D+02
   43 :   0.7428D+01  -0.7560D+01  -0.1137D+02   0.7694D+01  -0.2040D+00  -0.8519D-01  -0.4189D-01  -0.1964D-01   0.2537D+01   0.4536D+01   0.4103D+01   0.2805D+01  -0.1686D+01  -0.7416D+01  -0.7577D+01  -0.6461D+01  -0.2270D+01   0.1023D+02   0.1683D+02   0.7275D+01

             21           22           23           24           25           26           27           28           29           30           31           32           33           34           35           36           37           38           39           40
      41           42           43
   41 :  -0.2294D+02  -0.2203D+02  -0.3285D+02  -0.3602D+02  -0.3934D+02  -0.2632D+02  -0.3973D+02  -0.3026D+02  -0.3980D+02  -0.3197D+02  -0.2944D+02  -0.2973D+02  -0.2460D+02  -0.9847D+01  -0.1034D+02   0.3471D+01   0.1324D+02   0.2568D+02   0.2779D+02  -0.7263D+02
   42 :  -0.4989D+02  -0.4878D+02  -0.6126D+02  -0.6108D+02  -0.7112D+02  -0.6676D+02  -0.6527D+02  -0.6659D+02  -0.7434D+02  -0.8212D+02  -0.8013D+02  -0.8572D+02  -0.8297D+02  -0.4859D+02  -0.3878D+02  -0.1669D+02  -0.1478D+02  -0.9594D+00   0.1615D+02   0.2113D+02
   43 :  -0.9231D+01  -0.1175D+02  -0.1793D+02  -0.1278D+02   0.4480D+01   0.1437D+02   0.7165D+01   0.7806D+01  -0.7630D+00  -0.1806D+02  -0.1966D+02  -0.1535D+02  -0.1187D+02   0.1156D+02   0.1263D+02   0.8784D+01  -0.6987D+01  -0.1748D+02  -0.1243D+01   0.1034D+02

             41           42           43
   41 :   0.3498D+03
   42 :  -0.6508D+02   0.3078D+03
   43 :   0.8926D+01  -0.1274D+01   0.1033D+04


CORRELATION MATRIX OF PARAMETERS
============================================================================================================  
          1    2    3    4    5    6    7    8    9   10   11   12   13   14   15   16   17   18   19   20
    1 :  1.0
    2 :  0.6  1.0
    3 :  0.1  0.2  1.0
    4 :  0.0  0.0  0.0  1.0
    5 :  0.1  0.1  0.1  0.0  1.0
    6 :  0.0  0.0  0.0  0.0  0.0  1.0
    7 :  0.0  0.0  0.0  0.0  0.0  0.7  1.0
    8 :  0.0  0.0  0.0  0.0  0.0  0.3  0.5  1.0
    9 :  0.0  0.0  0.0  0.0  0.0  0.2  0.2  0.4  1.0
   10 :  0.0  0.0  0.0  0.0  0.0  0.1  0.1  0.2  0.4  1.0
   11 :  0.0  0.0  0.0  0.0  0.0  0.0  0.0  0.1  0.1  0.4  1.0
   12 :  0.0  0.0  0.0  0.0  0.1  0.0  0.0  0.0  0.0  0.1  0.4  1.0
   13 :  0.0  0.0  0.0  0.0  0.0  0.0  0.0  0.0  0.0  0.0  0.1  0.4  1.0
   14 :  0.0  0.0  0.0  0.0  0.1  0.0  0.0  0.0  0.0 -0.1 -0.1  0.1  0.4  1.0
   15 :  0.0  0.0  0.0  0.0  0.1  0.0  0.0  0.0  0.0 -0.1 -0.1 -0.1  0.1  0.3  1.0
   16 :  0.0  0.0  0.0  0.0  0.1  0.0  0.0  0.0  0.0 -0.1 -0.1 -0.1 -0.1  0.0  0.3  1.0
   17 :  0.0  0.0  0.0  0.0  0.1  0.0  0.0  0.0  0.0  0.0  0.0 -0.1 -0.1 -0.1  0.0  0.3  1.0
   18 :  0.0  0.0  0.0  0.0  0.1  0.0  0.0  0.0  0.0  0.0  0.0  0.0 -0.1 -0.1  0.0  0.0  0.3  1.0
   19 :  0.0  0.0  0.0  0.0  0.1  0.0  0.0  0.0  0.0  0.0  0.0  0.0  0.0 -0.1 -0.1  0.0  0.1  0.3  1.0
   20 :  0.0  0.0  0.0  0.0  0.1  0.0  0.0  0.0  0.0  0.0  0.0  0.0  0.0  0.0 -0.1 -0.1 -0.1  0.0  0.3  1.0


          1    2    3    4    5    6    7    8    9   10   11   12   13   14   15   16   17   18   19   20
  21   22   23   24   25   26   27   28   29   30   31   32   33   34   35   36   37   38   39   40
   21 :  0.0  0.0  0.0  0.0  0.1  0.0  0.0  0.0  0.0  0.0  0.0  0.0  0.0  0.0  0.0 -0.1 -0.1 -0.1  0.0  0.3
   22 :  0.0  0.0  0.0  0.0  0.1  0.0  0.0  0.0  0.0  0.0  0.0  0.0  0.0  0.0  0.0  0.0 -0.1 -0.1 -0.1  0.0
   23 :  0.0  0.0  0.0  0.0  0.1  0.0  0.0  0.0  0.0  0.0  0.0  0.0  0.0  0.0  0.0  0.0  0.0 -0.1 -0.1 -0.1
   24 :  0.0  0.0  0.0  0.0  0.1  0.0  0.0  0.0  0.0  0.0  0.0  0.0  0.0  0.0  0.0  0.0  0.0  0.0 -0.1 -0.1
   25 :  0.0  0.0  0.0  0.0  0.1  0.0  0.0  0.0  0.0  0.0  0.0  0.0  0.0  0.0  0.0  0.0  0.0  0.0  0.0 -0.1
   26 :  0.0  0.0  0.0  0.0  0.1  0.0  0.0  0.0  0.0  0.0  0.0  0.0  0.0  0.0  0.0  0.0  0.0  0.0  0.0  0.0
   27 :  0.0  0.0  0.0  0.0  0.1  0.0  0.0  0.0  0.0  0.0  0.0  0.0  0.0  0.0  0.0  0.0  0.0  0.0  0.0  0.0
   28 :  0.0  0.0  0.0  0.0  0.1  0.0  0.0  0.0  0.0  0.0  0.0  0.0  0.0  0.0  0.0  0.0  0.0  0.0  0.0  0.0
   29 :  0.0  0.0  0.0  0.1  0.1  0.0  0.0  0.0  0.0  0.0  0.0  0.0  0.0  0.0  0.0  0.0  0.0  0.0  0.0  0.0
   30 :  0.0  0.0  0.0  0.0  0.1  0.0  0.0  0.0  0.0  0.0  0.0  0.0  0.0  0.0  0.0  0.0  0.0  0.0  0.0  0.0
   31 :  0.0  0.0  0.0  0.1  0.1  0.0  0.0  0.0  0.0  0.0  0.0  0.0  0.0  0.0  0.0  0.0  0.0  0.0  0.0  0.0
   32 :  0.0  0.0  0.1  0.1  0.2  0.0  0.0  0.0  0.0  0.0  0.0  0.0  0.0  0.0  0.0  0.0  0.0  0.0  0.0  0.0
   33 :  0.0  0.0  0.1  0.1  0.2  0.0  0.0  0.0  0.0  0.0  0.0  0.0  0.0  0.0  0.0  0.0  0.0  0.0  0.0  0.0
   34 :  0.0  0.0  0.1  0.1  0.1  0.0  0.0  0.0  0.0  0.0  0.0  0.0  0.0  0.0  0.0  0.0  0.0  0.0  0.0  0.0
   35 :  0.0  0.0  0.1  0.1  0.1  0.0  0.0  0.0  0.0  0.0  0.0  0.0  0.0  0.0  0.0  0.0  0.0  0.0  0.0  0.0
   36 :  0.0  0.0  0.1  0.1  0.1  0.0  0.0  0.0  0.0  0.0  0.0  0.0  0.0  0.0  0.0  0.0  0.0  0.0  0.0  0.0
   37 :  0.0  0.0  0.1  0.1  0.1  0.0  0.0  0.0  0.0  0.0  0.0  0.0  0.0  0.0  0.0  0.0  0.0  0.0  0.0  0.0
   38 :  0.0  0.1  0.1  0.1  0.1  0.0  0.0  0.0  0.0  0.0  0.0  0.0  0.0  0.0  0.0  0.0  0.0  0.0  0.0  0.0
   39 :  0.0  0.0  0.1  0.1  0.1  0.0  0.0  0.0  0.0  0.0  0.0  0.0  0.0  0.0  0.0  0.0  0.0  0.0  0.0  0.0
   40 :  0.0  0.0  0.1  0.1  0.0  0.0  0.0  0.0  0.0  0.0  0.0  0.0  0.0  0.0  0.0  0.0  0.0  0.0  0.0  0.0

         21   22   23   24   25   26   27   28   29   30   31   32   33   34   35   36   37   38   39   40
   21 :  1.0
   22 :  0.2  1.0
   23 :  0.0  0.2  1.0
   24 : -0.1 -0.1  0.2  1.0
   25 : -0.1 -0.1 -0.1  0.2  1.0
   26 : -0.1 -0.1 -0.1 -0.1  0.2  1.0
   27 :  0.0 -0.1 -0.1 -0.1 -0.1  0.2  1.0
   28 :  0.0  0.0 -0.1 -0.1 -0.2 -0.1  0.2  1.0
   29 :  0.0  0.0  0.0 -0.1 -0.1 -0.1 -0.1  0.1  1.0
   30 :  0.0  0.0  0.0 -0.1 -0.1 -0.1 -0.1 -0.1  0.2  1.0
   31 :  0.0  0.0  0.0  0.0 -0.1 -0.1 -0.1 -0.1 -0.1  0.2  1.0
   32 :  0.0  0.0  0.0  0.0  0.0 -0.1 -0.1 -0.1 -0.1 -0.1  0.2  1.0
   33 :  0.0  0.0  0.0  0.0  0.0  0.0  0.0  0.0 -0.1 -0.1 -0.1  0.2  1.0
   34 :  0.0  0.0  0.0  0.0  0.0  0.0  0.0  0.0 -0.1 -0.1 -0.1 -0.1  0.2  1.0
   35 :  0.0  0.0  0.0  0.0  0.0  0.0  0.0  0.0  0.0  0.0 -0.1 -0.1 -0.1  0.2  1.0
   36 :  0.0  0.0  0.0  0.0  0.0  0.0  0.0  0.0  0.0  0.0  0.0 -0.1 -0.1 -0.1  0.2  1.0
   37 :  0.0  0.0  0.0  0.0  0.0  0.0  0.0  0.0  0.0  0.0  0.0  0.0 -0.1 -0.1 -0.1  0.2  1.0
   38 :  0.0  0.1  0.0  0.0  0.0  0.0  0.0  0.0  0.0  0.0  0.0  0.0  0.0  0.0 -0.1 -0.1  0.2  1.0
   39 :  0.0  0.0  0.0  0.0  0.1  0.0  0.0  0.0  0.0  0.0  0.0  0.0  0.0  0.0 -0.1 -0.1  0.0  0.2  1.0
   40 :  0.0  0.0  0.0  0.1  0.0  0.0  0.0  0.0  0.1  0.0  0.0  0.0  0.0  0.0  0.0  0.0 -0.1  0.0  0.2  1.0


          1    2    3    4    5    6    7    8    9   10   11   12   13   14   15   16   17   18   19   20
  21   22   23   24   25   26   27   28   29   30   31   32   33   34   35   36   37   38   39   40
  41   42   43
   41 :  0.0  0.0  0.1  0.2  0.0  0.0  0.0  0.0  0.0  0.0  0.0  0.0  0.0  0.0  0.0  0.0  0.0  0.0  0.0  0.0
   42 :  0.1  0.1  0.2  0.2 -0.2  0.0  0.0  0.0  0.0  0.0  0.0  0.0  0.0  0.0  0.1  0.1  0.1  0.1  0.1  0.1
   43 :  0.0  0.0  0.0  0.0  0.0  0.0  0.0  0.0  0.0  0.0  0.0  0.0  0.0  0.0  0.0  0.0  0.0  0.0  0.0  0.0

         21   22   23   24   25   26   27   28   29   30   31   32   33   34   35   36   37   38   39   40
  41   42   43
   41 :  0.0  0.0  0.0  0.0  0.0  0.0  0.1  0.0  0.1  0.0  0.0  0.0  0.0  0.0  0.0  0.0  0.0 -0.1  0.0  0.2
   42 :  0.1  0.1  0.1  0.1  0.1  0.1  0.1  0.1  0.1  0.1  0.1  0.1  0.1  0.1  0.1  0.0  0.0  0.0 -0.1  0.0
   43 :  0.0  0.0  0.0  0.0  0.0  0.0  0.0  0.0  0.0  0.0  0.0  0.0  0.0  0.0  0.0  0.0  0.0  0.0  0.0  0.0

         41   42   43
   41 :  1.0
   42 :  0.2  1.0
   43 :  0.0  0.0  1.0


COVARIANCE MATRIX OF PARAMETERS
===========================================================================================================================================================================================================================================================================      
              1            2            3            4            5            6            7            8            9           10           11           12           13           14           15           16           17           18           19           20
    1 :   0.5865D-04
    2 :   0.7961D-04   0.3274D-03
    3 :   0.1160D-04   0.4845D-04   0.1967D-03
    4 :  -0.3058D-05  -0.1292D-04   0.1967D-04   0.7979D-03
    5 :   0.1295D-04   0.3747D-04   0.3807D-04  -0.2842D-05   0.5788D-03
    6 :  -0.6935D-07  -0.2142D-06  -0.3466D-06  -0.1037D-05  -0.2595D-05   0.5978D-02
    7 :  -0.2810D-06  -0.8444D-06  -0.1056D-05  -0.1452D-05  -0.1138D-04   0.2951D-02   0.2973D-02
    8 :  -0.1337D-06  -0.4267D-06  -0.4777D-06  -0.4385D-06  -0.4178D-05   0.1423D-02   0.1417D-02   0.2907D-02
    9 :   0.2284D-08  -0.2307D-07   0.4753D-06   0.4075D-05   0.1499D-05   0.6588D-03   0.6330D-03   0.1288D-02   0.2830D-02
   10 :   0.5056D-06   0.1660D-05   0.2902D-05   0.8291D-05   0.1659D-04   0.2964D-03   0.2704D-03   0.4805D-03   0.1163D-02   0.2778D-02
   11 :   0.9414D-06   0.3096D-05   0.4815D-05   0.1356D-04   0.2736D-04   0.1157D-03   0.9350D-04   0.1425D-03   0.3617D-03   0.1030D-02   0.2485D-02
   12 :   0.1785D-05   0.5649D-05   0.7702D-05   0.1439D-04   0.5894D-04   0.4420D-04   0.2919D-04   0.1211D-04   0.3958D-04   0.2248D-03   0.8383D-03   0.2159D-02
   13 :   0.1760D-05   0.5690D-05   0.7810D-05   0.1676D-04   0.5080D-04  -0.2171D-06  -0.1505D-04  -0.5167D-04  -0.8557D-04  -0.3026D-04   0.1783D-03   0.7395D-03   0.1870D-02
   14 :   0.2098D-05   0.6689D-05   0.9160D-05   0.1805D-04   0.6085D-04  -0.1425D-04  -0.2609D-04  -0.5651D-04  -0.9937D-04  -0.1554D-03  -0.1017D-03   0.1020D-03   0.6210D-03   0.1628D-02
   15 :   0.2052D-05   0.6627D-05   0.9186D-05   0.1894D-04   0.5841D-04   0.2116D-05  -0.6608D-05  -0.1400D-04  -0.6168D-04  -0.1490D-03  -0.1630D-03  -0.9124D-04   0.9211D-04   0.5149D-03   0.1485D-02
   16 :   0.2178D-05   0.7096D-05   0.9802D-05   0.2081D-04   0.5982D-04   0.4361D-05  -0.4733D-05  -0.6244D-05  -0.4661D-04  -0.1069D-03  -0.1287D-03  -0.1358D-03  -0.9595D-04   0.5980D-04   0.4914D-03   0.1493D-02
   17 :   0.2157D-05   0.7023D-05   0.1002D-04   0.2008D-04   0.5812D-04   0.2829D-05   0.2989D-05  -0.2856D-04  -0.3564D-04  -0.5396D-04  -0.7560D-04  -0.1148D-03  -0.1407D-03  -0.9764D-04   0.7155D-04   0.5037D-03   0.1599D-02
   18 :   0.2102D-05   0.6801D-05   0.9222D-05   0.2126D-04   0.6100D-04  -0.1984D-06  -0.9458D-06  -0.5660D-05  -0.3133D-04  -0.1030D-04  -0.3447D-04  -0.6411D-04  -0.1186D-03  -0.1252D-03  -0.7694D-04   0.7624D-04   0.5434D-03   0.1708D-02
   19 :   0.2377D-05   0.7418D-05   0.9984D-05   0.2076D-04   0.7870D-04   0.1197D-04   0.1550D-04   0.1852D-04  -0.1484D-05  -0.3705D-04  -0.2658D-04  -0.5632D-04  -0.7535D-04  -0.1127D-03  -0.1083D-03  -0.6373D-04   0.1076D-03   0.5597D-03   0.1706D-02
   20 :   0.2494D-05   0.7866D-05   0.1028D-04   0.2143D-04   0.7718D-04   0.7288D-05   0.4393D-05  -0.3990D-05  -0.6122D-05  -0.3098D-04  -0.2419D-04  -0.1815D-04  -0.4704D-04  -0.6224D-04  -0.8221D-04  -0.1072D-03  -0.8252D-04   0.7280D-04   0.5123D-03   0.1384D-02


              1            2            3            4            5            6            7            8            9           10           11           12           13           14           15           16           17           18           19           20
      21           22           23           24           25           26           27           28           29           30           31           32           33           34           35           36           37           38           39           40
   21 :   0.2799D-05   0.8720D-05   0.1112D-04   0.1873D-04   0.8967D-04   0.9126D-05   0.1113D-04   0.1334D-04   0.7433D-05  -0.2680D-04  -0.1660D-04  -0.2321D-04  -0.2434D-04  -0.5303D-04  -0.5488D-04  -0.6094D-04  -0.7618D-04  -0.6959D-04   0.1469D-04   0.3009D-03
   22 :   0.2746D-05   0.8708D-05   0.1089D-04   0.1746D-04   0.8380D-04  -0.2315D-05  -0.1546D-05  -0.9498D-05   0.1832D-05  -0.1422D-04  -0.8390D-05  -0.1385D-04  -0.6682D-05  -0.3031D-04  -0.3430D-04  -0.4744D-04  -0.5937D-04  -0.7558D-04  -0.8847D-04   0.7379D-05
   23 :   0.2644D-05   0.8352D-05   0.1097D-04   0.2128D-04   0.8348D-04  -0.3931D-05  -0.3729D-05  -0.1150D-04   0.6007D-05  -0.8430D-05  -0.5353D-05  -0.9688D-05  -0.2079D-05  -0.1810D-04  -0.9214D-05  -0.2663D-04  -0.4128D-04  -0.5993D-04  -0.9128D-04  -0.8743D-04
   24 :   0.2584D-05   0.8240D-05   0.1184D-04   0.2420D-04   0.7807D-04   0.2955D-05   0.2891D-05   0.2969D-05   0.6797D-05  -0.4323D-05   0.3145D-05   0.1156D-04  -0.3112D-05   0.1265D-05   0.4243D-05  -0.1068D-04  -0.2482D-04  -0.3350D-04  -0.5811D-04  -0.9864D-04
   25 :   0.3006D-05   0.9605D-05   0.1326D-04   0.2802D-04   0.9172D-04   0.1342D-04   0.1039D-04   0.7287D-05   0.8568D-05   0.1533D-04   0.1179D-04   0.1382D-04   0.1254D-04   0.1193D-04   0.3951D-05  -0.4190D-05  -0.1274D-04  -0.1572D-04  -0.3121D-04  -0.7357D-04
   26 :   0.3323D-05   0.1078D-04   0.1624D-04   0.3220D-04   0.9609D-04   0.6346D-05   0.5800D-05   0.1003D-04   0.1025D-04   0.7137D-05   0.4189D-06   0.4573D-05   0.4539D-05  -0.2056D-05   0.7983D-05   0.1148D-04   0.1094D-04   0.1473D-05  -0.1829D-04  -0.4118D-04
   27 :   0.3450D-05   0.1125D-04   0.1726D-04   0.3501D-04   0.8980D-04  -0.8962D-05  -0.5944D-05   0.2536D-05  -0.1091D-05   0.2513D-04   0.8666D-05   0.3167D-05   0.3379D-05  -0.8755D-07   0.4434D-05   0.6032D-05  -0.1699D-05   0.3206D-05   0.1681D-05   0.2771D-05
   28 :   0.3801D-05   0.1263D-04   0.1843D-04   0.3630D-04   0.8652D-04  -0.1298D-04  -0.9594D-05  -0.3074D-05  -0.1026D-04   0.1284D-04   0.1873D-04   0.1305D-04  -0.3118D-05   0.2288D-04   0.2016D-04   0.1508D-04   0.1594D-06   0.9856D-06   0.1209D-04   0.7750D-05
   29 :   0.3443D-05   0.1157D-04   0.1730D-04   0.3643D-04   0.7001D-04  -0.1036D-04  -0.7698D-05  -0.3182D-05  -0.8254D-05   0.8427D-05   0.1923D-04   0.1447D-04  -0.3669D-05   0.2522D-04   0.1705D-04   0.7058D-05   0.3374D-05   0.1302D-06   0.1269D-04   0.9690D-05
   30 :   0.3010D-05   0.1010D-04   0.1506D-04   0.3215D-04   0.6770D-04   0.3825D-05   0.2081D-05   0.5631D-05   0.1180D-05   0.2854D-05   0.1547D-05   0.9187D-06   0.7951D-05   0.1285D-04   0.4324D-05   0.7527D-05   0.1201D-04   0.3545D-05   0.1118D-04   0.6430D-05
   31 :   0.2892D-05   0.9538D-05   0.1491D-04   0.3704D-04   0.7003D-04   0.1032D-04   0.7698D-05   0.2701D-05   0.2546D-05  -0.2489D-06  -0.7333D-05  -0.1288D-05   0.1257D-04   0.6137D-05   0.1808D-05   0.1121D-04   0.2529D-04   0.2600D-04   0.1555D-04   0.7300D-05
   32 :   0.3789D-05   0.1203D-04   0.1829D-04   0.4639D-04   0.9159D-04   0.1446D-04   0.1150D-04   0.6045D-05   0.1335D-04   0.4460D-05   0.6184D-05   0.4361D-05   0.1772D-04   0.5069D-05   0.2628D-05   0.1964D-04   0.2557D-04   0.2960D-04   0.8639D-05   0.1138D-04
   33 :   0.5123D-05   0.1564D-04   0.2394D-04   0.5921D-04   0.1192D-03   0.9668D-05   0.6885D-05   0.1890D-06   0.1916D-04   0.4926D-05   0.1952D-04   0.6462D-05   0.1832D-04   0.4963D-05   0.8875D-05   0.2307D-04   0.3059D-04   0.2823D-04   0.3914D-05   0.1597D-04
   34 :   0.6846D-05   0.2104D-04   0.3040D-04   0.7544D-04   0.1220D-03   0.1382D-04   0.1039D-04   0.5270D-05   0.1556D-04   0.1766D-04   0.1603D-04   0.1101D-04   0.1609D-04   0.1816D-04   0.2899D-04   0.2298D-04   0.2552D-04   0.2312D-04   0.1272D-04   0.1476D-04
   35 :   0.7757D-05   0.2358D-04   0.3634D-04   0.8656D-04   0.1171D-03   0.1690D-04   0.1371D-04   0.1371D-04   0.3532D-05   0.2318D-04   0.1517D-04   0.2748D-04   0.1408D-04   0.3576D-04   0.3261D-04   0.3029D-04   0.1681D-04   0.2568D-04   0.3414D-04   0.2926D-05
   36 :   0.8468D-05   0.2591D-04   0.3772D-04   0.9859D-04   0.8494D-04   0.1771D-04   0.1478D-04   0.1653D-04   0.1004D-05   0.2591D-04   0.1985D-04   0.4111D-04   0.1866D-04   0.4119D-04   0.3492D-04   0.3080D-04   0.1296D-04   0.2617D-04   0.4758D-04   0.5160D-05
   37 :   0.9426D-05   0.2847D-04   0.4195D-04   0.1115D-03   0.9525D-04   0.2649D-06   0.1028D-05   0.4477D-05   0.1636D-05   0.2295D-04   0.1077D-04   0.4212D-04   0.1409D-04   0.3661D-04   0.4500D-04   0.3178D-04   0.1613D-04   0.2308D-04   0.4863D-04   0.1362D-04
   38 :   0.1186D-04   0.3710D-04   0.4981D-04   0.1319D-03   0.9624D-04   0.9310D-05   0.7169D-05   0.2538D-05   0.6532D-05   0.2670D-04   0.2026D-04   0.3591D-04   0.2239D-04   0.3715D-04   0.4479D-04   0.2464D-04   0.3248D-04   0.3537D-04   0.4611D-04   0.2752D-04
   39 :   0.1246D-04   0.3853D-04   0.5388D-04   0.1514D-03   0.6976D-04  -0.1030D-04  -0.9703D-05  -0.2396D-05  -0.2609D-05   0.5571D-05   0.1998D-04   0.2962D-04   0.3302D-04   0.3076D-04   0.2646D-04   0.2866D-04   0.4203D-04   0.4381D-04   0.4609D-04   0.7054D-04
   40 :   0.1402D-04   0.4327D-04   0.6252D-04   0.1821D-03   0.6071D-04  -0.1848D-04  -0.1776D-04  -0.8176D-05  -0.1827D-04   0.1550D-05   0.2368D-04   0.3515D-04   0.4305D-04   0.2734D-04   0.3407D-04   0.5174D-04   0.9011D-04   0.6156D-04   0.5486D-04   0.6031D-04

             21           22           23           24           25           26           27           28           29           30           31           32           33           34           35           36           37           38           39           40
   21 :   0.9322D-03
   22 :   0.2057D-03   0.8112D-03
   23 :  -0.3482D-04   0.1717D-03   0.7100D-03
   24 :  -0.9029D-04  -0.6065D-04   0.1335D-03   0.7129D-03
   25 :  -0.8259D-04  -0.9719D-04  -0.5601D-04   0.1392D-03   0.7570D-03
   26 :  -0.6972D-04  -0.9284D-04  -0.1062D-03  -0.6087D-04   0.1509D-03   0.8849D-03
   27 :  -0.2030D-04  -0.4427D-04  -0.8454D-04  -0.1045D-03  -0.7181D-04   0.1551D-03   0.8326D-03
   28 :   0.1076D-05  -0.2042D-04  -0.4854D-04  -0.7514D-04  -0.1165D-03  -0.6275D-04   0.1590D-03   0.7724D-03
   29 :   0.3405D-05  -0.1058D-04  -0.1301D-04  -0.4837D-04  -0.8677D-04  -0.1031D-03  -0.7192D-04   0.9481D-04   0.6369D-03
   30 :   0.8349D-05  -0.1440D-05  -0.9544D-05  -0.3337D-04  -0.5241D-04  -0.7930D-04  -0.8361D-04  -0.5361D-04   0.1017D-03   0.5513D-03
   31 :   0.9437D-05   0.2116D-05  -0.8569D-05  -0.2383D-04  -0.3570D-04  -0.5589D-04  -0.6488D-04  -0.6806D-04  -0.5020D-04   0.9498D-04   0.5443D-03
   32 :   0.2499D-05   0.9236D-05  -0.1590D-05  -0.1763D-06  -0.9643D-05  -0.4207D-04  -0.4366D-04  -0.6426D-04  -0.8201D-04  -0.5051D-04   0.9723D-04   0.6325D-03
   33 :   0.1471D-04   0.9902D-05   0.4609D-05   0.1181D-04   0.7172D-05  -0.7505D-05  -0.1944D-04  -0.3471D-04  -0.7113D-04  -0.7402D-04  -0.5818D-04   0.1089D-03   0.7617D-03
   34 :   0.1205D-04   0.1556D-04   0.1092D-04   0.2107D-04   0.1742D-04   0.1583D-04  -0.7410D-05  -0.3697D-04  -0.5588D-04  -0.7154D-04  -0.8561D-04  -0.6508D-04   0.1812D-03   0.1175D-02
   35 :   0.1157D-04   0.4398D-05   0.3101D-04   0.3034D-04   0.1471D-04   0.3195D-04   0.9705D-05  -0.1501D-04  -0.4045D-04  -0.3023D-04  -0.6601D-04  -0.1126D-03  -0.7164D-04   0.2241D-03   0.1382D-02
   36 :   0.2056D-04  -0.3248D-05   0.5550D-05   0.1888D-04   0.2678D-04   0.4240D-04   0.1642D-04   0.1484D-04   0.8286D-05  -0.9948D-05  -0.3499D-04  -0.7553D-04  -0.1111D-03  -0.9194D-04   0.2790D-03   0.1490D-02
   37 :   0.2714D-04   0.1805D-04   0.2022D-04   0.2418D-04   0.2691D-04   0.4724D-04   0.3111D-04   0.1907D-04   0.1190D-04  -0.1033D-04  -0.1570D-04  -0.2954D-04  -0.6188D-04  -0.9448D-04  -0.9760D-04   0.3093D-03   0.1547D-02
   38 :   0.4024D-04   0.5568D-04   0.2289D-04   0.3201D-04   0.3393D-04   0.3942D-04   0.3341D-04   0.3690D-04   0.3564D-04   0.1425D-04   0.1068D-04   0.2017D-04  -0.1239D-04  -0.6458D-04  -0.1444D-03  -0.1110D-03   0.2774D-03   0.1509D-02
   39 :   0.5535D-04   0.4962D-04   0.5778D-04   0.4268D-04   0.6647D-04   0.4648D-04   0.5354D-04   0.3314D-04   0.2756D-04   0.2409D-04   0.4000D-04   0.4326D-04   0.9633D-05  -0.4559D-04  -0.1180D-03  -0.1493D-03  -0.7233D-04   0.3570D-03   0.2012D-02
   40 :   0.3444D-04   0.4902D-04   0.3664D-04   0.6942D-04   0.5850D-04   0.3575D-04   0.5826D-04   0.4300D-04   0.6948D-04   0.5110D-04   0.4173D-04   0.3973D-04   0.3569D-04   0.2753D-04  -0.1073D-04  -0.8868D-04  -0.1286D-03  -0.2974D-04   0.5632D-03   0.2655D-02


              1            2            3            4            5            6            7            8            9           10           11           12           13           14           15           16           17           18           19           20
      21           22           23           24           25           26           27           28           29           30           31           32           33           34           35           36           37           38           39           40
      41           42           43
   41 :   0.1467D-04   0.4504D-04   0.6762D-04   0.2297D-03  -0.1514D-04  -0.1679D-04  -0.1615D-04  -0.5337D-05  -0.1486D-04   0.8761D-05   0.3125D-04   0.4115D-04   0.4565D-04   0.3971D-04   0.4963D-04   0.6098D-04   0.7512D-04   0.6918D-04   0.5576D-04   0.5438D-04
   42 :   0.2544D-04   0.7953D-04   0.1253D-03   0.3829D-03  -0.3056D-03  -0.2384D-05  -0.3420D-05   0.1362D-04   0.1841D-04   0.3756D-04   0.6990D-04   0.1164D-03   0.8806D-04   0.1147D-03   0.1140D-03   0.1210D-03   0.1179D-03   0.1333D-03   0.1512D-03   0.1280D-03
   43 :   0.3250D-06   0.3102D-05   0.2029D-05  -0.6607D-05   0.3227D-05  -0.2575D-05  -0.3114D-05  -0.6957D-05  -0.1401D-04  -0.2002D-04  -0.1466D-04  -0.4949D-05   0.9658D-05   0.1776D-04   0.1563D-04   0.9293D-05  -0.5378D-05  -0.2917D-04  -0.3425D-04  -0.8805D-05

             21           22           23           24           25           26           27           28           29           30           31           32           33           34           35           36           37           38           39           40
      41           42           43
   41 :   0.4722D-04   0.3865D-04   0.5118D-04   0.6543D-04   0.6428D-04   0.5100D-04   0.8607D-04   0.6030D-04   0.7186D-04   0.5411D-04   0.5126D-04   0.6144D-04   0.6753D-04   0.5827D-04   0.5952D-04  -0.2489D-04  -0.9984D-04  -0.1453D-03  -0.4290D-04   0.5512D-03
   42 :   0.1414D-03   0.1032D-03   0.1085D-03   0.1146D-03   0.1358D-03   0.1540D-03   0.1509D-03   0.1329D-03   0.1221D-03   0.1284D-03   0.1345D-03   0.1836D-03   0.2272D-03   0.2169D-03   0.2036D-03   0.1039D-03   0.6667D-04  -0.4271D-04  -0.1533D-03  -0.6573D-04
   43 :   0.1084D-04   0.1411D-04   0.1570D-04   0.8281D-05  -0.6464D-05  -0.1664D-04  -0.1107D-04  -0.8875D-05  -0.1434D-06   0.1048D-04   0.1263D-04   0.1289D-04   0.7264D-05  -0.1740D-04  -0.2266D-04  -0.1140D-04   0.1730D-04   0.2746D-04  -0.3035D-05  -0.3141D-04

             41           42           43
   41 :   0.2858D-02
   42 :   0.6044D-03   0.3249D-02
   43 :  -0.2395D-04   0.4007D-05   0.9679D-03


DETERMINISTIC RUN COMPLETED
BOOTSTRAP RUNS COMPLETED 
