 ICA v1_3 TUNING DIAGNOSTICS FILE
   1       1
 F         SSQ
  0.05  24.56233343      22.19379828      2.368535152    
  0.10  11.46135523      9.118422727      2.342932505    
  0.15  6.526917278      4.195734771      2.331182508    
  0.20  4.327486892      2.003033892      2.324452999    
  0.25  3.308539566     0.9883923876      2.320147178    
  0.30  2.863422085     0.5462107214      2.317211363    
  0.35  2.718213304     0.4030844430      2.315128861    
  0.40  2.737371687     0.4237589976      2.313612690    
  0.45  2.849345722     0.5368563945      2.312489327    
  0.50  3.014496286     0.7028484898      2.311647796    
  0.55  3.210009560     0.8989967154      2.311012844    
  0.60  3.422396739      1.111863947      2.310532793    
  0.65  3.643529241      1.333358235      2.310171006    
  0.70  3.868444584      1.558543844      2.309900741    
  0.75  4.094111255      1.784409052      2.309702203    
  0.80  4.318710796      2.009150293      2.309560503    
  0.85  4.541184838      2.231720555      2.309464283    
  0.90  4.760977441      2.451572675      2.309404766    
  0.95  4.977863952      2.668488866      2.309375087    
  1.00  5.191843415      2.882473597      2.309369817    
