 Output Generated by ICA Version 1.4                                            
  
 ------------------------------------
 
        Mackerel NE Atlantic  WG2003
        ----------------------------
 
        Catch in Number
        ---------------
------+------------------------------------------------------------------------------------------------------------------------
AGE   |    1972    1973    1974    1975    1976    1977    1978    1979    1980    1981    1982    1983    1984    1985    1986
------+------------------------------------------------------------------------------------------------------------------------
  0   |   7139.   3380.   2780.   2865.   2911.   4483.   2596.    892.   2497.   6970.   1194.   4435.   2563.   4731.   3461.
  1   |  15670.  22405.   6073.  11759.   7441.   9908.  12112.   8796.   2722.  14623.  12940.   6247.   9921.  12420.  11379.
  2   |  28917.  27712.  22917.  14659.  17431.  14475.  15325.  23518.  15378.   9047.  15455.  38467.   7946.  27243.  16936.
  3   |  36697.  42766.  24122.  47242.  18582.  29055.  19242.  25609.  35400.  43285.   8139.  38942.  41562.  18418.  31399.
  4   |  39183.  38615.  26980.  36468.  43830.  22775.  28475.  23782.  28508.  72453.  28238.  14920.  30477.  69680.  15278.
  5   |  26768.  28776.  17133.  29211.  24079.  38465.  15981.  25306.  19020.  41678.  33270.  36948.   8228.  36296.  40554.
  6   |  19109.  18842.  12333.  18015.  18713.  20544.  26268.  13842.  19724.  26909.  18492.  42134.  19678.   9460.  20345.
  7   |  19796.  13056.   7914.  12777.  11362.  15753.  13863.  22515.  10677.  27371.  11703.  22979.  21982.  22136.   5178.
  8   |  13201.  10787.   4352.   6598.   6443.   7680.   8516.   9548.  13939.  11966.   9453.  11728.   9542.  19912.   9639.
  9   |  20278.  18949.  10341.  12186.   9214.  10468.   9838.  13049.  14434.  32882.  15916.  25513.  15458.  21536.  18721.
------+------------------------------------------------------------------------------------------------------------------------
       x 10 ^ 3                                
 
 
        Catch in Number
        ---------------
------+------------------------------------------------------------------------------------------------------------------------
AGE   |    1987    1988    1989    1990    1991    1992    1993    1994    1995    1996    1997    1998    1999    2000    2001
------+------------------------------------------------------------------------------------------------------------------------
  0   |   2797.   1579.   2788.   2849.   4153.   2845.   4612.   3169.   3225.   3240.   5199.   2645.   1880.   2273.   3699.
  1   |   8969.  11208.   4759.  11076.   7757.  14891.  10243.   9406.  12001.  10345.  10674.  16995.   6033.   6011.   9154.
  2   |  16831.  20487.  19233.  10730.  17124.  15791.  30328.  11888.  20321.  21927.  19402.  19851.  22155.  11061.  13839.
  3   |  21417.  32789.  29926.  36704.  14054.  29519.  27059.  29936.  21933.  31621.  34997.  30670.  22177.  34996.  21826.
  4   |  29056.  30533.  34883.  41383.  34758.  17551.  36337.  19366.  40471.  24888.  36767.  40241.  25131.  25942.  50859.
  5   |  10060.  29603.  23064.  34230.  27637.  30758.  15216.  18320.  18717.  32659.  20573.  30018.  23476.  21149.  27068.
  6   |  25905.   9944.  21650.  21866.  22062.  23625.  25667.   7412.  17188.  14631.  26142.  16253.  17005.  19265.  21469.
  7   |  12794.  25203.   7142.  20103.  13791.  18469.  19225.  12253.   6849.  13203.  11503.  20269.   9076.  13819.  19311.
  8   |   2603.  10008.  14488.   5325.  10118.   9256.  12036.   7297.   9098.   4215.   8319.   7145.   9039.   5924.  11145.
  9   |  14353.  13272.  13292.  20330.  12859.  16379.  16796.  10577.  13944.  14282.  11693.  12301.   8569.  11521.  14713.
------+------------------------------------------------------------------------------------------------------------------------
       x 10 ^ 3                                
 
 
        Catch in Number
        ---------------
------+--------
AGE   |    2002
------+--------
  0   |   4432.
  1   |  16445.
  2   |  23087.
  3   |  29515.
  4   |  33723.
  5   |  55825.
  6   |  28702.
  7   |  22292.
  8   |  16128.
  9   |  21989.
------+--------
       x 10 ^ 3                                
 
 
 
        Predicted Catch in Number
        -------------------------
------+----------------------------------------------------------------------------------------
AGE   |    1992    1993    1994    1995    1996    1997    1998    1999    2000    2001    2002
------+----------------------------------------------------------------------------------------
  0   |   2845.   4612.   3169.   3225.   3240.   5199.   2645.   1880.   2273.   3699.   4432.
  1   |  14891.  10243.   9406.  12001.  10345.  10674.  16995.   6033.   6011.   9154.  16445.
  2   |  15791.  30328.  11888.  20321.  21927.  19402.  19851.  22155.  11061.  13839.  23087.
  3   |  29519.  27059.  29936.  21933.  31621.  34997.  30670.  22177.  34996.  21826.  29515.
  4   |  17551.  36337.  19366.  40471.  24888.  36767.  40241.  25131.  25942.  50859.  33723.
  5   |  30758.  15216.  18320.  18717.  32659.  20573.  30018.  23476.  21149.  27068.  55825.
  6   |  23625.  25667.   7412.  17188.  14631.  26142.  16253.  17005.  19265.  21469.  28703.
  7   |  18469.  19225.  12253.   6849.  13203.  11503.  20269.   9076.  13819.  19311.  22292.
  8   |   9256.  12036.   7297.   9098.   4215.   8319.   7145.   9039.   5924.  11145.  16128.
------+----------------------------------------------------------------------------------------
       x 10 ^ 3                                
 
 
 
        Weights at age in the catches (Kg)
        ----------------------------------
------+------------------------------------------------------------------------------------------------------------------------
AGE   |    1972    1973    1974    1975    1976    1977    1978    1979    1980    1981    1982    1983    1984    1985    1986
------+------------------------------------------------------------------------------------------------------------------------
  0   | 0.05200 0.05000 0.05100 0.05000 0.05900 0.05600 0.03600 0.01600 0.05700 0.06000 0.05300 0.05000 0.03100 0.05500 0.03900
  1   | 0.13500 0.14500 0.13600 0.14800 0.13700 0.13600 0.13500 0.13700 0.13100 0.13200 0.13100 0.16800 0.10200 0.14400 0.14600
  2   | 0.27700 0.19400 0.22900 0.17700 0.20700 0.16900 0.16100 0.16100 0.24900 0.24800 0.24900 0.21900 0.18400 0.26200 0.24500
  3   | 0.34100 0.28500 0.26100 0.25900 0.26300 0.27500 0.25000 0.24300 0.28500 0.28700 0.28500 0.27600 0.29500 0.35700 0.33500
  4   | 0.42300 0.36800 0.33400 0.32300 0.32000 0.33300 0.32500 0.31800 0.34500 0.34400 0.34500 0.31000 0.32600 0.41800 0.42300
  5   | 0.46800 0.44800 0.39200 0.34800 0.34600 0.35200 0.34500 0.34800 0.37800 0.37700 0.37800 0.38600 0.34400 0.41700 0.47100
  6   | 0.46800 0.46800 0.48100 0.43000 0.40600 0.40700 0.40300 0.40100 0.45400 0.45400 0.45400 0.42500 0.43100 0.43600 0.44400
  7   | 0.50800 0.50800 0.50800 0.48800 0.44300 0.44600 0.42100 0.41600 0.49800 0.49900 0.49600 0.43500 0.54200 0.52100 0.45700
  8   | 0.53900 0.53900 0.53900 0.53900 0.51800 0.54600 0.51800 0.50600 0.52000 0.51300 0.51300 0.49800 0.48000 0.55500 0.54300
  9   | 0.59519 0.59853 0.60341 0.60794 0.60519 0.58465 0.56066 0.53462 0.56285 0.55890 0.56561 0.58291 0.61604 0.61965 0.60691
------+------------------------------------------------------------------------------------------------------------------------
                                               
 
 
        Weights at age in the catches (Kg)
        ----------------------------------
------+------------------------------------------------------------------------------------------------------------------------
AGE   |    1987    1988    1989    1990    1991    1992    1993    1994    1995    1996    1997    1998    1999    2000    2001
------+------------------------------------------------------------------------------------------------------------------------
  0   | 0.07600 0.05500 0.04900 0.08500 0.06800 0.05100 0.06100 0.04600 0.07200 0.05800 0.07600 0.06500 0.06200 0.06300 0.06900
  1   | 0.17900 0.13300 0.13600 0.15600 0.15600 0.16700 0.13400 0.13600 0.14300 0.14300 0.14300 0.15700 0.17600 0.13500 0.17100
  2   | 0.22300 0.25900 0.23700 0.23300 0.25300 0.23900 0.24000 0.25500 0.23400 0.22600 0.23000 0.22700 0.23600 0.22900 0.22300
  3   | 0.31800 0.32300 0.32000 0.33600 0.32700 0.33300 0.31700 0.33900 0.33300 0.31300 0.29500 0.31000 0.30700 0.30800 0.30700
  4   | 0.39900 0.38800 0.37700 0.37900 0.39400 0.39700 0.37600 0.39000 0.39000 0.37700 0.35900 0.35400 0.36100 0.36700 0.37800
  5   | 0.47400 0.45600 0.43300 0.42300 0.42300 0.46000 0.43600 0.44800 0.45200 0.42500 0.41500 0.40800 0.40600 0.42900 0.42600
  6   | 0.51200 0.52400 0.45600 0.46700 0.46900 0.49500 0.48300 0.51200 0.50100 0.48400 0.45300 0.45200 0.45400 0.46700 0.47700
  7   | 0.49300 0.55500 0.54300 0.52800 0.50600 0.53200 0.52700 0.54300 0.53900 0.51800 0.48100 0.46200 0.50100 0.50400 0.49900
  8   | 0.49800 0.55500 0.59200 0.55200 0.55400 0.55500 0.54800 0.59000 0.57700 0.55100 0.52400 0.51800 0.53700 0.53700 0.54300
  9   | 0.62234 0.62147 0.62700 0.61728 0.63315 0.63231 0.61197 0.62195 0.61330 0.59649 0.58374 0.57533 0.59850 0.58309 0.60556
------+------------------------------------------------------------------------------------------------------------------------
                                               
 
 
        Weights at age in the catches (Kg)
        ----------------------------------
------+--------
AGE   |    2002
------+--------
  0   | 0.05200
  1   | 0.15900
  2   | 0.25500
  3   | 0.30700
  4   | 0.36900
  5   | 0.42600
  6   | 0.46400
  7   | 0.51400
  8   | 0.53900
  9   | 0.60668
------+--------
                                               
 
 
 
        Weights at age in the stock (Kg)
        --------------------------------
------+------------------------------------------------------------------------------------------------------------------------
AGE   |    1972    1973    1974    1975    1976    1977    1978    1979    1980    1981    1982    1983    1984    1985    1986
------+------------------------------------------------------------------------------------------------------------------------
  0   | 0.00800 0.00800 0.00800 0.00800 0.00800 0.00800 0.00800 0.00800 0.00800 0.00800 0.00800 0.00800 0.00000 0.00000 0.00000
  1   | 0.13200 0.13200 0.13000 0.12900 0.12800 0.12700 0.11100 0.11000 0.10900 0.08700 0.08600 0.08600 0.08100 0.08500 0.07700
  2   | 0.17800 0.17700 0.17300 0.17100 0.17000 0.16700 0.17500 0.17400 0.17300 0.18600 0.13500 0.17200 0.19400 0.16500 0.17900
  3   | 0.24300 0.24200 0.23800 0.23600 0.23600 0.23300 0.23800 0.23700 0.23600 0.25200 0.22100 0.23500 0.25300 0.29300 0.26700
  4   | 0.41100 0.30100 0.29600 0.29400 0.29300 0.28900 0.30000 0.29900 0.29700 0.31300 0.28000 0.28000 0.29500 0.30600 0.30400
  5   | 0.35500 0.43800 0.32200 0.31800 0.31800 0.31300 0.34600 0.34500 0.34300 0.32300 0.38500 0.33900 0.32400 0.34100 0.35600
  6   | 0.39800 0.39800 0.46900 0.36500 0.36500 0.36100 0.38200 0.38000 0.37900 0.37800 0.35300 0.37700 0.39300 0.38400 0.35100
  7   | 0.43300 0.43300 0.43300 0.49700 0.41900 0.41600 0.41000 0.40800 0.40700 0.41900 0.40800 0.40400 0.43600 0.43000 0.41600
  8   | 0.45900 0.45900 0.45900 0.45900 0.51200 0.44600 0.43200 0.43000 0.42900 0.43400 0.43700 0.43900 0.44100 0.45900 0.47300
  9   | 0.50938 0.51318 0.51799 0.52222 0.51953 0.53454 0.49568 0.48545 0.48074 0.46633 0.48524 0.51912 0.51060 0.52843 0.47183
------+------------------------------------------------------------------------------------------------------------------------
                                               
 
 
        Weights at age in the stock (Kg)
        --------------------------------
------+------------------------------------------------------------------------------------------------------------------------
AGE   |    1987    1988    1989    1990    1991    1992    1993    1994    1995    1996    1997    1998    1999    2000    2001
------+------------------------------------------------------------------------------------------------------------------------
  0   | 0.00000 0.00000 0.00000 0.00000 0.00000 0.00000 0.00000 0.00000 0.00000 0.00000 0.00000 0.00000 0.00000 0.00000 0.00000
  1   | 0.07800 0.07200 0.07600 0.07400 0.07500 0.07800 0.07800 0.07900 0.08100 0.07600 0.07600 0.07700 0.08100 0.07400 0.07800
  2   | 0.14800 0.15600 0.17700 0.13800 0.15500 0.21200 0.19700 0.17800 0.16400 0.13300 0.18600 0.14900 0.19400 0.18500 0.16400
  3   | 0.24000 0.23700 0.24400 0.22200 0.23000 0.25900 0.26800 0.23700 0.26700 0.25100 0.22800 0.22300 0.24200 0.23500 0.24100
  4   | 0.28600 0.30100 0.30600 0.28700 0.30700 0.31000 0.31500 0.30100 0.32600 0.31700 0.29600 0.28500 0.30100 0.28900 0.34200
  5   | 0.37400 0.32900 0.35200 0.33900 0.35700 0.36200 0.36000 0.36100 0.39800 0.36600 0.36100 0.34200 0.35300 0.35000 0.39000
  6   | 0.38600 0.42300 0.38000 0.37300 0.40900 0.40200 0.41600 0.41300 0.44800 0.44400 0.40200 0.40000 0.39600 0.39000 0.44600
  7   | 0.41100 0.44500 0.42900 0.41400 0.43200 0.42400 0.45400 0.46600 0.49100 0.46200 0.44500 0.42600 0.42300 0.42600 0.45900
  8   | 0.42900 0.43200 0.47400 0.40900 0.50200 0.46200 0.46500 0.47000 0.50800 0.50100 0.47800 0.46600 0.44000 0.44700 0.49900
  9   | 0.49255 0.55066 0.49818 0.47156 0.56166 0.52255 0.52046 0.53239 0.56017 0.58296 0.53904 0.52632 0.49988 0.49794 0.56454
------+------------------------------------------------------------------------------------------------------------------------
                                               
 
 
        Weights at age in the stock (Kg)
        --------------------------------
------+--------
AGE   |    2002
------+--------
  0   | 0.00000
  1   | 0.07800
  2   | 0.18100
  3   | 0.23900
  4   | 0.31100
  5   | 0.36400
  6   | 0.41100
  7   | 0.43600
  8   | 0.46200
  9   | 0.51827
------+--------
                                               
 
 
 
        Natural Mortality (per year)
        ----------------------------
------+------------------------------------------------------------------------------------------------------------------------
AGE   |    1972    1973    1974    1975    1976    1977    1978    1979    1980    1981    1982    1983    1984    1985    1986
------+------------------------------------------------------------------------------------------------------------------------
  0   | 0.15000 0.15000 0.15000 0.15000 0.15000 0.15000 0.15000 0.15000 0.15000 0.15000 0.15000 0.15000 0.15000 0.15000 0.15000
  1   | 0.15000 0.15000 0.15000 0.15000 0.15000 0.15000 0.15000 0.15000 0.15000 0.15000 0.15000 0.15000 0.15000 0.15000 0.15000
  2   | 0.15000 0.15000 0.15000 0.15000 0.15000 0.15000 0.15000 0.15000 0.15000 0.15000 0.15000 0.15000 0.15000 0.15000 0.15000
  3   | 0.15000 0.15000 0.15000 0.15000 0.15000 0.15000 0.15000 0.15000 0.15000 0.15000 0.15000 0.15000 0.15000 0.15000 0.15000
  4   | 0.15000 0.15000 0.15000 0.15000 0.15000 0.15000 0.15000 0.15000 0.15000 0.15000 0.15000 0.15000 0.15000 0.15000 0.15000
  5   | 0.15000 0.15000 0.15000 0.15000 0.15000 0.15000 0.15000 0.15000 0.15000 0.15000 0.15000 0.15000 0.15000 0.15000 0.15000
  6   | 0.15000 0.15000 0.15000 0.15000 0.15000 0.15000 0.15000 0.15000 0.15000 0.15000 0.15000 0.15000 0.15000 0.15000 0.15000
  7   | 0.15000 0.15000 0.15000 0.15000 0.15000 0.15000 0.15000 0.15000 0.15000 0.15000 0.15000 0.15000 0.15000 0.15000 0.15000
  8   | 0.15000 0.15000 0.15000 0.15000 0.15000 0.15000 0.15000 0.15000 0.15000 0.15000 0.15000 0.15000 0.15000 0.15000 0.15000
  9   | 0.15000 0.15000 0.15000 0.15000 0.15000 0.15000 0.15000 0.15000 0.15000 0.15000 0.15000 0.15000 0.15000 0.15000 0.15000
------+------------------------------------------------------------------------------------------------------------------------
                                               
 
 
        Natural Mortality (per year)
        ----------------------------
------+------------------------------------------------------------------------------------------------------------------------
AGE   |    1987    1988    1989    1990    1991    1992    1993    1994    1995    1996    1997    1998    1999    2000    2001
------+------------------------------------------------------------------------------------------------------------------------
  0   | 0.15000 0.15000 0.15000 0.15000 0.15000 0.15000 0.15000 0.15000 0.15000 0.15000 0.15000 0.15000 0.15000 0.15000 0.15000
  1   | 0.15000 0.15000 0.15000 0.15000 0.15000 0.15000 0.15000 0.15000 0.15000 0.15000 0.15000 0.15000 0.15000 0.15000 0.15000
  2   | 0.15000 0.15000 0.15000 0.15000 0.15000 0.15000 0.15000 0.15000 0.15000 0.15000 0.15000 0.15000 0.15000 0.15000 0.15000
  3   | 0.15000 0.15000 0.15000 0.15000 0.15000 0.15000 0.15000 0.15000 0.15000 0.15000 0.15000 0.15000 0.15000 0.15000 0.15000
  4   | 0.15000 0.15000 0.15000 0.15000 0.15000 0.15000 0.15000 0.15000 0.15000 0.15000 0.15000 0.15000 0.15000 0.15000 0.15000
  5   | 0.15000 0.15000 0.15000 0.15000 0.15000 0.15000 0.15000 0.15000 0.15000 0.15000 0.15000 0.15000 0.15000 0.15000 0.15000
  6   | 0.15000 0.15000 0.15000 0.15000 0.15000 0.15000 0.15000 0.15000 0.15000 0.15000 0.15000 0.15000 0.15000 0.15000 0.15000
  7   | 0.15000 0.15000 0.15000 0.15000 0.15000 0.15000 0.15000 0.15000 0.15000 0.15000 0.15000 0.15000 0.15000 0.15000 0.15000
  8   | 0.15000 0.15000 0.15000 0.15000 0.15000 0.15000 0.15000 0.15000 0.15000 0.15000 0.15000 0.15000 0.15000 0.15000 0.15000
  9   | 0.15000 0.15000 0.15000 0.15000 0.15000 0.15000 0.15000 0.15000 0.15000 0.15000 0.15000 0.15000 0.15000 0.15000 0.15000
------+------------------------------------------------------------------------------------------------------------------------
                                               
 
 
        Natural Mortality (per year)
        ----------------------------
------+--------
AGE   |    2002
------+--------
  0   | 0.15000
  1   | 0.15000
  2   | 0.15000
  3   | 0.15000
  4   | 0.15000
  5   | 0.15000
  6   | 0.15000
  7   | 0.15000
  8   | 0.15000
  9   | 0.15000
------+--------
                                               
 
 
 
        Proportion of fish spawning
        ---------------------------
------+------------------------------------------------------------------------------------------------------------------------
AGE   |    1972    1973    1974    1975    1976    1977    1978    1979    1980    1981    1982    1983    1984    1985    1986
------+------------------------------------------------------------------------------------------------------------------------
  0   |  0.0000  0.0000  0.0000  0.0000  0.0000  0.0000  0.0000  0.0000  0.0000  0.0000  0.0000  0.0000  0.0000  0.0000  0.0000
  1   |  0.0500  0.0500  0.0500  0.0600  0.0600  0.0600  0.0600  0.0600  0.0600  0.0700  0.0700  0.0700  0.0700  0.0700  0.0700
  2   |  0.5300  0.5400  0.5400  0.5500  0.5500  0.5500  0.5600  0.5600  0.5700  0.5700  0.5700  0.5800  0.5800  0.5800  0.5800
  3   |  0.9000  0.9000  0.9000  0.8900  0.8900  0.8900  0.8900  0.8900  0.8900  0.8800  0.8800  0.8800  0.8800  0.8800  0.8800
  4   |  0.9800  0.9800  0.9800  0.9800  0.9800  0.9800  0.9800  0.9800  0.9800  0.9800  0.9800  0.9800  0.9700  0.9700  0.9700
  5   |  0.9800  0.9800  0.9800  0.9800  0.9800  0.9800  0.9800  0.9800  0.9800  0.9800  0.9800  0.9800  0.9700  0.9700  0.9700
  6   |  0.9900  0.9900  0.9900  0.9900  0.9900  0.9900  0.9900  0.9900  0.9900  0.9900  0.9900  0.9900  0.9900  0.9900  0.9900
  7   |  1.0000  1.0000  1.0000  1.0000  1.0000  1.0000  1.0000  1.0000  1.0000  1.0000  1.0000  1.0000  1.0000  1.0000  1.0000
  8   |  1.0000  1.0000  1.0000  1.0000  1.0000  1.0000  1.0000  1.0000  1.0000  1.0000  1.0000  1.0000  1.0000  1.0000  1.0000
  9   |  1.0000  1.0000  1.0000  1.0000  1.0000  1.0000  1.0000  1.0000  1.0000  1.0000  1.0000  1.0000  1.0000  1.0000  1.0000
------+------------------------------------------------------------------------------------------------------------------------
                                               
 
 
        Proportion of fish spawning
        ---------------------------
------+------------------------------------------------------------------------------------------------------------------------
AGE   |    1987    1988    1989    1990    1991    1992    1993    1994    1995    1996    1997    1998    1999    2000    2001
------+------------------------------------------------------------------------------------------------------------------------
  0   |  0.0000  0.0000  0.0000  0.0000  0.0000  0.0000  0.0000  0.0000  0.0000  0.0000  0.0000  0.0000  0.0000  0.0000  0.0000
  1   |  0.0700  0.0700  0.0700  0.0700  0.0700  0.0700  0.0700  0.0700  0.0700  0.0700  0.0700  0.0700  0.0700  0.0700  0.0700
  2   |  0.5800  0.5800  0.5800  0.5800  0.5800  0.5800  0.5800  0.5800  0.5800  0.5800  0.5800  0.5800  0.5800  0.5800  0.5900
  3   |  0.8800  0.8800  0.8800  0.8800  0.8800  0.8800  0.8800  0.8800  0.8800  0.8800  0.8800  0.8600  0.8600  0.8600  0.8800
  4   |  0.9700  0.9700  0.9700  0.9700  0.9700  0.9700  0.9700  0.9700  0.9700  0.9700  0.9700  0.9800  0.9800  0.9800  0.9700
  5   |  0.9700  0.9700  0.9700  0.9700  0.9700  0.9700  0.9700  0.9700  0.9700  0.9700  0.9700  0.9800  0.9800  0.9800  0.9700
  6   |  0.9900  0.9900  0.9900  0.9900  0.9900  0.9900  0.9900  0.9900  0.9900  0.9900  0.9900  0.9900  0.9900  0.9900  0.9900
  7   |  1.0000  1.0000  1.0000  1.0000  1.0000  1.0000  1.0000  1.0000  1.0000  1.0000  1.0000  1.0000  1.0000  1.0000  1.0000
  8   |  1.0000  1.0000  1.0000  1.0000  1.0000  1.0000  1.0000  1.0000  1.0000  1.0000  1.0000  1.0000  1.0000  1.0000  1.0000
  9   |  1.0000  1.0000  1.0000  1.0000  1.0000  1.0000  1.0000  1.0000  1.0000  1.0000  1.0000  1.0000  1.0000  1.0000  1.0000
------+------------------------------------------------------------------------------------------------------------------------
                                               
 
 
        Proportion of fish spawning
        ---------------------------
------+--------
AGE   |    2002
------+--------
  0   |  0.0000
  1   |  0.0700
  2   |  0.5900
  3   |  0.8800
  4   |  0.9700
  5   |  0.9700
  6   |  0.9900
  7   |  1.0000
  8   |  1.0000
  9   |  1.0000
------+--------
                                               
 
 
 
 INDICES OF SPAWNING BIOMASS                                                    
  
 ----------------------------
 
          INDEX
        -------
------+------------------------------------------------------------------------------------------------------------------------
      |    1972    1973    1974    1975    1976    1977    1978    1979    1980    1981    1982    1983    1984    1985    1986
------+------------------------------------------------------------------------------------------------------------------------
  1   | ******* ******* ******* ******* ******* ******* ******* ******* ******* ******* ******* ******* ******* ******* *******
------+------------------------------------------------------------------------------------------------------------------------
       x 10 ^ 3                                
 
 
          INDEX
        -------
------+------------------------------------------------------------------------------------------------------------------------
      |    1987    1988    1989    1990    1991    1992    1993    1994    1995    1996    1997    1998    1999    2000    2001
------+------------------------------------------------------------------------------------------------------------------------
  1   | *******  284.04  292.96  256.48  258.23  256.42  259.07  250.51  284.83  285.19  291.50  282.85  323.73  333.74  367.03
------+------------------------------------------------------------------------------------------------------------------------
       x 10 ^ 3                                
 
 
          INDEX
        -------
------+--------
      |    2002
------+--------
  1   |  323.89
------+--------
       x 10 ^ 3                                
 
 
 
 AGE-STRUCTURED INDICES                                                         
  
 -----------------------
 
        FLT01: Dummy survey
        -------------------
------+--------------------------------
AGE   |    1981    1982    1983    1984
------+--------------------------------
  1   |  266.10  203.00   43.60   15.24
  2   |  506.40  435.90  712.70   79.51
  3   |  225.10  483.60  444.60  661.83
  4   |   31.70  184.10  391.60  374.60
  5   |  174.80   24.70  130.40  238.20
  6   |  158.50  136.60   20.20   92.00
  7   |   99.50  108.60   91.30   15.54
  8   |  116.60   84.50   70.90   51.47
  9   |   35.30   87.00   47.10   39.27
------+--------------------------------
       x 10 ^ 3                                
 
 
 
        Fishing Mortality (per year)
        ----------------------------
------+------------------------------------------------------------------------------------------------------------------------
AGE   |    1972    1973    1974    1975    1976    1977    1978    1979    1980    1981    1982    1983    1984    1985    1986
------+------------------------------------------------------------------------------------------------------------------------
  0   | 0.01026 0.01013 0.00568 0.00749 0.00607 0.00643 0.00541 0.00570 0.00541 0.00993 0.00575 0.00942 0.00658 0.01000 0.00753
  1   | 0.03884 0.03833 0.02148 0.02836 0.02295 0.02435 0.02046 0.02157 0.02046 0.03756 0.02175 0.03565 0.02490 0.03786 0.02849
  2   | 0.08597 0.08483 0.04754 0.06278 0.05081 0.05389 0.04529 0.04774 0.04529 0.08314 0.04813 0.07891 0.05511 0.08380 0.06306
  3   | 0.16961 0.16736 0.09378 0.12385 0.10023 0.10632 0.08935 0.09419 0.08935 0.16403 0.09496 0.15568 0.10874 0.16533 0.12442
  4   | 0.25930 0.25585 0.14338 0.18935 0.15323 0.16253 0.13659 0.14400 0.13659 0.25076 0.14518 0.23800 0.16623 0.25276 0.19021
  5   | 0.29493 0.29100 0.16308 0.21536 0.17429 0.18486 0.15536 0.16378 0.15536 0.28522 0.16513 0.27070 0.18907 0.28749 0.21634
  6   | 0.33353 0.32910 0.18442 0.24355 0.19710 0.20906 0.17570 0.18522 0.17570 0.32255 0.18674 0.30614 0.21382 0.32512 0.24466
  7   | 0.38211 0.37702 0.21128 0.27902 0.22581 0.23951 0.20128 0.21219 0.20129 0.36953 0.21394 0.35072 0.24496 0.37247 0.28030
  8   | 0.35391 0.34920 0.19569 0.25843 0.20915 0.22184 0.18643 0.19654 0.18643 0.34226 0.19815 0.32484 0.22689 0.34498 0.25961
  9   | 0.35391 0.34920 0.19569 0.25843 0.20915 0.22184 0.18643 0.19654 0.18643 0.34226 0.19815 0.32484 0.22689 0.34498 0.25961
------+------------------------------------------------------------------------------------------------------------------------
                                               
 
 
        Fishing Mortality (per year)
        ----------------------------
------+------------------------------------------------------------------------------------------------------------------------
AGE   |    1987    1988    1989    1990    1991    1992    1993    1994    1995    1996    1997    1998    1999    2000    2001
------+------------------------------------------------------------------------------------------------------------------------
  0   | 0.00608 0.00761 0.00716 0.00891 0.00759 0.00852 0.00963 0.00613 0.00724 0.00725 0.00746 0.00763 0.00541 0.00538 0.00675
  1   | 0.02301 0.02879 0.02710 0.03372 0.02871 0.03223 0.03643 0.02318 0.02740 0.02744 0.02825 0.02886 0.02049 0.02037 0.02556
  2   | 0.05093 0.06373 0.05998 0.07463 0.06355 0.07134 0.08063 0.05131 0.06064 0.06075 0.06252 0.06387 0.04535 0.04508 0.05658
  3   | 0.10048 0.12574 0.11834 0.14724 0.12539 0.14075 0.15907 0.10123 0.11964 0.11984 0.12335 0.12601 0.08947 0.08893 0.11162
  4   | 0.15361 0.19222 0.18091 0.22510 0.19169 0.21517 0.24318 0.15475 0.18290 0.18322 0.18857 0.19265 0.13677 0.13596 0.17065
  5   | 0.17472 0.21863 0.20577 0.25602 0.21803 0.24473 0.27659 0.17602 0.20803 0.20839 0.21448 0.21912 0.15557 0.15464 0.19409
  6   | 0.19759 0.24725 0.23270 0.28954 0.24656 0.27677 0.31280 0.19906 0.23526 0.23567 0.24255 0.24780 0.17593 0.17488 0.21950
  7   | 0.22636 0.28326 0.26659 0.33170 0.28247 0.31708 0.35835 0.22805 0.26952 0.26999 0.27788 0.28389 0.20155 0.20035 0.25147
  8   | 0.20966 0.26236 0.24692 0.30723 0.26163 0.29368 0.33191 0.21122 0.24964 0.25007 0.25738 0.26294 0.18668 0.18557 0.23291
  9   | 0.20966 0.26236 0.24692 0.30723 0.26163 0.29368 0.33191 0.21122 0.24964 0.25007 0.25738 0.26294 0.18668 0.18557 0.23291
------+------------------------------------------------------------------------------------------------------------------------
                                               
 
 
        Fishing Mortality (per year)
        ----------------------------
------+--------
AGE   |    2002
------+--------
  0   | 0.00941
  1   | 0.03562
  2   | 0.07885
  3   | 0.15556
  4   | 0.23782
  5   | 0.27049
  6   | 0.30590
  7   | 0.35045
  8   | 0.32459
  9   | 0.32459
------+--------
                                               
 
 
 
        Population Abundance (1 January)
        --------------------------------
------+------------------------------------------------------------------------------------------------------------------------
AGE   |    1972    1973    1974    1975    1976    1977    1978    1979    1980    1981    1982    1983    1984    1985    1986
------+------------------------------------------------------------------------------------------------------------------------
  0   |  752.85  361.17  528.90  413.21  518.38  752.85  518.38  169.05  498.74  759.90  224.34  509.31  420.79  511.74  496.90
  1   |  442.72  641.37  307.73  452.65  353.00  443.47  643.83  443.76  144.67  426.95  647.59  191.99  434.26  359.80  436.07
  2   |  377.60  366.54  531.27  259.24  378.71  296.94  372.52  542.93  373.80  122.00  353.93  545.40  159.46  364.57  298.18
  3   |  252.77  298.23  289.82  436.04  209.55  309.81  242.17  306.43  445.52  307.49   96.63  290.32  433.81  129.89  288.57
  4   |  184.14  183.62  217.13  227.12  331.59  163.16  239.76  190.62  240.04  350.68  224.62   75.63  213.85  334.91   94.76
  5   |  112.44  122.29  122.37  161.92  161.76  244.85  119.37  180.02  142.06  180.23  234.89  167.21   51.31  155.88  223.88
  6   |   72.25   72.06   78.68   89.47  112.37  116.96  175.18   87.96  131.53  104.68  116.63  171.40  109.79   36.56  100.64
  7   |   66.81   44.55   44.63   56.31   60.36   79.41   81.68  126.48   62.90   94.97   65.26   83.28  108.62   76.30   22.73
  8   |   47.48   39.24   26.30   31.10   36.67   41.45   53.79   57.48   88.05   44.27   56.49   45.35   50.48   73.18   45.25
  9   |   72.94   68.93   62.50   57.44   52.44   56.50   62.14   78.56   91.17  121.65   95.12   98.66   81.78   79.15   87.88
------+------------------------------------------------------------------------------------------------------------------------
       x 10 ^ 6                                
 
 
        Population Abundance (1 January)
        --------------------------------
------+------------------------------------------------------------------------------------------------------------------------
AGE   |    1987    1988    1989    1990    1991    1992    1993    1994    1995    1996    1997    1998    1999    2000    2001
------+------------------------------------------------------------------------------------------------------------------------
  0   |  496.90  224.34  420.79  345.84  591.64  361.17  518.38  558.82  481.40  482.83  752.85  374.98  374.98  456.09  591.64
  1   |  424.48  425.09  191.63  359.59  295.02  505.38  308.22  441.90  478.05  411.36  412.58  643.17  320.30  321.01  390.45
  2   |  364.79  357.04  355.50  160.53  299.24  246.74  421.19  255.80  371.63  400.34  344.47  345.22  537.83  270.09  270.72
  3   |  240.96  298.38  288.33  288.17  128.23  241.70  197.75  334.44  209.16  301.04  324.27  278.52  278.75  442.39  222.22
  4   |  219.32  187.57  226.48  220.47  214.07   97.36  180.72  145.17  260.14  159.72  229.85  246.71  211.34  219.39  348.37
  5   |   67.43  161.89  133.21  162.67  151.52  152.11   67.58  121.97  107.04  186.48  114.46  163.83  175.14  158.65  164.82
  6   |  155.21   48.74  111.97   93.33  108.39  104.86  102.50   44.11   88.04   74.82  130.31   79.50  113.26  129.02  116.99
  7   |   67.82  109.64   32.76   76.37   60.14   72.90   68.44   64.53   31.11   59.89   50.88   88.00   53.41   81.76   93.24
  8   |   14.78   46.55   71.09   21.60   47.17   39.02   45.70   41.16   44.21   20.45   39.35   33.17   57.03   37.58   57.60
  9   |   81.50   61.73   65.22   82.45   59.96   69.06   63.77   59.66   67.76   69.30   55.31   57.11   54.06   73.08   76.03
------+------------------------------------------------------------------------------------------------------------------------
       x 10 ^ 6                                
 
 
        Population Abundance (1 January)
        --------------------------------
------+----------------
AGE   |    2002    2003
------+----------------
  0   |  509.31  378.30
  1   |  505.80  434.26
  2   |  327.58  420.11
  3   |  220.20  260.58
  4   |  171.07  162.22
  5   |  252.80  116.08
  6   |  116.84  166.02
  7   |   80.85   74.06
  8   |   62.41   49.01
  9   |   85.08   91.76
------+----------------
       x 10 ^ 6                                
 
 
 
        Weighting factors for the catches in number
        -------------------------------------------
------+----------------------------------------------------------------------------------------
AGE   |    1992    1993    1994    1995    1996    1997    1998    1999    2000    2001    2002
------+----------------------------------------------------------------------------------------
  0   |  0.0200  0.0200  0.0200  0.0200  0.0200  0.0200  0.0200  0.0200  0.0200  0.0200  0.0200
  1   |  1.0000  1.0000  1.0000  1.0000  1.0000  1.0000  1.0000  1.0000  1.0000  1.0000  1.0000
  2   |  1.0000  1.0000  1.0000  1.0000  1.0000  1.0000  1.0000  1.0000  1.0000  1.0000  1.0000
  3   |  1.0000  1.0000  1.0000  1.0000  1.0000  1.0000  1.0000  1.0000  1.0000  1.0000  1.0000
  4   |  1.0000  1.0000  1.0000  1.0000  1.0000  1.0000  1.0000  1.0000  1.0000  1.0000  1.0000
  5   |  1.0000  1.0000  1.0000  1.0000  1.0000  1.0000  1.0000  1.0000  1.0000  1.0000  1.0000
  6   |  1.0000  1.0000  1.0000  1.0000  1.0000  1.0000  1.0000  1.0000  1.0000  1.0000  1.0000
  7   |  1.0000  1.0000  1.0000  1.0000  1.0000  1.0000  1.0000  1.0000  1.0000  1.0000  1.0000
  8   |  1.0000  1.0000  1.0000  1.0000  1.0000  1.0000  1.0000  1.0000  1.0000  1.0000  1.0000
------+----------------------------------------------------------------------------------------
                                               
 
 
 
 Predicted SSB Index Values                                                     
  
 ---------------------------
 
          INDEX
        -------
------+------------------------------------------------------------------------------------------------------------------------
      |    1972    1973    1974    1975    1976    1977    1978    1979    1980    1981    1982    1983    1984    1985    1986
------+------------------------------------------------------------------------------------------------------------------------
  1   | ******* ******* ******* ******* ******* ******* ******* ******* ******* ******* ******* ******* ******* ******* *******
------+------------------------------------------------------------------------------------------------------------------------
       x 10 ^ 3                                
 
 
          INDEX
        -------
------+------------------------------------------------------------------------------------------------------------------------
      |    1987    1988    1989    1990    1991    1992    1993    1994    1995    1996    1997    1998    1999    2000    2001
------+------------------------------------------------------------------------------------------------------------------------
  1   | *******  284.04  292.96  256.48  258.23  256.42  259.07  250.51  284.83  285.19  291.50  282.85  323.73  333.74  367.03
------+------------------------------------------------------------------------------------------------------------------------
       x 10 ^ 3                                
 
 
          INDEX
        -------
------+--------
      |    2002
------+--------
  1   |  323.89
------+--------
       x 10 ^ 3                                
 
 
 
 Predicted Age-Structured Index Values                                          
  
 --------------------------------------
 
        FLT01: Dummy survey Predicted
        -----------------------------
------+--------------------------------
AGE   |    1981    1982    1983    1984
------+--------------------------------
  1   |   84.46  129.22   38.02   86.50
  2   |  163.30  482.96  731.73  216.75
  3   |  516.44  168.58  489.85  751.10
  4   |  308.77  209.60   67.06  197.25
  5   |  136.10  189.50  127.28   40.85
  6   |   65.33   78.44  107.94   72.74
  7   |   65.91   49.34   58.40   80.73
  8   |   67.47   93.18   69.78   81.96
  9   |   58.16   49.23   47.62   41.66
------+--------------------------------
       x 10 ^ 3                                
 
 
 
        Fitted Selection Pattern
        ------------------------
------+------------------------------------------------------------------------------------------------------------------------
AGE   |    1972    1973    1974    1975    1976    1977    1978    1979    1980    1981    1982    1983    1984    1985    1986
------+------------------------------------------------------------------------------------------------------------------------
  0   |  0.0348  0.0348  0.0348  0.0348  0.0348  0.0348  0.0348  0.0348  0.0348  0.0348  0.0348  0.0348  0.0348  0.0348  0.0348
  1   |  0.1317  0.1317  0.1317  0.1317  0.1317  0.1317  0.1317  0.1317  0.1317  0.1317  0.1317  0.1317  0.1317  0.1317  0.1317
  2   |  0.2915  0.2915  0.2915  0.2915  0.2915  0.2915  0.2915  0.2915  0.2915  0.2915  0.2915  0.2915  0.2915  0.2915  0.2915
  3   |  0.5751  0.5751  0.5751  0.5751  0.5751  0.5751  0.5751  0.5751  0.5751  0.5751  0.5751  0.5751  0.5751  0.5751  0.5751
  4   |  0.8792  0.8792  0.8792  0.8792  0.8792  0.8792  0.8792  0.8792  0.8792  0.8792  0.8792  0.8792  0.8792  0.8792  0.8792
  5   |  1.0000  1.0000  1.0000  1.0000  1.0000  1.0000  1.0000  1.0000  1.0000  1.0000  1.0000  1.0000  1.0000  1.0000  1.0000
  6   |  1.1309  1.1309  1.1309  1.1309  1.1309  1.1309  1.1309  1.1309  1.1309  1.1309  1.1309  1.1309  1.1309  1.1309  1.1309
  7   |  1.2956  1.2956  1.2956  1.2956  1.2956  1.2956  1.2956  1.2956  1.2956  1.2956  1.2956  1.2956  1.2956  1.2956  1.2956
  8   |  1.2000  1.2000  1.2000  1.2000  1.2000  1.2000  1.2000  1.2000  1.2000  1.2000  1.2000  1.2000  1.2000  1.2000  1.2000
  9   |  1.2000  1.2000  1.2000  1.2000  1.2000  1.2000  1.2000  1.2000  1.2000  1.2000  1.2000  1.2000  1.2000  1.2000  1.2000
------+------------------------------------------------------------------------------------------------------------------------
                                               
 
 
        Fitted Selection Pattern
        ------------------------
------+------------------------------------------------------------------------------------------------------------------------
AGE   |    1987    1988    1989    1990    1991    1992    1993    1994    1995    1996    1997    1998    1999    2000    2001
------+------------------------------------------------------------------------------------------------------------------------
  0   |  0.0348  0.0348  0.0348  0.0348  0.0348  0.0348  0.0348  0.0348  0.0348  0.0348  0.0348  0.0348  0.0348  0.0348  0.0348
  1   |  0.1317  0.1317  0.1317  0.1317  0.1317  0.1317  0.1317  0.1317  0.1317  0.1317  0.1317  0.1317  0.1317  0.1317  0.1317
  2   |  0.2915  0.2915  0.2915  0.2915  0.2915  0.2915  0.2915  0.2915  0.2915  0.2915  0.2915  0.2915  0.2915  0.2915  0.2915
  3   |  0.5751  0.5751  0.5751  0.5751  0.5751  0.5751  0.5751  0.5751  0.5751  0.5751  0.5751  0.5751  0.5751  0.5751  0.5751
  4   |  0.8792  0.8792  0.8792  0.8792  0.8792  0.8792  0.8792  0.8792  0.8792  0.8792  0.8792  0.8792  0.8792  0.8792  0.8792
  5   |  1.0000  1.0000  1.0000  1.0000  1.0000  1.0000  1.0000  1.0000  1.0000  1.0000  1.0000  1.0000  1.0000  1.0000  1.0000
  6   |  1.1309  1.1309  1.1309  1.1309  1.1309  1.1309  1.1309  1.1309  1.1309  1.1309  1.1309  1.1309  1.1309  1.1309  1.1309
  7   |  1.2956  1.2956  1.2956  1.2956  1.2956  1.2956  1.2956  1.2956  1.2956  1.2956  1.2956  1.2956  1.2956  1.2956  1.2956
  8   |  1.2000  1.2000  1.2000  1.2000  1.2000  1.2000  1.2000  1.2000  1.2000  1.2000  1.2000  1.2000  1.2000  1.2000  1.2000
  9   |  1.2000  1.2000  1.2000  1.2000  1.2000  1.2000  1.2000  1.2000  1.2000  1.2000  1.2000  1.2000  1.2000  1.2000  1.2000
------+------------------------------------------------------------------------------------------------------------------------
                                               
 
 
        Fitted Selection Pattern
        ------------------------
------+--------
AGE   |    2002
------+--------
  0   |  0.0348
  1   |  0.1317
  2   |  0.2915
  3   |  0.5751
  4   |  0.8792
  5   |  1.0000
  6   |  1.1309
  7   |  1.2956
  8   |  1.2000
  9   |  1.2000
------+--------
                                               
 
 
 
 
 
                    STOCK SUMMARY                                             
 
 
 ³ Year ³  Recruits  ³  Total  ³ Spawning³ Landings ³ Yield ³ Mean F ³ SoP ³    
 ³      ³   Age   0  ³ Biomass ³ Biomass ³          ³ /SSB  ³  Ages  ³     ³ 
 ³      ³  thousands ³  tonnes ³ tonnes  ³ tonnes   ³ ratio ³  4- 7  ³ (%) ³ 
 
   1972       752850    425329    274510     90295   0.3289   0.3175    99
   1973       361160    434786    265867     80691   0.3035   0.3132   100
   1974       528900    409469    281510     46777   0.1662   0.1755    99
   1975       413210    432115    297265     63605   0.2140   0.2318    99
   1976       518370    424086    300606     53588   0.1783   0.1876   100
   1977       752850    431860    299184     58860   0.1967   0.1990   100
   1978       518370    466114    317548     50124   0.1578   0.1672   100
   1979       169040    484244    341878     54322   0.1589   0.1763    99
   1980       498730    466647    361469     61086   0.1690   0.1672    99
   1981       759890    466686    341027    108043   0.3168   0.3070    99
   1982       224340    418586    299009     58296   0.1950   0.1777   100
   1983       509300    429866    308226     87945   0.2853   0.2914    99
   1984       420780    410094    306339     62079   0.2026   0.2035   100
   1985       511730    406690    291160    100077   0.3437   0.3095    99
   1986       496900    380158    273723     70023   0.2558   0.2329    99
   1987       496900    367142    268312     58543   0.2182   0.1881    99
   1988       224340    390248    284035     75822   0.2669   0.2353   100
   1989       420780    386820    292964     68718   0.2346   0.2215   100
   1990       345830    345298    256480     83281   0.3247   0.2756   100
   1991       591640    345477    258228     66878   0.2590   0.2347   100
   1992       361160    366754    256423     74365   0.2900   0.2634   100
   1993       518370    369417    259067     77210   0.2980   0.2977    99
   1994       558820    346830    250507     51697   0.2064   0.1895   100
   1995       481390    398054    284828     64355   0.2259   0.2239    99
   1996       482830    390488    285194     64545   0.2263   0.2243    99
   1997       752850    402368    291496     67005   0.2299   0.2309    99
   1998       374980    404216    282850     70836   0.2504   0.2359   100
   1999       374980    442736    323732     54069   0.1670   0.1675   100
   2000       456080    434951    333737     58720   0.1759   0.1665    99
   2001       591640    478467    367032     77200   0.2103   0.2089    99
   2002       509300    452793    323891    100828   0.3113   0.2912   100
 
 -----------------------------------------------------------------            
 No of years for separable analysis : 11                                      
 Age range in the analysis : 0  . . . 9                                       
 Year range in the analysis : 1972  . . . 2002                                
 Number of indices of SSB : 1                                                 
 Number of age-structured indices : 1                                         
                                                                              
 Parameters to estimate : 46                                                  
 Number of observations : 150                                                 
                                                                              
 Conventional single selection vector model to be fitted.                     
                                                                              
                                                                              
                                                                              
 -----------------------------------------------------------------            
 
 
 PARAMETER ESTIMATES                                                            
  
 
 ³Parm.³      ³ Maximum ³    ³        ³         ³         ³         ³ Mean of ³ 
  
 ³ No. ³      ³ Likelh. ³ CV ³  Lower ³ Upper   ³  -s.e.  ³   +s.e. ³ Param.  ³ 
  
 ³     ³      ³ Estimate³ (%)³ 95% CL ³ 95% CL  ³         ³         ³ Distrib.³ 
  
 Separable model : F by year                                                    
  
    1   1992     0.2447   0    0.2404    0.2491    0.2425    0.2470    0.2447
    2   1993     0.2766   0    0.2718    0.2815    0.2741    0.2791    0.2766
    3   1994     0.1760   0    0.1729    0.1791    0.1744    0.1776    0.1760
    4   1995     0.2080   0    0.2044    0.2117    0.2062    0.2099    0.2080
    5   1996     0.2084   0    0.2048    0.2120    0.2066    0.2102    0.2084
    6   1997     0.2145   0    0.2109    0.2182    0.2126    0.2164    0.2145
    7   1998     0.2191   0    0.2155    0.2228    0.2172    0.2210    0.2191
    8   1999     0.1556   0    0.1530    0.1582    0.1543    0.1569    0.1556
    9   2000     0.1546   0    0.1521    0.1572    0.1533    0.1559    0.1546
   10   2001     0.1941   0    0.1909    0.1974    0.1924    0.1958    0.1941
   11   2002     0.2705   0    0.2654    0.2757    0.2679    0.2731    0.2705
 
 Separable Model: Selection (S) by age                                          
  
   12      0     0.0348   4    0.0320    0.0378    0.0333    0.0363    0.0348
   13      1     0.1317   0    0.1294    0.1341    0.1305    0.1329    0.1317
   14      2     0.2915   0    0.2867    0.2964    0.2890    0.2940    0.2915
   15      3     0.5751   0    0.5661    0.5842    0.5705    0.5797    0.5751
   16      4     0.8792   0    0.8663    0.8923    0.8726    0.8859    0.8792
           5     1.0000     Fixed : Reference Age             
   17      6     1.1309   0    1.1153    1.1467    1.1229    1.1389    1.1309
   18      7     1.2956   0    1.2778    1.3136    1.2865    1.3048    1.2956
           8     1.2000     Fixed : Last true age             
 
 Separable model: Populations in year 2002                                    
   19      0     509306  14     386513    671110    442434    586285    514377
   20      1     505800   2     483971    528614    494543    517314    505928
   21      2     327582   1     317729    337740    322517    332725    327621
   22      3     220195   1     214857    225667    217455    222970    220213
   23      4     171067   1     167526    174683    169252    172903    171077
   24      5     252803   0     248659    257017    250680    254944    252812
   25      6     116836   0     114910    118794    115849    117831    116840
   26      7      80846   0      79560     82152     80187     81510     80849
   27      8      62404   0      61428     63396     61904     62908     62406
 
Separable model: Populations at age
   28   1992      39021   2      37516     40587     38246     39812     39029
   29   1993      45697   1      44390     47043     45026     46379     45702
   30   1994      41161   1      40148     42200     40641     41688     41165
   31   1995      44212   1      43250     45195     43719     44711     44215
   32   1996      20451   1      20020     20891     20230     20674     20452
   33   1997      39349   0      38625     40086     38978     39723     39350
   34   1998      33167   0      32584     33761     32868     33469     33168
   35   1999      57024   0      56124     57939     56563     57489     57026
   36   2000      37576   0      36965     38197     37263     37892     37577
   37   2001      57594   0      56705     58496     57139     58053     57596
 
 SSB Index catchabilities                                                       
  
   INDEX                                 
 Absolute estimator. No fitted catchability.                                    
  
 
 
 
 Age-structured index catchabilities                                            
  
                                        FLT01: Dummy survey                     
 
 Linear model fitted. Slopes at age :                                           
  
   38   1  Q  .2193      28 .1670     .5079     .2193     .3868     .3032    
   39   2  Q  1.522      28 1.159     3.524     1.522     2.684     2.104    
   40   3  Q  1.996      28 1.520     4.623     1.996     3.521     2.760    
   41   4  Q  1.098      28 .8359     2.542     1.098     1.936     1.518    
   42   5  Q  .9594      28 .7306     2.222     .9594     1.692     1.327    
   43   6  Q  .8094      28 .6164     1.875     .8094     1.428     1.119    
   44   7  Q  .9235      28 .7033     2.139     .9235     1.629     1.277    
   45   8  Q  1.998      28 1.521     4.627     1.998     3.524     2.762    
   46   9  Q  .6268      28 .4773     1.452     .6268     1.106     .8666    
 
 
 
 RESIDUALS ABOUT THE MODEL FIT                                                  
  
 ------------------------------
 
        Separable Model Residuals
        -------------------------
------+----------------------------------------------------------------------------------------
Age   |    1992    1993    1994    1995    1996    1997    1998    1999    2000    2001    2002
------+----------------------------------------------------------------------------------------
  0   | ******* ******* ******* ******* ******* ******* ******* ******* ******* ******* *******
  1   | ******* ******* ******* ******* ******* ******* ******* ******* ******* ******* *******
  2   | ******* ******* ******* ******* ******* ******* ******* ******* ******* ******* *******
  3   | ******* ******* ******* ******* ******* ******* ******* ******* ******* ******* *******
  4   | ******* ******* ******* ******* ******* ******* ******* ******* ******* ******* *******
  5   | ******* ******* ******* ******* ******* ******* ******* ******* ******* ******* *******
  6   | ******* ******* ******* ******* ******* ******* ******* ******* ******* ******* *******
  7   | ******* ******* ******* ******* ******* ******* ******* ******* ******* ******* *******
  8   | ******* ******* ******* ******* ******* ******* ******* ******* ******* ******* *******
------+----------------------------------------------------------------------------------------
                                               
 
 
 
 SPAWNING BIOMASS INDEX RESIDUALS                                               
  
 ---------------------------------
 
          INDEX
        -------
------+------------------------------------------------------------------------------------------------------------------------
      |    1972    1973    1974    1975    1976    1977    1978    1979    1980    1981    1982    1983    1984    1985    1986
------+------------------------------------------------------------------------------------------------------------------------
  1   | ******* ******* ******* ******* ******* ******* ******* ******* ******* ******* ******* ******* ******* ******* *******
------+------------------------------------------------------------------------------------------------------------------------
                                               
 
 
          INDEX
        -------
------+------------------------------------------------------------------------------------------------------------------------
      |    1987    1988    1989    1990    1991    1992    1993    1994    1995    1996    1997    1998    1999    2000    2001
------+------------------------------------------------------------------------------------------------------------------------
  1   | ******* ******* ******* ******* ******* ******* ******* ******* ******* ******* ******* ******* ******* ******* *******
------+------------------------------------------------------------------------------------------------------------------------
                                               
 
 
          INDEX
        -------
------+--------
      |    2002
------+--------
  1   | *******
------+--------
                                               
 
 
 
 AGE-STRUCTURED INDEX RESIDUALS                                                 
  
 -------------------------------
 
        FLT01: Dummy survey
        -------------------
------+--------------------------------
Age   |    1981    1982    1983    1984
------+--------------------------------
  1   |   1.148   0.452   0.137  -1.736
  2   |   1.132  -0.103  -0.026  -1.003
  3   |  -0.830   1.054  -0.097  -0.127
  4   |  -2.276  -0.130   1.765   0.641
  5   |   0.250  -2.038   0.024   1.763
  6   |   0.886   0.555  -1.676   0.235
  7   |   0.412   0.789   0.447  -1.648
  8   |   0.547  -0.098   0.016  -0.465
  9   |  -0.499   0.569  -0.011  -0.059
------+--------------------------------
                                               
 
 
 
 
 
 
 PARAMETERS OF THE DISTRIBUTION OF ln(CATCHES AT AGE)                           
  
 -----------------------------------------------------
 
 Separable model fitted from 1992  to 2002                                    
 Variance                             0.0000
Skewness test stat.                  -1.8040
Kurtosis test statistic               0.7923
Partial chi-square                    0.0000
Significance in fit                   0.0000
Degrees of freedom                        62
 
 
 PARAMETERS OF DISTRIBUTIONS OF THE SSB INDICES                                 
  
 -----------------------------------------------
 
 
   DISTRIBUTION STATISTICS FOR   INDEX                                          
 
 
 Index used as absolute measure of abundance                                    
  
 Last age is a plus-group                                                       
  
 
 Variance                             0.0000
Skewness test stat.                  -1.0343
Kurtosis test statistic              -0.8997
Partial chi-square                    0.0000
Significance in fit                   0.0000
Number of observations                    15
Degrees of freedom                        15
Weight in the analysis                5.0000
 
 PARAMETERS OF THE DISTRIBUTION OF THE AGE-STRUCTURED INDICES                   
  
 ------------------------------------------------------------ 
 
 
   DISTRIBUTION STATISTICS FOR FLT01: Dummy survey                              
 
 
 Linear catchability relationship assumed                                       
  
 
 Age                          1         2         3         4         5         6         7         8         9
 Variance                0.0017    0.0009    0.0007    0.0032    0.0027    0.0015    0.0014    0.0002    0.0002
Skewness test stat.     -0.6096    0.2062    0.3938   -0.3827   -0.2441   -0.7940   -0.8748    0.2662    0.2232
Kurtosis test statisti  -0.3694   -0.4045   -0.3872   -0.4369   -0.4056   -0.3275   -0.2945   -0.4177   -0.4046
Partial chi-square       0.0004    0.0002    0.0002    0.0008    0.0007    0.0004    0.0004    0.0001    0.0001
Significance in fit      0.0000    0.0000    0.0000    0.0000    0.0000    0.0000    0.0000    0.0000    0.0000
Number of observations        4         4         4         4         4         4         4         4         4
Degrees of freedom            3         3         3         3         3         3         3         3         3
Weight in the analysis   0.0011    0.0011    0.0011    0.0011    0.0011    0.0011    0.0011    0.0011    0.0011
 
 ANALYSIS OF VARIANCE                   
--------------------------
 
 Unweighted Statistics                                                          
  
 
                                                                                
  
Variance                              
                                       SSQ     Data    Parameters d.f. Variance
Total for model                        33.4915     150         46  104   0.3220
Catches at age                          0.0000      99         37   62   0.0000
  
SSB Indices                           
  INDEX                                 0.0000      15          0   15   0.0000
  
 Aged Indices                                                                   
  
FLT01: Dummy survey                    33.4915      36          9   27   1.2404
 
 
 Weighted Statistics                                                            
  
 
                                                                                
  
Variance                              
                                       SSQ     Data    Parameters d.f. Variance
Total for model                         0.0000     150         46  104   0.0000
Catches at age                          0.0000      99         37   62   0.0000
  
SSB Indices                           
  INDEX                                 0.0000      15          0   15   0.0000
  
 Aged Indices                                                                   
  
FLT01: Dummy survey                     0.0000      36          9   27   0.0000
 
