 Output Generated by ICA Version 1.4                                            
  
 ------------------------------------
 
        Mackerel NE Atlantic  WG2003
        ----------------------------
 
        Catch in Number
        ---------------
------+------------------------------------------------------------------------------------------------------------------------
AGE   |    1972    1973    1974    1975    1976    1977    1978    1979    1980    1981    1982    1983    1984    1985    1986
------+------------------------------------------------------------------------------------------------------------------------
  0   |   3591.   5436.   1168.   3284.   2532.   1280.   2753.   3048.   3585.   4011.   3211.   2528.   2639.   6052.   4036.
  1   |   2175.  12916.  12962.   3976.  13341.   8494.   2878.   9595.  13829.   9503.  11227.   8612.  10303.  10717.  18519.
  2   |  21024.   4453.  17582.  25242.   9203.  25418.  10896.   5739.  24742.  20831.  15179.  17245.  20063.  23776.  18601.
  3   |  33885.  36600.   5185.  29388.  49789.  14861.  27870.  18646.  12557.  31612.  28425.  20044.  34434.  39273.  34898.
  4   |  35412.  42975.  31183.   6387.  42374.  58263.  11906.  35149.  29691.  11615.  31552.  27686.  29481.  48979.  41618.
  5   |  30516.  31957.  26031.  27553.   6578.  35120.  33130.  10772.  39896.  19383.   8253.  22010.  29241.  29825.  36618.
  6   |  32515.  26666.  18778.  22383.  27518.   5267.  19360.  29169.  11835.  25149.  13358.   5604.  22618.  28616.  21507.
  7   |  13094.  27904.  15426.  15950.  21990.  21585.   2857.  16839.  31452.   7305.  17059.   8965.   5686.  21708.  20176.
  8   |   7489.   9017.  12891.  10524.  12600.  13816.   9339.   1996.  14614.  15491.   3965.   9172.   7321.   4386.  12234.
  9   |  15370.  15844.  11340.  16969.  22019.  22509.  16231.  17418.  16244.  15041.  16586.  10786.  17419.  18763.  11790.
------+------------------------------------------------------------------------------------------------------------------------
       x 10 ^ 3                                
 
 
        Catch in Number
        ---------------
------+------------------------------------------------------------------------------------------------------------------------
AGE   |    1987    1988    1989    1990    1991    1992    1993    1994    1995    1996    1997    1998    1999    2000    2001
------+------------------------------------------------------------------------------------------------------------------------
  0   |   3886.   6796.   4634.   1793.   3708.   3995.   2511.   4280.   3772.   2912.   4118.   2098.   4714.   3174.   4186.
  1   |  13210.  14299.  21806.  12978.   4761.  14307.  11988.   8907.  11371.  13976.  10802.  13040.   6027.  11372.  13103.
  2   |  34382.  27485.  25887.  34544.  19589.  10431.  24358.  24092.  13436.  23909.  29275.  19280.  21167.   8266.  26658.
  3   |  29205.  60166.  41708.  34525.  44272.  36362.  15022.  41315.  30787.  23910.  42031.  43708.  26282.  24650.  16415.
  4   |  39590.  36701.  65173.  39884.  32081.  59604.  37818.  18376.  38159.  39668.  30103.  44670.  42588.  22171.  35514.
  5   |  33354.  35042.  27824.  43685.  26186.  30659.  43733.  32670.  11963.  34842.  35112.  22340.  30447.  25339.  22698.
  6   |  28316.  28413.  25500.  17935.  27713.  24189.  21700.  36424.  20523.  10549.  29647.  24981.  14623.  17496.  25078.
  7   |  16267.  23519.  20101.  16017.  11149.  25084.  16742.  17660.  22387.  17719.   8741.  20478.  15909.   8231.  16970.
  8   |  12212.  10823.  13284.  10063.   7947.   8101.  13873.  10915.   8658.  15502.  11757.   4816.  10393.   7136.   6415.
  9   |  15184.  17896.  16640.  15971.  13043.  15343.  13224.  17953.  14486.  16395.  22121.  18706.  12005.  10212.  13168.
------+------------------------------------------------------------------------------------------------------------------------
       x 10 ^ 3                                
 
 
        Catch in Number
        ---------------
------+--------
AGE   |    2002
------+--------
  0   |   1737.
  1   |  12590.
  2   |  22337.
  3   |  38388.
  4   |  17037.
  5   |  25966.
  6   |  15995.
  7   |  17265.
  8   |   9333.
  9   |  10791.
------+--------
       x 10 ^ 3                                
 
 
 
        Predicted Catch in Number
        -------------------------
------+----------------------------------------------------------------------------------------
AGE   |    1992    1993    1994    1995    1996    1997    1998    1999    2000    2001    2002
------+----------------------------------------------------------------------------------------
  0   |   3995.   2511.   4280.   3772.   2912.   4118.   2097.   4714.   3174.   4186.   1737.
  1   |  14307.  11989.   8907.  11370.  13975.  10802.  13039.   6027.  11372.  13101.  12590.
  2   |  10431.  24359.  24093.  13435.  23907.  29272.  19279.  21164.   8266.  26657.  22337.
  3   |  36365.  15024.  41319.  30788.  23910.  42029.  43704.  26281.  24647.  16413.  38391.
  4   |  59610.  37822.  18378.  38162.  39670.  30103.  44667.  42584.  22170.  35508.  17037.
  5   |  30662.  43736.  32673.  11964.  34844.  35113.  22339.  30443.  25336.  22695.  25964.
  6   |  24189.  21701.  36426.  20524.  10550.  29647.  24981.  14622.  17494.  25073.  15995.
  7   |  25083.  16742.  17661.  22388.  17720.   8741.  20478.  15909.   8231.  16967.  17264.
  8   |   8101.  13873.  10915.   8658.  15503.  11758.   4816.  10392.   7136.   6415.   9332.
------+----------------------------------------------------------------------------------------
       x 10 ^ 3                                
 
 
 
        Weights at age in the catches (Kg)
        ----------------------------------
------+------------------------------------------------------------------------------------------------------------------------
AGE   |    1972    1973    1974    1975    1976    1977    1978    1979    1980    1981    1982    1983    1984    1985    1986
------+------------------------------------------------------------------------------------------------------------------------
  0   | 0.05200 0.05000 0.05100 0.05000 0.05900 0.05600 0.03600 0.01600 0.05700 0.06000 0.05300 0.05000 0.03100 0.05500 0.03900
  1   | 0.13500 0.14500 0.13600 0.14800 0.13700 0.13600 0.13500 0.13700 0.13100 0.13200 0.13100 0.16800 0.10200 0.14400 0.14600
  2   | 0.27700 0.19400 0.22900 0.17700 0.20700 0.16900 0.16100 0.16100 0.24900 0.24800 0.24900 0.21900 0.18400 0.26200 0.24500
  3   | 0.34100 0.28500 0.26100 0.25900 0.26300 0.27500 0.25000 0.24300 0.28500 0.28700 0.28500 0.27600 0.29500 0.35700 0.33500
  4   | 0.42300 0.36800 0.33400 0.32300 0.32000 0.33300 0.32500 0.31800 0.34500 0.34400 0.34500 0.31000 0.32600 0.41800 0.42300
  5   | 0.46800 0.44800 0.39200 0.34800 0.34600 0.35200 0.34500 0.34800 0.37800 0.37700 0.37800 0.38600 0.34400 0.41700 0.47100
  6   | 0.46800 0.46800 0.48100 0.43000 0.40600 0.40700 0.40300 0.40100 0.45400 0.45400 0.45400 0.42500 0.43100 0.43600 0.44400
  7   | 0.50800 0.50800 0.50800 0.48800 0.44300 0.44600 0.42100 0.41600 0.49800 0.49900 0.49600 0.43500 0.54200 0.52100 0.45700
  8   | 0.53900 0.53900 0.53900 0.53900 0.51800 0.54600 0.51800 0.50600 0.52000 0.51300 0.51300 0.49800 0.48000 0.55500 0.54300
  9   | 0.60099 0.60499 0.60304 0.59547 0.59796 0.58805 0.57174 0.54121 0.57600 0.55987 0.55678 0.59363 0.60747 0.62964 0.62415
------+------------------------------------------------------------------------------------------------------------------------
                                               
 
 
        Weights at age in the catches (Kg)
        ----------------------------------
------+------------------------------------------------------------------------------------------------------------------------
AGE   |    1987    1988    1989    1990    1991    1992    1993    1994    1995    1996    1997    1998    1999    2000    2001
------+------------------------------------------------------------------------------------------------------------------------
  0   | 0.07600 0.05500 0.04900 0.08500 0.06800 0.05100 0.06100 0.04600 0.07200 0.05800 0.07600 0.06500 0.06200 0.06300 0.06900
  1   | 0.17900 0.13300 0.13600 0.15600 0.15600 0.16700 0.13400 0.13600 0.14300 0.14300 0.14300 0.15700 0.17600 0.13500 0.17100
  2   | 0.22300 0.25900 0.23700 0.23300 0.25300 0.23900 0.24000 0.25500 0.23400 0.22600 0.23000 0.22700 0.23600 0.22900 0.22300
  3   | 0.31800 0.32300 0.32000 0.33600 0.32700 0.33300 0.31700 0.33900 0.33300 0.31300 0.29500 0.31000 0.30700 0.30800 0.30700
  4   | 0.39900 0.38800 0.37700 0.37900 0.39400 0.39700 0.37600 0.39000 0.39000 0.37700 0.35900 0.35400 0.36100 0.36700 0.37800
  5   | 0.47400 0.45600 0.43300 0.42300 0.42300 0.46000 0.43600 0.44800 0.45200 0.42500 0.41500 0.40800 0.40600 0.42900 0.42600
  6   | 0.51200 0.52400 0.45600 0.46700 0.46900 0.49500 0.48300 0.51200 0.50100 0.48400 0.45300 0.45200 0.45400 0.46700 0.47700
  7   | 0.49300 0.55500 0.54300 0.52800 0.50600 0.53200 0.52700 0.54300 0.53900 0.51800 0.48100 0.46200 0.50100 0.50400 0.49900
  8   | 0.49800 0.55500 0.59200 0.55200 0.55400 0.55500 0.54800 0.59000 0.57700 0.55100 0.52400 0.51800 0.53700 0.53700 0.54300
  9   | 0.62084 0.59705 0.60210 0.61655 0.63389 0.63313 0.61289 0.61942 0.61102 0.59612 0.57458 0.57304 0.60334 0.59180 0.60283
------+------------------------------------------------------------------------------------------------------------------------
                                               
 
 
        Weights at age in the catches (Kg)
        ----------------------------------
------+--------
AGE   |    2002
------+--------
  0   | 0.05200
  1   | 0.15900
  2   | 0.25500
  3   | 0.30700
  4   | 0.36900
  5   | 0.42600
  6   | 0.46400
  7   | 0.51400
  8   | 0.53900
  9   | 0.60731
------+--------
                                               
 
 
 
        Weights at age in the stock (Kg)
        --------------------------------
------+------------------------------------------------------------------------------------------------------------------------
AGE   |    1972    1973    1974    1975    1976    1977    1978    1979    1980    1981    1982    1983    1984    1985    1986
------+------------------------------------------------------------------------------------------------------------------------
  0   | 0.00800 0.00800 0.00800 0.00800 0.00800 0.00800 0.00800 0.00800 0.00800 0.00800 0.00800 0.00800 0.00000 0.00000 0.00000
  1   | 0.13200 0.13200 0.13000 0.12900 0.12800 0.12700 0.11100 0.11000 0.10900 0.08700 0.08600 0.08600 0.08100 0.08500 0.07700
  2   | 0.17800 0.17700 0.17300 0.17100 0.17000 0.16700 0.17500 0.17400 0.17300 0.18600 0.13500 0.17200 0.19400 0.16500 0.17900
  3   | 0.24300 0.24200 0.23800 0.23600 0.23600 0.23300 0.23800 0.23700 0.23600 0.25200 0.22100 0.23500 0.25300 0.29300 0.26700
  4   | 0.41100 0.30100 0.29600 0.29400 0.29300 0.28900 0.30000 0.29900 0.29700 0.31300 0.28000 0.28000 0.29500 0.30600 0.30400
  5   | 0.35500 0.43800 0.32200 0.31800 0.31800 0.31300 0.34600 0.34500 0.34300 0.32300 0.38500 0.33900 0.32400 0.34100 0.35600
  6   | 0.39800 0.39800 0.46900 0.36500 0.36500 0.36100 0.38200 0.38000 0.37900 0.37800 0.35300 0.37700 0.39300 0.38400 0.35100
  7   | 0.43300 0.43300 0.43300 0.49700 0.41900 0.41600 0.41000 0.40800 0.40700 0.41900 0.40800 0.40400 0.43600 0.43000 0.41600
  8   | 0.45900 0.45900 0.45900 0.45900 0.51200 0.44600 0.43200 0.43000 0.42900 0.43400 0.43700 0.43900 0.44100 0.45900 0.47300
  9   | 0.51554 0.51912 0.51767 0.50954 0.51226 0.53336 0.50412 0.49282 0.50077 0.48020 0.46956 0.50318 0.50226 0.54127 0.48237
------+------------------------------------------------------------------------------------------------------------------------
                                               
 
 
        Weights at age in the stock (Kg)
        --------------------------------
------+------------------------------------------------------------------------------------------------------------------------
AGE   |    1987    1988    1989    1990    1991    1992    1993    1994    1995    1996    1997    1998    1999    2000    2001
------+------------------------------------------------------------------------------------------------------------------------
  0   | 0.00000 0.00000 0.00000 0.00000 0.00000 0.00000 0.00000 0.00000 0.00000 0.00000 0.00000 0.00000 0.00000 0.00000 0.00000
  1   | 0.07800 0.07200 0.07600 0.07400 0.07500 0.07800 0.07800 0.07900 0.08100 0.07600 0.07600 0.07700 0.08100 0.07400 0.07800
  2   | 0.14800 0.15600 0.17700 0.13800 0.15500 0.21200 0.19700 0.17800 0.16400 0.13300 0.18600 0.14900 0.19400 0.18500 0.16400
  3   | 0.24000 0.23700 0.24400 0.22200 0.23000 0.25900 0.26800 0.23700 0.26700 0.25100 0.22800 0.22300 0.24200 0.23500 0.24100
  4   | 0.28600 0.30100 0.30600 0.28700 0.30700 0.31000 0.31500 0.30100 0.32600 0.31700 0.29600 0.28500 0.30100 0.28900 0.34200
  5   | 0.37400 0.32900 0.35200 0.33900 0.35700 0.36200 0.36000 0.36100 0.39800 0.36600 0.36100 0.34200 0.35300 0.35000 0.39000
  6   | 0.38600 0.42300 0.38000 0.37300 0.40900 0.40200 0.41600 0.41300 0.44800 0.44400 0.40200 0.40000 0.39600 0.39000 0.44600
  7   | 0.41100 0.44500 0.42900 0.41400 0.43200 0.42400 0.45400 0.46600 0.49100 0.46200 0.44500 0.42600 0.42300 0.42600 0.45900
  8   | 0.42900 0.43200 0.47400 0.40900 0.50200 0.46200 0.46500 0.47000 0.50800 0.50100 0.47800 0.46600 0.44000 0.44700 0.49900
  9   | 0.49435 0.50483 0.47825 0.48245 0.55905 0.52004 0.52511 0.52542 0.55307 0.58419 0.53343 0.53054 0.49361 0.50555 0.55789
------+------------------------------------------------------------------------------------------------------------------------
                                               
 
 
        Weights at age in the stock (Kg)
        --------------------------------
------+--------
AGE   |    2002
------+--------
  0   | 0.00000
  1   | 0.07800
  2   | 0.18100
  3   | 0.23900
  4   | 0.31100
  5   | 0.36400
  6   | 0.41100
  7   | 0.43600
  8   | 0.46200
  9   | 0.51947
------+--------
                                               
 
 
 
        Natural Mortality (per year)
        ----------------------------
------+------------------------------------------------------------------------------------------------------------------------
AGE   |    1972    1973    1974    1975    1976    1977    1978    1979    1980    1981    1982    1983    1984    1985    1986
------+------------------------------------------------------------------------------------------------------------------------
  0   | 0.15000 0.15000 0.15000 0.15000 0.15000 0.15000 0.15000 0.15000 0.15000 0.15000 0.15000 0.15000 0.15000 0.15000 0.15000
  1   | 0.15000 0.15000 0.15000 0.15000 0.15000 0.15000 0.15000 0.15000 0.15000 0.15000 0.15000 0.15000 0.15000 0.15000 0.15000
  2   | 0.15000 0.15000 0.15000 0.15000 0.15000 0.15000 0.15000 0.15000 0.15000 0.15000 0.15000 0.15000 0.15000 0.15000 0.15000
  3   | 0.15000 0.15000 0.15000 0.15000 0.15000 0.15000 0.15000 0.15000 0.15000 0.15000 0.15000 0.15000 0.15000 0.15000 0.15000
  4   | 0.15000 0.15000 0.15000 0.15000 0.15000 0.15000 0.15000 0.15000 0.15000 0.15000 0.15000 0.15000 0.15000 0.15000 0.15000
  5   | 0.15000 0.15000 0.15000 0.15000 0.15000 0.15000 0.15000 0.15000 0.15000 0.15000 0.15000 0.15000 0.15000 0.15000 0.15000
  6   | 0.15000 0.15000 0.15000 0.15000 0.15000 0.15000 0.15000 0.15000 0.15000 0.15000 0.15000 0.15000 0.15000 0.15000 0.15000
  7   | 0.15000 0.15000 0.15000 0.15000 0.15000 0.15000 0.15000 0.15000 0.15000 0.15000 0.15000 0.15000 0.15000 0.15000 0.15000
  8   | 0.15000 0.15000 0.15000 0.15000 0.15000 0.15000 0.15000 0.15000 0.15000 0.15000 0.15000 0.15000 0.15000 0.15000 0.15000
  9   | 0.15000 0.15000 0.15000 0.15000 0.15000 0.15000 0.15000 0.15000 0.15000 0.15000 0.15000 0.15000 0.15000 0.15000 0.15000
------+------------------------------------------------------------------------------------------------------------------------
                                               
 
 
        Natural Mortality (per year)
        ----------------------------
------+------------------------------------------------------------------------------------------------------------------------
AGE   |    1987    1988    1989    1990    1991    1992    1993    1994    1995    1996    1997    1998    1999    2000    2001
------+------------------------------------------------------------------------------------------------------------------------
  0   | 0.15000 0.15000 0.15000 0.15000 0.15000 0.15000 0.15000 0.15000 0.15000 0.15000 0.15000 0.15000 0.15000 0.15000 0.15000
  1   | 0.15000 0.15000 0.15000 0.15000 0.15000 0.15000 0.15000 0.15000 0.15000 0.15000 0.15000 0.15000 0.15000 0.15000 0.15000
  2   | 0.15000 0.15000 0.15000 0.15000 0.15000 0.15000 0.15000 0.15000 0.15000 0.15000 0.15000 0.15000 0.15000 0.15000 0.15000
  3   | 0.15000 0.15000 0.15000 0.15000 0.15000 0.15000 0.15000 0.15000 0.15000 0.15000 0.15000 0.15000 0.15000 0.15000 0.15000
  4   | 0.15000 0.15000 0.15000 0.15000 0.15000 0.15000 0.15000 0.15000 0.15000 0.15000 0.15000 0.15000 0.15000 0.15000 0.15000
  5   | 0.15000 0.15000 0.15000 0.15000 0.15000 0.15000 0.15000 0.15000 0.15000 0.15000 0.15000 0.15000 0.15000 0.15000 0.15000
  6   | 0.15000 0.15000 0.15000 0.15000 0.15000 0.15000 0.15000 0.15000 0.15000 0.15000 0.15000 0.15000 0.15000 0.15000 0.15000
  7   | 0.15000 0.15000 0.15000 0.15000 0.15000 0.15000 0.15000 0.15000 0.15000 0.15000 0.15000 0.15000 0.15000 0.15000 0.15000
  8   | 0.15000 0.15000 0.15000 0.15000 0.15000 0.15000 0.15000 0.15000 0.15000 0.15000 0.15000 0.15000 0.15000 0.15000 0.15000
  9   | 0.15000 0.15000 0.15000 0.15000 0.15000 0.15000 0.15000 0.15000 0.15000 0.15000 0.15000 0.15000 0.15000 0.15000 0.15000
------+------------------------------------------------------------------------------------------------------------------------
                                               
 
 
        Natural Mortality (per year)
        ----------------------------
------+--------
AGE   |    2002
------+--------
  0   | 0.15000
  1   | 0.15000
  2   | 0.15000
  3   | 0.15000
  4   | 0.15000
  5   | 0.15000
  6   | 0.15000
  7   | 0.15000
  8   | 0.15000
  9   | 0.15000
------+--------
                                               
 
 
 
        Proportion of fish spawning
        ---------------------------
------+------------------------------------------------------------------------------------------------------------------------
AGE   |    1972    1973    1974    1975    1976    1977    1978    1979    1980    1981    1982    1983    1984    1985    1986
------+------------------------------------------------------------------------------------------------------------------------
  0   |  0.0000  0.0000  0.0000  0.0000  0.0000  0.0000  0.0000  0.0000  0.0000  0.0000  0.0000  0.0000  0.0000  0.0000  0.0000
  1   |  0.0500  0.0500  0.0500  0.0600  0.0600  0.0600  0.0600  0.0600  0.0600  0.0700  0.0700  0.0700  0.0700  0.0700  0.0700
  2   |  0.5300  0.5400  0.5400  0.5500  0.5500  0.5500  0.5600  0.5600  0.5700  0.5700  0.5700  0.5800  0.5800  0.5800  0.5800
  3   |  0.9000  0.9000  0.9000  0.8900  0.8900  0.8900  0.8900  0.8900  0.8900  0.8800  0.8800  0.8800  0.8800  0.8800  0.8800
  4   |  0.9800  0.9800  0.9800  0.9800  0.9800  0.9800  0.9800  0.9800  0.9800  0.9800  0.9800  0.9800  0.9700  0.9700  0.9700
  5   |  0.9800  0.9800  0.9800  0.9800  0.9800  0.9800  0.9800  0.9800  0.9800  0.9800  0.9800  0.9800  0.9700  0.9700  0.9700
  6   |  0.9900  0.9900  0.9900  0.9900  0.9900  0.9900  0.9900  0.9900  0.9900  0.9900  0.9900  0.9900  0.9900  0.9900  0.9900
  7   |  1.0000  1.0000  1.0000  1.0000  1.0000  1.0000  1.0000  1.0000  1.0000  1.0000  1.0000  1.0000  1.0000  1.0000  1.0000
  8   |  1.0000  1.0000  1.0000  1.0000  1.0000  1.0000  1.0000  1.0000  1.0000  1.0000  1.0000  1.0000  1.0000  1.0000  1.0000
  9   |  1.0000  1.0000  1.0000  1.0000  1.0000  1.0000  1.0000  1.0000  1.0000  1.0000  1.0000  1.0000  1.0000  1.0000  1.0000
------+------------------------------------------------------------------------------------------------------------------------
                                               
 
 
        Proportion of fish spawning
        ---------------------------
------+------------------------------------------------------------------------------------------------------------------------
AGE   |    1987    1988    1989    1990    1991    1992    1993    1994    1995    1996    1997    1998    1999    2000    2001
------+------------------------------------------------------------------------------------------------------------------------
  0   |  0.0000  0.0000  0.0000  0.0000  0.0000  0.0000  0.0000  0.0000  0.0000  0.0000  0.0000  0.0000  0.0000  0.0000  0.0000
  1   |  0.0700  0.0700  0.0700  0.0700  0.0700  0.0700  0.0700  0.0700  0.0700  0.0700  0.0700  0.0700  0.0700  0.0700  0.0700
  2   |  0.5800  0.5800  0.5800  0.5800  0.5800  0.5800  0.5800  0.5800  0.5800  0.5800  0.5800  0.5800  0.5800  0.5800  0.5900
  3   |  0.8800  0.8800  0.8800  0.8800  0.8800  0.8800  0.8800  0.8800  0.8800  0.8800  0.8800  0.8600  0.8600  0.8600  0.8800
  4   |  0.9700  0.9700  0.9700  0.9700  0.9700  0.9700  0.9700  0.9700  0.9700  0.9700  0.9700  0.9800  0.9800  0.9800  0.9700
  5   |  0.9700  0.9700  0.9700  0.9700  0.9700  0.9700  0.9700  0.9700  0.9700  0.9700  0.9700  0.9800  0.9800  0.9800  0.9700
  6   |  0.9900  0.9900  0.9900  0.9900  0.9900  0.9900  0.9900  0.9900  0.9900  0.9900  0.9900  0.9900  0.9900  0.9900  0.9900
  7   |  1.0000  1.0000  1.0000  1.0000  1.0000  1.0000  1.0000  1.0000  1.0000  1.0000  1.0000  1.0000  1.0000  1.0000  1.0000
  8   |  1.0000  1.0000  1.0000  1.0000  1.0000  1.0000  1.0000  1.0000  1.0000  1.0000  1.0000  1.0000  1.0000  1.0000  1.0000
  9   |  1.0000  1.0000  1.0000  1.0000  1.0000  1.0000  1.0000  1.0000  1.0000  1.0000  1.0000  1.0000  1.0000  1.0000  1.0000
------+------------------------------------------------------------------------------------------------------------------------
                                               
 
 
        Proportion of fish spawning
        ---------------------------
------+--------
AGE   |    2002
------+--------
  0   |  0.0000
  1   |  0.0700
  2   |  0.5900
  3   |  0.8800
  4   |  0.9700
  5   |  0.9700
  6   |  0.9900
  7   |  1.0000
  8   |  1.0000
  9   |  1.0000
------+--------
                                               
 
 
 
 INDICES OF SPAWNING BIOMASS                                                    
  
 ----------------------------
 
          INDEX
        -------
------+------------------------------------------------------------------------------------------------------------------------
      |    1972    1973    1974    1975    1976    1977    1978    1979    1980    1981    1982    1983    1984    1985    1986
------+------------------------------------------------------------------------------------------------------------------------
  1   | ******* ******* ******* ******* ******* ******* ******* ******* ******* ******* ******* ******* ******* ******* *******
------+------------------------------------------------------------------------------------------------------------------------
       x 10 ^ 3                                
 
 
          INDEX
        -------
------+------------------------------------------------------------------------------------------------------------------------
      |    1987    1988    1989    1990    1991    1992    1993    1994    1995    1996    1997    1998    1999    2000    2001
------+------------------------------------------------------------------------------------------------------------------------
  1   | *******  310.26  307.10  288.69  323.46  319.48  306.69  290.29  298.90  276.79  269.05  242.33  243.19  227.13  250.64
------+------------------------------------------------------------------------------------------------------------------------
       x 10 ^ 3                                
 
 
          INDEX
        -------
------+--------
      |    2002
------+--------
  1   |  246.60
------+--------
       x 10 ^ 3                                
 
 
 
 AGE-STRUCTURED INDICES                                                         
  
 -----------------------
 
        FLT01: Dummy survey
        -------------------
------+--------------------------------
AGE   |    1981    1982    1983    1984
------+--------------------------------
  1   |  266.10  203.00   43.60   15.24
  2   |  506.40  435.90  712.70   79.51
  3   |  225.10  483.60  444.60  661.83
  4   |   31.70  184.10  391.60  374.60
  5   |  174.80   24.70  130.40  238.20
  6   |  158.50  136.60   20.20   92.00
  7   |   99.50  108.60   91.30   15.54
  8   |  116.60   84.50   70.90   51.47
  9   |   35.30   87.00   47.10   39.27
------+--------------------------------
       x 10 ^ 3                                
 
 
 
        Fishing Mortality (per year)
        ----------------------------
------+------------------------------------------------------------------------------------------------------------------------
AGE   |    1972    1973    1974    1975    1976    1977    1978    1979    1980    1981    1982    1983    1984    1985    1986
------+------------------------------------------------------------------------------------------------------------------------
  0   | 0.00687 0.00772 0.00572 0.00606 0.00767 0.00801 0.00559 0.00604 0.00854 0.00706 0.00614 0.00509 0.00600 0.00766 0.00736
  1   | 0.02604 0.02924 0.02170 0.02296 0.02908 0.03045 0.02122 0.02294 0.03243 0.02678 0.02330 0.01936 0.02445 0.02882 0.02770
  2   | 0.05769 0.06477 0.04806 0.05089 0.06447 0.06752 0.04717 0.05095 0.07201 0.05940 0.05166 0.04297 0.05435 0.06863 0.06074
  3   | 0.11383 0.12784 0.09484 0.10042 0.12729 0.13333 0.09316 0.10089 0.14241 0.11740 0.10201 0.08481 0.10734 0.13570 0.12903
  4   | 0.17392 0.19537 0.14498 0.15347 0.19449 0.20380 0.14243 0.15427 0.21829 0.17961 0.15593 0.12952 0.16381 0.20706 0.19699
  5   | 0.19763 0.22195 0.16476 0.17448 0.22102 0.23149 0.16184 0.17535 0.24810 0.20463 0.17724 0.14708 0.18581 0.23449 0.22289
  6   | 0.22324 0.25064 0.18600 0.19707 0.24973 0.26138 0.18263 0.19799 0.28016 0.23101 0.20068 0.16607 0.20952 0.26388 0.25020
  7   | 0.25522 0.28661 0.21263 0.22521 0.28550 0.29890 0.20869 0.22611 0.32003 0.26387 0.22917 0.19033 0.23926 0.30060 0.28411
  8   | 0.23573 0.26473 0.19644 0.20801 0.26359 0.27604 0.19280 0.20874 0.29519 0.24339 0.21140 0.17554 0.22167 0.27719 0.26100
  9   | 0.23573 0.26473 0.19644 0.20801 0.26359 0.27604 0.19280 0.20874 0.29519 0.24339 0.21140 0.17554 0.22167 0.27719 0.26100
------+------------------------------------------------------------------------------------------------------------------------
                                               
 
 
        Fishing Mortality (per year)
        ----------------------------
------+------------------------------------------------------------------------------------------------------------------------
AGE   |    1987    1988    1989    1990    1991    1992    1993    1994    1995    1996    1997    1998    1999    2000    2001
------+------------------------------------------------------------------------------------------------------------------------
  0   | 0.00753 0.00871 0.00884 0.00789 0.00671 0.00866 0.00814 0.00905 0.00752 0.00872 0.01016 0.01012 0.00912 0.00687 0.00889
  1   | 0.02848 0.03285 0.03313 0.02929 0.02473 0.03278 0.03079 0.03424 0.02844 0.03300 0.03846 0.03829 0.03453 0.02602 0.03363
  2   | 0.06247 0.07236 0.07279 0.06397 0.05352 0.07255 0.06816 0.07578 0.06296 0.07305 0.08513 0.08475 0.07642 0.05759 0.07445
  3   | 0.12121 0.14035 0.14177 0.12434 0.10349 0.14315 0.13447 0.14950 0.12421 0.14412 0.16795 0.16720 0.15077 0.11362 0.14688
  4   | 0.20011 0.20818 0.21005 0.18529 0.15417 0.21884 0.20558 0.22856 0.18989 0.22033 0.25676 0.25562 0.23050 0.17370 0.22455
  5   | 0.22648 0.25833 0.22792 0.20096 0.16879 0.24891 0.23383 0.25996 0.21598 0.25060 0.29204 0.29074 0.26217 0.19756 0.25540
  6   | 0.25391 0.28951 0.28652 0.21286 0.17924 0.28149 0.26443 0.29398 0.24425 0.28340 0.33026 0.32879 0.29648 0.22342 0.28882
  7   | 0.28728 0.32668 0.32279 0.27726 0.18800 0.32248 0.30294 0.33680 0.27983 0.32468 0.37836 0.37668 0.33967 0.25596 0.33089
  8   | 0.26283 0.29738 0.29255 0.25076 0.20379 0.29869 0.28059 0.31195 0.25918 0.30072 0.35044 0.34888 0.31460 0.23707 0.30648
  9   | 0.26283 0.29738 0.29255 0.25076 0.20379 0.29869 0.28059 0.31195 0.25918 0.30072 0.35044 0.34888 0.31460 0.23707 0.30648
------+------------------------------------------------------------------------------------------------------------------------
                                               
 
 
        Fishing Mortality (per year)
        ----------------------------
------+--------
AGE   |    2002
------+--------
  0   | 0.00837
  1   | 0.03168
  2   | 0.07013
  3   | 0.13836
  4   | 0.21153
  5   | 0.24059
  6   | 0.27208
  7   | 0.31171
  8   | 0.28871
  9   | 0.28871
------+--------
                                               
 
 
 
        Population Abundance (1 January)
        --------------------------------
------+------------------------------------------------------------------------------------------------------------------------
AGE   |    1972    1973    1974    1975    1976    1977    1978    1979    1980    1981    1982    1983    1984    1985    1986
------+------------------------------------------------------------------------------------------------------------------------
  0   |  564.41  761.17  220.33  585.66  356.91  172.80  532.19  545.24  453.68  614.02  565.19  536.25  474.69  854.28  592.73
  1   |   91.11  482.47  650.11  188.55  501.04  304.85  147.54  455.51  466.46  387.16  524.77  483.49  459.21  406.12  729.67
  2   |  403.60   76.40  403.30  547.54  158.61  418.89  254.51  124.33  383.17  388.68  324.43  441.27  408.16  385.70  339.62
  3   |  338.67  327.91   61.64  330.83  447.89  127.99  337.00  208.97  101.69  306.88  315.24  265.18  363.83  332.72  309.96
  4   |  238.37  260.13  248.36   48.25  257.55  339.43   96.41  264.26  162.60   75.91  234.88  245.02  209.68  281.28  250.04
  5   |  182.80  172.41  184.16  184.92   35.62  182.49  238.28   71.97  194.93  112.51   54.59  172.97  185.27  153.21  196.82
  6   |  174.52  129.12  118.86  134.43  133.68   24.58  124.61  174.45   51.98  130.92   78.92   39.36  128.52  132.42  104.30
  7   |   62.40  120.16   86.50   84.94   95.01   89.63   16.29   89.35  123.18   33.81   89.44   55.57   28.69   89.71   87.54
  8   |   38.29   41.61   77.65   60.19   58.37   61.47   57.21   11.38   61.34   76.99   22.35   61.21   39.54   19.44   57.17
  9   |   78.58   73.12   68.30   97.05  102.00  100.14   99.44   99.30   68.18   74.75   93.49   71.99   94.08   83.17   55.09
------+------------------------------------------------------------------------------------------------------------------------
       x 10 ^ 6                                
 
 
        Population Abundance (1 January)
        --------------------------------
------+------------------------------------------------------------------------------------------------------------------------
AGE   |    1987    1988    1989    1990    1991    1992    1993    1994    1995    1996    1997    1998    1999    2000    2001
------+------------------------------------------------------------------------------------------------------------------------
  0   |  557.61  844.28  567.23  245.67  597.21  498.75  333.67  511.70  542.42  361.17  438.50  224.35  558.91  498.80  509.38
  1   |  506.43  476.34  720.38  483.93  209.79  477.57  425.58  284.87  436.46  463.37  308.16  373.60  191.15  476.69  426.38
  2   |  610.88  423.65  396.74  599.83  404.49  160.37  397.80  355.19  236.94  365.13  385.88  255.23  309.48  158.94  399.76
  3   |  275.09  493.94  339.19  317.50  484.29  293.09  128.37  319.83  283.41  191.49  292.13  305.03  201.83  246.78  129.15
  4   |  234.49  209.74  369.47  253.35  241.33  325.70  218.62   96.59  237.05  215.44  142.70  212.57  222.12  149.40  189.59
  5   |  176.73  165.22  146.60  257.76  181.18  149.38  225.23  153.20   66.15  168.74  148.76   95.01  141.69  151.82  108.09
  6   |  135.56  121.28  109.83  100.46  181.47  105.80  100.24  153.44  101.68   45.87  113.04   95.61   61.14   93.83  107.25
  7   |   69.90   90.51   78.15   70.98   69.89   97.60   68.72   66.23   98.43   68.55   29.74   69.93   59.23   39.12   64.59
  8   |   56.71   45.14   56.19   48.71   46.30   33.66   60.85   43.69   40.71   64.04   42.64   17.53   41.30   36.30   26.07
  9   |   70.52   74.64   70.39   77.31   75.99   63.75   58.00   71.86   68.10   67.72   80.23   68.10   47.71   51.95   53.52
------+------------------------------------------------------------------------------------------------------------------------
       x 10 ^ 6                                
 
 
        Population Abundance (1 January)
        --------------------------------
------+----------------
AGE   |    2002    2003
------+----------------
  0   |  224.38  338.24
  1   |  434.55  191.51
  2   |  354.85  362.35
  3   |  319.39  284.74
  4   |   95.98  239.38
  5   |  130.36   66.86
  6   |   72.06   88.21
  7   |   69.15   47.25
  8   |   39.93   43.58
  9   |   46.17   55.52
------+----------------
       x 10 ^ 6                                
 
 
 
        Weighting factors for the catches in number
        -------------------------------------------
------+----------------------------------------------------------------------------------------
AGE   |    1992    1993    1994    1995    1996    1997    1998    1999    2000    2001    2002
------+----------------------------------------------------------------------------------------
  0   |  0.0200  0.0200  0.0200  0.0200  0.0200  0.0200  0.0200  0.0200  0.0200  0.0200  0.0200
  1   |  1.0000  1.0000  1.0000  1.0000  1.0000  1.0000  1.0000  1.0000  1.0000  1.0000  1.0000
  2   |  1.0000  1.0000  1.0000  1.0000  1.0000  1.0000  1.0000  1.0000  1.0000  1.0000  1.0000
  3   |  1.0000  1.0000  1.0000  1.0000  1.0000  1.0000  1.0000  1.0000  1.0000  1.0000  1.0000
  4   |  1.0000  1.0000  1.0000  1.0000  1.0000  1.0000  1.0000  1.0000  1.0000  1.0000  1.0000
  5   |  1.0000  1.0000  1.0000  1.0000  1.0000  1.0000  1.0000  1.0000  1.0000  1.0000  1.0000
  6   |  1.0000  1.0000  1.0000  1.0000  1.0000  1.0000  1.0000  1.0000  1.0000  1.0000  1.0000
  7   |  1.0000  1.0000  1.0000  1.0000  1.0000  1.0000  1.0000  1.0000  1.0000  1.0000  1.0000
  8   |  1.0000  1.0000  1.0000  1.0000  1.0000  1.0000  1.0000  1.0000  1.0000  1.0000  1.0000
------+----------------------------------------------------------------------------------------
                                               
 
 
 
 Predicted SSB Index Values                                                     
  
 ---------------------------
 
          INDEX
        -------
------+------------------------------------------------------------------------------------------------------------------------
      |    1972    1973    1974    1975    1976    1977    1978    1979    1980    1981    1982    1983    1984    1985    1986
------+------------------------------------------------------------------------------------------------------------------------
  1   | ******* ******* ******* ******* ******* ******* ******* ******* ******* ******* ******* ******* ******* ******* *******
------+------------------------------------------------------------------------------------------------------------------------
       x 10 ^ 3                                
 
 
          INDEX
        -------
------+------------------------------------------------------------------------------------------------------------------------
      |    1987    1988    1989    1990    1991    1992    1993    1994    1995    1996    1997    1998    1999    2000    2001
------+------------------------------------------------------------------------------------------------------------------------
  1   | *******  350.57  356.58  342.92  389.81  319.49  306.70  290.30  298.91  276.79  269.05  242.33  243.19  227.13  250.66
------+------------------------------------------------------------------------------------------------------------------------
       x 10 ^ 3                                
 
 
          INDEX
        -------
------+--------
      |    2002
------+--------
  1   |  246.62
------+--------
       x 10 ^ 3                                
 
 
 
 Predicted Age-Structured Index Values                                          
  
 --------------------------------------
 
        FLT01: Dummy survey Predicted
        -----------------------------
------+--------------------------------
AGE   |    1981    1982    1983    1984
------+--------------------------------
  1   |   64.91   88.15   81.39   77.08
  2   |  333.49  279.55  382.06  351.18
  3   |  414.37  429.28  364.53  493.99
  4   |   73.72  231.10  244.61  205.42
  5   |  100.77   49.64  159.91  167.66
  6   |  120.68   73.97   37.60  119.88
  7   |   44.33  119.53   75.88   38.13
  8   |  129.77   38.34  107.11   67.46
  9   |   42.88   54.58   42.86   54.62
------+--------------------------------
       x 10 ^ 3                                
 
 
 
        Fitted Selection Pattern
        ------------------------
------+------------------------------------------------------------------------------------------------------------------------
AGE   |    1972    1973    1974    1975    1976    1977    1978    1979    1980    1981    1982    1983    1984    1985    1986
------+------------------------------------------------------------------------------------------------------------------------
  0   |  0.0348  0.0348  0.0347  0.0347  0.0347  0.0346  0.0345  0.0344  0.0344  0.0345  0.0346  0.0346  0.0323  0.0327  0.0330
  1   |  0.1318  0.1317  0.1317  0.1316  0.1316  0.1316  0.1311  0.1308  0.1307  0.1309  0.1315  0.1317  0.1316  0.1229  0.1243
  2   |  0.2919  0.2918  0.2917  0.2916  0.2917  0.2917  0.2915  0.2906  0.2902  0.2903  0.2915  0.2922  0.2925  0.2927  0.2725
  3   |  0.5760  0.5760  0.5756  0.5755  0.5759  0.5760  0.5756  0.5754  0.5740  0.5737  0.5755  0.5766  0.5777  0.5787  0.5789
  4   |  0.8800  0.8802  0.8800  0.8796  0.8800  0.8804  0.8801  0.8798  0.8798  0.8777  0.8797  0.8806  0.8816  0.8831  0.8838
  5   |  1.0000  1.0000  1.0000  1.0000  1.0000  1.0000  1.0000  1.0000  1.0000  1.0000  1.0000  1.0000  1.0000  1.0000  1.0000
  6   |  1.1296  1.1293  1.1289  1.1294  1.1299  1.1291  1.1285  1.1291  1.1292  1.1289  1.1322  1.1291  1.1276  1.1254  1.1225
  7   |  1.2914  1.2913  1.2905  1.2907  1.2917  1.2912  1.2895  1.2895  1.2899  1.2895  1.2930  1.2940  1.2876  1.2819  1.2747
  8   |  1.1928  1.1927  1.1923  1.1922  1.1926  1.1925  1.1913  1.1904  1.1898  1.1894  1.1927  1.1935  1.1930  1.1821  1.1710
  9   |  1.1928  1.1927  1.1923  1.1922  1.1926  1.1925  1.1913  1.1904  1.1898  1.1894  1.1927  1.1935  1.1930  1.1821  1.1710
------+------------------------------------------------------------------------------------------------------------------------
                                               
 
 
        Fitted Selection Pattern
        ------------------------
------+------------------------------------------------------------------------------------------------------------------------
AGE   |    1987    1988    1989    1990    1991    1992    1993    1994    1995    1996    1997    1998    1999    2000    2001
------+------------------------------------------------------------------------------------------------------------------------
  0   |  0.0333  0.0337  0.0388  0.0393  0.0397  0.0348  0.0348  0.0348  0.0348  0.0348  0.0348  0.0348  0.0348  0.0348  0.0348
  1   |  0.1258  0.1271  0.1453  0.1458  0.1465  0.1317  0.1317  0.1317  0.1317  0.1317  0.1317  0.1317  0.1317  0.1317  0.1317
  2   |  0.2758  0.2801  0.3194  0.3183  0.3171  0.2915  0.2915  0.2915  0.2915  0.2915  0.2915  0.2915  0.2915  0.2915  0.2915
  3   |  0.5352  0.5433  0.6220  0.6187  0.6131  0.5751  0.5751  0.5751  0.5751  0.5751  0.5751  0.5751  0.5751  0.5751  0.5751
  4   |  0.8836  0.8059  0.9216  0.9220  0.9134  0.8792  0.8792  0.8792  0.8792  0.8792  0.8792  0.8792  0.8792  0.8792  0.8792
  5   |  1.0000  1.0000  1.0000  1.0000  1.0000  1.0000  1.0000  1.0000  1.0000  1.0000  1.0000  1.0000  1.0000  1.0000  1.0000
  6   |  1.1211  1.1207  1.2571  1.0592  1.0619  1.1309  1.1309  1.1309  1.1309  1.1309  1.1309  1.1309  1.1309  1.1309  1.1309
  7   |  1.2685  1.2646  1.4163  1.3797  1.1138  1.2956  1.2956  1.2956  1.2956  1.2956  1.2956  1.2956  1.2956  1.2956  1.2956
  8   |  1.1605  1.1512  1.2836  1.2478  1.2073  1.2000  1.2000  1.2000  1.2000  1.2000  1.2000  1.2000  1.2000  1.2000  1.2000
  9   |  1.1605  1.1512  1.2836  1.2478  1.2073  1.2000  1.2000  1.2000  1.2000  1.2000  1.2000  1.2000  1.2000  1.2000  1.2000
------+------------------------------------------------------------------------------------------------------------------------
                                               
 
 
        Fitted Selection Pattern
        ------------------------
------+--------
AGE   |    2002
------+--------
  0   |  0.0348
  1   |  0.1317
  2   |  0.2915
  3   |  0.5751
  4   |  0.8792
  5   |  1.0000
  6   |  1.1309
  7   |  1.2956
  8   |  1.2000
  9   |  1.2000
------+--------
                                               
 
 
 
 
 
                    STOCK SUMMARY                                             
 
 
 ³ Year ³  Recruits  ³  Total  ³ Spawning³ Landings ³ Yield ³ Mean F ³ SoP ³    
 ³      ³   Age   0  ³ Biomass ³ Biomass ³          ³ /SSB  ³  Ages  ³     ³ 
 ³      ³  thousands ³  tonnes ³ tonnes  ³ tonnes   ³ ratio ³  4- 7  ³ (%) ³ 
 
   1972       564410    488105    373916     82262   0.2200   0.2125   100
   1973       761160    476943    339548     84672   0.2494   0.2386   100
   1974       220320    467729    308443     58477   0.1896   0.1771   100
   1975       585660    442066    320080     57669   0.1802   0.1876    99
   1976       356900    457177    319615     73419   0.2297   0.2377    99
   1977       172800    422075    299401     73923   0.2469   0.2489    99
   1978       532180    385878    297571     47631   0.1601   0.1739    99
   1979       545230    386046    278875     50883   0.1825   0.1884   100
   1980       453670    390211    261694     75072   0.2869   0.2666   100
   1981       614010    381281    265841     58468   0.2199   0.2198   100
   1982       565180    367917    258273     53322   0.2065   0.1908   100
   1983       536250    411713    292472     45212   0.1546   0.1582    99
   1984       474680    458022    331427     61578   0.1858   0.1996   100
   1985       854270    477331    348768     93070   0.2669   0.2515    99
   1986       592730    472455    330912     86732   0.2621   0.2385   100
   1987       557600    469338    332940     89247   0.2681   0.2419    99
   1988       844280    483705    350570    103681   0.2957   0.2707   100
   1989       567230    507958    356582     99719   0.2797   0.2618   100
   1990       245660    473242    342921     87656   0.2556   0.2191   100
   1991       597200    498721    389814     75454   0.1936   0.1726   100
   1992       498750    434820    319485     94489   0.2958   0.2679   100
   1993       333670    427566    306698     80666   0.2630   0.2517   100
   1994       511700    398435    290300     89160   0.3071   0.2798   100
   1995       542420    405710    298910     71778   0.2401   0.2325   100
   1996       361170    385581    276791     77416   0.2797   0.2698    99
   1997       438490    379599    269052     82874   0.3080   0.3144    99
   1998       224340    340228    242330     79004   0.3260   0.3130    99
   1999       558910    332229    243188     69586   0.2861   0.2822    99
   2000       498790    314734    227132     52423   0.2308   0.2127   100
   2001       509370    357281    250658     68459   0.2731   0.2749    99
   2002       224370    353957    246623     64801   0.2628   0.2590   100
 
 -----------------------------------------------------------------            
 No of years for separable analysis : 11                                      
 Age range in the analysis : 0  . . . 9                                       
 Year range in the analysis : 1972  . . . 2002                                
 Number of indices of SSB : 1                                                 
 Number of age-structured indices : 1                                         
                                                                              
 Parameters to estimate : 46                                                  
 Number of observations : 150                                                 
                                                                              
 Conventional single selection vector model to be fitted.                     
                                                                              
                                                                              
                                                                              
 -----------------------------------------------------------------            
 
 
 PARAMETER ESTIMATES                                                            
  
 
 ³Parm.³      ³ Maximum ³    ³        ³         ³         ³         ³ Mean of ³ 
  
 ³ No. ³      ³ Likelh. ³ CV ³  Lower ³ Upper   ³  -s.e.  ³   +s.e. ³ Param.  ³ 
  
 ³     ³      ³ Estimate³ (%)³ 95% CL ³ 95% CL  ³         ³         ³ Distrib.³ 
  
 Separable model : F by year                                                    
  
    1   1992     0.1919   0    0.1919    0.1919    0.1919    0.1919    0.1919
    2   1993     0.1820   0    0.1820    0.1820    0.1820    0.1820    0.1820
    3   1994     0.2061   0    0.2061    0.2061    0.2061    0.2061    0.2061
    4   1995     0.1768   0    0.1768    0.1768    0.1768    0.1768    0.1768
    5   1996     0.2153   0    0.2153    0.2153    0.2153    0.2153    0.2153
    6   1997     0.2665   0    0.2665    0.2665    0.2665    0.2665    0.2665
    7   1998     0.2863   0    0.2863    0.2863    0.2863    0.2863    0.2863
    8   1999     0.2834   0    0.2834    0.2834    0.2834    0.2834    0.2834
    9   2000     0.2373   0    0.2373    0.2373    0.2373    0.2373    0.2373
   10   2001     0.3453   0    0.3453    0.3453    0.3453    0.3453    0.3453
   11   2002     0.3728   0    0.3728    0.3728    0.3728    0.3728    0.3728
 
 Separable Model: Selection (S) by age                                          
  
   12      0     0.0411   0    0.0411    0.0411    0.0411    0.0411    0.0411
   13      1     0.1427   0    0.1427    0.1427    0.1427    0.1427    0.1427
   14      2     0.2995   0    0.2995    0.2995    0.2995    0.2995    0.2995
   15      3     0.5759   0    0.5759    0.5759    0.5759    0.5759    0.5759
   16      4     0.8745   0    0.8745    0.8745    0.8745    0.8745    0.8745
           5     1.0000     Fixed : Reference Age             
   17      6     1.1467   0    1.1467    1.1467    1.1467    1.1467    1.1467
   18      7     1.2086   0    1.2086    1.2086    1.2086    1.2086    1.2086
           8     1.2000     Fixed : Last true age             
 
 Separable model: Populations in year 2002                                    
   19      0     123028   0     123028    123028    123028    123028    123028
   20      1     266452   0     266452    266452    266452    266452    266452
   21      2     237750   0     237750    237750    237750    237750    237750
   22      3     229288   0     229288    229288    229288    229288    229288
   23      4      72129   0      72129     72129     72129     72129     72129
   24      5     100524   0     100524    100524    100524    100524    100524
   25      6      56925   0      56925     56925     56925     56925     56925
   26      7      56152   0      56152     56152     56152     56152     56152
   27      8      34607   0      34607     34607     34607     34607     34607
 
Separable model: Populations at age
   28   1992      49845   0      49845     49845     49845     49845     49845
   29   1993      89191   0      89191     89191     89191     89191     89191
   30   1994      62862   0      62862     62862     62862     62862     62862
   31   1995      58935   0      58935     58935     58935     58935     58935
   32   1996      91499   0      91499     91499     91499     91499     91499
   33   1997      60037   0      60037     60037     60037     60037     60037
   34   1998      23933   0      23933     23933     23933     23933     23933
   35   1999      52811   0      52811     52811     52811     52811     52811
   36   2000      41939   0      41939     41939     41939     41939     41939
   37   2001      26604   0      26604     26604     26604     26604     26604
 
 SSB Index catchabilities                                                       
  
   INDEX                                 
 Absolute estimator. No fitted catchability.                                    
  
 
 
 
 Age-structured index catchabilities                                            
  
                                        FLT01: Dummy survey                     
 
 Linear model fitted. Slopes at age :                                           
  
   38   1  Q  .1848       0 .1848     .1848     .1848     .1848     .1848    
   39   2  Q  .9628       0 .9628     .9628     .9628     .9628     .9628    
   40   3  Q  1.564       0 1.564     1.564     1.564     1.564     1.564    
   41   4  Q  1.164       0 1.164     1.164     1.164     1.164     1.164    
   42   5  Q  1.089       0 1.089     1.089     1.089     1.089     1.089    
   43   6  Q  1.137       0 1.137     1.137     1.137     1.137     1.137    
   44   7  Q  1.646       0 1.646     1.646     1.646     1.646     1.646    
   45   8  Q  2.093       0 2.093     2.093     2.093     2.093     2.093    
   46   9  Q  .7187       0 .7187     .7187     .7187     .7187     .7187    
 
 
 
 RESIDUALS ABOUT THE MODEL FIT                                                  
  
 ------------------------------
 
        Separable Model Residuals
        -------------------------
------+----------------------------------------------------------------------------------------
Age   |    1992    1993    1994    1995    1996    1997    1998    1999    2000    2001    2002
------+----------------------------------------------------------------------------------------
  0   | ******* ******* ******* ******* ******* ******* ******* ******* ******* ******* *******
  1   | ******* ******* ******* ******* ******* ******* ******* ******* ******* ******* *******
  2   | ******* ******* ******* ******* ******* ******* ******* ******* ******* ******* *******
  3   | ******* ******* ******* ******* ******* ******* ******* ******* ******* ******* *******
  4   | ******* ******* ******* ******* ******* ******* ******* ******* ******* ******* *******
  5   | ******* ******* ******* ******* ******* ******* ******* ******* ******* ******* *******
  6   | ******* ******* ******* ******* ******* ******* ******* ******* ******* ******* *******
  7   | ******* ******* ******* ******* ******* ******* ******* ******* ******* ******* *******
  8   | ******* ******* ******* ******* ******* ******* ******* ******* ******* ******* *******
------+----------------------------------------------------------------------------------------
                                               
 
 
 
 SPAWNING BIOMASS INDEX RESIDUALS                                               
  
 ---------------------------------
 
          INDEX
        -------
------+------------------------------------------------------------------------------------------------------------------------
      |    1972    1973    1974    1975    1976    1977    1978    1979    1980    1981    1982    1983    1984    1985    1986
------+------------------------------------------------------------------------------------------------------------------------
  1   | ******* ******* ******* ******* ******* ******* ******* ******* ******* ******* ******* ******* ******* ******* *******
------+------------------------------------------------------------------------------------------------------------------------
                                               
 
 
          INDEX
        -------
------+------------------------------------------------------------------------------------------------------------------------
      |    1987    1988    1989    1990    1991    1992    1993    1994    1995    1996    1997    1998    1999    2000    2001
------+------------------------------------------------------------------------------------------------------------------------
  1   | ******* -0.1222 -0.1494 -0.1721 -0.1866  0.0000  0.0000  0.0000  0.0000  0.0000  0.0000  0.0000  0.0000  0.0000 -0.0001
------+------------------------------------------------------------------------------------------------------------------------
                                               
 
 
          INDEX
        -------
------+--------
      |    2002
------+--------
  1   | -0.0001
------+--------
                                               
 
 
 
 AGE-STRUCTURED INDEX RESIDUALS                                                 
  
 -------------------------------
 
        FLT01: Dummy survey
        -------------------
------+--------------------------------
Age   |    1981    1982    1983    1984
------+--------------------------------
  1   |   1.411   0.834  -0.624  -1.621
  2   |   0.418   0.444   0.623  -1.485
  3   |  -0.610   0.119   0.199   0.292
  4   |  -0.844  -0.227   0.471   0.601
  5   |   0.551  -0.698  -0.204   0.351
  6   |   0.273   0.613  -0.621  -0.265
  7   |   0.809  -0.096   0.185  -0.898
  8   |  -0.107   0.790  -0.413  -0.271
  9   |  -0.194   0.466   0.094  -0.330
------+--------------------------------
                                               
 
 
 
 
 
 
 PARAMETERS OF THE DISTRIBUTION OF ln(CATCHES AT AGE)                           
  
 -----------------------------------------------------
 
 Separable model fitted from 1992  to 2002                                    
 Variance                             0.0000
Skewness test stat.                   3.8315
Kurtosis test statistic              -0.3851
Partial chi-square                    0.0000
Significance in fit                   0.0000
Degrees of freedom                        62
 
 
 PARAMETERS OF DISTRIBUTIONS OF THE SSB INDICES                                 
  
 -----------------------------------------------
 
 
   DISTRIBUTION STATISTICS FOR   INDEX                                          
 
 
 Index used as absolute measure of abundance                                    
  
 Last age is a plus-group                                                       
  
 
 Variance                             0.0339
Skewness test stat.                  -3.1640
Kurtosis test statistic               0.8520
Partial chi-square                    0.0397
Significance in fit                   0.0000
Number of observations                    15
Degrees of freedom                        15
Weight in the analysis                5.0000
 
 PARAMETERS OF THE DISTRIBUTION OF THE AGE-STRUCTURED INDICES                   
  
 ------------------------------------------------------------ 
 
 
   DISTRIBUTION STATISTICS FOR FLT01: Dummy survey                              
 
 
 Linear catchability relationship assumed                                       
  
 
 Age                          1         2         3         4         5         6         7         8         9
 Variance                0.0021    0.0011    0.0002    0.0005    0.0004    0.0003    0.0006    0.0003    0.0001
Skewness test stat.     -0.1334   -0.9185   -0.8600   -0.3051   -0.2415   -0.0139   -0.1678    0.7964    0.4227
Kurtosis test statisti  -0.6473   -0.2807   -0.3028   -0.6037   -0.6053   -0.6268   -0.4455   -0.3285   -0.5130
Partial chi-square       0.0006    0.0003    0.0000    0.0001    0.0001    0.0001    0.0002    0.0001    0.0000
Significance in fit      0.0000    0.0000    0.0000    0.0000    0.0000    0.0000    0.0000    0.0000    0.0000
Number of observations        4         4         4         4         4         4         4         4         4
Degrees of freedom            3         3         3         3         3         3         3         3         3
Weight in the analysis   0.0011    0.0011    0.0011    0.0011    0.0011    0.0011    0.0011    0.0011    0.0011
 
 ANALYSIS OF VARIANCE                   
--------------------------
 
 Unweighted Statistics                                                          
  
 
                                                                                
  
Variance                              
                                       SSQ     Data    Parameters d.f. Variance
Total for model                        15.2478     150         46  104   0.1466
Catches at age                          0.0000      99         37   62   0.0000
  
SSB Indices                           
  INDEX                                 0.1017      15          0   15   0.0068
  
 Aged Indices                                                                   
  
FLT01: Dummy survey                    15.1461      36          9   27   0.5610
 
 
 Weighted Statistics                                                            
  
 
                                                                                
  
Variance                              
                                       SSQ     Data    Parameters d.f. Variance
Total for model                         2.5423     150         46  104   0.0244
Catches at age                          0.0000      99         37   62   0.0000
  
SSB Indices                           
  INDEX                                 2.5422      15          0   15   0.1695
  
 Aged Indices                                                                   
  
FLT01: Dummy survey                     0.0000      36          9   27   0.0000
 
