 ICA v1_3 TUNING DIAGNOSTICS FILE
   1       1
 F         SSQ
  0.05  25.36104536      23.62997622      1.731069141    
  0.10  11.48211997      9.771716050      1.710403920    
  0.15  6.204995305      4.505099422      1.699895884    
  0.20  3.860491363      2.167062220      1.693429144    
  0.25  2.777301717      1.088239031      1.689062686    
  0.30  2.302932966     0.6169695503      1.685963416    
  0.35  2.144504688     0.4608093789      1.683695309    
  0.40  2.158097299     0.4760962377      1.682001061    
  0.45  2.268190039     0.5874731388      1.680716901    
  0.50  2.433130145     0.7533968219      1.679733323    
  0.55  2.629038780     0.9500642372      1.678974542    
  0.60  2.841823623      1.163436893      1.678386730    
  0.65  3.062980744      1.385049891      1.677930853    
  0.70  3.287312919      1.609734808      1.677578111    
  0.75  3.511631483      1.834324553      1.677306930    
  0.80  3.733993741      2.056892810      1.677100931    
  0.85  3.953264323      2.276316801      1.676947522    
  0.90  4.168802447      2.491965534      1.676836913    
  0.95  4.380336258      2.703574849      1.676761409    
  1.00  4.587801748      2.911086850      1.676714897    
