 Initial value of the OBJECTIVE function =     170.4650
 Amoeba restart #     1, Objective function =     -20.9968
 Amoeba restart #     2, Objective function =     -20.9970
 Amoeba restart #     3, Objective function =     -21.8490
 Amoeba restart #     4, Objective function =     -21.8694
 Amoeba restart #     5, Objective function =     -21.8707
 Amoeba restart #     6, Objective function =     -22.4432
 Amoeba restart #     7, Objective function =     -22.4432
 Amoeba restart #     8, Objective function =     -22.6020
 Amoeba restart #     9, Objective function =     -22.6530
 Amoeba restart #    10, Objective function =     -22.7067
 Amoeba restart #    11, Objective function =     -22.7315
 Amoeba restart #    12, Objective function =     -22.7546
 Amoeba restart #    13, Objective function =     -22.7546
 Amoeba restart #    14, Objective function =     -22.7546


FIRST DERIVATIVE TEST
==============================================      
             -h       central        +h     
         ----------  ----------  ---------- 
    1 : -0.7763D-01  0.3306D+00  0.7289D+00
    2 : -0.3375D+00  0.1552D+00  0.6408D+00
    3 : -0.6983D+00  0.4260D+00  0.1516D+01
    4 : -0.9645D+00 -0.4265D+00  0.9524D-01
    5 : -0.4977D+00 -0.1367D+00  0.2184D+00
    6 : -0.9266D+00  0.2192D+00  0.1338D+01
    7 : -0.2866D+01 -0.5563D+00  0.1699D+01
    8 : -0.1588D+01  0.7180D+00  0.2970D+01
    9 : -0.2293D+01  0.5124D-01  0.2340D+01
   10 : -0.1096D+01  0.1266D+01  0.3573D+01
   11 : -0.1873D+01  0.5567D+00  0.2928D+01
   12 : -0.2988D+01 -0.4991D+00  0.1934D+01
   13 : -0.2738D+01 -0.1997D+00  0.2281D+01
   14 : -0.2481D+01  0.8516D-01  0.2590D+01
   15 : -0.2033D+01  0.4873D+00  0.2938D+01
   16 : -0.1871D+01  0.5571D+00  0.2924D+01
   17 : -0.2783D+01 -0.4618D+00  0.1789D+01
   18 : -0.1819D+01  0.3514D+00  0.2476D+01
   19 : -0.2223D+01 -0.6364D-01  0.2052D+01
   20 : -0.1827D+01  0.4364D+00  0.2652D+01
   21 : -0.1604D+01  0.9077D+00  0.3341D+01
   22 : -0.3044D+01 -0.3131D+00  0.2366D+01
   23 : -0.2581D+01  0.3459D+00  0.3196D+01
   24 : -0.2165D+01  0.8674D+00  0.3849D+01
   25 : -0.3100D+01  0.9936D-03  0.3031D+01
   26 : -0.2084D+01  0.9975D+00  0.3957D+01
   27 : -0.3180D+01 -0.5693D-01  0.3007D+01
   28 : -0.2682D+01  0.4785D+00  0.3564D+01
   29 : -0.2497D+01  0.7220D+00  0.3901D+01
   30 : -0.2154D+01  0.1027D+01  0.4137D+01
   31 : -0.2905D+01  0.1457D+00  0.3125D+01
   32 : -0.2652D+01  0.1503D+00  0.2890D+01
   33 : -0.1948D+01  0.5749D+00  0.3045D+01
   34 : -0.1405D+01  0.8037D+00  0.2935D+01
   35 : -0.1607D+01  0.4195D+00  0.2386D+01
   36 : -0.1760D+01  0.1498D+00  0.1989D+01
   37 : -0.1532D+01  0.2515D+00  0.1992D+01
   38 : -0.1714D+01 -0.6916D-01  0.1522D+01
   39 : -0.8631D+00  0.6050D+00  0.2025D+01
   40 : -0.1105D+01  0.5161D+00  0.2113D+01
   41 : -0.2265D+01 -0.5965D-01  0.2081D+01
   42 : -0.1412D+01 -0.5778D-01  0.1272D+01
   43 : -0.8693D+01 -0.2152D-01  0.8310D+01


HESSIAN MATRIX
===========================================================================================================================================================================================================================================================================      
              1            2            3            4            5            6            7            8            9           10           11           12           13           14           15           16           17           18           19           20
    1 :   0.2493D+03
    2 :  -0.8455D+02   0.1604D+03
    3 :   0.1215D+01  -0.8662D+02   0.5127D+03
    4 :   0.2546D+00   0.2890D+01  -0.4941D+02   0.1335D+03
    5 :  -0.1971D+02  -0.8939D+01  -0.6427D+01  -0.1897D+02   0.5936D+02
    6 :  -0.1157D-03   0.4965D-02   0.9137D-01   0.1265D+00   0.1737D+00   0.5129D+03
    7 :  -0.8055D-03   0.2131D-01   0.2553D+00   0.1463D+00   0.6206D+00  -0.5121D+03   0.1036D+04
    8 :   0.1895D-02   0.5347D-01   0.2611D+00   0.1645D+00   0.1846D+00  -0.2573D+01  -0.5152D+03   0.1032D+04
    9 :  -0.9955D-03   0.4395D-01  -0.3987D-02  -0.3524D+00  -0.5030D+00  -0.4003D+01  -0.5183D+01  -0.5073D+03   0.1052D+04
   10 :   0.7503D-02  -0.4191D-01  -0.6769D+00  -0.5075D+00  -0.1179D+01  -0.3714D+01  -0.6439D+01   0.1216D+01  -0.5006D+03   0.1067D+04
   11 :   0.1274D-02  -0.1231D+00  -0.1079D+01  -0.1035D+01  -0.1737D+01  -0.3443D+01  -0.6382D+01  -0.6931D+00   0.1018D+02  -0.5067D+03   0.1120D+04
   12 :   0.3073D-03  -0.1441D+00  -0.1352D+01  -0.9009D+00  -0.1947D+01  -0.2391D+01  -0.4836D+01  -0.1128D+01   0.5845D+01   0.1482D+02  -0.5320D+03   0.1178D+04
   13 :  -0.8545D-02  -0.2405D+00  -0.1634D+01  -0.1271D+01  -0.2417D+01  -0.1733D+01  -0.4470D+01  -0.1461D+01   0.3664D+01   0.1065D+02   0.1813D+02  -0.5604D+03   0.1231D+04
   14 :  -0.2352D-01  -0.2605D+00  -0.2243D+01  -0.1463D+01  -0.3075D+01  -0.1528D+01  -0.3461D+01  -0.1715D+01   0.2581D+01   0.8640D+01   0.1344D+02   0.1622D+02  -0.5789D+03   0.1257D+04
   15 :   0.1104D-02  -0.2708D+00  -0.2287D+01  -0.1572D+01  -0.2867D+01  -0.7935D+00  -0.2591D+01  -0.1855D+01   0.2108D+01   0.5374D+01   0.7692D+01   0.9140D+01   0.1334D+02  -0.5755D+03   0.1215D+04
   16 :  -0.7166D-02  -0.3417D+00  -0.2509D+01  -0.1845D+01  -0.2974D+01  -0.1122D+00  -0.1770D+01  -0.1637D+01  -0.6725D+00   0.2299D+01   0.4704D+01   0.4275D+01   0.4848D+01   0.1175D+02  -0.5517D+03   0.1141D+04
   17 :  -0.7238D-02  -0.2228D+00  -0.2234D+01  -0.1243D+01  -0.3073D+01   0.5454D-01  -0.9849D+00  -0.8748D+00  -0.8350D+00   0.8338D+00   0.1356D+01   0.1621D+01   0.2707D+01   0.3580D+01   0.8970D+01  -0.5111D+03   0.1022D+04
   18 :   0.1727D-01  -0.1747D+00  -0.1254D+01  -0.1353D+01  -0.2774D+01   0.9835D-01  -0.3323D+00  -0.5246D+00  -0.7103D+00   0.3553D-01   0.7169D+00   0.4720D+00   0.2556D+00   0.1103D+01   0.2469D+01   0.4995D+01  -0.4613D+03   0.9173D+03
   19 :   0.4738D-02  -0.3959D-01  -0.7374D+00  -0.1012D+01  -0.2377D+01   0.8975D-01  -0.1619D+00  -0.5078D+00  -0.1587D-01  -0.1195D+00  -0.6750D-01   0.3490D+00  -0.3326D+00  -0.1027D+01   0.1519D+01   0.4916D+01   0.5265D+01  -0.4322D+03   0.9041D+03
   20 :  -0.1550D-01  -0.2172D+00  -0.1403D+01  -0.1519D+01  -0.3565D+01   0.1553D+00  -0.1483D+00  -0.4515D+00  -0.2092D+00  -0.7185D+00  -0.1118D+01  -0.1763D+01   0.3124D+00  -0.7677D+00   0.2143D+01   0.5323D+01   0.6305D+01   0.9123D+01  -0.4484D+03   0.9986D+03


              1            2            3            4            5            6            7            8            9           10           11           12           13           14           15           16           17           18           19           20
      21           22           23           24           25           26           27           28           29           30           31           32           33           34           35           36           37           38           39           40
   21 :  -0.4172D-01  -0.2413D+00  -0.2116D+01  -0.1671D+01  -0.5822D+01   0.1986D+00   0.1548D+00  -0.1098D+00  -0.7478D+00  -0.1592D+01  -0.7734D+00  -0.9414D+00  -0.1291D+01   0.1437D-01   0.8252D+00   0.1037D-01   0.2189D+01   0.3628D+01   0.1723D+02  -0.5070D+03
   22 :  -0.3806D-01  -0.4104D+00  -0.2242D+01  -0.1585D+01  -0.6949D+01   0.2295D+00   0.1835D+00   0.5042D-01  -0.8713D+00  -0.6642D+00  -0.1374D+01  -0.3032D+01  -0.1296D+01  -0.3314D+00   0.6247D+00   0.3099D+01   0.4116D+01   0.2061D+01   0.7458D+01   0.1786D+02
   23 :  -0.3330D-01  -0.3189D+00  -0.2612D+01  -0.3061D+01  -0.8763D+01   0.5299D+00   0.3353D+00   0.2225D+00  -0.4115D+00  -0.1532D+01  -0.1552D+01  -0.3041D+01  -0.2177D+01  -0.5328D+01  -0.4452D+01  -0.2436D+01   0.1757D+01  -0.1384D+01   0.6035D+01   0.1363D+02
   24 :  -0.4017D-01  -0.3249D+00  -0.4769D+01  -0.3608D+01  -0.1135D+02   0.3317D+00   0.6390D+00   0.1606D+00  -0.7515D+00  -0.2039D+01  -0.3364D+01  -0.3877D+01  -0.3272D+01  -0.4501D+01  -0.2756D+01  -0.2959D+01   0.1829D+01  -0.2188D+01   0.6450D+00   0.7204D+01
   25 :  -0.4317D-01  -0.7913D+00  -0.5560D+01  -0.4715D+01  -0.1036D+02  -0.8537D-01   0.9507D+00  -0.1168D-01  -0.5701D+00  -0.2162D+01  -0.2503D+01  -0.2990D+01  -0.3621D+01  -0.5404D+01  -0.3362D+01  -0.4836D+00  -0.3037D+01  -0.2027D+01   0.4086D+01   0.8986D+00
   26 :  -0.3033D-01  -0.6465D+00  -0.6929D+01  -0.4395D+01  -0.1002D+02   0.9821D-01   0.2855D+00   0.1031D+00  -0.5670D+00  -0.1632D+01  -0.2270D+01  -0.1650D+01  -0.3909D+01  -0.5283D+01  -0.4079D+01  -0.2714D+01  -0.4496D+01  -0.4616D+01   0.2841D+01  -0.1770D+01
   27 :  -0.1039D+00  -0.7471D+00  -0.7996D+01  -0.5406D+01  -0.1317D+02   0.3314D+00   0.7693D+00   0.9611D-01  -0.1243D+01  -0.1442D+01  -0.2389D+01  -0.3534D+01  -0.3197D+01  -0.3633D+01  -0.4502D+01  -0.3544D+01  -0.2138D+01  -0.2818D+01  -0.7247D+00  -0.2148D+01
   28 :  -0.1672D+00  -0.1290D+01  -0.9025D+01  -0.5161D+01  -0.1233D+02   0.6126D+00   0.4776D+00  -0.1836D-02  -0.8492D+00  -0.2915D+01  -0.2875D+01  -0.2885D+01  -0.3645D+01  -0.6046D+01  -0.4172D+01  -0.8985D+00  -0.4882D+01  -0.1745D+01   0.9726D+00  -0.2989D+01
   29 :  -0.2278D+00  -0.1598D+01  -0.1139D+02  -0.6667D+01  -0.1416D+02   0.6581D+00   0.6098D+00  -0.9815D-02  -0.1346D+01  -0.3157D+01  -0.3266D+01  -0.1849D+01  -0.3281D+01  -0.4340D+01  -0.3553D+01  -0.2143D+01  -0.6329D+01  -0.9778D+00  -0.6865D+01  -0.6731D+01
   30 :  -0.7592D-01  -0.1108D+01  -0.9218D+01  -0.5134D+01  -0.1173D+02   0.6161D+00   0.4765D+00   0.6031D-02  -0.1101D+01  -0.2373D+01  -0.2792D+01  -0.3888D+01  -0.3725D+01  -0.3549D+01  -0.5608D+01  -0.7377D+01  -0.1835D+01  -0.6035D+01  -0.4408D+01   0.2371D+01
   31 :  -0.1306D+00  -0.5538D+00  -0.8015D+01  -0.6019D+01  -0.1223D+02   0.5331D+00   0.5563D+00   0.3659D+00  -0.8292D+00  -0.2258D+01  -0.2667D+01  -0.4393D+01  -0.2098D+01  -0.4980D+01  -0.6270D+01  -0.7137D+01  -0.6825D+01  -0.3155D+01   0.3847D+01  -0.2188D+01
   32 :  -0.9616D-01  -0.4962D+00  -0.7332D+01  -0.5444D+01  -0.1052D+02   0.3115D+00   0.6327D+00   0.2387D+00  -0.6604D+00  -0.2097D+01  -0.2330D+01  -0.3812D+01  -0.2461D+01  -0.4216D+01  -0.5857D+01  -0.2061D+01  -0.7116D+01  -0.5156D+01  -0.6467D-01  -0.3077D+01
   33 :  -0.2322D+00  -0.4215D+00  -0.7106D+01  -0.5767D+01  -0.1049D+02   0.1965D+00   0.7750D+00   0.1107D+00  -0.5906D+00  -0.1424D+01  -0.2080D+01  -0.3347D+01  -0.3526D+01  -0.3826D+01  -0.2010D+01   0.2813D+00  -0.5730D+01  -0.4061D+01  -0.1206D+01  -0.7212D+01
   34 :  -0.2522D+00  -0.8133D+00  -0.5812D+01  -0.4078D+01  -0.7098D+01   0.1824D+00   0.4915D+00   0.1862D+00  -0.3681D+00  -0.9985D+00  -0.1562D+01  -0.8764D+00  -0.1608D+01  -0.2158D+01  -0.6284D+00   0.7246D+00  -0.6738D+01  -0.1905D+01  -0.2779D+01  -0.4442D+01
   35 :  -0.3350D+00  -0.6776D+00  -0.6628D+01  -0.4092D+01  -0.5253D+01   0.1760D+00   0.5167D+00   0.6826D-01  -0.3782D+00  -0.9628D+00  -0.1420D+01  -0.8600D+00  -0.1470D+01  -0.2032D+01  -0.5366D+00  -0.4574D+00  -0.6420D+01  -0.2181D+01  -0.1055D+01  -0.5326D+01
   36 :  -0.5172D+00  -0.1152D+01  -0.6044D+01  -0.3960D+01  -0.6743D+01   0.2342D+00   0.4766D+00   0.8715D-01  -0.4185D+00  -0.9135D+00  -0.1275D+01  -0.7731D+00  -0.1441D+01  -0.1899D+01  -0.5603D+00  -0.6054D+00  -0.4963D+01  -0.2907D+01  -0.9027D+00  -0.4250D+01
   37 :  -0.4820D+00  -0.1029D+01  -0.5754D+01  -0.3630D+01  -0.4930D+01   0.1353D+00   0.4765D+00   0.8378D-01  -0.3317D+00  -0.8064D+00  -0.1222D+01  -0.8272D+00  -0.1152D+01  -0.1603D+01  -0.2342D+00  -0.3745D+00  -0.2708D+01  -0.2691D+01  -0.1456D+01  -0.4637D+01
   38 :  -0.4695D+00  -0.1587D+01  -0.6083D+01  -0.3517D+01  -0.5163D+01   0.1695D+00   0.4362D+00   0.4911D-01  -0.3476D+00  -0.8638D+00  -0.1204D+01  -0.1423D+01  -0.1700D+01  -0.1704D+01  -0.4686D+00  -0.1061D+01  -0.2795D+01  -0.2266D+01  -0.2846D+01  -0.4218D+01
   39 :  -0.3951D+00  -0.9233D+00  -0.4190D+01  -0.2623D+01  -0.1710D+01   0.1629D+00   0.3171D+00   0.8776D-01  -0.2622D+00  -0.6452D+00  -0.8664D+00  -0.1005D+01  -0.1263D+01  -0.1627D+01  -0.1270D+01  -0.1656D+01  -0.2250D+01  -0.2007D+01  -0.2208D+01  -0.3780D+01
   40 :  -0.2885D+00  -0.1945D+02  -0.9328D+01  -0.6050D+01   0.1608D+02   0.6913D-01   0.3057D+00   0.8167D-01  -0.2008D+00  -0.4201D+00  -0.6968D+00  -0.7955D+00  -0.9583D+00  -0.1237D+01  -0.9036D+00  -0.1459D+01  -0.1347D+01  -0.1001D+01  -0.1246D+01  -0.2805D+01

             21           22           23           24           25           26           27           28           29           30           31           32           33           34           35           36           37           38           39           40
   21 :   0.1175D+04
   22 :  -0.6023D+03   0.1404D+04
   23 :   0.2492D+02  -0.6866D+03   0.1606D+04
   24 :   0.6838D+01   0.2727D+02  -0.7494D+03   0.1709D+04
   25 :   0.7799D+01   0.1838D+02   0.2684D+02  -0.7667D+03   0.1791D+04
   26 :   0.1990D+01  -0.4107D+00   0.1811D+02   0.3176D+02  -0.7686D+03   0.1762D+04
   27 :  -0.7762D-01   0.7550D+01   0.1121D+02   0.1318D+02   0.4832D+02  -0.7790D+03   0.1842D+04
   28 :  -0.1156D+01  -0.5798D+01   0.6120D+01   0.8456D+01   0.2260D+02   0.3694D+02  -0.8295D+03   0.1852D+04
   29 :  -0.2593D+01   0.3069D+01  -0.9705D+01  -0.1883D+01   0.1747D+02   0.2404D+02   0.3510D+02  -0.8475D+03   0.1949D+04
   30 :  -0.2778D+01   0.6291D+01   0.3805D+01  -0.2736D+01   0.1581D+02   0.3159D+00   0.1632D+02   0.2490D+02  -0.8827D+03   0.1938D+04
   31 :  -0.3107D+01  -0.2651D-01  -0.6561D+01   0.2239D+01   0.5516D+01  -0.1913D+01   0.1054D+02   0.2361D+01   0.1792D+02  -0.8494D+03   0.1756D+04
   32 :  -0.8879D+01  -0.3846D+01  -0.7783D+00  -0.6897D+01  -0.1889D+01  -0.4738D+01   0.6711D+01   0.2864D+01   0.6180D+01   0.7797D+01  -0.7422D+03   0.1482D+04
   33 :  -0.2111D+01  -0.1159D+02  -0.1100D+02  -0.1765D+02  -0.4444D+01   0.2897D+01  -0.1403D+01   0.4244D+01   0.1227D+01   0.8705D+01   0.1002D+02  -0.6043D+03   0.1212D+04
   34 :  -0.3859D+01  -0.2485D+01  -0.1053D+02  -0.1151D+02  -0.8261D+01  -0.4346D+01  -0.2975D+01  -0.9370D+00  -0.3324D+01  -0.8990D+01  -0.5467D+00   0.1334D+02  -0.4786D+03   0.9172D+03
   35 :  -0.2564D+01   0.1575D+01  -0.5814D+01  -0.8595D+01  -0.8270D+01  -0.1569D+01  -0.4062D+01  -0.4294D+01  -0.4011D+01  -0.5106D+01   0.9528D+00   0.9413D+00   0.1256D+02  -0.3849D+03   0.7710D+03
   36 :  -0.1881D+01  -0.3842D+00  -0.4992D+01  -0.6577D+01  -0.3505D+01  -0.1873D+01  -0.1425D+02  -0.5679D+01  -0.7647D+01  -0.1176D+02  -0.5900D+01  -0.5244D+01  -0.8635D+00   0.8058D+01  -0.3337D+03   0.6805D+03
   37 :  -0.9673D+00  -0.1342D+01  -0.8292D+01  -0.6867D+01  -0.6976D+01  -0.1758D+00  -0.1074D+02  -0.3461D+01  -0.3026D+01  -0.1083D+02  -0.3133D+01  -0.6155D+00  -0.4504D+01   0.4859D+01   0.5172D+01  -0.2974D+03   0.6115D+03
   38 :  -0.2616D+01  -0.4819D+01  -0.1140D+02  -0.1179D+02  -0.8899D+01  -0.3148D+01  -0.8720D+01  -0.6525D+01  -0.9230D+01  -0.1148D+02  -0.9056D+01  -0.2503D+01  -0.6531D+01   0.2029D+00   0.1251D+01   0.7890D+01  -0.2615D+03   0.5133D+03
   39 :  -0.3120D+01  -0.2492D+01  -0.6815D+01  -0.8589D+01  -0.9858D+01  -0.2996D+01  -0.7677D+01  -0.2015D+01  -0.7141D+01  -0.1642D+01  -0.6019D+01  -0.5607D+01  -0.6409D+01  -0.3351D+01   0.8961D+00   0.9060D+00   0.8929D+00  -0.2122D+03   0.4014D+03
   40 :  -0.2238D+01  -0.1533D+01  -0.4244D+01  -0.5319D+01  -0.3831D+01  -0.4608D+01  -0.5280D+01  -0.4045D+01  -0.8085D+01  -0.4747D+01  -0.5603D+01  -0.1928D+01  -0.2768D+01  -0.2041D+01  -0.1048D+01  -0.2606D+00  -0.4990D+00   0.1098D+01  -0.1725D+03   0.4140D+03


              1            2            3            4            5            6            7            8            9           10           11           12           13           14           15           16           17           18           19           20
      21           22           23           24           25           26           27           28           29           30           31           32           33           34           35           36           37           38           39           40
      41           42           43
   41 :  -0.3312D+02   0.2793D+02  -0.4627D+00  -0.3826D+00  -0.1290D+01   0.9398D-01   0.4193D+00   0.1499D+00  -0.2127D+00  -0.5456D+00  -0.9178D+00  -0.1058D+01  -0.1265D+01  -0.1637D+01  -0.1288D+01  -0.1886D+01  -0.1789D+01  -0.1238D+01  -0.1111D+01  -0.2690D+01
   42 :   0.6927D+02  -0.3106D+01   0.4328D+01   0.6485D+01  -0.1027D+01   0.1780D+00   0.7758D+00   0.2179D+00  -0.5281D+00  -0.1299D+01  -0.1957D+01  -0.2254D+01  -0.2721D+01  -0.3448D+01  -0.3126D+01  -0.3304D+01  -0.3508D+01  -0.2961D+01  -0.2676D+01  -0.4695D+01
   43 :  -0.3323D+01  -0.2214D+01   0.6462D+01   0.2845D+01  -0.1392D+01   0.3728D+00   0.3238D-01  -0.8814D+00   0.8151D+00   0.9695D+00  -0.1329D-01   0.5671D-01  -0.3308D+01  -0.7410D+01  -0.6415D+01  -0.5742D+01  -0.2356D+00   0.1040D+02   0.1456D+02   0.8634D+01

             21           22           23           24           25           26           27           28           29           30           31           32           33           34           35           36           37           38           39           40
      41           42           43
   41 :  -0.2440D+01  -0.1878D+01  -0.3090D+01  -0.4875D+01  -0.3673D+01  -0.5012D+01  -0.6813D+01  -0.7140D+01  -0.9621D+01  -0.4660D+01  -0.5554D+01  -0.3647D+01  -0.8525D+00  -0.4383D+01   0.3885D+00  -0.3091D+01  -0.2017D+01  -0.5513D+00   0.3065D+01  -0.2550D+03
   42 :  -0.6339D+01  -0.6943D+01  -0.9160D+01  -0.1272D+02  -0.1057D+02  -0.1144D+02  -0.1465D+02  -0.1341D+02  -0.1627D+02  -0.1361D+02  -0.1303D+02  -0.1091D+02  -0.1097D+02  -0.7480D+01  -0.4616D+01  -0.7091D+01  -0.4640D+01  -0.5031D+01  -0.2854D+00   0.3056D+02
   43 :  -0.1982D+01  -0.6475D+01  -0.1252D+02  -0.8912D+01  -0.2251D+01   0.3427D+01  -0.1308D+01  -0.8651D-01  -0.9449D+01  -0.1761D+02  -0.1501D+02  -0.8403D+01  -0.6251D+01   0.7550D+01   0.5449D+01   0.1056D+01  -0.7448D+01  -0.5796D+01   0.4288D+01   0.8593D+01

             41           42           43
   41 :   0.5482D+03
   42 :  -0.2744D+03   0.3461D+03
   43 :   0.6035D+01  -0.2192D+01   0.1028D+04


CORRELATION MATRIX OF PARAMETERS
============================================================================================================  
          1    2    3    4    5    6    7    8    9   10   11   12   13   14   15   16   17   18   19   20
    1 :  1.0
    2 :  0.4  1.0
    3 :  0.1  0.3  1.0
    4 :  0.0  0.0  0.2  1.0
    5 :  0.2  0.1  0.1  0.2  1.0
    6 :  0.0  0.0  0.0  0.0  0.0  1.0
    7 :  0.0  0.0  0.0  0.0  0.0  0.7  1.0
    8 :  0.0  0.0  0.0  0.0  0.0  0.4  0.5  1.0
    9 :  0.0  0.0  0.0  0.0  0.0  0.2  0.2  0.5  1.0
   10 :  0.0  0.0  0.0  0.0  0.0  0.1  0.1  0.2  0.5  1.0
   11 :  0.0  0.0  0.0  0.0  0.0  0.1  0.1  0.1  0.2  0.5  1.0
   12 :  0.0  0.0  0.0  0.0  0.0  0.0  0.0  0.0  0.1  0.2  0.5  1.0
   13 :  0.0  0.0  0.0  0.0  0.0  0.0  0.0  0.0  0.0  0.1  0.2  0.5  1.0
   14 :  0.0  0.0  0.0  0.0  0.0  0.0  0.0  0.0  0.0  0.0  0.1  0.2  0.5  1.0
   15 :  0.0  0.0  0.0  0.0  0.0  0.0  0.0  0.0  0.0  0.0  0.0  0.1  0.2  0.5  1.0
   16 :  0.0  0.0  0.0  0.0  0.0  0.0  0.0  0.0  0.0  0.0  0.0  0.0  0.1  0.2  0.5  1.0
   17 :  0.0  0.0  0.0  0.0  0.0  0.0  0.0  0.0  0.0  0.0  0.0  0.0  0.0  0.1  0.2  0.5  1.0
   18 :  0.0  0.0  0.0  0.0  0.0  0.0  0.0  0.0  0.0  0.0  0.0  0.0  0.0  0.0  0.1  0.2  0.5  1.0
   19 :  0.0  0.0  0.0  0.0  0.0  0.0  0.0  0.0  0.0  0.0  0.0  0.0  0.0  0.0  0.0  0.1  0.2  0.5  1.0
   20 :  0.0  0.0  0.0  0.0  0.0  0.0  0.0  0.0  0.0  0.0  0.0  0.0  0.0  0.0  0.0  0.0  0.1  0.2  0.5  1.0


          1    2    3    4    5    6    7    8    9   10   11   12   13   14   15   16   17   18   19   20
  21   22   23   24   25   26   27   28   29   30   31   32   33   34   35   36   37   38   39   40
   21 :  0.0  0.0  0.0  0.0  0.0  0.0  0.0  0.0  0.0  0.0  0.0  0.0  0.0  0.0  0.0  0.0  0.0  0.1  0.2  0.5
   22 :  0.0  0.0  0.0  0.0  0.0  0.0  0.0  0.0  0.0  0.0  0.0  0.0  0.0  0.0  0.0  0.0  0.0  0.0  0.1  0.2
   23 :  0.0  0.0  0.0  0.0  0.0  0.0  0.0  0.0  0.0  0.0  0.0  0.0  0.0  0.0  0.0  0.0  0.0  0.0  0.0  0.1
   24 :  0.0  0.0  0.0  0.0  0.1  0.0  0.0  0.0  0.0  0.0  0.0  0.0  0.0  0.0  0.0  0.0  0.0  0.0  0.0  0.0
   25 :  0.0  0.0  0.0  0.0  0.1  0.0  0.0  0.0  0.0  0.0  0.0  0.0  0.0  0.0  0.0  0.0  0.0  0.0  0.0  0.0
   26 :  0.0  0.0  0.0  0.0  0.1  0.0  0.0  0.0  0.0  0.0  0.0  0.0  0.0  0.0  0.0  0.0  0.0  0.0  0.0  0.0
   27 :  0.0  0.0  0.0  0.0  0.1  0.0  0.0  0.0  0.0  0.0  0.0  0.0  0.0  0.0  0.0  0.0  0.0  0.0  0.0  0.0
   28 :  0.0  0.0  0.0  0.0  0.1  0.0  0.0  0.0  0.0  0.0  0.0  0.0  0.0  0.0  0.0  0.0  0.0  0.0  0.0  0.0
   29 :  0.0  0.0  0.0  0.0  0.1  0.0  0.0  0.0  0.0  0.0  0.0  0.0  0.0  0.0  0.0  0.0  0.0  0.0  0.0  0.0
   30 :  0.0  0.0  0.0  0.0  0.1  0.0  0.0  0.0  0.0  0.0  0.0  0.0  0.0  0.0  0.0  0.0  0.0  0.0  0.0  0.0
   31 :  0.0  0.0  0.0  0.0  0.1  0.0  0.0  0.0  0.0  0.0  0.0  0.0  0.0  0.0  0.0  0.0  0.0  0.0  0.0  0.0
   32 :  0.0  0.0  0.0  0.0  0.1  0.0  0.0  0.0  0.0  0.0  0.0  0.0  0.0  0.0  0.0  0.0  0.0  0.0  0.0  0.0
   33 :  0.0  0.0  0.0  0.0  0.1  0.0  0.0  0.0  0.0  0.0  0.0  0.0  0.0  0.0  0.0  0.0  0.0  0.0  0.0  0.0
   34 :  0.0  0.0  0.0  0.0  0.1  0.0  0.0  0.0  0.0  0.0  0.0  0.0  0.0  0.0  0.0  0.0  0.0  0.0  0.0  0.0
   35 :  0.0  0.0  0.0  0.0  0.1  0.0  0.0  0.0  0.0  0.0  0.0  0.0  0.0  0.0  0.0  0.0  0.0  0.0  0.0  0.0
   36 :  0.0  0.0  0.0  0.0  0.1  0.0  0.0  0.0  0.0  0.0  0.0  0.0  0.0  0.0  0.0  0.0  0.0  0.0  0.0  0.0
   37 :  0.0  0.0  0.0  0.0  0.1  0.0  0.0  0.0  0.0  0.0  0.0  0.0  0.0  0.0  0.0  0.0  0.0  0.0  0.0  0.0
   38 :  0.0  0.0  0.0  0.0  0.1  0.0  0.0  0.0  0.0  0.0  0.0  0.0  0.0  0.0  0.0  0.0  0.0  0.0  0.0  0.0
   39 :  0.0  0.0  0.0  0.0  0.0  0.0  0.0  0.0  0.0  0.0  0.0  0.0  0.0  0.0  0.0  0.0  0.0  0.0  0.0  0.0
   40 :  0.0  0.1  0.0  0.0 -0.1  0.0  0.0  0.0  0.0  0.0  0.0  0.0  0.0  0.0  0.0  0.0  0.0  0.0  0.0  0.0

         21   22   23   24   25   26   27   28   29   30   31   32   33   34   35   36   37   38   39   40
   21 :  1.0
   22 :  0.5  1.0
   23 :  0.2  0.5  1.0
   24 :  0.1  0.2  0.5  1.0
   25 :  0.0  0.1  0.2  0.4  1.0
   26 :  0.0  0.0  0.1  0.2  0.4  1.0
   27 :  0.0  0.0  0.0  0.1  0.2  0.4  1.0
   28 :  0.0  0.0  0.0  0.0  0.1  0.2  0.4  1.0
   29 :  0.0  0.0  0.0  0.0  0.0  0.1  0.2  0.4  1.0
   30 :  0.0  0.0  0.0  0.0  0.0  0.0  0.1  0.2  0.5  1.0
   31 :  0.0  0.0  0.0  0.0  0.0  0.0  0.0  0.1  0.2  0.5  1.0
   32 :  0.0  0.0  0.0  0.0  0.0  0.0  0.0  0.0  0.1  0.2  0.5  1.0
   33 :  0.0  0.0  0.0  0.0  0.0  0.0  0.0  0.0  0.0  0.1  0.2  0.5  1.0
   34 :  0.0  0.0  0.0  0.0  0.0  0.0  0.0  0.0  0.0  0.0  0.1  0.2  0.5  1.0
   35 :  0.0  0.0  0.0  0.0  0.0  0.0  0.0  0.0  0.0  0.0  0.0  0.1  0.2  0.5  1.0
   36 :  0.0  0.0  0.0  0.0  0.0  0.0  0.0  0.0  0.0  0.0  0.0  0.0  0.1  0.2  0.5  1.0
   37 :  0.0  0.0  0.0  0.0  0.0  0.0  0.0  0.0  0.0  0.0  0.0  0.0  0.0  0.1  0.2  0.5  1.0
   38 :  0.0  0.0  0.0  0.0  0.0  0.0  0.0  0.0  0.0  0.0  0.0  0.0  0.0  0.0  0.1  0.2  0.5  1.0
   39 :  0.0  0.0  0.0  0.0  0.0  0.0  0.0  0.0  0.0  0.0  0.0  0.0  0.0  0.0  0.0  0.1  0.2  0.5  1.0
   40 :  0.0  0.0  0.0  0.0  0.0  0.0  0.0  0.0  0.0  0.0  0.0  0.0  0.0  0.0  0.0  0.0  0.1  0.2  0.4  1.0


          1    2    3    4    5    6    7    8    9   10   11   12   13   14   15   16   17   18   19   20
  21   22   23   24   25   26   27   28   29   30   31   32   33   34   35   36   37   38   39   40
  41   42   43
   41 :  0.1  0.0  0.0  0.0  0.0  0.0  0.0  0.0  0.0  0.0  0.0  0.0  0.0  0.0  0.0  0.0  0.0  0.0  0.0  0.0
   42 : -0.2  0.0  0.0  0.0  0.0  0.0  0.0  0.0  0.0  0.0  0.0  0.0  0.0  0.0  0.0  0.0  0.0  0.0  0.0  0.0
   43 :  0.0  0.0  0.0  0.0  0.0  0.0  0.0  0.0  0.0  0.0  0.0  0.0  0.0  0.0  0.0  0.0  0.0  0.0  0.0  0.0

         21   22   23   24   25   26   27   28   29   30   31   32   33   34   35   36   37   38   39   40
  41   42   43
   41 :  0.0  0.0  0.0  0.0  0.0  0.0  0.0  0.0  0.0  0.0  0.0  0.0  0.0  0.0  0.0  0.0  0.1  0.1  0.2  0.5
   42 :  0.0  0.0  0.0  0.0  0.0  0.0  0.0  0.0  0.0  0.0  0.0  0.0  0.0  0.0  0.0  0.0  0.0  0.1  0.1  0.3
   43 :  0.0  0.0  0.0  0.0  0.0  0.0  0.0  0.0  0.0  0.0  0.0  0.0  0.0  0.0  0.0  0.0  0.0  0.0  0.0  0.0

         41   42   43
   41 :  1.0
   42 :  0.6  1.0
   43 :  0.0  0.0  1.0


COVARIANCE MATRIX OF PARAMETERS
===========================================================================================================================================================================================================================================================================      
              1            2            3            4            5            6            7            8            9           10           11           12           13           14           15           16           17           18           19           20
    1 :   0.4011D-02
    2 :   0.2115D-02   0.6236D-02
    3 :   0.3479D-03   0.1054D-02   0.1951D-02
    4 :   0.7529D-04   0.2549D-03   0.7218D-03   0.7489D-02
    5 :   0.1712D-02   0.1135D-02   0.4418D-03   0.2393D-02   0.1685D-01
    6 :  -0.6799D-06  -0.6952D-06  -0.6751D-06  -0.2657D-05  -0.5705D-05   0.1950D-02
    7 :  -0.1498D-05  -0.1447D-05  -0.1181D-05  -0.3803D-05  -0.1291D-04   0.9635D-03   0.9649D-03
    8 :  -0.1272D-05  -0.1557D-05  -0.1278D-05  -0.3526D-05  -0.9468D-05   0.4857D-03   0.4816D-03   0.9687D-03
    9 :   0.1370D-06  -0.3891D-06  -0.1644D-06   0.1923D-05   0.3402D-05   0.2463D-03   0.2369D-03   0.4670D-03   0.9503D-03
   10 :   0.2257D-05   0.2096D-05   0.1983D-05   0.7078D-05   0.2012D-04   0.1276D-03   0.1164D-03   0.2180D-03   0.4458D-03   0.9370D-03
   11 :   0.4296D-05   0.4635D-05   0.4120D-05   0.1378D-04   0.3510D-04   0.6725D-04   0.5629D-04   0.9493D-04   0.1930D-03   0.4237D-03   0.8926D-03
   12 :   0.5448D-05   0.6105D-05   0.5352D-05   0.1579D-04   0.4337D-04   0.3593D-04   0.2721D-04   0.3876D-04   0.7685D-04   0.1796D-03   0.4033D-03   0.8492D-03
   13 :   0.6731D-05   0.7794D-05   0.6554D-05   0.1933D-04   0.5205D-04   0.2035D-04   0.1392D-04   0.1412D-04   0.2546D-04   0.6744D-04   0.1704D-03   0.3866D-03   0.8124D-03
   14 :   0.8375D-05   0.9689D-05   0.8291D-05   0.2306D-04   0.6407D-04   0.1250D-04   0.7490D-05   0.3854D-05   0.3658D-05   0.1778D-04   0.6378D-04   0.1672D-03   0.3743D-03   0.7958D-03
   15 :   0.9069D-05   0.1079D-04   0.9423D-05   0.2579D-04   0.6884D-04   0.8077D-05   0.4700D-05   0.4821D-06  -0.3967D-05  -0.4968D-06   0.1965D-04   0.6855D-04   0.1684D-03   0.3769D-03   0.8230D-03
   16 :   0.1023D-04   0.1259D-04   0.1101D-04   0.3037D-04   0.7596D-04   0.5551D-05   0.3896D-05   0.8225D-06  -0.3487D-05  -0.5020D-05   0.2932D-05   0.2660D-04   0.7412D-04   0.1741D-03   0.3980D-03   0.8767D-03
   17 :   0.1146D-04   0.1351D-04   0.1183D-04   0.3108D-04   0.8754D-04   0.3799D-05   0.3167D-05   0.1202D-05  -0.1755D-05  -0.4359D-05  -0.1205D-05   0.9747D-05   0.3213D-04   0.8098D-04   0.1919D-03   0.4385D-03   0.9786D-03
   18 :   0.1176D-04   0.1311D-04   0.1091D-04   0.3363D-04   0.9422D-04   0.2370D-05   0.2292D-05   0.1403D-05  -0.3359D-06  -0.2663D-05  -0.1704D-05   0.3826D-05   0.1462D-04   0.3780D-04   0.9210D-04   0.2157D-03   0.4921D-03   0.1090D-02
   19 :   0.1043D-04   0.1051D-04   0.8641D-05   0.3038D-04   0.8835D-04   0.1353D-05   0.1518D-05   0.1241D-05  -0.5083D-07  -0.1088D-05  -0.8104D-06   0.1517D-05   0.6840D-05   0.1692D-04   0.3936D-04   0.9579D-04   0.2295D-03   0.5211D-03   0.1106D-02
   20 :   0.1169D-04   0.1172D-04   0.9061D-05   0.3291D-04   0.9800D-04   0.8596D-06   0.1217D-05   0.1397D-05   0.8847D-06   0.1049D-05   0.1308D-05   0.1803D-05   0.2012D-05   0.5616D-05   0.1173D-04   0.3360D-04   0.9239D-04   0.2240D-03   0.4966D-03   0.1001D-02


              1            2            3            4            5            6            7            8            9           10           11           12           13           14           15           16           17           18           19           20
      21           22           23           24           25           26           27           28           29           30           31           32           33           34           35           36           37           38           39           40
   21 :   0.1464D-04   0.1402D-04   0.1047D-04   0.3615D-04   0.1242D-03   0.3448D-06   0.7871D-06   0.1370D-05   0.1815D-05   0.2252D-05   0.1668D-05   0.1781D-05   0.1433D-05   0.1632D-05   0.3262D-05   0.1161D-04   0.3316D-04   0.8567D-04   0.1981D-03   0.4322D-03
   22 :   0.1587D-04   0.1516D-04   0.1040D-04   0.3510D-04   0.1346D-03   0.1568D-07   0.4781D-06   0.1105D-05   0.1963D-05   0.2300D-05   0.2611D-05   0.2841D-05   0.1037D-05  -0.1183D-06  -0.9015D-06   0.5055D-06   0.8244D-05   0.2954D-04   0.7282D-04   0.1727D-03
   23 :   0.1706D-04   0.1586D-04   0.1122D-04   0.4164D-04   0.1471D-03  -0.5070D-06   0.2468D-06   0.8274D-06   0.1836D-05   0.2731D-05   0.3210D-05   0.4075D-05   0.3277D-05   0.3706D-05   0.2071D-05   0.4273D-06   0.7171D-06   0.8381D-05   0.1969D-04   0.5863D-04
   24 :   0.2021D-04   0.1891D-04   0.1467D-04   0.4939D-04   0.1741D-03  -0.4445D-06   0.1616D-06   0.1023D-05   0.2315D-05   0.3676D-05   0.4557D-05   0.4985D-05   0.4329D-05   0.4558D-05   0.2775D-05   0.1280D-05  -0.8432D-06   0.3116D-05   0.4167D-05   0.1701D-04
   25 :   0.2047D-04   0.2100D-04   0.1655D-04   0.5378D-04   0.1685D-03  -0.1122D-06  -0.4738D-07   0.1065D-05   0.2224D-05   0.3701D-05   0.4360D-05   0.4891D-05   0.4949D-05   0.5184D-05   0.3138D-05   0.1475D-05   0.1046D-05   0.4645D-06  -0.2894D-05   0.2243D-05
   26 :   0.2066D-04   0.2234D-04   0.1896D-04   0.5482D-04   0.1657D-03   0.1129D-06   0.1538D-06   0.9419D-06   0.1996D-05   0.3279D-05   0.3928D-05   0.4390D-05   0.5586D-05   0.5951D-05   0.4492D-05   0.3517D-05   0.3938D-05   0.2212D-05  -0.3032D-05   0.6278D-06
   27 :   0.2308D-04   0.2472D-04   0.2125D-04   0.6050D-04   0.1844D-03  -0.1993D-06   0.7694D-07   0.1027D-05   0.2171D-05   0.2998D-05   0.3888D-05   0.4524D-05   0.4944D-05   0.5317D-05   0.4959D-05   0.4038D-05   0.3694D-05   0.2866D-05  -0.6317D-06   0.2059D-06
   28 :   0.2486D-04   0.2818D-04   0.2346D-04   0.6230D-04   0.1897D-03  -0.3903D-06   0.2817D-06   0.1239D-05   0.2501D-05   0.3802D-05   0.4188D-05   0.4681D-05   0.5350D-05   0.5948D-05   0.4710D-05   0.3510D-05   0.4683D-05   0.2453D-05   0.3012D-06   0.2208D-05
   29 :   0.2718D-04   0.3203D-04   0.2676D-04   0.6864D-04   0.2004D-03  -0.4985D-06   0.3682D-06   0.1429D-05   0.2826D-05   0.4072D-05   0.4025D-05   0.3907D-05   0.4877D-05   0.5407D-05   0.4680D-05   0.4364D-05   0.6498D-05   0.4252D-05   0.6068D-05   0.4998D-05
   30 :   0.2542D-04   0.3013D-04   0.2559D-04   0.6426D-04   0.1889D-03  -0.4923D-06   0.4183D-06   0.1405D-05   0.2759D-05   0.3989D-05   0.4302D-05   0.4708D-05   0.5173D-05   0.5738D-05   0.6451D-05   0.6513D-05   0.5746D-05   0.6198D-05   0.4713D-05   0.9705D-06
   31 :   0.2678D-04   0.2985D-04   0.2660D-04   0.7284D-04   0.2069D-03  -0.6292D-06   0.2943D-06   0.1238D-05   0.2805D-05   0.4255D-05   0.4837D-05   0.5662D-05   0.5488D-05   0.7344D-05   0.8437D-05   0.8583D-05   0.7048D-05   0.4210D-05   0.8422D-06   0.2620D-05
   32 :   0.2868D-04   0.3135D-04   0.2883D-04   0.8138D-04   0.2246D-03  -0.5822D-06   0.1834D-06   0.1280D-05   0.2980D-05   0.4703D-05   0.5391D-05   0.6500D-05   0.6115D-05   0.8174D-05   0.9261D-05   0.8457D-05   0.1029D-04   0.6935D-05   0.2845D-05   0.6511D-05
   33 :   0.3343D-04   0.3534D-04   0.3327D-04   0.9792D-04   0.2617D-03  -0.6398D-06  -0.3981D-07   0.1389D-05   0.3115D-05   0.4929D-05   0.6103D-05   0.7469D-05   0.7085D-05   0.7716D-05   0.7140D-05   0.7019D-05   0.1219D-04   0.9422D-05   0.6703D-05   0.1235D-04
   34 :   0.3734D-04   0.4172D-04   0.3723D-04   0.1057D-03   0.2762D-03  -0.8525D-06  -0.1980D-06   0.1258D-05   0.3036D-05   0.4757D-05   0.5705D-05   0.6076D-05   0.6531D-05   0.6936D-05   0.5842D-05   0.7171D-05   0.1585D-04   0.1042D-04   0.1055D-04   0.1443D-04
   35 :   0.3818D-04   0.4539D-04   0.4289D-04   0.1109D-03   0.2598D-03  -0.9943D-06  -0.2854D-06   0.1362D-05   0.3094D-05   0.4764D-05   0.5556D-05   0.5442D-05   0.6415D-05   0.6905D-05   0.5802D-05   0.8774D-05   0.1841D-04   0.1081D-04   0.1083D-04   0.1570D-04
   36 :   0.4816D-04   0.5743D-04   0.4904D-04   0.1276D-03   0.3127D-03  -0.1301D-05  -0.3113D-06   0.1520D-05   0.3418D-05   0.5065D-05   0.5770D-05   0.5517D-05   0.6863D-05   0.7375D-05   0.6266D-05   0.9943D-05   0.1952D-04   0.1261D-04   0.1068D-04   0.1586D-04
   37 :   0.4963D-04   0.6105D-04   0.5171D-04   0.1308D-03   0.3041D-03  -0.1305D-05  -0.4264D-06   0.1545D-05   0.3496D-05   0.5214D-05   0.5954D-05   0.5501D-05   0.6567D-05   0.6942D-05   0.5405D-05   0.9006D-05   0.1740D-04   0.1435D-04   0.1233D-04   0.1731D-04
   38 :   0.6123D-04   0.8009D-04   0.6220D-04   0.1521D-03   0.3564D-03  -0.1410D-05  -0.3406D-06   0.1993D-05   0.4318D-05   0.6557D-05   0.7718D-05   0.7994D-05   0.8637D-05   0.8477D-05   0.6838D-05   0.1114D-04   0.1903D-04   0.1814D-04   0.1878D-04   0.2270D-04
   39 :   0.5713D-04   0.7896D-04   0.6388D-04   0.1516D-03   0.2967D-03  -0.1652D-05  -0.3271D-06   0.2101D-05   0.4722D-05   0.7217D-05   0.8635D-05   0.9542D-05   0.1064D-04   0.1136D-04   0.1056D-04   0.1463D-04   0.2118D-04   0.2159D-04   0.2330D-04   0.2773D-04
   40 :   0.7194D-04   0.3131D-03   0.6723D-04   0.8906D-04  -0.5027D-03  -0.1292D-05  -0.4258D-06   0.1597D-05   0.3739D-05   0.5697D-05   0.7088D-05   0.7946D-05   0.8900D-05   0.9739D-05   0.9308D-05   0.1228D-04   0.1539D-04   0.1586D-04   0.1822D-04   0.2252D-04

             21           22           23           24           25           26           27           28           29           30           31           32           33           34           35           36           37           38           39           40
   21 :   0.8514D-03
   22 :   0.3654D-03   0.7125D-03
   23 :   0.1430D-03   0.3045D-03   0.6226D-03
   24 :   0.5346D-04   0.1222D-03   0.2730D-03   0.5852D-03
   25 :   0.1328D-04   0.4042D-04   0.1075D-03   0.2505D-03   0.5583D-03
   26 :   0.2485D-05   0.1247D-04   0.3559D-04   0.9873D-04   0.2436D-03   0.5677D-03
   27 :  -0.2012D-05  -0.1435D-05   0.6488D-05   0.3099D-04   0.8836D-04   0.2400D-03   0.5428D-03
   28 :  -0.1539D-06  -0.7183D-06  -0.2420D-05   0.6185D-05   0.2790D-04   0.9619D-04   0.2431D-03   0.5399D-03
   29 :   0.1140D-05  -0.2902D-06   0.7918D-06  -0.7669D-06   0.2532D-05   0.3050D-04   0.9594D-04   0.2348D-03   0.5131D-03
   30 :   0.2587D-06  -0.3181D-05  -0.1383D-05  -0.1924D-05  -0.4544D-05   0.1054D-04   0.3600D-04   0.1000D-03   0.2337D-03   0.5160D-03
   31 :   0.2065D-05  -0.6467D-06   0.9663D-06  -0.2542D-05  -0.4280D-05   0.3836D-05   0.1285D-04   0.4525D-04   0.1078D-03   0.2496D-03   0.5694D-03
   32 :   0.7433D-05   0.2370D-05   0.2311D-05   0.1946D-05  -0.1093D-05   0.2279D-05   0.2916D-05   0.2010D-04   0.5060D-04   0.1222D-03   0.2851D-03   0.6745D-03
   33 :   0.1078D-04   0.1268D-04   0.1110D-04   0.1022D-04   0.9898D-06  -0.4173D-06   0.7693D-06   0.6803D-05   0.2214D-04   0.5518D-04   0.1374D-03   0.3363D-03   0.8250D-03
   34 :   0.1253D-04   0.1393D-04   0.1748D-04   0.1546D-04   0.6992D-05   0.3532D-05   0.3076D-05   0.5666D-05   0.1503D-04   0.3222D-04   0.6789D-04   0.1657D-03   0.4305D-03   0.1090D-02
   35 :   0.9972D-05   0.9373D-05   0.1752D-04   0.1714D-04   0.1057D-04   0.4947D-05   0.6456D-05   0.7529D-05   0.1117D-04   0.1815D-04   0.3061D-04   0.7641D-04   0.2015D-03   0.5443D-03   0.1297D-02
   36 :   0.9004D-05   0.8425D-05   0.1638D-04   0.1611D-04   0.1064D-04   0.1035D-04   0.1836D-04   0.1305D-04   0.1645D-04   0.2061D-04   0.2151D-04   0.4113D-04   0.9474D-04   0.2540D-03   0.6360D-03   0.1470D-02
   37 :   0.9107D-05   0.1144D-04   0.2060D-04   0.1763D-04   0.1309D-04   0.1025D-04   0.2095D-04   0.1253D-04   0.1524D-04   0.2057D-04   0.1388D-04   0.2120D-04   0.4704D-04   0.1103D-03   0.2984D-03   0.7148D-03   0.1635D-02
   38 :   0.1709D-04   0.2276D-04   0.3261D-04   0.2772D-04   0.1938D-04   0.1469D-04   0.2547D-04   0.2047D-04   0.2436D-04   0.2735D-04   0.1982D-04   0.1748D-04   0.3234D-04   0.5051D-04   0.1391D-03   0.3415D-03   0.8331D-03   0.1948D-02
   39 :   0.2217D-04   0.2555D-04   0.3693D-04   0.3483D-04   0.2755D-04   0.1772D-04   0.2709D-04   0.1916D-04   0.2567D-04   0.2304D-04   0.2561D-04   0.2511D-04   0.3309D-04   0.3377D-04   0.6851D-04   0.1756D-03   0.4367D-03   0.1030D-02   0.2492D-02
   40 :   0.1768D-04   0.1856D-04   0.2690D-04   0.2599D-04   0.2073D-04   0.1849D-04   0.2306D-04   0.1975D-04   0.2530D-04   0.2000D-04   0.2101D-04   0.1686D-04   0.2196D-04   0.2098D-04   0.3221D-04   0.7404D-04   0.1817D-03   0.4238D-03   0.1038D-02   0.2416D-02


              1            2            3            4            5            6            7            8            9           10           11           12           13           14           15           16           17           18           19           20
      21           22           23           24           25           26           27           28           29           30           31           32           33           34           35           36           37           38           39           40
      41           42           43
   41 :   0.1757D-03  -0.1647D-03   0.3748D-04   0.6087D-04  -0.1686D-03  -0.1300D-05  -0.5850D-06   0.1316D-05   0.3366D-05   0.5255D-05   0.6707D-05   0.7578D-05   0.8523D-05   0.9451D-05   0.9177D-05   0.1157D-04   0.1322D-04   0.1297D-04   0.1464D-04   0.1875D-04
   42 :  -0.6365D-03  -0.1001D-03   0.1415D-05  -0.5307D-04   0.7375D-04  -0.2675D-05  -0.1177D-05   0.3470D-05   0.8571D-05   0.1338D-04   0.1688D-04   0.1917D-04   0.2154D-04   0.2396D-04   0.2354D-04   0.2674D-04   0.3056D-04   0.3031D-04   0.3270D-04   0.4261D-04
   43 :   0.1625D-04   0.7786D-05  -0.1277D-04  -0.1421D-04   0.4182D-04  -0.4760D-06   0.2083D-06   0.3765D-06  -0.9430D-06  -0.2905D-06   0.1427D-05   0.3214D-05   0.6796D-05   0.8731D-05   0.6129D-05   0.1447D-05  -0.8478D-05  -0.1966D-04  -0.1872D-04  -0.5669D-05

             21           22           23           24           25           26           27           28           29           30           31           32           33           34           35           36           37           38           39           40
      41           42           43
   41 :   0.1481D-04   0.1431D-04   0.1971D-04   0.2041D-04   0.1705D-04   0.1874D-04   0.2286D-04   0.2187D-04   0.2437D-04   0.1745D-04   0.1822D-04   0.1431D-04   0.1535D-04   0.1979D-04   0.1851D-04   0.4472D-04   0.8893D-04   0.1934D-03   0.4689D-03   0.1124D-02
   42 :   0.4095D-04   0.3952D-04   0.4658D-04   0.4960D-04   0.4238D-04   0.4865D-04   0.5621D-04   0.5501D-04   0.5814D-04   0.4942D-04   0.5018D-04   0.4778D-04   0.5144D-04   0.5211D-04   0.4824D-04   0.7373D-04   0.8888D-04   0.1451D-03   0.2823D-03   0.6778D-03
   43 :   0.6102D-05   0.9115D-05   0.9853D-05   0.5018D-05   0.1932D-06  -0.1186D-05   0.2324D-05   0.4636D-05   0.1056D-04   0.1350D-04   0.1072D-04   0.5917D-05   0.9106D-06  -0.1039D-04  -0.5141D-05   0.4137D-05   0.1287D-04   0.2319D-05  -0.2121D-04  -0.2533D-04

             41           42           43
   41 :   0.1824D-02
   42 :   0.1446D-02   0.2889D-02
   43 :  -0.7622D-05   0.6157D-05   0.9724D-03


