 Output Generated by ICA Version 1.4                                            
  
 ------------------------------------
 
        Mackerel NE Atlantic  WG2003
        ----------------------------
 
        Catch in Number
        ---------------
------+------------------------------------------------------------------------------------------------------------------------
AGE   |    1972    1973    1974    1975    1976    1977    1978    1979    1980    1981    1982    1983    1984    1985    1986
------+------------------------------------------------------------------------------------------------------------------------
  0   |   1105.   4758.   2940.   2490.   1229.   3761.   2833.   2061.   1998.   1953.   4336.   3629.   3814.   2740.   2820.
  1   |  10076.   5344.  15642.   8240.   6042.   5056.   8904.  10119.   6143.   6549.   9069.  13962.  10487.  11376.   7368.
  2   |   6410.  27696.   9938.  24858.  11401.  14159.   6835.  18185.  17246.  11517.  17290.  16534.  22880.  17780.  17450.
  3   |  17494.  14958.  43369.  13347.  29365.  22767.  16370.  11967.  26577.  27745.  25806.  26569.  22907.  32934.  23294.
  4   |  17710.  29743.  16825.  41977.  11509.  42867.  19259.  21100.  12864.  31494.  45262.  28519.  26554.  23926.  31540.
  5   |   8816.  21493.  23534.  11461.  25691.  12002.  25776.  17798.  16225.  10926.  36643.  35209.  20081.  19636.  16296.
  6   |  11190.  10361.  16368.  15449.   6797.  25980.   7000.  23170.  13306.  13407.  12307.  27448.  23904.  14355.  12969.
  7   |   2267.  12914.   7695.  10497.   9010.   6762.  14918.   6212.  17096.  10859.  14824.   8996.  18213.  16750.   9328.
  8   |   6463.   2107.   7668.   3938.   4888.   7208.   3100.  10637.   3675.  11200.   9668.   8663.   4766.  10206.   8704.
  9   |   6423.  12250.   8247.   8613.   5789.   8249.   7570.   7544.  11284.   9910.  19223.  17782.  13570.  10650.  10434.
------+------------------------------------------------------------------------------------------------------------------------
       x 10 ^ 3                                
 
 
        Catch in Number
        ---------------
------+------------------------------------------------------------------------------------------------------------------------
AGE   |    1987    1988    1989    1990    1991    1992    1993    1994    1995    1996    1997    1998    1999    2000    2001
------+------------------------------------------------------------------------------------------------------------------------
  0   |   2957.   2458.   5059.   3249.   4541.   3770.   3219.   5006.   2999.   4528.   3896.   3302.   2738.   2884.   2509.
  1   |  12148.   7519.  11340.  14011.  12381.  12018.  14118.   7451.  20553.   8784.  15725.   8148.   9842.   8774.  12812.
  2   |  18049.  17577.  19658.  17775.  30160.  18535.  25440.  18543.  17351.  34094.  17267.  18728.  13908.  18074.  22232.
  3   |  36307.  22214.  38805.  25958.  32128.  38011.  32979.  28281.  36499.  24281.  56478.  17513.  27481.  21981.  39086.
  4   |  35299.  32468.  35471.  36769.  33631.  29013.  48540.  26433.  40279.  36742.  28941.  41618.  18964.  32114.  34844.
  5   |  34068.  22331.  36807.  23569.  33526.  21261.  26092.  27321.  26697.  28509.  30868.  15054.  32319.  15926.  36461.
  6   |  17044.  20844.  24440.  23526.  20667.  20374.  18397.  14155.  26645.  18197.  23069.  15526.  11382.  26449.  17556.
  7   |  13317.  10230.  22320.  15228.  20095.  12235.  17184.   9753.  13510.  17725.  14372.  11384.  11606.   9217.  28719.
  8   |   7705.   6379.   8814.  11084.  10424.   9471.   8269.   7247.   7477.   7173.  11207.   5644.   6826.   7547.   8058.
  9   |  16106.  11647.  16203.  12216.  15867.  12786.  15512.  10356.  13501.  11299.  11682.   9287.   9067.  10652.  16380.
------+------------------------------------------------------------------------------------------------------------------------
       x 10 ^ 3                                
 
 
        Catch in Number
        ---------------
------+--------
AGE   |    2002
------+--------
  0   |   2794.
  1   |   9381.
  2   |  27152.
  3   |  39807.
  4   |  50556.
  5   |  31889.
  6   |  32196.
  7   |  15161.
  8   |  19888.
  9   |  16879.
------+--------
       x 10 ^ 3                                
 
 
 
        Predicted Catch in Number
        -------------------------
------+----------------------------------------------------------------------------------------
AGE   |    1992    1993    1994    1995    1996    1997    1998    1999    2000    2001    2002
------+----------------------------------------------------------------------------------------
  0   |   3771.   3220.   5005.   3000.   4529.   3896.   3302.   2738.   2884.   2509.   2794.
  1   |  12021.  14121.   7452.  20551.   8784.  15723.   8147.   9842.   8776.  12812.   9381.
  2   |  18539.  25444.  18544.  17351.  34086.  17265.  18725.  13906.  18074.  22232.  27157.
  3   |  38020.  32985.  28284.  36502.  24280.  56460.  17511.  27477.  21980.  39083.  39814.
  4   |  29022.  48553.  26437.  40286.  36743.  28940.  41609.  18964.  32113.  34841.  50564.
  5   |  21269.  26101.  27330.  26705.  28515.  30870.  15055.  32318.  15929.  36461.  31896.
  6   |  20382.  18401.  14157.  26650.  18199.  23070.  15527.  11383.  26447.  17556.  32200.
  7   |  12237.  17188.   9754.  13511.  17726.  14371.  11384.  11606.   9218.  28712.  15163.
  8   |   9469.   8270.   7248.   7478.   7173.  11206.   5644.   6826.   7547.   8059.  19888.
------+----------------------------------------------------------------------------------------
       x 10 ^ 3                                
 
 
 
        Weights at age in the catches (Kg)
        ----------------------------------
------+------------------------------------------------------------------------------------------------------------------------
AGE   |    1972    1973    1974    1975    1976    1977    1978    1979    1980    1981    1982    1983    1984    1985    1986
------+------------------------------------------------------------------------------------------------------------------------
  0   | 0.05200 0.05000 0.05100 0.05000 0.05900 0.05600 0.03600 0.01600 0.05700 0.06000 0.05300 0.05000 0.03100 0.05500 0.03900
  1   | 0.13500 0.14500 0.13600 0.14800 0.13700 0.13600 0.13500 0.13700 0.13100 0.13200 0.13100 0.16800 0.10200 0.14400 0.14600
  2   | 0.27700 0.19400 0.22900 0.17700 0.20700 0.16900 0.16100 0.16100 0.24900 0.24800 0.24900 0.21900 0.18400 0.26200 0.24500
  3   | 0.34100 0.28500 0.26100 0.25900 0.26300 0.27500 0.25000 0.24300 0.28500 0.28700 0.28500 0.27600 0.29500 0.35700 0.33500
  4   | 0.42300 0.36800 0.33400 0.32300 0.32000 0.33300 0.32500 0.31800 0.34500 0.34400 0.34500 0.31000 0.32600 0.41800 0.42300
  5   | 0.46800 0.44800 0.39200 0.34800 0.34600 0.35200 0.34500 0.34800 0.37800 0.37700 0.37800 0.38600 0.34400 0.41700 0.47100
  6   | 0.46800 0.46800 0.48100 0.43000 0.40600 0.40700 0.40300 0.40100 0.45400 0.45400 0.45400 0.42500 0.43100 0.43600 0.44400
  7   | 0.50800 0.50800 0.50800 0.48800 0.44300 0.44600 0.42100 0.41600 0.49800 0.49900 0.49600 0.43500 0.54200 0.52100 0.45700
  8   | 0.53900 0.53900 0.53900 0.53900 0.51800 0.54600 0.51800 0.50600 0.52000 0.51300 0.51300 0.49800 0.48000 0.55500 0.54300
  9   | 0.60113 0.59655 0.60648 0.60236 0.60667 0.57598 0.56069 0.53775 0.55768 0.56683 0.55580 0.58635 0.61097 0.64023 0.61360
------+------------------------------------------------------------------------------------------------------------------------
                                               
 
 
        Weights at age in the catches (Kg)
        ----------------------------------
------+------------------------------------------------------------------------------------------------------------------------
AGE   |    1987    1988    1989    1990    1991    1992    1993    1994    1995    1996    1997    1998    1999    2000    2001
------+------------------------------------------------------------------------------------------------------------------------
  0   | 0.07600 0.05500 0.04900 0.08500 0.06800 0.05100 0.06100 0.04600 0.07200 0.05800 0.07600 0.06500 0.06200 0.06300 0.06900
  1   | 0.17900 0.13300 0.13600 0.15600 0.15600 0.16700 0.13400 0.13600 0.14300 0.14300 0.14300 0.15700 0.17600 0.13500 0.17100
  2   | 0.22300 0.25900 0.23700 0.23300 0.25300 0.23900 0.24000 0.25500 0.23400 0.22600 0.23000 0.22700 0.23600 0.22900 0.22300
  3   | 0.31800 0.32300 0.32000 0.33600 0.32700 0.33300 0.31700 0.33900 0.33300 0.31300 0.29500 0.31000 0.30700 0.30800 0.30700
  4   | 0.39900 0.38800 0.37700 0.37900 0.39400 0.39700 0.37600 0.39000 0.39000 0.37700 0.35900 0.35400 0.36100 0.36700 0.37800
  5   | 0.47400 0.45600 0.43300 0.42300 0.42300 0.46000 0.43600 0.44800 0.45200 0.42500 0.41500 0.40800 0.40600 0.42900 0.42600
  6   | 0.51200 0.52400 0.45600 0.46700 0.46900 0.49500 0.48300 0.51200 0.50100 0.48400 0.45300 0.45200 0.45400 0.46700 0.47700
  7   | 0.49300 0.55500 0.54300 0.52800 0.50600 0.53200 0.52700 0.54300 0.53900 0.51800 0.48100 0.46200 0.50100 0.50400 0.49900
  8   | 0.49800 0.55500 0.59200 0.55200 0.55400 0.55500 0.54800 0.59000 0.57700 0.55100 0.52400 0.51800 0.53700 0.53700 0.54300
  9   | 0.61601 0.60354 0.62083 0.62184 0.62953 0.63177 0.60762 0.63197 0.61314 0.59975 0.57622 0.57011 0.59245 0.58736 0.60396
------+------------------------------------------------------------------------------------------------------------------------
                                               
 
 
        Weights at age in the catches (Kg)
        ----------------------------------
------+--------
AGE   |    2002
------+--------
  0   | 0.05200
  1   | 0.15900
  2   | 0.25500
  3   | 0.30700
  4   | 0.36900
  5   | 0.42600
  6   | 0.46400
  7   | 0.51400
  8   | 0.53900
  9   | 0.60942
------+--------
                                               
 
 
 
        Weights at age in the stock (Kg)
        --------------------------------
------+------------------------------------------------------------------------------------------------------------------------
AGE   |    1972    1973    1974    1975    1976    1977    1978    1979    1980    1981    1982    1983    1984    1985    1986
------+------------------------------------------------------------------------------------------------------------------------
  0   | 0.00800 0.00800 0.00800 0.00800 0.00800 0.00800 0.00800 0.00800 0.00800 0.00800 0.00800 0.00800 0.00000 0.00000 0.00000
  1   | 0.13200 0.13200 0.13000 0.12900 0.12800 0.12700 0.11100 0.11000 0.10900 0.08700 0.08600 0.08600 0.08100 0.08500 0.07700
  2   | 0.17800 0.17700 0.17300 0.17100 0.17000 0.16700 0.17500 0.17400 0.17300 0.18600 0.13500 0.17200 0.19400 0.16500 0.17900
  3   | 0.24300 0.24200 0.23800 0.23600 0.23600 0.23300 0.23800 0.23700 0.23600 0.25200 0.22100 0.23500 0.25300 0.29300 0.26700
  4   | 0.41100 0.30100 0.29600 0.29400 0.29300 0.28900 0.30000 0.29900 0.29700 0.31300 0.28000 0.28000 0.29500 0.30600 0.30400
  5   | 0.35500 0.43800 0.32200 0.31800 0.31800 0.31300 0.34600 0.34500 0.34300 0.32300 0.38500 0.33900 0.32400 0.34100 0.35600
  6   | 0.39800 0.39800 0.46900 0.36500 0.36500 0.36100 0.38200 0.38000 0.37900 0.37800 0.35300 0.37700 0.39300 0.38400 0.35100
  7   | 0.43300 0.43300 0.43300 0.49700 0.41900 0.41600 0.41000 0.40800 0.40700 0.41900 0.40800 0.40400 0.43600 0.43000 0.41600
  8   | 0.45900 0.45900 0.45900 0.45900 0.51200 0.44600 0.43200 0.43000 0.42900 0.43400 0.43700 0.43900 0.44100 0.45900 0.47300
  9   | 0.51593 0.51014 0.52161 0.51721 0.51982 0.53191 0.49511 0.49547 0.47179 0.46497 0.47503 0.50627 0.50395 0.54929 0.47173
------+------------------------------------------------------------------------------------------------------------------------
                                               
 
 
        Weights at age in the stock (Kg)
        --------------------------------
------+------------------------------------------------------------------------------------------------------------------------
AGE   |    1987    1988    1989    1990    1991    1992    1993    1994    1995    1996    1997    1998    1999    2000    2001
------+------------------------------------------------------------------------------------------------------------------------
  0   | 0.00000 0.00000 0.00000 0.00000 0.00000 0.00000 0.00000 0.00000 0.00000 0.00000 0.00000 0.00000 0.00000 0.00000 0.00000
  1   | 0.07800 0.07200 0.07600 0.07400 0.07500 0.07800 0.07800 0.07900 0.08100 0.07600 0.07600 0.07700 0.08100 0.07400 0.07800
  2   | 0.14800 0.15600 0.17700 0.13800 0.15500 0.21200 0.19700 0.17800 0.16400 0.13300 0.18600 0.14900 0.19400 0.18500 0.16400
  3   | 0.24000 0.23700 0.24400 0.22200 0.23000 0.25900 0.26800 0.23700 0.26700 0.25100 0.22800 0.22300 0.24200 0.23500 0.24100
  4   | 0.28600 0.30100 0.30600 0.28700 0.30700 0.31000 0.31500 0.30100 0.32600 0.31700 0.29600 0.28500 0.30100 0.28900 0.34200
  5   | 0.37400 0.32900 0.35200 0.33900 0.35700 0.36200 0.36000 0.36100 0.39800 0.36600 0.36100 0.34200 0.35300 0.35000 0.39000
  6   | 0.38600 0.42300 0.38000 0.37300 0.40900 0.40200 0.41600 0.41300 0.44800 0.44400 0.40200 0.40000 0.39600 0.39000 0.44600
  7   | 0.41100 0.44500 0.42900 0.41400 0.43200 0.42400 0.45400 0.46600 0.49100 0.46200 0.44500 0.42600 0.42300 0.42600 0.45900
  8   | 0.42900 0.43200 0.47400 0.40900 0.50200 0.46200 0.46500 0.47000 0.50800 0.50100 0.47800 0.46600 0.44000 0.44700 0.49900
  9   | 0.49292 0.52186 0.49355 0.48787 0.55565 0.51762 0.51975 0.54038 0.56364 0.58438 0.53359 0.52464 0.49388 0.50200 0.56078
------+------------------------------------------------------------------------------------------------------------------------
                                               
 
 
        Weights at age in the stock (Kg)
        --------------------------------
------+--------
AGE   |    2002
------+--------
  0   | 0.00000
  1   | 0.07800
  2   | 0.18100
  3   | 0.23900
  4   | 0.31100
  5   | 0.36400
  6   | 0.41100
  7   | 0.43600
  8   | 0.46200
  9   | 0.52111
------+--------
                                               
 
 
 
        Natural Mortality (per year)
        ----------------------------
------+------------------------------------------------------------------------------------------------------------------------
AGE   |    1972    1973    1974    1975    1976    1977    1978    1979    1980    1981    1982    1983    1984    1985    1986
------+------------------------------------------------------------------------------------------------------------------------
  0   | 0.15000 0.15000 0.15000 0.15000 0.15000 0.15000 0.15000 0.15000 0.15000 0.15000 0.15000 0.15000 0.15000 0.15000 0.15000
  1   | 0.15000 0.15000 0.15000 0.15000 0.15000 0.15000 0.15000 0.15000 0.15000 0.15000 0.15000 0.15000 0.15000 0.15000 0.15000
  2   | 0.15000 0.15000 0.15000 0.15000 0.15000 0.15000 0.15000 0.15000 0.15000 0.15000 0.15000 0.15000 0.15000 0.15000 0.15000
  3   | 0.15000 0.15000 0.15000 0.15000 0.15000 0.15000 0.15000 0.15000 0.15000 0.15000 0.15000 0.15000 0.15000 0.15000 0.15000
  4   | 0.15000 0.15000 0.15000 0.15000 0.15000 0.15000 0.15000 0.15000 0.15000 0.15000 0.15000 0.15000 0.15000 0.15000 0.15000
  5   | 0.15000 0.15000 0.15000 0.15000 0.15000 0.15000 0.15000 0.15000 0.15000 0.15000 0.15000 0.15000 0.15000 0.15000 0.15000
  6   | 0.15000 0.15000 0.15000 0.15000 0.15000 0.15000 0.15000 0.15000 0.15000 0.15000 0.15000 0.15000 0.15000 0.15000 0.15000
  7   | 0.15000 0.15000 0.15000 0.15000 0.15000 0.15000 0.15000 0.15000 0.15000 0.15000 0.15000 0.15000 0.15000 0.15000 0.15000
  8   | 0.15000 0.15000 0.15000 0.15000 0.15000 0.15000 0.15000 0.15000 0.15000 0.15000 0.15000 0.15000 0.15000 0.15000 0.15000
  9   | 0.15000 0.15000 0.15000 0.15000 0.15000 0.15000 0.15000 0.15000 0.15000 0.15000 0.15000 0.15000 0.15000 0.15000 0.15000
------+------------------------------------------------------------------------------------------------------------------------
                                               
 
 
        Natural Mortality (per year)
        ----------------------------
------+------------------------------------------------------------------------------------------------------------------------
AGE   |    1987    1988    1989    1990    1991    1992    1993    1994    1995    1996    1997    1998    1999    2000    2001
------+------------------------------------------------------------------------------------------------------------------------
  0   | 0.15000 0.15000 0.15000 0.15000 0.15000 0.15000 0.15000 0.15000 0.15000 0.15000 0.15000 0.15000 0.15000 0.15000 0.15000
  1   | 0.15000 0.15000 0.15000 0.15000 0.15000 0.15000 0.15000 0.15000 0.15000 0.15000 0.15000 0.15000 0.15000 0.15000 0.15000
  2   | 0.15000 0.15000 0.15000 0.15000 0.15000 0.15000 0.15000 0.15000 0.15000 0.15000 0.15000 0.15000 0.15000 0.15000 0.15000
  3   | 0.15000 0.15000 0.15000 0.15000 0.15000 0.15000 0.15000 0.15000 0.15000 0.15000 0.15000 0.15000 0.15000 0.15000 0.15000
  4   | 0.15000 0.15000 0.15000 0.15000 0.15000 0.15000 0.15000 0.15000 0.15000 0.15000 0.15000 0.15000 0.15000 0.15000 0.15000
  5   | 0.15000 0.15000 0.15000 0.15000 0.15000 0.15000 0.15000 0.15000 0.15000 0.15000 0.15000 0.15000 0.15000 0.15000 0.15000
  6   | 0.15000 0.15000 0.15000 0.15000 0.15000 0.15000 0.15000 0.15000 0.15000 0.15000 0.15000 0.15000 0.15000 0.15000 0.15000
  7   | 0.15000 0.15000 0.15000 0.15000 0.15000 0.15000 0.15000 0.15000 0.15000 0.15000 0.15000 0.15000 0.15000 0.15000 0.15000
  8   | 0.15000 0.15000 0.15000 0.15000 0.15000 0.15000 0.15000 0.15000 0.15000 0.15000 0.15000 0.15000 0.15000 0.15000 0.15000
  9   | 0.15000 0.15000 0.15000 0.15000 0.15000 0.15000 0.15000 0.15000 0.15000 0.15000 0.15000 0.15000 0.15000 0.15000 0.15000
------+------------------------------------------------------------------------------------------------------------------------
                                               
 
 
        Natural Mortality (per year)
        ----------------------------
------+--------
AGE   |    2002
------+--------
  0   | 0.15000
  1   | 0.15000
  2   | 0.15000
  3   | 0.15000
  4   | 0.15000
  5   | 0.15000
  6   | 0.15000
  7   | 0.15000
  8   | 0.15000
  9   | 0.15000
------+--------
                                               
 
 
 
        Proportion of fish spawning
        ---------------------------
------+------------------------------------------------------------------------------------------------------------------------
AGE   |    1972    1973    1974    1975    1976    1977    1978    1979    1980    1981    1982    1983    1984    1985    1986
------+------------------------------------------------------------------------------------------------------------------------
  0   |  0.0000  0.0000  0.0000  0.0000  0.0000  0.0000  0.0000  0.0000  0.0000  0.0000  0.0000  0.0000  0.0000  0.0000  0.0000
  1   |  0.0500  0.0500  0.0500  0.0600  0.0600  0.0600  0.0600  0.0600  0.0600  0.0700  0.0700  0.0700  0.0700  0.0700  0.0700
  2   |  0.5300  0.5400  0.5400  0.5500  0.5500  0.5500  0.5600  0.5600  0.5700  0.5700  0.5700  0.5800  0.5800  0.5800  0.5800
  3   |  0.9000  0.9000  0.9000  0.8900  0.8900  0.8900  0.8900  0.8900  0.8900  0.8800  0.8800  0.8800  0.8800  0.8800  0.8800
  4   |  0.9800  0.9800  0.9800  0.9800  0.9800  0.9800  0.9800  0.9800  0.9800  0.9800  0.9800  0.9800  0.9700  0.9700  0.9700
  5   |  0.9800  0.9800  0.9800  0.9800  0.9800  0.9800  0.9800  0.9800  0.9800  0.9800  0.9800  0.9800  0.9700  0.9700  0.9700
  6   |  0.9900  0.9900  0.9900  0.9900  0.9900  0.9900  0.9900  0.9900  0.9900  0.9900  0.9900  0.9900  0.9900  0.9900  0.9900
  7   |  1.0000  1.0000  1.0000  1.0000  1.0000  1.0000  1.0000  1.0000  1.0000  1.0000  1.0000  1.0000  1.0000  1.0000  1.0000
  8   |  1.0000  1.0000  1.0000  1.0000  1.0000  1.0000  1.0000  1.0000  1.0000  1.0000  1.0000  1.0000  1.0000  1.0000  1.0000
  9   |  1.0000  1.0000  1.0000  1.0000  1.0000  1.0000  1.0000  1.0000  1.0000  1.0000  1.0000  1.0000  1.0000  1.0000  1.0000
------+------------------------------------------------------------------------------------------------------------------------
                                               
 
 
        Proportion of fish spawning
        ---------------------------
------+------------------------------------------------------------------------------------------------------------------------
AGE   |    1987    1988    1989    1990    1991    1992    1993    1994    1995    1996    1997    1998    1999    2000    2001
------+------------------------------------------------------------------------------------------------------------------------
  0   |  0.0000  0.0000  0.0000  0.0000  0.0000  0.0000  0.0000  0.0000  0.0000  0.0000  0.0000  0.0000  0.0000  0.0000  0.0000
  1   |  0.0700  0.0700  0.0700  0.0700  0.0700  0.0700  0.0700  0.0700  0.0700  0.0700  0.0700  0.0700  0.0700  0.0700  0.0700
  2   |  0.5800  0.5800  0.5800  0.5800  0.5800  0.5800  0.5800  0.5800  0.5800  0.5800  0.5800  0.5800  0.5800  0.5800  0.5900
  3   |  0.8800  0.8800  0.8800  0.8800  0.8800  0.8800  0.8800  0.8800  0.8800  0.8800  0.8800  0.8600  0.8600  0.8600  0.8800
  4   |  0.9700  0.9700  0.9700  0.9700  0.9700  0.9700  0.9700  0.9700  0.9700  0.9700  0.9700  0.9800  0.9800  0.9800  0.9700
  5   |  0.9700  0.9700  0.9700  0.9700  0.9700  0.9700  0.9700  0.9700  0.9700  0.9700  0.9700  0.9800  0.9800  0.9800  0.9700
  6   |  0.9900  0.9900  0.9900  0.9900  0.9900  0.9900  0.9900  0.9900  0.9900  0.9900  0.9900  0.9900  0.9900  0.9900  0.9900
  7   |  1.0000  1.0000  1.0000  1.0000  1.0000  1.0000  1.0000  1.0000  1.0000  1.0000  1.0000  1.0000  1.0000  1.0000  1.0000
  8   |  1.0000  1.0000  1.0000  1.0000  1.0000  1.0000  1.0000  1.0000  1.0000  1.0000  1.0000  1.0000  1.0000  1.0000  1.0000
  9   |  1.0000  1.0000  1.0000  1.0000  1.0000  1.0000  1.0000  1.0000  1.0000  1.0000  1.0000  1.0000  1.0000  1.0000  1.0000
------+------------------------------------------------------------------------------------------------------------------------
                                               
 
 
        Proportion of fish spawning
        ---------------------------
------+--------
AGE   |    2002
------+--------
  0   |  0.0000
  1   |  0.0700
  2   |  0.5900
  3   |  0.8800
  4   |  0.9700
  5   |  0.9700
  6   |  0.9900
  7   |  1.0000
  8   |  1.0000
  9   |  1.0000
------+--------
                                               
 
 
 
 INDICES OF SPAWNING BIOMASS                                                    
  
 ----------------------------
 
          INDEX
        -------
------+------------------------------------------------------------------------------------------------------------------------
      |    1972    1973    1974    1975    1976    1977    1978    1979    1980    1981    1982    1983    1984    1985    1986
------+------------------------------------------------------------------------------------------------------------------------
  1   | ******* ******* ******* ******* ******* ******* ******* ******* ******* ******* ******* ******* ******* ******* *******
------+------------------------------------------------------------------------------------------------------------------------
       x 10 ^ 3                                
 
 
          INDEX
        -------
------+------------------------------------------------------------------------------------------------------------------------
      |    1987    1988    1989    1990    1991    1992    1993    1994    1995    1996    1997    1998    1999    2000    2001
------+------------------------------------------------------------------------------------------------------------------------
  1   | *******  265.91  264.71  231.98  247.18  259.52  263.27  257.10  277.22  268.83  270.90  269.27  301.71  319.40  358.48
------+------------------------------------------------------------------------------------------------------------------------
       x 10 ^ 3                                
 
 
          INDEX
        -------
------+--------
      |    2002
------+--------
  1   |  337.81
------+--------
       x 10 ^ 3                                
 
 
 
 AGE-STRUCTURED INDICES                                                         
  
 -----------------------
 
        FLT01: Dummy survey
        -------------------
------+--------------------------------
AGE   |    1981    1982    1983    1984
------+--------------------------------
  1   |  266.10  203.00   43.60   15.24
  2   |  506.40  435.90  712.70   79.51
  3   |  225.10  483.60  444.60  661.83
  4   |   31.70  184.10  391.60  374.60
  5   |  174.80   24.70  130.40  238.20
  6   |  158.50  136.60   20.20   92.00
  7   |   99.50  108.60   91.30   15.54
  8   |  116.60   84.50   70.90   51.47
  9   |   35.30   87.00   47.10   39.27
------+--------------------------------
       x 10 ^ 3                                
 
 
 
        Fishing Mortality (per year)
        ----------------------------
------+------------------------------------------------------------------------------------------------------------------------
AGE   |    1972    1973    1974    1975    1976    1977    1978    1979    1980    1981    1982    1983    1984    1985    1986
------+------------------------------------------------------------------------------------------------------------------------
  0   | 0.00589 0.00892 0.00920 0.00807 0.00610 0.00784 0.00579 0.00644 0.00598 0.00610 0.00887 0.00895 0.00810 0.00755 0.00633
  1   | 0.02230 0.03375 0.03480 0.03054 0.02310 0.02968 0.02189 0.02436 0.02262 0.02308 0.03355 0.03388 0.03064 0.02857 0.02395
  2   | 0.04937 0.07470 0.07702 0.06759 0.05112 0.06570 0.04846 0.05393 0.05006 0.05109 0.07427 0.07498 0.06783 0.06323 0.05302
  3   | 0.09739 0.14738 0.15196 0.13336 0.10086 0.12962 0.09561 0.10640 0.09876 0.10079 0.14652 0.14794 0.13382 0.12475 0.10459
  4   | 0.14889 0.22532 0.23232 0.20388 0.15419 0.19816 0.14617 0.16266 0.15098 0.15409 0.22400 0.22617 0.20458 0.19071 0.15990
  5   | 0.16936 0.25628 0.26424 0.23189 0.17538 0.22539 0.16625 0.18501 0.17172 0.17526 0.25479 0.25725 0.23269 0.21692 0.18187
  6   | 0.19153 0.28984 0.29884 0.26225 0.19834 0.25490 0.18802 0.20924 0.19421 0.19821 0.28814 0.29093 0.26316 0.24533 0.20568
  7   | 0.21943 0.33206 0.34238 0.30046 0.22724 0.29204 0.21541 0.23972 0.22250 0.22709 0.33012 0.33331 0.30150 0.28107 0.23565
  8   | 0.20325 0.30758 0.31713 0.27831 0.21048 0.27050 0.19953 0.22204 0.20610 0.21034 0.30578 0.30874 0.27927 0.26034 0.21827
  9   | 0.20325 0.30758 0.31713 0.27831 0.21048 0.27050 0.19953 0.22204 0.20610 0.21034 0.30578 0.30874 0.27927 0.26034 0.21827
------+------------------------------------------------------------------------------------------------------------------------
                                               
 
 
        Fishing Mortality (per year)
        ----------------------------
------+------------------------------------------------------------------------------------------------------------------------
AGE   |    1987    1988    1989    1990    1991    1992    1993    1994    1995    1996    1997    1998    1999    2000    2001
------+------------------------------------------------------------------------------------------------------------------------
  0   | 0.00853 0.00677 0.00979 0.00850 0.01018 0.00845 0.00993 0.00719 0.00925 0.00849 0.00924 0.00603 0.00559 0.00557 0.00773
  1   | 0.03227 0.02562 0.03707 0.03217 0.03852 0.03196 0.03758 0.02719 0.03500 0.03211 0.03497 0.02281 0.02115 0.02109 0.02925
  2   | 0.07144 0.05670 0.08204 0.07121 0.08525 0.07073 0.08318 0.06019 0.07746 0.07107 0.07739 0.05048 0.04682 0.04667 0.06475
  3   | 0.14096 0.11187 0.16186 0.14050 0.16820 0.13955 0.16410 0.11875 0.15281 0.14021 0.15269 0.09960 0.09237 0.09208 0.12774
  4   | 0.21548 0.17106 0.24747 0.21480 0.25715 0.21336 0.25089 0.18155 0.23363 0.21437 0.23344 0.15227 0.14122 0.14078 0.19530
  5   | 0.24509 0.19453 0.28153 0.24433 0.29248 0.24271 0.28540 0.20652 0.26578 0.24386 0.26556 0.17322 0.16065 0.16015 0.22217
  6   | 0.27718 0.22000 0.31833 0.27639 0.33081 0.27447 0.32275 0.23355 0.30055 0.27577 0.30031 0.19589 0.18167 0.18111 0.25124
  7   | 0.31756 0.25205 0.36471 0.31658 0.37913 0.31443 0.36974 0.26755 0.34431 0.31592 0.34403 0.22441 0.20812 0.20748 0.28782
  8   | 0.29414 0.23347 0.33782 0.29323 0.35105 0.29125 0.34248 0.24783 0.31893 0.29263 0.31867 0.20787 0.19278 0.19218 0.26660
  9   | 0.29414 0.23347 0.33782 0.29323 0.35105 0.29125 0.34248 0.24783 0.31893 0.29263 0.31867 0.20787 0.19278 0.19218 0.26660
------+------------------------------------------------------------------------------------------------------------------------
                                               
 
 
        Fishing Mortality (per year)
        ----------------------------
------+--------
AGE   |    2002
------+--------
  0   | 0.00906
  1   | 0.03428
  2   | 0.07587
  3   | 0.14969
  4   | 0.22886
  5   | 0.26035
  6   | 0.29441
  7   | 0.33728
  8   | 0.31241
  9   | 0.31241
------+--------
                                               
 
 
 
        Population Abundance (1 January)
        --------------------------------
------+------------------------------------------------------------------------------------------------------------------------
AGE   |    1972    1973    1974    1975    1976    1977    1978    1979    1980    1981    1982    1983    1984    1985    1986
------+------------------------------------------------------------------------------------------------------------------------
  0   |  202.55  577.08  345.81  333.66  217.55  518.34  528.87  345.82  361.15  345.82  528.88  438.49  509.24  392.35  481.42
  1   |  491.80  173.31  492.28  294.92  284.87  186.11  442.66  452.58  295.74  308.99  295.84  451.19  374.05  434.77  335.16
  2   |  143.22  413.96  144.22  409.22  246.20  239.59  155.50  372.75  380.16  248.85  259.88  246.23  375.41  312.23  363.67
  3   |  202.76  117.33  330.65  114.93  329.20  201.35  193.11  127.51  303.98  311.23  203.52  207.67  196.62  301.93  252.28
  4   |  137.60  158.32   87.15  244.47   86.57  256.16  152.23  151.05   98.67  237.04  242.20  151.30  154.17  148.04  229.39
  5   |   60.81  102.05  108.78   59.46  171.61   63.87  180.85  113.21  110.50   73.02  174.88  166.62  103.86  108.14  105.29
  6   |   68.97   44.18   67.98   71.88   40.59  123.95   43.88  131.81   80.98   80.10   52.75  116.67  110.88   70.84   74.93
  7   |   12.35   49.01   28.46   43.40   47.60   28.65   82.68   31.29   92.03   57.40   56.55   34.04   75.07   73.36   47.71
  8   |   37.75    8.54   30.27   17.39   27.66   32.64   18.41   57.37   21.19   63.41   39.37   34.99   20.99   47.79   47.67
  9   |   37.51   49.63   32.55   38.05   32.76   37.35   44.96   40.69   65.07   56.11   78.28   71.81   59.77   49.87   57.14
------+------------------------------------------------------------------------------------------------------------------------
       x 10 ^ 6                                
 
 
        Population Abundance (1 January)
        --------------------------------
------+------------------------------------------------------------------------------------------------------------------------
AGE   |    1987    1988    1989    1990    1991    1992    1993    1994    1995    1996    1997    1998    1999    2000    2001
------+------------------------------------------------------------------------------------------------------------------------
  0   |  375.00  392.39  558.88  413.25  482.87  482.85  350.87  752.70  350.87  577.08  456.07  591.67  528.97  558.90  350.83
  1   |  411.75  320.02  335.46  476.35  352.67  411.40  412.10  299.01  643.21  299.22  492.50  388.93  506.19  452.75  478.38
  2   |  281.65  343.14  268.48  278.22  397.01  292.08  342.96  341.61  250.46  534.58  249.40  409.33  327.21  426.57  381.55
  3   |  296.85  225.70  279.06  212.88  223.01  313.79  234.23  271.63  276.85  199.50  428.55  198.67  334.97  268.75  350.41
  4   |  195.57  221.91  173.70  204.30  159.21  162.23  234.90  171.09  207.62  204.52  149.25  316.63  154.79  262.88  210.97
  5   |  168.27  135.70  160.97  116.73  141.85  105.96  112.80  157.32  122.81  141.46  142.07  101.72  234.03  115.68  196.55
  6   |   75.56  113.35   96.15  104.55   78.69   91.13   71.55   72.98  110.14   81.03   95.41   93.76   73.62  171.54   84.83
  7   |   52.50   49.29   78.29   60.20   68.26   48.65   59.61   44.60   49.73   70.19   52.94   60.82   66.34   52.84  123.19
  8   |   32.44   32.89   32.97   46.79   37.75   40.21   30.58   35.45   29.37   30.34   44.05   32.30   41.82   46.37   36.96
  9   |   67.81   60.06   60.61   51.57   57.47   54.30   57.36   50.65   53.03   47.78   45.92   53.15   55.55   65.45   75.12
------+------------------------------------------------------------------------------------------------------------------------
       x 10 ^ 6                                
 
 
        Population Abundance (1 January)
        --------------------------------
------+----------------
AGE   |    2002    2003
------+----------------
  0   |  333.62  479.42
  1   |  299.64  284.56
  2   |  399.87  249.21
  3   |  307.81  319.03
  4   |  265.43  228.11
  5   |  149.37  181.72
  6   |  135.47   99.09
  7   |   56.80   86.86
  8   |   79.51   34.89
  9   |   67.48   92.57
------+----------------
       x 10 ^ 6                                
 
 
 
        Weighting factors for the catches in number
        -------------------------------------------
------+----------------------------------------------------------------------------------------
AGE   |    1992    1993    1994    1995    1996    1997    1998    1999    2000    2001    2002
------+----------------------------------------------------------------------------------------
  0   |  0.0200  0.0200  0.0200  0.0200  0.0200  0.0200  0.0200  0.0200  0.0200  0.0200  0.0200
  1   |  1.0000  1.0000  1.0000  1.0000  1.0000  1.0000  1.0000  1.0000  1.0000  1.0000  1.0000
  2   |  1.0000  1.0000  1.0000  1.0000  1.0000  1.0000  1.0000  1.0000  1.0000  1.0000  1.0000
  3   |  1.0000  1.0000  1.0000  1.0000  1.0000  1.0000  1.0000  1.0000  1.0000  1.0000  1.0000
  4   |  1.0000  1.0000  1.0000  1.0000  1.0000  1.0000  1.0000  1.0000  1.0000  1.0000  1.0000
  5   |  1.0000  1.0000  1.0000  1.0000  1.0000  1.0000  1.0000  1.0000  1.0000  1.0000  1.0000
  6   |  1.0000  1.0000  1.0000  1.0000  1.0000  1.0000  1.0000  1.0000  1.0000  1.0000  1.0000
  7   |  1.0000  1.0000  1.0000  1.0000  1.0000  1.0000  1.0000  1.0000  1.0000  1.0000  1.0000
  8   |  1.0000  1.0000  1.0000  1.0000  1.0000  1.0000  1.0000  1.0000  1.0000  1.0000  1.0000
------+----------------------------------------------------------------------------------------
                                               
 
 
 
 Predicted SSB Index Values                                                     
  
 ---------------------------
 
          INDEX
        -------
------+------------------------------------------------------------------------------------------------------------------------
      |    1972    1973    1974    1975    1976    1977    1978    1979    1980    1981    1982    1983    1984    1985    1986
------+------------------------------------------------------------------------------------------------------------------------
  1   | ******* ******* ******* ******* ******* ******* ******* ******* ******* ******* ******* ******* ******* ******* *******
------+------------------------------------------------------------------------------------------------------------------------
       x 10 ^ 3                                
 
 
          INDEX
        -------
------+------------------------------------------------------------------------------------------------------------------------
      |    1987    1988    1989    1990    1991    1992    1993    1994    1995    1996    1997    1998    1999    2000    2001
------+------------------------------------------------------------------------------------------------------------------------
  1   | *******  265.90  264.72  231.99  247.20  259.54  263.29  257.12  277.23  268.83  270.91  269.27  301.71  319.41  358.51
------+------------------------------------------------------------------------------------------------------------------------
       x 10 ^ 3                                
 
 
          INDEX
        -------
------+--------
      |    2002
------+--------
  1   |  337.83
------+--------
       x 10 ^ 3                                
 
 
 
 Predicted Age-Structured Index Values                                          
  
 --------------------------------------
 
        FLT01: Dummy survey Predicted
        -----------------------------
------+--------------------------------
AGE   |    1981    1982    1983    1984
------+--------------------------------
  1   |   68.14   64.86   98.91   82.14
  2   |  301.96  311.36  294.88  451.36
  3   |  594.11  378.85  386.28  368.57
  4   |  217.66  214.01  133.53  137.69
  5   |   66.43  152.28  144.89   91.54
  6   |   76.77   48.12  106.26  102.55
  7   |   69.60   64.79   38.93   87.38
  8   |  139.40   82.12   72.86   44.43
  9   |   43.43   57.49   52.65   44.54
------+--------------------------------
       x 10 ^ 3                                
 
 
 
        Fitted Selection Pattern
        ------------------------
------+------------------------------------------------------------------------------------------------------------------------
AGE   |    1972    1973    1974    1975    1976    1977    1978    1979    1980    1981    1982    1983    1984    1985    1986
------+------------------------------------------------------------------------------------------------------------------------
  0   |  0.0348  0.0348  0.0348  0.0348  0.0348  0.0348  0.0348  0.0348  0.0348  0.0348  0.0348  0.0348  0.0348  0.0348  0.0348
  1   |  0.1317  0.1317  0.1317  0.1317  0.1317  0.1317  0.1317  0.1317  0.1317  0.1317  0.1317  0.1317  0.1317  0.1317  0.1317
  2   |  0.2915  0.2915  0.2915  0.2915  0.2915  0.2915  0.2915  0.2915  0.2915  0.2915  0.2915  0.2915  0.2915  0.2915  0.2915
  3   |  0.5751  0.5751  0.5751  0.5751  0.5751  0.5751  0.5751  0.5751  0.5751  0.5751  0.5751  0.5751  0.5751  0.5751  0.5751
  4   |  0.8792  0.8792  0.8792  0.8792  0.8792  0.8792  0.8792  0.8792  0.8792  0.8792  0.8792  0.8792  0.8792  0.8792  0.8792
  5   |  1.0000  1.0000  1.0000  1.0000  1.0000  1.0000  1.0000  1.0000  1.0000  1.0000  1.0000  1.0000  1.0000  1.0000  1.0000
  6   |  1.1309  1.1309  1.1309  1.1309  1.1309  1.1309  1.1309  1.1309  1.1309  1.1309  1.1309  1.1309  1.1309  1.1309  1.1309
  7   |  1.2957  1.2957  1.2957  1.2957  1.2957  1.2957  1.2957  1.2957  1.2957  1.2957  1.2957  1.2957  1.2957  1.2957  1.2957
  8   |  1.2002  1.2002  1.2002  1.2002  1.2001  1.2001  1.2001  1.2001  1.2002  1.2002  1.2001  1.2001  1.2001  1.2002  1.2002
  9   |  1.2002  1.2002  1.2002  1.2002  1.2001  1.2001  1.2001  1.2001  1.2002  1.2002  1.2001  1.2001  1.2001  1.2002  1.2002
------+------------------------------------------------------------------------------------------------------------------------
                                               
 
 
        Fitted Selection Pattern
        ------------------------
------+------------------------------------------------------------------------------------------------------------------------
AGE   |    1987    1988    1989    1990    1991    1992    1993    1994    1995    1996    1997    1998    1999    2000    2001
------+------------------------------------------------------------------------------------------------------------------------
  0   |  0.0348  0.0348  0.0348  0.0348  0.0348  0.0348  0.0348  0.0348  0.0348  0.0348  0.0348  0.0348  0.0348  0.0348  0.0348
  1   |  0.1317  0.1317  0.1317  0.1317  0.1317  0.1317  0.1317  0.1317  0.1317  0.1317  0.1317  0.1317  0.1317  0.1317  0.1317
  2   |  0.2915  0.2915  0.2914  0.2915  0.2915  0.2914  0.2914  0.2914  0.2914  0.2914  0.2914  0.2914  0.2914  0.2914  0.2914
  3   |  0.5752  0.5751  0.5749  0.5750  0.5751  0.5750  0.5750  0.5750  0.5750  0.5750  0.5750  0.5750  0.5750  0.5750  0.5750
  4   |  0.8792  0.8793  0.8790  0.8791  0.8792  0.8791  0.8791  0.8791  0.8791  0.8791  0.8791  0.8791  0.8791  0.8791  0.8791
  5   |  1.0000  1.0000  1.0000  1.0000  1.0000  1.0000  1.0000  1.0000  1.0000  1.0000  1.0000  1.0000  1.0000  1.0000  1.0000
  6   |  1.1309  1.1309  1.1307  1.1312  1.1310  1.1309  1.1309  1.1309  1.1309  1.1309  1.1309  1.1309  1.1309  1.1309  1.1309
  7   |  1.2957  1.2957  1.2954  1.2957  1.2963  1.2955  1.2955  1.2955  1.2955  1.2955  1.2955  1.2955  1.2955  1.2955  1.2955
  8   |  1.2002  1.2002  1.1999  1.2001  1.2003  1.2000  1.2000  1.2000  1.2000  1.2000  1.2000  1.2000  1.2000  1.2000  1.2000
  9   |  1.2002  1.2002  1.1999  1.2001  1.2003  1.2000  1.2000  1.2000  1.2000  1.2000  1.2000  1.2000  1.2000  1.2000  1.2000
------+------------------------------------------------------------------------------------------------------------------------
                                               
 
 
        Fitted Selection Pattern
        ------------------------
------+--------
AGE   |    2002
------+--------
  0   |  0.0348
  1   |  0.1317
  2   |  0.2914
  3   |  0.5750
  4   |  0.8791
  5   |  1.0000
  6   |  1.1309
  7   |  1.2955
  8   |  1.2000
  9   |  1.2000
------+--------
                                               
 
 
 
 
 
                    STOCK SUMMARY                                             
 
 
 ³ Year ³  Recruits  ³  Total  ³ Spawning³ Landings ³ Yield ³ Mean F ³ SoP ³    
 ³      ³   Age   0  ³ Biomass ³ Biomass ³          ³ /SSB  ³  Ages  ³     ³ 
 ³      ³  thousands ³  tonnes ³ tonnes  ³ tonnes   ³ ratio ³  4- 7  ³ (%) ³ 
 
   1972       202550    288918    183630     34509   0.1879   0.1823   100
   1973       577070    289557    193790     51076   0.2636   0.2759    99
   1974       345810    306307    190927     51634   0.2704   0.2844    99
   1975       333650    304063    199345     45824   0.2299   0.2496    99
   1976       217540    303634    211699     36350   0.1717   0.1888    99
   1977       518340    299817    215575     50328   0.2335   0.2426   100
   1978       528860    315652    217750     36601   0.1681   0.1790   100
   1979       345810    339535    225575     41473   0.1839   0.1992    99
   1980       361140    347781    245589     46117   0.1878   0.1849    99
   1981       345820    360084    266383     49622   0.1863   0.1887   100
   1982       528870    340958    248267     71128   0.2865   0.2743   100
   1983       438490    341764    236729     66232   0.2798   0.2769   100
   1984       509230    347687    243113     58473   0.2405   0.2505   100
   1985       392350    367192    260226     63862   0.2454   0.2335   100
   1986       481410    361131    263945     55431   0.2100   0.1958   100
   1987       375000    361995    260893     77253   0.2961   0.2638   100
   1988       392390    356937    265880     62813   0.2362   0.2094   100
   1989       558880    366589    264696     86719   0.3276   0.3030   100
   1990       413240    327325    231972     71972   0.3103   0.2630    99
   1991       482860    351352    247177     83433   0.3375   0.3149    99
   1992       482840    367877    259513     70514   0.2717   0.2612    99
   1993       350870    377941    263268     80174   0.3045   0.3072   100
   1994       752690    352050    257092     61472   0.2391   0.2223    99
   1995       350860    402231    277208     80369   0.2899   0.2861   100
   1996       577080    372054    268807     71510   0.2660   0.2625   100
   1997       456070    384460    270880     76344   0.2818   0.2858    99
   1998       591660    366614    269249     52544   0.1952   0.1864   100
   1999       528960    417804    301683     53608   0.1777   0.1729   100
   2000       558900    435026    319379     58200   0.1822   0.1724   100
   2001       350820    488087    358473     84998   0.2371   0.2391    99
   2002       333610    458570    337802     96759   0.2864   0.2802   100
 
 -----------------------------------------------------------------            
 No of years for separable analysis : 11                                      
 Age range in the analysis : 0  . . . 9                                       
 Year range in the analysis : 1972  . . . 2002                                
 Number of indices of SSB : 1                                                 
 Number of age-structured indices : 1                                         
                                                                              
 Parameters to estimate : 47                                                  
 Number of observations : 150                                                 
                                                                              
 Conventional single selection vector model to be fitted.                     
                                                                              
                                                                              
                                                                              
 -----------------------------------------------------------------            
 
 
 PARAMETER ESTIMATES                                                            
  
 
 ³Parm.³      ³ Maximum ³    ³        ³         ³         ³         ³ Mean of ³ 
  
 ³ No. ³      ³ Likelh. ³ CV ³  Lower ³ Upper   ³  -s.e.  ³   +s.e. ³ Param.  ³ 
  
 ³     ³      ³ Estimate³ (%)³ 95% CL ³ 95% CL  ³         ³         ³ Distrib.³ 
  
 Separable model : F by year                                                    
  
    1   1992     0.1846   0    0.1846    0.1846    0.1846    0.1846    0.1846
    2   1993     0.2138   0    0.2138    0.2138    0.2138    0.2138    0.2138
    3   1994     0.1534   0    0.1534    0.1534    0.1534    0.1534    0.1534
    4   1995     0.1974   0    0.1974    0.1974    0.1974    0.1974    0.1974
    5   1996     0.1826   0    0.1826    0.1826    0.1826    0.1826    0.1826
    6   1997     0.2033   0    0.2033    0.2033    0.2033    0.2033    0.2033
    7   1998     0.1385   0    0.1385    0.1385    0.1385    0.1385    0.1385
    8   1999     0.1371   0    0.1371    0.1371    0.1371    0.1371    0.1371
    9   2000     0.1470   0    0.1470    0.1470    0.1470    0.1470    0.1470
   10   2001     0.2193   0    0.2193    0.2193    0.2193    0.2193    0.2193
   11   2002     0.2753   0    0.2753    0.2753    0.2753    0.2753    0.2753
 
 Separable Model: Selection (S) by age                                          
  
   12      0     0.0432   0    0.0432    0.0432    0.0432    0.0432    0.0432
   13      1     0.1498   0    0.1498    0.1498    0.1498    0.1498    0.1498
   14      2     0.3121   0    0.3121    0.3121    0.3121    0.3121    0.3121
   15      3     0.5932   0    0.5932    0.5932    0.5932    0.5932    0.5932
   16      4     0.8873   0    0.8873    0.8873    0.8873    0.8873    0.8873
           5     1.0000     Fixed : Reference Age             
   17      6     1.1351   0    1.1351    1.1351    1.1351    1.1351    1.1351
   18      7     1.2022   0    1.2022    1.2022    1.2022    1.2022    1.2022
           8     1.2000     Fixed : Last true age             
 
 Separable model: Populations in year 2002                                    
   19      0     254501   0     254501    254501    254501    254501    254501
   20      1     247079   0     247079    247079    247079    247079    247079
   21      2     353139   0     353139    353139    353139    353139    353139
   22      3     289242   0     289242    289242    289242    289242    289242
   23      4     263940   0     263940    263940    263940    263940    263940
   24      5     156460   0     156460    156460    156460    156460    156460
   25      6     148830   0     148830    148830    148830    148830    148830
   26      7      65758   0      65758     65758     65758     65758     65758
   27      8      99893   0      99893     99893     99893     99893     99893
 
Separable model: Populations at age
   28   1992      60372   0      60372     60372     60372     60372     60372
   29   1993      45821   0      45821     45821     45821     45821     45821
   30   1994      54236   0      54236     54236     54236     54236     54236
   31   1995      45123   0      45123     45123     45123     45123     45123
   32   1996      48087   0      48087     48087     48087     48087     48087
   33   1997      70517   0      70517     70517     70517     70517     70517
   34   1998      51980   0      51980     51980     51980     51980     51980
   35   1999      64199   0      64199     64199     64199     64199     64199
   36   2000      66794   0      66794     66794     66794     66794     66794
   37   2001      49833   0      49833     49833     49833     49833     49833
 
 SSB Index catchabilities                                                       
  
   INDEX                                 
 Linear model fitted. Slopes at age :                                           
  
   38   1  Q  .7888       0 .7888     .7888     .7888     .7888     .7888    
 
 
 
 Age-structured index catchabilities                                            
  
                                        FLT01: Dummy survey                     
 
 Linear model fitted. Slopes at age :                                           
  
   39   1  Q  .2296       0 .2296     .2296     .2296     .2296     .2296    
   40   2  Q  1.288       0 1.288     1.288     1.288     1.288     1.288    
   41   3  Q  2.086       0 2.086     2.086     2.086     2.086     2.086    
   42   4  Q  1.032       0 1.032     1.032     1.032     1.032     1.032    
   43   5  Q  1.031       0 1.031     1.031     1.031     1.031     1.031    
   44   6  Q  1.095       0 1.095     1.095     1.095     1.095     1.095    
   45   7  Q  1.395       0 1.395     1.395     1.395     1.395     1.395    
   46   8  Q  2.460       0 2.460     2.460     2.460     2.460     2.460    
   47   9  Q  .8662       0 .8662     .8662     .8662     .8662     .8662    
 
 
 
 RESIDUALS ABOUT THE MODEL FIT                                                  
  
 ------------------------------
 
        Separable Model Residuals
        -------------------------
------+----------------------------------------------------------------------------------------
Age   |    1992    1993    1994    1995    1996    1997    1998    1999    2000    2001    2002
------+----------------------------------------------------------------------------------------
  0   | ******* ******* ******* ******* ******* ******* ******* ******* ******* ******* *******
  1   | ******* ******* ******* ******* ******* ******* ******* ******* ******* ******* *******
  2   | ******* ******* ******* ******* ******* ******* ******* ******* ******* ******* *******
  3   | ******* ******* ******* ******* ******* ******* ******* ******* ******* ******* *******
  4   | ******* ******* ******* ******* ******* ******* ******* ******* ******* ******* *******
  5   | ******* ******* ******* ******* ******* ******* ******* ******* ******* ******* *******
  6   | ******* ******* ******* ******* ******* ******* ******* ******* ******* ******* *******
  7   | ******* ******* ******* ******* ******* ******* ******* ******* ******* ******* *******
  8   | ******* ******* ******* ******* ******* ******* ******* ******* ******* ******* *******
------+----------------------------------------------------------------------------------------
                                               
 
 
 
 SPAWNING BIOMASS INDEX RESIDUALS                                               
  
 ---------------------------------
 
          INDEX
        -------
------+------------------------------------------------------------------------------------------------------------------------
      |    1972    1973    1974    1975    1976    1977    1978    1979    1980    1981    1982    1983    1984    1985    1986
------+------------------------------------------------------------------------------------------------------------------------
  1   | ******* ******* ******* ******* ******* ******* ******* ******* ******* ******* ******* ******* ******* ******* *******
------+------------------------------------------------------------------------------------------------------------------------
                                               
 
 
          INDEX
        -------
------+------------------------------------------------------------------------------------------------------------------------
      |    1987    1988    1989    1990    1991    1992    1993    1994    1995    1996    1997    1998    1999    2000    2001
------+------------------------------------------------------------------------------------------------------------------------
  1   | ******* ******* ******* ******* ******* ******* ******* ******* ******* ******* ******* ******* ******* ******* *******
------+------------------------------------------------------------------------------------------------------------------------
                                               
 
 
          INDEX
        -------
------+--------
      |    2002
------+--------
  1   | *******
------+--------
                                               
 
 
 
 AGE-STRUCTURED INDEX RESIDUALS                                                 
  
 -------------------------------
 
        FLT01: Dummy survey
        -------------------
------+--------------------------------
Age   |    1981    1982    1983    1984
------+--------------------------------
  1   |   1.362   1.141  -0.819  -1.685
  2   |   0.517   0.336   0.882  -1.736
  3   |  -0.971   0.244   0.141   0.585
  4   |  -1.927  -0.151   1.076   1.001
  5   |   0.968  -1.819  -0.105   0.956
  6   |   0.725   1.043  -1.660  -0.109
  7   |   0.357   0.517   0.852  -1.727
  8   |  -0.179   0.029  -0.027   0.147
  9   |  -0.207   0.414  -0.111  -0.126
------+--------------------------------
                                               
 
 
 
 
 
 
 PARAMETERS OF THE DISTRIBUTION OF ln(CATCHES AT AGE)                           
  
 -----------------------------------------------------
 
 Separable model fitted from 1992  to 2002                                    
 Variance                             0.0000
Skewness test stat.                  -4.0664
Kurtosis test statistic              -0.0818
Partial chi-square                    0.0000
Significance in fit                   0.0000
Degrees of freedom                        62
 
 
 PARAMETERS OF DISTRIBUTIONS OF THE SSB INDICES                                 
  
 -----------------------------------------------
 
 
   DISTRIBUTION STATISTICS FOR   INDEX                                          
 
 
 Linear catchability relationship assumed                                       
  
 Last age is a plus-group                                                       
  
 
 Variance                             0.0000
Skewness test stat.                  -2.1791
Kurtosis test statistic              -0.7980
Partial chi-square                    0.0000
Significance in fit                   0.0000
Number of observations                    15
Degrees of freedom                        14
Weight in the analysis                5.0000
 
 PARAMETERS OF THE DISTRIBUTION OF THE AGE-STRUCTURED INDICES                   
  
 ------------------------------------------------------------ 
 
 
   DISTRIBUTION STATISTICS FOR FLT01: Dummy survey                              
 
 
 Linear catchability relationship assumed                                       
  
 
 Age                          1         2         3         4         5         6         7         8         9
 Variance                0.0025    0.0015    0.0005    0.0022    0.0019    0.0016    0.0015    0.0000    0.0001
Skewness test stat.     -0.1249   -0.8371   -0.7137   -0.5600   -0.5888   -0.5448   -0.8540   -0.3174    0.8028
Kurtosis test statisti  -0.7235   -0.3081   -0.3394   -0.4668   -0.4514   -0.4545   -0.3026   -0.4248   -0.3467
Partial chi-square       0.0007    0.0004    0.0001    0.0005    0.0005    0.0004    0.0004    0.0000    0.0000
Significance in fit      0.0000    0.0000    0.0000    0.0000    0.0000    0.0000    0.0000    0.0000    0.0000
Number of observations        4         4         4         4         4         4         4         4         4
Degrees of freedom            3         3         3         3         3         3         3         3         3
Weight in the analysis   0.0011    0.0011    0.0011    0.0011    0.0011    0.0011    0.0011    0.0011    0.0011
 
 ANALYSIS OF VARIANCE                   
--------------------------
 
 Unweighted Statistics                                                          
  
 
                                                                                
  
Variance                              
                                       SSQ     Data    Parameters d.f. Variance
Total for model                        32.0521     150         47  103   0.3112
Catches at age                          0.0000      99         37   62   0.0000
  
SSB Indices                           
  INDEX                                 0.0000      15          1   14   0.0000
  
 Aged Indices                                                                   
  
FLT01: Dummy survey                    32.0521      36          9   27   1.1871
 
 
 Weighted Statistics                                                            
  
 
                                                                                
  
Variance                              
                                       SSQ     Data    Parameters d.f. Variance
Total for model                         0.0000     150         47  103   0.0000
Catches at age                          0.0000      99         37   62   0.0000
  
SSB Indices                           
  INDEX                                 0.0000      15          1   14   0.0000
  
 Aged Indices                                                                   
  
FLT01: Dummy survey                     0.0000      36          9   27   0.0000
 
