 Output Generated by ICA Version 1.4                                            
  
 ------------------------------------
 
        Mackerel NE Atlantic  WG2003
        ----------------------------
 
        Catch in Number
        ---------------
------+------------------------------------------------------------------------------------------------------------------------
AGE   |    1972    1973    1974    1975    1976    1977    1978    1979    1980    1981    1982    1983    1984    1985    1986
------+------------------------------------------------------------------------------------------------------------------------
  0   |   5408.   2795.   1762.   2855.    514.   2759.   3988.   2493.   5690.   4841.   2855.   3574.   4620.   3502.   3500.
  1   |   4643.  14008.  13387.   4216.   6855.   2384.  10352.   7764.  15265.  15419.  12835.   9405.   9969.  20581.  12280.
  2   |  31409.   6860.  38086.  18190.   5792.  18129.   5072.  11496.  26958.  23373.  23227.  24060.  14960.  25212.  40741.
  3   |  28695.  39622.  15790.  43885.  21460.  13090.  32613.   4812.  33734.  34677.  29862.  37033.  32655.  32039.  41853.
  4   |  24205.  26441.  66206.  13154.  38094.  35617.  17030.  22565.  10247.  31011.  32072.  34663.  36705.  50752.  38025.
  5   |  26612.  15848.  31458.  38838.   8154.  45359.  32811.   8337.  34299.   6583.  20242.  26453.  24425.  40577.  42263.
  6   |  19854.  16890.  18232.  17809.  23412.   9435.  40336.  15560.  12253.  21159.   4149.  16161.  18066.  26105.  32457.
  7   |   3325.  12394.  19045.  10101.  10598.  26707.   8209.  18803.  22408.   7354.  13058.   3253.  10855.  18924.  20316.
  8   |   3887.   1659.  11255.   8403.   4807.   9741.  18638.   3046.  21882.  10705.   3621.   8202.   1747.   9147.  11780.
  9   |  12402.   7895.   9129.   9028.   8122.  12403.  16559.  13413.  19135.  20501.  15733.  11415.  11068.   9492.  11248.
------+------------------------------------------------------------------------------------------------------------------------
       x 10 ^ 3                                
 
 
        Catch in Number
        ---------------
------+------------------------------------------------------------------------------------------------------------------------
AGE   |    1987    1988    1989    1990    1991    1992    1993    1994    1995    1996    1997    1998    1999    2000    2001
------+------------------------------------------------------------------------------------------------------------------------
  0   |   3138.   4510.   3062.   4881.   2308.   3020.   3968.   2590.   2254.   1461.   3021.   4996.   1756.   3987.   2369.
  1   |   7566.  14856.   8172.  15615.  10320.  11534.   7411.   9611.  10254.   8342.   3709.  14636.   9254.   9810.   9560.
  2   |  15072.  20284.  15319.  23689.  18801.  29283.  16071.  10265.  21755.  21601.  12077.  10202.  15456.  29377.  13361.
  3   |  42368.  34069.  17795.  37683.  24296.  45187.  34568.  19090.  19911.  38995.  26710.  28136.   9194.  41620.  33917.
  4   |  31402.  69156.  21656.  31885.  28090.  42427.  38529.  30159.  27264.  26023.  35231.  45200.  18460.  18036.  34729.
  5   |  20031.  36361.  30912.  27710.  16784.  34963.  25461.  23975.  30914.  25379.  16706.  42472.  20941.  25887.  10594.
  6   |  21464.  22377.  15698.  38301.  14108.  20208.  20239.  15394.  23905.  27876.  15794.  19479.  19045.  28440.  14672.
  7   |  16115.  23442.   9466.  19096.  19135.  16656.  11442.  12070.  15154.  21179.  17066.  18057.   8578.  25394.  15771.
  8   |   8017.  14166.   7869.   9284.   7594.  18206.   7512.   5455.   9558.  10778.  10360.  15716.   6321.   9233.  11214.
  9   |   9565.  15606.  10788.  18907.  11434.  18357.  16816.  11683.  13842.  16796.  13061.  22097.  13743.  21716.  13712.
------+------------------------------------------------------------------------------------------------------------------------
       x 10 ^ 3                                
 
 
        Catch in Number
        ---------------
------+--------
AGE   |    2002
------+--------
  0   |   2590.
  1   |   7254.
  2   |  16697.
  3   |  19919.
  4   |  36967.
  5   |  26960.
  6   |   7976.
  7   |  10868.
  8   |   9358.
  9   |  14675.
------+--------
       x 10 ^ 3                                
 
 
 
        Predicted Catch in Number
        -------------------------
------+----------------------------------------------------------------------------------------
AGE   |    1992    1993    1994    1995    1996    1997    1998    1999    2000    2001    2002
------+----------------------------------------------------------------------------------------
  0   |   3020.   3968.   2590.   2254.   1461.   3021.   4997.   1756.   3987.   2368.   2590.
  1   |  11534.   7411.   9611.  10254.   8342.   3709.  14635.   9255.   9810.   9559.   7254.
  2   |  29281.  16072.  10265.  21755.  21600.  12077.  10201.  15454.  29381.  13359.  16697.
  3   |  45183.  34569.  19091.  19912.  38994.  26708.  28134.   9194.  41615.  33917.  19918.
  4   |  42423.  38531.  30162.  27266.  26024.  35230.  45198.  18459.  18035.  34722.  36974.
  5   |  34959.  25462.  23977.  30917.  25382.  16707.  42474.  20941.  25886.  10593.  26960.
  6   |  20206.  20239.  15394.  23906.  27877.  15796.  19480.  19045.  28439.  14670.   7976.
  7   |  16655.  11443.  12070.  15154.  21179.  17067.  18059.   8579.  25394.  15769.  10868.
  8   |  18218.   7512.   5455.   9557.  10777.  10359.  15716.   6321.   9233.  11212.   9358.
------+----------------------------------------------------------------------------------------
       x 10 ^ 3                                
 
 
 
        Weights at age in the catches (Kg)
        ----------------------------------
------+------------------------------------------------------------------------------------------------------------------------
AGE   |    1972    1973    1974    1975    1976    1977    1978    1979    1980    1981    1982    1983    1984    1985    1986
------+------------------------------------------------------------------------------------------------------------------------
  0   | 0.05200 0.05000 0.05100 0.05000 0.05900 0.05600 0.03600 0.01600 0.05700 0.06000 0.05300 0.05000 0.03100 0.05500 0.03900
  1   | 0.13500 0.14500 0.13600 0.14800 0.13700 0.13600 0.13500 0.13700 0.13100 0.13200 0.13100 0.16800 0.10200 0.14400 0.14600
  2   | 0.27700 0.19400 0.22900 0.17700 0.20700 0.16900 0.16100 0.16100 0.24900 0.24800 0.24900 0.21900 0.18400 0.26200 0.24500
  3   | 0.34100 0.28500 0.26100 0.25900 0.26300 0.27500 0.25000 0.24300 0.28500 0.28700 0.28500 0.27600 0.29500 0.35700 0.33500
  4   | 0.42300 0.36800 0.33400 0.32300 0.32000 0.33300 0.32500 0.31800 0.34500 0.34400 0.34500 0.31000 0.32600 0.41800 0.42300
  5   | 0.46800 0.44800 0.39200 0.34800 0.34600 0.35200 0.34500 0.34800 0.37800 0.37700 0.37800 0.38600 0.34400 0.41700 0.47100
  6   | 0.46800 0.46800 0.48100 0.43000 0.40600 0.40700 0.40300 0.40100 0.45400 0.45400 0.45400 0.42500 0.43100 0.43600 0.44400
  7   | 0.50800 0.50800 0.50800 0.48800 0.44300 0.44600 0.42100 0.41600 0.49800 0.49900 0.49600 0.43500 0.54200 0.52100 0.45700
  8   | 0.53900 0.53900 0.53900 0.53900 0.51800 0.54600 0.51800 0.50600 0.52000 0.51300 0.51300 0.49800 0.48000 0.55500 0.54300
  9   | 0.59620 0.60122 0.61754 0.59977 0.59140 0.58362 0.56913 0.53488 0.57133 0.55803 0.56328 0.59400 0.61188 0.64323 0.62264
------+------------------------------------------------------------------------------------------------------------------------
                                               
 
 
        Weights at age in the catches (Kg)
        ----------------------------------
------+------------------------------------------------------------------------------------------------------------------------
AGE   |    1987    1988    1989    1990    1991    1992    1993    1994    1995    1996    1997    1998    1999    2000    2001
------+------------------------------------------------------------------------------------------------------------------------
  0   | 0.07600 0.05500 0.04900 0.08500 0.06800 0.05100 0.06100 0.04600 0.07200 0.05800 0.07600 0.06500 0.06200 0.06300 0.06900
  1   | 0.17900 0.13300 0.13600 0.15600 0.15600 0.16700 0.13400 0.13600 0.14300 0.14300 0.14300 0.15700 0.17600 0.13500 0.17100
  2   | 0.22300 0.25900 0.23700 0.23300 0.25300 0.23900 0.24000 0.25500 0.23400 0.22600 0.23000 0.22700 0.23600 0.22900 0.22300
  3   | 0.31800 0.32300 0.32000 0.33600 0.32700 0.33300 0.31700 0.33900 0.33300 0.31300 0.29500 0.31000 0.30700 0.30800 0.30700
  4   | 0.39900 0.38800 0.37700 0.37900 0.39400 0.39700 0.37600 0.39000 0.39000 0.37700 0.35900 0.35400 0.36100 0.36700 0.37800
  5   | 0.47400 0.45600 0.43300 0.42300 0.42300 0.46000 0.43600 0.44800 0.45200 0.42500 0.41500 0.40800 0.40600 0.42900 0.42600
  6   | 0.51200 0.52400 0.45600 0.46700 0.46900 0.49500 0.48300 0.51200 0.50100 0.48400 0.45300 0.45200 0.45400 0.46700 0.47700
  7   | 0.49300 0.55500 0.54300 0.52800 0.50600 0.53200 0.52700 0.54300 0.53900 0.51800 0.48100 0.46200 0.50100 0.50400 0.49900
  8   | 0.49800 0.55500 0.59200 0.55200 0.55400 0.55500 0.54800 0.59000 0.57700 0.55100 0.52400 0.51800 0.53700 0.53700 0.54300
  9   | 0.61672 0.59215 0.60464 0.61446 0.63557 0.63279 0.60433 0.62903 0.61751 0.60203 0.57481 0.57055 0.59384 0.59108 0.60959
------+------------------------------------------------------------------------------------------------------------------------
                                               
 
 
        Weights at age in the catches (Kg)
        ----------------------------------
------+--------
AGE   |    2002
------+--------
  0   | 0.05200
  1   | 0.15900
  2   | 0.25500
  3   | 0.30700
  4   | 0.36900
  5   | 0.42600
  6   | 0.46400
  7   | 0.51400
  8   | 0.53900
  9   | 0.60781
------+--------
                                               
 
 
 
        Weights at age in the stock (Kg)
        --------------------------------
------+------------------------------------------------------------------------------------------------------------------------
AGE   |    1972    1973    1974    1975    1976    1977    1978    1979    1980    1981    1982    1983    1984    1985    1986
------+------------------------------------------------------------------------------------------------------------------------
  0   | 0.00800 0.00800 0.00800 0.00800 0.00800 0.00800 0.00800 0.00800 0.00800 0.00800 0.00800 0.00800 0.00000 0.00000 0.00000
  1   | 0.13200 0.13200 0.13000 0.12900 0.12800 0.12700 0.11100 0.11000 0.10900 0.08700 0.08600 0.08600 0.08100 0.08500 0.07700
  2   | 0.17800 0.17700 0.17300 0.17100 0.17000 0.16700 0.17500 0.17400 0.17300 0.18600 0.13500 0.17200 0.19400 0.16500 0.17900
  3   | 0.24300 0.24200 0.23800 0.23600 0.23600 0.23300 0.23800 0.23700 0.23600 0.25200 0.22100 0.23500 0.25300 0.29300 0.26700
  4   | 0.41100 0.30100 0.29600 0.29400 0.29300 0.28900 0.30000 0.29900 0.29700 0.31300 0.28000 0.28000 0.29500 0.30600 0.30400
  5   | 0.35500 0.43800 0.32200 0.31800 0.31800 0.31300 0.34600 0.34500 0.34300 0.32300 0.38500 0.33900 0.32400 0.34100 0.35600
  6   | 0.39800 0.39800 0.46900 0.36500 0.36500 0.36100 0.38200 0.38000 0.37900 0.37800 0.35300 0.37700 0.39300 0.38400 0.35100
  7   | 0.43300 0.43300 0.43300 0.49700 0.41900 0.41600 0.41000 0.40800 0.40700 0.41900 0.40800 0.40400 0.43600 0.43000 0.41600
  8   | 0.45900 0.45900 0.45900 0.45900 0.51200 0.44600 0.43200 0.43000 0.42900 0.43400 0.43700 0.43900 0.44100 0.45900 0.47300
  9   | 0.50962 0.51628 0.53285 0.51326 0.50531 0.52940 0.49971 0.48145 0.49439 0.47452 0.47961 0.51582 0.50681 0.55720 0.47058
------+------------------------------------------------------------------------------------------------------------------------
                                               
 
 
        Weights at age in the stock (Kg)
        --------------------------------
------+------------------------------------------------------------------------------------------------------------------------
AGE   |    1987    1988    1989    1990    1991    1992    1993    1994    1995    1996    1997    1998    1999    2000    2001
------+------------------------------------------------------------------------------------------------------------------------
  0   | 0.00000 0.00000 0.00000 0.00000 0.00000 0.00000 0.00000 0.00000 0.00000 0.00000 0.00000 0.00000 0.00000 0.00000 0.00000
  1   | 0.07800 0.07200 0.07600 0.07400 0.07500 0.07800 0.07800 0.07900 0.08100 0.07600 0.07600 0.07700 0.08100 0.07400 0.07800
  2   | 0.14800 0.15600 0.17700 0.13800 0.15500 0.21200 0.19700 0.17800 0.16400 0.13300 0.18600 0.14900 0.19400 0.18500 0.16400
  3   | 0.24000 0.23700 0.24400 0.22200 0.23000 0.25900 0.26800 0.23700 0.26700 0.25100 0.22800 0.22300 0.24200 0.23500 0.24100
  4   | 0.28600 0.30100 0.30600 0.28700 0.30700 0.31000 0.31500 0.30100 0.32600 0.31700 0.29600 0.28500 0.30100 0.28900 0.34200
  5   | 0.37400 0.32900 0.35200 0.33900 0.35700 0.36200 0.36000 0.36100 0.39800 0.36600 0.36100 0.34200 0.35300 0.35000 0.39000
  6   | 0.38600 0.42300 0.38000 0.37300 0.40900 0.40200 0.41600 0.41300 0.44800 0.44400 0.40200 0.40000 0.39600 0.39000 0.44600
  7   | 0.41100 0.44500 0.42900 0.41400 0.43200 0.42400 0.45400 0.46600 0.49100 0.46200 0.44500 0.42600 0.42300 0.42600 0.45900
  8   | 0.42900 0.43200 0.47400 0.40900 0.50200 0.46200 0.46500 0.47000 0.50800 0.50100 0.47800 0.46600 0.44000 0.44700 0.49900
  9   | 0.49532 0.50330 0.48035 0.48274 0.56038 0.52153 0.51301 0.54075 0.57118 0.58636 0.53345 0.52514 0.49441 0.50442 0.56906
------+------------------------------------------------------------------------------------------------------------------------
                                               
 
 
        Weights at age in the stock (Kg)
        --------------------------------
------+--------
AGE   |    2002
------+--------
  0   | 0.00000
  1   | 0.07800
  2   | 0.18100
  3   | 0.23900
  4   | 0.31100
  5   | 0.36400
  6   | 0.41100
  7   | 0.43600
  8   | 0.46200
  9   | 0.51932
------+--------
                                               
 
 
 
        Natural Mortality (per year)
        ----------------------------
------+------------------------------------------------------------------------------------------------------------------------
AGE   |    1972    1973    1974    1975    1976    1977    1978    1979    1980    1981    1982    1983    1984    1985    1986
------+------------------------------------------------------------------------------------------------------------------------
  0   | 0.15000 0.15000 0.15000 0.15000 0.15000 0.15000 0.15000 0.15000 0.15000 0.15000 0.15000 0.15000 0.15000 0.15000 0.15000
  1   | 0.15000 0.15000 0.15000 0.15000 0.15000 0.15000 0.15000 0.15000 0.15000 0.15000 0.15000 0.15000 0.15000 0.15000 0.15000
  2   | 0.15000 0.15000 0.15000 0.15000 0.15000 0.15000 0.15000 0.15000 0.15000 0.15000 0.15000 0.15000 0.15000 0.15000 0.15000
  3   | 0.15000 0.15000 0.15000 0.15000 0.15000 0.15000 0.15000 0.15000 0.15000 0.15000 0.15000 0.15000 0.15000 0.15000 0.15000
  4   | 0.15000 0.15000 0.15000 0.15000 0.15000 0.15000 0.15000 0.15000 0.15000 0.15000 0.15000 0.15000 0.15000 0.15000 0.15000
  5   | 0.15000 0.15000 0.15000 0.15000 0.15000 0.15000 0.15000 0.15000 0.15000 0.15000 0.15000 0.15000 0.15000 0.15000 0.15000
  6   | 0.15000 0.15000 0.15000 0.15000 0.15000 0.15000 0.15000 0.15000 0.15000 0.15000 0.15000 0.15000 0.15000 0.15000 0.15000
  7   | 0.15000 0.15000 0.15000 0.15000 0.15000 0.15000 0.15000 0.15000 0.15000 0.15000 0.15000 0.15000 0.15000 0.15000 0.15000
  8   | 0.15000 0.15000 0.15000 0.15000 0.15000 0.15000 0.15000 0.15000 0.15000 0.15000 0.15000 0.15000 0.15000 0.15000 0.15000
  9   | 0.15000 0.15000 0.15000 0.15000 0.15000 0.15000 0.15000 0.15000 0.15000 0.15000 0.15000 0.15000 0.15000 0.15000 0.15000
------+------------------------------------------------------------------------------------------------------------------------
                                               
 
 
        Natural Mortality (per year)
        ----------------------------
------+------------------------------------------------------------------------------------------------------------------------
AGE   |    1987    1988    1989    1990    1991    1992    1993    1994    1995    1996    1997    1998    1999    2000    2001
------+------------------------------------------------------------------------------------------------------------------------
  0   | 0.15000 0.15000 0.15000 0.15000 0.15000 0.15000 0.15000 0.15000 0.15000 0.15000 0.15000 0.15000 0.15000 0.15000 0.15000
  1   | 0.15000 0.15000 0.15000 0.15000 0.15000 0.15000 0.15000 0.15000 0.15000 0.15000 0.15000 0.15000 0.15000 0.15000 0.15000
  2   | 0.15000 0.15000 0.15000 0.15000 0.15000 0.15000 0.15000 0.15000 0.15000 0.15000 0.15000 0.15000 0.15000 0.15000 0.15000
  3   | 0.15000 0.15000 0.15000 0.15000 0.15000 0.15000 0.15000 0.15000 0.15000 0.15000 0.15000 0.15000 0.15000 0.15000 0.15000
  4   | 0.15000 0.15000 0.15000 0.15000 0.15000 0.15000 0.15000 0.15000 0.15000 0.15000 0.15000 0.15000 0.15000 0.15000 0.15000
  5   | 0.15000 0.15000 0.15000 0.15000 0.15000 0.15000 0.15000 0.15000 0.15000 0.15000 0.15000 0.15000 0.15000 0.15000 0.15000
  6   | 0.15000 0.15000 0.15000 0.15000 0.15000 0.15000 0.15000 0.15000 0.15000 0.15000 0.15000 0.15000 0.15000 0.15000 0.15000
  7   | 0.15000 0.15000 0.15000 0.15000 0.15000 0.15000 0.15000 0.15000 0.15000 0.15000 0.15000 0.15000 0.15000 0.15000 0.15000
  8   | 0.15000 0.15000 0.15000 0.15000 0.15000 0.15000 0.15000 0.15000 0.15000 0.15000 0.15000 0.15000 0.15000 0.15000 0.15000
  9   | 0.15000 0.15000 0.15000 0.15000 0.15000 0.15000 0.15000 0.15000 0.15000 0.15000 0.15000 0.15000 0.15000 0.15000 0.15000
------+------------------------------------------------------------------------------------------------------------------------
                                               
 
 
        Natural Mortality (per year)
        ----------------------------
------+--------
AGE   |    2002
------+--------
  0   | 0.15000
  1   | 0.15000
  2   | 0.15000
  3   | 0.15000
  4   | 0.15000
  5   | 0.15000
  6   | 0.15000
  7   | 0.15000
  8   | 0.15000
  9   | 0.15000
------+--------
                                               
 
 
 
        Proportion of fish spawning
        ---------------------------
------+------------------------------------------------------------------------------------------------------------------------
AGE   |    1972    1973    1974    1975    1976    1977    1978    1979    1980    1981    1982    1983    1984    1985    1986
------+------------------------------------------------------------------------------------------------------------------------
  0   |  0.0000  0.0000  0.0000  0.0000  0.0000  0.0000  0.0000  0.0000  0.0000  0.0000  0.0000  0.0000  0.0000  0.0000  0.0000
  1   |  0.0500  0.0500  0.0500  0.0600  0.0600  0.0600  0.0600  0.0600  0.0600  0.0700  0.0700  0.0700  0.0700  0.0700  0.0700
  2   |  0.5300  0.5400  0.5400  0.5500  0.5500  0.5500  0.5600  0.5600  0.5700  0.5700  0.5700  0.5800  0.5800  0.5800  0.5800
  3   |  0.9000  0.9000  0.9000  0.8900  0.8900  0.8900  0.8900  0.8900  0.8900  0.8800  0.8800  0.8800  0.8800  0.8800  0.8800
  4   |  0.9800  0.9800  0.9800  0.9800  0.9800  0.9800  0.9800  0.9800  0.9800  0.9800  0.9800  0.9800  0.9700  0.9700  0.9700
  5   |  0.9800  0.9800  0.9800  0.9800  0.9800  0.9800  0.9800  0.9800  0.9800  0.9800  0.9800  0.9800  0.9700  0.9700  0.9700
  6   |  0.9900  0.9900  0.9900  0.9900  0.9900  0.9900  0.9900  0.9900  0.9900  0.9900  0.9900  0.9900  0.9900  0.9900  0.9900
  7   |  1.0000  1.0000  1.0000  1.0000  1.0000  1.0000  1.0000  1.0000  1.0000  1.0000  1.0000  1.0000  1.0000  1.0000  1.0000
  8   |  1.0000  1.0000  1.0000  1.0000  1.0000  1.0000  1.0000  1.0000  1.0000  1.0000  1.0000  1.0000  1.0000  1.0000  1.0000
  9   |  1.0000  1.0000  1.0000  1.0000  1.0000  1.0000  1.0000  1.0000  1.0000  1.0000  1.0000  1.0000  1.0000  1.0000  1.0000
------+------------------------------------------------------------------------------------------------------------------------
                                               
 
 
        Proportion of fish spawning
        ---------------------------
------+------------------------------------------------------------------------------------------------------------------------
AGE   |    1987    1988    1989    1990    1991    1992    1993    1994    1995    1996    1997    1998    1999    2000    2001
------+------------------------------------------------------------------------------------------------------------------------
  0   |  0.0000  0.0000  0.0000  0.0000  0.0000  0.0000  0.0000  0.0000  0.0000  0.0000  0.0000  0.0000  0.0000  0.0000  0.0000
  1   |  0.0700  0.0700  0.0700  0.0700  0.0700  0.0700  0.0700  0.0700  0.0700  0.0700  0.0700  0.0700  0.0700  0.0700  0.0700
  2   |  0.5800  0.5800  0.5800  0.5800  0.5800  0.5800  0.5800  0.5800  0.5800  0.5800  0.5800  0.5800  0.5800  0.5800  0.5900
  3   |  0.8800  0.8800  0.8800  0.8800  0.8800  0.8800  0.8800  0.8800  0.8800  0.8800  0.8800  0.8600  0.8600  0.8600  0.8800
  4   |  0.9700  0.9700  0.9700  0.9700  0.9700  0.9700  0.9700  0.9700  0.9700  0.9700  0.9700  0.9800  0.9800  0.9800  0.9700
  5   |  0.9700  0.9700  0.9700  0.9700  0.9700  0.9700  0.9700  0.9700  0.9700  0.9700  0.9700  0.9800  0.9800  0.9800  0.9700
  6   |  0.9900  0.9900  0.9900  0.9900  0.9900  0.9900  0.9900  0.9900  0.9900  0.9900  0.9900  0.9900  0.9900  0.9900  0.9900
  7   |  1.0000  1.0000  1.0000  1.0000  1.0000  1.0000  1.0000  1.0000  1.0000  1.0000  1.0000  1.0000  1.0000  1.0000  1.0000
  8   |  1.0000  1.0000  1.0000  1.0000  1.0000  1.0000  1.0000  1.0000  1.0000  1.0000  1.0000  1.0000  1.0000  1.0000  1.0000
  9   |  1.0000  1.0000  1.0000  1.0000  1.0000  1.0000  1.0000  1.0000  1.0000  1.0000  1.0000  1.0000  1.0000  1.0000  1.0000
------+------------------------------------------------------------------------------------------------------------------------
                                               
 
 
        Proportion of fish spawning
        ---------------------------
------+--------
AGE   |    2002
------+--------
  0   |  0.0000
  1   |  0.0700
  2   |  0.5900
  3   |  0.8800
  4   |  0.9700
  5   |  0.9700
  6   |  0.9900
  7   |  1.0000
  8   |  1.0000
  9   |  1.0000
------+--------
                                               
 
 
 
 INDICES OF SPAWNING BIOMASS                                                    
  
 ----------------------------
 
          INDEX
        -------
------+------------------------------------------------------------------------------------------------------------------------
      |    1972    1973    1974    1975    1976    1977    1978    1979    1980    1981    1982    1983    1984    1985    1986
------+------------------------------------------------------------------------------------------------------------------------
  1   | ******* ******* ******* ******* ******* ******* ******* ******* ******* ******* ******* ******* ******* ******* *******
------+------------------------------------------------------------------------------------------------------------------------
       x 10 ^ 3                                
 
 
          INDEX
        -------
------+------------------------------------------------------------------------------------------------------------------------
      |    1987    1988    1989    1990    1991    1992    1993    1994    1995    1996    1997    1998    1999    2000    2001
------+------------------------------------------------------------------------------------------------------------------------
  1   | *******  290.40  286.88  269.14  296.41  323.50  318.86  305.05  335.28  322.99  305.09  269.54  267.63  270.37  287.63
------+------------------------------------------------------------------------------------------------------------------------
       x 10 ^ 3                                
 
 
          INDEX
        -------
------+--------
      |    2002
------+--------
  1   |  276.81
------+--------
       x 10 ^ 3                                
 
 
 
 AGE-STRUCTURED INDICES                                                         
  
 -----------------------
 
        FLT01: Dummy survey
        -------------------
------+--------------------------------
AGE   |    1981    1982    1983    1984
------+--------------------------------
  1   |  266.10  203.00   43.60   15.24
  2   |  506.40  435.90  712.70   79.51
  3   |  225.10  483.60  444.60  661.83
  4   |   31.70  184.10  391.60  374.60
  5   |  174.80   24.70  130.40  238.20
  6   |  158.50  136.60   20.20   92.00
  7   |   99.50  108.60   91.30   15.54
  8   |  116.60   84.50   70.90   51.47
  9   |   35.30   87.00   47.10   39.27
------+--------------------------------
       x 10 ^ 3                                
 
 
 
        Fishing Mortality (per year)
        ----------------------------
------+------------------------------------------------------------------------------------------------------------------------
AGE   |    1972    1973    1974    1975    1976    1977    1978    1979    1980    1981    1982    1983    1984    1985    1986
------+------------------------------------------------------------------------------------------------------------------------
  0   | 0.00777 0.00627 0.00941 0.00704 0.00526 0.00760 0.00893 0.00542 0.01041 0.00885 0.00733 0.00755 0.00657 0.00917 0.01010
  1   | 0.02939 0.02373 0.03562 0.02663 0.01989 0.02877 0.03381 0.02050 0.03939 0.03349 0.02776 0.02857 0.02486 0.03468 0.03823
  2   | 0.06504 0.05253 0.07885 0.05894 0.04402 0.06367 0.07484 0.04538 0.08719 0.07412 0.06143 0.06323 0.05502 0.07678 0.08459
  3   | 0.12833 0.10364 0.15556 0.11628 0.08685 0.12562 0.14765 0.08953 0.17201 0.14624 0.12120 0.12474 0.10855 0.15148 0.16693
  4   | 0.19618 0.15845 0.23781 0.17777 0.13277 0.19205 0.22573 0.13687 0.26297 0.22357 0.18529 0.19070 0.16595 0.23158 0.25520
  5   | 0.22314 0.18022 0.27049 0.20220 0.15102 0.21844 0.25674 0.15568 0.29911 0.25429 0.21075 0.21690 0.18875 0.26340 0.29027
  6   | 0.25235 0.20381 0.30590 0.22867 0.17079 0.24703 0.29035 0.17606 0.33826 0.28758 0.23834 0.24530 0.21346 0.29788 0.32827
  7   | 0.28911 0.23350 0.35046 0.26197 0.19566 0.28301 0.33264 0.20170 0.38753 0.32947 0.27305 0.28103 0.24454 0.34127 0.37608
  8   | 0.26778 0.21627 0.32460 0.24265 0.18123 0.26214 0.30810 0.18682 0.35894 0.30516 0.25291 0.26030 0.22651 0.31609 0.34833
  9   | 0.26778 0.21627 0.32460 0.24265 0.18123 0.26214 0.30810 0.18682 0.35894 0.30516 0.25291 0.26030 0.22651 0.31609 0.34833
------+------------------------------------------------------------------------------------------------------------------------
                                               
 
 
        Fishing Mortality (per year)
        ----------------------------
------+------------------------------------------------------------------------------------------------------------------------
AGE   |    1987    1988    1989    1990    1991    1992    1993    1994    1995    1996    1997    1998    1999    2000    2001
------+------------------------------------------------------------------------------------------------------------------------
  0   | 0.00682 0.01014 0.00573 0.00915 0.00603 0.00945 0.00725 0.00546 0.00674 0.00780 0.00617 0.00936 0.00540 0.00946 0.00709
  1   | 0.02583 0.03837 0.02168 0.03463 0.02283 0.03575 0.02743 0.02068 0.02552 0.02951 0.02335 0.03544 0.02045 0.03578 0.02681
  2   | 0.05716 0.08493 0.04799 0.07664 0.05053 0.07912 0.06071 0.04577 0.05649 0.06533 0.05168 0.07844 0.04526 0.07920 0.05935
  3   | 0.11274 0.16757 0.09469 0.15121 0.09970 0.15610 0.11978 0.09031 0.11145 0.12888 0.10196 0.15476 0.08930 0.15626 0.11709
  4   | 0.17240 0.25608 0.14476 0.23117 0.15243 0.23865 0.18312 0.13806 0.17039 0.19704 0.15588 0.23660 0.13653 0.23890 0.17901
  5   | 0.19609 0.29136 0.16457 0.26294 0.17337 0.27146 0.20829 0.15704 0.19382 0.22413 0.17731 0.26913 0.15530 0.27174 0.20362
  6   | 0.22176 0.32950 0.18618 0.29719 0.19607 0.30700 0.23556 0.17760 0.21919 0.25346 0.20053 0.30436 0.17563 0.30731 0.23028
  7   | 0.25406 0.37749 0.21330 0.34063 0.22446 0.35172 0.26988 0.20348 0.25112 0.29039 0.22974 0.34870 0.20121 0.35208 0.26383
  8   | 0.23532 0.34964 0.19757 0.31550 0.20802 0.32575 0.24995 0.18845 0.23258 0.26895 0.21278 0.32296 0.18636 0.32609 0.24435
  9   | 0.23532 0.34964 0.19757 0.31550 0.20802 0.32575 0.24995 0.18845 0.23258 0.26895 0.21278 0.32296 0.18636 0.32609 0.24435
------+------------------------------------------------------------------------------------------------------------------------
                                               
 
 
        Fishing Mortality (per year)
        ----------------------------
------+--------
AGE   |    2002
------+--------
  0   | 0.00677
  1   | 0.02562
  2   | 0.05671
  3   | 0.11189
  4   | 0.17106
  5   | 0.19457
  6   | 0.22004
  7   | 0.25210
  8   | 0.23349
  9   | 0.23349
------+--------
                                               
 
 
 
        Population Abundance (1 January)
        --------------------------------
------+------------------------------------------------------------------------------------------------------------------------
AGE   |    1972    1973    1974    1975    1976    1977    1978    1979    1980    1981    1982    1983    1984    1985    1986
------+------------------------------------------------------------------------------------------------------------------------
  0   |  752.84  481.39  202.56  438.50  105.69  392.36  482.83  496.89  591.63  591.63  420.78  511.73  760.05  413.19  374.96
  1   |  172.59  642.96  411.75  172.71  374.78   90.49  335.15  411.88  425.37  503.95  504.74  359.52  437.14  649.90  352.39
  2   |  536.66  144.25  540.42  341.99  144.75  316.22   75.68  278.87  347.31  351.98  419.47  422.54  300.73  367.01  540.30
  3   |  256.17  432.82  117.80  429.88  277.51  119.22  255.38   60.44  229.38  273.97  281.31  339.53  341.40  244.98  292.54
  4   |  145.97  193.93  335.86   86.78  329.38  218.98   90.50  189.64   47.57  166.23  203.73  214.49  257.96  263.62  181.22
  5   |  142.89  103.26  142.46  227.89   62.53  248.25  155.55   62.16  142.34   31.47  114.41  145.69  152.56  188.08  179.99
  6   |   95.56   98.39   74.22   93.56  160.24   46.28  171.74  103.57   45.79   90.84   21.01   79.76  100.95  108.72  124.40
  7   |   14.21   63.91   69.07   47.04   64.07  116.27   31.11  110.57   74.75   28.10   58.65   14.25   53.72   70.19   69.47
  8   |   17.76    9.16   43.55   41.88   31.16   45.34   75.40   19.20   77.79   43.67   17.40   38.42    9.26   36.21   42.94
  9   |   56.66   43.60   35.32   44.99   52.65   57.73   66.99   84.56   68.02   83.63   75.58   53.46   58.64   37.57   41.00
------+------------------------------------------------------------------------------------------------------------------------
       x 10 ^ 6                                
 
 
        Population Abundance (1 January)
        --------------------------------
------+------------------------------------------------------------------------------------------------------------------------
AGE   |    1987    1988    1989    1990    1991    1992    1993    1994    1995    1996    1997    1998    1999    2000    2001
------+------------------------------------------------------------------------------------------------------------------------
  0   |  496.85  481.37  577.10  577.13  413.24  345.84  591.64  511.72  361.16  202.57  528.90  577.27  350.90  456.17  361.22
  1   |  319.49  424.74  410.14  493.88  492.22  353.54  294.87  505.55  438.04  308.77  173.00  452.43  492.23  300.40  388.93
  2   |  291.93  267.97  351.81  345.44  410.62  414.09  293.61  246.93  426.22  367.52  258.03  145.47  375.85  415.09  249.47
  3   |  427.32  237.30  211.87  288.62  275.39  336.01  329.30  237.82  203.03  346.70  296.33  210.90  115.76  309.18  330.06
  4   |  213.08  328.58  172.74  165.88  213.55  214.53  247.41  251.44  187.02  156.32  262.33  230.33  155.50   91.12  227.62
  5   |  120.85  154.36  218.92  128.64  113.31  157.82  145.45  177.31  188.51  135.75  110.48  193.20  156.47  116.76   61.76
  6   |  115.89   85.49   99.28  159.83   85.12   82.00  103.54  101.65  130.43  133.66   93.38   79.64  127.05  115.31   76.58
  7   |   77.11   79.91   52.93   70.93  102.20   60.22   51.92   70.42   73.25   90.17   89.29   65.77   50.56   91.74   72.99
  8   |   41.05   51.48   47.15   36.80   43.43   70.28   36.46   34.12   49.45   49.05   58.05   61.07   39.94   35.59   55.53
  9   |   48.98   56.71   64.64   74.95   65.39   70.82   81.63   73.08   71.62   76.44   73.19   85.87   86.84   83.70   67.90
------+------------------------------------------------------------------------------------------------------------------------
       x 10 ^ 6                                
 
 
        Population Abundance (1 January)
        --------------------------------
------+----------------
AGE   |    2002    2003
------+----------------
  0   |  413.28  316.55
  1   |  308.71  353.32
  2   |  325.90  258.99
  3   |  202.35  265.04
  4   |  252.70  155.72
  5   |  163.80  183.30
  6   |   43.37  116.06
  7   |   52.36   29.95
  8   |   48.25   35.02
  9   |   75.67   84.45
------+----------------
       x 10 ^ 6                                
 
 
 
        Weighting factors for the catches in number
        -------------------------------------------
------+----------------------------------------------------------------------------------------
AGE   |    1992    1993    1994    1995    1996    1997    1998    1999    2000    2001    2002
------+----------------------------------------------------------------------------------------
  0   |  0.0200  0.0200  0.0200  0.0200  0.0200  0.0200  0.0200  0.0200  0.0200  0.0200  0.0200
  1   |  1.0000  1.0000  1.0000  1.0000  1.0000  1.0000  1.0000  1.0000  1.0000  1.0000  1.0000
  2   |  1.0000  1.0000  1.0000  1.0000  1.0000  1.0000  1.0000  1.0000  1.0000  1.0000  1.0000
  3   |  1.0000  1.0000  1.0000  1.0000  1.0000  1.0000  1.0000  1.0000  1.0000  1.0000  1.0000
  4   |  1.0000  1.0000  1.0000  1.0000  1.0000  1.0000  1.0000  1.0000  1.0000  1.0000  1.0000
  5   |  1.0000  1.0000  1.0000  1.0000  1.0000  1.0000  1.0000  1.0000  1.0000  1.0000  1.0000
  6   |  1.0000  1.0000  1.0000  1.0000  1.0000  1.0000  1.0000  1.0000  1.0000  1.0000  1.0000
  7   |  1.0000  1.0000  1.0000  1.0000  1.0000  1.0000  1.0000  1.0000  1.0000  1.0000  1.0000
  8   |  1.0000  1.0000  1.0000  1.0000  1.0000  1.0000  1.0000  1.0000  1.0000  1.0000  1.0000
------+----------------------------------------------------------------------------------------
                                               
 
 
 
 Predicted SSB Index Values                                                     
  
 ---------------------------
 
          INDEX
        -------
------+------------------------------------------------------------------------------------------------------------------------
      |    1972    1973    1974    1975    1976    1977    1978    1979    1980    1981    1982    1983    1984    1985    1986
------+------------------------------------------------------------------------------------------------------------------------
  1   | ******* ******* ******* ******* ******* ******* ******* ******* ******* ******* ******* ******* ******* ******* *******
------+------------------------------------------------------------------------------------------------------------------------
       x 10 ^ 3                                
 
 
          INDEX
        -------
------+------------------------------------------------------------------------------------------------------------------------
      |    1987    1988    1989    1990    1991    1992    1993    1994    1995    1996    1997    1998    1999    2000    2001
------+------------------------------------------------------------------------------------------------------------------------
  1   | *******  290.42  286.89  269.14  296.41  323.50  318.84  305.04  335.27  322.98  305.08  269.54  267.63  270.38  287.67
------+------------------------------------------------------------------------------------------------------------------------
       x 10 ^ 3                                
 
 
          INDEX
        -------
------+--------
      |    2002
------+--------
  1   |  276.85
------+--------
       x 10 ^ 3                                
 
 
 
 Predicted Age-Structured Index Values                                          
  
 --------------------------------------
 
        FLT01: Dummy survey Predicted
        -----------------------------
------+--------------------------------
AGE   |    1981    1982    1983    1984
------+--------------------------------
  1   |   87.00   87.41   62.24   75.83
  2   |  316.19  379.46  381.86  273.01
  3   |  372.66  387.94  467.32  474.10
  4   |  134.26  168.06  176.40  215.07
  5   |   35.09  130.66  165.83  176.35
  6   |  112.96   26.84  101.51  130.74
  7   |   51.11  110.05   26.62  102.39
  8   |  144.77   59.35  130.55   32.05
  9   |   59.29   55.14   38.85   43.41
------+--------------------------------
       x 10 ^ 3                                
 
 
 
        Fitted Selection Pattern
        ------------------------
------+------------------------------------------------------------------------------------------------------------------------
AGE   |    1972    1973    1974    1975    1976    1977    1978    1979    1980    1981    1982    1983    1984    1985    1986
------+------------------------------------------------------------------------------------------------------------------------
  0   |  0.0348  0.0348  0.0348  0.0348  0.0348  0.0348  0.0348  0.0348  0.0348  0.0348  0.0348  0.0348  0.0348  0.0348  0.0348
  1   |  0.1317  0.1317  0.1317  0.1317  0.1317  0.1317  0.1317  0.1317  0.1317  0.1317  0.1317  0.1317  0.1317  0.1317  0.1317
  2   |  0.2915  0.2915  0.2915  0.2915  0.2915  0.2915  0.2915  0.2915  0.2915  0.2915  0.2915  0.2915  0.2915  0.2915  0.2914
  3   |  0.5751  0.5751  0.5751  0.5751  0.5751  0.5751  0.5751  0.5751  0.5751  0.5751  0.5751  0.5751  0.5751  0.5751  0.5751
  4   |  0.8792  0.8792  0.8792  0.8792  0.8792  0.8792  0.8792  0.8792  0.8792  0.8792  0.8792  0.8792  0.8792  0.8792  0.8792
  5   |  1.0000  1.0000  1.0000  1.0000  1.0000  1.0000  1.0000  1.0000  1.0000  1.0000  1.0000  1.0000  1.0000  1.0000  1.0000
  6   |  1.1309  1.1309  1.1309  1.1309  1.1309  1.1309  1.1309  1.1309  1.1309  1.1309  1.1309  1.1309  1.1309  1.1309  1.1309
  7   |  1.2956  1.2956  1.2956  1.2956  1.2956  1.2956  1.2956  1.2956  1.2956  1.2956  1.2956  1.2956  1.2956  1.2956  1.2956
  8   |  1.2001  1.2001  1.2001  1.2001  1.2001  1.2001  1.2001  1.2001  1.2001  1.2001  1.2001  1.2001  1.2001  1.2000  1.2000
  9   |  1.2001  1.2001  1.2001  1.2001  1.2001  1.2001  1.2001  1.2001  1.2001  1.2001  1.2001  1.2001  1.2001  1.2000  1.2000
------+------------------------------------------------------------------------------------------------------------------------
                                               
 
 
        Fitted Selection Pattern
        ------------------------
------+------------------------------------------------------------------------------------------------------------------------
AGE   |    1987    1988    1989    1990    1991    1992    1993    1994    1995    1996    1997    1998    1999    2000    2001
------+------------------------------------------------------------------------------------------------------------------------
  0   |  0.0348  0.0348  0.0348  0.0348  0.0348  0.0348  0.0348  0.0348  0.0348  0.0348  0.0348  0.0348  0.0348  0.0348  0.0348
  1   |  0.1317  0.1317  0.1318  0.1317  0.1317  0.1317  0.1317  0.1317  0.1317  0.1317  0.1317  0.1317  0.1317  0.1317  0.1317
  2   |  0.2915  0.2915  0.2916  0.2915  0.2915  0.2915  0.2915  0.2915  0.2915  0.2915  0.2915  0.2915  0.2915  0.2915  0.2915
  3   |  0.5750  0.5751  0.5753  0.5751  0.5751  0.5750  0.5750  0.5750  0.5750  0.5750  0.5750  0.5750  0.5750  0.5750  0.5750
  4   |  0.8792  0.8789  0.8796  0.8792  0.8792  0.8791  0.8791  0.8791  0.8791  0.8791  0.8791  0.8791  0.8791  0.8791  0.8791
  5   |  1.0000  1.0000  1.0000  1.0000  1.0000  1.0000  1.0000  1.0000  1.0000  1.0000  1.0000  1.0000  1.0000  1.0000  1.0000
  6   |  1.1309  1.1309  1.1313  1.1303  1.1309  1.1309  1.1309  1.1309  1.1309  1.1309  1.1309  1.1309  1.1309  1.1309  1.1309
  7   |  1.2956  1.2956  1.2961  1.2955  1.2947  1.2957  1.2957  1.2957  1.2957  1.2957  1.2957  1.2957  1.2957  1.2957  1.2957
  8   |  1.2000  1.2000  1.2005  1.1999  1.1999  1.2000  1.2000  1.2000  1.2000  1.2000  1.2000  1.2000  1.2000  1.2000  1.2000
  9   |  1.2000  1.2000  1.2005  1.1999  1.1999  1.2000  1.2000  1.2000  1.2000  1.2000  1.2000  1.2000  1.2000  1.2000  1.2000
------+------------------------------------------------------------------------------------------------------------------------
                                               
 
 
        Fitted Selection Pattern
        ------------------------
------+--------
AGE   |    2002
------+--------
  0   |  0.0348
  1   |  0.1317
  2   |  0.2915
  3   |  0.5750
  4   |  0.8791
  5   |  1.0000
  6   |  1.1309
  7   |  1.2957
  8   |  1.2000
  9   |  1.2000
------+--------
                                               
 
 
 
 
 
                    STOCK SUMMARY                                             
 
 
 ³ Year ³  Recruits  ³  Total  ³ Spawning³ Landings ³ Yield ³ Mean F ³ SoP ³    
 ³      ³   Age   0  ³ Biomass ³ Biomass ³          ³ /SSB  ³  Ages  ³     ³ 
 ³      ³  thousands ³  tonnes ³ tonnes  ³ tonnes   ³ ratio ³  4- 7  ³ (%) ³ 
 
   1972       752830    378510    260192     62556   0.2404   0.2402    99
   1973       481380    416140    271710     51466   0.1894   0.1940   100
   1974       202560    425488    277602     79346   0.2858   0.2912    99
   1975       438500    383544    280664     55649   0.1983   0.2176   100
   1976       105680    383197    281555     44317   0.1574   0.1626    99
   1977       392350    352066    267106     63278   0.2369   0.2351    99
   1978       482820    340471    244563     66156   0.2705   0.2764    99
   1979       496890    323711    223579     36977   0.1654   0.1676    99
   1980       591630    343040    221125     74184   0.3355   0.3220    99
   1981       591630    350027    230452     61432   0.2666   0.2737    99
   1982       420780    341856    231639     53923   0.2328   0.2269    99
   1983       511730    377192    264755     57354   0.2166   0.2335   100
   1984       760040    402547    291988     55195   0.1890   0.2032    99
   1985       413180    441862    302073     91759   0.3038   0.2835   100
   1986       374950    433295    302509     99017   0.3273   0.3125   100
   1987       496850    395118    297093     69277   0.2332   0.2111    99
   1988       481370    400816    290415    103734   0.3572   0.3136   100
   1989       577100    388887    286888     55616   0.1939   0.1772   100
   1990       577120    379726    269140     89549   0.3327   0.2830    99
   1991       413230    407320    296410     60408   0.2038   0.1866    99
   1992       345840    453925    323497     97636   0.3018   0.2922    99
   1993       591630    424863    318836     71723   0.2250   0.2242   100
   1994       511710    410296    305038     58021   0.1902   0.1690    99
   1995       361160    456017    335265     72163   0.2152   0.2086   100
   1996       202570    429007    322983     79475   0.2461   0.2413   100
   1997       528890    390298    305080     59298   0.1944   0.1909    99
   1998       577260    368689    269538     84886   0.3149   0.2897   100
   1999       350900    375048    267625     47874   0.1789   0.1672   100
   2000       456160    381056    270379     82721   0.3059   0.2925    99
   2001       361220    386732    287665     62146   0.2160   0.2192    99
   2002       413280    371882    276854     60037   0.2169   0.2094    99
 
 -----------------------------------------------------------------            
 No of years for separable analysis : 11                                      
 Age range in the analysis : 0  . . . 9                                       
 Year range in the analysis : 1972  . . . 2002                                
 Number of indices of SSB : 1                                                 
 Number of age-structured indices : 1                                         
                                                                              
 Parameters to estimate : 46                                                  
 Number of observations : 150                                                 
                                                                              
 Conventional single selection vector model to be fitted.                     
                                                                              
                                                                              
                                                                              
 -----------------------------------------------------------------            
 
 
 PARAMETER ESTIMATES                                                            
  
 
 ³Parm.³      ³ Maximum ³    ³        ³         ³         ³         ³ Mean of ³ 
  
 ³ No. ³      ³ Likelh. ³ CV ³  Lower ³ Upper   ³  -s.e.  ³   +s.e. ³ Param.  ³ 
  
 ³     ³      ³ Estimate³ (%)³ 95% CL ³ 95% CL  ³         ³         ³ Distrib.³ 
  
 Separable model : F by year                                                    
  
    1   1992     0.2091   0    0.2091    0.2091    0.2091    0.2091    0.2091
    2   1993     0.1606   0    0.1606    0.1606    0.1606    0.1606    0.1606
    3   1994     0.1231   0    0.1231    0.1231    0.1231    0.1231    0.1231
    4   1995     0.1566   0    0.1566    0.1566    0.1566    0.1566    0.1566
    5   1996     0.1886   0    0.1886    0.1886    0.1886    0.1886    0.1886
    6   1997     0.1584   0    0.1584    0.1584    0.1584    0.1584    0.1584
    7   1998     0.2598   1    0.2547    0.2649    0.2572    0.2624    0.2598
    8   1999     0.1648 100    0.0232    1.1699    0.0606    0.4480    0.2717
    9   2000     0.3237   0    0.3236    0.3237    0.3236    0.3237    0.3237
   10   2001     0.2773   0    0.2773    0.2773    0.2773    0.2773    0.2773
   11   2002     0.3060   0    0.3060    0.3060    0.3060    0.3060    0.3060
 
 Separable Model: Selection (S) by age                                          
  
   12      0     0.0478   0    0.0478    0.0478    0.0478    0.0478    0.0478
   13      1     0.1610   0    0.1610    0.1610    0.1610    0.1610    0.1610
   14      2     0.3268   0    0.3268    0.3268    0.3268    0.3268    0.3268
   15      3     0.6079   0    0.6079    0.6079    0.6079    0.6079    0.6079
   16      4     0.8966   0    0.8966    0.8966    0.8966    0.8966    0.8966
           5     1.0000     Fixed : Reference Age             
   17      6     1.1242   0    1.1242    1.1242    1.1242    1.1242    1.1242
   18      7     1.1961   0    1.1961    1.1961    1.1961    1.1961    1.1961
           8     1.2000     Fixed : Last true age             
 
 Separable model: Populations in year 2002                                    
   19      0     192035   0     192035    192035    192035    192035    192035
   20      1     163445   0     163445    163445    163445    163445    163445
   21      2     192552   0     192552    192552    192552    192552    192552
   22      3     130524   0     130524    130524    130524    130524    130524
   23      4     173501   0     173501    173501    173501    173501    173501
   24      5     117495   0     117495    117495    117495    117495    117495
   25      6      32503   0      32503     32503     32503     32503     32503
   26      7      41211   0      41211     41211     41211     41211     41211
   27      8      40792   0      40792     40792     40792     40792     40792
 
Separable model: Populations at age
   28   1992     103631   0     103631    103631    103631    103631    103631
   29   1993      54294   0      54294     54294     54294     54294     54294
   30   1994      50219   0      50219     50219     50219     50219     50219
   31   1995      71413   0      71413     71413     71413     71413     71413
   32   1996      70102   0      70102     70102     70102     70102     70102
   33   1997      81515   0      81515     81515     81515     81515     81515
   34   1998      81257   0      81257     81257     81257     81257     81257
   35   1999      50008   0      50008     50008     50008     50008     50008
   36   2000      39940   0      39940     39940     39940     39940     39940
   37   2001      55048   0      55048     55048     55048     55048     55048
 
 SSB Index catchabilities                                                       
  
   INDEX                                 
 Absolute estimator. No fitted catchability.                                    
  
 
 
 
 Age-structured index catchabilities                                            
  
                                        FLT01: Dummy survey                     
 
 Linear model fitted. Slopes at age :                                           
  
   38   1  Q  .1798       0 .1798     .1798     .1798     .1798     .1798    
   39   2  Q  .9599       0 .9599     .9599     .9599     .9599     .9599    
   40   3  Q  1.513       0 1.513     1.513     1.513     1.513     1.513    
   41   4  Q  .9337       0 .9337     .9337     .9337     .9337     .9337    
   42   5  Q  1.302       0 1.302     1.302     1.302     1.302     1.302    
   43   6  Q  1.465       0 1.465     1.465     1.465     1.465     1.465    
   44   7  Q  2.162       0 2.162     2.162     2.162     2.162     2.162    
   45   8  Q  3.819       0 3.819     3.819     3.819     3.819     3.819    
   46   9  Q  .8226       0 .8226     .8226     .8226     .8226     .8226    
 
 
 
 RESIDUALS ABOUT THE MODEL FIT                                                  
  
 ------------------------------
 
        Separable Model Residuals
        -------------------------
------+----------------------------------------------------------------------------------------
Age   |    1992    1993    1994    1995    1996    1997    1998    1999    2000    2001    2002
------+----------------------------------------------------------------------------------------
  0   | ******* ******* ******* ******* ******* ******* ******* ******* ******* ******* *******
  1   | ******* ******* ******* ******* ******* ******* ******* ******* ******* ******* *******
  2   | ******* ******* ******* ******* ******* ******* ******* ******* ******* ******* *******
  3   | ******* ******* ******* ******* ******* ******* ******* ******* ******* ******* *******
  4   | ******* ******* ******* ******* ******* ******* ******* ******* ******* ******* *******
  5   | ******* ******* ******* ******* ******* ******* ******* ******* ******* ******* *******
  6   | ******* ******* ******* ******* ******* ******* ******* ******* ******* ******* *******
  7   | ******* ******* ******* ******* ******* ******* ******* ******* ******* ******* *******
  8   | ******* ******* ******* ******* ******* ******* ******* ******* ******* ******* *******
------+----------------------------------------------------------------------------------------
                                               
 
 
 
 SPAWNING BIOMASS INDEX RESIDUALS                                               
  
 ---------------------------------
 
          INDEX
        -------
------+------------------------------------------------------------------------------------------------------------------------
      |    1972    1973    1974    1975    1976    1977    1978    1979    1980    1981    1982    1983    1984    1985    1986
------+------------------------------------------------------------------------------------------------------------------------
  1   | ******* ******* ******* ******* ******* ******* ******* ******* ******* ******* ******* ******* ******* ******* *******
------+------------------------------------------------------------------------------------------------------------------------
                                               
 
 
          INDEX
        -------
------+------------------------------------------------------------------------------------------------------------------------
      |    1987    1988    1989    1990    1991    1992    1993    1994    1995    1996    1997    1998    1999    2000    2001
------+------------------------------------------------------------------------------------------------------------------------
  1   | ******* ******* ******* ******* ******* ******* ******* ******* ******* ******* ******* ******* ******* ******* *******
------+------------------------------------------------------------------------------------------------------------------------
                                               
 
 
          INDEX
        -------
------+--------
      |    2002
------+--------
  1   | *******
------+--------
                                               
 
 
 
 AGE-STRUCTURED INDEX RESIDUALS                                                 
  
 -------------------------------
 
        FLT01: Dummy survey
        -------------------
------+--------------------------------
Age   |    1981    1982    1983    1984
------+--------------------------------
  1   |   1.118   0.843  -0.356  -1.605
  2   |   0.471   0.139   0.624  -1.234
  3   |  -0.504   0.220  -0.050   0.334
  4   |  -1.443   0.091   0.797   0.555
  5   |   1.606  -1.666  -0.240   0.301
  6   |   0.339   1.627  -1.614  -0.351
  7   |   0.666  -0.013   1.233  -1.885
  8   |  -0.216   0.353  -0.610   0.474
  9   |  -0.518   0.456   0.193  -0.100
------+--------------------------------
                                               
 
 
 
 
 
 
 PARAMETERS OF THE DISTRIBUTION OF ln(CATCHES AT AGE)                           
  
 -----------------------------------------------------
 
 Separable model fitted from 1992  to 2002                                    
 Variance                             0.0000
Skewness test stat.                 -12.1508
Kurtosis test statistic              38.9752
Partial chi-square                    0.0000
Significance in fit                   0.0000
Degrees of freedom                        62
 
 
 PARAMETERS OF DISTRIBUTIONS OF THE SSB INDICES                                 
  
 -----------------------------------------------
 
 
   DISTRIBUTION STATISTICS FOR   INDEX                                          
 
 
 Index used as absolute measure of abundance                                    
  
 Last age is a plus-group                                                       
  
 
 Variance                             0.0000
Skewness test stat.                  -2.5200
Kurtosis test statistic               0.9959
Partial chi-square                    0.0000
Significance in fit                   0.0000
Number of observations                    15
Degrees of freedom                        15
Weight in the analysis                5.0000
 
 PARAMETERS OF THE DISTRIBUTION OF THE AGE-STRUCTURED INDICES                   
  
 ------------------------------------------------------------ 
 
 
   DISTRIBUTION STATISTICS FOR FLT01: Dummy survey                              
 
 
 Linear catchability relationship assumed                                       
  
 
 Age                          1         2         3         4         5         6         7         8         9
 Variance                0.0017    0.0008    0.0002    0.0011    0.0020    0.0020    0.0020    0.0003    0.0002
Skewness test stat.     -0.3539   -0.7898   -0.4885   -0.7190   -0.0595    0.0122   -0.5712   -0.2114   -0.1656
Kurtosis test statisti  -0.5700   -0.3374   -0.4779   -0.3670   -0.4500   -0.4760   -0.4127   -0.6527   -0.5287
Partial chi-square       0.0005    0.0002    0.0000    0.0003    0.0005    0.0006    0.0006    0.0001    0.0001
Significance in fit      0.0000    0.0000    0.0000    0.0000    0.0000    0.0000    0.0000    0.0000    0.0000
Number of observations        4         4         4         4         4         4         4         4         4
Degrees of freedom            3         3         3         3         3         3         3         3         3
Weight in the analysis   0.0011    0.0011    0.0011    0.0011    0.0011    0.0011    0.0011    0.0011    0.0011
 
 ANALYSIS OF VARIANCE                   
--------------------------
 
 Unweighted Statistics                                                          
  
 
                                                                                
  
Variance                              
                                       SSQ     Data    Parameters d.f. Variance
Total for model                        28.0700     150         46  104   0.2699
Catches at age                          0.0000      99         37   62   0.0000
  
SSB Indices                           
  INDEX                                 0.0000      15          0   15   0.0000
  
 Aged Indices                                                                   
  
FLT01: Dummy survey                    28.0700      36          9   27   1.0396
 
 
 Weighted Statistics                                                            
  
 
                                                                                
  
Variance                              
                                       SSQ     Data    Parameters d.f. Variance
Total for model                         0.0000     150         46  104   0.0000
Catches at age                          0.0000      99         37   62   0.0000
  
SSB Indices                           
  INDEX                                 0.0000      15          0   15   0.0000
  
 Aged Indices                                                                   
  
FLT01: Dummy survey                     0.0000      36          9   27   0.0000
 
