 Output Generated by ICA Version 1.4                                            
  
 ------------------------------------
 
        Mackerel NE Atlantic  WG2003
        ----------------------------
 
        Catch in Number
        ---------------
------+------------------------------------------------------------------------------------------------------------------------
AGE   |    1972    1973    1974    1975    1976    1977    1978    1979    1980    1981    1982    1983    1984    1985    1986
------+------------------------------------------------------------------------------------------------------------------------
  0   |   1603.   4110.   1857.    551.   5369.   4186.    671.   3127.   3850.   2519.   3071.   2953.   4731.   3535.   3219.
  1   |  10078.   3841.  10297.   5588.   3142.  10265.  15344.   2045.  13220.   7621.  10480.   9989.  11949.  14280.  12962.
  2   |  24884.  13681.   5493.  17745.  18082.   3417.  21485.  26669.   4913.  14941.  18122.  19434.  22946.  20445.  29616.
  3   |  36595.  28512.  16722.   8136.  48564.  16717.   6118.  31924.  54385.   4749.  30440.  28672.  37810.  33164.  35686.
  4   |  38345.  30124.  25491.  18278.  16167.  32505.  21976.   6659.  47356.  38407.   7124.  35207.  40456.  39390.  41603.
  5   |  35637.  22113.  19151.  19982.  25911.   7608.  30585.  17062.   7034.  23704.  41368.   5872.  35281.  29693.  34824.
  6   |  33200.  19778.  13635.  14616.  27393.  11774.   6956.  23048.  17442.   3413.  24836.  33066.   5687.  24959.  25273.
  7   |  21745.  17974.  12003.  10287.  19639.  12191.  10612.   5162.  23120.   8326.   3530.  19531.  31379.   3931.  20722.
  8   |   4462.   9362.   8716.   7265.  11159.   6940.   8828.   6311.   4164.   8790.   6932.   2226.  14889.  17326.   2614.
  9   |  16072.   8779.   8744.  10739.  20090.  11766.  13575.  13186.  15647.   7428.  13516.  12757.  11264.  15255.  21689.
------+------------------------------------------------------------------------------------------------------------------------
       x 10 ^ 3                                
 
 
        Catch in Number
        ---------------
------+------------------------------------------------------------------------------------------------------------------------
AGE   |    1987    1988    1989    1990    1991    1992    1993    1994    1995    1996    1997    1998    1999    2000    2001
------+------------------------------------------------------------------------------------------------------------------------
  0   |   4002.   3542.   2848.   3686.   3471.   1132.   4992.   4040.   1919.   2135.   1882.   1425.   2539.   2799.   1750.
  1   |   9275.  11679.  11685.   7478.  15883.   6678.   6766.   8996.  12502.   6558.   6763.   7150.   3788.   9512.   7100.
  2   |  21127.  15359.  21878.  17471.  18296.  17429.  22653.   6938.  15951.  24466.  11892.  14675.  10869.   8110.  13815.
  3   |  40649.  29615.  24372.  27850.  36193.  17142.  49999.  19760.  10585.  26837.  38123.  22086.  19133.  19944.  10126.
  4   |  35141.  41170.  34030.  22577.  41852.  24712.  35711.  31589.  22280.  13155.  30853.  52034.  21167.  25837.  18355.
  5   |  28740.  25109.  33481.  22335.  24118.  20205.  36751.  15859.  25580.  19894.  10850.  30172.  35618.  20498.  17014.
  6   |  23140.  19814.  19722.  21266.  23064.  11274.  29062.  15761.  12512.  22249.  15975.  10313.  20074.  33545.  13136.
  7   |  16369.  15605.  15239.  12298.  21519.  10594.  15895.  12210.  12302.  10763.  17660.  14977.   6770.  18662.  21242.
  8   |  10704.   8818.   9609.   7589.  10006.   7864.  12066.   5299.   7649.   8502.   6857.  13309.   7870.   5060.   9460.
  9   |  12765.  13556.  13584.  11086.  16285.   9694.  20343.  11003.  10287.  12562.  13345.  15289.  15503.  17488.  11214.
------+------------------------------------------------------------------------------------------------------------------------
       x 10 ^ 3                                
 
 
        Catch in Number
        ---------------
------+--------
AGE   |    2002
------+--------
  0   |   2102.
  1   |  10818.
  2   |  24914.
  3   |  41032.
  4   |  21866.
  5   |  28328.
  6   |  25409.
  7   |  19241.
  8   |  25147.
  9   |  24757.
------+--------
       x 10 ^ 3                                
 
 
 
        Predicted Catch in Number
        -------------------------
------+----------------------------------------------------------------------------------------
AGE   |    1992    1993    1994    1995    1996    1997    1998    1999    2000    2001    2002
------+----------------------------------------------------------------------------------------
  0   |   1132.   4992.   4040.   1919.   2135.   1882.   1425.   2539.   2799.   1750.   2102.
  1   |   6678.   6766.   8996.  12502.   6558.   6763.   7150.   3788.   9512.   7100.  10818.
  2   |  17429.  22653.   6938.  15951.  24466.  11892.  14675.  10869.   8110.  13815.  24914.
  3   |  17142.  49999.  19760.  10585.  26837.  38123.  22086.  19133.  19944.  10126.  41032.
  4   |  24712.  35711.  31589.  22280.  13155.  30853.  52034.  21167.  25837.  18355.  21866.
  5   |  20205.  36751.  15859.  25580.  19894.  10850.  30172.  35618.  20498.  17014.  28328.
  6   |  11274.  29062.  15761.  12512.  22249.  15975.  10313.  20074.  33545.  13136.  25409.
  7   |  10594.  15895.  12210.  12302.  10763.  17660.  14977.   6770.  18662.  21242.  19241.
  8   |   7864.  12066.   5299.   7649.   8502.   6857.  13309.   7870.   5060.   9460.  25147.
------+----------------------------------------------------------------------------------------
       x 10 ^ 3                                
 
 
 
        Weights at age in the catches (Kg)
        ----------------------------------
------+------------------------------------------------------------------------------------------------------------------------
AGE   |    1972    1973    1974    1975    1976    1977    1978    1979    1980    1981    1982    1983    1984    1985    1986
------+------------------------------------------------------------------------------------------------------------------------
  0   | 0.05200 0.05000 0.05100 0.05000 0.05900 0.05600 0.03600 0.01600 0.05700 0.06000 0.05300 0.05000 0.03100 0.05500 0.03900
  1   | 0.13500 0.14500 0.13600 0.14800 0.13700 0.13600 0.13500 0.13700 0.13100 0.13200 0.13100 0.16800 0.10200 0.14400 0.14600
  2   | 0.27700 0.19400 0.22900 0.17700 0.20700 0.16900 0.16100 0.16100 0.24900 0.24800 0.24900 0.21900 0.18400 0.26200 0.24500
  3   | 0.34100 0.28500 0.26100 0.25900 0.26300 0.27500 0.25000 0.24300 0.28500 0.28700 0.28500 0.27600 0.29500 0.35700 0.33500
  4   | 0.42300 0.36800 0.33400 0.32300 0.32000 0.33300 0.32500 0.31800 0.34500 0.34400 0.34500 0.31000 0.32600 0.41800 0.42300
  5   | 0.46800 0.44800 0.39200 0.34800 0.34600 0.35200 0.34500 0.34800 0.37800 0.37700 0.37800 0.38600 0.34400 0.41700 0.47100
  6   | 0.46800 0.46800 0.48100 0.43000 0.40600 0.40700 0.40300 0.40100 0.45400 0.45400 0.45400 0.42500 0.43100 0.43600 0.44400
  7   | 0.50800 0.50800 0.50800 0.48800 0.44300 0.44600 0.42100 0.41600 0.49800 0.49900 0.49600 0.43500 0.54200 0.52100 0.45700
  8   | 0.53900 0.53900 0.53900 0.53900 0.51800 0.54600 0.51800 0.50600 0.52000 0.51300 0.51300 0.49800 0.48000 0.55500 0.54300
  9   | 0.60341 0.61230 0.59790 0.59368 0.59631 0.59101 0.57123 0.54082 0.56659 0.56878 0.55568 0.58428 0.62432 0.61313 0.59089
------+------------------------------------------------------------------------------------------------------------------------
                                               
 
 
        Weights at age in the catches (Kg)
        ----------------------------------
------+------------------------------------------------------------------------------------------------------------------------
AGE   |    1987    1988    1989    1990    1991    1992    1993    1994    1995    1996    1997    1998    1999    2000    2001
------+------------------------------------------------------------------------------------------------------------------------
  0   | 0.07600 0.05500 0.04900 0.08500 0.06800 0.05100 0.06100 0.04600 0.07200 0.05800 0.07600 0.06500 0.06200 0.06300 0.06900
  1   | 0.17900 0.13300 0.13600 0.15600 0.15600 0.16700 0.13400 0.13600 0.14300 0.14300 0.14300 0.15700 0.17600 0.13500 0.17100
  2   | 0.22300 0.25900 0.23700 0.23300 0.25300 0.23900 0.24000 0.25500 0.23400 0.22600 0.23000 0.22700 0.23600 0.22900 0.22300
  3   | 0.31800 0.32300 0.32000 0.33600 0.32700 0.33300 0.31700 0.33900 0.33300 0.31300 0.29500 0.31000 0.30700 0.30800 0.30700
  4   | 0.39900 0.38800 0.37700 0.37900 0.39400 0.39700 0.37600 0.39000 0.39000 0.37700 0.35900 0.35400 0.36100 0.36700 0.37800
  5   | 0.47400 0.45600 0.43300 0.42300 0.42300 0.46000 0.43600 0.44800 0.45200 0.42500 0.41500 0.40800 0.40600 0.42900 0.42600
  6   | 0.51200 0.52400 0.45600 0.46700 0.46900 0.49500 0.48300 0.51200 0.50100 0.48400 0.45300 0.45200 0.45400 0.46700 0.47700
  7   | 0.49300 0.55500 0.54300 0.52800 0.50600 0.53200 0.52700 0.54300 0.53900 0.51800 0.48100 0.46200 0.50100 0.50400 0.49900
  8   | 0.49800 0.55500 0.59200 0.55200 0.55400 0.55500 0.54800 0.59000 0.57700 0.55100 0.52400 0.51800 0.53700 0.53700 0.54300
  9   | 0.63106 0.60619 0.61543 0.60596 0.63447 0.63313 0.60728 0.62730 0.61562 0.59886 0.57531 0.57426 0.59431 0.59063 0.60987
------+------------------------------------------------------------------------------------------------------------------------
                                               
 
 
        Weights at age in the catches (Kg)
        ----------------------------------
------+--------
AGE   |    2002
------+--------
  0   | 0.05200
  1   | 0.15900
  2   | 0.25500
  3   | 0.30700
  4   | 0.36900
  5   | 0.42600
  6   | 0.46400
  7   | 0.51400
  8   | 0.53900
  9   | 0.61041
------+--------
                                               
 
 
 
        Weights at age in the stock (Kg)
        --------------------------------
------+------------------------------------------------------------------------------------------------------------------------
AGE   |    1972    1973    1974    1975    1976    1977    1978    1979    1980    1981    1982    1983    1984    1985    1986
------+------------------------------------------------------------------------------------------------------------------------
  0   | 0.00800 0.00800 0.00800 0.00800 0.00800 0.00800 0.00800 0.00800 0.00800 0.00800 0.00800 0.00800 0.00000 0.00000 0.00000
  1   | 0.13200 0.13200 0.13000 0.12900 0.12800 0.12700 0.11100 0.11000 0.10900 0.08700 0.08600 0.08600 0.08100 0.08500 0.07700
  2   | 0.17800 0.17700 0.17300 0.17100 0.17000 0.16700 0.17500 0.17400 0.17300 0.18600 0.13500 0.17200 0.19400 0.16500 0.17900
  3   | 0.24300 0.24200 0.23800 0.23600 0.23600 0.23300 0.23800 0.23700 0.23600 0.25200 0.22100 0.23500 0.25300 0.29300 0.26700
  4   | 0.41100 0.30100 0.29600 0.29400 0.29300 0.28900 0.30000 0.29900 0.29700 0.31300 0.28000 0.28000 0.29500 0.30600 0.30400
  5   | 0.35500 0.43800 0.32200 0.31800 0.31800 0.31300 0.34600 0.34500 0.34300 0.32300 0.38500 0.33900 0.32400 0.34100 0.35600
  6   | 0.39800 0.39800 0.46900 0.36500 0.36500 0.36100 0.38200 0.38000 0.37900 0.37800 0.35300 0.37700 0.39300 0.38400 0.35100
  7   | 0.43300 0.43300 0.43300 0.49700 0.41900 0.41600 0.41000 0.40800 0.40700 0.41900 0.40800 0.40400 0.43600 0.43000 0.41600
  8   | 0.45900 0.45900 0.45900 0.45900 0.51200 0.44600 0.43200 0.43000 0.42900 0.43400 0.43700 0.43900 0.44100 0.45900 0.47300
  9   | 0.51797 0.52670 0.51213 0.50754 0.51121 0.53461 0.50370 0.49128 0.48636 0.48231 0.47454 0.50128 0.51161 0.51714 0.46315
------+------------------------------------------------------------------------------------------------------------------------
                                               
 
 
        Weights at age in the stock (Kg)
        --------------------------------
------+------------------------------------------------------------------------------------------------------------------------
AGE   |    1987    1988    1989    1990    1991    1992    1993    1994    1995    1996    1997    1998    1999    2000    2001
------+------------------------------------------------------------------------------------------------------------------------
  0   | 0.00000 0.00000 0.00000 0.00000 0.00000 0.00000 0.00000 0.00000 0.00000 0.00000 0.00000 0.00000 0.00000 0.00000 0.00000
  1   | 0.07800 0.07200 0.07600 0.07400 0.07500 0.07800 0.07800 0.07900 0.08100 0.07600 0.07600 0.07700 0.08100 0.07400 0.07800
  2   | 0.14800 0.15600 0.17700 0.13800 0.15500 0.21200 0.19700 0.17800 0.16400 0.13300 0.18600 0.14900 0.19400 0.18500 0.16400
  3   | 0.24000 0.23700 0.24400 0.22200 0.23000 0.25900 0.26800 0.23700 0.26700 0.25100 0.22800 0.22300 0.24200 0.23500 0.24100
  4   | 0.28600 0.30100 0.30600 0.28700 0.30700 0.31000 0.31500 0.30100 0.32600 0.31700 0.29600 0.28500 0.30100 0.28900 0.34200
  5   | 0.37400 0.32900 0.35200 0.33900 0.35700 0.36200 0.36000 0.36100 0.39800 0.36600 0.36100 0.34200 0.35300 0.35000 0.39000
  6   | 0.38600 0.42300 0.38000 0.37300 0.40900 0.40200 0.41600 0.41300 0.44800 0.44400 0.40200 0.40000 0.39600 0.39000 0.44600
  7   | 0.41100 0.44500 0.42900 0.41400 0.43200 0.42400 0.45400 0.46600 0.49100 0.46200 0.44500 0.42600 0.42300 0.42600 0.45900
  8   | 0.42900 0.43200 0.47400 0.40900 0.50200 0.46200 0.46500 0.47000 0.50800 0.50100 0.47800 0.46600 0.44000 0.44700 0.49900
  9   | 0.49043 0.52927 0.49079 0.47998 0.55919 0.52050 0.51766 0.53647 0.56506 0.58476 0.53398 0.52949 0.49381 0.50215 0.57383
------+------------------------------------------------------------------------------------------------------------------------
                                               
 
 
        Weights at age in the stock (Kg)
        --------------------------------
------+--------
AGE   |    2002
------+--------
  0   | 0.00000
  1   | 0.07800
  2   | 0.18100
  3   | 0.23900
  4   | 0.31100
  5   | 0.36400
  6   | 0.41100
  7   | 0.43600
  8   | 0.46200
  9   | 0.52087
------+--------
                                               
 
 
 
        Natural Mortality (per year)
        ----------------------------
------+------------------------------------------------------------------------------------------------------------------------
AGE   |    1972    1973    1974    1975    1976    1977    1978    1979    1980    1981    1982    1983    1984    1985    1986
------+------------------------------------------------------------------------------------------------------------------------
  0   | 0.15000 0.15000 0.15000 0.15000 0.15000 0.15000 0.15000 0.15000 0.15000 0.15000 0.15000 0.15000 0.15000 0.15000 0.15000
  1   | 0.15000 0.15000 0.15000 0.15000 0.15000 0.15000 0.15000 0.15000 0.15000 0.15000 0.15000 0.15000 0.15000 0.15000 0.15000
  2   | 0.15000 0.15000 0.15000 0.15000 0.15000 0.15000 0.15000 0.15000 0.15000 0.15000 0.15000 0.15000 0.15000 0.15000 0.15000
  3   | 0.15000 0.15000 0.15000 0.15000 0.15000 0.15000 0.15000 0.15000 0.15000 0.15000 0.15000 0.15000 0.15000 0.15000 0.15000
  4   | 0.15000 0.15000 0.15000 0.15000 0.15000 0.15000 0.15000 0.15000 0.15000 0.15000 0.15000 0.15000 0.15000 0.15000 0.15000
  5   | 0.15000 0.15000 0.15000 0.15000 0.15000 0.15000 0.15000 0.15000 0.15000 0.15000 0.15000 0.15000 0.15000 0.15000 0.15000
  6   | 0.15000 0.15000 0.15000 0.15000 0.15000 0.15000 0.15000 0.15000 0.15000 0.15000 0.15000 0.15000 0.15000 0.15000 0.15000
  7   | 0.15000 0.15000 0.15000 0.15000 0.15000 0.15000 0.15000 0.15000 0.15000 0.15000 0.15000 0.15000 0.15000 0.15000 0.15000
  8   | 0.15000 0.15000 0.15000 0.15000 0.15000 0.15000 0.15000 0.15000 0.15000 0.15000 0.15000 0.15000 0.15000 0.15000 0.15000
  9   | 0.15000 0.15000 0.15000 0.15000 0.15000 0.15000 0.15000 0.15000 0.15000 0.15000 0.15000 0.15000 0.15000 0.15000 0.15000
------+------------------------------------------------------------------------------------------------------------------------
                                               
 
 
        Natural Mortality (per year)
        ----------------------------
------+------------------------------------------------------------------------------------------------------------------------
AGE   |    1987    1988    1989    1990    1991    1992    1993    1994    1995    1996    1997    1998    1999    2000    2001
------+------------------------------------------------------------------------------------------------------------------------
  0   | 0.15000 0.15000 0.15000 0.15000 0.15000 0.15000 0.15000 0.15000 0.15000 0.15000 0.15000 0.15000 0.15000 0.15000 0.15000
  1   | 0.15000 0.15000 0.15000 0.15000 0.15000 0.15000 0.15000 0.15000 0.15000 0.15000 0.15000 0.15000 0.15000 0.15000 0.15000
  2   | 0.15000 0.15000 0.15000 0.15000 0.15000 0.15000 0.15000 0.15000 0.15000 0.15000 0.15000 0.15000 0.15000 0.15000 0.15000
  3   | 0.15000 0.15000 0.15000 0.15000 0.15000 0.15000 0.15000 0.15000 0.15000 0.15000 0.15000 0.15000 0.15000 0.15000 0.15000
  4   | 0.15000 0.15000 0.15000 0.15000 0.15000 0.15000 0.15000 0.15000 0.15000 0.15000 0.15000 0.15000 0.15000 0.15000 0.15000
  5   | 0.15000 0.15000 0.15000 0.15000 0.15000 0.15000 0.15000 0.15000 0.15000 0.15000 0.15000 0.15000 0.15000 0.15000 0.15000
  6   | 0.15000 0.15000 0.15000 0.15000 0.15000 0.15000 0.15000 0.15000 0.15000 0.15000 0.15000 0.15000 0.15000 0.15000 0.15000
  7   | 0.15000 0.15000 0.15000 0.15000 0.15000 0.15000 0.15000 0.15000 0.15000 0.15000 0.15000 0.15000 0.15000 0.15000 0.15000
  8   | 0.15000 0.15000 0.15000 0.15000 0.15000 0.15000 0.15000 0.15000 0.15000 0.15000 0.15000 0.15000 0.15000 0.15000 0.15000
  9   | 0.15000 0.15000 0.15000 0.15000 0.15000 0.15000 0.15000 0.15000 0.15000 0.15000 0.15000 0.15000 0.15000 0.15000 0.15000
------+------------------------------------------------------------------------------------------------------------------------
                                               
 
 
        Natural Mortality (per year)
        ----------------------------
------+--------
AGE   |    2002
------+--------
  0   | 0.15000
  1   | 0.15000
  2   | 0.15000
  3   | 0.15000
  4   | 0.15000
  5   | 0.15000
  6   | 0.15000
  7   | 0.15000
  8   | 0.15000
  9   | 0.15000
------+--------
                                               
 
 
 
        Proportion of fish spawning
        ---------------------------
------+------------------------------------------------------------------------------------------------------------------------
AGE   |    1972    1973    1974    1975    1976    1977    1978    1979    1980    1981    1982    1983    1984    1985    1986
------+------------------------------------------------------------------------------------------------------------------------
  0   |  0.0000  0.0000  0.0000  0.0000  0.0000  0.0000  0.0000  0.0000  0.0000  0.0000  0.0000  0.0000  0.0000  0.0000  0.0000
  1   |  0.0500  0.0500  0.0500  0.0600  0.0600  0.0600  0.0600  0.0600  0.0600  0.0700  0.0700  0.0700  0.0700  0.0700  0.0700
  2   |  0.5300  0.5400  0.5400  0.5500  0.5500  0.5500  0.5600  0.5600  0.5700  0.5700  0.5700  0.5800  0.5800  0.5800  0.5800
  3   |  0.9000  0.9000  0.9000  0.8900  0.8900  0.8900  0.8900  0.8900  0.8900  0.8800  0.8800  0.8800  0.8800  0.8800  0.8800
  4   |  0.9800  0.9800  0.9800  0.9800  0.9800  0.9800  0.9800  0.9800  0.9800  0.9800  0.9800  0.9800  0.9700  0.9700  0.9700
  5   |  0.9800  0.9800  0.9800  0.9800  0.9800  0.9800  0.9800  0.9800  0.9800  0.9800  0.9800  0.9800  0.9700  0.9700  0.9700
  6   |  0.9900  0.9900  0.9900  0.9900  0.9900  0.9900  0.9900  0.9900  0.9900  0.9900  0.9900  0.9900  0.9900  0.9900  0.9900
  7   |  1.0000  1.0000  1.0000  1.0000  1.0000  1.0000  1.0000  1.0000  1.0000  1.0000  1.0000  1.0000  1.0000  1.0000  1.0000
  8   |  1.0000  1.0000  1.0000  1.0000  1.0000  1.0000  1.0000  1.0000  1.0000  1.0000  1.0000  1.0000  1.0000  1.0000  1.0000
  9   |  1.0000  1.0000  1.0000  1.0000  1.0000  1.0000  1.0000  1.0000  1.0000  1.0000  1.0000  1.0000  1.0000  1.0000  1.0000
------+------------------------------------------------------------------------------------------------------------------------
                                               
 
 
        Proportion of fish spawning
        ---------------------------
------+------------------------------------------------------------------------------------------------------------------------
AGE   |    1987    1988    1989    1990    1991    1992    1993    1994    1995    1996    1997    1998    1999    2000    2001
------+------------------------------------------------------------------------------------------------------------------------
  0   |  0.0000  0.0000  0.0000  0.0000  0.0000  0.0000  0.0000  0.0000  0.0000  0.0000  0.0000  0.0000  0.0000  0.0000  0.0000
  1   |  0.0700  0.0700  0.0700  0.0700  0.0700  0.0700  0.0700  0.0700  0.0700  0.0700  0.0700  0.0700  0.0700  0.0700  0.0700
  2   |  0.5800  0.5800  0.5800  0.5800  0.5800  0.5800  0.5800  0.5800  0.5800  0.5800  0.5800  0.5800  0.5800  0.5800  0.5900
  3   |  0.8800  0.8800  0.8800  0.8800  0.8800  0.8800  0.8800  0.8800  0.8800  0.8800  0.8800  0.8600  0.8600  0.8600  0.8800
  4   |  0.9700  0.9700  0.9700  0.9700  0.9700  0.9700  0.9700  0.9700  0.9700  0.9700  0.9700  0.9800  0.9800  0.9800  0.9700
  5   |  0.9700  0.9700  0.9700  0.9700  0.9700  0.9700  0.9700  0.9700  0.9700  0.9700  0.9700  0.9800  0.9800  0.9800  0.9700
  6   |  0.9900  0.9900  0.9900  0.9900  0.9900  0.9900  0.9900  0.9900  0.9900  0.9900  0.9900  0.9900  0.9900  0.9900  0.9900
  7   |  1.0000  1.0000  1.0000  1.0000  1.0000  1.0000  1.0000  1.0000  1.0000  1.0000  1.0000  1.0000  1.0000  1.0000  1.0000
  8   |  1.0000  1.0000  1.0000  1.0000  1.0000  1.0000  1.0000  1.0000  1.0000  1.0000  1.0000  1.0000  1.0000  1.0000  1.0000
  9   |  1.0000  1.0000  1.0000  1.0000  1.0000  1.0000  1.0000  1.0000  1.0000  1.0000  1.0000  1.0000  1.0000  1.0000  1.0000
------+------------------------------------------------------------------------------------------------------------------------
                                               
 
 
        Proportion of fish spawning
        ---------------------------
------+--------
AGE   |    2002
------+--------
  0   |  0.0000
  1   |  0.0700
  2   |  0.5900
  3   |  0.8800
  4   |  0.9700
  5   |  0.9700
  6   |  0.9900
  7   |  1.0000
  8   |  1.0000
  9   |  1.0000
------+--------
                                               
 
 
 
 INDICES OF SPAWNING BIOMASS                                                    
  
 ----------------------------
 
          INDEX
        -------
------+------------------------------------------------------------------------------------------------------------------------
      |    1972    1973    1974    1975    1976    1977    1978    1979    1980    1981    1982    1983    1984    1985    1986
------+------------------------------------------------------------------------------------------------------------------------
  1   | ******* ******* ******* ******* ******* ******* ******* ******* ******* ******* ******* ******* ******* ******* *******
------+------------------------------------------------------------------------------------------------------------------------
       x 10 ^ 3                                
 
 
          INDEX
        -------
------+------------------------------------------------------------------------------------------------------------------------
      |    1987    1988    1989    1990    1991    1992    1993    1994    1995    1996    1997    1998    1999    2000    2001
------+------------------------------------------------------------------------------------------------------------------------
  1   | *******  268.26  267.13  249.54  271.95  292.43  297.69  268.42  294.74  309.18  321.85  308.41  309.15  283.67  299.92
------+------------------------------------------------------------------------------------------------------------------------
       x 10 ^ 3                                
 
 
          INDEX
        -------
------+--------
      |    2002
------+--------
  1   |  277.36
------+--------
       x 10 ^ 3                                
 
 
 
 AGE-STRUCTURED INDICES                                                         
  
 -----------------------
 
        FLT01: Dummy survey
        -------------------
------+--------------------------------
AGE   |    1981    1982    1983    1984
------+--------------------------------
  1   |  266.10  203.00   43.60   15.24
  2   |  506.40  435.90  712.70   79.51
  3   |  225.10  483.60  444.60  661.83
  4   |   31.70  184.10  391.60  374.60
  5   |  174.80   24.70  130.40  238.20
  6   |  158.50  136.60   20.20   92.00
  7   |   99.50  108.60   91.30   15.54
  8   |  116.60   84.50   70.90   51.47
  9   |   35.30   87.00   47.10   39.27
------+--------------------------------
       x 10 ^ 3                                
 
 
 
        Fishing Mortality (per year)
        ----------------------------
------+------------------------------------------------------------------------------------------------------------------------
AGE   |    1972    1973    1974    1975    1976    1977    1978    1979    1980    1981    1982    1983    1984    1985    1986
------+------------------------------------------------------------------------------------------------------------------------
  0   | 0.01026 0.00770 0.00601 0.00563 0.01007 0.00601 0.00686 0.00652 0.00862 0.00532 0.00689 0.00700 0.00887 0.00838 0.00964
  1   | 0.03885 0.02913 0.02275 0.02130 0.03810 0.02273 0.02598 0.02467 0.03263 0.02012 0.02609 0.02648 0.03355 0.03172 0.03650
  2   | 0.08598 0.06448 0.05035 0.04714 0.08433 0.05031 0.05750 0.05460 0.07222 0.04452 0.05774 0.05861 0.07426 0.07021 0.08079
  3   | 0.16963 0.12722 0.09933 0.09301 0.16637 0.09925 0.11344 0.10771 0.14248 0.08784 0.11392 0.11563 0.14651 0.13851 0.15938
  4   | 0.25933 0.19449 0.15185 0.14219 0.25434 0.15173 0.17343 0.16467 0.21783 0.13429 0.17416 0.17677 0.22399 0.21175 0.24366
  5   | 0.29496 0.22122 0.17271 0.16173 0.28928 0.17258 0.19726 0.18729 0.24776 0.15274 0.19809 0.20106 0.25476 0.24085 0.27714
  6   | 0.33357 0.25017 0.19532 0.18290 0.32715 0.19517 0.22308 0.21181 0.28019 0.17273 0.22402 0.22738 0.28811 0.27237 0.31341
  7   | 0.38215 0.28661 0.22377 0.20954 0.37479 0.22360 0.25557 0.24265 0.32099 0.19789 0.25665 0.26049 0.33007 0.31204 0.35906
  8   | 0.35395 0.26546 0.20726 0.19407 0.34714 0.20710 0.23671 0.22475 0.29731 0.18328 0.23771 0.24127 0.30571 0.28902 0.33256
  9   | 0.35395 0.26546 0.20726 0.19407 0.34714 0.20710 0.23671 0.22475 0.29731 0.18328 0.23771 0.24127 0.30571 0.28902 0.33256
------+------------------------------------------------------------------------------------------------------------------------
                                               
 
 
        Fishing Mortality (per year)
        ----------------------------
------+------------------------------------------------------------------------------------------------------------------------
AGE   |    1987    1988    1989    1990    1991    1992    1993    1994    1995    1996    1997    1998    1999    2000    2001
------+------------------------------------------------------------------------------------------------------------------------
  0   | 0.00871 0.00795 0.00821 0.00673 0.00909 0.00545 0.01021 0.00574 0.00553 0.00588 0.00579 0.00686 0.00568 0.00663 0.00523
  1   | 0.03296 0.03010 0.03108 0.02547 0.03439 0.02061 0.03866 0.02173 0.02091 0.02224 0.02192 0.02597 0.02149 0.02509 0.01980
  2   | 0.07296 0.06663 0.06879 0.05638 0.07611 0.04562 0.08556 0.04809 0.04629 0.04923 0.04853 0.05748 0.04757 0.05554 0.04381
  3   | 0.14395 0.13145 0.13571 0.11123 0.15015 0.09000 0.16881 0.09488 0.09133 0.09712 0.09574 0.11340 0.09385 0.10957 0.08644
  4   | 0.22006 0.20095 0.20748 0.17004 0.22955 0.13759 0.25807 0.14505 0.13962 0.14848 0.14636 0.17337 0.14348 0.16751 0.13215
  5   | 0.25030 0.22857 0.23598 0.19340 0.26109 0.15649 0.29353 0.16499 0.15881 0.16888 0.16647 0.19719 0.16319 0.19053 0.15030
  6   | 0.28306 0.25848 0.26687 0.21872 0.29527 0.17698 0.33195 0.18658 0.17959 0.19099 0.18826 0.22300 0.18455 0.21547 0.16998
  7   | 0.32428 0.29613 0.30574 0.25057 0.33827 0.20275 0.38029 0.21375 0.20575 0.21880 0.21568 0.25548 0.21143 0.24685 0.19473
  8   | 0.30036 0.27428 0.28318 0.23208 0.31331 0.18779 0.35223 0.19798 0.19057 0.20266 0.19977 0.23663 0.19583 0.22863 0.18036
  9   | 0.30036 0.27428 0.28318 0.23208 0.31331 0.18779 0.35223 0.19798 0.19057 0.20266 0.19977 0.23663 0.19583 0.22863 0.18036
------+------------------------------------------------------------------------------------------------------------------------
                                               
 
 
        Fishing Mortality (per year)
        ----------------------------
------+--------
AGE   |    2002
------+--------
  0   | 0.01014
  1   | 0.03838
  2   | 0.08496
  3   | 0.16761
  4   | 0.25623
  5   | 0.29144
  6   | 0.32959
  7   | 0.37759
  8   | 0.34973
  9   | 0.34973
------+--------
                                               
 
 
 
        Population Abundance (1 January)
        --------------------------------
------+------------------------------------------------------------------------------------------------------------------------
AGE   |    1972    1973    1974    1975    1976    1977    1978    1979    1980    1981    1982    1983    1984    1985    1986
------+------------------------------------------------------------------------------------------------------------------------
  0   |  169.05  577.12  333.68  105.69  577.12  752.85  105.69  518.38  482.83  511.73  481.40  456.09  577.12  456.09  361.17
  1   |  284.71  144.01  492.92  285.48   90.46  491.76  644.10   90.35  443.27  412.01  438.12  411.50  389.82  492.35  389.28
  2   |  324.90  235.72  120.39  414.72  240.54   74.95  413.75  540.17   75.87  369.28  347.56  367.38  344.92  324.45  410.54
  3   |  252.04  256.61  190.21   98.54  340.52  190.29   61.34  336.22  440.23   60.75  304.00  282.36  298.21  275.63  260.32
  4   |  180.19  183.09  194.48  148.24   77.28  248.17  148.31   47.14  259.83  328.59   47.89  233.48  216.49  221.69  206.55
  5   |  149.69  119.66  129.73  143.81  110.68   51.58  183.53  107.32   34.41  179.87  247.28   34.63  168.40  148.94  154.40
  6   |  125.53   95.93   82.55   93.95  105.29   71.33   37.36  129.68   76.60   23.12  132.88  174.59   24.38  112.35  100.76
  7   |   73.38   77.40   64.29   58.45   67.35   65.34   50.51   25.72   90.31   49.82   16.74   91.42  119.71   15.73   73.64
  8   |   16.05   43.10   50.02   44.24   40.80   39.85   44.97   33.67   17.37   56.39   35.18   11.15   60.64   74.07    9.91
  9   |   57.81   40.41   50.18   65.40   73.45   67.56   69.15   70.35   65.28   47.66   68.59   63.89   45.88   65.22   82.21
------+------------------------------------------------------------------------------------------------------------------------
       x 10 ^ 6                                
 
 
        Population Abundance (1 January)
        --------------------------------
------+------------------------------------------------------------------------------------------------------------------------
AGE   |    1987    1988    1989    1990    1991    1992    1993    1994    1995    1996    1997    1998    1999    2000    2001
------+------------------------------------------------------------------------------------------------------------------------
  0   |  496.90  481.40  374.98  591.64  413.21  224.34  528.90  759.90  374.98  392.36  350.87  224.34  482.83  456.09  361.17
  1   |  307.88  423.98  411.06  320.11  505.81  352.44  192.04  450.60  650.31  320.97  335.73  300.25  191.77  413.22  389.96
  2   |  323.05  256.40  354.10  342.98  268.59  420.64  297.16  159.03  379.50  548.14  270.19  282.70  251.81  161.55  346.85
  3   |  325.93  258.49  206.46  284.52  279.02  214.24  345.91  234.79  130.45  311.86  449.12  221.54  229.73  206.66  131.54
  4   |  191.05  242.92  195.08  155.15  219.11  206.67  168.53  251.48  183.79  102.48  243.58  351.27  170.24  180.02  159.42
  5   |  139.34  131.96  171.02  136.44  112.66  149.91  155.02  112.06  187.22  137.58   76.03  181.11  254.22  126.94  131.04
  6   |  100.72   93.37   90.37  116.26   96.79   74.68  110.33   99.49   81.78  137.48  100.01   55.41  127.98  185.86   90.30
  7   |   63.39   65.32   62.06   59.56   80.40   62.01   53.85   68.14   71.05   58.82   97.76   71.31   38.16   91.59  128.96
  8   |   44.26   39.45   41.81   39.35   39.90   49.34   43.58   31.69   47.36   49.78   40.68   67.82   47.54   26.58   61.59
  9   |   52.79   60.65   59.11   57.47   64.94   60.83   73.47   65.80   63.69   73.56   79.16   77.91   93.64   91.88   73.01
------+------------------------------------------------------------------------------------------------------------------------
       x 10 ^ 6                                
 
 
        Population Abundance (1 January)
        --------------------------------
------+----------------
AGE   |    2002    2003
------+----------------
  0   |  224.34  285.32
  1   |  309.24  191.14
  2   |  329.07  256.14
  3   |  285.74  260.16
  4   |  103.84  207.99
  5   |  120.23   69.17
  6   |   97.05   77.32
  7   |   65.58   60.08
  8   |   91.36   38.69
  9   |   89.95  110.00
------+----------------
       x 10 ^ 6                                
 
 
 
        Weighting factors for the catches in number
        -------------------------------------------
------+----------------------------------------------------------------------------------------
AGE   |    1992    1993    1994    1995    1996    1997    1998    1999    2000    2001    2002
------+----------------------------------------------------------------------------------------
  0   |  0.0200  0.0200  0.0200  0.0200  0.0200  0.0200  0.0200  0.0200  0.0200  0.0200  0.0200
  1   |  1.0000  1.0000  1.0000  1.0000  1.0000  1.0000  1.0000  1.0000  1.0000  1.0000  1.0000
  2   |  1.0000  1.0000  1.0000  1.0000  1.0000  1.0000  1.0000  1.0000  1.0000  1.0000  1.0000
  3   |  1.0000  1.0000  1.0000  1.0000  1.0000  1.0000  1.0000  1.0000  1.0000  1.0000  1.0000
  4   |  1.0000  1.0000  1.0000  1.0000  1.0000  1.0000  1.0000  1.0000  1.0000  1.0000  1.0000
  5   |  1.0000  1.0000  1.0000  1.0000  1.0000  1.0000  1.0000  1.0000  1.0000  1.0000  1.0000
  6   |  1.0000  1.0000  1.0000  1.0000  1.0000  1.0000  1.0000  1.0000  1.0000  1.0000  1.0000
  7   |  1.0000  1.0000  1.0000  1.0000  1.0000  1.0000  1.0000  1.0000  1.0000  1.0000  1.0000
  8   |  1.0000  1.0000  1.0000  1.0000  1.0000  1.0000  1.0000  1.0000  1.0000  1.0000  1.0000
------+----------------------------------------------------------------------------------------
                                               
 
 
 
 Predicted SSB Index Values                                                     
  
 ---------------------------
 
          INDEX
        -------
------+------------------------------------------------------------------------------------------------------------------------
      |    1972    1973    1974    1975    1976    1977    1978    1979    1980    1981    1982    1983    1984    1985    1986
------+------------------------------------------------------------------------------------------------------------------------
  1   | ******* ******* ******* ******* ******* ******* ******* ******* ******* ******* ******* ******* ******* ******* *******
------+------------------------------------------------------------------------------------------------------------------------
       x 10 ^ 3                                
 
 
          INDEX
        -------
------+------------------------------------------------------------------------------------------------------------------------
      |    1987    1988    1989    1990    1991    1992    1993    1994    1995    1996    1997    1998    1999    2000    2001
------+------------------------------------------------------------------------------------------------------------------------
  1   | *******  268.26  267.13  249.54  271.95  292.43  297.69  268.42  294.74  309.19  321.85  308.41  309.15  283.67  299.92
------+------------------------------------------------------------------------------------------------------------------------
       x 10 ^ 3                                
 
 
          INDEX
        -------
------+--------
      |    2002
------+--------
  1   |  277.36
------+--------
       x 10 ^ 3                                
 
 
 
 Predicted Age-Structured Index Values                                          
  
 --------------------------------------
 
        FLT01: Dummy survey Predicted
        -----------------------------
------+--------------------------------
AGE   |    1981    1982    1983    1984
------+--------------------------------
  1   |   77.58   82.23   77.22   72.86
  2   |  348.54  325.67  344.08  320.27
  3   |  131.44  648.37  601.65  624.72
  4   |  342.69   48.86  237.88  214.92
  5   |  156.68  210.10   29.38  138.69
  6   |   31.57  176.39  231.32   31.24
  7   |   58.73   19.11  104.12  131.22
  8   |  132.53   80.24   25.38  133.23
  9   |   43.19   60.33   56.09   38.87
------+--------------------------------
       x 10 ^ 3                                
 
 
 
        Fitted Selection Pattern
        ------------------------
------+------------------------------------------------------------------------------------------------------------------------
AGE   |    1972    1973    1974    1975    1976    1977    1978    1979    1980    1981    1982    1983    1984    1985    1986
------+------------------------------------------------------------------------------------------------------------------------
  0   |  0.0348  0.0348  0.0348  0.0348  0.0348  0.0348  0.0348  0.0348  0.0348  0.0348  0.0348  0.0348  0.0348  0.0348  0.0348
  1   |  0.1317  0.1317  0.1317  0.1317  0.1317  0.1317  0.1317  0.1317  0.1317  0.1317  0.1317  0.1317  0.1317  0.1317  0.1317
  2   |  0.2915  0.2915  0.2915  0.2915  0.2915  0.2915  0.2915  0.2915  0.2915  0.2915  0.2915  0.2915  0.2915  0.2915  0.2915
  3   |  0.5751  0.5751  0.5751  0.5751  0.5751  0.5751  0.5751  0.5751  0.5751  0.5751  0.5751  0.5751  0.5751  0.5751  0.5751
  4   |  0.8792  0.8792  0.8792  0.8792  0.8792  0.8792  0.8792  0.8792  0.8792  0.8792  0.8792  0.8792  0.8792  0.8792  0.8792
  5   |  1.0000  1.0000  1.0000  1.0000  1.0000  1.0000  1.0000  1.0000  1.0000  1.0000  1.0000  1.0000  1.0000  1.0000  1.0000
  6   |  1.1309  1.1309  1.1309  1.1309  1.1309  1.1309  1.1309  1.1309  1.1309  1.1309  1.1309  1.1309  1.1309  1.1309  1.1309
  7   |  1.2956  1.2956  1.2956  1.2956  1.2956  1.2956  1.2956  1.2956  1.2956  1.2956  1.2956  1.2956  1.2956  1.2956  1.2956
  8   |  1.2000  1.2000  1.2000  1.2000  1.2000  1.2000  1.2000  1.2000  1.2000  1.2000  1.2000  1.2000  1.2000  1.2000  1.2000
  9   |  1.2000  1.2000  1.2000  1.2000  1.2000  1.2000  1.2000  1.2000  1.2000  1.2000  1.2000  1.2000  1.2000  1.2000  1.2000
------+------------------------------------------------------------------------------------------------------------------------
                                               
 
 
        Fitted Selection Pattern
        ------------------------
------+------------------------------------------------------------------------------------------------------------------------
AGE   |    1987    1988    1989    1990    1991    1992    1993    1994    1995    1996    1997    1998    1999    2000    2001
------+------------------------------------------------------------------------------------------------------------------------
  0   |  0.0348  0.0348  0.0348  0.0348  0.0348  0.0348  0.0348  0.0348  0.0348  0.0348  0.0348  0.0348  0.0348  0.0348  0.0348
  1   |  0.1317  0.1317  0.1317  0.1317  0.1317  0.1317  0.1317  0.1317  0.1317  0.1317  0.1317  0.1317  0.1317  0.1317  0.1317
  2   |  0.2915  0.2915  0.2915  0.2915  0.2915  0.2915  0.2915  0.2915  0.2915  0.2915  0.2915  0.2915  0.2915  0.2915  0.2915
  3   |  0.5751  0.5751  0.5751  0.5751  0.5751  0.5751  0.5751  0.5751  0.5751  0.5751  0.5751  0.5751  0.5751  0.5751  0.5751
  4   |  0.8792  0.8792  0.8792  0.8792  0.8792  0.8792  0.8792  0.8792  0.8792  0.8792  0.8792  0.8792  0.8792  0.8792  0.8792
  5   |  1.0000  1.0000  1.0000  1.0000  1.0000  1.0000  1.0000  1.0000  1.0000  1.0000  1.0000  1.0000  1.0000  1.0000  1.0000
  6   |  1.1309  1.1309  1.1309  1.1309  1.1309  1.1309  1.1309  1.1309  1.1309  1.1309  1.1309  1.1309  1.1309  1.1309  1.1309
  7   |  1.2956  1.2956  1.2956  1.2956  1.2956  1.2956  1.2956  1.2956  1.2956  1.2956  1.2956  1.2956  1.2956  1.2956  1.2956
  8   |  1.2000  1.2000  1.2000  1.2000  1.2000  1.2000  1.2000  1.2000  1.2000  1.2000  1.2000  1.2000  1.2000  1.2000  1.2000
  9   |  1.2000  1.2000  1.2000  1.2000  1.2000  1.2000  1.2000  1.2000  1.2000  1.2000  1.2000  1.2000  1.2000  1.2000  1.2000
------+------------------------------------------------------------------------------------------------------------------------
                                               
 
 
        Fitted Selection Pattern
        ------------------------
------+--------
AGE   |    2002
------+--------
  0   |  0.0348
  1   |  0.1317
  2   |  0.2915
  3   |  0.5751
  4   |  0.8792
  5   |  1.0000
  6   |  1.1309
  7   |  1.2956
  8   |  1.2000
  9   |  1.2000
------+--------
                                               
 
 
 
 
 
                    STOCK SUMMARY                                             
 
 
 ³ Year ³  Recruits  ³  Total  ³ Spawning³ Landings ³ Yield ³ Mean F ³ SoP ³    
 ³      ³   Age   0  ³ Biomass ³ Biomass ³          ³ /SSB  ³  Ages  ³     ³ 
 ³      ³  thousands ³  tonnes ³ tonnes  ³ tonnes   ³ ratio ³  4- 7  ³ (%) ³ 
 
   1972       169040    404249    280278     92401   0.3297   0.3175   100
   1973       577110    347728    258045     61343   0.2377   0.2381   100
   1974       333670    347396    235758     45721   0.1939   0.1859    99
   1975       105690    337996    235945     40557   0.1719   0.1741   100
   1976       577110    320370    234160     68983   0.2946   0.3114    99
   1977       752850    320014    214097     41279   0.1928   0.1858    99
   1978       105690    356575    221739     44376   0.2001   0.2123    99
   1979       518370    347692    250306     42151   0.1684   0.2016   100
   1980       482830    363158    254361     68134   0.2679   0.2667    99
   1981       511730    361949    258513     42812   0.1656   0.1644    99
   1982       481390    365907    259813     56912   0.2190   0.2132   100
   1983       456080    385371    273690     58288   0.2130   0.2164   100
   1984       577110    404350    287737     75705   0.2631   0.2742   100
   1985       456080    412398    292060     80194   0.2746   0.2593   100
   1986       361160    399489    281170     90155   0.3206   0.2983    99
   1987       496890    366611    268304     80550   0.3002   0.2694    99
   1988       481390    366024    268257     74870   0.2791   0.2460   100
   1989       374980    373978    267134     73357   0.2746   0.2540   100
   1990       591640    336664    249540     60244   0.2414   0.2082    99
   1991       413210    381895    271947     83450   0.3069   0.2810    99
   1992       224340    401261    292430     51870   0.1774   0.1685    99
   1993       528890    403756    297687     93328   0.3135   0.3160   100
   1994       759890    358735    268418     54030   0.2013   0.1776    99
   1995       374980    415749    294741     53080   0.1801   0.1709   100
   1996       392350    414583    309185     56957   0.1842   0.1818    99
   1997       350870    423142    321850     57672   0.1792   0.1792   100
   1998       224340    402090    308411     69378   0.2250   0.2123    99
   1999       482830    394938    309146     57310   0.1854   0.1757    99
   2000       456080    375009    283666     65853   0.2321   0.2051    99
   2001       361160    396724    299917     50552   0.1686   0.1618   100
   2002       224340    385565    277356     91261   0.3290   0.3137    99
 
 -----------------------------------------------------------------            
 No of years for separable analysis : 11                                      
 Age range in the analysis : 0  . . . 9                                       
 Year range in the analysis : 1972  . . . 2002                                
 Number of indices of SSB : 1                                                 
 Number of age-structured indices : 1                                         
                                                                              
 Parameters to estimate : 46                                                  
 Number of observations : 150                                                 
                                                                              
 Conventional single selection vector model to be fitted.                     
                                                                              
                                                                              
                                                                              
 -----------------------------------------------------------------            
 
 
 PARAMETER ESTIMATES                                                            
  
 
 ³Parm.³      ³ Maximum ³    ³        ³         ³         ³         ³ Mean of ³ 
  
 ³ No. ³      ³ Likelh. ³ CV ³  Lower ³ Upper   ³  -s.e.  ³   +s.e. ³ Param.  ³ 
  
 ³     ³      ³ Estimate³ (%)³ 95% CL ³ 95% CL  ³         ³         ³ Distrib.³ 
  
 Separable model : F by year                                                    
  
    1   1992     0.1565   1    0.1533    0.1598    0.1549    0.1582    0.1565
    2   1993     0.2935   1    0.2877    0.2995    0.2905    0.2965    0.2935
    3   1994     0.1650   1    0.1617    0.1683    0.1633    0.1667    0.1650
    4   1995     0.1588   1    0.1557    0.1620    0.1572    0.1604    0.1588
    5   1996     0.1689   0    0.1657    0.1722    0.1672    0.1705    0.1689
    6   1997     0.1665   0    0.1634    0.1696    0.1649    0.1681    0.1665
    7   1998     0.1972   0    0.1935    0.2009    0.1953    0.1991    0.1972
    8   1999     0.1632   0    0.1602    0.1662    0.1617    0.1647    0.1632
    9   2000     0.1905   0    0.1871    0.1941    0.1888    0.1923    0.1905
   10   2001     0.1503   0    0.1475    0.1531    0.1489    0.1517    0.1503
   11   2002     0.2914   1    0.2853    0.2977    0.2883    0.2946    0.2915
 
 Separable Model: Selection (S) by age                                          
  
   12      0     0.0348   4    0.0316    0.0383    0.0331    0.0365    0.0348
   13      1     0.1317   1    0.1291    0.1344    0.1304    0.1330    0.1317
   14      2     0.2915   0    0.2861    0.2970    0.2887    0.2943    0.2915
   15      3     0.5751   0    0.5650    0.5854    0.5699    0.5803    0.5751
   16      4     0.8792   0    0.8645    0.8942    0.8717    0.8868    0.8792
           5     1.0000     Fixed : Reference Age             
   17      6     1.1309   0    1.1131    1.1490    1.1218    1.1401    1.1309
   18      7     1.2956   0    1.2753    1.3162    1.2852    1.3061    1.2956
           8     1.2000     Fixed : Last true age             
 
 Separable model: Populations in year 2002                                    
   19      0     224341  15     163997    306888    191198    263228    227225
   20      1     309237   2     294140    325109    301440    317236    309338
   21      2     329065   1     317998    340517    323372    334859    329115
   22      3     285739   1     278240    293441    281888    289643    285766
   23      4     103837   1     101346    106390    102559    105132    103845
   24      5     120224   1     117756    122742    118958    121502    120230
   25      6      97049   0      95233     98900     96118     97989     97053
   26      7      65574   0      64392     66777     64968     66185     65577
   27      8      91358   0      89883     92858     90602     92120     91361
 
Separable model: Populations at age
   28   1992      49342   2      47171     51613     48222     50488     49355
   29   1993      43574   1      42153     45043     42843     44317     43580
   30   1994      31688   1      30778     32626     31220     32163     31692
   31   1995      47360   1      46184     48566     46756     47972     47364
   32   1996      49782   1      48685     50904     49220     50351     49785
   33   1997      40675   1      39840     41527     40247     41107     40677
   34   1998      67817   0      66623     69031     67205     68434     67819
   35   1999      47539   0      46689     48404     47103     47978     47541
   36   2000      26581   0      26092     27080     26331     26834     26583
   37   2001      61588   0      60519     62675     61040     62140     61590
 
 SSB Index catchabilities                                                       
  
   INDEX                                 
 Absolute estimator. No fitted catchability.                                    
  
 
 
 
 Age-structured index catchabilities                                            
  
                                        FLT01: Dummy survey                     
 
 Linear model fitted. Slopes at age :                                           
  
   38   1  Q  .2068      32 .1518     .5367     .2068     .3939     .3006    
   39   2  Q  1.050      32 .7709     2.727     1.050     2.001     1.527    
   40   3  Q  2.466      32 1.810     6.401     2.466     4.698     3.585    
   41   4  Q  1.219      32 .8950     3.165     1.219     2.323     1.773    
   42   5  Q  1.029      32 .7551     2.671     1.029     1.960     1.496    
   43   6  Q  1.631      32 1.197     4.233     1.631     3.106     2.371    
   44   7  Q  1.427      32 1.048     3.705     1.427     2.719     2.075    
   45   8  Q  2.823      32 2.072     7.328     2.823     5.378     4.104    
   46   9  Q  1.089      32 .7990     2.826     1.089     2.074     1.583    
 
 
 
 RESIDUALS ABOUT THE MODEL FIT                                                  
  
 ------------------------------
 
        Separable Model Residuals
        -------------------------
------+----------------------------------------------------------------------------------------
Age   |    1992    1993    1994    1995    1996    1997    1998    1999    2000    2001    2002
------+----------------------------------------------------------------------------------------
  0   | ******* ******* ******* ******* ******* ******* ******* ******* ******* ******* *******
  1   | ******* ******* ******* ******* ******* ******* ******* ******* ******* ******* *******
  2   | ******* ******* ******* ******* ******* ******* ******* ******* ******* ******* *******
  3   | ******* ******* ******* ******* ******* ******* ******* ******* ******* ******* *******
  4   | ******* ******* ******* ******* ******* ******* ******* ******* ******* ******* *******
  5   | ******* ******* ******* ******* ******* ******* ******* ******* ******* ******* *******
  6   | ******* ******* ******* ******* ******* ******* ******* ******* ******* ******* *******
  7   | ******* ******* ******* ******* ******* ******* ******* ******* ******* ******* *******
  8   | ******* ******* ******* ******* ******* ******* ******* ******* ******* ******* *******
------+----------------------------------------------------------------------------------------
                                               
 
 
 
 SPAWNING BIOMASS INDEX RESIDUALS                                               
  
 ---------------------------------
 
          INDEX
        -------
------+------------------------------------------------------------------------------------------------------------------------
      |    1972    1973    1974    1975    1976    1977    1978    1979    1980    1981    1982    1983    1984    1985    1986
------+------------------------------------------------------------------------------------------------------------------------
  1   | ******* ******* ******* ******* ******* ******* ******* ******* ******* ******* ******* ******* ******* ******* *******
------+------------------------------------------------------------------------------------------------------------------------
                                               
 
 
          INDEX
        -------
------+------------------------------------------------------------------------------------------------------------------------
      |    1987    1988    1989    1990    1991    1992    1993    1994    1995    1996    1997    1998    1999    2000    2001
------+------------------------------------------------------------------------------------------------------------------------
  1   | ******* ******* ******* ******* ******* ******* ******* ******* ******* ******* ******* ******* ******* ******* *******
------+------------------------------------------------------------------------------------------------------------------------
                                               
 
 
          INDEX
        -------
------+--------
      |    2002
------+--------
  1   | *******
------+--------
                                               
 
 
 
 AGE-STRUCTURED INDEX RESIDUALS                                                 
  
 -------------------------------
 
        FLT01: Dummy survey
        -------------------
------+--------------------------------
Age   |    1981    1982    1983    1984
------+--------------------------------
  1   |   1.233   0.904  -0.572  -1.565
  2   |   0.374   0.292   0.728  -1.393
  3   |   0.538  -0.293  -0.303   0.058
  4   |  -2.381   1.326   0.498   0.556
  5   |   0.109  -2.141   1.490   0.541
  6   |   1.614  -0.256  -2.438   1.080
  7   |   0.527   1.738  -0.131  -2.133
  8   |  -0.128   0.052   1.027  -0.951
  9   |  -0.202   0.366  -0.175   0.010
------+--------------------------------
                                               
 
 
 
 
 
 
 PARAMETERS OF THE DISTRIBUTION OF ln(CATCHES AT AGE)                           
  
 -----------------------------------------------------
 
 Separable model fitted from 1992  to 2002                                    
 Variance                             0.0000
Skewness test stat.                   2.4809
Kurtosis test statistic               1.9364
Partial chi-square                    0.0000
Significance in fit                   0.0000
Degrees of freedom                        62
 
 
 PARAMETERS OF DISTRIBUTIONS OF THE SSB INDICES                                 
  
 -----------------------------------------------
 
 
   DISTRIBUTION STATISTICS FOR   INDEX                                          
 
 
 Index used as absolute measure of abundance                                    
  
 Last age is a plus-group                                                       
  
 
 Variance                             0.0000
Skewness test stat.                   0.6178
Kurtosis test statistic              -0.5479
Partial chi-square                    0.0000
Significance in fit                   0.0000
Number of observations                    15
Degrees of freedom                        15
Weight in the analysis                5.0000
 
 PARAMETERS OF THE DISTRIBUTION OF THE AGE-STRUCTURED INDICES                   
  
 ------------------------------------------------------------ 
 
 
   DISTRIBUTION STATISTICS FOR FLT01: Dummy survey                              
 
 
 Linear catchability relationship assumed                                       
  
 
 Age                          1         2         3         4         5         6         7         8         9
 Variance                0.0019    0.0010    0.0002    0.0030    0.0026    0.0036    0.0029    0.0007    0.0001
Skewness test stat.     -0.1989   -0.8269    0.5217   -0.7862   -0.5463   -0.4831   -0.3198    0.1303    0.6237
Kurtosis test statisti  -0.6574   -0.3090   -0.4896   -0.3186   -0.3838   -0.4824   -0.4354   -0.4190   -0.4288
Partial chi-square       0.0005    0.0002    0.0000    0.0007    0.0007    0.0009    0.0008    0.0002    0.0000
Significance in fit      0.0000    0.0000    0.0000    0.0000    0.0000    0.0000    0.0000    0.0000    0.0000
Number of observations        4         4         4         4         4         4         4         4         4
Degrees of freedom            3         3         3         3         3         3         3         3         3
Weight in the analysis   0.0011    0.0011    0.0011    0.0011    0.0011    0.0011    0.0011    0.0011    0.0011
 
 ANALYSIS OF VARIANCE                   
--------------------------
 
 Unweighted Statistics                                                          
  
 
                                                                                
  
Variance                              
                                       SSQ     Data    Parameters d.f. Variance
Total for model                        43.2004     150         46  104   0.4154
Catches at age                          0.0000      99         37   62   0.0000
  
SSB Indices                           
  INDEX                                 0.0000      15          0   15   0.0000
  
 Aged Indices                                                                   
  
FLT01: Dummy survey                    43.2004      36          9   27   1.6000
 
 
 Weighted Statistics                                                            
  
 
                                                                                
  
Variance                              
                                       SSQ     Data    Parameters d.f. Variance
Total for model                         0.0001     150         46  104   0.0000
Catches at age                          0.0000      99         37   62   0.0000
  
SSB Indices                           
  INDEX                                 0.0000      15          0   15   0.0000
  
 Aged Indices                                                                   
  
FLT01: Dummy survey                     0.0001      36          9   27   0.0000
 
