 Output Generated by ICA Version 1.4                                            
  
 ------------------------------------
 
        Mackerel NE Atlantic  WG2003
        ----------------------------
 
        Catch in Number
        ---------------
------+------------------------------------------------------------------------------------------------------------------------
AGE   |    1972    1973    1974    1975    1976    1977    1978    1979    1980    1981    1982    1983    1984    1985    1986
------+------------------------------------------------------------------------------------------------------------------------
  0   |   4219.   4776.   2223.   2883.   2984.   4900.   3730.   4529.   4190.   4087.   3081.   2758.   1826.   3615.   2560.
  1   |   8559.  17605.   7986.  12172.   5730.  16663.  11567.  14019.  17563.  11819.  12653.   8423.   6644.   9504.   8336.
  2   |   9309.  20201.  16773.  24878.  13792.  18163.  22326.  24693.  30703.  27974.  20709.  19638.  11591.  19655.  12460.
  3   |  34605.  18489.  16406.  44410.  24062.  37025.  20605.  40405.  45382.  41041.  41295.  27231.  23136.  29082.  21887.
  4   |  31112.  49450.  10903.  31718.  31293.  46962.  30299.  27060.  53199.  43314.  43528.  39262.  23505.  42260.  23459.
  5   |  30917.  31409.  20524.  15089.  15804.  43602.  27007.  28248.  25069.  35477.  32294.  29188.  24121.  30657.  24031.
  6   |  18838.  30065.  12602.  27535.   7279.  21308.  24174.  24341.  25161.  16047.  25459.  20899.  17405.  30460.  16837.
  7   |  23068.  17877.  11833.  16619.  13050.   9625.  11548.  21355.  21114.  15661.  11232.  16123.  12277.  21573.  16387.
  8   |   7692.  17578.   5581.  12594.   6269.  13929.   4152.   8187.  14848.  10468.   8756.   5677.   7567.  12272.   9242.
  9   |  16909.  19038.  11718.  18899.  11786.  19759.  14339.  13171.  14557.  14884.  14225.  12257.   8603.  16074.  12367.
------+------------------------------------------------------------------------------------------------------------------------
       x 10 ^ 3                                
 
 
        Catch in Number
        ---------------
------+------------------------------------------------------------------------------------------------------------------------
AGE   |    1987    1988    1989    1990    1991    1992    1993    1994    1995    1996    1997    1998    1999    2000    2001
------+------------------------------------------------------------------------------------------------------------------------
  0   |   1122.   1114.   3534.   2725.   4204.   3274.   1219.   1990.   6793.   2280.   4402.   5357.   2301.   2588.   1387.
  1   |   6842.   4599.   3738.   8251.  14633.  12382.   9699.   4783.   6445.  15187.  10543.  14218.  10821.   9265.   6946.
  2   |  12748.  16020.   8789.   4989.  25197.  24417.  20836.  21547.   8746.   8185.  39799.  19202.  16325.  24811.  14168.
  3   |  16356.  25538.  26059.  10055.  12939.  35490.  34824.  39017.  33047.   9419.  18103.  60692.  18719.  31860.  32328.
  4   |  21143.  24076.  30281.  21882.  19022.  13121.  36642.  46995.  42763.  25715.  15059.  19680.  42781.  26665.  30245.
  5   |  16202.  22313.  20307.  18118.  29604.  13572.   9573.  34947.  36083.  23400.  29175.  11447.   9749.  43476.  17957.
  6   |  16140.  16619.  18229.  11802.  23749.  20347.   9562.   8800.  25768.  19049.  25625.  21275.   5472.   9602.  28350.
  7   |  11165.  16329.  13338.  10445.  15199.  15939.  14036.   8586.   6312.  13309.  20403.  18155.   9955.   5298.   6151.
  8   |   8701.   9088.  10506.   6107.  10854.   8144.   8788.  10112.   4918.   2593.  11470.  11539.   6748.   7747.   2712.
  9   |  11777.  17381.  17190.  12806.  19504.  16008.  13283.  15714.  14997.   8111.   9035.  11570.   8736.  12686.  11134.
------+------------------------------------------------------------------------------------------------------------------------
       x 10 ^ 3                                
 
 
        Catch in Number
        ---------------
------+--------
AGE   |    2002
------+--------
  0   |   2833.
  1   |   3762.
  2   |  10779.
  3   |  18869.
  4   |  31677.
  5   |  21187.
  6   |  12232.
  7   |  19063.
  8   |   3312.
  9   |   7323.
------+--------
       x 10 ^ 3                                
 
 
 
        Predicted Catch in Number
        -------------------------
------+----------------------------------------------------------------------------------------
AGE   |    1992    1993    1994    1995    1996    1997    1998    1999    2000    2001    2002
------+----------------------------------------------------------------------------------------
  0   |   3274.   1219.   1990.   6793.   2280.   4402.   5357.   2301.   2588.   1387.   2833.
  1   |  12382.   9699.   4783.   6445.  15187.  10543.  14218.  10821.   9265.   6946.   3762.
  2   |  24417.  20836.  21547.   8746.   8185.  39799.  19202.  16325.  24811.  14168.  10779.
  3   |  35490.  34824.  39017.  33047.   9419.  18103.  60692.  18719.  31860.  32328.  18869.
  4   |  13121.  36642.  46995.  42763.  25715.  15059.  19680.  42780.  26665.  30245.  31677.
  5   |  13572.   9573.  34947.  36083.  23400.  29175.  11447.   9749.  43476.  17957.  21187.
  6   |  20347.   9562.   8800.  25768.  19049.  25625.  21275.   5472.   9602.  28350.  12232.
  7   |  15939.  14036.   8586.   6312.  13309.  20403.  18155.   9955.   5298.   6151.  19063.
  8   |   8144.   8788.  10112.   4918.   2593.  11470.  11539.   6748.   7747.   2712.   3312.
------+----------------------------------------------------------------------------------------
       x 10 ^ 3                                
 
 
 
        Weights at age in the catches (Kg)
        ----------------------------------
------+------------------------------------------------------------------------------------------------------------------------
AGE   |    1972    1973    1974    1975    1976    1977    1978    1979    1980    1981    1982    1983    1984    1985    1986
------+------------------------------------------------------------------------------------------------------------------------
  0   | 0.05200 0.05000 0.05100 0.05000 0.05900 0.05600 0.03600 0.01600 0.05700 0.06000 0.05300 0.05000 0.03100 0.05500 0.03900
  1   | 0.13500 0.14500 0.13600 0.14800 0.13700 0.13600 0.13500 0.13700 0.13100 0.13200 0.13100 0.16800 0.10200 0.14400 0.14600
  2   | 0.27700 0.19400 0.22900 0.17700 0.20700 0.16900 0.16100 0.16100 0.24900 0.24800 0.24900 0.21900 0.18400 0.26200 0.24500
  3   | 0.34100 0.28500 0.26100 0.25900 0.26300 0.27500 0.25000 0.24300 0.28500 0.28700 0.28500 0.27600 0.29500 0.35700 0.33500
  4   | 0.42300 0.36800 0.33400 0.32300 0.32000 0.33300 0.32500 0.31800 0.34500 0.34400 0.34500 0.31000 0.32600 0.41800 0.42300
  5   | 0.46800 0.44800 0.39200 0.34800 0.34600 0.35200 0.34500 0.34800 0.37800 0.37700 0.37800 0.38600 0.34400 0.41700 0.47100
  6   | 0.46800 0.46800 0.48100 0.43000 0.40600 0.40700 0.40300 0.40100 0.45400 0.45400 0.45400 0.42500 0.43100 0.43600 0.44400
  7   | 0.50800 0.50800 0.50800 0.48800 0.44300 0.44600 0.42100 0.41600 0.49800 0.49900 0.49600 0.43500 0.54200 0.52100 0.45700
  8   | 0.53900 0.53900 0.53900 0.53900 0.51800 0.54600 0.51800 0.50600 0.52000 0.51300 0.51300 0.49800 0.48000 0.55500 0.54300
  9   | 0.59685 0.60325 0.59711 0.60477 0.60012 0.59217 0.56520 0.54990 0.56541 0.55855 0.55960 0.58310 0.61543 0.61405 0.60112
------+------------------------------------------------------------------------------------------------------------------------
                                               
 
 
        Weights at age in the catches (Kg)
        ----------------------------------
------+------------------------------------------------------------------------------------------------------------------------
AGE   |    1987    1988    1989    1990    1991    1992    1993    1994    1995    1996    1997    1998    1999    2000    2001
------+------------------------------------------------------------------------------------------------------------------------
  0   | 0.07600 0.05500 0.04900 0.08500 0.06800 0.05100 0.06100 0.04600 0.07200 0.05800 0.07600 0.06500 0.06200 0.06300 0.06900
  1   | 0.17900 0.13300 0.13600 0.15600 0.15600 0.16700 0.13400 0.13600 0.14300 0.14300 0.14300 0.15700 0.17600 0.13500 0.17100
  2   | 0.22300 0.25900 0.23700 0.23300 0.25300 0.23900 0.24000 0.25500 0.23400 0.22600 0.23000 0.22700 0.23600 0.22900 0.22300
  3   | 0.31800 0.32300 0.32000 0.33600 0.32700 0.33300 0.31700 0.33900 0.33300 0.31300 0.29500 0.31000 0.30700 0.30800 0.30700
  4   | 0.39900 0.38800 0.37700 0.37900 0.39400 0.39700 0.37600 0.39000 0.39000 0.37700 0.35900 0.35400 0.36100 0.36700 0.37800
  5   | 0.47400 0.45600 0.43300 0.42300 0.42300 0.46000 0.43600 0.44800 0.45200 0.42500 0.41500 0.40800 0.40600 0.42900 0.42600
  6   | 0.51200 0.52400 0.45600 0.46700 0.46900 0.49500 0.48300 0.51200 0.50100 0.48400 0.45300 0.45200 0.45400 0.46700 0.47700
  7   | 0.49300 0.55500 0.54300 0.52800 0.50600 0.53200 0.52700 0.54300 0.53900 0.51800 0.48100 0.46200 0.50100 0.50400 0.49900
  8   | 0.49800 0.55500 0.59200 0.55200 0.55400 0.55500 0.54800 0.59000 0.57700 0.55100 0.52400 0.51800 0.53700 0.53700 0.54300
  9   | 0.61579 0.60182 0.61190 0.61673 0.63831 0.63452 0.61339 0.62794 0.61329 0.60217 0.58666 0.56921 0.58494 0.58413 0.60518
------+------------------------------------------------------------------------------------------------------------------------
                                               
 
 
        Weights at age in the catches (Kg)
        ----------------------------------
------+--------
AGE   |    2002
------+--------
  0   | 0.05200
  1   | 0.15900
  2   | 0.25500
  3   | 0.30700
  4   | 0.36900
  5   | 0.42600
  6   | 0.46400
  7   | 0.51400
  8   | 0.53900
  9   | 0.61823
------+--------
                                               
 
 
 
        Weights at age in the stock (Kg)
        --------------------------------
------+------------------------------------------------------------------------------------------------------------------------
AGE   |    1972    1973    1974    1975    1976    1977    1978    1979    1980    1981    1982    1983    1984    1985    1986
------+------------------------------------------------------------------------------------------------------------------------
  0   | 0.00800 0.00800 0.00800 0.00800 0.00800 0.00800 0.00800 0.00800 0.00800 0.00800 0.00800 0.00800 0.00000 0.00000 0.00000
  1   | 0.13200 0.13200 0.13000 0.12900 0.12800 0.12700 0.11100 0.11000 0.10900 0.08700 0.08600 0.08600 0.08100 0.08500 0.07700
  2   | 0.17800 0.17700 0.17300 0.17100 0.17000 0.16700 0.17500 0.17400 0.17300 0.18600 0.13500 0.17200 0.19400 0.16500 0.17900
  3   | 0.24300 0.24200 0.23800 0.23600 0.23600 0.23300 0.23800 0.23700 0.23600 0.25200 0.22100 0.23500 0.25300 0.29300 0.26700
  4   | 0.41100 0.30100 0.29600 0.29400 0.29300 0.28900 0.30000 0.29900 0.29700 0.31300 0.28000 0.28000 0.29500 0.30600 0.30400
  5   | 0.35500 0.43800 0.32200 0.31800 0.31800 0.31300 0.34600 0.34500 0.34300 0.32300 0.38500 0.33900 0.32400 0.34100 0.35600
  6   | 0.39800 0.39800 0.46900 0.36500 0.36500 0.36100 0.38200 0.38000 0.37900 0.37800 0.35300 0.37700 0.39300 0.38400 0.35100
  7   | 0.43300 0.43300 0.43300 0.49700 0.41900 0.41600 0.41000 0.40800 0.40700 0.41900 0.40800 0.40400 0.43600 0.43000 0.41600
  8   | 0.45900 0.45900 0.45900 0.45900 0.51200 0.44600 0.43200 0.43000 0.42900 0.43400 0.43700 0.43900 0.44100 0.45900 0.47300
  9   | 0.51125 0.51741 0.51191 0.51864 0.51505 0.53522 0.49728 0.50491 0.48290 0.46582 0.47412 0.51152 0.50891 0.52164 0.47080
------+------------------------------------------------------------------------------------------------------------------------
                                               
 
 
        Weights at age in the stock (Kg)
        --------------------------------
------+------------------------------------------------------------------------------------------------------------------------
AGE   |    1987    1988    1989    1990    1991    1992    1993    1994    1995    1996    1997    1998    1999    2000    2001
------+------------------------------------------------------------------------------------------------------------------------
  0   | 0.00000 0.00000 0.00000 0.00000 0.00000 0.00000 0.00000 0.00000 0.00000 0.00000 0.00000 0.00000 0.00000 0.00000 0.00000
  1   | 0.07800 0.07200 0.07600 0.07400 0.07500 0.07800 0.07800 0.07900 0.08100 0.07600 0.07600 0.07700 0.08100 0.07400 0.07800
  2   | 0.14800 0.15600 0.17700 0.13800 0.15500 0.21200 0.19700 0.17800 0.16400 0.13300 0.18600 0.14900 0.19400 0.18500 0.16400
  3   | 0.24000 0.23700 0.24400 0.22200 0.23000 0.25900 0.26800 0.23700 0.26700 0.25100 0.22800 0.22300 0.24200 0.23500 0.24100
  4   | 0.28600 0.30100 0.30600 0.28700 0.30700 0.31000 0.31500 0.30100 0.32600 0.31700 0.29600 0.28500 0.30100 0.28900 0.34200
  5   | 0.37400 0.32900 0.35200 0.33900 0.35700 0.36200 0.36000 0.36100 0.39800 0.36600 0.36100 0.34200 0.35300 0.35000 0.39000
  6   | 0.38600 0.42300 0.38000 0.37300 0.40900 0.40200 0.41600 0.41300 0.44800 0.44400 0.40200 0.40000 0.39600 0.39000 0.44600
  7   | 0.41100 0.44500 0.42900 0.41400 0.43200 0.42400 0.45400 0.46600 0.49100 0.46200 0.44500 0.42600 0.42300 0.42600 0.45900
  8   | 0.42900 0.43200 0.47400 0.40900 0.50200 0.46200 0.46500 0.47000 0.50800 0.50100 0.47800 0.46600 0.44000 0.44700 0.49900
  9   | 0.48942 0.51620 0.48673 0.48628 0.56154 0.52266 0.52504 0.53581 0.56028 0.58789 0.54041 0.52180 0.49271 0.49872 0.56435
------+------------------------------------------------------------------------------------------------------------------------
                                               
 
 
        Weights at age in the stock (Kg)
        --------------------------------
------+--------
AGE   |    2002
------+--------
  0   | 0.00000
  1   | 0.07800
  2   | 0.18100
  3   | 0.23900
  4   | 0.31100
  5   | 0.36400
  6   | 0.41100
  7   | 0.43600
  8   | 0.46200
  9   | 0.52772
------+--------
                                               
 
 
 
        Natural Mortality (per year)
        ----------------------------
------+------------------------------------------------------------------------------------------------------------------------
AGE   |    1972    1973    1974    1975    1976    1977    1978    1979    1980    1981    1982    1983    1984    1985    1986
------+------------------------------------------------------------------------------------------------------------------------
  0   | 0.15000 0.15000 0.15000 0.15000 0.15000 0.15000 0.15000 0.15000 0.15000 0.15000 0.15000 0.15000 0.15000 0.15000 0.15000
  1   | 0.15000 0.15000 0.15000 0.15000 0.15000 0.15000 0.15000 0.15000 0.15000 0.15000 0.15000 0.15000 0.15000 0.15000 0.15000
  2   | 0.15000 0.15000 0.15000 0.15000 0.15000 0.15000 0.15000 0.15000 0.15000 0.15000 0.15000 0.15000 0.15000 0.15000 0.15000
  3   | 0.15000 0.15000 0.15000 0.15000 0.15000 0.15000 0.15000 0.15000 0.15000 0.15000 0.15000 0.15000 0.15000 0.15000 0.15000
  4   | 0.15000 0.15000 0.15000 0.15000 0.15000 0.15000 0.15000 0.15000 0.15000 0.15000 0.15000 0.15000 0.15000 0.15000 0.15000
  5   | 0.15000 0.15000 0.15000 0.15000 0.15000 0.15000 0.15000 0.15000 0.15000 0.15000 0.15000 0.15000 0.15000 0.15000 0.15000
  6   | 0.15000 0.15000 0.15000 0.15000 0.15000 0.15000 0.15000 0.15000 0.15000 0.15000 0.15000 0.15000 0.15000 0.15000 0.15000
  7   | 0.15000 0.15000 0.15000 0.15000 0.15000 0.15000 0.15000 0.15000 0.15000 0.15000 0.15000 0.15000 0.15000 0.15000 0.15000
  8   | 0.15000 0.15000 0.15000 0.15000 0.15000 0.15000 0.15000 0.15000 0.15000 0.15000 0.15000 0.15000 0.15000 0.15000 0.15000
  9   | 0.15000 0.15000 0.15000 0.15000 0.15000 0.15000 0.15000 0.15000 0.15000 0.15000 0.15000 0.15000 0.15000 0.15000 0.15000
------+------------------------------------------------------------------------------------------------------------------------
                                               
 
 
        Natural Mortality (per year)
        ----------------------------
------+------------------------------------------------------------------------------------------------------------------------
AGE   |    1987    1988    1989    1990    1991    1992    1993    1994    1995    1996    1997    1998    1999    2000    2001
------+------------------------------------------------------------------------------------------------------------------------
  0   | 0.15000 0.15000 0.15000 0.15000 0.15000 0.15000 0.15000 0.15000 0.15000 0.15000 0.15000 0.15000 0.15000 0.15000 0.15000
  1   | 0.15000 0.15000 0.15000 0.15000 0.15000 0.15000 0.15000 0.15000 0.15000 0.15000 0.15000 0.15000 0.15000 0.15000 0.15000
  2   | 0.15000 0.15000 0.15000 0.15000 0.15000 0.15000 0.15000 0.15000 0.15000 0.15000 0.15000 0.15000 0.15000 0.15000 0.15000
  3   | 0.15000 0.15000 0.15000 0.15000 0.15000 0.15000 0.15000 0.15000 0.15000 0.15000 0.15000 0.15000 0.15000 0.15000 0.15000
  4   | 0.15000 0.15000 0.15000 0.15000 0.15000 0.15000 0.15000 0.15000 0.15000 0.15000 0.15000 0.15000 0.15000 0.15000 0.15000
  5   | 0.15000 0.15000 0.15000 0.15000 0.15000 0.15000 0.15000 0.15000 0.15000 0.15000 0.15000 0.15000 0.15000 0.15000 0.15000
  6   | 0.15000 0.15000 0.15000 0.15000 0.15000 0.15000 0.15000 0.15000 0.15000 0.15000 0.15000 0.15000 0.15000 0.15000 0.15000
  7   | 0.15000 0.15000 0.15000 0.15000 0.15000 0.15000 0.15000 0.15000 0.15000 0.15000 0.15000 0.15000 0.15000 0.15000 0.15000
  8   | 0.15000 0.15000 0.15000 0.15000 0.15000 0.15000 0.15000 0.15000 0.15000 0.15000 0.15000 0.15000 0.15000 0.15000 0.15000
  9   | 0.15000 0.15000 0.15000 0.15000 0.15000 0.15000 0.15000 0.15000 0.15000 0.15000 0.15000 0.15000 0.15000 0.15000 0.15000
------+------------------------------------------------------------------------------------------------------------------------
                                               
 
 
        Natural Mortality (per year)
        ----------------------------
------+--------
AGE   |    2002
------+--------
  0   | 0.15000
  1   | 0.15000
  2   | 0.15000
  3   | 0.15000
  4   | 0.15000
  5   | 0.15000
  6   | 0.15000
  7   | 0.15000
  8   | 0.15000
  9   | 0.15000
------+--------
                                               
 
 
 
        Proportion of fish spawning
        ---------------------------
------+------------------------------------------------------------------------------------------------------------------------
AGE   |    1972    1973    1974    1975    1976    1977    1978    1979    1980    1981    1982    1983    1984    1985    1986
------+------------------------------------------------------------------------------------------------------------------------
  0   |  0.0000  0.0000  0.0000  0.0000  0.0000  0.0000  0.0000  0.0000  0.0000  0.0000  0.0000  0.0000  0.0000  0.0000  0.0000
  1   |  0.0500  0.0500  0.0500  0.0600  0.0600  0.0600  0.0600  0.0600  0.0600  0.0700  0.0700  0.0700  0.0700  0.0700  0.0700
  2   |  0.5300  0.5400  0.5400  0.5500  0.5500  0.5500  0.5600  0.5600  0.5700  0.5700  0.5700  0.5800  0.5800  0.5800  0.5800
  3   |  0.9000  0.9000  0.9000  0.8900  0.8900  0.8900  0.8900  0.8900  0.8900  0.8800  0.8800  0.8800  0.8800  0.8800  0.8800
  4   |  0.9800  0.9800  0.9800  0.9800  0.9800  0.9800  0.9800  0.9800  0.9800  0.9800  0.9800  0.9800  0.9700  0.9700  0.9700
  5   |  0.9800  0.9800  0.9800  0.9800  0.9800  0.9800  0.9800  0.9800  0.9800  0.9800  0.9800  0.9800  0.9700  0.9700  0.9700
  6   |  0.9900  0.9900  0.9900  0.9900  0.9900  0.9900  0.9900  0.9900  0.9900  0.9900  0.9900  0.9900  0.9900  0.9900  0.9900
  7   |  1.0000  1.0000  1.0000  1.0000  1.0000  1.0000  1.0000  1.0000  1.0000  1.0000  1.0000  1.0000  1.0000  1.0000  1.0000
  8   |  1.0000  1.0000  1.0000  1.0000  1.0000  1.0000  1.0000  1.0000  1.0000  1.0000  1.0000  1.0000  1.0000  1.0000  1.0000
  9   |  1.0000  1.0000  1.0000  1.0000  1.0000  1.0000  1.0000  1.0000  1.0000  1.0000  1.0000  1.0000  1.0000  1.0000  1.0000
------+------------------------------------------------------------------------------------------------------------------------
                                               
 
 
        Proportion of fish spawning
        ---------------------------
------+------------------------------------------------------------------------------------------------------------------------
AGE   |    1987    1988    1989    1990    1991    1992    1993    1994    1995    1996    1997    1998    1999    2000    2001
------+------------------------------------------------------------------------------------------------------------------------
  0   |  0.0000  0.0000  0.0000  0.0000  0.0000  0.0000  0.0000  0.0000  0.0000  0.0000  0.0000  0.0000  0.0000  0.0000  0.0000
  1   |  0.0700  0.0700  0.0700  0.0700  0.0700  0.0700  0.0700  0.0700  0.0700  0.0700  0.0700  0.0700  0.0700  0.0700  0.0700
  2   |  0.5800  0.5800  0.5800  0.5800  0.5800  0.5800  0.5800  0.5800  0.5800  0.5800  0.5800  0.5800  0.5800  0.5800  0.5900
  3   |  0.8800  0.8800  0.8800  0.8800  0.8800  0.8800  0.8800  0.8800  0.8800  0.8800  0.8800  0.8600  0.8600  0.8600  0.8800
  4   |  0.9700  0.9700  0.9700  0.9700  0.9700  0.9700  0.9700  0.9700  0.9700  0.9700  0.9700  0.9800  0.9800  0.9800  0.9700
  5   |  0.9700  0.9700  0.9700  0.9700  0.9700  0.9700  0.9700  0.9700  0.9700  0.9700  0.9700  0.9800  0.9800  0.9800  0.9700
  6   |  0.9900  0.9900  0.9900  0.9900  0.9900  0.9900  0.9900  0.9900  0.9900  0.9900  0.9900  0.9900  0.9900  0.9900  0.9900
  7   |  1.0000  1.0000  1.0000  1.0000  1.0000  1.0000  1.0000  1.0000  1.0000  1.0000  1.0000  1.0000  1.0000  1.0000  1.0000
  8   |  1.0000  1.0000  1.0000  1.0000  1.0000  1.0000  1.0000  1.0000  1.0000  1.0000  1.0000  1.0000  1.0000  1.0000  1.0000
  9   |  1.0000  1.0000  1.0000  1.0000  1.0000  1.0000  1.0000  1.0000  1.0000  1.0000  1.0000  1.0000  1.0000  1.0000  1.0000
------+------------------------------------------------------------------------------------------------------------------------
                                               
 
 
        Proportion of fish spawning
        ---------------------------
------+--------
AGE   |    2002
------+--------
  0   |  0.0000
  1   |  0.0700
  2   |  0.5900
  3   |  0.8800
  4   |  0.9700
  5   |  0.9700
  6   |  0.9900
  7   |  1.0000
  8   |  1.0000
  9   |  1.0000
------+--------
                                               
 
 
 
 INDICES OF SPAWNING BIOMASS                                                    
  
 ----------------------------
 
          INDEX
        -------
------+------------------------------------------------------------------------------------------------------------------------
      |    1972    1973    1974    1975    1976    1977    1978    1979    1980    1981    1982    1983    1984    1985    1986
------+------------------------------------------------------------------------------------------------------------------------
  1   | ******* ******* ******* ******* ******* ******* ******* ******* ******* ******* ******* ******* ******* ******* *******
------+------------------------------------------------------------------------------------------------------------------------
       x 10 ^ 3                                
 
 
          INDEX
        -------
------+------------------------------------------------------------------------------------------------------------------------
      |    1987    1988    1989    1990    1991    1992    1993    1994    1995    1996    1997    1998    1999    2000    2001
------+------------------------------------------------------------------------------------------------------------------------
  1   | *******  261.79  248.47  213.80  224.16  241.25  259.72  251.16  248.90  214.89  222.56  213.07  239.55  257.78  293.14
------+------------------------------------------------------------------------------------------------------------------------
       x 10 ^ 3                                
 
 
          INDEX
        -------
------+--------
      |    2002
------+--------
  1   |  282.91
------+--------
       x 10 ^ 3                                
 
 
 
 AGE-STRUCTURED INDICES                                                         
  
 -----------------------
 
        FLT01: Dummy survey
        -------------------
------+--------------------------------
AGE   |    1981    1982    1983    1984
------+--------------------------------
  1   |  266.10  203.00   43.60   15.24
  2   |  506.40  435.90  712.70   79.51
  3   |  225.10  483.60  444.60  661.83
  4   |   31.70  184.10  391.60  374.60
  5   |  174.80   24.70  130.40  238.20
  6   |  158.50  136.60   20.20   92.00
  7   |   99.50  108.60   91.30   15.54
  8   |  116.60   84.50   70.90   51.47
  9   |   35.30   87.00   47.10   39.27
------+--------------------------------
       x 10 ^ 3                                
 
 
 
        Fishing Mortality (per year)
        ----------------------------
------+------------------------------------------------------------------------------------------------------------------------
AGE   |    1972    1973    1974    1975    1976    1977    1978    1979    1980    1981    1982    1983    1984    1985    1986
------+------------------------------------------------------------------------------------------------------------------------
  0   | 0.00771 0.01010 0.00526 0.00902 0.00558 0.00977 0.00721 0.00849 0.01034 0.00916 0.00889 0.00760 0.00570 0.00929 0.00669
  1   | 0.02917 0.03822 0.01992 0.03413 0.02113 0.03699 0.02730 0.03211 0.03914 0.03465 0.03363 0.02875 0.02157 0.03518 0.02533
  2   | 0.06457 0.08460 0.04408 0.07554 0.04677 0.08186 0.06043 0.07108 0.08663 0.07669 0.07444 0.06364 0.04775 0.07786 0.05606
  3   | 0.12739 0.16690 0.08697 0.14902 0.09228 0.16151 0.11921 0.14023 0.17090 0.15131 0.14687 0.12556 0.09421 0.15360 0.11061
  4   | 0.19475 0.25515 0.13295 0.22783 0.14107 0.24691 0.18225 0.21438 0.26127 0.23132 0.22453 0.19195 0.14402 0.23482 0.16909
  5   | 0.22151 0.29021 0.15122 0.25913 0.16046 0.28083 0.20729 0.24383 0.29717 0.26310 0.25538 0.21833 0.16381 0.26708 0.19232
  6   | 0.25051 0.32820 0.17102 0.29305 0.18146 0.31759 0.23443 0.27575 0.33607 0.29754 0.28881 0.24691 0.18526 0.30205 0.21750
  7   | 0.28699 0.37600 0.19592 0.33573 0.20789 0.36385 0.26857 0.31591 0.38502 0.34087 0.33087 0.28287 0.21224 0.34604 0.24917
  8   | 0.26581 0.34825 0.18147 0.31095 0.19255 0.33700 0.24875 0.29260 0.35661 0.31572 0.30646 0.26199 0.19657 0.32050 0.23079
  9   | 0.26581 0.34825 0.18147 0.31095 0.19255 0.33700 0.24875 0.29260 0.35661 0.31572 0.30646 0.26199 0.19657 0.32050 0.23079
------+------------------------------------------------------------------------------------------------------------------------
                                               
 
 
        Fishing Mortality (per year)
        ----------------------------
------+------------------------------------------------------------------------------------------------------------------------
AGE   |    1987    1988    1989    1990    1991    1992    1993    1994    1995    1996    1997    1998    1999    2000    2001
------+------------------------------------------------------------------------------------------------------------------------
  0   | 0.00557 0.00712 0.00746 0.00542 0.00912 0.00841 0.00780 0.00960 0.00976 0.00682 0.00990 0.01005 0.00633 0.00797 0.00668
  1   | 0.02107 0.02695 0.02825 0.02053 0.03451 0.03184 0.02950 0.03632 0.03695 0.02581 0.03745 0.03802 0.02397 0.03017 0.02527
  2   | 0.04664 0.05965 0.06253 0.04544 0.07638 0.07046 0.06530 0.08038 0.08178 0.05712 0.08289 0.08414 0.05306 0.06678 0.05594
  3   | 0.09201 0.11767 0.12336 0.08965 0.15069 0.13902 0.12884 0.15858 0.16134 0.11270 0.16353 0.16600 0.10469 0.13176 0.11036
  4   | 0.14066 0.17990 0.18859 0.13705 0.23038 0.21253 0.19696 0.24244 0.24665 0.17229 0.25000 0.25378 0.16004 0.20143 0.16872
  5   | 0.15998 0.20462 0.21451 0.15588 0.26203 0.24173 0.22402 0.27575 0.28054 0.19596 0.28435 0.28865 0.18203 0.22910 0.19190
  6   | 0.18093 0.23140 0.24259 0.17628 0.29633 0.27337 0.25335 0.31184 0.31726 0.22161 0.32157 0.32643 0.20586 0.25909 0.21703
  7   | 0.20727 0.26510 0.27792 0.20196 0.33949 0.31318 0.29024 0.35726 0.36346 0.25389 0.36840 0.37398 0.23584 0.29682 0.24863
  8   | 0.19198 0.24554 0.25741 0.18706 0.31444 0.29007 0.26883 0.33090 0.33664 0.23515 0.34122 0.34638 0.21844 0.27492 0.23029
  9   | 0.19198 0.24554 0.25741 0.18706 0.31444 0.29007 0.26883 0.33090 0.33664 0.23515 0.34122 0.34638 0.21844 0.27492 0.23029
------+------------------------------------------------------------------------------------------------------------------------
                                               
 
 
        Fishing Mortality (per year)
        ----------------------------
------+--------
AGE   |    2002
------+--------
  0   | 0.00564
  1   | 0.02134
  2   | 0.04724
  3   | 0.09319
  4   | 0.14247
  5   | 0.16205
  6   | 0.18326
  7   | 0.20995
  8   | 0.19446
  9   | 0.19446
------+--------
                                               
 
 
 
        Population Abundance (1 January)
        --------------------------------
------+------------------------------------------------------------------------------------------------------------------------
AGE   |    1972    1973    1974    1975    1976    1977    1978    1979    1980    1981    1982    1983    1984    1985    1986
------+------------------------------------------------------------------------------------------------------------------------
  0   |  591.64  511.73  456.09  345.84  577.12  542.45  558.82  577.12  438.51  482.83  374.98  392.36  345.84  420.79  413.21
  1   |  320.47  505.32  436.03  390.50  294.99  493.96  462.35  477.53  492.53  373.55  411.79  319.90  335.15  295.97  358.82
  2   |  160.20  267.90  418.62  367.89  324.83  248.59  409.72  387.23  398.02  407.66  310.56  342.71  267.53  282.31  245.94
  3   |  311.06  129.26  211.88  344.77  293.61  266.81  197.15  331.97  310.43  314.15  324.97  248.13  276.78  219.53  224.79
  4   |  188.87  235.71   94.15  167.18  255.66  230.44  195.39  150.62  248.35  225.21  232.43  241.50  188.37  216.81  162.05
  5   |  167.10  133.79  157.19   70.95  114.57  191.10  154.94  140.16  104.62  164.61  153.81  159.82  171.56  140.38  147.56
  6   |   91.26  115.25   86.15  116.31   47.13   84.00  124.21  108.39   94.53   66.90  108.90  102.55  110.58  125.35   92.51
  7   |   99.22   61.14   71.44   62.49   74.68   33.83   52.62   84.57   70.81   58.14   42.76   70.22   68.95   79.08   79.76
  8   |   35.37   64.09   36.13   50.55   38.45   52.21   20.24   34.63   53.07   41.47   35.59   26.44   45.55   48.00   48.15
  9   |   77.75   69.41   75.87   75.86   72.29   74.06   69.90   55.71   52.03   58.97   57.81   57.08   51.79   62.87   64.44
------+------------------------------------------------------------------------------------------------------------------------
       x 10 ^ 6                                
 
 
        Population Abundance (1 January)
        --------------------------------
------+------------------------------------------------------------------------------------------------------------------------
AGE   |    1987    1988    1989    1990    1991    1992    1993    1994    1995    1996    1997    1998    1999    2000    2001
------+------------------------------------------------------------------------------------------------------------------------
  0   |  217.56  169.05  511.73  542.45  498.74  420.79  169.05  224.34  752.85  361.17  481.40  577.12  392.36  350.87  224.34
  1   |  353.28  186.22  144.47  437.18  464.36  425.37  359.14  144.37  191.25  641.69  308.75  410.26  491.77  335.57  299.60
  2   |  301.12  297.73  156.02  120.88  368.64  386.12  354.65  300.13  119.83  158.64  538.24  255.97  339.95  413.24  280.25
  3   |  200.14  247.37  241.42  126.14   99.42  293.96  309.73  285.95  238.37   95.04  128.96  426.41  202.54  277.47  332.70
  4   |  173.22  157.12  189.27  183.68   99.26   73.60  220.17  234.36  210.03  174.60   73.08   94.25  310.88  157.00  209.34
  5   |  117.78  129.53  112.97  134.91  137.85   67.86   51.22  155.63  158.29  141.26  126.50   48.99   62.94  228.00  110.48
  6   |  104.78   86.38   90.86   78.46   99.36   91.30   45.86   35.24  101.67  102.91   99.95   81.93   31.59   45.16  156.06
  7   |   64.06   75.26   58.99   61.36   56.62   63.59   59.78   30.64   22.20   63.72   70.97   62.37   50.88   22.13   30.00
  8   |   53.51   44.81   49.69   38.46   43.15   34.70   40.01   38.49   18.45   13.29   42.54   42.26   36.93   34.59   14.16
  9   |   72.43   85.71   81.31   80.64   77.54   68.22   60.48   59.82   56.26   41.56   33.51   42.37   47.81   56.64   58.13
------+------------------------------------------------------------------------------------------------------------------------
       x 10 ^ 6                                
 
 
        Population Abundance (1 January)
        --------------------------------
------+----------------
AGE   |    2002    2003
------+----------------
  0   |  542.45  307.31
  1   |  191.81  464.27
  2   |  251.43  161.60
  3   |  228.09  206.42
  4   |  256.44  178.85
  5   |  152.21  191.41
  6   |   78.49  111.41
  7   |  108.12   56.24
  8   |   20.13   75.44
  9   |   44.52   45.81
------+----------------
       x 10 ^ 6                                
 
 
 
        Weighting factors for the catches in number
        -------------------------------------------
------+----------------------------------------------------------------------------------------
AGE   |    1992    1993    1994    1995    1996    1997    1998    1999    2000    2001    2002
------+----------------------------------------------------------------------------------------
  0   |  0.0200  0.0200  0.0200  0.0200  0.0200  0.0200  0.0200  0.0200  0.0200  0.0200  0.0200
  1   |  1.0000  1.0000  1.0000  1.0000  1.0000  1.0000  1.0000  1.0000  1.0000  1.0000  1.0000
  2   |  1.0000  1.0000  1.0000  1.0000  1.0000  1.0000  1.0000  1.0000  1.0000  1.0000  1.0000
  3   |  1.0000  1.0000  1.0000  1.0000  1.0000  1.0000  1.0000  1.0000  1.0000  1.0000  1.0000
  4   |  1.0000  1.0000  1.0000  1.0000  1.0000  1.0000  1.0000  1.0000  1.0000  1.0000  1.0000
  5   |  1.0000  1.0000  1.0000  1.0000  1.0000  1.0000  1.0000  1.0000  1.0000  1.0000  1.0000
  6   |  1.0000  1.0000  1.0000  1.0000  1.0000  1.0000  1.0000  1.0000  1.0000  1.0000  1.0000
  7   |  1.0000  1.0000  1.0000  1.0000  1.0000  1.0000  1.0000  1.0000  1.0000  1.0000  1.0000
  8   |  1.0000  1.0000  1.0000  1.0000  1.0000  1.0000  1.0000  1.0000  1.0000  1.0000  1.0000
------+----------------------------------------------------------------------------------------
                                               
 
 
 
 Predicted SSB Index Values                                                     
  
 ---------------------------
 
          INDEX
        -------
------+------------------------------------------------------------------------------------------------------------------------
      |    1972    1973    1974    1975    1976    1977    1978    1979    1980    1981    1982    1983    1984    1985    1986
------+------------------------------------------------------------------------------------------------------------------------
  1   | ******* ******* ******* ******* ******* ******* ******* ******* ******* ******* ******* ******* ******* ******* *******
------+------------------------------------------------------------------------------------------------------------------------
       x 10 ^ 3                                
 
 
          INDEX
        -------
------+------------------------------------------------------------------------------------------------------------------------
      |    1987    1988    1989    1990    1991    1992    1993    1994    1995    1996    1997    1998    1999    2000    2001
------+------------------------------------------------------------------------------------------------------------------------
  1   | *******  261.79  248.47  213.80  224.16  241.25  259.72  251.16  248.90  214.89  222.56  213.07  239.55  257.78  293.14
------+------------------------------------------------------------------------------------------------------------------------
       x 10 ^ 3                                
 
 
          INDEX
        -------
------+--------
      |    2002
------+--------
  1   |  282.91
------+--------
       x 10 ^ 3                                
 
 
 
 Predicted Age-Structured Index Values                                          
  
 --------------------------------------
 
        FLT01: Dummy survey Predicted
        -----------------------------
------+--------------------------------
AGE   |    1981    1982    1983    1984
------+--------------------------------
  1   |   80.46   88.75   69.13   72.71
  2   |  412.83  314.89  349.56  275.27
  3   |  453.81  470.58  363.54  412.58
  4   |  171.22  177.37  187.62  150.25
  5   |  106.88  100.29  106.35  117.64
  6   |   54.58   89.28   86.03   95.97
  7   |   60.12   44.46   74.96   76.52
  8   |   85.78   73.98   56.32  100.59
  9   |   49.83   49.10   49.68   46.73
------+--------------------------------
       x 10 ^ 3                                
 
 
 
        Fitted Selection Pattern
        ------------------------
------+------------------------------------------------------------------------------------------------------------------------
AGE   |    1972    1973    1974    1975    1976    1977    1978    1979    1980    1981    1982    1983    1984    1985    1986
------+------------------------------------------------------------------------------------------------------------------------
  0   |  0.0348  0.0348  0.0348  0.0348  0.0348  0.0348  0.0348  0.0348  0.0348  0.0348  0.0348  0.0348  0.0348  0.0348  0.0348
  1   |  0.1317  0.1317  0.1317  0.1317  0.1317  0.1317  0.1317  0.1317  0.1317  0.1317  0.1317  0.1317  0.1317  0.1317  0.1317
  2   |  0.2915  0.2915  0.2915  0.2915  0.2915  0.2915  0.2915  0.2915  0.2915  0.2915  0.2915  0.2915  0.2915  0.2915  0.2915
  3   |  0.5751  0.5751  0.5751  0.5751  0.5751  0.5751  0.5751  0.5751  0.5751  0.5751  0.5751  0.5751  0.5751  0.5751  0.5751
  4   |  0.8792  0.8792  0.8792  0.8792  0.8792  0.8792  0.8792  0.8792  0.8792  0.8792  0.8792  0.8792  0.8792  0.8792  0.8792
  5   |  1.0000  1.0000  1.0000  1.0000  1.0000  1.0000  1.0000  1.0000  1.0000  1.0000  1.0000  1.0000  1.0000  1.0000  1.0000
  6   |  1.1309  1.1309  1.1309  1.1309  1.1309  1.1309  1.1309  1.1309  1.1309  1.1309  1.1309  1.1309  1.1309  1.1309  1.1309
  7   |  1.2956  1.2956  1.2956  1.2956  1.2956  1.2956  1.2956  1.2956  1.2956  1.2956  1.2956  1.2956  1.2956  1.2956  1.2956
  8   |  1.2000  1.2000  1.2000  1.2000  1.2000  1.2000  1.2000  1.2000  1.2000  1.2000  1.2000  1.2000  1.2000  1.2000  1.2000
  9   |  1.2000  1.2000  1.2000  1.2000  1.2000  1.2000  1.2000  1.2000  1.2000  1.2000  1.2000  1.2000  1.2000  1.2000  1.2000
------+------------------------------------------------------------------------------------------------------------------------
                                               
 
 
        Fitted Selection Pattern
        ------------------------
------+------------------------------------------------------------------------------------------------------------------------
AGE   |    1987    1988    1989    1990    1991    1992    1993    1994    1995    1996    1997    1998    1999    2000    2001
------+------------------------------------------------------------------------------------------------------------------------
  0   |  0.0348  0.0348  0.0348  0.0348  0.0348  0.0348  0.0348  0.0348  0.0348  0.0348  0.0348  0.0348  0.0348  0.0348  0.0348
  1   |  0.1317  0.1317  0.1317  0.1317  0.1317  0.1317  0.1317  0.1317  0.1317  0.1317  0.1317  0.1317  0.1317  0.1317  0.1317
  2   |  0.2915  0.2915  0.2915  0.2915  0.2915  0.2915  0.2915  0.2915  0.2915  0.2915  0.2915  0.2915  0.2915  0.2915  0.2915
  3   |  0.5751  0.5751  0.5751  0.5751  0.5751  0.5751  0.5751  0.5751  0.5751  0.5751  0.5751  0.5751  0.5751  0.5751  0.5751
  4   |  0.8792  0.8792  0.8792  0.8792  0.8792  0.8792  0.8792  0.8792  0.8792  0.8792  0.8792  0.8792  0.8792  0.8792  0.8792
  5   |  1.0000  1.0000  1.0000  1.0000  1.0000  1.0000  1.0000  1.0000  1.0000  1.0000  1.0000  1.0000  1.0000  1.0000  1.0000
  6   |  1.1309  1.1309  1.1309  1.1309  1.1309  1.1309  1.1309  1.1309  1.1309  1.1309  1.1309  1.1309  1.1309  1.1309  1.1309
  7   |  1.2956  1.2956  1.2956  1.2956  1.2956  1.2956  1.2956  1.2956  1.2956  1.2956  1.2956  1.2956  1.2956  1.2956  1.2956
  8   |  1.2000  1.2000  1.2000  1.2000  1.2000  1.2000  1.2000  1.2000  1.2000  1.2000  1.2000  1.2000  1.2000  1.2000  1.2000
  9   |  1.2000  1.2000  1.2000  1.2000  1.2000  1.2000  1.2000  1.2000  1.2000  1.2000  1.2000  1.2000  1.2000  1.2000  1.2000
------+------------------------------------------------------------------------------------------------------------------------
                                               
 
 
        Fitted Selection Pattern
        ------------------------
------+--------
AGE   |    2002
------+--------
  0   |  0.0348
  1   |  0.1317
  2   |  0.2915
  3   |  0.5751
  4   |  0.8792
  5   |  1.0000
  6   |  1.1309
  7   |  1.2956
  8   |  1.2000
  9   |  1.2000
------+--------
                                               
 
 
 
 
 
                    STOCK SUMMARY                                             
 
 
 ³ Year ³  Recruits  ³  Total  ³ Spawning³ Landings ³ Yield ³ Mean F ³ SoP ³    
 ³      ³   Age   0  ³ Biomass ³ Biomass ³          ³ /SSB  ³  Ages  ³     ³ 
 ³      ³  thousands ³  tonnes ³ tonnes  ³ tonnes   ³ ratio ³  4- 7  ³ (%) ³ 
 
   1972       591640    423351    307216     78156   0.2544   0.2384    99
   1973       511730    416720    270973     88360   0.3261   0.3124    99
   1974       456080    388425    259132     43087   0.1663   0.1628    99
   1975       345830    405185    271650     71515   0.2633   0.2789   100
   1976       577110    383643    274703     44683   0.1627   0.1727   100
   1977       542440    404486    266316     79050   0.2968   0.3023   100
   1978       558820    399168    268731     54465   0.2027   0.2231    99
   1979       577110    415297    277510     64252   0.2315   0.2625   100
   1980       438500    421498    278343     88838   0.3192   0.3199    99
   1981       482830    410128    285509     77581   0.2717   0.2832   100
   1982       374980    375306    266641     75552   0.2833   0.2749    99
   1983       392350    377538    273875     62677   0.2289   0.2350    99
   1984       345830    380189    285013     48734   0.1710   0.1763    99
   1985       420780    387241    283978     88749   0.3125   0.2875    99
   1986       413210    352227    261040     60361   0.2312   0.2070   100
   1987       217550    338921    253423     50822   0.2005   0.1722    99
   1988       169040    342020    261790     65863   0.2516   0.2203   100
   1989       511730    318146    248473     63605   0.2560   0.2309    99
   1990       542440    285097    213801     44312   0.2073   0.1678    99
   1991       498730    324820    224161     70483   0.3144   0.2821    99
   1992       420780    353901    241249     64569   0.2676   0.2602   100
   1993       169040    365261    259723     60344   0.2323   0.2411    99
   1994       224340    338298    251163     78449   0.3123   0.2968    99
   1995       752850    327600    248901     75796   0.3045   0.3020   100
   1996       361160    306990    214891     49168   0.2288   0.2109    99
   1997       481390    330484    222555     66583   0.2992   0.3061   100
   1998       577110    309582    213073     67958   0.3189   0.3107   100
   1999       392350    344430    239549     47255   0.1973   0.1959   100
   2000       350870    362412    257778     64070   0.2485   0.2466    99
   2001       224340    387432    293144     58253   0.1987   0.2066   100
   2002       542440    362331    282911     51788   0.1831   0.1744    99
 
 -----------------------------------------------------------------            
 No of years for separable analysis : 11                                      
 Age range in the analysis : 0  . . . 9                                       
 Year range in the analysis : 1972  . . . 2002                                
 Number of indices of SSB : 1                                                 
 Number of age-structured indices : 1                                         
                                                                              
 Parameters to estimate : 46                                                  
 Number of observations : 150                                                 
                                                                              
 Conventional single selection vector model to be fitted.                     
                                                                              
                                                                              
                                                                              
 -----------------------------------------------------------------            
 
 
 PARAMETER ESTIMATES                                                            
  
 
 ³Parm.³      ³ Maximum ³    ³        ³         ³         ³         ³ Mean of ³ 
  
 ³ No. ³      ³ Likelh. ³ CV ³  Lower ³ Upper   ³  -s.e.  ³   +s.e. ³ Param.  ³ 
  
 ³     ³      ³ Estimate³ (%)³ 95% CL ³ 95% CL  ³         ³         ³ Distrib.³ 
  
 Separable model : F by year                                                    
  
    1   1992     0.2417   0    0.2381    0.2454    0.2399    0.2436    0.2417
    2   1993     0.2240   0    0.2208    0.2273    0.2223    0.2257    0.2240
    3   1994     0.2757   0    0.2718    0.2798    0.2737    0.2778    0.2758
    4   1995     0.2805   0    0.2764    0.2847    0.2784    0.2826    0.2805
    5   1996     0.1960   0    0.1932    0.1988    0.1945    0.1974    0.1960
    6   1997     0.2843   0    0.2803    0.2884    0.2823    0.2864    0.2844
    7   1998     0.2886   0    0.2846    0.2928    0.2866    0.2908    0.2887
    8   1999     0.1820   0    0.1795    0.1846    0.1807    0.1833    0.1820
    9   2000     0.2291   0    0.2259    0.2323    0.2275    0.2307    0.2291
   10   2001     0.1919   0    0.1892    0.1947    0.1905    0.1933    0.1919
   11   2002     0.1620   0    0.1595    0.1646    0.1608    0.1633    0.1621
 
 Separable Model: Selection (S) by age                                          
  
   12      0     0.0348   3    0.0325    0.0373    0.0336    0.0361    0.0348
   13      1     0.1317   0    0.1298    0.1337    0.1307    0.1327    0.1317
   14      2     0.2915   0    0.2875    0.2956    0.2894    0.2936    0.2915
   15      3     0.5751   0    0.5676    0.5827    0.5712    0.5790    0.5751
   16      4     0.8792   0    0.8684    0.8901    0.8737    0.8848    0.8792
           5     1.0000     Fixed : Reference Age             
   17      6     1.1309   0    1.1181    1.1439    1.1243    1.1375    1.1309
   18      7     1.2956   0    1.2811    1.3103    1.2882    1.3031    1.2956
           8     1.2000     Fixed : Last true age             
 
 Separable model: Populations in year 2002                                    
   19      0     542448  11     431948    681216    482931    609300    546124
   20      1     191806   1     184947    198920    188276    195403    191839
   21      2     251431   1     245124    257899    248193    254710    251452
   22      3     228086   1     223587    232676    225780    230416    228098
   23      4     256435   0     252411    260524    254374    258514    256444
   24      5     152206   0     150002    154442    151078    153343    152210
   25      6      78484   0      77373     79611     77915     79057     78486
   26      7     108118   0     106820    109431    107454    108786    108120
   27      8      20133   0      19839     20432     19982     20285     20134
 
Separable model: Populations at age
   28   1992      34702   1      33588     35853     34129     35285     34707
   29   1993      40012   1      39052     40995     39519     40510     40015
   30   1994      38492   1      37711     39290     38092     38897     38495
   31   1995      18449   1      18088     18817     18264     18635     18450
   32   1996      13286   0      13041     13536     13160     13413     13286
   33   1997      42543   0      41897     43200     42213     42877     42545
   34   1998      42260   0      41650     42879     41948     42575     42261
   35   1999      36931   0      36401     37469     36659     37204     36932
   36   2000      34589   0      34108     35076     34343     34837     34590
   37   2001      14156   0      13946     14369     14049     14264     14156
 
 SSB Index catchabilities                                                       
  
   INDEX                                 
 Absolute estimator. No fitted catchability.                                    
  
 
 
 
 Age-structured index catchabilities                                            
  
                                        FLT01: Dummy survey                     
 
 Linear model fitted. Slopes at age :                                           
  
   38   1  Q  .2384      23 .1904     .4770     .2384     .3809     .3098    
   39   2  Q  1.147      23 .9161     2.295     1.147     1.833     1.490    
   40   3  Q  1.705      23 1.362     3.411     1.705     2.724     2.215    
   41   4  Q  .9377      23 .7488     1.876     .9377     1.498     1.218    
   42   5  Q  .8149      23 .6508     1.630     .8149     1.302     1.059    
   43   6  Q  1.044      23 .8334     2.088     1.044     1.667     1.356    
   44   7  Q  1.354      23 1.082     2.710     1.354     2.164     1.760    
   45   8  Q  2.672      23 2.134     5.346     2.672     4.269     3.472    
   46   9  Q  1.092      23 .8718     2.184     1.092     1.744     1.418    
 
 
 
 RESIDUALS ABOUT THE MODEL FIT                                                  
  
 ------------------------------
 
        Separable Model Residuals
        -------------------------
------+----------------------------------------------------------------------------------------
Age   |    1992    1993    1994    1995    1996    1997    1998    1999    2000    2001    2002
------+----------------------------------------------------------------------------------------
  0   | ******* ******* ******* ******* ******* ******* ******* ******* ******* ******* *******
  1   | ******* ******* ******* ******* ******* ******* ******* ******* ******* ******* *******
  2   | ******* ******* ******* ******* ******* ******* ******* ******* ******* ******* *******
  3   | ******* ******* ******* ******* ******* ******* ******* ******* ******* ******* *******
  4   | ******* ******* ******* ******* ******* ******* ******* ******* ******* ******* *******
  5   | ******* ******* ******* ******* ******* ******* ******* ******* ******* ******* *******
  6   | ******* ******* ******* ******* ******* ******* ******* ******* ******* ******* *******
  7   | ******* ******* ******* ******* ******* ******* ******* ******* ******* ******* *******
  8   | ******* ******* ******* ******* ******* ******* ******* ******* ******* ******* *******
------+----------------------------------------------------------------------------------------
                                               
 
 
 
 SPAWNING BIOMASS INDEX RESIDUALS                                               
  
 ---------------------------------
 
          INDEX
        -------
------+------------------------------------------------------------------------------------------------------------------------
      |    1972    1973    1974    1975    1976    1977    1978    1979    1980    1981    1982    1983    1984    1985    1986
------+------------------------------------------------------------------------------------------------------------------------
  1   | ******* ******* ******* ******* ******* ******* ******* ******* ******* ******* ******* ******* ******* ******* *******
------+------------------------------------------------------------------------------------------------------------------------
                                               
 
 
          INDEX
        -------
------+------------------------------------------------------------------------------------------------------------------------
      |    1987    1988    1989    1990    1991    1992    1993    1994    1995    1996    1997    1998    1999    2000    2001
------+------------------------------------------------------------------------------------------------------------------------
  1   | ******* ******* ******* ******* ******* ******* ******* ******* ******* ******* ******* ******* ******* ******* *******
------+------------------------------------------------------------------------------------------------------------------------
                                               
 
 
          INDEX
        -------
------+--------
      |    2002
------+--------
  1   | *******
------+--------
                                               
 
 
 
 AGE-STRUCTURED INDEX RESIDUALS                                                 
  
 -------------------------------
 
        FLT01: Dummy survey
        -------------------
------+--------------------------------
Age   |    1981    1982    1983    1984
------+--------------------------------
  1   |   1.196   0.827  -0.461  -1.563
  2   |   0.204   0.325   0.712  -1.242
  3   |  -0.701   0.027   0.201   0.473
  4   |  -1.687   0.037   0.736   0.914
  5   |   0.492  -1.401   0.204   0.705
  6   |   1.066   0.425  -1.449  -0.042
  7   |   0.504   0.893   0.197  -1.594
  8   |   0.307   0.133   0.230  -0.670
  9   |  -0.345   0.572  -0.053  -0.174
------+--------------------------------
                                               
 
 
 
 
 
 
 PARAMETERS OF THE DISTRIBUTION OF ln(CATCHES AT AGE)                           
  
 -----------------------------------------------------
 
 Separable model fitted from 1992  to 2002                                    
 Variance                             0.0000
Skewness test stat.                   1.9982
Kurtosis test statistic               0.6640
Partial chi-square                    0.0000
Significance in fit                   0.0000
Degrees of freedom                        62
 
 
 PARAMETERS OF DISTRIBUTIONS OF THE SSB INDICES                                 
  
 -----------------------------------------------
 
 
   DISTRIBUTION STATISTICS FOR   INDEX                                          
 
 
 Index used as absolute measure of abundance                                    
  
 Last age is a plus-group                                                       
  
 
 Variance                             0.0000
Skewness test stat.                   0.2764
Kurtosis test statistic              -1.0474
Partial chi-square                    0.0000
Significance in fit                   0.0000
Number of observations                    15
Degrees of freedom                        15
Weight in the analysis                5.0000
 
 PARAMETERS OF THE DISTRIBUTION OF THE AGE-STRUCTURED INDICES                   
  
 ------------------------------------------------------------ 
 
 
   DISTRIBUTION STATISTICS FOR FLT01: Dummy survey                              
 
 
 Linear catchability relationship assumed                                       
  
 
 Age                          1         2         3         4         5         6         7         8         9
 Variance                0.0018    0.0008    0.0003    0.0016    0.0010    0.0013    0.0013    0.0002    0.0002
Skewness test stat.     -0.2564   -0.7575   -0.5736   -0.6846   -0.8162   -0.4532   -0.7558   -0.8739    0.6931
Kurtosis test statisti  -0.6129   -0.3287   -0.3875   -0.3928   -0.3223   -0.4238   -0.3382   -0.2992   -0.3562
Partial chi-square       0.0005    0.0002    0.0001    0.0004    0.0003    0.0003    0.0004    0.0001    0.0000
Significance in fit      0.0000    0.0000    0.0000    0.0000    0.0000    0.0000    0.0000    0.0000    0.0000
Number of observations        4         4         4         4         4         4         4         4         4
Degrees of freedom            3         3         3         3         3         3         3         3         3
Weight in the analysis   0.0011    0.0011    0.0011    0.0011    0.0011    0.0011    0.0011    0.0011    0.0011
 
 ANALYSIS OF VARIANCE                   
--------------------------
 
 Unweighted Statistics                                                          
  
 
                                                                                
  
Variance                              
                                       SSQ     Data    Parameters d.f. Variance
Total for model                        22.8333     150         46  104   0.2196
Catches at age                          0.0000      99         37   62   0.0000
  
SSB Indices                           
  INDEX                                 0.0000      15          0   15   0.0000
  
 Aged Indices                                                                   
  
FLT01: Dummy survey                    22.8333      36          9   27   0.8457
 
 
 Weighted Statistics                                                            
  
 
                                                                                
  
Variance                              
                                       SSQ     Data    Parameters d.f. Variance
Total for model                         0.0000     150         46  104   0.0000
Catches at age                          0.0000      99         37   62   0.0000
  
SSB Indices                           
  INDEX                                 0.0000      15          0   15   0.0000
  
 Aged Indices                                                                   
  
FLT01: Dummy survey                     0.0000      36          9   27   0.0000
 
