 Output Generated by ICA Version 1.4                                            
  
 ------------------------------------
 
        Mackerel NE Atlantic  WG2003
        ----------------------------
 
        Catch in Number
        ---------------
------+------------------------------------------------------------------------------------------------------------------------
AGE   |    1972    1973    1974    1975    1976    1977    1978    1979    1980    1981    1982    1983    1984    1985    1986
------+------------------------------------------------------------------------------------------------------------------------
  0   |   2851.   2430.    740.   2859.   3823.    906.   2538.   1171.   2270.   4928.   1462.   3030.   3215.   3218.   2648.
  1   |   8832.   9379.   9270.   1893.  13006.  13165.   1779.   8967.   4263.  10620.  10647.   5171.  10277.   7517.   9475.
  2   |  16974.  16606.  20391.  13536.   4900.  25347.  14729.   3596.  18620.  11283.  13016.  21432.   9958.  13702.  12679.
  3   |  28314.  27343.  30776.  25456.  29770.   8044.  24183.  25550.   6379.  41481.  11697.  22280.  34970.  11334.  19872.
  4   |  30137.  33531.  37045.  28115.  40818.  35146.   5583.  30920.  33210.  10239.  30957.  14582.  26340.  29041.  12135.
  5   |  14968.  25543.  32427.  24078.  32177.  33947.  17226.   5122.  28724.  37751.   5355.  27449.  12209.  15512.  22301.
  6   |  15543.  12332.  23956.  20447.  26694.  25769.  16098.  15381.   4619.  31471.  19015.   4597.  22203.   6966.  11600.
  7   |   5298.  12634.  11378.  14871.  22267.  20860.  11997.  14200.  13662.   4942.  15480.  16029.   3642.  12454.   5151.
  8   |   8637.   3456.   9365.   5646.  13038.  13926.   7724.   8503.  10130.  11760.   1931.  10467.  10173.   1630.   7386.
  9   |  10167.  12617.  12463.  10756.  14245.  16904.  12096.  14256.  16794.  23249.  13637.  10108.  12901.  10267.   6871.
------+------------------------------------------------------------------------------------------------------------------------
       x 10 ^ 3                                
 
 
        Catch in Number
        ---------------
------+------------------------------------------------------------------------------------------------------------------------
AGE   |    1987    1988    1989    1990    1991    1992    1993    1994    1995    1996    1997    1998    1999    2000    2001
------+------------------------------------------------------------------------------------------------------------------------
  0   |   1845.   3702.   3811.   1202.   3700.   5327.   3682.   5523.   3706.   1457.   1937.   1171.   2903.   2310.   1565.
  1   |   8203.   8697.  12498.  11342.   3928.  14990.  13251.  12004.  17885.  10686.   3908.   7680.   3733.   8305.   9267.
  2   |  16830.  22058.  16672.  21134.  21060.   9001.  21129.  24551.  22081.  29337.  16372.   8836.  13929.   6088.  18948.
  3   |  19404.  38636.  35822.  23912.  33308.  40616.  10713.  33212.  38284.  30791.  38460.  31587.  13631.  19383.  11797.
  4   |  22519.  32678.  45455.  37236.  27361.  46209.  34761.  12217.  37534.  38798.  29579.  54333.  35464.  13853.  27337.
  5   |   9889.  27191.  27224.  33418.  30209.  26804.  27740.  28091.   9776.  26952.  26558.  29874.  43319.  25630.  13909.
  6   |  17721.  11598.  21882.  19336.  26214.  28504.  15491.  21668.  21717.   6790.  17909.  26031.  23054.  30346.  24909.
  7   |   9127.  20478.   9141.  15226.  14872.  24136.  16077.  11860.  16410.  14798.   4445.  17282.  19720.  15882.  28948.
  8   |   3254.   8499.  12928.   5085.   9378.  10990.  10835.   9856.   7190.   8940.   7750.   3448.  10486.  10871.  12174.
  9   |   9588.  11414.  12186.  14961.  12032.  16530.  12587.  14276.  15379.  12451.  11409.  14809.  10849.  12014.  17687.
------+------------------------------------------------------------------------------------------------------------------------
       x 10 ^ 3                                
 
 
        Catch in Number
        ---------------
------+--------
AGE   |    2002
------+--------
  0   |   5067.
  1   |   4361.
  2   |  14686.
  3   |  25505.
  4   |  11523.
  5   |  18890.
  6   |   9290.
  7   |  16310.
  8   |  15143.
  9   |  15827.
------+--------
       x 10 ^ 3                                
 
 
 
        Predicted Catch in Number
        -------------------------
------+----------------------------------------------------------------------------------------
AGE   |    1992    1993    1994    1995    1996    1997    1998    1999    2000    2001    2002
------+----------------------------------------------------------------------------------------
  0   |   5328.   3682.   5522.   3707.   1457.   1937.   1171.   2903.   2310.   1565.   5067.
  1   |  14993.  13251.  12003.  17881.  10685.   3908.   7679.   3732.   8305.   9267.   4361.
  2   |   9002.  21129.  24549.  22078.  29326.  16370.   8836.  13928.   6088.  18947.  14688.
  3   |  40622.  10713.  33211.  38281.  30786.  38447.  31584.  13631.  19384.  11796.  25509.
  4   |  46219.  34765.  12218.  37536.  38796.  29576.  54320.  35465.  13854.  27337.  11524.
  5   |  26803.  27736.  28088.   9774.  26947.  26551.  29866.  43302.  25627.  13906.  18889.
  6   |  28513.  15495.  21674.  21722.   6791.  17912.  26035.  23057.  30347.  24913.   9293.
  7   |  24141.  16079.  11862.  16413.  14800.   4445.  17285.  19723.  15885.  28945.  16314.
  8   |  10992.  10840.   9861.   7194.   8945.   7754.   3450.  10492.  10877.  12179.  15149.
------+----------------------------------------------------------------------------------------
       x 10 ^ 3                                
 
 
 
        Weights at age in the catches (Kg)
        ----------------------------------
------+------------------------------------------------------------------------------------------------------------------------
AGE   |    1972    1973    1974    1975    1976    1977    1978    1979    1980    1981    1982    1983    1984    1985    1986
------+------------------------------------------------------------------------------------------------------------------------
  0   | 0.05200 0.05000 0.05100 0.05000 0.05900 0.05600 0.03600 0.01600 0.05700 0.06000 0.05300 0.05000 0.03100 0.05500 0.03900
  1   | 0.13500 0.14500 0.13600 0.14800 0.13700 0.13600 0.13500 0.13700 0.13100 0.13200 0.13100 0.16800 0.10200 0.14400 0.14600
  2   | 0.27700 0.19400 0.22900 0.17700 0.20700 0.16900 0.16100 0.16100 0.24900 0.24800 0.24900 0.21900 0.18400 0.26200 0.24500
  3   | 0.34100 0.28500 0.26100 0.25900 0.26300 0.27500 0.25000 0.24300 0.28500 0.28700 0.28500 0.27600 0.29500 0.35700 0.33500
  4   | 0.42300 0.36800 0.33400 0.32300 0.32000 0.33300 0.32500 0.31800 0.34500 0.34400 0.34500 0.31000 0.32600 0.41800 0.42300
  5   | 0.46800 0.44800 0.39200 0.34800 0.34600 0.35200 0.34500 0.34800 0.37800 0.37700 0.37800 0.38600 0.34400 0.41700 0.47100
  6   | 0.46800 0.46800 0.48100 0.43000 0.40600 0.40700 0.40300 0.40100 0.45400 0.45400 0.45400 0.42500 0.43100 0.43600 0.44400
  7   | 0.50800 0.50800 0.50800 0.48800 0.44300 0.44600 0.42100 0.41600 0.49800 0.49900 0.49600 0.43500 0.54200 0.52100 0.45700
  8   | 0.53900 0.53900 0.53900 0.53900 0.51800 0.54600 0.51800 0.50600 0.52000 0.51300 0.51300 0.49800 0.48000 0.55500 0.54300
  9   | 0.59673 0.59520 0.61023 0.60265 0.60462 0.57561 0.55932 0.53455 0.56541 0.56279 0.56290 0.59955 0.60207 0.60979 0.61152
------+------------------------------------------------------------------------------------------------------------------------
                                               
 
 
        Weights at age in the catches (Kg)
        ----------------------------------
------+------------------------------------------------------------------------------------------------------------------------
AGE   |    1987    1988    1989    1990    1991    1992    1993    1994    1995    1996    1997    1998    1999    2000    2001
------+------------------------------------------------------------------------------------------------------------------------
  0   | 0.07600 0.05500 0.04900 0.08500 0.06800 0.05100 0.06100 0.04600 0.07200 0.05800 0.07600 0.06500 0.06200 0.06300 0.06900
  1   | 0.17900 0.13300 0.13600 0.15600 0.15600 0.16700 0.13400 0.13600 0.14300 0.14300 0.14300 0.15700 0.17600 0.13500 0.17100
  2   | 0.22300 0.25900 0.23700 0.23300 0.25300 0.23900 0.24000 0.25500 0.23400 0.22600 0.23000 0.22700 0.23600 0.22900 0.22300
  3   | 0.31800 0.32300 0.32000 0.33600 0.32700 0.33300 0.31700 0.33900 0.33300 0.31300 0.29500 0.31000 0.30700 0.30800 0.30700
  4   | 0.39900 0.38800 0.37700 0.37900 0.39400 0.39700 0.37600 0.39000 0.39000 0.37700 0.35900 0.35400 0.36100 0.36700 0.37800
  5   | 0.47400 0.45600 0.43300 0.42300 0.42300 0.46000 0.43600 0.44800 0.45200 0.42500 0.41500 0.40800 0.40600 0.42900 0.42600
  6   | 0.51200 0.52400 0.45600 0.46700 0.46900 0.49500 0.48300 0.51200 0.50100 0.48400 0.45300 0.45200 0.45400 0.46700 0.47700
  7   | 0.49300 0.55500 0.54300 0.52800 0.50600 0.53200 0.52700 0.54300 0.53900 0.51800 0.48100 0.46200 0.50100 0.50400 0.49900
  8   | 0.49800 0.55500 0.59200 0.55200 0.55400 0.55500 0.54800 0.59000 0.57700 0.55100 0.52400 0.51800 0.53700 0.53700 0.54300
  9   | 0.61944 0.61545 0.60562 0.62004 0.63384 0.63148 0.60946 0.61902 0.61189 0.59921 0.57743 0.57269 0.60175 0.58924 0.60115
------+------------------------------------------------------------------------------------------------------------------------
                                               
 
 
        Weights at age in the catches (Kg)
        ----------------------------------
------+--------
AGE   |    2002
------+--------
  0   | 0.05200
  1   | 0.15900
  2   | 0.25500
  3   | 0.30700
  4   | 0.36900
  5   | 0.42600
  6   | 0.46400
  7   | 0.51400
  8   | 0.53900
  9   | 0.60279
------+--------
                                               
 
 
 
        Weights at age in the stock (Kg)
        --------------------------------
------+------------------------------------------------------------------------------------------------------------------------
AGE   |    1972    1973    1974    1975    1976    1977    1978    1979    1980    1981    1982    1983    1984    1985    1986
------+------------------------------------------------------------------------------------------------------------------------
  0   | 0.00800 0.00800 0.00800 0.00800 0.00800 0.00800 0.00800 0.00800 0.00800 0.00800 0.00800 0.00800 0.00000 0.00000 0.00000
  1   | 0.13200 0.13200 0.13000 0.12900 0.12800 0.12700 0.11100 0.11000 0.10900 0.08700 0.08600 0.08600 0.08100 0.08500 0.07700
  2   | 0.17800 0.17700 0.17300 0.17100 0.17000 0.16700 0.17500 0.17400 0.17300 0.18600 0.13500 0.17200 0.19400 0.16500 0.17900
  3   | 0.24300 0.24200 0.23800 0.23600 0.23600 0.23300 0.23800 0.23700 0.23600 0.25200 0.22100 0.23500 0.25300 0.29300 0.26700
  4   | 0.41100 0.30100 0.29600 0.29400 0.29300 0.28900 0.30000 0.29900 0.29700 0.31300 0.28000 0.28000 0.29500 0.30600 0.30400
  5   | 0.35500 0.43800 0.32200 0.31800 0.31800 0.31300 0.34600 0.34500 0.34300 0.32300 0.38500 0.33900 0.32400 0.34100 0.35600
  6   | 0.39800 0.39800 0.46900 0.36500 0.36500 0.36100 0.38200 0.38000 0.37900 0.37800 0.35300 0.37700 0.39300 0.38400 0.35100
  7   | 0.43300 0.43300 0.43300 0.49700 0.41900 0.41600 0.41000 0.40800 0.40700 0.41900 0.40800 0.40400 0.43600 0.43000 0.41600
  8   | 0.45900 0.45900 0.45900 0.45900 0.51200 0.44600 0.43200 0.43000 0.42900 0.43400 0.43700 0.43900 0.44100 0.45900 0.47300
  9   | 0.51064 0.51006 0.52460 0.51732 0.51815 0.53210 0.49508 0.48910 0.48430 0.47246 0.48349 0.51908 0.49979 0.52173 0.47870
------+------------------------------------------------------------------------------------------------------------------------
                                               
 
 
        Weights at age in the stock (Kg)
        --------------------------------
------+------------------------------------------------------------------------------------------------------------------------
AGE   |    1987    1988    1989    1990    1991    1992    1993    1994    1995    1996    1997    1998    1999    2000    2001
------+------------------------------------------------------------------------------------------------------------------------
  0   | 0.00000 0.00000 0.00000 0.00000 0.00000 0.00000 0.00000 0.00000 0.00000 0.00000 0.00000 0.00000 0.00000 0.00000 0.00000
  1   | 0.07800 0.07200 0.07600 0.07400 0.07500 0.07800 0.07800 0.07900 0.08100 0.07600 0.07600 0.07700 0.08100 0.07400 0.07800
  2   | 0.14800 0.15600 0.17700 0.13800 0.15500 0.21200 0.19700 0.17800 0.16400 0.13300 0.18600 0.14900 0.19400 0.18500 0.16400
  3   | 0.24000 0.23700 0.24400 0.22200 0.23000 0.25900 0.26800 0.23700 0.26700 0.25100 0.22800 0.22300 0.24200 0.23500 0.24100
  4   | 0.28600 0.30100 0.30600 0.28700 0.30700 0.31000 0.31500 0.30100 0.32600 0.31700 0.29600 0.28500 0.30100 0.28900 0.34200
  5   | 0.37400 0.32900 0.35200 0.33900 0.35700 0.36200 0.36000 0.36100 0.39800 0.36600 0.36100 0.34200 0.35300 0.35000 0.39000
  6   | 0.38600 0.42300 0.38000 0.37300 0.40900 0.40200 0.41600 0.41300 0.44800 0.44400 0.40200 0.40000 0.39600 0.39000 0.44600
  7   | 0.41100 0.44500 0.42900 0.41400 0.43200 0.42400 0.45400 0.46600 0.49100 0.46200 0.44500 0.42600 0.42300 0.42600 0.45900
  8   | 0.42900 0.43200 0.47400 0.40900 0.50200 0.46200 0.46500 0.47000 0.50800 0.50100 0.47800 0.46600 0.44000 0.44700 0.49900
  9   | 0.49153 0.52853 0.47983 0.47654 0.56106 0.52085 0.51839 0.52825 0.55737 0.58574 0.53484 0.52865 0.49502 0.50446 0.55485
------+------------------------------------------------------------------------------------------------------------------------
                                               
 
 
        Weights at age in the stock (Kg)
        --------------------------------
------+--------
AGE   |    2002
------+--------
  0   | 0.00000
  1   | 0.07800
  2   | 0.18100
  3   | 0.23900
  4   | 0.31100
  5   | 0.36400
  6   | 0.41100
  7   | 0.43600
  8   | 0.46200
  9   | 0.51620
------+--------
                                               
 
 
 
        Natural Mortality (per year)
        ----------------------------
------+------------------------------------------------------------------------------------------------------------------------
AGE   |    1972    1973    1974    1975    1976    1977    1978    1979    1980    1981    1982    1983    1984    1985    1986
------+------------------------------------------------------------------------------------------------------------------------
  0   | 0.15000 0.15000 0.15000 0.15000 0.15000 0.15000 0.15000 0.15000 0.15000 0.15000 0.15000 0.15000 0.15000 0.15000 0.15000
  1   | 0.15000 0.15000 0.15000 0.15000 0.15000 0.15000 0.15000 0.15000 0.15000 0.15000 0.15000 0.15000 0.15000 0.15000 0.15000
  2   | 0.15000 0.15000 0.15000 0.15000 0.15000 0.15000 0.15000 0.15000 0.15000 0.15000 0.15000 0.15000 0.15000 0.15000 0.15000
  3   | 0.15000 0.15000 0.15000 0.15000 0.15000 0.15000 0.15000 0.15000 0.15000 0.15000 0.15000 0.15000 0.15000 0.15000 0.15000
  4   | 0.15000 0.15000 0.15000 0.15000 0.15000 0.15000 0.15000 0.15000 0.15000 0.15000 0.15000 0.15000 0.15000 0.15000 0.15000
  5   | 0.15000 0.15000 0.15000 0.15000 0.15000 0.15000 0.15000 0.15000 0.15000 0.15000 0.15000 0.15000 0.15000 0.15000 0.15000
  6   | 0.15000 0.15000 0.15000 0.15000 0.15000 0.15000 0.15000 0.15000 0.15000 0.15000 0.15000 0.15000 0.15000 0.15000 0.15000
  7   | 0.15000 0.15000 0.15000 0.15000 0.15000 0.15000 0.15000 0.15000 0.15000 0.15000 0.15000 0.15000 0.15000 0.15000 0.15000
  8   | 0.15000 0.15000 0.15000 0.15000 0.15000 0.15000 0.15000 0.15000 0.15000 0.15000 0.15000 0.15000 0.15000 0.15000 0.15000
  9   | 0.15000 0.15000 0.15000 0.15000 0.15000 0.15000 0.15000 0.15000 0.15000 0.15000 0.15000 0.15000 0.15000 0.15000 0.15000
------+------------------------------------------------------------------------------------------------------------------------
                                               
 
 
        Natural Mortality (per year)
        ----------------------------
------+------------------------------------------------------------------------------------------------------------------------
AGE   |    1987    1988    1989    1990    1991    1992    1993    1994    1995    1996    1997    1998    1999    2000    2001
------+------------------------------------------------------------------------------------------------------------------------
  0   | 0.15000 0.15000 0.15000 0.15000 0.15000 0.15000 0.15000 0.15000 0.15000 0.15000 0.15000 0.15000 0.15000 0.15000 0.15000
  1   | 0.15000 0.15000 0.15000 0.15000 0.15000 0.15000 0.15000 0.15000 0.15000 0.15000 0.15000 0.15000 0.15000 0.15000 0.15000
  2   | 0.15000 0.15000 0.15000 0.15000 0.15000 0.15000 0.15000 0.15000 0.15000 0.15000 0.15000 0.15000 0.15000 0.15000 0.15000
  3   | 0.15000 0.15000 0.15000 0.15000 0.15000 0.15000 0.15000 0.15000 0.15000 0.15000 0.15000 0.15000 0.15000 0.15000 0.15000
  4   | 0.15000 0.15000 0.15000 0.15000 0.15000 0.15000 0.15000 0.15000 0.15000 0.15000 0.15000 0.15000 0.15000 0.15000 0.15000
  5   | 0.15000 0.15000 0.15000 0.15000 0.15000 0.15000 0.15000 0.15000 0.15000 0.15000 0.15000 0.15000 0.15000 0.15000 0.15000
  6   | 0.15000 0.15000 0.15000 0.15000 0.15000 0.15000 0.15000 0.15000 0.15000 0.15000 0.15000 0.15000 0.15000 0.15000 0.15000
  7   | 0.15000 0.15000 0.15000 0.15000 0.15000 0.15000 0.15000 0.15000 0.15000 0.15000 0.15000 0.15000 0.15000 0.15000 0.15000
  8   | 0.15000 0.15000 0.15000 0.15000 0.15000 0.15000 0.15000 0.15000 0.15000 0.15000 0.15000 0.15000 0.15000 0.15000 0.15000
  9   | 0.15000 0.15000 0.15000 0.15000 0.15000 0.15000 0.15000 0.15000 0.15000 0.15000 0.15000 0.15000 0.15000 0.15000 0.15000
------+------------------------------------------------------------------------------------------------------------------------
                                               
 
 
        Natural Mortality (per year)
        ----------------------------
------+--------
AGE   |    2002
------+--------
  0   | 0.15000
  1   | 0.15000
  2   | 0.15000
  3   | 0.15000
  4   | 0.15000
  5   | 0.15000
  6   | 0.15000
  7   | 0.15000
  8   | 0.15000
  9   | 0.15000
------+--------
                                               
 
 
 
        Proportion of fish spawning
        ---------------------------
------+------------------------------------------------------------------------------------------------------------------------
AGE   |    1972    1973    1974    1975    1976    1977    1978    1979    1980    1981    1982    1983    1984    1985    1986
------+------------------------------------------------------------------------------------------------------------------------
  0   |  0.0000  0.0000  0.0000  0.0000  0.0000  0.0000  0.0000  0.0000  0.0000  0.0000  0.0000  0.0000  0.0000  0.0000  0.0000
  1   |  0.0500  0.0500  0.0500  0.0600  0.0600  0.0600  0.0600  0.0600  0.0600  0.0700  0.0700  0.0700  0.0700  0.0700  0.0700
  2   |  0.5300  0.5400  0.5400  0.5500  0.5500  0.5500  0.5600  0.5600  0.5700  0.5700  0.5700  0.5800  0.5800  0.5800  0.5800
  3   |  0.9000  0.9000  0.9000  0.8900  0.8900  0.8900  0.8900  0.8900  0.8900  0.8800  0.8800  0.8800  0.8800  0.8800  0.8800
  4   |  0.9800  0.9800  0.9800  0.9800  0.9800  0.9800  0.9800  0.9800  0.9800  0.9800  0.9800  0.9800  0.9700  0.9700  0.9700
  5   |  0.9800  0.9800  0.9800  0.9800  0.9800  0.9800  0.9800  0.9800  0.9800  0.9800  0.9800  0.9800  0.9700  0.9700  0.9700
  6   |  0.9900  0.9900  0.9900  0.9900  0.9900  0.9900  0.9900  0.9900  0.9900  0.9900  0.9900  0.9900  0.9900  0.9900  0.9900
  7   |  1.0000  1.0000  1.0000  1.0000  1.0000  1.0000  1.0000  1.0000  1.0000  1.0000  1.0000  1.0000  1.0000  1.0000  1.0000
  8   |  1.0000  1.0000  1.0000  1.0000  1.0000  1.0000  1.0000  1.0000  1.0000  1.0000  1.0000  1.0000  1.0000  1.0000  1.0000
  9   |  1.0000  1.0000  1.0000  1.0000  1.0000  1.0000  1.0000  1.0000  1.0000  1.0000  1.0000  1.0000  1.0000  1.0000  1.0000
------+------------------------------------------------------------------------------------------------------------------------
                                               
 
 
        Proportion of fish spawning
        ---------------------------
------+------------------------------------------------------------------------------------------------------------------------
AGE   |    1987    1988    1989    1990    1991    1992    1993    1994    1995    1996    1997    1998    1999    2000    2001
------+------------------------------------------------------------------------------------------------------------------------
  0   |  0.0000  0.0000  0.0000  0.0000  0.0000  0.0000  0.0000  0.0000  0.0000  0.0000  0.0000  0.0000  0.0000  0.0000  0.0000
  1   |  0.0700  0.0700  0.0700  0.0700  0.0700  0.0700  0.0700  0.0700  0.0700  0.0700  0.0700  0.0700  0.0700  0.0700  0.0700
  2   |  0.5800  0.5800  0.5800  0.5800  0.5800  0.5800  0.5800  0.5800  0.5800  0.5800  0.5800  0.5800  0.5800  0.5800  0.5900
  3   |  0.8800  0.8800  0.8800  0.8800  0.8800  0.8800  0.8800  0.8800  0.8800  0.8800  0.8800  0.8600  0.8600  0.8600  0.8800
  4   |  0.9700  0.9700  0.9700  0.9700  0.9700  0.9700  0.9700  0.9700  0.9700  0.9700  0.9700  0.9800  0.9800  0.9800  0.9700
  5   |  0.9700  0.9700  0.9700  0.9700  0.9700  0.9700  0.9700  0.9700  0.9700  0.9700  0.9700  0.9800  0.9800  0.9800  0.9700
  6   |  0.9900  0.9900  0.9900  0.9900  0.9900  0.9900  0.9900  0.9900  0.9900  0.9900  0.9900  0.9900  0.9900  0.9900  0.9900
  7   |  1.0000  1.0000  1.0000  1.0000  1.0000  1.0000  1.0000  1.0000  1.0000  1.0000  1.0000  1.0000  1.0000  1.0000  1.0000
  8   |  1.0000  1.0000  1.0000  1.0000  1.0000  1.0000  1.0000  1.0000  1.0000  1.0000  1.0000  1.0000  1.0000  1.0000  1.0000
  9   |  1.0000  1.0000  1.0000  1.0000  1.0000  1.0000  1.0000  1.0000  1.0000  1.0000  1.0000  1.0000  1.0000  1.0000  1.0000
------+------------------------------------------------------------------------------------------------------------------------
                                               
 
 
        Proportion of fish spawning
        ---------------------------
------+--------
AGE   |    2002
------+--------
  0   |  0.0000
  1   |  0.0700
  2   |  0.5900
  3   |  0.8800
  4   |  0.9700
  5   |  0.9700
  6   |  0.9900
  7   |  1.0000
  8   |  1.0000
  9   |  1.0000
------+--------
                                               
 
 
 
 INDICES OF SPAWNING BIOMASS                                                    
  
 ----------------------------
 
          INDEX
        -------
------+------------------------------------------------------------------------------------------------------------------------
      |    1972    1973    1974    1975    1976    1977    1978    1979    1980    1981    1982    1983    1984    1985    1986
------+------------------------------------------------------------------------------------------------------------------------
  1   | ******* ******* ******* ******* ******* ******* ******* ******* ******* ******* ******* ******* ******* ******* *******
------+------------------------------------------------------------------------------------------------------------------------
       x 10 ^ 3                                
 
 
          INDEX
        -------
------+------------------------------------------------------------------------------------------------------------------------
      |    1987    1988    1989    1990    1991    1992    1993    1994    1995    1996    1997    1998    1999    2000    2001
------+------------------------------------------------------------------------------------------------------------------------
  1   | *******  275.55  280.77  261.10  283.06  270.57  257.71  259.32  293.63  301.17  322.33  303.56  289.08  254.72  257.40
------+------------------------------------------------------------------------------------------------------------------------
       x 10 ^ 3                                
 
 
          INDEX
        -------
------+--------
      |    2002
------+--------
  1   |  231.43
------+--------
       x 10 ^ 3                                
 
 
 
 AGE-STRUCTURED INDICES                                                         
  
 -----------------------
 
        FLT01: Dummy survey
        -------------------
------+--------------------------------
AGE   |    1981    1982    1983    1984
------+--------------------------------
  1   |  266.10  203.00   43.60   15.24
  2   |  506.40  435.90  712.70   79.51
  3   |  225.10  483.60  444.60  661.83
  4   |   31.70  184.10  391.60  374.60
  5   |  174.80   24.70  130.40  238.20
  6   |  158.50  136.60   20.20   92.00
  7   |   99.50  108.60   91.30   15.54
  8   |  116.60   84.50   70.90   51.47
  9   |   35.30   87.00   47.10   39.27
------+--------------------------------
       x 10 ^ 3                                
 
 
 
        Fishing Mortality (per year)
        ----------------------------
------+------------------------------------------------------------------------------------------------------------------------
AGE   |    1972    1973    1974    1975    1976    1977    1978    1979    1980    1981    1982    1983    1984    1985    1986
------+------------------------------------------------------------------------------------------------------------------------
  0   | 0.00620 0.00635 0.00757 0.00603 0.00859 0.00927 0.00568 0.00624 0.00709 0.01042 0.00704 0.00778 0.00826 0.00602 0.00551
  1   | 0.02345 0.02404 0.02864 0.02283 0.03249 0.03510 0.02148 0.02363 0.02684 0.03943 0.02664 0.02945 0.03126 0.02278 0.02087
  2   | 0.05191 0.05320 0.06339 0.05053 0.07192 0.07768 0.04754 0.05231 0.05940 0.08728 0.05896 0.06519 0.06918 0.05042 0.04619
  3   | 0.10240 0.10497 0.12506 0.09969 0.14189 0.15326 0.09379 0.10320 0.11719 0.17219 0.11633 0.12861 0.13649 0.09948 0.09113
  4   | 0.15654 0.16047 0.19119 0.15239 0.21691 0.23429 0.14338 0.15777 0.17915 0.26324 0.17783 0.19662 0.20866 0.15208 0.13931
  5   | 0.17805 0.18250 0.21745 0.17333 0.24671 0.26647 0.16307 0.17944 0.20376 0.29940 0.20226 0.22363 0.23732 0.17296 0.15845
  6   | 0.20134 0.20638 0.24590 0.19601 0.27899 0.30134 0.18441 0.20292 0.23042 0.33857 0.22872 0.25289 0.26837 0.19559 0.17917
  7   | 0.23064 0.23642 0.28168 0.22453 0.31960 0.34520 0.21125 0.23245 0.26395 0.38785 0.26201 0.28969 0.30743 0.22405 0.20525
  8   | 0.21360 0.21895 0.26087 0.20794 0.29598 0.31969 0.19564 0.21527 0.24445 0.35919 0.24265 0.26828 0.28471 0.20750 0.19008
  9   | 0.21360 0.21895 0.26087 0.20794 0.29598 0.31969 0.19564 0.21527 0.24445 0.35919 0.24265 0.26828 0.28471 0.20750 0.19008
------+------------------------------------------------------------------------------------------------------------------------
                                               
 
 
        Fishing Mortality (per year)
        ----------------------------
------+------------------------------------------------------------------------------------------------------------------------
AGE   |    1987    1988    1989    1990    1991    1992    1993    1994    1995    1996    1997    1998    1999    2000    2001
------+------------------------------------------------------------------------------------------------------------------------
  0   | 0.00531 0.00782 0.00826 0.00769 0.00785 0.00999 0.00778 0.00793 0.00803 0.00723 0.00605 0.00749 0.00745 0.00665 0.00835
  1   | 0.02009 0.02958 0.03125 0.02908 0.02971 0.03779 0.02942 0.03000 0.03039 0.02737 0.02288 0.02833 0.02821 0.02518 0.03160
  2   | 0.04448 0.06548 0.06917 0.06437 0.06575 0.08364 0.06512 0.06639 0.06726 0.06058 0.05064 0.06269 0.06243 0.05572 0.06993
  3   | 0.08776 0.12918 0.13647 0.12700 0.12971 0.16500 0.12846 0.13099 0.13270 0.11951 0.09991 0.12368 0.12316 0.10993 0.13797
  4   | 0.13416 0.19750 0.20862 0.19414 0.19829 0.25225 0.19639 0.20024 0.20286 0.18270 0.15273 0.18908 0.18828 0.16805 0.21092
  5   | 0.15259 0.22463 0.23730 0.22080 0.22550 0.28680 0.22329 0.22767 0.23065 0.20773 0.17365 0.21498 0.21408 0.19107 0.23981
  6   | 0.17255 0.25402 0.26835 0.24971 0.25499 0.32440 0.25256 0.25752 0.26089 0.23497 0.19642 0.24317 0.24214 0.21613 0.27125
  7   | 0.19766 0.29098 0.30740 0.28606 0.29214 0.37154 0.28926 0.29494 0.29880 0.26911 0.22496 0.27850 0.27733 0.24753 0.31067
  8   | 0.18305 0.26947 0.28467 0.26491 0.27055 0.34416 0.26794 0.27320 0.27678 0.24928 0.20838 0.25798 0.25689 0.22929 0.28777
  9   | 0.18305 0.26947 0.28467 0.26491 0.27055 0.34416 0.26794 0.27320 0.27678 0.24928 0.20838 0.25798 0.25689 0.22929 0.28777
------+------------------------------------------------------------------------------------------------------------------------
                                               
 
 
        Fishing Mortality (per year)
        ----------------------------
------+--------
AGE   |    2002
------+--------
  0   | 0.00727
  1   | 0.02752
  2   | 0.06091
  3   | 0.12017
  4   | 0.18371
  5   | 0.20888
  6   | 0.23626
  7   | 0.27060
  8   | 0.25065
  9   | 0.25065
------+--------
                                               
 
 
 
        Population Abundance (1 January)
        --------------------------------
------+------------------------------------------------------------------------------------------------------------------------
AGE   |    1972    1973    1974    1975    1976    1977    1978    1979    1980    1981    1982    1983    1984    1985    1986
------+------------------------------------------------------------------------------------------------------------------------
  0   |  496.98  413.28  105.71  511.82  481.48  105.71  482.93  202.61  345.92  511.86  224.40  420.90  420.91  577.35  518.61
  1   |  410.23  425.11  353.46   90.30  437.88  410.87   90.14  413.31  173.30  295.63  436.00  191.79  359.46  359.30  493.95
  2   |  361.14  344.90  357.20  295.63   75.97  364.83  341.44   75.94  347.43  145.21  244.61  365.40  160.28  299.87  302.29
  3   |  312.86  295.11  281.48  288.56  241.92   60.85  290.54  280.24   62.03  281.79  114.54  198.49  294.66  128.73  245.41
  4   |  223.53  243.07  228.69  213.79  224.80  180.68   44.93  227.69  217.55   47.49  204.17   87.76  150.22  221.25  100.31
  5   |   98.61  164.51  178.20  162.58  158.00  155.76  123.03   33.51  167.37  156.53   31.41  147.10   62.05  104.95  163.57
  6   |   91.55   71.03  117.98  123.40  117.67  106.26  102.70   89.96   24.10  117.50   99.87   22.09  101.24   42.13   75.98
  7   |   27.62   64.43   49.74   79.41   87.31   76.62   67.66   73.51   63.21   16.48   72.09   68.38   14.76   66.63   29.82
  8   |   48.23   18.88   43.78   32.30   54.60   54.59   46.70   47.15   50.15   41.78    9.62   47.74   44.06    9.34   45.84
  9   |   56.77   68.91   58.26   61.54   59.66   66.26   73.13   79.05   83.14   82.60   67.95   46.11   55.87   58.85   42.64
------+------------------------------------------------------------------------------------------------------------------------
       x 10 ^ 6                                
 
 
        Population Abundance (1 January)
        --------------------------------
------+------------------------------------------------------------------------------------------------------------------------
AGE   |    1987    1988    1989    1990    1991    1992    1993    1994    1995    1996    1997    1998    1999    2000    2001
------+------------------------------------------------------------------------------------------------------------------------
  0   |  375.14  511.98  498.98  169.13  509.54  577.35  511.91  752.98  498.92  217.64  345.96  169.09  420.92  375.10  202.58
  1   |  443.91  321.18  437.23  425.94  144.45  435.14  491.99  437.19  642.98  425.99  185.98  295.97  144.45  359.60  320.71
  2   |  416.36  374.48  268.38  364.75  356.10  120.69  360.64  411.18  365.17  536.85  356.75  156.45  247.63  120.88  301.82
  3   |  248.44  342.78  301.89  215.56  294.37  287.00   95.55  290.83  331.17  293.86  434.91  291.90  126.48  200.24   98.40
  4   |  192.83  195.87  259.28  226.69  163.41  222.55  209.45   72.32  219.59  249.62  224.44  338.74  222.01   96.24  154.40
  5   |   75.11  145.13  138.37  181.14  160.69  115.35  148.84  148.13   50.95  154.30  178.97  165.81  241.33  158.29   70.02
  6   |  120.16   55.50   99.78   93.94  125.02  110.38   74.53  102.47  101.54   34.82  107.90  129.49  115.11  167.68  112.55
  7   |   54.67   87.03   37.05   65.67   62.99   83.39   68.69   49.83   68.17   67.32   23.70   76.31   87.39   77.77  116.27
  8   |   20.90   38.62   55.99   23.45   42.46   40.48   49.50   44.27   31.93   43.52   44.27   16.29   49.71   57.00   52.26
  9   |   61.59   51.86   52.78   69.00   54.48   60.87   57.47   64.09   68.26   60.58   65.14   69.91   51.41   62.96   75.89
------+------------------------------------------------------------------------------------------------------------------------
       x 10 ^ 6                                
 
 
        Population Abundance (1 January)
        --------------------------------
------+----------------
AGE   |    2002    2003
------+----------------
  0   |  752.79  396.49
  1   |  172.91  643.24
  2   |  267.45  144.78
  3   |  242.23  216.59
  4   |   73.78  184.88
  5   |  107.63   52.84
  6   |   47.42   75.17
  7   |   73.86   32.23
  8   |   73.35   48.50
  9   |   76.63  100.47
------+----------------
       x 10 ^ 6                                
 
 
 
        Weighting factors for the catches in number
        -------------------------------------------
------+----------------------------------------------------------------------------------------
AGE   |    1992    1993    1994    1995    1996    1997    1998    1999    2000    2001    2002
------+----------------------------------------------------------------------------------------
  0   |  0.0200  0.0200  0.0200  0.0200  0.0200  0.0200  0.0200  0.0200  0.0200  0.0200  0.0200
  1   |  1.0000  1.0000  1.0000  1.0000  1.0000  1.0000  1.0000  1.0000  1.0000  1.0000  1.0000
  2   |  1.0000  1.0000  1.0000  1.0000  1.0000  1.0000  1.0000  1.0000  1.0000  1.0000  1.0000
  3   |  1.0000  1.0000  1.0000  1.0000  1.0000  1.0000  1.0000  1.0000  1.0000  1.0000  1.0000
  4   |  1.0000  1.0000  1.0000  1.0000  1.0000  1.0000  1.0000  1.0000  1.0000  1.0000  1.0000
  5   |  1.0000  1.0000  1.0000  1.0000  1.0000  1.0000  1.0000  1.0000  1.0000  1.0000  1.0000
  6   |  1.0000  1.0000  1.0000  1.0000  1.0000  1.0000  1.0000  1.0000  1.0000  1.0000  1.0000
  7   |  1.0000  1.0000  1.0000  1.0000  1.0000  1.0000  1.0000  1.0000  1.0000  1.0000  1.0000
  8   |  1.0000  1.0000  1.0000  1.0000  1.0000  1.0000  1.0000  1.0000  1.0000  1.0000  1.0000
------+----------------------------------------------------------------------------------------
                                               
 
 
 
 Predicted SSB Index Values                                                     
  
 ---------------------------
 
          INDEX
        -------
------+------------------------------------------------------------------------------------------------------------------------
      |    1972    1973    1974    1975    1976    1977    1978    1979    1980    1981    1982    1983    1984    1985    1986
------+------------------------------------------------------------------------------------------------------------------------
  1   | ******* ******* ******* ******* ******* ******* ******* ******* ******* ******* ******* ******* ******* ******* *******
------+------------------------------------------------------------------------------------------------------------------------
       x 10 ^ 3                                
 
 
          INDEX
        -------
------+------------------------------------------------------------------------------------------------------------------------
      |    1987    1988    1989    1990    1991    1992    1993    1994    1995    1996    1997    1998    1999    2000    2001
------+------------------------------------------------------------------------------------------------------------------------
  1   | *******  275.49  280.73  261.09  283.07  270.59  257.74  259.34  293.65  301.17  322.32  303.54  289.07  254.71  257.40
------+------------------------------------------------------------------------------------------------------------------------
       x 10 ^ 3                                
 
 
          INDEX
        -------
------+--------
      |    2002
------+--------
  1   |  231.41
------+--------
       x 10 ^ 3                                
 
 
 
 Predicted Age-Structured Index Values                                          
  
 --------------------------------------
 
        FLT01: Dummy survey Predicted
        -----------------------------
------+--------------------------------
AGE   |    1981    1982    1983    1984
------+--------------------------------
  1   |   74.22  110.23   48.41   90.65
  2   |  225.27  385.43  573.78  251.14
  3   |  561.42  235.33  405.05  598.70
  4   |   74.26  334.63  142.36  242.07
  5   |  199.27   42.18  195.23   81.74
  6   |  126.07  113.83   24.84  112.90
  7   |   29.88  140.10  130.90   27.98
  8   |  103.40   25.39  124.22  113.59
  9   |   63.38   55.59   37.19   44.66
------+--------------------------------
       x 10 ^ 3                                
 
 
 
        Fitted Selection Pattern
        ------------------------
------+------------------------------------------------------------------------------------------------------------------------
AGE   |    1972    1973    1974    1975    1976    1977    1978    1979    1980    1981    1982    1983    1984    1985    1986
------+------------------------------------------------------------------------------------------------------------------------
  0   |  0.0348  0.0348  0.0348  0.0348  0.0348  0.0348  0.0348  0.0348  0.0348  0.0348  0.0348  0.0348  0.0348  0.0348  0.0348
  1   |  0.1317  0.1317  0.1317  0.1317  0.1317  0.1317  0.1317  0.1317  0.1317  0.1317  0.1317  0.1317  0.1317  0.1317  0.1317
  2   |  0.2915  0.2915  0.2915  0.2915  0.2915  0.2915  0.2915  0.2915  0.2915  0.2915  0.2915  0.2915  0.2915  0.2915  0.2915
  3   |  0.5751  0.5751  0.5751  0.5751  0.5751  0.5751  0.5751  0.5751  0.5751  0.5751  0.5751  0.5751  0.5751  0.5752  0.5752
  4   |  0.8792  0.8792  0.8792  0.8792  0.8792  0.8792  0.8792  0.8792  0.8792  0.8792  0.8792  0.8792  0.8792  0.8793  0.8792
  5   |  1.0000  1.0000  1.0000  1.0000  1.0000  1.0000  1.0000  1.0000  1.0000  1.0000  1.0000  1.0000  1.0000  1.0000  1.0000
  6   |  1.1308  1.1308  1.1308  1.1308  1.1309  1.1308  1.1308  1.1308  1.1308  1.1308  1.1308  1.1309  1.1308  1.1308  1.1308
  7   |  1.2954  1.2954  1.2954  1.2954  1.2954  1.2954  1.2954  1.2954  1.2954  1.2954  1.2954  1.2954  1.2954  1.2954  1.2954
  8   |  1.1997  1.1997  1.1997  1.1997  1.1997  1.1997  1.1997  1.1997  1.1997  1.1997  1.1997  1.1997  1.1997  1.1997  1.1997
  9   |  1.1997  1.1997  1.1997  1.1997  1.1997  1.1997  1.1997  1.1997  1.1997  1.1997  1.1997  1.1997  1.1997  1.1997  1.1997
------+------------------------------------------------------------------------------------------------------------------------
                                               
 
 
        Fitted Selection Pattern
        ------------------------
------+------------------------------------------------------------------------------------------------------------------------
AGE   |    1987    1988    1989    1990    1991    1992    1993    1994    1995    1996    1997    1998    1999    2000    2001
------+------------------------------------------------------------------------------------------------------------------------
  0   |  0.0348  0.0348  0.0348  0.0348  0.0348  0.0348  0.0348  0.0348  0.0348  0.0348  0.0348  0.0348  0.0348  0.0348  0.0348
  1   |  0.1317  0.1317  0.1317  0.1317  0.1317  0.1318  0.1318  0.1318  0.1318  0.1318  0.1318  0.1318  0.1318  0.1318  0.1318
  2   |  0.2915  0.2915  0.2915  0.2915  0.2916  0.2916  0.2916  0.2916  0.2916  0.2916  0.2916  0.2916  0.2916  0.2916  0.2916
  3   |  0.5751  0.5751  0.5751  0.5752  0.5752  0.5753  0.5753  0.5753  0.5753  0.5753  0.5753  0.5753  0.5753  0.5753  0.5753
  4   |  0.8792  0.8792  0.8792  0.8792  0.8793  0.8795  0.8795  0.8795  0.8795  0.8795  0.8795  0.8795  0.8795  0.8795  0.8795
  5   |  1.0000  1.0000  1.0000  1.0000  1.0000  1.0000  1.0000  1.0000  1.0000  1.0000  1.0000  1.0000  1.0000  1.0000  1.0000
  6   |  1.1308  1.1308  1.1309  1.1310  1.1308  1.1311  1.1311  1.1311  1.1311  1.1311  1.1311  1.1311  1.1311  1.1311  1.1311
  7   |  1.2954  1.2954  1.2954  1.2956  1.2955  1.2955  1.2955  1.2955  1.2955  1.2955  1.2955  1.2955  1.2955  1.2955  1.2955
  8   |  1.1996  1.1996  1.1996  1.1998  1.1998  1.2000  1.2000  1.2000  1.2000  1.2000  1.2000  1.2000  1.2000  1.2000  1.2000
  9   |  1.1996  1.1996  1.1996  1.1998  1.1998  1.2000  1.2000  1.2000  1.2000  1.2000  1.2000  1.2000  1.2000  1.2000  1.2000
------+------------------------------------------------------------------------------------------------------------------------
                                               
 
 
        Fitted Selection Pattern
        ------------------------
------+--------
AGE   |    2002
------+--------
  0   |  0.0348
  1   |  0.1318
  2   |  0.2916
  3   |  0.5753
  4   |  0.8795
  5   |  1.0000
  6   |  1.1311
  7   |  1.2955
  8   |  1.2000
  9   |  1.2000
------+--------
                                               
 
 
 
 
 
                    STOCK SUMMARY                                             
 
 
 ³ Year ³  Recruits  ³  Total  ³ Spawning³ Landings ³ Yield ³ Mean F ³ SoP ³    
 ³      ³   Age   0  ³ Biomass ³ Biomass ³          ³ /SSB  ³  Ages  ³     ³ 
 ³      ³  thousands ³  tonnes ³ tonnes  ³ tonnes   ³ ratio ³  4- 7  ³ (%) ³ 
 
   1972       496970    424836    291358     56138   0.1927   0.1916    99
   1973       413270    437086    302173     57840   0.1914   0.1964    99
   1974       105700    428180    301067     69041   0.2293   0.2341   100
   1975       511810    380120    293500     52447   0.1787   0.1866   100
   1976       481470    384417    267973     71115   0.2654   0.2656    99
   1977       105700    358938    236249     69115   0.2926   0.2868    99
   1978       482920    322169    242941     38811   0.1598   0.1755   100
   1979       202610    329466    237755     43648   0.1836   0.1931   100
   1980       345910    315058    230942     53121   0.2300   0.2193   100
   1981       511860    301734    212704     70027   0.3292   0.3223   100
   1982       224400    268613    185828     45729   0.2461   0.2177    99
   1983       420890    284640    202452     47179   0.2330   0.2407    99
   1984       420910    292756    209335     50277   0.2402   0.2554   100
   1985       577340    301047    216171     44194   0.2044   0.1862    99
   1986       518600    327558    230780     42603   0.1846   0.1705    99
   1987       375140    347200    249183     46338   0.1860   0.1642   100
   1988       511970    375781    275682     73815   0.2678   0.2418    99
   1989       498980    388122    280928     76200   0.2712   0.2554   100
   1990       169120    360878    261269     72231   0.2765   0.2377    99
   1991       509540    371490    283261     73284   0.2587   0.2427    99
   1992       577340    374742    270775     92614   0.3420   0.3087   100
   1993       511910    369583    257917     65195   0.2528   0.2404    99
   1994       752980    372103    259521     68942   0.2657   0.2451    99
   1995       498920    425491    293854     73082   0.2487   0.2483   100
   1996       217640    416994    301379     67300   0.2233   0.2236   100
   1997       345950    420617    322539     58357   0.1809   0.1869   100
   1998       169090    393291    303753     74520   0.2453   0.2314   100
   1999       420920    372232    289272     71205   0.2462   0.2305   100
   2000       375090    335011    254890     59803   0.2346   0.2057    99
   2001       202570    350093    257580     69367   0.2693   0.2582    99
   2002       752790    307046    231569     55227   0.2385   0.2249   100
 
 -----------------------------------------------------------------            
 No of years for separable analysis : 11                                      
 Age range in the analysis : 0  . . . 9                                       
 Year range in the analysis : 1972  . . . 2002                                
 Number of indices of SSB : 1                                                 
 Number of age-structured indices : 1                                         
                                                                              
 Parameters to estimate : 47                                                  
 Number of observations : 150                                                 
                                                                              
 Conventional single selection vector model to be fitted.                     
                                                                              
                                                                              
                                                                              
 -----------------------------------------------------------------            
 
 
 PARAMETER ESTIMATES                                                            
  
 
 ³Parm.³      ³ Maximum ³    ³        ³         ³         ³         ³ Mean of ³ 
  
 ³ No. ³      ³ Likelh. ³ CV ³  Lower ³ Upper   ³  -s.e.  ³   +s.e. ³ Param.  ³ 
  
 ³     ³      ³ Estimate³ (%)³ 95% CL ³ 95% CL  ³         ³         ³ Distrib.³ 
  
 Separable model : F by year                                                    
  
    1   1992     0.2114   0    0.2114    0.2114    0.2114    0.2114    0.2114
    2   1993     0.1616   0    0.1616    0.1616    0.1616    0.1616    0.1616
    3   1994     0.1633   0    0.1633    0.1633    0.1633    0.1633    0.1633
    4   1995     0.1656   0    0.1656    0.1656    0.1656    0.1656    0.1656
    5   1996     0.1519   0    0.1519    0.1519    0.1519    0.1519    0.1519
    6   1997     0.1324   0    0.1324    0.1324    0.1324    0.1324    0.1324
    7   1998     0.1735   1    0.1702    0.1770    0.1718    0.1753    0.1735
    8   1999     0.1847 100    0.0260    1.3112    0.0679    0.5020    0.3045
    9   2000     0.1777   0    0.1776    0.1777    0.1776    0.1777    0.1777
   10   2001     0.2406   0    0.2406    0.2406    0.2406    0.2406    0.2406
   11   2002     0.2250   0    0.2250    0.2250    0.2250    0.2250    0.2250
 
 Separable Model: Selection (S) by age                                          
  
   12      0     0.0427   0    0.0427    0.0427    0.0427    0.0427    0.0427
   13      1     0.1476   0    0.1476    0.1476    0.1476    0.1476    0.1476
   14      2     0.3076   0    0.3076    0.3076    0.3076    0.3076    0.3076
   15      3     0.5864   0    0.5864    0.5864    0.5864    0.5864    0.5864
   16      4     0.8815   0    0.8815    0.8815    0.8815    0.8815    0.8815
           5     1.0000     Fixed : Reference Age             
   17      6     1.1437   0    1.1437    1.1437    1.1437    1.1437    1.1437
   18      7     1.2066   0    1.2066    1.2066    1.2066    1.2066    1.2066
           8     1.2000     Fixed : Last true age             
 
 Separable model: Populations in year 2002                                    
   19      0     570432   0     570432    570432    570432    570432    570432
   20      1     142023   0     142023    142023    142023    142023    142023
   21      2     235716   0     235716    235716    235716    235716    235716
   22      3     227308   0     227308    227308    227308    227308    227308
   23      4      73256   0      73256     73256     73256     73256     73256
   24      5     112707   0     112707    112707    112707    112707    112707
   25      6      52226   0      52226     52226     52226     52226     52226
   26      7      85959   0      85959     85959     85959     85959     85959
   27      8      92940   0      92940     92940     92940     92940     92940
 
Separable model: Populations at age
   28   1992      61947   0      61947     61947     61947     61947     61947
   29   1993      77400   0      77400     77400     77400     77400     77400
   30   1994      69181   0      69181     69181     69181     69181     69181
   31   1995      51002   0      51002     51002     51002     51002     51002
   32   1996      71122   0      71122     71122     71122     71122     71122
   33   1997      72605   0      72605     72605     72605     72605     72605
   34   1998      26049   0      26049     26049     26049     26049     26049
   35   1999      77247   0      77247     77247     77247     77247     77247
   36   2000      83737   0      83737     83737     83737     83737     83737
   37   2001      71578   0      71578     71578     71578     71578     71578
 
 SSB Index catchabilities                                                       
  
   INDEX                                 
 Linear model fitted. Slopes at age :                                           
  
   38   1  Q  .7688       0 .7688     .7688     .7688     .7688     .7688    
 
 
 
 Age-structured index catchabilities                                            
  
                                        FLT01: Dummy survey                     
 
 Linear model fitted. Slopes at age :                                           
  
   39   1  Q  .2590       0 .2590     .2590     .2590     .2590     .2590    
   40   2  Q  1.651       0 1.651     1.651     1.651     1.651     1.651    
   41   3  Q  2.228       0 2.228     2.228     2.228     2.228     2.228    
   42   4  Q  1.838       0 1.838     1.838     1.838     1.838     1.838    
   43   5  Q  1.524       0 1.524     1.524     1.524     1.524     1.524    
   44   6  Q  1.308       0 1.308     1.308     1.308     1.308     1.308    
   45   7  Q  2.255       0 2.255     2.255     2.255     2.255     2.255    
   46   8  Q  2.977       0 2.977     2.977     2.977     2.977     2.977    
   47   9  Q  .9230       0 .9230     .9230     .9230     .9230     .9230    
 
 
 
 RESIDUALS ABOUT THE MODEL FIT                                                  
  
 ------------------------------
 
        Separable Model Residuals
        -------------------------
------+----------------------------------------------------------------------------------------
Age   |    1992    1993    1994    1995    1996    1997    1998    1999    2000    2001    2002
------+----------------------------------------------------------------------------------------
  0   | ******* ******* ******* ******* ******* ******* ******* ******* ******* ******* *******
  1   | ******* ******* ******* ******* ******* ******* ******* ******* ******* ******* *******
  2   | ******* ******* ******* ******* ******* ******* ******* ******* ******* ******* *******
  3   | ******* ******* ******* ******* ******* ******* ******* ******* ******* ******* *******
  4   | ******* ******* ******* ******* ******* ******* ******* ******* ******* ******* *******
  5   | ******* ******* ******* ******* ******* ******* ******* ******* ******* ******* *******
  6   | ******* ******* ******* ******* ******* ******* ******* ******* ******* ******* *******
  7   | ******* ******* ******* ******* ******* ******* ******* ******* ******* ******* *******
  8   | ******* ******* ******* ******* ******* ******* ******* ******* ******* ******* *******
------+----------------------------------------------------------------------------------------
                                               
 
 
 
 SPAWNING BIOMASS INDEX RESIDUALS                                               
  
 ---------------------------------
 
          INDEX
        -------
------+------------------------------------------------------------------------------------------------------------------------
      |    1972    1973    1974    1975    1976    1977    1978    1979    1980    1981    1982    1983    1984    1985    1986
------+------------------------------------------------------------------------------------------------------------------------
  1   | ******* ******* ******* ******* ******* ******* ******* ******* ******* ******* ******* ******* ******* ******* *******
------+------------------------------------------------------------------------------------------------------------------------
                                               
 
 
          INDEX
        -------
------+------------------------------------------------------------------------------------------------------------------------
      |    1987    1988    1989    1990    1991    1992    1993    1994    1995    1996    1997    1998    1999    2000    2001
------+------------------------------------------------------------------------------------------------------------------------
  1   | ******* ******* ******* ******* ******* ******* ******* ******* ******* ******* ******* ******* ******* ******* *******
------+------------------------------------------------------------------------------------------------------------------------
                                               
 
 
          INDEX
        -------
------+--------
      |    2002
------+--------
  1   | *******
------+--------
                                               
 
 
 
 AGE-STRUCTURED INDEX RESIDUALS                                                 
  
 -------------------------------
 
        FLT01: Dummy survey
        -------------------
------+--------------------------------
Age   |    1981    1982    1983    1984
------+--------------------------------
  1   |   1.277   0.611  -0.105  -1.783
  2   |   0.810   0.123   0.217  -1.150
  3   |  -0.914   0.720   0.093   0.100
  4   |  -0.851  -0.598   1.012   0.437
  5   |  -0.131  -0.535  -0.404   1.070
  6   |   0.229   0.182  -0.207  -0.205
  7   |   1.203  -0.255  -0.360  -0.588
  8   |   0.120   1.202  -0.561  -0.792
  9   |  -0.585   0.448   0.236  -0.129
------+--------------------------------
                                               
 
 
 
 
 
 
 PARAMETERS OF THE DISTRIBUTION OF ln(CATCHES AT AGE)                           
  
 -----------------------------------------------------
 
 Separable model fitted from 1992  to 2002                                    
 Variance                             0.0000
Skewness test stat.                  -5.4108
Kurtosis test statistic               1.4984
Partial chi-square                    0.0000
Significance in fit                   0.0000
Degrees of freedom                        62
 
 
 PARAMETERS OF DISTRIBUTIONS OF THE SSB INDICES                                 
  
 -----------------------------------------------
 
 
   DISTRIBUTION STATISTICS FOR   INDEX                                          
 
 
 Linear catchability relationship assumed                                       
  
 Last age is a plus-group                                                       
  
 
 Variance                             0.0000
Skewness test stat.                   1.6008
Kurtosis test statistic               0.1496
Partial chi-square                    0.0000
Significance in fit                   0.0000
Number of observations                    15
Degrees of freedom                        14
Weight in the analysis                5.0000
 
 PARAMETERS OF THE DISTRIBUTION OF THE AGE-STRUCTURED INDICES                   
  
 ------------------------------------------------------------ 
 
 
   DISTRIBUTION STATISTICS FOR FLT01: Dummy survey                              
 
 
 Linear catchability relationship assumed                                       
  
 
 Age                          1         2         3         4         5         6         7         8         9
 Variance                0.0019    0.0008    0.0005    0.0009    0.0006    0.0001    0.0007    0.0009    0.0002
Skewness test stat.     -0.4636   -0.5476   -0.3938    0.1358    0.8009    0.0149    0.8589    0.4687   -0.3366
Kurtosis test statisti  -0.4434   -0.3692   -0.3868   -0.6867   -0.3322   -0.8061   -0.3011   -0.4935   -0.5310
Partial chi-square       0.0005    0.0002    0.0001    0.0002    0.0002    0.0000    0.0002    0.0002    0.0001
Significance in fit      0.0000    0.0000    0.0000    0.0000    0.0000    0.0000    0.0000    0.0000    0.0000
Number of observations        4         4         4         4         4         4         4         4         4
Degrees of freedom            3         3         3         3         3         3         3         3         3
Weight in the analysis   0.0011    0.0011    0.0011    0.0011    0.0011    0.0011    0.0011    0.0011    0.0011
 
 ANALYSIS OF VARIANCE                   
--------------------------
 
 Unweighted Statistics                                                          
  
 
                                                                                
  
Variance                              
                                       SSQ     Data    Parameters d.f. Variance
Total for model                        17.6893     150         47  103   0.1717
Catches at age                          0.0000      99         37   62   0.0000
  
SSB Indices                           
  INDEX                                 0.0000      15          1   14   0.0000
  
 Aged Indices                                                                   
  
FLT01: Dummy survey                    17.6893      36          9   27   0.6552
 
 
 Weighted Statistics                                                            
  
 
                                                                                
  
Variance                              
                                       SSQ     Data    Parameters d.f. Variance
Total for model                         0.0000     150         47  103   0.0000
Catches at age                          0.0000      99         37   62   0.0000
  
SSB Indices                           
  INDEX                                 0.0000      15          1   14   0.0000
  
 Aged Indices                                                                   
  
FLT01: Dummy survey                     0.0000      36          9   27   0.0000
 
