 ICA v1_3 TUNING DIAGNOSTICS FILE
   1       1
 F         SSQ
  0.05  22.39690216      19.22431773      3.172584429    
  0.10  10.68138041      7.528419329      3.152961081    
  0.15  6.408692160      3.265142109      3.143550051    
  0.20  4.635697307      1.497512852      3.138184454    
  0.25  3.920720086     0.7859100386      3.134810048    
  0.30  3.704313380     0.5717567566      3.132556624    
  0.35  3.737776824     0.6067853750      3.130991449    
  0.40  3.900764556     0.7708889336      3.129875622    
  0.45  4.131363762      1.002297751      3.129066011    
  0.50  4.396293463      1.267821457      3.128472005    
  0.55  4.677125205      1.549091437      3.128033768    
  0.60  4.963433508      1.835723052      3.127710457    
  0.65  5.249300224      2.121826778      3.127473446    
  0.70  5.531401176      2.404098957      3.127302219    
  0.75  5.807951789      2.680769996      3.127181793    
  0.80  6.078098127      2.950997086      3.127101041    
  0.85  6.341546453      3.214494876      3.127051577    
  0.90  6.598362787      3.471335793      3.127026993    
  0.95  6.848842753      3.721820418      3.127022335    
  1.00  7.093436137      3.966402416      3.127033722    
