 2 39.75033645386917
 3 18.93886128092395
 4 27.53469846619363
 5 -2.760506135446363
 6 13.46471965858743
 7 39.17087891932162
 8 30.24120341751392
 9 22.82549124985633
 10 58.87742568382309
 11 24.48084401312167
 12 16.79437903563760
 13 14.30491103565650
 14 33.29629444247855
 15 -4.494583411569136
 16 36.40813201966974
 17 17.29169821661705
 18 55.27887471288219
 19 43.30127808738327
 20 25.07355725811028
 21 -4.618341012160371
 22 19.87961432179565
 23 -10.61091925802478
 24 55.64307903185456
 25 50.69800385948579
 26 9.415078388595962
 27 22.78324763209780
 28 20.39349210794166
 29 59.72938328570878
 30 42.13241679908705
 31 45.53951801394092
 32 21.39766445652710
 33 -11.67207430667396
 34 28.17358621780979
 35 33.45456664194697
 36 25.01593769147588
 37 31.66205387316199
 38 30.24042352006749
 39 16.84685635820883
 40 49.26253329940690
 41 13.25741179491249
 42 7.605874472889397
 43 50.11333514828679
 44 -10.67885755520470
 45 20.76697614122915
 46 19.05149494393278
 47 34.84591660296951
 48 17.88186079146983
 49 36.58820539884343
 50 42.43119244285572
 51 45.54647648771425
 52 14.50505164786553
 53 49.42795814003530
 54 8.089348559822543
 55 10.83284586292777
 56 60.59153104638514
 57 20.42786980494724
 58 1.644539119817393
 59 -0.8841517166009574
 60 40.72146370167448
 61 12.63174853653052
 62 65.80383265844813
 63 25.63077926056977
 64 43.77929668196450
 65 -11.78038599098702
 66 48.90670761218281
 67 25.01926488278105
 68 21.07177313074972
 69 0.4639944453483054
 70 35.26653389859094
 71 5.912273001489861
 72 45.92989143994510
 73 17.06302465603633
 74 -8.412057213059178
 75 2.253245542374149
 76 50.39486088968258
 77 41.30135410691213
 78 57.67431057912287
 79 31.41991006748972
 80 -12.14338858103902
 81 5.947941612656248
 82 48.87655749279489
 83 -3.553364617858014
 84 40.79115027264977
 85 43.51188897771067
 86 59.54554660770321
 87 32.85479834356600
 88 0.7134205118306358
 89 19.86874376894127
 90 53.25125646301516
 91 0.9469920776810081
 92 4.569055391073940
 93 17.78286587617771
 94 18.57682353876531
 95 33.23217704891211
 96 49.87093760721713
 97 36.06866028499050
 98 22.11067500772736
 99 43.03420422655078
 100 15.26656543402380
 101 52.58172866876006
 102 1.168515200764931
 103 30.08325524379008
 104 28.96114700214909
 105 32.55802131073976
 106 -8.383604142234965
 107 55.01575657773139
 108 31.69365819857831
 109 54.21497358899788
 110 29.78982104505221
 111 20.86265974884426
 112 -4.078494154243545
 113 4.653867219355201
 114 25.08502869293820
 115 3.885819794597925
 116 36.91479033687845
 117 46.90473641634714
 118 23.65634299259881
 119 9.885972803726842
 120 29.76109963661757
 121 55.25160744677858
 122 26.09473347028528
 123 28.80359489907396
 124 20.88745526552336
 125 25.76521261958092
 126 50.61425477294102
 127 19.93015045012446
 128 11.71841664893908
 129 11.41061665586499
 130 18.76251712416992
 131 32.93348992405060
 132 25.25790274125738
 133 34.91434116098723
 134 33.32853385844121
 135 4.595416415781543
 136 -1.089205755455536
 137 6.102007037617302
 138 39.91304821390337
 139 25.94157210004100
 140 34.58059055727666
 141 -4.682403264065010
 142 54.45025708597207
 143 -12.31436095896903
 144 -6.206470702021464
 145 26.06983587837048
 146 23.66402403598204
 147 45.79678260380336
 148 29.41865574487804
 149 5.896658820833483
 150 66.78716201671011
 151 7.055489703687417
 152 1.269958714618605
 153 28.29868979731665
 154 34.05825201552607
 155 -18.96731658391547
 156 43.82739965738089
 157 39.29012890022993
 158 17.95471832637368
 159 21.12009981250721
 160 59.50918750934090
 161 31.22674954882466
 162 23.14765895079014
 163 -28.35171150693490
 164 32.08044039036307
 165 -1.601317513538632
 166 49.23954766388837
 167 35.44730190710016
 168 13.13095692648327
 169 31.63452317508121
 170 4.779351590029757
 171 -8.472494432151359
 172 -2.814483513568639
 173 -10.71192980166306
 174 40.38093270397446
 175 40.63289546981243
 176 48.47024918069331
 177 37.37078548293879
 178 42.22366660478036
 179 23.73374069205731
 180 29.12883454005034
 181 7.181929878775129
 182 48.36166717189624
 183 13.02558058345125
 184 61.96697581922257
 185 49.62776357890085
 186 -0.5177610208075389
 187 2.906061344473644
 188 22.74923536200605
 189 19.24905694941307
 190 38.87573370652478
 191 48.32760297461085
 192 4.612392073349472
 193 14.70070725986852
 194 32.73864834864959
 195 14.64127726383487
 196 12.41462580207542
 197 14.41176988490998
 198 31.09587617235035
 199 50.23053160998029
 200 65.93832067050570
 201 -5.272113269134435
 202 15.15781289305794
 203 52.24912457835562
 204 25.67507636630904
 205 9.620738133808459
 206 51.59558706375854
 207 57.55382010699483
 208 32.64872690440684
 209 12.58090476324812
 210 10.54531106601448
 211 14.62857021272314
 212 19.98188283619652
 213 35.19734751750643
 214 36.73056332513957
 215 14.91845707737570
 216 15.52630610141172
 217 53.44681852224483
 218 -11.59961009843053
 219 42.47026233574366
 220 23.04503887576358
 221 12.57440640152917
 222 -2.361802981261253
 223 11.50458013165043
 224 9.737439704951113
 225 53.02033209832580
 226 54.61740567429780
 227 29.88551836013502
 228 -4.038768675639432
 229 -10.32985340459498
 230 33.21001730658238
 231 19.37697643611453
 232 31.42410197707908
 233 41.39629752571869
 234 -7.394828960752172
 235 14.54635834658548
 236 33.97405372476999
 237 -18.44853805181912
 238 16.66068459494591
 239 45.77962476280396
 240 19.97733633353845
 241 20.97063367999657
 242 11.40492524908332
 243 48.30818706908602
 244 21.65907958235528
 245 24.20682019416070
 246 82.55969281157977
 247 43.08263464688719
 248 -21.32862247449928
 249 11.77605306912766
 250 12.97492545770271
 251 31.06844501676762
 252 28.67535969530535
 253 12.34679469255830
 254 17.22831078494014
 255 12.75421609057932
 256 2.344239569951592
 257 24.94475034302524
 258 35.82148159304756
 259 33.74052751380000
 260 -14.07639480048008
 261 -23.78252280765253
 262 12.84598482910394
 263 52.71337589754010
 264 23.97988816550838
 265 6.521674521436225
 266 35.64069455517073
 267 43.77967045750378
 268 31.86664228311421
 269 10.13259414135551
 270 37.38056030365124
 271 18.92554800042075
 272 1.446935711809793
 273 -11.47572830299997
 274 3.544697116703853
 275 33.25575317235334
 276 17.18849930469736
 277 5.842989077216901
 278 41.43276787540137
 279 7.556410359703509
 280 2.594913212174509
 281 21.33320745732868
 282 34.64915104385569
 283 51.25105995938427
 284 19.86894595229875
 285 10.25094869368894
 286 39.71975357587178
 287 42.27100511035133
 288 14.73564038255708
 289 26.74106925829545
 290 35.76170922129683
 291 16.64823090385477
 292 15.38224576285456
 293 25.88182921863561
 294 14.64104966049934
 295 -1.199360846801772
 296 19.05287580406764
 297 49.48597978751589
 298 36.80763581906819
 299 63.69666370418447
 300 1.045215567323742
 301 31.18023109814645
 302 12.86838473569378
 303 36.37622546274802
 304 4.524601964797068
 305 30.19384305840533
 306 48.50394216338277
 307 38.88355326980258
 308 -28.22815173742549
 309 16.58428883465320
 310 45.71630716737646
 311 51.81517323420317
 312 -0.4140085214674585
 313 22.92225361056044
 314 1.214245694263194
 315 36.54772497806438
 316 34.73992739396957
 317 47.16327659569752
 318 27.22776973116608
 319 40.08369773035758
 320 7.237222614644287
 321 12.79985037181227
 322 20.19431916711854
 323 12.22859621351938
 324 29.80147737223519
 325 56.16191396005566
 326 -22.57836370104087
 327 44.69860657412472
 328 33.78337720857295
 329 48.67987791928567
 330 54.43664982473925
 331 -18.76193011858756
 332 61.10250578111689
 333 -4.083599470289045
 334 1.246466894705742
 335 12.26824238645209
 336 55.44112148422820
 337 -1.016066064580423
 338 10.68044048800818
 339 13.13419572625697
 340 45.43048128156131
 341 6.804161180353502
 342 23.98099656023651
 343 26.94916952896011
 344 21.15006913507293
 345 53.92643214168531
 346 -15.79365902777381
 347 36.80106191376491
 348 44.54234496328080
 349 34.97599431584314
 350 4.370883029359074
 351 46.69797453690074
 352 51.42792008808237
 353 2.395754343300498
 354 -1.150841485218518
 355 23.78493993457858
 356 25.42321286193064
 357 65.97904263474680
 358 55.94053734524758
 359 31.76544092578536
 360 41.49755816164684
 361 38.61974969872976
 362 7.018774923698086
 363 14.61003827538221
 364 22.78404755912432
 365 50.06502694116151
 366 -1.595652233649629
 367 42.54275931054978
 368 31.74929182379876
 369 25.29088729772479
 370 28.37166915637925
 371 4.142379342864242
 372 9.091052929070681
 373 15.29687190166521
 374 13.95665700714477
 375 35.00217057591785
 376 61.84703467096387
 377 43.56553449777256
 378 17.07107578551877
 379 14.04827391918798
 380 25.64841698291863
 381 2.714305747557455
 382 22.04351200381779
 383 38.54446898381037
 384 48.61580735220044
 385 -12.94482417263869
 386 22.87176005716132
 387 -7.783297497279133
 388 -5.530411847023423
 389 64.76057724102495
 390 25.14925404007434
 391 37.23922431226144
 392 34.84654995849231
 393 -7.544910867227365
 394 24.77884892574689
 395 -0.8773969976292282
 396 -18.78057641420742
 397 53.30922397297245
 398 27.86533634278278
 399 22.66050067722007
 400 20.37371511473762
 401 7.077998403043845
 402 54.47748637453927
 403 -4.561111696790331
 404 32.35568343546131
 405 39.42071136678052
 406 22.51235594475595
 407 20.10232829665087
 408 58.06507870525282
 409 17.02333398656695
 410 59.86017143479553
 411 19.54759022957294
 412 4.017810876451318
 413 3.185708886420997
 414 14.89189289333557
 415 21.78714432019818
 416 -0.5462439392618084
 417 -20.99236567399537
 418 1.353950269705495
 419 50.37952348672437
 420 20.95404388390146
 421 15.10890046726472
 422 19.93710735401612
 423 3.208138315951523
 424 31.51865729893993
 425 26.99621025026858
 426 40.65512822595883
 427 41.64959627289924
 428 17.78676347106946
 429 7.072123908436991
 430 28.61461323241457
 431 52.28806322551004
 432 16.38242633754281
 433 -8.208971073280576
 434 45.57734355441234
 435 61.13030145228851
 436 38.16900986415109
 437 47.62148079046551
 438 51.51040846741782
 439 34.63246774271025
 440 47.71255411770176
 441 46.96477870822970
 442 11.42044805120473
 443 15.34238076257164
 444 17.60837498049135
 445 60.86069376253968
 446 -1.303444157430906
 447 39.09493947122801
 448 37.32268220295141
 449 1.825735112318567
 450 32.88341049155821
 451 13.62120500791037
 452 13.49941308549950
 453 40.44431706045487
 454 11.56840262718683
 455 -1.597547370838392
 456 55.39973045918506
 457 -7.806427235019586
 458 33.83709145375265
 459 46.01457285747068
 460 65.28764185561923
 461 24.65285331788710
 462 42.45567538739434
 463 27.53204763604368
 464 7.577346560874897
 465 4.396306777003899
 466 9.826935366455594
 467 23.15845263569585
 468 20.50666563253088
 469 15.39262459075353
 470 36.33813761845132
 471 61.10147210218292
 472 26.40340314951262
 473 -1.537095557444655
 474 14.80465163118031
 475 50.26847287964578
 476 16.53825220756341
 477 27.41287501627804
 478 -6.029600735465976
 479 22.81479248061004
 480 43.19433633568031
 481 42.74760909954679
 482 33.11234858593926
 483 40.67740458409438
 484 8.766551551177081
 485 -17.15524862400355
 486 33.27777054887925
 487 22.27709659993647
 488 31.31155850044139
 489 59.54145381078736
 490 18.64090900068745
 491 -6.225746382247736
 492 29.68469355540643
 493 22.08700153646639
 494 16.05466157748265
 495 16.12715527128585
 496 4.095458413128823
 497 21.16343846195341
 498 7.136434160649495
 499 -6.804186481206312
 500 28.77134809286714
 501 26.75411475053455
