 Output Generated by ICA Version 1.4                                            
  
 ------------------------------------
 
        Mackerel NE Atlantic  WG2003
        ----------------------------
 
        Catch in Number
        ---------------
------+------------------------------------------------------------------------------------------------------------------------
AGE   |    1972    1973    1974    1975    1976    1977    1978    1979    1980    1981    1982    1983    1984    1985    1986
------+------------------------------------------------------------------------------------------------------------------------
  0   |   2588.   4044.   3075.   3428.   5062.   4426.   3870.   2260.   4480.   4570.   2830.   2821.   4258.   2419.    721.
  1   |   3305.  12887.  10427.  10409.  10865.  21606.  12297.   9989.   9973.  13920.  13561.   6378.   9209.  13464.   9591.
  2   |  16706.   9369.  18909.  20115.  18795.  26277.  33989.  18070.  25007.  17522.  23402.  17430.  11914.  16661.  30451.
  3   |  24753.  40306.  11688.  31090.  30937.  38364.  34851.  42500.  38264.  36968.  24861.  25670.  27943.  18502.  32177.
  4   |  11973.  43650.  36515.  14034.  34870.  45618.  36553.  31684.  65210.  40571.  37754.  19885.  30322.  31974.  26188.
  5   |   7271.  15109.  27967.  31233.  11194.  36439.  30509.  23524.  34538.  48543.  29151.  21396.  16837.  24864.  32373.
  6   |  17269.   8897.   9360.  23188.  24133.  11287.  23454.  18994.  24776.  24728.  33598.  16001.  17628.  13434.  24440.
  7   |  12090.  20784.   5406.   7631.  17606.  23795.   7086.  14329.  19591.  17287.  16709.  18125.  13022.  13893.  13006.
  8   |   5919.  11730.  10078.   3535.   4642.  13950.  11910.   3456.  11886.  10915.   9327.   7188.  11841.   8235.  10815.
  9   |  10258.  16498.  13646.  15991.  11628.  12710.  13220.  12192.  13618.  14910.  13920.   9960.  11823.  15314.  18705.
------+------------------------------------------------------------------------------------------------------------------------
       x 10 ^ 3                                
 
 
        Catch in Number
        ---------------
------+------------------------------------------------------------------------------------------------------------------------
AGE   |    1987    1988    1989    1990    1991    1992    1993    1994    1995    1996    1997    1998    1999    2000    2001
------+------------------------------------------------------------------------------------------------------------------------
  0   |   2006.   1153.   4498.   4411.   1111.   2080.    737.   4356.   2180.   4895.   1627.   3802.   5677.   2312.   2288.
  1   |   1734.   6482.   6469.   9259.  16017.   3377.   7455.   3042.   9726.  10604.   7946.   9641.  12843.  12449.   7705.
  2   |  13188.   3212.  20654.   7572.  19183.  27755.   6895.  17415.   3858.  26781.   9802.  26755.  18354.  15972.  23622.
  3   |  35888.  21021.   8667.  20545.  13401.  28377.  48273.  13577.  18732.   8950.  21087.  27970.  42604.  19305.  25804.
  4   |  27832.  42315.  41253.   6244.  26640.  14494.  36027.  68531.  10552.  31345.   5110.  43805.  31725.  32250.  22739.
  5   |  16144.  23591.  59294.  20916.   5785.  20522.  13112.  36181.  37458.  12522.  12578.   7590.  34744.  16830.  27025.
  6   |  19384.  13337.  31989.  29031.  18813.   4322.  17992.  12695.  19079.  42868.   4855.  18087.   5773.  17751.  13661.
  7   |  14429.  15849.  17740.  15341.  25718.  13830.   3725.  17018.   6550.  21335.  16292.   6852.  13360.   2880.  14157.
  8   |   6137.   9475.  17016.   6763.  10915.  15143.   9566.   2829.   6984.   5897.   6426.  18574.   4043.   5295.   1841.
  9   |  14264.  13481.  23852.  15813.  15995.  16221.  21918.  23894.  11067.  15787.   5782.  13707.  20536.   9892.  10120.
------+------------------------------------------------------------------------------------------------------------------------
       x 10 ^ 3                                
 
 
        Catch in Number
        ---------------
------+--------
AGE   |    2002
------+--------
  0   |   3577.
  1   |  10150.
  2   |  19328.
  3   |  49858.
  4   |  39201.
  5   |  24431.
  6   |  27974.
  7   |  13802.
  8   |  11497.
  9   |   9218.
------+--------
       x 10 ^ 3                                
 
 
 
        Predicted Catch in Number
        -------------------------
------+----------------------------------------------------------------------------------------
AGE   |    1992    1993    1994    1995    1996    1997    1998    1999    2000    2001    2002
------+----------------------------------------------------------------------------------------
  0   |   2080.    737.   4356.   2180.   4895.   1626.   3802.   5678.   2312.   2288.   3577.
  1   |   3377.   7456.   3042.   9726.  10604.   7946.   9640.  12843.  12450.   7704.  10150.
  2   |  27753.   6895.  17416.   3858.  26780.   9802.  26752.  18353.  15971.  23623.  19328.
  3   |  28377.  48275.  13578.  18733.   8950.  21088.  27970.  42601.  19303.  25801.  49866.
  4   |  14494.  36030.  68535.  10553.  31347.   5110.  43806.  31725.  32248.  22736.  39202.
  5   |  20521.  13112.  36184.  37460.  12523.  12580.   7590.  34745.  16829.  27022.  24431.
  6   |   4322.  17992.  12695.  19080.  42868.   4855.  18088.   5773.  17750.  13660.  27974.
  7   |  13826.   3725.  17018.   6550.  21336.  16293.   6852.  13361.   2880.  14156.  13803.
  8   |  15151.   9564.   2829.   6983.   5897.   6426.  18573.   4043.   5295.   1841.  11497.
------+----------------------------------------------------------------------------------------
       x 10 ^ 3                                
 
 
 
        Weights at age in the catches (Kg)
        ----------------------------------
------+------------------------------------------------------------------------------------------------------------------------
AGE   |    1972    1973    1974    1975    1976    1977    1978    1979    1980    1981    1982    1983    1984    1985    1986
------+------------------------------------------------------------------------------------------------------------------------
  0   | 0.05200 0.05000 0.05100 0.05000 0.05900 0.05600 0.03600 0.01600 0.05700 0.06000 0.05300 0.05000 0.03100 0.05500 0.03900
  1   | 0.13500 0.14500 0.13600 0.14800 0.13700 0.13600 0.13500 0.13700 0.13100 0.13200 0.13100 0.16800 0.10200 0.14400 0.14600
  2   | 0.27700 0.19400 0.22900 0.17700 0.20700 0.16900 0.16100 0.16100 0.24900 0.24800 0.24900 0.21900 0.18400 0.26200 0.24500
  3   | 0.34100 0.28500 0.26100 0.25900 0.26300 0.27500 0.25000 0.24300 0.28500 0.28700 0.28500 0.27600 0.29500 0.35700 0.33500
  4   | 0.42300 0.36800 0.33400 0.32300 0.32000 0.33300 0.32500 0.31800 0.34500 0.34400 0.34500 0.31000 0.32600 0.41800 0.42300
  5   | 0.46800 0.44800 0.39200 0.34800 0.34600 0.35200 0.34500 0.34800 0.37800 0.37700 0.37800 0.38600 0.34400 0.41700 0.47100
  6   | 0.46800 0.46800 0.48100 0.43000 0.40600 0.40700 0.40300 0.40100 0.45400 0.45400 0.45400 0.42500 0.43100 0.43600 0.44400
  7   | 0.50800 0.50800 0.50800 0.48800 0.44300 0.44600 0.42100 0.41600 0.49800 0.49900 0.49600 0.43500 0.54200 0.52100 0.45700
  8   | 0.53900 0.53900 0.53900 0.53900 0.51800 0.54600 0.51800 0.50600 0.52000 0.51300 0.51300 0.49800 0.48000 0.55500 0.54300
  9   | 0.59612 0.60377 0.59926 0.60010 0.61008 0.60147 0.56464 0.52938 0.57145 0.56078 0.55991 0.57997 0.60818 0.60925 0.60248
------+------------------------------------------------------------------------------------------------------------------------
                                               
 
 
        Weights at age in the catches (Kg)
        ----------------------------------
------+------------------------------------------------------------------------------------------------------------------------
AGE   |    1987    1988    1989    1990    1991    1992    1993    1994    1995    1996    1997    1998    1999    2000    2001
------+------------------------------------------------------------------------------------------------------------------------
  0   | 0.07600 0.05500 0.04900 0.08500 0.06800 0.05100 0.06100 0.04600 0.07200 0.05800 0.07600 0.06500 0.06200 0.06300 0.06900
  1   | 0.17900 0.13300 0.13600 0.15600 0.15600 0.16700 0.13400 0.13600 0.14300 0.14300 0.14300 0.15700 0.17600 0.13500 0.17100
  2   | 0.22300 0.25900 0.23700 0.23300 0.25300 0.23900 0.24000 0.25500 0.23400 0.22600 0.23000 0.22700 0.23600 0.22900 0.22300
  3   | 0.31800 0.32300 0.32000 0.33600 0.32700 0.33300 0.31700 0.33900 0.33300 0.31300 0.29500 0.31000 0.30700 0.30800 0.30700
  4   | 0.39900 0.38800 0.37700 0.37900 0.39400 0.39700 0.37600 0.39000 0.39000 0.37700 0.35900 0.35400 0.36100 0.36700 0.37800
  5   | 0.47400 0.45600 0.43300 0.42300 0.42300 0.46000 0.43600 0.44800 0.45200 0.42500 0.41500 0.40800 0.40600 0.42900 0.42600
  6   | 0.51200 0.52400 0.45600 0.46700 0.46900 0.49500 0.48300 0.51200 0.50100 0.48400 0.45300 0.45200 0.45400 0.46700 0.47700
  7   | 0.49300 0.55500 0.54300 0.52800 0.50600 0.53200 0.52700 0.54300 0.53900 0.51800 0.48100 0.46200 0.50100 0.50400 0.49900
  8   | 0.49800 0.55500 0.59200 0.55200 0.55400 0.55500 0.54800 0.59000 0.57700 0.55100 0.52400 0.51800 0.53700 0.53700 0.54300
  9   | 0.62222 0.61436 0.61256 0.61711 0.63547 0.63283 0.60500 0.62933 0.62599 0.60846 0.58171 0.56548 0.58708 0.59103 0.60833
------+------------------------------------------------------------------------------------------------------------------------
                                               
 
 
        Weights at age in the catches (Kg)
        ----------------------------------
------+--------
AGE   |    2002
------+--------
  0   | 0.05200
  1   | 0.15900
  2   | 0.25500
  3   | 0.30700
  4   | 0.36900
  5   | 0.42600
  6   | 0.46400
  7   | 0.51400
  8   | 0.53900
  9   | 0.62633
------+--------
                                               
 
 
 
        Weights at age in the stock (Kg)
        --------------------------------
------+------------------------------------------------------------------------------------------------------------------------
AGE   |    1972    1973    1974    1975    1976    1977    1978    1979    1980    1981    1982    1983    1984    1985    1986
------+------------------------------------------------------------------------------------------------------------------------
  0   | 0.00800 0.00800 0.00800 0.00800 0.00800 0.00800 0.00800 0.00800 0.00800 0.00800 0.00800 0.00800 0.00000 0.00000 0.00000
  1   | 0.13200 0.13200 0.13000 0.12900 0.12800 0.12700 0.11100 0.11000 0.10900 0.08700 0.08600 0.08600 0.08100 0.08500 0.07700
  2   | 0.17800 0.17700 0.17300 0.17100 0.17000 0.16700 0.17500 0.17400 0.17300 0.18600 0.13500 0.17200 0.19400 0.16500 0.17900
  3   | 0.24300 0.24200 0.23800 0.23600 0.23600 0.23300 0.23800 0.23700 0.23600 0.25200 0.22100 0.23500 0.25300 0.29300 0.26700
  4   | 0.41100 0.30100 0.29600 0.29400 0.29300 0.28900 0.30000 0.29900 0.29700 0.31300 0.28000 0.28000 0.29500 0.30600 0.30400
  5   | 0.35500 0.43800 0.32200 0.31800 0.31800 0.31300 0.34600 0.34500 0.34300 0.32300 0.38500 0.33900 0.32400 0.34100 0.35600
  6   | 0.39800 0.39800 0.46900 0.36500 0.36500 0.36100 0.38200 0.38000 0.37900 0.37800 0.35300 0.37700 0.39300 0.38400 0.35100
  7   | 0.43300 0.43300 0.43300 0.49700 0.41900 0.41600 0.41000 0.40800 0.40700 0.41900 0.40800 0.40400 0.43600 0.43000 0.41600
  8   | 0.45900 0.45900 0.45900 0.45900 0.51200 0.44600 0.43200 0.43000 0.42900 0.43400 0.43700 0.43900 0.44100 0.45900 0.47300
  9   | 0.51118 0.51776 0.51393 0.51423 0.52478 0.54116 0.49051 0.47996 0.49290 0.47799 0.47570 0.50757 0.50408 0.51799 0.47372
------+------------------------------------------------------------------------------------------------------------------------
                                               
 
 
        Weights at age in the stock (Kg)
        --------------------------------
------+------------------------------------------------------------------------------------------------------------------------
AGE   |    1987    1988    1989    1990    1991    1992    1993    1994    1995    1996    1997    1998    1999    2000    2001
------+------------------------------------------------------------------------------------------------------------------------
  0   | 0.00000 0.00000 0.00000 0.00000 0.00000 0.00000 0.00000 0.00000 0.00000 0.00000 0.00000 0.00000 0.00000 0.00000 0.00000
  1   | 0.07800 0.07200 0.07600 0.07400 0.07500 0.07800 0.07800 0.07900 0.08100 0.07600 0.07600 0.07700 0.08100 0.07400 0.07800
  2   | 0.14800 0.15600 0.17700 0.13800 0.15500 0.21200 0.19700 0.17800 0.16400 0.13300 0.18600 0.14900 0.19400 0.18500 0.16400
  3   | 0.24000 0.23700 0.24400 0.22200 0.23000 0.25900 0.26800 0.23700 0.26700 0.25100 0.22800 0.22300 0.24200 0.23500 0.24100
  4   | 0.28600 0.30100 0.30600 0.28700 0.30700 0.31000 0.31500 0.30100 0.32600 0.31700 0.29600 0.28500 0.30100 0.28900 0.34200
  5   | 0.37400 0.32900 0.35200 0.33900 0.35700 0.36200 0.36000 0.36100 0.39800 0.36600 0.36100 0.34200 0.35300 0.35000 0.39000
  6   | 0.38600 0.42300 0.38000 0.37300 0.40900 0.40200 0.41600 0.41300 0.44800 0.44400 0.40200 0.40000 0.39600 0.39000 0.44600
  7   | 0.41100 0.44500 0.42900 0.41400 0.43200 0.42400 0.45400 0.46600 0.49100 0.46200 0.44500 0.42600 0.42300 0.42600 0.45900
  8   | 0.42900 0.43200 0.47400 0.40900 0.50200 0.46200 0.46500 0.47000 0.50800 0.50100 0.47800 0.46600 0.44000 0.44700 0.49900
  9   | 0.49051 0.53374 0.48664 0.48246 0.56071 0.52208 0.51354 0.54140 0.58034 0.59357 0.54018 0.51770 0.49381 0.50338 0.57010
------+------------------------------------------------------------------------------------------------------------------------
                                               
 
 
        Weights at age in the stock (Kg)
        --------------------------------
------+--------
AGE   |    2002
------+--------
  0   | 0.00000
  1   | 0.07800
  2   | 0.18100
  3   | 0.23900
  4   | 0.31100
  5   | 0.36400
  6   | 0.41100
  7   | 0.43600
  8   | 0.46200
  9   | 0.53445
------+--------
                                               
 
 
 
        Natural Mortality (per year)
        ----------------------------
------+------------------------------------------------------------------------------------------------------------------------
AGE   |    1972    1973    1974    1975    1976    1977    1978    1979    1980    1981    1982    1983    1984    1985    1986
------+------------------------------------------------------------------------------------------------------------------------
  0   | 0.15000 0.15000 0.15000 0.15000 0.15000 0.15000 0.15000 0.15000 0.15000 0.15000 0.15000 0.15000 0.15000 0.15000 0.15000
  1   | 0.15000 0.15000 0.15000 0.15000 0.15000 0.15000 0.15000 0.15000 0.15000 0.15000 0.15000 0.15000 0.15000 0.15000 0.15000
  2   | 0.15000 0.15000 0.15000 0.15000 0.15000 0.15000 0.15000 0.15000 0.15000 0.15000 0.15000 0.15000 0.15000 0.15000 0.15000
  3   | 0.15000 0.15000 0.15000 0.15000 0.15000 0.15000 0.15000 0.15000 0.15000 0.15000 0.15000 0.15000 0.15000 0.15000 0.15000
  4   | 0.15000 0.15000 0.15000 0.15000 0.15000 0.15000 0.15000 0.15000 0.15000 0.15000 0.15000 0.15000 0.15000 0.15000 0.15000
  5   | 0.15000 0.15000 0.15000 0.15000 0.15000 0.15000 0.15000 0.15000 0.15000 0.15000 0.15000 0.15000 0.15000 0.15000 0.15000
  6   | 0.15000 0.15000 0.15000 0.15000 0.15000 0.15000 0.15000 0.15000 0.15000 0.15000 0.15000 0.15000 0.15000 0.15000 0.15000
  7   | 0.15000 0.15000 0.15000 0.15000 0.15000 0.15000 0.15000 0.15000 0.15000 0.15000 0.15000 0.15000 0.15000 0.15000 0.15000
  8   | 0.15000 0.15000 0.15000 0.15000 0.15000 0.15000 0.15000 0.15000 0.15000 0.15000 0.15000 0.15000 0.15000 0.15000 0.15000
  9   | 0.15000 0.15000 0.15000 0.15000 0.15000 0.15000 0.15000 0.15000 0.15000 0.15000 0.15000 0.15000 0.15000 0.15000 0.15000
------+------------------------------------------------------------------------------------------------------------------------
                                               
 
 
        Natural Mortality (per year)
        ----------------------------
------+------------------------------------------------------------------------------------------------------------------------
AGE   |    1987    1988    1989    1990    1991    1992    1993    1994    1995    1996    1997    1998    1999    2000    2001
------+------------------------------------------------------------------------------------------------------------------------
  0   | 0.15000 0.15000 0.15000 0.15000 0.15000 0.15000 0.15000 0.15000 0.15000 0.15000 0.15000 0.15000 0.15000 0.15000 0.15000
  1   | 0.15000 0.15000 0.15000 0.15000 0.15000 0.15000 0.15000 0.15000 0.15000 0.15000 0.15000 0.15000 0.15000 0.15000 0.15000
  2   | 0.15000 0.15000 0.15000 0.15000 0.15000 0.15000 0.15000 0.15000 0.15000 0.15000 0.15000 0.15000 0.15000 0.15000 0.15000
  3   | 0.15000 0.15000 0.15000 0.15000 0.15000 0.15000 0.15000 0.15000 0.15000 0.15000 0.15000 0.15000 0.15000 0.15000 0.15000
  4   | 0.15000 0.15000 0.15000 0.15000 0.15000 0.15000 0.15000 0.15000 0.15000 0.15000 0.15000 0.15000 0.15000 0.15000 0.15000
  5   | 0.15000 0.15000 0.15000 0.15000 0.15000 0.15000 0.15000 0.15000 0.15000 0.15000 0.15000 0.15000 0.15000 0.15000 0.15000
  6   | 0.15000 0.15000 0.15000 0.15000 0.15000 0.15000 0.15000 0.15000 0.15000 0.15000 0.15000 0.15000 0.15000 0.15000 0.15000
  7   | 0.15000 0.15000 0.15000 0.15000 0.15000 0.15000 0.15000 0.15000 0.15000 0.15000 0.15000 0.15000 0.15000 0.15000 0.15000
  8   | 0.15000 0.15000 0.15000 0.15000 0.15000 0.15000 0.15000 0.15000 0.15000 0.15000 0.15000 0.15000 0.15000 0.15000 0.15000
  9   | 0.15000 0.15000 0.15000 0.15000 0.15000 0.15000 0.15000 0.15000 0.15000 0.15000 0.15000 0.15000 0.15000 0.15000 0.15000
------+------------------------------------------------------------------------------------------------------------------------
                                               
 
 
        Natural Mortality (per year)
        ----------------------------
------+--------
AGE   |    2002
------+--------
  0   | 0.15000
  1   | 0.15000
  2   | 0.15000
  3   | 0.15000
  4   | 0.15000
  5   | 0.15000
  6   | 0.15000
  7   | 0.15000
  8   | 0.15000
  9   | 0.15000
------+--------
                                               
 
 
 
        Proportion of fish spawning
        ---------------------------
------+------------------------------------------------------------------------------------------------------------------------
AGE   |    1972    1973    1974    1975    1976    1977    1978    1979    1980    1981    1982    1983    1984    1985    1986
------+------------------------------------------------------------------------------------------------------------------------
  0   |  0.0000  0.0000  0.0000  0.0000  0.0000  0.0000  0.0000  0.0000  0.0000  0.0000  0.0000  0.0000  0.0000  0.0000  0.0000
  1   |  0.0500  0.0500  0.0500  0.0600  0.0600  0.0600  0.0600  0.0600  0.0600  0.0700  0.0700  0.0700  0.0700  0.0700  0.0700
  2   |  0.5300  0.5400  0.5400  0.5500  0.5500  0.5500  0.5600  0.5600  0.5700  0.5700  0.5700  0.5800  0.5800  0.5800  0.5800
  3   |  0.9000  0.9000  0.9000  0.8900  0.8900  0.8900  0.8900  0.8900  0.8900  0.8800  0.8800  0.8800  0.8800  0.8800  0.8800
  4   |  0.9800  0.9800  0.9800  0.9800  0.9800  0.9800  0.9800  0.9800  0.9800  0.9800  0.9800  0.9800  0.9700  0.9700  0.9700
  5   |  0.9800  0.9800  0.9800  0.9800  0.9800  0.9800  0.9800  0.9800  0.9800  0.9800  0.9800  0.9800  0.9700  0.9700  0.9700
  6   |  0.9900  0.9900  0.9900  0.9900  0.9900  0.9900  0.9900  0.9900  0.9900  0.9900  0.9900  0.9900  0.9900  0.9900  0.9900
  7   |  1.0000  1.0000  1.0000  1.0000  1.0000  1.0000  1.0000  1.0000  1.0000  1.0000  1.0000  1.0000  1.0000  1.0000  1.0000
  8   |  1.0000  1.0000  1.0000  1.0000  1.0000  1.0000  1.0000  1.0000  1.0000  1.0000  1.0000  1.0000  1.0000  1.0000  1.0000
  9   |  1.0000  1.0000  1.0000  1.0000  1.0000  1.0000  1.0000  1.0000  1.0000  1.0000  1.0000  1.0000  1.0000  1.0000  1.0000
------+------------------------------------------------------------------------------------------------------------------------
                                               
 
 
        Proportion of fish spawning
        ---------------------------
------+------------------------------------------------------------------------------------------------------------------------
AGE   |    1987    1988    1989    1990    1991    1992    1993    1994    1995    1996    1997    1998    1999    2000    2001
------+------------------------------------------------------------------------------------------------------------------------
  0   |  0.0000  0.0000  0.0000  0.0000  0.0000  0.0000  0.0000  0.0000  0.0000  0.0000  0.0000  0.0000  0.0000  0.0000  0.0000
  1   |  0.0700  0.0700  0.0700  0.0700  0.0700  0.0700  0.0700  0.0700  0.0700  0.0700  0.0700  0.0700  0.0700  0.0700  0.0700
  2   |  0.5800  0.5800  0.5800  0.5800  0.5800  0.5800  0.5800  0.5800  0.5800  0.5800  0.5800  0.5800  0.5800  0.5800  0.5900
  3   |  0.8800  0.8800  0.8800  0.8800  0.8800  0.8800  0.8800  0.8800  0.8800  0.8800  0.8800  0.8600  0.8600  0.8600  0.8800
  4   |  0.9700  0.9700  0.9700  0.9700  0.9700  0.9700  0.9700  0.9700  0.9700  0.9700  0.9700  0.9800  0.9800  0.9800  0.9700
  5   |  0.9700  0.9700  0.9700  0.9700  0.9700  0.9700  0.9700  0.9700  0.9700  0.9700  0.9700  0.9800  0.9800  0.9800  0.9700
  6   |  0.9900  0.9900  0.9900  0.9900  0.9900  0.9900  0.9900  0.9900  0.9900  0.9900  0.9900  0.9900  0.9900  0.9900  0.9900
  7   |  1.0000  1.0000  1.0000  1.0000  1.0000  1.0000  1.0000  1.0000  1.0000  1.0000  1.0000  1.0000  1.0000  1.0000  1.0000
  8   |  1.0000  1.0000  1.0000  1.0000  1.0000  1.0000  1.0000  1.0000  1.0000  1.0000  1.0000  1.0000  1.0000  1.0000  1.0000
  9   |  1.0000  1.0000  1.0000  1.0000  1.0000  1.0000  1.0000  1.0000  1.0000  1.0000  1.0000  1.0000  1.0000  1.0000  1.0000
------+------------------------------------------------------------------------------------------------------------------------
                                               
 
 
        Proportion of fish spawning
        ---------------------------
------+--------
AGE   |    2002
------+--------
  0   |  0.0000
  1   |  0.0700
  2   |  0.5900
  3   |  0.8800
  4   |  0.9700
  5   |  0.9700
  6   |  0.9900
  7   |  1.0000
  8   |  1.0000
  9   |  1.0000
------+--------
                                               
 
 
 
 INDICES OF SPAWNING BIOMASS                                                    
  
 ----------------------------
 
          INDEX
        -------
------+------------------------------------------------------------------------------------------------------------------------
      |    1972    1973    1974    1975    1976    1977    1978    1979    1980    1981    1982    1983    1984    1985    1986
------+------------------------------------------------------------------------------------------------------------------------
  1   | ******* ******* ******* ******* ******* ******* ******* ******* ******* ******* ******* ******* ******* ******* *******
------+------------------------------------------------------------------------------------------------------------------------
       x 10 ^ 3                                
 
 
          INDEX
        -------
------+------------------------------------------------------------------------------------------------------------------------
      |    1987    1988    1989    1990    1991    1992    1993    1994    1995    1996    1997    1998    1999    2000    2001
------+------------------------------------------------------------------------------------------------------------------------
  1   | *******  323.56  287.39  235.93  250.46  287.64  289.07  255.40  241.28  211.12  202.35  205.29  214.78  213.26  253.12
------+------------------------------------------------------------------------------------------------------------------------
       x 10 ^ 3                                
 
 
          INDEX
        -------
------+--------
      |    2002
------+--------
  1   |  247.58
------+--------
       x 10 ^ 3                                
 
 
 
 AGE-STRUCTURED INDICES                                                         
  
 -----------------------
 
        FLT01: Dummy survey
        -------------------
------+--------------------------------
AGE   |    1981    1982    1983    1984
------+--------------------------------
  1   |  266.10  203.00   43.60   15.24
  2   |  506.40  435.90  712.70   79.51
  3   |  225.10  483.60  444.60  661.83
  4   |   31.70  184.10  391.60  374.60
  5   |  174.80   24.70  130.40  238.20
  6   |  158.50  136.60   20.20   92.00
  7   |   99.50  108.60   91.30   15.54
  8   |  116.60   84.50   70.90   51.47
  9   |   35.30   87.00   47.10   39.27
------+--------------------------------
       x 10 ^ 3                                
 
 
 
        Fishing Mortality (per year)
        ----------------------------
------+------------------------------------------------------------------------------------------------------------------------
AGE   |    1972    1973    1974    1975    1976    1977    1978    1979    1980    1981    1982    1983    1984    1985    1986
------+------------------------------------------------------------------------------------------------------------------------
  0   | 0.00549 0.00854 0.00688 0.00727 0.00720 0.00964 0.00839 0.00676 0.00935 0.00911 0.00847 0.00595 0.00605 0.00596 0.00737
  1   | 0.02077 0.03234 0.02604 0.02753 0.02725 0.03647 0.03175 0.02559 0.03538 0.03449 0.03206 0.02253 0.02290 0.02254 0.02791
  2   | 0.04596 0.07158 0.05764 0.06092 0.06030 0.08073 0.07027 0.05663 0.07832 0.07633 0.07096 0.04987 0.05069 0.04991 0.06175
  3   | 0.09068 0.14121 0.11371 0.12020 0.11897 0.15927 0.13864 0.11173 0.15452 0.15059 0.14001 0.09838 0.10001 0.09846 0.12186
  4   | 0.13863 0.21588 0.17385 0.18376 0.18188 0.24348 0.21195 0.17081 0.23622 0.23022 0.21404 0.15040 0.15289 0.15053 0.18629
  5   | 0.15768 0.24554 0.19773 0.20900 0.20688 0.27694 0.24108 0.19427 0.26868 0.26186 0.24345 0.17107 0.17390 0.17121 0.21189
  6   | 0.17832 0.27769 0.22362 0.23636 0.23396 0.31319 0.27264 0.21971 0.30385 0.29614 0.27532 0.19346 0.19667 0.19362 0.23963
  7   | 0.20430 0.31813 0.25619 0.27079 0.26803 0.35881 0.31234 0.25171 0.34811 0.33927 0.31542 0.22164 0.22531 0.22182 0.27452
  8   | 0.18923 0.29466 0.23729 0.25081 0.24826 0.33234 0.28930 0.23314 0.32242 0.31424 0.29215 0.20528 0.20869 0.20545 0.25427
  9   | 0.18923 0.29466 0.23729 0.25081 0.24826 0.33234 0.28930 0.23314 0.32242 0.31424 0.29215 0.20528 0.20869 0.20545 0.25427
------+------------------------------------------------------------------------------------------------------------------------
                                               
 
 
        Fishing Mortality (per year)
        ----------------------------
------+------------------------------------------------------------------------------------------------------------------------
AGE   |    1987    1988    1989    1990    1991    1992    1993    1994    1995    1996    1997    1998    1999    2000    2001
------+------------------------------------------------------------------------------------------------------------------------
  0   | 0.00552 0.00555 0.00976 0.00627 0.00710 0.00673 0.00754 0.00976 0.00681 0.01040 0.00526 0.00978 0.01039 0.00712 0.00741
  1   | 0.02090 0.02100 0.03694 0.02373 0.02689 0.02548 0.02854 0.03694 0.02577 0.03937 0.01992 0.03700 0.03930 0.02695 0.02805
  2   | 0.04626 0.04648 0.08176 0.05252 0.05951 0.05640 0.06316 0.08176 0.05704 0.08714 0.04408 0.08189 0.08699 0.05965 0.06207
  3   | 0.09123 0.09171 0.16129 0.10362 0.11741 0.11128 0.12461 0.16131 0.11253 0.17192 0.08697 0.16157 0.17163 0.11768 0.12247
  4   | 0.13949 0.14015 0.24661 0.15840 0.17950 0.17013 0.19051 0.24662 0.17204 0.26284 0.13296 0.24701 0.26239 0.17991 0.18724
  5   | 0.15866 0.15944 0.28037 0.18020 0.20416 0.19350 0.21669 0.28051 0.19568 0.29896 0.15124 0.28095 0.29845 0.20463 0.21297
  6   | 0.17943 0.18031 0.31716 0.20367 0.23093 0.21883 0.24506 0.31723 0.22130 0.33809 0.17103 0.31773 0.33752 0.23142 0.24084
  7   | 0.20557 0.20657 0.36335 0.23341 0.26438 0.25071 0.28075 0.36344 0.25354 0.38734 0.19595 0.36401 0.38669 0.26513 0.27593
  8   | 0.19040 0.19133 0.33655 0.21619 0.24498 0.23221 0.26003 0.33661 0.23482 0.35875 0.18148 0.33714 0.35814 0.24556 0.25556
  9   | 0.19040 0.19133 0.33655 0.21619 0.24498 0.23221 0.26003 0.33661 0.23482 0.35875 0.18148 0.33714 0.35814 0.24556 0.25556
------+------------------------------------------------------------------------------------------------------------------------
                                               
 
 
        Fishing Mortality (per year)
        ----------------------------
------+--------
AGE   |    2002
------+--------
  0   | 0.01032
  1   | 0.03907
  2   | 0.08648
  3   | 0.17061
  4   | 0.26084
  5   | 0.29668
  6   | 0.33552
  7   | 0.38439
  8   | 0.35602
  9   | 0.35602
------+--------
                                               
 
 
 
        Population Abundance (1 January)
        --------------------------------
------+------------------------------------------------------------------------------------------------------------------------
AGE   |    1972    1973    1974    1975    1976    1977    1978    1979    1980    1981    1982    1983    1984    1985    1986
------+------------------------------------------------------------------------------------------------------------------------
  0   |  509.30  511.73  482.83  509.30  759.89  496.90  498.73  361.16  518.37  542.44  361.16  511.73  760.03  438.45  105.69
  1   |  173.11  435.96  436.70  412.72  435.18  649.35  423.58  425.68  308.76  442.01  462.65  308.23  437.84  650.22  375.14
  2   |  400.23  145.94  363.29  366.21  345.59  364.50  538.88  353.19  357.13  256.51  367.55  385.64  259.39  368.32  547.17
  3   |  307.13  329.01  116.93  295.18  296.57  280.04  289.40  432.35  287.25  284.23  204.56  294.68  315.78  212.22  301.58
  4   |   99.43  241.43  245.89   89.83  225.29  226.63  205.55  216.84  332.79  211.84  210.44  153.06  229.87  245.93  165.53
  5   |   53.57   74.50  167.45  177.87   64.34  161.66  152.91  143.13  157.33  226.17  144.84  146.22  113.35  169.80  182.09
  6   |  113.61   39.38   50.16  118.27  124.22   45.03  105.48  103.41  101.44  103.51  149.82   97.73  106.07   81.99  123.15
  7   |   70.28   81.81   25.68   34.52   80.37   84.61   28.33   69.13   71.45   64.43   66.26   97.92   69.32   74.99   58.14
  8   |   36.89   49.31   51.23   17.11   22.67   52.91   50.87   17.85   46.26   43.42   39.50   41.60   67.52   47.63   51.71
  9   |   63.92   69.36   69.36   77.39   56.78   48.21   56.47   62.95   53.00   59.31   58.95   57.64   67.42   88.57   89.43
------+------------------------------------------------------------------------------------------------------------------------
       x 10 ^ 6                                
 
 
        Population Abundance (1 January)
        --------------------------------
------+------------------------------------------------------------------------------------------------------------------------
AGE   |    1987    1988    1989    1990    1991    1992    1993    1994    1995    1996    1997    1998    1999    2000    2001
------+------------------------------------------------------------------------------------------------------------------------
  0   |  392.33  224.33  498.74  759.90  169.05  333.70  105.69  482.84  345.84  509.29  333.67  420.81  591.79  350.91  333.72
  1   |   90.30  335.82  192.02  425.10  649.97  144.47  285.29   90.29  411.55  295.64  433.81  285.69  358.67  504.09  299.89
  2   |  314.00   76.11  283.04  159.28  357.31  544.59  121.22  238.64   74.89  345.21  244.64  366.02  236.96  296.81  422.34
  3   |  442.75  258.04   62.54  224.49  130.08  289.77  443.03   97.95  189.27   60.89  272.33  201.48  290.27  186.96  240.68
  4   |  229.79  347.85  202.64   45.81  174.20   99.56  223.14  336.64   71.75  145.57   44.13  214.87  147.55  210.44  143.05
  5   |  118.26  172.03  260.25  136.29   33.65  125.30   72.28  158.75  226.42   51.99   96.33   33.25  144.46   97.68  151.30
  6   |  126.80   86.85  126.25  169.23   97.96   23.62   88.87   50.09  103.21  160.25   33.19   71.28   21.61   92.26   68.52
  7   |   83.41   91.21   62.42   79.13  118.82   66.93   16.33   59.87   31.40   71.20   98.36   24.07   44.65   13.27   63.00
  8   |   38.03   58.45   63.85   37.36   53.93   78.51   44.83   10.62   35.83   20.97   41.60   69.59   14.40   26.11    8.76
  9   |   88.39   83.17   89.51   87.35   79.03   84.05  102.75   89.65   56.78   56.15   37.43   51.36   73.14   48.77   48.17
------+------------------------------------------------------------------------------------------------------------------------
       x 10 ^ 6                                
 
 
        Population Abundance (1 January)
        --------------------------------
------+----------------
AGE   |    2002    2003
------+----------------
  0   |  375.03  291.59
  1   |  285.11  319.48
  2   |  250.98  235.99
  3   |  341.63  198.12
  4   |  183.27  247.92
  5   |  102.10  121.53
  6   |  105.25   65.32
  7   |   46.35   64.77
  8   |   41.15   27.16
  9   |   32.99   44.70
------+----------------
       x 10 ^ 6                                
 
 
 
        Weighting factors for the catches in number
        -------------------------------------------
------+----------------------------------------------------------------------------------------
AGE   |    1992    1993    1994    1995    1996    1997    1998    1999    2000    2001    2002
------+----------------------------------------------------------------------------------------
  0   |  0.0200  0.0200  0.0200  0.0200  0.0200  0.0200  0.0200  0.0200  0.0200  0.0200  0.0200
  1   |  1.0000  1.0000  1.0000  1.0000  1.0000  1.0000  1.0000  1.0000  1.0000  1.0000  1.0000
  2   |  1.0000  1.0000  1.0000  1.0000  1.0000  1.0000  1.0000  1.0000  1.0000  1.0000  1.0000
  3   |  1.0000  1.0000  1.0000  1.0000  1.0000  1.0000  1.0000  1.0000  1.0000  1.0000  1.0000
  4   |  1.0000  1.0000  1.0000  1.0000  1.0000  1.0000  1.0000  1.0000  1.0000  1.0000  1.0000
  5   |  1.0000  1.0000  1.0000  1.0000  1.0000  1.0000  1.0000  1.0000  1.0000  1.0000  1.0000
  6   |  1.0000  1.0000  1.0000  1.0000  1.0000  1.0000  1.0000  1.0000  1.0000  1.0000  1.0000
  7   |  1.0000  1.0000  1.0000  1.0000  1.0000  1.0000  1.0000  1.0000  1.0000  1.0000  1.0000
  8   |  1.0000  1.0000  1.0000  1.0000  1.0000  1.0000  1.0000  1.0000  1.0000  1.0000  1.0000
------+----------------------------------------------------------------------------------------
                                               
 
 
 
 Predicted SSB Index Values                                                     
  
 ---------------------------
 
          INDEX
        -------
------+------------------------------------------------------------------------------------------------------------------------
      |    1972    1973    1974    1975    1976    1977    1978    1979    1980    1981    1982    1983    1984    1985    1986
------+------------------------------------------------------------------------------------------------------------------------
  1   | ******* ******* ******* ******* ******* ******* ******* ******* ******* ******* ******* ******* ******* ******* *******
------+------------------------------------------------------------------------------------------------------------------------
       x 10 ^ 3                                
 
 
          INDEX
        -------
------+------------------------------------------------------------------------------------------------------------------------
      |    1987    1988    1989    1990    1991    1992    1993    1994    1995    1996    1997    1998    1999    2000    2001
------+------------------------------------------------------------------------------------------------------------------------
  1   | *******  323.56  287.39  235.93  250.46  287.65  289.05  255.39  241.27  211.11  202.35  205.28  214.78  213.26  253.14
------+------------------------------------------------------------------------------------------------------------------------
       x 10 ^ 3                                
 
 
          INDEX
        -------
------+--------
      |    2002
------+--------
  1   |  247.61
------+--------
       x 10 ^ 3                                
 
 
 
 Predicted Age-Structured Index Values                                          
  
 --------------------------------------
 
        FLT01: Dummy survey Predicted
        -----------------------------
------+--------------------------------
AGE   |    1981    1982    1983    1984
------+--------------------------------
  1   |   83.64   87.66   58.71   83.38
  2   |  273.10  392.47  416.60  280.09
  3   |  436.49  315.98  465.72  498.62
  4   |  177.79  178.19  134.22  201.30
  5   |  155.17  100.39  105.46   81.62
  6   |   71.00  103.95   70.93   76.85
  7   |   53.05   55.28   86.01   60.77
  8   |   69.47   63.97   70.66  114.48
  9   |   45.82   46.10   47.28   55.20
------+--------------------------------
       x 10 ^ 3                                
 
 
 
        Fitted Selection Pattern
        ------------------------
------+------------------------------------------------------------------------------------------------------------------------
AGE   |    1972    1973    1974    1975    1976    1977    1978    1979    1980    1981    1982    1983    1984    1985    1986
------+------------------------------------------------------------------------------------------------------------------------
  0   |  0.0348  0.0348  0.0348  0.0348  0.0348  0.0348  0.0348  0.0348  0.0348  0.0348  0.0348  0.0348  0.0348  0.0348  0.0348
  1   |  0.1317  0.1317  0.1317  0.1317  0.1317  0.1317  0.1317  0.1317  0.1317  0.1317  0.1317  0.1317  0.1317  0.1317  0.1317
  2   |  0.2915  0.2915  0.2915  0.2915  0.2915  0.2915  0.2915  0.2915  0.2915  0.2915  0.2915  0.2915  0.2915  0.2915  0.2914
  3   |  0.5751  0.5751  0.5751  0.5751  0.5751  0.5751  0.5751  0.5751  0.5751  0.5751  0.5751  0.5751  0.5751  0.5751  0.5751
  4   |  0.8792  0.8792  0.8792  0.8792  0.8792  0.8792  0.8792  0.8792  0.8792  0.8792  0.8792  0.8792  0.8792  0.8792  0.8792
  5   |  1.0000  1.0000  1.0000  1.0000  1.0000  1.0000  1.0000  1.0000  1.0000  1.0000  1.0000  1.0000  1.0000  1.0000  1.0000
  6   |  1.1309  1.1309  1.1309  1.1309  1.1309  1.1309  1.1309  1.1309  1.1309  1.1309  1.1309  1.1309  1.1309  1.1309  1.1309
  7   |  1.2956  1.2956  1.2956  1.2956  1.2956  1.2956  1.2956  1.2956  1.2956  1.2956  1.2956  1.2956  1.2956  1.2956  1.2956
  8   |  1.2000  1.2000  1.2000  1.2000  1.2000  1.2000  1.2000  1.2000  1.2000  1.2000  1.2000  1.2000  1.2000  1.2000  1.2000
  9   |  1.2000  1.2000  1.2000  1.2000  1.2000  1.2000  1.2000  1.2000  1.2000  1.2000  1.2000  1.2000  1.2000  1.2000  1.2000
------+------------------------------------------------------------------------------------------------------------------------
                                               
 
 
        Fitted Selection Pattern
        ------------------------
------+------------------------------------------------------------------------------------------------------------------------
AGE   |    1987    1988    1989    1990    1991    1992    1993    1994    1995    1996    1997    1998    1999    2000    2001
------+------------------------------------------------------------------------------------------------------------------------
  0   |  0.0348  0.0348  0.0348  0.0348  0.0348  0.0348  0.0348  0.0348  0.0348  0.0348  0.0348  0.0348  0.0348  0.0348  0.0348
  1   |  0.1317  0.1317  0.1317  0.1317  0.1317  0.1317  0.1317  0.1317  0.1317  0.1317  0.1317  0.1317  0.1317  0.1317  0.1317
  2   |  0.2915  0.2915  0.2916  0.2914  0.2915  0.2915  0.2915  0.2915  0.2915  0.2915  0.2915  0.2915  0.2915  0.2915  0.2915
  3   |  0.5750  0.5752  0.5753  0.5750  0.5751  0.5751  0.5751  0.5751  0.5751  0.5751  0.5751  0.5751  0.5751  0.5751  0.5751
  4   |  0.8792  0.8790  0.8796  0.8790  0.8792  0.8792  0.8792  0.8792  0.8792  0.8792  0.8792  0.8792  0.8792  0.8792  0.8792
  5   |  1.0000  1.0000  1.0000  1.0000  1.0000  1.0000  1.0000  1.0000  1.0000  1.0000  1.0000  1.0000  1.0000  1.0000  1.0000
  6   |  1.1309  1.1309  1.1312  1.1303  1.1312  1.1309  1.1309  1.1309  1.1309  1.1309  1.1309  1.1309  1.1309  1.1309  1.1309
  7   |  1.2956  1.2956  1.2960  1.2953  1.2950  1.2956  1.2956  1.2956  1.2956  1.2956  1.2956  1.2956  1.2956  1.2956  1.2956
  8   |  1.2000  1.2000  1.2004  1.1998  1.2000  1.2000  1.2000  1.2000  1.2000  1.2000  1.2000  1.2000  1.2000  1.2000  1.2000
  9   |  1.2000  1.2000  1.2004  1.1998  1.2000  1.2000  1.2000  1.2000  1.2000  1.2000  1.2000  1.2000  1.2000  1.2000  1.2000
------+------------------------------------------------------------------------------------------------------------------------
                                               
 
 
        Fitted Selection Pattern
        ------------------------
------+--------
AGE   |    2002
------+--------
  0   |  0.0348
  1   |  0.1317
  2   |  0.2915
  3   |  0.5751
  4   |  0.8792
  5   |  1.0000
  6   |  1.1309
  7   |  1.2956
  8   |  1.2000
  9   |  1.2000
------+--------
                                               
 
 
 
 
 
                    STOCK SUMMARY                                             
 
 
 ³ Year ³  Recruits  ³  Total  ³ Spawning³ Landings ³ Yield ³ Mean F ³ SoP ³    
 ³      ³   Age   0  ³ Biomass ³ Biomass ³          ³ /SSB  ³  Ages  ³     ³ 
 ³      ³  thousands ³  tonnes ³ tonnes  ³ tonnes   ³ ratio ³  4- 7  ³ (%) ³ 
 
   1972       509300    357934    258118     45646   0.1768   0.1697   100
   1973       511720    382037    259497     69214   0.2667   0.2643   100
   1974       482820    371822    245239     52973   0.2160   0.2128    99
   1975       509300    380543    252646     53923   0.2134   0.2250    99
   1976       759880    397409    265077     55942   0.2110   0.2227   100
   1977       496890    429798    266131     76663   0.2881   0.2981   100
   1978       498730    430342    287231     64459   0.2244   0.2595   100
   1979       361160    433236    304563     54684   0.1795   0.2091   100
   1980       518360    433671    308779     89214   0.2889   0.2892    99
   1981       542440    414808    293560     83138   0.2832   0.2819   100
   1982       361160    377412    265082     75003   0.2829   0.2621   100
   1983       511720    382530    279504     50579   0.1810   0.1841   100
   1984       760020    405883    299605     54713   0.1826   0.1872    99
   1985       438440    442844    313529     63772   0.2034   0.1843   100
   1986       105680    456733    328582     79930   0.2433   0.2281    99
   1987       392330    412623    329270     62543   0.1899   0.1708    99
   1988       224330    405480    323564     65048   0.2010   0.1716    99
   1989       498740    382142    287393     98899   0.3441   0.3019    99
   1990       759900    315931    235930     56851   0.2410   0.1939   100
   1991       169050    362325    250463     62801   0.2507   0.2197   100
   1992       333690    396019    287645     60113   0.2090   0.2083    99
   1993       105690    379175    289051     66420   0.2298   0.2333   100
   1994       482830    333573    255387     85041   0.3330   0.3019   100
   1995       345830    322464    241270     53782   0.2229   0.2106   100
   1996       509290    296717    211114     72448   0.3432   0.3218   100
   1997       333670    285618    202348     33557   0.1658   0.1628   100
   1998       420800    291864    205284     63822   0.3109   0.3024   100
   1999       591780    310571    214781     69123   0.3218   0.3213    99
   2000       350910    309010    213263     48916   0.2294   0.2203    99
   2001       333710    349900    253138     55510   0.2193   0.2292   100
   2002       375020    343590    247606     78953   0.3189   0.3194   100
 
 -----------------------------------------------------------------            
 No of years for separable analysis : 11                                      
 Age range in the analysis : 0  . . . 9                                       
 Year range in the analysis : 1972  . . . 2002                                
 Number of indices of SSB : 1                                                 
 Number of age-structured indices : 1                                         
                                                                              
 Parameters to estimate : 46                                                  
 Number of observations : 150                                                 
                                                                              
 Conventional single selection vector model to be fitted.                     
                                                                              
                                                                              
                                                                              
 -----------------------------------------------------------------            
 
 
 PARAMETER ESTIMATES                                                            
  
 
 ³Parm.³      ³ Maximum ³    ³        ³         ³         ³         ³ Mean of ³ 
  
 ³ No. ³      ³ Likelh. ³ CV ³  Lower ³ Upper   ³  -s.e.  ³   +s.e. ³ Param.  ³ 
  
 ³     ³      ³ Estimate³ (%)³ 95% CL ³ 95% CL  ³         ³         ³ Distrib.³ 
  
 Separable model : F by year                                                    
  
    1   1992     0.1512   0    0.1512    0.1512    0.1512    0.1512    0.1512
    2   1993     0.1709   0    0.1709    0.1709    0.1709    0.1709    0.1709
    3   1994     0.2232   0    0.2232    0.2232    0.2232    0.2232    0.2232
    4   1995     0.1588   0    0.1588    0.1588    0.1588    0.1588    0.1588
    5   1996     0.2506   0    0.2506    0.2506    0.2506    0.2506    0.2506
    6   1997     0.1336   0    0.1336    0.1336    0.1336    0.1336    0.1336
    7   1998     0.2671   1    0.2619    0.2723    0.2644    0.2697    0.2671
    8   1999     0.3105 100    0.0437    2.2041    0.1142    0.8439    0.5119
    9   2000     0.2375   0    0.2374    0.2375    0.2374    0.2375    0.2375
   10   2001     0.2798   0    0.2798    0.2798    0.2798    0.2798    0.2798
   11   2002     0.4558   0    0.4558    0.4558    0.4558    0.4558    0.4558
 
 Separable Model: Selection (S) by age                                          
  
   12      0     0.0472   0    0.0472    0.0472    0.0472    0.0472    0.0472
   13      1     0.1594   0    0.1594    0.1594    0.1594    0.1594    0.1594
   14      2     0.3241   0    0.3241    0.3241    0.3241    0.3241    0.3241
   15      3     0.6046   0    0.6046    0.6046    0.6046    0.6046    0.6046
   16      4     0.8941   0    0.8941    0.8941    0.8941    0.8941    0.8941
           5     1.0000     Fixed : Reference Age             
   17      6     1.1284   0    1.1284    1.1284    1.1284    1.1284    1.1284
   18      7     1.2004   0    1.2004    1.2004    1.2004    1.2004    1.2004
           8     1.2000     Fixed : Last true age             
 
 Separable model: Populations in year 2002                                    
   19      0     180814   0     180814    180814    180814    180814    180814
   20      1     157611   0     157611    157611    157611    157611    157611
   21      2     154702   0     154702    154702    154702    154702    154702
   22      3     229843   0     229843    229843    229843    229843    229843
   23      4     131317   0     131317    131317    131317    131317    131317
   24      5      76505   0      76505     76505     76505     76505     76505
   25      6      82401   0      82401     82401     82401     82401     82401
   26      7      38011   0      38011     38011     38011     38011     38011
   27      8      36222   0      36222     36222     36222     36222     36222
 
Separable model: Populations at age
   28   1992     115983   0     115983    115983    115983    115983    115983
   29   1993      64837   0      64837     64837     64837     64837     64837
   30   1994      15124   0      15124     15124     15124     15124     15124
   31   1995      52011   0      52011     52011     52011     52011     52011
   32   1996      29864   0      29864     29864     29864     29864     29864
   33   1997      59501   0      59501     59501     59501     59501     59501
   34   1998      93416   0      93416     93416     93416     93416     93416
   35   1999      18276   0      18276     18276     18276     18276     18276
   36   2000      29965   0      29965     29965     29965     29965     29965
   37   2001       8919   0       8919      8919      8919      8919      8919
 
 SSB Index catchabilities                                                       
  
   INDEX                                 
 Absolute estimator. No fitted catchability.                                    
  
 
 
 
 Age-structured index catchabilities                                            
  
                                        FLT01: Dummy survey                     
 
 Linear model fitted. Slopes at age :                                           
  
   38   1  Q  .1944       0 .1944     .1944     .1944     .1944     .1944    
   39   2  Q  1.121       0 1.121     1.121     1.121     1.121     1.121    
   40   3  Q  1.683       0 1.683     1.683     1.683     1.683     1.683    
   41   4  Q  .9572       0 .9572     .9572     .9572     .9572     .9572    
   42   5  Q  .7918       0 .7918     .7918     .7918     .7918     .7918    
   43   6  Q  .7999       0 .7999     .7999     .7999     .7999     .7999    
   44   7  Q  .9705       0 .9705     .9705     .9705     .9705     .9705    
   45   8  Q  1.828       0 1.828     1.828     1.828     1.828     1.828    
   46   9  Q  .8892       0 .8892     .8892     .8892     .8892     .8892    
 
 
 
 RESIDUALS ABOUT THE MODEL FIT                                                  
  
 ------------------------------
 
        Separable Model Residuals
        -------------------------
------+----------------------------------------------------------------------------------------
Age   |    1992    1993    1994    1995    1996    1997    1998    1999    2000    2001    2002
------+----------------------------------------------------------------------------------------
  0   | ******* ******* ******* ******* ******* ******* ******* ******* ******* ******* *******
  1   | ******* ******* ******* ******* ******* ******* ******* ******* ******* ******* *******
  2   | ******* ******* ******* ******* ******* ******* ******* ******* ******* ******* *******
  3   | ******* ******* ******* ******* ******* ******* ******* ******* ******* ******* *******
  4   | ******* ******* ******* ******* ******* ******* ******* ******* ******* ******* *******
  5   | ******* ******* ******* ******* ******* ******* ******* ******* ******* ******* *******
  6   | ******* ******* ******* ******* ******* ******* ******* ******* ******* ******* *******
  7   | ******* ******* ******* ******* ******* ******* ******* ******* ******* ******* *******
  8   | ******* ******* ******* ******* ******* ******* ******* ******* ******* ******* *******
------+----------------------------------------------------------------------------------------
                                               
 
 
 
 SPAWNING BIOMASS INDEX RESIDUALS                                               
  
 ---------------------------------
 
          INDEX
        -------
------+------------------------------------------------------------------------------------------------------------------------
      |    1972    1973    1974    1975    1976    1977    1978    1979    1980    1981    1982    1983    1984    1985    1986
------+------------------------------------------------------------------------------------------------------------------------
  1   | ******* ******* ******* ******* ******* ******* ******* ******* ******* ******* ******* ******* ******* ******* *******
------+------------------------------------------------------------------------------------------------------------------------
                                               
 
 
          INDEX
        -------
------+------------------------------------------------------------------------------------------------------------------------
      |    1987    1988    1989    1990    1991    1992    1993    1994    1995    1996    1997    1998    1999    2000    2001
------+------------------------------------------------------------------------------------------------------------------------
  1   | ******* ******* ******* ******* ******* ******* ******* ******* ******* ******* ******* ******* ******* ******* *******
------+------------------------------------------------------------------------------------------------------------------------
                                               
 
 
          INDEX
        -------
------+--------
      |    2002
------+--------
  1   | *******
------+--------
                                               
 
 
 
 AGE-STRUCTURED INDEX RESIDUALS                                                 
  
 -------------------------------
 
        FLT01: Dummy survey
        -------------------
------+--------------------------------
Age   |    1981    1982    1983    1984
------+--------------------------------
  1   |   1.157   0.840  -0.298  -1.699
  2   |   0.617   0.105   0.537  -1.259
  3   |  -0.662   0.426  -0.046   0.283
  4   |  -1.724   0.033   1.071   0.621
  5   |   0.119  -1.402   0.212   1.071
  6   |   0.803   0.273  -1.256   0.180
  7   |   0.629   0.675   0.060  -1.364
  8   |   0.518   0.278   0.003  -0.799
  9   |  -0.261   0.635  -0.004  -0.341
------+--------------------------------
                                               
 
 
 
 
 
 
 PARAMETERS OF THE DISTRIBUTION OF ln(CATCHES AT AGE)                           
  
 -----------------------------------------------------
 
 Separable model fitted from 1992  to 2002                                    
 Variance                             0.0000
Skewness test stat.                  -7.6625
Kurtosis test statistic              28.9225
Partial chi-square                    0.0000
Significance in fit                   0.0000
Degrees of freedom                        62
 
 
 PARAMETERS OF DISTRIBUTIONS OF THE SSB INDICES                                 
  
 -----------------------------------------------
 
 
   DISTRIBUTION STATISTICS FOR   INDEX                                          
 
 
 Index used as absolute measure of abundance                                    
  
 Last age is a plus-group                                                       
  
 
 Variance                             0.0000
Skewness test stat.                  -2.7982
Kurtosis test statistic               1.9686
Partial chi-square                    0.0000
Significance in fit                   0.0000
Number of observations                    15
Degrees of freedom                        15
Weight in the analysis                5.0000
 
 PARAMETERS OF THE DISTRIBUTION OF THE AGE-STRUCTURED INDICES                   
  
 ------------------------------------------------------------ 
 
 
   DISTRIBUTION STATISTICS FOR FLT01: Dummy survey                              
 
 
 Linear catchability relationship assumed                                       
  
 
 Age                          1         2         3         4         5         6         7         8         9
 Variance                0.0019    0.0008    0.0003    0.0017    0.0012    0.0009    0.0010    0.0004    0.0002
Skewness test stat.     -0.4052   -0.7684   -0.5295   -0.6247   -0.4385   -0.6602   -0.7225   -0.5855    0.7216
Kurtosis test statisti  -0.5356   -0.3526   -0.4575   -0.3963   -0.3837   -0.3486   -0.3777   -0.4058   -0.3691
Partial chi-square       0.0005    0.0002    0.0001    0.0004    0.0003    0.0002    0.0003    0.0001    0.0001
Significance in fit      0.0000    0.0000    0.0000    0.0000    0.0000    0.0000    0.0000    0.0000    0.0000
Number of observations        4         4         4         4         4         4         4         4         4
Degrees of freedom            3         3         3         3         3         3         3         3         3
Weight in the analysis   0.0011    0.0011    0.0011    0.0011    0.0011    0.0011    0.0011    0.0011    0.0011
 
 ANALYSIS OF VARIANCE                   
--------------------------
 
 Unweighted Statistics                                                          
  
 
                                                                                
  
Variance                              
                                       SSQ     Data    Parameters d.f. Variance
Total for model                        22.2848     150         46  104   0.2143
Catches at age                          0.0000      99         37   62   0.0000
  
SSB Indices                           
  INDEX                                 0.0000      15          0   15   0.0000
  
 Aged Indices                                                                   
  
FLT01: Dummy survey                    22.2848      36          9   27   0.8254
 
 
 Weighted Statistics                                                            
  
 
                                                                                
  
Variance                              
                                       SSQ     Data    Parameters d.f. Variance
Total for model                         0.0000     150         46  104   0.0000
Catches at age                          0.0000      99         37   62   0.0000
  
SSB Indices                           
  INDEX                                 0.0000      15          0   15   0.0000
  
 Aged Indices                                                                   
  
FLT01: Dummy survey                     0.0000      36          9   27   0.0000
 
