 Output Generated by ICA Version 1.4                                            
  
 ------------------------------------
 
        Mackerel NE Atlantic  WG2003
        ----------------------------
 
        Catch in Number
        ---------------
------+------------------------------------------------------------------------------------------------------------------------
AGE   |    1972    1973    1974    1975    1976    1977    1978    1979    1980    1981    1982    1983    1984    1985    1986
------+------------------------------------------------------------------------------------------------------------------------
  0   |   3362.    931.   1481.   4712.   2512.   2109.   4258.   3441.   4260.   1342.   4609.   2075.   1278.   1494.   2892.
  1   |  12777.  12817.   2230.   4500.  12179.  14984.   4020.  23115.  10142.  10224.   6185.  14162.   4086.   4791.   3838.
  2   |  14235.  27573.  17429.   3863.   6656.  41216.  16242.  12368.  38441.  13820.  26649.  10711.  15859.   8741.   7031.
  3   |  49160.  25891.  31774.  25776.   4906.  19052.  37959.  42178.  17237.  44381.  30322.  38604.  10191.  28976.  10991.
  4   |  32849.  64406.  21552.  34350.  24096.  10200.  12695.  71371.  41912.  14373.  70156.  31255.  26584.  13644.  26733.
  5   |  28632.  30393.  37725.  16591.  22955.  35767.   4776.  16989.  49531.  24589.  16087.  50455.  15134.  25444.   8976.
  6   |  31725.  25529.  17173.  28162.  10783.  32957.  16165.   6174.  11311.  28029.  26525.  11089.  23585.  14061.  16257.
  7   |  11734.  27623.  14110.  12613.  18073.  15177.  14584.  20453.   3994.   6260.  29525.  17748.   5076.  21584.   8857.
  8   |   6799.   8192.  12157.   8301.   6479.  20548.   5331.  14885.  10544.   1760.   5305.  15750.   6453.   3732.  10874.
  9   |   8300.  10463.   8537.  12443.  11338.  20932.  15296.  20617.  18675.  13166.  11580.   9002.   8987.  11489.   8200.
------+------------------------------------------------------------------------------------------------------------------------
       x 10 ^ 3                                
 
 
        Catch in Number
        ---------------
------+------------------------------------------------------------------------------------------------------------------------
AGE   |    1987    1988    1989    1990    1991    1992    1993    1994    1995    1996    1997    1998    1999    2000    2001
------+------------------------------------------------------------------------------------------------------------------------
  0   |   4843.   4742.   1800.   4040.   1622.   4530.   1074.   4636.   4701.   2837.   1570.   3413.   2349.   6848.   6941.
  1   |  15480.  15999.  14478.   3479.  17442.   4324.  15331.   5033.  14950.  10696.  10430.   4183.   9647.  12007.  22087.
  2   |  11664.  28852.  27564.  15934.   8563.  26508.   8352.  40701.   9146.  19291.  22340.  15807.   6753.  27966.  21844.
  3   |  18098.  18214.  41675.  25836.  33441.  11101.  43748.  18697.  61855.   9978.  34161.  28787.  21841.  16552.  42615.
  4   |  20562.  20168.  18776.  28360.  39694.  31630.  13423.  70722.  20223.  48566.  12824.  31978.  29168.  38817.  17989.
  5   |  35681.  16041.  14538.   9006.  31171.  26661.  27312.  15392.  53421.  11133.  44302.   8495.  23113.  36908.  29510.
  6   |  11591.  26717.  11097.   6741.   9606.  20285.  22346.  30214.  11145.  28322.   9818.  28381.   5962.  28267.  26923.
  7   |  20588.   8436.  17968.   5047.   7078.   6145.  16746.  24168.  21239.   5770.  24482.   6169.  19630.   7143.  20038.
  8   |   9048.  11969.   4525.   6495.   4265.   3619.   4070.  14575.  13557.   8739.   4001.  12285.   3416.  18955.   4042.
  9   |  20610.  16928.  15804.   7710.  11419.   8070.   7406.  10263.  13865.  11917.  15111.  10038.  12471.  15100.  19685.
------+------------------------------------------------------------------------------------------------------------------------
       x 10 ^ 3                                
 
 
        Catch in Number
        ---------------
------+--------
AGE   |    2002
------+--------
  0   |   1530.
  1   |  16903.
  2   |  30493.
  3   |  25483.
  4   |  35775.
  5   |  10596.
  6   |  16740.
  7   |  14910.
  8   |   8831.
  9   |  11041.
------+--------
       x 10 ^ 3                                
 
 
 
        Predicted Catch in Number
        -------------------------
------+----------------------------------------------------------------------------------------
AGE   |    1992    1993    1994    1995    1996    1997    1998    1999    2000    2001    2002
------+----------------------------------------------------------------------------------------
  0   |   4530.   1074.   4636.   4701.   2837.   1570.   3413.   2349.   6848.   6941.   1530.
  1   |   4324.  15331.   5033.  14950.  10696.  10430.   4183.   9647.  12007.  22087.  16903.
  2   |  26508.   8352.  40701.   9146.  19291.  22340.  15807.   6753.  27966.  21844.  30493.
  3   |  11101.  43748.  18697.  61855.   9978.  34161.  28787.  21841.  16552.  42615.  25483.
  4   |  31630.  13423.  70722.  20223.  48566.  12824.  31978.  29168.  38817.  17989.  35775.
  5   |  26661.  27312.  15392.  53421.  11133.  44302.   8495.  23113.  36908.  29510.  10596.
  6   |  20285.  22346.  30214.  11145.  28322.   9818.  28381.   5962.  28267.  26923.  16740.
  7   |   6145.  16746.  24168.  21239.   5770.  24482.   6169.  19630.   7143.  20038.  14910.
  8   |   3619.   4070.  14575.  13557.   8739.   4001.  12285.   3416.  18955.   4042.   8831.
------+----------------------------------------------------------------------------------------
       x 10 ^ 3                                
 
 
 
        Weights at age in the catches (Kg)
        ----------------------------------
------+------------------------------------------------------------------------------------------------------------------------
AGE   |    1972    1973    1974    1975    1976    1977    1978    1979    1980    1981    1982    1983    1984    1985    1986
------+------------------------------------------------------------------------------------------------------------------------
  0   | 0.05200 0.05000 0.05100 0.05000 0.05900 0.05600 0.03600 0.01600 0.05700 0.06000 0.05300 0.05000 0.03100 0.05500 0.03900
  1   | 0.13500 0.14500 0.13600 0.14800 0.13700 0.13600 0.13500 0.13700 0.13100 0.13200 0.13100 0.16800 0.10200 0.14400 0.14600
  2   | 0.27700 0.19400 0.22900 0.17700 0.20700 0.16900 0.16100 0.16100 0.24900 0.24800 0.24900 0.21900 0.18400 0.26200 0.24500
  3   | 0.34100 0.28500 0.26100 0.25900 0.26300 0.27500 0.25000 0.24300 0.28500 0.28700 0.28500 0.27600 0.29500 0.35700 0.33500
  4   | 0.42300 0.36800 0.33400 0.32300 0.32000 0.33300 0.32500 0.31800 0.34500 0.34400 0.34500 0.31000 0.32600 0.41800 0.42300
  5   | 0.46800 0.44800 0.39200 0.34800 0.34600 0.35200 0.34500 0.34800 0.37800 0.37700 0.37800 0.38600 0.34400 0.41700 0.47100
  6   | 0.46800 0.46800 0.48100 0.43000 0.40600 0.40700 0.40300 0.40100 0.45400 0.45400 0.45400 0.42500 0.43100 0.43600 0.44400
  7   | 0.50800 0.50800 0.50800 0.48800 0.44300 0.44600 0.42100 0.41600 0.49800 0.49900 0.49600 0.43500 0.54200 0.52100 0.45700
  8   | 0.53900 0.53900 0.53900 0.53900 0.51800 0.54600 0.51800 0.50600 0.52000 0.51300 0.51300 0.49800 0.48000 0.55500 0.54300
  9   | 0.60821 0.59901 0.60026 0.58908 0.59763 0.58797 0.56516 0.54313 0.56447 0.56378 0.57040 0.58754 0.59141 0.60621 0.61863
------+------------------------------------------------------------------------------------------------------------------------
                                               
 
 
        Weights at age in the catches (Kg)
        ----------------------------------
------+------------------------------------------------------------------------------------------------------------------------
AGE   |    1987    1988    1989    1990    1991    1992    1993    1994    1995    1996    1997    1998    1999    2000    2001
------+------------------------------------------------------------------------------------------------------------------------
  0   | 0.07600 0.05500 0.04900 0.08500 0.06800 0.05100 0.06100 0.04600 0.07200 0.05800 0.07600 0.06500 0.06200 0.06300 0.06900
  1   | 0.17900 0.13300 0.13600 0.15600 0.15600 0.16700 0.13400 0.13600 0.14300 0.14300 0.14300 0.15700 0.17600 0.13500 0.17100
  2   | 0.22300 0.25900 0.23700 0.23300 0.25300 0.23900 0.24000 0.25500 0.23400 0.22600 0.23000 0.22700 0.23600 0.22900 0.22300
  3   | 0.31800 0.32300 0.32000 0.33600 0.32700 0.33300 0.31700 0.33900 0.33300 0.31300 0.29500 0.31000 0.30700 0.30800 0.30700
  4   | 0.39900 0.38800 0.37700 0.37900 0.39400 0.39700 0.37600 0.39000 0.39000 0.37700 0.35900 0.35400 0.36100 0.36700 0.37800
  5   | 0.47400 0.45600 0.43300 0.42300 0.42300 0.46000 0.43600 0.44800 0.45200 0.42500 0.41500 0.40800 0.40600 0.42900 0.42600
  6   | 0.51200 0.52400 0.45600 0.46700 0.46900 0.49500 0.48300 0.51200 0.50100 0.48400 0.45300 0.45200 0.45400 0.46700 0.47700
  7   | 0.49300 0.55500 0.54300 0.52800 0.50600 0.53200 0.52700 0.54300 0.53900 0.51800 0.48100 0.46200 0.50100 0.50400 0.49900
  8   | 0.49800 0.55500 0.59200 0.55200 0.55400 0.55500 0.54800 0.59000 0.57700 0.55100 0.52400 0.51800 0.53700 0.53700 0.54300
  9   | 0.61499 0.60657 0.60740 0.62826 0.63170 0.63962 0.61522 0.63771 0.60577 0.59064 0.57250 0.58222 0.59257 0.59386 0.59486
------+------------------------------------------------------------------------------------------------------------------------
                                               
 
 
        Weights at age in the catches (Kg)
        ----------------------------------
------+--------
AGE   |    2002
------+--------
  0   | 0.05200
  1   | 0.15900
  2   | 0.25500
  3   | 0.30700
  4   | 0.36900
  5   | 0.42600
  6   | 0.46400
  7   | 0.51400
  8   | 0.53900
  9   | 0.61678
------+--------
                                               
 
 
 
        Weights at age in the stock (Kg)
        --------------------------------
------+------------------------------------------------------------------------------------------------------------------------
AGE   |    1972    1973    1974    1975    1976    1977    1978    1979    1980    1981    1982    1983    1984    1985    1986
------+------------------------------------------------------------------------------------------------------------------------
  0   | 0.00800 0.00800 0.00800 0.00800 0.00800 0.00800 0.00800 0.00800 0.00800 0.00800 0.00800 0.00800 0.00000 0.00000 0.00000
  1   | 0.13200 0.13200 0.13000 0.12900 0.12800 0.12700 0.11100 0.11000 0.10900 0.08700 0.08600 0.08600 0.08100 0.08500 0.07700
  2   | 0.17800 0.17700 0.17300 0.17100 0.17000 0.16700 0.17500 0.17400 0.17300 0.18600 0.13500 0.17200 0.19400 0.16500 0.17900
  3   | 0.24300 0.24200 0.23800 0.23600 0.23600 0.23300 0.23800 0.23700 0.23600 0.25200 0.22100 0.23500 0.25300 0.29300 0.26700
  4   | 0.41100 0.30100 0.29600 0.29400 0.29300 0.28900 0.30000 0.29900 0.29700 0.31300 0.28000 0.28000 0.29500 0.30600 0.30400
  5   | 0.35500 0.43800 0.32200 0.31800 0.31800 0.31300 0.34600 0.34500 0.34300 0.32300 0.38500 0.33900 0.32400 0.34100 0.35600
  6   | 0.39800 0.39800 0.46900 0.36500 0.36500 0.36100 0.38200 0.38000 0.37900 0.37800 0.35300 0.37700 0.39300 0.38400 0.35100
  7   | 0.43300 0.43300 0.43300 0.49700 0.41900 0.41600 0.41000 0.40800 0.40700 0.41900 0.40800 0.40400 0.43600 0.43000 0.41600
  8   | 0.45900 0.45900 0.45900 0.45900 0.51200 0.44600 0.43200 0.43000 0.42900 0.43400 0.43700 0.43900 0.44100 0.45900 0.47300
  9   | 0.52210 0.51403 0.51389 0.50361 0.51190 0.53327 0.49406 0.49867 0.48111 0.47118 0.49670 0.53036 0.49461 0.52105 0.47862
------+------------------------------------------------------------------------------------------------------------------------
                                               
 
 
        Weights at age in the stock (Kg)
        --------------------------------
------+------------------------------------------------------------------------------------------------------------------------
AGE   |    1987    1988    1989    1990    1991    1992    1993    1994    1995    1996    1997    1998    1999    2000    2001
------+------------------------------------------------------------------------------------------------------------------------
  0   | 0.00000 0.00000 0.00000 0.00000 0.00000 0.00000 0.00000 0.00000 0.00000 0.00000 0.00000 0.00000 0.00000 0.00000 0.00000
  1   | 0.07800 0.07200 0.07600 0.07400 0.07500 0.07800 0.07800 0.07900 0.08100 0.07600 0.07600 0.07700 0.08100 0.07400 0.07800
  2   | 0.14800 0.15600 0.17700 0.13800 0.15500 0.21200 0.19700 0.17800 0.16400 0.13300 0.18600 0.14900 0.19400 0.18500 0.16400
  3   | 0.24000 0.23700 0.24400 0.22200 0.23000 0.25900 0.26800 0.23700 0.26700 0.25100 0.22800 0.22300 0.24200 0.23500 0.24100
  4   | 0.28600 0.30100 0.30600 0.28700 0.30700 0.31000 0.31500 0.30100 0.32600 0.31700 0.29600 0.28500 0.30100 0.28900 0.34200
  5   | 0.37400 0.32900 0.35200 0.33900 0.35700 0.36200 0.36000 0.36100 0.39800 0.36600 0.36100 0.34200 0.35300 0.35000 0.39000
  6   | 0.38600 0.42300 0.38000 0.37300 0.40900 0.40200 0.41600 0.41300 0.44800 0.44400 0.40200 0.40000 0.39600 0.39000 0.44600
  7   | 0.41100 0.44500 0.42900 0.41400 0.43200 0.42400 0.45400 0.46600 0.49100 0.46200 0.44500 0.42600 0.42300 0.42600 0.45900
  8   | 0.42900 0.43200 0.47400 0.40900 0.50200 0.46200 0.46500 0.47000 0.50800 0.50100 0.47800 0.46600 0.44000 0.44700 0.49900
  9   | 0.49203 0.51802 0.48157 0.50116 0.55594 0.52591 0.53147 0.54158 0.55528 0.57572 0.53069 0.53758 0.49270 0.50197 0.55502
------+------------------------------------------------------------------------------------------------------------------------
                                               
 
 
        Weights at age in the stock (Kg)
        --------------------------------
------+--------
AGE   |    2002
------+--------
  0   | 0.00000
  1   | 0.07800
  2   | 0.18100
  3   | 0.23900
  4   | 0.31100
  5   | 0.36400
  6   | 0.41100
  7   | 0.43600
  8   | 0.46200
  9   | 0.52829
------+--------
                                               
 
 
 
        Natural Mortality (per year)
        ----------------------------
------+------------------------------------------------------------------------------------------------------------------------
AGE   |    1972    1973    1974    1975    1976    1977    1978    1979    1980    1981    1982    1983    1984    1985    1986
------+------------------------------------------------------------------------------------------------------------------------
  0   | 0.15000 0.15000 0.15000 0.15000 0.15000 0.15000 0.15000 0.15000 0.15000 0.15000 0.15000 0.15000 0.15000 0.15000 0.15000
  1   | 0.15000 0.15000 0.15000 0.15000 0.15000 0.15000 0.15000 0.15000 0.15000 0.15000 0.15000 0.15000 0.15000 0.15000 0.15000
  2   | 0.15000 0.15000 0.15000 0.15000 0.15000 0.15000 0.15000 0.15000 0.15000 0.15000 0.15000 0.15000 0.15000 0.15000 0.15000
  3   | 0.15000 0.15000 0.15000 0.15000 0.15000 0.15000 0.15000 0.15000 0.15000 0.15000 0.15000 0.15000 0.15000 0.15000 0.15000
  4   | 0.15000 0.15000 0.15000 0.15000 0.15000 0.15000 0.15000 0.15000 0.15000 0.15000 0.15000 0.15000 0.15000 0.15000 0.15000
  5   | 0.15000 0.15000 0.15000 0.15000 0.15000 0.15000 0.15000 0.15000 0.15000 0.15000 0.15000 0.15000 0.15000 0.15000 0.15000
  6   | 0.15000 0.15000 0.15000 0.15000 0.15000 0.15000 0.15000 0.15000 0.15000 0.15000 0.15000 0.15000 0.15000 0.15000 0.15000
  7   | 0.15000 0.15000 0.15000 0.15000 0.15000 0.15000 0.15000 0.15000 0.15000 0.15000 0.15000 0.15000 0.15000 0.15000 0.15000
  8   | 0.15000 0.15000 0.15000 0.15000 0.15000 0.15000 0.15000 0.15000 0.15000 0.15000 0.15000 0.15000 0.15000 0.15000 0.15000
  9   | 0.15000 0.15000 0.15000 0.15000 0.15000 0.15000 0.15000 0.15000 0.15000 0.15000 0.15000 0.15000 0.15000 0.15000 0.15000
------+------------------------------------------------------------------------------------------------------------------------
                                               
 
 
        Natural Mortality (per year)
        ----------------------------
------+------------------------------------------------------------------------------------------------------------------------
AGE   |    1987    1988    1989    1990    1991    1992    1993    1994    1995    1996    1997    1998    1999    2000    2001
------+------------------------------------------------------------------------------------------------------------------------
  0   | 0.15000 0.15000 0.15000 0.15000 0.15000 0.15000 0.15000 0.15000 0.15000 0.15000 0.15000 0.15000 0.15000 0.15000 0.15000
  1   | 0.15000 0.15000 0.15000 0.15000 0.15000 0.15000 0.15000 0.15000 0.15000 0.15000 0.15000 0.15000 0.15000 0.15000 0.15000
  2   | 0.15000 0.15000 0.15000 0.15000 0.15000 0.15000 0.15000 0.15000 0.15000 0.15000 0.15000 0.15000 0.15000 0.15000 0.15000
  3   | 0.15000 0.15000 0.15000 0.15000 0.15000 0.15000 0.15000 0.15000 0.15000 0.15000 0.15000 0.15000 0.15000 0.15000 0.15000
  4   | 0.15000 0.15000 0.15000 0.15000 0.15000 0.15000 0.15000 0.15000 0.15000 0.15000 0.15000 0.15000 0.15000 0.15000 0.15000
  5   | 0.15000 0.15000 0.15000 0.15000 0.15000 0.15000 0.15000 0.15000 0.15000 0.15000 0.15000 0.15000 0.15000 0.15000 0.15000
  6   | 0.15000 0.15000 0.15000 0.15000 0.15000 0.15000 0.15000 0.15000 0.15000 0.15000 0.15000 0.15000 0.15000 0.15000 0.15000
  7   | 0.15000 0.15000 0.15000 0.15000 0.15000 0.15000 0.15000 0.15000 0.15000 0.15000 0.15000 0.15000 0.15000 0.15000 0.15000
  8   | 0.15000 0.15000 0.15000 0.15000 0.15000 0.15000 0.15000 0.15000 0.15000 0.15000 0.15000 0.15000 0.15000 0.15000 0.15000
  9   | 0.15000 0.15000 0.15000 0.15000 0.15000 0.15000 0.15000 0.15000 0.15000 0.15000 0.15000 0.15000 0.15000 0.15000 0.15000
------+------------------------------------------------------------------------------------------------------------------------
                                               
 
 
        Natural Mortality (per year)
        ----------------------------
------+--------
AGE   |    2002
------+--------
  0   | 0.15000
  1   | 0.15000
  2   | 0.15000
  3   | 0.15000
  4   | 0.15000
  5   | 0.15000
  6   | 0.15000
  7   | 0.15000
  8   | 0.15000
  9   | 0.15000
------+--------
                                               
 
 
 
        Proportion of fish spawning
        ---------------------------
------+------------------------------------------------------------------------------------------------------------------------
AGE   |    1972    1973    1974    1975    1976    1977    1978    1979    1980    1981    1982    1983    1984    1985    1986
------+------------------------------------------------------------------------------------------------------------------------
  0   |  0.0000  0.0000  0.0000  0.0000  0.0000  0.0000  0.0000  0.0000  0.0000  0.0000  0.0000  0.0000  0.0000  0.0000  0.0000
  1   |  0.0500  0.0500  0.0500  0.0600  0.0600  0.0600  0.0600  0.0600  0.0600  0.0700  0.0700  0.0700  0.0700  0.0700  0.0700
  2   |  0.5300  0.5400  0.5400  0.5500  0.5500  0.5500  0.5600  0.5600  0.5700  0.5700  0.5700  0.5800  0.5800  0.5800  0.5800
  3   |  0.9000  0.9000  0.9000  0.8900  0.8900  0.8900  0.8900  0.8900  0.8900  0.8800  0.8800  0.8800  0.8800  0.8800  0.8800
  4   |  0.9800  0.9800  0.9800  0.9800  0.9800  0.9800  0.9800  0.9800  0.9800  0.9800  0.9800  0.9800  0.9700  0.9700  0.9700
  5   |  0.9800  0.9800  0.9800  0.9800  0.9800  0.9800  0.9800  0.9800  0.9800  0.9800  0.9800  0.9800  0.9700  0.9700  0.9700
  6   |  0.9900  0.9900  0.9900  0.9900  0.9900  0.9900  0.9900  0.9900  0.9900  0.9900  0.9900  0.9900  0.9900  0.9900  0.9900
  7   |  1.0000  1.0000  1.0000  1.0000  1.0000  1.0000  1.0000  1.0000  1.0000  1.0000  1.0000  1.0000  1.0000  1.0000  1.0000
  8   |  1.0000  1.0000  1.0000  1.0000  1.0000  1.0000  1.0000  1.0000  1.0000  1.0000  1.0000  1.0000  1.0000  1.0000  1.0000
  9   |  1.0000  1.0000  1.0000  1.0000  1.0000  1.0000  1.0000  1.0000  1.0000  1.0000  1.0000  1.0000  1.0000  1.0000  1.0000
------+------------------------------------------------------------------------------------------------------------------------
                                               
 
 
        Proportion of fish spawning
        ---------------------------
------+------------------------------------------------------------------------------------------------------------------------
AGE   |    1987    1988    1989    1990    1991    1992    1993    1994    1995    1996    1997    1998    1999    2000    2001
------+------------------------------------------------------------------------------------------------------------------------
  0   |  0.0000  0.0000  0.0000  0.0000  0.0000  0.0000  0.0000  0.0000  0.0000  0.0000  0.0000  0.0000  0.0000  0.0000  0.0000
  1   |  0.0700  0.0700  0.0700  0.0700  0.0700  0.0700  0.0700  0.0700  0.0700  0.0700  0.0700  0.0700  0.0700  0.0700  0.0700
  2   |  0.5800  0.5800  0.5800  0.5800  0.5800  0.5800  0.5800  0.5800  0.5800  0.5800  0.5800  0.5800  0.5800  0.5800  0.5900
  3   |  0.8800  0.8800  0.8800  0.8800  0.8800  0.8800  0.8800  0.8800  0.8800  0.8800  0.8800  0.8600  0.8600  0.8600  0.8800
  4   |  0.9700  0.9700  0.9700  0.9700  0.9700  0.9700  0.9700  0.9700  0.9700  0.9700  0.9700  0.9800  0.9800  0.9800  0.9700
  5   |  0.9700  0.9700  0.9700  0.9700  0.9700  0.9700  0.9700  0.9700  0.9700  0.9700  0.9700  0.9800  0.9800  0.9800  0.9700
  6   |  0.9900  0.9900  0.9900  0.9900  0.9900  0.9900  0.9900  0.9900  0.9900  0.9900  0.9900  0.9900  0.9900  0.9900  0.9900
  7   |  1.0000  1.0000  1.0000  1.0000  1.0000  1.0000  1.0000  1.0000  1.0000  1.0000  1.0000  1.0000  1.0000  1.0000  1.0000
  8   |  1.0000  1.0000  1.0000  1.0000  1.0000  1.0000  1.0000  1.0000  1.0000  1.0000  1.0000  1.0000  1.0000  1.0000  1.0000
  9   |  1.0000  1.0000  1.0000  1.0000  1.0000  1.0000  1.0000  1.0000  1.0000  1.0000  1.0000  1.0000  1.0000  1.0000  1.0000
------+------------------------------------------------------------------------------------------------------------------------
                                               
 
 
        Proportion of fish spawning
        ---------------------------
------+--------
AGE   |    2002
------+--------
  0   |  0.0000
  1   |  0.0700
  2   |  0.5900
  3   |  0.8800
  4   |  0.9700
  5   |  0.9700
  6   |  0.9900
  7   |  1.0000
  8   |  1.0000
  9   |  1.0000
------+--------
                                               
 
 
 
 INDICES OF SPAWNING BIOMASS                                                    
  
 ----------------------------
 
          INDEX
        -------
------+------------------------------------------------------------------------------------------------------------------------
      |    1972    1973    1974    1975    1976    1977    1978    1979    1980    1981    1982    1983    1984    1985    1986
------+------------------------------------------------------------------------------------------------------------------------
  1   | ******* ******* ******* ******* ******* ******* ******* ******* ******* ******* ******* ******* ******* ******* *******
------+------------------------------------------------------------------------------------------------------------------------
       x 10 ^ 3                                
 
 
          INDEX
        -------
------+------------------------------------------------------------------------------------------------------------------------
      |    1987    1988    1989    1990    1991    1992    1993    1994    1995    1996    1997    1998    1999    2000    2001
------+------------------------------------------------------------------------------------------------------------------------
  1   | *******  187.97  205.04  212.31  239.48  274.97  286.30  285.91  286.10  259.38  258.71  250.00  253.61  245.34  253.28
------+------------------------------------------------------------------------------------------------------------------------
       x 10 ^ 3                                
 
 
          INDEX
        -------
------+--------
      |    2002
------+--------
  1   |  266.06
------+--------
       x 10 ^ 3                                
 
 
 
 AGE-STRUCTURED INDICES                                                         
  
 -----------------------
 
        FLT01: Dummy survey
        -------------------
------+--------------------------------
AGE   |    1981    1982    1983    1984
------+--------------------------------
  1   |  266.10  203.00   43.60   15.24
  2   |  506.40  435.90  712.70   79.51
  3   |  225.10  483.60  444.60  661.83
  4   |   31.70  184.10  391.60  374.60
  5   |  174.80   24.70  130.40  238.20
  6   |  158.50  136.60   20.20   92.00
  7   |   99.50  108.60   91.30   15.54
  8   |  116.60   84.50   70.90   51.47
  9   |   35.30   87.00   47.10   39.27
------+--------------------------------
       x 10 ^ 3                                
 
 
 
        Fishing Mortality (per year)
        ----------------------------
------+------------------------------------------------------------------------------------------------------------------------
AGE   |    1972    1973    1974    1975    1976    1977    1978    1979    1980    1981    1982    1983    1984    1985    1986
------+------------------------------------------------------------------------------------------------------------------------
  0   | 0.00797 0.00953 0.00713 0.00676 0.00544 0.01018 0.00605 0.01031 0.00955 0.00716 0.01036 0.01001 0.00615 0.00720 0.00576
  1   | 0.03016 0.03607 0.02700 0.02559 0.02058 0.03851 0.02291 0.03902 0.03613 0.02710 0.03921 0.03788 0.02328 0.02724 0.02179
  2   | 0.06676 0.07983 0.05976 0.05665 0.04556 0.08523 0.05070 0.08637 0.07996 0.05998 0.08679 0.08384 0.05153 0.06029 0.04822
  3   | 0.13170 0.15750 0.11789 0.11176 0.08988 0.16815 0.10002 0.17040 0.15776 0.11834 0.17123 0.16541 0.10166 0.11895 0.09514
  4   | 0.20135 0.24078 0.18023 0.17085 0.13740 0.25707 0.15291 0.26050 0.24117 0.18092 0.26178 0.25288 0.15541 0.18186 0.14544
  5   | 0.22901 0.27386 0.20499 0.19432 0.15628 0.29239 0.17392 0.29630 0.27431 0.20578 0.29775 0.28763 0.17677 0.20684 0.16542
  6   | 0.25899 0.30971 0.23183 0.21976 0.17674 0.33066 0.19669 0.33508 0.31022 0.23272 0.33672 0.32528 0.19990 0.23392 0.18708
  7   | 0.29671 0.35481 0.26559 0.25177 0.20248 0.37882 0.22533 0.38388 0.35540 0.26661 0.38576 0.37265 0.22902 0.26798 0.21432
  8   | 0.27481 0.32863 0.24599 0.23319 0.18754 0.35087 0.20871 0.35556 0.32917 0.24694 0.35730 0.34515 0.21212 0.24821 0.19851
  9   | 0.27481 0.32863 0.24599 0.23319 0.18754 0.35087 0.20871 0.35556 0.32917 0.24694 0.35730 0.34515 0.21212 0.24821 0.19851
------+------------------------------------------------------------------------------------------------------------------------
                                               
 
 
        Fishing Mortality (per year)
        ----------------------------
------+------------------------------------------------------------------------------------------------------------------------
AGE   |    1987    1988    1989    1990    1991    1992    1993    1994    1995    1996    1997    1998    1999    2000    2001
------+------------------------------------------------------------------------------------------------------------------------
  0   | 0.00966 0.01003 0.00962 0.00580 0.00782 0.00650 0.00686 0.01010 0.01024 0.00729 0.00838 0.00697 0.00614 0.00984 0.00998
  1   | 0.03655 0.03795 0.03639 0.02193 0.02958 0.02460 0.02597 0.03821 0.03875 0.02758 0.03173 0.02639 0.02324 0.03725 0.03775
  2   | 0.08091 0.08400 0.08055 0.04854 0.06547 0.05445 0.05748 0.08457 0.08576 0.06104 0.07022 0.05841 0.05144 0.08245 0.08357
  3   | 0.15962 0.16573 0.15891 0.09577 0.12916 0.10742 0.11340 0.16685 0.16920 0.12042 0.13854 0.11524 0.10149 0.16266 0.16487
  4   | 0.24403 0.25337 0.24294 0.14641 0.19745 0.16421 0.17337 0.25508 0.25867 0.18410 0.21179 0.17618 0.15515 0.24867 0.25204
  5   | 0.27756 0.28818 0.27632 0.16653 0.22458 0.18678 0.19719 0.29013 0.29421 0.20939 0.24089 0.20038 0.17647 0.28283 0.28667
  6   | 0.31389 0.32590 0.31249 0.18832 0.25398 0.21123 0.22300 0.32810 0.33272 0.23680 0.27242 0.22661 0.19957 0.31985 0.32420
  7   | 0.35960 0.37337 0.35800 0.21575 0.29097 0.24199 0.25548 0.37589 0.38118 0.27129 0.31210 0.25962 0.22864 0.36644 0.37142
  8   | 0.33307 0.34582 0.33159 0.19983 0.26950 0.22413 0.23663 0.34815 0.35305 0.25127 0.28907 0.24046 0.21177 0.33940 0.34401
  9   | 0.33307 0.34582 0.33159 0.19983 0.26950 0.22413 0.23663 0.34815 0.35305 0.25127 0.28907 0.24046 0.21177 0.33940 0.34401
------+------------------------------------------------------------------------------------------------------------------------
                                               
 
 
        Fishing Mortality (per year)
        ----------------------------
------+--------
AGE   |    2002
------+--------
  0   | 0.00760
  1   | 0.02877
  2   | 0.06368
  3   | 0.12564
  4   | 0.19207
  5   | 0.21847
  6   | 0.24706
  7   | 0.28304
  8   | 0.26216
  9   | 0.26216
------+--------
                                               
 
 
 
        Population Abundance (1 January)
        --------------------------------
------+------------------------------------------------------------------------------------------------------------------------
AGE   |    1972    1973    1974    1975    1976    1977    1978    1979    1980    1981    1982    1983    1984    1985    1986
------+------------------------------------------------------------------------------------------------------------------------
  0   |  456.09  105.69  224.34  752.85  498.74  224.34  759.90  361.17  482.83  202.57  481.40  224.34  224.34  224.34  542.45
  1   |  462.93  389.44   90.11  191.72  643.62  426.94  191.14  650.10  307.67  411.63  173.11  410.07  191.17  191.91  191.71
  2   |  237.18  386.61  323.32   75.49  160.85  542.68  353.59  160.79  538.14  255.42  344.82  143.27  339.83  160.76  160.74
  3   |  428.30  190.96  307.23  262.14   61.40  132.28  428.93  289.29  126.94  427.58  207.04  272.12  113.39  277.81  130.27
  4   |  193.48  323.15  140.41  235.03  201.77   48.30   96.23  334.04  209.98   93.31  326.95  150.16  198.51   88.16  212.29
  5   |  150.21  136.16  218.62  100.92  170.52  151.37   32.15   71.08  221.58  142.00   67.02  216.59  100.36  146.26   63.27
  6   |  149.25  102.82   89.12  153.29   71.52  125.53   97.26   23.25   45.49  144.96   99.49   42.83  139.83   72.39  102.37
  7   |   49.03   99.15   64.93   60.83  105.91   51.59   77.63   68.76   14.32   28.71   98.86   61.15   26.63   98.54   49.31
  8   |   30.37   31.37   59.85   42.85   40.71   74.45   30.40   53.33   40.32    8.64   18.93   57.86   36.26   18.23   64.88
  9   |   37.07   40.06   42.03   64.24   71.23   75.84   87.22   73.87   71.41   64.60   41.32   33.07   50.50   56.11   48.93
------+------------------------------------------------------------------------------------------------------------------------
       x 10 ^ 6                                
 
 
        Population Abundance (1 January)
        --------------------------------
------+------------------------------------------------------------------------------------------------------------------------
AGE   |    1987    1988    1989    1990    1991    1992    1993    1994    1995    1996    1997    1998    1999    2000    2001
------+------------------------------------------------------------------------------------------------------------------------
  0   |  542.45  511.73  202.57  752.85  224.34  752.85  169.05  496.90  496.90  420.79  202.57  528.90  413.21  752.85  752.85
  1   |  464.21  462.40  436.06  172.68  644.24  191.59  643.79  144.50  423.39  423.33  359.54  172.90  452.06  353.48  641.64
  2   |  161.45  385.21  383.17  361.91  145.41  538.34  160.90  539.91  119.71  350.56  354.45  299.80  144.94  380.16  293.12
  3   |  131.84  128.16  304.84  304.28  296.74  117.22  438.80  130.75  427.02   94.57  283.87  284.39  243.40  118.49  301.31
  4   |  101.95   96.73   93.46  223.83  237.97  224.46   90.62  337.19   95.24  310.33   72.16  212.72  218.13  189.28   86.68
  5   |  157.99   68.75   64.62   63.09  166.41  168.13  163.94   65.58  224.88   63.29  222.19   50.26  153.51  160.77  127.05
  6   |   46.15  103.03   44.36   42.19   45.97  114.42  120.05  115.85   42.23  144.22   44.18  150.30   35.40  110.76  104.29
  7   |   73.07   29.02   64.01   27.93   30.08   30.70   79.73   82.68   71.82   26.06   97.96   28.96  103.13   24.96   69.23
  8   |   34.25   43.90   17.20   38.52   19.38   19.36   20.74   53.15   48.86   42.22   17.10   61.71   19.23   70.63   14.89
  9   |   78.02   62.09   60.06   45.72   51.88   43.16   37.74   37.43   49.97   57.58   64.59   50.43   70.18   56.26   72.52
------+------------------------------------------------------------------------------------------------------------------------
       x 10 ^ 6                                
 
 
        Population Abundance (1 January)
        --------------------------------
------+----------------
AGE   |    2002    2003
------+----------------
  0   |  217.56  338.89
  1   |  641.55  185.84
  2   |  531.80  536.53
  3   |  232.06  429.49
  4   |  219.92  176.16
  5   |   57.98  156.21
  6   |   82.09   40.11
  7   |   64.91   55.19
  8   |   41.10   42.09
  9   |   51.39   61.25
------+----------------
       x 10 ^ 6                                
 
 
 
        Weighting factors for the catches in number
        -------------------------------------------
------+----------------------------------------------------------------------------------------
AGE   |    1992    1993    1994    1995    1996    1997    1998    1999    2000    2001    2002
------+----------------------------------------------------------------------------------------
  0   |  0.0200  0.0200  0.0200  0.0200  0.0200  0.0200  0.0200  0.0200  0.0200  0.0200  0.0200
  1   |  1.0000  1.0000  1.0000  1.0000  1.0000  1.0000  1.0000  1.0000  1.0000  1.0000  1.0000
  2   |  1.0000  1.0000  1.0000  1.0000  1.0000  1.0000  1.0000  1.0000  1.0000  1.0000  1.0000
  3   |  1.0000  1.0000  1.0000  1.0000  1.0000  1.0000  1.0000  1.0000  1.0000  1.0000  1.0000
  4   |  1.0000  1.0000  1.0000  1.0000  1.0000  1.0000  1.0000  1.0000  1.0000  1.0000  1.0000
  5   |  1.0000  1.0000  1.0000  1.0000  1.0000  1.0000  1.0000  1.0000  1.0000  1.0000  1.0000
  6   |  1.0000  1.0000  1.0000  1.0000  1.0000  1.0000  1.0000  1.0000  1.0000  1.0000  1.0000
  7   |  1.0000  1.0000  1.0000  1.0000  1.0000  1.0000  1.0000  1.0000  1.0000  1.0000  1.0000
  8   |  1.0000  1.0000  1.0000  1.0000  1.0000  1.0000  1.0000  1.0000  1.0000  1.0000  1.0000
------+----------------------------------------------------------------------------------------
                                               
 
 
 
 Predicted SSB Index Values                                                     
  
 ---------------------------
 
          INDEX
        -------
------+------------------------------------------------------------------------------------------------------------------------
      |    1972    1973    1974    1975    1976    1977    1978    1979    1980    1981    1982    1983    1984    1985    1986
------+------------------------------------------------------------------------------------------------------------------------
  1   | ******* ******* ******* ******* ******* ******* ******* ******* ******* ******* ******* ******* ******* ******* *******
------+------------------------------------------------------------------------------------------------------------------------
       x 10 ^ 3                                
 
 
          INDEX
        -------
------+------------------------------------------------------------------------------------------------------------------------
      |    1987    1988    1989    1990    1991    1992    1993    1994    1995    1996    1997    1998    1999    2000    2001
------+------------------------------------------------------------------------------------------------------------------------
  1   | *******  187.97  205.04  212.31  239.48  274.97  286.30  285.91  286.10  259.38  258.71  250.00  253.61  245.34  253.28
------+------------------------------------------------------------------------------------------------------------------------
       x 10 ^ 3                                
 
 
          INDEX
        -------
------+--------
      |    2002
------+--------
  1   |  266.06
------+--------
       x 10 ^ 3                                
 
 
 
 Predicted Age-Structured Index Values                                          
  
 --------------------------------------
 
        FLT01: Dummy survey Predicted
        -----------------------------
------+--------------------------------
AGE   |    1981    1982    1983    1984
------+--------------------------------
  1   |  116.85   48.81  115.72   54.38
  2   |  335.75  446.63  185.87  448.79
  3   |  800.36  376.43  496.33  214.21
  4   |   93.54  313.48  144.68  201.80
  5   |  129.98   58.32  189.53   93.34
  6   |  122.48   79.39   34.40  120.30
  7   |   39.76  128.22   79.88   37.65
  8   |   28.30   58.38  179.64  121.13
  9   |   70.29   42.32   34.09   56.02
------+--------------------------------
       x 10 ^ 3                                
 
 
 
        Fitted Selection Pattern
        ------------------------
------+------------------------------------------------------------------------------------------------------------------------
AGE   |    1972    1973    1974    1975    1976    1977    1978    1979    1980    1981    1982    1983    1984    1985    1986
------+------------------------------------------------------------------------------------------------------------------------
  0   |  0.0348  0.0348  0.0348  0.0348  0.0348  0.0348  0.0348  0.0348  0.0348  0.0348  0.0348  0.0348  0.0348  0.0348  0.0348
  1   |  0.1317  0.1317  0.1317  0.1317  0.1317  0.1317  0.1317  0.1317  0.1317  0.1317  0.1317  0.1317  0.1317  0.1317  0.1317
  2   |  0.2915  0.2915  0.2915  0.2915  0.2915  0.2915  0.2915  0.2915  0.2915  0.2915  0.2915  0.2915  0.2915  0.2915  0.2915
  3   |  0.5751  0.5751  0.5751  0.5751  0.5751  0.5751  0.5751  0.5751  0.5751  0.5751  0.5751  0.5751  0.5751  0.5751  0.5751
  4   |  0.8792  0.8792  0.8792  0.8792  0.8792  0.8792  0.8792  0.8792  0.8792  0.8792  0.8792  0.8792  0.8792  0.8792  0.8792
  5   |  1.0000  1.0000  1.0000  1.0000  1.0000  1.0000  1.0000  1.0000  1.0000  1.0000  1.0000  1.0000  1.0000  1.0000  1.0000
  6   |  1.1309  1.1309  1.1309  1.1309  1.1309  1.1309  1.1309  1.1309  1.1309  1.1309  1.1309  1.1309  1.1309  1.1309  1.1309
  7   |  1.2956  1.2956  1.2956  1.2956  1.2956  1.2956  1.2956  1.2956  1.2956  1.2956  1.2956  1.2956  1.2956  1.2956  1.2956
  8   |  1.2000  1.2000  1.2000  1.2000  1.2000  1.2000  1.2000  1.2000  1.2000  1.2000  1.2000  1.2000  1.2000  1.2000  1.2000
  9   |  1.2000  1.2000  1.2000  1.2000  1.2000  1.2000  1.2000  1.2000  1.2000  1.2000  1.2000  1.2000  1.2000  1.2000  1.2000
------+------------------------------------------------------------------------------------------------------------------------
                                               
 
 
        Fitted Selection Pattern
        ------------------------
------+------------------------------------------------------------------------------------------------------------------------
AGE   |    1987    1988    1989    1990    1991    1992    1993    1994    1995    1996    1997    1998    1999    2000    2001
------+------------------------------------------------------------------------------------------------------------------------
  0   |  0.0348  0.0348  0.0348  0.0348  0.0348  0.0348  0.0348  0.0348  0.0348  0.0348  0.0348  0.0348  0.0348  0.0348  0.0348
  1   |  0.1317  0.1317  0.1317  0.1317  0.1317  0.1317  0.1317  0.1317  0.1317  0.1317  0.1317  0.1317  0.1317  0.1317  0.1317
  2   |  0.2915  0.2915  0.2915  0.2915  0.2915  0.2915  0.2915  0.2915  0.2915  0.2915  0.2915  0.2915  0.2915  0.2915  0.2915
  3   |  0.5751  0.5751  0.5751  0.5751  0.5751  0.5751  0.5751  0.5751  0.5751  0.5751  0.5751  0.5751  0.5751  0.5751  0.5751
  4   |  0.8792  0.8792  0.8792  0.8792  0.8792  0.8792  0.8792  0.8792  0.8792  0.8792  0.8792  0.8792  0.8792  0.8792  0.8792
  5   |  1.0000  1.0000  1.0000  1.0000  1.0000  1.0000  1.0000  1.0000  1.0000  1.0000  1.0000  1.0000  1.0000  1.0000  1.0000
  6   |  1.1309  1.1309  1.1309  1.1309  1.1309  1.1309  1.1309  1.1309  1.1309  1.1309  1.1309  1.1309  1.1309  1.1309  1.1309
  7   |  1.2956  1.2956  1.2956  1.2956  1.2956  1.2956  1.2956  1.2956  1.2956  1.2956  1.2956  1.2956  1.2956  1.2956  1.2956
  8   |  1.2000  1.2000  1.2000  1.2000  1.2000  1.2000  1.2000  1.2000  1.2000  1.2000  1.2000  1.2000  1.2000  1.2000  1.2000
  9   |  1.2000  1.2000  1.2000  1.2000  1.2000  1.2000  1.2000  1.2000  1.2000  1.2000  1.2000  1.2000  1.2000  1.2000  1.2000
------+------------------------------------------------------------------------------------------------------------------------
                                               
 
 
        Fitted Selection Pattern
        ------------------------
------+--------
AGE   |    2002
------+--------
  0   |  0.0348
  1   |  0.1317
  2   |  0.2915
  3   |  0.5751
  4   |  0.8792
  5   |  1.0000
  6   |  1.1309
  7   |  1.2956
  8   |  1.2000
  9   |  1.2000
------+--------
                                               
 
 
 
 
 
                    STOCK SUMMARY                                             
 
 
 ³ Year ³  Recruits  ³  Total  ³ Spawning³ Landings ³ Yield ³ Mean F ³ SoP ³    
 ³      ³   Age   0  ³ Biomass ³ Biomass ³          ³ /SSB  ³  Ages  ³     ³ 
 ³      ³  thousands ³  tonnes ³ tonnes  ³ tonnes   ³ ratio ³  4- 7  ³ (%) ³ 
 
   1972       456080    457821    315446     79422   0.2518   0.2465   100
   1973       105690    442648    301416     88614   0.2940   0.2948   100
   1974       224340    373502    284195     61755   0.2173   0.2207    99
   1975       752850    344925    262620     55199   0.2102   0.2092   100
   1976       498730    369337    240184     42654   0.1776   0.1682    99
   1977       224340    379227    237726     74056   0.3115   0.3147    99
   1978       759890    356454    258132     42635   0.1652   0.1872    99
   1979       361160    392005    253768     73785   0.2908   0.3189   100
   1980       482830    373538    250564     72387   0.2889   0.2953   100
   1981       202560    368775    262361     55984   0.2134   0.2215   100
   1982       481390    332649    242427     82630   0.3408   0.3205   100
   1983       224340    324909    228867     70214   0.3068   0.3096   100
   1984       224340    308708    229782     41582   0.1810   0.1903    99
   1985       224340    308863    235909     56132   0.2379   0.2227    99
   1986       542440    275922    214890     43857   0.2041   0.1781   100
   1987       542440    280921    194955     69877   0.3584   0.2988    99
   1988       511730    283113    187974     66477   0.3536   0.3102    99
   1989       202560    308077    205039     62395   0.3043   0.2974   100
   1990       752850    281865    212307     42079   0.1982   0.1793    99
   1991       224340    341939    239475     62421   0.2607   0.2417   100
   1992       752850    380527    274971     56287   0.2047   0.2011   100
   1993       169040    402912    286299     61353   0.2143   0.2123   100
   1994       496900    395298    285907     95828   0.3352   0.3123    99
   1995       496890    395247    286098     90501   0.3163   0.3167   100
   1996       420780    354451    259375     60769   0.2343   0.2254   100
   1997       202560    363350    258708     66787   0.2582   0.2593   100
   1998       528890    327537    249997     56064   0.2243   0.2157   100
   1999       413210    344170    253605     51822   0.2043   0.1900   100
   2000       752850    348938    245342     79580   0.3244   0.3044    99
   2001       752850    375892    253278     78327   0.3093   0.3086   100
   2002       217560    399438    266059     63081   0.2371   0.2352    99
 
 -----------------------------------------------------------------            
 No of years for separable analysis : 11                                      
 Age range in the analysis : 0  . . . 9                                       
 Year range in the analysis : 1972  . . . 2002                                
 Number of indices of SSB : 1                                                 
 Number of age-structured indices : 1                                         
                                                                              
 Parameters to estimate : 46                                                  
 Number of observations : 150                                                 
                                                                              
 Conventional single selection vector model to be fitted.                     
                                                                              
                                                                              
                                                                              
 -----------------------------------------------------------------            
 
 
 PARAMETER ESTIMATES                                                            
  
 
 ³Parm.³      ³ Maximum ³    ³        ³         ³         ³         ³ Mean of ³ 
  
 ³ No. ³      ³ Likelh. ³ CV ³  Lower ³ Upper   ³  -s.e.  ³   +s.e. ³ Param.  ³ 
  
 ³     ³      ³ Estimate³ (%)³ 95% CL ³ 95% CL  ³         ³         ³ Distrib.³ 
  
 Separable model : F by year                                                    
  
    1   1992     0.1868   0    0.1838    0.1898    0.1852    0.1883    0.1868
    2   1993     0.1972   0    0.1942    0.2003    0.1956    0.1988    0.1972
    3   1994     0.2901   0    0.2857    0.2946    0.2879    0.2924    0.2901
    4   1995     0.2942   0    0.2897    0.2988    0.2919    0.2965    0.2942
    5   1996     0.2094   0    0.2062    0.2126    0.2078    0.2110    0.2094
    6   1997     0.2409   0    0.2373    0.2445    0.2391    0.2427    0.2409
    7   1998     0.2004   0    0.1974    0.2034    0.1989    0.2019    0.2004
    8   1999     0.1765   0    0.1739    0.1790    0.1752    0.1778    0.1765
    9   2000     0.2828   0    0.2788    0.2870    0.2807    0.2849    0.2828
   10   2001     0.2867   0    0.2824    0.2910    0.2845    0.2889    0.2867
   11   2002     0.2185   0    0.2149    0.2221    0.2166    0.2203    0.2185
 
 Separable Model: Selection (S) by age                                          
  
   12      0     0.0348   3    0.0324    0.0374    0.0335    0.0361    0.0348
   13      1     0.1317   0    0.1297    0.1337    0.1307    0.1327    0.1317
   14      2     0.2915   0    0.2873    0.2958    0.2893    0.2937    0.2915
   15      3     0.5751   0    0.5672    0.5831    0.5711    0.5792    0.5751
   16      4     0.8792   0    0.8678    0.8908    0.8733    0.8851    0.8792
           5     1.0000     Fixed : Reference Age             
   17      6     1.1309   0    1.1173    1.1447    1.1239    1.1379    1.1309
   18      7     1.2956   0    1.2802    1.3111    1.2877    1.3035    1.2956
           8     1.2000     Fixed : Last true age             
 
 Separable model: Populations in year 2002                                    
   19      0     217559  12     171244    276399    192546    245820    219187
   20      1     641551   1     617712    666310    629276    654066    641671
   21      2     531800   1     518871    545051    525164    538520    531842
   22      3     232061   1     227350    236870    229645    234502    232074
   23      4     219920   0     216262    223641    218046    221811    219928
   24      5      57982   0      57003     58977     57481     58487     57984
   25      6      82093   0      80882     83322     81473     82718     82095
   26      7      64904   0      63976     65845     64429     65382     64905
   27      8      41100   0      40482     41728     40784     41420     41102
 
Separable model: Populations at age
   28   1992      19354   1      18687     20044     19010     19703     19357
   29   1993      20740   1      20203     21290     20464     21019     20741
   30   1994      53151   1      52034     54293     52578     53731     53154
   31   1995      48863   1      47908     49836     48373     49357     48865
   32   1996      42223   0      41451     43009     41828     42622     42225
   33   1997      17099   0      16797     17407     16944     17256     17100
   34   1998      61709   0      60823     62608     61255     62166     61711
   35   1999      19226   0      18933     19523     19076     19377     19226
   36   2000      70624   0      69719     71540     70161     71090     70625
   37   2001      14889   0      14660     15122     14772     15007     14890
 
 SSB Index catchabilities                                                       
  
   INDEX                                 
 Absolute estimator. No fitted catchability.                                    
  
 
 
 
 Age-structured index catchabilities                                            
  
                                        FLT01: Dummy survey                     
 
 Linear model fitted. Slopes at age :                                           
  
   38   1  Q  .3129      24 .2470     .6486     .3129     .5121     .4126    
   39   2  Q  1.475      24 1.165     3.058     1.475     2.414     1.946    
   40   3  Q  2.170      24 1.713     4.497     2.170     3.550     2.861    
   41   4  Q  1.203      24 .9493     2.493     1.203     1.968     1.586    
   42   5  Q  1.113      24 .8788     2.307     1.113     1.822     1.468    
   43   6  Q  1.043      24 .8233     2.162     1.043     1.707     1.375    
   44   7  Q  1.741      24 1.375     3.610     1.741     2.850     2.296    
   45   8  Q  4.077      24 3.218     8.450     4.077     6.671     5.376    
   46   9  Q  1.354      24 1.069     2.806     1.354     2.215     1.785    
 
 
 
 RESIDUALS ABOUT THE MODEL FIT                                                  
  
 ------------------------------
 
        Separable Model Residuals
        -------------------------
------+----------------------------------------------------------------------------------------
Age   |    1992    1993    1994    1995    1996    1997    1998    1999    2000    2001    2002
------+----------------------------------------------------------------------------------------
  0   | ******* ******* ******* ******* ******* ******* ******* ******* ******* ******* *******
  1   | ******* ******* ******* ******* ******* ******* ******* ******* ******* ******* *******
  2   | ******* ******* ******* ******* ******* ******* ******* ******* ******* ******* *******
  3   | ******* ******* ******* ******* ******* ******* ******* ******* ******* ******* *******
  4   | ******* ******* ******* ******* ******* ******* ******* ******* ******* ******* *******
  5   | ******* ******* ******* ******* ******* ******* ******* ******* ******* ******* *******
  6   | ******* ******* ******* ******* ******* ******* ******* ******* ******* ******* *******
  7   | ******* ******* ******* ******* ******* ******* ******* ******* ******* ******* *******
  8   | ******* ******* ******* ******* ******* ******* ******* ******* ******* ******* *******
------+----------------------------------------------------------------------------------------
                                               
 
 
 
 SPAWNING BIOMASS INDEX RESIDUALS                                               
  
 ---------------------------------
 
          INDEX
        -------
------+------------------------------------------------------------------------------------------------------------------------
      |    1972    1973    1974    1975    1976    1977    1978    1979    1980    1981    1982    1983    1984    1985    1986
------+------------------------------------------------------------------------------------------------------------------------
  1   | ******* ******* ******* ******* ******* ******* ******* ******* ******* ******* ******* ******* ******* ******* *******
------+------------------------------------------------------------------------------------------------------------------------
                                               
 
 
          INDEX
        -------
------+------------------------------------------------------------------------------------------------------------------------
      |    1987    1988    1989    1990    1991    1992    1993    1994    1995    1996    1997    1998    1999    2000    2001
------+------------------------------------------------------------------------------------------------------------------------
  1   | ******* ******* ******* ******* ******* ******* ******* ******* ******* ******* ******* ******* ******* ******* *******
------+------------------------------------------------------------------------------------------------------------------------
                                               
 
 
          INDEX
        -------
------+--------
      |    2002
------+--------
  1   | *******
------+--------
                                               
 
 
 
 AGE-STRUCTURED INDEX RESIDUALS                                                 
  
 -------------------------------
 
        FLT01: Dummy survey
        -------------------
------+--------------------------------
Age   |    1981    1982    1983    1984
------+--------------------------------
  1   |   0.823   1.425  -0.976  -1.272
  2   |   0.411  -0.024   1.344  -1.731
  3   |  -1.269   0.251  -0.110   1.128
  4   |  -1.082  -0.532   0.996   0.619
  5   |   0.296  -0.859  -0.374   0.937
  6   |   0.258   0.543  -0.532  -0.268
  7   |   0.917  -0.166   0.134  -0.885
  8   |   1.416   0.370  -0.930  -0.856
  9   |  -0.689   0.721   0.323  -0.355
------+--------------------------------
                                               
 
 
 
 
 
 
 PARAMETERS OF THE DISTRIBUTION OF ln(CATCHES AT AGE)                           
  
 -----------------------------------------------------
 
 Separable model fitted from 1992  to 2002                                    
 Variance                             0.0000
Skewness test stat.                  -1.7716
Kurtosis test statistic               0.1834
Partial chi-square                    0.0000
Significance in fit                   0.0000
Degrees of freedom                        62
 
 
 PARAMETERS OF DISTRIBUTIONS OF THE SSB INDICES                                 
  
 -----------------------------------------------
 
 
   DISTRIBUTION STATISTICS FOR   INDEX                                          
 
 
 Index used as absolute measure of abundance                                    
  
 Last age is a plus-group                                                       
  
 
 Variance                             0.0000
Skewness test stat.                  -0.1689
Kurtosis test statistic              -1.1257
Partial chi-square                    0.0000
Significance in fit                   0.0000
Number of observations                    15
Degrees of freedom                        15
Weight in the analysis                5.0000
 
 PARAMETERS OF THE DISTRIBUTION OF THE AGE-STRUCTURED INDICES                   
  
 ------------------------------------------------------------ 
 
 
   DISTRIBUTION STATISTICS FOR FLT01: Dummy survey                              
 
 
 Linear catchability relationship assumed                                       
  
 
 Age                          1         2         3         4         5         6         7         8         9
 Variance                0.0020    0.0018    0.0011    0.0010    0.0007    0.0003    0.0006    0.0014    0.0005
Skewness test stat.      0.0624   -0.3958   -0.1899   -0.0665    0.1055    0.0185    0.0582    0.3294    0.0440
Kurtosis test statisti  -0.7496   -0.4144   -0.4377   -0.6979   -0.5796   -0.6626   -0.4504   -0.6030   -0.6565
Partial chi-square       0.0005    0.0004    0.0003    0.0003    0.0002    0.0001    0.0002    0.0004    0.0001
Significance in fit      0.0000    0.0000    0.0000    0.0000    0.0000    0.0000    0.0000    0.0000    0.0000
Number of observations        4         4         4         4         4         4         4         4         4
Degrees of freedom            3         3         3         3         3         3         3         3         3
Weight in the analysis   0.0011    0.0011    0.0011    0.0011    0.0011    0.0011    0.0011    0.0011    0.0011
 
 ANALYSIS OF VARIANCE                   
--------------------------
 
 Unweighted Statistics                                                          
  
 
                                                                                
  
Variance                              
                                       SSQ     Data    Parameters d.f. Variance
Total for model                        25.2271     150         46  104   0.2426
Catches at age                          0.0000      99         37   62   0.0000
  
SSB Indices                           
  INDEX                                 0.0000      15          0   15   0.0000
  
 Aged Indices                                                                   
  
FLT01: Dummy survey                    25.2271      36          9   27   0.9343
 
 
 Weighted Statistics                                                            
  
 
                                                                                
  
Variance                              
                                       SSQ     Data    Parameters d.f. Variance
Total for model                         0.0000     150         46  104   0.0000
Catches at age                          0.0000      99         37   62   0.0000
  
SSB Indices                           
  INDEX                                 0.0000      15          0   15   0.0000
  
 Aged Indices                                                                   
  
FLT01: Dummy survey                     0.0000      36          9   27   0.0000
 
