 Output Generated by ICA Version 1.4                                            
  
 ------------------------------------
 
        Mackerel NE Atlantic  WG2003
        ----------------------------
 
        Catch in Number
        ---------------
------+------------------------------------------------------------------------------------------------------------------------
AGE   |    1972    1973    1974    1975    1976    1977    1978    1979    1980    1981    1982    1983    1984    1985    1986
------+------------------------------------------------------------------------------------------------------------------------
  0   |   3195.   4067.   4963.   4097.   1646.   3703.   3808.   3503.   4294.   1718.   4470.   2692.   4636.   2875.   3269.
  1   |  11843.  10509.  14883.  14265.  12401.   5324.  10532.  14736.  10760.  15117.   5971.   8636.  13758.  12677.   7702.
  2   |  17399.  22124.  21780.  24235.  24515.  22786.   8619.  23145.  25671.  21452.  29671.   6563.  25049.  21305.  19330.
  3   |  33494.  27552.  38665.  29926.  35282.  38188.  31370.  16049.  34088.  43160.  35318.  27720.  16107.  32714.  27632.
  4   |  25053.  38437.  34694.  38224.  31528.  39833.  38226.  42379.  17060.  41279.  50820.  23890.  49385.  15116.  30839.
  5   |  28930.  20358.  34173.  24114.  28456.  25202.  28258.  36666.  31775.  14575.  34106.  24175.  30325.  32529.  10089.
  6   |  24964.  22713.  17444.  22874.  17332.  21977.  17296.  26200.  26512.  26158.  11569.  15665.  29673.  19226.  21001.
  7   |   5185.  19199.  19008.  11397.  16094.  13113.  14800.  15716.  18521.  21314.  20205.   5204.  18845.  18352.  12179.
  8   |   3627.   3193.  12876.   9910.   6411.   9747.   7060.  10796.   8880.  11924.  13167.   7218.   5047.   9290.   9285.
  9   |  11501.   9662.   8425.  11668.  12061.  11806.  12358.  14055.  14189.  15369.  17112.  11208.  18150.  11582.  10546.
------+------------------------------------------------------------------------------------------------------------------------
       x 10 ^ 3                                
 
 
        Catch in Number
        ---------------
------+------------------------------------------------------------------------------------------------------------------------
AGE   |    1987    1988    1989    1990    1991    1992    1993    1994    1995    1996    1997    1998    1999    2000    2001
------+------------------------------------------------------------------------------------------------------------------------
  0   |   3113.   3377.   2375.   1732.   4509.   2689.   3541.   3594.   2125.   1296.   4179.   2223.   4521.   2616.   3067.
  1   |  10189.  13716.   6184.  11943.   5597.   9970.  10139.  17087.   7256.   7194.   5221.  10507.   9582.  10516.  12345.
  2   |  13696.  25474.  14322.  17717.  21889.   7060.  21476.  27694.  19590.  14017.  16469.   7467.  25699.  12673.  28119.
  3   |  29353.  28967.  22714.  34963.  27457.  23575.  13016.  49416.  26913.  32328.  27198.  20020.  15451.  28868.  28602.
  4   |  30700.  44995.  18814.  40588.  39134.  21576.  31941.  21605.  34646.  32528.  45535.  23994.  30018.  12575.  47105.
  5   |  24423.  33439.  20645.  24085.  32081.  21797.  20942.  37593.  10626.  29895.  32560.  28389.  25555.  17225.  14567.
  6   |   7751.  25704.  14853.  25647.  18366.  17311.  20562.  23770.  17825.   8898.  28934.  19623.  29213.  14163.  19261.
  7   |  15881.   7990.  11217.  18162.  19125.   9743.  16108.  22805.  11019.  14699.   8442.  17096.  19775.  15861.  15493.
  8   |   7380.  13166.   2772.  11059.  10835.   8089.   7287.  14382.   8392.   7291.  11204.   3979.  13852.   8551.  13965.
  9   |  12033.  16188.  10806.  13314.  14420.  10858.  14113.  20126.  12858.  14170.  16288.  13287.  13672.  11943.  18420.
------+------------------------------------------------------------------------------------------------------------------------
       x 10 ^ 3                                
 
 
        Catch in Number
        ---------------
------+--------
AGE   |    2002
------+--------
  0   |   2568.
  1   |   5696.
  2   |  13053.
  3   |  25304.
  4   |  18663.
  5   |  21633.
  6   |   6463.
  7   |   8377.
  8   |   5350.
  9   |  11377.
------+--------
       x 10 ^ 3                                
 
 
 
        Predicted Catch in Number
        -------------------------
------+----------------------------------------------------------------------------------------
AGE   |    1992    1993    1994    1995    1996    1997    1998    1999    2000    2001    2002
------+----------------------------------------------------------------------------------------
  0   |   2689.   3541.   3594.   2125.   1296.   4179.   2223.   4521.   2616.   3067.   2568.
  1   |   9970.  10139.  17087.   7256.   7194.   5221.  10507.   9582.  10516.  12345.   5696.
  2   |   7060.  21476.  27694.  19590.  14017.  16469.   7467.  25699.  12673.  28119.  13053.
  3   |  23575.  13016.  49416.  26913.  32328.  27198.  20020.  15451.  28868.  28602.  25304.
  4   |  21576.  31941.  21605.  34646.  32528.  45535.  23994.  30018.  12575.  47105.  18663.
  5   |  21797.  20942.  37593.  10626.  29895.  32560.  28389.  25555.  17225.  14567.  21633.
  6   |  17311.  20562.  23770.  17825.   8898.  28934.  19623.  29213.  14163.  19261.   6463.
  7   |   9743.  16108.  22805.  11019.  14699.   8442.  17096.  19775.  15861.  15493.   8377.
  8   |   8089.   7287.  14382.   8392.   7291.  11204.   3979.  13852.   8551.  13965.   5350.
------+----------------------------------------------------------------------------------------
       x 10 ^ 3                                
 
 
 
        Weights at age in the catches (Kg)
        ----------------------------------
------+------------------------------------------------------------------------------------------------------------------------
AGE   |    1972    1973    1974    1975    1976    1977    1978    1979    1980    1981    1982    1983    1984    1985    1986
------+------------------------------------------------------------------------------------------------------------------------
  0   | 0.05200 0.05000 0.05100 0.05000 0.05900 0.05600 0.03600 0.01600 0.05700 0.06000 0.05300 0.05000 0.03100 0.05500 0.03900
  1   | 0.13500 0.14500 0.13600 0.14800 0.13700 0.13600 0.13500 0.13700 0.13100 0.13200 0.13100 0.16800 0.10200 0.14400 0.14600
  2   | 0.27700 0.19400 0.22900 0.17700 0.20700 0.16900 0.16100 0.16100 0.24900 0.24800 0.24900 0.21900 0.18400 0.26200 0.24500
  3   | 0.34100 0.28500 0.26100 0.25900 0.26300 0.27500 0.25000 0.24300 0.28500 0.28700 0.28500 0.27600 0.29500 0.35700 0.33500
  4   | 0.42300 0.36800 0.33400 0.32300 0.32000 0.33300 0.32500 0.31800 0.34500 0.34400 0.34500 0.31000 0.32600 0.41800 0.42300
  5   | 0.46800 0.44800 0.39200 0.34800 0.34600 0.35200 0.34500 0.34800 0.37800 0.37700 0.37800 0.38600 0.34400 0.41700 0.47100
  6   | 0.46800 0.46800 0.48100 0.43000 0.40600 0.40700 0.40300 0.40100 0.45400 0.45400 0.45400 0.42500 0.43100 0.43600 0.44400
  7   | 0.50800 0.50800 0.50800 0.48800 0.44300 0.44600 0.42100 0.41600 0.49800 0.49900 0.49600 0.43500 0.54200 0.52100 0.45700
  8   | 0.53900 0.53900 0.53900 0.53900 0.51800 0.54600 0.51800 0.50600 0.52000 0.51300 0.51300 0.49800 0.48000 0.55500 0.54300
  9   | 0.59241 0.60599 0.60933 0.59648 0.59185 0.58687 0.57011 0.54274 0.56265 0.56270 0.55923 0.57913 0.60805 0.63899 0.62261
------+------------------------------------------------------------------------------------------------------------------------
                                               
 
 
        Weights at age in the catches (Kg)
        ----------------------------------
------+------------------------------------------------------------------------------------------------------------------------
AGE   |    1987    1988    1989    1990    1991    1992    1993    1994    1995    1996    1997    1998    1999    2000    2001
------+------------------------------------------------------------------------------------------------------------------------
  0   | 0.07600 0.05500 0.04900 0.08500 0.06800 0.05100 0.06100 0.04600 0.07200 0.05800 0.07600 0.06500 0.06200 0.06300 0.06900
  1   | 0.17900 0.13300 0.13600 0.15600 0.15600 0.16700 0.13400 0.13600 0.14300 0.14300 0.14300 0.15700 0.17600 0.13500 0.17100
  2   | 0.22300 0.25900 0.23700 0.23300 0.25300 0.23900 0.24000 0.25500 0.23400 0.22600 0.23000 0.22700 0.23600 0.22900 0.22300
  3   | 0.31800 0.32300 0.32000 0.33600 0.32700 0.33300 0.31700 0.33900 0.33300 0.31300 0.29500 0.31000 0.30700 0.30800 0.30700
  4   | 0.39900 0.38800 0.37700 0.37900 0.39400 0.39700 0.37600 0.39000 0.39000 0.37700 0.35900 0.35400 0.36100 0.36700 0.37800
  5   | 0.47400 0.45600 0.43300 0.42300 0.42300 0.46000 0.43600 0.44800 0.45200 0.42500 0.41500 0.40800 0.40600 0.42900 0.42600
  6   | 0.51200 0.52400 0.45600 0.46700 0.46900 0.49500 0.48300 0.51200 0.50100 0.48400 0.45300 0.45200 0.45400 0.46700 0.47700
  7   | 0.49300 0.55500 0.54300 0.52800 0.50600 0.53200 0.52700 0.54300 0.53900 0.51800 0.48100 0.46200 0.50100 0.50400 0.49900
  8   | 0.49800 0.55500 0.59200 0.55200 0.55400 0.55500 0.54800 0.59000 0.57700 0.55100 0.52400 0.51800 0.53700 0.53700 0.54300
  9   | 0.61705 0.59874 0.60972 0.62110 0.63369 0.62976 0.60375 0.63285 0.61384 0.59823 0.57728 0.57435 0.60374 0.58661 0.60330
------+------------------------------------------------------------------------------------------------------------------------
                                               
 
 
        Weights at age in the catches (Kg)
        ----------------------------------
------+--------
AGE   |    2002
------+--------
  0   | 0.05200
  1   | 0.15900
  2   | 0.25500
  3   | 0.30700
  4   | 0.36900
  5   | 0.42600
  6   | 0.46400
  7   | 0.51400
  8   | 0.53900
  9   | 0.60356
------+--------
                                               
 
 
 
        Weights at age in the stock (Kg)
        --------------------------------
------+------------------------------------------------------------------------------------------------------------------------
AGE   |    1972    1973    1974    1975    1976    1977    1978    1979    1980    1981    1982    1983    1984    1985    1986
------+------------------------------------------------------------------------------------------------------------------------
  0   | 0.00800 0.00800 0.00800 0.00800 0.00800 0.00800 0.00800 0.00800 0.00800 0.00800 0.00800 0.00800 0.00000 0.00000 0.00000
  1   | 0.13200 0.13200 0.13000 0.12900 0.12800 0.12700 0.11100 0.11000 0.10900 0.08700 0.08600 0.08600 0.08100 0.08500 0.07700
  2   | 0.17800 0.17700 0.17300 0.17100 0.17000 0.16700 0.17500 0.17400 0.17300 0.18600 0.13500 0.17200 0.19400 0.16500 0.17900
  3   | 0.24300 0.24200 0.23800 0.23600 0.23600 0.23300 0.23800 0.23700 0.23600 0.25200 0.22100 0.23500 0.25300 0.29300 0.26700
  4   | 0.41100 0.30100 0.29600 0.29400 0.29300 0.28900 0.30000 0.29900 0.29700 0.31300 0.28000 0.28000 0.29500 0.30600 0.30400
  5   | 0.35500 0.43800 0.32200 0.31800 0.31800 0.31300 0.34600 0.34500 0.34300 0.32300 0.38500 0.33900 0.32400 0.34100 0.35600
  6   | 0.39800 0.39800 0.46900 0.36500 0.36500 0.36100 0.38200 0.38000 0.37900 0.37800 0.35300 0.37700 0.39300 0.38400 0.35100
  7   | 0.43300 0.43300 0.43300 0.49700 0.41900 0.41600 0.41000 0.40800 0.40700 0.41900 0.40800 0.40400 0.43600 0.43000 0.41600
  8   | 0.45900 0.45900 0.45900 0.45900 0.51200 0.44600 0.43200 0.43000 0.42900 0.43400 0.43700 0.43900 0.44100 0.45900 0.47300
  9   | 0.50707 0.51987 0.52517 0.51000 0.50595 0.53049 0.49921 0.49324 0.47943 0.46951 0.47748 0.50888 0.50383 0.55013 0.47858
------+------------------------------------------------------------------------------------------------------------------------
                                               
 
 
        Weights at age in the stock (Kg)
        --------------------------------
------+------------------------------------------------------------------------------------------------------------------------
AGE   |    1987    1988    1989    1990    1991    1992    1993    1994    1995    1996    1997    1998    1999    2000    2001
------+------------------------------------------------------------------------------------------------------------------------
  0   | 0.00000 0.00000 0.00000 0.00000 0.00000 0.00000 0.00000 0.00000 0.00000 0.00000 0.00000 0.00000 0.00000 0.00000 0.00000
  1   | 0.07800 0.07200 0.07600 0.07400 0.07500 0.07800 0.07800 0.07900 0.08100 0.07600 0.07600 0.07700 0.08100 0.07400 0.07800
  2   | 0.14800 0.15600 0.17700 0.13800 0.15500 0.21200 0.19700 0.17800 0.16400 0.13300 0.18600 0.14900 0.19400 0.18500 0.16400
  3   | 0.24000 0.23700 0.24400 0.22200 0.23000 0.25900 0.26800 0.23700 0.26700 0.25100 0.22800 0.22300 0.24200 0.23500 0.24100
  4   | 0.28600 0.30100 0.30600 0.28700 0.30700 0.31000 0.31500 0.30100 0.32600 0.31700 0.29600 0.28500 0.30100 0.28900 0.34200
  5   | 0.37400 0.32900 0.35200 0.33900 0.35700 0.36200 0.36000 0.36100 0.39800 0.36600 0.36100 0.34200 0.35300 0.35000 0.39000
  6   | 0.38600 0.42300 0.38000 0.37300 0.40900 0.40200 0.41600 0.41300 0.44800 0.44400 0.40200 0.40000 0.39600 0.39000 0.44600
  7   | 0.41100 0.44500 0.42900 0.41400 0.43200 0.42400 0.45400 0.46600 0.49100 0.46200 0.44500 0.42600 0.42300 0.42600 0.45900
  8   | 0.42900 0.43200 0.47400 0.40900 0.50200 0.46200 0.46500 0.47000 0.50800 0.50100 0.47800 0.46600 0.44000 0.44700 0.49900
  9   | 0.49418 0.51321 0.48433 0.50119 0.55694 0.51741 0.51605 0.54229 0.56516 0.58289 0.53429 0.52788 0.49922 0.50194 0.55865
------+------------------------------------------------------------------------------------------------------------------------
                                               
 
 
        Weights at age in the stock (Kg)
        --------------------------------
------+--------
AGE   |    2002
------+--------
  0   | 0.00000
  1   | 0.07800
  2   | 0.18100
  3   | 0.23900
  4   | 0.31100
  5   | 0.36400
  6   | 0.41100
  7   | 0.43600
  8   | 0.46200
  9   | 0.51637
------+--------
                                               
 
 
 
        Natural Mortality (per year)
        ----------------------------
------+------------------------------------------------------------------------------------------------------------------------
AGE   |    1972    1973    1974    1975    1976    1977    1978    1979    1980    1981    1982    1983    1984    1985    1986
------+------------------------------------------------------------------------------------------------------------------------
  0   | 0.15000 0.15000 0.15000 0.15000 0.15000 0.15000 0.15000 0.15000 0.15000 0.15000 0.15000 0.15000 0.15000 0.15000 0.15000
  1   | 0.15000 0.15000 0.15000 0.15000 0.15000 0.15000 0.15000 0.15000 0.15000 0.15000 0.15000 0.15000 0.15000 0.15000 0.15000
  2   | 0.15000 0.15000 0.15000 0.15000 0.15000 0.15000 0.15000 0.15000 0.15000 0.15000 0.15000 0.15000 0.15000 0.15000 0.15000
  3   | 0.15000 0.15000 0.15000 0.15000 0.15000 0.15000 0.15000 0.15000 0.15000 0.15000 0.15000 0.15000 0.15000 0.15000 0.15000
  4   | 0.15000 0.15000 0.15000 0.15000 0.15000 0.15000 0.15000 0.15000 0.15000 0.15000 0.15000 0.15000 0.15000 0.15000 0.15000
  5   | 0.15000 0.15000 0.15000 0.15000 0.15000 0.15000 0.15000 0.15000 0.15000 0.15000 0.15000 0.15000 0.15000 0.15000 0.15000
  6   | 0.15000 0.15000 0.15000 0.15000 0.15000 0.15000 0.15000 0.15000 0.15000 0.15000 0.15000 0.15000 0.15000 0.15000 0.15000
  7   | 0.15000 0.15000 0.15000 0.15000 0.15000 0.15000 0.15000 0.15000 0.15000 0.15000 0.15000 0.15000 0.15000 0.15000 0.15000
  8   | 0.15000 0.15000 0.15000 0.15000 0.15000 0.15000 0.15000 0.15000 0.15000 0.15000 0.15000 0.15000 0.15000 0.15000 0.15000
  9   | 0.15000 0.15000 0.15000 0.15000 0.15000 0.15000 0.15000 0.15000 0.15000 0.15000 0.15000 0.15000 0.15000 0.15000 0.15000
------+------------------------------------------------------------------------------------------------------------------------
                                               
 
 
        Natural Mortality (per year)
        ----------------------------
------+------------------------------------------------------------------------------------------------------------------------
AGE   |    1987    1988    1989    1990    1991    1992    1993    1994    1995    1996    1997    1998    1999    2000    2001
------+------------------------------------------------------------------------------------------------------------------------
  0   | 0.15000 0.15000 0.15000 0.15000 0.15000 0.15000 0.15000 0.15000 0.15000 0.15000 0.15000 0.15000 0.15000 0.15000 0.15000
  1   | 0.15000 0.15000 0.15000 0.15000 0.15000 0.15000 0.15000 0.15000 0.15000 0.15000 0.15000 0.15000 0.15000 0.15000 0.15000
  2   | 0.15000 0.15000 0.15000 0.15000 0.15000 0.15000 0.15000 0.15000 0.15000 0.15000 0.15000 0.15000 0.15000 0.15000 0.15000
  3   | 0.15000 0.15000 0.15000 0.15000 0.15000 0.15000 0.15000 0.15000 0.15000 0.15000 0.15000 0.15000 0.15000 0.15000 0.15000
  4   | 0.15000 0.15000 0.15000 0.15000 0.15000 0.15000 0.15000 0.15000 0.15000 0.15000 0.15000 0.15000 0.15000 0.15000 0.15000
  5   | 0.15000 0.15000 0.15000 0.15000 0.15000 0.15000 0.15000 0.15000 0.15000 0.15000 0.15000 0.15000 0.15000 0.15000 0.15000
  6   | 0.15000 0.15000 0.15000 0.15000 0.15000 0.15000 0.15000 0.15000 0.15000 0.15000 0.15000 0.15000 0.15000 0.15000 0.15000
  7   | 0.15000 0.15000 0.15000 0.15000 0.15000 0.15000 0.15000 0.15000 0.15000 0.15000 0.15000 0.15000 0.15000 0.15000 0.15000
  8   | 0.15000 0.15000 0.15000 0.15000 0.15000 0.15000 0.15000 0.15000 0.15000 0.15000 0.15000 0.15000 0.15000 0.15000 0.15000
  9   | 0.15000 0.15000 0.15000 0.15000 0.15000 0.15000 0.15000 0.15000 0.15000 0.15000 0.15000 0.15000 0.15000 0.15000 0.15000
------+------------------------------------------------------------------------------------------------------------------------
                                               
 
 
        Natural Mortality (per year)
        ----------------------------
------+--------
AGE   |    2002
------+--------
  0   | 0.15000
  1   | 0.15000
  2   | 0.15000
  3   | 0.15000
  4   | 0.15000
  5   | 0.15000
  6   | 0.15000
  7   | 0.15000
  8   | 0.15000
  9   | 0.15000
------+--------
                                               
 
 
 
        Proportion of fish spawning
        ---------------------------
------+------------------------------------------------------------------------------------------------------------------------
AGE   |    1972    1973    1974    1975    1976    1977    1978    1979    1980    1981    1982    1983    1984    1985    1986
------+------------------------------------------------------------------------------------------------------------------------
  0   |  0.0000  0.0000  0.0000  0.0000  0.0000  0.0000  0.0000  0.0000  0.0000  0.0000  0.0000  0.0000  0.0000  0.0000  0.0000
  1   |  0.0500  0.0500  0.0500  0.0600  0.0600  0.0600  0.0600  0.0600  0.0600  0.0700  0.0700  0.0700  0.0700  0.0700  0.0700
  2   |  0.5300  0.5400  0.5400  0.5500  0.5500  0.5500  0.5600  0.5600  0.5700  0.5700  0.5700  0.5800  0.5800  0.5800  0.5800
  3   |  0.9000  0.9000  0.9000  0.8900  0.8900  0.8900  0.8900  0.8900  0.8900  0.8800  0.8800  0.8800  0.8800  0.8800  0.8800
  4   |  0.9800  0.9800  0.9800  0.9800  0.9800  0.9800  0.9800  0.9800  0.9800  0.9800  0.9800  0.9800  0.9700  0.9700  0.9700
  5   |  0.9800  0.9800  0.9800  0.9800  0.9800  0.9800  0.9800  0.9800  0.9800  0.9800  0.9800  0.9800  0.9700  0.9700  0.9700
  6   |  0.9900  0.9900  0.9900  0.9900  0.9900  0.9900  0.9900  0.9900  0.9900  0.9900  0.9900  0.9900  0.9900  0.9900  0.9900
  7   |  1.0000  1.0000  1.0000  1.0000  1.0000  1.0000  1.0000  1.0000  1.0000  1.0000  1.0000  1.0000  1.0000  1.0000  1.0000
  8   |  1.0000  1.0000  1.0000  1.0000  1.0000  1.0000  1.0000  1.0000  1.0000  1.0000  1.0000  1.0000  1.0000  1.0000  1.0000
  9   |  1.0000  1.0000  1.0000  1.0000  1.0000  1.0000  1.0000  1.0000  1.0000  1.0000  1.0000  1.0000  1.0000  1.0000  1.0000
------+------------------------------------------------------------------------------------------------------------------------
                                               
 
 
        Proportion of fish spawning
        ---------------------------
------+------------------------------------------------------------------------------------------------------------------------
AGE   |    1987    1988    1989    1990    1991    1992    1993    1994    1995    1996    1997    1998    1999    2000    2001
------+------------------------------------------------------------------------------------------------------------------------
  0   |  0.0000  0.0000  0.0000  0.0000  0.0000  0.0000  0.0000  0.0000  0.0000  0.0000  0.0000  0.0000  0.0000  0.0000  0.0000
  1   |  0.0700  0.0700  0.0700  0.0700  0.0700  0.0700  0.0700  0.0700  0.0700  0.0700  0.0700  0.0700  0.0700  0.0700  0.0700
  2   |  0.5800  0.5800  0.5800  0.5800  0.5800  0.5800  0.5800  0.5800  0.5800  0.5800  0.5800  0.5800  0.5800  0.5800  0.5900
  3   |  0.8800  0.8800  0.8800  0.8800  0.8800  0.8800  0.8800  0.8800  0.8800  0.8800  0.8800  0.8600  0.8600  0.8600  0.8800
  4   |  0.9700  0.9700  0.9700  0.9700  0.9700  0.9700  0.9700  0.9700  0.9700  0.9700  0.9700  0.9800  0.9800  0.9800  0.9700
  5   |  0.9700  0.9700  0.9700  0.9700  0.9700  0.9700  0.9700  0.9700  0.9700  0.9700  0.9700  0.9800  0.9800  0.9800  0.9700
  6   |  0.9900  0.9900  0.9900  0.9900  0.9900  0.9900  0.9900  0.9900  0.9900  0.9900  0.9900  0.9900  0.9900  0.9900  0.9900
  7   |  1.0000  1.0000  1.0000  1.0000  1.0000  1.0000  1.0000  1.0000  1.0000  1.0000  1.0000  1.0000  1.0000  1.0000  1.0000
  8   |  1.0000  1.0000  1.0000  1.0000  1.0000  1.0000  1.0000  1.0000  1.0000  1.0000  1.0000  1.0000  1.0000  1.0000  1.0000
  9   |  1.0000  1.0000  1.0000  1.0000  1.0000  1.0000  1.0000  1.0000  1.0000  1.0000  1.0000  1.0000  1.0000  1.0000  1.0000
------+------------------------------------------------------------------------------------------------------------------------
                                               
 
 
        Proportion of fish spawning
        ---------------------------
------+--------
AGE   |    2002
------+--------
  0   |  0.0000
  1   |  0.0700
  2   |  0.5900
  3   |  0.8800
  4   |  0.9700
  5   |  0.9700
  6   |  0.9900
  7   |  1.0000
  8   |  1.0000
  9   |  1.0000
------+--------
                                               
 
 
 
 INDICES OF SPAWNING BIOMASS                                                    
  
 ----------------------------
 
          INDEX
        -------
------+------------------------------------------------------------------------------------------------------------------------
      |    1972    1973    1974    1975    1976    1977    1978    1979    1980    1981    1982    1983    1984    1985    1986
------+------------------------------------------------------------------------------------------------------------------------
  1   | ******* ******* ******* ******* ******* ******* ******* ******* ******* ******* ******* ******* ******* ******* *******
------+------------------------------------------------------------------------------------------------------------------------
       x 10 ^ 3                                
 
 
          INDEX
        -------
------+------------------------------------------------------------------------------------------------------------------------
      |    1987    1988    1989    1990    1991    1992    1993    1994    1995    1996    1997    1998    1999    2000    2001
------+------------------------------------------------------------------------------------------------------------------------
  1   | *******  264.29  277.35  264.38  277.00  275.21  285.55  278.66  300.84  295.45  275.46  242.53  241.76  231.25  257.09
------+------------------------------------------------------------------------------------------------------------------------
       x 10 ^ 3                                
 
 
          INDEX
        -------
------+--------
      |    2002
------+--------
  1   |  250.45
------+--------
       x 10 ^ 3                                
 
 
 
 AGE-STRUCTURED INDICES                                                         
  
 -----------------------
 
        FLT01: Dummy survey
        -------------------
------+--------------------------------
AGE   |    1981    1982    1983    1984
------+--------------------------------
  1   |  266.10  203.00   43.60   15.24
  2   |  506.40  435.90  712.70   79.51
  3   |  225.10  483.60  444.60  661.83
  4   |   31.70  184.10  391.60  374.60
  5   |  174.80   24.70  130.40  238.20
  6   |  158.50  136.60   20.20   92.00
  7   |   99.50  108.60   91.30   15.54
  8   |  116.60   84.50   70.90   51.47
  9   |   35.30   87.00   47.10   39.27
------+--------------------------------
       x 10 ^ 3                                
 
 
 
        Fishing Mortality (per year)
        ----------------------------
------+------------------------------------------------------------------------------------------------------------------------
AGE   |    1972    1973    1974    1975    1976    1977    1978    1979    1980    1981    1982    1983    1984    1985    1986
------+------------------------------------------------------------------------------------------------------------------------
  0   | 0.00788 0.00811 0.00930 0.00838 0.00793 0.00803 0.00713 0.00864 0.00831 0.00917 0.01002 0.00604 0.00968 0.00829 0.00693
  1   | 0.02981 0.03068 0.03520 0.03170 0.03002 0.03038 0.02699 0.03269 0.03144 0.03471 0.03791 0.02286 0.03662 0.03137 0.02625
  2   | 0.06598 0.06790 0.07792 0.07016 0.06644 0.06723 0.05973 0.07236 0.06960 0.07682 0.08391 0.05059 0.08105 0.06943 0.05809
  3   | 0.13017 0.13395 0.15373 0.13843 0.13107 0.13264 0.11785 0.14275 0.13730 0.15157 0.16555 0.09981 0.15991 0.13699 0.11461
  4   | 0.19899 0.20478 0.23502 0.21162 0.20038 0.20278 0.18016 0.21823 0.20991 0.23171 0.25310 0.15259 0.24446 0.20942 0.17521
  5   | 0.22634 0.23292 0.26731 0.24070 0.22792 0.23064 0.20491 0.24822 0.23875 0.26355 0.28787 0.17356 0.27805 0.23819 0.19928
  6   | 0.25596 0.26341 0.30230 0.27221 0.25775 0.26083 0.23174 0.28071 0.27000 0.29805 0.32555 0.19628 0.31445 0.26937 0.22537
  7   | 0.29324 0.30177 0.34633 0.31185 0.29529 0.29882 0.26549 0.32159 0.30932 0.34145 0.37296 0.22486 0.36024 0.30860 0.25819
  8   | 0.27160 0.27951 0.32077 0.28884 0.27350 0.27677 0.24590 0.29786 0.28650 0.31626 0.34544 0.20827 0.33366 0.28583 0.23914
  9   | 0.27160 0.27951 0.32077 0.28884 0.27350 0.27677 0.24590 0.29786 0.28650 0.31626 0.34544 0.20827 0.33366 0.28583 0.23914
------+------------------------------------------------------------------------------------------------------------------------
                                               
 
 
        Fishing Mortality (per year)
        ----------------------------
------+------------------------------------------------------------------------------------------------------------------------
AGE   |    1987    1988    1989    1990    1991    1992    1993    1994    1995    1996    1997    1998    1999    2000    2001
------+------------------------------------------------------------------------------------------------------------------------
  0   | 0.00674 0.00931 0.00531 0.00835 0.00845 0.00582 0.00685 0.01037 0.00654 0.00691 0.00872 0.00685 0.00925 0.00672 0.00994
  1   | 0.02552 0.03524 0.02010 0.03159 0.03197 0.02203 0.02591 0.03926 0.02476 0.02615 0.03300 0.02591 0.03499 0.02542 0.03764
  2   | 0.05648 0.07800 0.04448 0.06993 0.07076 0.04877 0.05734 0.08690 0.05480 0.05788 0.07304 0.05734 0.07746 0.05626 0.08330
  3   | 0.11144 0.15388 0.08776 0.13796 0.13961 0.09621 0.11313 0.17144 0.10811 0.11420 0.14409 0.11312 0.15281 0.11100 0.16435
  4   | 0.17036 0.23524 0.13417 0.21091 0.21343 0.14708 0.17295 0.26209 0.16528 0.17459 0.22029 0.17294 0.23361 0.16970 0.25125
  5   | 0.19377 0.26757 0.15261 0.23989 0.24276 0.16729 0.19671 0.29810 0.18799 0.19857 0.25056 0.19670 0.26571 0.19301 0.28577
  6   | 0.21914 0.30259 0.17258 0.27129 0.27453 0.18919 0.22246 0.33712 0.21260 0.22457 0.28335 0.22245 0.30049 0.21828 0.32318
  7   | 0.25105 0.34666 0.19772 0.31080 0.31452 0.21674 0.25486 0.38622 0.24356 0.25727 0.32462 0.25484 0.34426 0.25007 0.37024
  8   | 0.23253 0.32108 0.18313 0.28786 0.29131 0.20075 0.23605 0.35772 0.22559 0.23829 0.30067 0.23604 0.31886 0.23161 0.34292
  9   | 0.23253 0.32108 0.18313 0.28786 0.29131 0.20075 0.23605 0.35772 0.22559 0.23829 0.30067 0.23604 0.31886 0.23161 0.34292
------+------------------------------------------------------------------------------------------------------------------------
                                               
 
 
        Fishing Mortality (per year)
        ----------------------------
------+--------
AGE   |    2002
------+--------
  0   | 0.00576
  1   | 0.02180
  2   | 0.04825
  3   | 0.09520
  4   | 0.14554
  5   | 0.16554
  6   | 0.18721
  7   | 0.21447
  8   | 0.19865
  9   | 0.19865
------+--------
                                               
 
 
 
        Population Abundance (1 January)
        --------------------------------
------+------------------------------------------------------------------------------------------------------------------------
AGE   |    1972    1973    1974    1975    1976    1977    1978    1979    1980    1981    1982    1983    1984    1985    1986
------+------------------------------------------------------------------------------------------------------------------------
  0   |  438.51  542.45  577.12  528.90  224.34  498.74  577.12  438.51  558.82  202.57  482.83  481.40  518.38  374.98  509.31
  1   |  434.08  374.47  463.12  492.13  451.43  191.57  425.84  493.20  374.18  477.00  172.76  411.44  411.85  441.87  320.09
  2   |  293.22  362.64  312.57  384.82  410.36  377.06  159.95  356.76  410.85  312.09  396.56  143.16  346.12  341.74  368.58
  3   |  295.05  236.27  291.64  248.86  308.78  330.50  303.44  129.69  285.63  329.85  248.76  313.85  117.14  274.72  274.40
  4   |  149.14  222.96  177.86  215.25  186.51  233.12  249.13  232.14   96.77  214.31  243.97  181.44  244.47   85.93  206.18
  5   |  153.38  105.20  156.36  121.02  149.93  131.38  163.82  179.08  160.63   67.52  146.30  163.04  134.07  164.78   59.98
  6   |  118.66  105.27   71.73  103.02   81.88  102.74   89.79  114.88  120.25  108.89   44.65   94.43  117.97   87.38  111.77
  7   |   21.89   79.07   69.63   45.63   67.54   54.46   68.13   61.30   74.67   79.01   69.57   27.75   66.79   74.14   57.45
  8   |   16.36   14.05   50.33   42.39   28.76   43.27   34.77   44.97   38.25   47.17   48.33   41.24   19.08   40.10   46.87
  9   |   51.89   42.52   32.93   49.91   54.09   52.40   60.86   58.54   61.12   60.80   62.81   64.03   68.61   49.99   53.24
------+------------------------------------------------------------------------------------------------------------------------
       x 10 ^ 6                                
 
 
        Population Abundance (1 January)
        --------------------------------
------+------------------------------------------------------------------------------------------------------------------------
AGE   |    1987    1988    1989    1990    1991    1992    1993    1994    1995    1996    1997    1998    1999    2000    2001
------+------------------------------------------------------------------------------------------------------------------------
  0   |  498.74  392.36  482.83  224.34  577.12  498.74  558.82  374.98  350.87  202.57  518.38  350.87  528.90  420.79  333.68
  1   |  435.34  426.38  334.58  413.38  191.49  492.55  426.78  477.70  319.42  300.03  173.15  442.30  299.94  451.04  359.75
  2   |  268.36  365.26  354.28  282.24  344.73  159.63  414.71  357.93  395.33  268.20  251.57  144.19  370.95  249.28  378.47
  3   |  299.34  218.30  290.79  291.67  226.52  276.44  130.85  337.05  282.44  322.12  217.86  201.28  117.19  295.49  202.82
  4   |  210.61  230.47  161.09  229.26  218.69  169.56  216.11  100.58  244.40  218.18  247.33  162.35  154.71   86.58  227.61
  5   |  148.94  152.88  156.79  121.24  159.80  152.05  125.98  156.47   66.61  178.31  157.71  170.79  117.55  105.42   62.89
  6   |   42.30  105.61  100.69  115.85   82.10  107.90  110.71   89.07   99.96   47.51  125.83  105.66  120.75   77.57   74.81
  7   |   76.79   29.24   67.17   72.93   76.02   53.70   76.86   76.28   54.72   69.56   32.67   81.58   72.80   76.96   53.67
  8   |   38.20   51.42   17.80   47.44   46.00   47.77   37.21   51.27   44.62   36.92   46.29   20.32   54.42   44.41   51.58
  9   |   62.27   63.22   69.38   57.11   61.22   64.13   72.07   71.75   68.37   71.76   67.30   67.86   53.71   62.03   68.04
------+------------------------------------------------------------------------------------------------------------------------
       x 10 ^ 6                                
 
 
        Population Abundance (1 January)
        --------------------------------
------+----------------
AGE   |    2002    2003
------+----------------
  0   |  481.40  324.76
  1   |  284.36  411.96
  2   |  298.20  239.47
  3   |  299.72  244.57
  4   |  148.11  234.54
  5   |  152.38  110.21
  6   |   40.67  111.14
  7   |   46.61   29.03
  8   |   31.90   32.37
  9   |   67.84   70.38
------+----------------
       x 10 ^ 6                                
 
 
 
        Weighting factors for the catches in number
        -------------------------------------------
------+----------------------------------------------------------------------------------------
AGE   |    1992    1993    1994    1995    1996    1997    1998    1999    2000    2001    2002
------+----------------------------------------------------------------------------------------
  0   |  0.0200  0.0200  0.0200  0.0200  0.0200  0.0200  0.0200  0.0200  0.0200  0.0200  0.0200
  1   |  1.0000  1.0000  1.0000  1.0000  1.0000  1.0000  1.0000  1.0000  1.0000  1.0000  1.0000
  2   |  1.0000  1.0000  1.0000  1.0000  1.0000  1.0000  1.0000  1.0000  1.0000  1.0000  1.0000
  3   |  1.0000  1.0000  1.0000  1.0000  1.0000  1.0000  1.0000  1.0000  1.0000  1.0000  1.0000
  4   |  1.0000  1.0000  1.0000  1.0000  1.0000  1.0000  1.0000  1.0000  1.0000  1.0000  1.0000
  5   |  1.0000  1.0000  1.0000  1.0000  1.0000  1.0000  1.0000  1.0000  1.0000  1.0000  1.0000
  6   |  1.0000  1.0000  1.0000  1.0000  1.0000  1.0000  1.0000  1.0000  1.0000  1.0000  1.0000
  7   |  1.0000  1.0000  1.0000  1.0000  1.0000  1.0000  1.0000  1.0000  1.0000  1.0000  1.0000
  8   |  1.0000  1.0000  1.0000  1.0000  1.0000  1.0000  1.0000  1.0000  1.0000  1.0000  1.0000
------+----------------------------------------------------------------------------------------
                                               
 
 
 
 Predicted SSB Index Values                                                     
  
 ---------------------------
 
          INDEX
        -------
------+------------------------------------------------------------------------------------------------------------------------
      |    1972    1973    1974    1975    1976    1977    1978    1979    1980    1981    1982    1983    1984    1985    1986
------+------------------------------------------------------------------------------------------------------------------------
  1   | ******* ******* ******* ******* ******* ******* ******* ******* ******* ******* ******* ******* ******* ******* *******
------+------------------------------------------------------------------------------------------------------------------------
       x 10 ^ 3                                
 
 
          INDEX
        -------
------+------------------------------------------------------------------------------------------------------------------------
      |    1987    1988    1989    1990    1991    1992    1993    1994    1995    1996    1997    1998    1999    2000    2001
------+------------------------------------------------------------------------------------------------------------------------
  1   | *******  264.29  277.35  264.38  277.00  275.21  285.55  278.66  300.84  295.45  275.46  242.53  241.76  231.25  257.09
------+------------------------------------------------------------------------------------------------------------------------
       x 10 ^ 3                                
 
 
          INDEX
        -------
------+--------
      |    2002
------+--------
  1   |  250.45
------+--------
       x 10 ^ 3                                
 
 
 
 Predicted Age-Structured Index Values                                          
  
 --------------------------------------
 
        FLT01: Dummy survey Predicted
        -----------------------------
------+--------------------------------
AGE   |    1981    1982    1983    1984
------+--------------------------------
  1   |  107.31   38.80   93.16   92.55
  2   |  372.20  471.10  173.22  411.83
  3   |  593.02  443.80  580.54  209.64
  4   |  166.01  186.79  146.80  188.06
  5   |   59.52  127.26  151.01  117.24
  6   |  100.29   40.51   91.98  107.68
  7   |   86.71   75.04   32.48   72.55
  8   |   98.98   99.80   91.82   39.65
  9   |   45.99   46.76   51.39   51.40
------+--------------------------------
       x 10 ^ 3                                
 
 
 
        Fitted Selection Pattern
        ------------------------
------+------------------------------------------------------------------------------------------------------------------------
AGE   |    1972    1973    1974    1975    1976    1977    1978    1979    1980    1981    1982    1983    1984    1985    1986
------+------------------------------------------------------------------------------------------------------------------------
  0   |  0.0348  0.0348  0.0348  0.0348  0.0348  0.0348  0.0348  0.0348  0.0348  0.0348  0.0348  0.0348  0.0348  0.0348  0.0348
  1   |  0.1317  0.1317  0.1317  0.1317  0.1317  0.1317  0.1317  0.1317  0.1317  0.1317  0.1317  0.1317  0.1317  0.1317  0.1317
  2   |  0.2915  0.2915  0.2915  0.2915  0.2915  0.2915  0.2915  0.2915  0.2915  0.2915  0.2915  0.2915  0.2915  0.2915  0.2915
  3   |  0.5751  0.5751  0.5751  0.5751  0.5751  0.5751  0.5751  0.5751  0.5751  0.5751  0.5751  0.5751  0.5751  0.5751  0.5751
  4   |  0.8792  0.8792  0.8792  0.8792  0.8792  0.8792  0.8792  0.8792  0.8792  0.8792  0.8792  0.8792  0.8792  0.8792  0.8792
  5   |  1.0000  1.0000  1.0000  1.0000  1.0000  1.0000  1.0000  1.0000  1.0000  1.0000  1.0000  1.0000  1.0000  1.0000  1.0000
  6   |  1.1309  1.1309  1.1309  1.1309  1.1309  1.1309  1.1309  1.1309  1.1309  1.1309  1.1309  1.1309  1.1309  1.1309  1.1309
  7   |  1.2956  1.2956  1.2956  1.2956  1.2956  1.2956  1.2956  1.2956  1.2956  1.2956  1.2956  1.2956  1.2956  1.2956  1.2956
  8   |  1.2000  1.2000  1.2000  1.2000  1.2000  1.2000  1.2000  1.2000  1.2000  1.2000  1.2000  1.2000  1.2000  1.2000  1.2000
  9   |  1.2000  1.2000  1.2000  1.2000  1.2000  1.2000  1.2000  1.2000  1.2000  1.2000  1.2000  1.2000  1.2000  1.2000  1.2000
------+------------------------------------------------------------------------------------------------------------------------
                                               
 
 
        Fitted Selection Pattern
        ------------------------
------+------------------------------------------------------------------------------------------------------------------------
AGE   |    1987    1988    1989    1990    1991    1992    1993    1994    1995    1996    1997    1998    1999    2000    2001
------+------------------------------------------------------------------------------------------------------------------------
  0   |  0.0348  0.0348  0.0348  0.0348  0.0348  0.0348  0.0348  0.0348  0.0348  0.0348  0.0348  0.0348  0.0348  0.0348  0.0348
  1   |  0.1317  0.1317  0.1317  0.1317  0.1317  0.1317  0.1317  0.1317  0.1317  0.1317  0.1317  0.1317  0.1317  0.1317  0.1317
  2   |  0.2915  0.2915  0.2915  0.2915  0.2915  0.2915  0.2915  0.2915  0.2915  0.2915  0.2915  0.2915  0.2915  0.2915  0.2915
  3   |  0.5751  0.5751  0.5751  0.5751  0.5751  0.5751  0.5751  0.5751  0.5751  0.5751  0.5751  0.5751  0.5751  0.5751  0.5751
  4   |  0.8792  0.8792  0.8792  0.8792  0.8792  0.8792  0.8792  0.8792  0.8792  0.8792  0.8792  0.8792  0.8792  0.8792  0.8792
  5   |  1.0000  1.0000  1.0000  1.0000  1.0000  1.0000  1.0000  1.0000  1.0000  1.0000  1.0000  1.0000  1.0000  1.0000  1.0000
  6   |  1.1309  1.1309  1.1309  1.1309  1.1309  1.1309  1.1309  1.1309  1.1309  1.1309  1.1309  1.1309  1.1309  1.1309  1.1309
  7   |  1.2956  1.2956  1.2956  1.2956  1.2956  1.2956  1.2956  1.2956  1.2956  1.2956  1.2956  1.2956  1.2956  1.2956  1.2956
  8   |  1.2000  1.2000  1.2000  1.2000  1.2000  1.2000  1.2000  1.2000  1.2000  1.2000  1.2000  1.2000  1.2000  1.2000  1.2000
  9   |  1.2000  1.2000  1.2000  1.2000  1.2000  1.2000  1.2000  1.2000  1.2000  1.2000  1.2000  1.2000  1.2000  1.2000  1.2000
------+------------------------------------------------------------------------------------------------------------------------
                                               
 
 
        Fitted Selection Pattern
        ------------------------
------+--------
AGE   |    2002
------+--------
  0   |  0.0348
  1   |  0.1317
  2   |  0.2915
  3   |  0.5751
  4   |  0.8792
  5   |  1.0000
  6   |  1.1309
  7   |  1.2956
  8   |  1.2000
  9   |  1.2000
------+--------
                                               
 
 
 
 
 
                    STOCK SUMMARY                                             
 
 
 ³ Year ³  Recruits  ³  Total  ³ Spawning³ Landings ³ Yield ³ Mean F ³ SoP ³    
 ³      ³   Age   0  ³ Biomass ³ Biomass ³          ³ /SSB  ³  Ages  ³     ³ 
 ³      ³  thousands ³  tonnes ³ tonnes  ³ tonnes   ³ ratio ³  4- 7  ³ (%) ³ 
 
   1972       438500    390973    260134     65228   0.2507   0.2436   100
   1973       542440    393013    263594     65096   0.2470   0.2507   100
   1974       577110    395489    256735     72460   0.2822   0.2877    99
   1975       528890    399208    257155     62793   0.2442   0.2591    99
   1976       224340    404811    267439     60711   0.2270   0.2453   100
   1977       498730    383631    276054     64463   0.2335   0.2483   100
   1978       577110    391148    278735     56866   0.2040   0.2206   100
   1979       438500    398633    266885     66073   0.2476   0.2672   100
   1980       558820    389259    265293     69519   0.2620   0.2570   100
   1981       202560    396466    274235     76777   0.2800   0.2837    99
   1982       482830    347131    252558     80496   0.3187   0.3099   100
   1983       481390    341181    250177     46418   0.1855   0.1868   100
   1984       518370    364161    253242     73901   0.2918   0.2993   100
   1985       374980    368261    257494     69628   0.2704   0.2564   100
   1986       509300    358698    260712     59539   0.2284   0.2145    99
   1987       498730    356501    260156     61173   0.2351   0.2086   100
   1988       392350    371431    264288     85573   0.3238   0.2880    99
   1989       482830    372687    277354     48746   0.1758   0.1643   100
   1990       224340    362619    264381     79398   0.3003   0.2582   100
   1991       577110    367691    277003     78116   0.2820   0.2613    99
   1992       498730    372861    275211     55012   0.1999   0.1801    99
   1993       558820    398929    285549     62931   0.2204   0.2117   100
   1994       374980    403432    278661     97346   0.3493   0.3209    99
   1995       350870    405261    300836     60656   0.2016   0.2024   100
   1996       202560    387302    295452     63774   0.2159   0.2137   100
   1997       518370    362968    275457     75176   0.2729   0.2697    99
   1998       350870    327413    242531     56233   0.2319   0.2117   100
   1999       528900    342055    241760     72850   0.3013   0.2860   100
   2000       420780    324869    231253     51588   0.2231   0.2078    99
   2001       333670    363124    257089     77000   0.2995   0.3076   100
   2002       481390    336119    250448     45294   0.1809   0.1782   100
 
 -----------------------------------------------------------------            
 No of years for separable analysis : 11                                      
 Age range in the analysis : 0  . . . 9                                       
 Year range in the analysis : 1972  . . . 2002                                
 Number of indices of SSB : 1                                                 
 Number of age-structured indices : 1                                         
                                                                              
 Parameters to estimate : 46                                                  
 Number of observations : 150                                                 
                                                                              
 Conventional single selection vector model to be fitted.                     
                                                                              
                                                                              
                                                                              
 -----------------------------------------------------------------            
 
 
 PARAMETER ESTIMATES                                                            
  
 
 ³Parm.³      ³ Maximum ³    ³        ³         ³         ³         ³ Mean of ³ 
  
 ³ No. ³      ³ Likelh. ³ CV ³  Lower ³ Upper   ³  -s.e.  ³   +s.e. ³ Param.  ³ 
  
 ³     ³      ³ Estimate³ (%)³ 95% CL ³ 95% CL  ³         ³         ³ Distrib.³ 
  
 Separable model : F by year                                                    
  
    1   1992     0.1673   0    0.1644    0.1702    0.1658    0.1688    0.1673
    2   1993     0.1967   0    0.1934    0.2001    0.1950    0.1984    0.1967
    3   1994     0.2981   0    0.2932    0.3031    0.2956    0.3006    0.2981
    4   1995     0.1880   0    0.1849    0.1912    0.1864    0.1896    0.1880
    5   1996     0.1986   0    0.1953    0.2019    0.1969    0.2002    0.1986
    6   1997     0.2506   0    0.2465    0.2547    0.2485    0.2526    0.2506
    7   1998     0.1967   0    0.1936    0.1999    0.1951    0.1983    0.1967
    8   1999     0.2657   0    0.2615    0.2700    0.2636    0.2679    0.2657
    9   2000     0.1930   0    0.1900    0.1961    0.1915    0.1946    0.1930
   10   2001     0.2858   0    0.2811    0.2905    0.2834    0.2882    0.2858
   11   2002     0.1655   0    0.1626    0.1686    0.1640    0.1671    0.1655
 
 Separable Model: Selection (S) by age                                          
  
   12      0     0.0348   4    0.0321    0.0377    0.0334    0.0363    0.0348
   13      1     0.1317   0    0.1295    0.1340    0.1306    0.1328    0.1317
   14      2     0.2915   0    0.2869    0.2962    0.2891    0.2939    0.2915
   15      3     0.5751   0    0.5665    0.5839    0.5707    0.5796    0.5751
   16      4     0.8792   0    0.8667    0.8919    0.8728    0.8857    0.8792
           5     1.0000     Fixed : Reference Age             
   17      6     1.1309   0    1.1158    1.1462    1.1232    1.1387    1.1309
   18      7     1.2956   0    1.2785    1.3130    1.2868    1.3044    1.2956
           8     1.2000     Fixed : Last true age             
 
 Separable model: Populations in year 2002                                    
   19      0     481398  13     368526    628841    420051    551705    485892
   20      1     284356   2     272540    296685    278265    290581    284423
   21      2     298201   1     289662    306991    293814    302654    298234
   22      3     299714   1     293180    306393    296362    303103    299733
   23      4     148111   1     145197    151083    146617    149620    148119
   24      5     152378   0     149850    154949    151083    153684    152383
   25      6      40671   0      39962     41392     40308     41037     40672
   26      7      46606   0      45837     47388     46212     47004     46608
   27      8      31898   0      31360     32446     31622     32177     31900
 
Separable model: Populations at age
   28   1992      47772   1      45980     49634     46849     48713     47781
   29   1993      37211   1      36169     38284     36676     37755     37215
   30   1994      51269   1      50087     52479     50663     51883     51273
   31   1995      44622   1      43661     45603     44129     45120     44624
   32   1996      36918   1      36196     37655     36548     37292     36920
   33   1997      46286   0      45481     47105     45874     46702     46288
   34   1998      20320   0      19960     20687     20136     20506     20321
   35   1999      54419   0      53594     55256     53996     54844     54420
   36   2000      44410   0      43707     45124     44050     44773     44411
   37   2001      51581   0      50795     52379     51179     51986     51583
 
 SSB Index catchabilities                                                       
  
   INDEX                                 
 Absolute estimator. No fitted catchability.                                    
  
 
 
 
 Age-structured index catchabilities                                            
  
                                        FLT01: Dummy survey                     
 
 Linear model fitted. Slopes at age :                                           
  
   38   1  Q  .2490      27 .1913     .5617     .2490     .4315     .3404    
   39   2  Q  1.351      27 1.038     3.048     1.351     2.341     1.847    
   40   3  Q  2.122      27 1.630     4.787     2.122     3.677     2.901    
   41   4  Q  .9556      27 .7340     2.156     .9556     1.656     1.306    
   42   5  Q  1.107      27 .8500     2.496     1.107     1.917     1.513    
   43   6  Q  1.178      27 .9051     2.658     1.178     2.042     1.611    
   44   7  Q  1.438      27 1.105     3.244     1.438     2.492     1.966    
   45   8  Q  2.711      27 2.083     6.117     2.711     4.698     3.707    
   46   9  Q  .9775      27 .7508     2.205     .9775     1.694     1.336    
 
 
 
 RESIDUALS ABOUT THE MODEL FIT                                                  
  
 ------------------------------
 
        Separable Model Residuals
        -------------------------
------+----------------------------------------------------------------------------------------
Age   |    1992    1993    1994    1995    1996    1997    1998    1999    2000    2001    2002
------+----------------------------------------------------------------------------------------
  0   | ******* ******* ******* ******* ******* ******* ******* ******* ******* ******* *******
  1   | ******* ******* ******* ******* ******* ******* ******* ******* ******* ******* *******
  2   | ******* ******* ******* ******* ******* ******* ******* ******* ******* ******* *******
  3   | ******* ******* ******* ******* ******* ******* ******* ******* ******* ******* *******
  4   | ******* ******* ******* ******* ******* ******* ******* ******* ******* ******* *******
  5   | ******* ******* ******* ******* ******* ******* ******* ******* ******* ******* *******
  6   | ******* ******* ******* ******* ******* ******* ******* ******* ******* ******* *******
  7   | ******* ******* ******* ******* ******* ******* ******* ******* ******* ******* *******
  8   | ******* ******* ******* ******* ******* ******* ******* ******* ******* ******* *******
------+----------------------------------------------------------------------------------------
                                               
 
 
 
 SPAWNING BIOMASS INDEX RESIDUALS                                               
  
 ---------------------------------
 
          INDEX
        -------
------+------------------------------------------------------------------------------------------------------------------------
      |    1972    1973    1974    1975    1976    1977    1978    1979    1980    1981    1982    1983    1984    1985    1986
------+------------------------------------------------------------------------------------------------------------------------
  1   | ******* ******* ******* ******* ******* ******* ******* ******* ******* ******* ******* ******* ******* ******* *******
------+------------------------------------------------------------------------------------------------------------------------
                                               
 
 
          INDEX
        -------
------+------------------------------------------------------------------------------------------------------------------------
      |    1987    1988    1989    1990    1991    1992    1993    1994    1995    1996    1997    1998    1999    2000    2001
------+------------------------------------------------------------------------------------------------------------------------
  1   | ******* ******* ******* ******* ******* ******* ******* ******* ******* ******* ******* ******* ******* ******* *******
------+------------------------------------------------------------------------------------------------------------------------
                                               
 
 
          INDEX
        -------
------+--------
      |    2002
------+--------
  1   | *******
------+--------
                                               
 
 
 
 AGE-STRUCTURED INDEX RESIDUALS                                                 
  
 -------------------------------
 
        FLT01: Dummy survey
        -------------------
------+--------------------------------
Age   |    1981    1982    1983    1984
------+--------------------------------
  1   |   0.908   1.655  -0.759  -1.804
  2   |   0.308  -0.078   1.415  -1.645
  3   |  -0.969   0.086  -0.267   1.150
  4   |  -1.656  -0.014   0.981   0.689
  5   |   1.077  -1.639  -0.147   0.709
  6   |   0.458   1.216  -1.516  -0.157
  7   |   0.138   0.370   1.034  -1.541
  8   |   0.164  -0.166  -0.259   0.261
  9   |  -0.265   0.621  -0.087  -0.269
------+--------------------------------
                                               
 
 
 
 
 
 
 PARAMETERS OF THE DISTRIBUTION OF ln(CATCHES AT AGE)                           
  
 -----------------------------------------------------
 
 Separable model fitted from 1992  to 2002                                    
 Variance                             0.0000
Skewness test stat.                   4.4127
Kurtosis test statistic               1.8493
Partial chi-square                    0.0000
Significance in fit                   0.0000
Degrees of freedom                        62
 
 
 PARAMETERS OF DISTRIBUTIONS OF THE SSB INDICES                                 
  
 -----------------------------------------------
 
 
   DISTRIBUTION STATISTICS FOR   INDEX                                          
 
 
 Index used as absolute measure of abundance                                    
  
 Last age is a plus-group                                                       
  
 
 Variance                             0.0000
Skewness test stat.                   0.1429
Kurtosis test statistic              -0.9524
Partial chi-square                    0.0000
Significance in fit                   0.0000
Number of observations                    15
Degrees of freedom                        15
Weight in the analysis                5.0000
 
 PARAMETERS OF THE DISTRIBUTION OF THE AGE-STRUCTURED INDICES                   
  
 ------------------------------------------------------------ 
 
 
   DISTRIBUTION STATISTICS FOR FLT01: Dummy survey                              
 
 
 Linear catchability relationship assumed                                       
  
 
 Age                          1         2         3         4         5         6         7         8         9
 Variance                0.0027    0.0018    0.0009    0.0015    0.0016    0.0015    0.0013    0.0001    0.0002
Skewness test stat.     -0.0833   -0.2464    0.2703   -0.6245   -0.5007   -0.3245   -0.5983    0.0060    0.8363
Kurtosis test statisti  -0.6542   -0.4240   -0.4387   -0.4143   -0.4710   -0.4622   -0.3674   -0.7429   -0.3204
Partial chi-square       0.0007    0.0004    0.0002    0.0004    0.0004    0.0004    0.0004    0.0000    0.0001
Significance in fit      0.0000    0.0000    0.0000    0.0000    0.0000    0.0000    0.0000    0.0000    0.0000
Number of observations        4         4         4         4         4         4         4         4         4
Degrees of freedom            3         3         3         3         3         3         3         3         3
Weight in the analysis   0.0011    0.0011    0.0011    0.0011    0.0011    0.0011    0.0011    0.0011    0.0011
 
 ANALYSIS OF VARIANCE                   
--------------------------
 
 Unweighted Statistics                                                          
  
 
                                                                                
  
Variance                              
                                       SSQ     Data    Parameters d.f. Variance
Total for model                        31.4234     150         46  104   0.3021
Catches at age                          0.0000      99         37   62   0.0000
  
SSB Indices                           
  INDEX                                 0.0000      15          0   15   0.0000
  
 Aged Indices                                                                   
  
FLT01: Dummy survey                    31.4234      36          9   27   1.1638
 
 
 Weighted Statistics                                                            
  
 
                                                                                
  
Variance                              
                                       SSQ     Data    Parameters d.f. Variance
Total for model                         0.0000     150         46  104   0.0000
Catches at age                          0.0000      99         37   62   0.0000
  
SSB Indices                           
  INDEX                                 0.0000      15          0   15   0.0000
  
 Aged Indices                                                                   
  
FLT01: Dummy survey                     0.0000      36          9   27   0.0000
 
