 Output Generated by ICA Version 1.4                                            
  
 ------------------------------------
 
        Mackerel NE Atlantic  WG2003
        ----------------------------
 
        Catch in Number
        ---------------
------+------------------------------------------------------------------------------------------------------------------------
AGE   |    1972    1973    1974    1975    1976    1977    1978    1979    1980    1981    1982    1983    1984    1985    1986
------+------------------------------------------------------------------------------------------------------------------------
  0   |   2606.   3211.   3284.   3970.   1338.   6163.   2555.   2411.   2066.   5125.   1929.   6659.   6569.   4193.   4064.
  1   |   8323.   7257.  10856.  14747.   7878.   5819.  17932.   7117.   6339.   8487.  13596.   9688.  21123.  18028.  16508.
  2   |   9618.  13193.  13976.  27569.  16620.  19465.   9607.  28439.  10702.  14862.  12857.  38765.  17363.  32852.  40132.
  3   |  11048.  12974.  21644.  29859.  26345.  34838.  27193.  12968.  36668.  21444.  19264.  31045.  58364.  22802.  61496.
  4   |  41500.  10841.  15530.  33277.  20592.  40161.  35153.  26715.  12286.  53926.  20365.  33793.  33461.  55172.  30666.
  5   |  27787.  28868.   9239.  16888.  16099.  22355.  28580.  24487.  18069.  12943.  36486.  25463.  25543.  22233.  52326.
  6   |   8614.  18704.  23837.   9679.   7877.  16912.  15346.  19267.  16096.  18493.   8500.  44127.  18496.  16347.  20298.
  7   |   7294.   5691.  15180.  24373.   4415.   8119.  11355.  10157.  12494.  16237.  11964.  10080.  31208.  11558.  14555.
  8   |  11849.   3852.   3704.  12479.   8824.   3660.   4354.   6007.   5271.  10140.   8403.  11434.   5693.  15550.   8254.
  9   |  15456.  15225.  12280.  12515.   8975.  14521.  10147.   7977.   7057.   9540.  10763.  19211.  17859.  11926.  19870.
------+------------------------------------------------------------------------------------------------------------------------
       x 10 ^ 3                                
 
 
        Catch in Number
        ---------------
------+------------------------------------------------------------------------------------------------------------------------
AGE   |    1987    1988    1989    1990    1991    1992    1993    1994    1995    1996    1997    1998    1999    2000    2001
------+------------------------------------------------------------------------------------------------------------------------
  0   |   3337.   3649.   4539.   1110.   1023.   2660.   4252.   1173.   3523.   1618.   1275.   6991.   3775.   1110.   2426.
  1   |   9704.  12308.  11173.  12426.   3279.   2895.  11772.   9976.   4926.  11507.   5407.   5003.  20639.   7696.   4204.
  2   |  22350.  20316.  21370.  17401.  20953.   5308.   7301.  15766.  23892.   9147.  21839.  11999.   8341.  23963.  16637.
  3   |  45924.  39613.  29820.  28293.  25069.  29102.  11413.   8360.  32219.  37668.  14715.  40746.  16791.   8250.  44304.
  4   |  50651.  58956.  41965.  28677.  29828.  25621.  45785.   9554.  12514.  36897.  43923.  19720.  40739.  12067.  11197.
  5   |  17720.  46089.  44052.  28567.  21540.  21804.  28835.  27230.  10233.  10165.  30475.  41501.  13792.  20662.  11725.
  6   |  29123.  15575.  33211.  28998.  20817.  15312.  23808.  16630.  28308.   8038.   8112.  27714.  27870.   6765.  19505.
  7   |  11030.  25066.  10972.  21442.  20802.  14608.  16454.  13513.  17023.  21806.   6284.   7193.  18103.  13412.   6295.
  8   |   6292.   7615.  14113.   5659.  12318.  11696.  12637.   7455.  11129.  10503.  13654.   4469.   3746.   6931.  10032.
  9   |  12234.  12886.  12090.  13267.  11221.  13794.  23052.  16240.  20342.  19074.  17973.  22571.  14066.   6512.   9862.
------+------------------------------------------------------------------------------------------------------------------------
       x 10 ^ 3                                
 
 
        Catch in Number
        ---------------
------+--------
AGE   |    2002
------+--------
  0   |   3282.
  1   |   7935.
  2   |   7836.
  3   |  26437.
  4   |  51415.
  5   |   9254.
  6   |   9393.
  7   |  15365.
  8   |   3976.
  9   |  12280.
------+--------
       x 10 ^ 3                                
 
 
 
        Predicted Catch in Number
        -------------------------
------+----------------------------------------------------------------------------------------
AGE   |    1992    1993    1994    1995    1996    1997    1998    1999    2000    2001    2002
------+----------------------------------------------------------------------------------------
  0   |   2659.   4252.   1173.   3523.   1618.   1275.   6992.   3775.   1110.   2426.   3282.
  1   |   2894.  11773.   9977.   4927.  11506.   5407.   5003.  20643.   7695.   4204.   7935.
  2   |   5307.   7302.  15768.  23893.   9148.  21838.  11999.   8341.  23967.  16633.   7836.
  3   |  29098.  11413.   8361.  32222.  37669.  14716.  40744.  16790.   8249.  44307.  26433.
  4   |  25618.  45788.   9555.  12516.  36901.  43925.  19721.  40737.  12066.  11195.  51427.
  5   |  21800.  28836.  27231.  10234.  10166.  30478.  41504.  13793.  20661.  11723.   9254.
  6   |  15310.  23807.  16630.  28309.   8038.   8112.  27717.  27870.   6765.  19502.   9393.
  7   |  14606.  16455.  13513.  17024.  21807.   6284.   7194.  18105.  13412.   6295.  15366.
  8   |  11705.  12636.   7455.  11128.  10502.  13653.   4469.   3746.   6930.  10030.   3976.
------+----------------------------------------------------------------------------------------
       x 10 ^ 3                                
 
 
 
        Weights at age in the catches (Kg)
        ----------------------------------
------+------------------------------------------------------------------------------------------------------------------------
AGE   |    1972    1973    1974    1975    1976    1977    1978    1979    1980    1981    1982    1983    1984    1985    1986
------+------------------------------------------------------------------------------------------------------------------------
  0   | 0.05200 0.05000 0.05100 0.05000 0.05900 0.05600 0.03600 0.01600 0.05700 0.06000 0.05300 0.05000 0.03100 0.05500 0.03900
  1   | 0.13500 0.14500 0.13600 0.14800 0.13700 0.13600 0.13500 0.13700 0.13100 0.13200 0.13100 0.16800 0.10200 0.14400 0.14600
  2   | 0.27700 0.19400 0.22900 0.17700 0.20700 0.16900 0.16100 0.16100 0.24900 0.24800 0.24900 0.21900 0.18400 0.26200 0.24500
  3   | 0.34100 0.28500 0.26100 0.25900 0.26300 0.27500 0.25000 0.24300 0.28500 0.28700 0.28500 0.27600 0.29500 0.35700 0.33500
  4   | 0.42300 0.36800 0.33400 0.32300 0.32000 0.33300 0.32500 0.31800 0.34500 0.34400 0.34500 0.31000 0.32600 0.41800 0.42300
  5   | 0.46800 0.44800 0.39200 0.34800 0.34600 0.35200 0.34500 0.34800 0.37800 0.37700 0.37800 0.38600 0.34400 0.41700 0.47100
  6   | 0.46800 0.46800 0.48100 0.43000 0.40600 0.40700 0.40300 0.40100 0.45400 0.45400 0.45400 0.42500 0.43100 0.43600 0.44400
  7   | 0.50800 0.50800 0.50800 0.48800 0.44300 0.44600 0.42100 0.41600 0.49800 0.49900 0.49600 0.43500 0.54200 0.52100 0.45700
  8   | 0.53900 0.53900 0.53900 0.53900 0.51800 0.54600 0.51800 0.50600 0.52000 0.51300 0.51300 0.49800 0.48000 0.55500 0.54300
  9   | 0.59775 0.60047 0.61068 0.61414 0.60075 0.57175 0.56457 0.54908 0.56147 0.55947 0.55697 0.57925 0.60961 0.63810 0.61309
------+------------------------------------------------------------------------------------------------------------------------
                                               
 
 
        Weights at age in the catches (Kg)
        ----------------------------------
------+------------------------------------------------------------------------------------------------------------------------
AGE   |    1987    1988    1989    1990    1991    1992    1993    1994    1995    1996    1997    1998    1999    2000    2001
------+------------------------------------------------------------------------------------------------------------------------
  0   | 0.07600 0.05500 0.04900 0.08500 0.06800 0.05100 0.06100 0.04600 0.07200 0.05800 0.07600 0.06500 0.06200 0.06300 0.06900
  1   | 0.17900 0.13300 0.13600 0.15600 0.15600 0.16700 0.13400 0.13600 0.14300 0.14300 0.14300 0.15700 0.17600 0.13500 0.17100
  2   | 0.22300 0.25900 0.23700 0.23300 0.25300 0.23900 0.24000 0.25500 0.23400 0.22600 0.23000 0.22700 0.23600 0.22900 0.22300
  3   | 0.31800 0.32300 0.32000 0.33600 0.32700 0.33300 0.31700 0.33900 0.33300 0.31300 0.29500 0.31000 0.30700 0.30800 0.30700
  4   | 0.39900 0.38800 0.37700 0.37900 0.39400 0.39700 0.37600 0.39000 0.39000 0.37700 0.35900 0.35400 0.36100 0.36700 0.37800
  5   | 0.47400 0.45600 0.43300 0.42300 0.42300 0.46000 0.43600 0.44800 0.45200 0.42500 0.41500 0.40800 0.40600 0.42900 0.42600
  6   | 0.51200 0.52400 0.45600 0.46700 0.46900 0.49500 0.48300 0.51200 0.50100 0.48400 0.45300 0.45200 0.45400 0.46700 0.47700
  7   | 0.49300 0.55500 0.54300 0.52800 0.50600 0.53200 0.52700 0.54300 0.53900 0.51800 0.48100 0.46200 0.50100 0.50400 0.49900
  8   | 0.49800 0.55500 0.59200 0.55200 0.55400 0.55500 0.54800 0.59000 0.57700 0.55100 0.52400 0.51800 0.53700 0.53700 0.54300
  9   | 0.62662 0.60357 0.62475 0.61239 0.63334 0.62543 0.60437 0.62647 0.61831 0.60230 0.57829 0.57152 0.60505 0.59967 0.60469
------+------------------------------------------------------------------------------------------------------------------------
                                               
 
 
        Weights at age in the catches (Kg)
        ----------------------------------
------+--------
AGE   |    2002
------+--------
  0   | 0.05200
  1   | 0.15900
  2   | 0.25500
  3   | 0.30700
  4   | 0.36900
  5   | 0.42600
  6   | 0.46400
  7   | 0.51400
  8   | 0.53900
  9   | 0.59737
------+--------
                                               
 
 
 
        Weights at age in the stock (Kg)
        --------------------------------
------+------------------------------------------------------------------------------------------------------------------------
AGE   |    1972    1973    1974    1975    1976    1977    1978    1979    1980    1981    1982    1983    1984    1985    1986
------+------------------------------------------------------------------------------------------------------------------------
  0   | 0.00800 0.00800 0.00800 0.00800 0.00800 0.00800 0.00800 0.00800 0.00800 0.00800 0.00800 0.00800 0.00000 0.00000 0.00000
  1   | 0.13200 0.13200 0.13000 0.12900 0.12800 0.12700 0.11100 0.11000 0.10900 0.08700 0.08600 0.08600 0.08100 0.08500 0.07700
  2   | 0.17800 0.17700 0.17300 0.17100 0.17000 0.16700 0.17500 0.17400 0.17300 0.18600 0.13500 0.17200 0.19400 0.16500 0.17900
  3   | 0.24300 0.24200 0.23800 0.23600 0.23600 0.23300 0.23800 0.23700 0.23600 0.25200 0.22100 0.23500 0.25300 0.29300 0.26700
  4   | 0.41100 0.30100 0.29600 0.29400 0.29300 0.28900 0.30000 0.29900 0.29700 0.31300 0.28000 0.28000 0.29500 0.30600 0.30400
  5   | 0.35500 0.43800 0.32200 0.31800 0.31800 0.31300 0.34600 0.34500 0.34300 0.32300 0.38500 0.33900 0.32400 0.34100 0.35600
  6   | 0.39800 0.39800 0.46900 0.36500 0.36500 0.36100 0.38200 0.38000 0.37900 0.37800 0.35300 0.37700 0.39300 0.38400 0.35100
  7   | 0.43300 0.43300 0.43300 0.49700 0.41900 0.41600 0.41000 0.40800 0.40700 0.41900 0.40800 0.40400 0.43600 0.43000 0.41600
  8   | 0.45900 0.45900 0.45900 0.45900 0.51200 0.44600 0.43200 0.43000 0.42900 0.43400 0.43700 0.43900 0.44100 0.45900 0.47300
  9   | 0.51259 0.51490 0.52499 0.52908 0.51425 0.52925 0.51264 0.50422 0.48025 0.46220 0.47248 0.50662 0.50455 0.54834 0.46953
------+------------------------------------------------------------------------------------------------------------------------
                                               
 
 
        Weights at age in the stock (Kg)
        --------------------------------
------+------------------------------------------------------------------------------------------------------------------------
AGE   |    1987    1988    1989    1990    1991    1992    1993    1994    1995    1996    1997    1998    1999    2000    2001
------+------------------------------------------------------------------------------------------------------------------------
  0   | 0.00000 0.00000 0.00000 0.00000 0.00000 0.00000 0.00000 0.00000 0.00000 0.00000 0.00000 0.00000 0.00000 0.00000 0.00000
  1   | 0.07800 0.07200 0.07600 0.07400 0.07500 0.07800 0.07800 0.07900 0.08100 0.07600 0.07600 0.07700 0.08100 0.07400 0.07800
  2   | 0.14800 0.15600 0.17700 0.13800 0.15500 0.21200 0.19700 0.17800 0.16400 0.13300 0.18600 0.14900 0.19400 0.18500 0.16400
  3   | 0.24000 0.23700 0.24400 0.22200 0.23000 0.25900 0.26800 0.23700 0.26700 0.25100 0.22800 0.22300 0.24200 0.23500 0.24100
  4   | 0.28600 0.30100 0.30600 0.28700 0.30700 0.31000 0.31500 0.30100 0.32600 0.31700 0.29600 0.28500 0.30100 0.28900 0.34200
  5   | 0.37400 0.32900 0.35200 0.33900 0.35700 0.36200 0.36000 0.36100 0.39800 0.36600 0.36100 0.34200 0.35300 0.35000 0.39000
  6   | 0.38600 0.42300 0.38000 0.37300 0.40900 0.40200 0.41600 0.41300 0.44800 0.44400 0.40200 0.40000 0.39600 0.39000 0.44600
  7   | 0.41100 0.44500 0.42900 0.41400 0.43200 0.42400 0.45400 0.46600 0.49100 0.46200 0.44500 0.42600 0.42300 0.42600 0.45900
  8   | 0.42900 0.43200 0.47400 0.40900 0.50200 0.46200 0.46500 0.47000 0.50800 0.50100 0.47800 0.46600 0.44000 0.44700 0.49900
  9   | 0.49667 0.52726 0.49757 0.47010 0.56067 0.51398 0.51291 0.53889 0.56915 0.58757 0.53585 0.52578 0.49900 0.51656 0.55358
------+------------------------------------------------------------------------------------------------------------------------
                                               
 
 
        Weights at age in the stock (Kg)
        --------------------------------
------+--------
AGE   |    2002
------+--------
  0   | 0.00000
  1   | 0.07800
  2   | 0.18100
  3   | 0.23900
  4   | 0.31100
  5   | 0.36400
  6   | 0.41100
  7   | 0.43600
  8   | 0.46200
  9   | 0.51251
------+--------
                                               
 
 
 
        Natural Mortality (per year)
        ----------------------------
------+------------------------------------------------------------------------------------------------------------------------
AGE   |    1972    1973    1974    1975    1976    1977    1978    1979    1980    1981    1982    1983    1984    1985    1986
------+------------------------------------------------------------------------------------------------------------------------
  0   | 0.15000 0.15000 0.15000 0.15000 0.15000 0.15000 0.15000 0.15000 0.15000 0.15000 0.15000 0.15000 0.15000 0.15000 0.15000
  1   | 0.15000 0.15000 0.15000 0.15000 0.15000 0.15000 0.15000 0.15000 0.15000 0.15000 0.15000 0.15000 0.15000 0.15000 0.15000
  2   | 0.15000 0.15000 0.15000 0.15000 0.15000 0.15000 0.15000 0.15000 0.15000 0.15000 0.15000 0.15000 0.15000 0.15000 0.15000
  3   | 0.15000 0.15000 0.15000 0.15000 0.15000 0.15000 0.15000 0.15000 0.15000 0.15000 0.15000 0.15000 0.15000 0.15000 0.15000
  4   | 0.15000 0.15000 0.15000 0.15000 0.15000 0.15000 0.15000 0.15000 0.15000 0.15000 0.15000 0.15000 0.15000 0.15000 0.15000
  5   | 0.15000 0.15000 0.15000 0.15000 0.15000 0.15000 0.15000 0.15000 0.15000 0.15000 0.15000 0.15000 0.15000 0.15000 0.15000
  6   | 0.15000 0.15000 0.15000 0.15000 0.15000 0.15000 0.15000 0.15000 0.15000 0.15000 0.15000 0.15000 0.15000 0.15000 0.15000
  7   | 0.15000 0.15000 0.15000 0.15000 0.15000 0.15000 0.15000 0.15000 0.15000 0.15000 0.15000 0.15000 0.15000 0.15000 0.15000
  8   | 0.15000 0.15000 0.15000 0.15000 0.15000 0.15000 0.15000 0.15000 0.15000 0.15000 0.15000 0.15000 0.15000 0.15000 0.15000
  9   | 0.15000 0.15000 0.15000 0.15000 0.15000 0.15000 0.15000 0.15000 0.15000 0.15000 0.15000 0.15000 0.15000 0.15000 0.15000
------+------------------------------------------------------------------------------------------------------------------------
                                               
 
 
        Natural Mortality (per year)
        ----------------------------
------+------------------------------------------------------------------------------------------------------------------------
AGE   |    1987    1988    1989    1990    1991    1992    1993    1994    1995    1996    1997    1998    1999    2000    2001
------+------------------------------------------------------------------------------------------------------------------------
  0   | 0.15000 0.15000 0.15000 0.15000 0.15000 0.15000 0.15000 0.15000 0.15000 0.15000 0.15000 0.15000 0.15000 0.15000 0.15000
  1   | 0.15000 0.15000 0.15000 0.15000 0.15000 0.15000 0.15000 0.15000 0.15000 0.15000 0.15000 0.15000 0.15000 0.15000 0.15000
  2   | 0.15000 0.15000 0.15000 0.15000 0.15000 0.15000 0.15000 0.15000 0.15000 0.15000 0.15000 0.15000 0.15000 0.15000 0.15000
  3   | 0.15000 0.15000 0.15000 0.15000 0.15000 0.15000 0.15000 0.15000 0.15000 0.15000 0.15000 0.15000 0.15000 0.15000 0.15000
  4   | 0.15000 0.15000 0.15000 0.15000 0.15000 0.15000 0.15000 0.15000 0.15000 0.15000 0.15000 0.15000 0.15000 0.15000 0.15000
  5   | 0.15000 0.15000 0.15000 0.15000 0.15000 0.15000 0.15000 0.15000 0.15000 0.15000 0.15000 0.15000 0.15000 0.15000 0.15000
  6   | 0.15000 0.15000 0.15000 0.15000 0.15000 0.15000 0.15000 0.15000 0.15000 0.15000 0.15000 0.15000 0.15000 0.15000 0.15000
  7   | 0.15000 0.15000 0.15000 0.15000 0.15000 0.15000 0.15000 0.15000 0.15000 0.15000 0.15000 0.15000 0.15000 0.15000 0.15000
  8   | 0.15000 0.15000 0.15000 0.15000 0.15000 0.15000 0.15000 0.15000 0.15000 0.15000 0.15000 0.15000 0.15000 0.15000 0.15000
  9   | 0.15000 0.15000 0.15000 0.15000 0.15000 0.15000 0.15000 0.15000 0.15000 0.15000 0.15000 0.15000 0.15000 0.15000 0.15000
------+------------------------------------------------------------------------------------------------------------------------
                                               
 
 
        Natural Mortality (per year)
        ----------------------------
------+--------
AGE   |    2002
------+--------
  0   | 0.15000
  1   | 0.15000
  2   | 0.15000
  3   | 0.15000
  4   | 0.15000
  5   | 0.15000
  6   | 0.15000
  7   | 0.15000
  8   | 0.15000
  9   | 0.15000
------+--------
                                               
 
 
 
        Proportion of fish spawning
        ---------------------------
------+------------------------------------------------------------------------------------------------------------------------
AGE   |    1972    1973    1974    1975    1976    1977    1978    1979    1980    1981    1982    1983    1984    1985    1986
------+------------------------------------------------------------------------------------------------------------------------
  0   |  0.0000  0.0000  0.0000  0.0000  0.0000  0.0000  0.0000  0.0000  0.0000  0.0000  0.0000  0.0000  0.0000  0.0000  0.0000
  1   |  0.0500  0.0500  0.0500  0.0600  0.0600  0.0600  0.0600  0.0600  0.0600  0.0700  0.0700  0.0700  0.0700  0.0700  0.0700
  2   |  0.5300  0.5400  0.5400  0.5500  0.5500  0.5500  0.5600  0.5600  0.5700  0.5700  0.5700  0.5800  0.5800  0.5800  0.5800
  3   |  0.9000  0.9000  0.9000  0.8900  0.8900  0.8900  0.8900  0.8900  0.8900  0.8800  0.8800  0.8800  0.8800  0.8800  0.8800
  4   |  0.9800  0.9800  0.9800  0.9800  0.9800  0.9800  0.9800  0.9800  0.9800  0.9800  0.9800  0.9800  0.9700  0.9700  0.9700
  5   |  0.9800  0.9800  0.9800  0.9800  0.9800  0.9800  0.9800  0.9800  0.9800  0.9800  0.9800  0.9800  0.9700  0.9700  0.9700
  6   |  0.9900  0.9900  0.9900  0.9900  0.9900  0.9900  0.9900  0.9900  0.9900  0.9900  0.9900  0.9900  0.9900  0.9900  0.9900
  7   |  1.0000  1.0000  1.0000  1.0000  1.0000  1.0000  1.0000  1.0000  1.0000  1.0000  1.0000  1.0000  1.0000  1.0000  1.0000
  8   |  1.0000  1.0000  1.0000  1.0000  1.0000  1.0000  1.0000  1.0000  1.0000  1.0000  1.0000  1.0000  1.0000  1.0000  1.0000
  9   |  1.0000  1.0000  1.0000  1.0000  1.0000  1.0000  1.0000  1.0000  1.0000  1.0000  1.0000  1.0000  1.0000  1.0000  1.0000
------+------------------------------------------------------------------------------------------------------------------------
                                               
 
 
        Proportion of fish spawning
        ---------------------------
------+------------------------------------------------------------------------------------------------------------------------
AGE   |    1987    1988    1989    1990    1991    1992    1993    1994    1995    1996    1997    1998    1999    2000    2001
------+------------------------------------------------------------------------------------------------------------------------
  0   |  0.0000  0.0000  0.0000  0.0000  0.0000  0.0000  0.0000  0.0000  0.0000  0.0000  0.0000  0.0000  0.0000  0.0000  0.0000
  1   |  0.0700  0.0700  0.0700  0.0700  0.0700  0.0700  0.0700  0.0700  0.0700  0.0700  0.0700  0.0700  0.0700  0.0700  0.0700
  2   |  0.5800  0.5800  0.5800  0.5800  0.5800  0.5800  0.5800  0.5800  0.5800  0.5800  0.5800  0.5800  0.5800  0.5800  0.5900
  3   |  0.8800  0.8800  0.8800  0.8800  0.8800  0.8800  0.8800  0.8800  0.8800  0.8800  0.8800  0.8600  0.8600  0.8600  0.8800
  4   |  0.9700  0.9700  0.9700  0.9700  0.9700  0.9700  0.9700  0.9700  0.9700  0.9700  0.9700  0.9800  0.9800  0.9800  0.9700
  5   |  0.9700  0.9700  0.9700  0.9700  0.9700  0.9700  0.9700  0.9700  0.9700  0.9700  0.9700  0.9800  0.9800  0.9800  0.9700
  6   |  0.9900  0.9900  0.9900  0.9900  0.9900  0.9900  0.9900  0.9900  0.9900  0.9900  0.9900  0.9900  0.9900  0.9900  0.9900
  7   |  1.0000  1.0000  1.0000  1.0000  1.0000  1.0000  1.0000  1.0000  1.0000  1.0000  1.0000  1.0000  1.0000  1.0000  1.0000
  8   |  1.0000  1.0000  1.0000  1.0000  1.0000  1.0000  1.0000  1.0000  1.0000  1.0000  1.0000  1.0000  1.0000  1.0000  1.0000
  9   |  1.0000  1.0000  1.0000  1.0000  1.0000  1.0000  1.0000  1.0000  1.0000  1.0000  1.0000  1.0000  1.0000  1.0000  1.0000
------+------------------------------------------------------------------------------------------------------------------------
                                               
 
 
        Proportion of fish spawning
        ---------------------------
------+--------
AGE   |    2002
------+--------
  0   |  0.0000
  1   |  0.0700
  2   |  0.5900
  3   |  0.8800
  4   |  0.9700
  5   |  0.9700
  6   |  0.9900
  7   |  1.0000
  8   |  1.0000
  9   |  1.0000
------+--------
                                               
 
 
 
 INDICES OF SPAWNING BIOMASS                                                    
  
 ----------------------------
 
          INDEX
        -------
------+------------------------------------------------------------------------------------------------------------------------
      |    1972    1973    1974    1975    1976    1977    1978    1979    1980    1981    1982    1983    1984    1985    1986
------+------------------------------------------------------------------------------------------------------------------------
  1   | ******* ******* ******* ******* ******* ******* ******* ******* ******* ******* ******* ******* ******* ******* *******
------+------------------------------------------------------------------------------------------------------------------------
       x 10 ^ 3                                
 
 
          INDEX
        -------
------+------------------------------------------------------------------------------------------------------------------------
      |    1987    1988    1989    1990    1991    1992    1993    1994    1995    1996    1997    1998    1999    2000    2001
------+------------------------------------------------------------------------------------------------------------------------
  1   | *******  324.52  318.36  286.84  316.18  315.80  285.02  262.96  288.87  269.07  250.50  219.37  198.64  211.67  251.99
------+------------------------------------------------------------------------------------------------------------------------
       x 10 ^ 3                                
 
 
          INDEX
        -------
------+--------
      |    2002
------+--------
  1   |  246.31
------+--------
       x 10 ^ 3                                
 
 
 
 AGE-STRUCTURED INDICES                                                         
  
 -----------------------
 
        FLT01: Dummy survey
        -------------------
------+--------------------------------
AGE   |    1981    1982    1983    1984
------+--------------------------------
  1   |  266.10  203.00   43.60   15.24
  2   |  506.40  435.90  712.70   79.51
  3   |  225.10  483.60  444.60  661.83
  4   |   31.70  184.10  391.60  374.60
  5   |  174.80   24.70  130.40  238.20
  6   |  158.50  136.60   20.20   92.00
  7   |   99.50  108.60   91.30   15.54
  8   |  116.60   84.50   70.90   51.47
  9   |   35.30   87.00   47.10   39.27
------+--------------------------------
       x 10 ^ 3                                
 
 
 
        Fishing Mortality (per year)
        ----------------------------
------+------------------------------------------------------------------------------------------------------------------------
AGE   |    1972    1973    1974    1975    1976    1977    1978    1979    1980    1981    1982    1983    1984    1985    1986
------+------------------------------------------------------------------------------------------------------------------------
  0   | 0.00803 0.00698 0.00737 0.01040 0.00644 0.00877 0.00799 0.00695 0.00569 0.00729 0.00602 0.00948 0.00944 0.00811 0.01003
  1   | 0.03039 0.02642 0.02790 0.03936 0.02439 0.03319 0.03023 0.02629 0.02152 0.02759 0.02280 0.03588 0.03573 0.03069 0.03796
  2   | 0.06727 0.05849 0.06176 0.08711 0.05398 0.07347 0.06690 0.05818 0.04764 0.06106 0.05047 0.07942 0.07907 0.06795 0.08399
  3   | 0.13271 0.11539 0.12184 0.17186 0.10650 0.14494 0.13199 0.11479 0.09399 0.12046 0.09957 0.15668 0.15600 0.13406 0.16574
  4   | 0.20289 0.17640 0.18626 0.26273 0.16282 0.22159 0.20178 0.17549 0.14369 0.18416 0.15222 0.23953 0.23850 0.20495 0.25338
  5   | 0.23076 0.20064 0.21186 0.29883 0.18519 0.25203 0.22951 0.19961 0.16343 0.20946 0.17313 0.27244 0.27127 0.23311 0.28820
  6   | 0.26097 0.22691 0.23959 0.33795 0.20944 0.28503 0.25955 0.22574 0.18483 0.23688 0.19580 0.30810 0.30677 0.26362 0.32592
  7   | 0.29898 0.25995 0.27449 0.38717 0.23994 0.32654 0.29735 0.25861 0.21174 0.27138 0.22431 0.35298 0.35145 0.30202 0.37339
  8   | 0.27693 0.24078 0.25424 0.35861 0.22224 0.30245 0.27541 0.23953 0.19612 0.25136 0.20777 0.32694 0.32553 0.27973 0.34584
  9   | 0.27693 0.24078 0.25424 0.35861 0.22224 0.30245 0.27541 0.23953 0.19612 0.25136 0.20777 0.32694 0.32553 0.27973 0.34584
------+------------------------------------------------------------------------------------------------------------------------
                                               
 
 
        Fishing Mortality (per year)
        ----------------------------
------+------------------------------------------------------------------------------------------------------------------------
AGE   |    1987    1988    1989    1990    1991    1992    1993    1994    1995    1996    1997    1998    1999    2000    2001
------+------------------------------------------------------------------------------------------------------------------------
  0   | 0.00749 0.00865 0.00829 0.00709 0.00654 0.00576 0.00796 0.00582 0.00764 0.00780 0.00815 0.01005 0.00931 0.00592 0.00699
  1   | 0.02836 0.03275 0.03139 0.02684 0.02474 0.02179 0.03014 0.02204 0.02890 0.02951 0.03085 0.03803 0.03524 0.02240 0.02645
  2   | 0.06277 0.07249 0.06949 0.05942 0.05476 0.04823 0.06671 0.04877 0.06397 0.06531 0.06828 0.08417 0.07800 0.04959 0.05855
  3   | 0.12378 0.14301 0.13709 0.11723 0.10804 0.09516 0.13162 0.09623 0.12620 0.12885 0.13472 0.16606 0.15389 0.09783 0.11552
  4   | 0.18929 0.21853 0.20958 0.17922 0.16518 0.14548 0.20123 0.14712 0.19294 0.19700 0.20597 0.25388 0.23528 0.14957 0.17662
  5   | 0.21530 0.24865 0.23824 0.20386 0.18787 0.16548 0.22888 0.16734 0.21946 0.22408 0.23427 0.28877 0.26762 0.17012 0.20089
  6   | 0.24348 0.28120 0.26955 0.23037 0.21248 0.18714 0.25885 0.18925 0.24819 0.25341 0.26494 0.32657 0.30266 0.19240 0.22719
  7   | 0.27895 0.32216 0.30881 0.26408 0.24320 0.21441 0.29657 0.21682 0.28435 0.29033 0.30354 0.37415 0.34675 0.22043 0.26029
  8   | 0.25836 0.29839 0.28603 0.24459 0.22542 0.19857 0.27466 0.20081 0.26335 0.26889 0.28113 0.34652 0.32114 0.20415 0.24107
  9   | 0.25836 0.29839 0.28603 0.24459 0.22542 0.19857 0.27466 0.20081 0.26335 0.26889 0.28113 0.34652 0.32114 0.20415 0.24107
------+------------------------------------------------------------------------------------------------------------------------
                                               
 
 
        Fishing Mortality (per year)
        ----------------------------
------+--------
AGE   |    2002
------+--------
  0   | 0.00714
  1   | 0.02701
  2   | 0.05978
  3   | 0.11795
  4   | 0.18033
  5   | 0.20511
  6   | 0.23196
  7   | 0.26576
  8   | 0.24613
  9   | 0.24613
------+--------
                                               
 
 
 
        Population Abundance (1 January)
        --------------------------------
------+------------------------------------------------------------------------------------------------------------------------
AGE   |    1972    1973    1974    1975    1976    1977    1978    1979    1980    1981    1982    1983    1984    1985    1986
------+------------------------------------------------------------------------------------------------------------------------
  0   |  350.87  496.89  481.39  413.21  224.34  759.90  345.83  374.98  392.36  759.89  345.83  759.90  753.04  558.77  438.47
  1   |  299.31  299.58  424.70  411.30  351.97  191.85  648.34  295.29  320.51  335.79  649.30  295.87  647.88  642.06  477.05
  2   |  159.09  249.91  251.13  355.49  340.34  295.65  159.74  541.42  247.57  270.00  281.15  546.26  245.69  538.06  535.92
  3   |   95.57  128.02  202.88  203.20  280.45  277.54  236.44  128.59  439.66  203.17  218.62  230.08  434.27  195.39  432.69
  4   |  242.76   72.03   98.18  154.59  147.28  217.00  206.65  178.34   98.67  344.47  155.03  170.34  169.31  319.79  147.07
  5   |  144.79  170.58   51.97   70.14  102.31  107.72  149.65  145.36  128.79   73.56  246.62  114.59  115.38  114.81  224.24
  6   |   40.25   98.94  120.13   36.19   44.78   73.17   72.06  102.39  102.48   94.14   51.35  178.53   75.11   75.72   78.27
  7   |   30.28   26.69   67.87   81.37   22.22   31.26   47.36   47.84   70.32   73.32   63.94   36.34  112.91   47.57   50.07
  8   |   52.57   19.33   17.71   44.39   47.55   15.04   19.41   30.28   31.80   48.97   48.11   43.97   21.98   68.39   30.27
  9   |   68.57   76.39   58.72   44.52   48.37   59.69   45.23   40.21   42.57   46.08   61.62   73.88   68.94   52.45   72.87
------+------------------------------------------------------------------------------------------------------------------------
       x 10 ^ 6                                
 
 
        Population Abundance (1 January)
        --------------------------------
------+------------------------------------------------------------------------------------------------------------------------
AGE   |    1987    1988    1989    1990    1991    1992    1993    1994    1995    1996    1997    1998    1999    2000    2001
------+------------------------------------------------------------------------------------------------------------------------
  0   |  481.35  456.06  591.62  169.04  169.05  498.77  577.13  217.57  498.72  224.34  169.04  753.07  438.50  202.60  375.04
  1   |  373.63  411.20  389.15  505.00  144.47  144.56  426.83  492.80  186.17  425.99  191.59  144.32  641.69  373.92  173.35
  2   |  395.31  312.59  342.52  324.59  423.15  121.31  121.74  356.47  414.91  155.68  355.99  159.90  119.58  533.18  314.71
  3   |  424.11  319.55  250.24  275.02  263.26  344.80   99.49   98.02  292.21  334.99  125.52  286.18  126.51   95.20  436.71
  4   |  315.54  322.54  238.39  187.79  210.53  203.39  269.83   75.07   76.63  221.69  253.47   94.42  208.63   93.36   74.30
  5   |   98.25  224.75  223.11  166.39  135.11  153.61  151.36  189.91   55.78   54.38  156.69  177.56   63.05  141.92   69.19
  6   |  144.68   68.19  150.86  151.33  116.80   96.37  112.05  103.62  138.27   38.55   37.41  106.70  114.49   41.52  103.04
  7   |   48.63   97.62   44.30   99.17  103.45   81.29   68.79   74.45   73.81   92.86   25.75   24.70   66.25   72.81   29.48
  8   |   29.67   31.67   60.88   28.00   65.54   69.82   56.46   44.01   51.59   47.81   59.78   16.36   14.63   40.31   50.27
  9   |   57.67   53.59   52.15   65.65   59.70   82.28  103.01   95.89   94.30   86.83   78.70   82.64   54.93   37.88   49.43
------+------------------------------------------------------------------------------------------------------------------------
       x 10 ^ 6                                
 
 
        Population Abundance (1 January)
        --------------------------------
------+----------------
AGE   |    2002    2003
------+----------------
  0   |  496.98  291.41
  1   |  320.55  424.72
  2   |  145.31  268.55
  3   |  255.47  117.81
  4   |  334.88  195.42
  5   |   53.60  240.67
  6   |   48.72   37.58
  7   |   70.67   33.25
  8   |   19.56   46.63
  9   |   60.42   53.82
------+----------------
       x 10 ^ 6                                
 
 
 
        Weighting factors for the catches in number
        -------------------------------------------
------+----------------------------------------------------------------------------------------
AGE   |    1992    1993    1994    1995    1996    1997    1998    1999    2000    2001    2002
------+----------------------------------------------------------------------------------------
  0   |  0.0200  0.0200  0.0200  0.0200  0.0200  0.0200  0.0200  0.0200  0.0200  0.0200  0.0200
  1   |  1.0000  1.0000  1.0000  1.0000  1.0000  1.0000  1.0000  1.0000  1.0000  1.0000  1.0000
  2   |  1.0000  1.0000  1.0000  1.0000  1.0000  1.0000  1.0000  1.0000  1.0000  1.0000  1.0000
  3   |  1.0000  1.0000  1.0000  1.0000  1.0000  1.0000  1.0000  1.0000  1.0000  1.0000  1.0000
  4   |  1.0000  1.0000  1.0000  1.0000  1.0000  1.0000  1.0000  1.0000  1.0000  1.0000  1.0000
  5   |  1.0000  1.0000  1.0000  1.0000  1.0000  1.0000  1.0000  1.0000  1.0000  1.0000  1.0000
  6   |  1.0000  1.0000  1.0000  1.0000  1.0000  1.0000  1.0000  1.0000  1.0000  1.0000  1.0000
  7   |  1.0000  1.0000  1.0000  1.0000  1.0000  1.0000  1.0000  1.0000  1.0000  1.0000  1.0000
  8   |  1.0000  1.0000  1.0000  1.0000  1.0000  1.0000  1.0000  1.0000  1.0000  1.0000  1.0000
------+----------------------------------------------------------------------------------------
                                               
 
 
 
 Predicted SSB Index Values                                                     
  
 ---------------------------
 
          INDEX
        -------
------+------------------------------------------------------------------------------------------------------------------------
      |    1972    1973    1974    1975    1976    1977    1978    1979    1980    1981    1982    1983    1984    1985    1986
------+------------------------------------------------------------------------------------------------------------------------
  1   | ******* ******* ******* ******* ******* ******* ******* ******* ******* ******* ******* ******* ******* ******* *******
------+------------------------------------------------------------------------------------------------------------------------
       x 10 ^ 3                                
 
 
          INDEX
        -------
------+------------------------------------------------------------------------------------------------------------------------
      |    1987    1988    1989    1990    1991    1992    1993    1994    1995    1996    1997    1998    1999    2000    2001
------+------------------------------------------------------------------------------------------------------------------------
  1   | *******  324.54  318.37  286.85  316.17  315.80  284.99  262.93  288.85  269.06  250.50  219.36  198.64  211.68  252.03
------+------------------------------------------------------------------------------------------------------------------------
       x 10 ^ 3                                
 
 
          INDEX
        -------
------+--------
      |    2002
------+--------
  1   |  246.35
------+--------
       x 10 ^ 3                                
 
 
 
 Predicted Age-Structured Index Values                                          
  
 --------------------------------------
 
        FLT01: Dummy survey Predicted
        -----------------------------
------+--------------------------------
AGE   |    1981    1982    1983    1984
------+--------------------------------
  1   |   57.57  111.62   50.50  110.59
  2   |  285.21  298.73  571.25  256.97
  3   |  335.34  365.01  372.26  702.90
  4   |  300.63  137.69  144.20  143.41
  5   |   64.39  220.22   96.88   97.62
  6   |   84.72   47.27  154.48   65.04
  7   |   70.38   62.98   33.35  103.71
  8   |   99.06   99.67   85.33   42.67
  9   |   36.74   50.32   56.51   52.77
------+--------------------------------
       x 10 ^ 3                                
 
 
 
        Fitted Selection Pattern
        ------------------------
------+------------------------------------------------------------------------------------------------------------------------
AGE   |    1972    1973    1974    1975    1976    1977    1978    1979    1980    1981    1982    1983    1984    1985    1986
------+------------------------------------------------------------------------------------------------------------------------
  0   |  0.0348  0.0348  0.0348  0.0348  0.0348  0.0348  0.0348  0.0348  0.0348  0.0348  0.0348  0.0348  0.0348  0.0348  0.0348
  1   |  0.1317  0.1317  0.1317  0.1317  0.1317  0.1317  0.1317  0.1317  0.1317  0.1317  0.1317  0.1317  0.1317  0.1317  0.1317
  2   |  0.2915  0.2915  0.2915  0.2915  0.2915  0.2915  0.2915  0.2915  0.2915  0.2915  0.2915  0.2915  0.2915  0.2915  0.2914
  3   |  0.5751  0.5751  0.5751  0.5751  0.5751  0.5751  0.5751  0.5751  0.5751  0.5751  0.5751  0.5751  0.5751  0.5751  0.5751
  4   |  0.8792  0.8792  0.8792  0.8792  0.8792  0.8792  0.8792  0.8792  0.8792  0.8792  0.8792  0.8792  0.8792  0.8792  0.8792
  5   |  1.0000  1.0000  1.0000  1.0000  1.0000  1.0000  1.0000  1.0000  1.0000  1.0000  1.0000  1.0000  1.0000  1.0000  1.0000
  6   |  1.1309  1.1309  1.1309  1.1309  1.1309  1.1309  1.1309  1.1309  1.1309  1.1309  1.1309  1.1309  1.1309  1.1309  1.1309
  7   |  1.2956  1.2956  1.2956  1.2956  1.2956  1.2956  1.2956  1.2956  1.2956  1.2956  1.2956  1.2956  1.2956  1.2956  1.2956
  8   |  1.2000  1.2000  1.2000  1.2000  1.2000  1.2000  1.2000  1.2000  1.2000  1.2000  1.2000  1.2000  1.2000  1.2000  1.2000
  9   |  1.2000  1.2000  1.2000  1.2000  1.2000  1.2000  1.2000  1.2000  1.2000  1.2000  1.2000  1.2000  1.2000  1.2000  1.2000
------+------------------------------------------------------------------------------------------------------------------------
                                               
 
 
        Fitted Selection Pattern
        ------------------------
------+------------------------------------------------------------------------------------------------------------------------
AGE   |    1987    1988    1989    1990    1991    1992    1993    1994    1995    1996    1997    1998    1999    2000    2001
------+------------------------------------------------------------------------------------------------------------------------
  0   |  0.0348  0.0348  0.0348  0.0348  0.0348  0.0348  0.0348  0.0348  0.0348  0.0348  0.0348  0.0348  0.0348  0.0348  0.0348
  1   |  0.1317  0.1317  0.1318  0.1317  0.1317  0.1317  0.1317  0.1317  0.1317  0.1317  0.1317  0.1317  0.1317  0.1317  0.1317
  2   |  0.2915  0.2915  0.2917  0.2915  0.2915  0.2915  0.2915  0.2915  0.2915  0.2915  0.2915  0.2915  0.2915  0.2915  0.2915
  3   |  0.5749  0.5752  0.5754  0.5751  0.5751  0.5751  0.5751  0.5751  0.5751  0.5751  0.5751  0.5751  0.5751  0.5751  0.5751
  4   |  0.8792  0.8789  0.8797  0.8792  0.8792  0.8792  0.8792  0.8792  0.8792  0.8792  0.8792  0.8792  0.8792  0.8792  0.8792
  5   |  1.0000  1.0000  1.0000  1.0000  1.0000  1.0000  1.0000  1.0000  1.0000  1.0000  1.0000  1.0000  1.0000  1.0000  1.0000
  6   |  1.1309  1.1309  1.1314  1.1301  1.1310  1.1309  1.1309  1.1309  1.1309  1.1309  1.1309  1.1309  1.1309  1.1309  1.1309
  7   |  1.2956  1.2956  1.2962  1.2954  1.2945  1.2957  1.2957  1.2957  1.2957  1.2957  1.2957  1.2957  1.2957  1.2957  1.2957
  8   |  1.2000  1.2000  1.2006  1.1998  1.1998  1.2000  1.2000  1.2000  1.2000  1.2000  1.2000  1.2000  1.2000  1.2000  1.2000
  9   |  1.2000  1.2000  1.2006  1.1998  1.1998  1.2000  1.2000  1.2000  1.2000  1.2000  1.2000  1.2000  1.2000  1.2000  1.2000
------+------------------------------------------------------------------------------------------------------------------------
                                               
 
 
        Fitted Selection Pattern
        ------------------------
------+--------
AGE   |    2002
------+--------
  0   |  0.0348
  1   |  0.1317
  2   |  0.2915
  3   |  0.5751
  4   |  0.8792
  5   |  1.0000
  6   |  1.1309
  7   |  1.2957
  8   |  1.2000
  9   |  1.2000
------+--------
                                               
 
 
 
 
 
                    STOCK SUMMARY                                             
 
 
 ³ Year ³  Recruits  ³  Total  ³ Spawning³ Landings ³ Yield ³ Mean F ³ SoP ³    
 ³      ³   Age   0  ³ Biomass ³ Biomass ³          ³ /SSB  ³  Ages  ³     ³ 
 ³      ³  thousands ³  tonnes ³ tonnes  ³ tonnes   ³ ratio ³  4- 7  ³ (%) ³ 
 
   1972       350860    333439    236808     61611   0.2602   0.2484    99
   1973       496890    314266    215741     47256   0.2190   0.2160   100
   1974       481390    321273    207858     47975   0.2308   0.2280    99
   1975       413200    330442    206137     62088   0.3012   0.3217   100
   1976       224330    321451    214599     38804   0.1808   0.1993   100
   1977       759890    318630    223123     56054   0.2512   0.2713   100
   1978       345830    351250    225491     51092   0.2266   0.2470   100
   1979       374980    355361    241577     45131   0.1868   0.2149    99
   1980       392350    359688    260073     45365   0.1744   0.1759   100
   1981       759890    377149    273632     61735   0.2256   0.2255   100
   1982       345830    377586    263097     51491   0.1957   0.1864    99
   1983       759890    404810    279966     79284   0.2832   0.2933    99
   1984       753030    420564    287692     80972   0.2815   0.2920   100
   1985       558770    447286    302766     81296   0.2685   0.2509    99
   1986       438470    469562    323724    102947   0.3180   0.3102   100
   1987       481340    433630    319779     81336   0.2543   0.2318    99
   1988       456050    439347    324535     97863   0.3015   0.2676    99
   1989       591610    433880    318374     88255   0.2772   0.2565   100
   1990       169040    393332    286847     74658   0.2603   0.2194    99
   1991       169050    408678    316173     69163   0.2188   0.2022   100
   1992       498760    392705    315796     62249   0.1971   0.1781    99
   1993       577130    380358    284990     78022   0.2738   0.2464   100
   1994       217560    366618    262932     54615   0.2077   0.1801   100
   1995       498720    386392    288853     69141   0.2394   0.2362   100
   1996       224340    362324    269059     66288   0.2464   0.2412    99
   1997       169040    338233    250495     62895   0.2511   0.2522    99
   1998       753060    290665    219364     71573   0.3263   0.3108   100
   1999       438500    298051    198640     63542   0.3199   0.2881   100
   2000       202590    310133    211684     39975   0.1888   0.1831    99
   2001       375040    334718    252025     51281   0.2035   0.2162   100
   2002       496980    326853    246350     56195   0.2281   0.2208   100
 
 -----------------------------------------------------------------            
 No of years for separable analysis : 11                                      
 Age range in the analysis : 0  . . . 9                                       
 Year range in the analysis : 1972  . . . 2002                                
 Number of indices of SSB : 1                                                 
 Number of age-structured indices : 1                                         
                                                                              
 Parameters to estimate : 46                                                  
 Number of observations : 150                                                 
                                                                              
 Conventional single selection vector model to be fitted.                     
                                                                              
                                                                              
                                                                              
 -----------------------------------------------------------------            
 
 
 PARAMETER ESTIMATES                                                            
  
 
 ³Parm.³      ³ Maximum ³    ³        ³         ³         ³         ³ Mean of ³ 
  
 ³ No. ³      ³ Likelh. ³ CV ³  Lower ³ Upper   ³  -s.e.  ³   +s.e. ³ Param.  ³ 
  
 ³     ³      ³ Estimate³ (%)³ 95% CL ³ 95% CL  ³         ³         ³ Distrib.³ 
  
 Separable model : F by year                                                    
  
    1   1992     0.1244   0    0.1244    0.1244    0.1244    0.1244    0.1244
    2   1993     0.1734   0    0.1734    0.1734    0.1734    0.1734    0.1734
    3   1994     0.1290   0    0.1290    0.1290    0.1290    0.1290    0.1290
    4   1995     0.1747   0    0.1747    0.1747    0.1747    0.1747    0.1747
    5   1996     0.1865   0    0.1865    0.1865    0.1865    0.1865    0.1865
    6   1997     0.2074   0    0.2074    0.2074    0.2074    0.2074    0.2074
    7   1998     0.2764   1    0.2710    0.2818    0.2736    0.2791    0.2764
    8   1999     0.2820 100    0.0397    2.0023    0.1038    0.7667    0.4650
    9   2000     0.2004   0    0.2003    0.2004    0.2003    0.2004    0.2004
   10   2001     0.2671   0    0.2671    0.2671    0.2671    0.2671    0.2671
   11   2002     0.3117   0    0.3117    0.3117    0.3117    0.3117    0.3117
 
 Separable Model: Selection (S) by age                                          
  
   12      0     0.0450   0    0.0450    0.0450    0.0450    0.0450    0.0450
   13      1     0.1529   0    0.1529    0.1529    0.1529    0.1529    0.1529
   14      2     0.3137   0    0.3137    0.3137    0.3137    0.3137    0.3137
   15      3     0.5914   0    0.5914    0.5914    0.5914    0.5914    0.5914
   16      4     0.8841   0    0.8841    0.8841    0.8841    0.8841    0.8841
           5     1.0000     Fixed : Reference Age             
   17      6     1.1405   0    1.1405    1.1405    1.1405    1.1405    1.1405
   18      7     1.2050   0    1.2050    1.2050    1.2050    1.2050    1.2050
           8     1.2000     Fixed : Last true age             
 
 Separable model: Populations in year 2002                                    
   19      0     253491   0     253491    253491    253491    253491    253491
   20      1     184646   0     184646    184646    184646    184646    184646
   21      2      92557   0      92557     92557     92557     92557     92557
   22      3     176720   0     176720    176720    176720    176720    176720
   23      4     245977   0     245977    245977    245977    245977    245977
   24      5      41095   0      41095     41095     41095     41095     41095
   25      6      38872   0      38872     38872     38872     38872     38872
   26      7      58880   0      58880     58880     58880     58880     58880
   27      8      17517   0      17517     17517     17517     17517     17517
 
Separable model: Populations at age
   28   1992     107522   0     107522    107522    107522    107522    107522
   29   1993      84443   0      84443     84443     84443     84443     84443
   30   1994      65536   0      65536     65536     65536     65536     65536
   31   1995      75563   0      75563     75563     75563     75563     75563
   32   1996      70014   0      70014     70014     70014     70014     70014
   33   1997      86067   0      86067     86067     86067     86067     86067
   34   1998      22658   0      22658     22658     22658     22658     22658
   35   1999      19069   0      19069     19069     19069     19069     19069
   36   2000      47314   0      47314     47314     47314     47314     47314
   37   2001      52196   0      52196     52196     52196     52196     52196
 
 SSB Index catchabilities                                                       
  
   INDEX                                 
 Absolute estimator. No fitted catchability.                                    
  
 
 
 
 Age-structured index catchabilities                                            
  
                                        FLT01: Dummy survey                     
 
 Linear model fitted. Slopes at age :                                           
  
   38   1  Q  .1781       0 .1781     .1781     .1781     .1781     .1781    
   39   2  Q  1.124       0 1.124     1.124     1.124     1.124     1.124    
   40   3  Q  1.817       0 1.817     1.817     1.817     1.817     1.817    
   41   4  Q  .9937       0 .9937     .9937     .9937     .9937     .9937    
   42   5  Q  1.007       0 1.007     1.007     1.007     1.007     1.007    
   43   6  Q  1.044       0 1.044     1.044     1.044     1.044     1.044    
   44   7  Q  1.124       0 1.124     1.124     1.124     1.124     1.124    
   45   8  Q  2.314       0 2.314     2.314     2.314     2.314     2.314    
   46   9  Q  .9190       0 .9190     .9190     .9190     .9190     .9190    
 
 
 
 RESIDUALS ABOUT THE MODEL FIT                                                  
  
 ------------------------------
 
        Separable Model Residuals
        -------------------------
------+----------------------------------------------------------------------------------------
Age   |    1992    1993    1994    1995    1996    1997    1998    1999    2000    2001    2002
------+----------------------------------------------------------------------------------------
  0   | ******* ******* ******* ******* ******* ******* ******* ******* ******* ******* *******
  1   | ******* ******* ******* ******* ******* ******* ******* ******* ******* ******* *******
  2   | ******* ******* ******* ******* ******* ******* ******* ******* ******* ******* *******
  3   | ******* ******* ******* ******* ******* ******* ******* ******* ******* ******* *******
  4   | ******* ******* ******* ******* ******* ******* ******* ******* ******* ******* *******
  5   | ******* ******* ******* ******* ******* ******* ******* ******* ******* ******* *******
  6   | ******* ******* ******* ******* ******* ******* ******* ******* ******* ******* *******
  7   | ******* ******* ******* ******* ******* ******* ******* ******* ******* ******* *******
  8   | ******* ******* ******* ******* ******* ******* ******* ******* ******* ******* *******
------+----------------------------------------------------------------------------------------
                                               
 
 
 
 SPAWNING BIOMASS INDEX RESIDUALS                                               
  
 ---------------------------------
 
          INDEX
        -------
------+------------------------------------------------------------------------------------------------------------------------
      |    1972    1973    1974    1975    1976    1977    1978    1979    1980    1981    1982    1983    1984    1985    1986
------+------------------------------------------------------------------------------------------------------------------------
  1   | ******* ******* ******* ******* ******* ******* ******* ******* ******* ******* ******* ******* ******* ******* *******
------+------------------------------------------------------------------------------------------------------------------------
                                               
 
 
          INDEX
        -------
------+------------------------------------------------------------------------------------------------------------------------
      |    1987    1988    1989    1990    1991    1992    1993    1994    1995    1996    1997    1998    1999    2000    2001
------+------------------------------------------------------------------------------------------------------------------------
  1   | ******* ******* ******* ******* ******* ******* ******* ******* ******* ******* ******* ******* ******* ******* *******
------+------------------------------------------------------------------------------------------------------------------------
                                               
 
 
          INDEX
        -------
------+--------
      |    2002
------+--------
  1   | *******
------+--------
                                               
 
 
 
 AGE-STRUCTURED INDEX RESIDUALS                                                 
  
 -------------------------------
 
        FLT01: Dummy survey
        -------------------
------+--------------------------------
Age   |    1981    1982    1983    1984
------+--------------------------------
  1   |   1.531   0.598  -0.147  -1.982
  2   |   0.574   0.378   0.221  -1.173
  3   |  -0.399   0.281   0.178  -0.060
  4   |  -2.250   0.290   0.999   0.960
  5   |   0.999  -2.188   0.297   0.892
  6   |   0.626   1.061  -2.034   0.347
  7   |   0.346   0.545   1.007  -1.898
  8   |   0.163  -0.165  -0.185   0.187
  9   |  -0.040   0.547  -0.182  -0.295
------+--------------------------------
                                               
 
 
 
 
 
 
 PARAMETERS OF THE DISTRIBUTION OF ln(CATCHES AT AGE)                           
  
 -----------------------------------------------------
 
 Separable model fitted from 1992  to 2002                                    
 Variance                             0.0000
Skewness test stat.                 -12.1173
Kurtosis test statistic              39.0578
Partial chi-square                    0.0000
Significance in fit                   0.0000
Degrees of freedom                        62
 
 
 PARAMETERS OF DISTRIBUTIONS OF THE SSB INDICES                                 
  
 -----------------------------------------------
 
 
   DISTRIBUTION STATISTICS FOR   INDEX                                          
 
 
 Index used as absolute measure of abundance                                    
  
 Last age is a plus-group                                                       
  
 
 Variance                             0.0000
Skewness test stat.                  -1.1952
Kurtosis test statistic              -0.0667
Partial chi-square                    0.0000
Significance in fit                   0.0000
Number of observations                    15
Degrees of freedom                        15
Weight in the analysis                5.0000
 
 PARAMETERS OF THE DISTRIBUTION OF THE AGE-STRUCTURED INDICES                   
  
 ------------------------------------------------------------ 
 
 
   DISTRIBUTION STATISTICS FOR FLT01: Dummy survey                              
 
 
 Linear catchability relationship assumed                                       
  
 
 Age                          1         2         3         4         5         6         7         8         9
 Variance                0.0025    0.0007    0.0001    0.0026    0.0025    0.0021    0.0019    0.0000    0.0002
Skewness test stat.     -0.3796   -0.8499   -0.4081   -0.8242   -0.8289   -0.8157   -0.8117    0.0022    0.7880
Kurtosis test statisti  -0.4476   -0.3062   -0.5133   -0.3263   -0.3232   -0.3165   -0.3153   -0.8099   -0.3201
Partial chi-square       0.0006    0.0002    0.0000    0.0006    0.0006    0.0006    0.0005    0.0000    0.0000
Significance in fit      0.0000    0.0000    0.0000    0.0000    0.0000    0.0000    0.0000    0.0000    0.0000
Number of observations        4         4         4         4         4         4         4         4         4
Degrees of freedom            3         3         3         3         3         3         3         3         3
Weight in the analysis   0.0011    0.0011    0.0011    0.0011    0.0011    0.0011    0.0011    0.0011    0.0011
 
 ANALYSIS OF VARIANCE                   
--------------------------
 
 Unweighted Statistics                                                          
  
 
                                                                                
  
Variance                              
                                       SSQ     Data    Parameters d.f. Variance
Total for model                        33.9111     150         46  104   0.3261
Catches at age                          0.0000      99         37   62   0.0000
  
SSB Indices                           
  INDEX                                 0.0000      15          0   15   0.0000
  
 Aged Indices                                                                   
  
FLT01: Dummy survey                    33.9111      36          9   27   1.2560
 
 
 Weighted Statistics                                                            
  
 
                                                                                
  
Variance                              
                                       SSQ     Data    Parameters d.f. Variance
Total for model                         0.0000     150         46  104   0.0000
Catches at age                          0.0000      99         37   62   0.0000
  
SSB Indices                           
  INDEX                                 0.0000      15          0   15   0.0000
  
 Aged Indices                                                                   
  
FLT01: Dummy survey                     0.0000      36          9   27   0.0000
 
