 Output Generated by ICA Version 1.4                                            
  
 ------------------------------------
 
        Mackerel NE Atlantic  WG2003
        ----------------------------
 
        Catch in Number
        ---------------
------+------------------------------------------------------------------------------------------------------------------------
AGE   |    1972    1973    1974    1975    1976    1977    1978    1979    1980    1981    1982    1983    1984    1985    1986
------+------------------------------------------------------------------------------------------------------------------------
  0   |   3053.   2947.   2773.   6780.   1741.   4076.   5217.   3859.   4044.   4715.   3901.   2973.   3965.   3211.   2330.
  1   |  10050.   9764.  10382.  11769.  19392.   5354.  11720.  21148.  10911.  14734.   8775.  17364.  11465.  13482.   5360.
  2   |  17355.  18351.  19608.  24965.  19045.  33813.   8749.  26916.  33854.  22487.  15620.  22272.  37924.  21998.  12822.
  3   |  23634.  27098.  31437.  39787.  34027.  28070.  46894.  16955.  36331.  58714.  20317.  33831.  41036.  60997.  17838.
  4   |  48479.  27054.  33944.  46066.  38913.  36190.  28228.  65596.  16446.  45274.  38541.  32246.  44958.  47151.  35927.
  5   |  31098.  39625.  24175.  35241.  31609.  29189.  25740.  27949.  44682.  14440.  20952.  43803.  30297.  36206.  19553.
  6   |   9048.  24679.  34340.  24214.  23261.  22864.  20060.  24583.  18325.  37765.   6462.  23117.  39682.  23428.  14516.
  7   |   3455.   7075.  21044.  33630.  15581.  16448.  15398.  18727.  15724.  15106.  16581.   7022.  20464.  29843.   9216.
  8   |  11423.   2166.   4842.  16560.  17256.   8806.   8852.  11541.   9553.  10383.   5270.  14508.   4986.  12302.   9312.
  9   |  16272.  18306.  13703.  14087.  15234.  18343.  15687.  19383.  15728.  16179.   9496.  12999.  20019.  15176.   8738.
------+------------------------------------------------------------------------------------------------------------------------
       x 10 ^ 3                                
 
 
        Catch in Number
        ---------------
------+------------------------------------------------------------------------------------------------------------------------
AGE   |    1987    1988    1989    1990    1991    1992    1993    1994    1995    1996    1997    1998    1999    2000    2001
------+------------------------------------------------------------------------------------------------------------------------
  0   |   2692.   2366.   3393.   3007.   2707.    978.   3117.   3244.   4134.   3170.   1887.   2667.   2533.   3190.   1966.
  1   |   8040.   8168.  13359.   6760.  10092.  14227.   2306.  13072.   9184.   9946.   9133.   5803.   8465.  13577.  10795.
  2   |  10602.  13987.  26223.  15162.  12982.  30082.  19026.   5478.  20941.  12581.  16391.  16092.  10556.  25797.  25946.
  3   |  21844.  15891.  38113.  25361.  24996.  32701.  34017.  38118.   7390.  24425.  17790.  24843.  25201.  27308.  41389.
  4   |  22501.  24235.  31573.  26791.  30823.  45637.  26629.  49179.  36899.   6268.  25417.  19919.  28782.  47524.  31359.
  5   |  32621.  17946.  34443.  15663.  23356.  40069.  26080.  27256.  33389.  22139.   4666.  20431.  16589.  38801.  38304.
  6   |  17311.  25365.  24710.  16526.  13289.  29341.  22059.  25744.  17800.  19381.  16028.   3654.  16585.  21664.  30054.
  7   |  12726.  13327.  34307.  11634.  13853.  16350.  15776.  21281.  16388.  10140.  13852.  12413.   2936.  21272.  16335.
  8   |   6494.   7864.  14552.  12847.   7832.  13743.   6993.  12226.  10801.   7446.   5808.   8610.   8008.   3038.  12824.
  9   |  13165.  11918.  22813.  14261.  18155.  26397.  17392.  18753.  14980.  11882.  11126.  10770.  12607.  21424.  14499.
------+------------------------------------------------------------------------------------------------------------------------
       x 10 ^ 3                                
 
 
        Catch in Number
        ---------------
------+--------
AGE   |    2002
------+--------
  0   |   3648.
  1   |   5079.
  2   |  15801.
  3   |  32068.
  4   |  36797.
  5   |  19571.
  6   |  23019.
  7   |  17629.
  8   |   7632.
  9   |  12934.
------+--------
       x 10 ^ 3                                
 
 
 
        Predicted Catch in Number
        -------------------------
------+----------------------------------------------------------------------------------------
AGE   |    1992    1993    1994    1995    1996    1997    1998    1999    2000    2001    2002
------+----------------------------------------------------------------------------------------
  0   |    978.   3117.   3244.   4134.   3170.   1887.   2667.   2533.   3190.   1966.   3648.
  1   |  14227.   2306.  13072.   9184.   9946.   9133.   5803.   8465.  13577.  10795.   5079.
  2   |  30082.  19026.   5478.  20941.  12581.  16391.  16092.  10556.  25797.  25946.  15801.
  3   |  32701.  34017.  38118.   7390.  24425.  17790.  24843.  25201.  27308.  41389.  32068.
  4   |  45637.  26629.  49179.  36899.   6268.  25417.  19919.  28782.  47524.  31359.  36797.
  5   |  40069.  26080.  27256.  33389.  22139.   4666.  20431.  16589.  38801.  38304.  19571.
  6   |  29341.  22059.  25744.  17800.  19381.  16028.   3654.  16585.  21664.  30054.  23019.
  7   |  16350.  15776.  21281.  16388.  10140.  13852.  12413.   2936.  21272.  16335.  17629.
  8   |  13743.   6993.  12226.  10801.   7446.   5808.   8610.   8008.   3038.  12824.   7632.
------+----------------------------------------------------------------------------------------
       x 10 ^ 3                                
 
 
 
        Weights at age in the catches (Kg)
        ----------------------------------
------+------------------------------------------------------------------------------------------------------------------------
AGE   |    1972    1973    1974    1975    1976    1977    1978    1979    1980    1981    1982    1983    1984    1985    1986
------+------------------------------------------------------------------------------------------------------------------------
  0   | 0.05200 0.05000 0.05100 0.05000 0.05900 0.05600 0.03600 0.01600 0.05700 0.06000 0.05300 0.05000 0.03100 0.05500 0.03900
  1   | 0.13500 0.14500 0.13600 0.14800 0.13700 0.13600 0.13500 0.13700 0.13100 0.13200 0.13100 0.16800 0.10200 0.14400 0.14600
  2   | 0.27700 0.19400 0.22900 0.17700 0.20700 0.16900 0.16100 0.16100 0.24900 0.24800 0.24900 0.21900 0.18400 0.26200 0.24500
  3   | 0.34100 0.28500 0.26100 0.25900 0.26300 0.27500 0.25000 0.24300 0.28500 0.28700 0.28500 0.27600 0.29500 0.35700 0.33500
  4   | 0.42300 0.36800 0.33400 0.32300 0.32000 0.33300 0.32500 0.31800 0.34500 0.34400 0.34500 0.31000 0.32600 0.41800 0.42300
  5   | 0.46800 0.44800 0.39200 0.34800 0.34600 0.35200 0.34500 0.34800 0.37800 0.37700 0.37800 0.38600 0.34400 0.41700 0.47100
  6   | 0.46800 0.46800 0.48100 0.43000 0.40600 0.40700 0.40300 0.40100 0.45400 0.45400 0.45400 0.42500 0.43100 0.43600 0.44400
  7   | 0.50800 0.50800 0.50800 0.48800 0.44300 0.44600 0.42100 0.41600 0.49800 0.49900 0.49600 0.43500 0.54200 0.52100 0.45700
  8   | 0.53900 0.53900 0.53900 0.53900 0.51800 0.54600 0.51800 0.50600 0.52000 0.51300 0.51300 0.49800 0.48000 0.55500 0.54300
  9   | 0.59515 0.60025 0.61492 0.61749 0.59725 0.56733 0.55928 0.54263 0.56439 0.56192 0.56115 0.58388 0.59941 0.63368 0.62557
------+------------------------------------------------------------------------------------------------------------------------
                                               
 
 
        Weights at age in the catches (Kg)
        ----------------------------------
------+------------------------------------------------------------------------------------------------------------------------
AGE   |    1987    1988    1989    1990    1991    1992    1993    1994    1995    1996    1997    1998    1999    2000    2001
------+------------------------------------------------------------------------------------------------------------------------
  0   | 0.07600 0.05500 0.04900 0.08500 0.06800 0.05100 0.06100 0.04600 0.07200 0.05800 0.07600 0.06500 0.06200 0.06300 0.06900
  1   | 0.17900 0.13300 0.13600 0.15600 0.15600 0.16700 0.13400 0.13600 0.14300 0.14300 0.14300 0.15700 0.17600 0.13500 0.17100
  2   | 0.22300 0.25900 0.23700 0.23300 0.25300 0.23900 0.24000 0.25500 0.23400 0.22600 0.23000 0.22700 0.23600 0.22900 0.22300
  3   | 0.31800 0.32300 0.32000 0.33600 0.32700 0.33300 0.31700 0.33900 0.33300 0.31300 0.29500 0.31000 0.30700 0.30800 0.30700
  4   | 0.39900 0.38800 0.37700 0.37900 0.39400 0.39700 0.37600 0.39000 0.39000 0.37700 0.35900 0.35400 0.36100 0.36700 0.37800
  5   | 0.47400 0.45600 0.43300 0.42300 0.42300 0.46000 0.43600 0.44800 0.45200 0.42500 0.41500 0.40800 0.40600 0.42900 0.42600
  6   | 0.51200 0.52400 0.45600 0.46700 0.46900 0.49500 0.48300 0.51200 0.50100 0.48400 0.45300 0.45200 0.45400 0.46700 0.47700
  7   | 0.49300 0.55500 0.54300 0.52800 0.50600 0.53200 0.52700 0.54300 0.53900 0.51800 0.48100 0.46200 0.50100 0.50400 0.49900
  8   | 0.49800 0.55500 0.59200 0.55200 0.55400 0.55500 0.54800 0.59000 0.57700 0.55100 0.52400 0.51800 0.53700 0.53700 0.54300
  9   | 0.61717 0.60039 0.61437 0.62131 0.62875 0.63790 0.61551 0.64075 0.61383 0.59730 0.57503 0.57608 0.59498 0.58881 0.61371
------+------------------------------------------------------------------------------------------------------------------------
                                               
 
 
        Weights at age in the catches (Kg)
        ----------------------------------
------+--------
AGE   |    2002
------+--------
  0   | 0.05200
  1   | 0.15900
  2   | 0.25500
  3   | 0.30700
  4   | 0.36900
  5   | 0.42600
  6   | 0.46400
  7   | 0.51400
  8   | 0.53900
  9   | 0.61149
------+--------
                                               
 
 
 
        Weights at age in the stock (Kg)
        --------------------------------
------+------------------------------------------------------------------------------------------------------------------------
AGE   |    1972    1973    1974    1975    1976    1977    1978    1979    1980    1981    1982    1983    1984    1985    1986
------+------------------------------------------------------------------------------------------------------------------------
  0   | 0.00800 0.00800 0.00800 0.00800 0.00800 0.00800 0.00800 0.00800 0.00800 0.00800 0.00800 0.00800 0.00000 0.00000 0.00000
  1   | 0.13200 0.13200 0.13000 0.12900 0.12800 0.12700 0.11100 0.11000 0.10900 0.08700 0.08600 0.08600 0.08100 0.08500 0.07700
  2   | 0.17800 0.17700 0.17300 0.17100 0.17000 0.16700 0.17500 0.17400 0.17300 0.18600 0.13500 0.17200 0.19400 0.16500 0.17900
  3   | 0.24300 0.24200 0.23800 0.23600 0.23600 0.23300 0.23800 0.23700 0.23600 0.25200 0.22100 0.23500 0.25300 0.29300 0.26700
  4   | 0.41100 0.30100 0.29600 0.29400 0.29300 0.28900 0.30000 0.29900 0.29700 0.31300 0.28000 0.28000 0.29500 0.30600 0.30400
  5   | 0.35500 0.43800 0.32200 0.31800 0.31800 0.31300 0.34600 0.34500 0.34300 0.32300 0.38500 0.33900 0.32400 0.34100 0.35600
  6   | 0.39800 0.39800 0.46900 0.36500 0.36500 0.36100 0.38200 0.38000 0.37900 0.37800 0.35300 0.37700 0.39300 0.38400 0.35100
  7   | 0.43300 0.43300 0.43300 0.49700 0.41900 0.41600 0.41000 0.40800 0.40700 0.41900 0.40800 0.40400 0.43600 0.43000 0.41600
  8   | 0.45900 0.45900 0.45900 0.45900 0.51200 0.44600 0.43200 0.43000 0.42900 0.43400 0.43700 0.43900 0.44100 0.45900 0.47300
  9   | 0.50995 0.51450 0.52979 0.53211 0.51045 0.52758 0.50297 0.49677 0.48394 0.46929 0.48048 0.51214 0.49841 0.54880 0.47510
------+------------------------------------------------------------------------------------------------------------------------
                                               
 
 
        Weights at age in the stock (Kg)
        --------------------------------
------+------------------------------------------------------------------------------------------------------------------------
AGE   |    1987    1988    1989    1990    1991    1992    1993    1994    1995    1996    1997    1998    1999    2000    2001
------+------------------------------------------------------------------------------------------------------------------------
  0   | 0.00000 0.00000 0.00000 0.00000 0.00000 0.00000 0.00000 0.00000 0.00000 0.00000 0.00000 0.00000 0.00000 0.00000 0.00000
  1   | 0.07800 0.07200 0.07600 0.07400 0.07500 0.07800 0.07800 0.07900 0.08100 0.07600 0.07600 0.07700 0.08100 0.07400 0.07800
  2   | 0.14800 0.15600 0.17700 0.13800 0.15500 0.21200 0.19700 0.17800 0.16400 0.13300 0.18600 0.14900 0.19400 0.18500 0.16400
  3   | 0.24000 0.23700 0.24400 0.22200 0.23000 0.25900 0.26800 0.23700 0.26700 0.25100 0.22800 0.22300 0.24200 0.23500 0.24100
  4   | 0.28600 0.30100 0.30600 0.28700 0.30700 0.31000 0.31500 0.30100 0.32600 0.31700 0.29600 0.28500 0.30100 0.28900 0.34200
  5   | 0.37400 0.32900 0.35200 0.33900 0.35700 0.36200 0.36000 0.36100 0.39800 0.36600 0.36100 0.34200 0.35300 0.35000 0.39000
  6   | 0.38600 0.42300 0.38000 0.37300 0.40900 0.40200 0.41600 0.41300 0.44800 0.44400 0.40200 0.40000 0.39600 0.39000 0.44600
  7   | 0.41100 0.44500 0.42900 0.41400 0.43200 0.42400 0.45400 0.46600 0.49100 0.46200 0.44500 0.42600 0.42300 0.42600 0.45900
  8   | 0.42900 0.43200 0.47400 0.40900 0.50200 0.46200 0.46500 0.47000 0.50800 0.50100 0.47800 0.46600 0.44000 0.44700 0.49900
  9   | 0.49526 0.51498 0.48789 0.48559 0.55544 0.52316 0.52970 0.54656 0.56532 0.58208 0.53293 0.53069 0.49444 0.50089 0.57928
------+------------------------------------------------------------------------------------------------------------------------
                                               
 
 
        Weights at age in the stock (Kg)
        --------------------------------
------+--------
AGE   |    2002
------+--------
  0   | 0.00000
  1   | 0.07800
  2   | 0.18100
  3   | 0.23900
  4   | 0.31100
  5   | 0.36400
  6   | 0.41100
  7   | 0.43600
  8   | 0.46200
  9   | 0.52107
------+--------
                                               
 
 
 
        Natural Mortality (per year)
        ----------------------------
------+------------------------------------------------------------------------------------------------------------------------
AGE   |    1972    1973    1974    1975    1976    1977    1978    1979    1980    1981    1982    1983    1984    1985    1986
------+------------------------------------------------------------------------------------------------------------------------
  0   | 0.15000 0.15000 0.15000 0.15000 0.15000 0.15000 0.15000 0.15000 0.15000 0.15000 0.15000 0.15000 0.15000 0.15000 0.15000
  1   | 0.15000 0.15000 0.15000 0.15000 0.15000 0.15000 0.15000 0.15000 0.15000 0.15000 0.15000 0.15000 0.15000 0.15000 0.15000
  2   | 0.15000 0.15000 0.15000 0.15000 0.15000 0.15000 0.15000 0.15000 0.15000 0.15000 0.15000 0.15000 0.15000 0.15000 0.15000
  3   | 0.15000 0.15000 0.15000 0.15000 0.15000 0.15000 0.15000 0.15000 0.15000 0.15000 0.15000 0.15000 0.15000 0.15000 0.15000
  4   | 0.15000 0.15000 0.15000 0.15000 0.15000 0.15000 0.15000 0.15000 0.15000 0.15000 0.15000 0.15000 0.15000 0.15000 0.15000
  5   | 0.15000 0.15000 0.15000 0.15000 0.15000 0.15000 0.15000 0.15000 0.15000 0.15000 0.15000 0.15000 0.15000 0.15000 0.15000
  6   | 0.15000 0.15000 0.15000 0.15000 0.15000 0.15000 0.15000 0.15000 0.15000 0.15000 0.15000 0.15000 0.15000 0.15000 0.15000
  7   | 0.15000 0.15000 0.15000 0.15000 0.15000 0.15000 0.15000 0.15000 0.15000 0.15000 0.15000 0.15000 0.15000 0.15000 0.15000
  8   | 0.15000 0.15000 0.15000 0.15000 0.15000 0.15000 0.15000 0.15000 0.15000 0.15000 0.15000 0.15000 0.15000 0.15000 0.15000
  9   | 0.15000 0.15000 0.15000 0.15000 0.15000 0.15000 0.15000 0.15000 0.15000 0.15000 0.15000 0.15000 0.15000 0.15000 0.15000
------+------------------------------------------------------------------------------------------------------------------------
                                               
 
 
        Natural Mortality (per year)
        ----------------------------
------+------------------------------------------------------------------------------------------------------------------------
AGE   |    1987    1988    1989    1990    1991    1992    1993    1994    1995    1996    1997    1998    1999    2000    2001
------+------------------------------------------------------------------------------------------------------------------------
  0   | 0.15000 0.15000 0.15000 0.15000 0.15000 0.15000 0.15000 0.15000 0.15000 0.15000 0.15000 0.15000 0.15000 0.15000 0.15000
  1   | 0.15000 0.15000 0.15000 0.15000 0.15000 0.15000 0.15000 0.15000 0.15000 0.15000 0.15000 0.15000 0.15000 0.15000 0.15000
  2   | 0.15000 0.15000 0.15000 0.15000 0.15000 0.15000 0.15000 0.15000 0.15000 0.15000 0.15000 0.15000 0.15000 0.15000 0.15000
  3   | 0.15000 0.15000 0.15000 0.15000 0.15000 0.15000 0.15000 0.15000 0.15000 0.15000 0.15000 0.15000 0.15000 0.15000 0.15000
  4   | 0.15000 0.15000 0.15000 0.15000 0.15000 0.15000 0.15000 0.15000 0.15000 0.15000 0.15000 0.15000 0.15000 0.15000 0.15000
  5   | 0.15000 0.15000 0.15000 0.15000 0.15000 0.15000 0.15000 0.15000 0.15000 0.15000 0.15000 0.15000 0.15000 0.15000 0.15000
  6   | 0.15000 0.15000 0.15000 0.15000 0.15000 0.15000 0.15000 0.15000 0.15000 0.15000 0.15000 0.15000 0.15000 0.15000 0.15000
  7   | 0.15000 0.15000 0.15000 0.15000 0.15000 0.15000 0.15000 0.15000 0.15000 0.15000 0.15000 0.15000 0.15000 0.15000 0.15000
  8   | 0.15000 0.15000 0.15000 0.15000 0.15000 0.15000 0.15000 0.15000 0.15000 0.15000 0.15000 0.15000 0.15000 0.15000 0.15000
  9   | 0.15000 0.15000 0.15000 0.15000 0.15000 0.15000 0.15000 0.15000 0.15000 0.15000 0.15000 0.15000 0.15000 0.15000 0.15000
------+------------------------------------------------------------------------------------------------------------------------
                                               
 
 
        Natural Mortality (per year)
        ----------------------------
------+--------
AGE   |    2002
------+--------
  0   | 0.15000
  1   | 0.15000
  2   | 0.15000
  3   | 0.15000
  4   | 0.15000
  5   | 0.15000
  6   | 0.15000
  7   | 0.15000
  8   | 0.15000
  9   | 0.15000
------+--------
                                               
 
 
 
        Proportion of fish spawning
        ---------------------------
------+------------------------------------------------------------------------------------------------------------------------
AGE   |    1972    1973    1974    1975    1976    1977    1978    1979    1980    1981    1982    1983    1984    1985    1986
------+------------------------------------------------------------------------------------------------------------------------
  0   |  0.0000  0.0000  0.0000  0.0000  0.0000  0.0000  0.0000  0.0000  0.0000  0.0000  0.0000  0.0000  0.0000  0.0000  0.0000
  1   |  0.0500  0.0500  0.0500  0.0600  0.0600  0.0600  0.0600  0.0600  0.0600  0.0700  0.0700  0.0700  0.0700  0.0700  0.0700
  2   |  0.5300  0.5400  0.5400  0.5500  0.5500  0.5500  0.5600  0.5600  0.5700  0.5700  0.5700  0.5800  0.5800  0.5800  0.5800
  3   |  0.9000  0.9000  0.9000  0.8900  0.8900  0.8900  0.8900  0.8900  0.8900  0.8800  0.8800  0.8800  0.8800  0.8800  0.8800
  4   |  0.9800  0.9800  0.9800  0.9800  0.9800  0.9800  0.9800  0.9800  0.9800  0.9800  0.9800  0.9800  0.9700  0.9700  0.9700
  5   |  0.9800  0.9800  0.9800  0.9800  0.9800  0.9800  0.9800  0.9800  0.9800  0.9800  0.9800  0.9800  0.9700  0.9700  0.9700
  6   |  0.9900  0.9900  0.9900  0.9900  0.9900  0.9900  0.9900  0.9900  0.9900  0.9900  0.9900  0.9900  0.9900  0.9900  0.9900
  7   |  1.0000  1.0000  1.0000  1.0000  1.0000  1.0000  1.0000  1.0000  1.0000  1.0000  1.0000  1.0000  1.0000  1.0000  1.0000
  8   |  1.0000  1.0000  1.0000  1.0000  1.0000  1.0000  1.0000  1.0000  1.0000  1.0000  1.0000  1.0000  1.0000  1.0000  1.0000
  9   |  1.0000  1.0000  1.0000  1.0000  1.0000  1.0000  1.0000  1.0000  1.0000  1.0000  1.0000  1.0000  1.0000  1.0000  1.0000
------+------------------------------------------------------------------------------------------------------------------------
                                               
 
 
        Proportion of fish spawning
        ---------------------------
------+------------------------------------------------------------------------------------------------------------------------
AGE   |    1987    1988    1989    1990    1991    1992    1993    1994    1995    1996    1997    1998    1999    2000    2001
------+------------------------------------------------------------------------------------------------------------------------
  0   |  0.0000  0.0000  0.0000  0.0000  0.0000  0.0000  0.0000  0.0000  0.0000  0.0000  0.0000  0.0000  0.0000  0.0000  0.0000
  1   |  0.0700  0.0700  0.0700  0.0700  0.0700  0.0700  0.0700  0.0700  0.0700  0.0700  0.0700  0.0700  0.0700  0.0700  0.0700
  2   |  0.5800  0.5800  0.5800  0.5800  0.5800  0.5800  0.5800  0.5800  0.5800  0.5800  0.5800  0.5800  0.5800  0.5800  0.5900
  3   |  0.8800  0.8800  0.8800  0.8800  0.8800  0.8800  0.8800  0.8800  0.8800  0.8800  0.8800  0.8600  0.8600  0.8600  0.8800
  4   |  0.9700  0.9700  0.9700  0.9700  0.9700  0.9700  0.9700  0.9700  0.9700  0.9700  0.9700  0.9800  0.9800  0.9800  0.9700
  5   |  0.9700  0.9700  0.9700  0.9700  0.9700  0.9700  0.9700  0.9700  0.9700  0.9700  0.9700  0.9800  0.9800  0.9800  0.9700
  6   |  0.9900  0.9900  0.9900  0.9900  0.9900  0.9900  0.9900  0.9900  0.9900  0.9900  0.9900  0.9900  0.9900  0.9900  0.9900
  7   |  1.0000  1.0000  1.0000  1.0000  1.0000  1.0000  1.0000  1.0000  1.0000  1.0000  1.0000  1.0000  1.0000  1.0000  1.0000
  8   |  1.0000  1.0000  1.0000  1.0000  1.0000  1.0000  1.0000  1.0000  1.0000  1.0000  1.0000  1.0000  1.0000  1.0000  1.0000
  9   |  1.0000  1.0000  1.0000  1.0000  1.0000  1.0000  1.0000  1.0000  1.0000  1.0000  1.0000  1.0000  1.0000  1.0000  1.0000
------+------------------------------------------------------------------------------------------------------------------------
                                               
 
 
        Proportion of fish spawning
        ---------------------------
------+--------
AGE   |    2002
------+--------
  0   |  0.0000
  1   |  0.0700
  2   |  0.5900
  3   |  0.8800
  4   |  0.9700
  5   |  0.9700
  6   |  0.9900
  7   |  1.0000
  8   |  1.0000
  9   |  1.0000
------+--------
                                               
 
 
 
 INDICES OF SPAWNING BIOMASS                                                    
  
 ----------------------------
 
          INDEX
        -------
------+------------------------------------------------------------------------------------------------------------------------
      |    1972    1973    1974    1975    1976    1977    1978    1979    1980    1981    1982    1983    1984    1985    1986
------+------------------------------------------------------------------------------------------------------------------------
  1   | ******* ******* ******* ******* ******* ******* ******* ******* ******* ******* ******* ******* ******* ******* *******
------+------------------------------------------------------------------------------------------------------------------------
       x 10 ^ 3                                
 
 
          INDEX
        -------
------+------------------------------------------------------------------------------------------------------------------------
      |    1987    1988    1989    1990    1991    1992    1993    1994    1995    1996    1997    1998    1999    2000    2001
------+------------------------------------------------------------------------------------------------------------------------
  1   | *******  311.21  311.46  282.44  310.79  317.59  309.48  268.58  255.15  238.65  247.39  256.56  285.00  283.88  296.08
------+------------------------------------------------------------------------------------------------------------------------
       x 10 ^ 3                                
 
 
          INDEX
        -------
------+--------
      |    2002
------+--------
  1   |  272.20
------+--------
       x 10 ^ 3                                
 
 
 
 AGE-STRUCTURED INDICES                                                         
  
 -----------------------
 
        FLT01: Dummy survey
        -------------------
------+--------------------------------
AGE   |    1981    1982    1983    1984
------+--------------------------------
  1   |  266.10  203.00   43.60   15.24
  2   |  506.40  435.90  712.70   79.51
  3   |  225.10  483.60  444.60  661.83
  4   |   31.70  184.10  391.60  374.60
  5   |  174.80   24.70  130.40  238.20
  6   |  158.50  136.60   20.20   92.00
  7   |   99.50  108.60   91.30   15.54
  8   |  116.60   84.50   70.90   51.47
  9   |   35.30   87.00   47.10   39.27
------+--------------------------------
       x 10 ^ 3                                
 
 
 
        Fishing Mortality (per year)
        ----------------------------
------+------------------------------------------------------------------------------------------------------------------------
AGE   |    1972    1973    1974    1975    1976    1977    1978    1979    1980    1981    1982    1983    1984    1985    1986
------+------------------------------------------------------------------------------------------------------------------------
  0   | 0.00661 0.00659 0.00725 0.00965 0.00866 0.00833 0.00749 0.00952 0.00843 0.00965 0.00560 0.00778 0.00941 0.01005 0.00523
  1   | 0.02503 0.02496 0.02745 0.03654 0.03276 0.03154 0.02834 0.03604 0.03192 0.03650 0.02118 0.02944 0.03560 0.03803 0.01978
  2   | 0.05539 0.05524 0.06075 0.08087 0.07250 0.06980 0.06274 0.07976 0.07065 0.08080 0.04687 0.06515 0.07879 0.08418 0.04377
  3   | 0.10928 0.10898 0.11985 0.15954 0.14303 0.13772 0.12377 0.15736 0.13939 0.15941 0.09247 0.12854 0.15543 0.16607 0.08636
  4   | 0.16707 0.16661 0.18322 0.24390 0.21867 0.21054 0.18922 0.24057 0.21310 0.24370 0.14137 0.19651 0.23763 0.25388 0.13202
  5   | 0.19002 0.18950 0.20839 0.27742 0.24871 0.23947 0.21522 0.27362 0.24237 0.27718 0.16079 0.22352 0.27027 0.28877 0.15016
  6   | 0.21489 0.21431 0.23567 0.31373 0.28127 0.27081 0.24339 0.30944 0.27410 0.31346 0.18184 0.25277 0.30565 0.32657 0.16982
  7   | 0.24619 0.24552 0.27000 0.35942 0.32223 0.31025 0.27884 0.35451 0.31402 0.35911 0.20832 0.28959 0.35017 0.37413 0.19455
  8   | 0.22802 0.22740 0.25007 0.33290 0.29845 0.28736 0.25826 0.32835 0.29085 0.33262 0.19295 0.26822 0.32433 0.34652 0.18020
  9   | 0.22802 0.22740 0.25007 0.33290 0.29845 0.28736 0.25826 0.32835 0.29085 0.33262 0.19295 0.26822 0.32433 0.34652 0.18020
------+------------------------------------------------------------------------------------------------------------------------
                                               
 
 
        Fishing Mortality (per year)
        ----------------------------
------+------------------------------------------------------------------------------------------------------------------------
AGE   |    1987    1988    1989    1990    1991    1992    1993    1994    1995    1996    1997    1998    1999    2000    2001
------+------------------------------------------------------------------------------------------------------------------------
  0   | 0.00561 0.00529 0.00935 0.00581 0.00607 0.01001 0.00738 0.00972 0.00862 0.00647 0.00581 0.00556 0.00548 0.00920 0.00978
  1   | 0.02122 0.02002 0.03540 0.02199 0.02298 0.03789 0.02795 0.03678 0.03264 0.02450 0.02198 0.02103 0.02075 0.03483 0.03701
  2   | 0.04697 0.04431 0.07836 0.04868 0.05087 0.08387 0.06186 0.08140 0.07224 0.05423 0.04865 0.04654 0.04594 0.07709 0.08192
  3   | 0.09267 0.08742 0.15460 0.09604 0.10036 0.16547 0.12204 0.16059 0.14252 0.10700 0.09598 0.09182 0.09063 0.15210 0.16162
  4   | 0.14168 0.13365 0.23634 0.14682 0.15343 0.25297 0.18658 0.24551 0.21788 0.16358 0.14673 0.14038 0.13855 0.23252 0.24708
  5   | 0.16114 0.15201 0.26882 0.16700 0.17451 0.28773 0.21221 0.27924 0.24782 0.18605 0.16689 0.15967 0.15758 0.26447 0.28102
  6   | 0.18224 0.17191 0.30400 0.18886 0.19735 0.32539 0.23999 0.31579 0.28026 0.21041 0.18873 0.18057 0.17821 0.29909 0.31781
  7   | 0.20878 0.19694 0.34828 0.21636 0.22609 0.37278 0.27494 0.36178 0.32107 0.24105 0.21622 0.20686 0.20416 0.34265 0.36410
  8   | 0.19337 0.18241 0.32258 0.20039 0.20941 0.34527 0.25465 0.33509 0.29738 0.22326 0.20026 0.19160 0.18910 0.31737 0.33723
  9   | 0.19337 0.18241 0.32258 0.20039 0.20941 0.34527 0.25465 0.33509 0.29738 0.22326 0.20026 0.19160 0.18910 0.31737 0.33723
------+------------------------------------------------------------------------------------------------------------------------
                                               
 
 
        Fishing Mortality (per year)
        ----------------------------
------+--------
AGE   |    2002
------+--------
  0   | 0.00791
  1   | 0.02993
  2   | 0.06624
  3   | 0.13069
  4   | 0.19979
  5   | 0.22725
  6   | 0.25699
  7   | 0.29442
  8   | 0.27269
  9   | 0.27269
------+--------
                                               
 
 
 
        Population Abundance (1 January)
        --------------------------------
------+------------------------------------------------------------------------------------------------------------------------
AGE   |    1972    1973    1974    1975    1976    1977    1978    1979    1980    1981    1982    1983    1984    1985    1986
------+------------------------------------------------------------------------------------------------------------------------
  0   |  498.74  482.83  413.21  759.90  217.56  528.90  752.85  438.51  518.38  528.90  752.85  413.21  456.09  345.84  481.40
  1   |  437.76  426.44  412.85  353.09  647.77  185.64  451.45  643.15  373.85  442.42  450.86  644.37  352.90  388.88  294.69
  2   |  346.59  367.47  357.99  345.72  293.00  539.57  154.82  377.71  533.97  311.67  367.15  379.93  538.53  293.12  322.22
  3   |  245.52  282.24  299.29  289.97  274.45  234.55  433.10  125.15  300.17  428.24  247.43  301.54  306.38  428.40  231.93
  4   |  338.61  189.44  217.84  228.50  212.77  204.74  175.91  329.38   92.04  224.75  314.28  194.16  228.23  225.74  312.30
  5   |  193.05  246.60  138.03  156.11  154.11  147.16  142.76  125.30  222.88   64.01  151.60  234.84  137.30  154.89  150.73
  6   |   50.26  137.41  175.61   96.46  101.81  103.43   99.69   99.08   82.03  150.54   41.76  111.11  161.64   90.19   99.88
  7   |   16.99   34.89   95.45  119.41   60.66   66.15   67.91   67.27   62.59   53.68   94.71   29.97   74.27  102.49   56.00
  8   |   60.16   11.44   23.49   62.72   71.75   37.83   41.75   44.22   40.62   39.35   32.26   66.19   19.31   45.04   60.68
  9   |   85.70   96.64   66.49   53.35   63.34   78.81   73.98   74.27   66.87   61.32   58.13   59.30   77.51   55.56   56.93
------+------------------------------------------------------------------------------------------------------------------------
       x 10 ^ 6                                
 
 
        Population Abundance (1 January)
        --------------------------------
------+------------------------------------------------------------------------------------------------------------------------
AGE   |    1987    1988    1989    1990    1991    1992    1993    1994    1995    1996    1997    1998    1999    2000    2001
------+------------------------------------------------------------------------------------------------------------------------
  0   |  518.38  482.83  392.36  558.82  481.40  105.69  456.09  361.17  518.38  528.90  350.87  518.38  498.74  374.98  217.56
  1   |  412.18  443.68  413.39  334.56  478.20  411.84   90.06  389.67  307.85  442.34  452.29  300.25  443.70  426.92  319.79
  2   |  248.67  347.32  374.31  343.43  281.70  402.24  341.29   75.38  323.28  256.46  371.51  380.83  253.05  374.05  354.87
  3   |  265.46  204.21  285.98  297.89  281.55  230.43  318.36  276.13   59.81  258.86  209.09  304.58  312.87  208.02  298.06
  4   |  183.10  208.26  161.05  210.89  232.92  219.19  168.09  242.53  202.41   44.64  200.19  163.49  239.15  245.96  153.78
  5   |  235.56  136.78  156.83  109.44  156.73  171.96  146.49  120.05  163.30  140.11   32.62  148.79  122.29  179.21  167.78
  6   |  111.65  172.57  101.13  103.17   79.71  113.30  111.00  101.98   78.15  109.71  100.12   23.76  109.17   89.91  118.40
  7   |   72.54   80.09  125.07   64.22   73.51   56.32   70.43   75.15   64.01   50.83   76.51   71.35   17.07   78.62   57.38
  8   |   39.68   50.67   56.61   75.99   44.52   50.47   33.39   46.05   45.05   39.96   34.38   53.05   49.94   11.98   48.04
  9   |   80.44   76.79   88.74   84.36  103.21   96.94   83.05   70.63   62.48   63.77   65.85   66.36   78.61   84.50   54.31
------+------------------------------------------------------------------------------------------------------------------------
       x 10 ^ 6                                
 
 
        Population Abundance (1 January)
        --------------------------------
------+----------------
AGE   |    2002    2003
------+----------------
  0   |  498.74  299.17
  1   |  185.43  425.88
  2   |  265.25  154.90
  3   |  281.42  213.67
  4   |  218.26  212.55
  5   |  103.39  153.84
  6   |  109.03   70.90
  7   |   74.16   72.58
  8   |   34.32   47.55
  9   |   58.16   60.60
------+----------------
       x 10 ^ 6                                
 
 
 
        Weighting factors for the catches in number
        -------------------------------------------
------+----------------------------------------------------------------------------------------
AGE   |    1992    1993    1994    1995    1996    1997    1998    1999    2000    2001    2002
------+----------------------------------------------------------------------------------------
  0   |  0.0200  0.0200  0.0200  0.0200  0.0200  0.0200  0.0200  0.0200  0.0200  0.0200  0.0200
  1   |  1.0000  1.0000  1.0000  1.0000  1.0000  1.0000  1.0000  1.0000  1.0000  1.0000  1.0000
  2   |  1.0000  1.0000  1.0000  1.0000  1.0000  1.0000  1.0000  1.0000  1.0000  1.0000  1.0000
  3   |  1.0000  1.0000  1.0000  1.0000  1.0000  1.0000  1.0000  1.0000  1.0000  1.0000  1.0000
  4   |  1.0000  1.0000  1.0000  1.0000  1.0000  1.0000  1.0000  1.0000  1.0000  1.0000  1.0000
  5   |  1.0000  1.0000  1.0000  1.0000  1.0000  1.0000  1.0000  1.0000  1.0000  1.0000  1.0000
  6   |  1.0000  1.0000  1.0000  1.0000  1.0000  1.0000  1.0000  1.0000  1.0000  1.0000  1.0000
  7   |  1.0000  1.0000  1.0000  1.0000  1.0000  1.0000  1.0000  1.0000  1.0000  1.0000  1.0000
  8   |  1.0000  1.0000  1.0000  1.0000  1.0000  1.0000  1.0000  1.0000  1.0000  1.0000  1.0000
------+----------------------------------------------------------------------------------------
                                               
 
 
 
 Predicted SSB Index Values                                                     
  
 ---------------------------
 
          INDEX
        -------
------+------------------------------------------------------------------------------------------------------------------------
      |    1972    1973    1974    1975    1976    1977    1978    1979    1980    1981    1982    1983    1984    1985    1986
------+------------------------------------------------------------------------------------------------------------------------
  1   | ******* ******* ******* ******* ******* ******* ******* ******* ******* ******* ******* ******* ******* ******* *******
------+------------------------------------------------------------------------------------------------------------------------
       x 10 ^ 3                                
 
 
          INDEX
        -------
------+------------------------------------------------------------------------------------------------------------------------
      |    1987    1988    1989    1990    1991    1992    1993    1994    1995    1996    1997    1998    1999    2000    2001
------+------------------------------------------------------------------------------------------------------------------------
  1   | *******  311.21  311.46  282.44  310.79  317.59  309.48  268.58  255.16  238.65  247.39  256.56  285.00  283.88  296.08
------+------------------------------------------------------------------------------------------------------------------------
       x 10 ^ 3                                
 
 
          INDEX
        -------
------+--------
      |    2002
------+--------
  1   |  272.20
------+--------
       x 10 ^ 3                                
 
 
 
 Predicted Age-Structured Index Values                                          
  
 --------------------------------------
 
        FLT01: Dummy survey Predicted
        -----------------------------
------+--------------------------------
AGE   |    1981    1982    1983    1984
------+--------------------------------
  1   |   73.97   76.01  108.15   59.03
  2   |  264.58  317.55  325.31  457.67
  3   |  567.96  340.47  406.76  407.23
  4   |  159.09  235.35  141.05  162.10
  5   |   50.55  127.63  191.00  108.83
  6   |  113.16   33.75   86.35  122.03
  7   |   56.12  107.57   32.55   78.03
  8   |   82.92   73.41  144.50   40.87
  9   |   45.70   46.78   45.79   58.03
------+--------------------------------
       x 10 ^ 3                                
 
 
 
        Fitted Selection Pattern
        ------------------------
------+------------------------------------------------------------------------------------------------------------------------
AGE   |    1972    1973    1974    1975    1976    1977    1978    1979    1980    1981    1982    1983    1984    1985    1986
------+------------------------------------------------------------------------------------------------------------------------
  0   |  0.0348  0.0348  0.0348  0.0348  0.0348  0.0348  0.0348  0.0348  0.0348  0.0348  0.0348  0.0348  0.0348  0.0348  0.0348
  1   |  0.1317  0.1317  0.1317  0.1317  0.1317  0.1317  0.1317  0.1317  0.1317  0.1317  0.1317  0.1317  0.1317  0.1317  0.1317
  2   |  0.2915  0.2915  0.2915  0.2915  0.2915  0.2915  0.2915  0.2915  0.2915  0.2915  0.2915  0.2915  0.2915  0.2915  0.2915
  3   |  0.5751  0.5751  0.5751  0.5751  0.5751  0.5751  0.5751  0.5751  0.5751  0.5751  0.5751  0.5751  0.5751  0.5751  0.5751
  4   |  0.8792  0.8792  0.8792  0.8792  0.8792  0.8792  0.8792  0.8792  0.8792  0.8792  0.8792  0.8792  0.8792  0.8792  0.8792
  5   |  1.0000  1.0000  1.0000  1.0000  1.0000  1.0000  1.0000  1.0000  1.0000  1.0000  1.0000  1.0000  1.0000  1.0000  1.0000
  6   |  1.1309  1.1309  1.1309  1.1309  1.1309  1.1309  1.1309  1.1309  1.1309  1.1309  1.1309  1.1309  1.1309  1.1309  1.1309
  7   |  1.2956  1.2956  1.2956  1.2956  1.2956  1.2956  1.2956  1.2956  1.2956  1.2956  1.2956  1.2956  1.2956  1.2956  1.2956
  8   |  1.2000  1.2000  1.2000  1.2000  1.2000  1.2000  1.2000  1.2000  1.2000  1.2000  1.2000  1.2000  1.2000  1.2000  1.2000
  9   |  1.2000  1.2000  1.2000  1.2000  1.2000  1.2000  1.2000  1.2000  1.2000  1.2000  1.2000  1.2000  1.2000  1.2000  1.2000
------+------------------------------------------------------------------------------------------------------------------------
                                               
 
 
        Fitted Selection Pattern
        ------------------------
------+------------------------------------------------------------------------------------------------------------------------
AGE   |    1987    1988    1989    1990    1991    1992    1993    1994    1995    1996    1997    1998    1999    2000    2001
------+------------------------------------------------------------------------------------------------------------------------
  0   |  0.0348  0.0348  0.0348  0.0348  0.0348  0.0348  0.0348  0.0348  0.0348  0.0348  0.0348  0.0348  0.0348  0.0348  0.0348
  1   |  0.1317  0.1317  0.1317  0.1317  0.1317  0.1317  0.1317  0.1317  0.1317  0.1317  0.1317  0.1317  0.1317  0.1317  0.1317
  2   |  0.2915  0.2915  0.2915  0.2915  0.2915  0.2915  0.2915  0.2915  0.2915  0.2915  0.2915  0.2915  0.2915  0.2915  0.2915
  3   |  0.5751  0.5751  0.5751  0.5751  0.5751  0.5751  0.5751  0.5751  0.5751  0.5751  0.5751  0.5751  0.5751  0.5751  0.5751
  4   |  0.8792  0.8792  0.8792  0.8792  0.8792  0.8792  0.8792  0.8792  0.8792  0.8792  0.8792  0.8792  0.8792  0.8792  0.8792
  5   |  1.0000  1.0000  1.0000  1.0000  1.0000  1.0000  1.0000  1.0000  1.0000  1.0000  1.0000  1.0000  1.0000  1.0000  1.0000
  6   |  1.1309  1.1309  1.1309  1.1309  1.1309  1.1309  1.1309  1.1309  1.1309  1.1309  1.1309  1.1309  1.1309  1.1309  1.1309
  7   |  1.2956  1.2956  1.2956  1.2956  1.2956  1.2956  1.2956  1.2956  1.2956  1.2956  1.2956  1.2956  1.2956  1.2956  1.2956
  8   |  1.2000  1.2000  1.2000  1.2000  1.2000  1.2000  1.2000  1.2000  1.2000  1.2000  1.2000  1.2000  1.2000  1.2000  1.2000
  9   |  1.2000  1.2000  1.2000  1.2000  1.2000  1.2000  1.2000  1.2000  1.2000  1.2000  1.2000  1.2000  1.2000  1.2000  1.2000
------+------------------------------------------------------------------------------------------------------------------------
                                               
 
 
        Fitted Selection Pattern
        ------------------------
------+--------
AGE   |    2002
------+--------
  0   |  0.0348
  1   |  0.1317
  2   |  0.2915
  3   |  0.5751
  4   |  0.8792
  5   |  1.0000
  6   |  1.1309
  7   |  1.2956
  8   |  1.2000
  9   |  1.2000
------+--------
                                               
 
 
 
 
 
                    STOCK SUMMARY                                             
 
 
 ³ Year ³  Recruits  ³  Total  ³ Spawning³ Landings ³ Yield ³ Mean F ³ SoP ³    
 ³      ³   Age   0  ³ Biomass ³ Biomass ³          ³ /SSB  ³  Ages  ³     ³ 
 ³      ³  thousands ³  tonnes ³ tonnes  ³ tonnes   ³ ratio ³  4- 7  ³ (%) ³ 
 
   1972       498730    489502    344677     71273   0.2068   0.2045    99
   1973       482830    483296    339010     67854   0.2002   0.2040   100
   1974       413210    468764    327856     73307   0.2236   0.2243   100
   1975       759890    447731    307733     88395   0.2872   0.2986    99
   1976       217560    442231    284351     73424   0.2582   0.2677   100
   1977       528900    401104    282080     68572   0.2431   0.2578   100
   1978       752850    409642    288527     60882   0.2110   0.2317   100
   1979       438500    432360    278796     76004   0.2726   0.2945    99
   1980       518370    418245    282711     73003   0.2582   0.2609   100
   1981       528900    424883    295471     84775   0.2869   0.2984   100
   1982       752850    390822    282487     51443   0.1821   0.1731   100
   1983       413210    442326    303467     71879   0.2369   0.2406   100
   1984       456080    465441    327844     88042   0.2685   0.2909    99
   1985       345830    458703    331043    106671   0.3222   0.3108   100
   1986       481390    404998    310138     55577   0.1792   0.1616   100
   1987       518370    402899    306113     61890   0.2022   0.1735    99
   1988       482830    412286    311209     59766   0.1920   0.1636    99
   1989       392350    434149    311460     99738   0.3202   0.2894    99
   1990       558820    373023    282441     59956   0.2123   0.1798   100
   1991       481390    415778    310785     64237   0.2067   0.1878   100
   1992       105690    450736    317587    104743   0.3298   0.3097    99
   1993       456080    402929    309480     70737   0.2286   0.2284    99
   1994       361160    363369    268578     91602   0.3411   0.3006    99
   1995       518370    349547    255155     71633   0.2807   0.2668    99
   1996       528890    327460    238653     49699   0.2082   0.2003    99
   1997       350870    348002    247388     44893   0.1815   0.1796    99
   1998       518370    345103    256555     45877   0.1788   0.1719   100
   1999       498730    387192    285003     49802   0.1747   0.1696   100
   2000       374980    399725    283879     85523   0.3013   0.2847    99
   2001       217550    407584    296082     86994   0.2938   0.3025   100
   2002       498730    358549    272204     68551   0.2518   0.2446   100
 
 -----------------------------------------------------------------            
 No of years for separable analysis : 11                                      
 Age range in the analysis : 0  . . . 9                                       
 Year range in the analysis : 1972  . . . 2002                                
 Number of indices of SSB : 1                                                 
 Number of age-structured indices : 1                                         
                                                                              
 Parameters to estimate : 46                                                  
 Number of observations : 150                                                 
                                                                              
 Conventional single selection vector model to be fitted.                     
                                                                              
                                                                              
                                                                              
 -----------------------------------------------------------------            
 
 
 PARAMETER ESTIMATES                                                            
  
 
 ³Parm.³      ³ Maximum ³    ³        ³         ³         ³         ³ Mean of ³ 
  
 ³ No. ³      ³ Likelh. ³ CV ³  Lower ³ Upper   ³  -s.e.  ³   +s.e. ³ Param.  ³ 
  
 ³     ³      ³ Estimate³ (%)³ 95% CL ³ 95% CL  ³         ³         ³ Distrib.³ 
  
 Separable model : F by year                                                    
  
    1   1992     0.2877   0    0.2831    0.2925    0.2853    0.2901    0.2877
    2   1993     0.2122   0    0.2088    0.2157    0.2105    0.2140    0.2122
    3   1994     0.2792   0    0.2748    0.2838    0.2770    0.2815    0.2792
    4   1995     0.2478   0    0.2438    0.2519    0.2458    0.2499    0.2478
    5   1996     0.1861   0    0.1831    0.1890    0.1845    0.1876    0.1861
    6   1997     0.1669   0    0.1643    0.1695    0.1655    0.1682    0.1669
    7   1998     0.1597   0    0.1572    0.1622    0.1584    0.1609    0.1597
    8   1999     0.1576   0    0.1552    0.1600    0.1564    0.1588    0.1576
    9   2000     0.2645   0    0.2604    0.2686    0.2624    0.2666    0.2645
   10   2001     0.2810   0    0.2765    0.2856    0.2787    0.2833    0.2810
   11   2002     0.2272   0    0.2232    0.2314    0.2252    0.2293    0.2273
 
 Separable Model: Selection (S) by age                                          
  
   12      0     0.0348   4    0.0322    0.0377    0.0334    0.0362    0.0348
   13      1     0.1317   0    0.1296    0.1339    0.1306    0.1328    0.1317
   14      2     0.2915   0    0.2871    0.2960    0.2892    0.2938    0.2915
   15      3     0.5751   0    0.5668    0.5835    0.5709    0.5794    0.5751
   16      4     0.8792   0    0.8671    0.8914    0.8730    0.8854    0.8792
           5     1.0000     Fixed : Reference Age             
   17      6     1.1309   0    1.1163    1.1457    1.1234    1.1384    1.1309
   18      7     1.2956   0    1.2790    1.3124    1.2871    1.3042    1.2956
           8     1.2000     Fixed : Last true age             
 
 Separable model: Populations in year 2002                                    
   19      0     498735  13     384734    646515    436883    569343    503126
   20      1     185431   2     177911    193270    181556    189390    185473
   21      2     265246   1     257765    272945    261403    269147    265275
   22      3     281417   1     275318    287652    278289    284581    281435
   23      4     218257   0     214253    222335    216205    220328    218267
   24      5     103385   0     101570    105232    102455    104323    103389
   25      6     109029   0     107340    110745    108164    109901    109033
   26      7      74162   0      73030     75311     73583     74746     74164
   27      8      34315   0      33753     34886     34027     34605     34316
 
Separable model: Populations at age
   28   1992      50469   1      48646     52361     49531     51426     50478
   29   1993      33389   1      32469     34336     32916     33869     33393
   30   1994      46046   1      44996     47122     45507     46592     46050
   31   1995      45047   1      44108     46007     44566     45534     45050
   32   1996      39959   0      39195     40738     39567     40354     39961
   33   1997      34375   0      33771     34989     34065     34687     34376
   34   1998      53045   0      52244     53858     52635     53458     53047
   35   1999      49935   0      49219     50661     49568     50304     49936
   36   2000      11981   0      11796     12169     11886     12077     11981
   37   2001      48038   0      47322     48766     47671     48408     48040
 
 SSB Index catchabilities                                                       
  
   INDEX                                 
 Absolute estimator. No fitted catchability.                                    
  
 
 
 
 Age-structured index catchabilities                                            
  
                                        FLT01: Dummy survey                     
 
 Linear model fitted. Slopes at age :                                           
  
   38   1  Q  .1852      26 .1434     .4082     .1852     .3159     .2507    
   39   2  Q  .9638      26 .7459     2.124     .9638     1.644     1.304    
   40   3  Q  1.572      26 1.217     3.465     1.572     2.682     2.128    
   41   4  Q  .8790      26 .6803     1.937     .8790     1.499     1.190    
   42   5  Q  .9988      26 .7730     2.201     .9988     1.704     1.352    
   43   6  Q  .9699      26 .7506     2.137     .9699     1.654     1.313    
   44   7  Q  1.383      26 1.071     3.048     1.383     2.359     1.872    
   45   8  Q  2.748      26 2.127     6.056     2.748     4.687     3.719    
   46   9  Q  .9718      26 .7521     2.142     .9718     1.657     1.315    
 
 
 
 RESIDUALS ABOUT THE MODEL FIT                                                  
  
 ------------------------------
 
        Separable Model Residuals
        -------------------------
------+----------------------------------------------------------------------------------------
Age   |    1992    1993    1994    1995    1996    1997    1998    1999    2000    2001    2002
------+----------------------------------------------------------------------------------------
  0   | ******* ******* ******* ******* ******* ******* ******* ******* ******* ******* *******
  1   | ******* ******* ******* ******* ******* ******* ******* ******* ******* ******* *******
  2   | ******* ******* ******* ******* ******* ******* ******* ******* ******* ******* *******
  3   | ******* ******* ******* ******* ******* ******* ******* ******* ******* ******* *******
  4   | ******* ******* ******* ******* ******* ******* ******* ******* ******* ******* *******
  5   | ******* ******* ******* ******* ******* ******* ******* ******* ******* ******* *******
  6   | ******* ******* ******* ******* ******* ******* ******* ******* ******* ******* *******
  7   | ******* ******* ******* ******* ******* ******* ******* ******* ******* ******* *******
  8   | ******* ******* ******* ******* ******* ******* ******* ******* ******* ******* *******
------+----------------------------------------------------------------------------------------
                                               
 
 
 
 SPAWNING BIOMASS INDEX RESIDUALS                                               
  
 ---------------------------------
 
          INDEX
        -------
------+------------------------------------------------------------------------------------------------------------------------
      |    1972    1973    1974    1975    1976    1977    1978    1979    1980    1981    1982    1983    1984    1985    1986
------+------------------------------------------------------------------------------------------------------------------------
  1   | ******* ******* ******* ******* ******* ******* ******* ******* ******* ******* ******* ******* ******* ******* *******
------+------------------------------------------------------------------------------------------------------------------------
                                               
 
 
          INDEX
        -------
------+------------------------------------------------------------------------------------------------------------------------
      |    1987    1988    1989    1990    1991    1992    1993    1994    1995    1996    1997    1998    1999    2000    2001
------+------------------------------------------------------------------------------------------------------------------------
  1   | ******* ******* ******* ******* ******* ******* ******* ******* ******* ******* ******* ******* ******* ******* *******
------+------------------------------------------------------------------------------------------------------------------------
                                               
 
 
          INDEX
        -------
------+--------
      |    2002
------+--------
  1   | *******
------+--------
                                               
 
 
 
 AGE-STRUCTURED INDEX RESIDUALS                                                 
  
 -------------------------------
 
        FLT01: Dummy survey
        -------------------
------+--------------------------------
Age   |    1981    1982    1983    1984
------+--------------------------------
  1   |   1.280   0.982  -0.908  -1.354
  2   |   0.649   0.317   0.784  -1.750
  3   |  -0.926   0.351   0.089   0.486
  4   |  -1.613  -0.246   1.021   0.838
  5   |   1.241  -1.642  -0.382   0.783
  6   |   0.337   1.398  -1.453  -0.282
  7   |   0.573   0.010   1.031  -1.614
  8   |   0.341   0.141  -0.712   0.231
  9   |  -0.258   0.620   0.028  -0.390
------+--------------------------------
                                               
 
 
 
 
 
 
 PARAMETERS OF THE DISTRIBUTION OF ln(CATCHES AT AGE)                           
  
 -----------------------------------------------------
 
 Separable model fitted from 1992  to 2002                                    
 Variance                             0.0000
Skewness test stat.                   0.9405
Kurtosis test statistic              -0.3106
Partial chi-square                    0.0000
Significance in fit                   0.0000
Degrees of freedom                        62
 
 
 PARAMETERS OF DISTRIBUTIONS OF THE SSB INDICES                                 
  
 -----------------------------------------------
 
 
   DISTRIBUTION STATISTICS FOR   INDEX                                          
 
 
 Index used as absolute measure of abundance                                    
  
 Last age is a plus-group                                                       
  
 
 Variance                             0.0000
Skewness test stat.                   1.2222
Kurtosis test statistic              -0.1232
Partial chi-square                    0.0000
Significance in fit                   0.0000
Number of observations                    15
Degrees of freedom                        15
Weight in the analysis                5.0000
 
 PARAMETERS OF THE DISTRIBUTION OF THE AGE-STRUCTURED INDICES                   
  
 ------------------------------------------------------------ 
 
 
   DISTRIBUTION STATISTICS FOR FLT01: Dummy survey                              
 
 
 Linear catchability relationship assumed                                       
  
 
 Age                          1         2         3         4         5         6         7         8         9
 Variance                0.0019    0.0016    0.0005    0.0016    0.0019    0.0016    0.0015    0.0003    0.0002
Skewness test stat.     -0.0252   -0.8677   -0.7654   -0.4519   -0.3064   -0.0588   -0.5963   -0.8614    0.5626
Kurtosis test statisti  -0.7731   -0.3037   -0.3470   -0.5222   -0.5677   -0.4779   -0.4045   -0.3022   -0.4398
Partial chi-square       0.0005    0.0004    0.0001    0.0004    0.0005    0.0004    0.0004    0.0001    0.0001
Significance in fit      0.0000    0.0000    0.0000    0.0000    0.0000    0.0000    0.0000    0.0000    0.0000
Number of observations        4         4         4         4         4         4         4         4         4
Degrees of freedom            3         3         3         3         3         3         3         3         3
Weight in the analysis   0.0011    0.0011    0.0011    0.0011    0.0011    0.0011    0.0011    0.0011    0.0011
 
 ANALYSIS OF VARIANCE                   
--------------------------
 
 Unweighted Statistics                                                          
  
 
                                                                                
  
Variance                              
                                       SSQ     Data    Parameters d.f. Variance
Total for model                        29.6448     150         46  104   0.2850
Catches at age                          0.0000      99         37   62   0.0000
  
SSB Indices                           
  INDEX                                 0.0000      15          0   15   0.0000
  
 Aged Indices                                                                   
  
FLT01: Dummy survey                    29.6448      36          9   27   1.0980
 
 
 Weighted Statistics                                                            
  
 
                                                                                
  
Variance                              
                                       SSQ     Data    Parameters d.f. Variance
Total for model                         0.0000     150         46  104   0.0000
Catches at age                          0.0000      99         37   62   0.0000
  
SSB Indices                           
  INDEX                                 0.0000      15          0   15   0.0000
  
 Aged Indices                                                                   
  
FLT01: Dummy survey                     0.0000      36          9   27   0.0000
 
