 Output Generated by ICA Version 1.4                                            
  
 ------------------------------------
 
        Mackerel NE Atlantic  WG2003
        ----------------------------
 
        Catch in Number
        ---------------
------+------------------------------------------------------------------------------------------------------------------------
AGE   |    1972    1973    1974    1975    1976    1977    1978    1979    1980    1981    1982    1983    1984    1985    1986
------+------------------------------------------------------------------------------------------------------------------------
  0   |   1288.   3831.   2867.   1172.   4418.   5384.   1119.   4425.   1395.   3280.   1356.   4223.   2012.   1977.   3267.
  1   |  10664.   4283.   8178.   9393.   5506.  12656.  16104.   4668.  11256.   6040.   6987.   5261.  10264.   9883.   4431.
  2   |  20038.  20104.   5216.  15343.  25107.   8959.  21552.  38091.   6740.  27583.   7305.  15421.   7290.  28623.  12588.
  3   |  33448.  31934.  20909.   8410.  34872.  34629.  12986.  43076.  46568.  13907.  28274.  13701.  18235.  17207.  30948.
  4   |  39974.  38497.  24230.  24892.  13951.  34818.  36549.  18774.  38023.  69208.  10288.  38608.  11817.  31238.  13464.
  5   |  29571.  32499.  20694.  20709.  29501.   9839.  26088.  37471.  11665.  39973.  35948.  10000.  23619.  14417.  17212.
  6   |  16080.  23193.  16924.  17225.  23788.  20091.   7137.  25822.  22455.  11818.  20020.  33829.   5926.  27861.   7669.
  7   |  15189.  12333.  11874.  13928.  19445.  15861.  14310.   6912.  15132.  22213.   5787.  18496.  19707.   6852.  14511.
  8   |  10872.   9324.   5031.   7847.  12665.  10358.   9041.  11136.   3228.  12029.   8644.   4295.   8601.  18354.   2840.
  9   |  13838.  15310.  10189.  10244.  16634.  15715.  15153.  19438.  14409.  13574.   9884.  13816.   8336.  16688.  14933.
------+------------------------------------------------------------------------------------------------------------------------
       x 10 ^ 3                                
 
 
        Catch in Number
        ---------------
------+------------------------------------------------------------------------------------------------------------------------
AGE   |    1987    1988    1989    1990    1991    1992    1993    1994    1995    1996    1997    1998    1999    2000    2001
------+------------------------------------------------------------------------------------------------------------------------
  0   |   5037.   3121.   4657.   3641.   3832.   2630.   3650.   3542.   2980.   1786.   2763.   1580.   2171.   1329.   2172.
  1   |  15225.  15828.  10465.  11334.  11511.  13662.   8523.  13722.   7825.   7835.   8176.  10760.   3342.   8826.   3136.
  2   |  11706.  27008.  29933.  14431.  20379.  23295.  25094.  18097.  17200.  11758.  20423.  17992.  12922.   7724.  11862.
  3   |  28092.  17420.  42776.  34847.  22040.  34921.  36134.  44717.  19196.  22146.  26092.  37769.  18317.  25348.   8849.
  4   |  49983.  29871.  19685.  35790.  38667.  27352.  39061.  46116.  34169.  18145.  35912.  34631.  27756.  26131.  21145.
  5   |  15446.  37213.  23629.  11544.  28163.  33996.  21580.  35056.  24717.  23044.  21035.  33584.  17871.  28178.  15435.
  6   |  19068.  11042.  28249.  13339.   8786.  23917.  25858.  18618.  18103.  16193.  25905.  18928.  16711.  17556.  16112.
  7   |   8314.  13259.   8147.  15559.   9957.   7306.  17775.  21723.   9392.  11695.  17903.  22720.   9210.  16108.   9859.
  8   |  12662.   4615.   7816.   3570.   9298.   6637.   4343.  11963.   8709.   4855.  10412.  12590.   8784.   7134.   7215.
  9   |  15351.  16451.  12120.   8081.   7271.  10926.  10974.  10420.   9481.   9455.  13108.  17487.  11810.  16083.  10735.
------+------------------------------------------------------------------------------------------------------------------------
       x 10 ^ 3                                
 
 
        Catch in Number
        ---------------
------+--------
AGE   |    2002
------+--------
  0   |   1553.
  1   |   8316.
  2   |   6844.
  3   |  22084.
  4   |  12053.
  5   |  20571.
  6   |  14567.
  7   |  14965.
  8   |   7358.
  9   |  13456.
------+--------
       x 10 ^ 3                                
 
 
 
        Predicted Catch in Number
        -------------------------
------+----------------------------------------------------------------------------------------
AGE   |    1992    1993    1994    1995    1996    1997    1998    1999    2000    2001    2002
------+----------------------------------------------------------------------------------------
  0   |   2630.   3649.   3542.   2980.   1786.   2763.   1580.   2171.   1329.   2172.   1553.
  1   |  13663.   8523.  13722.   7825.   7835.   8175.  10759.   3342.   8825.   3135.   8316.
  2   |  23295.  25095.  18098.  17199.  11757.  20422.  17991.  12922.   7723.  11861.   6845.
  3   |  34923.  36136.  44720.  19196.  22145.  26090.  37766.  18316.  25346.   8848.  22085.
  4   |  27354.  39063.  46119.  34171.  18145.  35910.  34628.  27753.  26129.  21143.  12053.
  5   |  34000.  21582.  35058.  24718.  23045.  21036.  33582.  17869.  28175.  15434.  20572.
  6   |  23917.  25860.  18619.  18103.  16193.  25905.  18927.  16710.  17554.  16109.  14568.
  7   |   7306.  17776.  21725.   9393.  11695.  17903.  22720.   9210.  16106.   9857.  14965.
  8   |   6637.   4343.  11963.   8709.   4855.  10412.  12590.   8785.   7134.   7214.   7358.
------+----------------------------------------------------------------------------------------
       x 10 ^ 3                                
 
 
 
        Weights at age in the catches (Kg)
        ----------------------------------
------+------------------------------------------------------------------------------------------------------------------------
AGE   |    1972    1973    1974    1975    1976    1977    1978    1979    1980    1981    1982    1983    1984    1985    1986
------+------------------------------------------------------------------------------------------------------------------------
  0   | 0.05200 0.05000 0.05100 0.05000 0.05900 0.05600 0.03600 0.01600 0.05700 0.06000 0.05300 0.05000 0.03100 0.05500 0.03900
  1   | 0.13500 0.14500 0.13600 0.14800 0.13700 0.13600 0.13500 0.13700 0.13100 0.13200 0.13100 0.16800 0.10200 0.14400 0.14600
  2   | 0.27700 0.19400 0.22900 0.17700 0.20700 0.16900 0.16100 0.16100 0.24900 0.24800 0.24900 0.21900 0.18400 0.26200 0.24500
  3   | 0.34100 0.28500 0.26100 0.25900 0.26300 0.27500 0.25000 0.24300 0.28500 0.28700 0.28500 0.27600 0.29500 0.35700 0.33500
  4   | 0.42300 0.36800 0.33400 0.32300 0.32000 0.33300 0.32500 0.31800 0.34500 0.34400 0.34500 0.31000 0.32600 0.41800 0.42300
  5   | 0.46800 0.44800 0.39200 0.34800 0.34600 0.35200 0.34500 0.34800 0.37800 0.37700 0.37800 0.38600 0.34400 0.41700 0.47100
  6   | 0.46800 0.46800 0.48100 0.43000 0.40600 0.40700 0.40300 0.40100 0.45400 0.45400 0.45400 0.42500 0.43100 0.43600 0.44400
  7   | 0.50800 0.50800 0.50800 0.48800 0.44300 0.44600 0.42100 0.41600 0.49800 0.49900 0.49600 0.43500 0.54200 0.52100 0.45700
  8   | 0.53900 0.53900 0.53900 0.53900 0.51800 0.54600 0.51800 0.50600 0.52000 0.51300 0.51300 0.49800 0.48000 0.55500 0.54300
  9   | 0.60232 0.59870 0.59998 0.60468 0.60121 0.58126 0.56147 0.54051 0.56529 0.56953 0.55805 0.57625 0.61664 0.61620 0.59822
------+------------------------------------------------------------------------------------------------------------------------
                                               
 
 
        Weights at age in the catches (Kg)
        ----------------------------------
------+------------------------------------------------------------------------------------------------------------------------
AGE   |    1987    1988    1989    1990    1991    1992    1993    1994    1995    1996    1997    1998    1999    2000    2001
------+------------------------------------------------------------------------------------------------------------------------
  0   | 0.07600 0.05500 0.04900 0.08500 0.06800 0.05100 0.06100 0.04600 0.07200 0.05800 0.07600 0.06500 0.06200 0.06300 0.06900
  1   | 0.17900 0.13300 0.13600 0.15600 0.15600 0.16700 0.13400 0.13600 0.14300 0.14300 0.14300 0.15700 0.17600 0.13500 0.17100
  2   | 0.22300 0.25900 0.23700 0.23300 0.25300 0.23900 0.24000 0.25500 0.23400 0.22600 0.23000 0.22700 0.23600 0.22900 0.22300
  3   | 0.31800 0.32300 0.32000 0.33600 0.32700 0.33300 0.31700 0.33900 0.33300 0.31300 0.29500 0.31000 0.30700 0.30800 0.30700
  4   | 0.39900 0.38800 0.37700 0.37900 0.39400 0.39700 0.37600 0.39000 0.39000 0.37700 0.35900 0.35400 0.36100 0.36700 0.37800
  5   | 0.47400 0.45600 0.43300 0.42300 0.42300 0.46000 0.43600 0.44800 0.45200 0.42500 0.41500 0.40800 0.40600 0.42900 0.42600
  6   | 0.51200 0.52400 0.45600 0.46700 0.46900 0.49500 0.48300 0.51200 0.50100 0.48400 0.45300 0.45200 0.45400 0.46700 0.47700
  7   | 0.49300 0.55500 0.54300 0.52800 0.50600 0.53200 0.52700 0.54300 0.53900 0.51800 0.48100 0.46200 0.50100 0.50400 0.49900
  8   | 0.49800 0.55500 0.59200 0.55200 0.55400 0.55500 0.54800 0.59000 0.57700 0.55100 0.52400 0.51800 0.53700 0.53700 0.54300
  9   | 0.62997 0.60405 0.62668 0.60831 0.64242 0.62063 0.60438 0.63604 0.61293 0.59236 0.57491 0.57357 0.59498 0.58621 0.60742
------+------------------------------------------------------------------------------------------------------------------------
                                               
 
 
        Weights at age in the catches (Kg)
        ----------------------------------
------+--------
AGE   |    2002
------+--------
  0   | 0.05200
  1   | 0.15900
  2   | 0.25500
  3   | 0.30700
  4   | 0.36900
  5   | 0.42600
  6   | 0.46400
  7   | 0.51400
  8   | 0.53900
  9   | 0.60966
------+--------
                                               
 
 
 
        Weights at age in the stock (Kg)
        --------------------------------
------+------------------------------------------------------------------------------------------------------------------------
AGE   |    1972    1973    1974    1975    1976    1977    1978    1979    1980    1981    1982    1983    1984    1985    1986
------+------------------------------------------------------------------------------------------------------------------------
  0   | 0.00800 0.00800 0.00800 0.00800 0.00800 0.00800 0.00800 0.00800 0.00800 0.00800 0.00800 0.00800 0.00000 0.00000 0.00000
  1   | 0.13200 0.13200 0.13000 0.12900 0.12800 0.12700 0.11100 0.11000 0.10900 0.08700 0.08600 0.08600 0.08100 0.08500 0.07700
  2   | 0.17800 0.17700 0.17300 0.17100 0.17000 0.16700 0.17500 0.17400 0.17300 0.18600 0.13500 0.17200 0.19400 0.16500 0.17900
  3   | 0.24300 0.24200 0.23800 0.23600 0.23600 0.23300 0.23800 0.23700 0.23600 0.25200 0.22100 0.23500 0.25300 0.29300 0.26700
  4   | 0.41100 0.30100 0.29600 0.29400 0.29300 0.28900 0.30000 0.29900 0.29700 0.31300 0.28000 0.28000 0.29500 0.30600 0.30400
  5   | 0.35500 0.43800 0.32200 0.31800 0.31800 0.31300 0.34600 0.34500 0.34300 0.32300 0.38500 0.33900 0.32400 0.34100 0.35600
  6   | 0.39800 0.39800 0.46900 0.36500 0.36500 0.36100 0.38200 0.38000 0.37900 0.37800 0.35300 0.37700 0.39300 0.38400 0.35100
  7   | 0.43300 0.43300 0.43300 0.49700 0.41900 0.41600 0.41000 0.40800 0.40700 0.41900 0.40800 0.40400 0.43600 0.43000 0.41600
  8   | 0.45900 0.45900 0.45900 0.45900 0.51200 0.44600 0.43200 0.43000 0.42900 0.43400 0.43700 0.43900 0.44100 0.45900 0.47300
  9   | 0.51666 0.51286 0.51446 0.51929 0.51545 0.53248 0.49800 0.49342 0.48431 0.48005 0.47997 0.50503 0.50850 0.52189 0.46773
------+------------------------------------------------------------------------------------------------------------------------
                                               
 
 
        Weights at age in the stock (Kg)
        --------------------------------
------+------------------------------------------------------------------------------------------------------------------------
AGE   |    1987    1988    1989    1990    1991    1992    1993    1994    1995    1996    1997    1998    1999    2000    2001
------+------------------------------------------------------------------------------------------------------------------------
  0   | 0.00000 0.00000 0.00000 0.00000 0.00000 0.00000 0.00000 0.00000 0.00000 0.00000 0.00000 0.00000 0.00000 0.00000 0.00000
  1   | 0.07800 0.07200 0.07600 0.07400 0.07500 0.07800 0.07800 0.07900 0.08100 0.07600 0.07600 0.07700 0.08100 0.07400 0.07800
  2   | 0.14800 0.15600 0.17700 0.13800 0.15500 0.21200 0.19700 0.17800 0.16400 0.13300 0.18600 0.14900 0.19400 0.18500 0.16400
  3   | 0.24000 0.23700 0.24400 0.22200 0.23000 0.25900 0.26800 0.23700 0.26700 0.25100 0.22800 0.22300 0.24200 0.23500 0.24100
  4   | 0.28600 0.30100 0.30600 0.28700 0.30700 0.31000 0.31500 0.30100 0.32600 0.31700 0.29600 0.28500 0.30100 0.28900 0.34200
  5   | 0.37400 0.32900 0.35200 0.33900 0.35700 0.36200 0.36000 0.36100 0.39800 0.36600 0.36100 0.34200 0.35300 0.35000 0.39000
  6   | 0.38600 0.42300 0.38000 0.37300 0.40900 0.40200 0.41600 0.41300 0.44800 0.44400 0.40200 0.40000 0.39600 0.39000 0.44600
  7   | 0.41100 0.44500 0.42900 0.41400 0.43200 0.42400 0.45400 0.46600 0.49100 0.46200 0.44500 0.42600 0.42300 0.42600 0.45900
  8   | 0.42900 0.43200 0.47400 0.40900 0.50200 0.46200 0.46500 0.47000 0.50800 0.50100 0.47800 0.46600 0.44000 0.44700 0.49900
  9   | 0.49200 0.52559 0.50075 0.48184 0.56399 0.50901 0.51479 0.55011 0.56596 0.57694 0.53225 0.52618 0.49664 0.50008 0.56756
------+------------------------------------------------------------------------------------------------------------------------
                                               
 
 
        Weights at age in the stock (Kg)
        --------------------------------
------+--------
AGE   |    2002
------+--------
  0   | 0.00000
  1   | 0.07800
  2   | 0.18100
  3   | 0.23900
  4   | 0.31100
  5   | 0.36400
  6   | 0.41100
  7   | 0.43600
  8   | 0.46200
  9   | 0.52056
------+--------
                                               
 
 
 
        Natural Mortality (per year)
        ----------------------------
------+------------------------------------------------------------------------------------------------------------------------
AGE   |    1972    1973    1974    1975    1976    1977    1978    1979    1980    1981    1982    1983    1984    1985    1986
------+------------------------------------------------------------------------------------------------------------------------
  0   | 0.15000 0.15000 0.15000 0.15000 0.15000 0.15000 0.15000 0.15000 0.15000 0.15000 0.15000 0.15000 0.15000 0.15000 0.15000
  1   | 0.15000 0.15000 0.15000 0.15000 0.15000 0.15000 0.15000 0.15000 0.15000 0.15000 0.15000 0.15000 0.15000 0.15000 0.15000
  2   | 0.15000 0.15000 0.15000 0.15000 0.15000 0.15000 0.15000 0.15000 0.15000 0.15000 0.15000 0.15000 0.15000 0.15000 0.15000
  3   | 0.15000 0.15000 0.15000 0.15000 0.15000 0.15000 0.15000 0.15000 0.15000 0.15000 0.15000 0.15000 0.15000 0.15000 0.15000
  4   | 0.15000 0.15000 0.15000 0.15000 0.15000 0.15000 0.15000 0.15000 0.15000 0.15000 0.15000 0.15000 0.15000 0.15000 0.15000
  5   | 0.15000 0.15000 0.15000 0.15000 0.15000 0.15000 0.15000 0.15000 0.15000 0.15000 0.15000 0.15000 0.15000 0.15000 0.15000
  6   | 0.15000 0.15000 0.15000 0.15000 0.15000 0.15000 0.15000 0.15000 0.15000 0.15000 0.15000 0.15000 0.15000 0.15000 0.15000
  7   | 0.15000 0.15000 0.15000 0.15000 0.15000 0.15000 0.15000 0.15000 0.15000 0.15000 0.15000 0.15000 0.15000 0.15000 0.15000
  8   | 0.15000 0.15000 0.15000 0.15000 0.15000 0.15000 0.15000 0.15000 0.15000 0.15000 0.15000 0.15000 0.15000 0.15000 0.15000
  9   | 0.15000 0.15000 0.15000 0.15000 0.15000 0.15000 0.15000 0.15000 0.15000 0.15000 0.15000 0.15000 0.15000 0.15000 0.15000
------+------------------------------------------------------------------------------------------------------------------------
                                               
 
 
        Natural Mortality (per year)
        ----------------------------
------+------------------------------------------------------------------------------------------------------------------------
AGE   |    1987    1988    1989    1990    1991    1992    1993    1994    1995    1996    1997    1998    1999    2000    2001
------+------------------------------------------------------------------------------------------------------------------------
  0   | 0.15000 0.15000 0.15000 0.15000 0.15000 0.15000 0.15000 0.15000 0.15000 0.15000 0.15000 0.15000 0.15000 0.15000 0.15000
  1   | 0.15000 0.15000 0.15000 0.15000 0.15000 0.15000 0.15000 0.15000 0.15000 0.15000 0.15000 0.15000 0.15000 0.15000 0.15000
  2   | 0.15000 0.15000 0.15000 0.15000 0.15000 0.15000 0.15000 0.15000 0.15000 0.15000 0.15000 0.15000 0.15000 0.15000 0.15000
  3   | 0.15000 0.15000 0.15000 0.15000 0.15000 0.15000 0.15000 0.15000 0.15000 0.15000 0.15000 0.15000 0.15000 0.15000 0.15000
  4   | 0.15000 0.15000 0.15000 0.15000 0.15000 0.15000 0.15000 0.15000 0.15000 0.15000 0.15000 0.15000 0.15000 0.15000 0.15000
  5   | 0.15000 0.15000 0.15000 0.15000 0.15000 0.15000 0.15000 0.15000 0.15000 0.15000 0.15000 0.15000 0.15000 0.15000 0.15000
  6   | 0.15000 0.15000 0.15000 0.15000 0.15000 0.15000 0.15000 0.15000 0.15000 0.15000 0.15000 0.15000 0.15000 0.15000 0.15000
  7   | 0.15000 0.15000 0.15000 0.15000 0.15000 0.15000 0.15000 0.15000 0.15000 0.15000 0.15000 0.15000 0.15000 0.15000 0.15000
  8   | 0.15000 0.15000 0.15000 0.15000 0.15000 0.15000 0.15000 0.15000 0.15000 0.15000 0.15000 0.15000 0.15000 0.15000 0.15000
  9   | 0.15000 0.15000 0.15000 0.15000 0.15000 0.15000 0.15000 0.15000 0.15000 0.15000 0.15000 0.15000 0.15000 0.15000 0.15000
------+------------------------------------------------------------------------------------------------------------------------
                                               
 
 
        Natural Mortality (per year)
        ----------------------------
------+--------
AGE   |    2002
------+--------
  0   | 0.15000
  1   | 0.15000
  2   | 0.15000
  3   | 0.15000
  4   | 0.15000
  5   | 0.15000
  6   | 0.15000
  7   | 0.15000
  8   | 0.15000
  9   | 0.15000
------+--------
                                               
 
 
 
        Proportion of fish spawning
        ---------------------------
------+------------------------------------------------------------------------------------------------------------------------
AGE   |    1972    1973    1974    1975    1976    1977    1978    1979    1980    1981    1982    1983    1984    1985    1986
------+------------------------------------------------------------------------------------------------------------------------
  0   |  0.0000  0.0000  0.0000  0.0000  0.0000  0.0000  0.0000  0.0000  0.0000  0.0000  0.0000  0.0000  0.0000  0.0000  0.0000
  1   |  0.0500  0.0500  0.0500  0.0600  0.0600  0.0600  0.0600  0.0600  0.0600  0.0700  0.0700  0.0700  0.0700  0.0700  0.0700
  2   |  0.5300  0.5400  0.5400  0.5500  0.5500  0.5500  0.5600  0.5600  0.5700  0.5700  0.5700  0.5800  0.5800  0.5800  0.5800
  3   |  0.9000  0.9000  0.9000  0.8900  0.8900  0.8900  0.8900  0.8900  0.8900  0.8800  0.8800  0.8800  0.8800  0.8800  0.8800
  4   |  0.9800  0.9800  0.9800  0.9800  0.9800  0.9800  0.9800  0.9800  0.9800  0.9800  0.9800  0.9800  0.9700  0.9700  0.9700
  5   |  0.9800  0.9800  0.9800  0.9800  0.9800  0.9800  0.9800  0.9800  0.9800  0.9800  0.9800  0.9800  0.9700  0.9700  0.9700
  6   |  0.9900  0.9900  0.9900  0.9900  0.9900  0.9900  0.9900  0.9900  0.9900  0.9900  0.9900  0.9900  0.9900  0.9900  0.9900
  7   |  1.0000  1.0000  1.0000  1.0000  1.0000  1.0000  1.0000  1.0000  1.0000  1.0000  1.0000  1.0000  1.0000  1.0000  1.0000
  8   |  1.0000  1.0000  1.0000  1.0000  1.0000  1.0000  1.0000  1.0000  1.0000  1.0000  1.0000  1.0000  1.0000  1.0000  1.0000
  9   |  1.0000  1.0000  1.0000  1.0000  1.0000  1.0000  1.0000  1.0000  1.0000  1.0000  1.0000  1.0000  1.0000  1.0000  1.0000
------+------------------------------------------------------------------------------------------------------------------------
                                               
 
 
        Proportion of fish spawning
        ---------------------------
------+------------------------------------------------------------------------------------------------------------------------
AGE   |    1987    1988    1989    1990    1991    1992    1993    1994    1995    1996    1997    1998    1999    2000    2001
------+------------------------------------------------------------------------------------------------------------------------
  0   |  0.0000  0.0000  0.0000  0.0000  0.0000  0.0000  0.0000  0.0000  0.0000  0.0000  0.0000  0.0000  0.0000  0.0000  0.0000
  1   |  0.0700  0.0700  0.0700  0.0700  0.0700  0.0700  0.0700  0.0700  0.0700  0.0700  0.0700  0.0700  0.0700  0.0700  0.0700
  2   |  0.5800  0.5800  0.5800  0.5800  0.5800  0.5800  0.5800  0.5800  0.5800  0.5800  0.5800  0.5800  0.5800  0.5800  0.5900
  3   |  0.8800  0.8800  0.8800  0.8800  0.8800  0.8800  0.8800  0.8800  0.8800  0.8800  0.8800  0.8600  0.8600  0.8600  0.8800
  4   |  0.9700  0.9700  0.9700  0.9700  0.9700  0.9700  0.9700  0.9700  0.9700  0.9700  0.9700  0.9800  0.9800  0.9800  0.9700
  5   |  0.9700  0.9700  0.9700  0.9700  0.9700  0.9700  0.9700  0.9700  0.9700  0.9700  0.9700  0.9800  0.9800  0.9800  0.9700
  6   |  0.9900  0.9900  0.9900  0.9900  0.9900  0.9900  0.9900  0.9900  0.9900  0.9900  0.9900  0.9900  0.9900  0.9900  0.9900
  7   |  1.0000  1.0000  1.0000  1.0000  1.0000  1.0000  1.0000  1.0000  1.0000  1.0000  1.0000  1.0000  1.0000  1.0000  1.0000
  8   |  1.0000  1.0000  1.0000  1.0000  1.0000  1.0000  1.0000  1.0000  1.0000  1.0000  1.0000  1.0000  1.0000  1.0000  1.0000
  9   |  1.0000  1.0000  1.0000  1.0000  1.0000  1.0000  1.0000  1.0000  1.0000  1.0000  1.0000  1.0000  1.0000  1.0000  1.0000
------+------------------------------------------------------------------------------------------------------------------------
                                               
 
 
        Proportion of fish spawning
        ---------------------------
------+--------
AGE   |    2002
------+--------
  0   |  0.0000
  1   |  0.0700
  2   |  0.5900
  3   |  0.8800
  4   |  0.9700
  5   |  0.9700
  6   |  0.9900
  7   |  1.0000
  8   |  1.0000
  9   |  1.0000
------+--------
                                               
 
 
 
 INDICES OF SPAWNING BIOMASS                                                    
  
 ----------------------------
 
          INDEX
        -------
------+------------------------------------------------------------------------------------------------------------------------
      |    1972    1973    1974    1975    1976    1977    1978    1979    1980    1981    1982    1983    1984    1985    1986
------+------------------------------------------------------------------------------------------------------------------------
  1   | ******* ******* ******* ******* ******* ******* ******* ******* ******* ******* ******* ******* ******* ******* *******
------+------------------------------------------------------------------------------------------------------------------------
       x 10 ^ 3                                
 
 
          INDEX
        -------
------+------------------------------------------------------------------------------------------------------------------------
      |    1987    1988    1989    1990    1991    1992    1993    1994    1995    1996    1997    1998    1999    2000    2001
------+------------------------------------------------------------------------------------------------------------------------
  1   | *******  203.99  219.23  209.37  239.83  267.20  282.51  263.33  276.06  268.85  265.98  239.48  236.42  214.75  223.09
------+------------------------------------------------------------------------------------------------------------------------
       x 10 ^ 3                                
 
 
          INDEX
        -------
------+--------
      |    2002
------+--------
  1   |  197.88
------+--------
       x 10 ^ 3                                
 
 
 
 AGE-STRUCTURED INDICES                                                         
  
 -----------------------
 
        FLT01: Dummy survey
        -------------------
------+--------------------------------
AGE   |    1981    1982    1983    1984
------+--------------------------------
  1   |  266.10  203.00   43.60   15.24
  2   |  506.40  435.90  712.70   79.51
  3   |  225.10  483.60  444.60  661.83
  4   |   31.70  184.10  391.60  374.60
  5   |  174.80   24.70  130.40  238.20
  6   |  158.50  136.60   20.20   92.00
  7   |   99.50  108.60   91.30   15.54
  8   |  116.60   84.50   70.90   51.47
  9   |   35.30   87.00   47.10   39.27
------+--------------------------------
       x 10 ^ 3                                
 
 
 
        Fishing Mortality (per year)
        ----------------------------
------+------------------------------------------------------------------------------------------------------------------------
AGE   |    1972    1973    1974    1975    1976    1977    1978    1979    1980    1981    1982    1983    1984    1985    1986
------+------------------------------------------------------------------------------------------------------------------------
  0   | 0.00812 0.00845 0.00561 0.00571 0.00838 0.00747 0.00695 0.00904 0.00717 0.00972 0.00644 0.00776 0.00550 0.00849 0.00596
  1   | 0.03072 0.03198 0.02126 0.02166 0.03176 0.02839 0.02640 0.03437 0.02721 0.03686 0.02445 0.02954 0.02225 0.03199 0.02245
  2   | 0.06798 0.07074 0.04705 0.04795 0.07037 0.06292 0.05864 0.07630 0.06042 0.08172 0.05420 0.06554 0.04946 0.07564 0.04929
  3   | 0.13403 0.13942 0.09272 0.09454 0.13875 0.12415 0.11573 0.15090 0.11941 0.16148 0.10690 0.12924 0.09763 0.14949 0.10389
  4   | 0.20438 0.21270 0.14143 0.14421 0.21173 0.18940 0.17671 0.23041 0.18270 0.24673 0.16325 0.19697 0.14876 0.22789 0.15850
  5   | 0.23168 0.24093 0.16031 0.16348 0.23998 0.21470 0.20028 0.26136 0.20716 0.28042 0.18512 0.22330 0.16818 0.25752 0.17907
  6   | 0.26101 0.27110 0.18027 0.18405 0.27010 0.24156 0.22539 0.29399 0.23324 0.31549 0.20889 0.25125 0.18916 0.28852 0.20047
  7   | 0.29701 0.30870 0.20504 0.20926 0.30738 0.27473 0.25627 0.33422 0.26499 0.35873 0.23731 0.28651 0.21493 0.32741 0.22632
  8   | 0.27237 0.28328 0.18836 0.19209 0.28195 0.25214 0.23507 0.30643 0.24281 0.32849 0.21744 0.26245 0.19776 0.30001 0.20680
  9   | 0.27237 0.28328 0.18836 0.19209 0.28195 0.25214 0.23507 0.30643 0.24281 0.32849 0.21744 0.26245 0.19776 0.30001 0.20680
------+------------------------------------------------------------------------------------------------------------------------
                                               
 
 
        Fishing Mortality (per year)
        ----------------------------
------+------------------------------------------------------------------------------------------------------------------------
AGE   |    1987    1988    1989    1990    1991    1992    1993    1994    1995    1996    1997    1998    1999    2000    2001
------+------------------------------------------------------------------------------------------------------------------------
  0   | 0.00871 0.00859 0.00908 0.00703 0.00715 0.00852 0.00865 0.01022 0.00706 0.00578 0.00827 0.01012 0.00668 0.00850 0.00625
  1   | 0.03290 0.03244 0.03418 0.02613 0.02624 0.03226 0.03275 0.03869 0.02672 0.02188 0.03130 0.03829 0.02529 0.03218 0.02367
  2   | 0.07220 0.07139 0.07516 0.05729 0.05687 0.07139 0.07248 0.08564 0.05915 0.04842 0.06929 0.08474 0.05598 0.07122 0.05239
  3   | 0.14024 0.13851 0.14623 0.11152 0.11045 0.14085 0.14301 0.16896 0.11669 0.09553 0.13670 0.16719 0.11045 0.14051 0.10337
  4   | 0.22954 0.20560 0.21672 0.16610 0.16486 0.21534 0.21863 0.25830 0.17840 0.14605 0.20899 0.25560 0.16886 0.21481 0.15803
  5   | 0.25958 0.25248 0.23536 0.18029 0.18052 0.24493 0.24867 0.29380 0.20292 0.16612 0.23771 0.29072 0.19206 0.24433 0.17975
  6   | 0.29042 0.28251 0.29194 0.19133 0.19196 0.27698 0.28122 0.33225 0.22947 0.18786 0.26882 0.32877 0.21720 0.27631 0.20327
  7   | 0.32735 0.31768 0.32805 0.24473 0.20193 0.31732 0.32217 0.38064 0.26290 0.21522 0.30797 0.37666 0.24883 0.31655 0.23288
  8   | 0.29741 0.28750 0.29592 0.22054 0.21392 0.29391 0.29841 0.35256 0.24350 0.19934 0.28525 0.34887 0.23048 0.29320 0.21570
  9   | 0.29741 0.28750 0.29592 0.22054 0.21392 0.29391 0.29841 0.35256 0.24350 0.19934 0.28525 0.34887 0.23048 0.29320 0.21570
------+------------------------------------------------------------------------------------------------------------------------
                                               
 
 
        Fishing Mortality (per year)
        ----------------------------
------+--------
AGE   |    2002
------+--------
  0   | 0.00748
  1   | 0.02830
  2   | 0.06265
  3   | 0.12360
  4   | 0.18896
  5   | 0.21493
  6   | 0.24306
  7   | 0.27846
  8   | 0.25792
  9   | 0.25792
------+--------
                                               
 
 
 
        Population Abundance (1 January)
        --------------------------------
------+------------------------------------------------------------------------------------------------------------------------
AGE   |    1972    1973    1974    1975    1976    1977    1978    1979    1980    1981    1982    1983    1984    1985    1986
------+------------------------------------------------------------------------------------------------------------------------
  0   |  171.60  490.45  551.46  221.55  570.31  778.97  174.02  529.27  210.21  365.35  227.53  587.97  394.75  251.74  591.85
  1   |  379.44  146.50  418.58  471.99  189.61  486.77  665.48  148.74  451.44  179.64  311.42  194.58  502.15  337.90  214.84
  2   |  328.04  316.71  122.13  352.70  397.54  158.09  407.24  557.86  123.70  378.13  149.02  261.57  162.60  422.70  281.68
  3   |  286.67  263.79  253.97  100.28  289.36  318.92  127.77  330.56  444.88  100.23  299.92  121.50  210.85  133.20  337.31
  4   |  232.28  215.79  197.50  199.24   78.53  216.79  242.45   97.96  244.66  339.82   73.40  231.97   91.90  164.60   98.73
  5   |  153.54  162.97  150.15  147.57  148.46   54.69  154.39  174.88   66.96  175.42  228.53   53.66  163.97   68.16  112.80
  6   |   75.13  104.82  110.24  110.09  107.86  100.52   37.98  108.77  115.90   46.85  114.06  163.46   36.94  119.28   45.35
  7   |   63.42   49.81   68.80   79.23   78.83   70.86   67.95   26.09   69.77   79.00   29.41   79.67  109.43   26.32   76.93
  8   |   48.94   40.56   31.49   48.24   55.32   49.89   46.34   45.26   16.08   46.07   47.50   19.97   51.49   75.97   16.33
  9   |   62.29   66.60   63.76   62.97   72.65   75.69   77.67   79.01   71.76   51.99   54.32   64.24   49.91   69.07   85.86
------+------------------------------------------------------------------------------------------------------------------------
       x 10 ^ 6                                
 
 
        Population Abundance (1 January)
        --------------------------------
------+------------------------------------------------------------------------------------------------------------------------
AGE   |    1987    1988    1989    1990    1991    1992    1993    1994    1995    1996    1997    1998    1999    2000    2001
------+------------------------------------------------------------------------------------------------------------------------
  0   |  625.63  392.89  554.64  559.86  579.52  333.69  456.07  374.96  456.07  333.68  361.18  169.05  350.91  169.07  375.02
  1   |  506.38  533.81  335.27  473.07  478.50  463.36  284.77  389.16  319.45  389.79  285.55  308.31  144.04  300.02  144.29
  2   |  180.81  421.74  444.79  278.87  396.67  363.75  386.16  237.21  322.24  267.70  328.23  238.20  255.39  120.88  250.05
  3   |  230.78  144.78  337.98  355.12  226.66  285.74  291.51  309.13  187.41  261.43  219.52  263.60  188.36  207.85   96.89
  4   |  261.68  172.64  108.50  251.33  273.40  151.64  213.62  217.47  224.71  143.54  204.51  164.80  191.95  145.17  155.45
  5   |   72.52  179.04  120.98   75.19  183.22  168.03  105.23  147.76  144.57  161.81  106.76  142.83  109.85  139.54  100.80
  6   |   81.17   48.15  119.71   82.29   54.04  106.09  113.20   70.63   94.80  101.58  117.95   72.45   91.92   78.03   94.07
  7   |   31.94   52.26   31.24   76.95   58.49   28.82   69.22   73.55   43.61   64.87   72.46   77.59   44.88   63.67   50.95
  8   |   52.81   19.82   32.74   19.37   51.85   27.96   18.06   43.17   43.26   28.86   45.02   45.83   45.82   30.12   39.93
  9   |   64.02   70.65   50.77   43.85   40.55   46.03   45.64   37.60   47.10   56.20   56.68   63.66   61.61   67.91   59.42
------+------------------------------------------------------------------------------------------------------------------------
       x 10 ^ 6                                
 
 
        Population Abundance (1 January)
        --------------------------------
------+----------------
AGE   |    2002    2003
------+----------------
  0   |  224.37  244.96
  1   |  320.77  191.68
  2   |  121.28  268.39
  3   |  204.24   98.05
  4   |   75.21  155.35
  5   |  114.24   53.58
  6   |   72.48   79.31
  7   |   66.07   48.93
  8   |   34.74   43.05
  9   |   63.53   65.36
------+----------------
       x 10 ^ 6                                
 
 
 
        Weighting factors for the catches in number
        -------------------------------------------
------+----------------------------------------------------------------------------------------
AGE   |    1992    1993    1994    1995    1996    1997    1998    1999    2000    2001    2002
------+----------------------------------------------------------------------------------------
  0   |  0.0200  0.0200  0.0200  0.0200  0.0200  0.0200  0.0200  0.0200  0.0200  0.0200  0.0200
  1   |  1.0000  1.0000  1.0000  1.0000  1.0000  1.0000  1.0000  1.0000  1.0000  1.0000  1.0000
  2   |  1.0000  1.0000  1.0000  1.0000  1.0000  1.0000  1.0000  1.0000  1.0000  1.0000  1.0000
  3   |  1.0000  1.0000  1.0000  1.0000  1.0000  1.0000  1.0000  1.0000  1.0000  1.0000  1.0000
  4   |  1.0000  1.0000  1.0000  1.0000  1.0000  1.0000  1.0000  1.0000  1.0000  1.0000  1.0000
  5   |  1.0000  1.0000  1.0000  1.0000  1.0000  1.0000  1.0000  1.0000  1.0000  1.0000  1.0000
  6   |  1.0000  1.0000  1.0000  1.0000  1.0000  1.0000  1.0000  1.0000  1.0000  1.0000  1.0000
  7   |  1.0000  1.0000  1.0000  1.0000  1.0000  1.0000  1.0000  1.0000  1.0000  1.0000  1.0000
  8   |  1.0000  1.0000  1.0000  1.0000  1.0000  1.0000  1.0000  1.0000  1.0000  1.0000  1.0000
------+----------------------------------------------------------------------------------------
                                               
 
 
 
 Predicted SSB Index Values                                                     
  
 ---------------------------
 
          INDEX
        -------
------+------------------------------------------------------------------------------------------------------------------------
      |    1972    1973    1974    1975    1976    1977    1978    1979    1980    1981    1982    1983    1984    1985    1986
------+------------------------------------------------------------------------------------------------------------------------
  1   | ******* ******* ******* ******* ******* ******* ******* ******* ******* ******* ******* ******* ******* ******* *******
------+------------------------------------------------------------------------------------------------------------------------
       x 10 ^ 3                                
 
 
          INDEX
        -------
------+------------------------------------------------------------------------------------------------------------------------
      |    1987    1988    1989    1990    1991    1992    1993    1994    1995    1996    1997    1998    1999    2000    2001
------+------------------------------------------------------------------------------------------------------------------------
  1   | *******  231.30  254.12  247.40  287.19  267.21  282.52  263.33  276.06  268.85  265.98  239.48  236.43  214.76  223.10
------+------------------------------------------------------------------------------------------------------------------------
       x 10 ^ 3                                
 
 
          INDEX
        -------
------+--------
      |    2002
------+--------
  1   |  197.90
------+--------
       x 10 ^ 3                                
 
 
 
 Predicted Age-Structured Index Values                                          
  
 --------------------------------------
 
        FLT01: Dummy survey Predicted
        -----------------------------
------+--------------------------------
AGE   |    1981    1982    1983    1984
------+--------------------------------
  1   |   50.90   88.84   55.35  143.42
  2   |  565.60  226.30  394.74  247.57
  3   |  249.31  768.79  307.63  543.24
  4   |  370.81   83.86  260.15  105.83
  5   |  132.82  182.35   41.93  132.06
  6   |   47.53  122.69  171.77   40.17
  7   |   70.34   28.00   73.81  105.46
  8   |   88.30   96.77   39.69  106.03
  9   |   43.96   48.81   56.32   45.34
------+--------------------------------
       x 10 ^ 3                                
 
 
 
        Fitted Selection Pattern
        ------------------------
------+------------------------------------------------------------------------------------------------------------------------
AGE   |    1972    1973    1974    1975    1976    1977    1978    1979    1980    1981    1982    1983    1984    1985    1986
------+------------------------------------------------------------------------------------------------------------------------
  0   |  0.0350  0.0351  0.0350  0.0350  0.0349  0.0348  0.0347  0.0346  0.0346  0.0346  0.0348  0.0348  0.0327  0.0330  0.0333
  1   |  0.1326  0.1327  0.1326  0.1325  0.1323  0.1322  0.1318  0.1315  0.1313  0.1315  0.1321  0.1323  0.1323  0.1242  0.1254
  2   |  0.2934  0.2936  0.2935  0.2933  0.2932  0.2930  0.2928  0.2919  0.2917  0.2914  0.2928  0.2935  0.2941  0.2937  0.2753
  3   |  0.5785  0.5787  0.5784  0.5783  0.5782  0.5782  0.5778  0.5774  0.5764  0.5759  0.5774  0.5788  0.5805  0.5805  0.5802
  4   |  0.8822  0.8828  0.8822  0.8821  0.8823  0.8822  0.8823  0.8816  0.8819  0.8799  0.8818  0.8821  0.8845  0.8849  0.8851
  5   |  1.0000  1.0000  1.0000  1.0000  1.0000  1.0000  1.0000  1.0000  1.0000  1.0000  1.0000  1.0000  1.0000  1.0000  1.0000
  6   |  1.1266  1.1252  1.1245  1.1258  1.1255  1.1251  1.1254  1.1249  1.1259  1.1251  1.1284  1.1252  1.1247  1.1204  1.1195
  7   |  1.2819  1.2813  1.2790  1.2801  1.2809  1.2796  1.2795  1.2788  1.2792  1.2793  1.2819  1.2831  1.2780  1.2714  1.2639
  8   |  1.1756  1.1757  1.1749  1.1750  1.1749  1.1744  1.1737  1.1724  1.1721  1.1714  1.1746  1.1754  1.1759  1.1650  1.1549
  9   |  1.1756  1.1757  1.1749  1.1750  1.1749  1.1744  1.1737  1.1724  1.1721  1.1714  1.1746  1.1754  1.1759  1.1650  1.1549
------+------------------------------------------------------------------------------------------------------------------------
                                               
 
 
        Fitted Selection Pattern
        ------------------------
------+------------------------------------------------------------------------------------------------------------------------
AGE   |    1987    1988    1989    1990    1991    1992    1993    1994    1995    1996    1997    1998    1999    2000    2001
------+------------------------------------------------------------------------------------------------------------------------
  0   |  0.0335  0.0340  0.0386  0.0390  0.0396  0.0348  0.0348  0.0348  0.0348  0.0348  0.0348  0.0348  0.0348  0.0348  0.0348
  1   |  0.1267  0.1285  0.1452  0.1449  0.1454  0.1317  0.1317  0.1317  0.1317  0.1317  0.1317  0.1317  0.1317  0.1317  0.1317
  2   |  0.2781  0.2828  0.3193  0.3178  0.3151  0.2915  0.2915  0.2915  0.2915  0.2915  0.2915  0.2915  0.2915  0.2915  0.2915
  3   |  0.5403  0.5486  0.6213  0.6185  0.6118  0.5751  0.5751  0.5751  0.5751  0.5751  0.5751  0.5751  0.5751  0.5751  0.5751
  4   |  0.8843  0.8143  0.9208  0.9213  0.9133  0.8792  0.8792  0.8792  0.8792  0.8792  0.8792  0.8792  0.8792  0.8792  0.8792
  5   |  1.0000  1.0000  1.0000  1.0000  1.0000  1.0000  1.0000  1.0000  1.0000  1.0000  1.0000  1.0000  1.0000  1.0000  1.0000
  6   |  1.1188  1.1189  1.2404  1.0612  1.0634  1.1309  1.1309  1.1309  1.1309  1.1309  1.1309  1.1309  1.1309  1.1309  1.1309
  7   |  1.2611  1.2582  1.3938  1.3574  1.1186  1.2956  1.2956  1.2956  1.2956  1.2956  1.2956  1.2956  1.2956  1.2956  1.2956
  8   |  1.1457  1.1387  1.2573  1.2233  1.1851  1.2000  1.2000  1.2000  1.2000  1.2000  1.2000  1.2000  1.2000  1.2000  1.2000
  9   |  1.1457  1.1387  1.2573  1.2233  1.1851  1.2000  1.2000  1.2000  1.2000  1.2000  1.2000  1.2000  1.2000  1.2000  1.2000
------+------------------------------------------------------------------------------------------------------------------------
                                               
 
 
        Fitted Selection Pattern
        ------------------------
------+--------
AGE   |    2002
------+--------
  0   |  0.0348
  1   |  0.1317
  2   |  0.2915
  3   |  0.5751
  4   |  0.8792
  5   |  1.0000
  6   |  1.1309
  7   |  1.2956
  8   |  1.2000
  9   |  1.2000
------+--------
                                               
 
 
 
 
 
                    STOCK SUMMARY                                             
 
 
 ³ Year ³  Recruits  ³  Total  ³ Spawning³ Landings ³ Yield ³ Mean F ³ SoP ³    
 ³      ³   Age   0  ³ Biomass ³ Biomass ³          ³ /SSB  ³  Ages  ³     ³ 
 ³      ³  thousands ³  tonnes ³ tonnes  ³ tonnes   ³ ratio ³  4- 7  ³ (%) ³ 
 
   1972       171590    441492    307930     78647   0.2554   0.2485    99
   1973       490440    395549    291895     73852   0.2530   0.2584   100
   1974       551460    375953    267257     47112   0.1763   0.1718    99
   1975       221550    386542    261497     46217   0.1767   0.1752    99
   1976       570300    373089    264417     64888   0.2454   0.2573    99
   1977       778970    376853    253008     58159   0.2299   0.2301   100
   1978       174010    404157    259594     51901   0.1999   0.2147    99
   1979       529260    396052    278916     65692   0.2355   0.2800   100
   1980       210210    386888    276666     61586   0.2226   0.2220    99
   1981       365350    372931    271548     81054   0.2985   0.3003    99
   1982       227520    322635    243364     49911   0.2051   0.1986    99
   1983       587960    313143    232191     56605   0.2438   0.2395    99
   1984       394740    316114    226396     42312   0.1869   0.1803   100
   1985       251730    339145    237090     70430   0.2971   0.2753    99
   1986       591840    322998    242308     48540   0.2003   0.1911   100
   1987       625620    322220    227005     71754   0.3161   0.2767    99
   1988       392880    338719    231295     69101   0.2988   0.2646    99
   1989       554640    362293    254124     69614   0.2739   0.2680    99
   1990       559860    341549    247397     56927   0.2301   0.1956   100
   1991       579520    395116    287186     60549   0.2108   0.1848   100
   1992       333680    386316    267205     72299   0.2706   0.2636    99
   1993       456070    391996    282520     73807   0.2612   0.2677    99
   1994       374960    369452    263331     90507   0.3437   0.3162    99
   1995       456070    372072    276060     61216   0.2217   0.2184    99
   1996       333680    357518    268849     49618   0.1846   0.1788    99
   1997       361170    363225    265975     68734   0.2584   0.2559   100
   1998       169050    330719    239477     79150   0.3305   0.3129   100
   1999       350900    309497    236426     50616   0.2141   0.2067    99
   2000       169060    289182    214756     62106   0.2892   0.2630    99
   2001       375020    287080    223104     43659   0.1957   0.1935    99
   2002       224360    268478    197896     49759   0.2514   0.2314    99
 
 -----------------------------------------------------------------            
 No of years for separable analysis : 11                                      
 Age range in the analysis : 0  . . . 9                                       
 Year range in the analysis : 1972  . . . 2002                                
 Number of indices of SSB : 1                                                 
 Number of age-structured indices : 1                                         
                                                                              
 Parameters to estimate : 46                                                  
 Number of observations : 150                                                 
                                                                              
 Conventional single selection vector model to be fitted.                     
                                                                              
                                                                              
                                                                              
 -----------------------------------------------------------------            
 
 
 PARAMETER ESTIMATES                                                            
  
 
 ³Parm.³      ³ Maximum ³    ³        ³         ³         ³         ³ Mean of ³ 
  
 ³ No. ³      ³ Likelh. ³ CV ³  Lower ³ Upper   ³  -s.e.  ³   +s.e. ³ Param.  ³ 
  
 ³     ³      ³ Estimate³ (%)³ 95% CL ³ 95% CL  ³         ³         ³ Distrib.³ 
  
 Separable model : F by year                                                    
  
    1   1992     0.1903   0    0.1903    0.1903    0.1903    0.1903    0.1903
    2   1993     0.1948   0    0.1948    0.1948    0.1948    0.1948    0.1948
    3   1994     0.2327   0    0.2327    0.2327    0.2327    0.2327    0.2327
    4   1995     0.1650   0    0.1650    0.1650    0.1650    0.1650    0.1650
    5   1996     0.1422   0    0.1422    0.1422    0.1422    0.1422    0.1422
    6   1997     0.2176   0    0.2176    0.2176    0.2176    0.2176    0.2176
    7   1998     0.2885   0    0.2885    0.2885    0.2885    0.2885    0.2885
    8   1999     0.2103   0    0.2103    0.2103    0.2103    0.2103    0.2103
    9   2000     0.3004   0    0.3004    0.3004    0.3004    0.3004    0.3004
   10   2001     0.2509   0    0.2509    0.2509    0.2509    0.2509    0.2509
   11   2002     0.3448   0    0.3448    0.3448    0.3448    0.3448    0.3448
 
 Separable Model: Selection (S) by age                                          
  
   12      0     0.0441   0    0.0441    0.0441    0.0441    0.0441    0.0441
   13      1     0.1507   0    0.1507    0.1507    0.1507    0.1507    0.1507
   14      2     0.3111   0    0.3111    0.3111    0.3111    0.3111    0.3111
   15      3     0.5892   0    0.5892    0.5892    0.5892    0.5892    0.5892
   16      4     0.8834   0    0.8834    0.8834    0.8834    0.8834    0.8834
           5     1.0000     Fixed : Reference Age             
   17      6     1.1383   0    1.1383    1.1383    1.1383    1.1383    1.1383
   18      7     1.2038   0    1.2038    1.2038    1.2038    1.2038    1.2038
           8     1.2000     Fixed : Last true age             
 
 Separable model: Populations in year 2002                                    
   19      0     110795   0     110795    110795    110795    110795    110795
   20      1     178832   0     178832    178832    178832    178832    178832
   21      2      74753   0      74753     74753     74753     74753     74753
   22      3     136474   0     136474    136474    136474    136474    136474
   23      4      53195   0      53195     53195     53195     53195     53195
   24      5      83761   0      83761     83761     83761     83761     83761
   25      6      54933   0      54933     54933     54933     54933     54933
   26      7      52032   0      52032     52032     52032     52032     52032
   27      8      29105   0      29105     29105     29105     29105     29105
 
Separable model: Populations at age
   28   1992      41141   0      41141     41141     41141     41141     41141
   29   1993      26289   0      26289     26289     26289     26289     26289
   30   1994      62073   0      62073     62073     62073     62073     62073
   31   1995      63316   0      63316     63316     63316     63316     63316
   32   1996      41475   0      41475     41475     41475     41475     41475
   33   1997      62365   0      62365     62365     62365     62365     62365
   34   1998      61019   0      61019     61019     61019     61019     61019
   35   1999      56951   0      56951     56951     56951     56951     56951
   36   2000      33499   0      33499     33499     33499     33499     33499
   37   2001      38942   0      38942     38942     38942     38942     38942
 
 SSB Index catchabilities                                                       
  
   INDEX                                 
 Absolute estimator. No fitted catchability.                                    
  
 
 
 
 Age-structured index catchabilities                                            
  
                                        FLT01: Dummy survey                     
 
 Linear model fitted. Slopes at age :                                           
  
   38   1  Q  .3140       0 .3140     .3140     .3140     .3140     .3140    
   39   2  Q  1.699       0 1.699     1.699     1.699     1.699     1.699    
   40   3  Q  2.952       0 2.952     2.952     2.952     2.952     2.952    
   41   4  Q  1.357       0 1.357     1.357     1.357     1.357     1.357    
   42   5  Q  .9594       0 .9594     .9594     .9594     .9594     .9594    
   43   6  Q  1.310       0 1.310     1.310     1.310     1.310     1.310    
   44   7  Q  1.178       0 1.178     1.178     1.178     1.178     1.178    
   45   8  Q  2.493       0 2.493     2.493     2.493     2.493     2.493    
   46   9  Q  1.110       0 1.110     1.110     1.110     1.110     1.110    
 
 
 
 RESIDUALS ABOUT THE MODEL FIT                                                  
  
 ------------------------------
 
        Separable Model Residuals
        -------------------------
------+----------------------------------------------------------------------------------------
Age   |    1992    1993    1994    1995    1996    1997    1998    1999    2000    2001    2002
------+----------------------------------------------------------------------------------------
  0   | ******* ******* ******* ******* ******* ******* ******* ******* ******* ******* *******
  1   | ******* ******* ******* ******* ******* ******* ******* ******* ******* ******* *******
  2   | ******* ******* ******* ******* ******* ******* ******* ******* ******* ******* *******
  3   | ******* ******* ******* ******* ******* ******* ******* ******* ******* ******* *******
  4   | ******* ******* ******* ******* ******* ******* ******* ******* ******* ******* *******
  5   | ******* ******* ******* ******* ******* ******* ******* ******* ******* ******* *******
  6   | ******* ******* ******* ******* ******* ******* ******* ******* ******* ******* *******
  7   | ******* ******* ******* ******* ******* ******* ******* ******* ******* ******* *******
  8   | ******* ******* ******* ******* ******* ******* ******* ******* ******* ******* *******
------+----------------------------------------------------------------------------------------
                                               
 
 
 
 SPAWNING BIOMASS INDEX RESIDUALS                                               
  
 ---------------------------------
 
          INDEX
        -------
------+------------------------------------------------------------------------------------------------------------------------
      |    1972    1973    1974    1975    1976    1977    1978    1979    1980    1981    1982    1983    1984    1985    1986
------+------------------------------------------------------------------------------------------------------------------------
  1   | ******* ******* ******* ******* ******* ******* ******* ******* ******* ******* ******* ******* ******* ******* *******
------+------------------------------------------------------------------------------------------------------------------------
                                               
 
 
          INDEX
        -------
------+------------------------------------------------------------------------------------------------------------------------
      |    1987    1988    1989    1990    1991    1992    1993    1994    1995    1996    1997    1998    1999    2000    2001
------+------------------------------------------------------------------------------------------------------------------------
  1   | ******* -0.1257 -0.1477 -0.1669 -0.1802  0.0000  0.0000  0.0000  0.0000  0.0000  0.0000  0.0000  0.0000  0.0000 -0.0001
------+------------------------------------------------------------------------------------------------------------------------
                                               
 
 
          INDEX
        -------
------+--------
      |    2002
------+--------
  1   | -0.0001
------+--------
                                               
 
 
 
 AGE-STRUCTURED INDEX RESIDUALS                                                 
  
 -------------------------------
 
        FLT01: Dummy survey
        -------------------
------+--------------------------------
Age   |    1981    1982    1983    1984
------+--------------------------------
  1   |   1.654   0.826  -0.239  -2.242
  2   |  -0.111   0.656   0.591  -1.136
  3   |  -0.102  -0.464   0.368   0.197
  4   |  -2.459   0.786   0.409   1.264
  5   |   0.275  -1.999   1.135   0.590
  6   |   1.204   0.107  -2.140   0.829
  7   |   0.347   1.355   0.213  -1.915
  8   |   0.278  -0.136   0.580  -0.723
  9   |  -0.219   0.578  -0.179  -0.144
------+--------------------------------
                                               
 
 
 
 
 
 
 PARAMETERS OF THE DISTRIBUTION OF ln(CATCHES AT AGE)                           
  
 -----------------------------------------------------
 
 Separable model fitted from 1992  to 2002                                    
 Variance                             0.0000
Skewness test stat.                   4.2175
Kurtosis test statistic              -0.8152
Partial chi-square                    0.0000
Significance in fit                   0.0000
Degrees of freedom                        62
 
 
 PARAMETERS OF DISTRIBUTIONS OF THE SSB INDICES                                 
  
 -----------------------------------------------
 
 
   DISTRIBUTION STATISTICS FOR   INDEX                                          
 
 
 Index used as absolute measure of abundance                                    
  
 Last age is a plus-group                                                       
  
 
 Variance                             0.0326
Skewness test stat.                  -3.1385
Kurtosis test statistic               0.7882
Partial chi-square                    0.0393
Significance in fit                   0.0000
Number of observations                    15
Degrees of freedom                        15
Weight in the analysis                5.0000
 
 PARAMETERS OF THE DISTRIBUTION OF THE AGE-STRUCTURED INDICES                   
  
 ------------------------------------------------------------ 
 
 
   DISTRIBUTION STATISTICS FOR FLT01: Dummy survey                              
 
 
 Linear catchability relationship assumed                                       
  
 
 Age                          1         2         3         4         5         6         7         8         9
 Variance                0.0031    0.0008    0.0001    0.0031    0.0021    0.0025    0.0021    0.0004    0.0002
Skewness test stat.     -0.4078   -0.5323   -0.2779   -0.8204   -0.7549   -0.7004   -0.5419   -0.2855    0.9904
Kurtosis test statisti  -0.4743   -0.4816   -0.5489   -0.3164   -0.3346   -0.3752   -0.3694   -0.5215   -0.2281
Partial chi-square       0.0008    0.0002    0.0000    0.0008    0.0005    0.0006    0.0006    0.0001    0.0000
Significance in fit      0.0000    0.0000    0.0000    0.0000    0.0000    0.0000    0.0000    0.0000    0.0000
Number of observations        4         4         4         4         4         4         4         4         4
Degrees of freedom            3         3         3         3         3         3         3         3         3
Weight in the analysis   0.0011    0.0011    0.0011    0.0011    0.0011    0.0011    0.0011    0.0011    0.0011
 
 ANALYSIS OF VARIANCE                   
--------------------------
 
 Unweighted Statistics                                                          
  
 
                                                                                
  
Variance                              
                                       SSQ     Data    Parameters d.f. Variance
Total for model                        39.0098     150         46  104   0.3751
Catches at age                          0.0000      99         37   62   0.0000
  
SSB Indices                           
  INDEX                                 0.0979      15          0   15   0.0065
  
 Aged Indices                                                                   
  
FLT01: Dummy survey                    38.9119      36          9   27   1.4412
 
 
 Weighted Statistics                                                            
  
 
                                                                                
  
Variance                              
                                       SSQ     Data    Parameters d.f. Variance
Total for model                         2.4480     150         46  104   0.0235
Catches at age                          0.0000      99         37   62   0.0000
  
SSB Indices                           
  INDEX                                 2.4480      15          0   15   0.1632
  
 Aged Indices                                                                   
  
FLT01: Dummy survey                     0.0000      36          9   27   0.0000
 
