 ICA v1_3 TUNING DIAGNOSTICS FILE
   1       1
 F         SSQ
  0.05  27.40498275      23.14884364      4.256139102    
  0.10  14.36625906      10.14808749      4.218171563    
  0.15  9.227977044      5.027940106      4.200036938    
  0.20  6.816047189      2.626372114      4.189675075    
  0.25  5.619465230      1.436304446      4.183160784    
  0.30  5.032756037     0.8539345132      4.178821524    
  0.35  4.775236115     0.5994132850      4.175822830    
  0.40  4.704497274     0.5307958563      4.173701418    
  0.45  4.743509462     0.5713293884      4.172180073    
  0.50  4.848447845     0.6773662461      4.171081599    
  0.55  4.993476060     0.8231861862      4.170289874    
  0.60  5.162858474     0.9931333924      4.169725082    
  0.65  5.346783102      1.177451995      4.169331107    
  0.70  5.539025155      1.369957545      4.169067610    
  0.75  5.735590452      1.566685415      4.168905037    
  0.80  5.933912718      1.765091343      4.168821375    
  0.85  6.132347525      1.963547542      4.168799983    
  0.90  6.329869194      2.161041081      4.168828113    
  0.95  6.525868320      2.356972443      4.168895878    
  1.00  6.720031894      2.551036379      4.168995515    
