 Output Generated by ICA Version 1.4                                            
  
 ------------------------------------
 
        Mackerel NE Atlantic  WG2003
        ----------------------------
 
        Catch in Number
        ---------------
------+------------------------------------------------------------------------------------------------------------------------
AGE   |    1972    1973    1974    1975    1976    1977    1978    1979    1980    1981    1982    1983    1984    1985    1986
------+------------------------------------------------------------------------------------------------------------------------
  0   |   4507.   3149.   1917.   2353.   5766.   1287.   2863.   3250.   6874.   1840.   2729.   2939.   3729.   3251.   1936.
  1   |  11362.  10385.   8200.   6487.  10319.  15309.   3520.  11095.  14347.  13408.   8731.   5938.  14381.   8407.   8598.
  2   |  39949.  14861.  15456.  15882.  16196.  15593.  23932.   7787.  27751.  15927.  36175.  10825.  16508.  18449.  12734.
  3   |  18161.  44261.  18957.  25710.  33736.  20824.  20893.  45280.  16434.  26209.  36486.  38240.  25518.  18007.  24022.
  4   |  50791.  14521.  41455.  23257.  39863.  31537.  20496.  29020.  69030.  11253.  43742.  28073.  65567.  20190.  17288.
  5   |  40776.  28540.   9704.  36497.  25748.  26389.  22164.  20384.  31365.  33282.  13404.  23802.  34327.  36600.  13878.
  6   |  27255.  22093.  18529.   8316.  39162.  16490.  18021.  21416.  21259.  14610.  38392.   7059.  28167.  18517.  24485.
  7   |  32190.  14438.  14145.  15692.   8771.  24611.  11107.  17166.  21839.   9705.  16549.  19854.   8196.  14894.  12242.
  8   |  13039.  13566.   7396.   9622.  13319.   4402.  13272.   8506.  14075.   7922.   8855.   6817.  18573.   3451.   7887.
  9   |  22498.  14687.  15356.  15224.  21453.  17811.  11390.  19203.  22644.  13318.  20342.  11395.  17178.  15300.   9861.
------+------------------------------------------------------------------------------------------------------------------------
       x 10 ^ 3                                
 
 
        Catch in Number
        ---------------
------+------------------------------------------------------------------------------------------------------------------------
AGE   |    1987    1988    1989    1990    1991    1992    1993    1994    1995    1996    1997    1998    1999    2000    2001
------+------------------------------------------------------------------------------------------------------------------------
  0   |   1497.   1210.   3880.   2539.   3727.   1814.   1773.   3538.    949.   3102.   2474.   6474.   4562.   1191.   6212.
  1   |   8662.   3764.   5273.  12238.   8067.   8598.   5699.   9611.  11822.   1818.  12673.   9825.  21681.   8920.   5743.
  2   |  21966.  12438.   9347.   9451.  22103.  10633.  15482.  17568.  18141.  12892.   4238.  28540.  18589.  24133.  24463.
  3   |  27814.  27001.  26326.  14215.  14489.  24940.  16484.  40505.  27843.  16843.  25665.   8065.  45347.  17610.  56186.
  4   |  38545.  25054.  41812.  29041.  15818.  11975.  28605.  31435.  45948.  18759.  24586.  35309.   9175.  31166.  29867.
  5   |  19899.  24726.  27745.  32667.  22901.   9300.   9872.  38996.  25022.  21810.  19601.  23964.  28195.   4442.  37727.
  6   |  15525.  12391.  26565.  20951.  24904.  13066.   7472.  13037.  29831.  11479.  22130.  18441.  18391.  13192.   5207.
  7   |  27011.   9524.  13101.  19659.  15659.  13996.  10391.   9691.   9709.  13419.  11476.  20367.  13780.   8437.  15185.
  8   |  10877.  13247.   8105.   7759.  11762.   7027.   8937.  10875.   5769.   3470.  10791.   8479.  12166.   5023.   7823.
  9   |  16111.  13491.  22405.  19121.  15966.  12471.  11784.  22270.  20314.   9048.   9718.  14705.  13877.   9983.  14508.
------+------------------------------------------------------------------------------------------------------------------------
       x 10 ^ 3                                
 
 
        Catch in Number
        ---------------
------+--------
AGE   |    2002
------+--------
  0   |   1598.
  1   |  18949.
  2   |   9926.
  3   |  35690.
  4   |  59038.
  5   |  22098.
  6   |  26895.
  7   |   3625.
  8   |   8446.
  9   |  12193.
------+--------
       x 10 ^ 3                                
 
 
 
        Predicted Catch in Number
        -------------------------
------+----------------------------------------------------------------------------------------
AGE   |    1992    1993    1994    1995    1996    1997    1998    1999    2000    2001    2002
------+----------------------------------------------------------------------------------------
  0   |   1814.   1773.   3538.    949.   3102.   2474.   6474.   4562.   1191.   6212.   1598.
  1   |   8598.   5699.   9611.  11822.   1818.  12673.   9825.  21681.   8920.   5743.  18949.
  2   |  10633.  15482.  17568.  18141.  12892.   4238.  28540.  18589.  24133.  24463.   9926.
  3   |  24940.  16484.  40505.  27843.  16843.  25665.   8065.  45347.  17611.  56186.  35690.
  4   |  11975.  28605.  31435.  45948.  18759.  24586.  35309.   9175.  31166.  29867.  59038.
  5   |   9300.   9872.  38996.  25022.  21810.  19601.  23964.  28195.   4442.  37727.  22098.
  6   |  13066.   7472.  13037.  29831.  11479.  22130.  18441.  18391.  13192.   5207.  26895.
  7   |  13996.  10391.   9691.   9709.  13419.  11476.  20367.  13780.   8437.  15185.   3625.
  8   |   7027.   8937.  10875.   5769.   3470.  10791.   8479.  12166.   5023.   7823.   8446.
------+----------------------------------------------------------------------------------------
       x 10 ^ 3                                
 
 
 
        Weights at age in the catches (Kg)
        ----------------------------------
------+------------------------------------------------------------------------------------------------------------------------
AGE   |    1972    1973    1974    1975    1976    1977    1978    1979    1980    1981    1982    1983    1984    1985    1986
------+------------------------------------------------------------------------------------------------------------------------
  0   | 0.05200 0.05000 0.05100 0.05000 0.05900 0.05600 0.03600 0.01600 0.05700 0.06000 0.05300 0.05000 0.03100 0.05500 0.03900
  1   | 0.13500 0.14500 0.13600 0.14800 0.13700 0.13600 0.13500 0.13700 0.13100 0.13200 0.13100 0.16800 0.10200 0.14400 0.14600
  2   | 0.27700 0.19400 0.22900 0.17700 0.20700 0.16900 0.16100 0.16100 0.24900 0.24800 0.24900 0.21900 0.18400 0.26200 0.24500
  3   | 0.34100 0.28500 0.26100 0.25900 0.26300 0.27500 0.25000 0.24300 0.28500 0.28700 0.28500 0.27600 0.29500 0.35700 0.33500
  4   | 0.42300 0.36800 0.33400 0.32300 0.32000 0.33300 0.32500 0.31800 0.34500 0.34400 0.34500 0.31000 0.32600 0.41800 0.42300
  5   | 0.46800 0.44800 0.39200 0.34800 0.34600 0.35200 0.34500 0.34800 0.37800 0.37700 0.37800 0.38600 0.34400 0.41700 0.47100
  6   | 0.46800 0.46800 0.48100 0.43000 0.40600 0.40700 0.40300 0.40100 0.45400 0.45400 0.45400 0.42500 0.43100 0.43600 0.44400
  7   | 0.50800 0.50800 0.50800 0.48800 0.44300 0.44600 0.42100 0.41600 0.49800 0.49900 0.49600 0.43500 0.54200 0.52100 0.45700
  8   | 0.53900 0.53900 0.53900 0.53900 0.51800 0.54600 0.51800 0.50600 0.52000 0.51300 0.51300 0.49800 0.48000 0.55500 0.54300
  9   | 0.60297 0.59915 0.59993 0.60180 0.60204 0.58888 0.57432 0.53657 0.56546 0.56192 0.56277 0.58603 0.61102 0.60758 0.60140
------+------------------------------------------------------------------------------------------------------------------------
                                               
 
 
        Weights at age in the catches (Kg)
        ----------------------------------
------+------------------------------------------------------------------------------------------------------------------------
AGE   |    1987    1988    1989    1990    1991    1992    1993    1994    1995    1996    1997    1998    1999    2000    2001
------+------------------------------------------------------------------------------------------------------------------------
  0   | 0.07600 0.05500 0.04900 0.08500 0.06800 0.05100 0.06100 0.04600 0.07200 0.05800 0.07600 0.06500 0.06200 0.06300 0.06900
  1   | 0.17900 0.13300 0.13600 0.15600 0.15600 0.16700 0.13400 0.13600 0.14300 0.14300 0.14300 0.15700 0.17600 0.13500 0.17100
  2   | 0.22300 0.25900 0.23700 0.23300 0.25300 0.23900 0.24000 0.25500 0.23400 0.22600 0.23000 0.22700 0.23600 0.22900 0.22300
  3   | 0.31800 0.32300 0.32000 0.33600 0.32700 0.33300 0.31700 0.33900 0.33300 0.31300 0.29500 0.31000 0.30700 0.30800 0.30700
  4   | 0.39900 0.38800 0.37700 0.37900 0.39400 0.39700 0.37600 0.39000 0.39000 0.37700 0.35900 0.35400 0.36100 0.36700 0.37800
  5   | 0.47400 0.45600 0.43300 0.42300 0.42300 0.46000 0.43600 0.44800 0.45200 0.42500 0.41500 0.40800 0.40600 0.42900 0.42600
  6   | 0.51200 0.52400 0.45600 0.46700 0.46900 0.49500 0.48300 0.51200 0.50100 0.48400 0.45300 0.45200 0.45400 0.46700 0.47700
  7   | 0.49300 0.55500 0.54300 0.52800 0.50600 0.53200 0.52700 0.54300 0.53900 0.51800 0.48100 0.46200 0.50100 0.50400 0.49900
  8   | 0.49800 0.55500 0.59200 0.55200 0.55400 0.55500 0.54800 0.59000 0.57700 0.55100 0.52400 0.51800 0.53700 0.53700 0.54300
  9   | 0.61805 0.60775 0.59740 0.61695 0.64065 0.63133 0.60597 0.62493 0.61593 0.60462 0.58680 0.56907 0.58994 0.58520 0.60816
------+------------------------------------------------------------------------------------------------------------------------
                                               
 
 
        Weights at age in the catches (Kg)
        ----------------------------------
------+--------
AGE   |    2002
------+--------
  0   | 0.05200
  1   | 0.15900
  2   | 0.25500
  3   | 0.30700
  4   | 0.36900
  5   | 0.42600
  6   | 0.46400
  7   | 0.51400
  8   | 0.53900
  9   | 0.60991
------+--------
                                               
 
 
 
        Weights at age in the stock (Kg)
        --------------------------------
------+------------------------------------------------------------------------------------------------------------------------
AGE   |    1972    1973    1974    1975    1976    1977    1978    1979    1980    1981    1982    1983    1984    1985    1986
------+------------------------------------------------------------------------------------------------------------------------
  0   | 0.00800 0.00800 0.00800 0.00800 0.00800 0.00800 0.00800 0.00800 0.00800 0.00800 0.00800 0.00800 0.00000 0.00000 0.00000
  1   | 0.13200 0.13200 0.13000 0.12900 0.12800 0.12700 0.11100 0.11000 0.10900 0.08700 0.08600 0.08600 0.08100 0.08500 0.07700
  2   | 0.17800 0.17700 0.17300 0.17100 0.17000 0.16700 0.17500 0.17400 0.17300 0.18600 0.13500 0.17200 0.19400 0.16500 0.17900
  3   | 0.24300 0.24200 0.23800 0.23600 0.23600 0.23300 0.23800 0.23700 0.23600 0.25200 0.22100 0.23500 0.25300 0.29300 0.26700
  4   | 0.41100 0.30100 0.29600 0.29400 0.29300 0.28900 0.30000 0.29900 0.29700 0.31300 0.28000 0.28000 0.29500 0.30600 0.30400
  5   | 0.35500 0.43800 0.32200 0.31800 0.31800 0.31300 0.34600 0.34500 0.34300 0.32300 0.38500 0.33900 0.32400 0.34100 0.35600
  6   | 0.39800 0.39800 0.46900 0.36500 0.36500 0.36100 0.38200 0.38000 0.37900 0.37800 0.35300 0.37700 0.39300 0.38400 0.35100
  7   | 0.43300 0.43300 0.43300 0.49700 0.41900 0.41600 0.41000 0.40800 0.40700 0.41900 0.40800 0.40400 0.43600 0.43000 0.41600
  8   | 0.45900 0.45900 0.45900 0.45900 0.51200 0.44600 0.43200 0.43000 0.42900 0.43400 0.43700 0.43900 0.44100 0.45900 0.47300
  9   | 0.51642 0.51444 0.51394 0.51614 0.51685 0.53527 0.51599 0.48339 0.48707 0.47422 0.48374 0.51222 0.50577 0.51577 0.48012
------+------------------------------------------------------------------------------------------------------------------------
                                               
 
 
        Weights at age in the stock (Kg)
        --------------------------------
------+------------------------------------------------------------------------------------------------------------------------
AGE   |    1987    1988    1989    1990    1991    1992    1993    1994    1995    1996    1997    1998    1999    2000    2001
------+------------------------------------------------------------------------------------------------------------------------
  0   | 0.00000 0.00000 0.00000 0.00000 0.00000 0.00000 0.00000 0.00000 0.00000 0.00000 0.00000 0.00000 0.00000 0.00000 0.00000
  1   | 0.07800 0.07200 0.07600 0.07400 0.07500 0.07800 0.07800 0.07900 0.08100 0.07600 0.07600 0.07700 0.08100 0.07400 0.07800
  2   | 0.14800 0.15600 0.17700 0.13800 0.15500 0.21200 0.19700 0.17800 0.16400 0.13300 0.18600 0.14900 0.19400 0.18500 0.16400
  3   | 0.24000 0.23700 0.24400 0.22200 0.23000 0.25900 0.26800 0.23700 0.26700 0.25100 0.22800 0.22300 0.24200 0.23500 0.24100
  4   | 0.28600 0.30100 0.30600 0.28700 0.30700 0.31000 0.31500 0.30100 0.32600 0.31700 0.29600 0.28500 0.30100 0.28900 0.34200
  5   | 0.37400 0.32900 0.35200 0.33900 0.35700 0.36200 0.36000 0.36100 0.39800 0.36600 0.36100 0.34200 0.35300 0.35000 0.39000
  6   | 0.38600 0.42300 0.38000 0.37300 0.40900 0.40200 0.41600 0.41300 0.44800 0.44400 0.40200 0.40000 0.39600 0.39000 0.44600
  7   | 0.41100 0.44500 0.42900 0.41400 0.43200 0.42400 0.45400 0.46600 0.49100 0.46200 0.44500 0.42600 0.42300 0.42600 0.45900
  8   | 0.42900 0.43200 0.47400 0.40900 0.50200 0.46200 0.46500 0.47000 0.50800 0.50100 0.47800 0.46600 0.44000 0.44700 0.49900
  9   | 0.48790 0.51905 0.47399 0.49645 0.56206 0.52230 0.51719 0.53426 0.56219 0.59116 0.54135 0.52261 0.49403 0.50103 0.56531
------+------------------------------------------------------------------------------------------------------------------------
                                               
 
 
        Weights at age in the stock (Kg)
        --------------------------------
------+--------
AGE   |    2002
------+--------
  0   | 0.00000
  1   | 0.07800
  2   | 0.18100
  3   | 0.23900
  4   | 0.31100
  5   | 0.36400
  6   | 0.41100
  7   | 0.43600
  8   | 0.46200
  9   | 0.52090
------+--------
                                               
 
 
 
        Natural Mortality (per year)
        ----------------------------
------+------------------------------------------------------------------------------------------------------------------------
AGE   |    1972    1973    1974    1975    1976    1977    1978    1979    1980    1981    1982    1983    1984    1985    1986
------+------------------------------------------------------------------------------------------------------------------------
  0   | 0.15000 0.15000 0.15000 0.15000 0.15000 0.15000 0.15000 0.15000 0.15000 0.15000 0.15000 0.15000 0.15000 0.15000 0.15000
  1   | 0.15000 0.15000 0.15000 0.15000 0.15000 0.15000 0.15000 0.15000 0.15000 0.15000 0.15000 0.15000 0.15000 0.15000 0.15000
  2   | 0.15000 0.15000 0.15000 0.15000 0.15000 0.15000 0.15000 0.15000 0.15000 0.15000 0.15000 0.15000 0.15000 0.15000 0.15000
  3   | 0.15000 0.15000 0.15000 0.15000 0.15000 0.15000 0.15000 0.15000 0.15000 0.15000 0.15000 0.15000 0.15000 0.15000 0.15000
  4   | 0.15000 0.15000 0.15000 0.15000 0.15000 0.15000 0.15000 0.15000 0.15000 0.15000 0.15000 0.15000 0.15000 0.15000 0.15000
  5   | 0.15000 0.15000 0.15000 0.15000 0.15000 0.15000 0.15000 0.15000 0.15000 0.15000 0.15000 0.15000 0.15000 0.15000 0.15000
  6   | 0.15000 0.15000 0.15000 0.15000 0.15000 0.15000 0.15000 0.15000 0.15000 0.15000 0.15000 0.15000 0.15000 0.15000 0.15000
  7   | 0.15000 0.15000 0.15000 0.15000 0.15000 0.15000 0.15000 0.15000 0.15000 0.15000 0.15000 0.15000 0.15000 0.15000 0.15000
  8   | 0.15000 0.15000 0.15000 0.15000 0.15000 0.15000 0.15000 0.15000 0.15000 0.15000 0.15000 0.15000 0.15000 0.15000 0.15000
  9   | 0.15000 0.15000 0.15000 0.15000 0.15000 0.15000 0.15000 0.15000 0.15000 0.15000 0.15000 0.15000 0.15000 0.15000 0.15000
------+------------------------------------------------------------------------------------------------------------------------
                                               
 
 
        Natural Mortality (per year)
        ----------------------------
------+------------------------------------------------------------------------------------------------------------------------
AGE   |    1987    1988    1989    1990    1991    1992    1993    1994    1995    1996    1997    1998    1999    2000    2001
------+------------------------------------------------------------------------------------------------------------------------
  0   | 0.15000 0.15000 0.15000 0.15000 0.15000 0.15000 0.15000 0.15000 0.15000 0.15000 0.15000 0.15000 0.15000 0.15000 0.15000
  1   | 0.15000 0.15000 0.15000 0.15000 0.15000 0.15000 0.15000 0.15000 0.15000 0.15000 0.15000 0.15000 0.15000 0.15000 0.15000
  2   | 0.15000 0.15000 0.15000 0.15000 0.15000 0.15000 0.15000 0.15000 0.15000 0.15000 0.15000 0.15000 0.15000 0.15000 0.15000
  3   | 0.15000 0.15000 0.15000 0.15000 0.15000 0.15000 0.15000 0.15000 0.15000 0.15000 0.15000 0.15000 0.15000 0.15000 0.15000
  4   | 0.15000 0.15000 0.15000 0.15000 0.15000 0.15000 0.15000 0.15000 0.15000 0.15000 0.15000 0.15000 0.15000 0.15000 0.15000
  5   | 0.15000 0.15000 0.15000 0.15000 0.15000 0.15000 0.15000 0.15000 0.15000 0.15000 0.15000 0.15000 0.15000 0.15000 0.15000
  6   | 0.15000 0.15000 0.15000 0.15000 0.15000 0.15000 0.15000 0.15000 0.15000 0.15000 0.15000 0.15000 0.15000 0.15000 0.15000
  7   | 0.15000 0.15000 0.15000 0.15000 0.15000 0.15000 0.15000 0.15000 0.15000 0.15000 0.15000 0.15000 0.15000 0.15000 0.15000
  8   | 0.15000 0.15000 0.15000 0.15000 0.15000 0.15000 0.15000 0.15000 0.15000 0.15000 0.15000 0.15000 0.15000 0.15000 0.15000
  9   | 0.15000 0.15000 0.15000 0.15000 0.15000 0.15000 0.15000 0.15000 0.15000 0.15000 0.15000 0.15000 0.15000 0.15000 0.15000
------+------------------------------------------------------------------------------------------------------------------------
                                               
 
 
        Natural Mortality (per year)
        ----------------------------
------+--------
AGE   |    2002
------+--------
  0   | 0.15000
  1   | 0.15000
  2   | 0.15000
  3   | 0.15000
  4   | 0.15000
  5   | 0.15000
  6   | 0.15000
  7   | 0.15000
  8   | 0.15000
  9   | 0.15000
------+--------
                                               
 
 
 
        Proportion of fish spawning
        ---------------------------
------+------------------------------------------------------------------------------------------------------------------------
AGE   |    1972    1973    1974    1975    1976    1977    1978    1979    1980    1981    1982    1983    1984    1985    1986
------+------------------------------------------------------------------------------------------------------------------------
  0   |  0.0000  0.0000  0.0000  0.0000  0.0000  0.0000  0.0000  0.0000  0.0000  0.0000  0.0000  0.0000  0.0000  0.0000  0.0000
  1   |  0.0500  0.0500  0.0500  0.0600  0.0600  0.0600  0.0600  0.0600  0.0600  0.0700  0.0700  0.0700  0.0700  0.0700  0.0700
  2   |  0.5300  0.5400  0.5400  0.5500  0.5500  0.5500  0.5600  0.5600  0.5700  0.5700  0.5700  0.5800  0.5800  0.5800  0.5800
  3   |  0.9000  0.9000  0.9000  0.8900  0.8900  0.8900  0.8900  0.8900  0.8900  0.8800  0.8800  0.8800  0.8800  0.8800  0.8800
  4   |  0.9800  0.9800  0.9800  0.9800  0.9800  0.9800  0.9800  0.9800  0.9800  0.9800  0.9800  0.9800  0.9700  0.9700  0.9700
  5   |  0.9800  0.9800  0.9800  0.9800  0.9800  0.9800  0.9800  0.9800  0.9800  0.9800  0.9800  0.9800  0.9700  0.9700  0.9700
  6   |  0.9900  0.9900  0.9900  0.9900  0.9900  0.9900  0.9900  0.9900  0.9900  0.9900  0.9900  0.9900  0.9900  0.9900  0.9900
  7   |  1.0000  1.0000  1.0000  1.0000  1.0000  1.0000  1.0000  1.0000  1.0000  1.0000  1.0000  1.0000  1.0000  1.0000  1.0000
  8   |  1.0000  1.0000  1.0000  1.0000  1.0000  1.0000  1.0000  1.0000  1.0000  1.0000  1.0000  1.0000  1.0000  1.0000  1.0000
  9   |  1.0000  1.0000  1.0000  1.0000  1.0000  1.0000  1.0000  1.0000  1.0000  1.0000  1.0000  1.0000  1.0000  1.0000  1.0000
------+------------------------------------------------------------------------------------------------------------------------
                                               
 
 
        Proportion of fish spawning
        ---------------------------
------+------------------------------------------------------------------------------------------------------------------------
AGE   |    1987    1988    1989    1990    1991    1992    1993    1994    1995    1996    1997    1998    1999    2000    2001
------+------------------------------------------------------------------------------------------------------------------------
  0   |  0.0000  0.0000  0.0000  0.0000  0.0000  0.0000  0.0000  0.0000  0.0000  0.0000  0.0000  0.0000  0.0000  0.0000  0.0000
  1   |  0.0700  0.0700  0.0700  0.0700  0.0700  0.0700  0.0700  0.0700  0.0700  0.0700  0.0700  0.0700  0.0700  0.0700  0.0700
  2   |  0.5800  0.5800  0.5800  0.5800  0.5800  0.5800  0.5800  0.5800  0.5800  0.5800  0.5800  0.5800  0.5800  0.5800  0.5900
  3   |  0.8800  0.8800  0.8800  0.8800  0.8800  0.8800  0.8800  0.8800  0.8800  0.8800  0.8800  0.8600  0.8600  0.8600  0.8800
  4   |  0.9700  0.9700  0.9700  0.9700  0.9700  0.9700  0.9700  0.9700  0.9700  0.9700  0.9700  0.9800  0.9800  0.9800  0.9700
  5   |  0.9700  0.9700  0.9700  0.9700  0.9700  0.9700  0.9700  0.9700  0.9700  0.9700  0.9700  0.9800  0.9800  0.9800  0.9700
  6   |  0.9900  0.9900  0.9900  0.9900  0.9900  0.9900  0.9900  0.9900  0.9900  0.9900  0.9900  0.9900  0.9900  0.9900  0.9900
  7   |  1.0000  1.0000  1.0000  1.0000  1.0000  1.0000  1.0000  1.0000  1.0000  1.0000  1.0000  1.0000  1.0000  1.0000  1.0000
  8   |  1.0000  1.0000  1.0000  1.0000  1.0000  1.0000  1.0000  1.0000  1.0000  1.0000  1.0000  1.0000  1.0000  1.0000  1.0000
  9   |  1.0000  1.0000  1.0000  1.0000  1.0000  1.0000  1.0000  1.0000  1.0000  1.0000  1.0000  1.0000  1.0000  1.0000  1.0000
------+------------------------------------------------------------------------------------------------------------------------
                                               
 
 
        Proportion of fish spawning
        ---------------------------
------+--------
AGE   |    2002
------+--------
  0   |  0.0000
  1   |  0.0700
  2   |  0.5900
  3   |  0.8800
  4   |  0.9700
  5   |  0.9700
  6   |  0.9900
  7   |  1.0000
  8   |  1.0000
  9   |  1.0000
------+--------
                                               
 
 
 
 INDICES OF SPAWNING BIOMASS                                                    
  
 ----------------------------
 
          INDEX
        -------
------+------------------------------------------------------------------------------------------------------------------------
      |    1972    1973    1974    1975    1976    1977    1978    1979    1980    1981    1982    1983    1984    1985    1986
------+------------------------------------------------------------------------------------------------------------------------
  1   | ******* ******* ******* ******* ******* ******* ******* ******* ******* ******* ******* ******* ******* ******* *******
------+------------------------------------------------------------------------------------------------------------------------
       x 10 ^ 3                                
 
 
          INDEX
        -------
------+------------------------------------------------------------------------------------------------------------------------
      |    1987    1988    1989    1990    1991    1992    1993    1994    1995    1996    1997    1998    1999    2000    2001
------+------------------------------------------------------------------------------------------------------------------------
  1   | *******  297.31  281.25  236.50  240.37  251.90  270.56  263.01  264.06  242.61  224.47  209.34  216.53  243.34  289.96
------+------------------------------------------------------------------------------------------------------------------------
       x 10 ^ 3                                
 
 
          INDEX
        -------
------+--------
      |    2002
------+--------
  1   |  273.42
------+--------
       x 10 ^ 3                                
 
 
 
 AGE-STRUCTURED INDICES                                                         
  
 -----------------------
 
        FLT01: Dummy survey
        -------------------
------+--------------------------------
AGE   |    1981    1982    1983    1984
------+--------------------------------
  1   |  266.10  203.00   43.60   15.24
  2   |  506.40  435.90  712.70   79.51
  3   |  225.10  483.60  444.60  661.83
  4   |   31.70  184.10  391.60  374.60
  5   |  174.80   24.70  130.40  238.20
  6   |  158.50  136.60   20.20   92.00
  7   |   99.50  108.60   91.30   15.54
  8   |  116.60   84.50   70.90   51.47
  9   |   35.30   87.00   47.10   39.27
------+--------------------------------
       x 10 ^ 3                                
 
 
 
        Fishing Mortality (per year)
        ----------------------------
------+------------------------------------------------------------------------------------------------------------------------
AGE   |    1972    1973    1974    1975    1976    1977    1978    1979    1980    1981    1982    1983    1984    1985    1986
------+------------------------------------------------------------------------------------------------------------------------
  0   | 0.00982 0.00707 0.00573 0.00604 0.00828 0.00686 0.00585 0.00707 0.00979 0.00596 0.00884 0.00600 0.00920 0.00647 0.00533
  1   | 0.03715 0.02675 0.02169 0.02285 0.03134 0.02598 0.02212 0.02675 0.03704 0.02254 0.03347 0.02271 0.03481 0.02450 0.02016
  2   | 0.08222 0.05921 0.04801 0.05058 0.06937 0.05750 0.04897 0.05920 0.08199 0.04989 0.07409 0.05027 0.07704 0.05423 0.04462
  3   | 0.16220 0.11682 0.09471 0.09980 0.13686 0.11344 0.09661 0.11680 0.16175 0.09842 0.14616 0.09917 0.15200 0.10698 0.08802
  4   | 0.24797 0.17859 0.14479 0.15257 0.20923 0.17343 0.14770 0.17855 0.24728 0.15047 0.22345 0.15161 0.23237 0.16355 0.13457
  5   | 0.28205 0.20313 0.16469 0.17353 0.23798 0.19726 0.16799 0.20309 0.28126 0.17114 0.25415 0.17245 0.26430 0.18603 0.15306
  6   | 0.31897 0.22972 0.18624 0.19624 0.26913 0.22308 0.18998 0.22967 0.31808 0.19355 0.28742 0.19502 0.29889 0.21038 0.17309
  7   | 0.36542 0.26318 0.21337 0.22482 0.30832 0.25557 0.21765 0.26312 0.36440 0.22173 0.32928 0.22342 0.34242 0.24101 0.19830
  8   | 0.33845 0.24376 0.19762 0.20823 0.28557 0.23671 0.20159 0.24370 0.33751 0.20537 0.30498 0.20693 0.31715 0.22323 0.18367
  9   | 0.33845 0.24376 0.19762 0.20823 0.28557 0.23671 0.20159 0.24370 0.33751 0.20537 0.30498 0.20693 0.31715 0.22323 0.18367
------+------------------------------------------------------------------------------------------------------------------------
                                               
 
 
        Fishing Mortality (per year)
        ----------------------------
------+------------------------------------------------------------------------------------------------------------------------
AGE   |    1987    1988    1989    1990    1991    1992    1993    1994    1995    1996    1997    1998    1999    2000    2001
------+------------------------------------------------------------------------------------------------------------------------
  0   | 0.00744 0.00582 0.00793 0.00782 0.00777 0.00558 0.00545 0.00926 0.00972 0.00580 0.00740 0.00922 0.00969 0.00591 0.00892
  1   | 0.02815 0.02204 0.03001 0.02960 0.02941 0.02113 0.02064 0.03505 0.03678 0.02197 0.02801 0.03487 0.03668 0.02237 0.03377
  2   | 0.06231 0.04879 0.06643 0.06552 0.06509 0.04677 0.04569 0.07758 0.08141 0.04862 0.06200 0.07719 0.08118 0.04951 0.07475
  3   | 0.12292 0.09626 0.13106 0.12927 0.12842 0.09227 0.09014 0.15305 0.16061 0.09593 0.12232 0.15229 0.16015 0.09767 0.14748
  4   | 0.18792 0.14716 0.20036 0.19763 0.19633 0.14107 0.13781 0.23398 0.24554 0.14665 0.18701 0.23281 0.24484 0.14932 0.22546
  5   | 0.21375 0.16738 0.22789 0.22478 0.22331 0.16045 0.15675 0.26613 0.27928 0.16680 0.21270 0.26480 0.27848 0.16984 0.25644
  6   | 0.24172 0.18929 0.25772 0.25420 0.25254 0.18145 0.17726 0.30097 0.31584 0.18864 0.24054 0.29946 0.31493 0.19207 0.29001
  7   | 0.27693 0.21686 0.29525 0.29123 0.28932 0.20788 0.20308 0.34480 0.36183 0.21611 0.27557 0.34308 0.36079 0.22004 0.33225
  8   | 0.25649 0.20086 0.27346 0.26974 0.26797 0.19254 0.18809 0.31936 0.33513 0.20017 0.25524 0.31776 0.33417 0.20381 0.30773
  9   | 0.25649 0.20086 0.27346 0.26974 0.26797 0.19254 0.18809 0.31936 0.33513 0.20017 0.25524 0.31776 0.33417 0.20381 0.30773
------+------------------------------------------------------------------------------------------------------------------------
                                               
 
 
        Fishing Mortality (per year)
        ----------------------------
------+--------
AGE   |    2002
------+--------
  0   | 0.00853
  1   | 0.03228
  2   | 0.07144
  3   | 0.14094
  4   | 0.21547
  5   | 0.24507
  6   | 0.27715
  7   | 0.31751
  8   | 0.29409
  9   | 0.29409
------+--------
                                               
 
 
 
        Population Abundance (1 January)
        --------------------------------
------+------------------------------------------------------------------------------------------------------------------------
AGE   |    1972    1973    1974    1975    1976    1977    1978    1979    1980    1981    1982    1983    1984    1985    1986
------+------------------------------------------------------------------------------------------------------------------------
  0   |  496.90  481.40  361.17  420.79  752.85  202.57  528.90  496.90  759.90  333.68  333.68  528.90  438.51  542.45  392.36
  1   |  335.40  423.51  411.43  309.08  359.99  642.64  173.16  452.57  424.67  647.68  285.49  284.67  452.50  373.97  463.88
  2   |  544.51  278.15  354.89  346.52  260.02  300.29  538.94  145.78  379.25  352.23  545.04  237.64  239.52  376.15  314.09
  3   |  130.35  431.67  225.64  291.14  283.54  208.80  244.02  441.70  118.26  300.73  288.41  435.62  194.51  190.87  306.67
  4   |  248.27   95.39  330.58  176.66  226.79  212.83  160.44  190.69  338.27   86.59  234.58  214.48  339.54  143.81  147.61
  5   |  178.05  166.76   68.68  246.18  130.54  158.35  154.02  119.13  137.29  227.37   64.11  161.47  158.64  231.65  105.10
  6   |  107.05  115.58  117.15   50.14  178.13   88.56  111.89  112.06   83.69   89.19  164.91   42.80  116.97  104.83  165.54
  7   |  112.73   66.97   79.06   83.70   35.46  117.14   60.98   79.64   76.66   52.41   63.26  106.48   30.31   74.66   73.11
  8   |   48.70   67.33   44.31   54.98   57.53   22.42   78.09   42.22   52.69   45.83   36.14   39.17   73.30   18.52   50.50
  9   |   84.02   72.89   91.99   86.99   92.67   90.73   67.01   95.32   84.77   77.05   83.02   65.48   67.79   82.12   63.14
------+------------------------------------------------------------------------------------------------------------------------
       x 10 ^ 6                                
 
 
        Population Abundance (1 January)
        --------------------------------
------+------------------------------------------------------------------------------------------------------------------------
AGE   |    1987    1988    1989    1990    1991    1992    1993    1994    1995    1996    1997    1998    1999    2000    2001
------+------------------------------------------------------------------------------------------------------------------------
  0   |  217.56  224.34  528.90  350.87  518.38  350.87  350.87  413.21  105.69  577.12  361.17  759.90  509.31  217.56  752.85
  1   |  335.91  185.87  191.97  451.63  299.64  442.72  300.32  300.35  352.38   90.09  493.86  308.57  648.05  434.14  186.15
  2   |  391.30  281.10  156.49  160.35  377.38  250.43  373.08  253.20  249.61  292.34   75.86  413.32  256.48  537.70  365.40
  3   |  258.54  316.45  230.42  126.04  129.26  304.35  205.70  306.77  201.67  198.05  239.68   61.36  329.32  203.55  440.45
  4   |  241.71  196.79  247.37  173.96   95.32   97.85  238.86  161.79  226.57  147.82  154.87  182.54   45.36  241.50  158.89
  5   |  111.06  172.40  146.20  174.26  122.88   67.42   73.14  179.13  110.20  152.55  109.88  110.56  124.48   30.56  179.03
  6   |   77.62   77.19  125.52  100.19  119.79   84.60   49.43   53.82  118.15   71.74  111.13   76.45   73.02   81.10   22.19
  7   |  119.83   52.47   54.98   83.49   66.88   80.10   60.73   35.63   34.28   74.15   51.13   75.20   48.77   45.87   57.61
  8   |   51.61   78.19   36.35   35.22   53.70   43.10   56.00   42.67   21.72   20.55   51.42   33.41   45.93   29.26   31.68
  9   |   76.44   79.63  100.50   86.80   72.90   76.50   73.84   87.38   76.50   53.58   46.31   57.94   52.39   58.16   58.76
------+------------------------------------------------------------------------------------------------------------------------
       x 10 ^ 6                                
 
 
        Population Abundance (1 January)
        --------------------------------
------+----------------
AGE   |    2002    2003
------+----------------
  0   |  202.57  289.84
  1   |  642.23  172.87
  2   |  154.90  535.21
  3   |  291.85  124.13
  4   |  327.11  218.18
  5   |  109.15  226.98
  6   |  119.24   73.53
  7   |   14.29   77.79
  8   |   35.57    8.96
  9   |   51.34   55.74
------+----------------
       x 10 ^ 6                                
 
 
 
        Weighting factors for the catches in number
        -------------------------------------------
------+----------------------------------------------------------------------------------------
AGE   |    1992    1993    1994    1995    1996    1997    1998    1999    2000    2001    2002
------+----------------------------------------------------------------------------------------
  0   |  0.0200  0.0200  0.0200  0.0200  0.0200  0.0200  0.0200  0.0200  0.0200  0.0200  0.0200
  1   |  1.0000  1.0000  1.0000  1.0000  1.0000  1.0000  1.0000  1.0000  1.0000  1.0000  1.0000
  2   |  1.0000  1.0000  1.0000  1.0000  1.0000  1.0000  1.0000  1.0000  1.0000  1.0000  1.0000
  3   |  1.0000  1.0000  1.0000  1.0000  1.0000  1.0000  1.0000  1.0000  1.0000  1.0000  1.0000
  4   |  1.0000  1.0000  1.0000  1.0000  1.0000  1.0000  1.0000  1.0000  1.0000  1.0000  1.0000
  5   |  1.0000  1.0000  1.0000  1.0000  1.0000  1.0000  1.0000  1.0000  1.0000  1.0000  1.0000
  6   |  1.0000  1.0000  1.0000  1.0000  1.0000  1.0000  1.0000  1.0000  1.0000  1.0000  1.0000
  7   |  1.0000  1.0000  1.0000  1.0000  1.0000  1.0000  1.0000  1.0000  1.0000  1.0000  1.0000
  8   |  1.0000  1.0000  1.0000  1.0000  1.0000  1.0000  1.0000  1.0000  1.0000  1.0000  1.0000
------+----------------------------------------------------------------------------------------
                                               
 
 
 
 Predicted SSB Index Values                                                     
  
 ---------------------------
 
          INDEX
        -------
------+------------------------------------------------------------------------------------------------------------------------
      |    1972    1973    1974    1975    1976    1977    1978    1979    1980    1981    1982    1983    1984    1985    1986
------+------------------------------------------------------------------------------------------------------------------------
  1   | ******* ******* ******* ******* ******* ******* ******* ******* ******* ******* ******* ******* ******* ******* *******
------+------------------------------------------------------------------------------------------------------------------------
       x 10 ^ 3                                
 
 
          INDEX
        -------
------+------------------------------------------------------------------------------------------------------------------------
      |    1987    1988    1989    1990    1991    1992    1993    1994    1995    1996    1997    1998    1999    2000    2001
------+------------------------------------------------------------------------------------------------------------------------
  1   | *******  297.31  281.25  236.50  240.37  251.90  270.56  263.01  264.06  242.62  224.47  209.34  216.53  243.34  289.96
------+------------------------------------------------------------------------------------------------------------------------
       x 10 ^ 3                                
 
 
          INDEX
        -------
------+--------
      |    2002
------+--------
  1   |  273.42
------+--------
       x 10 ^ 3                                
 
 
 
 Predicted Age-Structured Index Values                                          
  
 --------------------------------------
 
        FLT01: Dummy survey Predicted
        -----------------------------
------+--------------------------------
AGE   |    1981    1982    1983    1984
------+--------------------------------
  1   |  128.02   56.09   56.26   88.84
  2   |  366.94  560.29  247.51  245.82
  3   |  440.66  411.66  638.06  276.74
  4   |   77.16  200.82  191.01  289.25
  5   |  180.36   48.59  128.00  119.56
  6   |   78.83  138.42   37.80   97.56
  7   |   59.18   67.33  120.13   32.03
  8   |   78.26   58.41   66.83  117.69
  9   |   53.06   54.12   45.05   43.90
------+--------------------------------
       x 10 ^ 3                                
 
 
 
        Fitted Selection Pattern
        ------------------------
------+------------------------------------------------------------------------------------------------------------------------
AGE   |    1972    1973    1974    1975    1976    1977    1978    1979    1980    1981    1982    1983    1984    1985    1986
------+------------------------------------------------------------------------------------------------------------------------
  0   |  0.0348  0.0348  0.0348  0.0348  0.0348  0.0348  0.0348  0.0348  0.0348  0.0348  0.0348  0.0348  0.0348  0.0348  0.0348
  1   |  0.1317  0.1317  0.1317  0.1317  0.1317  0.1317  0.1317  0.1317  0.1317  0.1317  0.1317  0.1317  0.1317  0.1317  0.1317
  2   |  0.2915  0.2915  0.2915  0.2915  0.2915  0.2915  0.2915  0.2915  0.2915  0.2915  0.2915  0.2915  0.2915  0.2915  0.2915
  3   |  0.5751  0.5751  0.5751  0.5751  0.5751  0.5751  0.5751  0.5751  0.5751  0.5751  0.5751  0.5751  0.5751  0.5751  0.5751
  4   |  0.8792  0.8792  0.8792  0.8792  0.8792  0.8792  0.8792  0.8792  0.8792  0.8792  0.8792  0.8792  0.8792  0.8792  0.8792
  5   |  1.0000  1.0000  1.0000  1.0000  1.0000  1.0000  1.0000  1.0000  1.0000  1.0000  1.0000  1.0000  1.0000  1.0000  1.0000
  6   |  1.1309  1.1309  1.1309  1.1309  1.1309  1.1309  1.1309  1.1309  1.1309  1.1309  1.1309  1.1309  1.1309  1.1309  1.1309
  7   |  1.2956  1.2956  1.2956  1.2956  1.2956  1.2956  1.2956  1.2956  1.2956  1.2956  1.2956  1.2956  1.2956  1.2956  1.2956
  8   |  1.2000  1.2000  1.2000  1.2000  1.2000  1.2000  1.2000  1.2000  1.2000  1.2000  1.2000  1.2000  1.2000  1.2000  1.2000
  9   |  1.2000  1.2000  1.2000  1.2000  1.2000  1.2000  1.2000  1.2000  1.2000  1.2000  1.2000  1.2000  1.2000  1.2000  1.2000
------+------------------------------------------------------------------------------------------------------------------------
                                               
 
 
        Fitted Selection Pattern
        ------------------------
------+------------------------------------------------------------------------------------------------------------------------
AGE   |    1987    1988    1989    1990    1991    1992    1993    1994    1995    1996    1997    1998    1999    2000    2001
------+------------------------------------------------------------------------------------------------------------------------
  0   |  0.0348  0.0348  0.0348  0.0348  0.0348  0.0348  0.0348  0.0348  0.0348  0.0348  0.0348  0.0348  0.0348  0.0348  0.0348
  1   |  0.1317  0.1317  0.1317  0.1317  0.1317  0.1317  0.1317  0.1317  0.1317  0.1317  0.1317  0.1317  0.1317  0.1317  0.1317
  2   |  0.2915  0.2915  0.2915  0.2915  0.2915  0.2915  0.2915  0.2915  0.2915  0.2915  0.2915  0.2915  0.2915  0.2915  0.2915
  3   |  0.5751  0.5751  0.5751  0.5751  0.5751  0.5751  0.5751  0.5751  0.5751  0.5751  0.5751  0.5751  0.5751  0.5751  0.5751
  4   |  0.8792  0.8792  0.8792  0.8792  0.8792  0.8792  0.8792  0.8792  0.8792  0.8792  0.8792  0.8792  0.8792  0.8792  0.8792
  5   |  1.0000  1.0000  1.0000  1.0000  1.0000  1.0000  1.0000  1.0000  1.0000  1.0000  1.0000  1.0000  1.0000  1.0000  1.0000
  6   |  1.1309  1.1309  1.1309  1.1309  1.1309  1.1309  1.1309  1.1309  1.1309  1.1309  1.1309  1.1309  1.1309  1.1309  1.1309
  7   |  1.2956  1.2956  1.2956  1.2956  1.2956  1.2956  1.2956  1.2956  1.2956  1.2956  1.2956  1.2956  1.2956  1.2956  1.2956
  8   |  1.2000  1.2000  1.2000  1.2000  1.2000  1.2000  1.2000  1.2000  1.2000  1.2000  1.2000  1.2000  1.2000  1.2000  1.2000
  9   |  1.2000  1.2000  1.2000  1.2000  1.2000  1.2000  1.2000  1.2000  1.2000  1.2000  1.2000  1.2000  1.2000  1.2000  1.2000
------+------------------------------------------------------------------------------------------------------------------------
                                               
 
 
        Fitted Selection Pattern
        ------------------------
------+--------
AGE   |    2002
------+--------
  0   |  0.0348
  1   |  0.1317
  2   |  0.2915
  3   |  0.5751
  4   |  0.8792
  5   |  1.0000
  6   |  1.1309
  7   |  1.2956
  8   |  1.2000
  9   |  1.2000
------+--------
                                               
 
 
 
 
 
                    STOCK SUMMARY                                             
 
 
 ³ Year ³  Recruits  ³  Total  ³ Spawning³ Landings ³ Yield ³ Mean F ³ SoP ³    
 ³      ³   Age   0  ³ Biomass ³ Biomass ³          ³ /SSB  ³  Ages  ³     ³ 
 ³      ³  thousands ³  tonnes ³ tonnes  ³ tonnes   ³ ratio ³  4- 7  ³ (%) ³ 
 
   1972       496900    499252    340180    109296   0.3213   0.3036    99
   1973       481390    458610    320521     69076   0.2155   0.2187    99
   1974       361160    448229    317275     56647   0.1785   0.1773   100
   1975       420780    431452    312497     56343   0.1803   0.1868   100
   1976       752850    428410    300963     75244   0.2500   0.2562    99
   1977       202560    432372    283021     60887   0.2151   0.2123    99
   1978       528900    413321    302412     49317   0.1631   0.1808   100
   1979       496900    421235    302189     60488   0.2002   0.2186   100
   1980       759890    420257    285426     90187   0.3160   0.3028   100
   1981       333670    412962    282354     52795   0.1870   0.1842   100
   1982       333670    394884    282113     82481   0.2924   0.2736   100
   1983       528900    396643    299291     53669   0.1793   0.1856    99
   1984       438500    409691    295136     81324   0.2755   0.2845    99
   1985       542440    395994    290059     63398   0.2186   0.2002   100
   1986       392350    398831    293446     53026   0.1807   0.1648   100
   1987       217560    395477    292326     76858   0.2629   0.2301    99
   1988       224340    379297    297308     60836   0.2046   0.1802   100
   1989       528900    361819    281249     76734   0.2728   0.2453   100
   1990       350870    321965    236497     70172   0.2967   0.2420   100
   1991       518370    329650    240365     64110   0.2667   0.2404   100
   1992       350870    349025    251899     47094   0.1870   0.1727   100
   1993       350870    365982    270560     45997   0.1700   0.1687   100
   1994       413210    360430    263008     81682   0.3106   0.2865   100
   1995       105690    364853    264059     80524   0.3049   0.3006    99
   1996       577110    306208    242615     44856   0.1849   0.1796    99
   1997       361160    308869    224468     54408   0.2424   0.2290    99
   1998       759890    297330    209344     63724   0.3044   0.2850   100
   1999       509300    335178    216530     67139   0.3101   0.2998    99
   2000       217550    353314    243339     44526   0.1830   0.1828   100
   2001       752850    390120    289959     74609   0.2573   0.2760   100
   2002       202560    387762    273419     74114   0.2711   0.2638    99
 
 -----------------------------------------------------------------            
 No of years for separable analysis : 11                                      
 Age range in the analysis : 0  . . . 9                                       
 Year range in the analysis : 1972  . . . 2002                                
 Number of indices of SSB : 1                                                 
 Number of age-structured indices : 1                                         
                                                                              
 Parameters to estimate : 46                                                  
 Number of observations : 150                                                 
                                                                              
 Conventional single selection vector model to be fitted.                     
                                                                              
                                                                              
                                                                              
 -----------------------------------------------------------------            
 
 
 PARAMETER ESTIMATES                                                            
  
 
 ³Parm.³      ³ Maximum ³    ³        ³         ³         ³         ³ Mean of ³ 
  
 ³ No. ³      ³ Likelh. ³ CV ³  Lower ³ Upper   ³  -s.e.  ³   +s.e. ³ Param.  ³ 
  
 ³     ³      ³ Estimate³ (%)³ 95% CL ³ 95% CL  ³         ³         ³ Distrib.³ 
  
 Separable model : F by year                                                    
  
    1   1992     0.1604   0    0.1585    0.1624    0.1595    0.1614    0.1605
    2   1993     0.1567   0    0.1549    0.1586    0.1558    0.1577    0.1567
    3   1994     0.2661   0    0.2631    0.2692    0.2646    0.2677    0.2661
    4   1995     0.2793   0    0.2761    0.2825    0.2776    0.2809    0.2793
    5   1996     0.1668   0    0.1649    0.1687    0.1658    0.1678    0.1668
    6   1997     0.2127   0    0.2103    0.2151    0.2115    0.2139    0.2127
    7   1998     0.2648   0    0.2618    0.2678    0.2633    0.2663    0.2648
    8   1999     0.2785   0    0.2754    0.2816    0.2769    0.2801    0.2785
    9   2000     0.1698   0    0.1679    0.1718    0.1689    0.1708    0.1698
   10   2001     0.2564   0    0.2535    0.2594    0.2549    0.2580    0.2564
   11   2002     0.2451   0    0.2419    0.2483    0.2434    0.2467    0.2451
 
 Separable Model: Selection (S) by age                                          
  
   12      0     0.0348   2    0.0329    0.0368    0.0338    0.0358    0.0348
   13      1     0.1317   0    0.1302    0.1332    0.1309    0.1325    0.1317
   14      2     0.2915   0    0.2883    0.2947    0.2899    0.2931    0.2915
   15      3     0.5751   0    0.5691    0.5811    0.5720    0.5782    0.5751
   16      4     0.8792   0    0.8705    0.8879    0.8748    0.8837    0.8792
           5     1.0000     Fixed : Reference Age             
   17      6     1.1309   0    1.1205    1.1414    1.1256    1.1363    1.1309
   18      7     1.2956   0    1.2837    1.3076    1.2895    1.3017    1.2956
           8     1.2000     Fixed : Last true age             
 
 Separable model: Populations in year 2002                                    
   19      0     202565   9     168444    243599    184371    222555    203464
   20      1     642226   1     623641    661365    632676    651921    642298
   21      2     154900   1     151705    158162    153262    156556    154909
   22      3     291849   0     287327    296441    289533    294183    291858
   23      4     327112   0     323216    331055    325118    329118    327118
   24      5     109152   0     107803    110517    108462    109846    109154
   25      6     119237   0     117968    120520    118588    119890    119239
   26      7      14293   0      14118     14469     14203     14383     14293
   27      8      35564   0      35153     35979     35353     35775     35564
 
Separable model: Populations at age
   28   1992      43101   1      41979     44252     42525     43684     43105
   29   1993      55998   0      54937     57079     55454     56547     56001
   30   1994      42664   0      41980     43359     42314     43017     42665
   31   1995      21723   0      21390     22062     21552     21895     21724
   32   1996      20547   0      20251     20847     20395     20699     20547
   33   1997      51418   0      50816     52026     51110     51727     51418
   34   1998      33407   0      33020     33797     33209     33605     33407
   35   1999      45927   0      45432     46428     45674     46182     45928
   36   2000      29263   0      28924     29606     29090     29438     29264
   37   2001      31682   0      31328     32040     31501     31864     31682
 
 SSB Index catchabilities                                                       
  
   INDEX                                 
 Absolute estimator. No fitted catchability.                                    
  
 
 
 
 Age-structured index catchabilities                                            
  
                                        FLT01: Dummy survey                     
 
 Linear model fitted. Slopes at age :                                           
  
   38   1  Q  .2173      18 .1811     .3811     .2173     .3176     .2675    
   39   2  Q  1.163      18 .9692     2.039     1.163     1.699     1.431    
   40   3  Q  1.680      18 1.400     2.946     1.680     2.455     2.068    
   41   4  Q  1.051      18 .8762     1.843     1.051     1.536     1.294    
   42   5  Q  .9465      18 .7889     1.660     .9465     1.383     1.165    
   43   6  Q  1.068      18 .8899     1.872     1.068     1.560     1.314    
   44   7  Q  1.385      18 1.155     2.429     1.385     2.025     1.705    
   45   8  Q  2.076      18 1.730     3.640     2.076     3.034     2.555    
   46   9  Q  .8373      18 .6979     1.468     .8373     1.224     1.031    
 
 
 
 RESIDUALS ABOUT THE MODEL FIT                                                  
  
 ------------------------------
 
        Separable Model Residuals
        -------------------------
------+----------------------------------------------------------------------------------------
Age   |    1992    1993    1994    1995    1996    1997    1998    1999    2000    2001    2002
------+----------------------------------------------------------------------------------------
  0   | ******* ******* ******* ******* ******* ******* ******* ******* ******* ******* *******
  1   | ******* ******* ******* ******* ******* ******* ******* ******* ******* ******* *******
  2   | ******* ******* ******* ******* ******* ******* ******* ******* ******* ******* *******
  3   | ******* ******* ******* ******* ******* ******* ******* ******* ******* ******* *******
  4   | ******* ******* ******* ******* ******* ******* ******* ******* ******* ******* *******
  5   | ******* ******* ******* ******* ******* ******* ******* ******* ******* ******* *******
  6   | ******* ******* ******* ******* ******* ******* ******* ******* ******* ******* *******
  7   | ******* ******* ******* ******* ******* ******* ******* ******* ******* ******* *******
  8   | ******* ******* ******* ******* ******* ******* ******* ******* ******* ******* *******
------+----------------------------------------------------------------------------------------
                                               
 
 
 
 SPAWNING BIOMASS INDEX RESIDUALS                                               
  
 ---------------------------------
 
          INDEX
        -------
------+------------------------------------------------------------------------------------------------------------------------
      |    1972    1973    1974    1975    1976    1977    1978    1979    1980    1981    1982    1983    1984    1985    1986
------+------------------------------------------------------------------------------------------------------------------------
  1   | ******* ******* ******* ******* ******* ******* ******* ******* ******* ******* ******* ******* ******* ******* *******
------+------------------------------------------------------------------------------------------------------------------------
                                               
 
 
          INDEX
        -------
------+------------------------------------------------------------------------------------------------------------------------
      |    1987    1988    1989    1990    1991    1992    1993    1994    1995    1996    1997    1998    1999    2000    2001
------+------------------------------------------------------------------------------------------------------------------------
  1   | ******* ******* ******* ******* ******* ******* ******* ******* ******* ******* ******* ******* ******* ******* *******
------+------------------------------------------------------------------------------------------------------------------------
                                               
 
 
          INDEX
        -------
------+--------
      |    2002
------+--------
  1   | *******
------+--------
                                               
 
 
 
 AGE-STRUCTURED INDEX RESIDUALS                                                 
  
 -------------------------------
 
        FLT01: Dummy survey
        -------------------
------+--------------------------------
Age   |    1981    1982    1983    1984
------+--------------------------------
  1   |   0.732   1.286  -0.255  -1.763
  2   |   0.322  -0.251   1.058  -1.129
  3   |  -0.672   0.161  -0.361   0.872
  4   |  -0.890  -0.087   0.718   0.259
  5   |  -0.031  -0.677   0.019   0.689
  6   |   0.698  -0.013  -0.627  -0.059
  7   |   0.520   0.478  -0.274  -0.723
  8   |   0.399   0.369   0.059  -0.827
  9   |  -0.408   0.475   0.044  -0.112
------+--------------------------------
                                               
 
 
 
 
 
 
 PARAMETERS OF THE DISTRIBUTION OF ln(CATCHES AT AGE)                           
  
 -----------------------------------------------------
 
 Separable model fitted from 1992  to 2002                                    
 Variance                             0.0000
Skewness test stat.                   0.4018
Kurtosis test statistic              -0.3496
Partial chi-square                    0.0000
Significance in fit                   0.0000
Degrees of freedom                        62
 
 
 PARAMETERS OF DISTRIBUTIONS OF THE SSB INDICES                                 
  
 -----------------------------------------------
 
 
   DISTRIBUTION STATISTICS FOR   INDEX                                          
 
 
 Index used as absolute measure of abundance                                    
  
 Last age is a plus-group                                                       
  
 
 Variance                             0.0000
Skewness test stat.                   0.5219
Kurtosis test statistic              -0.8276
Partial chi-square                    0.0000
Significance in fit                   0.0000
Number of observations                    15
Degrees of freedom                        15
Weight in the analysis                5.0000
 
 PARAMETERS OF THE DISTRIBUTION OF THE AGE-STRUCTURED INDICES                   
  
 ------------------------------------------------------------ 
 
 
   DISTRIBUTION STATISTICS FOR FLT01: Dummy survey                              
 
 
 Linear catchability relationship assumed                                       
  
 
 Age                          1         2         3         4         5         6         7         8         9
 Variance                0.0020    0.0009    0.0005    0.0005    0.0003    0.0003    0.0004    0.0004    0.0002
Skewness test stat.     -0.3913   -0.0947    0.3234   -0.3192    0.0322    0.1858   -0.2124   -0.7572    0.2396
Kurtosis test statisti  -0.5043   -0.5045   -0.5272   -0.4574   -0.4103   -0.4054   -0.6759   -0.3596   -0.4463
Partial chi-square       0.0005    0.0002    0.0001    0.0001    0.0001    0.0001    0.0001    0.0001    0.0000
Significance in fit      0.0000    0.0000    0.0000    0.0000    0.0000    0.0000    0.0000    0.0000    0.0000
Number of observations        4         4         4         4         4         4         4         4         4
Degrees of freedom            3         3         3         3         3         3         3         3         3
Weight in the analysis   0.0011    0.0011    0.0011    0.0011    0.0011    0.0011    0.0011    0.0011    0.0011
 
 ANALYSIS OF VARIANCE                   
--------------------------
 
 Unweighted Statistics                                                          
  
 
                                                                                
  
Variance                              
                                       SSQ     Data    Parameters d.f. Variance
Total for model                        14.9747     150         46  104   0.1440
Catches at age                          0.0000      99         37   62   0.0000
  
SSB Indices                           
  INDEX                                 0.0000      15          0   15   0.0000
  
 Aged Indices                                                                   
  
FLT01: Dummy survey                    14.9747      36          9   27   0.5546
 
 
 Weighted Statistics                                                            
  
 
                                                                                
  
Variance                              
                                       SSQ     Data    Parameters d.f. Variance
Total for model                         0.0000     150         46  104   0.0000
Catches at age                          0.0000      99         37   62   0.0000
  
SSB Indices                           
  INDEX                                 0.0000      15          0   15   0.0000
  
 Aged Indices                                                                   
  
FLT01: Dummy survey                     0.0000      36          9   27   0.0000
 
