     1     0   0.3524E+00
     1     1   0.2476E+00
     1     2   0.2773E+00
     1     3   0.2916E+00
     1     4   0.3095E+00
     1     5   0.2895E+00
     1     6   0.7067E+00
     1     7   0.3251E+00
     1     8   0.2137E+00
     1     9   0.2597E+00
     1    10   0.2290E+00
     1    11   0.2824E+00
     1    12   0.2863E+00
     1    13   0.2840E+00
     1    14   0.2487E+00
     1    15   0.5329E+00
     1    16   0.3330E+00
     1    17   0.2679E+00
     1    18   0.3514E+00
     1    19   0.3412E+00
     1    20   0.3621E+00
     1    21   0.2058E+00
     1    22   0.3809E+00
     1    23   0.2457E+00
     1    24   0.1998E+00
     1    25   0.3876E+00
     1    26   0.2967E+00
     1    27   0.2489E+00
     1    28   0.4236E+00
     1    29   0.3586E+00
     1    30   0.4124E+00
     1    31   0.3231E+00
     1    32   0.1582E+00
     1    33   0.2590E+00
     1    34   0.4769E+00
     1    35   0.6837E+00
     1    36   0.4041E+00
     1    37   0.3292E+00
     1    38   0.3402E+00
     1    39   0.2631E+00
     1    40   0.3243E+00
     1    41   0.2974E+00
     1    42   0.3300E+00
     1    43   0.2759E+00
     1    44   0.2018E+00
     1    45   0.3232E+00
     1    46   0.3360E+00
     1    47   0.4478E+00
     1    48   0.3002E+00
     1    49   0.2537E+00
     1    50   0.6884E+00
     1    51   0.3230E+00
     1    52   0.9176E+00
     1    53   0.2001E+00
     1    54   0.2561E+00
     1    55   0.3277E+00
     1    56   0.3540E+00
     1    57   0.2678E+00
     1    58   0.2064E+00
     1    59   0.1756E+00
     1    60   0.3282E+00
     1    61   0.2162E+00
     1    62   0.3365E+00
     1    63   0.3120E+00
     1    64   0.4665E+00
     1    65   0.3511E+00
     1    66   0.4085E+00
     1    67   0.3901E+00
     1    68   0.3244E+00
     1    69   0.2429E+00
     1    70   0.1966E+00
     1    71   0.4034E+00
     1    72   0.7456E+00
     1    73   0.3328E+00
     1    74   0.4311E+00
     1    75   0.3271E+00
     1    76   0.2954E+00
     1    77   0.3241E+00
     1    78   0.6448E+00
     1    79   0.3854E+00
     1    80   0.3519E+00
     1    81   0.3713E+00
     1    82   0.3344E+00
     1    83   0.1618E+00
     1    84   0.3415E+00
     1    85   0.3498E+00
     1    86   0.2662E+00
     1    87   0.4287E+00
     1    88   0.9176E+00
     1    89   0.2509E+00
     1    90   0.3840E+00
     1    91   0.3297E+00
     1    92   0.3351E+00
     1    93   0.3341E+00
     1    94   0.3539E+00
     1    95   0.3354E+00
     1    96   0.3339E+00
     1    97   0.2971E+00
     1    98   0.2737E+00
     1    99   0.4376E+00
     1   100   0.2837E+00
     1   101   0.5033E+00
     1   102   0.3056E+00
     1   103   0.1955E+00
     1   104   0.2949E+00
     1   105   0.2432E+00
     1   106   0.4483E+00
     1   107   0.4108E+00
     1   108   0.2749E+00
     1   109   0.1673E+00
     1   110   0.2192E+00
     1   111   0.3325E+00
     1   112   0.2844E+00
     1   113   0.3065E+00
     1   114   0.3452E+00
     1   115   0.2652E+00
     1   116   0.3519E+00
     1   117   0.3210E+00
     1   118   0.2067E+00
     1   119   0.2924E+00
     1   120   0.2870E+00
     1   121   0.1798E+00
     1   122   0.1873E+00
     1   123   0.2923E+00
     1   124   0.2235E+00
     1   125   0.1866E+00
     1   126   0.2244E+00
     1   127   0.3188E+00
     1   128   0.3989E+00
     1   129   0.3215E+00
     1   130   0.4707E+00
     1   131   0.3696E+00
     1   132   0.9506E+00
     1   133   0.5819E+00
     1   134   0.8861E+00
     1   135   0.1851E+00
     1   136   0.2992E+00
     1   137   0.1730E+00
     1   138   0.2258E+00
     1   139   0.1801E+00
     1   140   0.3410E+00
     1   141   0.4047E+00
     1   142   0.4151E+00
     1   143   0.2890E+00
     1   144   0.3209E+00
     1   145   0.2663E+00
     1   146   0.2357E+00
     1   147   0.2589E+00
     1   148   0.3343E+00
     1   149   0.2094E+00
     1   150   0.2636E+00
     1   151   0.2621E+00
     1   152   0.3528E+00
     1   153   0.3730E+00
     1   154   0.3317E+00
     1   155   0.2855E+00
     1   156   0.2415E+00
     1   157   0.3176E+00
     1   158   0.3601E+00
     1   159   0.3786E+00
     1   160   0.2334E+00
     1   161   0.4678E+00
     1   162   0.2886E+00
     1   163   0.2718E+00
     1   164   0.2532E+00
     1   165   0.2490E+00
     1   166   0.2992E+00
     1   167   0.1991E+00
     1   168   0.3054E+00
     1   169   0.2767E+00
     1   170   0.2210E+00
     1   171   0.1585E+00
     1   172   0.5077E+00
     1   173   0.7215E+00
     1   174   0.3572E+00
     1   175   0.4551E+00
     1   176   0.2302E+00
     1   177   0.4614E+00
     1   178   0.2373E+00
     1   179   0.3137E+00
     1   180   0.2144E+00
     1   181   0.6091E+00
     1   182   0.2171E+00
     1   183   0.2207E+00
     1   184   0.6847E+00
     1   185   0.3392E+00
     1   186   0.2050E+00
     1   187   0.3415E+00
     1   188   0.3735E+00
     1   189   0.3016E+00
     1   190   0.4813E+00
     1   191   0.3044E+00
     1   192   0.2815E+00
     1   193   0.3774E+00
     1   194   0.3327E+00
     1   195   0.3315E+00
     1   196   0.2935E+00
     1   197   0.2605E+00
     1   198   0.3168E+00
     1   199   0.2378E+00
     1   200   0.2833E+00
     1   201   0.5618E+00
     1   202   0.2631E+00
     1   203   0.3164E+00
     1   204   0.4045E+00
     1   205   0.3230E+00
     1   206   0.2192E+00
     1   207   0.3839E+00
     1   208   0.3686E+00
     1   209   0.2731E+00
     1   210   0.3333E+00
     1   211   0.5798E+00
     1   212   0.1823E+00
     1   213   0.5063E+00
     1   214   0.3345E+00
     1   215   0.2500E+00
     1   216   0.2403E+00
     1   217   0.3145E+00
     1   218   0.2955E+00
     1   219   0.2259E+00
     1   220   0.2369E+00
     1   221   0.1690E+00
     1   222   0.3304E+00
     1   223   0.5879E+00
     1   224   0.3114E+00
     1   225   0.2967E+00
     1   226   0.3268E+00
     1   227   0.3123E+00
     1   228   0.1915E+00
     1   229   0.3224E+00
     1   230   0.1800E+00
     1   231   0.3320E+00
     1   232   0.7289E+00
     1   233   0.6719E+00
     1   234   0.2881E+00
     1   235   0.2661E+00
     1   236   0.6261E+00
     1   237   0.2650E+00
     1   238   0.2236E+00
     1   239   0.2645E+00
     1   240   0.1990E+00
     1   241   0.2779E+00
     1   242   0.3689E+00
     1   243   0.1782E+00
     1   244   0.2839E+00
     1   245   0.3202E+00
     1   246   0.3268E+00
     1   247   0.1933E+00
     1   248   0.3859E+00
     1   249   0.4812E+00
     1   250   0.3500E+00
     1   251   0.2397E+00
     1   252   0.2298E+00
     1   253   0.2030E+00
     1   254   0.2787E+00
     1   255   0.5638E+00
     1   256   0.2647E+00
     1   257   0.5739E+00
     1   258   0.3500E+00
     1   259   0.5443E+00
     1   260   0.3001E+00
     1   261   0.2391E+00
     1   262   0.2515E+00
     1   263   0.5810E+00
     1   264   0.3748E+00
     1   265   0.3758E+00
     1   266   0.2299E+00
     1   267   0.2505E+00
     1   268   0.1532E+00
     1   269   0.3457E+00
     1   270   0.2599E+00
     1   271   0.3179E+00
     1   272   0.3238E+00
     1   273   0.1991E+00
     1   274   0.1900E+00
     1   275   0.2839E+00
     1   276   0.3890E+00
     1   277   0.3447E+00
     1   278   0.2488E+00
     1   279   0.2954E+00
     1   280   0.3099E+00
     1   281   0.1901E+00
     1   282   0.3038E+00
     1   283   0.3414E+00
     1   284   0.2993E+00
     1   285   0.2437E+00
     1   286   0.3368E+00
     1   287   0.3173E+00
     1   288   0.3458E+00
     1   289   0.2605E+00
     1   290   0.2721E+00
     1   291   0.3141E+00
     1   292   0.2947E+00
     1   293   0.2706E+00
     1   294   0.3033E+00
     1   295   0.2627E+00
     1   296   0.2978E+00
     1   297   0.2684E+00
     1   298   0.1768E+00
     1   299   0.4092E+00
     1   300   0.2407E+00
     1   301   0.2297E+00
     1   302   0.3004E+00
     1   303   0.3822E+00
     1   304   0.2553E+00
     1   305   0.2197E+00
     1   306   0.2070E+00
     1   307   0.3899E+00
     1   308   0.1865E+00
     1   309   0.2230E+00
     1   310   0.3300E+00
     1   311   0.2036E+00
     1   312   0.3714E+00
     1   313   0.2580E+00
     1   314   0.3124E+00
     1   315   0.2457E+00
     1   316   0.2484E+00
     1   317   0.2890E+00
     1   318   0.5055E+00
     1   319   0.3289E+00
     1   320   0.5616E+00
     1   321   0.3334E+00
     1   322   0.2150E+00
     1   323   0.2781E+00
     1   324   0.2954E+00
     1   325   0.3059E+00
     1   326   0.3082E+00
     1   327   0.3820E+00
     1   328   0.3329E+00
     1   329   0.3198E+00
     1   330   0.1924E+00
     1   331   0.3619E+00
     1   332   0.3457E+00
     1   333   0.1787E+00
     1   334   0.3241E+00
     1   335   0.3390E+00
     1   336   0.2531E+00
     1   337   0.2087E+00
     1   338   0.3137E+00
     1   339   0.3590E+00
     1   340   0.6696E+00
     1   341   0.2449E+00
     1   342   0.3699E+00
     1   343   0.4034E+00
     1   344   0.3068E+00
     1   345   0.2910E+00
     1   346   0.2456E+00
     1   347   0.3988E+00
     1   348   0.3083E+00
     1   349   0.2691E+00
     1   350   0.3756E+00
     1   351   0.2447E+00
     1   352   0.3623E+00
     1   353   0.6154E+00
     1   354   0.6146E+00
     1   355   0.3059E+00
     1   356   0.3077E+00
     1   357   0.2909E+00
     1   358   0.2440E+00
     1   359   0.2130E+00
     1   360   0.3587E+00
     1   361   0.1898E+00
     1   362   0.2369E+00
     1   363   0.2746E+00
     1   364   0.2369E+00
     1   365   0.4570E+00
     1   366   0.3114E+00
     1   367   0.2693E+00
     1   368   0.2014E+00
     1   369   0.3410E+00
     1   370   0.2314E+00
     1   371   0.3027E+00
     1   372   0.4908E+00
     1   373   0.4253E+00
     1   374   0.2379E+00
     1   375   0.2841E+00
     1   376   0.3210E+00
     1   377   0.2673E+00
     1   378   0.2547E+00
     1   379   0.3244E+00
     1   380   0.1755E+00
     1   381   0.2987E+00
     1   382   0.3875E+00
     1   383   0.3171E+00
     1   384   0.2330E+00
     1   385   0.2745E+00
     1   386   0.5082E+00
     1   387   0.3123E+00
     1   388   0.2432E+00
     1   389   0.1850E+00
     1   390   0.2849E+00
     1   391   0.1881E+00
     1   392   0.3062E+00
     1   393   0.2838E+00
     1   394   0.7416E+00
     1   395   0.2744E+00
     1   396   0.2610E+00
     1   397   0.3415E+00
     1   398   0.3095E+00
     1   399   0.3965E+00
     1   400   0.2832E+00
     1   401   0.2749E+00
     1   402   0.1767E+00
     1   403   0.2629E+00
     1   404   0.3915E+00
     1   405   0.3181E+00
     1   406   0.3757E+00
     1   407   0.2362E+00
     1   408   0.4167E+00
     1   409   0.4024E+00
     1   410   0.2833E+00
     1   411   0.2557E+00
     1   412   0.2713E+00
     1   413   0.3461E+00
     1   414   0.2444E+00
     1   415   0.3232E+00
     1   416   0.1423E+00
     1   417   0.4120E+00
     1   418   0.7012E+00
     1   419   0.3031E+00
     1   420   0.3143E+00
     1   421   0.3511E+00
     1   422   0.4826E+00
     1   423   0.2443E+00
     1   424   0.3572E+00
     1   425   0.2523E+00
     1   426   0.3349E+00
     1   427   0.2995E+00
     1   428   0.2878E+00
     1   429   0.6336E+00
     1   430   0.3268E+00
     1   431   0.2772E+00
     1   432   0.2761E+00
     1   433   0.4050E+00
     1   434   0.1852E+00
     1   435   0.2851E+00
     1   436   0.3047E+00
     1   437   0.3954E+00
     1   438   0.1992E+00
     1   439   0.2822E+00
     1   440   0.2716E+00
     1   441   0.2488E+00
     1   442   0.3567E+00
     1   443   0.3332E+00
     1   444   0.8183E+00
     1   445   0.5880E+00
     1   446   0.3548E+00
     1   447   0.3880E+00
     1   448   0.1822E+00
     1   449   0.8487E+00
     1   450   0.3384E+00
     1   451   0.2000E+00
     1   452   0.2654E+00
     1   453   0.2810E+00
     1   454   0.1882E+00
     1   455   0.2980E+00
     1   456   0.1775E+00
     1   457   0.2456E+00
     1   458   0.2058E+00
     1   459   0.4094E+00
     1   460   0.3096E+00
     1   461   0.2699E+00
     1   462   0.3499E+00
     1   463   0.2458E+00
     1   464   0.2748E+00
     1   465   0.2892E+00
     1   466   0.2922E+00
     1   467   0.2453E+00
     1   468   0.2677E+00
     1   469   0.2863E+00
     1   470   0.3339E+00
     1   471   0.5398E+00
     1   472   0.3184E+00
     1   473   0.3745E+00
     1   474   0.2036E+00
     1   475   0.2670E+00
     1   476   0.3188E+00
     1   477   0.2567E+00
     1   478   0.2498E+00
     1   479   0.4868E+00
     1   480   0.3255E+00
     1   481   0.2370E+00
     1   482   0.3105E+00
     1   483   0.2666E+00
     1   484   0.2380E+00
     1   485   0.8838E+00
     1   486   0.1691E+00
     1   487   0.2458E+00
     1   488   0.3007E+00
     1   489   0.2303E+00
     1   490   0.2982E+00
     1   491   0.2578E+00
     1   492   0.3343E+00
     1   493   0.3083E+00
     1   494   0.4923E+00
     1   495   0.2454E+00
     1   496   0.3059E+00
     1   497   0.2151E+00
     1   498   0.3650E+00
     1   499   0.2203E+00
     1   500   0.1263E+01
