 Output Generated by ICA Version 1.4                                            
  
 ------------------------------------
 
        Mackerel NE Atlantic  WG2003
        ----------------------------
 
        Catch in Number
        ---------------
------+------------------------------------------------------------------------------------------------------------------------
AGE   |    1972    1973    1974    1975    1976    1977    1978    1979    1980    1981    1982    1983    1984    1985    1986
------+------------------------------------------------------------------------------------------------------------------------
  0   |   4042.   5094.   1512.   3000.   1312.   3683.   1451.   4661.   1989.    562.   1772.   2253.   3311.   1963.   1553.
  1   |  15693.  12565.  11675.   4325.  12384.   3564.  12816.   5885.  14891.   3700.   1741.   6379.   8038.   8713.   8321.
  2   |   5878.  27484.  16332.  19048.  10155.  19139.   7057.  29403.  10606.  15769.   6572.   3586.  12992.  12095.  21071.
  3   |  47705.   8606.  30209.  22758.  37993.  13337.  32223.  13637.  44400.   9561.  24100.  11623.   6245.  16766.  24984.
  4   |  31952.  49655.   6810.  30784.  33053.  36223.  16349.  44835.  14692.  29032.  10799.  31441.  14844.   5923.  25404.
  5   |  17225.  23195.  27559.   4940.  31852.  22295.  31573.  16075.  33789.   6763.  23549.  10117.  28713.  10056.   6428.
  6   |  10041.  11982.  12400.  19389.   4949.  20771.  18814.  29912.  11625.  15029.   5345.  21478.   8972.  18905.  10599.
  7   |  15874.   6777.   6255.   8586.  19070.   3165.  17209.  17401.  21025.   5069.  11750.   4817.  18771.   5829.  19634.
  8   |  13900.   8542.   2813.   3467.   6788.   9739.   2103.  12777.   9763.   7281.   3181.   8513.   3381.   9760.   4872.
  9   |  15159.  15710.  10182.   7432.   8424.   7406.  11609.  10636.  13789.   8417.   9812.  10031.  12952.   8397.  14972.
------+------------------------------------------------------------------------------------------------------------------------
       x 10 ^ 3                                
 
 
        Catch in Number
        ---------------
------+------------------------------------------------------------------------------------------------------------------------
AGE   |    1987    1988    1989    1990    1991    1992    1993    1994    1995    1996    1997    1998    1999    2000    2001
------+------------------------------------------------------------------------------------------------------------------------
  0   |   3736.   2168.   3374.   2701.   3272.   5826.   2836.   2851.   6597.   5624.   1508.   1749.    997.    824.   2866.
  1   |   6811.   6208.  12617.   8244.  10929.   9173.  13557.  13914.   9317.  22770.  12693.   5592.   4238.   4218.   2009.
  2   |  20645.   6445.  20524.  17489.  18901.  17357.  12173.  37790.  25699.  18135.  29146.  26744.   7719.  10195.   5858.
  3   |  43981.  16639.  18057.  24068.  33847.  25332.  19661.  28763.  58657.  41887.  19626.  52060.  31459.  15776.  12064.
  4   |  37527.  25707.  33932.  15264.  33641.  32629.  20934.  33784.  31989.  68212.  32620.  25439.  44586.  46839.  13589.
  5   |  26978.  15422.  37470.  20154.  15107.  22788.  19120.  25650.  26378.  26054.  37237.  30012.  15429.  47317.  28571.
  6   |   6576.  10712.  21762.  21449.  19244.   9854.  12937.  22671.  19254.  20618.  13697.  33120.  17620.  15856.  27935.
  7   |  10582.   2560.  14835.  12172.  20026.  12252.   5500.  15049.  16576.  14627.  10583.  11941.  19095.  17780.   9192.
  8   |  15754.   3266.   2863.   6606.   9125.  10169.   5455.   5154.   8793.  10066.   5967.   7402.   5493.  15496.   8225.
  9   |  16514.   9923.  15420.   7356.  10723.   9595.   9188.  14633.  11700.  12555.   9156.  10735.   8744.  11703.  12981.
------+------------------------------------------------------------------------------------------------------------------------
       x 10 ^ 3                                
 
 
        Catch in Number
        ---------------
------+--------
AGE   |    2002
------+--------
  0   |   4401.
  1   |  13273.
  2   |   5281.
  3   |  13037.
  4   |  19488.
  5   |  15622.
  6   |  31758.
  7   |  30433.
  8   |   8061.
  9   |  19287.
------+--------
       x 10 ^ 3                                
 
 
 
        Predicted Catch in Number
        -------------------------
------+----------------------------------------------------------------------------------------
AGE   |    1992    1993    1994    1995    1996    1997    1998    1999    2000    2001    2002
------+----------------------------------------------------------------------------------------
  0   |   5826.   2836.   2851.   6597.   5624.   1508.   1749.    997.    824.   2866.   4401.
  1   |   9173.  13557.  13914.   9317.  22770.  12693.   5592.   4238.   4218.   2009.  13273.
  2   |  17357.  12173.  37790.  25699.  18135.  29146.  26744.   7719.  10195.   5858.   5281.
  3   |  25332.  19661.  28763.  58657.  41887.  19626.  52060.  31459.  15776.  12064.  13037.
  4   |  32629.  20934.  33784.  31989.  68212.  32620.  25439.  44586.  46839.  13589.  19488.
  5   |  22788.  19120.  25650.  26378.  26054.  37237.  30012.  15429.  47317.  28571.  15622.
  6   |   9854.  12937.  22671.  19254.  20618.  13697.  33120.  17620.  15856.  27935.  31758.
  7   |  12252.   5500.  15049.  16576.  14627.  10583.  11941.  19095.  17780.   9192.  30433.
  8   |  10169.   5455.   5154.   8793.  10066.   5967.   7402.   5493.  15496.   8225.   8061.
------+----------------------------------------------------------------------------------------
       x 10 ^ 3                                
 
 
 
        Weights at age in the catches (Kg)
        ----------------------------------
------+------------------------------------------------------------------------------------------------------------------------
AGE   |    1972    1973    1974    1975    1976    1977    1978    1979    1980    1981    1982    1983    1984    1985    1986
------+------------------------------------------------------------------------------------------------------------------------
  0   | 0.05200 0.05000 0.05100 0.05000 0.05900 0.05600 0.03600 0.01600 0.05700 0.06000 0.05300 0.05000 0.03100 0.05500 0.03900
  1   | 0.13500 0.14500 0.13600 0.14800 0.13700 0.13600 0.13500 0.13700 0.13100 0.13200 0.13100 0.16800 0.10200 0.14400 0.14600
  2   | 0.27700 0.19400 0.22900 0.17700 0.20700 0.16900 0.16100 0.16100 0.24900 0.24800 0.24900 0.21900 0.18400 0.26200 0.24500
  3   | 0.34100 0.28500 0.26100 0.25900 0.26300 0.27500 0.25000 0.24300 0.28500 0.28700 0.28500 0.27600 0.29500 0.35700 0.33500
  4   | 0.42300 0.36800 0.33400 0.32300 0.32000 0.33300 0.32500 0.31800 0.34500 0.34400 0.34500 0.31000 0.32600 0.41800 0.42300
  5   | 0.46800 0.44800 0.39200 0.34800 0.34600 0.35200 0.34500 0.34800 0.37800 0.37700 0.37800 0.38600 0.34400 0.41700 0.47100
  6   | 0.46800 0.46800 0.48100 0.43000 0.40600 0.40700 0.40300 0.40100 0.45400 0.45400 0.45400 0.42500 0.43100 0.43600 0.44400
  7   | 0.50800 0.50800 0.50800 0.48800 0.44300 0.44600 0.42100 0.41600 0.49800 0.49900 0.49600 0.43500 0.54200 0.52100 0.45700
  8   | 0.53900 0.53900 0.53900 0.53900 0.51800 0.54600 0.51800 0.50600 0.52000 0.51300 0.51300 0.49800 0.48000 0.55500 0.54300
  9   | 0.60363 0.59652 0.59909 0.61156 0.61184 0.58087 0.55020 0.54199 0.56045 0.56168 0.55749 0.59242 0.60432 0.63704 0.61597
------+------------------------------------------------------------------------------------------------------------------------
                                               
 
 
        Weights at age in the catches (Kg)
        ----------------------------------
------+------------------------------------------------------------------------------------------------------------------------
AGE   |    1987    1988    1989    1990    1991    1992    1993    1994    1995    1996    1997    1998    1999    2000    2001
------+------------------------------------------------------------------------------------------------------------------------
  0   | 0.07600 0.05500 0.04900 0.08500 0.06800 0.05100 0.06100 0.04600 0.07200 0.05800 0.07600 0.06500 0.06200 0.06300 0.06900
  1   | 0.17900 0.13300 0.13600 0.15600 0.15600 0.16700 0.13400 0.13600 0.14300 0.14300 0.14300 0.15700 0.17600 0.13500 0.17100
  2   | 0.22300 0.25900 0.23700 0.23300 0.25300 0.23900 0.24000 0.25500 0.23400 0.22600 0.23000 0.22700 0.23600 0.22900 0.22300
  3   | 0.31800 0.32300 0.32000 0.33600 0.32700 0.33300 0.31700 0.33900 0.33300 0.31300 0.29500 0.31000 0.30700 0.30800 0.30700
  4   | 0.39900 0.38800 0.37700 0.37900 0.39400 0.39700 0.37600 0.39000 0.39000 0.37700 0.35900 0.35400 0.36100 0.36700 0.37800
  5   | 0.47400 0.45600 0.43300 0.42300 0.42300 0.46000 0.43600 0.44800 0.45200 0.42500 0.41500 0.40800 0.40600 0.42900 0.42600
  6   | 0.51200 0.52400 0.45600 0.46700 0.46900 0.49500 0.48300 0.51200 0.50100 0.48400 0.45300 0.45200 0.45400 0.46700 0.47700
  7   | 0.49300 0.55500 0.54300 0.52800 0.50600 0.53200 0.52700 0.54300 0.53900 0.51800 0.48100 0.46200 0.50100 0.50400 0.49900
  8   | 0.49800 0.55500 0.59200 0.55200 0.55400 0.55500 0.54800 0.59000 0.57700 0.55100 0.52400 0.51800 0.53700 0.53700 0.54300
  9   | 0.63510 0.59290 0.62067 0.61201 0.64106 0.62490 0.59964 0.62781 0.61861 0.60067 0.57352 0.57063 0.59528 0.59005 0.59627
------+------------------------------------------------------------------------------------------------------------------------
                                               
 
 
        Weights at age in the catches (Kg)
        ----------------------------------
------+--------
AGE   |    2002
------+--------
  0   | 0.05200
  1   | 0.15900
  2   | 0.25500
  3   | 0.30700
  4   | 0.36900
  5   | 0.42600
  6   | 0.46400
  7   | 0.51400
  8   | 0.53900
  9   | 0.60421
------+--------
                                               
 
 
 
        Weights at age in the stock (Kg)
        --------------------------------
------+------------------------------------------------------------------------------------------------------------------------
AGE   |    1972    1973    1974    1975    1976    1977    1978    1979    1980    1981    1982    1983    1984    1985    1986
------+------------------------------------------------------------------------------------------------------------------------
  0   | 0.00800 0.00800 0.00800 0.00800 0.00800 0.00800 0.00800 0.00800 0.00800 0.00800 0.00800 0.00800 0.00000 0.00000 0.00000
  1   | 0.13200 0.13200 0.13000 0.12900 0.12800 0.12700 0.11100 0.11000 0.10900 0.08700 0.08600 0.08600 0.08100 0.08500 0.07700
  2   | 0.17800 0.17700 0.17300 0.17100 0.17000 0.16700 0.17500 0.17400 0.17300 0.18600 0.13500 0.17200 0.19400 0.16500 0.17900
  3   | 0.24300 0.24200 0.23800 0.23600 0.23600 0.23300 0.23800 0.23700 0.23600 0.25200 0.22100 0.23500 0.25300 0.29300 0.26700
  4   | 0.41100 0.30100 0.29600 0.29400 0.29300 0.28900 0.30000 0.29900 0.29700 0.31300 0.28000 0.28000 0.29500 0.30600 0.30400
  5   | 0.35500 0.43800 0.32200 0.31800 0.31800 0.31300 0.34600 0.34500 0.34300 0.32300 0.38500 0.33900 0.32400 0.34100 0.35600
  6   | 0.39800 0.39800 0.46900 0.36500 0.36500 0.36100 0.38200 0.38000 0.37900 0.37800 0.35300 0.37700 0.39300 0.38400 0.35100
  7   | 0.43300 0.43300 0.43300 0.49700 0.41900 0.41600 0.41000 0.40800 0.40700 0.41900 0.40800 0.40400 0.43600 0.43000 0.41600
  8   | 0.45900 0.45900 0.45900 0.45900 0.51200 0.44600 0.43200 0.43000 0.42900 0.43400 0.43700 0.43900 0.44100 0.45900 0.47300
  9   | 0.51792 0.51040 0.51377 0.52647 0.52590 0.53504 0.48193 0.50424 0.47444 0.46338 0.47355 0.51122 0.50061 0.55053 0.46675
------+------------------------------------------------------------------------------------------------------------------------
                                               
 
 
        Weights at age in the stock (Kg)
        --------------------------------
------+------------------------------------------------------------------------------------------------------------------------
AGE   |    1987    1988    1989    1990    1991    1992    1993    1994    1995    1996    1997    1998    1999    2000    2001
------+------------------------------------------------------------------------------------------------------------------------
  0   | 0.00000 0.00000 0.00000 0.00000 0.00000 0.00000 0.00000 0.00000 0.00000 0.00000 0.00000 0.00000 0.00000 0.00000 0.00000
  1   | 0.07800 0.07200 0.07600 0.07400 0.07500 0.07800 0.07800 0.07900 0.08100 0.07600 0.07600 0.07700 0.08100 0.07400 0.07800
  2   | 0.14800 0.15600 0.17700 0.13800 0.15500 0.21200 0.19700 0.17800 0.16400 0.13300 0.18600 0.14900 0.19400 0.18500 0.16400
  3   | 0.24000 0.23700 0.24400 0.22200 0.23000 0.25900 0.26800 0.23700 0.26700 0.25100 0.22800 0.22300 0.24200 0.23500 0.24100
  4   | 0.28600 0.30100 0.30600 0.28700 0.30700 0.31000 0.31500 0.30100 0.32600 0.31700 0.29600 0.28500 0.30100 0.28900 0.34200
  5   | 0.37400 0.32900 0.35200 0.33900 0.35700 0.36200 0.36000 0.36100 0.39800 0.36600 0.36100 0.34200 0.35300 0.35000 0.39000
  6   | 0.38600 0.42300 0.38000 0.37300 0.40900 0.40200 0.41600 0.41300 0.44800 0.44400 0.40200 0.40000 0.39600 0.39000 0.44600
  7   | 0.41100 0.44500 0.42900 0.41400 0.43200 0.42400 0.45400 0.46600 0.49100 0.46200 0.44500 0.42600 0.42300 0.42600 0.45900
  8   | 0.42900 0.43200 0.47400 0.40900 0.50200 0.46200 0.46500 0.47000 0.50800 0.50100 0.47800 0.46600 0.44000 0.44700 0.49900
  9   | 0.50083 0.50951 0.49548 0.50500 0.56016 0.51109 0.51046 0.53796 0.56923 0.58654 0.53317 0.52657 0.49364 0.50281 0.55188
------+------------------------------------------------------------------------------------------------------------------------
                                               
 
 
        Weights at age in the stock (Kg)
        --------------------------------
------+--------
AGE   |    2002
------+--------
  0   | 0.00000
  1   | 0.07800
  2   | 0.18100
  3   | 0.23900
  4   | 0.31100
  5   | 0.36400
  6   | 0.41100
  7   | 0.43600
  8   | 0.46200
  9   | 0.51792
------+--------
                                               
 
 
 
        Natural Mortality (per year)
        ----------------------------
------+------------------------------------------------------------------------------------------------------------------------
AGE   |    1972    1973    1974    1975    1976    1977    1978    1979    1980    1981    1982    1983    1984    1985    1986
------+------------------------------------------------------------------------------------------------------------------------
  0   | 0.15000 0.15000 0.15000 0.15000 0.15000 0.15000 0.15000 0.15000 0.15000 0.15000 0.15000 0.15000 0.15000 0.15000 0.15000
  1   | 0.15000 0.15000 0.15000 0.15000 0.15000 0.15000 0.15000 0.15000 0.15000 0.15000 0.15000 0.15000 0.15000 0.15000 0.15000
  2   | 0.15000 0.15000 0.15000 0.15000 0.15000 0.15000 0.15000 0.15000 0.15000 0.15000 0.15000 0.15000 0.15000 0.15000 0.15000
  3   | 0.15000 0.15000 0.15000 0.15000 0.15000 0.15000 0.15000 0.15000 0.15000 0.15000 0.15000 0.15000 0.15000 0.15000 0.15000
  4   | 0.15000 0.15000 0.15000 0.15000 0.15000 0.15000 0.15000 0.15000 0.15000 0.15000 0.15000 0.15000 0.15000 0.15000 0.15000
  5   | 0.15000 0.15000 0.15000 0.15000 0.15000 0.15000 0.15000 0.15000 0.15000 0.15000 0.15000 0.15000 0.15000 0.15000 0.15000
  6   | 0.15000 0.15000 0.15000 0.15000 0.15000 0.15000 0.15000 0.15000 0.15000 0.15000 0.15000 0.15000 0.15000 0.15000 0.15000
  7   | 0.15000 0.15000 0.15000 0.15000 0.15000 0.15000 0.15000 0.15000 0.15000 0.15000 0.15000 0.15000 0.15000 0.15000 0.15000
  8   | 0.15000 0.15000 0.15000 0.15000 0.15000 0.15000 0.15000 0.15000 0.15000 0.15000 0.15000 0.15000 0.15000 0.15000 0.15000
  9   | 0.15000 0.15000 0.15000 0.15000 0.15000 0.15000 0.15000 0.15000 0.15000 0.15000 0.15000 0.15000 0.15000 0.15000 0.15000
------+------------------------------------------------------------------------------------------------------------------------
                                               
 
 
        Natural Mortality (per year)
        ----------------------------
------+------------------------------------------------------------------------------------------------------------------------
AGE   |    1987    1988    1989    1990    1991    1992    1993    1994    1995    1996    1997    1998    1999    2000    2001
------+------------------------------------------------------------------------------------------------------------------------
  0   | 0.15000 0.15000 0.15000 0.15000 0.15000 0.15000 0.15000 0.15000 0.15000 0.15000 0.15000 0.15000 0.15000 0.15000 0.15000
  1   | 0.15000 0.15000 0.15000 0.15000 0.15000 0.15000 0.15000 0.15000 0.15000 0.15000 0.15000 0.15000 0.15000 0.15000 0.15000
  2   | 0.15000 0.15000 0.15000 0.15000 0.15000 0.15000 0.15000 0.15000 0.15000 0.15000 0.15000 0.15000 0.15000 0.15000 0.15000
  3   | 0.15000 0.15000 0.15000 0.15000 0.15000 0.15000 0.15000 0.15000 0.15000 0.15000 0.15000 0.15000 0.15000 0.15000 0.15000
  4   | 0.15000 0.15000 0.15000 0.15000 0.15000 0.15000 0.15000 0.15000 0.15000 0.15000 0.15000 0.15000 0.15000 0.15000 0.15000
  5   | 0.15000 0.15000 0.15000 0.15000 0.15000 0.15000 0.15000 0.15000 0.15000 0.15000 0.15000 0.15000 0.15000 0.15000 0.15000
  6   | 0.15000 0.15000 0.15000 0.15000 0.15000 0.15000 0.15000 0.15000 0.15000 0.15000 0.15000 0.15000 0.15000 0.15000 0.15000
  7   | 0.15000 0.15000 0.15000 0.15000 0.15000 0.15000 0.15000 0.15000 0.15000 0.15000 0.15000 0.15000 0.15000 0.15000 0.15000
  8   | 0.15000 0.15000 0.15000 0.15000 0.15000 0.15000 0.15000 0.15000 0.15000 0.15000 0.15000 0.15000 0.15000 0.15000 0.15000
  9   | 0.15000 0.15000 0.15000 0.15000 0.15000 0.15000 0.15000 0.15000 0.15000 0.15000 0.15000 0.15000 0.15000 0.15000 0.15000
------+------------------------------------------------------------------------------------------------------------------------
                                               
 
 
        Natural Mortality (per year)
        ----------------------------
------+--------
AGE   |    2002
------+--------
  0   | 0.15000
  1   | 0.15000
  2   | 0.15000
  3   | 0.15000
  4   | 0.15000
  5   | 0.15000
  6   | 0.15000
  7   | 0.15000
  8   | 0.15000
  9   | 0.15000
------+--------
                                               
 
 
 
        Proportion of fish spawning
        ---------------------------
------+------------------------------------------------------------------------------------------------------------------------
AGE   |    1972    1973    1974    1975    1976    1977    1978    1979    1980    1981    1982    1983    1984    1985    1986
------+------------------------------------------------------------------------------------------------------------------------
  0   |  0.0000  0.0000  0.0000  0.0000  0.0000  0.0000  0.0000  0.0000  0.0000  0.0000  0.0000  0.0000  0.0000  0.0000  0.0000
  1   |  0.0500  0.0500  0.0500  0.0600  0.0600  0.0600  0.0600  0.0600  0.0600  0.0700  0.0700  0.0700  0.0700  0.0700  0.0700
  2   |  0.5300  0.5400  0.5400  0.5500  0.5500  0.5500  0.5600  0.5600  0.5700  0.5700  0.5700  0.5800  0.5800  0.5800  0.5800
  3   |  0.9000  0.9000  0.9000  0.8900  0.8900  0.8900  0.8900  0.8900  0.8900  0.8800  0.8800  0.8800  0.8800  0.8800  0.8800
  4   |  0.9800  0.9800  0.9800  0.9800  0.9800  0.9800  0.9800  0.9800  0.9800  0.9800  0.9800  0.9800  0.9700  0.9700  0.9700
  5   |  0.9800  0.9800  0.9800  0.9800  0.9800  0.9800  0.9800  0.9800  0.9800  0.9800  0.9800  0.9800  0.9700  0.9700  0.9700
  6   |  0.9900  0.9900  0.9900  0.9900  0.9900  0.9900  0.9900  0.9900  0.9900  0.9900  0.9900  0.9900  0.9900  0.9900  0.9900
  7   |  1.0000  1.0000  1.0000  1.0000  1.0000  1.0000  1.0000  1.0000  1.0000  1.0000  1.0000  1.0000  1.0000  1.0000  1.0000
  8   |  1.0000  1.0000  1.0000  1.0000  1.0000  1.0000  1.0000  1.0000  1.0000  1.0000  1.0000  1.0000  1.0000  1.0000  1.0000
  9   |  1.0000  1.0000  1.0000  1.0000  1.0000  1.0000  1.0000  1.0000  1.0000  1.0000  1.0000  1.0000  1.0000  1.0000  1.0000
------+------------------------------------------------------------------------------------------------------------------------
                                               
 
 
        Proportion of fish spawning
        ---------------------------
------+------------------------------------------------------------------------------------------------------------------------
AGE   |    1987    1988    1989    1990    1991    1992    1993    1994    1995    1996    1997    1998    1999    2000    2001
------+------------------------------------------------------------------------------------------------------------------------
  0   |  0.0000  0.0000  0.0000  0.0000  0.0000  0.0000  0.0000  0.0000  0.0000  0.0000  0.0000  0.0000  0.0000  0.0000  0.0000
  1   |  0.0700  0.0700  0.0700  0.0700  0.0700  0.0700  0.0700  0.0700  0.0700  0.0700  0.0700  0.0700  0.0700  0.0700  0.0700
  2   |  0.5800  0.5800  0.5800  0.5800  0.5800  0.5800  0.5800  0.5800  0.5800  0.5800  0.5800  0.5800  0.5800  0.5800  0.5900
  3   |  0.8800  0.8800  0.8800  0.8800  0.8800  0.8800  0.8800  0.8800  0.8800  0.8800  0.8800  0.8600  0.8600  0.8600  0.8800
  4   |  0.9700  0.9700  0.9700  0.9700  0.9700  0.9700  0.9700  0.9700  0.9700  0.9700  0.9700  0.9800  0.9800  0.9800  0.9700
  5   |  0.9700  0.9700  0.9700  0.9700  0.9700  0.9700  0.9700  0.9700  0.9700  0.9700  0.9700  0.9800  0.9800  0.9800  0.9700
  6   |  0.9900  0.9900  0.9900  0.9900  0.9900  0.9900  0.9900  0.9900  0.9900  0.9900  0.9900  0.9900  0.9900  0.9900  0.9900
  7   |  1.0000  1.0000  1.0000  1.0000  1.0000  1.0000  1.0000  1.0000  1.0000  1.0000  1.0000  1.0000  1.0000  1.0000  1.0000
  8   |  1.0000  1.0000  1.0000  1.0000  1.0000  1.0000  1.0000  1.0000  1.0000  1.0000  1.0000  1.0000  1.0000  1.0000  1.0000
  9   |  1.0000  1.0000  1.0000  1.0000  1.0000  1.0000  1.0000  1.0000  1.0000  1.0000  1.0000  1.0000  1.0000  1.0000  1.0000
------+------------------------------------------------------------------------------------------------------------------------
                                               
 
 
        Proportion of fish spawning
        ---------------------------
------+--------
AGE   |    2002
------+--------
  0   |  0.0000
  1   |  0.0700
  2   |  0.5900
  3   |  0.8800
  4   |  0.9700
  5   |  0.9700
  6   |  0.9900
  7   |  1.0000
  8   |  1.0000
  9   |  1.0000
------+--------
                                               
 
 
 
 INDICES OF SPAWNING BIOMASS                                                    
  
 ----------------------------
 
          INDEX
        -------
------+------------------------------------------------------------------------------------------------------------------------
      |    1972    1973    1974    1975    1976    1977    1978    1979    1980    1981    1982    1983    1984    1985    1986
------+------------------------------------------------------------------------------------------------------------------------
  1   | ******* ******* ******* ******* ******* ******* ******* ******* ******* ******* ******* ******* ******* ******* *******
------+------------------------------------------------------------------------------------------------------------------------
       x 10 ^ 3                                
 
 
          INDEX
        -------
------+------------------------------------------------------------------------------------------------------------------------
      |    1987    1988    1989    1990    1991    1992    1993    1994    1995    1996    1997    1998    1999    2000    2001
------+------------------------------------------------------------------------------------------------------------------------
  1   | *******  213.74  215.71  197.41  217.81  226.55  237.63  259.39  293.74  274.61  279.55  284.05  296.31  267.31  256.73
------+------------------------------------------------------------------------------------------------------------------------
       x 10 ^ 3                                
 
 
          INDEX
        -------
------+--------
      |    2002
------+--------
  1   |  203.55
------+--------
       x 10 ^ 3                                
 
 
 
 AGE-STRUCTURED INDICES                                                         
  
 -----------------------
 
        FLT01: Dummy survey
        -------------------
------+--------------------------------
AGE   |    1981    1982    1983    1984
------+--------------------------------
  1   |  266.10  203.00   43.60   15.24
  2   |  506.40  435.90  712.70   79.51
  3   |  225.10  483.60  444.60  661.83
  4   |   31.70  184.10  391.60  374.60
  5   |  174.80   24.70  130.40  238.20
  6   |  158.50  136.60   20.20   92.00
  7   |   99.50  108.60   91.30   15.54
  8   |  116.60   84.50   70.90   51.47
  9   |   35.30   87.00   47.10   39.27
------+--------------------------------
       x 10 ^ 3                                
 
 
 
        Fishing Mortality (per year)
        ----------------------------
------+------------------------------------------------------------------------------------------------------------------------
AGE   |    1972    1973    1974    1975    1976    1977    1978    1979    1980    1981    1982    1983    1984    1985    1986
------+------------------------------------------------------------------------------------------------------------------------
  0   | 0.01040 0.01016 0.00729 0.00650 0.00839 0.00712 0.00775 0.00986 0.00989 0.00574 0.00553 0.00620 0.00690 0.00565 0.00748
  1   | 0.03935 0.03846 0.02757 0.02459 0.03176 0.02695 0.02931 0.03730 0.03744 0.02172 0.02094 0.02347 0.02612 0.02140 0.02831
  2   | 0.08709 0.08513 0.06102 0.05443 0.07029 0.05966 0.06488 0.08256 0.08287 0.04807 0.04635 0.05195 0.05781 0.04736 0.06266
  3   | 0.17181 0.16796 0.12039 0.10738 0.13867 0.11770 0.12800 0.16287 0.16350 0.09484 0.09145 0.10250 0.11406 0.09343 0.12362
  4   | 0.26267 0.25677 0.18406 0.16416 0.21199 0.17994 0.19569 0.24900 0.24996 0.14499 0.13981 0.15670 0.17437 0.14284 0.18898
  5   | 0.29876 0.29205 0.20934 0.18671 0.24112 0.20466 0.22257 0.28321 0.28430 0.16491 0.15902 0.17823 0.19833 0.16246 0.21495
  6   | 0.33786 0.33028 0.23675 0.21115 0.27268 0.23145 0.25171 0.32028 0.32151 0.18650 0.17983 0.20156 0.22429 0.18373 0.24308
  7   | 0.38707 0.37838 0.27123 0.24190 0.31240 0.26516 0.28836 0.36693 0.36834 0.21366 0.20602 0.23091 0.25695 0.21048 0.27849
  8   | 0.35851 0.35046 0.25121 0.22405 0.28935 0.24559 0.26709 0.33985 0.34116 0.19789 0.19082 0.21388 0.23799 0.19495 0.25794
  9   | 0.35851 0.35046 0.25121 0.22405 0.28935 0.24559 0.26709 0.33985 0.34116 0.19789 0.19082 0.21388 0.23799 0.19495 0.25794
------+------------------------------------------------------------------------------------------------------------------------
                                               
 
 
        Fishing Mortality (per year)
        ----------------------------
------+------------------------------------------------------------------------------------------------------------------------
AGE   |    1987    1988    1989    1990    1991    1992    1993    1994    1995    1996    1997    1998    1999    2000    2001
------+------------------------------------------------------------------------------------------------------------------------
  0   | 0.01031 0.00534 0.00974 0.00744 0.00944 0.00829 0.00601 0.00924 0.00948 0.01029 0.00726 0.00843 0.00637 0.00843 0.00641
  1   | 0.03900 0.02020 0.03684 0.02816 0.03572 0.03137 0.02276 0.03498 0.03588 0.03893 0.02749 0.03190 0.02412 0.03191 0.02427
  2   | 0.08633 0.04471 0.08155 0.06233 0.07907 0.06944 0.05037 0.07742 0.07941 0.08617 0.06084 0.07061 0.05338 0.07062 0.05372
  3   | 0.17031 0.08821 0.16089 0.12297 0.15600 0.13700 0.09937 0.15274 0.15667 0.17000 0.12002 0.13931 0.10531 0.13933 0.10598
  4   | 0.26037 0.13485 0.24596 0.18799 0.23849 0.20944 0.15192 0.23350 0.23952 0.25990 0.18349 0.21298 0.16099 0.21300 0.16202
  5   | 0.29615 0.15338 0.27976 0.21382 0.27125 0.23822 0.17280 0.26558 0.27243 0.29561 0.20870 0.24224 0.18311 0.24226 0.18428
  6   | 0.33491 0.17345 0.31638 0.24181 0.30676 0.26940 0.19541 0.30035 0.30809 0.33430 0.23602 0.27395 0.20708 0.27398 0.20840
  7   | 0.38369 0.19871 0.36245 0.27702 0.35144 0.30863 0.22387 0.34409 0.35296 0.38299 0.27039 0.31384 0.23723 0.31388 0.23875
  8   | 0.35538 0.18405 0.33571 0.25658 0.32550 0.28586 0.20736 0.31870 0.32692 0.35473 0.25044 0.29069 0.21973 0.29072 0.22113
  9   | 0.35538 0.18405 0.33571 0.25658 0.32550 0.28586 0.20736 0.31870 0.32692 0.35473 0.25044 0.29069 0.21973 0.29072 0.22113
------+------------------------------------------------------------------------------------------------------------------------
                                               
 
 
        Fishing Mortality (per year)
        ----------------------------
------+--------
AGE   |    2002
------+--------
  0   | 0.00930
  1   | 0.03521
  2   | 0.07794
  3   | 0.15376
  4   | 0.23507
  5   | 0.26736
  6   | 0.30236
  7   | 0.34640
  8   | 0.32084
  9   | 0.32084
------+--------
                                               
 
 
 
        Population Abundance (1 January)
        --------------------------------
------+------------------------------------------------------------------------------------------------------------------------
AGE   |    1972    1973    1974    1975    1976    1977    1978    1979    1980    1981    1982    1983    1984    1985    1986
------+------------------------------------------------------------------------------------------------------------------------
  0   |  420.79  542.45  224.34  498.74  169.05  558.82  202.57  511.74  217.56  105.69  345.84  392.36  518.38  374.98  224.34
  1   |  437.80  358.43  462.17  191.69  426.49  144.28  477.57  173.01  436.13  185.41   90.45  296.02  335.62  443.10  320.93
  2   |   75.82  362.28  296.86  386.97  160.98  355.61  120.88  399.17  143.46  361.59  156.16   76.24  248.88  281.42  373.31
  3   |  324.72   59.81  286.37  240.38  315.43  129.15  288.35   97.51  316.35  113.65  296.62  128.32   62.30  202.18  231.02
  4   |  148.46  235.37   43.52  218.52  185.84  236.34   98.82  218.36   71.31  231.21   88.97  232.99   99.68   47.84  158.49
  5   |   71.56   98.27  156.71   31.16  159.61  129.39  169.92   69.94  146.52   47.80  172.15   66.59  171.45   72.07   35.69
  6   |   37.55   45.68   63.16  109.40   22.25  107.94   90.76  117.07   45.35   94.90   34.89  126.39   47.96  121.02   52.73
  7   |   53.00   23.06   28.26   42.90   76.24   14.58   73.71   60.73   73.15   28.30   67.79   25.09   88.92   32.98   86.68
  8   |   49.46   30.98   13.59   18.55   28.99   48.01    9.63   47.55   36.22   43.56   19.67   47.48   17.14   59.19   23.00
  9   |   53.94   56.98   49.21   39.76   35.97   36.51   53.16   39.58   51.15   50.36   60.68   55.95   65.66   50.93   70.69
------+------------------------------------------------------------------------------------------------------------------------
       x 10 ^ 6                                
 
 
        Population Abundance (1 January)
        --------------------------------
------+------------------------------------------------------------------------------------------------------------------------
AGE   |    1987    1988    1989    1990    1991    1992    1993    1994    1995    1996    1997    1998    1999    2000    2001
------+------------------------------------------------------------------------------------------------------------------------
  0   |  392.36  438.51  374.98  392.36  374.98  759.90  509.31  333.68  752.85  591.64  224.34  224.34  169.05  105.69  482.83
  1   |  191.65  334.24  375.42  319.62  335.20  319.72  648.65  435.74  284.56  641.87  504.02  191.70  191.47  144.58   90.21
  2   |  268.52  158.65  281.93  311.44  267.46  278.39  266.68  545.74  362.15  236.29  531.37  422.05  159.81  160.87  120.53
  3   |  301.79  212.00  130.58  223.66  251.86  212.71  223.54  218.26  434.73  287.91  186.58  430.36  338.50  130.40  129.03
  4   |  175.72  219.08  167.07   95.69  170.23  185.47  159.64  174.20  161.25  319.91  209.07  142.43  322.24  262.23   97.64
  5   |  112.93  116.57  164.78  112.44   68.24  115.43  129.47  118.04  118.71  109.23  212.33  149.78   99.08  236.12  182.40
  6   |   24.78   72.28   86.07  107.21   78.15   44.78   78.29   93.75   77.90   77.81   69.95  148.33  101.18   71.01  159.50
  7   |   35.59   15.26   52.31   53.99   72.46   49.49   29.44   55.43   59.76   49.27   47.94   47.55   97.08   70.80   46.47
  8   |   56.47   20.87   10.77   31.33   35.22   43.89   31.29   20.26   33.82   36.14   28.91   31.49   29.90   65.91   44.52
  9   |   59.20   63.42   57.99   34.89   41.39   41.41   52.70   57.51   45.00   45.07   44.37   45.66   47.60   49.78   70.27
------+------------------------------------------------------------------------------------------------------------------------
       x 10 ^ 6                                
 
 
        Population Abundance (1 January)
        --------------------------------
------+----------------
AGE   |    2002    2003
------+----------------
  0   |  511.73  282.49
  1   |  412.92  436.38
  2   |   75.78  343.11
  3   |   98.31   60.33
  4   |   99.89   72.56
  5   |   71.47   67.96
  6   |  130.57   47.08
  7   |  111.46   83.06
  8   |   31.50   67.85
  9   |   75.37   66.74
------+----------------
       x 10 ^ 6                                
 
 
 
        Weighting factors for the catches in number
        -------------------------------------------
------+----------------------------------------------------------------------------------------
AGE   |    1992    1993    1994    1995    1996    1997    1998    1999    2000    2001    2002
------+----------------------------------------------------------------------------------------
  0   |  0.0200  0.0200  0.0200  0.0200  0.0200  0.0200  0.0200  0.0200  0.0200  0.0200  0.0200
  1   |  1.0000  1.0000  1.0000  1.0000  1.0000  1.0000  1.0000  1.0000  1.0000  1.0000  1.0000
  2   |  1.0000  1.0000  1.0000  1.0000  1.0000  1.0000  1.0000  1.0000  1.0000  1.0000  1.0000
  3   |  1.0000  1.0000  1.0000  1.0000  1.0000  1.0000  1.0000  1.0000  1.0000  1.0000  1.0000
  4   |  1.0000  1.0000  1.0000  1.0000  1.0000  1.0000  1.0000  1.0000  1.0000  1.0000  1.0000
  5   |  1.0000  1.0000  1.0000  1.0000  1.0000  1.0000  1.0000  1.0000  1.0000  1.0000  1.0000
  6   |  1.0000  1.0000  1.0000  1.0000  1.0000  1.0000  1.0000  1.0000  1.0000  1.0000  1.0000
  7   |  1.0000  1.0000  1.0000  1.0000  1.0000  1.0000  1.0000  1.0000  1.0000  1.0000  1.0000
  8   |  1.0000  1.0000  1.0000  1.0000  1.0000  1.0000  1.0000  1.0000  1.0000  1.0000  1.0000
------+----------------------------------------------------------------------------------------
                                               
 
 
 
 Predicted SSB Index Values                                                     
  
 ---------------------------
 
          INDEX
        -------
------+------------------------------------------------------------------------------------------------------------------------
      |    1972    1973    1974    1975    1976    1977    1978    1979    1980    1981    1982    1983    1984    1985    1986
------+------------------------------------------------------------------------------------------------------------------------
  1   | ******* ******* ******* ******* ******* ******* ******* ******* ******* ******* ******* ******* ******* ******* *******
------+------------------------------------------------------------------------------------------------------------------------
       x 10 ^ 3                                
 
 
          INDEX
        -------
------+------------------------------------------------------------------------------------------------------------------------
      |    1987    1988    1989    1990    1991    1992    1993    1994    1995    1996    1997    1998    1999    2000    2001
------+------------------------------------------------------------------------------------------------------------------------
  1   | *******  213.74  215.71  197.41  217.81  226.55  237.63  259.39  293.74  274.61  279.55  284.05  296.31  267.31  256.73
------+------------------------------------------------------------------------------------------------------------------------
       x 10 ^ 3                                
 
 
          INDEX
        -------
------+--------
      |    2002
------+--------
  1   |  203.55
------+--------
       x 10 ^ 3                                
 
 
 
 Predicted Age-Structured Index Values                                          
  
 --------------------------------------
 
        FLT01: Dummy survey Predicted
        -----------------------------
------+--------------------------------
AGE   |    1981    1982    1983    1984
------+--------------------------------
  1   |   71.09   34.69  113.38  128.36
  2   |  669.50  289.40  140.85  458.34
  3   |  376.49  984.40  423.28  204.19
  4   |  268.83  103.74  269.16  114.05
  5   |   52.55  189.84   72.66  185.03
  6   |  113.65   41.94  150.10   56.25
  7   |   39.22   94.33   34.44  120.33
  8   |  117.51   53.28  126.97   45.23
  9   |   42.76   51.73   47.09   54.54
------+--------------------------------
       x 10 ^ 3                                
 
 
 
        Fitted Selection Pattern
        ------------------------
------+------------------------------------------------------------------------------------------------------------------------
AGE   |    1972    1973    1974    1975    1976    1977    1978    1979    1980    1981    1982    1983    1984    1985    1986
------+------------------------------------------------------------------------------------------------------------------------
  0   |  0.0348  0.0348  0.0348  0.0348  0.0348  0.0348  0.0348  0.0348  0.0348  0.0348  0.0348  0.0348  0.0348  0.0348  0.0348
  1   |  0.1317  0.1317  0.1317  0.1317  0.1317  0.1317  0.1317  0.1317  0.1317  0.1317  0.1317  0.1317  0.1317  0.1317  0.1317
  2   |  0.2915  0.2915  0.2915  0.2915  0.2915  0.2915  0.2915  0.2915  0.2915  0.2915  0.2915  0.2915  0.2915  0.2915  0.2915
  3   |  0.5751  0.5751  0.5751  0.5751  0.5751  0.5751  0.5751  0.5751  0.5751  0.5751  0.5751  0.5751  0.5751  0.5751  0.5751
  4   |  0.8792  0.8792  0.8792  0.8792  0.8792  0.8792  0.8792  0.8792  0.8792  0.8792  0.8792  0.8792  0.8792  0.8792  0.8792
  5   |  1.0000  1.0000  1.0000  1.0000  1.0000  1.0000  1.0000  1.0000  1.0000  1.0000  1.0000  1.0000  1.0000  1.0000  1.0000
  6   |  1.1309  1.1309  1.1309  1.1309  1.1309  1.1309  1.1309  1.1309  1.1309  1.1309  1.1309  1.1309  1.1309  1.1309  1.1309
  7   |  1.2956  1.2956  1.2956  1.2956  1.2956  1.2956  1.2956  1.2956  1.2956  1.2956  1.2956  1.2956  1.2956  1.2956  1.2956
  8   |  1.2000  1.2000  1.2000  1.2000  1.2000  1.2000  1.2000  1.2000  1.2000  1.2000  1.2000  1.2000  1.2000  1.2000  1.2000
  9   |  1.2000  1.2000  1.2000  1.2000  1.2000  1.2000  1.2000  1.2000  1.2000  1.2000  1.2000  1.2000  1.2000  1.2000  1.2000
------+------------------------------------------------------------------------------------------------------------------------
                                               
 
 
        Fitted Selection Pattern
        ------------------------
------+------------------------------------------------------------------------------------------------------------------------
AGE   |    1987    1988    1989    1990    1991    1992    1993    1994    1995    1996    1997    1998    1999    2000    2001
------+------------------------------------------------------------------------------------------------------------------------
  0   |  0.0348  0.0348  0.0348  0.0348  0.0348  0.0348  0.0348  0.0348  0.0348  0.0348  0.0348  0.0348  0.0348  0.0348  0.0348
  1   |  0.1317  0.1317  0.1317  0.1317  0.1317  0.1317  0.1317  0.1317  0.1317  0.1317  0.1317  0.1317  0.1317  0.1317  0.1317
  2   |  0.2915  0.2915  0.2915  0.2915  0.2915  0.2915  0.2915  0.2915  0.2915  0.2915  0.2915  0.2915  0.2915  0.2915  0.2915
  3   |  0.5751  0.5751  0.5751  0.5751  0.5751  0.5751  0.5751  0.5751  0.5751  0.5751  0.5751  0.5751  0.5751  0.5751  0.5751
  4   |  0.8792  0.8792  0.8792  0.8792  0.8792  0.8792  0.8792  0.8792  0.8792  0.8792  0.8792  0.8792  0.8792  0.8792  0.8792
  5   |  1.0000  1.0000  1.0000  1.0000  1.0000  1.0000  1.0000  1.0000  1.0000  1.0000  1.0000  1.0000  1.0000  1.0000  1.0000
  6   |  1.1309  1.1309  1.1309  1.1309  1.1309  1.1309  1.1309  1.1309  1.1309  1.1309  1.1309  1.1309  1.1309  1.1309  1.1309
  7   |  1.2956  1.2956  1.2956  1.2956  1.2956  1.2956  1.2956  1.2956  1.2956  1.2956  1.2956  1.2956  1.2956  1.2956  1.2956
  8   |  1.2000  1.2000  1.2000  1.2000  1.2000  1.2000  1.2000  1.2000  1.2000  1.2000  1.2000  1.2000  1.2000  1.2000  1.2000
  9   |  1.2000  1.2000  1.2000  1.2000  1.2000  1.2000  1.2000  1.2000  1.2000  1.2000  1.2000  1.2000  1.2000  1.2000  1.2000
------+------------------------------------------------------------------------------------------------------------------------
                                               
 
 
        Fitted Selection Pattern
        ------------------------
------+--------
AGE   |    2002
------+--------
  0   |  0.0348
  1   |  0.1317
  2   |  0.2915
  3   |  0.5751
  4   |  0.8792
  5   |  1.0000
  6   |  1.1309
  7   |  1.2956
  8   |  1.2000
  9   |  1.2000
------+--------
                                               
 
 
 
 
 
                    STOCK SUMMARY                                             
 
 
 ³ Year ³  Recruits  ³  Total  ³ Spawning³ Landings ³ Yield ³ Mean F ³ SoP ³    
 ³      ³   Age   0  ³ Biomass ³ Biomass ³          ³ /SSB  ³  Ages  ³     ³ 
 ³      ³  thousands ³  tonnes ³ tonnes  ³ tonnes   ³ ratio ³  4- 7  ³ (%) ³ 
 
   1972       420780    328519    215135     71207   0.3310   0.3216    99
   1973       542440    315603    197911     61551   0.3110   0.3144    99
   1974       224340    318110    199521     43126   0.2161   0.2253   100
   1975       498730    316476    222282     40659   0.1829   0.2010   100
   1976       169040    336786    226223     54594   0.2413   0.2595   100
   1977       558820    307061    221438     46988   0.2122   0.2203    99
   1978       202560    327520    223213     49484   0.2217   0.2396    99
   1979       511730    314782    218935     60243   0.2752   0.3049    99
   1980       217560    306957    204228     63753   0.3122   0.3060    99
   1981       105690    290654    213739     37528   0.1756   0.1775    99
   1982       345830    265673    210379     36811   0.1750   0.1712   100
   1983       392350    266904    201050     40236   0.2001   0.1919   100
   1984       518370    274231    195579     43363   0.2217   0.2135    99
   1985       374980    298411    208937     39232   0.1878   0.1749   100
   1986       224340    312544    220625     54127   0.2453   0.2314    99
   1987       392350    297677    217283     74772   0.3441   0.3188   100
   1988       438500    282048    213738     39725   0.1859   0.1651    99
   1989       374980    308399    215705     70785   0.3282   0.3011   100
   1990       392350    274640    197407     52580   0.2664   0.2302    99
   1991       374980    305283    217805     68510   0.3145   0.2920    99
   1992       759890    318756    226551     60885   0.2687   0.2564   100
   1993       509300    347321    237628     44997   0.1894   0.1860   100
   1994       333670    383345    259393     78085   0.3010   0.2859   100
   1995       752850    405361    293735     82644   0.2814   0.2933    99
   1996       591640    395715    274614     88224   0.3213   0.3182   100
   1997       224340    405148    279552     61260   0.2191   0.2246   100
   1998       224340    383741    284048     74899   0.2637   0.2608   100
   1999       169040    378187    296310     60368   0.2037   0.1971   100
   2000       105690    341871    267306     76897   0.2877   0.2608   100
   2001       482830    315891    256727     52978   0.2064   0.1984   100
   2002       511730    282355    203550     67911   0.3336   0.2878    99
 
 -----------------------------------------------------------------            
 No of years for separable analysis : 11                                      
 Age range in the analysis : 0  . . . 9                                       
 Year range in the analysis : 1972  . . . 2002                                
 Number of indices of SSB : 1                                                 
 Number of age-structured indices : 1                                         
                                                                              
 Parameters to estimate : 46                                                  
 Number of observations : 150                                                 
                                                                              
 Conventional single selection vector model to be fitted.                     
                                                                              
                                                                              
                                                                              
 -----------------------------------------------------------------            
 
 
 PARAMETER ESTIMATES                                                            
  
 
 ³Parm.³      ³ Maximum ³    ³        ³         ³         ³         ³ Mean of ³ 
  
 ³ No. ³      ³ Likelh. ³ CV ³  Lower ³ Upper   ³  -s.e.  ³   +s.e. ³ Param.  ³ 
  
 ³     ³      ³ Estimate³ (%)³ 95% CL ³ 95% CL  ³         ³         ³ Distrib.³ 
  
 Separable model : F by year                                                    
  
    1   1992     0.2382   1    0.2332    0.2433    0.2356    0.2408    0.2382
    2   1993     0.1728   1    0.1692    0.1764    0.1710    0.1746    0.1728
    3   1994     0.2656   1    0.2602    0.2711    0.2628    0.2684    0.2656
    4   1995     0.2724   1    0.2669    0.2781    0.2696    0.2753    0.2724
    5   1996     0.2956   1    0.2897    0.3017    0.2926    0.2987    0.2956
    6   1997     0.2087   1    0.2046    0.2129    0.2066    0.2108    0.2087
    7   1998     0.2422   1    0.2375    0.2470    0.2398    0.2447    0.2422
    8   1999     0.1831   0    0.1796    0.1866    0.1813    0.1849    0.1831
    9   2000     0.2423   0    0.2377    0.2469    0.2399    0.2446    0.2423
   10   2001     0.1843   0    0.1807    0.1879    0.1825    0.1861    0.1843
   11   2002     0.2674   1    0.2616    0.2732    0.2644    0.2703    0.2674
 
 Separable Model: Selection (S) by age                                          
  
   12      0     0.0348   4    0.0316    0.0383    0.0331    0.0365    0.0348
   13      1     0.1317   1    0.1289    0.1345    0.1303    0.1331    0.1317
   14      2     0.2915   1    0.2858    0.2973    0.2886    0.2945    0.2915
   15      3     0.5751   0    0.5645    0.5859    0.5697    0.5806    0.5751
   16      4     0.8792   0    0.8641    0.8946    0.8714    0.8870    0.8792
           5     1.0000     Fixed : Reference Age             
   17      6     1.1309   0    1.1131    1.1490    1.1218    1.1401    1.1309
   18      7     1.2956   0    1.2754    1.3161    1.2853    1.3060    1.2956
           8     1.2000     Fixed : Last true age             
 
 Separable model: Populations in year 2002                                    
   19      0     511733  16     373418    701282    435735    600986    518390
   20      1     412920   2     392418    434494    402329    423790    413060
   21      2      75777   1      73047     78610     74372     77210     75791
   22      3      98313   1      95482    101228     96859     99790     98324
   23      4      99884   1      97455    102375     98637    101147     99892
   24      5      71469   1      69915     73058     70672     72276     71474
   25      6     130572   0     128253    132932    129384    131771    130577
   26      7     111458   0     109617    113329    110515    112409    111462
   27      8      31501   0      30896     32117     31191     31814     31502
 
Separable model: Populations at age
   28   1992      43884   2      41957     45900     42890     44901     43896
   29   1993      31286   1      30234     32374     30745     31836     31291
   30   1994      20257   1      19676     20855     19959     20560     20259
   31   1995      33815   1      32933     34721     33362     34274     33818
   32   1996      36136   1      35274     37019     35693     36584     36139
   33   1997      28913   1      28245     29597     28570     29260     28915
   34   1998      31486   1      30826     32160     31147     31828     31487
   35   1999      29902   1      29299     30517     29593     30214     29904
   36   2000      65907   0      64750     67085     65314     66505     65910
   37   2001      44520   0      43683     45372     44091     44953     44522
 
 SSB Index catchabilities                                                       
  
   INDEX                                 
 Absolute estimator. No fitted catchability.                                    
  
 
 
 
 Age-structured index catchabilities                                            
  
                                        FLT01: Dummy survey                     
 
 Linear model fitted. Slopes at age :                                           
  
   38   1  Q  .4214      32 .3087     1.099     .4214     .8055     .6140    
   39   2  Q  2.065      32 1.513     5.386     2.065     3.947     3.008    
   40   3  Q  3.790      32 2.777     9.888     3.790     7.245     5.523    
   41   4  Q  1.368      32 1.002     3.568     1.368     2.614     1.993    
   42   5  Q  1.307      32 .9577     3.410     1.307     2.499     1.905    
   43   6  Q  1.441      32 1.056     3.759     1.441     2.755     2.100    
   44   7  Q  1.693      32 1.240     4.416     1.693     3.236     2.466    
   45   8  Q  3.267      32 2.393     8.522     3.267     6.244     4.760    
   46   9  Q  1.028      32 .7533     2.682     1.028     1.965     1.498    
 
 
 
 RESIDUALS ABOUT THE MODEL FIT                                                  
  
 ------------------------------
 
        Separable Model Residuals
        -------------------------
------+----------------------------------------------------------------------------------------
Age   |    1992    1993    1994    1995    1996    1997    1998    1999    2000    2001    2002
------+----------------------------------------------------------------------------------------
  0   | ******* ******* ******* ******* ******* ******* ******* ******* ******* ******* *******
  1   | ******* ******* ******* ******* ******* ******* ******* ******* ******* ******* *******
  2   | ******* ******* ******* ******* ******* ******* ******* ******* ******* ******* *******
  3   | ******* ******* ******* ******* ******* ******* ******* ******* ******* ******* *******
  4   | ******* ******* ******* ******* ******* ******* ******* ******* ******* ******* *******
  5   | ******* ******* ******* ******* ******* ******* ******* ******* ******* ******* *******
  6   | ******* ******* ******* ******* ******* ******* ******* ******* ******* ******* *******
  7   | ******* ******* ******* ******* ******* ******* ******* ******* ******* ******* *******
  8   | ******* ******* ******* ******* ******* ******* ******* ******* ******* ******* *******
------+----------------------------------------------------------------------------------------
                                               
 
 
 
 SPAWNING BIOMASS INDEX RESIDUALS                                               
  
 ---------------------------------
 
          INDEX
        -------
------+------------------------------------------------------------------------------------------------------------------------
      |    1972    1973    1974    1975    1976    1977    1978    1979    1980    1981    1982    1983    1984    1985    1986
------+------------------------------------------------------------------------------------------------------------------------
  1   | ******* ******* ******* ******* ******* ******* ******* ******* ******* ******* ******* ******* ******* ******* *******
------+------------------------------------------------------------------------------------------------------------------------
                                               
 
 
          INDEX
        -------
------+------------------------------------------------------------------------------------------------------------------------
      |    1987    1988    1989    1990    1991    1992    1993    1994    1995    1996    1997    1998    1999    2000    2001
------+------------------------------------------------------------------------------------------------------------------------
  1   | ******* ******* ******* ******* ******* ******* ******* ******* ******* ******* ******* ******* ******* ******* *******
------+------------------------------------------------------------------------------------------------------------------------
                                               
 
 
          INDEX
        -------
------+--------
      |    2002
------+--------
  1   | *******
------+--------
                                               
 
 
 
 AGE-STRUCTURED INDEX RESIDUALS                                                 
  
 -------------------------------
 
        FLT01: Dummy survey
        -------------------
------+--------------------------------
Age   |    1981    1982    1983    1984
------+--------------------------------
  1   |   1.320   1.767  -0.956  -2.131
  2   |  -0.279   0.410   1.621  -1.752
  3   |  -0.514  -0.711   0.049   1.176
  4   |  -2.138   0.574   0.375   1.189
  5   |   1.202  -2.039   0.585   0.253
  6   |   0.333   1.181  -2.006   0.492
  7   |   0.931   0.141   0.975  -2.047
  8   |  -0.008   0.461  -0.583   0.129
  9   |  -0.192   0.520   0.000  -0.328
------+--------------------------------
                                               
 
 
 
 
 
 
 PARAMETERS OF THE DISTRIBUTION OF ln(CATCHES AT AGE)                           
  
 -----------------------------------------------------
 
 Separable model fitted from 1992  to 2002                                    
 Variance                             0.0000
Skewness test stat.                  -3.1735
Kurtosis test statistic               1.1449
Partial chi-square                    0.0000
Significance in fit                   0.0000
Degrees of freedom                        62
 
 
 PARAMETERS OF DISTRIBUTIONS OF THE SSB INDICES                                 
  
 -----------------------------------------------
 
 
   DISTRIBUTION STATISTICS FOR   INDEX                                          
 
 
 Index used as absolute measure of abundance                                    
  
 Last age is a plus-group                                                       
  
 
 Variance                             0.0000
Skewness test stat.                  -0.3235
Kurtosis test statistic              -0.9940
Partial chi-square                    0.0000
Significance in fit                   0.0000
Number of observations                    15
Degrees of freedom                        15
Weight in the analysis                5.0000
 
 PARAMETERS OF THE DISTRIBUTION OF THE AGE-STRUCTURED INDICES                   
  
 ------------------------------------------------------------ 
 
 
   DISTRIBUTION STATISTICS FOR FLT01: Dummy survey                              
 
 
 Linear catchability relationship assumed                                       
  
 
 Age                          1         2         3         4         5         6         7         8         9
 Variance                0.0038    0.0022    0.0008    0.0024    0.0022    0.0021    0.0022    0.0002    0.0002
Skewness test stat.     -0.1348   -0.1202    0.5839   -0.7815   -0.7238   -0.7381   -0.7548   -0.3711    0.5993
Kurtosis test statisti  -0.6997   -0.4683   -0.4380   -0.3225   -0.3428   -0.3322   -0.3612   -0.4137   -0.4084
Partial chi-square       0.0010    0.0005    0.0002    0.0006    0.0006    0.0006    0.0006    0.0001    0.0000
Significance in fit      0.0000    0.0000    0.0000    0.0000    0.0000    0.0000    0.0000    0.0000    0.0000
Number of observations        4         4         4         4         4         4         4         4         4
Degrees of freedom            3         3         3         3         3         3         3         3         3
Weight in the analysis   0.0011    0.0011    0.0011    0.0011    0.0011    0.0011    0.0011    0.0011    0.0011
 
 ANALYSIS OF VARIANCE                   
--------------------------
 
 Unweighted Statistics                                                          
  
 
                                                                                
  
Variance                              
                                       SSQ     Data    Parameters d.f. Variance
Total for model                        43.6600     150         46  104   0.4198
Catches at age                          0.0000      99         37   62   0.0000
  
SSB Indices                           
  INDEX                                 0.0000      15          0   15   0.0000
  
 Aged Indices                                                                   
  
FLT01: Dummy survey                    43.6600      36          9   27   1.6170
 
 
 Weighted Statistics                                                            
  
 
                                                                                
  
Variance                              
                                       SSQ     Data    Parameters d.f. Variance
Total for model                         0.0001     150         46  104   0.0000
Catches at age                          0.0000      99         37   62   0.0000
  
SSB Indices                           
  INDEX                                 0.0000      15          0   15   0.0000
  
 Aged Indices                                                                   
  
FLT01: Dummy survey                     0.0001      36          9   27   0.0000
 
