 ICA v1_3 TUNING DIAGNOSTICS FILE
   1       1
 F         SSQ
  0.05  23.51076232      20.84886246      2.661899865    
  0.10  11.29097314      8.658342409      2.632630735    
  0.15  6.643025549      4.024283837      2.618741712    
  0.20  4.569334592      1.958351584      2.610983008    
  0.25  3.618524463      1.012301007      2.606223456    
  0.30  3.216656948     0.6135332162      2.603123732    
  0.35  3.102243581     0.5012202341      2.601023347    
  0.40  3.145286210     0.5457219116      2.599564299    
  0.45  3.276914697     0.6783782596      2.598536437    
  0.50  3.458940704     0.8611320232      2.597808680    
  0.55  3.669385590      1.072089812      2.597295779    
  0.60  3.895289334      1.298349136      2.596940198    
  0.65  4.128845933      1.532143973      2.596701961    
  0.70  4.365324910      1.768772302      2.596552608    
  0.75  4.601869067      2.005397603      2.596471464    
  0.80  4.836790137      2.240346900      2.596443237    
  0.85  5.069144300      2.472687862      2.596456438    
  0.90  5.298483952      2.701981639      2.596502314    
  0.95  5.524679760      2.928105655      2.596574104    
  1.00  5.747833402      3.151166875      2.596666528    
