 Output Generated by ICA Version 1.4                                            
  
 ------------------------------------
 
        Mackerel NE Atlantic  WG2003
        ----------------------------
 
        Catch in Number
        ---------------
------+------------------------------------------------------------------------------------------------------------------------
AGE   |    1972    1973    1974    1975    1976    1977    1978    1979    1980    1981    1982    1983    1984    1985    1986
------+------------------------------------------------------------------------------------------------------------------------
  0   |   7208.   2360.   3153.   2256.   4139.   3860.   2355.   3515.   3152.   7062.   3034.   4558.   4389.   2901.   2014.
  1   |  13893.  16163.   6000.   9785.  11211.  12856.   8909.   9146.  11467.  13643.  17635.  11592.   9580.  14240.  14688.
  2   |  24042.  17663.  23483.  10667.  27675.  19743.  16919.  19738.  16986.  28082.  19295.  38144.  13862.  17765.  40868.
  3   |  34935.  25838.  21982.  35920.  25663.  41189.  22170.  32007.  31189.  35017.  33503.  35180.  38789.  22025.  43059.
  4   |  46920.  27008.  23587.  24846.  63119.  27557.  33725.  30731.  36832.  46300.  30000.  44008.  25938.  45309.  38655.
  5   |  25386.  25417.  17574.  19145.  31228.  47800.  15990.  33428.  25132.  38670.  27794.  27836.  22866.  21681.  56557.
  6   |  31275.  13242.  16061.  13896.  23328.  22804.  26864.  15386.  26468.  25425.  22336.  24854.  13974.  18580.  26142.
  7   |  22475.  15925.   8248.  12563.  16648.  16651.  12595.  25458.  11963.  26142.  14322.  19506.  12228.  11203.  21930.
  8   |  12664.   9094.   7932.   5178.  12133.   9499.   7335.   9594.  15861.   9494.  11717.  10030.   7634.   7866.  10655.
  9   |  17750.  12634.  11000.  12252.  16888.  16738.  11568.  14263.  15298.  25212.  15953.  19821.  11882.  12127.  19610.
------+------------------------------------------------------------------------------------------------------------------------
       x 10 ^ 3                                
 
 
        Catch in Number
        ---------------
------+------------------------------------------------------------------------------------------------------------------------
AGE   |    1987    1988    1989    1990    1991    1992    1993    1994    1995    1996    1997    1998    1999    2000    2001
------+------------------------------------------------------------------------------------------------------------------------
  0   |   1739.   3602.   4670.   2391.   1030.   5256.   2688.   4383.   1530.   3446.   4742.   1411.   2366.    850.   4252.
  1   |   5542.   5199.  12842.  11826.   7054.   4916.   9747.   9521.  16457.   5635.  12532.  10957.   4699.   9017.   2814.
  2   |  22862.   9403.  10504.  18476.  19905.  19084.   5191.  19753.  20386.  34418.  11589.  16445.  20798.  10167.  16906.
  3   |  53531.  32817.  16036.  12821.  26560.  45483.  17159.   9026.  36086.  36128.  59540.  12888.  26596.  38105.  16067.
  4   |  40410.  55508.  40372.  14168.  13481.  43922.  29671.  21985.  12067.  46375.  44885.  47823.  15212.  35319.  43328.
  5   |  25407.  29565.  48235.  25157.  10611.  15840.  20177.  27276.  20994.  11001.  40578.  25353.  40186.  14332.  28287.
  6   |  35735.  17933.  24772.  29021.  18274.  12039.   7032.  18049.  25270.  18496.   9264.  22108.  20645.  36582.  11055.
  7   |  16090.  24669.  14684.  14594.  20748.  20292.   5241.   6213.  16459.  21813.  15188.   4937.  17697.  18410.  27542.
  8   |  10753.   8876.  16184.   6897.   8355.  18549.   7015.   3721.   4552.  11397.  14347.   6440.   3168.  12665.  11086.
  9   |  14764.  14380.  15381.  15250.  13039.  19395.  13617.  14464.  13535.  12231.  14634.  12369.  12643.  11720.  14689.
------+------------------------------------------------------------------------------------------------------------------------
       x 10 ^ 3                                
 
 
        Catch in Number
        ---------------
------+--------
AGE   |    2002
------+--------
  0   |   3647.
  1   |  11893.
  2   |   4466.
  3   |  22694.
  4   |  15566.
  5   |  29572.
  6   |  18618.
  7   |   7113.
  8   |  14143.
  9   |  13135.
------+--------
       x 10 ^ 3                                
 
 
 
        Predicted Catch in Number
        -------------------------
------+----------------------------------------------------------------------------------------
AGE   |    1992    1993    1994    1995    1996    1997    1998    1999    2000    2001    2002
------+----------------------------------------------------------------------------------------
  0   |   5256.   2688.   4383.   1530.   3446.   4742.   1411.   2366.    850.   4252.   3647.
  1   |   4916.   9747.   9521.  16457.   5635.  12532.  10957.   4699.   9017.   2814.  11893.
  2   |  19084.   5191.  19753.  20386.  34418.  11589.  16445.  20798.  10167.  16906.   4466.
  3   |  45483.  17159.   9026.  36086.  36128.  59540.  12888.  26596.  38105.  16067.  22694.
  4   |  43922.  29671.  21985.  12067.  46375.  44885.  47823.  15212.  35319.  43328.  15566.
  5   |  15840.  20177.  27276.  20994.  11001.  40578.  25353.  40186.  14332.  28287.  29572.
  6   |  12039.   7032.  18049.  25270.  18496.   9264.  22108.  20645.  36582.  11055.  18618.
  7   |  20292.   5241.   6213.  16459.  21813.  15188.   4937.  17697.  18410.  27542.   7113.
  8   |  18549.   7015.   3721.   4552.  11397.  14347.   6440.   3168.  12665.  11086.  14143.
------+----------------------------------------------------------------------------------------
       x 10 ^ 3                                
 
 
 
        Weights at age in the catches (Kg)
        ----------------------------------
------+------------------------------------------------------------------------------------------------------------------------
AGE   |    1972    1973    1974    1975    1976    1977    1978    1979    1980    1981    1982    1983    1984    1985    1986
------+------------------------------------------------------------------------------------------------------------------------
  0   | 0.05200 0.05000 0.05100 0.05000 0.05900 0.05600 0.03600 0.01600 0.05700 0.06000 0.05300 0.05000 0.03100 0.05500 0.03900
  1   | 0.13500 0.14500 0.13600 0.14800 0.13700 0.13600 0.13500 0.13700 0.13100 0.13200 0.13100 0.16800 0.10200 0.14400 0.14600
  2   | 0.27700 0.19400 0.22900 0.17700 0.20700 0.16900 0.16100 0.16100 0.24900 0.24800 0.24900 0.21900 0.18400 0.26200 0.24500
  3   | 0.34100 0.28500 0.26100 0.25900 0.26300 0.27500 0.25000 0.24300 0.28500 0.28700 0.28500 0.27600 0.29500 0.35700 0.33500
  4   | 0.42300 0.36800 0.33400 0.32300 0.32000 0.33300 0.32500 0.31800 0.34500 0.34400 0.34500 0.31000 0.32600 0.41800 0.42300
  5   | 0.46800 0.44800 0.39200 0.34800 0.34600 0.35200 0.34500 0.34800 0.37800 0.37700 0.37800 0.38600 0.34400 0.41700 0.47100
  6   | 0.46800 0.46800 0.48100 0.43000 0.40600 0.40700 0.40300 0.40100 0.45400 0.45400 0.45400 0.42500 0.43100 0.43600 0.44400
  7   | 0.50800 0.50800 0.50800 0.48800 0.44300 0.44600 0.42100 0.41600 0.49800 0.49900 0.49600 0.43500 0.54200 0.52100 0.45700
  8   | 0.53900 0.53900 0.53900 0.53900 0.51800 0.54600 0.51800 0.50600 0.52000 0.51300 0.51300 0.49800 0.48000 0.55500 0.54300
  9   | 0.59950 0.59972 0.59863 0.59988 0.60539 0.58568 0.56563 0.53595 0.56386 0.55805 0.56523 0.57979 0.61421 0.61858 0.61017
------+------------------------------------------------------------------------------------------------------------------------
                                               
 
 
        Weights at age in the catches (Kg)
        ----------------------------------
------+------------------------------------------------------------------------------------------------------------------------
AGE   |    1987    1988    1989    1990    1991    1992    1993    1994    1995    1996    1997    1998    1999    2000    2001
------+------------------------------------------------------------------------------------------------------------------------
  0   | 0.07600 0.05500 0.04900 0.08500 0.06800 0.05100 0.06100 0.04600 0.07200 0.05800 0.07600 0.06500 0.06200 0.06300 0.06900
  1   | 0.17900 0.13300 0.13600 0.15600 0.15600 0.16700 0.13400 0.13600 0.14300 0.14300 0.14300 0.15700 0.17600 0.13500 0.17100
  2   | 0.22300 0.25900 0.23700 0.23300 0.25300 0.23900 0.24000 0.25500 0.23400 0.22600 0.23000 0.22700 0.23600 0.22900 0.22300
  3   | 0.31800 0.32300 0.32000 0.33600 0.32700 0.33300 0.31700 0.33900 0.33300 0.31300 0.29500 0.31000 0.30700 0.30800 0.30700
  4   | 0.39900 0.38800 0.37700 0.37900 0.39400 0.39700 0.37600 0.39000 0.39000 0.37700 0.35900 0.35400 0.36100 0.36700 0.37800
  5   | 0.47400 0.45600 0.43300 0.42300 0.42300 0.46000 0.43600 0.44800 0.45200 0.42500 0.41500 0.40800 0.40600 0.42900 0.42600
  6   | 0.51200 0.52400 0.45600 0.46700 0.46900 0.49500 0.48300 0.51200 0.50100 0.48400 0.45300 0.45200 0.45400 0.46700 0.47700
  7   | 0.49300 0.55500 0.54300 0.52800 0.50600 0.53200 0.52700 0.54300 0.53900 0.51800 0.48100 0.46200 0.50100 0.50400 0.49900
  8   | 0.49800 0.55500 0.59200 0.55200 0.55400 0.55500 0.54800 0.59000 0.57700 0.55100 0.52400 0.51800 0.53700 0.53700 0.54300
  9   | 0.62281 0.60252 0.61000 0.61258 0.63497 0.63331 0.60671 0.62622 0.62065 0.61207 0.57459 0.56580 0.59164 0.59783 0.60237
------+------------------------------------------------------------------------------------------------------------------------
                                               
 
 
        Weights at age in the catches (Kg)
        ----------------------------------
------+--------
AGE   |    2002
------+--------
  0   | 0.05200
  1   | 0.15900
  2   | 0.25500
  3   | 0.30700
  4   | 0.36900
  5   | 0.42600
  6   | 0.46400
  7   | 0.51400
  8   | 0.53900
  9   | 0.60244
------+--------
                                               
 
 
 
        Weights at age in the stock (Kg)
        --------------------------------
------+------------------------------------------------------------------------------------------------------------------------
AGE   |    1972    1973    1974    1975    1976    1977    1978    1979    1980    1981    1982    1983    1984    1985    1986
------+------------------------------------------------------------------------------------------------------------------------
  0   | 0.00800 0.00800 0.00800 0.00800 0.00800 0.00800 0.00800 0.00800 0.00800 0.00800 0.00800 0.00800 0.00000 0.00000 0.00000
  1   | 0.13200 0.13200 0.13000 0.12900 0.12800 0.12700 0.11100 0.11000 0.10900 0.08700 0.08600 0.08600 0.08100 0.08500 0.07700
  2   | 0.17800 0.17700 0.17300 0.17100 0.17000 0.16700 0.17500 0.17400 0.17300 0.18600 0.13500 0.17200 0.19400 0.16500 0.17900
  3   | 0.24300 0.24200 0.23800 0.23600 0.23600 0.23300 0.23800 0.23700 0.23600 0.25200 0.22100 0.23500 0.25300 0.29300 0.26700
  4   | 0.41100 0.30100 0.29600 0.29400 0.29300 0.28900 0.30000 0.29900 0.29700 0.31300 0.28000 0.28000 0.29500 0.30600 0.30400
  5   | 0.35500 0.43800 0.32200 0.31800 0.31800 0.31300 0.34600 0.34500 0.34300 0.32300 0.38500 0.33900 0.32400 0.34100 0.35600
  6   | 0.39800 0.39800 0.46900 0.36500 0.36500 0.36100 0.38200 0.38000 0.37900 0.37800 0.35300 0.37700 0.39300 0.38400 0.35100
  7   | 0.43300 0.43300 0.43300 0.49700 0.41900 0.41600 0.41000 0.40800 0.40700 0.41900 0.40800 0.40400 0.43600 0.43000 0.41600
  8   | 0.45900 0.45900 0.45900 0.45900 0.51200 0.44600 0.43200 0.43000 0.42900 0.43400 0.43700 0.43900 0.44100 0.45900 0.47300
  9   | 0.51398 0.51389 0.51317 0.51423 0.51987 0.53589 0.50236 0.48983 0.48241 0.46545 0.48360 0.51758 0.50947 0.52754 0.47745
------+------------------------------------------------------------------------------------------------------------------------
                                               
 
 
        Weights at age in the stock (Kg)
        --------------------------------
------+------------------------------------------------------------------------------------------------------------------------
AGE   |    1987    1988    1989    1990    1991    1992    1993    1994    1995    1996    1997    1998    1999    2000    2001
------+------------------------------------------------------------------------------------------------------------------------
  0   | 0.00000 0.00000 0.00000 0.00000 0.00000 0.00000 0.00000 0.00000 0.00000 0.00000 0.00000 0.00000 0.00000 0.00000 0.00000
  1   | 0.07800 0.07200 0.07600 0.07400 0.07500 0.07800 0.07800 0.07900 0.08100 0.07600 0.07600 0.07700 0.08100 0.07400 0.07800
  2   | 0.14800 0.15600 0.17700 0.13800 0.15500 0.21200 0.19700 0.17800 0.16400 0.13300 0.18600 0.14900 0.19400 0.18500 0.16400
  3   | 0.24000 0.23700 0.24400 0.22200 0.23000 0.25900 0.26800 0.23700 0.26700 0.25100 0.22800 0.22300 0.24200 0.23500 0.24100
  4   | 0.28600 0.30100 0.30600 0.28700 0.30700 0.31000 0.31500 0.30100 0.32600 0.31700 0.29600 0.28500 0.30100 0.28900 0.34200
  5   | 0.37400 0.32900 0.35200 0.33900 0.35700 0.36200 0.36000 0.36100 0.39800 0.36600 0.36100 0.34200 0.35300 0.35000 0.39000
  6   | 0.38600 0.42300 0.38000 0.37300 0.40900 0.40200 0.41600 0.41300 0.44800 0.44400 0.40200 0.40000 0.39600 0.39000 0.44600
  7   | 0.41100 0.44500 0.42900 0.41400 0.43200 0.42400 0.45400 0.46600 0.49100 0.46200 0.44500 0.42600 0.42300 0.42600 0.45900
  8   | 0.42900 0.43200 0.47400 0.40900 0.50200 0.46200 0.46500 0.47000 0.50800 0.50100 0.47800 0.46600 0.44000 0.44700 0.49900
  9   | 0.49224 0.51784 0.48525 0.47466 0.56094 0.52140 0.51501 0.53733 0.57222 0.59671 0.53408 0.52324 0.49067 0.51219 0.55521
------+------------------------------------------------------------------------------------------------------------------------
                                               
 
 
        Weights at age in the stock (Kg)
        --------------------------------
------+--------
AGE   |    2002
------+--------
  0   | 0.00000
  1   | 0.07800
  2   | 0.18100
  3   | 0.23900
  4   | 0.31100
  5   | 0.36400
  6   | 0.41100
  7   | 0.43600
  8   | 0.46200
  9   | 0.51660
------+--------
                                               
 
 
 
        Natural Mortality (per year)
        ----------------------------
------+------------------------------------------------------------------------------------------------------------------------
AGE   |    1972    1973    1974    1975    1976    1977    1978    1979    1980    1981    1982    1983    1984    1985    1986
------+------------------------------------------------------------------------------------------------------------------------
  0   | 0.15000 0.15000 0.15000 0.15000 0.15000 0.15000 0.15000 0.15000 0.15000 0.15000 0.15000 0.15000 0.15000 0.15000 0.15000
  1   | 0.15000 0.15000 0.15000 0.15000 0.15000 0.15000 0.15000 0.15000 0.15000 0.15000 0.15000 0.15000 0.15000 0.15000 0.15000
  2   | 0.15000 0.15000 0.15000 0.15000 0.15000 0.15000 0.15000 0.15000 0.15000 0.15000 0.15000 0.15000 0.15000 0.15000 0.15000
  3   | 0.15000 0.15000 0.15000 0.15000 0.15000 0.15000 0.15000 0.15000 0.15000 0.15000 0.15000 0.15000 0.15000 0.15000 0.15000
  4   | 0.15000 0.15000 0.15000 0.15000 0.15000 0.15000 0.15000 0.15000 0.15000 0.15000 0.15000 0.15000 0.15000 0.15000 0.15000
  5   | 0.15000 0.15000 0.15000 0.15000 0.15000 0.15000 0.15000 0.15000 0.15000 0.15000 0.15000 0.15000 0.15000 0.15000 0.15000
  6   | 0.15000 0.15000 0.15000 0.15000 0.15000 0.15000 0.15000 0.15000 0.15000 0.15000 0.15000 0.15000 0.15000 0.15000 0.15000
  7   | 0.15000 0.15000 0.15000 0.15000 0.15000 0.15000 0.15000 0.15000 0.15000 0.15000 0.15000 0.15000 0.15000 0.15000 0.15000
  8   | 0.15000 0.15000 0.15000 0.15000 0.15000 0.15000 0.15000 0.15000 0.15000 0.15000 0.15000 0.15000 0.15000 0.15000 0.15000
  9   | 0.15000 0.15000 0.15000 0.15000 0.15000 0.15000 0.15000 0.15000 0.15000 0.15000 0.15000 0.15000 0.15000 0.15000 0.15000
------+------------------------------------------------------------------------------------------------------------------------
                                               
 
 
        Natural Mortality (per year)
        ----------------------------
------+------------------------------------------------------------------------------------------------------------------------
AGE   |    1987    1988    1989    1990    1991    1992    1993    1994    1995    1996    1997    1998    1999    2000    2001
------+------------------------------------------------------------------------------------------------------------------------
  0   | 0.15000 0.15000 0.15000 0.15000 0.15000 0.15000 0.15000 0.15000 0.15000 0.15000 0.15000 0.15000 0.15000 0.15000 0.15000
  1   | 0.15000 0.15000 0.15000 0.15000 0.15000 0.15000 0.15000 0.15000 0.15000 0.15000 0.15000 0.15000 0.15000 0.15000 0.15000
  2   | 0.15000 0.15000 0.15000 0.15000 0.15000 0.15000 0.15000 0.15000 0.15000 0.15000 0.15000 0.15000 0.15000 0.15000 0.15000
  3   | 0.15000 0.15000 0.15000 0.15000 0.15000 0.15000 0.15000 0.15000 0.15000 0.15000 0.15000 0.15000 0.15000 0.15000 0.15000
  4   | 0.15000 0.15000 0.15000 0.15000 0.15000 0.15000 0.15000 0.15000 0.15000 0.15000 0.15000 0.15000 0.15000 0.15000 0.15000
  5   | 0.15000 0.15000 0.15000 0.15000 0.15000 0.15000 0.15000 0.15000 0.15000 0.15000 0.15000 0.15000 0.15000 0.15000 0.15000
  6   | 0.15000 0.15000 0.15000 0.15000 0.15000 0.15000 0.15000 0.15000 0.15000 0.15000 0.15000 0.15000 0.15000 0.15000 0.15000
  7   | 0.15000 0.15000 0.15000 0.15000 0.15000 0.15000 0.15000 0.15000 0.15000 0.15000 0.15000 0.15000 0.15000 0.15000 0.15000
  8   | 0.15000 0.15000 0.15000 0.15000 0.15000 0.15000 0.15000 0.15000 0.15000 0.15000 0.15000 0.15000 0.15000 0.15000 0.15000
  9   | 0.15000 0.15000 0.15000 0.15000 0.15000 0.15000 0.15000 0.15000 0.15000 0.15000 0.15000 0.15000 0.15000 0.15000 0.15000
------+------------------------------------------------------------------------------------------------------------------------
                                               
 
 
        Natural Mortality (per year)
        ----------------------------
------+--------
AGE   |    2002
------+--------
  0   | 0.15000
  1   | 0.15000
  2   | 0.15000
  3   | 0.15000
  4   | 0.15000
  5   | 0.15000
  6   | 0.15000
  7   | 0.15000
  8   | 0.15000
  9   | 0.15000
------+--------
                                               
 
 
 
        Proportion of fish spawning
        ---------------------------
------+------------------------------------------------------------------------------------------------------------------------
AGE   |    1972    1973    1974    1975    1976    1977    1978    1979    1980    1981    1982    1983    1984    1985    1986
------+------------------------------------------------------------------------------------------------------------------------
  0   |  0.0000  0.0000  0.0000  0.0000  0.0000  0.0000  0.0000  0.0000  0.0000  0.0000  0.0000  0.0000  0.0000  0.0000  0.0000
  1   |  0.0500  0.0500  0.0500  0.0600  0.0600  0.0600  0.0600  0.0600  0.0600  0.0700  0.0700  0.0700  0.0700  0.0700  0.0700
  2   |  0.5300  0.5400  0.5400  0.5500  0.5500  0.5500  0.5600  0.5600  0.5700  0.5700  0.5700  0.5800  0.5800  0.5800  0.5800
  3   |  0.9000  0.9000  0.9000  0.8900  0.8900  0.8900  0.8900  0.8900  0.8900  0.8800  0.8800  0.8800  0.8800  0.8800  0.8800
  4   |  0.9800  0.9800  0.9800  0.9800  0.9800  0.9800  0.9800  0.9800  0.9800  0.9800  0.9800  0.9800  0.9700  0.9700  0.9700
  5   |  0.9800  0.9800  0.9800  0.9800  0.9800  0.9800  0.9800  0.9800  0.9800  0.9800  0.9800  0.9800  0.9700  0.9700  0.9700
  6   |  0.9900  0.9900  0.9900  0.9900  0.9900  0.9900  0.9900  0.9900  0.9900  0.9900  0.9900  0.9900  0.9900  0.9900  0.9900
  7   |  1.0000  1.0000  1.0000  1.0000  1.0000  1.0000  1.0000  1.0000  1.0000  1.0000  1.0000  1.0000  1.0000  1.0000  1.0000
  8   |  1.0000  1.0000  1.0000  1.0000  1.0000  1.0000  1.0000  1.0000  1.0000  1.0000  1.0000  1.0000  1.0000  1.0000  1.0000
  9   |  1.0000  1.0000  1.0000  1.0000  1.0000  1.0000  1.0000  1.0000  1.0000  1.0000  1.0000  1.0000  1.0000  1.0000  1.0000
------+------------------------------------------------------------------------------------------------------------------------
                                               
 
 
        Proportion of fish spawning
        ---------------------------
------+------------------------------------------------------------------------------------------------------------------------
AGE   |    1987    1988    1989    1990    1991    1992    1993    1994    1995    1996    1997    1998    1999    2000    2001
------+------------------------------------------------------------------------------------------------------------------------
  0   |  0.0000  0.0000  0.0000  0.0000  0.0000  0.0000  0.0000  0.0000  0.0000  0.0000  0.0000  0.0000  0.0000  0.0000  0.0000
  1   |  0.0700  0.0700  0.0700  0.0700  0.0700  0.0700  0.0700  0.0700  0.0700  0.0700  0.0700  0.0700  0.0700  0.0700  0.0700
  2   |  0.5800  0.5800  0.5800  0.5800  0.5800  0.5800  0.5800  0.5800  0.5800  0.5800  0.5800  0.5800  0.5800  0.5800  0.5900
  3   |  0.8800  0.8800  0.8800  0.8800  0.8800  0.8800  0.8800  0.8800  0.8800  0.8800  0.8800  0.8600  0.8600  0.8600  0.8800
  4   |  0.9700  0.9700  0.9700  0.9700  0.9700  0.9700  0.9700  0.9700  0.9700  0.9700  0.9700  0.9800  0.9800  0.9800  0.9700
  5   |  0.9700  0.9700  0.9700  0.9700  0.9700  0.9700  0.9700  0.9700  0.9700  0.9700  0.9700  0.9800  0.9800  0.9800  0.9700
  6   |  0.9900  0.9900  0.9900  0.9900  0.9900  0.9900  0.9900  0.9900  0.9900  0.9900  0.9900  0.9900  0.9900  0.9900  0.9900
  7   |  1.0000  1.0000  1.0000  1.0000  1.0000  1.0000  1.0000  1.0000  1.0000  1.0000  1.0000  1.0000  1.0000  1.0000  1.0000
  8   |  1.0000  1.0000  1.0000  1.0000  1.0000  1.0000  1.0000  1.0000  1.0000  1.0000  1.0000  1.0000  1.0000  1.0000  1.0000
  9   |  1.0000  1.0000  1.0000  1.0000  1.0000  1.0000  1.0000  1.0000  1.0000  1.0000  1.0000  1.0000  1.0000  1.0000  1.0000
------+------------------------------------------------------------------------------------------------------------------------
                                               
 
 
        Proportion of fish spawning
        ---------------------------
------+--------
AGE   |    2002
------+--------
  0   |  0.0000
  1   |  0.0700
  2   |  0.5900
  3   |  0.8800
  4   |  0.9700
  5   |  0.9700
  6   |  0.9900
  7   |  1.0000
  8   |  1.0000
  9   |  1.0000
------+--------
                                               
 
 
 
 INDICES OF SPAWNING BIOMASS                                                    
  
 ----------------------------
 
          INDEX
        -------
------+------------------------------------------------------------------------------------------------------------------------
      |    1972    1973    1974    1975    1976    1977    1978    1979    1980    1981    1982    1983    1984    1985    1986
------+------------------------------------------------------------------------------------------------------------------------
  1   | ******* ******* ******* ******* ******* ******* ******* ******* ******* ******* ******* ******* ******* ******* *******
------+------------------------------------------------------------------------------------------------------------------------
       x 10 ^ 3                                
 
 
          INDEX
        -------
------+------------------------------------------------------------------------------------------------------------------------
      |    1987    1988    1989    1990    1991    1992    1993    1994    1995    1996    1997    1998    1999    2000    2001
------+------------------------------------------------------------------------------------------------------------------------
  1   | *******  299.10  262.74  226.34  255.79  267.49  249.45  251.41  287.02  291.93  278.51  258.50  275.77  256.31  255.67
------+------------------------------------------------------------------------------------------------------------------------
       x 10 ^ 3                                
 
 
          INDEX
        -------
------+--------
      |    2002
------+--------
  1   |  210.73
------+--------
       x 10 ^ 3                                
 
 
 
 AGE-STRUCTURED INDICES                                                         
  
 -----------------------
 
        FLT01: Dummy survey
        -------------------
------+--------------------------------
AGE   |    1981    1982    1983    1984
------+--------------------------------
  1   |  266.10  203.00   43.60   15.24
  2   |  506.40  435.90  712.70   79.51
  3   |  225.10  483.60  444.60  661.83
  4   |   31.70  184.10  391.60  374.60
  5   |  174.80   24.70  130.40  238.20
  6   |  158.50  136.60   20.20   92.00
  7   |   99.50  108.60   91.30   15.54
  8   |  116.60   84.50   70.90   51.47
  9   |   35.30   87.00   47.10   39.27
------+--------------------------------
       x 10 ^ 3                                
 
 
 
        Fishing Mortality (per year)
        ----------------------------
------+------------------------------------------------------------------------------------------------------------------------
AGE   |    1972    1973    1974    1975    1976    1977    1978    1979    1980    1981    1982    1983    1984    1985    1986
------+------------------------------------------------------------------------------------------------------------------------
  0   | 0.01036 0.00727 0.00575 0.00556 0.00864 0.00840 0.00604 0.00733 0.00747 0.01015 0.00794 0.00951 0.00624 0.00631 0.01002
  1   | 0.03922 0.02751 0.02178 0.02103 0.03268 0.03179 0.02288 0.02773 0.02827 0.03842 0.03004 0.03600 0.02361 0.02387 0.03791
  2   | 0.08680 0.06088 0.04821 0.04654 0.07233 0.07036 0.05063 0.06138 0.06256 0.08503 0.06649 0.07969 0.05226 0.05283 0.08391
  3   | 0.17126 0.12011 0.09511 0.09181 0.14270 0.13880 0.09989 0.12109 0.12343 0.16775 0.13118 0.15721 0.10311 0.10423 0.16554
  4   | 0.26181 0.18363 0.14540 0.14036 0.21816 0.21220 0.15271 0.18512 0.18870 0.25645 0.20055 0.24034 0.15763 0.15934 0.25307
  5   | 0.29779 0.20886 0.16537 0.15964 0.24814 0.24136 0.17369 0.21056 0.21463 0.29169 0.22811 0.27337 0.17929 0.18124 0.28784
  6   | 0.33677 0.23620 0.18702 0.18054 0.28062 0.27295 0.19643 0.23812 0.24272 0.32987 0.25797 0.30915 0.20276 0.20496 0.32552
  7   | 0.38581 0.27059 0.21426 0.20683 0.32149 0.31270 0.22503 0.27280 0.27807 0.37791 0.29553 0.35417 0.23229 0.23481 0.37293
  8   | 0.35734 0.25063 0.19845 0.19157 0.29776 0.28963 0.20843 0.25267 0.25755 0.35003 0.27373 0.32804 0.21515 0.21748 0.34541
  9   | 0.35734 0.25063 0.19845 0.19157 0.29776 0.28963 0.20843 0.25267 0.25755 0.35003 0.27373 0.32804 0.21515 0.21748 0.34541
------+------------------------------------------------------------------------------------------------------------------------
                                               
 
 
        Fishing Mortality (per year)
        ----------------------------
------+------------------------------------------------------------------------------------------------------------------------
AGE   |    1987    1988    1989    1990    1991    1992    1993    1994    1995    1996    1997    1998    1999    2000    2001
------+------------------------------------------------------------------------------------------------------------------------
  0   | 0.00864 0.00809 0.00904 0.00715 0.00658 0.00985 0.00570 0.00629 0.00737 0.00850 0.00970 0.00701 0.00729 0.00870 0.00903
  1   | 0.03271 0.03061 0.03421 0.02707 0.02491 0.03729 0.02157 0.02380 0.02790 0.03216 0.03671 0.02651 0.02758 0.03291 0.03417
  2   | 0.07240 0.06776 0.07572 0.05992 0.05514 0.08255 0.04773 0.05267 0.06175 0.07118 0.08125 0.05868 0.06105 0.07284 0.07563
  3   | 0.14283 0.13368 0.14939 0.11821 0.10878 0.16285 0.09417 0.10391 0.12182 0.14043 0.16030 0.11577 0.12045 0.14372 0.14921
  4   | 0.21836 0.20436 0.22838 0.18072 0.16630 0.24897 0.14397 0.15886 0.18624 0.21469 0.24506 0.17699 0.18413 0.21971 0.22811
  5   | 0.24836 0.23244 0.25976 0.20555 0.18914 0.28317 0.16375 0.18069 0.21182 0.24418 0.27873 0.20131 0.20943 0.24990 0.25946
  6   | 0.28088 0.26287 0.29376 0.23245 0.21390 0.32024 0.18518 0.20434 0.23955 0.27615 0.31522 0.22766 0.23685 0.28261 0.29342
  7   | 0.32178 0.30115 0.33655 0.26631 0.24506 0.36688 0.21215 0.23410 0.27444 0.31636 0.36113 0.26082 0.27134 0.32377 0.33615
  8   | 0.29804 0.27893 0.31171 0.24666 0.22697 0.33981 0.19650 0.21683 0.25419 0.29302 0.33448 0.24157 0.25132 0.29988 0.31135
  9   | 0.29804 0.27893 0.31171 0.24666 0.22697 0.33981 0.19650 0.21683 0.25419 0.29302 0.33448 0.24157 0.25132 0.29988 0.31135
------+------------------------------------------------------------------------------------------------------------------------
                                               
 
 
        Fishing Mortality (per year)
        ----------------------------
------+--------
AGE   |    2002
------+--------
  0   | 0.00790
  1   | 0.02991
  2   | 0.06621
  3   | 0.13062
  4   | 0.19969
  5   | 0.22713
  6   | 0.25686
  7   | 0.29427
  8   | 0.27256
  9   | 0.27256
------+--------
                                               
 
 
 
        Population Abundance (1 January)
        --------------------------------
------+------------------------------------------------------------------------------------------------------------------------
AGE   |    1972    1973    1974    1975    1976    1977    1978    1979    1980    1981    1982    1983    1984    1985    1986
------+------------------------------------------------------------------------------------------------------------------------
  0   |  752.85  350.87  591.64  438.51  518.38  496.90  420.79  518.38  456.09  752.85  413.21  518.38  759.90  496.90  217.56
  1   |  388.82  641.30  299.81  506.31  375.34  442.33  424.11  359.99  442.91  389.64  641.44  352.84  441.95  649.98  425.00
  2   |  311.06  321.79  537.00  252.49  426.72  312.67  368.81  356.78  301.37  370.59  322.73  535.75  292.96  371.51  546.25
  3   |  238.51  245.47  260.61  440.45  207.44  341.65  250.83  301.76  288.80  243.66  292.97  259.90  425.81  239.31  303.31
  4   |  218.64  172.98  187.37  203.96  345.84  154.80  255.95  195.37  230.11  219.71  177.33  221.16  191.16  330.59  185.59
  5   |  105.76  144.83  123.91  139.44  152.56  239.32  107.76  189.10  139.74  164.00  146.33  124.90  149.69  140.54  242.63
  6   |  117.30   67.58  101.16   90.39  102.31  102.45  161.82   77.96  131.86   97.04  105.44  100.26   81.79  107.69  100.91
  7   |   75.25   72.09   45.93   72.22   64.95   66.51   67.12  114.44   52.89   89.03   60.06   70.12   63.35   57.48   75.51
  8   |   45.19   44.04   47.34   31.91   50.55   40.53   41.88   46.13   74.98   34.47   52.51   38.46   42.35   43.22   39.12
  9   |   63.33   61.18   65.64   75.50   70.36   71.42   66.04   68.58   72.32   91.53   71.50   76.01   65.92   66.63   71.99
------+------------------------------------------------------------------------------------------------------------------------
       x 10 ^ 6                                
 
 
        Population Abundance (1 January)
        --------------------------------
------+------------------------------------------------------------------------------------------------------------------------
AGE   |    1987    1988    1989    1990    1991    1992    1993    1994    1995    1996    1997    1998    1999    2000    2001
------+------------------------------------------------------------------------------------------------------------------------
  0   |  217.56  481.40  558.82  361.17  169.05  577.12  509.31  752.85  224.34  438.51  528.90  217.56  350.87  105.69  509.31
  1   |  185.39  185.64  411.01  476.66  308.64  144.54  491.86  435.87  643.92  191.67  374.23  450.83  185.95  299.80   90.18
  2   |  352.19  154.43  154.97  341.86  399.30  259.12  119.86  414.32  366.34  538.98  159.75  310.50  377.88  155.69  249.69
  3   |  432.32  281.96  124.21  123.66  277.13  325.25  205.35   98.35  338.31  296.43  432.03  126.77  252.02  305.98  124.59
  4   |  221.23  322.58  212.32   92.07   94.57  213.94  237.87  160.86   76.30  257.79  221.71  316.78   97.19  192.30  228.11
  5   |  124.02  153.06  226.33  145.43   66.15   68.92  143.56  177.29  118.12   54.51  179.01  149.35  228.43   69.58  132.87
  6   |  156.60   83.27  104.42  150.24  101.92   47.12   44.69  104.90  127.37   82.26   36.75  116.60  105.11  159.46   46.65
  7   |   62.72  101.78   55.10   67.00  102.49   70.83   29.44   31.96   73.60   86.27   53.72   23.08   79.92   71.39  103.46
  8   |   44.76   39.13   64.82   33.88   44.18   69.04   42.24   20.50   21.77   48.14   54.12   32.22   15.31   52.44   44.45
  9   |   61.46   63.40   61.61   74.90   68.95   72.19   82.00   79.69   64.73   51.67   55.20   61.88   61.08   48.53   58.90
------+------------------------------------------------------------------------------------------------------------------------
       x 10 ^ 6                                
 
 
        Population Abundance (1 January)
        --------------------------------
------+----------------
AGE   |    2002    2003
------+----------------
  0   |  498.74  306.03
  1   |  434.42  425.89
  2   |   75.01  362.89
  3   |  199.26   60.43
  4   |   92.37  150.50
  5   |  156.29   65.11
  6   |   88.22  107.19
  7   |   29.94   58.73
  8   |   63.63   19.20
  9   |   59.09   80.42
------+----------------
       x 10 ^ 6                                
 
 
 
        Weighting factors for the catches in number
        -------------------------------------------
------+----------------------------------------------------------------------------------------
AGE   |    1992    1993    1994    1995    1996    1997    1998    1999    2000    2001    2002
------+----------------------------------------------------------------------------------------
  0   |  0.0200  0.0200  0.0200  0.0200  0.0200  0.0200  0.0200  0.0200  0.0200  0.0200  0.0200
  1   |  1.0000  1.0000  1.0000  1.0000  1.0000  1.0000  1.0000  1.0000  1.0000  1.0000  1.0000
  2   |  1.0000  1.0000  1.0000  1.0000  1.0000  1.0000  1.0000  1.0000  1.0000  1.0000  1.0000
  3   |  1.0000  1.0000  1.0000  1.0000  1.0000  1.0000  1.0000  1.0000  1.0000  1.0000  1.0000
  4   |  1.0000  1.0000  1.0000  1.0000  1.0000  1.0000  1.0000  1.0000  1.0000  1.0000  1.0000
  5   |  1.0000  1.0000  1.0000  1.0000  1.0000  1.0000  1.0000  1.0000  1.0000  1.0000  1.0000
  6   |  1.0000  1.0000  1.0000  1.0000  1.0000  1.0000  1.0000  1.0000  1.0000  1.0000  1.0000
  7   |  1.0000  1.0000  1.0000  1.0000  1.0000  1.0000  1.0000  1.0000  1.0000  1.0000  1.0000
  8   |  1.0000  1.0000  1.0000  1.0000  1.0000  1.0000  1.0000  1.0000  1.0000  1.0000  1.0000
------+----------------------------------------------------------------------------------------
                                               
 
 
 
 Predicted SSB Index Values                                                     
  
 ---------------------------
 
          INDEX
        -------
------+------------------------------------------------------------------------------------------------------------------------
      |    1972    1973    1974    1975    1976    1977    1978    1979    1980    1981    1982    1983    1984    1985    1986
------+------------------------------------------------------------------------------------------------------------------------
  1   | ******* ******* ******* ******* ******* ******* ******* ******* ******* ******* ******* ******* ******* ******* *******
------+------------------------------------------------------------------------------------------------------------------------
       x 10 ^ 3                                
 
 
          INDEX
        -------
------+------------------------------------------------------------------------------------------------------------------------
      |    1987    1988    1989    1990    1991    1992    1993    1994    1995    1996    1997    1998    1999    2000    2001
------+------------------------------------------------------------------------------------------------------------------------
  1   | *******  299.10  262.74  226.35  255.79  267.49  249.45  251.41  287.02  291.93  278.51  258.49  275.77  256.31  255.67
------+------------------------------------------------------------------------------------------------------------------------
       x 10 ^ 3                                
 
 
          INDEX
        -------
------+--------
      |    2002
------+--------
  1   |  210.73
------+--------
       x 10 ^ 3                                
 
 
 
 Predicted Age-Structured Index Values                                          
  
 --------------------------------------
 
        FLT01: Dummy survey Predicted
        -----------------------------
------+--------------------------------
AGE   |    1981    1982    1983    1984
------+--------------------------------
  1   |   67.64  111.86   61.33   77.35
  2   |  332.23  292.28  481.71  267.41
  3   |  340.49  417.71  365.29  616.55
  4   |  182.22  151.67  185.06  167.39
  5   |  118.07  109.09   90.83  114.64
  6   |   78.35   88.57   81.88   70.82
  7   |   77.09   54.41   61.51   59.42
  8   |   62.38   99.11   70.46   82.55
  9   |   57.19   46.58   48.07   44.36
------+--------------------------------
       x 10 ^ 3                                
 
 
 
        Fitted Selection Pattern
        ------------------------
------+------------------------------------------------------------------------------------------------------------------------
AGE   |    1972    1973    1974    1975    1976    1977    1978    1979    1980    1981    1982    1983    1984    1985    1986
------+------------------------------------------------------------------------------------------------------------------------
  0   |  0.0348  0.0348  0.0348  0.0348  0.0348  0.0348  0.0348  0.0348  0.0348  0.0348  0.0348  0.0348  0.0348  0.0348  0.0348
  1   |  0.1317  0.1317  0.1317  0.1317  0.1317  0.1317  0.1317  0.1317  0.1317  0.1317  0.1317  0.1317  0.1317  0.1317  0.1317
  2   |  0.2915  0.2915  0.2915  0.2915  0.2915  0.2915  0.2915  0.2915  0.2915  0.2915  0.2915  0.2915  0.2915  0.2915  0.2915
  3   |  0.5751  0.5751  0.5751  0.5751  0.5751  0.5751  0.5751  0.5751  0.5751  0.5751  0.5751  0.5751  0.5751  0.5751  0.5751
  4   |  0.8792  0.8792  0.8792  0.8792  0.8792  0.8792  0.8792  0.8792  0.8792  0.8792  0.8792  0.8792  0.8792  0.8792  0.8792
  5   |  1.0000  1.0000  1.0000  1.0000  1.0000  1.0000  1.0000  1.0000  1.0000  1.0000  1.0000  1.0000  1.0000  1.0000  1.0000
  6   |  1.1309  1.1309  1.1309  1.1309  1.1309  1.1309  1.1309  1.1309  1.1309  1.1309  1.1309  1.1309  1.1309  1.1309  1.1309
  7   |  1.2956  1.2956  1.2956  1.2956  1.2956  1.2956  1.2956  1.2956  1.2956  1.2956  1.2956  1.2956  1.2956  1.2956  1.2956
  8   |  1.2000  1.2000  1.2000  1.2000  1.2000  1.2000  1.2000  1.2000  1.2000  1.2000  1.2000  1.2000  1.2000  1.2000  1.2000
  9   |  1.2000  1.2000  1.2000  1.2000  1.2000  1.2000  1.2000  1.2000  1.2000  1.2000  1.2000  1.2000  1.2000  1.2000  1.2000
------+------------------------------------------------------------------------------------------------------------------------
                                               
 
 
        Fitted Selection Pattern
        ------------------------
------+------------------------------------------------------------------------------------------------------------------------
AGE   |    1987    1988    1989    1990    1991    1992    1993    1994    1995    1996    1997    1998    1999    2000    2001
------+------------------------------------------------------------------------------------------------------------------------
  0   |  0.0348  0.0348  0.0348  0.0348  0.0348  0.0348  0.0348  0.0348  0.0348  0.0348  0.0348  0.0348  0.0348  0.0348  0.0348
  1   |  0.1317  0.1317  0.1317  0.1317  0.1317  0.1317  0.1317  0.1317  0.1317  0.1317  0.1317  0.1317  0.1317  0.1317  0.1317
  2   |  0.2915  0.2915  0.2915  0.2915  0.2915  0.2915  0.2915  0.2915  0.2915  0.2915  0.2915  0.2915  0.2915  0.2915  0.2915
  3   |  0.5751  0.5751  0.5751  0.5751  0.5751  0.5751  0.5751  0.5751  0.5751  0.5751  0.5751  0.5751  0.5751  0.5751  0.5751
  4   |  0.8792  0.8792  0.8792  0.8792  0.8792  0.8792  0.8792  0.8792  0.8792  0.8792  0.8792  0.8792  0.8792  0.8792  0.8792
  5   |  1.0000  1.0000  1.0000  1.0000  1.0000  1.0000  1.0000  1.0000  1.0000  1.0000  1.0000  1.0000  1.0000  1.0000  1.0000
  6   |  1.1309  1.1309  1.1309  1.1309  1.1309  1.1309  1.1309  1.1309  1.1309  1.1309  1.1309  1.1309  1.1309  1.1309  1.1309
  7   |  1.2956  1.2956  1.2956  1.2956  1.2956  1.2956  1.2956  1.2956  1.2956  1.2956  1.2956  1.2956  1.2956  1.2956  1.2956
  8   |  1.2000  1.2000  1.2000  1.2000  1.2000  1.2000  1.2000  1.2000  1.2000  1.2000  1.2000  1.2000  1.2000  1.2000  1.2000
  9   |  1.2000  1.2000  1.2000  1.2000  1.2000  1.2000  1.2000  1.2000  1.2000  1.2000  1.2000  1.2000  1.2000  1.2000  1.2000
------+------------------------------------------------------------------------------------------------------------------------
                                               
 
 
        Fitted Selection Pattern
        ------------------------
------+--------
AGE   |    2002
------+--------
  0   |  0.0348
  1   |  0.1317
  2   |  0.2915
  3   |  0.5751
  4   |  0.8792
  5   |  1.0000
  6   |  1.1309
  7   |  1.2956
  8   |  1.2000
  9   |  1.2000
------+--------
                                               
 
 
 
 
 
                    STOCK SUMMARY                                             
 
 
 ³ Year ³  Recruits  ³  Total  ³ Spawning³ Landings ³ Yield ³ Mean F ³ SoP ³    
 ³      ³   Age   0  ³ Biomass ³ Biomass ³          ³ /SSB  ³  Ages  ³     ³ 
 ³      ³  thousands ³  tonnes ³ tonnes  ³ tonnes   ³ ratio ³  4- 7  ³ (%) ³ 
 
   1972       752850    430635    288232     96072   0.3333   0.3205   100
   1973       350870    429088    271908     61343   0.2256   0.2248   100
   1974       591640    416742    287976     49635   0.1724   0.1780   100
   1975       438500    442606    306687     49687   0.1620   0.1718    99
   1976       518370    450546    310060     78616   0.2536   0.2671    99
   1977       496900    432625    294426     74327   0.2524   0.2598    99
   1978       420780    429350    304219     52503   0.1726   0.1870   100
   1979       518370    430741    306698     62929   0.2052   0.2266    99
   1980       456080    427047    300843     71855   0.2388   0.2310   100
   1981       752850    423544    293640     93272   0.3176   0.3140    99
   1982       413210    392023    267398     69952   0.2616   0.2455   100
   1983       518370    414337    285940     80161   0.2803   0.2943   100
   1984       759890    417275    304514     55041   0.1807   0.1930    99
   1985       496900    456805    323731     68512   0.2116   0.1951    99
   1986       217560    473989    331332    109030   0.3291   0.3098    99
   1987       217560    415679    314199     92190   0.2934   0.2673   100
   1988       481390    381987    299100     85623   0.2863   0.2502   100
   1989       558820    357550    262741     83935   0.3195   0.2796    99
   1990       361160    318808    226345     61079   0.2698   0.2213    99
   1991       169040    348244    255790     56668   0.2215   0.2036    99
   1992       577110    360229    267492     84851   0.3172   0.3048   100
   1993       509300    337453    249447     46373   0.1859   0.1763    99
   1994       752850    354585    251412     54255   0.2158   0.1945   100
   1995       224340    415748    287017     66005   0.2300   0.2280   100
   1996       438500    393658    291930     76268   0.2613   0.2628   100
   1997       528890    380940    278510     82764   0.2972   0.3000    99
   1998       217550    354471    258494     59421   0.2299   0.2167    99
   1999       350870    371378    275773     63275   0.2294   0.2254    99
   2000       105690    343721    256313     74616   0.2911   0.2690   100
   2001       509300    331012    255672     71791   0.2808   0.2793   100
   2002       498730    289934    210731     56359   0.2674   0.2445    99
 
 -----------------------------------------------------------------            
 No of years for separable analysis : 11                                      
 Age range in the analysis : 0  . . . 9                                       
 Year range in the analysis : 1972  . . . 2002                                
 Number of indices of SSB : 1                                                 
 Number of age-structured indices : 1                                         
                                                                              
 Parameters to estimate : 46                                                  
 Number of observations : 150                                                 
                                                                              
 Conventional single selection vector model to be fitted.                     
                                                                              
                                                                              
                                                                              
 -----------------------------------------------------------------            
 
 
 PARAMETER ESTIMATES                                                            
  
 
 ³Parm.³      ³ Maximum ³    ³        ³         ³         ³         ³ Mean of ³ 
  
 ³ No. ³      ³ Likelh. ³ CV ³  Lower ³ Upper   ³  -s.e.  ³   +s.e. ³ Param.  ³ 
  
 ³     ³      ³ Estimate³ (%)³ 95% CL ³ 95% CL  ³         ³         ³ Distrib.³ 
  
 Separable model : F by year                                                    
  
    1   1992     0.2832   0    0.2792    0.2872    0.2811    0.2852    0.2832
    2   1993     0.1637   0    0.1615    0.1661    0.1626    0.1649    0.1638
    3   1994     0.1807   0    0.1782    0.1832    0.1794    0.1820    0.1807
    4   1995     0.2118   0    0.2089    0.2148    0.2103    0.2133    0.2118
    5   1996     0.2442   0    0.2409    0.2475    0.2425    0.2459    0.2442
    6   1997     0.2787   0    0.2750    0.2825    0.2768    0.2807    0.2787
    7   1998     0.2013   0    0.1986    0.2040    0.1999    0.2027    0.2013
    8   1999     0.2094   0    0.2067    0.2122    0.2080    0.2108    0.2094
    9   2000     0.2499   0    0.2467    0.2532    0.2482    0.2516    0.2499
   10   2001     0.2595   0    0.2560    0.2630    0.2577    0.2613    0.2595
   11   2002     0.2271   0    0.2237    0.2306    0.2254    0.2289    0.2271
 
 Separable Model: Selection (S) by age                                          
  
   12      0     0.0348   3    0.0326    0.0372    0.0336    0.0360    0.0348
   13      1     0.1317   0    0.1298    0.1336    0.1308    0.1327    0.1317
   14      2     0.2915   0    0.2877    0.2954    0.2895    0.2935    0.2915
   15      3     0.5751   0    0.5679    0.5823    0.5714    0.5788    0.5751
   16      4     0.8792   0    0.8689    0.8896    0.8739    0.8845    0.8792
           5     1.0000     Fixed : Reference Age             
   17      6     1.1309   0    1.1186    1.1433    1.1246    1.1372    1.1309
   18      7     1.2956   0    1.2816    1.3098    1.2884    1.3028    1.2956
           8     1.2000     Fixed : Last true age             
 
 Separable model: Populations in year 2002                                    
   19      0     498735  11     400839    620540    446120    557555    501844
   20      1     434423   1     419464    449916    426725    442260    434493
   21      2      75011   1      73145     76924     74053     75981     75017
   22      3     199254   0     195505    203074    197332    201194    199263
   23      4      92371   0      90810     93959     91571     93178     92374
   24      5     156287   0     154168    158436    155202    157380    156291
   25      6      88223   0      87052     89409     87623     88826     88225
   26      7      29938   0      29520     30361     29724     30153     29938
   27      8      63624   0      62820     64438     63213     64038     63626
 
Separable model: Populations at age
   28   1992      69040   1      66968     71175     67975     70121     69048
   29   1993      42239   1      41260     43241     41737     42747     42242
   30   1994      20497   1      20087     20915     20287     20709     20498
   31   1995      21769   0      21374     22170     21567     21972     21769
   32   1996      48143   0      47398     48900     47761     48528     48145
   33   1997      54116   0      53359     54885     53728     54507     54118
   34   1998      32219   0      31754     32691     31981     32459     32220
   35   1999      15304   0      15088     15522     15193     15415     15304
   36   2000      52441   0      51777     53113     52101     52782     52442
   37   2001      44450   0      43869     45038     44153     44749     44451
 
 SSB Index catchabilities                                                       
  
   INDEX                                 
 Absolute estimator. No fitted catchability.                                    
  
 
 
 
 Age-structured index catchabilities                                            
  
                                        FLT01: Dummy survey                     
 
 Linear model fitted. Slopes at age :                                           
  
   38   1  Q  .1925      22 .1552     .3745     .1925     .3018     .2472    
   39   2  Q  1.020      22 .8222     1.984     1.020     1.599     1.310    
   40   3  Q  1.664      22 1.341     3.236     1.664     2.608     2.137    
   41   4  Q  1.037      22 .8359     2.017     1.037     1.626     1.332    
   42   5  Q  .9179      22 .7398     1.785     .9179     1.439     1.179    
   43   6  Q  1.051      22 .8473     2.044     1.051     1.648     1.350    
   44   7  Q  1.158      22 .9330     2.251     1.158     1.814     1.486    
   45   8  Q  2.383      22 1.920     4.633     2.383     3.734     3.059    
   46   9  Q  .8226      22 .6629     1.600     .8226     1.289     1.056    
 
 
 
 RESIDUALS ABOUT THE MODEL FIT                                                  
  
 ------------------------------
 
        Separable Model Residuals
        -------------------------
------+----------------------------------------------------------------------------------------
Age   |    1992    1993    1994    1995    1996    1997    1998    1999    2000    2001    2002
------+----------------------------------------------------------------------------------------
  0   | ******* ******* ******* ******* ******* ******* ******* ******* ******* ******* *******
  1   | ******* ******* ******* ******* ******* ******* ******* ******* ******* ******* *******
  2   | ******* ******* ******* ******* ******* ******* ******* ******* ******* ******* *******
  3   | ******* ******* ******* ******* ******* ******* ******* ******* ******* ******* *******
  4   | ******* ******* ******* ******* ******* ******* ******* ******* ******* ******* *******
  5   | ******* ******* ******* ******* ******* ******* ******* ******* ******* ******* *******
  6   | ******* ******* ******* ******* ******* ******* ******* ******* ******* ******* *******
  7   | ******* ******* ******* ******* ******* ******* ******* ******* ******* ******* *******
  8   | ******* ******* ******* ******* ******* ******* ******* ******* ******* ******* *******
------+----------------------------------------------------------------------------------------
                                               
 
 
 
 SPAWNING BIOMASS INDEX RESIDUALS                                               
  
 ---------------------------------
 
          INDEX
        -------
------+------------------------------------------------------------------------------------------------------------------------
      |    1972    1973    1974    1975    1976    1977    1978    1979    1980    1981    1982    1983    1984    1985    1986
------+------------------------------------------------------------------------------------------------------------------------
  1   | ******* ******* ******* ******* ******* ******* ******* ******* ******* ******* ******* ******* ******* ******* *******
------+------------------------------------------------------------------------------------------------------------------------
                                               
 
 
          INDEX
        -------
------+------------------------------------------------------------------------------------------------------------------------
      |    1987    1988    1989    1990    1991    1992    1993    1994    1995    1996    1997    1998    1999    2000    2001
------+------------------------------------------------------------------------------------------------------------------------
  1   | ******* ******* ******* ******* ******* ******* ******* ******* ******* ******* ******* ******* ******* ******* *******
------+------------------------------------------------------------------------------------------------------------------------
                                               
 
 
          INDEX
        -------
------+--------
      |    2002
------+--------
  1   | *******
------+--------
                                               
 
 
 
 AGE-STRUCTURED INDEX RESIDUALS                                                 
  
 -------------------------------
 
        FLT01: Dummy survey
        -------------------
------+--------------------------------
Age   |    1981    1982    1983    1984
------+--------------------------------
  1   |   1.370   0.596  -0.341  -1.624
  2   |   0.421   0.400   0.392  -1.213
  3   |  -0.414   0.146   0.196   0.071
  4   |  -1.749   0.194   0.750   0.806
  5   |   0.392  -1.485   0.362   0.731
  6   |   0.705   0.433  -1.400   0.262
  7   |   0.255   0.691   0.395  -1.341
  8   |   0.626  -0.159   0.006  -0.472
  9   |  -0.482   0.625  -0.020  -0.122
------+--------------------------------
                                               
 
 
 
 
 
 
 PARAMETERS OF THE DISTRIBUTION OF ln(CATCHES AT AGE)                           
  
 -----------------------------------------------------
 
 Separable model fitted from 1992  to 2002                                    
 Variance                             0.0000
Skewness test stat.                  -1.2187
Kurtosis test statistic               1.9626
Partial chi-square                    0.0000
Significance in fit                   0.0000
Degrees of freedom                        62
 
 
 PARAMETERS OF DISTRIBUTIONS OF THE SSB INDICES                                 
  
 -----------------------------------------------
 
 
   DISTRIBUTION STATISTICS FOR   INDEX                                          
 
 
 Index used as absolute measure of abundance                                    
  
 Last age is a plus-group                                                       
  
 
 Variance                             0.0000
Skewness test stat.                   0.0877
Kurtosis test statistic              -0.9898
Partial chi-square                    0.0000
Significance in fit                   0.0000
Number of observations                    15
Degrees of freedom                        15
Weight in the analysis                5.0000
 
 PARAMETERS OF THE DISTRIBUTION OF THE AGE-STRUCTURED INDICES                   
  
 ------------------------------------------------------------ 
 
 
   DISTRIBUTION STATISTICS FOR FLT01: Dummy survey                              
 
 
 Linear catchability relationship assumed                                       
  
 
 Age                          1         2         3         4         5         6         7         8         9
 Variance                0.0018    0.0007    0.0001    0.0016    0.0011    0.0010    0.0009    0.0002    0.0002
Skewness test stat.     -0.2265   -0.9421   -0.8498   -0.8035   -0.8619   -0.8385   -0.8292    0.4317    0.4152
Kurtosis test statisti  -0.5271   -0.2724   -0.3095   -0.3362   -0.2983   -0.3089   -0.3104   -0.4130   -0.3963
Partial chi-square       0.0005    0.0002    0.0000    0.0004    0.0003    0.0003    0.0003    0.0001    0.0001
Significance in fit      0.0000    0.0000    0.0000    0.0000    0.0000    0.0000    0.0000    0.0000    0.0000
Number of observations        4         4         4         4         4         4         4         4         4
Degrees of freedom            3         3         3         3         3         3         3         3         3
Weight in the analysis   0.0011    0.0011    0.0011    0.0011    0.0011    0.0011    0.0011    0.0011    0.0011
 
 ANALYSIS OF VARIANCE                   
--------------------------
 
 Unweighted Statistics                                                          
  
 
                                                                                
  
Variance                              
                                       SSQ     Data    Parameters d.f. Variance
Total for model                        21.0045     150         46  104   0.2020
Catches at age                          0.0000      99         37   62   0.0000
  
SSB Indices                           
  INDEX                                 0.0000      15          0   15   0.0000
  
 Aged Indices                                                                   
  
FLT01: Dummy survey                    21.0045      36          9   27   0.7779
 
 
 Weighted Statistics                                                            
  
 
                                                                                
  
Variance                              
                                       SSQ     Data    Parameters d.f. Variance
Total for model                         0.0000     150         46  104   0.0000
Catches at age                          0.0000      99         37   62   0.0000
  
SSB Indices                           
  INDEX                                 0.0000      15          0   15   0.0000
  
 Aged Indices                                                                   
  
FLT01: Dummy survey                     0.0000      36          9   27   0.0000
 
