 Output Generated by ICA Version 1.4                                            
  
 ------------------------------------
 
        Mackerel NE Atlantic  WG2003
        ----------------------------
 
        Catch in Number
        ---------------
------+------------------------------------------------------------------------------------------------------------------------
AGE   |    1972    1973    1974    1975    1976    1977    1978    1979    1980    1981    1982    1983    1984    1985    1986
------+------------------------------------------------------------------------------------------------------------------------
  0   |   3193.   2586.   4977.   4400.   4410.   4090.   2107.   1581.   3440.   2953.   3307.   3255.   2603.   4538.   1094.
  1   |  17460.   6917.   8752.  21282.  12114.  14255.   9101.   8861.   4951.  14089.   7322.   9259.  10331.  11729.  11225.
  2   |  22599.  21482.  13345.  21212.  33189.  22217.  18096.  21831.  15794.  11489.  19819.  11692.  16786.  26440.  16491.
  3   |  49029.  23570.  35353.  27308.  27908.  51493.  24090.  37046.  33087.  30920.  13679.  27024.  18145.  36409.  31556.
  4   |  42541.  36920.  28356.  52285.  25830.  31295.  40759.  36131.  40842.  46752.  26557.  13632.  30785.  28593.  31473.
  5   |  40431.  22505.  31665.  29730.  34730.  20465.  17565.  43745.  28271.  40854.  28236.  18829.  11099.  34538.  17436.
  6   |  19649.  20628.  18718.  32041.  19012.  26553.  11131.  18300.  33122.  27276.  23788.  19412.  14892.  12044.  20340.
  7   |  25257.   9804.  16879.  18525.  19994.  14220.  14202.  11420.  13599.  31236.  15525.  16089.  15137.  15848.   6948.
  8   |  11462.  10018.   6435.  13426.   9216.  11966.   6065.  11724.   6794.  10299.  14160.   8401.  10062.  12962.   7287.
  9   |  16532.  11189.  14167.  17240.  15432.  15019.  11547.  14996.  16055.  17532.  12479.  14876.  14608.  21976.  16613.
------+------------------------------------------------------------------------------------------------------------------------
       x 10 ^ 3                                
 
 
        Catch in Number
        ---------------
------+------------------------------------------------------------------------------------------------------------------------
AGE   |    1987    1988    1989    1990    1991    1992    1993    1994    1995    1996    1997    1998    1999    2000    2001
------+------------------------------------------------------------------------------------------------------------------------
  0   |   1094.   1550.   6712.   2888.   3736.   4854.   1386.   3813.   2912.   2038.   1910.   1470.   6688.   3279.    880.
  1   |   3507.   3855.   6189.  11770.  16130.  11473.  15471.   3485.  14050.   7096.   5651.  10913.   4783.  16382.  12808.
  2   |  20512.   7031.   8715.   6186.  37390.  28033.  20705.  22121.   7303.  19530.  11273.  18358.  20063.   6649.  36294.
  3   |  25705.  34987.  13400.   7434.  16691.  54743.  42656.  25144.  39396.   8669.  26702.  31084.  28339.  23608.  12458.
  4   |  35943.  31947.  48065.   8315.  14635.  17553.  59924.  37554.  32591.  34144.   8756.  53679.  34337.  24058.  32013.
  5   |  25535.  31784.  31030.  21039.  11713.  10817.  13526.  37250.  34620.  20051.  24738.  12593.  41589.  20496.  23123.
  6   |  13716.  21867.  29759.  13142.  28719.   8332.   8027.   8124.  33239.  20643.  14151.  34468.   9375.  23934.  19023.
  7   |  15739.  11537.  19999.  12375.  17626.  19924.   6035.   4724.   7116.  19491.  14411.  19367.  24979.   5274.  21743.
  8   |   4309.  10620.   8468.   6605.  13399.   9766.  11535.   2832.   3321.   3332.  10908.  15925.  11213.  11190.   3846.
  9   |  14357.  12399.  16564.   8113.  16097.  17230.  15705.  13275.  11174.   6378.   5160.  17615.  20743.  15291.  20470.
------+------------------------------------------------------------------------------------------------------------------------
       x 10 ^ 3                                
 
 
        Catch in Number
        ---------------
------+--------
AGE   |    2002
------+--------
  0   |   2175.
  1   |   1876.
  2   |  15550.
  3   |  37553.
  4   |   9376.
  5   |  17027.
  6   |  11899.
  7   |   9609.
  8   |   8745.
  9   |   9273.
------+--------
       x 10 ^ 3                                
 
 
 
        Predicted Catch in Number
        -------------------------
------+----------------------------------------------------------------------------------------
AGE   |    1992    1993    1994    1995    1996    1997    1998    1999    2000    2001    2002
------+----------------------------------------------------------------------------------------
  0   |   4854.   1386.   3813.   2912.   2038.   1909.   1470.   6689.   3279.    880.   2175.
  1   |  11473.  15470.   3484.  14050.   7097.   5651.  10911.   4783.  16386.  12805.   1876.
  2   |  28032.  20704.  22119.   7302.  19530.  11274.  18359.  20059.   6649.  36305.  15549.
  3   |  54742.  42651.  25143.  39392.   8667.  26702.  31085.  28339.  23605.  12459.  37570.
  4   |  17555.  59924.  37551.  32591.  34143.   8755.  53683.  34341.  24062.  32012.   9379.
  5   |  10817.  13526.  37249.  34618.  20051.  24737.  12591.  41591.  20500.  23127.  17028.
  6   |   8331.   8026.   8123.  33235.  20639.  14150.  34464.   9373.  23935.  19024.  11901.
  7   |  19919.   6034.   4723.   7115.  19489.  14408.  19365.  24975.   5273.  21743.   9611.
  8   |   9764.  11536.   2833.   3322.   3332.  10910.  15927.  11215.  11193.   3846.   8750.
------+----------------------------------------------------------------------------------------
       x 10 ^ 3                                
 
 
 
        Weights at age in the catches (Kg)
        ----------------------------------
------+------------------------------------------------------------------------------------------------------------------------
AGE   |    1972    1973    1974    1975    1976    1977    1978    1979    1980    1981    1982    1983    1984    1985    1986
------+------------------------------------------------------------------------------------------------------------------------
  0   | 0.05200 0.05000 0.05100 0.05000 0.05900 0.05600 0.03600 0.01600 0.05700 0.06000 0.05300 0.05000 0.03100 0.05500 0.03900
  1   | 0.13500 0.14500 0.13600 0.14800 0.13700 0.13600 0.13500 0.13700 0.13100 0.13200 0.13100 0.16800 0.10200 0.14400 0.14600
  2   | 0.27700 0.19400 0.22900 0.17700 0.20700 0.16900 0.16100 0.16100 0.24900 0.24800 0.24900 0.21900 0.18400 0.26200 0.24500
  3   | 0.34100 0.28500 0.26100 0.25900 0.26300 0.27500 0.25000 0.24300 0.28500 0.28700 0.28500 0.27600 0.29500 0.35700 0.33500
  4   | 0.42300 0.36800 0.33400 0.32300 0.32000 0.33300 0.32500 0.31800 0.34500 0.34400 0.34500 0.31000 0.32600 0.41800 0.42300
  5   | 0.46800 0.44800 0.39200 0.34800 0.34600 0.35200 0.34500 0.34800 0.37800 0.37700 0.37800 0.38600 0.34400 0.41700 0.47100
  6   | 0.46800 0.46800 0.48100 0.43000 0.40600 0.40700 0.40300 0.40100 0.45400 0.45400 0.45400 0.42500 0.43100 0.43600 0.44400
  7   | 0.50800 0.50800 0.50800 0.48800 0.44300 0.44600 0.42100 0.41600 0.49800 0.49900 0.49600 0.43500 0.54200 0.52100 0.45700
  8   | 0.53900 0.53900 0.53900 0.53900 0.51800 0.54600 0.51800 0.50600 0.52000 0.51300 0.51300 0.49800 0.48000 0.55500 0.54300
  9   | 0.59983 0.59898 0.59463 0.60501 0.59999 0.58810 0.56182 0.54313 0.56268 0.56558 0.56141 0.57292 0.60869 0.62041 0.61221
------+------------------------------------------------------------------------------------------------------------------------
                                               
 
 
        Weights at age in the catches (Kg)
        ----------------------------------
------+------------------------------------------------------------------------------------------------------------------------
AGE   |    1987    1988    1989    1990    1991    1992    1993    1994    1995    1996    1997    1998    1999    2000    2001
------+------------------------------------------------------------------------------------------------------------------------
  0   | 0.07600 0.05500 0.04900 0.08500 0.06800 0.05100 0.06100 0.04600 0.07200 0.05800 0.07600 0.06500 0.06200 0.06300 0.06900
  1   | 0.17900 0.13300 0.13600 0.15600 0.15600 0.16700 0.13400 0.13600 0.14300 0.14300 0.14300 0.15700 0.17600 0.13500 0.17100
  2   | 0.22300 0.25900 0.23700 0.23300 0.25300 0.23900 0.24000 0.25500 0.23400 0.22600 0.23000 0.22700 0.23600 0.22900 0.22300
  3   | 0.31800 0.32300 0.32000 0.33600 0.32700 0.33300 0.31700 0.33900 0.33300 0.31300 0.29500 0.31000 0.30700 0.30800 0.30700
  4   | 0.39900 0.38800 0.37700 0.37900 0.39400 0.39700 0.37600 0.39000 0.39000 0.37700 0.35900 0.35400 0.36100 0.36700 0.37800
  5   | 0.47400 0.45600 0.43300 0.42300 0.42300 0.46000 0.43600 0.44800 0.45200 0.42500 0.41500 0.40800 0.40600 0.42900 0.42600
  6   | 0.51200 0.52400 0.45600 0.46700 0.46900 0.49500 0.48300 0.51200 0.50100 0.48400 0.45300 0.45200 0.45400 0.46700 0.47700
  7   | 0.49300 0.55500 0.54300 0.52800 0.50600 0.53200 0.52700 0.54300 0.53900 0.51800 0.48100 0.46200 0.50100 0.50400 0.49900
  8   | 0.49800 0.55500 0.59200 0.55200 0.55400 0.55500 0.54800 0.59000 0.57700 0.55100 0.52400 0.51800 0.53700 0.53700 0.54300
  9   | 0.62632 0.61877 0.61605 0.61817 0.62938 0.62936 0.60758 0.62746 0.62108 0.60767 0.58558 0.55983 0.58372 0.58695 0.60594
------+------------------------------------------------------------------------------------------------------------------------
                                               
 
 
        Weights at age in the catches (Kg)
        ----------------------------------
------+--------
AGE   |    2002
------+--------
  0   | 0.05200
  1   | 0.15900
  2   | 0.25500
  3   | 0.30700
  4   | 0.36900
  5   | 0.42600
  6   | 0.46400
  7   | 0.51400
  8   | 0.53900
  9   | 0.61814
------+--------
                                               
 
 
 
        Weights at age in the stock (Kg)
        --------------------------------
------+------------------------------------------------------------------------------------------------------------------------
AGE   |    1972    1973    1974    1975    1976    1977    1978    1979    1980    1981    1982    1983    1984    1985    1986
------+------------------------------------------------------------------------------------------------------------------------
  0   | 0.00800 0.00800 0.00800 0.00800 0.00800 0.00800 0.00800 0.00800 0.00800 0.00800 0.00800 0.00800 0.00000 0.00000 0.00000
  1   | 0.13200 0.13200 0.13000 0.12900 0.12800 0.12700 0.11100 0.11000 0.10900 0.08700 0.08600 0.08600 0.08100 0.08500 0.07700
  2   | 0.17800 0.17700 0.17300 0.17100 0.17000 0.16700 0.17500 0.17400 0.17300 0.18600 0.13500 0.17200 0.19400 0.16500 0.17900
  3   | 0.24300 0.24200 0.23800 0.23600 0.23600 0.23300 0.23800 0.23700 0.23600 0.25200 0.22100 0.23500 0.25300 0.29300 0.26700
  4   | 0.41100 0.30100 0.29600 0.29400 0.29300 0.28900 0.30000 0.29900 0.29700 0.31300 0.28000 0.28000 0.29500 0.30600 0.30400
  5   | 0.35500 0.43800 0.32200 0.31800 0.31800 0.31300 0.34600 0.34500 0.34300 0.32300 0.38500 0.33900 0.32400 0.34100 0.35600
  6   | 0.39800 0.39800 0.46900 0.36500 0.36500 0.36100 0.38200 0.38000 0.37900 0.37800 0.35300 0.37700 0.39300 0.38400 0.35100
  7   | 0.43300 0.43300 0.43300 0.49700 0.41900 0.41600 0.41000 0.40800 0.40700 0.41900 0.40800 0.40400 0.43600 0.43000 0.41600
  8   | 0.45900 0.45900 0.45900 0.45900 0.51200 0.44600 0.43200 0.43000 0.42900 0.43400 0.43700 0.43900 0.44100 0.45900 0.47300
  9   | 0.51419 0.51277 0.50946 0.51928 0.51465 0.53372 0.49426 0.49552 0.47946 0.47179 0.48366 0.51011 0.50482 0.52915 0.48012
------+------------------------------------------------------------------------------------------------------------------------
                                               
 
 
        Weights at age in the stock (Kg)
        --------------------------------
------+------------------------------------------------------------------------------------------------------------------------
AGE   |    1987    1988    1989    1990    1991    1992    1993    1994    1995    1996    1997    1998    1999    2000    2001
------+------------------------------------------------------------------------------------------------------------------------
  0   | 0.00000 0.00000 0.00000 0.00000 0.00000 0.00000 0.00000 0.00000 0.00000 0.00000 0.00000 0.00000 0.00000 0.00000 0.00000
  1   | 0.07800 0.07200 0.07600 0.07400 0.07500 0.07800 0.07800 0.07900 0.08100 0.07600 0.07600 0.07700 0.08100 0.07400 0.07800
  2   | 0.14800 0.15600 0.17700 0.13800 0.15500 0.21200 0.19700 0.17800 0.16400 0.13300 0.18600 0.14900 0.19400 0.18500 0.16400
  3   | 0.24000 0.23700 0.24400 0.22200 0.23000 0.25900 0.26800 0.23700 0.26700 0.25100 0.22800 0.22300 0.24200 0.23500 0.24100
  4   | 0.28600 0.30100 0.30600 0.28700 0.30700 0.31000 0.31500 0.30100 0.32600 0.31700 0.29600 0.28500 0.30100 0.28900 0.34200
  5   | 0.37400 0.32900 0.35200 0.33900 0.35700 0.36200 0.36000 0.36100 0.39800 0.36600 0.36100 0.34200 0.35300 0.35000 0.39000
  6   | 0.38600 0.42300 0.38000 0.37300 0.40900 0.40200 0.41600 0.41300 0.44800 0.44400 0.40200 0.40000 0.39600 0.39000 0.44600
  7   | 0.41100 0.44500 0.42900 0.41400 0.43200 0.42400 0.45400 0.46600 0.49100 0.46200 0.44500 0.42600 0.42300 0.42600 0.45900
  8   | 0.42900 0.43200 0.47400 0.40900 0.50200 0.46200 0.46500 0.47000 0.50800 0.50100 0.47800 0.46600 0.44000 0.44700 0.49900
  9   | 0.49304 0.54328 0.48937 0.48789 0.55580 0.51709 0.52027 0.53558 0.56576 0.59623 0.54243 0.51368 0.49176 0.50273 0.56234
------+------------------------------------------------------------------------------------------------------------------------
                                               
 
 
        Weights at age in the stock (Kg)
        --------------------------------
------+--------
AGE   |    2002
------+--------
  0   | 0.00000
  1   | 0.07800
  2   | 0.18100
  3   | 0.23900
  4   | 0.31100
  5   | 0.36400
  6   | 0.41100
  7   | 0.43600
  8   | 0.46200
  9   | 0.52831
------+--------
                                               
 
 
 
        Natural Mortality (per year)
        ----------------------------
------+------------------------------------------------------------------------------------------------------------------------
AGE   |    1972    1973    1974    1975    1976    1977    1978    1979    1980    1981    1982    1983    1984    1985    1986
------+------------------------------------------------------------------------------------------------------------------------
  0   | 0.15000 0.15000 0.15000 0.15000 0.15000 0.15000 0.15000 0.15000 0.15000 0.15000 0.15000 0.15000 0.15000 0.15000 0.15000
  1   | 0.15000 0.15000 0.15000 0.15000 0.15000 0.15000 0.15000 0.15000 0.15000 0.15000 0.15000 0.15000 0.15000 0.15000 0.15000
  2   | 0.15000 0.15000 0.15000 0.15000 0.15000 0.15000 0.15000 0.15000 0.15000 0.15000 0.15000 0.15000 0.15000 0.15000 0.15000
  3   | 0.15000 0.15000 0.15000 0.15000 0.15000 0.15000 0.15000 0.15000 0.15000 0.15000 0.15000 0.15000 0.15000 0.15000 0.15000
  4   | 0.15000 0.15000 0.15000 0.15000 0.15000 0.15000 0.15000 0.15000 0.15000 0.15000 0.15000 0.15000 0.15000 0.15000 0.15000
  5   | 0.15000 0.15000 0.15000 0.15000 0.15000 0.15000 0.15000 0.15000 0.15000 0.15000 0.15000 0.15000 0.15000 0.15000 0.15000
  6   | 0.15000 0.15000 0.15000 0.15000 0.15000 0.15000 0.15000 0.15000 0.15000 0.15000 0.15000 0.15000 0.15000 0.15000 0.15000
  7   | 0.15000 0.15000 0.15000 0.15000 0.15000 0.15000 0.15000 0.15000 0.15000 0.15000 0.15000 0.15000 0.15000 0.15000 0.15000
  8   | 0.15000 0.15000 0.15000 0.15000 0.15000 0.15000 0.15000 0.15000 0.15000 0.15000 0.15000 0.15000 0.15000 0.15000 0.15000
  9   | 0.15000 0.15000 0.15000 0.15000 0.15000 0.15000 0.15000 0.15000 0.15000 0.15000 0.15000 0.15000 0.15000 0.15000 0.15000
------+------------------------------------------------------------------------------------------------------------------------
                                               
 
 
        Natural Mortality (per year)
        ----------------------------
------+------------------------------------------------------------------------------------------------------------------------
AGE   |    1987    1988    1989    1990    1991    1992    1993    1994    1995    1996    1997    1998    1999    2000    2001
------+------------------------------------------------------------------------------------------------------------------------
  0   | 0.15000 0.15000 0.15000 0.15000 0.15000 0.15000 0.15000 0.15000 0.15000 0.15000 0.15000 0.15000 0.15000 0.15000 0.15000
  1   | 0.15000 0.15000 0.15000 0.15000 0.15000 0.15000 0.15000 0.15000 0.15000 0.15000 0.15000 0.15000 0.15000 0.15000 0.15000
  2   | 0.15000 0.15000 0.15000 0.15000 0.15000 0.15000 0.15000 0.15000 0.15000 0.15000 0.15000 0.15000 0.15000 0.15000 0.15000
  3   | 0.15000 0.15000 0.15000 0.15000 0.15000 0.15000 0.15000 0.15000 0.15000 0.15000 0.15000 0.15000 0.15000 0.15000 0.15000
  4   | 0.15000 0.15000 0.15000 0.15000 0.15000 0.15000 0.15000 0.15000 0.15000 0.15000 0.15000 0.15000 0.15000 0.15000 0.15000
  5   | 0.15000 0.15000 0.15000 0.15000 0.15000 0.15000 0.15000 0.15000 0.15000 0.15000 0.15000 0.15000 0.15000 0.15000 0.15000
  6   | 0.15000 0.15000 0.15000 0.15000 0.15000 0.15000 0.15000 0.15000 0.15000 0.15000 0.15000 0.15000 0.15000 0.15000 0.15000
  7   | 0.15000 0.15000 0.15000 0.15000 0.15000 0.15000 0.15000 0.15000 0.15000 0.15000 0.15000 0.15000 0.15000 0.15000 0.15000
  8   | 0.15000 0.15000 0.15000 0.15000 0.15000 0.15000 0.15000 0.15000 0.15000 0.15000 0.15000 0.15000 0.15000 0.15000 0.15000
  9   | 0.15000 0.15000 0.15000 0.15000 0.15000 0.15000 0.15000 0.15000 0.15000 0.15000 0.15000 0.15000 0.15000 0.15000 0.15000
------+------------------------------------------------------------------------------------------------------------------------
                                               
 
 
        Natural Mortality (per year)
        ----------------------------
------+--------
AGE   |    2002
------+--------
  0   | 0.15000
  1   | 0.15000
  2   | 0.15000
  3   | 0.15000
  4   | 0.15000
  5   | 0.15000
  6   | 0.15000
  7   | 0.15000
  8   | 0.15000
  9   | 0.15000
------+--------
                                               
 
 
 
        Proportion of fish spawning
        ---------------------------
------+------------------------------------------------------------------------------------------------------------------------
AGE   |    1972    1973    1974    1975    1976    1977    1978    1979    1980    1981    1982    1983    1984    1985    1986
------+------------------------------------------------------------------------------------------------------------------------
  0   |  0.0000  0.0000  0.0000  0.0000  0.0000  0.0000  0.0000  0.0000  0.0000  0.0000  0.0000  0.0000  0.0000  0.0000  0.0000
  1   |  0.0500  0.0500  0.0500  0.0600  0.0600  0.0600  0.0600  0.0600  0.0600  0.0700  0.0700  0.0700  0.0700  0.0700  0.0700
  2   |  0.5300  0.5400  0.5400  0.5500  0.5500  0.5500  0.5600  0.5600  0.5700  0.5700  0.5700  0.5800  0.5800  0.5800  0.5800
  3   |  0.9000  0.9000  0.9000  0.8900  0.8900  0.8900  0.8900  0.8900  0.8900  0.8800  0.8800  0.8800  0.8800  0.8800  0.8800
  4   |  0.9800  0.9800  0.9800  0.9800  0.9800  0.9800  0.9800  0.9800  0.9800  0.9800  0.9800  0.9800  0.9700  0.9700  0.9700
  5   |  0.9800  0.9800  0.9800  0.9800  0.9800  0.9800  0.9800  0.9800  0.9800  0.9800  0.9800  0.9800  0.9700  0.9700  0.9700
  6   |  0.9900  0.9900  0.9900  0.9900  0.9900  0.9900  0.9900  0.9900  0.9900  0.9900  0.9900  0.9900  0.9900  0.9900  0.9900
  7   |  1.0000  1.0000  1.0000  1.0000  1.0000  1.0000  1.0000  1.0000  1.0000  1.0000  1.0000  1.0000  1.0000  1.0000  1.0000
  8   |  1.0000  1.0000  1.0000  1.0000  1.0000  1.0000  1.0000  1.0000  1.0000  1.0000  1.0000  1.0000  1.0000  1.0000  1.0000
  9   |  1.0000  1.0000  1.0000  1.0000  1.0000  1.0000  1.0000  1.0000  1.0000  1.0000  1.0000  1.0000  1.0000  1.0000  1.0000
------+------------------------------------------------------------------------------------------------------------------------
                                               
 
 
        Proportion of fish spawning
        ---------------------------
------+------------------------------------------------------------------------------------------------------------------------
AGE   |    1987    1988    1989    1990    1991    1992    1993    1994    1995    1996    1997    1998    1999    2000    2001
------+------------------------------------------------------------------------------------------------------------------------
  0   |  0.0000  0.0000  0.0000  0.0000  0.0000  0.0000  0.0000  0.0000  0.0000  0.0000  0.0000  0.0000  0.0000  0.0000  0.0000
  1   |  0.0700  0.0700  0.0700  0.0700  0.0700  0.0700  0.0700  0.0700  0.0700  0.0700  0.0700  0.0700  0.0700  0.0700  0.0700
  2   |  0.5800  0.5800  0.5800  0.5800  0.5800  0.5800  0.5800  0.5800  0.5800  0.5800  0.5800  0.5800  0.5800  0.5800  0.5900
  3   |  0.8800  0.8800  0.8800  0.8800  0.8800  0.8800  0.8800  0.8800  0.8800  0.8800  0.8800  0.8600  0.8600  0.8600  0.8800
  4   |  0.9700  0.9700  0.9700  0.9700  0.9700  0.9700  0.9700  0.9700  0.9700  0.9700  0.9700  0.9800  0.9800  0.9800  0.9700
  5   |  0.9700  0.9700  0.9700  0.9700  0.9700  0.9700  0.9700  0.9700  0.9700  0.9700  0.9700  0.9800  0.9800  0.9800  0.9700
  6   |  0.9900  0.9900  0.9900  0.9900  0.9900  0.9900  0.9900  0.9900  0.9900  0.9900  0.9900  0.9900  0.9900  0.9900  0.9900
  7   |  1.0000  1.0000  1.0000  1.0000  1.0000  1.0000  1.0000  1.0000  1.0000  1.0000  1.0000  1.0000  1.0000  1.0000  1.0000
  8   |  1.0000  1.0000  1.0000  1.0000  1.0000  1.0000  1.0000  1.0000  1.0000  1.0000  1.0000  1.0000  1.0000  1.0000  1.0000
  9   |  1.0000  1.0000  1.0000  1.0000  1.0000  1.0000  1.0000  1.0000  1.0000  1.0000  1.0000  1.0000  1.0000  1.0000  1.0000
------+------------------------------------------------------------------------------------------------------------------------
                                               
 
 
        Proportion of fish spawning
        ---------------------------
------+--------
AGE   |    2002
------+--------
  0   |  0.0000
  1   |  0.0700
  2   |  0.5900
  3   |  0.8800
  4   |  0.9700
  5   |  0.9700
  6   |  0.9900
  7   |  1.0000
  8   |  1.0000
  9   |  1.0000
------+--------
                                               
 
 
 
 INDICES OF SPAWNING BIOMASS                                                    
  
 ----------------------------
 
          INDEX
        -------
------+------------------------------------------------------------------------------------------------------------------------
      |    1972    1973    1974    1975    1976    1977    1978    1979    1980    1981    1982    1983    1984    1985    1986
------+------------------------------------------------------------------------------------------------------------------------
  1   | ******* ******* ******* ******* ******* ******* ******* ******* ******* ******* ******* ******* ******* ******* *******
------+------------------------------------------------------------------------------------------------------------------------
       x 10 ^ 3                                
 
 
          INDEX
        -------
------+------------------------------------------------------------------------------------------------------------------------
      |    1987    1988    1989    1990    1991    1992    1993    1994    1995    1996    1997    1998    1999    2000    2001
------+------------------------------------------------------------------------------------------------------------------------
  1   | *******  266.72  230.67  190.06  219.44  260.27  275.55  278.81  297.66  277.96  284.18  266.58  255.00  227.12  256.47
------+------------------------------------------------------------------------------------------------------------------------
       x 10 ^ 3                                
 
 
          INDEX
        -------
------+--------
      |    2002
------+--------
  1   |  260.62
------+--------
       x 10 ^ 3                                
 
 
 
 AGE-STRUCTURED INDICES                                                         
  
 -----------------------
 
        FLT01: Dummy survey
        -------------------
------+--------------------------------
AGE   |    1981    1982    1983    1984
------+--------------------------------
  1   |  266.10  203.00   43.60   15.24
  2   |  506.40  435.90  712.70   79.51
  3   |  225.10  483.60  444.60  661.83
  4   |   31.70  184.10  391.60  374.60
  5   |  174.80   24.70  130.40  238.20
  6   |  158.50  136.60   20.20   92.00
  7   |   99.50  108.60   91.30   15.54
  8   |  116.60   84.50   70.90   51.47
  9   |   35.30   87.00   47.10   39.27
------+--------------------------------
       x 10 ^ 3                                
 
 
 
        Fishing Mortality (per year)
        ----------------------------
------+------------------------------------------------------------------------------------------------------------------------
AGE   |    1972    1973    1974    1975    1976    1977    1978    1979    1980    1981    1982    1983    1984    1985    1986
------+------------------------------------------------------------------------------------------------------------------------
  0   | 0.00980 0.00663 0.00699 0.00935 0.00804 0.00810 0.00559 0.00730 0.00710 0.00909 0.00701 0.00608 0.00560 0.00796 0.00619
  1   | 0.03714 0.02510 0.02648 0.03545 0.03050 0.03078 0.02124 0.02776 0.02701 0.03451 0.02665 0.02316 0.02275 0.02984 0.02324
  2   | 0.08227 0.05560 0.05865 0.07851 0.06760 0.06824 0.04718 0.06165 0.06005 0.07664 0.05908 0.05139 0.05059 0.07082 0.05072
  3   | 0.16225 0.10968 0.11568 0.15482 0.13326 0.13463 0.09315 0.12195 0.11867 0.15153 0.11667 0.10132 0.09984 0.13997 0.10727
  4   | 0.24751 0.16736 0.17661 0.23623 0.20323 0.20525 0.14216 0.18623 0.18153 0.23139 0.17819 0.15457 0.15204 0.21314 0.16351
  5   | 0.28028 0.18963 0.20024 0.26792 0.23024 0.23239 0.16093 0.21112 0.20584 0.26279 0.20181 0.17516 0.17208 0.24055 0.18436
  6   | 0.31514 0.21309 0.22524 0.30152 0.25915 0.26123 0.18083 0.23718 0.23159 0.29561 0.22742 0.19677 0.19343 0.26978 0.20599
  7   | 0.35843 0.24201 0.25575 0.34258 0.29457 0.29700 0.20535 0.26920 0.26269 0.33570 0.25818 0.22399 0.21935 0.30582 0.23274
  8   | 0.32825 0.22188 0.23423 0.31352 0.26967 0.27214 0.18825 0.24656 0.24031 0.30678 0.23618 0.20497 0.20146 0.27951 0.21238
  9   | 0.32825 0.22188 0.23423 0.31352 0.26967 0.27214 0.18825 0.24656 0.24031 0.30678 0.23618 0.20497 0.20146 0.27951 0.21238
------+------------------------------------------------------------------------------------------------------------------------
                                               
 
 
        Fishing Mortality (per year)
        ----------------------------
------+------------------------------------------------------------------------------------------------------------------------
AGE   |    1987    1988    1989    1990    1991    1992    1993    1994    1995    1996    1997    1998    1999    2000    2001
------+------------------------------------------------------------------------------------------------------------------------
  0   | 0.00620 0.00685 0.00863 0.00478 0.00865 0.00887 0.00887 0.00696 0.00802 0.00610 0.00526 0.00941 0.00961 0.00736 0.00901
  1   | 0.02338 0.02577 0.03238 0.01781 0.03160 0.03358 0.03355 0.02635 0.03036 0.02307 0.01989 0.03560 0.03638 0.02787 0.03410
  2   | 0.05119 0.05666 0.07101 0.03897 0.06859 0.07432 0.07425 0.05833 0.06720 0.05106 0.04402 0.07878 0.08051 0.06168 0.07548
  3   | 0.09891 0.10982 0.13806 0.07572 0.13287 0.14663 0.14649 0.11507 0.13257 0.10072 0.08684 0.15543 0.15884 0.12169 0.14891
  4   | 0.16222 0.16252 0.20464 0.11292 0.19800 0.22417 0.22396 0.17593 0.20268 0.15399 0.13276 0.23762 0.24284 0.18604 0.22767
  5   | 0.18321 0.19951 0.22190 0.12285 0.21739 0.25496 0.25472 0.20009 0.23052 0.17514 0.15099 0.27026 0.27619 0.21159 0.25894
  6   | 0.20454 0.22308 0.27439 0.13055 0.23197 0.28829 0.28802 0.22625 0.26066 0.19804 0.17073 0.30559 0.31229 0.23925 0.29278
  7   | 0.23014 0.25060 0.30828 0.16575 0.24462 0.33023 0.32993 0.25917 0.29858 0.22685 0.19557 0.35005 0.35773 0.27406 0.33538
  8   | 0.20933 0.22673 0.27812 0.14945 0.25686 0.30595 0.30567 0.24011 0.27663 0.21017 0.18119 0.32431 0.33143 0.25391 0.31072
  9   | 0.20933 0.22673 0.27812 0.14945 0.25686 0.30595 0.30567 0.24011 0.27663 0.21017 0.18119 0.32431 0.33143 0.25391 0.31072
------+------------------------------------------------------------------------------------------------------------------------
                                               
 
 
        Fishing Mortality (per year)
        ----------------------------
------+--------
AGE   |    2002
------+--------
  0   | 0.00599
  1   | 0.02267
  2   | 0.05017
  3   | 0.09898
  4   | 0.15133
  5   | 0.17211
  6   | 0.19461
  7   | 0.22292
  8   | 0.20653
  9   | 0.20653
------+--------
                                               
 
 
 
        Population Abundance (1 January)
        --------------------------------
------+------------------------------------------------------------------------------------------------------------------------
AGE   |    1972    1973    1974    1975    1976    1977    1978    1979    1980    1981    1982    1983    1984    1985    1986
------+------------------------------------------------------------------------------------------------------------------------
  0   |  352.40  421.69  769.45  509.07  592.99  546.12  406.98  234.06  523.15  351.44  509.48  578.07  501.85  616.05  190.96
  1   |  515.42  300.36  360.55  657.66  434.08  506.31  466.26  348.34  199.99  447.09  299.75  435.45  494.53  429.53  526.04
  2   |  307.81  427.45  252.11  302.22  546.33  362.40  422.57  392.88  291.61  167.55  371.76  251.21  366.21  416.08  358.83
  3   |  351.81  244.01  348.01  204.63  240.48  439.50  291.34  346.95  317.93  236.36  133.57  301.62  205.39  299.65  333.64
  4   |  208.30  257.45  188.20  266.81  150.87  181.16  330.63  228.46  264.34  243.03  174.83  102.30  234.59  159.98  224.23
  5   |  177.51  139.97  187.44  135.76  181.33  105.97  126.99  246.87  163.22  189.75  165.97  125.92   75.44  173.44  111.27
  6   |   77.97  115.44   99.67  132.06   89.39  123.97   72.30   93.06  172.04  114.35  125.58  116.74   90.97   54.67  117.36
  7   |   89.89   48.97   80.29   68.48   84.08   59.37   82.17   51.93   63.18  117.47   73.23   86.10   82.53   64.52   35.93
  8   |   43.93   54.06   33.09   53.51   41.85   53.90   37.97   57.60   34.15   41.82   72.27   48.69   59.23   57.05   40.90
  9   |   63.36   60.39   72.84   68.71   70.07   67.66   72.29   73.67   80.69   71.19   63.70   86.22   86.00   96.71   93.25
------+------------------------------------------------------------------------------------------------------------------------
       x 10 ^ 6                                
 
 
        Population Abundance (1 January)
        --------------------------------
------+------------------------------------------------------------------------------------------------------------------------
AGE   |    1987    1988    1989    1990    1991    1992    1993    1994    1995    1996    1997    1998    1999    2000    2001
------+------------------------------------------------------------------------------------------------------------------------
  0   |  190.66  244.57  841.09  651.72  467.07  591.64  169.03  591.67  392.38  361.17  392.26  169.02  752.88  481.14  105.64
  1   |  163.35  163.09  209.07  717.71  558.27  373.98  504.73  144.20  505.72  335.03  308.97  335.85  144.11  641.81  411.09
  2   |  442.36  137.35  136.80  174.21  606.84  421.05  311.26  420.09  120.88  422.26  281.79  260.70  278.96  119.61  537.23
  3   |  293.57  361.75  111.70  109.68  144.22  431.45  336.44  248.73  341.09   97.28  345.35  232.09  207.38  221.53   96.79
  4   |  257.95  228.89  278.97   83.75   87.51   93.87  320.70  250.12  190.81  257.13   75.71  272.52  171.01  152.28  168.83
  5   |  163.88  188.77  167.45  195.68   64.38   51.59   64.57  220.65  180.55  134.10  189.72   57.06  184.95  115.45  108.82
  6   |   79.65  117.44  133.09  115.45  148.95   35.69   34.41   43.08  155.47  123.41   96.88  140.41   37.48  120.77   80.42
  7   |   82.21   55.87   80.87   87.07   87.20   75.96   23.03   22.21   29.57  103.11   87.13   70.30   89.03   23.61   81.83
  8   |   24.50   56.21   37.43   51.14   63.49   39.74   46.99   14.25   14.75   18.88   70.74   61.68   42.64   53.58   15.45
  9   |   81.64   65.63   73.21   62.82   76.28   70.13   63.97   66.77   49.62   36.14   33.45   68.21   78.86   73.20   82.22
------+------------------------------------------------------------------------------------------------------------------------
       x 10 ^ 6                                
 
 
        Population Abundance (1 January)
        --------------------------------
------+----------------
AGE   |    2002    2003
------+----------------
  0   |  392.14  266.68
  1   |   90.11  335.50
  2   |  341.96   75.82
  3   |  428.78  279.93
  4   |   71.78  334.27
  5   |  115.72   53.11
  6   |   72.30   83.86
  7   |   51.65   51.22
  8   |   50.36   35.57
  9   |   53.38   72.63
------+----------------
       x 10 ^ 6                                
 
 
 
        Weighting factors for the catches in number
        -------------------------------------------
------+----------------------------------------------------------------------------------------
AGE   |    1992    1993    1994    1995    1996    1997    1998    1999    2000    2001    2002
------+----------------------------------------------------------------------------------------
  0   |  0.0200  0.0200  0.0200  0.0200  0.0200  0.0200  0.0200  0.0200  0.0200  0.0200  0.0200
  1   |  1.0000  1.0000  1.0000  1.0000  1.0000  1.0000  1.0000  1.0000  1.0000  1.0000  1.0000
  2   |  1.0000  1.0000  1.0000  1.0000  1.0000  1.0000  1.0000  1.0000  1.0000  1.0000  1.0000
  3   |  1.0000  1.0000  1.0000  1.0000  1.0000  1.0000  1.0000  1.0000  1.0000  1.0000  1.0000
  4   |  1.0000  1.0000  1.0000  1.0000  1.0000  1.0000  1.0000  1.0000  1.0000  1.0000  1.0000
  5   |  1.0000  1.0000  1.0000  1.0000  1.0000  1.0000  1.0000  1.0000  1.0000  1.0000  1.0000
  6   |  1.0000  1.0000  1.0000  1.0000  1.0000  1.0000  1.0000  1.0000  1.0000  1.0000  1.0000
  7   |  1.0000  1.0000  1.0000  1.0000  1.0000  1.0000  1.0000  1.0000  1.0000  1.0000  1.0000
  8   |  1.0000  1.0000  1.0000  1.0000  1.0000  1.0000  1.0000  1.0000  1.0000  1.0000  1.0000
------+----------------------------------------------------------------------------------------
                                               
 
 
 
 Predicted SSB Index Values                                                     
  
 ---------------------------
 
          INDEX
        -------
------+------------------------------------------------------------------------------------------------------------------------
      |    1972    1973    1974    1975    1976    1977    1978    1979    1980    1981    1982    1983    1984    1985    1986
------+------------------------------------------------------------------------------------------------------------------------
  1   | ******* ******* ******* ******* ******* ******* ******* ******* ******* ******* ******* ******* ******* ******* *******
------+------------------------------------------------------------------------------------------------------------------------
       x 10 ^ 3                                
 
 
          INDEX
        -------
------+------------------------------------------------------------------------------------------------------------------------
      |    1987    1988    1989    1990    1991    1992    1993    1994    1995    1996    1997    1998    1999    2000    2001
------+------------------------------------------------------------------------------------------------------------------------
  1   | *******  306.66  272.66  230.28  267.75  260.28  275.57  278.83  297.68  277.99  284.20  266.60  255.00  227.11  256.45
------+------------------------------------------------------------------------------------------------------------------------
       x 10 ^ 3                                
 
 
          INDEX
        -------
------+--------
      |    2002
------+--------
  1   |  260.57
------+--------
       x 10 ^ 3                                
 
 
 
 Predicted Age-Structured Index Values                                          
  
 --------------------------------------
 
        FLT01: Dummy survey Predicted
        -----------------------------
------+--------------------------------
AGE   |    1981    1982    1983    1984
------+--------------------------------
  1   |   83.60   56.29   81.94   93.08
  2   |  201.73  451.97  306.70  447.30
  3   |  466.63  268.80  612.14  417.18
  4   |  226.03  167.43   99.25  227.92
  5   |  150.24  135.89  104.62   62.79
  6   |   78.98   90.04   85.13   66.46
  7   |   79.71   51.86   62.12   59.70
  8   |   57.36  103.06   70.64   86.10
  9   |   43.52   40.48   55.74   55.71
------+--------------------------------
       x 10 ^ 3                                
 
 
 
        Fitted Selection Pattern
        ------------------------
------+------------------------------------------------------------------------------------------------------------------------
AGE   |    1972    1973    1974    1975    1976    1977    1978    1979    1980    1981    1982    1983    1984    1985    1986
------+------------------------------------------------------------------------------------------------------------------------
  0   |  0.0350  0.0349  0.0349  0.0349  0.0349  0.0348  0.0347  0.0346  0.0345  0.0346  0.0348  0.0347  0.0326  0.0331  0.0336
  1   |  0.1325  0.1324  0.1322  0.1323  0.1325  0.1324  0.1320  0.1315  0.1312  0.1313  0.1320  0.1322  0.1322  0.1240  0.1261
  2   |  0.2935  0.2932  0.2929  0.2930  0.2936  0.2936  0.2932  0.2920  0.2917  0.2916  0.2927  0.2934  0.2940  0.2944  0.2751
  3   |  0.5789  0.5784  0.5777  0.5779  0.5788  0.5793  0.5788  0.5776  0.5765  0.5766  0.5781  0.5785  0.5802  0.5819  0.5819
  4   |  0.8831  0.8826  0.8820  0.8817  0.8827  0.8832  0.8834  0.8821  0.8819  0.8805  0.8829  0.8825  0.8836  0.8860  0.8869
  5   |  1.0000  1.0000  1.0000  1.0000  1.0000  1.0000  1.0000  1.0000  1.0000  1.0000  1.0000  1.0000  1.0000  1.0000  1.0000
  6   |  1.1244  1.1237  1.1249  1.1254  1.1256  1.1241  1.1236  1.1234  1.1251  1.1249  1.1269  1.1234  1.1241  1.1215  1.1173
  7   |  1.2788  1.2762  1.2772  1.2787  1.2794  1.2780  1.2760  1.2751  1.2762  1.2774  1.2793  1.2788  1.2747  1.2713  1.2624
  8   |  1.1712  1.1701  1.1697  1.1702  1.1712  1.1710  1.1698  1.1679  1.1674  1.1674  1.1703  1.1702  1.1708  1.1619  1.1520
  9   |  1.1712  1.1701  1.1697  1.1702  1.1712  1.1710  1.1698  1.1679  1.1674  1.1674  1.1703  1.1702  1.1708  1.1619  1.1520
------+------------------------------------------------------------------------------------------------------------------------
                                               
 
 
        Fitted Selection Pattern
        ------------------------
------+------------------------------------------------------------------------------------------------------------------------
AGE   |    1987    1988    1989    1990    1991    1992    1993    1994    1995    1996    1997    1998    1999    2000    2001
------+------------------------------------------------------------------------------------------------------------------------
  0   |  0.0338  0.0343  0.0389  0.0389  0.0398  0.0348  0.0348  0.0348  0.0348  0.0348  0.0348  0.0348  0.0348  0.0348  0.0348
  1   |  0.1276  0.1292  0.1459  0.1450  0.1453  0.1317  0.1317  0.1317  0.1317  0.1317  0.1317  0.1317  0.1317  0.1317  0.1317
  2   |  0.2794  0.2840  0.3200  0.3172  0.3155  0.2915  0.2915  0.2915  0.2915  0.2915  0.2915  0.2915  0.2915  0.2915  0.2915
  3   |  0.5399  0.5505  0.6222  0.6164  0.6112  0.5751  0.5751  0.5751  0.5751  0.5751  0.5751  0.5751  0.5751  0.5751  0.5751
  4   |  0.8854  0.8146  0.9223  0.9191  0.9108  0.8792  0.8792  0.8792  0.8792  0.8792  0.8792  0.8792  0.8792  0.8792  0.8792
  5   |  1.0000  1.0000  1.0000  1.0000  1.0000  1.0000  1.0000  1.0000  1.0000  1.0000  1.0000  1.0000  1.0000  1.0000  1.0000
  6   |  1.1164  1.1182  1.2366  1.0626  1.0671  1.1307  1.1307  1.1307  1.1307  1.1307  1.1307  1.1307  1.1307  1.1307  1.1307
  7   |  1.2561  1.2561  1.3893  1.3492  1.1253  1.2952  1.2952  1.2952  1.2952  1.2952  1.2952  1.2952  1.2952  1.2952  1.2952
  8   |  1.1426  1.1365  1.2534  1.2165  1.1816  1.2000  1.2000  1.2000  1.2000  1.2000  1.2000  1.2000  1.2000  1.2000  1.2000
  9   |  1.1426  1.1365  1.2534  1.2165  1.1816  1.2000  1.2000  1.2000  1.2000  1.2000  1.2000  1.2000  1.2000  1.2000  1.2000
------+------------------------------------------------------------------------------------------------------------------------
                                               
 
 
        Fitted Selection Pattern
        ------------------------
------+--------
AGE   |    2002
------+--------
  0   |  0.0348
  1   |  0.1317
  2   |  0.2915
  3   |  0.5751
  4   |  0.8792
  5   |  1.0000
  6   |  1.1307
  7   |  1.2952
  8   |  1.2000
  9   |  1.2000
------+--------
                                               
 
 
 
 
 
                    STOCK SUMMARY                                             
 
 
 ³ Year ³  Recruits  ³  Total  ³ Spawning³ Landings ³ Yield ³ Mean F ³ SoP ³    
 ³      ³   Age   0  ³ Biomass ³ Biomass ³          ³ /SSB  ³  Ages  ³     ³ 
 ³      ³  thousands ³  tonnes ³ tonnes  ³ tonnes   ³ ratio ³  4- 7  ³ (%) ³ 
 
   1972       352400    482458    321906    100539   0.3123   0.3003    99
   1973       421680    439457    312252     62422   0.1999   0.2030   100
   1974       769440    429341    304434     65081   0.2138   0.2145    99
   1975       509070    452979    288211     81916   0.2842   0.2871   100
   1976       592990    437147    286691     67021   0.2338   0.2468   100
   1977       546110    446720    296877     70223   0.2365   0.2490   100
   1978       406970    454873    320391     49641   0.1549   0.1723   100
   1979       234050    462079    333901     66635   0.1996   0.2259    99
   1980       523150    430215    325444     73360   0.2254   0.2204    99
   1981       351440    413969    299561     88414   0.2951   0.2814   100
   1982       509470    359008    264386     62573   0.2367   0.2164    99
   1983       578070    371646    268144     51187   0.1909   0.1876   100
   1984       501840    397984    284665     51774   0.1819   0.1842    99
   1985       616050    427156    303609     82554   0.2719   0.2573    99
   1986       190960    421851    303351     64152   0.2115   0.1966    99
   1987       190660    399031    306591     65824   0.2147   0.1950    99
   1988       244570    384382    306662     72036   0.2349   0.2089   100
   1989       841090    350506    272663     78728   0.2887   0.2523   100
   1990       651720    322541    230277     39404   0.1711   0.1330   100
   1991       467070    391814    267754     68351   0.2553   0.2230   100
   1992       591630    379131    260284     70025   0.2690   0.2744   100
   1993       169020    395022    275570     71998   0.2613   0.2742    99
   1994       591660    370653    278832     62873   0.2255   0.2154    99
   1995       392380    405660    297679     74750   0.2511   0.2481   100
   1996       361160    370069    277985     55453   0.1995   0.1885    99
   1997       392250    375213    284200     46913   0.1651   0.1625   100
   1998       169010    363535    266595     82390   0.3090   0.2909   100
   1999       752880    342783    255003     78873   0.3093   0.2973   100
   2000       481140    324012    227107     57654   0.2539   0.2277   100
   2001       105640    371045    256448     70536   0.2750   0.2787   100
   2002       392130    339550    260570     47525   0.1824   0.1852   100
 
 -----------------------------------------------------------------            
 No of years for separable analysis : 11                                      
 Age range in the analysis : 0  . . . 9                                       
 Year range in the analysis : 1972  . . . 2002                                
 Number of indices of SSB : 1                                                 
 Number of age-structured indices : 1                                         
                                                                              
 Parameters to estimate : 46                                                  
 Number of observations : 150                                                 
                                                                              
 Conventional single selection vector model to be fitted.                     
                                                                              
                                                                              
                                                                              
 -----------------------------------------------------------------            
 
 
 PARAMETER ESTIMATES                                                            
  
 
 ³Parm.³      ³ Maximum ³    ³        ³         ³         ³         ³ Mean of ³ 
  
 ³ No. ³      ³ Likelh. ³ CV ³  Lower ³ Upper   ³  -s.e.  ³   +s.e. ³ Param.  ³ 
  
 ³     ³      ³ Estimate³ (%)³ 95% CL ³ 95% CL  ³         ³         ³ Distrib.³ 
  
 Separable model : F by year                                                    
  
    1   1992     0.1966   0    0.1966    0.1966    0.1966    0.1966    0.1966
    2   1993     0.1979   0    0.1979    0.1979    0.1979    0.1979    0.1979
    3   1994     0.1587   0    0.1587    0.1587    0.1587    0.1587    0.1587
    4   1995     0.1894   0    0.1894    0.1894    0.1894    0.1894    0.1894
    5   1996     0.1518   0    0.1518    0.1518    0.1518    0.1518    0.1518
    6   1997     0.1411   0    0.1411    0.1411    0.1411    0.1411    0.1411
    7   1998     0.2764   0    0.2764    0.2764    0.2764    0.2764    0.2764
    8   1999     0.3145   0    0.3145    0.3145    0.3145    0.3145    0.3145
    9   2000     0.2731   0    0.2731    0.2731    0.2731    0.2731    0.2731
   10   2001     0.3876   0    0.3876    0.3876    0.3876    0.3876    0.3876
   11   2002     0.3030   0    0.3030    0.3030    0.3030    0.3030    0.3030
 
 Separable Model: Selection (S) by age                                          
  
   12      0     0.0449   0    0.0449    0.0449    0.0449    0.0449    0.0449
   13      1     0.1528   0    0.1528    0.1528    0.1528    0.1528    0.1528
   14      2     0.3142   0    0.3142    0.3142    0.3142    0.3142    0.3142
   15      3     0.5928   0    0.5928    0.5928    0.5928    0.5928    0.5928
   16      4     0.8861   0    0.8861    0.8861    0.8861    0.8861    0.8861
           5     1.0000     Fixed : Reference Age             
   17      6     1.1336   0    1.1336    1.1336    1.1336    1.1336    1.1336
   18      7     1.2007   0    1.2007    1.2007    1.2007    1.2007    1.2007
           8     1.2000     Fixed : Last true age             
 
 Separable model: Populations in year 2002                                    
   19      0     173269   0     173269    173269    173269    173269    173269
   20      1      45524   0      45524     45524     45524     45524     45524
   21      2     192657   0     192657    192657    192657    192657    192657
   22      3     262281   0     262281    262281    262281    262281    262281
   23      4      46195   0      46195     46195     46195     46195     46195
   24      5      76447   0      76447     76447     76447     76447     76447
   25      6      49132   0      49132     49132     49132     49132     49132
   26      7      36207   0      36207     36207     36207     36207     36207
   27      8      37649   0      37649     37649     37649     37649     37649
 
Separable model: Populations at age
   28   1992      58770   0      58770     58770     58770     58770     58770
   29   1993      69088   0      69088     69088     69088     69088     69088
   30   1994      20826   0      20826     20826     20826     20826     20826
   31   1995      21239   0      21239     21239     21239     21239     21239
   32   1996      26990   0      26990     26990     26990     26990     26990
   33   1997      97233   0      97233     97233     97233     97233     97233
   34   1998      79726   0      79726     79726     79726     79726     79726
   35   1999      51206   0      51206     51206     51206     51206     51206
   36   2000      56847   0      56847     56847     56847     56847     56847
   37   2001      14169   0      14169     14169     14169     14169     14169
 
 SSB Index catchabilities                                                       
  
   INDEX                                 
 Absolute estimator. No fitted catchability.                                    
  
 
 
 
 Age-structured index catchabilities                                            
  
                                        FLT01: Dummy survey                     
 
 Linear model fitted. Slopes at age :                                           
  
   38   1  Q  .2070       0 .2070     .2070     .2070     .2070     .2070    
   39   2  Q  1.364       0 1.364     1.364     1.364     1.364     1.364    
   40   3  Q  2.330       0 2.330     2.330     2.330     2.330     2.330    
   41   4  Q  1.147       0 1.147     1.147     1.147     1.147     1.147    
   42   5  Q  .9936       0 .9936     .9936     .9936     .9936     .9936    
   43   6  Q  .8825       0 .8825     .8825     .8825     .8825     .8825    
   44   7  Q  .8863       0 .8863     .8863     .8863     .8863     .8863    
   45   8  Q  1.763       0 1.763     1.763     1.763     1.763     1.763    
   46   9  Q  .7933       0 .7933     .7933     .7933     .7933     .7933    
 
 
 
 RESIDUALS ABOUT THE MODEL FIT                                                  
  
 ------------------------------
 
        Separable Model Residuals
        -------------------------
------+----------------------------------------------------------------------------------------
Age   |    1992    1993    1994    1995    1996    1997    1998    1999    2000    2001    2002
------+----------------------------------------------------------------------------------------
  0   | ******* ******* ******* ******* ******* ******* ******* ******* ******* ******* *******
  1   | ******* ******* ******* ******* ******* ******* ******* ******* ******* ******* *******
  2   | ******* ******* ******* ******* ******* ******* ******* ******* ******* ******* *******
  3   | ******* ******* ******* ******* ******* ******* ******* ******* ******* ******* *******
  4   | ******* ******* ******* ******* ******* ******* ******* ******* ******* ******* *******
  5   | ******* ******* ******* ******* ******* ******* ******* ******* ******* ******* *******
  6   | ******* ******* ******* ******* ******* ******* ******* ******* ******* ******* *******
  7   | ******* ******* ******* ******* ******* ******* ******* ******* ******* ******* *******
  8   | ******* ******* ******* ******* ******* ******* ******* ******* ******* ******* *******
------+----------------------------------------------------------------------------------------
                                               
 
 
 
 SPAWNING BIOMASS INDEX RESIDUALS                                               
  
 ---------------------------------
 
          INDEX
        -------
------+------------------------------------------------------------------------------------------------------------------------
      |    1972    1973    1974    1975    1976    1977    1978    1979    1980    1981    1982    1983    1984    1985    1986
------+------------------------------------------------------------------------------------------------------------------------
  1   | ******* ******* ******* ******* ******* ******* ******* ******* ******* ******* ******* ******* ******* ******* *******
------+------------------------------------------------------------------------------------------------------------------------
                                               
 
 
          INDEX
        -------
------+------------------------------------------------------------------------------------------------------------------------
      |    1987    1988    1989    1990    1991    1992    1993    1994    1995    1996    1997    1998    1999    2000    2001
------+------------------------------------------------------------------------------------------------------------------------
  1   | ******* -0.1395 -0.1673 -0.1920 -0.1990 -0.0001 -0.0001 -0.0001 -0.0001 -0.0001 -0.0001 -0.0001  0.0000  0.0000  0.0001
------+------------------------------------------------------------------------------------------------------------------------
                                               
 
 
          INDEX
        -------
------+--------
      |    2002
------+--------
  1   |  0.0002
------+--------
                                               
 
 
 
 AGE-STRUCTURED INDEX RESIDUALS                                                 
  
 -------------------------------
 
        FLT01: Dummy survey
        -------------------
------+--------------------------------
Age   |    1981    1982    1983    1984
------+--------------------------------
  1   |   1.158   1.283  -0.631  -1.809
  2   |   0.920  -0.036   0.843  -1.727
  3   |  -0.729   0.587  -0.320   0.461
  4   |  -1.964   0.095   1.373   0.497
  5   |   0.151  -1.705   0.220   1.333
  6   |   0.697   0.417  -1.439   0.325
  7   |   0.222   0.739   0.385  -1.346
  8   |   0.709  -0.199   0.004  -0.514
  9   |  -0.209   0.765  -0.168  -0.350
------+--------------------------------
                                               
 
 
 
 
 
 
 PARAMETERS OF THE DISTRIBUTION OF ln(CATCHES AT AGE)                           
  
 -----------------------------------------------------
 
 Separable model fitted from 1992  to 2002                                    
 Variance                             0.0000
Skewness test stat.                  -3.1720
Kurtosis test statistic               1.7393
Partial chi-square                    0.0000
Significance in fit                   0.0000
Degrees of freedom                        62
 
 
 PARAMETERS OF DISTRIBUTIONS OF THE SSB INDICES                                 
  
 -----------------------------------------------
 
 
   DISTRIBUTION STATISTICS FOR   INDEX                                          
 
 
 Index used as absolute measure of abundance                                    
  
 Last age is a plus-group                                                       
  
 
 Variance                             0.0413
Skewness test stat.                  -3.1383
Kurtosis test statistic               0.7861
Partial chi-square                    0.0496
Significance in fit                   0.0000
Number of observations                    15
Degrees of freedom                        15
Weight in the analysis                5.0000
 
 PARAMETERS OF THE DISTRIBUTION OF THE AGE-STRUCTURED INDICES                   
  
 ------------------------------------------------------------ 
 
 
   DISTRIBUTION STATISTICS FOR FLT01: Dummy survey                              
 
 
 Linear catchability relationship assumed                                       
  
 
 Age                          1         2         3         4         5         6         7         8         9
 Variance                0.0025    0.0017    0.0004    0.0022    0.0018    0.0010    0.0009    0.0003    0.0003
Skewness test stat.     -0.2390   -0.6366   -0.1497   -0.5414   -0.4049   -0.8667   -0.7862    0.4793    0.9276
Kurtosis test statisti  -0.6581   -0.4236   -0.6989   -0.3852   -0.3864   -0.2978   -0.3233   -0.4110   -0.2571
Partial chi-square       0.0007    0.0004    0.0001    0.0006    0.0005    0.0003    0.0003    0.0001    0.0001
Significance in fit      0.0000    0.0000    0.0000    0.0000    0.0000    0.0000    0.0000    0.0000    0.0000
Number of observations        4         4         4         4         4         4         4         4         4
Degrees of freedom            3         3         3         3         3         3         3         3         3
Weight in the analysis   0.0011    0.0011    0.0011    0.0011    0.0011    0.0011    0.0011    0.0011    0.0011
 
 ANALYSIS OF VARIANCE                   
--------------------------
 
 Unweighted Statistics                                                          
  
 
                                                                                
  
Variance                              
                                       SSQ     Data    Parameters d.f. Variance
Total for model                        30.2477     150         46  104   0.2908
Catches at age                          0.0000      99         37   62   0.0000
  
SSB Indices                           
  INDEX                                 0.1239      15          0   15   0.0083
  
 Aged Indices                                                                   
  
FLT01: Dummy survey                    30.1238      36          9   27   1.1157
 
 
 Weighted Statistics                                                            
  
 
                                                                                
  
Variance                              
                                       SSQ     Data    Parameters d.f. Variance
Total for model                         3.0973     150         46  104   0.0298
Catches at age                          0.0000      99         37   62   0.0000
  
SSB Indices                           
  INDEX                                 3.0972      15          0   15   0.2065
  
 Aged Indices                                                                   
  
FLT01: Dummy survey                     0.0000      36          9   27   0.0000
 
