 ICA v1_3 TUNING DIAGNOSTICS FILE
   1       1
 F         SSQ
  0.05  23.64891169      21.74453056      1.904381132    
  0.10  9.903764944      8.031381796      1.872383148    
  0.15  5.104391904      3.246461838      1.857930066    
  0.20  3.201821263      1.351960342      1.849860921    
  0.25  2.474633348     0.6298241828      1.844809165    
  0.30  2.280868906     0.4394377143      1.841431192    
  0.35  2.345498520     0.5064192621      1.839079257    
  0.40  2.539560669     0.7021626899      1.837397980    
  0.45  2.798636345     0.9624613405      1.836175004    
  0.50  3.089025888      1.253750227      1.835275662    
  0.55  3.392543380      1.557932587      1.834610793    
  0.60  3.699196536      1.865077127      1.834119408    
  0.65  4.003484603      2.169725914      1.833758689    
  0.70  4.302444085      2.468946158      1.833497927    
  0.75  4.594574265      2.761259577      1.833314688    
  0.80  4.879260809      3.046068485      1.833192324    
  0.85  5.156356620      3.323238323      1.833118296    
  0.90  5.426074284      3.592991244      1.833083040    
  0.95  5.688811727      3.855732562      1.833079165    
  1.00  5.945088950      4.111988049      1.833100900    
