 Output Generated by ICA Version 1.4                                            
  
 ------------------------------------
 
        Mackerel NE Atlantic  WG2003
        ----------------------------
 
        Catch in Number
        ---------------
------+------------------------------------------------------------------------------------------------------------------------
AGE   |    1972    1973    1974    1975    1976    1977    1978    1979    1980    1981    1982    1983    1984    1985    1986
------+------------------------------------------------------------------------------------------------------------------------
  0   |   3614.   2286.   4592.   1878.   3958.   3447.   6936.   7111.   2860.   2047.   3532.   1757.   2962.   2149.   6873.
  1   |   8107.   9920.  10523.   9265.   8048.  18007.  10584.  22412.  20020.  10053.   6108.  11421.   3862.   9140.  10934.
  2   |   3956.  12713.  25977.  12119.  22677.  20715.  31165.  19280.  35657.  39753.  16945.  11165.  14281.   6813.  26374.
  3   |  33195.   5313.  28292.  25578.  25374.  49133.  29996.  47511.  25777.  59455.  56279.  26040.  11867.  21584.  16617.
  4   |  30767.  32713.   8621.  20346.  39364.  39601.  50637.  32577.  45436.  30787.  60200.  61989.  20062.  13180.  38160.
  5   |  25735.  21633.  37898.   4394.  22462.  43486.  28483.  38437.  21797.  38129.  21827.  46557.  33666.  15933.  16585.
  6   |  18953.  17575.  24279.  18721.   4715.  23915.  29983.  20735.  24706.  17585.  25967.  16231.  24427.  25986.  19375.
  7   |  13560.  12760.  19378.  11798.  19816.   4902.  16007.  21199.  12971.  19409.  11655.  18812.   8345.  18600.  30950.
  8   |   9943.   7308.  11328.   7501.  10054.  16567.   2616.   9033.  10566.   8154.  10260.   6746.   7698.   5095.  17854.
  9   |   9040.  10429.  15783.  11112.  16392.  22102.  21145.  13226.  10906.  13520.  11248.  13404.   8470.   9964.  14815.
------+------------------------------------------------------------------------------------------------------------------------
       x 10 ^ 3                                
 
 
        Catch in Number
        ---------------
------+------------------------------------------------------------------------------------------------------------------------
AGE   |    1987    1988    1989    1990    1991    1992    1993    1994    1995    1996    1997    1998    1999    2000    2001
------+------------------------------------------------------------------------------------------------------------------------
  0   |   3362.    752.   6579.   3855.   3004.   4897.   1758.   4417.   2664.   3342.   4851.   3594.   1311.   2320.   2545.
  1   |  21487.   8513.   2947.  20281.   8568.  15705.   7933.  10594.  11329.   9817.  11894.  15518.   9270.   2866.   9907.
  2   |  19294.  30850.  18911.   5138.  25653.  25368.  14487.  27153.  15393.  23652.  19713.  21429.  22638.  11563.   6982.
  3   |  39018.  23415.  57815.  27724.   5529.  64054.  19933.  42000.  33294.  27118.  39792.  29671.  26311.  24128.  24042.
  4   |  17550.  34104.  31656.  60755.  21658.   9979.  36497.  42048.  37012.  42301.  32586.  42563.  26088.  20476.  36767.
  5   |  28199.  10776.  32610.  23343.  33500.  27782.   3996.  55034.  25990.  33226.  35644.  24312.  26175.  14396.  22336.
  6   |  11764.  16681.   9936.  23122.  12442.  41479.  10749.   5833.  32742.  22495.  26882.  25478.  14369.  13999.  15247.
  7   |  13362.   6797.  15031.   6863.  12086.  15068.  15732.  15393.   3386.  27692.  17698.  18639.  14665.   7558.  14603.
  8   |  17032.   6149.   4914.   8289.   2857.  11799.   4529.  18203.   7114.   2295.  17429.   9789.   8536.   6150.   6345.
  9   |  18477.  17259.  17195.  12578.   8327.   9915.   6689.  13525.  15224.  16070.  11387.  16580.  11810.   8820.  13480.
------+------------------------------------------------------------------------------------------------------------------------
       x 10 ^ 3                                
 
 
        Catch in Number
        ---------------
------+--------
AGE   |    2002
------+--------
  0   |   4468.
  1   |   6869.
  2   |  15248.
  3   |   9174.
  4   |  23076.
  5   |  25087.
  6   |  14774.
  7   |   9920.
  8   |   7597.
  9   |   9998.
------+--------
       x 10 ^ 3                                
 
 
 
        Predicted Catch in Number
        -------------------------
------+----------------------------------------------------------------------------------------
AGE   |    1992    1993    1994    1995    1996    1997    1998    1999    2000    2001    2002
------+----------------------------------------------------------------------------------------
  0   |   4897.   1758.   4417.   2664.   3342.   4851.   3594.   1311.   2320.   2545.   4468.
  1   |  15705.   7933.  10594.  11329.   9817.  11894.  15518.   9270.   2866.   9907.   6869.
  2   |  25368.  14487.  27153.  15393.  23652.  19713.  21429.  22638.  11563.   6982.  15248.
  3   |  64054.  19933.  42000.  33294.  27118.  39792.  29671.  26311.  24128.  24042.   9174.
  4   |   9979.  36497.  42048.  37012.  42301.  32586.  42563.  26088.  20476.  36767.  23076.
  5   |  27782.   3996.  55034.  25990.  33226.  35644.  24312.  26175.  14396.  22336.  25087.
  6   |  41479.  10749.   5833.  32742.  22495.  26882.  25478.  14369.  13999.  15247.  14774.
  7   |  15068.  15732.  15393.   3386.  27692.  17698.  18639.  14665.   7558.  14603.   9920.
  8   |  11799.   4529.  18203.   7114.   2295.  17429.   9789.   8536.   6150.   6345.   7597.
------+----------------------------------------------------------------------------------------
       x 10 ^ 3                                
 
 
 
        Weights at age in the catches (Kg)
        ----------------------------------
------+------------------------------------------------------------------------------------------------------------------------
AGE   |    1972    1973    1974    1975    1976    1977    1978    1979    1980    1981    1982    1983    1984    1985    1986
------+------------------------------------------------------------------------------------------------------------------------
  0   | 0.05200 0.05000 0.05100 0.05000 0.05900 0.05600 0.03600 0.01600 0.05700 0.06000 0.05300 0.05000 0.03100 0.05500 0.03900
  1   | 0.13500 0.14500 0.13600 0.14800 0.13700 0.13600 0.13500 0.13700 0.13100 0.13200 0.13100 0.16800 0.10200 0.14400 0.14600
  2   | 0.27700 0.19400 0.22900 0.17700 0.20700 0.16900 0.16100 0.16100 0.24900 0.24800 0.24900 0.21900 0.18400 0.26200 0.24500
  3   | 0.34100 0.28500 0.26100 0.25900 0.26300 0.27500 0.25000 0.24300 0.28500 0.28700 0.28500 0.27600 0.29500 0.35700 0.33500
  4   | 0.42300 0.36800 0.33400 0.32300 0.32000 0.33300 0.32500 0.31800 0.34500 0.34400 0.34500 0.31000 0.32600 0.41800 0.42300
  5   | 0.46800 0.44800 0.39200 0.34800 0.34600 0.35200 0.34500 0.34800 0.37800 0.37700 0.37800 0.38600 0.34400 0.41700 0.47100
  6   | 0.46800 0.46800 0.48100 0.43000 0.40600 0.40700 0.40300 0.40100 0.45400 0.45400 0.45400 0.42500 0.43100 0.43600 0.44400
  7   | 0.50800 0.50800 0.50800 0.48800 0.44300 0.44600 0.42100 0.41600 0.49800 0.49900 0.49600 0.43500 0.54200 0.52100 0.45700
  8   | 0.53900 0.53900 0.53900 0.53900 0.51800 0.54600 0.51800 0.50600 0.52000 0.51300 0.51300 0.49800 0.48000 0.55500 0.54300
  9   | 0.60415 0.59621 0.59527 0.59942 0.60194 0.58622 0.56437 0.55287 0.56532 0.55884 0.56040 0.57756 0.61315 0.61256 0.60479
------+------------------------------------------------------------------------------------------------------------------------
                                               
 
 
        Weights at age in the catches (Kg)
        ----------------------------------
------+------------------------------------------------------------------------------------------------------------------------
AGE   |    1987    1988    1989    1990    1991    1992    1993    1994    1995    1996    1997    1998    1999    2000    2001
------+------------------------------------------------------------------------------------------------------------------------
  0   | 0.07600 0.05500 0.04900 0.08500 0.06800 0.05100 0.06100 0.04600 0.07200 0.05800 0.07600 0.06500 0.06200 0.06300 0.06900
  1   | 0.17900 0.13300 0.13600 0.15600 0.15600 0.16700 0.13400 0.13600 0.14300 0.14300 0.14300 0.15700 0.17600 0.13500 0.17100
  2   | 0.22300 0.25900 0.23700 0.23300 0.25300 0.23900 0.24000 0.25500 0.23400 0.22600 0.23000 0.22700 0.23600 0.22900 0.22300
  3   | 0.31800 0.32300 0.32000 0.33600 0.32700 0.33300 0.31700 0.33900 0.33300 0.31300 0.29500 0.31000 0.30700 0.30800 0.30700
  4   | 0.39900 0.38800 0.37700 0.37900 0.39400 0.39700 0.37600 0.39000 0.39000 0.37700 0.35900 0.35400 0.36100 0.36700 0.37800
  5   | 0.47400 0.45600 0.43300 0.42300 0.42300 0.46000 0.43600 0.44800 0.45200 0.42500 0.41500 0.40800 0.40600 0.42900 0.42600
  6   | 0.51200 0.52400 0.45600 0.46700 0.46900 0.49500 0.48300 0.51200 0.50100 0.48400 0.45300 0.45200 0.45400 0.46700 0.47700
  7   | 0.49300 0.55500 0.54300 0.52800 0.50600 0.53200 0.52700 0.54300 0.53900 0.51800 0.48100 0.46200 0.50100 0.50400 0.49900
  8   | 0.49800 0.55500 0.59200 0.55200 0.55400 0.55500 0.54800 0.59000 0.57700 0.55100 0.52400 0.51800 0.53700 0.53700 0.54300
  9   | 0.60848 0.59659 0.60859 0.62312 0.64099 0.63877 0.60427 0.62381 0.60557 0.59883 0.58708 0.57070 0.58986 0.58402 0.60667
------+------------------------------------------------------------------------------------------------------------------------
                                               
 
 
        Weights at age in the catches (Kg)
        ----------------------------------
------+--------
AGE   |    2002
------+--------
  0   | 0.05200
  1   | 0.15900
  2   | 0.25500
  3   | 0.30700
  4   | 0.36900
  5   | 0.42600
  6   | 0.46400
  7   | 0.51400
  8   | 0.53900
  9   | 0.60972
------+--------
                                               
 
 
 
        Weights at age in the stock (Kg)
        --------------------------------
------+------------------------------------------------------------------------------------------------------------------------
AGE   |    1972    1973    1974    1975    1976    1977    1978    1979    1980    1981    1982    1983    1984    1985    1986
------+------------------------------------------------------------------------------------------------------------------------
  0   | 0.00800 0.00800 0.00800 0.00800 0.00800 0.00800 0.00800 0.00800 0.00800 0.00800 0.00800 0.00800 0.00000 0.00000 0.00000
  1   | 0.13200 0.13200 0.13000 0.12900 0.12800 0.12700 0.11100 0.11000 0.10900 0.08700 0.08600 0.08600 0.08100 0.08500 0.07700
  2   | 0.17800 0.17700 0.17300 0.17100 0.17000 0.16700 0.17500 0.17400 0.17300 0.18600 0.13500 0.17200 0.19400 0.16500 0.17900
  3   | 0.24300 0.24200 0.23800 0.23600 0.23600 0.23300 0.23800 0.23700 0.23600 0.25200 0.22100 0.23500 0.25300 0.29300 0.26700
  4   | 0.41100 0.30100 0.29600 0.29400 0.29300 0.28900 0.30000 0.29900 0.29700 0.31300 0.28000 0.28000 0.29500 0.30600 0.30400
  5   | 0.35500 0.43800 0.32200 0.31800 0.31800 0.31300 0.34600 0.34500 0.34300 0.32300 0.38500 0.33900 0.32400 0.34100 0.35600
  6   | 0.39800 0.39800 0.46900 0.36500 0.36500 0.36100 0.38200 0.38000 0.37900 0.37800 0.35300 0.37700 0.39300 0.38400 0.35100
  7   | 0.43300 0.43300 0.43300 0.49700 0.41900 0.41600 0.41000 0.40800 0.40700 0.41900 0.40800 0.40400 0.43600 0.43000 0.41600
  8   | 0.45900 0.45900 0.45900 0.45900 0.51200 0.44600 0.43200 0.43000 0.42900 0.43400 0.43700 0.43900 0.44100 0.45900 0.47300
  9   | 0.51892 0.50990 0.50978 0.51421 0.51614 0.53341 0.49723 0.51261 0.48211 0.46448 0.47508 0.51222 0.50802 0.52040 0.47776
------+------------------------------------------------------------------------------------------------------------------------
                                               
 
 
        Weights at age in the stock (Kg)
        --------------------------------
------+------------------------------------------------------------------------------------------------------------------------
AGE   |    1987    1988    1989    1990    1991    1992    1993    1994    1995    1996    1997    1998    1999    2000    2001
------+------------------------------------------------------------------------------------------------------------------------
  0   | 0.00000 0.00000 0.00000 0.00000 0.00000 0.00000 0.00000 0.00000 0.00000 0.00000 0.00000 0.00000 0.00000 0.00000 0.00000
  1   | 0.07800 0.07200 0.07600 0.07400 0.07500 0.07800 0.07800 0.07900 0.08100 0.07600 0.07600 0.07700 0.08100 0.07400 0.07800
  2   | 0.14800 0.15600 0.17700 0.13800 0.15500 0.21200 0.19700 0.17800 0.16400 0.13300 0.18600 0.14900 0.19400 0.18500 0.16400
  3   | 0.24000 0.23700 0.24400 0.22200 0.23000 0.25900 0.26800 0.23700 0.26700 0.25100 0.22800 0.22300 0.24200 0.23500 0.24100
  4   | 0.28600 0.30100 0.30600 0.28700 0.30700 0.31000 0.31500 0.30100 0.32600 0.31700 0.29600 0.28500 0.30100 0.28900 0.34200
  5   | 0.37400 0.32900 0.35200 0.33900 0.35700 0.36200 0.36000 0.36100 0.39800 0.36600 0.36100 0.34200 0.35300 0.35000 0.39000
  6   | 0.38600 0.42300 0.38000 0.37300 0.40900 0.40200 0.41600 0.41300 0.44800 0.44400 0.40200 0.40000 0.39600 0.39000 0.44600
  7   | 0.41100 0.44500 0.42900 0.41400 0.43200 0.42400 0.45400 0.46600 0.49100 0.46200 0.44500 0.42600 0.42300 0.42600 0.45900
  8   | 0.42900 0.43200 0.47400 0.40900 0.50200 0.46200 0.46500 0.47000 0.50800 0.50100 0.47800 0.46600 0.44000 0.44700 0.49900
  9   | 0.48746 0.50534 0.48401 0.50185 0.56093 0.52436 0.51463 0.53135 0.55572 0.58217 0.53864 0.52105 0.49751 0.50123 0.56218
------+------------------------------------------------------------------------------------------------------------------------
                                               
 
 
        Weights at age in the stock (Kg)
        --------------------------------
------+--------
AGE   |    2002
------+--------
  0   | 0.00000
  1   | 0.07800
  2   | 0.18100
  3   | 0.23900
  4   | 0.31100
  5   | 0.36400
  6   | 0.41100
  7   | 0.43600
  8   | 0.46200
  9   | 0.52134
------+--------
                                               
 
 
 
        Natural Mortality (per year)
        ----------------------------
------+------------------------------------------------------------------------------------------------------------------------
AGE   |    1972    1973    1974    1975    1976    1977    1978    1979    1980    1981    1982    1983    1984    1985    1986
------+------------------------------------------------------------------------------------------------------------------------
  0   | 0.15000 0.15000 0.15000 0.15000 0.15000 0.15000 0.15000 0.15000 0.15000 0.15000 0.15000 0.15000 0.15000 0.15000 0.15000
  1   | 0.15000 0.15000 0.15000 0.15000 0.15000 0.15000 0.15000 0.15000 0.15000 0.15000 0.15000 0.15000 0.15000 0.15000 0.15000
  2   | 0.15000 0.15000 0.15000 0.15000 0.15000 0.15000 0.15000 0.15000 0.15000 0.15000 0.15000 0.15000 0.15000 0.15000 0.15000
  3   | 0.15000 0.15000 0.15000 0.15000 0.15000 0.15000 0.15000 0.15000 0.15000 0.15000 0.15000 0.15000 0.15000 0.15000 0.15000
  4   | 0.15000 0.15000 0.15000 0.15000 0.15000 0.15000 0.15000 0.15000 0.15000 0.15000 0.15000 0.15000 0.15000 0.15000 0.15000
  5   | 0.15000 0.15000 0.15000 0.15000 0.15000 0.15000 0.15000 0.15000 0.15000 0.15000 0.15000 0.15000 0.15000 0.15000 0.15000
  6   | 0.15000 0.15000 0.15000 0.15000 0.15000 0.15000 0.15000 0.15000 0.15000 0.15000 0.15000 0.15000 0.15000 0.15000 0.15000
  7   | 0.15000 0.15000 0.15000 0.15000 0.15000 0.15000 0.15000 0.15000 0.15000 0.15000 0.15000 0.15000 0.15000 0.15000 0.15000
  8   | 0.15000 0.15000 0.15000 0.15000 0.15000 0.15000 0.15000 0.15000 0.15000 0.15000 0.15000 0.15000 0.15000 0.15000 0.15000
  9   | 0.15000 0.15000 0.15000 0.15000 0.15000 0.15000 0.15000 0.15000 0.15000 0.15000 0.15000 0.15000 0.15000 0.15000 0.15000
------+------------------------------------------------------------------------------------------------------------------------
                                               
 
 
        Natural Mortality (per year)
        ----------------------------
------+------------------------------------------------------------------------------------------------------------------------
AGE   |    1987    1988    1989    1990    1991    1992    1993    1994    1995    1996    1997    1998    1999    2000    2001
------+------------------------------------------------------------------------------------------------------------------------
  0   | 0.15000 0.15000 0.15000 0.15000 0.15000 0.15000 0.15000 0.15000 0.15000 0.15000 0.15000 0.15000 0.15000 0.15000 0.15000
  1   | 0.15000 0.15000 0.15000 0.15000 0.15000 0.15000 0.15000 0.15000 0.15000 0.15000 0.15000 0.15000 0.15000 0.15000 0.15000
  2   | 0.15000 0.15000 0.15000 0.15000 0.15000 0.15000 0.15000 0.15000 0.15000 0.15000 0.15000 0.15000 0.15000 0.15000 0.15000
  3   | 0.15000 0.15000 0.15000 0.15000 0.15000 0.15000 0.15000 0.15000 0.15000 0.15000 0.15000 0.15000 0.15000 0.15000 0.15000
  4   | 0.15000 0.15000 0.15000 0.15000 0.15000 0.15000 0.15000 0.15000 0.15000 0.15000 0.15000 0.15000 0.15000 0.15000 0.15000
  5   | 0.15000 0.15000 0.15000 0.15000 0.15000 0.15000 0.15000 0.15000 0.15000 0.15000 0.15000 0.15000 0.15000 0.15000 0.15000
  6   | 0.15000 0.15000 0.15000 0.15000 0.15000 0.15000 0.15000 0.15000 0.15000 0.15000 0.15000 0.15000 0.15000 0.15000 0.15000
  7   | 0.15000 0.15000 0.15000 0.15000 0.15000 0.15000 0.15000 0.15000 0.15000 0.15000 0.15000 0.15000 0.15000 0.15000 0.15000
  8   | 0.15000 0.15000 0.15000 0.15000 0.15000 0.15000 0.15000 0.15000 0.15000 0.15000 0.15000 0.15000 0.15000 0.15000 0.15000
  9   | 0.15000 0.15000 0.15000 0.15000 0.15000 0.15000 0.15000 0.15000 0.15000 0.15000 0.15000 0.15000 0.15000 0.15000 0.15000
------+------------------------------------------------------------------------------------------------------------------------
                                               
 
 
        Natural Mortality (per year)
        ----------------------------
------+--------
AGE   |    2002
------+--------
  0   | 0.15000
  1   | 0.15000
  2   | 0.15000
  3   | 0.15000
  4   | 0.15000
  5   | 0.15000
  6   | 0.15000
  7   | 0.15000
  8   | 0.15000
  9   | 0.15000
------+--------
                                               
 
 
 
        Proportion of fish spawning
        ---------------------------
------+------------------------------------------------------------------------------------------------------------------------
AGE   |    1972    1973    1974    1975    1976    1977    1978    1979    1980    1981    1982    1983    1984    1985    1986
------+------------------------------------------------------------------------------------------------------------------------
  0   |  0.0000  0.0000  0.0000  0.0000  0.0000  0.0000  0.0000  0.0000  0.0000  0.0000  0.0000  0.0000  0.0000  0.0000  0.0000
  1   |  0.0500  0.0500  0.0500  0.0600  0.0600  0.0600  0.0600  0.0600  0.0600  0.0700  0.0700  0.0700  0.0700  0.0700  0.0700
  2   |  0.5300  0.5400  0.5400  0.5500  0.5500  0.5500  0.5600  0.5600  0.5700  0.5700  0.5700  0.5800  0.5800  0.5800  0.5800
  3   |  0.9000  0.9000  0.9000  0.8900  0.8900  0.8900  0.8900  0.8900  0.8900  0.8800  0.8800  0.8800  0.8800  0.8800  0.8800
  4   |  0.9800  0.9800  0.9800  0.9800  0.9800  0.9800  0.9800  0.9800  0.9800  0.9800  0.9800  0.9800  0.9700  0.9700  0.9700
  5   |  0.9800  0.9800  0.9800  0.9800  0.9800  0.9800  0.9800  0.9800  0.9800  0.9800  0.9800  0.9800  0.9700  0.9700  0.9700
  6   |  0.9900  0.9900  0.9900  0.9900  0.9900  0.9900  0.9900  0.9900  0.9900  0.9900  0.9900  0.9900  0.9900  0.9900  0.9900
  7   |  1.0000  1.0000  1.0000  1.0000  1.0000  1.0000  1.0000  1.0000  1.0000  1.0000  1.0000  1.0000  1.0000  1.0000  1.0000
  8   |  1.0000  1.0000  1.0000  1.0000  1.0000  1.0000  1.0000  1.0000  1.0000  1.0000  1.0000  1.0000  1.0000  1.0000  1.0000
  9   |  1.0000  1.0000  1.0000  1.0000  1.0000  1.0000  1.0000  1.0000  1.0000  1.0000  1.0000  1.0000  1.0000  1.0000  1.0000
------+------------------------------------------------------------------------------------------------------------------------
                                               
 
 
        Proportion of fish spawning
        ---------------------------
------+------------------------------------------------------------------------------------------------------------------------
AGE   |    1987    1988    1989    1990    1991    1992    1993    1994    1995    1996    1997    1998    1999    2000    2001
------+------------------------------------------------------------------------------------------------------------------------
  0   |  0.0000  0.0000  0.0000  0.0000  0.0000  0.0000  0.0000  0.0000  0.0000  0.0000  0.0000  0.0000  0.0000  0.0000  0.0000
  1   |  0.0700  0.0700  0.0700  0.0700  0.0700  0.0700  0.0700  0.0700  0.0700  0.0700  0.0700  0.0700  0.0700  0.0700  0.0700
  2   |  0.5800  0.5800  0.5800  0.5800  0.5800  0.5800  0.5800  0.5800  0.5800  0.5800  0.5800  0.5800  0.5800  0.5800  0.5900
  3   |  0.8800  0.8800  0.8800  0.8800  0.8800  0.8800  0.8800  0.8800  0.8800  0.8800  0.8800  0.8600  0.8600  0.8600  0.8800
  4   |  0.9700  0.9700  0.9700  0.9700  0.9700  0.9700  0.9700  0.9700  0.9700  0.9700  0.9700  0.9800  0.9800  0.9800  0.9700
  5   |  0.9700  0.9700  0.9700  0.9700  0.9700  0.9700  0.9700  0.9700  0.9700  0.9700  0.9700  0.9800  0.9800  0.9800  0.9700
  6   |  0.9900  0.9900  0.9900  0.9900  0.9900  0.9900  0.9900  0.9900  0.9900  0.9900  0.9900  0.9900  0.9900  0.9900  0.9900
  7   |  1.0000  1.0000  1.0000  1.0000  1.0000  1.0000  1.0000  1.0000  1.0000  1.0000  1.0000  1.0000  1.0000  1.0000  1.0000
  8   |  1.0000  1.0000  1.0000  1.0000  1.0000  1.0000  1.0000  1.0000  1.0000  1.0000  1.0000  1.0000  1.0000  1.0000  1.0000
  9   |  1.0000  1.0000  1.0000  1.0000  1.0000  1.0000  1.0000  1.0000  1.0000  1.0000  1.0000  1.0000  1.0000  1.0000  1.0000
------+------------------------------------------------------------------------------------------------------------------------
                                               
 
 
        Proportion of fish spawning
        ---------------------------
------+--------
AGE   |    2002
------+--------
  0   |  0.0000
  1   |  0.0700
  2   |  0.5900
  3   |  0.8800
  4   |  0.9700
  5   |  0.9700
  6   |  0.9900
  7   |  1.0000
  8   |  1.0000
  9   |  1.0000
------+--------
                                               
 
 
 
 INDICES OF SPAWNING BIOMASS                                                    
  
 ----------------------------
 
          INDEX
        -------
------+------------------------------------------------------------------------------------------------------------------------
      |    1972    1973    1974    1975    1976    1977    1978    1979    1980    1981    1982    1983    1984    1985    1986
------+------------------------------------------------------------------------------------------------------------------------
  1   | ******* ******* ******* ******* ******* ******* ******* ******* ******* ******* ******* ******* ******* ******* *******
------+------------------------------------------------------------------------------------------------------------------------
       x 10 ^ 3                                
 
 
          INDEX
        -------
------+------------------------------------------------------------------------------------------------------------------------
      |    1987    1988    1989    1990    1991    1992    1993    1994    1995    1996    1997    1998    1999    2000    2001
------+------------------------------------------------------------------------------------------------------------------------
  1   | *******  238.27  255.81  221.64  240.80  270.52  287.23  287.20  299.71  277.25  252.79  224.32  232.04  235.12  254.22
------+------------------------------------------------------------------------------------------------------------------------
       x 10 ^ 3                                
 
 
          INDEX
        -------
------+--------
      |    2002
------+--------
  1   |  233.91
------+--------
       x 10 ^ 3                                
 
 
 
 AGE-STRUCTURED INDICES                                                         
  
 -----------------------
 
        FLT01: Dummy survey
        -------------------
------+--------------------------------
AGE   |    1981    1982    1983    1984
------+--------------------------------
  1   |  266.10  203.00   43.60   15.24
  2   |  506.40  435.90  712.70   79.51
  3   |  225.10  483.60  444.60  661.83
  4   |   31.70  184.10  391.60  374.60
  5   |  174.80   24.70  130.40  238.20
  6   |  158.50  136.60   20.20   92.00
  7   |   99.50  108.60   91.30   15.54
  8   |  116.60   84.50   70.90   51.47
  9   |   35.30   87.00   47.10   39.27
------+--------------------------------
       x 10 ^ 3                                
 
 
 
        Fishing Mortality (per year)
        ----------------------------
------+------------------------------------------------------------------------------------------------------------------------
AGE   |    1972    1973    1974    1975    1976    1977    1978    1979    1980    1981    1982    1983    1984    1985    1986
------+------------------------------------------------------------------------------------------------------------------------
  0   | 0.00699 0.00598 0.00860 0.00541 0.00723 0.01033 0.00997 0.01013 0.00894 0.00987 0.00925 0.00938 0.00644 0.00619 0.00988
  1   | 0.02645 0.02261 0.03256 0.02046 0.02736 0.03909 0.03773 0.03833 0.03385 0.03737 0.03499 0.03551 0.02437 0.02343 0.03738
  2   | 0.05854 0.05005 0.07208 0.04529 0.06055 0.08653 0.08351 0.08483 0.07492 0.08271 0.07745 0.07860 0.05393 0.05185 0.08274
  3   | 0.11550 0.09875 0.14220 0.08936 0.11947 0.17071 0.16476 0.16736 0.14782 0.16318 0.15280 0.15507 0.10640 0.10230 0.16324
  4   | 0.17657 0.15096 0.21739 0.13661 0.18264 0.26097 0.25188 0.25585 0.22598 0.24946 0.23360 0.23706 0.16267 0.15640 0.24956
  5   | 0.20083 0.17170 0.24726 0.15538 0.20773 0.29683 0.28649 0.29101 0.25703 0.28373 0.26570 0.26963 0.18502 0.17789 0.28385
  6   | 0.22712 0.19418 0.27963 0.17571 0.23493 0.33568 0.32399 0.32910 0.29068 0.32088 0.30048 0.30493 0.20924 0.20117 0.32100
  7   | 0.26019 0.22246 0.32035 0.20130 0.26914 0.38457 0.37117 0.37703 0.33301 0.36761 0.34424 0.34933 0.23971 0.23047 0.36775
  8   | 0.24100 0.20604 0.29671 0.18645 0.24928 0.35619 0.34378 0.34921 0.30844 0.34048 0.31884 0.32356 0.22202 0.21347 0.34062
  9   | 0.24100 0.20604 0.29671 0.18645 0.24928 0.35619 0.34378 0.34921 0.30844 0.34048 0.31884 0.32356 0.22202 0.21347 0.34062
------+------------------------------------------------------------------------------------------------------------------------
                                               
 
 
        Fishing Mortality (per year)
        ----------------------------
------+------------------------------------------------------------------------------------------------------------------------
AGE   |    1987    1988    1989    1990    1991    1992    1993    1994    1995    1996    1997    1998    1999    2000    2001
------+------------------------------------------------------------------------------------------------------------------------
  0   | 0.00970 0.00769 0.00945 0.00914 0.00634 0.01041 0.00525 0.00993 0.00797 0.00921 0.01031 0.01037 0.00839 0.00571 0.00762
  1   | 0.03671 0.02909 0.03578 0.03460 0.02400 0.03939 0.01988 0.03757 0.03018 0.03487 0.03901 0.03926 0.03174 0.02162 0.02883
  2   | 0.08126 0.06439 0.07919 0.07659 0.05311 0.08718 0.04401 0.08316 0.06679 0.07717 0.08635 0.08689 0.07025 0.04785 0.06381
  3   | 0.16032 0.12703 0.15623 0.15110 0.10479 0.17200 0.08682 0.16407 0.13178 0.15225 0.17036 0.17143 0.13859 0.09441 0.12589
  4   | 0.24509 0.19420 0.23884 0.23100 0.16020 0.26294 0.13273 0.25083 0.20146 0.23276 0.26044 0.26208 0.21187 0.14433 0.19246
  5   | 0.27876 0.22088 0.27165 0.26274 0.18221 0.29907 0.15097 0.28529 0.22914 0.26475 0.29622 0.29809 0.24098 0.16416 0.21890
  6   | 0.31525 0.24979 0.30721 0.29713 0.20606 0.33822 0.17073 0.32263 0.25913 0.29940 0.33500 0.33711 0.27253 0.18565 0.24755
  7   | 0.36116 0.28617 0.35196 0.34040 0.23607 0.38747 0.19560 0.36962 0.29687 0.34300 0.38379 0.38620 0.31222 0.21268 0.28361
  8   | 0.33451 0.26506 0.32599 0.31528 0.21865 0.35888 0.18116 0.34235 0.27496 0.31769 0.35547 0.35771 0.28918 0.19699 0.26268
  9   | 0.33451 0.26506 0.32599 0.31528 0.21865 0.35888 0.18116 0.34235 0.27496 0.31769 0.35547 0.35771 0.28918 0.19699 0.26268
------+------------------------------------------------------------------------------------------------------------------------
                                               
 
 
        Fishing Mortality (per year)
        ----------------------------
------+--------
AGE   |    2002
------+--------
  0   | 0.00641
  1   | 0.02426
  2   | 0.05370
  3   | 0.10595
  4   | 0.16198
  5   | 0.18423
  6   | 0.20835
  7   | 0.23869
  8   | 0.22108
  9   | 0.22108
------+--------
                                               
 
 
 
        Population Abundance (1 January)
        --------------------------------
------+------------------------------------------------------------------------------------------------------------------------
AGE   |    1972    1973    1974    1975    1976    1977    1978    1979    1980    1981    1982    1983    1984    1985    1986
------+------------------------------------------------------------------------------------------------------------------------
  0   |  558.82  413.21  577.12  374.98  591.64  361.17  752.85  759.90  345.84  224.34  413.21  202.57  496.90  374.98  752.85
  1   |  334.34  477.63  353.54  492.48  321.01  505.56  307.67  641.56  647.46  295.01  191.20  352.38  172.72  424.94  320.76
  2   |   74.86  280.25  401.91  294.54  415.29  268.84  418.46  255.01  531.43  538.73  244.61  158.90  292.72  145.09  357.28
  3   |  327.25   60.77  229.44  321.87  242.29  336.44  212.21  331.31  201.63  424.39  426.88  194.84  126.43  238.72  118.57
  4   |  204.25  250.94   47.39  171.31  253.36  185.06  244.13  154.91  241.22  149.70  310.28  315.35  143.61   97.84  185.48
  5   |  151.93  147.34  185.72   32.82  128.62  181.66  122.69  163.34  103.23  165.63  100.40  211.42  214.14  105.05   72.02
  6   |  100.17  106.98  106.81  124.84   24.18   89.94  116.20   79.30  105.09   68.71  107.34   66.25  138.97  153.18   75.68
  7   |   63.53   68.70   75.83   69.51   90.13   16.46   55.34   72.34   49.11   67.64   42.91   68.41   42.04   97.03  107.82
  8   |   49.85   42.16   47.34   47.37   48.92   59.27    9.64   32.86   42.71   30.30   40.31   26.18   41.52   28.47   66.32
  9   |   45.32   60.16   65.95   70.18   79.76   79.07   77.94   48.11   44.08   50.24   44.19   52.01   45.68   55.67   55.03
------+------------------------------------------------------------------------------------------------------------------------
       x 10 ^ 6                                
 
 
        Population Abundance (1 January)
        --------------------------------
------+------------------------------------------------------------------------------------------------------------------------
AGE   |    1987    1988    1989    1990    1991    1992    1993    1994    1995    1996    1997    1998    1999    2000    2001
------+------------------------------------------------------------------------------------------------------------------------
  0   |  374.98  105.69  752.85  456.09  511.74  509.31  361.17  481.40  361.17  392.36  509.31  374.98  169.05  438.51  361.17
  1   |  641.62  319.64   90.27  641.89  388.99  437.67  433.83  309.23  410.25  308.39  334.61  433.87  319.42  144.28  375.28
  2   |  265.95  532.34  267.22   74.97  533.69  326.86  362.16  366.05  256.34  342.61  256.34  276.98  359.06  266.34  121.53
  3   |  283.09  211.04  429.62  212.49   59.77  435.59  257.85  298.29  289.92  206.38  272.99  202.38  218.56  288.08  218.53
  4   |   86.68  207.57  159.98  316.29  157.24   46.32  315.67  203.48  217.89  218.73  152.55  198.16  146.75  163.77  225.62
  5   |  124.39   58.39  147.12  108.44  216.08  115.31   30.65  237.93  136.28  153.32  149.17  101.19  131.23  102.19  122.01
  6   |   46.67   81.02   40.30   96.51   71.77  155.00   73.59   22.69  153.96   93.28  101.27   95.47   64.65   88.77   74.64
  7   |   47.26   29.31   54.32   25.51   61.71   50.27   95.13   53.40   14.14  102.26   59.51   62.35   58.66   42.37   63.46
  8   |   64.24   28.34   18.95   32.88   15.62   41.95   29.37   67.33   31.76    9.05   62.46   34.90   36.47   36.95   29.48
  9   |   69.69   79.56   66.29   49.89   45.54   35.25   43.37   50.03   67.96   63.33   40.81   59.11   50.46   52.99   62.63
------+------------------------------------------------------------------------------------------------------------------------
       x 10 ^ 6                                
 
 
        Population Abundance (1 January)
        --------------------------------
------+----------------
AGE   |    2002    2003
------+----------------
  0   |  752.85  336.42
  1   |  308.50  643.84
  2   |  313.83  259.16
  3   |   98.14  255.99
  4   |  165.84   75.97
  5   |  160.19  121.40
  6   |   84.37  114.68
  7   |   50.16   58.96
  8   |   41.13   34.00
  9   |   54.13   65.73
------+----------------
       x 10 ^ 6                                
 
 
 
        Weighting factors for the catches in number
        -------------------------------------------
------+----------------------------------------------------------------------------------------
AGE   |    1992    1993    1994    1995    1996    1997    1998    1999    2000    2001    2002
------+----------------------------------------------------------------------------------------
  0   |  0.0200  0.0200  0.0200  0.0200  0.0200  0.0200  0.0200  0.0200  0.0200  0.0200  0.0200
  1   |  1.0000  1.0000  1.0000  1.0000  1.0000  1.0000  1.0000  1.0000  1.0000  1.0000  1.0000
  2   |  1.0000  1.0000  1.0000  1.0000  1.0000  1.0000  1.0000  1.0000  1.0000  1.0000  1.0000
  3   |  1.0000  1.0000  1.0000  1.0000  1.0000  1.0000  1.0000  1.0000  1.0000  1.0000  1.0000
  4   |  1.0000  1.0000  1.0000  1.0000  1.0000  1.0000  1.0000  1.0000  1.0000  1.0000  1.0000
  5   |  1.0000  1.0000  1.0000  1.0000  1.0000  1.0000  1.0000  1.0000  1.0000  1.0000  1.0000
  6   |  1.0000  1.0000  1.0000  1.0000  1.0000  1.0000  1.0000  1.0000  1.0000  1.0000  1.0000
  7   |  1.0000  1.0000  1.0000  1.0000  1.0000  1.0000  1.0000  1.0000  1.0000  1.0000  1.0000
  8   |  1.0000  1.0000  1.0000  1.0000  1.0000  1.0000  1.0000  1.0000  1.0000  1.0000  1.0000
------+----------------------------------------------------------------------------------------
                                               
 
 
 
 Predicted SSB Index Values                                                     
  
 ---------------------------
 
          INDEX
        -------
------+------------------------------------------------------------------------------------------------------------------------
      |    1972    1973    1974    1975    1976    1977    1978    1979    1980    1981    1982    1983    1984    1985    1986
------+------------------------------------------------------------------------------------------------------------------------
  1   | ******* ******* ******* ******* ******* ******* ******* ******* ******* ******* ******* ******* ******* ******* *******
------+------------------------------------------------------------------------------------------------------------------------
       x 10 ^ 3                                
 
 
          INDEX
        -------
------+------------------------------------------------------------------------------------------------------------------------
      |    1987    1988    1989    1990    1991    1992    1993    1994    1995    1996    1997    1998    1999    2000    2001
------+------------------------------------------------------------------------------------------------------------------------
  1   | *******  238.27  255.81  221.64  240.80  270.52  287.23  287.20  299.71  277.25  252.79  224.32  232.04  235.12  254.22
------+------------------------------------------------------------------------------------------------------------------------
       x 10 ^ 3                                
 
 
          INDEX
        -------
------+--------
      |    2002
------+--------
  1   |  233.91
------+--------
       x 10 ^ 3                                
 
 
 
 Predicted Age-Structured Index Values                                          
  
 --------------------------------------
 
        FLT01: Dummy survey Predicted
        -----------------------------
------+--------------------------------
AGE   |    1981    1982    1983    1984
------+--------------------------------
  1   |   94.11   61.07  112.53   55.50
  2   |  640.53  291.67  189.36  353.58
  3   |  687.48  695.47  317.05  211.31
  4   |  117.69  246.07  249.62  118.43
  5   |  105.68   64.70  135.95  144.26
  6   |   59.07   93.32   57.46  127.03
  7   |   76.93   49.43   78.59   51.30
  8   |   67.65   91.07   58.99   98.94
  9   |   50.09   44.58   52.33   48.61
------+--------------------------------
       x 10 ^ 3                                
 
 
 
        Fitted Selection Pattern
        ------------------------
------+------------------------------------------------------------------------------------------------------------------------
AGE   |    1972    1973    1974    1975    1976    1977    1978    1979    1980    1981    1982    1983    1984    1985    1986
------+------------------------------------------------------------------------------------------------------------------------
  0   |  0.0348  0.0348  0.0348  0.0348  0.0348  0.0348  0.0348  0.0348  0.0348  0.0348  0.0348  0.0348  0.0348  0.0348  0.0348
  1   |  0.1317  0.1317  0.1317  0.1317  0.1317  0.1317  0.1317  0.1317  0.1317  0.1317  0.1317  0.1317  0.1317  0.1317  0.1317
  2   |  0.2915  0.2915  0.2915  0.2915  0.2915  0.2915  0.2915  0.2915  0.2915  0.2915  0.2915  0.2915  0.2915  0.2915  0.2915
  3   |  0.5751  0.5751  0.5751  0.5751  0.5751  0.5751  0.5751  0.5751  0.5751  0.5751  0.5751  0.5751  0.5751  0.5751  0.5751
  4   |  0.8792  0.8792  0.8792  0.8792  0.8792  0.8792  0.8792  0.8792  0.8792  0.8792  0.8792  0.8792  0.8792  0.8792  0.8792
  5   |  1.0000  1.0000  1.0000  1.0000  1.0000  1.0000  1.0000  1.0000  1.0000  1.0000  1.0000  1.0000  1.0000  1.0000  1.0000
  6   |  1.1309  1.1309  1.1309  1.1309  1.1309  1.1309  1.1309  1.1309  1.1309  1.1309  1.1309  1.1309  1.1309  1.1309  1.1309
  7   |  1.2956  1.2956  1.2956  1.2956  1.2956  1.2956  1.2956  1.2956  1.2956  1.2956  1.2956  1.2956  1.2956  1.2956  1.2956
  8   |  1.2000  1.2000  1.2000  1.2000  1.2000  1.2000  1.2000  1.2000  1.2000  1.2000  1.2000  1.2000  1.2000  1.2000  1.2000
  9   |  1.2000  1.2000  1.2000  1.2000  1.2000  1.2000  1.2000  1.2000  1.2000  1.2000  1.2000  1.2000  1.2000  1.2000  1.2000
------+------------------------------------------------------------------------------------------------------------------------
                                               
 
 
        Fitted Selection Pattern
        ------------------------
------+------------------------------------------------------------------------------------------------------------------------
AGE   |    1987    1988    1989    1990    1991    1992    1993    1994    1995    1996    1997    1998    1999    2000    2001
------+------------------------------------------------------------------------------------------------------------------------
  0   |  0.0348  0.0348  0.0348  0.0348  0.0348  0.0348  0.0348  0.0348  0.0348  0.0348  0.0348  0.0348  0.0348  0.0348  0.0348
  1   |  0.1317  0.1317  0.1317  0.1317  0.1317  0.1317  0.1317  0.1317  0.1317  0.1317  0.1317  0.1317  0.1317  0.1317  0.1317
  2   |  0.2915  0.2915  0.2915  0.2915  0.2915  0.2915  0.2915  0.2915  0.2915  0.2915  0.2915  0.2915  0.2915  0.2915  0.2915
  3   |  0.5751  0.5751  0.5751  0.5751  0.5751  0.5751  0.5751  0.5751  0.5751  0.5751  0.5751  0.5751  0.5751  0.5751  0.5751
  4   |  0.8792  0.8792  0.8792  0.8792  0.8792  0.8792  0.8792  0.8792  0.8792  0.8792  0.8792  0.8792  0.8792  0.8792  0.8792
  5   |  1.0000  1.0000  1.0000  1.0000  1.0000  1.0000  1.0000  1.0000  1.0000  1.0000  1.0000  1.0000  1.0000  1.0000  1.0000
  6   |  1.1309  1.1309  1.1309  1.1309  1.1309  1.1309  1.1309  1.1309  1.1309  1.1309  1.1309  1.1309  1.1309  1.1309  1.1309
  7   |  1.2956  1.2956  1.2956  1.2956  1.2956  1.2956  1.2956  1.2956  1.2956  1.2956  1.2956  1.2956  1.2956  1.2956  1.2956
  8   |  1.2000  1.2000  1.2000  1.2000  1.2000  1.2000  1.2000  1.2000  1.2000  1.2000  1.2000  1.2000  1.2000  1.2000  1.2000
  9   |  1.2000  1.2000  1.2000  1.2000  1.2000  1.2000  1.2000  1.2000  1.2000  1.2000  1.2000  1.2000  1.2000  1.2000  1.2000
------+------------------------------------------------------------------------------------------------------------------------
                                               
 
 
        Fitted Selection Pattern
        ------------------------
------+--------
AGE   |    2002
------+--------
  0   |  0.0348
  1   |  0.1317
  2   |  0.2915
  3   |  0.5751
  4   |  0.8792
  5   |  1.0000
  6   |  1.1309
  7   |  1.2956
  8   |  1.2000
  9   |  1.2000
------+--------
                                               
 
 
 
 
 
                    STOCK SUMMARY                                             
 
 
 ³ Year ³  Recruits  ³  Total  ³ Spawning³ Landings ³ Yield ³ Mean F ³ SoP ³    
 ³      ³   Age   0  ³ Biomass ³ Biomass ³          ³ /SSB  ³  Ages  ³     ³ 
 ³      ³  thousands ³  tonnes ³ tonnes  ³ tonnes   ³ ratio ³  4- 7  ³ (%) ³ 
 
   1972       558820    393108    288012     65335   0.2268   0.2162    99
   1973       413210    393083    266631     52127   0.1955   0.1848    99
   1974       577110    386821    257338     69757   0.2711   0.2662   100
   1975       374980    391602    263843     42847   0.1624   0.1672    99
   1976       591640    401539    277968     58839   0.2117   0.2236    99
   1977       361160    408653    266507     82071   0.3080   0.3195   100
   1978       752850    389598    264942     72590   0.2740   0.3084   100
   1979       759890    400652    253287     70586   0.2787   0.3132   100
   1980       345830    419305    261796     72261   0.2760   0.2767   100
   1981       224340    425761    294277     82744   0.2812   0.3054    99
   1982       413210    366650    274611     79402   0.2891   0.2860   100
   1983       202560    355763    260407     75009   0.2880   0.2902    99
   1984       496900    328972    250089     48675   0.1946   0.1992   100
   1985       374980    338346    249760     53030   0.2123   0.1915   100
   1986       752850    331415    233135     79247   0.3399   0.3055    99
   1987       374980    327629    216746     73516   0.3392   0.3001   100
   1988       105690    337522    238270     61095   0.2564   0.2378    99
   1989       752850    339407    255805     75826   0.2964   0.2924    99
   1990       456080    317599    221639     73740   0.3327   0.2828   100
   1991       511730    340455    240797     51414   0.2135   0.1961   100
   1992       509300    393841    270516     88436   0.3269   0.3219    99
   1993       361160    394537    287232     46438   0.1617   0.1625   100
   1994       481390    399900    287200     94382   0.3286   0.3071   100
   1995       361160    407769    299713     74235   0.2477   0.2466    99
   1996       392350    376322    277254     81620   0.2944   0.2850    99
   1997       509300    353384    252792     81341   0.3218   0.3189   100
   1998       374980    322704    224316     76379   0.3405   0.3209   100
   1999       169040    330485    232037     60598   0.2612   0.2594    99
   2000       438500    306490    235116     43103   0.1833   0.1767    99
   2001       361160    338952    254221     60403   0.2376   0.2356    99
   2002       752850    317973    233909     49376   0.2111   0.1983   100
 
 -----------------------------------------------------------------            
 No of years for separable analysis : 11                                      
 Age range in the analysis : 0  . . . 9                                       
 Year range in the analysis : 1972  . . . 2002                                
 Number of indices of SSB : 1                                                 
 Number of age-structured indices : 1                                         
                                                                              
 Parameters to estimate : 46                                                  
 Number of observations : 150                                                 
                                                                              
 Conventional single selection vector model to be fitted.                     
                                                                              
                                                                              
                                                                              
 -----------------------------------------------------------------            
 
 
 PARAMETER ESTIMATES                                                            
  
 
 ³Parm.³      ³ Maximum ³    ³        ³         ³         ³         ³ Mean of ³ 
  
 ³ No. ³      ³ Likelh. ³ CV ³  Lower ³ Upper   ³  -s.e.  ³   +s.e. ³ Param.  ³ 
  
 ³     ³      ³ Estimate³ (%)³ 95% CL ³ 95% CL  ³         ³         ³ Distrib.³ 
  
 Separable model : F by year                                                    
  
    1   1992     0.2991   0    0.2946    0.3036    0.2968    0.3014    0.2991
    2   1993     0.1510   0    0.1487    0.1532    0.1498    0.1521    0.1510
    3   1994     0.2853   0    0.2812    0.2895    0.2832    0.2874    0.2853
    4   1995     0.2291   0    0.2258    0.2325    0.2274    0.2308    0.2291
    5   1996     0.2647   0    0.2610    0.2685    0.2628    0.2667    0.2648
    6   1997     0.2962   0    0.2921    0.3004    0.2941    0.2984    0.2962
    7   1998     0.2981   0    0.2939    0.3023    0.2960    0.3002    0.2981
    8   1999     0.2410   0    0.2376    0.2444    0.2393    0.2427    0.2410
    9   2000     0.1642   0    0.1619    0.1664    0.1630    0.1653    0.1642
   10   2001     0.2189   0    0.2158    0.2220    0.2173    0.2205    0.2189
   11   2002     0.1842   0    0.1814    0.1871    0.1828    0.1857    0.1842
 
 Separable Model: Selection (S) by age                                          
  
   12      0     0.0348   3    0.0325    0.0373    0.0336    0.0360    0.0348
   13      1     0.1317   0    0.1297    0.1337    0.1307    0.1327    0.1317
   14      2     0.2915   0    0.2874    0.2956    0.2894    0.2936    0.2915
   15      3     0.5751   0    0.5675    0.5828    0.5712    0.5790    0.5751
   16      4     0.8792   0    0.8683    0.8902    0.8736    0.8848    0.8792
           5     1.0000     Fixed : Reference Age             
   17      6     1.1309   0    1.1181    1.1439    1.1243    1.1375    1.1309
   18      7     1.2956   0    1.2811    1.3103    1.2882    1.3031    1.2956
           8     1.2000     Fixed : Last true age             
 
 Separable model: Populations in year 2002                                    
   19      0     752850  11     599898    944800    670481    845338    757921
   20      1     308500   1     297498    319909    302837    314269    308553
   21      2     313825   1     306162    321679    309892    317808    313850
   22      3      98135   1      96112    100200     97098     99183     98140
   23      4     165839   0     163104    168621    164438    167253    165845
   24      5     160191   0     157971    162442    159054    161336    160195
   25      6      84371   0      83221     85537     83783     84964     84373
   26      7      50155   0      49474     50844     49806     50505     50156
   27      8      41129   0      40574     41692     40845     41415     41130
 
Separable model: Populations at age
   28   1992      41946   1      40604     43332     41256     42648     41952
   29   1993      29367   1      28640     30111     28994     29744     29369
   30   1994      67331   1      66019     68669     66658     68010     67334
   31   1995      31758   0      31147     32380     31445     32074     31759
   32   1996       9044   0       8880      9211      8960      9129      9044
   33   1997      62460   0      61545     63389     61991     62932     62462
   34   1998      34895   0      34367     35432     34625     35168     34896
   35   1999      36472   0      35941     37012     36200     36747     36473
   36   2000      36947   0      36423     37478     36679     37217     36948
   37   2001      29479   0      29072     29892     29270     29689     29480
 
 SSB Index catchabilities                                                       
  
   INDEX                                 
 Absolute estimator. No fitted catchability.                                    
  
 
 
 
 Age-structured index catchabilities                                            
  
                                        FLT01: Dummy survey                     
 
 Linear model fitted. Slopes at age :                                           
  
   38   1  Q  .3536      23 .2826     .7060     .3536     .5642     .4590    
   39   2  Q  1.351      23 1.080     2.698     1.351     2.156     1.754    
   40   3  Q  1.924      23 1.538     3.842     1.924     3.070     2.498    
   41   4  Q  .9793      23 .7826     1.955     .9793     1.562     1.271    
   42   5  Q  .8100      23 .6473     1.617     .8100     1.292     1.051    
   43   6  Q  1.114      23 .8901     2.224     1.114     1.777     1.446    
   44   7  Q  1.512      23 1.208     3.019     1.512     2.412     1.963    
   45   8  Q  2.924      23 2.337     5.838     2.924     4.665     3.795    
   46   9  Q  1.306      23 1.043     2.607     1.306     2.083     1.695    
 
 
 
 RESIDUALS ABOUT THE MODEL FIT                                                  
  
 ------------------------------
 
        Separable Model Residuals
        -------------------------
------+----------------------------------------------------------------------------------------
Age   |    1992    1993    1994    1995    1996    1997    1998    1999    2000    2001    2002
------+----------------------------------------------------------------------------------------
  0   | ******* ******* ******* ******* ******* ******* ******* ******* ******* ******* *******
  1   | ******* ******* ******* ******* ******* ******* ******* ******* ******* ******* *******
  2   | ******* ******* ******* ******* ******* ******* ******* ******* ******* ******* *******
  3   | ******* ******* ******* ******* ******* ******* ******* ******* ******* ******* *******
  4   | ******* ******* ******* ******* ******* ******* ******* ******* ******* ******* *******
  5   | ******* ******* ******* ******* ******* ******* ******* ******* ******* ******* *******
  6   | ******* ******* ******* ******* ******* ******* ******* ******* ******* ******* *******
  7   | ******* ******* ******* ******* ******* ******* ******* ******* ******* ******* *******
  8   | ******* ******* ******* ******* ******* ******* ******* ******* ******* ******* *******
------+----------------------------------------------------------------------------------------
                                               
 
 
 
 SPAWNING BIOMASS INDEX RESIDUALS                                               
  
 ---------------------------------
 
          INDEX
        -------
------+------------------------------------------------------------------------------------------------------------------------
      |    1972    1973    1974    1975    1976    1977    1978    1979    1980    1981    1982    1983    1984    1985    1986
------+------------------------------------------------------------------------------------------------------------------------
  1   | ******* ******* ******* ******* ******* ******* ******* ******* ******* ******* ******* ******* ******* ******* *******
------+------------------------------------------------------------------------------------------------------------------------
                                               
 
 
          INDEX
        -------
------+------------------------------------------------------------------------------------------------------------------------
      |    1987    1988    1989    1990    1991    1992    1993    1994    1995    1996    1997    1998    1999    2000    2001
------+------------------------------------------------------------------------------------------------------------------------
  1   | ******* ******* ******* ******* ******* ******* ******* ******* ******* ******* ******* ******* ******* ******* *******
------+------------------------------------------------------------------------------------------------------------------------
                                               
 
 
          INDEX
        -------
------+--------
      |    2002
------+--------
  1   | *******
------+--------
                                               
 
 
 
 AGE-STRUCTURED INDEX RESIDUALS                                                 
  
 -------------------------------
 
        FLT01: Dummy survey
        -------------------
------+--------------------------------
Age   |    1981    1982    1983    1984
------+--------------------------------
  1   |   1.039   1.201  -0.948  -1.292
  2   |  -0.235   0.402   1.325  -1.492
  3   |  -1.116  -0.363   0.338   1.142
  4   |  -1.312  -0.290   0.450   1.152
  5   |   0.503  -0.963  -0.042   0.501
  6   |   0.987   0.381  -1.045  -0.323
  7   |   0.257   0.787   0.150  -1.194
  8   |   0.544  -0.075   0.184  -0.654
  9   |  -0.350   0.669  -0.105  -0.213
------+--------------------------------
                                               
 
 
 
 
 
 
 PARAMETERS OF THE DISTRIBUTION OF ln(CATCHES AT AGE)                           
  
 -----------------------------------------------------
 
 Separable model fitted from 1992  to 2002                                    
 Variance                             0.0000
Skewness test stat.                  -0.6010
Kurtosis test statistic               1.5414
Partial chi-square                    0.0000
Significance in fit                   0.0000
Degrees of freedom                        62
 
 
 PARAMETERS OF DISTRIBUTIONS OF THE SSB INDICES                                 
  
 -----------------------------------------------
 
 
   DISTRIBUTION STATISTICS FOR   INDEX                                          
 
 
 Index used as absolute measure of abundance                                    
  
 Last age is a plus-group                                                       
  
 
 Variance                             0.0000
Skewness test stat.                  -1.1338
Kurtosis test statistic               0.9152
Partial chi-square                    0.0000
Significance in fit                   0.0000
Number of observations                    15
Degrees of freedom                        15
Weight in the analysis                5.0000
 
 PARAMETERS OF THE DISTRIBUTION OF THE AGE-STRUCTURED INDICES                   
  
 ------------------------------------------------------------ 
 
 
   DISTRIBUTION STATISTICS FOR FLT01: Dummy survey                              
 
 
 Linear catchability relationship assumed                                       
  
 
 Age                          1         2         3         4         5         6         7         8         9
 Variance                0.0019    0.0016    0.0010    0.0012    0.0005    0.0009    0.0008    0.0003    0.0002
Skewness test stat.     -0.0220   -0.1788    0.0304   -0.1779   -0.6083   -0.0737   -0.6260   -0.2742    0.8082
Kurtosis test statisti  -0.7936   -0.4774   -0.5391   -0.5242   -0.4405   -0.5627   -0.3563   -0.4632   -0.3206
Partial chi-square       0.0005    0.0004    0.0002    0.0003    0.0001    0.0002    0.0002    0.0001    0.0001
Significance in fit      0.0000    0.0000    0.0000    0.0000    0.0000    0.0000    0.0000    0.0000    0.0000
Number of observations        4         4         4         4         4         4         4         4         4
Degrees of freedom            3         3         3         3         3         3         3         3         3
Weight in the analysis   0.0011    0.0011    0.0011    0.0011    0.0011    0.0011    0.0011    0.0011    0.0011
 
 ANALYSIS OF VARIANCE                   
--------------------------
 
 Unweighted Statistics                                                          
  
 
                                                                                
  
Variance                              
                                       SSQ     Data    Parameters d.f. Variance
Total for model                        22.6956     150         46  104   0.2182
Catches at age                          0.0000      99         37   62   0.0000
  
SSB Indices                           
  INDEX                                 0.0000      15          0   15   0.0000
  
 Aged Indices                                                                   
  
FLT01: Dummy survey                    22.6956      36          9   27   0.8406
 
 
 Weighted Statistics                                                            
  
 
                                                                                
  
Variance                              
                                       SSQ     Data    Parameters d.f. Variance
Total for model                         0.0000     150         46  104   0.0000
Catches at age                          0.0000      99         37   62   0.0000
  
SSB Indices                           
  INDEX                                 0.0000      15          0   15   0.0000
  
 Aged Indices                                                                   
  
FLT01: Dummy survey                     0.0000      36          9   27   0.0000
 
