 Output Generated by ICA Version 1.4                                            
  
 ------------------------------------
 
        Mackerel NE Atlantic  WG2003
        ----------------------------
 
        Catch in Number
        ---------------
------+------------------------------------------------------------------------------------------------------------------------
AGE   |    1972    1973    1974    1975    1976    1977    1978    1979    1980    1981    1982    1983    1984    1985    1986
------+------------------------------------------------------------------------------------------------------------------------
  0   |   4291.    955.   5479.   4386.   2887.   3047.   4663.    549.   4860.   2858.   2722.   3538.   2406.   1468.   3480.
  1   |  13356.   9816.   3941.  20690.   8901.   8974.  17241.   8288.   3166.   9532.   9515.  12480.   8799.   7806.   5748.
  2   |  34391.  17413.  23078.   8430.  23917.  15842.  28799.  17443.  27123.   3530.  18136.  24770.  17631.  16256.  17338.
  3   |  37964.  38238.  34877.  41650.   8302.  36587.  42985.  24803.  48268.  25680.   5752.  39978.  29667.  27740.  30549.
  4   |  35516.  30749.  55982.  45398.  29806.   9373.  72040.  26840.  49819.  33048.  30749.   9203.  34619.  34036.  37747.
  5   |  31991.  20369.  32156.  51505.  22929.  24143.  13161.  31640.  38461.  23966.  28314.  35008.   5614.  28250.  32843.
  6   |  23815.  17763.  20657.  28525.  25157.  18084.  32777.   5584.  43842.  17855.  19956.  31169.  20610.   4438.  26329.
  7   |  13279.  12990.  17720.  17906.  13671.  19616.  24059.  13631.   7584.  19922.  14665.  21531.  17957.  16009.   4050.
  8   |   7425.   5775.  10421.  12317.   6827.   8555.  21065.   7939.  14947.   2736.  13133.  12735.   9885.  11177.  11726.
  9   |  16515.  10485.  12734.  16095.  11020.  11495.  22165.  14685.  25235.  14963.  11486.  20855.  15600.  15938.  21167.
------+------------------------------------------------------------------------------------------------------------------------
       x 10 ^ 3                                
 
 
        Catch in Number
        ---------------
------+------------------------------------------------------------------------------------------------------------------------
AGE   |    1987    1988    1989    1990    1991    1992    1993    1994    1995    1996    1997    1998    1999    2000    2001
------+------------------------------------------------------------------------------------------------------------------------
  0   |   5178.   2083.   5147.   3081.   2371.   4633.   1342.   4296.    925.   1354.   1015.   3733.   3556.   3790.   3971.
  1   |  12028.  11518.   9503.  12947.   7313.  12462.  11487.   4707.  16516.   2103.   6666.   2605.   9292.  14095.  11211.
  2   |  11228.  15204.  29790.  13558.  17559.  21850.  17551.  22920.  10248.  21352.   5862.   9675.   3693.  20964.  23709.
  3   |  28458.  12040.  33223.  35941.  15748.  44515.  26092.  29762.  42077.  11246.  50140.   7160.  11686.   7087.  29954.
  4   |  35942.  22062.  19041.  28886.  30597.  29082.  38443.  32197.  39386.  33421.  19059.  43861.   6296.  16353.   7353.
  5   |  31211.  19602.  24779.  11635.  17506.  40367.  17696.  33718.  30112.  22034.  40183.  11661.  27316.   6280.  12017.
  6   |  26113.  16425.  21261.  14591.   6845.  22366.  23708.  15023.  30399.  16264.  25554.  23627.   7029.  26395.   4462.
  7   |  20393.  13449.  17437.  12231.   8458.   8586.  12856.  19754.  13231.  16077.  18434.  14633.  13985.   6673.  18391.
  8   |   2509.   8355.  11487.   7989.   5664.   8557.   3933.   8591.  13955.   5570.  14675.   8398.   6913.  10669.   3718.
  9   |  20000.   9044.  14684.  11863.   9194.  16071.  11258.   9903.  13014.  11620.  16001.  14817.  11203.  13690.  14105.
------+------------------------------------------------------------------------------------------------------------------------
       x 10 ^ 3                                
 
 
        Catch in Number
        ---------------
------+--------
AGE   |    2002
------+--------
  0   |   4137.
  1   |  15292.
  2   |  24488.
  3   |  43795.
  4   |  40035.
  5   |   6964.
  6   |  10989.
  7   |   3993.
  8   |  13209.
  9   |  12471.
------+--------
       x 10 ^ 3                                
 
 
 
        Predicted Catch in Number
        -------------------------
------+----------------------------------------------------------------------------------------
AGE   |    1992    1993    1994    1995    1996    1997    1998    1999    2000    2001    2002
------+----------------------------------------------------------------------------------------
  0   |   4634.   1342.   4296.    925.   1354.   1015.   3733.   3557.   3790.   3970.   4137.
  1   |  12464.  11488.   4707.  16514.   2103.   6666.   2604.   9293.  14098.  11207.  15291.
  2   |  21852.  17552.  22921.  10247.  21349.   5861.   9674.   3693.  20963.  23710.  24485.
  3   |  44516.  26094.  29763.  42077.  11245.  50132.   7160.  11685.   7086.  29949.  43808.
  4   |  29085.  38446.  32201.  39390.  33424.  19059.  43856.   6296.  16351.   7351.  40043.
  5   |  40370.  17698.  33721.  30116.  22037.  40186.  11661.  27313.   6279.  12015.   6965.
  6   |  22368.  23707.  15023.  30399.  16265.  25555.  23627.   7028.  26389.   4461.  10990.
  7   |   8587.  12857.  19754.  13231.  16077.  18435.  14634.  13985.   6672.  18386.   3994.
  8   |   8557.   3933.   8592.  13954.   5570.  14675.   8399.   6913.  10669.   3718.  13210.
------+----------------------------------------------------------------------------------------
       x 10 ^ 3                                
 
 
 
        Weights at age in the catches (Kg)
        ----------------------------------
------+------------------------------------------------------------------------------------------------------------------------
AGE   |    1972    1973    1974    1975    1976    1977    1978    1979    1980    1981    1982    1983    1984    1985    1986
------+------------------------------------------------------------------------------------------------------------------------
  0   | 0.05200 0.05000 0.05100 0.05000 0.05900 0.05600 0.03600 0.01600 0.05700 0.06000 0.05300 0.05000 0.03100 0.05500 0.03900
  1   | 0.13500 0.14500 0.13600 0.14800 0.13700 0.13600 0.13500 0.13700 0.13100 0.13200 0.13100 0.16800 0.10200 0.14400 0.14600
  2   | 0.27700 0.19400 0.22900 0.17700 0.20700 0.16900 0.16100 0.16100 0.24900 0.24800 0.24900 0.21900 0.18400 0.26200 0.24500
  3   | 0.34100 0.28500 0.26100 0.25900 0.26300 0.27500 0.25000 0.24300 0.28500 0.28700 0.28500 0.27600 0.29500 0.35700 0.33500
  4   | 0.42300 0.36800 0.33400 0.32300 0.32000 0.33300 0.32500 0.31800 0.34500 0.34400 0.34500 0.31000 0.32600 0.41800 0.42300
  5   | 0.46800 0.44800 0.39200 0.34800 0.34600 0.35200 0.34500 0.34800 0.37800 0.37700 0.37800 0.38600 0.34400 0.41700 0.47100
  6   | 0.46800 0.46800 0.48100 0.43000 0.40600 0.40700 0.40300 0.40100 0.45400 0.45400 0.45400 0.42500 0.43100 0.43600 0.44400
  7   | 0.50800 0.50800 0.50800 0.48800 0.44300 0.44600 0.42100 0.41600 0.49800 0.49900 0.49600 0.43500 0.54200 0.52100 0.45700
  8   | 0.53900 0.53900 0.53900 0.53900 0.51800 0.54600 0.51800 0.50600 0.52000 0.51300 0.51300 0.49800 0.48000 0.55500 0.54300
  9   | 0.60271 0.60711 0.60482 0.59882 0.59713 0.58586 0.56609 0.53565 0.56528 0.56312 0.57015 0.57101 0.60881 0.61815 0.61356
------+------------------------------------------------------------------------------------------------------------------------
                                               
 
 
        Weights at age in the catches (Kg)
        ----------------------------------
------+------------------------------------------------------------------------------------------------------------------------
AGE   |    1987    1988    1989    1990    1991    1992    1993    1994    1995    1996    1997    1998    1999    2000    2001
------+------------------------------------------------------------------------------------------------------------------------
  0   | 0.07600 0.05500 0.04900 0.08500 0.06800 0.05100 0.06100 0.04600 0.07200 0.05800 0.07600 0.06500 0.06200 0.06300 0.06900
  1   | 0.17900 0.13300 0.13600 0.15600 0.15600 0.16700 0.13400 0.13600 0.14300 0.14300 0.14300 0.15700 0.17600 0.13500 0.17100
  2   | 0.22300 0.25900 0.23700 0.23300 0.25300 0.23900 0.24000 0.25500 0.23400 0.22600 0.23000 0.22700 0.23600 0.22900 0.22300
  3   | 0.31800 0.32300 0.32000 0.33600 0.32700 0.33300 0.31700 0.33900 0.33300 0.31300 0.29500 0.31000 0.30700 0.30800 0.30700
  4   | 0.39900 0.38800 0.37700 0.37900 0.39400 0.39700 0.37600 0.39000 0.39000 0.37700 0.35900 0.35400 0.36100 0.36700 0.37800
  5   | 0.47400 0.45600 0.43300 0.42300 0.42300 0.46000 0.43600 0.44800 0.45200 0.42500 0.41500 0.40800 0.40600 0.42900 0.42600
  6   | 0.51200 0.52400 0.45600 0.46700 0.46900 0.49500 0.48300 0.51200 0.50100 0.48400 0.45300 0.45200 0.45400 0.46700 0.47700
  7   | 0.49300 0.55500 0.54300 0.52800 0.50600 0.53200 0.52700 0.54300 0.53900 0.51800 0.48100 0.46200 0.50100 0.50400 0.49900
  8   | 0.49800 0.55500 0.59200 0.55200 0.55400 0.55500 0.54800 0.59000 0.57700 0.55100 0.52400 0.51800 0.53700 0.53700 0.54300
  9   | 0.62261 0.62512 0.62181 0.62037 0.62711 0.63487 0.61274 0.64013 0.61345 0.59263 0.57509 0.57145 0.59773 0.58781 0.60375
------+------------------------------------------------------------------------------------------------------------------------
                                               
 
 
        Weights at age in the catches (Kg)
        ----------------------------------
------+--------
AGE   |    2002
------+--------
  0   | 0.05200
  1   | 0.15900
  2   | 0.25500
  3   | 0.30700
  4   | 0.36900
  5   | 0.42600
  6   | 0.46400
  7   | 0.51400
  8   | 0.53900
  9   | 0.61422
------+--------
                                               
 
 
 
        Weights at age in the stock (Kg)
        --------------------------------
------+------------------------------------------------------------------------------------------------------------------------
AGE   |    1972    1973    1974    1975    1976    1977    1978    1979    1980    1981    1982    1983    1984    1985    1986
------+------------------------------------------------------------------------------------------------------------------------
  0   | 0.00800 0.00800 0.00800 0.00800 0.00800 0.00800 0.00800 0.00800 0.00800 0.00800 0.00800 0.00800 0.00000 0.00000 0.00000
  1   | 0.13200 0.13200 0.13000 0.12900 0.12800 0.12700 0.11100 0.11000 0.10900 0.08700 0.08600 0.08600 0.08100 0.08500 0.07700
  2   | 0.17800 0.17700 0.17300 0.17100 0.17000 0.16700 0.17500 0.17400 0.17300 0.18600 0.13500 0.17200 0.19400 0.16500 0.17900
  3   | 0.24300 0.24200 0.23800 0.23600 0.23600 0.23300 0.23800 0.23700 0.23600 0.25200 0.22100 0.23500 0.25300 0.29300 0.26700
  4   | 0.41100 0.30100 0.29600 0.29400 0.29300 0.28900 0.30000 0.29900 0.29700 0.31300 0.28000 0.28000 0.29500 0.30600 0.30400
  5   | 0.35500 0.43800 0.32200 0.31800 0.31800 0.31300 0.34600 0.34500 0.34300 0.32300 0.38500 0.33900 0.32400 0.34100 0.35600
  6   | 0.39800 0.39800 0.46900 0.36500 0.36500 0.36100 0.38200 0.38000 0.37900 0.37800 0.35300 0.37700 0.39300 0.38400 0.35100
  7   | 0.43300 0.43300 0.43300 0.49700 0.41900 0.41600 0.41000 0.40800 0.40700 0.41900 0.40800 0.40400 0.43600 0.43000 0.41600
  8   | 0.45900 0.45900 0.45900 0.45900 0.51200 0.44600 0.43200 0.43000 0.42900 0.43400 0.43700 0.43900 0.44100 0.45900 0.47300
  9   | 0.51731 0.52142 0.51914 0.51295 0.51147 0.53244 0.49836 0.48423 0.48460 0.47464 0.49674 0.51767 0.50646 0.52790 0.47935
------+------------------------------------------------------------------------------------------------------------------------
                                               
 
 
        Weights at age in the stock (Kg)
        --------------------------------
------+------------------------------------------------------------------------------------------------------------------------
AGE   |    1987    1988    1989    1990    1991    1992    1993    1994    1995    1996    1997    1998    1999    2000    2001
------+------------------------------------------------------------------------------------------------------------------------
  0   | 0.00000 0.00000 0.00000 0.00000 0.00000 0.00000 0.00000 0.00000 0.00000 0.00000 0.00000 0.00000 0.00000 0.00000 0.00000
  1   | 0.07800 0.07200 0.07600 0.07400 0.07500 0.07800 0.07800 0.07900 0.08100 0.07600 0.07600 0.07700 0.08100 0.07400 0.07800
  2   | 0.14800 0.15600 0.17700 0.13800 0.15500 0.21200 0.19700 0.17800 0.16400 0.13300 0.18600 0.14900 0.19400 0.18500 0.16400
  3   | 0.24000 0.23700 0.24400 0.22200 0.23000 0.25900 0.26800 0.23700 0.26700 0.25100 0.22800 0.22300 0.24200 0.23500 0.24100
  4   | 0.28600 0.30100 0.30600 0.28700 0.30700 0.31000 0.31500 0.30100 0.32600 0.31700 0.29600 0.28500 0.30100 0.28900 0.34200
  5   | 0.37400 0.32900 0.35200 0.33900 0.35700 0.36200 0.36000 0.36100 0.39800 0.36600 0.36100 0.34200 0.35300 0.35000 0.39000
  6   | 0.38600 0.42300 0.38000 0.37300 0.40900 0.40200 0.41600 0.41300 0.44800 0.44400 0.40200 0.40000 0.39600 0.39000 0.44600
  7   | 0.41100 0.44500 0.42900 0.41400 0.43200 0.42400 0.45400 0.46600 0.49100 0.46200 0.44500 0.42600 0.42300 0.42600 0.45900
  8   | 0.42900 0.43200 0.47400 0.40900 0.50200 0.46200 0.46500 0.47000 0.50800 0.50100 0.47800 0.46600 0.44000 0.44700 0.49900
  9   | 0.49286 0.55365 0.49343 0.47909 0.55583 0.52266 0.52481 0.54954 0.56667 0.57756 0.53286 0.52353 0.49863 0.50277 0.55992
------+------------------------------------------------------------------------------------------------------------------------
                                               
 
 
        Weights at age in the stock (Kg)
        --------------------------------
------+--------
AGE   |    2002
------+--------
  0   | 0.00000
  1   | 0.07800
  2   | 0.18100
  3   | 0.23900
  4   | 0.31100
  5   | 0.36400
  6   | 0.41100
  7   | 0.43600
  8   | 0.46200
  9   | 0.52521
------+--------
                                               
 
 
 
        Natural Mortality (per year)
        ----------------------------
------+------------------------------------------------------------------------------------------------------------------------
AGE   |    1972    1973    1974    1975    1976    1977    1978    1979    1980    1981    1982    1983    1984    1985    1986
------+------------------------------------------------------------------------------------------------------------------------
  0   | 0.15000 0.15000 0.15000 0.15000 0.15000 0.15000 0.15000 0.15000 0.15000 0.15000 0.15000 0.15000 0.15000 0.15000 0.15000
  1   | 0.15000 0.15000 0.15000 0.15000 0.15000 0.15000 0.15000 0.15000 0.15000 0.15000 0.15000 0.15000 0.15000 0.15000 0.15000
  2   | 0.15000 0.15000 0.15000 0.15000 0.15000 0.15000 0.15000 0.15000 0.15000 0.15000 0.15000 0.15000 0.15000 0.15000 0.15000
  3   | 0.15000 0.15000 0.15000 0.15000 0.15000 0.15000 0.15000 0.15000 0.15000 0.15000 0.15000 0.15000 0.15000 0.15000 0.15000
  4   | 0.15000 0.15000 0.15000 0.15000 0.15000 0.15000 0.15000 0.15000 0.15000 0.15000 0.15000 0.15000 0.15000 0.15000 0.15000
  5   | 0.15000 0.15000 0.15000 0.15000 0.15000 0.15000 0.15000 0.15000 0.15000 0.15000 0.15000 0.15000 0.15000 0.15000 0.15000
  6   | 0.15000 0.15000 0.15000 0.15000 0.15000 0.15000 0.15000 0.15000 0.15000 0.15000 0.15000 0.15000 0.15000 0.15000 0.15000
  7   | 0.15000 0.15000 0.15000 0.15000 0.15000 0.15000 0.15000 0.15000 0.15000 0.15000 0.15000 0.15000 0.15000 0.15000 0.15000
  8   | 0.15000 0.15000 0.15000 0.15000 0.15000 0.15000 0.15000 0.15000 0.15000 0.15000 0.15000 0.15000 0.15000 0.15000 0.15000
  9   | 0.15000 0.15000 0.15000 0.15000 0.15000 0.15000 0.15000 0.15000 0.15000 0.15000 0.15000 0.15000 0.15000 0.15000 0.15000
------+------------------------------------------------------------------------------------------------------------------------
                                               
 
 
        Natural Mortality (per year)
        ----------------------------
------+------------------------------------------------------------------------------------------------------------------------
AGE   |    1987    1988    1989    1990    1991    1992    1993    1994    1995    1996    1997    1998    1999    2000    2001
------+------------------------------------------------------------------------------------------------------------------------
  0   | 0.15000 0.15000 0.15000 0.15000 0.15000 0.15000 0.15000 0.15000 0.15000 0.15000 0.15000 0.15000 0.15000 0.15000 0.15000
  1   | 0.15000 0.15000 0.15000 0.15000 0.15000 0.15000 0.15000 0.15000 0.15000 0.15000 0.15000 0.15000 0.15000 0.15000 0.15000
  2   | 0.15000 0.15000 0.15000 0.15000 0.15000 0.15000 0.15000 0.15000 0.15000 0.15000 0.15000 0.15000 0.15000 0.15000 0.15000
  3   | 0.15000 0.15000 0.15000 0.15000 0.15000 0.15000 0.15000 0.15000 0.15000 0.15000 0.15000 0.15000 0.15000 0.15000 0.15000
  4   | 0.15000 0.15000 0.15000 0.15000 0.15000 0.15000 0.15000 0.15000 0.15000 0.15000 0.15000 0.15000 0.15000 0.15000 0.15000
  5   | 0.15000 0.15000 0.15000 0.15000 0.15000 0.15000 0.15000 0.15000 0.15000 0.15000 0.15000 0.15000 0.15000 0.15000 0.15000
  6   | 0.15000 0.15000 0.15000 0.15000 0.15000 0.15000 0.15000 0.15000 0.15000 0.15000 0.15000 0.15000 0.15000 0.15000 0.15000
  7   | 0.15000 0.15000 0.15000 0.15000 0.15000 0.15000 0.15000 0.15000 0.15000 0.15000 0.15000 0.15000 0.15000 0.15000 0.15000
  8   | 0.15000 0.15000 0.15000 0.15000 0.15000 0.15000 0.15000 0.15000 0.15000 0.15000 0.15000 0.15000 0.15000 0.15000 0.15000
  9   | 0.15000 0.15000 0.15000 0.15000 0.15000 0.15000 0.15000 0.15000 0.15000 0.15000 0.15000 0.15000 0.15000 0.15000 0.15000
------+------------------------------------------------------------------------------------------------------------------------
                                               
 
 
        Natural Mortality (per year)
        ----------------------------
------+--------
AGE   |    2002
------+--------
  0   | 0.15000
  1   | 0.15000
  2   | 0.15000
  3   | 0.15000
  4   | 0.15000
  5   | 0.15000
  6   | 0.15000
  7   | 0.15000
  8   | 0.15000
  9   | 0.15000
------+--------
                                               
 
 
 
        Proportion of fish spawning
        ---------------------------
------+------------------------------------------------------------------------------------------------------------------------
AGE   |    1972    1973    1974    1975    1976    1977    1978    1979    1980    1981    1982    1983    1984    1985    1986
------+------------------------------------------------------------------------------------------------------------------------
  0   |  0.0000  0.0000  0.0000  0.0000  0.0000  0.0000  0.0000  0.0000  0.0000  0.0000  0.0000  0.0000  0.0000  0.0000  0.0000
  1   |  0.0500  0.0500  0.0500  0.0600  0.0600  0.0600  0.0600  0.0600  0.0600  0.0700  0.0700  0.0700  0.0700  0.0700  0.0700
  2   |  0.5300  0.5400  0.5400  0.5500  0.5500  0.5500  0.5600  0.5600  0.5700  0.5700  0.5700  0.5800  0.5800  0.5800  0.5800
  3   |  0.9000  0.9000  0.9000  0.8900  0.8900  0.8900  0.8900  0.8900  0.8900  0.8800  0.8800  0.8800  0.8800  0.8800  0.8800
  4   |  0.9800  0.9800  0.9800  0.9800  0.9800  0.9800  0.9800  0.9800  0.9800  0.9800  0.9800  0.9800  0.9700  0.9700  0.9700
  5   |  0.9800  0.9800  0.9800  0.9800  0.9800  0.9800  0.9800  0.9800  0.9800  0.9800  0.9800  0.9800  0.9700  0.9700  0.9700
  6   |  0.9900  0.9900  0.9900  0.9900  0.9900  0.9900  0.9900  0.9900  0.9900  0.9900  0.9900  0.9900  0.9900  0.9900  0.9900
  7   |  1.0000  1.0000  1.0000  1.0000  1.0000  1.0000  1.0000  1.0000  1.0000  1.0000  1.0000  1.0000  1.0000  1.0000  1.0000
  8   |  1.0000  1.0000  1.0000  1.0000  1.0000  1.0000  1.0000  1.0000  1.0000  1.0000  1.0000  1.0000  1.0000  1.0000  1.0000
  9   |  1.0000  1.0000  1.0000  1.0000  1.0000  1.0000  1.0000  1.0000  1.0000  1.0000  1.0000  1.0000  1.0000  1.0000  1.0000
------+------------------------------------------------------------------------------------------------------------------------
                                               
 
 
        Proportion of fish spawning
        ---------------------------
------+------------------------------------------------------------------------------------------------------------------------
AGE   |    1987    1988    1989    1990    1991    1992    1993    1994    1995    1996    1997    1998    1999    2000    2001
------+------------------------------------------------------------------------------------------------------------------------
  0   |  0.0000  0.0000  0.0000  0.0000  0.0000  0.0000  0.0000  0.0000  0.0000  0.0000  0.0000  0.0000  0.0000  0.0000  0.0000
  1   |  0.0700  0.0700  0.0700  0.0700  0.0700  0.0700  0.0700  0.0700  0.0700  0.0700  0.0700  0.0700  0.0700  0.0700  0.0700
  2   |  0.5800  0.5800  0.5800  0.5800  0.5800  0.5800  0.5800  0.5800  0.5800  0.5800  0.5800  0.5800  0.5800  0.5800  0.5900
  3   |  0.8800  0.8800  0.8800  0.8800  0.8800  0.8800  0.8800  0.8800  0.8800  0.8800  0.8800  0.8600  0.8600  0.8600  0.8800
  4   |  0.9700  0.9700  0.9700  0.9700  0.9700  0.9700  0.9700  0.9700  0.9700  0.9700  0.9700  0.9800  0.9800  0.9800  0.9700
  5   |  0.9700  0.9700  0.9700  0.9700  0.9700  0.9700  0.9700  0.9700  0.9700  0.9700  0.9700  0.9800  0.9800  0.9800  0.9700
  6   |  0.9900  0.9900  0.9900  0.9900  0.9900  0.9900  0.9900  0.9900  0.9900  0.9900  0.9900  0.9900  0.9900  0.9900  0.9900
  7   |  1.0000  1.0000  1.0000  1.0000  1.0000  1.0000  1.0000  1.0000  1.0000  1.0000  1.0000  1.0000  1.0000  1.0000  1.0000
  8   |  1.0000  1.0000  1.0000  1.0000  1.0000  1.0000  1.0000  1.0000  1.0000  1.0000  1.0000  1.0000  1.0000  1.0000  1.0000
  9   |  1.0000  1.0000  1.0000  1.0000  1.0000  1.0000  1.0000  1.0000  1.0000  1.0000  1.0000  1.0000  1.0000  1.0000  1.0000
------+------------------------------------------------------------------------------------------------------------------------
                                               
 
 
        Proportion of fish spawning
        ---------------------------
------+--------
AGE   |    2002
------+--------
  0   |  0.0000
  1   |  0.0700
  2   |  0.5900
  3   |  0.8800
  4   |  0.9700
  5   |  0.9700
  6   |  0.9900
  7   |  1.0000
  8   |  1.0000
  9   |  1.0000
------+--------
                                               
 
 
 
 INDICES OF SPAWNING BIOMASS                                                    
  
 ----------------------------
 
          INDEX
        -------
------+------------------------------------------------------------------------------------------------------------------------
      |    1972    1973    1974    1975    1976    1977    1978    1979    1980    1981    1982    1983    1984    1985    1986
------+------------------------------------------------------------------------------------------------------------------------
  1   | ******* ******* ******* ******* ******* ******* ******* ******* ******* ******* ******* ******* ******* ******* *******
------+------------------------------------------------------------------------------------------------------------------------
       x 10 ^ 3                                
 
 
          INDEX
        -------
------+------------------------------------------------------------------------------------------------------------------------
      |    1987    1988    1989    1990    1991    1992    1993    1994    1995    1996    1997    1998    1999    2000    2001
------+------------------------------------------------------------------------------------------------------------------------
  1   | *******  217.53  229.36  214.85  251.65  281.60  285.87  283.31  288.90  263.78  237.50  197.86  175.44  174.30  207.35
------+------------------------------------------------------------------------------------------------------------------------
       x 10 ^ 3                                
 
 
          INDEX
        -------
------+--------
      |    2002
------+--------
  1   |  230.41
------+--------
       x 10 ^ 3                                
 
 
 
 AGE-STRUCTURED INDICES                                                         
  
 -----------------------
 
        FLT01: Dummy survey
        -------------------
------+--------------------------------
AGE   |    1981    1982    1983    1984
------+--------------------------------
  1   |  266.10  203.00   43.60   15.24
  2   |  506.40  435.90  712.70   79.51
  3   |  225.10  483.60  444.60  661.83
  4   |   31.70  184.10  391.60  374.60
  5   |  174.80   24.70  130.40  238.20
  6   |  158.50  136.60   20.20   92.00
  7   |   99.50  108.60   91.30   15.54
  8   |  116.60   84.50   70.90   51.47
  9   |   35.30   87.00   47.10   39.27
------+--------------------------------
       x 10 ^ 3                                
 
 
 
        Fishing Mortality (per year)
        ----------------------------
------+------------------------------------------------------------------------------------------------------------------------
AGE   |    1972    1973    1974    1975    1976    1977    1978    1979    1980    1981    1982    1983    1984    1985    1986
------+------------------------------------------------------------------------------------------------------------------------
  0   | 0.00855 0.00610 0.00787 0.00932 0.00590 0.00570 0.01012 0.00561 0.01015 0.00621 0.00645 0.00926 0.00720 0.00729 0.00894
  1   | 0.03238 0.02309 0.02978 0.03526 0.02231 0.02158 0.03830 0.02122 0.03840 0.02351 0.02440 0.03505 0.02725 0.02761 0.03385
  2   | 0.07166 0.05112 0.06591 0.07804 0.04939 0.04776 0.08476 0.04697 0.08500 0.05204 0.05400 0.07758 0.06031 0.06110 0.07493
  3   | 0.14138 0.10085 0.13002 0.15396 0.09743 0.09423 0.16723 0.09267 0.16769 0.10266 0.10653 0.15305 0.11899 0.12054 0.14782
  4   | 0.21613 0.15418 0.19878 0.23537 0.14896 0.14406 0.25566 0.14167 0.25636 0.15695 0.16286 0.23398 0.18192 0.18428 0.22598
  5   | 0.24583 0.17536 0.22609 0.26771 0.16942 0.16385 0.29079 0.16114 0.29159 0.17851 0.18524 0.26613 0.20691 0.20960 0.25703
  6   | 0.27801 0.19832 0.25569 0.30276 0.19160 0.18530 0.32886 0.18224 0.32976 0.20188 0.20949 0.30097 0.23400 0.23704 0.29068
  7   | 0.31851 0.22720 0.29294 0.34685 0.21951 0.21230 0.37676 0.20878 0.37779 0.23129 0.24000 0.34481 0.26809 0.27157 0.33302
  8   | 0.29501 0.21044 0.27133 0.32127 0.20332 0.19664 0.34897 0.19338 0.34992 0.21423 0.22230 0.31938 0.24831 0.25154 0.30845
  9   | 0.29501 0.21044 0.27133 0.32127 0.20332 0.19664 0.34897 0.19338 0.34992 0.21423 0.22230 0.31938 0.24831 0.25154 0.30845
------+------------------------------------------------------------------------------------------------------------------------
                                               
 
 
        Fishing Mortality (per year)
        ----------------------------
------+------------------------------------------------------------------------------------------------------------------------
AGE   |    1987    1988    1989    1990    1991    1992    1993    1994    1995    1996    1997    1998    1999    2000    2001
------+------------------------------------------------------------------------------------------------------------------------
  0   | 0.00971 0.00675 0.00965 0.00759 0.00561 0.00924 0.00716 0.00785 0.00947 0.00672 0.01039 0.00836 0.00649 0.00804 0.00743
  1   | 0.03673 0.02553 0.03652 0.02874 0.02124 0.03497 0.02710 0.02971 0.03582 0.02544 0.03934 0.03163 0.02457 0.03044 0.02814
  2   | 0.08131 0.05651 0.08083 0.06361 0.04702 0.07740 0.05997 0.06575 0.07928 0.05632 0.08707 0.07002 0.05438 0.06738 0.06227
  3   | 0.16042 0.11148 0.15946 0.12549 0.09276 0.15270 0.11832 0.12973 0.15641 0.11111 0.17177 0.13814 0.10729 0.13293 0.12286
  4   | 0.24524 0.17044 0.24378 0.19184 0.14182 0.23346 0.18090 0.19834 0.23914 0.16987 0.26263 0.21120 0.16404 0.20324 0.18784
  5   | 0.27894 0.19385 0.27730 0.21821 0.16130 0.26554 0.20576 0.22559 0.27200 0.19322 0.29871 0.24022 0.18658 0.23117 0.21366
  6   | 0.31546 0.21923 0.31358 0.24680 0.18242 0.30028 0.23268 0.25511 0.30759 0.21850 0.33779 0.27165 0.21099 0.26141 0.24161
  7   | 0.36141 0.25116 0.35926 0.28272 0.20902 0.34402 0.26657 0.29226 0.35239 0.25032 0.38700 0.31122 0.24172 0.29949 0.27680
  8   | 0.33475 0.23264 0.33276 0.26187 0.19357 0.31865 0.24691 0.27071 0.32640 0.23186 0.35846 0.28827 0.22390 0.27740 0.25639
  9   | 0.33475 0.23264 0.33276 0.26187 0.19357 0.31865 0.24691 0.27071 0.32640 0.23186 0.35846 0.28827 0.22390 0.27740 0.25639
------+------------------------------------------------------------------------------------------------------------------------
                                               
 
 
        Fishing Mortality (per year)
        ----------------------------
------+--------
AGE   |    2002
------+--------
  0   | 0.00897
  1   | 0.03395
  2   | 0.07515
  3   | 0.14825
  4   | 0.22667
  5   | 0.25781
  6   | 0.29154
  7   | 0.33401
  8   | 0.30938
  9   | 0.30938
------+--------
                                               
 
 
 
        Population Abundance (1 January)
        --------------------------------
------+------------------------------------------------------------------------------------------------------------------------
AGE   |    1972    1973    1974    1975    1976    1977    1978    1979    1980    1981    1982    1983    1984    1985    1986
------+------------------------------------------------------------------------------------------------------------------------
  0   |  542.43  169.04  752.83  509.30  528.89  577.10  498.72  105.69  518.37  496.89  456.08  413.21  361.15  217.56  420.79
  1   |  451.28  462.90  144.61  642.89  434.29  452.54  493.89  424.93   90.46  441.66  425.03  390.03  352.37  308.61  185.89
  2   |  535.08  376.05  389.33  120.82  534.17  365.55  381.19  409.13  358.06   74.93  371.30  357.01  324.14  295.14  258.39
  3   |  309.55  428.70  307.54  313.72   96.18  437.61  299.96  301.43  335.98  283.08   61.22  302.79  284.34  262.66  238.97
  4   |  196.24  231.31  333.59  232.43  231.49   75.10  342.78  218.42  236.48  244.54  219.87   47.37  223.63  217.28  200.40
  5   |  157.59  136.07  170.64  235.36  158.10  171.67   55.97  228.48  163.16  157.51  179.90  160.81   32.26  160.46  155.54
  6   |  105.30  106.07   98.28  117.15  155.00  114.87  125.43   36.02  167.38  104.91  113.41  128.66  106.07   22.58  112.00
  7   |   52.22   68.63   74.88   65.51   74.49  110.15   82.14   77.70   25.83  103.60   73.79   79.16   81.96   72.24   15.33
  8   |   31.18   32.68   47.07   48.08   39.86   51.48   76.67   48.51   54.28   15.24   70.76   49.96   48.26   53.95   47.39
  9   |   69.36   59.34   57.51   62.83   64.34   69.17   80.67   89.72   91.64   83.34   61.88   81.82   76.17   76.93   85.55
------+------------------------------------------------------------------------------------------------------------------------
       x 10 ^ 6                                
 
 
        Population Abundance (1 January)
        --------------------------------
------+------------------------------------------------------------------------------------------------------------------------
AGE   |    1987    1988    1989    1990    1991    1992    1993    1994    1995    1996    1997    1998    1999    2000    2001
------+------------------------------------------------------------------------------------------------------------------------
  0   |  577.11  333.69  577.13  438.55  456.13  542.48  202.57  591.58  105.69  217.56  105.69  482.91  591.86  509.30  577.16
  1   |  358.96  491.93  285.28  491.97  374.61  390.40  462.62  173.11  505.20   90.11  186.00   90.03  412.19  506.13  434.85
  2   |  154.67  297.81  412.73  236.74  411.45  315.65  324.47  387.54  144.63  419.53   75.61  153.92   75.08  346.16  422.56
  3   |  206.35  122.73  242.25  327.66  191.20  337.87  251.45  263.02  312.33  115.00  341.32   59.65  123.52   61.20  278.53
  4   |  177.42  151.28   94.49  177.77  248.76  149.99  249.63  192.27  198.84  229.90   88.57  247.41   44.72   95.50   46.12
  5   |  137.60  119.50  109.80   63.74  126.30  185.80  102.22  179.30  135.72  134.74  166.96   58.63  172.40   32.67   67.08
  6   |  103.53   89.60   84.73   71.62   44.10   92.51  122.62   71.62  123.16   88.99   95.60  106.60   39.68  123.13   22.31
  7   |   72.08   65.00   61.94   53.30   48.16   31.63   58.97   83.63   47.76   77.94   61.56   58.69   69.92   27.66   81.60
  8   |    9.46   43.22   43.52   37.22   34.57   33.64   19.30   38.88   53.74   28.90   52.23   35.98   37.01   47.26   17.65
  9   |   75.39   46.79   55.63   55.27   56.12   63.17   55.24   44.81   50.12   60.29   56.94   63.48   59.97   60.65   66.95
------+------------------------------------------------------------------------------------------------------------------------
       x 10 ^ 6                                
 
 
        Population Abundance (1 January)
        --------------------------------
------+----------------
AGE   |    2002    2003
------+----------------
  0   |  498.78  265.18
  1   |  493.08  425.47
  2   |  363.89  410.23
  3   |  341.75  290.53
  4   |  212.02  253.61
  5   |   32.90  145.47
  6   |   46.63   21.88
  7   |   15.08   29.98
  8   |   53.25    9.30
  9   |   50.27   65.40
------+----------------
       x 10 ^ 6                                
 
 
 
        Weighting factors for the catches in number
        -------------------------------------------
------+----------------------------------------------------------------------------------------
AGE   |    1992    1993    1994    1995    1996    1997    1998    1999    2000    2001    2002
------+----------------------------------------------------------------------------------------
  0   |  0.0200  0.0200  0.0200  0.0200  0.0200  0.0200  0.0200  0.0200  0.0200  0.0200  0.0200
  1   |  1.0000  1.0000  1.0000  1.0000  1.0000  1.0000  1.0000  1.0000  1.0000  1.0000  1.0000
  2   |  1.0000  1.0000  1.0000  1.0000  1.0000  1.0000  1.0000  1.0000  1.0000  1.0000  1.0000
  3   |  1.0000  1.0000  1.0000  1.0000  1.0000  1.0000  1.0000  1.0000  1.0000  1.0000  1.0000
  4   |  1.0000  1.0000  1.0000  1.0000  1.0000  1.0000  1.0000  1.0000  1.0000  1.0000  1.0000
  5   |  1.0000  1.0000  1.0000  1.0000  1.0000  1.0000  1.0000  1.0000  1.0000  1.0000  1.0000
  6   |  1.0000  1.0000  1.0000  1.0000  1.0000  1.0000  1.0000  1.0000  1.0000  1.0000  1.0000
  7   |  1.0000  1.0000  1.0000  1.0000  1.0000  1.0000  1.0000  1.0000  1.0000  1.0000  1.0000
  8   |  1.0000  1.0000  1.0000  1.0000  1.0000  1.0000  1.0000  1.0000  1.0000  1.0000  1.0000
------+----------------------------------------------------------------------------------------
                                               
 
 
 
 Predicted SSB Index Values                                                     
  
 ---------------------------
 
          INDEX
        -------
------+------------------------------------------------------------------------------------------------------------------------
      |    1972    1973    1974    1975    1976    1977    1978    1979    1980    1981    1982    1983    1984    1985    1986
------+------------------------------------------------------------------------------------------------------------------------
  1   | ******* ******* ******* ******* ******* ******* ******* ******* ******* ******* ******* ******* ******* ******* *******
------+------------------------------------------------------------------------------------------------------------------------
       x 10 ^ 3                                
 
 
          INDEX
        -------
------+------------------------------------------------------------------------------------------------------------------------
      |    1987    1988    1989    1990    1991    1992    1993    1994    1995    1996    1997    1998    1999    2000    2001
------+------------------------------------------------------------------------------------------------------------------------
  1   | *******  217.53  229.35  214.85  251.65  281.60  285.87  283.32  288.91  263.78  237.50  197.86  175.45  174.31  207.39
------+------------------------------------------------------------------------------------------------------------------------
       x 10 ^ 3                                
 
 
          INDEX
        -------
------+--------
      |    2002
------+--------
  1   |  230.45
------+--------
       x 10 ^ 3                                
 
 
 
 Predicted Age-Structured Index Values                                          
  
 --------------------------------------
 
        FLT01: Dummy survey Predicted
        -----------------------------
------+--------------------------------
AGE   |    1981    1982    1983    1984
------+--------------------------------
  1   |   85.49   82.23   75.01   68.06
  2   |  105.71  523.29  496.66  455.24
  3   |  615.26  132.77  640.11  612.49
  4   |  274.80  246.29   51.02  247.88
  5   |  156.55  178.14  152.30   31.57
  6   |   75.45   81.21   87.61   74.94
  7   |   78.95   55.97   56.68   61.21
  8   |   29.99  138.61   92.79   93.21
  9   |   54.73   40.46   50.71   49.09
------+--------------------------------
       x 10 ^ 3                                
 
 
 
        Fitted Selection Pattern
        ------------------------
------+------------------------------------------------------------------------------------------------------------------------
AGE   |    1972    1973    1974    1975    1976    1977    1978    1979    1980    1981    1982    1983    1984    1985    1986
------+------------------------------------------------------------------------------------------------------------------------
  0   |  0.0348  0.0348  0.0348  0.0348  0.0348  0.0348  0.0348  0.0348  0.0348  0.0348  0.0348  0.0348  0.0348  0.0348  0.0348
  1   |  0.1317  0.1317  0.1317  0.1317  0.1317  0.1317  0.1317  0.1317  0.1317  0.1317  0.1317  0.1317  0.1317  0.1317  0.1317
  2   |  0.2915  0.2915  0.2915  0.2915  0.2915  0.2915  0.2915  0.2915  0.2915  0.2915  0.2915  0.2915  0.2915  0.2915  0.2915
  3   |  0.5751  0.5751  0.5751  0.5751  0.5751  0.5751  0.5751  0.5751  0.5751  0.5751  0.5751  0.5751  0.5751  0.5751  0.5751
  4   |  0.8792  0.8792  0.8792  0.8792  0.8792  0.8792  0.8792  0.8792  0.8792  0.8792  0.8792  0.8792  0.8792  0.8792  0.8792
  5   |  1.0000  1.0000  1.0000  1.0000  1.0000  1.0000  1.0000  1.0000  1.0000  1.0000  1.0000  1.0000  1.0000  1.0000  1.0000
  6   |  1.1309  1.1309  1.1309  1.1309  1.1309  1.1309  1.1309  1.1309  1.1309  1.1309  1.1309  1.1309  1.1309  1.1309  1.1309
  7   |  1.2956  1.2956  1.2956  1.2956  1.2956  1.2956  1.2956  1.2956  1.2956  1.2956  1.2956  1.2956  1.2956  1.2956  1.2956
  8   |  1.2001  1.2001  1.2001  1.2001  1.2001  1.2001  1.2001  1.2001  1.2001  1.2001  1.2001  1.2001  1.2001  1.2001  1.2001
  9   |  1.2001  1.2001  1.2001  1.2001  1.2001  1.2001  1.2001  1.2001  1.2001  1.2001  1.2001  1.2001  1.2001  1.2001  1.2001
------+------------------------------------------------------------------------------------------------------------------------
                                               
 
 
        Fitted Selection Pattern
        ------------------------
------+------------------------------------------------------------------------------------------------------------------------
AGE   |    1987    1988    1989    1990    1991    1992    1993    1994    1995    1996    1997    1998    1999    2000    2001
------+------------------------------------------------------------------------------------------------------------------------
  0   |  0.0348  0.0348  0.0348  0.0348  0.0348  0.0348  0.0348  0.0348  0.0348  0.0348  0.0348  0.0348  0.0348  0.0348  0.0348
  1   |  0.1317  0.1317  0.1317  0.1317  0.1317  0.1317  0.1317  0.1317  0.1317  0.1317  0.1317  0.1317  0.1317  0.1317  0.1317
  2   |  0.2915  0.2915  0.2915  0.2915  0.2915  0.2915  0.2915  0.2915  0.2915  0.2915  0.2915  0.2915  0.2915  0.2915  0.2915
  3   |  0.5751  0.5751  0.5750  0.5751  0.5751  0.5750  0.5750  0.5750  0.5750  0.5750  0.5750  0.5750  0.5750  0.5750  0.5750
  4   |  0.8792  0.8792  0.8791  0.8792  0.8792  0.8792  0.8792  0.8792  0.8792  0.8792  0.8792  0.8792  0.8792  0.8792  0.8792
  5   |  1.0000  1.0000  1.0000  1.0000  1.0000  1.0000  1.0000  1.0000  1.0000  1.0000  1.0000  1.0000  1.0000  1.0000  1.0000
  6   |  1.1309  1.1309  1.1308  1.1310  1.1310  1.1308  1.1308  1.1308  1.1308  1.1308  1.1308  1.1308  1.1308  1.1308  1.1308
  7   |  1.2956  1.2956  1.2955  1.2956  1.2958  1.2955  1.2955  1.2955  1.2955  1.2955  1.2955  1.2955  1.2955  1.2955  1.2955
  8   |  1.2001  1.2001  1.2000  1.2001  1.2001  1.2000  1.2000  1.2000  1.2000  1.2000  1.2000  1.2000  1.2000  1.2000  1.2000
  9   |  1.2001  1.2001  1.2000  1.2001  1.2001  1.2000  1.2000  1.2000  1.2000  1.2000  1.2000  1.2000  1.2000  1.2000  1.2000
------+------------------------------------------------------------------------------------------------------------------------
                                               
 
 
        Fitted Selection Pattern
        ------------------------
------+--------
AGE   |    2002
------+--------
  0   |  0.0348
  1   |  0.1317
  2   |  0.2915
  3   |  0.5750
  4   |  0.8792
  5   |  1.0000
  6   |  1.1308
  7   |  1.2955
  8   |  1.2000
  9   |  1.2000
------+--------
                                               
 
 
 
 
 
                    STOCK SUMMARY                                             
 
 
 ³ Year ³  Recruits  ³  Total  ³ Spawning³ Landings ³ Yield ³ Mean F ³ SoP ³    
 ³      ³   Age   0  ³ Biomass ³ Biomass ³          ³ /SSB  ³  Ages  ³     ³ 
 ³      ³  thousands ³  tonnes ³ tonnes  ³ tonnes   ³ ratio ³  4- 7  ³ (%) ³ 
 
   1972       542430    485679    319998     86340   0.2698   0.2646   100
   1973       169040    479862    333856     60578   0.1814   0.1888   100
   1974       752830    449033    333057     78763   0.2365   0.2434    99
   1975       509290    454497    299783     85430   0.2850   0.2882   100
   1976       528880    432531    291933     52382   0.1794   0.1824    99
   1977       577100    447615    309487     53264   0.1721   0.1764   100
   1978       498720    474029    321122     92629   0.2885   0.3130    99
   1979       105680    444038    317702     49319   0.1552   0.1735   100
   1980       518360    423087    315081     98646   0.3131   0.3139   100
   1981       496890    384323    287923     57957   0.2013   0.1922   100
   1982       456080    366483    265270     58477   0.2204   0.1994    99
   1983       413200    381958    266158     75961   0.2854   0.2865    99
   1984       361140    377064    273730     59043   0.2157   0.2227    99
   1985       217550    378206    280105     67705   0.2417   0.2256   100
   1986       420790    349780    262460     79788   0.3040   0.2767   100
   1987       577110    313421    227422     80360   0.3534   0.3003    99
   1988       333680    307220    217525     53333   0.2452   0.2087    99
   1989       577130    328257    229354     72238   0.3150   0.2985    99
   1990       438540    304924    214846     58428   0.2720   0.2349    99
   1991       456120    344700    251647     46748   0.1858   0.1736    99
   1992       542480    397792    281595     83069   0.2950   0.2858    99
   1993       202560    398574    285874     63554   0.2223   0.2215    99
   1994       591580    379046    283316     74260   0.2621   0.2428    99
   1995       105690    401198    288908     86205   0.2984   0.2928    99
   1996       217550    338526    263782     56844   0.2155   0.2080    99
   1997       105690    313643    237499     78022   0.3285   0.3215   100
   1998       482910    251377    197858     55609   0.2811   0.2586   100
   1999       591860    243643    175445     40284   0.2296   0.2008   100
   2000       509300    266329    174314     47287   0.2713   0.2488   100
   2001       577150    305976    207385     46414   0.2238   0.2300   100
   2002       498770    340661    230452     62006   0.2691   0.2775    99
 
 -----------------------------------------------------------------            
 No of years for separable analysis : 11                                      
 Age range in the analysis : 0  . . . 9                                       
 Year range in the analysis : 1972  . . . 2002                                
 Number of indices of SSB : 1                                                 
 Number of age-structured indices : 1                                         
                                                                              
 Parameters to estimate : 46                                                  
 Number of observations : 150                                                 
                                                                              
 Conventional single selection vector model to be fitted.                     
                                                                              
                                                                              
                                                                              
 -----------------------------------------------------------------            
 
 
 PARAMETER ESTIMATES                                                            
  
 
 ³Parm.³      ³ Maximum ³    ³        ³         ³         ³         ³ Mean of ³ 
  
 ³ No. ³      ³ Likelh. ³ CV ³  Lower ³ Upper   ³  -s.e.  ³   +s.e. ³ Param.  ³ 
  
 ³     ³      ³ Estimate³ (%)³ 95% CL ³ 95% CL  ³         ³         ³ Distrib.³ 
  
 Separable model : F by year                                                    
  
    1   1992     0.2071   0    0.2071    0.2071    0.2071    0.2071    0.2071
    2   1993     0.1621   0    0.1621    0.1621    0.1621    0.1621    0.1621
    3   1994     0.1813   0    0.1813    0.1813    0.1813    0.1813    0.1813
    4   1995     0.2243   0    0.2243    0.2243    0.2243    0.2243    0.2243
    5   1996     0.1663   0    0.1663    0.1663    0.1663    0.1663    0.1663
    6   1997     0.2728   0    0.2728    0.2728    0.2728    0.2728    0.2728
    7   1998     0.2371   1    0.2325    0.2418    0.2347    0.2395    0.2371
    8   1999     0.2032 100    0.0286    1.4429    0.0748    0.5525    0.3351
    9   2000     0.2832   0    0.2831    0.2833    0.2832    0.2832    0.2832
   10   2001     0.2999   0    0.2999    0.2999    0.2999    0.2999    0.2999
   11   2002     0.4266   0    0.4266    0.4266    0.4266    0.4266    0.4266
 
 Separable Model: Selection (S) by age                                          
  
   12      0     0.0464   0    0.0464    0.0464    0.0464    0.0464    0.0464
   13      1     0.1568   0    0.1568    0.1568    0.1568    0.1568    0.1568
   14      2     0.3198   0    0.3198    0.3198    0.3198    0.3198    0.3198
   15      3     0.5991   0    0.5991    0.5991    0.5991    0.5991    0.5991
   16      4     0.8902   0    0.8902    0.8902    0.8902    0.8902    0.8902
           5     1.0000     Fixed : Reference Age             
   17      6     1.1319   0    1.1319    1.1319    1.1319    1.1319    1.1319
   18      7     1.2016   0    1.2016    1.2016    1.2016    1.2016    1.2016
           8     1.2000     Fixed : Last true age             
 
 Separable model: Populations in year 2002                                    
   19      0     227366   0     227366    227366    227366    227366    227366
   20      1     258541   0     258541    258541    258541    258541    258541
   21      2     213396   0     213396    213396    213396    213396    213396
   22      3     218773   0     218773    218773    218773    218773    218773
   23      4     144231   0     144231    144231    144231    144231    144231
   24      5      23253   0      23253     23253     23253     23253     23253
   25      6      34209   0      34209     34209     34209     34209     34209
   26      7      11520   0      11520     11520     11520     11520     11520
   27      8      43446   0      43446     43446     43446     43446     43446
 
Separable model: Populations at age
   28   1992      49132   0      49132     49132     49132     49132     49132
   29   1993      28163   0      28163     28163     28163     28163     28163
   30   1994      55462   0      55462     55462     55462     55462     55462
   31   1995      76319   0      76319     76319     76319     76319     76319
   32   1996      41213   0      41213     41213     41213     41213     41213
   33   1997      71742   0      71742     71742     71742     71742     71742
   34   1998      47911   0      47911     47911     47911     47911     47911
   35   1999      45506   0      45506     45506     45506     45506     45506
   36   2000      51999   0      51999     51999     51999     51999     51999
   37   2001      17033   0      17033     17033     17033     17033     17033
 
 SSB Index catchabilities                                                       
  
   INDEX                                 
 Absolute estimator. No fitted catchability.                                    
  
 
 
 
 Age-structured index catchabilities                                            
  
                                        FLT01: Dummy survey                     
 
 Linear model fitted. Slopes at age :                                           
  
   38   1  Q  .2018       0 .2018     .2018     .2018     .2018     .2018    
   39   2  Q  1.498       0 1.498     1.498     1.498     1.498     1.498    
   40   3  Q  2.373       0 2.373     2.373     2.373     2.373     2.373    
   41   4  Q  1.260       0 1.260     1.260     1.260     1.260     1.260    
   42   5  Q  1.122       0 1.122     1.122     1.122     1.122     1.122    
   43   6  Q  .8156       0 .8156     .8156     .8156     .8156     .8156    
   44   7  Q  .8684       0 .8684     .8684     .8684     .8684     .8684    
   45   8  Q  2.189       0 2.189     2.189     2.189     2.189     2.189    
   46   9  Q  .7362       0 .7362     .7362     .7362     .7362     .7362    
 
 
 
 RESIDUALS ABOUT THE MODEL FIT                                                  
  
 ------------------------------
 
        Separable Model Residuals
        -------------------------
------+----------------------------------------------------------------------------------------
Age   |    1992    1993    1994    1995    1996    1997    1998    1999    2000    2001    2002
------+----------------------------------------------------------------------------------------
  0   | ******* ******* ******* ******* ******* ******* ******* ******* ******* ******* *******
  1   | ******* ******* ******* ******* ******* ******* ******* ******* ******* ******* *******
  2   | ******* ******* ******* ******* ******* ******* ******* ******* ******* ******* *******
  3   | ******* ******* ******* ******* ******* ******* ******* ******* ******* ******* *******
  4   | ******* ******* ******* ******* ******* ******* ******* ******* ******* ******* *******
  5   | ******* ******* ******* ******* ******* ******* ******* ******* ******* ******* *******
  6   | ******* ******* ******* ******* ******* ******* ******* ******* ******* ******* *******
  7   | ******* ******* ******* ******* ******* ******* ******* ******* ******* ******* *******
  8   | ******* ******* ******* ******* ******* ******* ******* ******* ******* ******* *******
------+----------------------------------------------------------------------------------------
                                               
 
 
 
 SPAWNING BIOMASS INDEX RESIDUALS                                               
  
 ---------------------------------
 
          INDEX
        -------
------+------------------------------------------------------------------------------------------------------------------------
      |    1972    1973    1974    1975    1976    1977    1978    1979    1980    1981    1982    1983    1984    1985    1986
------+------------------------------------------------------------------------------------------------------------------------
  1   | ******* ******* ******* ******* ******* ******* ******* ******* ******* ******* ******* ******* ******* ******* *******
------+------------------------------------------------------------------------------------------------------------------------
                                               
 
 
          INDEX
        -------
------+------------------------------------------------------------------------------------------------------------------------
      |    1987    1988    1989    1990    1991    1992    1993    1994    1995    1996    1997    1998    1999    2000    2001
------+------------------------------------------------------------------------------------------------------------------------
  1   | ******* ******* ******* ******* ******* ******* ******* ******* ******* ******* ******* ******* ******* ******* *******
------+------------------------------------------------------------------------------------------------------------------------
                                               
 
 
          INDEX
        -------
------+--------
      |    2002
------+--------
  1   | *******
------+--------
                                               
 
 
 
 AGE-STRUCTURED INDEX RESIDUALS                                                 
  
 -------------------------------
 
        FLT01: Dummy survey
        -------------------
------+--------------------------------
Age   |    1981    1982    1983    1984
------+--------------------------------
  1   |   1.136   0.904  -0.543  -1.497
  2   |   1.567  -0.183   0.361  -1.745
  3   |  -1.005   1.293  -0.364   0.077
  4   |  -2.160  -0.291   2.038   0.413
  5   |   0.110  -1.976  -0.155   2.021
  6   |   0.742   0.520  -1.467   0.205
  7   |   0.231   0.663   0.477  -1.371
  8   |   1.358  -0.495  -0.269  -0.594
  9   |  -0.439   0.766  -0.074  -0.223
------+--------------------------------
                                               
 
 
 
 
 
 
 PARAMETERS OF THE DISTRIBUTION OF ln(CATCHES AT AGE)                           
  
 -----------------------------------------------------
 
 Separable model fitted from 1992  to 2002                                    
 Variance                             0.0000
Skewness test stat.                   3.3051
Kurtosis test statistic               2.8506
Partial chi-square                    0.0000
Significance in fit                   0.0000
Degrees of freedom                        62
 
 
 PARAMETERS OF DISTRIBUTIONS OF THE SSB INDICES                                 
  
 -----------------------------------------------
 
 
   DISTRIBUTION STATISTICS FOR   INDEX                                          
 
 
 Index used as absolute measure of abundance                                    
  
 Last age is a plus-group                                                       
  
 
 Variance                             0.0000
Skewness test stat.                  -3.5636
Kurtosis test statistic               2.1355
Partial chi-square                    0.0000
Significance in fit                   0.0000
Number of observations                    15
Degrees of freedom                        15
Weight in the analysis                5.0000
 
 PARAMETERS OF THE DISTRIBUTION OF THE AGE-STRUCTURED INDICES                   
  
 ------------------------------------------------------------ 
 
 
   DISTRIBUTION STATISTICS FOR FLT01: Dummy survey                              
 
 
 Linear catchability relationship assumed                                       
  
 
 Age                          1         2         3         4         5         6         7         8         9
 Variance                0.0017    0.0021    0.0010    0.0034    0.0030    0.0011    0.0010    0.0009    0.0003
Skewness test stat.     -0.2139   -0.1729    0.3775   -0.0934    0.0387   -0.8106   -0.8432    0.8824    0.7572
Kurtosis test statisti  -0.6611   -0.4450   -0.4383   -0.4502   -0.4152   -0.3249   -0.3115   -0.2971   -0.3247
Partial chi-square       0.0005    0.0005    0.0003    0.0009    0.0008    0.0003    0.0003    0.0003    0.0001
Significance in fit      0.0000    0.0000    0.0000    0.0000    0.0000    0.0000    0.0000    0.0000    0.0000
Number of observations        4         4         4         4         4         4         4         4         4
Degrees of freedom            3         3         3         3         3         3         3         3         3
Weight in the analysis   0.0011    0.0011    0.0011    0.0011    0.0011    0.0011    0.0011    0.0011    0.0011
 
 ANALYSIS OF VARIANCE                   
--------------------------
 
 Unweighted Statistics                                                          
  
 
                                                                                
  
Variance                              
                                       SSQ     Data    Parameters d.f. Variance
Total for model                        39.1847     150         46  104   0.3768
Catches at age                          0.0000      99         37   62   0.0000
  
SSB Indices                           
  INDEX                                 0.0000      15          0   15   0.0000
  
 Aged Indices                                                                   
  
FLT01: Dummy survey                    39.1847      36          9   27   1.4513
 
 
 Weighted Statistics                                                            
  
 
                                                                                
  
Variance                              
                                       SSQ     Data    Parameters d.f. Variance
Total for model                         0.0001     150         46  104   0.0000
Catches at age                          0.0000      99         37   62   0.0000
  
SSB Indices                           
  INDEX                                 0.0000      15          0   15   0.0000
  
 Aged Indices                                                                   
  
FLT01: Dummy survey                     0.0000      36          9   27   0.0000
 
