 Output Generated by ICA Version 1.4                                            
  
 ------------------------------------
 
        Mackerel NE Atlantic  WG2003
        ----------------------------
 
        Catch in Number
        ---------------
------+------------------------------------------------------------------------------------------------------------------------
AGE   |    1972    1973    1974    1975    1976    1977    1978    1979    1980    1981    1982    1983    1984    1985    1986
------+------------------------------------------------------------------------------------------------------------------------
  0   |   1545.    883.   1868.   2467.   2442.   3767.   3134.    985.   2647.   4963.   3379.   2997.   6107.   2435.   2049.
  1   |  15840.   4501.   3104.   3645.   9505.   9531.   8936.  15225.   1801.  15192.  11609.  13316.   8946.  14951.  11442.
  2   |  25718.  26085.   8931.   3445.   8011.  21049.  12863.  24598.  15843.   5861.  20136.  25926.  22496.  12462.  39810.
  3   |  37829.  35599.  43443.   8428.   6466.  15011.  24156.  29876.  21777.  43545.   6559.  37958.  36896.  26647.  28013.
  4   |  53090.  37479.  42434.  29681.  11588.   8772.  12502.  40559.  19168.  43384.  35008.   8926.  38793.  31729.  43321.
  5   |  45288.  36839.  31370.  20391.  29180.  11148.   5160.  14907.  18303.  27215.  24428.  33716.   6407.  23574.  36627.
  6   |  30045.  30196.  29632.  14555.  19460.  27113.   6338.   5939.   6498.  25113.  14747.  22694.  23289.   3764.  26272.
  7   |  36256.  19504.  23644.  13466.  13681.  17702.  15115.   7135.   2536.   8731.  13275.  13393.  15286.  13417.   4104.
  8   |  14840.  18765.  12217.   8534.  10173.   9990.   7866.  13703.   2419.   2752.   3669.   9676.   7201.   7023.  11775.
  9   |  18559.  17813.  23738.  13400.  17063.  20208.  13058.  19156.  11210.  14388.   6927.   7181.   8624.   7642.  13747.
------+------------------------------------------------------------------------------------------------------------------------
       x 10 ^ 3                                
 
 
        Catch in Number
        ---------------
------+------------------------------------------------------------------------------------------------------------------------
AGE   |    1987    1988    1989    1990    1991    1992    1993    1994    1995    1996    1997    1998    1999    2000    2001
------+------------------------------------------------------------------------------------------------------------------------
  0   |   2816.   3861.   5015.   1911.   3173.   3211.   1589.   4711.   2693.    922.   3646.   4114.   2260.   4305.   2688.
  1   |   4796.  12318.  12020.  16775.   4251.  12626.   9155.   5534.  11630.   7674.   3538.  12750.  11903.   8172.  13564.
  2   |  15195.  11877.  21644.  22671.  21166.   9603.  20431.  18086.   7776.  18947.  16819.   7041.  21013.  24490.  14634.
  3   |  44747.  31724.  17494.  34173.  24205.  40492.  13151.  34142.  21626.  10862.  35510.  28472.   9883.  36758.  37227.
  4   |  22701.  67401.  33351.  19694.  26282.  33570.  40051.  15893.  29668.  22208.  14943.  43791.  29119.  12591.  40553.
  5   |  24658.  24219.  49565.  26269.  10624.  25875.  23412.  34244.   9768.  21776.  21873.  13108.  31796.  26393.   9842.
  6   |  20094.  25369.  17093.  37454.  13652.  10107.  17408.  19322.  20356.   6969.  20837.  18579.   9216.  27903.  19944.
  7   |  14085.  20202.  17406.  12550.  19015.  12724.   6650.  14058.  11269.  14331.   6574.  17381.  12831.   7942.  20671.
  8   |   1751.  11383.  11059.  10208.   5064.  14232.   6685.   4303.   6541.   6356.  10866.   4398.   9603.   8872.   4709.
  9   |  11541.  10593.  12326.  13956.   9861.  11973.  14149.  13681.   8388.   8654.  10900.  14996.  11211.  14595.  14069.
------+------------------------------------------------------------------------------------------------------------------------
       x 10 ^ 3                                
 
 
        Catch in Number
        ---------------
------+--------
AGE   |    2002
------+--------
  0   |   2665.
  1   |   8526.
  2   |  24463.
  3   |  22414.
  4   |  41413.
  5   |  31986.
  6   |   7507.
  7   |  14919.
  8   |  12379.
  9   |  10752.
------+--------
       x 10 ^ 3                                
 
 
 
        Predicted Catch in Number
        -------------------------
------+----------------------------------------------------------------------------------------
AGE   |    1992    1993    1994    1995    1996    1997    1998    1999    2000    2001    2002
------+----------------------------------------------------------------------------------------
  0   |   3210.   1589.   4711.   2693.    922.   3646.   4114.   2260.   4306.   2688.   2665.
  1   |  12626.   9156.   5534.  11630.   7673.   3538.  12749.  11905.   8172.  13563.   8526.
  2   |   9603.  20433.  18086.   7776.  18946.  16818.   7041.  21011.  24494.  14632.  24464.
  3   |  40487.  13151.  34145.  21627.  10862.  35507.  28470.   9883.  36756.  37228.  22414.
  4   |  33567.  40052.  15894.  29672.  22209.  14943.  43789.  29117.  12591.  40547.  41422.
  5   |  25874.  23414.  34245.   9769.  21779.  21875.  13109.  31796.  26393.   9842.  31988.
  6   |  10107.  17409.  19323.  20357.   6970.  20839.  18580.   9216.  27903.  19942.   7508.
  7   |  12723.   6651.  14058.  11269.  14331.   6574.  17383.  12832.   7942.  20668.  14920.
  8   |  14241.   6684.   4303.   6540.   6355.  10865.   4398.   9603.   8872.   4708.  12378.
------+----------------------------------------------------------------------------------------
       x 10 ^ 3                                
 
 
 
        Weights at age in the catches (Kg)
        ----------------------------------
------+------------------------------------------------------------------------------------------------------------------------
AGE   |    1972    1973    1974    1975    1976    1977    1978    1979    1980    1981    1982    1983    1984    1985    1986
------+------------------------------------------------------------------------------------------------------------------------
  0   | 0.05200 0.05000 0.05100 0.05000 0.05900 0.05600 0.03600 0.01600 0.05700 0.06000 0.05300 0.05000 0.03100 0.05500 0.03900
  1   | 0.13500 0.14500 0.13600 0.14800 0.13700 0.13600 0.13500 0.13700 0.13100 0.13200 0.13100 0.16800 0.10200 0.14400 0.14600
  2   | 0.27700 0.19400 0.22900 0.17700 0.20700 0.16900 0.16100 0.16100 0.24900 0.24800 0.24900 0.21900 0.18400 0.26200 0.24500
  3   | 0.34100 0.28500 0.26100 0.25900 0.26300 0.27500 0.25000 0.24300 0.28500 0.28700 0.28500 0.27600 0.29500 0.35700 0.33500
  4   | 0.42300 0.36800 0.33400 0.32300 0.32000 0.33300 0.32500 0.31800 0.34500 0.34400 0.34500 0.31000 0.32600 0.41800 0.42300
  5   | 0.46800 0.44800 0.39200 0.34800 0.34600 0.35200 0.34500 0.34800 0.37800 0.37700 0.37800 0.38600 0.34400 0.41700 0.47100
  6   | 0.46800 0.46800 0.48100 0.43000 0.40600 0.40700 0.40300 0.40100 0.45400 0.45400 0.45400 0.42500 0.43100 0.43600 0.44400
  7   | 0.50800 0.50800 0.50800 0.48800 0.44300 0.44600 0.42100 0.41600 0.49800 0.49900 0.49600 0.43500 0.54200 0.52100 0.45700
  8   | 0.53900 0.53900 0.53900 0.53900 0.51800 0.54600 0.51800 0.50600 0.52000 0.51300 0.51300 0.49800 0.48000 0.55500 0.54300
  9   | 0.60057 0.59890 0.59454 0.60072 0.60238 0.58983 0.56768 0.54246 0.56279 0.56936 0.56978 0.58395 0.59209 0.60704 0.60753
------+------------------------------------------------------------------------------------------------------------------------
                                               
 
 
        Weights at age in the catches (Kg)
        ----------------------------------
------+------------------------------------------------------------------------------------------------------------------------
AGE   |    1987    1988    1989    1990    1991    1992    1993    1994    1995    1996    1997    1998    1999    2000    2001
------+------------------------------------------------------------------------------------------------------------------------
  0   | 0.07600 0.05500 0.04900 0.08500 0.06800 0.05100 0.06100 0.04600 0.07200 0.05800 0.07600 0.06500 0.06200 0.06300 0.06900
  1   | 0.17900 0.13300 0.13600 0.15600 0.15600 0.16700 0.13400 0.13600 0.14300 0.14300 0.14300 0.15700 0.17600 0.13500 0.17100
  2   | 0.22300 0.25900 0.23700 0.23300 0.25300 0.23900 0.24000 0.25500 0.23400 0.22600 0.23000 0.22700 0.23600 0.22900 0.22300
  3   | 0.31800 0.32300 0.32000 0.33600 0.32700 0.33300 0.31700 0.33900 0.33300 0.31300 0.29500 0.31000 0.30700 0.30800 0.30700
  4   | 0.39900 0.38800 0.37700 0.37900 0.39400 0.39700 0.37600 0.39000 0.39000 0.37700 0.35900 0.35400 0.36100 0.36700 0.37800
  5   | 0.47400 0.45600 0.43300 0.42300 0.42300 0.46000 0.43600 0.44800 0.45200 0.42500 0.41500 0.40800 0.40600 0.42900 0.42600
  6   | 0.51200 0.52400 0.45600 0.46700 0.46900 0.49500 0.48300 0.51200 0.50100 0.48400 0.45300 0.45200 0.45400 0.46700 0.47700
  7   | 0.49300 0.55500 0.54300 0.52800 0.50600 0.53200 0.52700 0.54300 0.53900 0.51800 0.48100 0.46200 0.50100 0.50400 0.49900
  8   | 0.49800 0.55500 0.59200 0.55200 0.55400 0.55500 0.54800 0.59000 0.57700 0.55100 0.52400 0.51800 0.53700 0.53700 0.54300
  9   | 0.61771 0.61976 0.61645 0.61970 0.62620 0.63730 0.60461 0.62748 0.61836 0.60336 0.57348 0.56688 0.60045 0.58858 0.60673
------+------------------------------------------------------------------------------------------------------------------------
                                               
 
 
        Weights at age in the catches (Kg)
        ----------------------------------
------+--------
AGE   |    2002
------+--------
  0   | 0.05200
  1   | 0.15900
  2   | 0.25500
  3   | 0.30700
  4   | 0.36900
  5   | 0.42600
  6   | 0.46400
  7   | 0.51400
  8   | 0.53900
  9   | 0.61110
------+--------
                                               
 
 
 
        Weights at age in the stock (Kg)
        --------------------------------
------+------------------------------------------------------------------------------------------------------------------------
AGE   |    1972    1973    1974    1975    1976    1977    1978    1979    1980    1981    1982    1983    1984    1985    1986
------+------------------------------------------------------------------------------------------------------------------------
  0   | 0.00800 0.00800 0.00800 0.00800 0.00800 0.00800 0.00800 0.00800 0.00800 0.00800 0.00800 0.00800 0.00000 0.00000 0.00000
  1   | 0.13200 0.13200 0.13000 0.12900 0.12800 0.12700 0.11100 0.11000 0.10900 0.08700 0.08600 0.08600 0.08100 0.08500 0.07700
  2   | 0.17800 0.17700 0.17300 0.17100 0.17000 0.16700 0.17500 0.17400 0.17300 0.18600 0.13500 0.17200 0.19400 0.16500 0.17900
  3   | 0.24300 0.24200 0.23800 0.23600 0.23600 0.23300 0.23800 0.23700 0.23600 0.25200 0.22100 0.23500 0.25300 0.29300 0.26700
  4   | 0.41100 0.30100 0.29600 0.29400 0.29300 0.28900 0.30000 0.29900 0.29700 0.31300 0.28000 0.28000 0.29500 0.30600 0.30400
  5   | 0.35500 0.43800 0.32200 0.31800 0.31800 0.31300 0.34600 0.34500 0.34300 0.32300 0.38500 0.33900 0.32400 0.34100 0.35600
  6   | 0.39800 0.39800 0.46900 0.36500 0.36500 0.36100 0.38200 0.38000 0.37900 0.37800 0.35300 0.37700 0.39300 0.38400 0.35100
  7   | 0.43300 0.43300 0.43300 0.49700 0.41900 0.41600 0.41000 0.40800 0.40700 0.41900 0.40800 0.40400 0.43600 0.43000 0.41600
  8   | 0.45900 0.45900 0.45900 0.45900 0.51200 0.44600 0.43200 0.43000 0.42900 0.43400 0.43700 0.43900 0.44100 0.45900 0.47300
  9   | 0.51504 0.51327 0.50878 0.51520 0.51719 0.53547 0.50402 0.49409 0.48075 0.47604 0.50424 0.52479 0.49438 0.52005 0.46799
------+------------------------------------------------------------------------------------------------------------------------
                                               
 
 
        Weights at age in the stock (Kg)
        --------------------------------
------+------------------------------------------------------------------------------------------------------------------------
AGE   |    1987    1988    1989    1990    1991    1992    1993    1994    1995    1996    1997    1998    1999    2000    2001
------+------------------------------------------------------------------------------------------------------------------------
  0   | 0.00000 0.00000 0.00000 0.00000 0.00000 0.00000 0.00000 0.00000 0.00000 0.00000 0.00000 0.00000 0.00000 0.00000 0.00000
  1   | 0.07800 0.07200 0.07600 0.07400 0.07500 0.07800 0.07800 0.07900 0.08100 0.07600 0.07600 0.07700 0.08100 0.07400 0.07800
  2   | 0.14800 0.15600 0.17700 0.13800 0.15500 0.21200 0.19700 0.17800 0.16400 0.13300 0.18600 0.14900 0.19400 0.18500 0.16400
  3   | 0.24000 0.23700 0.24400 0.22200 0.23000 0.25900 0.26800 0.23700 0.26700 0.25100 0.22800 0.22300 0.24200 0.23500 0.24100
  4   | 0.28600 0.30100 0.30600 0.28700 0.30700 0.31000 0.31500 0.30100 0.32600 0.31700 0.29600 0.28500 0.30100 0.28900 0.34200
  5   | 0.37400 0.32900 0.35200 0.33900 0.35700 0.36200 0.36000 0.36100 0.39800 0.36600 0.36100 0.34200 0.35300 0.35000 0.39000
  6   | 0.38600 0.42300 0.38000 0.37300 0.40900 0.40200 0.41600 0.41300 0.44800 0.44400 0.40200 0.40000 0.39600 0.39000 0.44600
  7   | 0.41100 0.44500 0.42900 0.41400 0.43200 0.42400 0.45400 0.46600 0.49100 0.46200 0.44500 0.42600 0.42300 0.42600 0.45900
  8   | 0.42900 0.43200 0.47400 0.40900 0.50200 0.46200 0.46500 0.47000 0.50800 0.50100 0.47800 0.46600 0.44000 0.44700 0.49900
  9   | 0.49237 0.54457 0.48879 0.47719 0.55530 0.52441 0.51335 0.53771 0.57190 0.58810 0.53320 0.52178 0.49686 0.50463 0.56095
------+------------------------------------------------------------------------------------------------------------------------
                                               
 
 
        Weights at age in the stock (Kg)
        --------------------------------
------+--------
AGE   |    2002
------+--------
  0   | 0.00000
  1   | 0.07800
  2   | 0.18100
  3   | 0.23900
  4   | 0.31100
  5   | 0.36400
  6   | 0.41100
  7   | 0.43600
  8   | 0.46200
  9   | 0.52223
------+--------
                                               
 
 
 
        Natural Mortality (per year)
        ----------------------------
------+------------------------------------------------------------------------------------------------------------------------
AGE   |    1972    1973    1974    1975    1976    1977    1978    1979    1980    1981    1982    1983    1984    1985    1986
------+------------------------------------------------------------------------------------------------------------------------
  0   | 0.15000 0.15000 0.15000 0.15000 0.15000 0.15000 0.15000 0.15000 0.15000 0.15000 0.15000 0.15000 0.15000 0.15000 0.15000
  1   | 0.15000 0.15000 0.15000 0.15000 0.15000 0.15000 0.15000 0.15000 0.15000 0.15000 0.15000 0.15000 0.15000 0.15000 0.15000
  2   | 0.15000 0.15000 0.15000 0.15000 0.15000 0.15000 0.15000 0.15000 0.15000 0.15000 0.15000 0.15000 0.15000 0.15000 0.15000
  3   | 0.15000 0.15000 0.15000 0.15000 0.15000 0.15000 0.15000 0.15000 0.15000 0.15000 0.15000 0.15000 0.15000 0.15000 0.15000
  4   | 0.15000 0.15000 0.15000 0.15000 0.15000 0.15000 0.15000 0.15000 0.15000 0.15000 0.15000 0.15000 0.15000 0.15000 0.15000
  5   | 0.15000 0.15000 0.15000 0.15000 0.15000 0.15000 0.15000 0.15000 0.15000 0.15000 0.15000 0.15000 0.15000 0.15000 0.15000
  6   | 0.15000 0.15000 0.15000 0.15000 0.15000 0.15000 0.15000 0.15000 0.15000 0.15000 0.15000 0.15000 0.15000 0.15000 0.15000
  7   | 0.15000 0.15000 0.15000 0.15000 0.15000 0.15000 0.15000 0.15000 0.15000 0.15000 0.15000 0.15000 0.15000 0.15000 0.15000
  8   | 0.15000 0.15000 0.15000 0.15000 0.15000 0.15000 0.15000 0.15000 0.15000 0.15000 0.15000 0.15000 0.15000 0.15000 0.15000
  9   | 0.15000 0.15000 0.15000 0.15000 0.15000 0.15000 0.15000 0.15000 0.15000 0.15000 0.15000 0.15000 0.15000 0.15000 0.15000
------+------------------------------------------------------------------------------------------------------------------------
                                               
 
 
        Natural Mortality (per year)
        ----------------------------
------+------------------------------------------------------------------------------------------------------------------------
AGE   |    1987    1988    1989    1990    1991    1992    1993    1994    1995    1996    1997    1998    1999    2000    2001
------+------------------------------------------------------------------------------------------------------------------------
  0   | 0.15000 0.15000 0.15000 0.15000 0.15000 0.15000 0.15000 0.15000 0.15000 0.15000 0.15000 0.15000 0.15000 0.15000 0.15000
  1   | 0.15000 0.15000 0.15000 0.15000 0.15000 0.15000 0.15000 0.15000 0.15000 0.15000 0.15000 0.15000 0.15000 0.15000 0.15000
  2   | 0.15000 0.15000 0.15000 0.15000 0.15000 0.15000 0.15000 0.15000 0.15000 0.15000 0.15000 0.15000 0.15000 0.15000 0.15000
  3   | 0.15000 0.15000 0.15000 0.15000 0.15000 0.15000 0.15000 0.15000 0.15000 0.15000 0.15000 0.15000 0.15000 0.15000 0.15000
  4   | 0.15000 0.15000 0.15000 0.15000 0.15000 0.15000 0.15000 0.15000 0.15000 0.15000 0.15000 0.15000 0.15000 0.15000 0.15000
  5   | 0.15000 0.15000 0.15000 0.15000 0.15000 0.15000 0.15000 0.15000 0.15000 0.15000 0.15000 0.15000 0.15000 0.15000 0.15000
  6   | 0.15000 0.15000 0.15000 0.15000 0.15000 0.15000 0.15000 0.15000 0.15000 0.15000 0.15000 0.15000 0.15000 0.15000 0.15000
  7   | 0.15000 0.15000 0.15000 0.15000 0.15000 0.15000 0.15000 0.15000 0.15000 0.15000 0.15000 0.15000 0.15000 0.15000 0.15000
  8   | 0.15000 0.15000 0.15000 0.15000 0.15000 0.15000 0.15000 0.15000 0.15000 0.15000 0.15000 0.15000 0.15000 0.15000 0.15000
  9   | 0.15000 0.15000 0.15000 0.15000 0.15000 0.15000 0.15000 0.15000 0.15000 0.15000 0.15000 0.15000 0.15000 0.15000 0.15000
------+------------------------------------------------------------------------------------------------------------------------
                                               
 
 
        Natural Mortality (per year)
        ----------------------------
------+--------
AGE   |    2002
------+--------
  0   | 0.15000
  1   | 0.15000
  2   | 0.15000
  3   | 0.15000
  4   | 0.15000
  5   | 0.15000
  6   | 0.15000
  7   | 0.15000
  8   | 0.15000
  9   | 0.15000
------+--------
                                               
 
 
 
        Proportion of fish spawning
        ---------------------------
------+------------------------------------------------------------------------------------------------------------------------
AGE   |    1972    1973    1974    1975    1976    1977    1978    1979    1980    1981    1982    1983    1984    1985    1986
------+------------------------------------------------------------------------------------------------------------------------
  0   |  0.0000  0.0000  0.0000  0.0000  0.0000  0.0000  0.0000  0.0000  0.0000  0.0000  0.0000  0.0000  0.0000  0.0000  0.0000
  1   |  0.0500  0.0500  0.0500  0.0600  0.0600  0.0600  0.0600  0.0600  0.0600  0.0700  0.0700  0.0700  0.0700  0.0700  0.0700
  2   |  0.5300  0.5400  0.5400  0.5500  0.5500  0.5500  0.5600  0.5600  0.5700  0.5700  0.5700  0.5800  0.5800  0.5800  0.5800
  3   |  0.9000  0.9000  0.9000  0.8900  0.8900  0.8900  0.8900  0.8900  0.8900  0.8800  0.8800  0.8800  0.8800  0.8800  0.8800
  4   |  0.9800  0.9800  0.9800  0.9800  0.9800  0.9800  0.9800  0.9800  0.9800  0.9800  0.9800  0.9800  0.9700  0.9700  0.9700
  5   |  0.9800  0.9800  0.9800  0.9800  0.9800  0.9800  0.9800  0.9800  0.9800  0.9800  0.9800  0.9800  0.9700  0.9700  0.9700
  6   |  0.9900  0.9900  0.9900  0.9900  0.9900  0.9900  0.9900  0.9900  0.9900  0.9900  0.9900  0.9900  0.9900  0.9900  0.9900
  7   |  1.0000  1.0000  1.0000  1.0000  1.0000  1.0000  1.0000  1.0000  1.0000  1.0000  1.0000  1.0000  1.0000  1.0000  1.0000
  8   |  1.0000  1.0000  1.0000  1.0000  1.0000  1.0000  1.0000  1.0000  1.0000  1.0000  1.0000  1.0000  1.0000  1.0000  1.0000
  9   |  1.0000  1.0000  1.0000  1.0000  1.0000  1.0000  1.0000  1.0000  1.0000  1.0000  1.0000  1.0000  1.0000  1.0000  1.0000
------+------------------------------------------------------------------------------------------------------------------------
                                               
 
 
        Proportion of fish spawning
        ---------------------------
------+------------------------------------------------------------------------------------------------------------------------
AGE   |    1987    1988    1989    1990    1991    1992    1993    1994    1995    1996    1997    1998    1999    2000    2001
------+------------------------------------------------------------------------------------------------------------------------
  0   |  0.0000  0.0000  0.0000  0.0000  0.0000  0.0000  0.0000  0.0000  0.0000  0.0000  0.0000  0.0000  0.0000  0.0000  0.0000
  1   |  0.0700  0.0700  0.0700  0.0700  0.0700  0.0700  0.0700  0.0700  0.0700  0.0700  0.0700  0.0700  0.0700  0.0700  0.0700
  2   |  0.5800  0.5800  0.5800  0.5800  0.5800  0.5800  0.5800  0.5800  0.5800  0.5800  0.5800  0.5800  0.5800  0.5800  0.5900
  3   |  0.8800  0.8800  0.8800  0.8800  0.8800  0.8800  0.8800  0.8800  0.8800  0.8800  0.8800  0.8600  0.8600  0.8600  0.8800
  4   |  0.9700  0.9700  0.9700  0.9700  0.9700  0.9700  0.9700  0.9700  0.9700  0.9700  0.9700  0.9800  0.9800  0.9800  0.9700
  5   |  0.9700  0.9700  0.9700  0.9700  0.9700  0.9700  0.9700  0.9700  0.9700  0.9700  0.9700  0.9800  0.9800  0.9800  0.9700
  6   |  0.9900  0.9900  0.9900  0.9900  0.9900  0.9900  0.9900  0.9900  0.9900  0.9900  0.9900  0.9900  0.9900  0.9900  0.9900
  7   |  1.0000  1.0000  1.0000  1.0000  1.0000  1.0000  1.0000  1.0000  1.0000  1.0000  1.0000  1.0000  1.0000  1.0000  1.0000
  8   |  1.0000  1.0000  1.0000  1.0000  1.0000  1.0000  1.0000  1.0000  1.0000  1.0000  1.0000  1.0000  1.0000  1.0000  1.0000
  9   |  1.0000  1.0000  1.0000  1.0000  1.0000  1.0000  1.0000  1.0000  1.0000  1.0000  1.0000  1.0000  1.0000  1.0000  1.0000
------+------------------------------------------------------------------------------------------------------------------------
                                               
 
 
        Proportion of fish spawning
        ---------------------------
------+--------
AGE   |    2002
------+--------
  0   |  0.0000
  1   |  0.0700
  2   |  0.5900
  3   |  0.8800
  4   |  0.9700
  5   |  0.9700
  6   |  0.9900
  7   |  1.0000
  8   |  1.0000
  9   |  1.0000
------+--------
                                               
 
 
 
 INDICES OF SPAWNING BIOMASS                                                    
  
 ----------------------------
 
          INDEX
        -------
------+------------------------------------------------------------------------------------------------------------------------
      |    1972    1973    1974    1975    1976    1977    1978    1979    1980    1981    1982    1983    1984    1985    1986
------+------------------------------------------------------------------------------------------------------------------------
  1   | ******* ******* ******* ******* ******* ******* ******* ******* ******* ******* ******* ******* ******* ******* *******
------+------------------------------------------------------------------------------------------------------------------------
       x 10 ^ 3                                
 
 
          INDEX
        -------
------+------------------------------------------------------------------------------------------------------------------------
      |    1987    1988    1989    1990    1991    1992    1993    1994    1995    1996    1997    1998    1999    2000    2001
------+------------------------------------------------------------------------------------------------------------------------
  1   | *******  257.52  235.89  206.73  230.42  241.87  241.44  234.04  244.52  241.02  254.07  236.76  249.49  259.33  285.96
------+------------------------------------------------------------------------------------------------------------------------
       x 10 ^ 3                                
 
 
          INDEX
        -------
------+--------
      |    2002
------+--------
  1   |  280.63
------+--------
       x 10 ^ 3                                
 
 
 
 AGE-STRUCTURED INDICES                                                         
  
 -----------------------
 
        FLT01: Dummy survey
        -------------------
------+--------------------------------
AGE   |    1981    1982    1983    1984
------+--------------------------------
  1   |  266.10  203.00   43.60   15.24
  2   |  506.40  435.90  712.70   79.51
  3   |  225.10  483.60  444.60  661.83
  4   |   31.70  184.10  391.60  374.60
  5   |  174.80   24.70  130.40  238.20
  6   |  158.50  136.60   20.20   92.00
  7   |   99.50  108.60   91.30   15.54
  8   |  116.60   84.50   70.90   51.47
  9   |   35.30   87.00   47.10   39.27
------+--------------------------------
       x 10 ^ 3                                
 
 
 
        Fishing Mortality (per year)
        ----------------------------
------+------------------------------------------------------------------------------------------------------------------------
AGE   |    1972    1973    1974    1975    1976    1977    1978    1979    1980    1981    1982    1983    1984    1985    1986
------+------------------------------------------------------------------------------------------------------------------------
  0   | 0.00989 0.00904 0.00998 0.00608 0.00731 0.00893 0.00662 0.01009 0.00575 0.01036 0.00759 0.00937 0.00877 0.00671 0.00988
  1   | 0.03742 0.03421 0.03776 0.02300 0.02765 0.03381 0.02504 0.03817 0.02177 0.03921 0.02871 0.03548 0.03320 0.02537 0.03741
  2   | 0.08282 0.07571 0.08358 0.05090 0.06121 0.07483 0.05541 0.08449 0.04818 0.08679 0.06354 0.07853 0.07349 0.05617 0.08277
  3   | 0.16340 0.14937 0.16489 0.10042 0.12076 0.14764 0.10933 0.16670 0.09505 0.17124 0.12537 0.15493 0.14499 0.11081 0.16333
  4   | 0.24980 0.22835 0.25208 0.15352 0.18462 0.22571 0.16714 0.25484 0.14532 0.26178 0.19166 0.23685 0.22166 0.16941 0.24970
  5   | 0.28412 0.25973 0.28672 0.17462 0.20998 0.25672 0.19010 0.28986 0.16528 0.29775 0.21799 0.26940 0.25211 0.19269 0.28401
  6   | 0.32131 0.29373 0.32426 0.19748 0.23747 0.29033 0.21499 0.32780 0.18692 0.33673 0.24653 0.30466 0.28511 0.21791 0.32119
  7   | 0.36811 0.33651 0.37149 0.22624 0.27206 0.33262 0.24630 0.37555 0.21415 0.38578 0.28244 0.34904 0.32664 0.24965 0.36797
  8   | 0.34096 0.31168 0.34408 0.20955 0.25199 0.30808 0.22813 0.34784 0.19835 0.35732 0.26160 0.32329 0.30255 0.23123 0.34082
  9   | 0.34096 0.31168 0.34408 0.20955 0.25199 0.30808 0.22813 0.34784 0.19835 0.35732 0.26160 0.32329 0.30255 0.23123 0.34082
------+------------------------------------------------------------------------------------------------------------------------
                                               
 
 
        Fishing Mortality (per year)
        ----------------------------
------+------------------------------------------------------------------------------------------------------------------------
AGE   |    1987    1988    1989    1990    1991    1992    1993    1994    1995    1996    1997    1998    1999    2000    2001
------+------------------------------------------------------------------------------------------------------------------------
  0   | 0.00723 0.00993 0.00971 0.01021 0.00710 0.00885 0.00790 0.00861 0.00664 0.00589 0.00705 0.00770 0.00696 0.00787 0.00775
  1   | 0.02737 0.03757 0.03675 0.03864 0.02687 0.03349 0.02989 0.03259 0.02511 0.02228 0.02668 0.02916 0.02634 0.02977 0.02932
  2   | 0.06059 0.08316 0.08134 0.08553 0.05948 0.07413 0.06615 0.07213 0.05558 0.04931 0.05905 0.06453 0.05829 0.06589 0.06489
  3   | 0.11951 0.16408 0.16048 0.16875 0.11735 0.14624 0.13050 0.14230 0.10966 0.09729 0.11651 0.12732 0.11501 0.12999 0.12802
  4   | 0.18274 0.25077 0.24534 0.25798 0.17941 0.22358 0.19952 0.21756 0.16765 0.14874 0.17812 0.19465 0.17583 0.19873 0.19573
  5   | 0.20785 0.28529 0.27895 0.29344 0.20405 0.25432 0.22694 0.24747 0.19070 0.16919 0.20261 0.22141 0.20000 0.22605 0.22264
  6   | 0.23506 0.32264 0.31556 0.33169 0.23078 0.28761 0.25666 0.27987 0.21566 0.19134 0.22914 0.25040 0.22619 0.25564 0.25179
  7   | 0.26930 0.36963 0.36152 0.38015 0.26422 0.32951 0.29405 0.32064 0.24708 0.21922 0.26252 0.28687 0.25914 0.29289 0.28847
  8   | 0.24943 0.34236 0.33485 0.35211 0.24486 0.30518 0.27233 0.29696 0.22884 0.20303 0.24313 0.26569 0.24001 0.27126 0.26717
  9   | 0.24943 0.34236 0.33485 0.35211 0.24486 0.30518 0.27233 0.29696 0.22884 0.20303 0.24313 0.26569 0.24001 0.27126 0.26717
------+------------------------------------------------------------------------------------------------------------------------
                                               
 
 
        Fishing Mortality (per year)
        ----------------------------
------+--------
AGE   |    2002
------+--------
  0   | 0.00768
  1   | 0.02907
  2   | 0.06435
  3   | 0.12695
  4   | 0.19409
  5   | 0.22078
  6   | 0.24968
  7   | 0.28605
  8   | 0.26493
  9   | 0.26493
------+--------
                                               
 
 
 
        Population Abundance (1 January)
        --------------------------------
------+------------------------------------------------------------------------------------------------------------------------
AGE   |    1972    1973    1974    1975    1976    1977    1978    1979    1980    1981    1982    1983    1984    1985    1986
------+------------------------------------------------------------------------------------------------------------------------
  0   |  169.04  105.69  202.56  438.50  361.16  456.08  511.73  105.69  496.89  518.37  481.39  345.83  752.96  392.34  224.34
  1   |  464.22  144.07   90.15  172.62  375.14  308.59  389.06  437.55   90.06  425.23  441.57  411.21  294.88  642.42  335.43
  2   |  348.08  384.88  119.83   74.72  145.20  314.08  256.78  326.59  362.49   75.84  351.92  369.30  341.59  245.52  539.08
  3   |  269.69  275.78  307.12   94.87   61.12  117.55  250.84  209.10  258.32  297.33   59.85  284.25  293.86  273.18  199.78
  4   |  257.84  197.13  204.43  224.16   73.85   46.62   87.29  193.54  152.34  202.18  215.64   45.44  209.55  218.79  210.46
  5   |  196.49  172.87  135.03  136.75  165.47   52.85   32.02   63.57  129.11  113.38  133.94  153.23   30.87  144.50  158.97
  6   |  117.27  127.29  114.76   87.25   98.84  115.45   35.19   22.79   40.95   94.19   72.46   92.70  100.74   20.65  102.57
  7   |  126.20   73.20   81.68   71.42   61.64   67.09   74.33   24.43   14.13   29.23   57.89   48.74   58.83   65.20   14.29
  8   |   55.08   75.17   45.00   48.49   49.03   40.42   41.41   50.01   14.44    9.82   17.11   37.57   29.59   36.53   43.72
  9   |   68.88   71.36   87.43   76.13   82.23   81.76   68.74   69.91   66.93   51.34   32.30   27.88   35.44   39.75   51.04
------+------------------------------------------------------------------------------------------------------------------------
       x 10 ^ 6                                
 
 
        Population Abundance (1 January)
        --------------------------------
------+------------------------------------------------------------------------------------------------------------------------
AGE   |    1987    1988    1989    1990    1991    1992    1993    1994    1995    1996    1997    1998    1999    2000    2001
------+------------------------------------------------------------------------------------------------------------------------
  0   |  420.76  420.76  558.79  202.57  482.86  392.37  217.56  591.62  438.49  169.05  558.83  577.27  350.90  591.75  375.03
  1   |  191.19  359.54  358.58  476.31  172.58  412.66  334.74  185.78  504.84  374.92  144.65  477.61  493.05  299.93  505.33
  2   |  278.11  160.11  298.05  297.49  394.42  144.60  343.49  279.63  154.78  423.75  315.58  121.22  399.27  413.34  250.58
  3   |  427.13  225.30  126.81  236.49  235.06  319.88  115.57  276.72  223.93  126.01  347.17  256.05   97.82  324.20  333.08
  4   |  146.04  326.22  164.57   92.97  171.94  179.92  237.87   87.30  206.58  172.72   98.41  265.95  194.04   75.05  245.03
  5   |  141.12  104.70  218.51  110.83   61.82  123.69  123.83  167.70   60.45  150.36  128.12   70.88  188.42  140.08   52.95
  6   |  102.99   98.67   67.75  142.29   71.13   43.39   82.55   84.94  112.70   43.00  109.27   90.05   48.89  132.78   96.18
  7   |   64.03   70.08   61.51   42.53   87.90   48.61   28.01   54.97   55.26   78.18   30.56   74.79   60.34   33.56   88.50
  8   |    8.51   42.10   41.68   36.88   25.03   58.09   30.09   17.97   34.33   37.15   54.05   20.23   48.32   40.08   21.55
  9   |   56.13   39.18   46.45   50.42   48.75   48.83   63.70   57.13   44.03   50.59   54.22   68.98   56.41   65.93   64.41
------+------------------------------------------------------------------------------------------------------------------------
       x 10 ^ 6                                
 
 
        Population Abundance (1 January)
        --------------------------------
------+----------------
AGE   |    2002    2003
------+----------------
  0   |  375.04  310.05
  1   |  320.30  320.33
  2   |  422.38  267.79
  3   |  202.13  340.89
  4   |  252.23  153.23
  5   |  173.41  178.80
  6   |   36.48  119.68
  7   |   64.35   24.46
  8   |   57.09   41.61
  9   |   49.59   70.44
------+----------------
       x 10 ^ 6                                
 
 
 
        Weighting factors for the catches in number
        -------------------------------------------
------+----------------------------------------------------------------------------------------
AGE   |    1992    1993    1994    1995    1996    1997    1998    1999    2000    2001    2002
------+----------------------------------------------------------------------------------------
  0   |  0.0200  0.0200  0.0200  0.0200  0.0200  0.0200  0.0200  0.0200  0.0200  0.0200  0.0200
  1   |  1.0000  1.0000  1.0000  1.0000  1.0000  1.0000  1.0000  1.0000  1.0000  1.0000  1.0000
  2   |  1.0000  1.0000  1.0000  1.0000  1.0000  1.0000  1.0000  1.0000  1.0000  1.0000  1.0000
  3   |  1.0000  1.0000  1.0000  1.0000  1.0000  1.0000  1.0000  1.0000  1.0000  1.0000  1.0000
  4   |  1.0000  1.0000  1.0000  1.0000  1.0000  1.0000  1.0000  1.0000  1.0000  1.0000  1.0000
  5   |  1.0000  1.0000  1.0000  1.0000  1.0000  1.0000  1.0000  1.0000  1.0000  1.0000  1.0000
  6   |  1.0000  1.0000  1.0000  1.0000  1.0000  1.0000  1.0000  1.0000  1.0000  1.0000  1.0000
  7   |  1.0000  1.0000  1.0000  1.0000  1.0000  1.0000  1.0000  1.0000  1.0000  1.0000  1.0000
  8   |  1.0000  1.0000  1.0000  1.0000  1.0000  1.0000  1.0000  1.0000  1.0000  1.0000  1.0000
------+----------------------------------------------------------------------------------------
                                               
 
 
 
 Predicted SSB Index Values                                                     
  
 ---------------------------
 
          INDEX
        -------
------+------------------------------------------------------------------------------------------------------------------------
      |    1972    1973    1974    1975    1976    1977    1978    1979    1980    1981    1982    1983    1984    1985    1986
------+------------------------------------------------------------------------------------------------------------------------
  1   | ******* ******* ******* ******* ******* ******* ******* ******* ******* ******* ******* ******* ******* ******* *******
------+------------------------------------------------------------------------------------------------------------------------
       x 10 ^ 3                                
 
 
          INDEX
        -------
------+------------------------------------------------------------------------------------------------------------------------
      |    1987    1988    1989    1990    1991    1992    1993    1994    1995    1996    1997    1998    1999    2000    2001
------+------------------------------------------------------------------------------------------------------------------------
  1   | *******  257.53  235.90  206.73  230.42  241.87  241.42  234.03  244.51  241.01  254.06  236.75  249.49  259.34  285.99
------+------------------------------------------------------------------------------------------------------------------------
       x 10 ^ 3                                
 
 
          INDEX
        -------
------+--------
      |    2002
------+--------
  1   |  280.67
------+--------
       x 10 ^ 3                                
 
 
 
 Predicted Age-Structured Index Values                                          
  
 --------------------------------------
 
        FLT01: Dummy survey Predicted
        -----------------------------
------+--------------------------------
AGE   |    1981    1982    1983    1984
------+--------------------------------
  1   |   84.49   88.25   81.88   58.79
  2   |  104.65  491.82  511.88  474.78
  3   |  632.86  130.65  610.49  634.57
  4   |  237.81  263.62   54.19  251.98
  5   |  129.77  160.16  178.13   36.22
  6   |   81.98   66.27   82.11   90.20
  7   |   37.92   79.49   64.51   78.84
  8   |   35.66   65.49  139.02  110.75
  9   |   67.79   44.95   37.51   48.23
------+--------------------------------
       x 10 ^ 3                                
 
 
 
        Fitted Selection Pattern
        ------------------------
------+------------------------------------------------------------------------------------------------------------------------
AGE   |    1972    1973    1974    1975    1976    1977    1978    1979    1980    1981    1982    1983    1984    1985    1986
------+------------------------------------------------------------------------------------------------------------------------
  0   |  0.0348  0.0348  0.0348  0.0348  0.0348  0.0348  0.0348  0.0348  0.0348  0.0348  0.0348  0.0348  0.0348  0.0348  0.0348
  1   |  0.1317  0.1317  0.1317  0.1317  0.1317  0.1317  0.1317  0.1317  0.1317  0.1317  0.1317  0.1317  0.1317  0.1317  0.1317
  2   |  0.2915  0.2915  0.2915  0.2915  0.2915  0.2915  0.2915  0.2915  0.2915  0.2915  0.2915  0.2915  0.2915  0.2915  0.2914
  3   |  0.5751  0.5751  0.5751  0.5751  0.5751  0.5751  0.5751  0.5751  0.5751  0.5751  0.5751  0.5751  0.5751  0.5751  0.5751
  4   |  0.8792  0.8792  0.8792  0.8792  0.8792  0.8792  0.8792  0.8792  0.8792  0.8792  0.8792  0.8792  0.8792  0.8792  0.8792
  5   |  1.0000  1.0000  1.0000  1.0000  1.0000  1.0000  1.0000  1.0000  1.0000  1.0000  1.0000  1.0000  1.0000  1.0000  1.0000
  6   |  1.1309  1.1309  1.1309  1.1309  1.1309  1.1309  1.1309  1.1309  1.1309  1.1309  1.1309  1.1309  1.1309  1.1309  1.1309
  7   |  1.2956  1.2956  1.2956  1.2956  1.2956  1.2956  1.2956  1.2956  1.2956  1.2956  1.2956  1.2956  1.2956  1.2956  1.2956
  8   |  1.2001  1.2001  1.2001  1.2001  1.2001  1.2001  1.2001  1.2001  1.2001  1.2001  1.2001  1.2001  1.2001  1.2000  1.2000
  9   |  1.2001  1.2001  1.2001  1.2001  1.2001  1.2001  1.2001  1.2001  1.2001  1.2001  1.2001  1.2001  1.2001  1.2000  1.2000
------+------------------------------------------------------------------------------------------------------------------------
                                               
 
 
        Fitted Selection Pattern
        ------------------------
------+------------------------------------------------------------------------------------------------------------------------
AGE   |    1987    1988    1989    1990    1991    1992    1993    1994    1995    1996    1997    1998    1999    2000    2001
------+------------------------------------------------------------------------------------------------------------------------
  0   |  0.0348  0.0348  0.0348  0.0348  0.0348  0.0348  0.0348  0.0348  0.0348  0.0348  0.0348  0.0348  0.0348  0.0348  0.0348
  1   |  0.1317  0.1317  0.1317  0.1317  0.1317  0.1317  0.1317  0.1317  0.1317  0.1317  0.1317  0.1317  0.1317  0.1317  0.1317
  2   |  0.2915  0.2915  0.2916  0.2915  0.2915  0.2915  0.2915  0.2915  0.2915  0.2915  0.2915  0.2915  0.2915  0.2915  0.2915
  3   |  0.5750  0.5751  0.5753  0.5751  0.5751  0.5750  0.5750  0.5750  0.5750  0.5750  0.5750  0.5750  0.5750  0.5750  0.5750
  4   |  0.8792  0.8790  0.8795  0.8791  0.8792  0.8791  0.8791  0.8791  0.8791  0.8791  0.8791  0.8791  0.8791  0.8791  0.8791
  5   |  1.0000  1.0000  1.0000  1.0000  1.0000  1.0000  1.0000  1.0000  1.0000  1.0000  1.0000  1.0000  1.0000  1.0000  1.0000
  6   |  1.1309  1.1309  1.1312  1.1303  1.1310  1.1309  1.1309  1.1309  1.1309  1.1309  1.1309  1.1309  1.1309  1.1309  1.1309
  7   |  1.2956  1.2956  1.2960  1.2955  1.2949  1.2957  1.2957  1.2957  1.2957  1.2957  1.2957  1.2957  1.2957  1.2957  1.2957
  8   |  1.2000  1.2000  1.2004  1.1999  1.2000  1.2000  1.2000  1.2000  1.2000  1.2000  1.2000  1.2000  1.2000  1.2000  1.2000
  9   |  1.2000  1.2000  1.2004  1.1999  1.2000  1.2000  1.2000  1.2000  1.2000  1.2000  1.2000  1.2000  1.2000  1.2000  1.2000
------+------------------------------------------------------------------------------------------------------------------------
                                               
 
 
        Fitted Selection Pattern
        ------------------------
------+--------
AGE   |    2002
------+--------
  0   |  0.0348
  1   |  0.1317
  2   |  0.2915
  3   |  0.5750
  4   |  0.8791
  5   |  1.0000
  6   |  1.1309
  7   |  1.2957
  8   |  1.2000
  9   |  1.2000
------+--------
                                               
 
 
 
 
 
                    STOCK SUMMARY                                             
 
 
 ³ Year ³  Recruits  ³  Total  ³ Spawning³ Landings ³ Yield ³ Mean F ³ SoP ³    
 ³      ³   Age   0  ³ Biomass ³ Biomass ³          ³ /SSB  ³  Ages  ³     ³ 
 ³      ³  thousands ³  tonnes ³ tonnes  ³ tonnes   ³ ratio ³  4- 7  ³ (%) ³ 
 
   1972       169040    527925    363368    117518   0.3234   0.3058   100
   1973       105680    443265    327974     91021   0.2775   0.2796    99
   1974       202560    365482    281252     87333   0.3105   0.3086    99
   1975       438500    299149    231601     45618   0.1970   0.1880    99
   1976       361160    293810    199871     48118   0.2407   0.2260    99
   1977       456080    284088    184396     52341   0.2839   0.2763    99
   1978       511720    285631    188241     35677   0.1895   0.2046   100
   1979       105680    309828    197850     54082   0.2733   0.3120   100
   1980       496890    286637    212197     35849   0.1689   0.1779    99
   1981       518370    306634    212632     66800   0.3142   0.3205   100
   1982       481390    287468    194626     49002   0.2518   0.2347    99
   1983       345830    318883    212411     58806   0.2768   0.2900   100
   1984       752960    332129    234424     57861   0.2468   0.2714    99
   1985       392330    364783    250295     55326   0.2210   0.2074    99
   1986       224330    382751    264091     84750   0.3209   0.3057    99
   1987       420760    350492    266402     64669   0.2427   0.2237    99
   1988       420760    349347    257526     89757   0.3485   0.3071   100
   1989       558790    332814    235896     78035   0.3308   0.3003   100
   1990       202560    302879    206731     76521   0.3701   0.3158   100
   1991       482860    309701    230419     54003   0.2344   0.2196    99
   1992       392370    336740    241871     70583   0.2918   0.2738    99
   1993       217550    338007    241423     59794   0.2477   0.2443    99
   1994       591610    316713    234027     67344   0.2878   0.2664    99
   1995       438490    337718    244511     52097   0.2131   0.2053   100
   1996       169050    329843    241013     45980   0.1908   0.1821   100
   1997       558830    336499    254064     54115   0.2130   0.2181   100
   1998       577260    325277    236749     60751   0.2566   0.2383   100
   1999       350900    360157    249487     56150   0.2251   0.2153    99
   2000       591740    362828    259340     64635   0.2492   0.2433   100
   2001       375030    395632    285992     67640   0.2365   0.2397    99
   2002       375030    386625    280666     67916   0.2420   0.2377    99
 
 -----------------------------------------------------------------            
 No of years for separable analysis : 11                                      
 Age range in the analysis : 0  . . . 9                                       
 Year range in the analysis : 1972  . . . 2002                                
 Number of indices of SSB : 1                                                 
 Number of age-structured indices : 1                                         
                                                                              
 Parameters to estimate : 46                                                  
 Number of observations : 150                                                 
                                                                              
 Conventional single selection vector model to be fitted.                     
                                                                              
                                                                              
                                                                              
 -----------------------------------------------------------------            
 
 
 PARAMETER ESTIMATES                                                            
  
 
 ³Parm.³      ³ Maximum ³    ³        ³         ³         ³         ³ Mean of ³ 
  
 ³ No. ³      ³ Likelh. ³ CV ³  Lower ³ Upper   ³  -s.e.  ³   +s.e. ³ Param.  ³ 
  
 ³     ³      ³ Estimate³ (%)³ 95% CL ³ 95% CL  ³         ³         ³ Distrib.³ 
  
 Separable model : F by year                                                    
  
    1   1992     0.1999   0    0.1999    0.1999    0.1999    0.1999    0.1999
    2   1993     0.1790   0    0.1790    0.1790    0.1790    0.1790    0.1790
    3   1994     0.1969   0    0.1969    0.1969    0.1969    0.1969    0.1969
    4   1995     0.1548   0    0.1548    0.1548    0.1548    0.1548    0.1548
    5   1996     0.1430   0    0.1430    0.1430    0.1430    0.1430    0.1430
    6   1997     0.1812   0    0.1812    0.1812    0.1812    0.1812    0.1812
    7   1998     0.2131   1    0.2090    0.2173    0.2110    0.2152    0.2131
    8   1999     0.2111 100    0.0297    1.4984    0.0776    0.5737    0.3480
    9   2000     0.2665   0    0.2665    0.2666    0.2665    0.2665    0.2665
   10   2001     0.2990   0    0.2990    0.2990    0.2990    0.2990    0.2990
   11   2002     0.3446   0    0.3446    0.3446    0.3446    0.3446    0.3446
 
 Separable Model: Selection (S) by age                                          
  
   12      0     0.0484   0    0.0484    0.0484    0.0484    0.0484    0.0484
   13      1     0.1631   0    0.1631    0.1631    0.1631    0.1631    0.1631
   14      2     0.3303   0    0.3303    0.3303    0.3303    0.3303    0.3303
   15      3     0.6128   0    0.6128    0.6128    0.6128    0.6128    0.6128
   16      4     0.9005   0    0.9005    0.9005    0.9005    0.9005    0.9005
           5     1.0000     Fixed : Reference Age             
   17      6     1.1191   0    1.1191    1.1191    1.1191    1.1191    1.1191
   18      7     1.1936   0    1.1936    1.1936    1.1936    1.1936    1.1936
           8     1.2000     Fixed : Last true age             
 
 Separable model: Populations in year 2002                                    
   19      0     173534   0     173534    173534    173534    173534    173534
   20      1     169403   0     169403    169403    169403    169403    169403
   21      2     249289   0     249289    249289    249289    249289    249289
   22      3     130223   0     130223    130223    130223    130223    130223
   23      4     172938   0     172938    172938    172938    172938    172938
   24      5     124335   0     124335    124335    124335    124335    124335
   25      6      27401   0      27401     27401     27401     27401     27401
   26      7      50854   0      50854     50854     50854     50854     50854
   27      8      48499   0      48499     48499     48499     48499     48499
 
Separable model: Populations at age
   28   1992      84389   0      84389     84389     84389     84389     84389
   29   1993      43731   0      43731     43731     43731     43731     43731
   30   1994      25858   0      25858     25858     25858     25858     25858
   31   1995      49799   0      49799     49799     49799     49799     49799
   32   1996      52965   0      52965     52965     52965     52965     52965
   33   1997      74454   0      74454     74454     74454     74454     74454
   34   1998      26665   0      26665     26665     26665     26665     26665
   35   1999      59434   0      59434     59434     59434     59434     59434
   36   2000      44502   0      44502     44502     44502     44502     44502
   37   2001      21353   0      21353     21353     21353     21353     21353
 
 SSB Index catchabilities                                                       
  
   INDEX                                 
 Absolute estimator. No fitted catchability.                                    
  
 
 
 
 Age-structured index catchabilities                                            
  
                                        FLT01: Dummy survey                     
 
 Linear model fitted. Slopes at age :                                           
  
   38   1  Q  .2098       0 .2098     .2098     .2098     .2098     .2098    
   39   2  Q  1.498       0 1.498     1.498     1.498     1.498     1.498    
   40   3  Q  2.419       0 2.419     2.419     2.419     2.419     2.419    
   41   4  Q  1.399       0 1.399     1.399     1.399     1.399     1.399    
   42   5  Q  1.380       0 1.380     1.380     1.380     1.380     1.380    
   43   6  Q  1.061       0 1.061     1.061     1.061     1.061     1.061    
   44   7  Q  1.601       0 1.601     1.601     1.601     1.601     1.601    
   45   8  Q  4.322       0 4.322     4.322     4.322     4.322     4.322    
   46   9  Q  1.583       0 1.583     1.583     1.583     1.583     1.583    
 
 
 
 RESIDUALS ABOUT THE MODEL FIT                                                  
  
 ------------------------------
 
        Separable Model Residuals
        -------------------------
------+----------------------------------------------------------------------------------------
Age   |    1992    1993    1994    1995    1996    1997    1998    1999    2000    2001    2002
------+----------------------------------------------------------------------------------------
  0   | ******* ******* ******* ******* ******* ******* ******* ******* ******* ******* *******
  1   | ******* ******* ******* ******* ******* ******* ******* ******* ******* ******* *******
  2   | ******* ******* ******* ******* ******* ******* ******* ******* ******* ******* *******
  3   | ******* ******* ******* ******* ******* ******* ******* ******* ******* ******* *******
  4   | ******* ******* ******* ******* ******* ******* ******* ******* ******* ******* *******
  5   | ******* ******* ******* ******* ******* ******* ******* ******* ******* ******* *******
  6   | ******* ******* ******* ******* ******* ******* ******* ******* ******* ******* *******
  7   | ******* ******* ******* ******* ******* ******* ******* ******* ******* ******* *******
  8   | ******* ******* ******* ******* ******* ******* ******* ******* ******* ******* *******
------+----------------------------------------------------------------------------------------
                                               
 
 
 
 SPAWNING BIOMASS INDEX RESIDUALS                                               
  
 ---------------------------------
 
          INDEX
        -------
------+------------------------------------------------------------------------------------------------------------------------
      |    1972    1973    1974    1975    1976    1977    1978    1979    1980    1981    1982    1983    1984    1985    1986
------+------------------------------------------------------------------------------------------------------------------------
  1   | ******* ******* ******* ******* ******* ******* ******* ******* ******* ******* ******* ******* ******* ******* *******
------+------------------------------------------------------------------------------------------------------------------------
                                               
 
 
          INDEX
        -------
------+------------------------------------------------------------------------------------------------------------------------
      |    1987    1988    1989    1990    1991    1992    1993    1994    1995    1996    1997    1998    1999    2000    2001
------+------------------------------------------------------------------------------------------------------------------------
  1   | ******* ******* ******* ******* ******* ******* ******* ******* ******* ******* ******* ******* ******* ******* *******
------+------------------------------------------------------------------------------------------------------------------------
                                               
 
 
          INDEX
        -------
------+--------
      |    2002
------+--------
  1   | *******
------+--------
                                               
 
 
 
 AGE-STRUCTURED INDEX RESIDUALS                                                 
  
 -------------------------------
 
        FLT01: Dummy survey
        -------------------
------+--------------------------------
Age   |    1981    1982    1983    1984
------+--------------------------------
  1   |   1.147   0.833  -0.630  -1.350
  2   |   1.577  -0.121   0.331  -1.787
  3   |  -1.034   1.309  -0.317   0.042
  4   |  -2.015  -0.359   1.978   0.397
  5   |   0.298  -1.869  -0.312   1.883
  6   |   0.659   0.723  -1.402   0.020
  7   |   0.965   0.312   0.347  -1.624
  8   |   1.185   0.255  -0.673  -0.766
  9   |  -0.653   0.660   0.228  -0.205
------+--------------------------------
                                               
 
 
 
 
 
 
 PARAMETERS OF THE DISTRIBUTION OF ln(CATCHES AT AGE)                           
  
 -----------------------------------------------------
 
 Separable model fitted from 1992  to 2002                                    
 Variance                             0.0000
Skewness test stat.                 -11.2570
Kurtosis test statistic              30.8556
Partial chi-square                    0.0000
Significance in fit                   0.0000
Degrees of freedom                        62
 
 
 PARAMETERS OF DISTRIBUTIONS OF THE SSB INDICES                                 
  
 -----------------------------------------------
 
 
   DISTRIBUTION STATISTICS FOR   INDEX                                          
 
 
 Index used as absolute measure of abundance                                    
  
 Last age is a plus-group                                                       
  
 
 Variance                             0.0000
Skewness test stat.                  -2.3384
Kurtosis test statistic               0.7784
Partial chi-square                    0.0000
Significance in fit                   0.0000
Number of observations                    15
Degrees of freedom                        15
Weight in the analysis                5.0000
 
 PARAMETERS OF THE DISTRIBUTION OF THE AGE-STRUCTURED INDICES                   
  
 ------------------------------------------------------------ 
 
 
   DISTRIBUTION STATISTICS FOR FLT01: Dummy survey                              
 
 
 Linear catchability relationship assumed                                       
  
 
 Age                          1         2         3         4         5         6         7         8         9
 Variance                0.0016    0.0021    0.0011    0.0031    0.0027    0.0011    0.0014    0.0009    0.0004
Skewness test stat.     -0.1169   -0.2046    0.3686   -0.0297    0.0121   -0.6832   -0.7344    0.3798    0.0230
Kurtosis test statisti  -0.7051   -0.4301   -0.4224   -0.4626   -0.4491   -0.3982   -0.3309   -0.5699   -0.5529
Partial chi-square       0.0004    0.0005    0.0003    0.0008    0.0007    0.0003    0.0004    0.0003    0.0001
Significance in fit      0.0000    0.0000    0.0000    0.0000    0.0000    0.0000    0.0000    0.0000    0.0000
Number of observations        4         4         4         4         4         4         4         4         4
Degrees of freedom            3         3         3         3         3         3         3         3         3
Weight in the analysis   0.0011    0.0011    0.0011    0.0011    0.0011    0.0011    0.0011    0.0011    0.0011
 
 ANALYSIS OF VARIANCE                   
--------------------------
 
 Unweighted Statistics                                                          
  
 
                                                                                
  
Variance                              
                                       SSQ     Data    Parameters d.f. Variance
Total for model                        38.5792     150         46  104   0.3710
Catches at age                          0.0000      99         37   62   0.0000
  
SSB Indices                           
  INDEX                                 0.0000      15          0   15   0.0000
  
 Aged Indices                                                                   
  
FLT01: Dummy survey                    38.5792      36          9   27   1.4289
 
 
 Weighted Statistics                                                            
  
 
                                                                                
  
Variance                              
                                       SSQ     Data    Parameters d.f. Variance
Total for model                         0.0000     150         46  104   0.0000
Catches at age                          0.0000      99         37   62   0.0000
  
SSB Indices                           
  INDEX                                 0.0000      15          0   15   0.0000
  
 Aged Indices                                                                   
  
FLT01: Dummy survey                     0.0000      36          9   27   0.0000
 
