 Output Generated by ICA Version 1.4                                            
  
 ------------------------------------
 
        Mackerel NE Atlantic  WG2003
        ----------------------------
 
        Catch in Number
        ---------------
------+------------------------------------------------------------------------------------------------------------------------
AGE   |    1972    1973    1974    1975    1976    1977    1978    1979    1980    1981    1982    1983    1984    1985    1986
------+------------------------------------------------------------------------------------------------------------------------
  0   |   5020.   1758.   4010.   2152.   1953.   1118.   3356.   2737.   2070.   5280.   6962.   3176.   3276.   3160.    912.
  1   |   9589.   9736.   8104.  10386.   6360.   5539.   4661.  11578.  11904.   6178.  17255.  20501.   8156.   9525.   8858.
  2   |  27994.  10597.  25567.  11954.  17545.  10331.  13197.   9156.  28476.  20038.  11393.  28706.  29897.  13519.  15270.
  3   |  29955.  26370.  23702.  32125.  17301.  24514.  21078.  22067.  18945.  40157.  30973.  15923.  35477.  42292.  18586.
  4   |  40419.  20514.  43132.  21682.  34151.  17849.  36801.  25698.  32848.  19041.  44319.  30965.  14226.  36663.  42749.
  5   |  21635.  19533.  24002.  27963.  16470.  25266.  19231.  31931.  27039.  23055.  14714.  31021.  19493.  10459.  26487.
  6   |  16925.  10113.  22167.  15062.  20640.  11867.  26474.  16163.  32362.  18203.  17102.   9894.  18845.  13894.   7346.
  7   |   5897.   7765.  11291.  13660.  10965.  14706.  12272.  21862.  15986.  21165.  13129.  11193.   5881.  13212.   9629.
  8   |   4592.   2151.   6982.   5557.   7969.   6264.  12240.   8128.  17374.   8333.  12192.   6851.   5304.   3300.   7334.
  9   |   9173.   5339.   5637.   6418.   7257.   9093.  13502.  17624.  21094.  20376.  16831.  15013.  10586.   8594.   6621.
------+------------------------------------------------------------------------------------------------------------------------
       x 10 ^ 3                                
 
 
        Catch in Number
        ---------------
------+------------------------------------------------------------------------------------------------------------------------
AGE   |    1987    1988    1989    1990    1991    1992    1993    1994    1995    1996    1997    1998    1999    2000    2001
------+------------------------------------------------------------------------------------------------------------------------
  0   |   1001.   2705.   2470.   4105.   2475.   3140.   3501.   3479.   1167.   3332.   4322.   4648.   3440.   3210.   4332.
  1   |   3212.   3345.   8851.   9499.   8916.   8443.  17210.  10055.   6886.   4687.  14625.  13961.  10986.  11985.  12197.
  2   |  17850.   6132.   6245.  19360.  11782.  17420.  26241.  27927.  11346.  15794.  11657.  26659.  18725.  21771.  25789.
  3   |  26382.  29144.   9780.  11604.  20540.  19789.  45760.  35764.  26889.  22270.  33164.  17816.  30263.  31519.  39501.
  4   |  23641.  31598.  34043.  13228.   9004.  25483.  37697.  44585.  25074.  38786.  33799.  36196.  14583.  37044.  41220.
  5   |  38981.  20237.  26341.  32766.   7287.   8026.  34591.  25695.  22093.  25928.  41745.  25829.  20814.  12680.  34228.
  6   |  23493.  32407.  16372.  24540.  17505.   6327.  10530.  22644.  12324.  22206.  26933.  30627.  14316.  17511.  11294.
  7   |   6432.  19249.  25817.  14972.  12905.  15032.   8132.   6707.  10668.  12218.  22561.  19215.  16590.  11818.  15235.
  8   |   6774.   4229.  12298.  18960.   6279.   8903.  15588.   4128.   2514.   8508.   9981.  12852.   8282.  10981.   8245.
  9   |   9662.  11054.   9894.  17161.  15526.  15441.  26573.  21327.   8760.   8732.  13587.  12989.  11817.  14104.  17888.
------+------------------------------------------------------------------------------------------------------------------------
       x 10 ^ 3                                
 
 
        Catch in Number
        ---------------
------+--------
AGE   |    2002
------+--------
  0   |   3904.
  1   |   8175.
  2   |  13120.
  3   |  23657.
  4   |  26356.
  5   |  19411.
  6   |  15594.
  7   |   5051.
  8   |   5417.
  9   |   9543.
------+--------
       x 10 ^ 3                                
 
 
 
        Predicted Catch in Number
        -------------------------
------+----------------------------------------------------------------------------------------
AGE   |    1992    1993    1994    1995    1996    1997    1998    1999    2000    2001    2002
------+----------------------------------------------------------------------------------------
  0   |   3140.   3501.   3478.   1167.   3331.   4321.   4648.   3440.   3210.   4331.   3904.
  1   |   8444.  17211.  10055.   6884.   4686.  14622.  13958.  10987.  11985.  12195.   8175.
  2   |  17422.  26245.  27928.  11346.  15791.  11656.  26654.  18721.  21770.  25785.  13119.
  3   |  19791.  45768.  35768.  26890.  22269.  33159.  17814.  30257.  31511.  39495.  23657.
  4   |  25486.  37703.  44592.  25078.  38789.  33798.  36191.  14581.  37037.  41206.  26358.
  5   |   8027.  34595.  25696.  22095.  25930.  41745.  25827.  20809.  12678.  34215.  19406.
  6   |   6328.  10532.  22645.  12325.  22207.  26933.  30625.  14314.  17506.  11290.  15591.
  7   |  15030.   8133.   6708.  10668.  12218.  22561.  19215.  16589.  11817.  15229.   5051.
  8   |   8905.  15586.   4128.   2514.   8508.   9981.  12853.   8282.  10981.   8243.   5416.
------+----------------------------------------------------------------------------------------
       x 10 ^ 3                                
 
 
 
        Weights at age in the catches (Kg)
        ----------------------------------
------+------------------------------------------------------------------------------------------------------------------------
AGE   |    1972    1973    1974    1975    1976    1977    1978    1979    1980    1981    1982    1983    1984    1985    1986
------+------------------------------------------------------------------------------------------------------------------------
  0   | 0.05200 0.05000 0.05100 0.05000 0.05900 0.05600 0.03600 0.01600 0.05700 0.06000 0.05300 0.05000 0.03100 0.05500 0.03900
  1   | 0.13500 0.14500 0.13600 0.14800 0.13700 0.13600 0.13500 0.13700 0.13100 0.13200 0.13100 0.16800 0.10200 0.14400 0.14600
  2   | 0.27700 0.19400 0.22900 0.17700 0.20700 0.16900 0.16100 0.16100 0.24900 0.24800 0.24900 0.21900 0.18400 0.26200 0.24500
  3   | 0.34100 0.28500 0.26100 0.25900 0.26300 0.27500 0.25000 0.24300 0.28500 0.28700 0.28500 0.27600 0.29500 0.35700 0.33500
  4   | 0.42300 0.36800 0.33400 0.32300 0.32000 0.33300 0.32500 0.31800 0.34500 0.34400 0.34500 0.31000 0.32600 0.41800 0.42300
  5   | 0.46800 0.44800 0.39200 0.34800 0.34600 0.35200 0.34500 0.34800 0.37800 0.37700 0.37800 0.38600 0.34400 0.41700 0.47100
  6   | 0.46800 0.46800 0.48100 0.43000 0.40600 0.40700 0.40300 0.40100 0.45400 0.45400 0.45400 0.42500 0.43100 0.43600 0.44400
  7   | 0.50800 0.50800 0.50800 0.48800 0.44300 0.44600 0.42100 0.41600 0.49800 0.49900 0.49600 0.43500 0.54200 0.52100 0.45700
  8   | 0.53900 0.53900 0.53900 0.53900 0.51800 0.54600 0.51800 0.50600 0.52000 0.51300 0.51300 0.49800 0.48000 0.55500 0.54300
  9   | 0.60651 0.61579 0.60285 0.59390 0.59523 0.57311 0.55971 0.53281 0.56680 0.56012 0.56501 0.57893 0.61552 0.62631 0.61954
------+------------------------------------------------------------------------------------------------------------------------
                                               
 
 
        Weights at age in the catches (Kg)
        ----------------------------------
------+------------------------------------------------------------------------------------------------------------------------
AGE   |    1987    1988    1989    1990    1991    1992    1993    1994    1995    1996    1997    1998    1999    2000    2001
------+------------------------------------------------------------------------------------------------------------------------
  0   | 0.07600 0.05500 0.04900 0.08500 0.06800 0.05100 0.06100 0.04600 0.07200 0.05800 0.07600 0.06500 0.06200 0.06300 0.06900
  1   | 0.17900 0.13300 0.13600 0.15600 0.15600 0.16700 0.13400 0.13600 0.14300 0.14300 0.14300 0.15700 0.17600 0.13500 0.17100
  2   | 0.22300 0.25900 0.23700 0.23300 0.25300 0.23900 0.24000 0.25500 0.23400 0.22600 0.23000 0.22700 0.23600 0.22900 0.22300
  3   | 0.31800 0.32300 0.32000 0.33600 0.32700 0.33300 0.31700 0.33900 0.33300 0.31300 0.29500 0.31000 0.30700 0.30800 0.30700
  4   | 0.39900 0.38800 0.37700 0.37900 0.39400 0.39700 0.37600 0.39000 0.39000 0.37700 0.35900 0.35400 0.36100 0.36700 0.37800
  5   | 0.47400 0.45600 0.43300 0.42300 0.42300 0.46000 0.43600 0.44800 0.45200 0.42500 0.41500 0.40800 0.40600 0.42900 0.42600
  6   | 0.51200 0.52400 0.45600 0.46700 0.46900 0.49500 0.48300 0.51200 0.50100 0.48400 0.45300 0.45200 0.45400 0.46700 0.47700
  7   | 0.49300 0.55500 0.54300 0.52800 0.50600 0.53200 0.52700 0.54300 0.53900 0.51800 0.48100 0.46200 0.50100 0.50400 0.49900
  8   | 0.49800 0.55500 0.59200 0.55200 0.55400 0.55500 0.54800 0.59000 0.57700 0.55100 0.52400 0.51800 0.53700 0.53700 0.54300
  9   | 0.61153 0.59990 0.61129 0.61763 0.62580 0.63809 0.61698 0.63272 0.61938 0.61036 0.57691 0.56730 0.58681 0.58870 0.60099
------+------------------------------------------------------------------------------------------------------------------------
                                               
 
 
        Weights at age in the catches (Kg)
        ----------------------------------
------+--------
AGE   |    2002
------+--------
  0   | 0.05200
  1   | 0.15900
  2   | 0.25500
  3   | 0.30700
  4   | 0.36900
  5   | 0.42600
  6   | 0.46400
  7   | 0.51400
  8   | 0.53900
  9   | 0.61100
------+--------
                                               
 
 
 
        Weights at age in the stock (Kg)
        --------------------------------
------+------------------------------------------------------------------------------------------------------------------------
AGE   |    1972    1973    1974    1975    1976    1977    1978    1979    1980    1981    1982    1983    1984    1985    1986
------+------------------------------------------------------------------------------------------------------------------------
  0   | 0.00800 0.00800 0.00800 0.00800 0.00800 0.00800 0.00800 0.00800 0.00800 0.00800 0.00800 0.00800 0.00000 0.00000 0.00000
  1   | 0.13200 0.13200 0.13000 0.12900 0.12800 0.12700 0.11100 0.11000 0.10900 0.08700 0.08600 0.08600 0.08100 0.08500 0.07700
  2   | 0.17800 0.17700 0.17300 0.17100 0.17000 0.16700 0.17500 0.17400 0.17300 0.18600 0.13500 0.17200 0.19400 0.16500 0.17900
  3   | 0.24300 0.24200 0.23800 0.23600 0.23600 0.23300 0.23800 0.23700 0.23600 0.25200 0.22100 0.23500 0.25300 0.29300 0.26700
  4   | 0.41100 0.30100 0.29600 0.29400 0.29300 0.28900 0.30000 0.29900 0.29700 0.31300 0.28000 0.28000 0.29500 0.30600 0.30400
  5   | 0.35500 0.43800 0.32200 0.31800 0.31800 0.31300 0.34600 0.34500 0.34300 0.32300 0.38500 0.33900 0.32400 0.34100 0.35600
  6   | 0.39800 0.39800 0.46900 0.36500 0.36500 0.36100 0.38200 0.38000 0.37900 0.37800 0.35300 0.37700 0.39300 0.38400 0.35100
  7   | 0.43300 0.43300 0.43300 0.49700 0.41900 0.41600 0.41000 0.40800 0.40700 0.41900 0.40800 0.40400 0.43600 0.43000 0.41600
  8   | 0.45900 0.45900 0.45900 0.45900 0.51200 0.44600 0.43200 0.43000 0.42900 0.43400 0.43700 0.43900 0.44100 0.45900 0.47300
  9   | 0.52309 0.52863 0.51724 0.50827 0.50932 0.53088 0.49804 0.48441 0.48746 0.47191 0.48483 0.51521 0.51003 0.53509 0.48789
------+------------------------------------------------------------------------------------------------------------------------
                                               
 
 
        Weights at age in the stock (Kg)
        --------------------------------
------+------------------------------------------------------------------------------------------------------------------------
AGE   |    1987    1988    1989    1990    1991    1992    1993    1994    1995    1996    1997    1998    1999    2000    2001
------+------------------------------------------------------------------------------------------------------------------------
  0   | 0.00000 0.00000 0.00000 0.00000 0.00000 0.00000 0.00000 0.00000 0.00000 0.00000 0.00000 0.00000 0.00000 0.00000 0.00000
  1   | 0.07800 0.07200 0.07600 0.07400 0.07500 0.07800 0.07800 0.07900 0.08100 0.07600 0.07600 0.07700 0.08100 0.07400 0.07800
  2   | 0.14800 0.15600 0.17700 0.13800 0.15500 0.21200 0.19700 0.17800 0.16400 0.13300 0.18600 0.14900 0.19400 0.18500 0.16400
  3   | 0.24000 0.23700 0.24400 0.22200 0.23000 0.25900 0.26800 0.23700 0.26700 0.25100 0.22800 0.22300 0.24200 0.23500 0.24100
  4   | 0.28600 0.30100 0.30600 0.28700 0.30700 0.31000 0.31500 0.30100 0.32600 0.31700 0.29600 0.28500 0.30100 0.28900 0.34200
  5   | 0.37400 0.32900 0.35200 0.33900 0.35700 0.36200 0.36000 0.36100 0.39800 0.36600 0.36100 0.34200 0.35300 0.35000 0.39000
  6   | 0.38600 0.42300 0.38000 0.37300 0.40900 0.40200 0.41600 0.41300 0.44800 0.44400 0.40200 0.40000 0.39600 0.39000 0.44600
  7   | 0.41100 0.44500 0.42900 0.41400 0.43200 0.42400 0.45400 0.46600 0.49100 0.46200 0.44500 0.42600 0.42300 0.42600 0.45900
  8   | 0.42900 0.43200 0.47400 0.40900 0.50200 0.46200 0.46500 0.47000 0.50800 0.50100 0.47800 0.46600 0.44000 0.44700 0.49900
  9   | 0.48982 0.50996 0.48575 0.47319 0.55425 0.52111 0.53081 0.53735 0.56502 0.59790 0.53620 0.52608 0.48833 0.50100 0.55996
------+------------------------------------------------------------------------------------------------------------------------
                                               
 
 
        Weights at age in the stock (Kg)
        --------------------------------
------+--------
AGE   |    2002
------+--------
  0   | 0.00000
  1   | 0.07800
  2   | 0.18100
  3   | 0.23900
  4   | 0.31100
  5   | 0.36400
  6   | 0.41100
  7   | 0.43600
  8   | 0.46200
  9   | 0.52251
------+--------
                                               
 
 
 
        Natural Mortality (per year)
        ----------------------------
------+------------------------------------------------------------------------------------------------------------------------
AGE   |    1972    1973    1974    1975    1976    1977    1978    1979    1980    1981    1982    1983    1984    1985    1986
------+------------------------------------------------------------------------------------------------------------------------
  0   | 0.15000 0.15000 0.15000 0.15000 0.15000 0.15000 0.15000 0.15000 0.15000 0.15000 0.15000 0.15000 0.15000 0.15000 0.15000
  1   | 0.15000 0.15000 0.15000 0.15000 0.15000 0.15000 0.15000 0.15000 0.15000 0.15000 0.15000 0.15000 0.15000 0.15000 0.15000
  2   | 0.15000 0.15000 0.15000 0.15000 0.15000 0.15000 0.15000 0.15000 0.15000 0.15000 0.15000 0.15000 0.15000 0.15000 0.15000
  3   | 0.15000 0.15000 0.15000 0.15000 0.15000 0.15000 0.15000 0.15000 0.15000 0.15000 0.15000 0.15000 0.15000 0.15000 0.15000
  4   | 0.15000 0.15000 0.15000 0.15000 0.15000 0.15000 0.15000 0.15000 0.15000 0.15000 0.15000 0.15000 0.15000 0.15000 0.15000
  5   | 0.15000 0.15000 0.15000 0.15000 0.15000 0.15000 0.15000 0.15000 0.15000 0.15000 0.15000 0.15000 0.15000 0.15000 0.15000
  6   | 0.15000 0.15000 0.15000 0.15000 0.15000 0.15000 0.15000 0.15000 0.15000 0.15000 0.15000 0.15000 0.15000 0.15000 0.15000
  7   | 0.15000 0.15000 0.15000 0.15000 0.15000 0.15000 0.15000 0.15000 0.15000 0.15000 0.15000 0.15000 0.15000 0.15000 0.15000
  8   | 0.15000 0.15000 0.15000 0.15000 0.15000 0.15000 0.15000 0.15000 0.15000 0.15000 0.15000 0.15000 0.15000 0.15000 0.15000
  9   | 0.15000 0.15000 0.15000 0.15000 0.15000 0.15000 0.15000 0.15000 0.15000 0.15000 0.15000 0.15000 0.15000 0.15000 0.15000
------+------------------------------------------------------------------------------------------------------------------------
                                               
 
 
        Natural Mortality (per year)
        ----------------------------
------+------------------------------------------------------------------------------------------------------------------------
AGE   |    1987    1988    1989    1990    1991    1992    1993    1994    1995    1996    1997    1998    1999    2000    2001
------+------------------------------------------------------------------------------------------------------------------------
  0   | 0.15000 0.15000 0.15000 0.15000 0.15000 0.15000 0.15000 0.15000 0.15000 0.15000 0.15000 0.15000 0.15000 0.15000 0.15000
  1   | 0.15000 0.15000 0.15000 0.15000 0.15000 0.15000 0.15000 0.15000 0.15000 0.15000 0.15000 0.15000 0.15000 0.15000 0.15000
  2   | 0.15000 0.15000 0.15000 0.15000 0.15000 0.15000 0.15000 0.15000 0.15000 0.15000 0.15000 0.15000 0.15000 0.15000 0.15000
  3   | 0.15000 0.15000 0.15000 0.15000 0.15000 0.15000 0.15000 0.15000 0.15000 0.15000 0.15000 0.15000 0.15000 0.15000 0.15000
  4   | 0.15000 0.15000 0.15000 0.15000 0.15000 0.15000 0.15000 0.15000 0.15000 0.15000 0.15000 0.15000 0.15000 0.15000 0.15000
  5   | 0.15000 0.15000 0.15000 0.15000 0.15000 0.15000 0.15000 0.15000 0.15000 0.15000 0.15000 0.15000 0.15000 0.15000 0.15000
  6   | 0.15000 0.15000 0.15000 0.15000 0.15000 0.15000 0.15000 0.15000 0.15000 0.15000 0.15000 0.15000 0.15000 0.15000 0.15000
  7   | 0.15000 0.15000 0.15000 0.15000 0.15000 0.15000 0.15000 0.15000 0.15000 0.15000 0.15000 0.15000 0.15000 0.15000 0.15000
  8   | 0.15000 0.15000 0.15000 0.15000 0.15000 0.15000 0.15000 0.15000 0.15000 0.15000 0.15000 0.15000 0.15000 0.15000 0.15000
  9   | 0.15000 0.15000 0.15000 0.15000 0.15000 0.15000 0.15000 0.15000 0.15000 0.15000 0.15000 0.15000 0.15000 0.15000 0.15000
------+------------------------------------------------------------------------------------------------------------------------
                                               
 
 
        Natural Mortality (per year)
        ----------------------------
------+--------
AGE   |    2002
------+--------
  0   | 0.15000
  1   | 0.15000
  2   | 0.15000
  3   | 0.15000
  4   | 0.15000
  5   | 0.15000
  6   | 0.15000
  7   | 0.15000
  8   | 0.15000
  9   | 0.15000
------+--------
                                               
 
 
 
        Proportion of fish spawning
        ---------------------------
------+------------------------------------------------------------------------------------------------------------------------
AGE   |    1972    1973    1974    1975    1976    1977    1978    1979    1980    1981    1982    1983    1984    1985    1986
------+------------------------------------------------------------------------------------------------------------------------
  0   |  0.0000  0.0000  0.0000  0.0000  0.0000  0.0000  0.0000  0.0000  0.0000  0.0000  0.0000  0.0000  0.0000  0.0000  0.0000
  1   |  0.0500  0.0500  0.0500  0.0600  0.0600  0.0600  0.0600  0.0600  0.0600  0.0700  0.0700  0.0700  0.0700  0.0700  0.0700
  2   |  0.5300  0.5400  0.5400  0.5500  0.5500  0.5500  0.5600  0.5600  0.5700  0.5700  0.5700  0.5800  0.5800  0.5800  0.5800
  3   |  0.9000  0.9000  0.9000  0.8900  0.8900  0.8900  0.8900  0.8900  0.8900  0.8800  0.8800  0.8800  0.8800  0.8800  0.8800
  4   |  0.9800  0.9800  0.9800  0.9800  0.9800  0.9800  0.9800  0.9800  0.9800  0.9800  0.9800  0.9800  0.9700  0.9700  0.9700
  5   |  0.9800  0.9800  0.9800  0.9800  0.9800  0.9800  0.9800  0.9800  0.9800  0.9800  0.9800  0.9800  0.9700  0.9700  0.9700
  6   |  0.9900  0.9900  0.9900  0.9900  0.9900  0.9900  0.9900  0.9900  0.9900  0.9900  0.9900  0.9900  0.9900  0.9900  0.9900
  7   |  1.0000  1.0000  1.0000  1.0000  1.0000  1.0000  1.0000  1.0000  1.0000  1.0000  1.0000  1.0000  1.0000  1.0000  1.0000
  8   |  1.0000  1.0000  1.0000  1.0000  1.0000  1.0000  1.0000  1.0000  1.0000  1.0000  1.0000  1.0000  1.0000  1.0000  1.0000
  9   |  1.0000  1.0000  1.0000  1.0000  1.0000  1.0000  1.0000  1.0000  1.0000  1.0000  1.0000  1.0000  1.0000  1.0000  1.0000
------+------------------------------------------------------------------------------------------------------------------------
                                               
 
 
        Proportion of fish spawning
        ---------------------------
------+------------------------------------------------------------------------------------------------------------------------
AGE   |    1987    1988    1989    1990    1991    1992    1993    1994    1995    1996    1997    1998    1999    2000    2001
------+------------------------------------------------------------------------------------------------------------------------
  0   |  0.0000  0.0000  0.0000  0.0000  0.0000  0.0000  0.0000  0.0000  0.0000  0.0000  0.0000  0.0000  0.0000  0.0000  0.0000
  1   |  0.0700  0.0700  0.0700  0.0700  0.0700  0.0700  0.0700  0.0700  0.0700  0.0700  0.0700  0.0700  0.0700  0.0700  0.0700
  2   |  0.5800  0.5800  0.5800  0.5800  0.5800  0.5800  0.5800  0.5800  0.5800  0.5800  0.5800  0.5800  0.5800  0.5800  0.5900
  3   |  0.8800  0.8800  0.8800  0.8800  0.8800  0.8800  0.8800  0.8800  0.8800  0.8800  0.8800  0.8600  0.8600  0.8600  0.8800
  4   |  0.9700  0.9700  0.9700  0.9700  0.9700  0.9700  0.9700  0.9700  0.9700  0.9700  0.9700  0.9800  0.9800  0.9800  0.9700
  5   |  0.9700  0.9700  0.9700  0.9700  0.9700  0.9700  0.9700  0.9700  0.9700  0.9700  0.9700  0.9800  0.9800  0.9800  0.9700
  6   |  0.9900  0.9900  0.9900  0.9900  0.9900  0.9900  0.9900  0.9900  0.9900  0.9900  0.9900  0.9900  0.9900  0.9900  0.9900
  7   |  1.0000  1.0000  1.0000  1.0000  1.0000  1.0000  1.0000  1.0000  1.0000  1.0000  1.0000  1.0000  1.0000  1.0000  1.0000
  8   |  1.0000  1.0000  1.0000  1.0000  1.0000  1.0000  1.0000  1.0000  1.0000  1.0000  1.0000  1.0000  1.0000  1.0000  1.0000
  9   |  1.0000  1.0000  1.0000  1.0000  1.0000  1.0000  1.0000  1.0000  1.0000  1.0000  1.0000  1.0000  1.0000  1.0000  1.0000
------+------------------------------------------------------------------------------------------------------------------------
                                               
 
 
        Proportion of fish spawning
        ---------------------------
------+--------
AGE   |    2002
------+--------
  0   |  0.0000
  1   |  0.0700
  2   |  0.5900
  3   |  0.8800
  4   |  0.9700
  5   |  0.9700
  6   |  0.9900
  7   |  1.0000
  8   |  1.0000
  9   |  1.0000
------+--------
                                               
 
 
 
 INDICES OF SPAWNING BIOMASS                                                    
  
 ----------------------------
 
          INDEX
        -------
------+------------------------------------------------------------------------------------------------------------------------
      |    1972    1973    1974    1975    1976    1977    1978    1979    1980    1981    1982    1983    1984    1985    1986
------+------------------------------------------------------------------------------------------------------------------------
  1   | ******* ******* ******* ******* ******* ******* ******* ******* ******* ******* ******* ******* ******* ******* *******
------+------------------------------------------------------------------------------------------------------------------------
       x 10 ^ 3                                
 
 
          INDEX
        -------
------+------------------------------------------------------------------------------------------------------------------------
      |    1987    1988    1989    1990    1991    1992    1993    1994    1995    1996    1997    1998    1999    2000    2001
------+------------------------------------------------------------------------------------------------------------------------
  1   | *******  292.21  261.12  222.28  239.82  269.53  282.66  271.43  296.15  288.05  257.94  228.17  241.31  252.14  280.86
------+------------------------------------------------------------------------------------------------------------------------
       x 10 ^ 3                                
 
 
          INDEX
        -------
------+--------
      |    2002
------+--------
  1   |  278.22
------+--------
       x 10 ^ 3                                
 
 
 
 AGE-STRUCTURED INDICES                                                         
  
 -----------------------
 
        FLT01: Dummy survey
        -------------------
------+--------------------------------
AGE   |    1981    1982    1983    1984
------+--------------------------------
  1   |  266.10  203.00   43.60   15.24
  2   |  506.40  435.90  712.70   79.51
  3   |  225.10  483.60  444.60  661.83
  4   |   31.70  184.10  391.60  374.60
  5   |  174.80   24.70  130.40  238.20
  6   |  158.50  136.60   20.20   92.00
  7   |   99.50  108.60   91.30   15.54
  8   |  116.60   84.50   70.90   51.47
  9   |   35.30   87.00   47.10   39.27
------+--------------------------------
       x 10 ^ 3                                
 
 
 
        Fishing Mortality (per year)
        ----------------------------
------+------------------------------------------------------------------------------------------------------------------------
AGE   |    1972    1973    1974    1975    1976    1977    1978    1979    1980    1981    1982    1983    1984    1985    1986
------+------------------------------------------------------------------------------------------------------------------------
  0   | 0.00941 0.00569 0.00820 0.00663 0.00610 0.00538 0.00700 0.00754 0.01030 0.00966 0.00991 0.00916 0.00735 0.00667 0.00582
  1   | 0.03561 0.02153 0.03102 0.02508 0.02309 0.02036 0.02648 0.02853 0.03898 0.03654 0.03752 0.03467 0.02784 0.02524 0.02204
  2   | 0.07882 0.04765 0.06867 0.05550 0.05110 0.04507 0.05860 0.06315 0.08627 0.08088 0.08305 0.07674 0.06161 0.05588 0.04877
  3   | 0.15550 0.09402 0.13548 0.10950 0.10082 0.08891 0.11561 0.12460 0.17020 0.15956 0.16384 0.15139 0.12155 0.11024 0.09623
  4   | 0.23772 0.14373 0.20711 0.16740 0.15413 0.13593 0.17674 0.19048 0.26020 0.24394 0.25048 0.23144 0.18583 0.16853 0.14712
  5   | 0.27039 0.16348 0.23557 0.19040 0.17531 0.15460 0.20103 0.21665 0.29595 0.27745 0.28490 0.26324 0.21136 0.19169 0.16733
  6   | 0.30578 0.18488 0.26641 0.21532 0.19826 0.17484 0.22734 0.24501 0.33469 0.31377 0.32219 0.29770 0.23903 0.21678 0.18923
  7   | 0.35031 0.21181 0.30521 0.24668 0.22714 0.20030 0.26045 0.28070 0.38343 0.35947 0.36912 0.34106 0.27384 0.24835 0.21680
  8   | 0.32447 0.19618 0.28269 0.22848 0.21038 0.18553 0.24124 0.25999 0.35514 0.33295 0.34188 0.31590 0.25364 0.23002 0.20080
  9   | 0.32447 0.19618 0.28269 0.22848 0.21038 0.18553 0.24124 0.25999 0.35514 0.33295 0.34188 0.31590 0.25364 0.23002 0.20080
------+------------------------------------------------------------------------------------------------------------------------
                                               
 
 
        Fishing Mortality (per year)
        ----------------------------
------+------------------------------------------------------------------------------------------------------------------------
AGE   |    1987    1988    1989    1990    1991    1992    1993    1994    1995    1996    1997    1998    1999    2000    2001
------+------------------------------------------------------------------------------------------------------------------------
  0   | 0.00639 0.00666 0.00680 0.00818 0.00553 0.00588 0.01010 0.00911 0.00562 0.00704 0.00968 0.00983 0.00726 0.00791 0.00943
  1   | 0.02419 0.02522 0.02574 0.03096 0.02094 0.02224 0.03823 0.03446 0.02126 0.02662 0.03665 0.03719 0.02749 0.02994 0.03567
  2   | 0.05356 0.05582 0.05697 0.06853 0.04636 0.04922 0.08463 0.07628 0.04705 0.05893 0.08113 0.08232 0.06084 0.06627 0.07896
  3   | 0.10565 0.11014 0.11240 0.13519 0.09146 0.09711 0.16696 0.15050 0.09283 0.11627 0.16006 0.16240 0.12003 0.13075 0.15578
  4   | 0.16153 0.16835 0.17186 0.20667 0.13982 0.14847 0.25527 0.23009 0.14192 0.17776 0.24470 0.24829 0.18351 0.19990 0.23817
  5   | 0.18372 0.19150 0.19543 0.23511 0.15903 0.16886 0.29032 0.26169 0.16141 0.20217 0.27831 0.28240 0.20871 0.22735 0.27088
  6   | 0.20777 0.21657 0.22103 0.26582 0.17989 0.19096 0.32832 0.29594 0.18254 0.22863 0.31474 0.31935 0.23603 0.25711 0.30634
  7   | 0.23803 0.24811 0.25323 0.30457 0.20602 0.21878 0.37614 0.33904 0.20912 0.26193 0.36057 0.36586 0.27040 0.29455 0.35095
  8   | 0.22047 0.22980 0.23454 0.28210 0.19084 0.20264 0.34839 0.31403 0.19370 0.24261 0.33397 0.33887 0.25045 0.27282 0.32506
  9   | 0.22047 0.22980 0.23454 0.28210 0.19084 0.20264 0.34839 0.31403 0.19370 0.24261 0.33397 0.33887 0.25045 0.27282 0.32506
------+------------------------------------------------------------------------------------------------------------------------
                                               
 
 
        Fishing Mortality (per year)
        ----------------------------
------+--------
AGE   |    2002
------+--------
  0   | 0.00554
  1   | 0.02098
  2   | 0.04645
  3   | 0.09164
  4   | 0.14010
  5   | 0.15935
  6   | 0.18020
  7   | 0.20644
  8   | 0.19121
  9   | 0.19121
------+--------
                                               
 
 
 
        Population Abundance (1 January)
        --------------------------------
------+------------------------------------------------------------------------------------------------------------------------
AGE   |    1972    1973    1974    1975    1976    1977    1978    1979    1980    1981    1982    1983    1984    1985    1986
------+------------------------------------------------------------------------------------------------------------------------
  0   |  577.12  333.68  528.90  350.87  345.84  224.34  518.38  392.36  217.56  591.65  759.91  374.99  481.43  511.70  169.06
  1   |  295.05  492.08  285.57  451.51  300.00  295.85  192.06  443.06  335.17  185.34  504.34  647.61  319.81  411.34  437.50
  2   |  397.36  245.06  414.51  238.28  379.00  252.32  249.51  160.99  370.62  277.46  153.80  418.10  538.41  267.71  345.22
  3   |  223.56  316.09  201.11  333.10  194.02  309.95  207.60  202.53  130.08  292.63  220.25  121.83  333.28  435.72  217.90
  4   |  205.11  164.71  247.65  151.17  256.96  150.98  244.08  159.18  153.90   94.44  214.72  160.93   90.13  254.03  335.88
  5   |   98.01  139.19  122.79  173.28  110.06  189.58  113.43  176.05  113.24  102.12   63.69  143.86  109.89   64.42  184.73
  6   |   68.92   64.37  101.73   83.50  123.29   79.49  139.80   79.85  122.01   72.50   66.60   41.23   95.16   76.56   45.77
  7   |   21.39   43.69   46.05   67.08   57.95   87.03   57.45   95.86   53.79   75.15   45.60   41.53   26.35   64.49   53.06
  8   |   17.77   12.97   30.43   29.21   45.12   39.74   61.31   38.11   62.31   31.56   45.15   27.13   25.42   17.25   43.30
  9   |   35.51   32.19   24.57   33.74   41.08   57.69   67.63   82.63   75.65   77.16   62.33   59.45   50.73   44.91   39.09
------+------------------------------------------------------------------------------------------------------------------------
       x 10 ^ 6                                
 
 
        Population Abundance (1 January)
        --------------------------------
------+------------------------------------------------------------------------------------------------------------------------
AGE   |    1987    1988    1989    1990    1991    1992    1993    1994    1995    1996    1997    1998    1999    2000    2001
------+------------------------------------------------------------------------------------------------------------------------
  0   |  169.06  438.52  392.38  542.50  482.88  577.14  374.98  413.17  224.33  511.70  482.80  511.86  511.88  438.64  497.10
  1   |  144.66  144.58  374.93  335.44  463.13  413.32  493.84  319.50  352.39  192.00  437.34  411.55  436.25  437.39  374.56
  2   |  368.35  121.54  121.34  314.51  279.91  390.36  347.93  409.11  265.68  296.93  160.92  362.87  341.29  365.31  365.36
  3   |  282.99  300.51   98.93   98.66  252.77  230.01  319.85  275.16  326.26  218.16  240.94  127.71  287.65  276.41  294.26
  4   |  170.34  219.15  231.67   76.10   74.18  198.55  179.65  232.96  203.74  255.92  167.17  176.71   93.44  219.58  208.75
  5   |  249.55  124.74  159.40  167.92   53.27   55.51  147.31  119.79  159.30  152.16  184.40  112.65  118.65   66.94  154.75
  6   |  134.50  178.74   88.66  112.84  114.25   39.11   40.36   94.84   79.36  116.67  106.99  120.16   73.10   82.89   45.90
  7   |   32.60   94.05  123.89   61.17   74.45   82.14   27.81   25.01   60.72   56.91   79.90   67.22   75.15   49.69   55.17
  8   |   36.77   22.12   63.16   82.78   38.83   52.15   56.81   16.43   15.34   42.40   37.70   47.95   40.13   49.36   31.86
  9   |   52.45   57.81   50.81   74.92   96.01   90.43   96.85   84.88   53.44   43.52   51.32   48.46   57.26   63.40   69.13
------+------------------------------------------------------------------------------------------------------------------------
       x 10 ^ 6                                
 
 
        Population Abundance (1 January)
        --------------------------------
------+----------------
AGE   |    2002    2003
------+----------------
  0   |  760.22  378.25
  1   |  423.84  650.71
  2   |  311.09  357.23
  3   |  290.59  255.61
  4   |  216.74  228.21
  5   |  141.60  162.16
  6   |  101.59  103.92
  7   |   29.08   73.02
  8   |   33.43   20.36
  9   |   58.90   65.64
------+----------------
       x 10 ^ 6                                
 
 
 
        Weighting factors for the catches in number
        -------------------------------------------
------+----------------------------------------------------------------------------------------
AGE   |    1992    1993    1994    1995    1996    1997    1998    1999    2000    2001    2002
------+----------------------------------------------------------------------------------------
  0   |  0.0200  0.0200  0.0200  0.0200  0.0200  0.0200  0.0200  0.0200  0.0200  0.0200  0.0200
  1   |  1.0000  1.0000  1.0000  1.0000  1.0000  1.0000  1.0000  1.0000  1.0000  1.0000  1.0000
  2   |  1.0000  1.0000  1.0000  1.0000  1.0000  1.0000  1.0000  1.0000  1.0000  1.0000  1.0000
  3   |  1.0000  1.0000  1.0000  1.0000  1.0000  1.0000  1.0000  1.0000  1.0000  1.0000  1.0000
  4   |  1.0000  1.0000  1.0000  1.0000  1.0000  1.0000  1.0000  1.0000  1.0000  1.0000  1.0000
  5   |  1.0000  1.0000  1.0000  1.0000  1.0000  1.0000  1.0000  1.0000  1.0000  1.0000  1.0000
  6   |  1.0000  1.0000  1.0000  1.0000  1.0000  1.0000  1.0000  1.0000  1.0000  1.0000  1.0000
  7   |  1.0000  1.0000  1.0000  1.0000  1.0000  1.0000  1.0000  1.0000  1.0000  1.0000  1.0000
  8   |  1.0000  1.0000  1.0000  1.0000  1.0000  1.0000  1.0000  1.0000  1.0000  1.0000  1.0000
------+----------------------------------------------------------------------------------------
                                               
 
 
 
 Predicted SSB Index Values                                                     
  
 ---------------------------
 
          INDEX
        -------
------+------------------------------------------------------------------------------------------------------------------------
      |    1972    1973    1974    1975    1976    1977    1978    1979    1980    1981    1982    1983    1984    1985    1986
------+------------------------------------------------------------------------------------------------------------------------
  1   | ******* ******* ******* ******* ******* ******* ******* ******* ******* ******* ******* ******* ******* ******* *******
------+------------------------------------------------------------------------------------------------------------------------
       x 10 ^ 3                                
 
 
          INDEX
        -------
------+------------------------------------------------------------------------------------------------------------------------
      |    1987    1988    1989    1990    1991    1992    1993    1994    1995    1996    1997    1998    1999    2000    2001
------+------------------------------------------------------------------------------------------------------------------------
  1   | *******  292.22  261.13  222.28  239.83  269.54  282.67  271.44  296.16  288.06  257.95  228.17  241.31  252.16  280.91
------+------------------------------------------------------------------------------------------------------------------------
       x 10 ^ 3                                
 
 
          INDEX
        -------
------+--------
      |    2002
------+--------
  1   |  278.29
------+--------
       x 10 ^ 3                                
 
 
 
 Predicted Age-Structured Index Values                                          
  
 --------------------------------------
 
        FLT01: Dummy survey Predicted
        -----------------------------
------+--------------------------------
AGE   |    1981    1982    1983    1984
------+--------------------------------
  1   |   38.41  104.46  134.34   66.59
  2   |  295.51  163.61  446.33  579.56
  3   |  544.18  408.63  227.57  632.88
  4   |  122.27  277.00  209.78  120.47
  5   |  108.04   67.11  153.40  120.57
  6   |   86.53   79.12   49.65  118.35
  7   |  105.47   63.66   58.89   38.77
  8   |   76.68  109.18   66.55   64.52
  9   |   59.86   48.12   46.56   41.11
------+--------------------------------
       x 10 ^ 3                                
 
 
 
        Fitted Selection Pattern
        ------------------------
------+------------------------------------------------------------------------------------------------------------------------
AGE   |    1972    1973    1974    1975    1976    1977    1978    1979    1980    1981    1982    1983    1984    1985    1986
------+------------------------------------------------------------------------------------------------------------------------
  0   |  0.0348  0.0348  0.0348  0.0348  0.0348  0.0348  0.0348  0.0348  0.0348  0.0348  0.0348  0.0348  0.0348  0.0348  0.0348
  1   |  0.1317  0.1317  0.1317  0.1317  0.1317  0.1317  0.1317  0.1317  0.1317  0.1317  0.1317  0.1317  0.1317  0.1317  0.1317
  2   |  0.2915  0.2915  0.2915  0.2915  0.2915  0.2915  0.2915  0.2915  0.2915  0.2915  0.2915  0.2915  0.2915  0.2915  0.2915
  3   |  0.5751  0.5751  0.5751  0.5751  0.5751  0.5751  0.5751  0.5751  0.5751  0.5751  0.5751  0.5751  0.5751  0.5751  0.5751
  4   |  0.8792  0.8792  0.8792  0.8792  0.8792  0.8792  0.8792  0.8792  0.8792  0.8792  0.8792  0.8792  0.8792  0.8792  0.8792
  5   |  1.0000  1.0000  1.0000  1.0000  1.0000  1.0000  1.0000  1.0000  1.0000  1.0000  1.0000  1.0000  1.0000  1.0000  1.0000
  6   |  1.1309  1.1309  1.1309  1.1309  1.1309  1.1309  1.1309  1.1309  1.1309  1.1309  1.1309  1.1309  1.1309  1.1309  1.1309
  7   |  1.2956  1.2956  1.2956  1.2956  1.2956  1.2956  1.2956  1.2956  1.2956  1.2956  1.2956  1.2956  1.2956  1.2956  1.2956
  8   |  1.2000  1.2000  1.2000  1.2000  1.2000  1.2000  1.2000  1.2000  1.2000  1.2000  1.2000  1.2000  1.2000  1.2000  1.2000
  9   |  1.2000  1.2000  1.2000  1.2000  1.2000  1.2000  1.2000  1.2000  1.2000  1.2000  1.2000  1.2000  1.2000  1.2000  1.2000
------+------------------------------------------------------------------------------------------------------------------------
                                               
 
 
        Fitted Selection Pattern
        ------------------------
------+------------------------------------------------------------------------------------------------------------------------
AGE   |    1987    1988    1989    1990    1991    1992    1993    1994    1995    1996    1997    1998    1999    2000    2001
------+------------------------------------------------------------------------------------------------------------------------
  0   |  0.0348  0.0348  0.0348  0.0348  0.0348  0.0348  0.0348  0.0348  0.0348  0.0348  0.0348  0.0348  0.0348  0.0348  0.0348
  1   |  0.1317  0.1317  0.1317  0.1317  0.1317  0.1317  0.1317  0.1317  0.1317  0.1317  0.1317  0.1317  0.1317  0.1317  0.1317
  2   |  0.2915  0.2915  0.2915  0.2915  0.2915  0.2915  0.2915  0.2915  0.2915  0.2915  0.2915  0.2915  0.2915  0.2915  0.2915
  3   |  0.5751  0.5752  0.5751  0.5750  0.5751  0.5751  0.5751  0.5751  0.5751  0.5751  0.5751  0.5751  0.5751  0.5751  0.5751
  4   |  0.8792  0.8791  0.8794  0.8790  0.8792  0.8792  0.8792  0.8792  0.8792  0.8792  0.8792  0.8792  0.8792  0.8792  0.8792
  5   |  1.0000  1.0000  1.0000  1.0000  1.0000  1.0000  1.0000  1.0000  1.0000  1.0000  1.0000  1.0000  1.0000  1.0000  1.0000
  6   |  1.1309  1.1309  1.1310  1.1306  1.1311  1.1309  1.1309  1.1309  1.1309  1.1309  1.1309  1.1309  1.1309  1.1309  1.1309
  7   |  1.2956  1.2956  1.2957  1.2954  1.2955  1.2956  1.2956  1.2956  1.2956  1.2956  1.2956  1.2956  1.2956  1.2956  1.2956
  8   |  1.2000  1.2000  1.2001  1.1998  1.2000  1.2000  1.2000  1.2000  1.2000  1.2000  1.2000  1.2000  1.2000  1.2000  1.2000
  9   |  1.2000  1.2000  1.2001  1.1998  1.2000  1.2000  1.2000  1.2000  1.2000  1.2000  1.2000  1.2000  1.2000  1.2000  1.2000
------+------------------------------------------------------------------------------------------------------------------------
                                               
 
 
        Fitted Selection Pattern
        ------------------------
------+--------
AGE   |    2002
------+--------
  0   |  0.0348
  1   |  0.1317
  2   |  0.2915
  3   |  0.5751
  4   |  0.8792
  5   |  1.0000
  6   |  1.1309
  7   |  1.2956
  8   |  1.2000
  9   |  1.2000
------+--------
                                               
 
 
 
 
 
                    STOCK SUMMARY                                             
 
 
 ³ Year ³  Recruits  ³  Total  ³ Spawning³ Landings ³ Yield ³ Mean F ³ SoP ³    
 ³      ³   Age   0  ³ Biomass ³ Biomass ³          ³ /SSB  ³  Ages  ³     ³ 
 ³      ³  thousands ³  tonnes ³ tonnes  ³ tonnes   ³ ratio ³  4- 7  ³ (%) ³ 
 
   1972       577110    351134    231172     65701   0.2842   0.2910    99
   1973       333670    365547    241577     40495   0.1676   0.1760    99
   1974       528890    368098    250164     60723   0.2427   0.2536   100
   1975       350870    374333    253240     48765   0.1926   0.2049    99
   1976       345830    374977    264905     47481   0.1792   0.1887   100
   1977       224340    369950    270277     44161   0.1634   0.1664   100
   1978       518370    368136    276522     56472   0.2042   0.2164   100
   1979       392350    362087    253962     56829   0.2238   0.2332    99
   1980       217560    349388    236555     79364   0.3355   0.3186    99
   1981       591640    317748    226716     67382   0.2972   0.2987   100
   1982       759900    295593    197180     65186   0.3306   0.3067    99
   1983       374980    327929    204428     57035   0.2790   0.2834    99
   1984       481430    362837    249293     48615   0.1950   0.2275    99
   1985       511700    395580    288305     60027   0.2082   0.2063    99
   1986       169050    399225    293155     57601   0.1965   0.1801   100
   1987       169050    382542    296546     65412   0.2206   0.1978    99
   1988       438520    364089    292215     69726   0.2386   0.2061   100
   1989       392380    342567    261127     64987   0.2489   0.2104   100
   1990       542500    305611    222283     69545   0.3129   0.2530   100
   1991       482870    329639    239827     45821   0.1911   0.1712    99
   1992       577140    377977    269538     52055   0.1931   0.1818    99
   1993       374970    409642    282671     86888   0.3074   0.3125    99
   1994       413160    380803    271442     80837   0.2978   0.2817   100
   1995       224330    392408    296159     51244   0.1730   0.1738    99
   1996       511700    371021    288057     64140   0.2227   0.2176   100
   1997       482800    358255    257947     80463   0.3119   0.2996    99
   1998       511850    327663    228172     74167   0.3250   0.3040    99
   1999       511880    347525    241312     55765   0.2311   0.2247   100
   2000       438630    359113    252160     63883   0.2533   0.2447    99
   2001       497090    392200    280910     78642   0.2800   0.2916   100
   2002       760220    378419    278294     48688   0.1750   0.1715    99
 
 -----------------------------------------------------------------            
 No of years for separable analysis : 11                                      
 Age range in the analysis : 0  . . . 9                                       
 Year range in the analysis : 1972  . . . 2002                                
 Number of indices of SSB : 1                                                 
 Number of age-structured indices : 1                                         
                                                                              
 Parameters to estimate : 46                                                  
 Number of observations : 150                                                 
                                                                              
 Conventional single selection vector model to be fitted.                     
                                                                              
                                                                              
                                                                              
 -----------------------------------------------------------------            
 
 
 PARAMETER ESTIMATES                                                            
  
 
 ³Parm.³      ³ Maximum ³    ³        ³         ³         ³         ³ Mean of ³ 
  
 ³ No. ³      ³ Likelh. ³ CV ³  Lower ³ Upper   ³  -s.e.  ³   +s.e. ³ Param.  ³ 
  
 ³     ³      ³ Estimate³ (%)³ 95% CL ³ 95% CL  ³         ³         ³ Distrib.³ 
  
 Separable model : F by year                                                    
  
    1   1992     0.1270 206    0.0022    7.2489    0.0161    1.0000    1.0676
    2   1993     0.2209 151    0.0114    4.2621    0.0488    1.0000    0.6908
    3   1994     0.2019 159    0.0088    4.6458    0.0408    1.0000    0.7261
    4   1995     0.1297 204    0.0024    7.1030    0.0168    1.0000    1.0440
    5   1996     0.1731 175    0.0056    5.3851    0.0300    1.0000    0.8058
    6   1997     0.2564 136    0.0178    3.6935    0.0657    1.0000    0.6474
    7   1998     0.2837 125    0.0240    3.3518    0.0805    1.0000    0.6274
    8   1999     0.2323 145    0.0133    4.0613    0.0539    1.0000    0.6742
    9   2000     0.2836 126    0.0240    3.3530    0.0804    1.0000    0.6274
   10   2001     0.3856  95    0.0595    2.4966    0.1487    1.0000    0.6072
   11   2002     0.2590 135    0.0183    3.6577    0.0671    1.0000    0.6450
 
 Separable Model: Selection (S) by age                                          
  
   12      0     0.0403 321    0.0001   21.8237    0.0016    1.0000    6.9955
   13      1     0.1399 196    0.0030    6.6082    0.0196    1.0000    0.9681
   14      2     0.2945 122    0.0268    3.2333    0.0867    1.0000    0.6217
   15      3     0.5690  56    0.1885    1.7182    0.3238    1.0000    0.6671
   16      4     0.8690  14    0.6599    1.1443    0.7552    1.0000    0.8776
           5     1.0000     Fixed : Reference Age             
   17      6     1.1537 -14    1.5269    0.8717    1.3311    1.0000    1.1656
   18      7     1.2109 -19    1.7621    0.8322    1.4664    1.0000    1.2333
           8     1.2000     Fixed : Last true age             
 
 Separable model: Populations in year 2002                                    
   19      0  .4048E+06 ***  .3958E+17 .4140E-05 .1639E+12 .1000E+01 .6389E+42
   20      1  .2518E+06 ***  .9707E+16 .6531E-05 .6340E+11 .1000E+01 .9677E+39
   21      2  .2022E+06 ***  .5074E+16 .8061E-05 .4090E+11 .1000E+01 .5213E+38
   22      3  .2022E+06 ***  .5075E+16 .8060E-05 .4090E+11 .1000E+01 .5218E+38
   23      4  .1573E+06 ***  .2412E+16 .1026E-04 .2474E+11 .1000E+01 .1944E+37
   24      5  .1048E+06 ***  .7245E+15 .1515E-04 .1098E+11 .1000E+01 .1088E+35
   25      6  .7653E+05 ***  .2858E+15 .2049E-04 .5856E+10 .1000E+01 .2208E+33
   26      7  .2239E+05 ***  .7523E+13 .6666E-04 .5015E+09 .1000E+01 .1370E+27
   27      8  .2747E+05 ***  .1377E+14 .5479E-04 .7545E+09 .1000E+01 .1327E+28
 
Separable model: Populations at age
   28   1992  .8025E+05 ***  .3289E+15 .1958E-04 .6440E+10 .1000E+01 .3953E+33
   29   1993  .8405E+05 ***  .3772E+15 .1873E-04 .7064E+10 .1000E+01 .6990E+33
   30   1994  .2439E+05 ***  .9691E+13 .6141E-04 .5951E+09 .1000E+01 .3529E+27
   31   1995  .2294E+05 ***  .8079E+13 .6514E-04 .5262E+09 .1000E+01 .1787E+27
   32   1996  .6162E+05 ***  .1505E+15 .2523E-04 .3797E+10 .1000E+01 .1593E+32
   33   1997  .5352E+05 ***  .9919E+14 .2888E-04 .2865E+10 .1000E+01 .2954E+31
   34   1998  .6577E+05 ***  .1825E+15 .2370E-04 .4325E+10 .1000E+01 .3493E+32
   35   1999  .5115E+05 ***  .8675E+14 .3016E-04 .2617E+10 .1000E+01 .1726E+31
   36   2000  .5647E+05 ***  .1163E+15 .2743E-04 .3189E+10 .1000E+01 .5598E+31
   37   2001  .3177E+05 ***  .2119E+14 .4764E-04 .1010E+10 .1000E+01 .6875E+28
 
 SSB Index catchabilities                                                       
  
   INDEX                                 
 Absolute estimator. No fitted catchability.                                    
  
 
 
 
 Age-structured index catchabilities                                            
  
                                        FLT01: Dummy survey                     
 
 Linear model fitted. Slopes at age :                                           
  
   38   1  Q  .2157     153 .4949E-01 20.21     .2157     4.635     3.242    
   39   2  Q  1.142     -13 1.297     .7709     1.142     .8757     1.009    
   40   3  Q  2.089     -73 4.238     .2360     2.089     .4786     1.312    
   41   4  Q  1.526     -42 2.289     .4369     1.526     .6554     1.093    
   42   5  Q  1.271     -24 1.601     .6247     1.271     .7866     1.029    
   43   6  Q  1.464     -38 2.110     .4739     1.464     .6832     1.075    
   44   7  Q  1.763     -56 3.039     .3291     1.763     .5672     1.174    
   45   8  Q  3.002     *** 8.624     .1160     3.002     .3331     1.830    
   46   9  Q  .9655       3 .9336     1.071     .9655     1.036     1.001    
 
 
 
 RESIDUALS ABOUT THE MODEL FIT                                                  
  
 ------------------------------
 
        Separable Model Residuals
        -------------------------
------+----------------------------------------------------------------------------------------
Age   |    1992    1993    1994    1995    1996    1997    1998    1999    2000    2001    2002
------+----------------------------------------------------------------------------------------
  0   | ******* ******* ******* ******* ******* ******* ******* ******* ******* ******* *******
  1   | ******* ******* ******* ******* ******* ******* ******* ******* ******* ******* *******
  2   | ******* ******* ******* ******* ******* ******* ******* ******* ******* ******* *******
  3   | ******* ******* ******* ******* ******* ******* ******* ******* ******* ******* *******
  4   | ******* ******* ******* ******* ******* ******* ******* ******* ******* ******* *******
  5   | ******* ******* ******* ******* ******* ******* ******* ******* ******* ******* *******
  6   | ******* ******* ******* ******* ******* ******* ******* ******* ******* ******* *******
  7   | ******* ******* ******* ******* ******* ******* ******* ******* ******* ******* *******
  8   | ******* ******* ******* ******* ******* ******* ******* ******* ******* ******* *******
------+----------------------------------------------------------------------------------------
                                               
 
 
 
 SPAWNING BIOMASS INDEX RESIDUALS                                               
  
 ---------------------------------
 
          INDEX
        -------
------+------------------------------------------------------------------------------------------------------------------------
      |    1972    1973    1974    1975    1976    1977    1978    1979    1980    1981    1982    1983    1984    1985    1986
------+------------------------------------------------------------------------------------------------------------------------
  1   | ******* ******* ******* ******* ******* ******* ******* ******* ******* ******* ******* ******* ******* ******* *******
------+------------------------------------------------------------------------------------------------------------------------
                                               
 
 
          INDEX
        -------
------+------------------------------------------------------------------------------------------------------------------------
      |    1987    1988    1989    1990    1991    1992    1993    1994    1995    1996    1997    1998    1999    2000    2001
------+------------------------------------------------------------------------------------------------------------------------
  1   | ******* ******* ******* ******* ******* ******* ******* ******* ******* ******* ******* ******* ******* ******* *******
------+------------------------------------------------------------------------------------------------------------------------
                                               
 
 
          INDEX
        -------
------+--------
      |    2002
------+--------
  1   | *******
------+--------
                                               
 
 
 
 AGE-STRUCTURED INDEX RESIDUALS                                                 
  
 -------------------------------
 
        FLT01: Dummy survey
        -------------------
------+--------------------------------
Age   |    1981    1982    1983    1984
------+--------------------------------
  1   |   1.936   0.664  -1.125  -1.475
  2   |   0.539   0.980   0.468  -1.986
  3   |  -0.883   0.168   0.670   0.045
  4   |  -1.350  -0.409   0.624   1.134
  5   |   0.481  -0.999  -0.162   0.681
  6   |   0.605   0.546  -0.899  -0.252
  7   |  -0.058   0.534   0.439  -0.914
  8   |   0.419  -0.256   0.063  -0.226
  9   |  -0.528   0.592   0.012  -0.046
------+--------------------------------
                                               
 
 
 
 
 
 
 PARAMETERS OF THE DISTRIBUTION OF ln(CATCHES AT AGE)                           
  
 -----------------------------------------------------
 
 Separable model fitted from 1992  to 2002                                    
 Variance                             0.0000
Skewness test stat.                   5.3140
Kurtosis test statistic               0.5423
Partial chi-square                    0.0000
Significance in fit                   0.0000
Degrees of freedom                        62
 
 
 PARAMETERS OF DISTRIBUTIONS OF THE SSB INDICES                                 
  
 -----------------------------------------------
 
 
   DISTRIBUTION STATISTICS FOR   INDEX                                          
 
 
 Index used as absolute measure of abundance                                    
  
 Last age is a plus-group                                                       
  
 
 Variance                             0.0000
Skewness test stat.                  -3.7856
Kurtosis test statistic               2.7317
Partial chi-square                    0.0000
Significance in fit                   0.0000
Number of observations                    15
Degrees of freedom                        15
Weight in the analysis                5.0000
 
 PARAMETERS OF THE DISTRIBUTION OF THE AGE-STRUCTURED INDICES                   
  
 ------------------------------------------------------------ 
 
 
   DISTRIBUTION STATISTICS FOR FLT01: Dummy survey                              
 
 
 Linear catchability relationship assumed                                       
  
 
 Age                          1         2         3         4         5         6         7         8         9
 Variance                0.0028    0.0020    0.0005    0.0014    0.0006    0.0006    0.0005    0.0001    0.0002
Skewness test stat.      0.2258   -0.8602   -0.4428   -0.1920   -0.4165   -0.3074   -0.5701    0.4607    0.1961
Kurtosis test statisti  -0.6478   -0.2990   -0.3899   -0.5981   -0.5257   -0.6154   -0.4554   -0.5222   -0.4034
Partial chi-square       0.0008    0.0005    0.0001    0.0003    0.0002    0.0002    0.0001    0.0000    0.0001
Significance in fit      0.0000    0.0000    0.0000    0.0000    0.0000    0.0000    0.0000    0.0000    0.0000
Number of observations        4         4         4         4         4         4         4         4         4
Degrees of freedom            3         3         3         3         3         3         3         3         3
Weight in the analysis   0.0011    0.0011    0.0011    0.0011    0.0011    0.0011    0.0011    0.0011    0.0011
 
 ANALYSIS OF VARIANCE                   
--------------------------
 
 Unweighted Statistics                                                          
  
 
                                                                                
  
Variance                              
                                       SSQ     Data    Parameters d.f. Variance
Total for model                        23.4700     150         46  104   0.2257
Catches at age                          0.0000      99         37   62   0.0000
  
SSB Indices                           
  INDEX                                 0.0000      15          0   15   0.0000
  
 Aged Indices                                                                   
  
FLT01: Dummy survey                    23.4700      36          9   27   0.8693
 
 
 Weighted Statistics                                                            
  
 
                                                                                
  
Variance                              
                                       SSQ     Data    Parameters d.f. Variance
Total for model                         0.0000     150         46  104   0.0000
Catches at age                          0.0000      99         37   62   0.0000
  
SSB Indices                           
  INDEX                                 0.0000      15          0   15   0.0000
  
 Aged Indices                                                                   
  
FLT01: Dummy survey                     0.0000      36          9   27   0.0000
 
