 Output Generated by ICA Version 1.4                                            
  
 ------------------------------------
 
        Mackerel NE Atlantic  WG2003
        ----------------------------
 
        Catch in Number
        ---------------
------+------------------------------------------------------------------------------------------------------------------------
AGE   |    1972    1973    1974    1975    1976    1977    1978    1979    1980    1981    1982    1983    1984    1985    1986
------+------------------------------------------------------------------------------------------------------------------------
  0   |   3624.   3343.   1736.   1512.   2234.   3808.   3569.   2753.   4199.   2026.   2143.   4520.   3430.   2302.   3045.
  1   |   9954.  11996.  12476.   4497.   4663.   9253.  10347.   8222.  13612.   8857.   7725.   9292.  12935.   8944.   7322.
  2   |  20056.  18728.  25360.  18340.   7897.  10950.  14251.  13608.  23122.  16365.  19287.  18997.  15059.  19193.  16225.
  3   |  33256.  32023.  33406.  31565.  27415.  15665.  14248.  16028.  32506.  23713.  30490.  40085.  25964.  19001.  29726.
  4   |  40563.  38546.  41196.  30023.  34368.  39316.  14682.  11720.  27918.  24277.  32452.  45867.  39381.  23799.  21529.
  5   |  28068.  33337.  35042.  26069.  23220.  34938.  25912.   8579.  14583.  14748.  23796.  34650.  31657.  25541.  19222.
  6   |  27453.  22303.  29220.  21388.  19521.  22784.  22186.  14684.  10342.   7457.  14047.  24537.  23022.  19854.  20010.
  7   |  15235.  21387.  19101.  17441.  15729.  18738.  14131.  12375.  17388.   5195.   7005.  14177.  15907.  14163.  15310.
  8   |  11892.   9506.  14685.   9089.  10270.  12129.   9267.   6291.  11810.   6956.   3922.   5684.   7332.   7812.   8754.
  9   |  20308.  20667.  20491.  16789.  15180.  19702.  16147.  11270.  16903.  11530.  14004.  14374.  10179.   8258.   9796.
------+------------------------------------------------------------------------------------------------------------------------
       x 10 ^ 3                                
 
 
        Catch in Number
        ---------------
------+------------------------------------------------------------------------------------------------------------------------
AGE   |    1987    1988    1989    1990    1991    1992    1993    1994    1995    1996    1997    1998    1999    2000    2001
------+------------------------------------------------------------------------------------------------------------------------
  0   |   2688.   3667.   4139.   3583.   1096.   4041.   6624.   2669.   3884.   3652.   1427.   2568.   4004.   1535.   4286.
  1   |   9462.  10321.  11810.  11111.  10020.   5120.  14225.  14791.  10054.  11984.  14260.   3168.  11628.  13964.   4259.
  2   |  12984.  20678.  18882.  18056.  17765.  26650.  10198.  18060.  31732.  17649.  26536.  18018.   8150.  22912.  21928.
  3   |  24590.  24139.  32072.  24594.  24754.  40175.  44693.  10999.  32990.  47349.  33027.  28529.  39302.  13488.  30302.
  4   |  32993.  33330.  27136.  30428.  24784.  40856.  48432.  34913.  14664.  35789.  64062.  25778.  45243.  46595.  12797.
  5   |  17043.  31861.  26526.  18259.  21911.  29223.  34695.  26658.  33181.  11283.  34300.  35297.  29120.  37686.  30994.
  6   |  14768.  15943.  24499.  17281.  12780.  25038.  23893.  18444.  24553.  24700.  10438.  18270.  38580.  23319.  24111.
  7   |  15139.  13572.  12010.  15676.  11934.  14353.  19971.  12442.  16698.  17933.  22354.   5452.  19589.  30087.  14542.
  8   |   9283.  11175.   8184.   6141.   8671.  10795.   9166.   8277.   9046.   9761.  13026.   9299.   4705.  12222.  14953.
  9   |  11795.  16343.  17195.  13145.  10598.  17346.  17943.  11441.  14712.  13798.  17307.  13049.  19592.  15248.  13726.
------+------------------------------------------------------------------------------------------------------------------------
       x 10 ^ 3                                
 
 
        Catch in Number
        ---------------
------+--------
AGE   |    2002
------+--------
  0   |   2590.
  1   |  12430.
  2   |   7014.
  3   |  30601.
  4   |  30602.
  5   |   9128.
  6   |  21344.
  7   |  16254.
  8   |   7832.
  9   |  15669.
------+--------
       x 10 ^ 3                                
 
 
 
        Predicted Catch in Number
        -------------------------
------+----------------------------------------------------------------------------------------
AGE   |    1992    1993    1994    1995    1996    1997    1998    1999    2000    2001    2002
------+----------------------------------------------------------------------------------------
  0   |   4041.   6624.   2669.   3883.   3652.   1427.   2568.   4004.   1535.   4286.   2590.
  1   |   5120.  14225.  14790.  10053.  11983.  14259.   3168.  11627.  13964.   4259.  12430.
  2   |  26651.  10199.  18061.  31731.  17648.  26533.  18017.   8150.  22911.  21927.   7014.
  3   |  40177.  44696.  11000.  32992.  47348.  33024.  28527.  39299.  13487.  30299.  30603.
  4   |  40859.  48436.  34916.  14665.  35791.  64062.  25777.  45240.  46591.  12796.  30603.
  5   |  29225.  34698.  26660.  33184.  11284.  34302.  35296.  29118.  37681.  30991.   9128.
  6   |  25039.  23894.  18444.  24554.  24701.  10438.  18270.  38577.  23316.  24107.  21343.
  7   |  14354.  19972.  12442.  16699.  17934.  22355.   5452.  19589.  30085.  14540.  16254.
  8   |  10795.   9165.   8277.   9046.   9761.  13026.   9299.   4705.  12221.  14952.   7832.
------+----------------------------------------------------------------------------------------
       x 10 ^ 3                                
 
 
 
        Weights at age in the catches (Kg)
        ----------------------------------
------+------------------------------------------------------------------------------------------------------------------------
AGE   |    1972    1973    1974    1975    1976    1977    1978    1979    1980    1981    1982    1983    1984    1985    1986
------+------------------------------------------------------------------------------------------------------------------------
  0   | 0.05200 0.05000 0.05100 0.05000 0.05900 0.05600 0.03600 0.01600 0.05700 0.06000 0.05300 0.05000 0.03100 0.05500 0.03900
  1   | 0.13500 0.14500 0.13600 0.14800 0.13700 0.13600 0.13500 0.13700 0.13100 0.13200 0.13100 0.16800 0.10200 0.14400 0.14600
  2   | 0.27700 0.19400 0.22900 0.17700 0.20700 0.16900 0.16100 0.16100 0.24900 0.24800 0.24900 0.21900 0.18400 0.26200 0.24500
  3   | 0.34100 0.28500 0.26100 0.25900 0.26300 0.27500 0.25000 0.24300 0.28500 0.28700 0.28500 0.27600 0.29500 0.35700 0.33500
  4   | 0.42300 0.36800 0.33400 0.32300 0.32000 0.33300 0.32500 0.31800 0.34500 0.34400 0.34500 0.31000 0.32600 0.41800 0.42300
  5   | 0.46800 0.44800 0.39200 0.34800 0.34600 0.35200 0.34500 0.34800 0.37800 0.37700 0.37800 0.38600 0.34400 0.41700 0.47100
  6   | 0.46800 0.46800 0.48100 0.43000 0.40600 0.40700 0.40300 0.40100 0.45400 0.45400 0.45400 0.42500 0.43100 0.43600 0.44400
  7   | 0.50800 0.50800 0.50800 0.48800 0.44300 0.44600 0.42100 0.41600 0.49800 0.49900 0.49600 0.43500 0.54200 0.52100 0.45700
  8   | 0.53900 0.53900 0.53900 0.53900 0.51800 0.54600 0.51800 0.50600 0.52000 0.51300 0.51300 0.49800 0.48000 0.55500 0.54300
  9   | 0.60010 0.60350 0.60561 0.60147 0.60269 0.58449 0.56665 0.53930 0.56561 0.56147 0.56149 0.59295 0.61892 0.61950 0.59973
------+------------------------------------------------------------------------------------------------------------------------
                                               
 
 
        Weights at age in the catches (Kg)
        ----------------------------------
------+------------------------------------------------------------------------------------------------------------------------
AGE   |    1987    1988    1989    1990    1991    1992    1993    1994    1995    1996    1997    1998    1999    2000    2001
------+------------------------------------------------------------------------------------------------------------------------
  0   | 0.07600 0.05500 0.04900 0.08500 0.06800 0.05100 0.06100 0.04600 0.07200 0.05800 0.07600 0.06500 0.06200 0.06300 0.06900
  1   | 0.17900 0.13300 0.13600 0.15600 0.15600 0.16700 0.13400 0.13600 0.14300 0.14300 0.14300 0.15700 0.17600 0.13500 0.17100
  2   | 0.22300 0.25900 0.23700 0.23300 0.25300 0.23900 0.24000 0.25500 0.23400 0.22600 0.23000 0.22700 0.23600 0.22900 0.22300
  3   | 0.31800 0.32300 0.32000 0.33600 0.32700 0.33300 0.31700 0.33900 0.33300 0.31300 0.29500 0.31000 0.30700 0.30800 0.30700
  4   | 0.39900 0.38800 0.37700 0.37900 0.39400 0.39700 0.37600 0.39000 0.39000 0.37700 0.35900 0.35400 0.36100 0.36700 0.37800
  5   | 0.47400 0.45600 0.43300 0.42300 0.42300 0.46000 0.43600 0.44800 0.45200 0.42500 0.41500 0.40800 0.40600 0.42900 0.42600
  6   | 0.51200 0.52400 0.45600 0.46700 0.46900 0.49500 0.48300 0.51200 0.50100 0.48400 0.45300 0.45200 0.45400 0.46700 0.47700
  7   | 0.49300 0.55500 0.54300 0.52800 0.50600 0.53200 0.52700 0.54300 0.53900 0.51800 0.48100 0.46200 0.50100 0.50400 0.49900
  8   | 0.49800 0.55500 0.59200 0.55200 0.55400 0.55500 0.54800 0.59000 0.57700 0.55100 0.52400 0.51800 0.53700 0.53700 0.54300
  9   | 0.61313 0.59883 0.60863 0.61681 0.63931 0.62883 0.60622 0.63175 0.61488 0.59798 0.57464 0.57214 0.59279 0.59550 0.60428
------+------------------------------------------------------------------------------------------------------------------------
                                               
 
 
        Weights at age in the catches (Kg)
        ----------------------------------
------+--------
AGE   |    2002
------+--------
  0   | 0.05200
  1   | 0.15900
  2   | 0.25500
  3   | 0.30700
  4   | 0.36900
  5   | 0.42600
  6   | 0.46400
  7   | 0.51400
  8   | 0.53900
  9   | 0.60198
------+--------
                                               
 
 
 
        Weights at age in the stock (Kg)
        --------------------------------
------+------------------------------------------------------------------------------------------------------------------------
AGE   |    1972    1973    1974    1975    1976    1977    1978    1979    1980    1981    1982    1983    1984    1985    1986
------+------------------------------------------------------------------------------------------------------------------------
  0   | 0.00800 0.00800 0.00800 0.00800 0.00800 0.00800 0.00800 0.00800 0.00800 0.00800 0.00800 0.00800 0.00000 0.00000 0.00000
  1   | 0.13200 0.13200 0.13000 0.12900 0.12800 0.12700 0.11100 0.11000 0.10900 0.08700 0.08600 0.08600 0.08100 0.08500 0.07700
  2   | 0.17800 0.17700 0.17300 0.17100 0.17000 0.16700 0.17500 0.17400 0.17300 0.18600 0.13500 0.17200 0.19400 0.16500 0.17900
  3   | 0.24300 0.24200 0.23800 0.23600 0.23600 0.23300 0.23800 0.23700 0.23600 0.25200 0.22100 0.23500 0.25300 0.29300 0.26700
  4   | 0.41100 0.30100 0.29600 0.29400 0.29300 0.28900 0.30000 0.29900 0.29700 0.31300 0.28000 0.28000 0.29500 0.30600 0.30400
  5   | 0.35500 0.43800 0.32200 0.31800 0.31800 0.31300 0.34600 0.34500 0.34300 0.32300 0.38500 0.33900 0.32400 0.34100 0.35600
  6   | 0.39800 0.39800 0.46900 0.36500 0.36500 0.36100 0.38200 0.38000 0.37900 0.37800 0.35300 0.37700 0.39300 0.38400 0.35100
  7   | 0.43300 0.43300 0.43300 0.49700 0.41900 0.41600 0.41000 0.40800 0.40700 0.41900 0.40800 0.40400 0.43600 0.43000 0.41600
  8   | 0.45900 0.45900 0.45900 0.45900 0.51200 0.44600 0.43200 0.43000 0.42900 0.43400 0.43700 0.43900 0.44100 0.45900 0.47300
  9   | 0.51478 0.51781 0.52002 0.51579 0.51683 0.53378 0.50178 0.49258 0.48481 0.47099 0.48003 0.51473 0.51050 0.52712 0.46578
------+------------------------------------------------------------------------------------------------------------------------
                                               
 
 
        Weights at age in the stock (Kg)
        --------------------------------
------+------------------------------------------------------------------------------------------------------------------------
AGE   |    1987    1988    1989    1990    1991    1992    1993    1994    1995    1996    1997    1998    1999    2000    2001
------+------------------------------------------------------------------------------------------------------------------------
  0   | 0.00000 0.00000 0.00000 0.00000 0.00000 0.00000 0.00000 0.00000 0.00000 0.00000 0.00000 0.00000 0.00000 0.00000 0.00000
  1   | 0.07800 0.07200 0.07600 0.07400 0.07500 0.07800 0.07800 0.07900 0.08100 0.07600 0.07600 0.07700 0.08100 0.07400 0.07800
  2   | 0.14800 0.15600 0.17700 0.13800 0.15500 0.21200 0.19700 0.17800 0.16400 0.13300 0.18600 0.14900 0.19400 0.18500 0.16400
  3   | 0.24000 0.23700 0.24400 0.22200 0.23000 0.25900 0.26800 0.23700 0.26700 0.25100 0.22800 0.22300 0.24200 0.23500 0.24100
  4   | 0.28600 0.30100 0.30600 0.28700 0.30700 0.31000 0.31500 0.30100 0.32600 0.31700 0.29600 0.28500 0.30100 0.28900 0.34200
  5   | 0.37400 0.32900 0.35200 0.33900 0.35700 0.36200 0.36000 0.36100 0.39800 0.36600 0.36100 0.34200 0.35300 0.35000 0.39000
  6   | 0.38600 0.42300 0.38000 0.37300 0.40900 0.40200 0.41600 0.41300 0.44800 0.44400 0.40200 0.40000 0.39600 0.39000 0.44600
  7   | 0.41100 0.44500 0.42900 0.41400 0.43200 0.42400 0.45400 0.46600 0.49100 0.46200 0.44500 0.42600 0.42300 0.42600 0.45900
  8   | 0.42900 0.43200 0.47400 0.40900 0.50200 0.46200 0.46500 0.47000 0.50800 0.50100 0.47800 0.46600 0.44000 0.44700 0.49900
  9   | 0.48961 0.51237 0.48384 0.49106 0.56164 0.51805 0.51714 0.54280 0.56584 0.58285 0.53262 0.52724 0.49332 0.50822 0.56112
------+------------------------------------------------------------------------------------------------------------------------
                                               
 
 
        Weights at age in the stock (Kg)
        --------------------------------
------+--------
AGE   |    2002
------+--------
  0   | 0.00000
  1   | 0.07800
  2   | 0.18100
  3   | 0.23900
  4   | 0.31100
  5   | 0.36400
  6   | 0.41100
  7   | 0.43600
  8   | 0.46200
  9   | 0.51561
------+--------
                                               
 
 
 
        Natural Mortality (per year)
        ----------------------------
------+------------------------------------------------------------------------------------------------------------------------
AGE   |    1972    1973    1974    1975    1976    1977    1978    1979    1980    1981    1982    1983    1984    1985    1986
------+------------------------------------------------------------------------------------------------------------------------
  0   | 0.15000 0.15000 0.15000 0.15000 0.15000 0.15000 0.15000 0.15000 0.15000 0.15000 0.15000 0.15000 0.15000 0.15000 0.15000
  1   | 0.15000 0.15000 0.15000 0.15000 0.15000 0.15000 0.15000 0.15000 0.15000 0.15000 0.15000 0.15000 0.15000 0.15000 0.15000
  2   | 0.15000 0.15000 0.15000 0.15000 0.15000 0.15000 0.15000 0.15000 0.15000 0.15000 0.15000 0.15000 0.15000 0.15000 0.15000
  3   | 0.15000 0.15000 0.15000 0.15000 0.15000 0.15000 0.15000 0.15000 0.15000 0.15000 0.15000 0.15000 0.15000 0.15000 0.15000
  4   | 0.15000 0.15000 0.15000 0.15000 0.15000 0.15000 0.15000 0.15000 0.15000 0.15000 0.15000 0.15000 0.15000 0.15000 0.15000
  5   | 0.15000 0.15000 0.15000 0.15000 0.15000 0.15000 0.15000 0.15000 0.15000 0.15000 0.15000 0.15000 0.15000 0.15000 0.15000
  6   | 0.15000 0.15000 0.15000 0.15000 0.15000 0.15000 0.15000 0.15000 0.15000 0.15000 0.15000 0.15000 0.15000 0.15000 0.15000
  7   | 0.15000 0.15000 0.15000 0.15000 0.15000 0.15000 0.15000 0.15000 0.15000 0.15000 0.15000 0.15000 0.15000 0.15000 0.15000
  8   | 0.15000 0.15000 0.15000 0.15000 0.15000 0.15000 0.15000 0.15000 0.15000 0.15000 0.15000 0.15000 0.15000 0.15000 0.15000
  9   | 0.15000 0.15000 0.15000 0.15000 0.15000 0.15000 0.15000 0.15000 0.15000 0.15000 0.15000 0.15000 0.15000 0.15000 0.15000
------+------------------------------------------------------------------------------------------------------------------------
                                               
 
 
        Natural Mortality (per year)
        ----------------------------
------+------------------------------------------------------------------------------------------------------------------------
AGE   |    1987    1988    1989    1990    1991    1992    1993    1994    1995    1996    1997    1998    1999    2000    2001
------+------------------------------------------------------------------------------------------------------------------------
  0   | 0.15000 0.15000 0.15000 0.15000 0.15000 0.15000 0.15000 0.15000 0.15000 0.15000 0.15000 0.15000 0.15000 0.15000 0.15000
  1   | 0.15000 0.15000 0.15000 0.15000 0.15000 0.15000 0.15000 0.15000 0.15000 0.15000 0.15000 0.15000 0.15000 0.15000 0.15000
  2   | 0.15000 0.15000 0.15000 0.15000 0.15000 0.15000 0.15000 0.15000 0.15000 0.15000 0.15000 0.15000 0.15000 0.15000 0.15000
  3   | 0.15000 0.15000 0.15000 0.15000 0.15000 0.15000 0.15000 0.15000 0.15000 0.15000 0.15000 0.15000 0.15000 0.15000 0.15000
  4   | 0.15000 0.15000 0.15000 0.15000 0.15000 0.15000 0.15000 0.15000 0.15000 0.15000 0.15000 0.15000 0.15000 0.15000 0.15000
  5   | 0.15000 0.15000 0.15000 0.15000 0.15000 0.15000 0.15000 0.15000 0.15000 0.15000 0.15000 0.15000 0.15000 0.15000 0.15000
  6   | 0.15000 0.15000 0.15000 0.15000 0.15000 0.15000 0.15000 0.15000 0.15000 0.15000 0.15000 0.15000 0.15000 0.15000 0.15000
  7   | 0.15000 0.15000 0.15000 0.15000 0.15000 0.15000 0.15000 0.15000 0.15000 0.15000 0.15000 0.15000 0.15000 0.15000 0.15000
  8   | 0.15000 0.15000 0.15000 0.15000 0.15000 0.15000 0.15000 0.15000 0.15000 0.15000 0.15000 0.15000 0.15000 0.15000 0.15000
  9   | 0.15000 0.15000 0.15000 0.15000 0.15000 0.15000 0.15000 0.15000 0.15000 0.15000 0.15000 0.15000 0.15000 0.15000 0.15000
------+------------------------------------------------------------------------------------------------------------------------
                                               
 
 
        Natural Mortality (per year)
        ----------------------------
------+--------
AGE   |    2002
------+--------
  0   | 0.15000
  1   | 0.15000
  2   | 0.15000
  3   | 0.15000
  4   | 0.15000
  5   | 0.15000
  6   | 0.15000
  7   | 0.15000
  8   | 0.15000
  9   | 0.15000
------+--------
                                               
 
 
 
        Proportion of fish spawning
        ---------------------------
------+------------------------------------------------------------------------------------------------------------------------
AGE   |    1972    1973    1974    1975    1976    1977    1978    1979    1980    1981    1982    1983    1984    1985    1986
------+------------------------------------------------------------------------------------------------------------------------
  0   |  0.0000  0.0000  0.0000  0.0000  0.0000  0.0000  0.0000  0.0000  0.0000  0.0000  0.0000  0.0000  0.0000  0.0000  0.0000
  1   |  0.0500  0.0500  0.0500  0.0600  0.0600  0.0600  0.0600  0.0600  0.0600  0.0700  0.0700  0.0700  0.0700  0.0700  0.0700
  2   |  0.5300  0.5400  0.5400  0.5500  0.5500  0.5500  0.5600  0.5600  0.5700  0.5700  0.5700  0.5800  0.5800  0.5800  0.5800
  3   |  0.9000  0.9000  0.9000  0.8900  0.8900  0.8900  0.8900  0.8900  0.8900  0.8800  0.8800  0.8800  0.8800  0.8800  0.8800
  4   |  0.9800  0.9800  0.9800  0.9800  0.9800  0.9800  0.9800  0.9800  0.9800  0.9800  0.9800  0.9800  0.9700  0.9700  0.9700
  5   |  0.9800  0.9800  0.9800  0.9800  0.9800  0.9800  0.9800  0.9800  0.9800  0.9800  0.9800  0.9800  0.9700  0.9700  0.9700
  6   |  0.9900  0.9900  0.9900  0.9900  0.9900  0.9900  0.9900  0.9900  0.9900  0.9900  0.9900  0.9900  0.9900  0.9900  0.9900
  7   |  1.0000  1.0000  1.0000  1.0000  1.0000  1.0000  1.0000  1.0000  1.0000  1.0000  1.0000  1.0000  1.0000  1.0000  1.0000
  8   |  1.0000  1.0000  1.0000  1.0000  1.0000  1.0000  1.0000  1.0000  1.0000  1.0000  1.0000  1.0000  1.0000  1.0000  1.0000
  9   |  1.0000  1.0000  1.0000  1.0000  1.0000  1.0000  1.0000  1.0000  1.0000  1.0000  1.0000  1.0000  1.0000  1.0000  1.0000
------+------------------------------------------------------------------------------------------------------------------------
                                               
 
 
        Proportion of fish spawning
        ---------------------------
------+------------------------------------------------------------------------------------------------------------------------
AGE   |    1987    1988    1989    1990    1991    1992    1993    1994    1995    1996    1997    1998    1999    2000    2001
------+------------------------------------------------------------------------------------------------------------------------
  0   |  0.0000  0.0000  0.0000  0.0000  0.0000  0.0000  0.0000  0.0000  0.0000  0.0000  0.0000  0.0000  0.0000  0.0000  0.0000
  1   |  0.0700  0.0700  0.0700  0.0700  0.0700  0.0700  0.0700  0.0700  0.0700  0.0700  0.0700  0.0700  0.0700  0.0700  0.0700
  2   |  0.5800  0.5800  0.5800  0.5800  0.5800  0.5800  0.5800  0.5800  0.5800  0.5800  0.5800  0.5800  0.5800  0.5800  0.5900
  3   |  0.8800  0.8800  0.8800  0.8800  0.8800  0.8800  0.8800  0.8800  0.8800  0.8800  0.8800  0.8600  0.8600  0.8600  0.8800
  4   |  0.9700  0.9700  0.9700  0.9700  0.9700  0.9700  0.9700  0.9700  0.9700  0.9700  0.9700  0.9800  0.9800  0.9800  0.9700
  5   |  0.9700  0.9700  0.9700  0.9700  0.9700  0.9700  0.9700  0.9700  0.9700  0.9700  0.9700  0.9800  0.9800  0.9800  0.9700
  6   |  0.9900  0.9900  0.9900  0.9900  0.9900  0.9900  0.9900  0.9900  0.9900  0.9900  0.9900  0.9900  0.9900  0.9900  0.9900
  7   |  1.0000  1.0000  1.0000  1.0000  1.0000  1.0000  1.0000  1.0000  1.0000  1.0000  1.0000  1.0000  1.0000  1.0000  1.0000
  8   |  1.0000  1.0000  1.0000  1.0000  1.0000  1.0000  1.0000  1.0000  1.0000  1.0000  1.0000  1.0000  1.0000  1.0000  1.0000
  9   |  1.0000  1.0000  1.0000  1.0000  1.0000  1.0000  1.0000  1.0000  1.0000  1.0000  1.0000  1.0000  1.0000  1.0000  1.0000
------+------------------------------------------------------------------------------------------------------------------------
                                               
 
 
        Proportion of fish spawning
        ---------------------------
------+--------
AGE   |    2002
------+--------
  0   |  0.0000
  1   |  0.0700
  2   |  0.5900
  3   |  0.8800
  4   |  0.9700
  5   |  0.9700
  6   |  0.9900
  7   |  1.0000
  8   |  1.0000
  9   |  1.0000
------+--------
                                               
 
 
 
 INDICES OF SPAWNING BIOMASS                                                    
  
 ----------------------------
 
          INDEX
        -------
------+------------------------------------------------------------------------------------------------------------------------
      |    1972    1973    1974    1975    1976    1977    1978    1979    1980    1981    1982    1983    1984    1985    1986
------+------------------------------------------------------------------------------------------------------------------------
  1   | ******* ******* ******* ******* ******* ******* ******* ******* ******* ******* ******* ******* ******* ******* *******
------+------------------------------------------------------------------------------------------------------------------------
       x 10 ^ 3                                
 
 
          INDEX
        -------
------+------------------------------------------------------------------------------------------------------------------------
      |    1987    1988    1989    1990    1991    1992    1993    1994    1995    1996    1997    1998    1999    2000    2001
------+------------------------------------------------------------------------------------------------------------------------
  1   | *******  263.40  266.92  253.43  291.78  322.46  300.63  280.25  319.83  319.89  311.04  296.93  291.29  258.49  262.17
------+------------------------------------------------------------------------------------------------------------------------
       x 10 ^ 3                                
 
 
          INDEX
        -------
------+--------
      |    2002
------+--------
  1   |  235.53
------+--------
       x 10 ^ 3                                
 
 
 
 AGE-STRUCTURED INDICES                                                         
  
 -----------------------
 
        FLT01: Dummy survey
        -------------------
------+--------------------------------
AGE   |    1981    1982    1983    1984
------+--------------------------------
  1   |  266.10  203.00   43.60   15.24
  2   |  506.40  435.90  712.70   79.51
  3   |  225.10  483.60  444.60  661.83
  4   |   31.70  184.10  391.60  374.60
  5   |  174.80   24.70  130.40  238.20
  6   |  158.50  136.60   20.20   92.00
  7   |   99.50  108.60   91.30   15.54
  8   |  116.60   84.50   70.90   51.47
  9   |   35.30   87.00   47.10   39.27
------+--------------------------------
       x 10 ^ 3                                
 
 
 
        Fishing Mortality (per year)
        ----------------------------
------+------------------------------------------------------------------------------------------------------------------------
AGE   |    1972    1973    1974    1975    1976    1977    1978    1979    1980    1981    1982    1983    1984    1985    1986
------+------------------------------------------------------------------------------------------------------------------------
  0   | 0.00752 0.00777 0.00906 0.00732 0.00704 0.00909 0.00769 0.00549 0.00843 0.00551 0.00651 0.00878 0.00726 0.00597 0.00598
  1   | 0.02850 0.02944 0.03438 0.02777 0.02668 0.03458 0.02925 0.02087 0.03210 0.02097 0.02478 0.03346 0.02977 0.02231 0.02239
  2   | 0.06313 0.06524 0.07617 0.06158 0.05914 0.07659 0.06501 0.04640 0.07134 0.04663 0.05508 0.07434 0.06618 0.05348 0.04870
  3   | 0.12445 0.12874 0.15031 0.12147 0.11680 0.15112 0.12813 0.09183 0.14116 0.09221 0.10897 0.14687 0.13062 0.10563 0.10402
  4   | 0.18989 0.19640 0.22952 0.18547 0.17826 0.23086 0.19547 0.13998 0.21607 0.14105 0.16657 0.22430 0.19901 0.16081 0.15849
  5   | 0.21537 0.22264 0.26010 0.21039 0.20221 0.26167 0.22172 0.15855 0.24453 0.16033 0.18924 0.25438 0.22519 0.18146 0.17874
  6   | 0.24236 0.25072 0.29266 0.23662 0.22774 0.29463 0.24936 0.17855 0.27482 0.17999 0.21358 0.28671 0.25309 0.20344 0.19976
  7   | 0.27559 0.28514 0.33303 0.26899 0.25883 0.33527 0.28359 0.20289 0.31267 0.20426 0.24212 0.32685 0.28779 0.23056 0.22573
  8   | 0.25288 0.26148 0.30538 0.24680 0.23728 0.30720 0.26017 0.18609 0.28657 0.18737 0.22159 0.29851 0.26456 0.21129 0.20612
  9   | 0.25288 0.26148 0.30538 0.24680 0.23728 0.30720 0.26017 0.18609 0.28657 0.18737 0.22159 0.29851 0.26456 0.21129 0.20612
------+------------------------------------------------------------------------------------------------------------------------
                                               
 
 
        Fishing Mortality (per year)
        ----------------------------
------+------------------------------------------------------------------------------------------------------------------------
AGE   |    1987    1988    1989    1990    1991    1992    1993    1994    1995    1996    1997    1998    1999    2000    2001
------+------------------------------------------------------------------------------------------------------------------------
  0   | 0.00580 0.00698 0.00709 0.00604 0.00537 0.00854 0.00943 0.00657 0.00774 0.00746 0.00913 0.00633 0.00897 0.00982 0.00854
  1   | 0.02187 0.02627 0.02656 0.02245 0.01987 0.03231 0.03569 0.02488 0.02929 0.02824 0.03456 0.02394 0.03394 0.03717 0.03233
  2   | 0.04775 0.05777 0.05822 0.04898 0.04307 0.07152 0.07900 0.05507 0.06482 0.06251 0.07649 0.05299 0.07512 0.08227 0.07156
  3   | 0.09192 0.11156 0.11326 0.09506 0.08330 0.14111 0.15585 0.10866 0.12789 0.12332 0.15092 0.10454 0.14820 0.16232 0.14118
  4   | 0.15230 0.16425 0.16728 0.14173 0.12410 0.21573 0.23827 0.16612 0.19553 0.18854 0.23072 0.15983 0.22658 0.24816 0.21584
  5   | 0.17190 0.20391 0.18036 0.15359 0.13628 0.24537 0.27101 0.18894 0.22239 0.21444 0.26243 0.18179 0.25771 0.28226 0.24549
  6   | 0.19196 0.22778 0.22567 0.16209 0.14505 0.27749 0.30648 0.21367 0.25150 0.24251 0.29678 0.20558 0.29144 0.31920 0.27763
  7   | 0.21606 0.25590 0.25336 0.20856 0.15223 0.31791 0.35113 0.24479 0.28814 0.27783 0.34000 0.23553 0.33389 0.36570 0.31807
  8   | 0.19658 0.23168 0.22862 0.18805 0.16148 0.29445 0.32521 0.22673 0.26687 0.25733 0.31491 0.21815 0.30925 0.33871 0.29459
  9   | 0.19658 0.23168 0.22862 0.18805 0.16148 0.29445 0.32521 0.22673 0.26687 0.25733 0.31491 0.21815 0.30925 0.33871 0.29459
------+------------------------------------------------------------------------------------------------------------------------
                                               
 
 
        Fishing Mortality (per year)
        ----------------------------
------+--------
AGE   |    2002
------+--------
  0   | 0.00775
  1   | 0.02933
  2   | 0.06491
  3   | 0.12806
  4   | 0.19579
  5   | 0.22269
  6   | 0.25184
  7   | 0.28852
  8   | 0.26723
  9   | 0.26723
------+--------
                                               
 
 
 
        Population Abundance (1 January)
        --------------------------------
------+------------------------------------------------------------------------------------------------------------------------
AGE   |    1972    1973    1974    1975    1976    1977    1978    1979    1980    1981    1982    1983    1984    1985    1986
------+------------------------------------------------------------------------------------------------------------------------
  0   |  521.07  465.23  207.24  223.13  342.86  453.08  501.84  541.86  538.34  396.95  355.50  556.44  510.81  416.15  550.24
  1   |  381.42  445.13  397.32  176.76  190.65  293.03  386.44  428.63  463.83  459.47  339.78  303.99  474.75  436.48  356.05
  2   |  352.74  319.07  372.01  330.42  147.98  159.77  243.64  323.03  361.31  386.61  387.26  285.29  253.04  396.63  367.39
  3   |  305.56  285.03  257.28  296.71  267.41  120.05  127.38  196.51  265.43  289.57  317.60  315.45  227.96  203.85  323.61
  4   |  251.97  232.22  215.69  190.54  226.17  204.79   88.84   96.45  154.29  198.38  227.28  245.14  234.43  172.18  157.87
  5   |  155.58  179.36  164.23  147.58  136.24  162.88  139.93   62.89   72.17  107.00  148.28  165.61  168.60  165.36  126.19
  6   |  136.95  107.96  123.57  108.98  102.92   95.79  107.92   96.49   46.19   48.64   78.45  105.62  110.53  115.85  118.71
  7   |   67.87   92.50   72.32   79.37   74.04   70.54   61.41   72.39   69.47   30.20   34.97   54.54   68.25   73.86   81.36
  8   |   57.14   44.35   59.87   44.61   52.20   49.19   43.42   39.80   50.86   43.74   21.19   23.63   33.85   44.05   50.48
  9   |   97.57   96.41   83.54   82.41   77.16   79.91   75.66   71.31   72.79   72.50   75.67   59.75   47.00   46.57   56.49
------+------------------------------------------------------------------------------------------------------------------------
       x 10 ^ 6                                
 
 
        Population Abundance (1 January)
        --------------------------------
------+------------------------------------------------------------------------------------------------------------------------
AGE   |    1987    1988    1989    1990    1991    1992    1993    1994    1995    1996    1997    1998    1999    2000    2001
------+------------------------------------------------------------------------------------------------------------------------
  0   |  500.75  567.46  630.54  640.77  220.09  511.76  759.89  438.48  542.42  528.89  169.05  438.54  482.90  169.07  542.53
  1   |  470.78  428.51  485.02  538.87  548.20  173.34  436.73  647.90  374.93  463.27  451.84  144.18  375.08  411.93  144.10
  2   |  299.67  396.43  359.26  406.52  453.52  415.42  144.45  362.72  543.95  313.39  387.64  375.69  121.16  312.06  341.61
  3   |  301.19  245.90  322.06  291.73  333.17  328.18  332.87  114.89  295.46  438.79  253.40  309.07  306.67   96.74  247.38
  4   |  251.01  236.47  189.31  247.52  228.32  226.14  245.29  245.16   88.70  223.78  333.86  187.55  239.61  227.60   70.79
  5   |  115.96  185.53  172.70  137.84  184.89  144.20  156.87  166.36  178.71   62.79  159.51  228.15  137.58  164.43  152.84
  6   |   90.83   84.05  130.23  124.11  101.75  110.89   97.11  102.97  118.54  123.15   43.61  105.60  163.73   91.52  106.72
  7   |   83.67   64.53   57.60   89.45   90.84   56.53   72.32   61.52   71.57   79.34   83.17   27.90   74.00  105.29   57.24
  8   |   55.88   58.02   43.00   38.48   62.49   45.41   35.41   43.81   41.45   46.18   51.72   50.95   18.97   45.61   62.87
  9   |   71.00   84.86   90.35   82.38   76.38   72.97   69.32   60.56   67.41   65.28   68.72   71.50   79.01   56.91   57.71
------+------------------------------------------------------------------------------------------------------------------------
       x 10 ^ 6                                
 
 
        Population Abundance (1 January)
        --------------------------------
------+----------------
AGE   |    2002    2003
------+----------------
  0   |  361.23  333.53
  1   |  462.99  308.51
  2   |  120.08  386.98
  3   |  273.72   96.86
  4   |  184.89  207.28
  5   |   49.10  130.84
  6   |  102.92   33.82
  7   |   69.59   68.86
  8   |   35.85   44.88
  9   |   71.72   70.87
------+----------------
       x 10 ^ 6                                
 
 
 
        Weighting factors for the catches in number
        -------------------------------------------
------+----------------------------------------------------------------------------------------
AGE   |    1992    1993    1994    1995    1996    1997    1998    1999    2000    2001    2002
------+----------------------------------------------------------------------------------------
  0   |  0.0200  0.0200  0.0200  0.0200  0.0200  0.0200  0.0200  0.0200  0.0200  0.0200  0.0200
  1   |  1.0000  1.0000  1.0000  1.0000  1.0000  1.0000  1.0000  1.0000  1.0000  1.0000  1.0000
  2   |  1.0000  1.0000  1.0000  1.0000  1.0000  1.0000  1.0000  1.0000  1.0000  1.0000  1.0000
  3   |  1.0000  1.0000  1.0000  1.0000  1.0000  1.0000  1.0000  1.0000  1.0000  1.0000  1.0000
  4   |  1.0000  1.0000  1.0000  1.0000  1.0000  1.0000  1.0000  1.0000  1.0000  1.0000  1.0000
  5   |  1.0000  1.0000  1.0000  1.0000  1.0000  1.0000  1.0000  1.0000  1.0000  1.0000  1.0000
  6   |  1.0000  1.0000  1.0000  1.0000  1.0000  1.0000  1.0000  1.0000  1.0000  1.0000  1.0000
  7   |  1.0000  1.0000  1.0000  1.0000  1.0000  1.0000  1.0000  1.0000  1.0000  1.0000  1.0000
  8   |  1.0000  1.0000  1.0000  1.0000  1.0000  1.0000  1.0000  1.0000  1.0000  1.0000  1.0000
------+----------------------------------------------------------------------------------------
                                               
 
 
 
 Predicted SSB Index Values                                                     
  
 ---------------------------
 
          INDEX
        -------
------+------------------------------------------------------------------------------------------------------------------------
      |    1972    1973    1974    1975    1976    1977    1978    1979    1980    1981    1982    1983    1984    1985    1986
------+------------------------------------------------------------------------------------------------------------------------
  1   | ******* ******* ******* ******* ******* ******* ******* ******* ******* ******* ******* ******* ******* ******* *******
------+------------------------------------------------------------------------------------------------------------------------
       x 10 ^ 3                                
 
 
          INDEX
        -------
------+------------------------------------------------------------------------------------------------------------------------
      |    1987    1988    1989    1990    1991    1992    1993    1994    1995    1996    1997    1998    1999    2000    2001
------+------------------------------------------------------------------------------------------------------------------------
  1   | *******  307.00  318.01  307.41  356.84  322.46  300.64  280.26  319.83  319.89  311.04  296.92  291.29  258.50  262.19
------+------------------------------------------------------------------------------------------------------------------------
       x 10 ^ 3                                
 
 
          INDEX
        -------
------+--------
      |    2002
------+--------
  1   |  235.56
------+--------
       x 10 ^ 3                                
 
 
 
 Predicted Age-Structured Index Values                                          
  
 --------------------------------------
 
        FLT01: Dummy survey Predicted
        -----------------------------
------+--------------------------------
AGE   |    1981    1982    1983    1984
------+--------------------------------
  1   |   92.11   67.97   60.53   94.71
  2   |  404.08  402.88  293.67  261.64
  3   |  436.11  473.94  461.02  336.15
  4   |  153.89  173.85  181.65  176.15
  5   |   81.44  111.09  119.70  123.83
  6   |   48.83   77.31   99.99  106.58
  7   |   43.89   49.77   74.09   94.73
  8   |  119.00   56.59   60.48   88.28
  9   |   57.70   59.10   44.74   35.85
------+--------------------------------
       x 10 ^ 3                                
 
 
 
        Fitted Selection Pattern
        ------------------------
------+------------------------------------------------------------------------------------------------------------------------
AGE   |    1972    1973    1974    1975    1976    1977    1978    1979    1980    1981    1982    1983    1984    1985    1986
------+------------------------------------------------------------------------------------------------------------------------
  0   |  0.0349  0.0349  0.0348  0.0348  0.0348  0.0347  0.0347  0.0346  0.0345  0.0344  0.0344  0.0345  0.0322  0.0329  0.0334
  1   |  0.1323  0.1322  0.1322  0.1320  0.1320  0.1322  0.1319  0.1316  0.1313  0.1308  0.1310  0.1315  0.1322  0.1229  0.1252
  2   |  0.2931  0.2930  0.2929  0.2927  0.2925  0.2927  0.2932  0.2926  0.2917  0.2908  0.2911  0.2922  0.2939  0.2947  0.2724
  3   |  0.5779  0.5782  0.5779  0.5774  0.5776  0.5775  0.5779  0.5791  0.5773  0.5751  0.5758  0.5774  0.5801  0.5821  0.5820
  4   |  0.8817  0.8821  0.8824  0.8816  0.8816  0.8823  0.8816  0.8828  0.8836  0.8798  0.8802  0.8818  0.8837  0.8862  0.8867
  5   |  1.0000  1.0000  1.0000  1.0000  1.0000  1.0000  1.0000  1.0000  1.0000  1.0000  1.0000  1.0000  1.0000  1.0000  1.0000
  6   |  1.1253  1.1261  1.1252  1.1247  1.1263  1.1260  1.1246  1.1261  1.1239  1.1226  1.1287  1.1271  1.1239  1.1211  1.1176
  7   |  1.2796  1.2807  1.2804  1.2786  1.2800  1.2813  1.2790  1.2796  1.2786  1.2740  1.2795  1.2849  1.2780  1.2706  1.2629
  8   |  1.1742  1.1744  1.1741  1.1731  1.1734  1.1740  1.1734  1.1737  1.1719  1.1687  1.1709  1.1735  1.1749  1.1644  1.1532
  9   |  1.1742  1.1744  1.1741  1.1731  1.1734  1.1740  1.1734  1.1737  1.1719  1.1687  1.1709  1.1735  1.1749  1.1644  1.1532
------+------------------------------------------------------------------------------------------------------------------------
                                               
 
 
        Fitted Selection Pattern
        ------------------------
------+------------------------------------------------------------------------------------------------------------------------
AGE   |    1987    1988    1989    1990    1991    1992    1993    1994    1995    1996    1997    1998    1999    2000    2001
------+------------------------------------------------------------------------------------------------------------------------
  0   |  0.0337  0.0342  0.0393  0.0393  0.0394  0.0348  0.0348  0.0348  0.0348  0.0348  0.0348  0.0348  0.0348  0.0348  0.0348
  1   |  0.1273  0.1288  0.1473  0.1461  0.1458  0.1317  0.1317  0.1317  0.1317  0.1317  0.1317  0.1317  0.1317  0.1317  0.1317
  2   |  0.2778  0.2833  0.3228  0.3189  0.3161  0.2915  0.2915  0.2915  0.2915  0.2915  0.2915  0.2915  0.2915  0.2915  0.2915
  3   |  0.5347  0.5471  0.6280  0.6189  0.6112  0.5751  0.5751  0.5751  0.5751  0.5751  0.5751  0.5751  0.5751  0.5751  0.5751
  4   |  0.8860  0.8055  0.9275  0.9228  0.9106  0.8792  0.8792  0.8792  0.8792  0.8792  0.8792  0.8792  0.8792  0.8792  0.8792
  5   |  1.0000  1.0000  1.0000  1.0000  1.0000  1.0000  1.0000  1.0000  1.0000  1.0000  1.0000  1.0000  1.0000  1.0000  1.0000
  6   |  1.1167  1.1171  1.2512  1.0553  1.0643  1.1309  1.1309  1.1309  1.1309  1.1309  1.1309  1.1309  1.1309  1.1309  1.1309
  7   |  1.2569  1.2550  1.4047  1.3578  1.1170  1.2956  1.2956  1.2956  1.2956  1.2956  1.2956  1.2956  1.2956  1.2956  1.2956
  8   |  1.1436  1.1362  1.2676  1.2244  1.1849  1.2000  1.2000  1.2000  1.2000  1.2000  1.2000  1.2000  1.2000  1.2000  1.2000
  9   |  1.1436  1.1362  1.2676  1.2244  1.1849  1.2000  1.2000  1.2000  1.2000  1.2000  1.2000  1.2000  1.2000  1.2000  1.2000
------+------------------------------------------------------------------------------------------------------------------------
                                               
 
 
        Fitted Selection Pattern
        ------------------------
------+--------
AGE   |    2002
------+--------
  0   |  0.0348
  1   |  0.1317
  2   |  0.2915
  3   |  0.5751
  4   |  0.8792
  5   |  1.0000
  6   |  1.1309
  7   |  1.2956
  8   |  1.2000
  9   |  1.2000
------+--------
                                               
 
 
 
 
 
                    STOCK SUMMARY                                             
 
 
 ³ Year ³  Recruits  ³  Total  ³ Spawning³ Landings ³ Yield ³ Mean F ³ SoP ³    
 ³      ³   Age   0  ³ Biomass ³ Biomass ³          ³ /SSB  ³  Ages  ³     ³ 
 ³      ³  thousands ³  tonnes ³ tonnes  ³ tonnes   ³ ratio ³  4- 7  ³ (%) ³ 
 
   1972       521070    510691    364117     87906   0.2414   0.2308    99
   1973       465220    489695    341720     82685   0.2420   0.2387    99
   1974       207230    455815    313742     87891   0.2801   0.2788   100
   1975       223130    396273    294398     63637   0.2162   0.2254    99
   1976       342850    360196    273765     58009   0.2119   0.2168    99
   1977       453080    334179    236352     68788   0.2910   0.2806    99
   1978       501840    318052    216177     49933   0.2310   0.2375   100
   1979       541850    323237    216471     34266   0.1583   0.1700   100
   1980       538340    353480    230639     61245   0.2655   0.2620   100
   1981       396950    368853    256222     42086   0.1643   0.1714   100
   1982       355490    362808    264035     54536   0.2065   0.2029   100
   1983       556440    381559    276049     72553   0.2628   0.2731    99
   1984       510800    381115    272476     63947   0.2347   0.2413    99
   1985       416140    392364    282159     59312   0.2102   0.1941    99
   1986       550240    398195    293572     59791   0.2037   0.1907   100
   1987       500740    396700    293710     60735   0.2068   0.1831    99
   1988       567460    415999    306999     74063   0.2412   0.2130   100
   1989       630530    436045    318013     71266   0.2241   0.2067    99
   1990       640770    418023    307406     61610   0.2004   0.1665   100
   1991       220090    479266    356839     56872   0.1594   0.1394   100
   1992       511750    436218    322458     87400   0.2710   0.2641    99
   1993       759880    411010    300636     90228   0.3001   0.2917    99
   1994       438480    401482    280255     64337   0.2296   0.2034    99
   1995       542420    445963    319830     76412   0.2389   0.2394    99
   1996       528890    433463    319887     73896   0.2310   0.2308   100
   1997       169040    436488    311040     87479   0.2812   0.2825   100
   1998       438540    383047    296923     60184   0.2027   0.1957    99
   1999       482900    392254    291288     85909   0.2949   0.2774   100
   2000       169070    364129    258498     86347   0.3340   0.3038    99
   2001       542530    348327    262194     68429   0.2610   0.2643   100
   2002       361220    324815    235559     60387   0.2564   0.2397   100
 
 -----------------------------------------------------------------            
 No of years for separable analysis : 11                                      
 Age range in the analysis : 0  . . . 9                                       
 Year range in the analysis : 1972  . . . 2002                                
 Number of indices of SSB : 1                                                 
 Number of age-structured indices : 1                                         
                                                                              
 Parameters to estimate : 46                                                  
 Number of observations : 150                                                 
                                                                              
 Conventional single selection vector model to be fitted.                     
                                                                              
                                                                              
                                                                              
 -----------------------------------------------------------------            
 
 
 PARAMETER ESTIMATES                                                            
  
 
 ³Parm.³      ³ Maximum ³    ³        ³         ³         ³         ³ Mean of ³ 
  
 ³ No. ³      ³ Likelh. ³ CV ³  Lower ³ Upper   ³  -s.e.  ³   +s.e. ³ Param.  ³ 
  
 ³     ³      ³ Estimate³ (%)³ 95% CL ³ 95% CL  ³         ³         ³ Distrib.³ 
  
 Separable model : F by year                                                    
  
    1   1992     0.1896   0    0.1896    0.1896    0.1896    0.1896    0.1896
    2   1993     0.2096   0    0.2096    0.2096    0.2096    0.2096    0.2096
    3   1994     0.1481   0    0.1481    0.1481    0.1481    0.1481    0.1481
    4   1995     0.1793   0    0.1793    0.1793    0.1793    0.1793    0.1793
    5   1996     0.1804   0    0.1804    0.1804    0.1804    0.1804    0.1804
    6   1997     0.2336   0    0.2336    0.2336    0.2336    0.2336    0.2336
    7   1998     0.1744   0    0.1744    0.1744    0.1744    0.1744    0.1744
    8   1999     0.2708   0    0.2708    0.2708    0.2708    0.2708    0.2708
    9   2000     0.3302   0    0.3302    0.3302    0.3302    0.3302    0.3302
   10   2001     0.3250   0    0.3250    0.3250    0.3250    0.3250    0.3250
   11   2002     0.3376   0    0.3376    0.3376    0.3376    0.3376    0.3376
 
 Separable Model: Selection (S) by age                                          
  
   12      0     0.0439   0    0.0439    0.0439    0.0439    0.0439    0.0439
   13      1     0.1506   0    0.1506    0.1506    0.1506    0.1506    0.1506
   14      2     0.3117   0    0.3117    0.3117    0.3117    0.3117    0.3117
   15      3     0.5908   0    0.5908    0.5908    0.5908    0.5908    0.5908
   16      4     0.8852   0    0.8852    0.8852    0.8852    0.8852    0.8852
           5     1.0000     Fixed : Reference Age             
   17      6     1.1352   0    1.1352    1.1352    1.1352    1.1352    1.1352
   18      7     1.2024   0    1.2024    1.2024    1.2024    1.2024    1.2024
           8     1.2000     Fixed : Last true age             
 
 Separable model: Populations in year 2002                                    
   19      0     189559   0     189559    189559    189559    189559    189559
   20      1     273103   0     273103    273103    273103    273103    273103
   21      2      77969   0      77969     77969     77969     77969     77969
   22      3     191652   0     191652    191652    191652    191652    191652
   23      4     136330   0     136330    136330    136330    136330    136330
   24      5      37431   0      37431     37431     37431     37431     37431
   25      6      81084   0      81084     81084     81084     81084     81084
   26      7      56935   0      56935     56935     56935     56935     56935
   27      8      31407   0      31407     31407     31407     31407     31407
 
Separable model: Populations at age
   28   1992      67147   0      67147     67147     67147     67147     67147
   29   1993      51933   0      51933     51933     51933     51933     51933
   30   1994      64497   0      64497     64497     64497     64497     64497
   31   1995      60153   0      60153     60153     60153     60153     60153
   32   1996      66829   0      66829     66829     66829     66829     66829
   33   1997      73267   0      73267     73267     73267     73267     73267
   34   1998      70072   0      70072     70072     70072     70072     70072
   35   1999      24238   0      24238     24238     24238     24238     24238
   36   2000      53223   0      53223     53223     53223     53223     53223
   37   2001      64669   0      64669     64669     64669     64669     64669
 
 SSB Index catchabilities                                                       
  
   INDEX                                 
 Absolute estimator. No fitted catchability.                                    
  
 
 
 
 Age-structured index catchabilities                                            
  
                                        FLT01: Dummy survey                     
 
 Linear model fitted. Slopes at age :                                           
  
   38   1  Q  .2202       0 .2202     .2202     .2202     .2202     .2202    
   39   2  Q  1.165       0 1.165     1.165     1.165     1.165     1.165    
   40   3  Q  1.721       0 1.721     1.721     1.721     1.721     1.721    
   41   4  Q  .9104       0 .9104     .9104     .9104     .9104     .9104    
   42   5  Q  .9028       0 .9028     .9028     .9028     .9028     .9028    
   43   6  Q  1.204       0 1.204     1.204     1.204     1.204     1.204    
   44   7  Q  1.766       0 1.766     1.766     1.766     1.766     1.766    
   45   8  Q  3.276       0 3.276     3.276     3.276     3.276     3.276    
   46   9  Q  .9673       0 .9673     .9673     .9673     .9673     .9673    
 
 
 
 RESIDUALS ABOUT THE MODEL FIT                                                  
  
 ------------------------------
 
        Separable Model Residuals
        -------------------------
------+----------------------------------------------------------------------------------------
Age   |    1992    1993    1994    1995    1996    1997    1998    1999    2000    2001    2002
------+----------------------------------------------------------------------------------------
  0   | ******* ******* ******* ******* ******* ******* ******* ******* ******* ******* *******
  1   | ******* ******* ******* ******* ******* ******* ******* ******* ******* ******* *******
  2   | ******* ******* ******* ******* ******* ******* ******* ******* ******* ******* *******
  3   | ******* ******* ******* ******* ******* ******* ******* ******* ******* ******* *******
  4   | ******* ******* ******* ******* ******* ******* ******* ******* ******* ******* *******
  5   | ******* ******* ******* ******* ******* ******* ******* ******* ******* ******* *******
  6   | ******* ******* ******* ******* ******* ******* ******* ******* ******* ******* *******
  7   | ******* ******* ******* ******* ******* ******* ******* ******* ******* ******* *******
  8   | ******* ******* ******* ******* ******* ******* ******* ******* ******* ******* *******
------+----------------------------------------------------------------------------------------
                                               
 
 
 
 SPAWNING BIOMASS INDEX RESIDUALS                                               
  
 ---------------------------------
 
          INDEX
        -------
------+------------------------------------------------------------------------------------------------------------------------
      |    1972    1973    1974    1975    1976    1977    1978    1979    1980    1981    1982    1983    1984    1985    1986
------+------------------------------------------------------------------------------------------------------------------------
  1   | ******* ******* ******* ******* ******* ******* ******* ******* ******* ******* ******* ******* ******* ******* *******
------+------------------------------------------------------------------------------------------------------------------------
                                               
 
 
          INDEX
        -------
------+------------------------------------------------------------------------------------------------------------------------
      |    1987    1988    1989    1990    1991    1992    1993    1994    1995    1996    1997    1998    1999    2000    2001
------+------------------------------------------------------------------------------------------------------------------------
  1   | ******* -0.1532 -0.1752 -0.1931 -0.2013  0.0000  0.0000  0.0000  0.0000  0.0000  0.0000  0.0000  0.0000  0.0000 -0.0001
------+------------------------------------------------------------------------------------------------------------------------
                                               
 
 
          INDEX
        -------
------+--------
      |    2002
------+--------
  1   | -0.0001
------+--------
                                               
 
 
 
 AGE-STRUCTURED INDEX RESIDUALS                                                 
  
 -------------------------------
 
        FLT01: Dummy survey
        -------------------
------+--------------------------------
Age   |    1981    1982    1983    1984
------+--------------------------------
  1   |   1.061   1.094  -0.328  -1.827
  2   |   0.226   0.079   0.887  -1.191
  3   |  -0.661   0.020  -0.036   0.677
  4   |  -1.580   0.057   0.768   0.755
  5   |   0.764  -1.504   0.086   0.654
  6   |   1.177   0.569  -1.599  -0.147
  7   |   0.818   0.780   0.209  -1.808
  8   |  -0.020   0.401   0.159  -0.540
  9   |  -0.491   0.387   0.052   0.091
------+--------------------------------
                                               
 
 
 
 
 
 
 PARAMETERS OF THE DISTRIBUTION OF ln(CATCHES AT AGE)                           
  
 -----------------------------------------------------
 
 Separable model fitted from 1992  to 2002                                    
 Variance                             0.0000
Skewness test stat.                   3.5143
Kurtosis test statistic              -1.1496
Partial chi-square                    0.0000
Significance in fit                   0.0000
Degrees of freedom                        62
 
 
 PARAMETERS OF DISTRIBUTIONS OF THE SSB INDICES                                 
  
 -----------------------------------------------
 
 
   DISTRIBUTION STATISTICS FOR   INDEX                                          
 
 
 Index used as absolute measure of abundance                                    
  
 Last age is a plus-group                                                       
  
 
 Variance                             0.0440
Skewness test stat.                  -3.1077
Kurtosis test statistic               0.7095
Partial chi-square                    0.0520
Significance in fit                   0.0000
Number of observations                    15
Degrees of freedom                        15
Weight in the analysis                5.0000
 
 PARAMETERS OF THE DISTRIBUTION OF THE AGE-STRUCTURED INDICES                   
  
 ------------------------------------------------------------ 
 
 
   DISTRIBUTION STATISTICS FOR FLT01: Dummy survey                              
 
 
 Linear catchability relationship assumed                                       
  
 
 Age                          1         2         3         4         5         6         7         8         9
 Variance                0.0021    0.0008    0.0003    0.0014    0.0012    0.0016    0.0017    0.0002    0.0001
Skewness test stat.     -0.4279   -0.4709    0.0414   -0.7142   -0.7350   -0.4187   -0.8094   -0.4385   -0.3838
Kurtosis test statisti  -0.5448   -0.3843   -0.4109   -0.3827   -0.3692   -0.4642   -0.3335   -0.4283   -0.4088
Partial chi-square       0.0006    0.0002    0.0001    0.0003    0.0003    0.0004    0.0005    0.0000    0.0000
Significance in fit      0.0000    0.0000    0.0000    0.0000    0.0000    0.0000    0.0000    0.0000    0.0000
Number of observations        4         4         4         4         4         4         4         4         4
Degrees of freedom            3         3         3         3         3         3         3         3         3
Weight in the analysis   0.0011    0.0011    0.0011    0.0011    0.0011    0.0011    0.0011    0.0011    0.0011
 
 ANALYSIS OF VARIANCE                   
--------------------------
 
 Unweighted Statistics                                                          
  
 
                                                                                
  
Variance                              
                                       SSQ     Data    Parameters d.f. Variance
Total for model                        25.7565     150         46  104   0.2477
Catches at age                          0.0000      99         37   62   0.0000
  
SSB Indices                           
  INDEX                                 0.1319      15          0   15   0.0088
  
 Aged Indices                                                                   
  
FLT01: Dummy survey                    25.6246      36          9   27   0.9491
 
 
 Weighted Statistics                                                            
  
 
                                                                                
  
Variance                              
                                       SSQ     Data    Parameters d.f. Variance
Total for model                         3.2987     150         46  104   0.0317
Catches at age                          0.0000      99         37   62   0.0000
  
SSB Indices                           
  INDEX                                 3.2987      15          0   15   0.2199
  
 Aged Indices                                                                   
  
FLT01: Dummy survey                     0.0000      36          9   27   0.0000
 
