 Output Generated by ICA Version 1.4                                            
  
 ------------------------------------
 
        Mackerel NE Atlantic  WG2003
        ----------------------------
 
        Catch in Number
        ---------------
------+------------------------------------------------------------------------------------------------------------------------
AGE   |    1972    1973    1974    1975    1976    1977    1978    1979    1980    1981    1982    1983    1984    1985    1986
------+------------------------------------------------------------------------------------------------------------------------
  0   |   5408.   2795.   1762.   2855.    514.   2759.   3988.   2493.   5690.   4841.   2855.   3574.   4620.   3502.   3500.
  1   |   4643.  14008.  13387.   4216.   6855.   2384.  10352.   7764.  15265.  15419.  12835.   9405.   9969.  20581.  12280.
  2   |  31409.   6860.  38086.  18190.   5792.  18129.   5072.  11496.  26958.  23373.  23227.  24060.  14960.  25212.  40741.
  3   |  28695.  39622.  15790.  43885.  21460.  13090.  32613.   4812.  33734.  34677.  29862.  37033.  32655.  32039.  41853.
  4   |  24205.  26441.  66206.  13154.  38094.  35617.  17030.  22565.  10247.  31011.  32072.  34663.  36705.  50752.  38025.
  5   |  26612.  15848.  31458.  38838.   8154.  45359.  32811.   8337.  34299.   6583.  20242.  26453.  24425.  40577.  42263.
  6   |  19854.  16890.  18232.  17809.  23412.   9435.  40336.  15560.  12253.  21159.   4149.  16161.  18066.  26105.  32457.
  7   |   3325.  12394.  19045.  10101.  10598.  26707.   8209.  18803.  22408.   7354.  13058.   3253.  10855.  18924.  20316.
  8   |   3887.   1659.  11255.   8403.   4807.   9741.  18638.   3046.  21882.  10705.   3621.   8202.   1747.   9147.  11780.
  9   |  12402.   7895.   9129.   9028.   8122.  12403.  16559.  13413.  19135.  20501.  15733.  11415.  11068.   9492.  11248.
------+------------------------------------------------------------------------------------------------------------------------
       x 10 ^ 3                                
 
 
        Catch in Number
        ---------------
------+------------------------------------------------------------------------------------------------------------------------
AGE   |    1987    1988    1989    1990    1991    1992    1993    1994    1995    1996    1997    1998    1999    2000    2001
------+------------------------------------------------------------------------------------------------------------------------
  0   |   3138.   4510.   3062.   4881.   2308.   3020.   3968.   2590.   2254.   1461.   3021.   4996.   1756.   3987.   2369.
  1   |   7566.  14856.   8172.  15615.  10320.  11534.   7411.   9611.  10254.   8342.   3709.  14636.   9254.   9810.   9560.
  2   |  15072.  20284.  15319.  23689.  18801.  29283.  16071.  10265.  21755.  21601.  12077.  10202.  15456.  29377.  13361.
  3   |  42368.  34069.  17795.  37683.  24296.  45187.  34568.  19090.  19911.  38995.  26710.  28136.   9194.  41620.  33917.
  4   |  31402.  69156.  21656.  31885.  28090.  42427.  38529.  30159.  27264.  26023.  35231.  45200.  18460.  18036.  34729.
  5   |  20031.  36361.  30912.  27710.  16784.  34963.  25461.  23975.  30914.  25379.  16706.  42472.  20941.  25887.  10594.
  6   |  21464.  22377.  15698.  38301.  14108.  20208.  20239.  15394.  23905.  27876.  15794.  19479.  19045.  28440.  14672.
  7   |  16115.  23442.   9466.  19096.  19135.  16656.  11442.  12070.  15154.  21179.  17066.  18057.   8578.  25394.  15771.
  8   |   8017.  14166.   7869.   9284.   7594.  18206.   7512.   5455.   9558.  10778.  10360.  15716.   6321.   9233.  11214.
  9   |   9565.  15606.  10788.  18907.  11434.  18357.  16816.  11683.  13842.  16796.  13061.  22097.  13743.  21716.  13712.
------+------------------------------------------------------------------------------------------------------------------------
       x 10 ^ 3                                
 
 
        Catch in Number
        ---------------
------+--------
AGE   |    2002
------+--------
  0   |   2590.
  1   |   7254.
  2   |  16697.
  3   |  19919.
  4   |  36967.
  5   |  26960.
  6   |   7976.
  7   |  10868.
  8   |   9358.
  9   |  14675.
------+--------
       x 10 ^ 3                                
 
 
 
        Predicted Catch in Number
        -------------------------
------+----------------------------------------------------------------------------------------
AGE   |    1992    1993    1994    1995    1996    1997    1998    1999    2000    2001    2002
------+----------------------------------------------------------------------------------------
  0   |   3020.   3968.   2590.   2254.   1461.   3021.   4996.   1756.   3987.   2369.   2590.
  1   |  11534.   7411.   9611.  10254.   8342.   3709.  14636.   9254.   9810.   9560.   7254.
  2   |  29283.  16071.  10265.  21755.  21601.  12077.  10202.  15456.  29377.  13361.  16697.
  3   |  45187.  34568.  19090.  19911.  38995.  26710.  28136.   9194.  41620.  33917.  19919.
  4   |  42427.  38529.  30159.  27264.  26023.  35231.  45200.  18460.  18036.  34729.  36967.
  5   |  34963.  25461.  23975.  30914.  25379.  16706.  42472.  20941.  25887.  10594.  26960.
  6   |  20208.  20239.  15394.  23905.  27876.  15794.  19479.  19045.  28440.  14672.   7976.
  7   |  16656.  11442.  12070.  15153.  21179.  17066.  18057.   8578.  25394.  15771.  10868.
  8   |  18206.   7512.   5455.   9558.  10778.  10360.  15716.   6321.   9233.  11214.   9358.
------+----------------------------------------------------------------------------------------
       x 10 ^ 3                                
 
 
 
        Weights at age in the catches (Kg)
        ----------------------------------
------+------------------------------------------------------------------------------------------------------------------------
AGE   |    1972    1973    1974    1975    1976    1977    1978    1979    1980    1981    1982    1983    1984    1985    1986
------+------------------------------------------------------------------------------------------------------------------------
  0   | 0.05200 0.05000 0.05100 0.05000 0.05900 0.05600 0.03600 0.01600 0.05700 0.06000 0.05300 0.05000 0.03100 0.05500 0.03900
  1   | 0.13500 0.14500 0.13600 0.14800 0.13700 0.13600 0.13500 0.13700 0.13100 0.13200 0.13100 0.16800 0.10200 0.14400 0.14600
  2   | 0.27700 0.19400 0.22900 0.17700 0.20700 0.16900 0.16100 0.16100 0.24900 0.24800 0.24900 0.21900 0.18400 0.26200 0.24500
  3   | 0.34100 0.28500 0.26100 0.25900 0.26300 0.27500 0.25000 0.24300 0.28500 0.28700 0.28500 0.27600 0.29500 0.35700 0.33500
  4   | 0.42300 0.36800 0.33400 0.32300 0.32000 0.33300 0.32500 0.31800 0.34500 0.34400 0.34500 0.31000 0.32600 0.41800 0.42300
  5   | 0.46800 0.44800 0.39200 0.34800 0.34600 0.35200 0.34500 0.34800 0.37800 0.37700 0.37800 0.38600 0.34400 0.41700 0.47100
  6   | 0.46800 0.46800 0.48100 0.43000 0.40600 0.40700 0.40300 0.40100 0.45400 0.45400 0.45400 0.42500 0.43100 0.43600 0.44400
  7   | 0.50800 0.50800 0.50800 0.48800 0.44300 0.44600 0.42100 0.41600 0.49800 0.49900 0.49600 0.43500 0.54200 0.52100 0.45700
  8   | 0.53900 0.53900 0.53900 0.53900 0.51800 0.54600 0.51800 0.50600 0.52000 0.51300 0.51300 0.49800 0.48000 0.55500 0.54300
  9   | 0.59620 0.60122 0.61754 0.59977 0.59140 0.58362 0.56913 0.53488 0.57133 0.55803 0.56328 0.59400 0.61188 0.64323 0.62264
------+------------------------------------------------------------------------------------------------------------------------
                                               
 
 
        Weights at age in the catches (Kg)
        ----------------------------------
------+------------------------------------------------------------------------------------------------------------------------
AGE   |    1987    1988    1989    1990    1991    1992    1993    1994    1995    1996    1997    1998    1999    2000    2001
------+------------------------------------------------------------------------------------------------------------------------
  0   | 0.07600 0.05500 0.04900 0.08500 0.06800 0.05100 0.06100 0.04600 0.07200 0.05800 0.07600 0.06500 0.06200 0.06300 0.06900
  1   | 0.17900 0.13300 0.13600 0.15600 0.15600 0.16700 0.13400 0.13600 0.14300 0.14300 0.14300 0.15700 0.17600 0.13500 0.17100
  2   | 0.22300 0.25900 0.23700 0.23300 0.25300 0.23900 0.24000 0.25500 0.23400 0.22600 0.23000 0.22700 0.23600 0.22900 0.22300
  3   | 0.31800 0.32300 0.32000 0.33600 0.32700 0.33300 0.31700 0.33900 0.33300 0.31300 0.29500 0.31000 0.30700 0.30800 0.30700
  4   | 0.39900 0.38800 0.37700 0.37900 0.39400 0.39700 0.37600 0.39000 0.39000 0.37700 0.35900 0.35400 0.36100 0.36700 0.37800
  5   | 0.47400 0.45600 0.43300 0.42300 0.42300 0.46000 0.43600 0.44800 0.45200 0.42500 0.41500 0.40800 0.40600 0.42900 0.42600
  6   | 0.51200 0.52400 0.45600 0.46700 0.46900 0.49500 0.48300 0.51200 0.50100 0.48400 0.45300 0.45200 0.45400 0.46700 0.47700
  7   | 0.49300 0.55500 0.54300 0.52800 0.50600 0.53200 0.52700 0.54300 0.53900 0.51800 0.48100 0.46200 0.50100 0.50400 0.49900
  8   | 0.49800 0.55500 0.59200 0.55200 0.55400 0.55500 0.54800 0.59000 0.57700 0.55100 0.52400 0.51800 0.53700 0.53700 0.54300
  9   | 0.61672 0.59215 0.60464 0.61446 0.63557 0.63279 0.60433 0.62903 0.61751 0.60203 0.57481 0.57055 0.59384 0.59108 0.60959
------+------------------------------------------------------------------------------------------------------------------------
                                               
 
 
        Weights at age in the catches (Kg)
        ----------------------------------
------+--------
AGE   |    2002
------+--------
  0   | 0.05200
  1   | 0.15900
  2   | 0.25500
  3   | 0.30700
  4   | 0.36900
  5   | 0.42600
  6   | 0.46400
  7   | 0.51400
  8   | 0.53900
  9   | 0.60781
------+--------
                                               
 
 
 
        Weights at age in the stock (Kg)
        --------------------------------
------+------------------------------------------------------------------------------------------------------------------------
AGE   |    1972    1973    1974    1975    1976    1977    1978    1979    1980    1981    1982    1983    1984    1985    1986
------+------------------------------------------------------------------------------------------------------------------------
  0   | 0.00800 0.00800 0.00800 0.00800 0.00800 0.00800 0.00800 0.00800 0.00800 0.00800 0.00800 0.00800 0.00000 0.00000 0.00000
  1   | 0.13200 0.13200 0.13000 0.12900 0.12800 0.12700 0.11100 0.11000 0.10900 0.08700 0.08600 0.08600 0.08100 0.08500 0.07700
  2   | 0.17800 0.17700 0.17300 0.17100 0.17000 0.16700 0.17500 0.17400 0.17300 0.18600 0.13500 0.17200 0.19400 0.16500 0.17900
  3   | 0.24300 0.24200 0.23800 0.23600 0.23600 0.23300 0.23800 0.23700 0.23600 0.25200 0.22100 0.23500 0.25300 0.29300 0.26700
  4   | 0.41100 0.30100 0.29600 0.29400 0.29300 0.28900 0.30000 0.29900 0.29700 0.31300 0.28000 0.28000 0.29500 0.30600 0.30400
  5   | 0.35500 0.43800 0.32200 0.31800 0.31800 0.31300 0.34600 0.34500 0.34300 0.32300 0.38500 0.33900 0.32400 0.34100 0.35600
  6   | 0.39800 0.39800 0.46900 0.36500 0.36500 0.36100 0.38200 0.38000 0.37900 0.37800 0.35300 0.37700 0.39300 0.38400 0.35100
  7   | 0.43300 0.43300 0.43300 0.49700 0.41900 0.41600 0.41000 0.40800 0.40700 0.41900 0.40800 0.40400 0.43600 0.43000 0.41600
  8   | 0.45900 0.45900 0.45900 0.45900 0.51200 0.44600 0.43200 0.43000 0.42900 0.43400 0.43700 0.43900 0.44100 0.45900 0.47300
  9   | 0.50962 0.51628 0.53285 0.51326 0.50531 0.52940 0.49971 0.48145 0.49439 0.47452 0.47961 0.51582 0.50681 0.55720 0.47058
------+------------------------------------------------------------------------------------------------------------------------
                                               
 
 
        Weights at age in the stock (Kg)
        --------------------------------
------+------------------------------------------------------------------------------------------------------------------------
AGE   |    1987    1988    1989    1990    1991    1992    1993    1994    1995    1996    1997    1998    1999    2000    2001
------+------------------------------------------------------------------------------------------------------------------------
  0   | 0.00000 0.00000 0.00000 0.00000 0.00000 0.00000 0.00000 0.00000 0.00000 0.00000 0.00000 0.00000 0.00000 0.00000 0.00000
  1   | 0.07800 0.07200 0.07600 0.07400 0.07500 0.07800 0.07800 0.07900 0.08100 0.07600 0.07600 0.07700 0.08100 0.07400 0.07800
  2   | 0.14800 0.15600 0.17700 0.13800 0.15500 0.21200 0.19700 0.17800 0.16400 0.13300 0.18600 0.14900 0.19400 0.18500 0.16400
  3   | 0.24000 0.23700 0.24400 0.22200 0.23000 0.25900 0.26800 0.23700 0.26700 0.25100 0.22800 0.22300 0.24200 0.23500 0.24100
  4   | 0.28600 0.30100 0.30600 0.28700 0.30700 0.31000 0.31500 0.30100 0.32600 0.31700 0.29600 0.28500 0.30100 0.28900 0.34200
  5   | 0.37400 0.32900 0.35200 0.33900 0.35700 0.36200 0.36000 0.36100 0.39800 0.36600 0.36100 0.34200 0.35300 0.35000 0.39000
  6   | 0.38600 0.42300 0.38000 0.37300 0.40900 0.40200 0.41600 0.41300 0.44800 0.44400 0.40200 0.40000 0.39600 0.39000 0.44600
  7   | 0.41100 0.44500 0.42900 0.41400 0.43200 0.42400 0.45400 0.46600 0.49100 0.46200 0.44500 0.42600 0.42300 0.42600 0.45900
  8   | 0.42900 0.43200 0.47400 0.40900 0.50200 0.46200 0.46500 0.47000 0.50800 0.50100 0.47800 0.46600 0.44000 0.44700 0.49900
  9   | 0.49532 0.50330 0.48035 0.48274 0.56038 0.52153 0.51301 0.54075 0.57118 0.58636 0.53345 0.52514 0.49441 0.50442 0.56906
------+------------------------------------------------------------------------------------------------------------------------
                                               
 
 
        Weights at age in the stock (Kg)
        --------------------------------
------+--------
AGE   |    2002
------+--------
  0   | 0.00000
  1   | 0.07800
  2   | 0.18100
  3   | 0.23900
  4   | 0.31100
  5   | 0.36400
  6   | 0.41100
  7   | 0.43600
  8   | 0.46200
  9   | 0.51932
------+--------
                                               
 
 
 
        Natural Mortality (per year)
        ----------------------------
------+------------------------------------------------------------------------------------------------------------------------
AGE   |    1972    1973    1974    1975    1976    1977    1978    1979    1980    1981    1982    1983    1984    1985    1986
------+------------------------------------------------------------------------------------------------------------------------
  0   | 0.15000 0.15000 0.15000 0.15000 0.15000 0.15000 0.15000 0.15000 0.15000 0.15000 0.15000 0.15000 0.15000 0.15000 0.15000
  1   | 0.15000 0.15000 0.15000 0.15000 0.15000 0.15000 0.15000 0.15000 0.15000 0.15000 0.15000 0.15000 0.15000 0.15000 0.15000
  2   | 0.15000 0.15000 0.15000 0.15000 0.15000 0.15000 0.15000 0.15000 0.15000 0.15000 0.15000 0.15000 0.15000 0.15000 0.15000
  3   | 0.15000 0.15000 0.15000 0.15000 0.15000 0.15000 0.15000 0.15000 0.15000 0.15000 0.15000 0.15000 0.15000 0.15000 0.15000
  4   | 0.15000 0.15000 0.15000 0.15000 0.15000 0.15000 0.15000 0.15000 0.15000 0.15000 0.15000 0.15000 0.15000 0.15000 0.15000
  5   | 0.15000 0.15000 0.15000 0.15000 0.15000 0.15000 0.15000 0.15000 0.15000 0.15000 0.15000 0.15000 0.15000 0.15000 0.15000
  6   | 0.15000 0.15000 0.15000 0.15000 0.15000 0.15000 0.15000 0.15000 0.15000 0.15000 0.15000 0.15000 0.15000 0.15000 0.15000
  7   | 0.15000 0.15000 0.15000 0.15000 0.15000 0.15000 0.15000 0.15000 0.15000 0.15000 0.15000 0.15000 0.15000 0.15000 0.15000
  8   | 0.15000 0.15000 0.15000 0.15000 0.15000 0.15000 0.15000 0.15000 0.15000 0.15000 0.15000 0.15000 0.15000 0.15000 0.15000
  9   | 0.15000 0.15000 0.15000 0.15000 0.15000 0.15000 0.15000 0.15000 0.15000 0.15000 0.15000 0.15000 0.15000 0.15000 0.15000
------+------------------------------------------------------------------------------------------------------------------------
                                               
 
 
        Natural Mortality (per year)
        ----------------------------
------+------------------------------------------------------------------------------------------------------------------------
AGE   |    1987    1988    1989    1990    1991    1992    1993    1994    1995    1996    1997    1998    1999    2000    2001
------+------------------------------------------------------------------------------------------------------------------------
  0   | 0.15000 0.15000 0.15000 0.15000 0.15000 0.15000 0.15000 0.15000 0.15000 0.15000 0.15000 0.15000 0.15000 0.15000 0.15000
  1   | 0.15000 0.15000 0.15000 0.15000 0.15000 0.15000 0.15000 0.15000 0.15000 0.15000 0.15000 0.15000 0.15000 0.15000 0.15000
  2   | 0.15000 0.15000 0.15000 0.15000 0.15000 0.15000 0.15000 0.15000 0.15000 0.15000 0.15000 0.15000 0.15000 0.15000 0.15000
  3   | 0.15000 0.15000 0.15000 0.15000 0.15000 0.15000 0.15000 0.15000 0.15000 0.15000 0.15000 0.15000 0.15000 0.15000 0.15000
  4   | 0.15000 0.15000 0.15000 0.15000 0.15000 0.15000 0.15000 0.15000 0.15000 0.15000 0.15000 0.15000 0.15000 0.15000 0.15000
  5   | 0.15000 0.15000 0.15000 0.15000 0.15000 0.15000 0.15000 0.15000 0.15000 0.15000 0.15000 0.15000 0.15000 0.15000 0.15000
  6   | 0.15000 0.15000 0.15000 0.15000 0.15000 0.15000 0.15000 0.15000 0.15000 0.15000 0.15000 0.15000 0.15000 0.15000 0.15000
  7   | 0.15000 0.15000 0.15000 0.15000 0.15000 0.15000 0.15000 0.15000 0.15000 0.15000 0.15000 0.15000 0.15000 0.15000 0.15000
  8   | 0.15000 0.15000 0.15000 0.15000 0.15000 0.15000 0.15000 0.15000 0.15000 0.15000 0.15000 0.15000 0.15000 0.15000 0.15000
  9   | 0.15000 0.15000 0.15000 0.15000 0.15000 0.15000 0.15000 0.15000 0.15000 0.15000 0.15000 0.15000 0.15000 0.15000 0.15000
------+------------------------------------------------------------------------------------------------------------------------
                                               
 
 
        Natural Mortality (per year)
        ----------------------------
------+--------
AGE   |    2002
------+--------
  0   | 0.15000
  1   | 0.15000
  2   | 0.15000
  3   | 0.15000
  4   | 0.15000
  5   | 0.15000
  6   | 0.15000
  7   | 0.15000
  8   | 0.15000
  9   | 0.15000
------+--------
                                               
 
 
 
        Proportion of fish spawning
        ---------------------------
------+------------------------------------------------------------------------------------------------------------------------
AGE   |    1972    1973    1974    1975    1976    1977    1978    1979    1980    1981    1982    1983    1984    1985    1986
------+------------------------------------------------------------------------------------------------------------------------
  0   |  0.0000  0.0000  0.0000  0.0000  0.0000  0.0000  0.0000  0.0000  0.0000  0.0000  0.0000  0.0000  0.0000  0.0000  0.0000
  1   |  0.0500  0.0500  0.0500  0.0600  0.0600  0.0600  0.0600  0.0600  0.0600  0.0700  0.0700  0.0700  0.0700  0.0700  0.0700
  2   |  0.5300  0.5400  0.5400  0.5500  0.5500  0.5500  0.5600  0.5600  0.5700  0.5700  0.5700  0.5800  0.5800  0.5800  0.5800
  3   |  0.9000  0.9000  0.9000  0.8900  0.8900  0.8900  0.8900  0.8900  0.8900  0.8800  0.8800  0.8800  0.8800  0.8800  0.8800
  4   |  0.9800  0.9800  0.9800  0.9800  0.9800  0.9800  0.9800  0.9800  0.9800  0.9800  0.9800  0.9800  0.9700  0.9700  0.9700
  5   |  0.9800  0.9800  0.9800  0.9800  0.9800  0.9800  0.9800  0.9800  0.9800  0.9800  0.9800  0.9800  0.9700  0.9700  0.9700
  6   |  0.9900  0.9900  0.9900  0.9900  0.9900  0.9900  0.9900  0.9900  0.9900  0.9900  0.9900  0.9900  0.9900  0.9900  0.9900
  7   |  1.0000  1.0000  1.0000  1.0000  1.0000  1.0000  1.0000  1.0000  1.0000  1.0000  1.0000  1.0000  1.0000  1.0000  1.0000
  8   |  1.0000  1.0000  1.0000  1.0000  1.0000  1.0000  1.0000  1.0000  1.0000  1.0000  1.0000  1.0000  1.0000  1.0000  1.0000
  9   |  1.0000  1.0000  1.0000  1.0000  1.0000  1.0000  1.0000  1.0000  1.0000  1.0000  1.0000  1.0000  1.0000  1.0000  1.0000
------+------------------------------------------------------------------------------------------------------------------------
                                               
 
 
        Proportion of fish spawning
        ---------------------------
------+------------------------------------------------------------------------------------------------------------------------
AGE   |    1987    1988    1989    1990    1991    1992    1993    1994    1995    1996    1997    1998    1999    2000    2001
------+------------------------------------------------------------------------------------------------------------------------
  0   |  0.0000  0.0000  0.0000  0.0000  0.0000  0.0000  0.0000  0.0000  0.0000  0.0000  0.0000  0.0000  0.0000  0.0000  0.0000
  1   |  0.0700  0.0700  0.0700  0.0700  0.0700  0.0700  0.0700  0.0700  0.0700  0.0700  0.0700  0.0700  0.0700  0.0700  0.0700
  2   |  0.5800  0.5800  0.5800  0.5800  0.5800  0.5800  0.5800  0.5800  0.5800  0.5800  0.5800  0.5800  0.5800  0.5800  0.5900
  3   |  0.8800  0.8800  0.8800  0.8800  0.8800  0.8800  0.8800  0.8800  0.8800  0.8800  0.8800  0.8600  0.8600  0.8600  0.8800
  4   |  0.9700  0.9700  0.9700  0.9700  0.9700  0.9700  0.9700  0.9700  0.9700  0.9700  0.9700  0.9800  0.9800  0.9800  0.9700
  5   |  0.9700  0.9700  0.9700  0.9700  0.9700  0.9700  0.9700  0.9700  0.9700  0.9700  0.9700  0.9800  0.9800  0.9800  0.9700
  6   |  0.9900  0.9900  0.9900  0.9900  0.9900  0.9900  0.9900  0.9900  0.9900  0.9900  0.9900  0.9900  0.9900  0.9900  0.9900
  7   |  1.0000  1.0000  1.0000  1.0000  1.0000  1.0000  1.0000  1.0000  1.0000  1.0000  1.0000  1.0000  1.0000  1.0000  1.0000
  8   |  1.0000  1.0000  1.0000  1.0000  1.0000  1.0000  1.0000  1.0000  1.0000  1.0000  1.0000  1.0000  1.0000  1.0000  1.0000
  9   |  1.0000  1.0000  1.0000  1.0000  1.0000  1.0000  1.0000  1.0000  1.0000  1.0000  1.0000  1.0000  1.0000  1.0000  1.0000
------+------------------------------------------------------------------------------------------------------------------------
                                               
 
 
        Proportion of fish spawning
        ---------------------------
------+--------
AGE   |    2002
------+--------
  0   |  0.0000
  1   |  0.0700
  2   |  0.5900
  3   |  0.8800
  4   |  0.9700
  5   |  0.9700
  6   |  0.9900
  7   |  1.0000
  8   |  1.0000
  9   |  1.0000
------+--------
                                               
 
 
 
 INDICES OF SPAWNING BIOMASS                                                    
  
 ----------------------------
 
          INDEX
        -------
------+------------------------------------------------------------------------------------------------------------------------
      |    1972    1973    1974    1975    1976    1977    1978    1979    1980    1981    1982    1983    1984    1985    1986
------+------------------------------------------------------------------------------------------------------------------------
  1   | ******* ******* ******* ******* ******* ******* ******* ******* ******* ******* ******* ******* ******* ******* *******
------+------------------------------------------------------------------------------------------------------------------------
       x 10 ^ 3                                
 
 
          INDEX
        -------
------+------------------------------------------------------------------------------------------------------------------------
      |    1987    1988    1989    1990    1991    1992    1993    1994    1995    1996    1997    1998    1999    2000    2001
------+------------------------------------------------------------------------------------------------------------------------
  1   | *******  290.40  286.88  269.14  296.41  323.50  318.86  305.05  335.28  322.99  305.09  269.54  267.63  270.37  287.63
------+------------------------------------------------------------------------------------------------------------------------
       x 10 ^ 3                                
 
 
          INDEX
        -------
------+--------
      |    2002
------+--------
  1   |  276.81
------+--------
       x 10 ^ 3                                
 
 
 
 AGE-STRUCTURED INDICES                                                         
  
 -----------------------
 
        FLT01: Dummy survey
        -------------------
------+--------------------------------
AGE   |    1981    1982    1983    1984
------+--------------------------------
  1   |  266.10  203.00   43.60   15.24
  2   |  506.40  435.90  712.70   79.51
  3   |  225.10  483.60  444.60  661.83
  4   |   31.70  184.10  391.60  374.60
  5   |  174.80   24.70  130.40  238.20
  6   |  158.50  136.60   20.20   92.00
  7   |   99.50  108.60   91.30   15.54
  8   |  116.60   84.50   70.90   51.47
  9   |   35.30   87.00   47.10   39.27
------+--------------------------------
       x 10 ^ 3                                
 
 
 
        Fishing Mortality (per year)
        ----------------------------
------+------------------------------------------------------------------------------------------------------------------------
AGE   |    1972    1973    1974    1975    1976    1977    1978    1979    1980    1981    1982    1983    1984    1985    1986
------+------------------------------------------------------------------------------------------------------------------------
  0   | 0.00776 0.00627 0.00941 0.00704 0.00526 0.00760 0.00893 0.00542 0.01041 0.00885 0.00733 0.00755 0.00657 0.00917 0.01010
  1   | 0.02939 0.02373 0.03562 0.02663 0.01989 0.02877 0.03381 0.02050 0.03939 0.03349 0.02775 0.02857 0.02486 0.03469 0.03823
  2   | 0.06504 0.05253 0.07885 0.05894 0.04402 0.06367 0.07484 0.04538 0.08719 0.07412 0.06143 0.06323 0.05502 0.07678 0.08461
  3   | 0.12832 0.10364 0.15555 0.11628 0.08685 0.12562 0.14765 0.08953 0.17201 0.14624 0.12120 0.12474 0.10855 0.15148 0.16693
  4   | 0.19618 0.15844 0.23781 0.17776 0.13277 0.19204 0.22572 0.13687 0.26297 0.22357 0.18529 0.19070 0.16594 0.23158 0.25520
  5   | 0.22313 0.18021 0.27048 0.20219 0.15101 0.21843 0.25673 0.15568 0.29910 0.25428 0.21074 0.21690 0.18874 0.26340 0.29026
  6   | 0.25234 0.20380 0.30589 0.22865 0.17078 0.24702 0.29034 0.17605 0.33825 0.28757 0.23833 0.24529 0.21345 0.29787 0.32826
  7   | 0.28909 0.23348 0.35044 0.26195 0.19565 0.28300 0.33262 0.20169 0.38751 0.32945 0.27304 0.28102 0.24454 0.34126 0.37606
  8   | 0.26776 0.21626 0.32458 0.24262 0.18121 0.26212 0.30808 0.18681 0.35892 0.30514 0.25289 0.26028 0.22649 0.31607 0.34831
  9   | 0.26776 0.21626 0.32458 0.24262 0.18121 0.26212 0.30808 0.18681 0.35892 0.30514 0.25289 0.26028 0.22649 0.31607 0.34831
------+------------------------------------------------------------------------------------------------------------------------
                                               
 
 
        Fishing Mortality (per year)
        ----------------------------
------+------------------------------------------------------------------------------------------------------------------------
AGE   |    1987    1988    1989    1990    1991    1992    1993    1994    1995    1996    1997    1998    1999    2000    2001
------+------------------------------------------------------------------------------------------------------------------------
  0   | 0.00682 0.01014 0.00573 0.00915 0.00603 0.00945 0.00725 0.00546 0.00674 0.00780 0.00617 0.00937 0.00540 0.00946 0.00709
  1   | 0.02582 0.03837 0.02168 0.03462 0.02283 0.03575 0.02743 0.02068 0.02552 0.02951 0.02335 0.03544 0.02045 0.03579 0.02682
  2   | 0.05716 0.08493 0.04799 0.07664 0.05053 0.07913 0.06071 0.04577 0.05649 0.06533 0.05168 0.07845 0.04527 0.07921 0.05937
  3   | 0.11277 0.16756 0.09468 0.15120 0.09969 0.15611 0.11977 0.09030 0.11145 0.12888 0.10197 0.15477 0.08931 0.15628 0.11712
  4   | 0.17240 0.25616 0.14474 0.23115 0.15241 0.23866 0.18310 0.13806 0.17039 0.19704 0.15589 0.23661 0.13654 0.23892 0.17906
  5   | 0.19609 0.29135 0.16463 0.26291 0.17335 0.27145 0.20826 0.15702 0.19380 0.22411 0.17730 0.26912 0.15529 0.27175 0.20366
  6   | 0.22175 0.32949 0.18618 0.29732 0.19604 0.30698 0.23552 0.17758 0.21917 0.25344 0.20051 0.30435 0.17562 0.30732 0.23032
  7   | 0.25405 0.37747 0.21330 0.34062 0.22459 0.35169 0.26982 0.20344 0.25108 0.29035 0.22972 0.34867 0.20120 0.35208 0.26386
  8   | 0.23530 0.34962 0.19756 0.31549 0.20802 0.32574 0.24991 0.18843 0.23256 0.26893 0.21277 0.32294 0.18635 0.32610 0.24439
  9   | 0.23530 0.34962 0.19756 0.31549 0.20802 0.32574 0.24991 0.18843 0.23256 0.26893 0.21277 0.32294 0.18635 0.32610 0.24439
------+------------------------------------------------------------------------------------------------------------------------
                                               
 
 
        Fishing Mortality (per year)
        ----------------------------
------+--------
AGE   |    2002
------+--------
  0   | 0.00677
  1   | 0.02563
  2   | 0.05672
  3   | 0.11191
  4   | 0.17108
  5   | 0.19459
  6   | 0.22006
  7   | 0.25211
  8   | 0.23350
  9   | 0.23350
------+--------
                                               
 
 
 
        Population Abundance (1 January)
        --------------------------------
------+------------------------------------------------------------------------------------------------------------------------
AGE   |    1972    1973    1974    1975    1976    1977    1978    1979    1980    1981    1982    1983    1984    1985    1986
------+------------------------------------------------------------------------------------------------------------------------
  0   |  752.85  481.40  202.57  438.51  105.69  392.36  482.83  496.90  591.64  591.64  420.79  511.74  759.90  413.21  374.98
  1   |  172.59  642.97  411.75  172.72  374.78   90.49  335.15  411.88  425.38  503.96  504.74  359.53  437.14  649.77  352.41
  2   |  536.67  144.25  540.43  342.00  144.75  316.23   75.68  278.88  347.32  351.98  419.47  422.55  300.73  367.01  540.19
  3   |  256.18  432.83  117.80  429.89  277.51  119.22  255.39   60.44  229.38  273.98  281.31  339.53  341.41  244.99  292.55
  4   |  145.97  193.94  335.86   86.79  329.39  218.99   90.50  189.64   47.57  166.23  203.73  214.49  257.97  263.62  181.22
  5   |  142.90  103.26  142.47  227.90   62.53  248.26  155.55   62.16  142.35   31.47  114.41  145.70  152.56  188.08  180.00
  6   |   95.57   98.40   74.22   93.56  160.25   46.28  171.75  103.57   45.79   90.85   21.01   79.76  100.95  108.72  124.40
  7   |   14.21   63.91   69.08   47.05   64.07  116.27   31.11  110.58   74.75   28.10   58.65   14.25   53.72   70.19   69.47
  8   |   17.76    9.16   43.55   41.88   31.16   45.35   75.41   19.20   77.79   43.67   17.40   38.42    9.26   36.21   42.94
  9   |   56.66   43.60   35.33   44.99   52.65   57.74   67.00   84.57   68.02   83.63   75.58   53.47   58.64   37.57   41.00
------+------------------------------------------------------------------------------------------------------------------------
       x 10 ^ 6                                
 
 
        Population Abundance (1 January)
        --------------------------------
------+------------------------------------------------------------------------------------------------------------------------
AGE   |    1987    1988    1989    1990    1991    1992    1993    1994    1995    1996    1997    1998    1999    2000    2001
------+------------------------------------------------------------------------------------------------------------------------
  0   |  496.90  481.40  577.12  577.12  413.21  345.84  591.64  511.73  361.17  202.57  528.90  577.12  350.87  456.09  361.17
  1   |  319.51  424.78  410.16  493.89  492.21  353.52  294.87  505.55  438.05  308.77  173.00  452.43  492.10  300.37  388.86
  2   |  291.95  267.99  351.85  345.46  410.63  414.08  293.59  246.93  426.23  367.54  258.03  145.46  375.85  414.98  249.44
  3   |  427.23  237.32  211.88  288.65  275.40  336.02  329.29  237.81  203.02  346.71  296.34  210.90  115.75  309.18  329.97
  4   |  213.09  328.50  172.75  165.89  213.58  214.55  247.41  251.43  187.01  156.31  262.33  230.33  155.50   91.12  227.61
  5   |  120.85  154.36  218.85  128.65  113.32  157.84  145.46  177.32  188.50  135.75  110.48  193.20  156.48  116.76   61.76
  6   |  115.90   85.49   99.28  159.77   85.13   82.01  103.56  101.66  130.44  133.66   93.38   79.64  127.05  115.31   76.58
  7   |   77.11   79.91   52.93   70.93  102.15   60.23   51.93   70.43   73.26   90.18   89.29   65.77   50.56   91.74   72.99
  8   |   41.05   51.48   47.16   36.81   43.43   70.24   36.47   34.13   49.46   49.06   58.06   61.08   39.94   35.59   55.53
  9   |   48.98   56.71   64.65   74.95   65.39   70.82   81.64   73.08   71.63   76.45   73.19   85.88   86.84   83.70   67.89
------+------------------------------------------------------------------------------------------------------------------------
       x 10 ^ 6                                
 
 
        Population Abundance (1 January)
        --------------------------------
------+----------------
AGE   |    2002    2003
------+----------------
  0   |  413.21  316.55
  1   |  308.66  353.25
  2   |  325.84  258.95
  3   |  202.32  264.99
  4   |  252.62  155.70
  5   |  163.79  183.24
  6   |   43.36  116.05
  7   |   52.35   29.95
  8   |   48.25   35.02
  9   |   75.67   84.45
------+----------------
       x 10 ^ 6                                
 
 
 
        Weighting factors for the catches in number
        -------------------------------------------
------+----------------------------------------------------------------------------------------
AGE   |    1992    1993    1994    1995    1996    1997    1998    1999    2000    2001    2002
------+----------------------------------------------------------------------------------------
  0   |  0.0200  0.0200  0.0200  0.0200  0.0200  0.0200  0.0200  0.0200  0.0200  0.0200  0.0200
  1   |  1.0000  1.0000  1.0000  1.0000  1.0000  1.0000  1.0000  1.0000  1.0000  1.0000  1.0000
  2   |  1.0000  1.0000  1.0000  1.0000  1.0000  1.0000  1.0000  1.0000  1.0000  1.0000  1.0000
  3   |  1.0000  1.0000  1.0000  1.0000  1.0000  1.0000  1.0000  1.0000  1.0000  1.0000  1.0000
  4   |  1.0000  1.0000  1.0000  1.0000  1.0000  1.0000  1.0000  1.0000  1.0000  1.0000  1.0000
  5   |  1.0000  1.0000  1.0000  1.0000  1.0000  1.0000  1.0000  1.0000  1.0000  1.0000  1.0000
  6   |  1.0000  1.0000  1.0000  1.0000  1.0000  1.0000  1.0000  1.0000  1.0000  1.0000  1.0000
  7   |  1.0000  1.0000  1.0000  1.0000  1.0000  1.0000  1.0000  1.0000  1.0000  1.0000  1.0000
  8   |  1.0000  1.0000  1.0000  1.0000  1.0000  1.0000  1.0000  1.0000  1.0000  1.0000  1.0000
------+----------------------------------------------------------------------------------------
                                               
 
 
 
 Predicted SSB Index Values                                                     
  
 ---------------------------
 
          INDEX
        -------
------+------------------------------------------------------------------------------------------------------------------------
      |    1972    1973    1974    1975    1976    1977    1978    1979    1980    1981    1982    1983    1984    1985    1986
------+------------------------------------------------------------------------------------------------------------------------
  1   | ******* ******* ******* ******* ******* ******* ******* ******* ******* ******* ******* ******* ******* ******* *******
------+------------------------------------------------------------------------------------------------------------------------
       x 10 ^ 3                                
 
 
          INDEX
        -------
------+------------------------------------------------------------------------------------------------------------------------
      |    1987    1988    1989    1990    1991    1992    1993    1994    1995    1996    1997    1998    1999    2000    2001
------+------------------------------------------------------------------------------------------------------------------------
  1   | *******  290.40  286.88  269.14  296.41  323.50  318.86  305.05  335.28  322.99  305.09  269.54  267.63  270.37  287.63
------+------------------------------------------------------------------------------------------------------------------------
       x 10 ^ 3                                
 
 
          INDEX
        -------
------+--------
      |    2002
------+--------
  1   |  276.81
------+--------
       x 10 ^ 3                                
 
 
 
 Predicted Age-Structured Index Values                                          
  
 --------------------------------------
 
        FLT01: Dummy survey Predicted
        -----------------------------
------+--------------------------------
AGE   |    1981    1982    1983    1984
------+--------------------------------
  1   |   87.00   87.42   62.24   75.83
  2   |  316.19  379.46  381.86  273.01
  3   |  372.66  387.94  467.32  474.11
  4   |  134.27  168.06  176.41  215.07
  5   |   35.09  130.67  165.83  176.35
  6   |  112.96   26.84  101.51  130.75
  7   |   51.12  110.05   26.62  102.39
  8   |  144.78   59.36  130.55   32.05
  9   |   59.73   55.56   39.14   43.74
------+--------------------------------
       x 10 ^ 3                                
 
 
 
        Fitted Selection Pattern
        ------------------------
------+------------------------------------------------------------------------------------------------------------------------
AGE   |    1972    1973    1974    1975    1976    1977    1978    1979    1980    1981    1982    1983    1984    1985    1986
------+------------------------------------------------------------------------------------------------------------------------
  0   |  0.0348  0.0348  0.0348  0.0348  0.0348  0.0348  0.0348  0.0348  0.0348  0.0348  0.0348  0.0348  0.0348  0.0348  0.0348
  1   |  0.1317  0.1317  0.1317  0.1317  0.1317  0.1317  0.1317  0.1317  0.1317  0.1317  0.1317  0.1317  0.1317  0.1317  0.1317
  2   |  0.2915  0.2915  0.2915  0.2915  0.2915  0.2915  0.2915  0.2915  0.2915  0.2915  0.2915  0.2915  0.2915  0.2915  0.2915
  3   |  0.5751  0.5751  0.5751  0.5751  0.5751  0.5751  0.5751  0.5751  0.5751  0.5751  0.5751  0.5751  0.5751  0.5751  0.5751
  4   |  0.8792  0.8792  0.8792  0.8792  0.8792  0.8792  0.8792  0.8792  0.8792  0.8792  0.8792  0.8792  0.8792  0.8792  0.8792
  5   |  1.0000  1.0000  1.0000  1.0000  1.0000  1.0000  1.0000  1.0000  1.0000  1.0000  1.0000  1.0000  1.0000  1.0000  1.0000
  6   |  1.1309  1.1309  1.1309  1.1309  1.1309  1.1309  1.1309  1.1309  1.1309  1.1309  1.1309  1.1309  1.1309  1.1309  1.1309
  7   |  1.2956  1.2956  1.2956  1.2956  1.2956  1.2956  1.2956  1.2956  1.2956  1.2956  1.2956  1.2956  1.2956  1.2956  1.2956
  8   |  1.2000  1.2000  1.2000  1.2000  1.2000  1.2000  1.2000  1.2000  1.2000  1.2000  1.2000  1.2000  1.2000  1.2000  1.2000
  9   |  1.2000  1.2000  1.2000  1.2000  1.2000  1.2000  1.2000  1.2000  1.2000  1.2000  1.2000  1.2000  1.2000  1.2000  1.2000
------+------------------------------------------------------------------------------------------------------------------------
                                               
 
 
        Fitted Selection Pattern
        ------------------------
------+------------------------------------------------------------------------------------------------------------------------
AGE   |    1987    1988    1989    1990    1991    1992    1993    1994    1995    1996    1997    1998    1999    2000    2001
------+------------------------------------------------------------------------------------------------------------------------
  0   |  0.0348  0.0348  0.0348  0.0348  0.0348  0.0348  0.0348  0.0348  0.0348  0.0348  0.0348  0.0348  0.0348  0.0348  0.0348
  1   |  0.1317  0.1317  0.1317  0.1317  0.1317  0.1317  0.1317  0.1317  0.1317  0.1317  0.1317  0.1317  0.1317  0.1317  0.1317
  2   |  0.2915  0.2915  0.2915  0.2915  0.2915  0.2915  0.2915  0.2915  0.2915  0.2915  0.2915  0.2915  0.2915  0.2915  0.2915
  3   |  0.5751  0.5751  0.5751  0.5751  0.5751  0.5751  0.5751  0.5751  0.5751  0.5751  0.5751  0.5751  0.5751  0.5751  0.5751
  4   |  0.8792  0.8792  0.8792  0.8792  0.8792  0.8792  0.8792  0.8792  0.8792  0.8792  0.8792  0.8792  0.8792  0.8792  0.8792
  5   |  1.0000  1.0000  1.0000  1.0000  1.0000  1.0000  1.0000  1.0000  1.0000  1.0000  1.0000  1.0000  1.0000  1.0000  1.0000
  6   |  1.1309  1.1309  1.1309  1.1309  1.1309  1.1309  1.1309  1.1309  1.1309  1.1309  1.1309  1.1309  1.1309  1.1309  1.1309
  7   |  1.2956  1.2956  1.2956  1.2956  1.2956  1.2956  1.2956  1.2956  1.2956  1.2956  1.2956  1.2956  1.2956  1.2956  1.2956
  8   |  1.2000  1.2000  1.2000  1.2000  1.2000  1.2000  1.2000  1.2000  1.2000  1.2000  1.2000  1.2000  1.2000  1.2000  1.2000
  9   |  1.2000  1.2000  1.2000  1.2000  1.2000  1.2000  1.2000  1.2000  1.2000  1.2000  1.2000  1.2000  1.2000  1.2000  1.2000
------+------------------------------------------------------------------------------------------------------------------------
                                               
 
 
        Fitted Selection Pattern
        ------------------------
------+--------
AGE   |    2002
------+--------
  0   |  0.0348
  1   |  0.1317
  2   |  0.2915
  3   |  0.5751
  4   |  0.8792
  5   |  1.0000
  6   |  1.1309
  7   |  1.2956
  8   |  1.2000
  9   |  1.2000
------+--------
                                               
 
 
 
 
 
                    STOCK SUMMARY                                             
 
 
 ³ Year ³  Recruits  ³  Total  ³ Spawning³ Landings ³ Yield ³ Mean F ³ SoP ³    
 ³      ³   Age   0  ³ Biomass ³ Biomass ³          ³ /SSB  ³  Ages  ³     ³ 
 ³      ³  thousands ³  tonnes ³ tonnes  ³ tonnes   ³ ratio ³  4- 7  ³ (%) ³ 
 
   1972       752850    378523    260202     62556   0.2404   0.2402    99
   1973       481390    416153    271721     51466   0.1894   0.1940   100
   1974       202560    425502    277614     79346   0.2858   0.2912    99
   1975       438500    383557    280676     55649   0.1983   0.2176   100
   1976       105690    383210    281566     44317   0.1574   0.1626    99
   1977       392350    352079    267117     63278   0.2369   0.2351    99
   1978       482830    340483    244573     66156   0.2705   0.2764    99
   1979       496900    323721    223588     36977   0.1654   0.1676    99
   1980       591640    343049    221133     74184   0.3355   0.3220    99
   1981       591640    350036    230459     61432   0.2666   0.2737    99
   1982       420780    341864    231646     53923   0.2328   0.2268    99
   1983       511730    377200    264762     57354   0.2166   0.2335   100
   1984       759890    402555    291995     55195   0.1890   0.2032    99
   1985       413210    441859    302078     91759   0.3038   0.2835   100
   1986       374980    433284    302504     99017   0.3273   0.3124   100
   1987       496900    395106    297082     69277   0.2332   0.2111    99
   1988       481390    400806    290403    103734   0.3572   0.3136   100
   1989       577110    388883    286880     55616   0.1939   0.1772   100
   1990       577110    379725    269136     89549   0.3327   0.2830    99
   1991       413210    407322    296410     60408   0.2038   0.1866    99
   1992       345830    453926    323500     97636   0.3018   0.2922    99
   1993       591640    424880    318855     71723   0.2249   0.2242   100
   1994       511730    410311    305052     58021   0.1902   0.1690    99
   1995       361160    456030    335277     72163   0.2152   0.2086   100
   1996       202560    429017    322992     79475   0.2461   0.2412   100
   1997       528890    390305    305087     59298   0.1944   0.1909    99
   1998       577110    368693    269542     84886   0.3149   0.2897   100
   1999       350870    375040    267627     47874   0.1789   0.1672   100
   2000       456080    381033    270367     82721   0.3060   0.2925    99
   2001       361160    386693    287634     62146   0.2161   0.2192    99
   2002       413210    371828    276814     60037   0.2169   0.2095    99
 
 -----------------------------------------------------------------            
 No of years for separable analysis : 11                                      
 Age range in the analysis : 0  . . . 9                                       
 Year range in the analysis : 1972  . . . 2002                                
 Number of indices of SSB : 1                                                 
 Number of age-structured indices : 1                                         
                                                                              
 Parameters to estimate : 46                                                  
 Number of observations : 150                                                 
                                                                              
 Conventional single selection vector model to be fitted.                     
                                                                              
                                                                              
                                                                              
 -----------------------------------------------------------------            
 
 
 PARAMETER ESTIMATES                                                            
  
 
 ³Parm.³      ³ Maximum ³    ³        ³         ³         ³         ³ Mean of ³ 
  
 ³ No. ³      ³ Likelh. ³ CV ³  Lower ³ Upper   ³  -s.e.  ³   +s.e. ³ Param.  ³ 
  
 ³     ³      ³ Estimate³ (%)³ 95% CL ³ 95% CL  ³         ³         ³ Distrib.³ 
  
 Separable model : F by year                                                    
  
    1   1992     0.2714   0    0.2671    0.2759    0.2692    0.2737    0.2715
    2   1993     0.2083   0    0.2049    0.2117    0.2065    0.2100    0.2083
    3   1994     0.1570   0    0.1546    0.1595    0.1558    0.1583    0.1570
    4   1995     0.1938   0    0.1908    0.1969    0.1923    0.1954    0.1938
    5   1996     0.2241   0    0.2207    0.2276    0.2224    0.2259    0.2241
    6   1997     0.1773   0    0.1746    0.1800    0.1759    0.1787    0.1773
    7   1998     0.2691   0    0.2651    0.2732    0.2671    0.2712    0.2691
    8   1999     0.1553   0    0.1530    0.1576    0.1541    0.1565    0.1553
    9   2000     0.2717   0    0.2677    0.2759    0.2697    0.2738    0.2718
   10   2001     0.2037   0    0.2005    0.2068    0.2021    0.2053    0.2037
   11   2002     0.1946   0    0.1913    0.1979    0.1929    0.1963    0.1946
 
 Separable Model: Selection (S) by age                                          
  
   12      0     0.0348   3    0.0322    0.0376    0.0335    0.0362    0.0348
   13      1     0.1317   0    0.1296    0.1338    0.1306    0.1328    0.1317
   14      2     0.2915   0    0.2872    0.2959    0.2893    0.2937    0.2915
   15      3     0.5751   0    0.5670    0.5833    0.5709    0.5793    0.5751
   16      4     0.8792   0    0.8674    0.8911    0.8732    0.8853    0.8792
           5     1.0000     Fixed : Reference Age             
   17      6     1.1309   0    1.1167    1.1453    1.1236    1.1382    1.1309
   18      7     1.2956   0    1.2794    1.3120    1.2873    1.3039    1.2956
           8     1.2000     Fixed : Last true age             
 
 Separable model: Populations in year 2002                                    
   19      0     413211  12     320993    531922    363257    470034    416655
   20      1     308663   2     296499    321326    302395    315060    308728
   21      2     325838   1     316978    334946    321287    330454    325870
   22      3     202320   1     197881    206858    200043    204623    202333
   23      4     252620   0     248233    257084    250372    254888    252630
   24      5     163787   0     161203    166413    162463    165122    163793
   25      6      43360   0      42650     44083     42996     43728     43362
   26      7      52352   0      51555     53162     51944     52764     52354
   27      8      48251   0      47527     48986     47880     48624     48252
 
Separable model: Populations at age
   28   1992      70234   1      67779     72777     68971     71520     70245
   29   1993      36468   1      35484     37479     35963     36980     36472
   30   1994      34124   1      33341     34925     33722     34530     34126
   31   1995      49460   1      48472     50467     48953     49971     49462
   32   1996      49055   0      48172     49954     48602     49511     49057
   33   1997      58054   0      57113     59011     57572     58540     58056
   34   1998      61077   0      60176     61991     60616     61542     61079
   35   1999      39943   0      39333     40563     39631     40258     39944
   36   2000      35585   0      35058     36121     35315     35858     35586
   37   2001      55527   0      54714     56351     55111     55946     55528
 
 SSB Index catchabilities                                                       
  
   INDEX                                 
 Absolute estimator. No fitted catchability.                                    
  
 
 
 
 Age-structured index catchabilities                                            
  
                                        FLT01: Dummy survey                     
 
 Linear model fitted. Slopes at age :                                           
  
   38   1  Q  .1910      25 .1488     .4120     .1910     .3211     .2561    
   39   2  Q  1.016      25 .7919     2.192     1.016     1.708     1.363    
   40   3  Q  1.601      25 1.248     3.454     1.601     2.691     2.147    
   41   4  Q  .9919      25 .7730     2.140     .9919     1.668     1.330    
   42   5  Q  1.393      25 1.085     3.005     1.393     2.341     1.868    
   43   6  Q  1.582      25 1.233     3.412     1.582     2.659     2.121    
   44   7  Q  2.368      25 1.845     5.109     2.368     3.981     3.176    
   45   8  Q  4.258      25 3.318     9.186     4.258     7.159     5.711    
   46   9  Q  .9174      25 .7149     1.979     .9174     1.542     1.230    
 
 
 
 RESIDUALS ABOUT THE MODEL FIT                                                  
  
 ------------------------------
 
        Separable Model Residuals
        -------------------------
------+----------------------------------------------------------------------------------------
Age   |    1992    1993    1994    1995    1996    1997    1998    1999    2000    2001    2002
------+----------------------------------------------------------------------------------------
  0   | ******* ******* ******* ******* ******* ******* ******* ******* ******* ******* *******
  1   | ******* ******* ******* ******* ******* ******* ******* ******* ******* ******* *******
  2   | ******* ******* ******* ******* ******* ******* ******* ******* ******* ******* *******
  3   | ******* ******* ******* ******* ******* ******* ******* ******* ******* ******* *******
  4   | ******* ******* ******* ******* ******* ******* ******* ******* ******* ******* *******
  5   | ******* ******* ******* ******* ******* ******* ******* ******* ******* ******* *******
  6   | ******* ******* ******* ******* ******* ******* ******* ******* ******* ******* *******
  7   | ******* ******* ******* ******* ******* ******* ******* ******* ******* ******* *******
  8   | ******* ******* ******* ******* ******* ******* ******* ******* ******* ******* *******
------+----------------------------------------------------------------------------------------
                                               
 
 
 
 SPAWNING BIOMASS INDEX RESIDUALS                                               
  
 ---------------------------------
 
          INDEX
        -------
------+------------------------------------------------------------------------------------------------------------------------
      |    1972    1973    1974    1975    1976    1977    1978    1979    1980    1981    1982    1983    1984    1985    1986
------+------------------------------------------------------------------------------------------------------------------------
  1   | ******* ******* ******* ******* ******* ******* ******* ******* ******* ******* ******* ******* ******* ******* *******
------+------------------------------------------------------------------------------------------------------------------------
                                               
 
 
          INDEX
        -------
------+------------------------------------------------------------------------------------------------------------------------
      |    1987    1988    1989    1990    1991    1992    1993    1994    1995    1996    1997    1998    1999    2000    2001
------+------------------------------------------------------------------------------------------------------------------------
  1   | ******* ******* ******* ******* ******* ******* ******* ******* ******* ******* ******* ******* ******* ******* *******
------+------------------------------------------------------------------------------------------------------------------------
                                               
 
 
          INDEX
        -------
------+--------
      |    2002
------+--------
  1   | *******
------+--------
                                               
 
 
 
 AGE-STRUCTURED INDEX RESIDUALS                                                 
  
 -------------------------------
 
        FLT01: Dummy survey
        -------------------
------+--------------------------------
Age   |    1981    1982    1983    1984
------+--------------------------------
  1   |   1.118   0.843  -0.356  -1.605
  2   |   0.471   0.139   0.624  -1.234
  3   |  -0.504   0.220  -0.050   0.334
  4   |  -1.444   0.091   0.797   0.555
  5   |   1.606  -1.666  -0.240   0.301
  6   |   0.339   1.627  -1.614  -0.351
  7   |   0.666  -0.013   1.233  -1.885
  8   |  -0.216   0.353  -0.610   0.474
  9   |  -0.526   0.449   0.185  -0.108
------+--------------------------------
                                               
 
 
 
 
 
 
 PARAMETERS OF THE DISTRIBUTION OF ln(CATCHES AT AGE)                           
  
 -----------------------------------------------------
 
 Separable model fitted from 1992  to 2002                                    
 Variance                             0.0000
Skewness test stat.                  -2.2090
Kurtosis test statistic               1.8082
Partial chi-square                    0.0000
Significance in fit                   0.0000
Degrees of freedom                        62
 
 
 PARAMETERS OF DISTRIBUTIONS OF THE SSB INDICES                                 
  
 -----------------------------------------------
 
 
   DISTRIBUTION STATISTICS FOR   INDEX                                          
 
 
 Index used as absolute measure of abundance                                    
  
 Last age is a plus-group                                                       
  
 
 Variance                             0.0000
Skewness test stat.                   0.7383
Kurtosis test statistic              -0.5188
Partial chi-square                    0.0000
Significance in fit                   0.0000
Number of observations                    15
Degrees of freedom                        15
Weight in the analysis                5.0000
 
 PARAMETERS OF THE DISTRIBUTION OF THE AGE-STRUCTURED INDICES                   
  
 ------------------------------------------------------------ 
 
 
   DISTRIBUTION STATISTICS FOR FLT01: Dummy survey                              
 
 
 Linear catchability relationship assumed                                       
  
 
 Age                          1         2         3         4         5         6         7         8         9
 Variance                0.0017    0.0008    0.0002    0.0011    0.0020    0.0020    0.0020    0.0003    0.0002
Skewness test stat.     -0.3539   -0.7899   -0.4886   -0.7190   -0.0595    0.0122   -0.5712   -0.2115   -0.2162
Kurtosis test statisti  -0.5700   -0.3374   -0.4778   -0.3670   -0.4500   -0.4760   -0.4127   -0.6526   -0.5203
Partial chi-square       0.0005    0.0002    0.0000    0.0003    0.0005    0.0006    0.0006    0.0001    0.0001
Significance in fit      0.0000    0.0000    0.0000    0.0000    0.0000    0.0000    0.0000    0.0000    0.0000
Number of observations        4         4         4         4         4         4         4         4         4
Degrees of freedom            3         3         3         3         3         3         3         3         3
Weight in the analysis   0.0011    0.0011    0.0011    0.0011    0.0011    0.0011    0.0011    0.0011    0.0011
 
 ANALYSIS OF VARIANCE                   
--------------------------
 
 Unweighted Statistics                                                          
  
 
                                                                                
  
Variance                              
                                       SSQ     Data    Parameters d.f. Variance
Total for model                        28.0695     150         46  104   0.2699
Catches at age                          0.0000      99         37   62   0.0000
  
SSB Indices                           
  INDEX                                 0.0000      15          0   15   0.0000
  
 Aged Indices                                                                   
  
FLT01: Dummy survey                    28.0695      36          9   27   1.0396
 
 
 Weighted Statistics                                                            
  
 
                                                                                
  
Variance                              
                                       SSQ     Data    Parameters d.f. Variance
Total for model                         0.0000     150         46  104   0.0000
Catches at age                          0.0000      99         37   62   0.0000
  
SSB Indices                           
  INDEX                                 0.0000      15          0   15   0.0000
  
 Aged Indices                                                                   
  
FLT01: Dummy survey                     0.0000      36          9   27   0.0000
 
