 Output Generated by ICA Version 1.4                                            
  
 ------------------------------------
 
        Mackerel NE Atlantic  WG2003
        ----------------------------
 
        Catch in Number
        ---------------
------+------------------------------------------------------------------------------------------------------------------------
AGE   |    1972    1973    1974    1975    1976    1977    1978    1979    1980    1981    1982    1983    1984    1985    1986
------+------------------------------------------------------------------------------------------------------------------------
  0   |   2301.   1655.   2807.   4252.   2455.   3027.   4644.   4019.   2142.   3744.   4155.   4473.   3921.   4852.   4503.
  1   |   7176.   5752.   7141.   9917.  12916.   6849.  14823.  11404.  17006.   4535.  15429.  15029.   8049.  22514.   9820.
  2   |  28579.  10266.  14178.  14350.  17131.  20544.  18999.  20624.  27275.  20433.  10613.  31523.  15397.  26216.  25895.
  3   |  24921.  35107.  21651.  24202.  21050.  23248.  48086.  22315.  41466.  27750.  40524.  18204.  27495.  42406.  25587.
  4   |  38173.  22530.  54440.  26875.  25775.  20858.  39340.  40589.  32242.  30406.  39948.  49786.  11515.  54967.  29909.
  5   |  25563.  24659.  25069.  48013.  20277.  18156.  25068.  23278.  41405.  16580.  31112.  34495.  22162.  16423.  27234.
  6   |   7384.  16059.  26675.  21393.  35024.  13843.  21062.  14277.  22861.  20518.  16403.  25826.  14837.  30563.   7850.
  7   |  18310.   4580.  17138.  22336.  15301.  23513.  15708.  11704.  13675.  11070.  19897.  13259.  10889.  20052.  14294.
  8   |   4330.   9087.   3935.  11509.  12781.   8217.  21488.   6945.   9003.   5259.   8627.  12876.   4437.  11882.   7449.
  9   |  13207.   8841.  16201.  12394.  13891.  15048.  20905.  20033.  20952.  11350.  12921.  13034.   8960.  14919.  10351.
------+------------------------------------------------------------------------------------------------------------------------
       x 10 ^ 3                                
 
 
        Catch in Number
        ---------------
------+------------------------------------------------------------------------------------------------------------------------
AGE   |    1987    1988    1989    1990    1991    1992    1993    1994    1995    1996    1997    1998    1999    2000    2001
------+------------------------------------------------------------------------------------------------------------------------
  0   |   3332.   5178.   3295.   2947.   2462.   3848.   1554.   3171.   1925.   2317.   4230.   3856.   3641.   5484.   1125.
  1   |  19601.  12196.  10205.  13882.   8931.  10269.  10109.   4137.   8499.   6133.   7914.  18164.   7941.  22306.   9499.
  2   |  24296.  40527.  13669.  24475.  23904.  21073.  15268.  15314.   6340.  15513.  11988.  19352.  21375.  27616.  22010.
  3   |  54367.  42182.  38589.  27899.  35758.  47470.  26398.  19677.  20123.   9950.  26038.  24951.  19506.  62944.  23218.
  4   |  39082.  67636.  29065.  57495.  29557.  51098.  42652.  24730.  18997.  23322.  12317.  39574.  18419.  41782.  38412.
  5   |  32543.  34190.  32766.  30911.  43111.  29844.  32164.  28293.  17049.  15806.  20719.  13368.  20756.  28204.  17948.
  6   |  28678.  27373.  15989.  33774.  22398.  41931.  18066.  20639.  18955.  13816.  13670.  21798.   6804.  30759.  11710.
  7   |   8112.  23495.  12534.  16201.  23981.  21261.  24741.  11375.  13640.  15190.  11808.  14139.  10928.   9892.  12526.
  8   |  11882.   5322.   8545.  10215.   9200.  18279.   9988.  12441.   6018.   8775.  10428.   9826.   5652.  12840.   3196.
  9   |  15144.  17906.   8702.  14200.  14087.  17824.  18089.  14322.  14580.  13552.  15124.  21659.  12264.  21305.  10916.
------+------------------------------------------------------------------------------------------------------------------------
       x 10 ^ 3                                
 
 
        Catch in Number
        ---------------
------+--------
AGE   |    2002
------+--------
  0   |   1215.
  1   |   3904.
  2   |  18882.
  3   |  37628.
  4   |  29338.
  5   |  34892.
  6   |  15885.
  7   |  10253.
  8   |   8814.
  9   |   9375.
------+--------
       x 10 ^ 3                                
 
 
 
        Predicted Catch in Number
        -------------------------
------+----------------------------------------------------------------------------------------
AGE   |    1992    1993    1994    1995    1996    1997    1998    1999    2000    2001    2002
------+----------------------------------------------------------------------------------------
  0   |   3848.   1554.   3170.   1925.   2317.   4230.   3855.   3642.   5483.   1125.   1215.
  1   |  10269.  10110.   4136.   8499.   6133.   7913.  18164.   7940.  22307.   9498.   3904.
  2   |  21072.  15269.  15315.   6340.  15512.  11987.  19349.  21375.  27612.  22009.  18883.
  3   |  47463.  26399.  19678.  20124.   9949.  26036.  24949.  19503.  62940.  23213.  37633.
  4   |  51092.  42652.  24732.  18999.  23323.  12317.  39571.  18419.  41775.  38409.  29338.
  5   |  29843.  32165.  28294.  17051.  15808.  20721.  13368.  20756.  28202.  17946.  34899.
  6   |  41926.  18068.  20639.  18955.  13817.  13671.  21799.   6804.  30757.  11709.  15886.
  7   |  21261.  24741.  11376.  13640.  15189.  11808.  14140.  10929.   9891.  12524.  10254.
  8   |  18292.   9989.  12440.   6018.   8774.  10427.   9826.   5652.  12839.   3196.   8814.
------+----------------------------------------------------------------------------------------
       x 10 ^ 3                                
 
 
 
        Weights at age in the catches (Kg)
        ----------------------------------
------+------------------------------------------------------------------------------------------------------------------------
AGE   |    1972    1973    1974    1975    1976    1977    1978    1979    1980    1981    1982    1983    1984    1985    1986
------+------------------------------------------------------------------------------------------------------------------------
  0   | 0.05200 0.05000 0.05100 0.05000 0.05900 0.05600 0.03600 0.01600 0.05700 0.06000 0.05300 0.05000 0.03100 0.05500 0.03900
  1   | 0.13500 0.14500 0.13600 0.14800 0.13700 0.13600 0.13500 0.13700 0.13100 0.13200 0.13100 0.16800 0.10200 0.14400 0.14600
  2   | 0.27700 0.19400 0.22900 0.17700 0.20700 0.16900 0.16100 0.16100 0.24900 0.24800 0.24900 0.21900 0.18400 0.26200 0.24500
  3   | 0.34100 0.28500 0.26100 0.25900 0.26300 0.27500 0.25000 0.24300 0.28500 0.28700 0.28500 0.27600 0.29500 0.35700 0.33500
  4   | 0.42300 0.36800 0.33400 0.32300 0.32000 0.33300 0.32500 0.31800 0.34500 0.34400 0.34500 0.31000 0.32600 0.41800 0.42300
  5   | 0.46800 0.44800 0.39200 0.34800 0.34600 0.35200 0.34500 0.34800 0.37800 0.37700 0.37800 0.38600 0.34400 0.41700 0.47100
  6   | 0.46800 0.46800 0.48100 0.43000 0.40600 0.40700 0.40300 0.40100 0.45400 0.45400 0.45400 0.42500 0.43100 0.43600 0.44400
  7   | 0.50800 0.50800 0.50800 0.48800 0.44300 0.44600 0.42100 0.41600 0.49800 0.49900 0.49600 0.43500 0.54200 0.52100 0.45700
  8   | 0.53900 0.53900 0.53900 0.53900 0.51800 0.54600 0.51800 0.50600 0.52000 0.51300 0.51300 0.49800 0.48000 0.55500 0.54300
  9   | 0.59932 0.60701 0.60270 0.60641 0.59771 0.58075 0.55778 0.53503 0.56850 0.56530 0.56453 0.57868 0.60121 0.62243 0.61579
------+------------------------------------------------------------------------------------------------------------------------
                                               
 
 
        Weights at age in the catches (Kg)
        ----------------------------------
------+------------------------------------------------------------------------------------------------------------------------
AGE   |    1987    1988    1989    1990    1991    1992    1993    1994    1995    1996    1997    1998    1999    2000    2001
------+------------------------------------------------------------------------------------------------------------------------
  0   | 0.07600 0.05500 0.04900 0.08500 0.06800 0.05100 0.06100 0.04600 0.07200 0.05800 0.07600 0.06500 0.06200 0.06300 0.06900
  1   | 0.17900 0.13300 0.13600 0.15600 0.15600 0.16700 0.13400 0.13600 0.14300 0.14300 0.14300 0.15700 0.17600 0.13500 0.17100
  2   | 0.22300 0.25900 0.23700 0.23300 0.25300 0.23900 0.24000 0.25500 0.23400 0.22600 0.23000 0.22700 0.23600 0.22900 0.22300
  3   | 0.31800 0.32300 0.32000 0.33600 0.32700 0.33300 0.31700 0.33900 0.33300 0.31300 0.29500 0.31000 0.30700 0.30800 0.30700
  4   | 0.39900 0.38800 0.37700 0.37900 0.39400 0.39700 0.37600 0.39000 0.39000 0.37700 0.35900 0.35400 0.36100 0.36700 0.37800
  5   | 0.47400 0.45600 0.43300 0.42300 0.42300 0.46000 0.43600 0.44800 0.45200 0.42500 0.41500 0.40800 0.40600 0.42900 0.42600
  6   | 0.51200 0.52400 0.45600 0.46700 0.46900 0.49500 0.48300 0.51200 0.50100 0.48400 0.45300 0.45200 0.45400 0.46700 0.47700
  7   | 0.49300 0.55500 0.54300 0.52800 0.50600 0.53200 0.52700 0.54300 0.53900 0.51800 0.48100 0.46200 0.50100 0.50400 0.49900
  8   | 0.49800 0.55500 0.59200 0.55200 0.55400 0.55500 0.54800 0.59000 0.57700 0.55100 0.52400 0.51800 0.53700 0.53700 0.54300
  9   | 0.62154 0.59719 0.61788 0.61572 0.63249 0.63142 0.60593 0.62682 0.61087 0.60234 0.57654 0.57446 0.59563 0.59363 0.60715
------+------------------------------------------------------------------------------------------------------------------------
                                               
 
 
        Weights at age in the catches (Kg)
        ----------------------------------
------+--------
AGE   |    2002
------+--------
  0   | 0.05200
  1   | 0.15900
  2   | 0.25500
  3   | 0.30700
  4   | 0.36900
  5   | 0.42600
  6   | 0.46400
  7   | 0.51400
  8   | 0.53900
  9   | 0.61468
------+--------
                                               
 
 
 
        Weights at age in the stock (Kg)
        --------------------------------
------+------------------------------------------------------------------------------------------------------------------------
AGE   |    1972    1973    1974    1975    1976    1977    1978    1979    1980    1981    1982    1983    1984    1985    1986
------+------------------------------------------------------------------------------------------------------------------------
  0   | 0.00800 0.00800 0.00800 0.00800 0.00800 0.00800 0.00800 0.00800 0.00800 0.00800 0.00800 0.00800 0.00000 0.00000 0.00000
  1   | 0.13200 0.13200 0.13000 0.12900 0.12800 0.12700 0.11100 0.11000 0.10900 0.08700 0.08600 0.08600 0.08100 0.08500 0.07700
  2   | 0.17800 0.17700 0.17300 0.17100 0.17000 0.16700 0.17500 0.17400 0.17300 0.18600 0.13500 0.17200 0.19400 0.16500 0.17900
  3   | 0.24300 0.24200 0.23800 0.23600 0.23600 0.23300 0.23800 0.23700 0.23600 0.25200 0.22100 0.23500 0.25300 0.29300 0.26700
  4   | 0.41100 0.30100 0.29600 0.29400 0.29300 0.28900 0.30000 0.29900 0.29700 0.31300 0.28000 0.28000 0.29500 0.30600 0.30400
  5   | 0.35500 0.43800 0.32200 0.31800 0.31800 0.31300 0.34600 0.34500 0.34300 0.32300 0.38500 0.33900 0.32400 0.34100 0.35600
  6   | 0.39800 0.39800 0.46900 0.36500 0.36500 0.36100 0.38200 0.38000 0.37900 0.37800 0.35300 0.37700 0.39300 0.38400 0.35100
  7   | 0.43300 0.43300 0.43300 0.49700 0.41900 0.41600 0.41000 0.40800 0.40700 0.41900 0.40800 0.40400 0.43600 0.43000 0.41600
  8   | 0.45900 0.45900 0.45900 0.45900 0.51200 0.44600 0.43200 0.43000 0.42900 0.43400 0.43700 0.43900 0.44100 0.45900 0.47300
  9   | 0.51328 0.52294 0.51635 0.52038 0.51296 0.53360 0.49843 0.48479 0.49066 0.48190 0.48853 0.51164 0.49990 0.53485 0.47391
------+------------------------------------------------------------------------------------------------------------------------
                                               
 
 
        Weights at age in the stock (Kg)
        --------------------------------
------+------------------------------------------------------------------------------------------------------------------------
AGE   |    1987    1988    1989    1990    1991    1992    1993    1994    1995    1996    1997    1998    1999    2000    2001
------+------------------------------------------------------------------------------------------------------------------------
  0   | 0.00000 0.00000 0.00000 0.00000 0.00000 0.00000 0.00000 0.00000 0.00000 0.00000 0.00000 0.00000 0.00000 0.00000 0.00000
  1   | 0.07800 0.07200 0.07600 0.07400 0.07500 0.07800 0.07800 0.07900 0.08100 0.07600 0.07600 0.07700 0.08100 0.07400 0.07800
  2   | 0.14800 0.15600 0.17700 0.13800 0.15500 0.21200 0.19700 0.17800 0.16400 0.13300 0.18600 0.14900 0.19400 0.18500 0.16400
  3   | 0.24000 0.23700 0.24400 0.22200 0.23000 0.25900 0.26800 0.23700 0.26700 0.25100 0.22800 0.22300 0.24200 0.23500 0.24100
  4   | 0.28600 0.30100 0.30600 0.28700 0.30700 0.31000 0.31500 0.30100 0.32600 0.31700 0.29600 0.28500 0.30100 0.28900 0.34200
  5   | 0.37400 0.32900 0.35200 0.33900 0.35700 0.36200 0.36000 0.36100 0.39800 0.36600 0.36100 0.34200 0.35300 0.35000 0.39000
  6   | 0.38600 0.42300 0.38000 0.37300 0.40900 0.40200 0.41600 0.41300 0.44800 0.44400 0.40200 0.40000 0.39600 0.39000 0.44600
  7   | 0.41100 0.44500 0.42900 0.41400 0.43200 0.42400 0.45400 0.46600 0.49100 0.46200 0.44500 0.42600 0.42300 0.42600 0.45900
  8   | 0.42900 0.43200 0.47400 0.40900 0.50200 0.46200 0.46500 0.47000 0.50800 0.50100 0.47800 0.46600 0.44000 0.44700 0.49900
  9   | 0.49453 0.51044 0.49214 0.47658 0.55847 0.51689 0.51543 0.53664 0.56197 0.58583 0.53321 0.53007 0.49328 0.50763 0.56294
------+------------------------------------------------------------------------------------------------------------------------
                                               
 
 
        Weights at age in the stock (Kg)
        --------------------------------
------+--------
AGE   |    2002
------+--------
  0   | 0.00000
  1   | 0.07800
  2   | 0.18100
  3   | 0.23900
  4   | 0.31100
  5   | 0.36400
  6   | 0.41100
  7   | 0.43600
  8   | 0.46200
  9   | 0.52538
------+--------
                                               
 
 
 
        Natural Mortality (per year)
        ----------------------------
------+------------------------------------------------------------------------------------------------------------------------
AGE   |    1972    1973    1974    1975    1976    1977    1978    1979    1980    1981    1982    1983    1984    1985    1986
------+------------------------------------------------------------------------------------------------------------------------
  0   | 0.15000 0.15000 0.15000 0.15000 0.15000 0.15000 0.15000 0.15000 0.15000 0.15000 0.15000 0.15000 0.15000 0.15000 0.15000
  1   | 0.15000 0.15000 0.15000 0.15000 0.15000 0.15000 0.15000 0.15000 0.15000 0.15000 0.15000 0.15000 0.15000 0.15000 0.15000
  2   | 0.15000 0.15000 0.15000 0.15000 0.15000 0.15000 0.15000 0.15000 0.15000 0.15000 0.15000 0.15000 0.15000 0.15000 0.15000
  3   | 0.15000 0.15000 0.15000 0.15000 0.15000 0.15000 0.15000 0.15000 0.15000 0.15000 0.15000 0.15000 0.15000 0.15000 0.15000
  4   | 0.15000 0.15000 0.15000 0.15000 0.15000 0.15000 0.15000 0.15000 0.15000 0.15000 0.15000 0.15000 0.15000 0.15000 0.15000
  5   | 0.15000 0.15000 0.15000 0.15000 0.15000 0.15000 0.15000 0.15000 0.15000 0.15000 0.15000 0.15000 0.15000 0.15000 0.15000
  6   | 0.15000 0.15000 0.15000 0.15000 0.15000 0.15000 0.15000 0.15000 0.15000 0.15000 0.15000 0.15000 0.15000 0.15000 0.15000
  7   | 0.15000 0.15000 0.15000 0.15000 0.15000 0.15000 0.15000 0.15000 0.15000 0.15000 0.15000 0.15000 0.15000 0.15000 0.15000
  8   | 0.15000 0.15000 0.15000 0.15000 0.15000 0.15000 0.15000 0.15000 0.15000 0.15000 0.15000 0.15000 0.15000 0.15000 0.15000
  9   | 0.15000 0.15000 0.15000 0.15000 0.15000 0.15000 0.15000 0.15000 0.15000 0.15000 0.15000 0.15000 0.15000 0.15000 0.15000
------+------------------------------------------------------------------------------------------------------------------------
                                               
 
 
        Natural Mortality (per year)
        ----------------------------
------+------------------------------------------------------------------------------------------------------------------------
AGE   |    1987    1988    1989    1990    1991    1992    1993    1994    1995    1996    1997    1998    1999    2000    2001
------+------------------------------------------------------------------------------------------------------------------------
  0   | 0.15000 0.15000 0.15000 0.15000 0.15000 0.15000 0.15000 0.15000 0.15000 0.15000 0.15000 0.15000 0.15000 0.15000 0.15000
  1   | 0.15000 0.15000 0.15000 0.15000 0.15000 0.15000 0.15000 0.15000 0.15000 0.15000 0.15000 0.15000 0.15000 0.15000 0.15000
  2   | 0.15000 0.15000 0.15000 0.15000 0.15000 0.15000 0.15000 0.15000 0.15000 0.15000 0.15000 0.15000 0.15000 0.15000 0.15000
  3   | 0.15000 0.15000 0.15000 0.15000 0.15000 0.15000 0.15000 0.15000 0.15000 0.15000 0.15000 0.15000 0.15000 0.15000 0.15000
  4   | 0.15000 0.15000 0.15000 0.15000 0.15000 0.15000 0.15000 0.15000 0.15000 0.15000 0.15000 0.15000 0.15000 0.15000 0.15000
  5   | 0.15000 0.15000 0.15000 0.15000 0.15000 0.15000 0.15000 0.15000 0.15000 0.15000 0.15000 0.15000 0.15000 0.15000 0.15000
  6   | 0.15000 0.15000 0.15000 0.15000 0.15000 0.15000 0.15000 0.15000 0.15000 0.15000 0.15000 0.15000 0.15000 0.15000 0.15000
  7   | 0.15000 0.15000 0.15000 0.15000 0.15000 0.15000 0.15000 0.15000 0.15000 0.15000 0.15000 0.15000 0.15000 0.15000 0.15000
  8   | 0.15000 0.15000 0.15000 0.15000 0.15000 0.15000 0.15000 0.15000 0.15000 0.15000 0.15000 0.15000 0.15000 0.15000 0.15000
  9   | 0.15000 0.15000 0.15000 0.15000 0.15000 0.15000 0.15000 0.15000 0.15000 0.15000 0.15000 0.15000 0.15000 0.15000 0.15000
------+------------------------------------------------------------------------------------------------------------------------
                                               
 
 
        Natural Mortality (per year)
        ----------------------------
------+--------
AGE   |    2002
------+--------
  0   | 0.15000
  1   | 0.15000
  2   | 0.15000
  3   | 0.15000
  4   | 0.15000
  5   | 0.15000
  6   | 0.15000
  7   | 0.15000
  8   | 0.15000
  9   | 0.15000
------+--------
                                               
 
 
 
        Proportion of fish spawning
        ---------------------------
------+------------------------------------------------------------------------------------------------------------------------
AGE   |    1972    1973    1974    1975    1976    1977    1978    1979    1980    1981    1982    1983    1984    1985    1986
------+------------------------------------------------------------------------------------------------------------------------
  0   |  0.0000  0.0000  0.0000  0.0000  0.0000  0.0000  0.0000  0.0000  0.0000  0.0000  0.0000  0.0000  0.0000  0.0000  0.0000
  1   |  0.0500  0.0500  0.0500  0.0600  0.0600  0.0600  0.0600  0.0600  0.0600  0.0700  0.0700  0.0700  0.0700  0.0700  0.0700
  2   |  0.5300  0.5400  0.5400  0.5500  0.5500  0.5500  0.5600  0.5600  0.5700  0.5700  0.5700  0.5800  0.5800  0.5800  0.5800
  3   |  0.9000  0.9000  0.9000  0.8900  0.8900  0.8900  0.8900  0.8900  0.8900  0.8800  0.8800  0.8800  0.8800  0.8800  0.8800
  4   |  0.9800  0.9800  0.9800  0.9800  0.9800  0.9800  0.9800  0.9800  0.9800  0.9800  0.9800  0.9800  0.9700  0.9700  0.9700
  5   |  0.9800  0.9800  0.9800  0.9800  0.9800  0.9800  0.9800  0.9800  0.9800  0.9800  0.9800  0.9800  0.9700  0.9700  0.9700
  6   |  0.9900  0.9900  0.9900  0.9900  0.9900  0.9900  0.9900  0.9900  0.9900  0.9900  0.9900  0.9900  0.9900  0.9900  0.9900
  7   |  1.0000  1.0000  1.0000  1.0000  1.0000  1.0000  1.0000  1.0000  1.0000  1.0000  1.0000  1.0000  1.0000  1.0000  1.0000
  8   |  1.0000  1.0000  1.0000  1.0000  1.0000  1.0000  1.0000  1.0000  1.0000  1.0000  1.0000  1.0000  1.0000  1.0000  1.0000
  9   |  1.0000  1.0000  1.0000  1.0000  1.0000  1.0000  1.0000  1.0000  1.0000  1.0000  1.0000  1.0000  1.0000  1.0000  1.0000
------+------------------------------------------------------------------------------------------------------------------------
                                               
 
 
        Proportion of fish spawning
        ---------------------------
------+------------------------------------------------------------------------------------------------------------------------
AGE   |    1987    1988    1989    1990    1991    1992    1993    1994    1995    1996    1997    1998    1999    2000    2001
------+------------------------------------------------------------------------------------------------------------------------
  0   |  0.0000  0.0000  0.0000  0.0000  0.0000  0.0000  0.0000  0.0000  0.0000  0.0000  0.0000  0.0000  0.0000  0.0000  0.0000
  1   |  0.0700  0.0700  0.0700  0.0700  0.0700  0.0700  0.0700  0.0700  0.0700  0.0700  0.0700  0.0700  0.0700  0.0700  0.0700
  2   |  0.5800  0.5800  0.5800  0.5800  0.5800  0.5800  0.5800  0.5800  0.5800  0.5800  0.5800  0.5800  0.5800  0.5800  0.5900
  3   |  0.8800  0.8800  0.8800  0.8800  0.8800  0.8800  0.8800  0.8800  0.8800  0.8800  0.8800  0.8600  0.8600  0.8600  0.8800
  4   |  0.9700  0.9700  0.9700  0.9700  0.9700  0.9700  0.9700  0.9700  0.9700  0.9700  0.9700  0.9800  0.9800  0.9800  0.9700
  5   |  0.9700  0.9700  0.9700  0.9700  0.9700  0.9700  0.9700  0.9700  0.9700  0.9700  0.9700  0.9800  0.9800  0.9800  0.9700
  6   |  0.9900  0.9900  0.9900  0.9900  0.9900  0.9900  0.9900  0.9900  0.9900  0.9900  0.9900  0.9900  0.9900  0.9900  0.9900
  7   |  1.0000  1.0000  1.0000  1.0000  1.0000  1.0000  1.0000  1.0000  1.0000  1.0000  1.0000  1.0000  1.0000  1.0000  1.0000
  8   |  1.0000  1.0000  1.0000  1.0000  1.0000  1.0000  1.0000  1.0000  1.0000  1.0000  1.0000  1.0000  1.0000  1.0000  1.0000
  9   |  1.0000  1.0000  1.0000  1.0000  1.0000  1.0000  1.0000  1.0000  1.0000  1.0000  1.0000  1.0000  1.0000  1.0000  1.0000
------+------------------------------------------------------------------------------------------------------------------------
                                               
 
 
        Proportion of fish spawning
        ---------------------------
------+--------
AGE   |    2002
------+--------
  0   |  0.0000
  1   |  0.0700
  2   |  0.5900
  3   |  0.8800
  4   |  0.9700
  5   |  0.9700
  6   |  0.9900
  7   |  1.0000
  8   |  1.0000
  9   |  1.0000
------+--------
                                               
 
 
 
 INDICES OF SPAWNING BIOMASS                                                    
  
 ----------------------------
 
          INDEX
        -------
------+------------------------------------------------------------------------------------------------------------------------
      |    1972    1973    1974    1975    1976    1977    1978    1979    1980    1981    1982    1983    1984    1985    1986
------+------------------------------------------------------------------------------------------------------------------------
  1   | ******* ******* ******* ******* ******* ******* ******* ******* ******* ******* ******* ******* ******* ******* *******
------+------------------------------------------------------------------------------------------------------------------------
       x 10 ^ 3                                
 
 
          INDEX
        -------
------+------------------------------------------------------------------------------------------------------------------------
      |    1987    1988    1989    1990    1991    1992    1993    1994    1995    1996    1997    1998    1999    2000    2001
------+------------------------------------------------------------------------------------------------------------------------
  1   | *******  320.82  330.48  311.17  333.94  330.38  303.69  278.87  286.05  269.41  264.27  253.39  287.11  300.48  349.20
------+------------------------------------------------------------------------------------------------------------------------
       x 10 ^ 3                                
 
 
          INDEX
        -------
------+--------
      |    2002
------+--------
  1   |  365.67
------+--------
       x 10 ^ 3                                
 
 
 
 AGE-STRUCTURED INDICES                                                         
  
 -----------------------
 
        FLT01: Dummy survey
        -------------------
------+--------------------------------
AGE   |    1981    1982    1983    1984
------+--------------------------------
  1   |  266.10  203.00   43.60   15.24
  2   |  506.40  435.90  712.70   79.51
  3   |  225.10  483.60  444.60  661.83
  4   |   31.70  184.10  391.60  374.60
  5   |  174.80   24.70  130.40  238.20
  6   |  158.50  136.60   20.20   92.00
  7   |   99.50  108.60   91.30   15.54
  8   |  116.60   84.50   70.90   51.47
  9   |   35.30   87.00   47.10   39.27
------+--------------------------------
       x 10 ^ 3                                
 
 
 
        Fishing Mortality (per year)
        ----------------------------
------+------------------------------------------------------------------------------------------------------------------------
AGE   |    1972    1973    1974    1975    1976    1977    1978    1979    1980    1981    1982    1983    1984    1985    1986
------+------------------------------------------------------------------------------------------------------------------------
  0   | 0.00688 0.00535 0.00721 0.00796 0.00756 0.00658 0.01011 0.00777 0.01033 0.00684 0.00882 0.01003 0.00562 0.01013 0.00640
  1   | 0.02605 0.02026 0.02728 0.03014 0.02862 0.02491 0.03827 0.02942 0.03911 0.02588 0.03339 0.03794 0.02129 0.03833 0.02423
  2   | 0.05766 0.04485 0.06038 0.06671 0.06335 0.05513 0.08472 0.06512 0.08656 0.05727 0.07390 0.08397 0.04711 0.08485 0.05361
  3   | 0.11377 0.08849 0.11912 0.13161 0.12498 0.10876 0.16713 0.12849 0.17077 0.11299 0.14580 0.16567 0.09295 0.16740 0.10580
  4   | 0.17392 0.13528 0.18211 0.20121 0.19107 0.16628 0.25551 0.19643 0.26108 0.17274 0.22290 0.25328 0.14210 0.25592 0.16174
  5   | 0.19782 0.15386 0.20714 0.22886 0.21733 0.18912 0.29062 0.22342 0.29695 0.19648 0.25352 0.28808 0.16163 0.29108 0.18396
  6   | 0.22372 0.17401 0.23425 0.25882 0.24578 0.21388 0.32867 0.25267 0.33582 0.22220 0.28671 0.32579 0.18279 0.32919 0.20804
  7   | 0.25631 0.19935 0.26837 0.29652 0.28158 0.24503 0.37654 0.28947 0.38474 0.25457 0.32848 0.37325 0.20941 0.37713 0.23835
  8   | 0.23740 0.18465 0.24858 0.27464 0.26081 0.22696 0.34876 0.26811 0.35636 0.23579 0.30424 0.34571 0.19397 0.34931 0.22076
  9   | 0.23740 0.18465 0.24858 0.27464 0.26081 0.22696 0.34876 0.26811 0.35636 0.23579 0.30424 0.34571 0.19397 0.34931 0.22076
------+------------------------------------------------------------------------------------------------------------------------
                                               
 
 
        Fishing Mortality (per year)
        ----------------------------
------+------------------------------------------------------------------------------------------------------------------------
AGE   |    1987    1988    1989    1990    1991    1992    1993    1994    1995    1996    1997    1998    1999    2000    2001
------+------------------------------------------------------------------------------------------------------------------------
  0   | 0.00872 0.01003 0.00617 0.00812 0.00769 0.01008 0.00830 0.00689 0.00575 0.00571 0.00607 0.00815 0.00522 0.01003 0.00541
  1   | 0.03301 0.03795 0.02334 0.03074 0.02912 0.03814 0.03139 0.02609 0.02178 0.02160 0.02296 0.03083 0.01976 0.03795 0.02049
  2   | 0.07305 0.08399 0.05166 0.06804 0.06446 0.08441 0.06949 0.05775 0.04820 0.04780 0.05082 0.06823 0.04374 0.08400 0.04535
  3   | 0.14409 0.16570 0.10193 0.13422 0.12717 0.16653 0.13709 0.11394 0.09510 0.09430 0.10027 0.13461 0.08629 0.16572 0.08947
  4   | 0.22034 0.25324 0.15583 0.20521 0.19441 0.25460 0.20959 0.17419 0.14539 0.14417 0.15330 0.20579 0.13192 0.25336 0.13678
  5   | 0.25062 0.28812 0.17717 0.23339 0.22114 0.28960 0.23840 0.19814 0.16538 0.16399 0.17437 0.23408 0.15006 0.28819 0.15559
  6   | 0.28342 0.32584 0.20043 0.26382 0.25007 0.32750 0.26961 0.22407 0.18703 0.18545 0.19720 0.26473 0.16970 0.32592 0.17595
  7   | 0.32470 0.37330 0.22963 0.30237 0.28631 0.37521 0.30888 0.25671 0.21427 0.21247 0.22592 0.30329 0.19442 0.37339 0.20159
  8   | 0.30075 0.34576 0.21269 0.28007 0.26534 0.34752 0.28608 0.23776 0.19846 0.19679 0.20925 0.28090 0.18007 0.34583 0.18671
  9   | 0.30075 0.34576 0.21269 0.28007 0.26534 0.34752 0.28608 0.23776 0.19846 0.19679 0.20925 0.28090 0.18007 0.34583 0.18671
------+------------------------------------------------------------------------------------------------------------------------
                                               
 
 
        Fishing Mortality (per year)
        ----------------------------
------+--------
AGE   |    2002
------+--------
  0   | 0.00585
  1   | 0.02213
  2   | 0.04898
  3   | 0.09663
  4   | 0.14773
  5   | 0.16804
  6   | 0.19003
  7   | 0.21771
  8   | 0.20164
  9   | 0.20164
------+--------
                                               
 
 
 
        Population Abundance (1 January)
        --------------------------------
------+------------------------------------------------------------------------------------------------------------------------
AGE   |    1972    1973    1974    1975    1976    1977    1978    1979    1980    1981    1982    1983    1984    1985    1986
------+------------------------------------------------------------------------------------------------------------------------
  0   |  361.16  333.67  420.78  577.11  350.87  496.90  496.90  558.82  224.34  591.64  509.30  482.83  753.00  518.37  759.85
  1   |  300.40  308.72  285.66  359.57  492.78  299.72  424.88  423.38  477.25  191.11  505.76  434.51  411.43  644.48  441.66
  2   |  548.86  251.91  260.39  239.25  300.29  412.17  251.62  351.96  353.84  395.02  160.28  421.01  360.06  346.66  533.85
  3   |  249.21  445.94  207.31  210.99  192.64  242.60  335.73  198.98  283.84  279.30  321.07  128.13  333.18  295.65  274.10
  4   |  256.94  191.43  351.32  158.39  159.20  146.32  187.29  244.49  150.62  205.95  214.71  238.86   93.45  261.32  215.24
  5   |  153.00  185.85  143.92  252.04  111.48  113.19  106.65  124.85  172.91   99.85  149.14  147.88  159.59   69.77  174.13
  6   |   39.55  108.05  137.15  100.70  172.56   77.21   80.64   68.64   85.95  110.59   70.61   99.62   95.42  116.86   44.89
  7   |   86.93   27.22   78.15   93.39   66.91  116.16   53.66   49.96   45.89   52.87   76.22   45.63   61.90   68.41   72.37
  8   |   22.00   57.90   19.19   51.43   59.76   43.46   78.25   31.69   32.20   26.88   35.28   47.23   27.04   43.21   40.38
  9   |   67.10   56.34   79.02   55.38   64.95   79.58   76.12   91.42   74.93   58.02   52.84   47.81   54.59   54.26   56.12
------+------------------------------------------------------------------------------------------------------------------------
       x 10 ^ 6                                
 
 
        Population Abundance (1 January)
        --------------------------------
------+------------------------------------------------------------------------------------------------------------------------
AGE   |    1987    1988    1989    1990    1991    1992    1993    1994    1995    1996    1997    1998    1999    2000    2001
------+------------------------------------------------------------------------------------------------------------------------
  0   |  413.20  558.78  577.08  392.37  345.86  413.23  202.56  496.88  361.16  438.49  752.92  511.74  752.99  591.72  224.36
  1   |  649.84  352.56  476.15  493.64  334.98  295.40  352.11  172.90  424.73  309.07  375.26  644.13  436.89  644.73  504.22
  2   |  371.04  541.16  292.15  400.37  412.02  280.05  244.74  293.69  144.99  357.69  260.34  315.66  537.58  368.68  534.26
  3   |  435.50  296.86  428.26  238.80  321.94  332.49  221.53  196.51  238.60  118.92  293.50  212.97  253.77  442.89  291.76
  4   |  212.24  324.54  216.49  332.88  179.72  244.00  242.28  166.24  150.92  186.73   93.14  228.52  160.22  200.37  322.99
  5   |  157.59  146.55  216.84  159.45  233.36  127.35  162.81  169.10  120.21  112.32  139.14   68.78  160.10  120.86  133.86
  6   |  124.69  105.57   94.56  156.33  108.67  161.01   82.05  110.41  119.38   87.70   82.06  100.60   46.84  118.60   77.98
  7   |   31.38   80.84   65.60   66.61  103.36   72.84   99.88   53.93   75.95   85.23   62.70   57.99   66.45   34.02   73.69
  8   |   49.08   19.52   47.90   44.88   42.37   66.81   43.08   63.12   35.91   52.76   59.31   43.06   36.85   47.09   20.16
  9   |   62.55   65.68   48.78   62.38   64.88   65.10   78.01   72.67   87.01   81.49   86.03   94.91   79.97   78.14   68.86
------+------------------------------------------------------------------------------------------------------------------------
       x 10 ^ 6                                
 
 
        Population Abundance (1 January)
        --------------------------------
------+----------------
AGE   |    2002    2003
------+----------------
  0   |  224.36  316.72
  1   |  192.07  191.99
  2   |  425.18  161.70
  3   |  439.45  348.47
  4   |  229.63  343.40
  5   |  242.46  170.50
  6   |   98.61  176.41
  7   |   56.29   70.19
  8   |   51.84   38.97
  9   |   55.14   75.27
------+----------------
       x 10 ^ 6                                
 
 
 
        Weighting factors for the catches in number
        -------------------------------------------
------+----------------------------------------------------------------------------------------
AGE   |    1992    1993    1994    1995    1996    1997    1998    1999    2000    2001    2002
------+----------------------------------------------------------------------------------------
  0   |  0.0200  0.0200  0.0200  0.0200  0.0200  0.0200  0.0200  0.0200  0.0200  0.0200  0.0200
  1   |  1.0000  1.0000  1.0000  1.0000  1.0000  1.0000  1.0000  1.0000  1.0000  1.0000  1.0000
  2   |  1.0000  1.0000  1.0000  1.0000  1.0000  1.0000  1.0000  1.0000  1.0000  1.0000  1.0000
  3   |  1.0000  1.0000  1.0000  1.0000  1.0000  1.0000  1.0000  1.0000  1.0000  1.0000  1.0000
  4   |  1.0000  1.0000  1.0000  1.0000  1.0000  1.0000  1.0000  1.0000  1.0000  1.0000  1.0000
  5   |  1.0000  1.0000  1.0000  1.0000  1.0000  1.0000  1.0000  1.0000  1.0000  1.0000  1.0000
  6   |  1.0000  1.0000  1.0000  1.0000  1.0000  1.0000  1.0000  1.0000  1.0000  1.0000  1.0000
  7   |  1.0000  1.0000  1.0000  1.0000  1.0000  1.0000  1.0000  1.0000  1.0000  1.0000  1.0000
  8   |  1.0000  1.0000  1.0000  1.0000  1.0000  1.0000  1.0000  1.0000  1.0000  1.0000  1.0000
------+----------------------------------------------------------------------------------------
                                               
 
 
 
 Predicted SSB Index Values                                                     
  
 ---------------------------
 
          INDEX
        -------
------+------------------------------------------------------------------------------------------------------------------------
      |    1972    1973    1974    1975    1976    1977    1978    1979    1980    1981    1982    1983    1984    1985    1986
------+------------------------------------------------------------------------------------------------------------------------
  1   | ******* ******* ******* ******* ******* ******* ******* ******* ******* ******* ******* ******* ******* ******* *******
------+------------------------------------------------------------------------------------------------------------------------
       x 10 ^ 3                                
 
 
          INDEX
        -------
------+------------------------------------------------------------------------------------------------------------------------
      |    1987    1988    1989    1990    1991    1992    1993    1994    1995    1996    1997    1998    1999    2000    2001
------+------------------------------------------------------------------------------------------------------------------------
  1   | *******  320.84  330.49  311.18  333.94  330.38  303.67  278.85  286.04  269.40  264.26  253.39  287.11  300.49  349.23
------+------------------------------------------------------------------------------------------------------------------------
       x 10 ^ 3                                
 
 
          INDEX
        -------
------+--------
      |    2002
------+--------
  1   |  365.71
------+--------
       x 10 ^ 3                                
 
 
 
 Predicted Age-Structured Index Values                                          
  
 --------------------------------------
 
        FLT01: Dummy survey Predicted
        -----------------------------
------+--------------------------------
AGE   |    1981    1982    1983    1984
------+--------------------------------
  1   |   40.88  107.75   92.34   88.24
  2   |  423.99  170.47  445.30  388.63
  3   |  479.31  541.15  213.61  578.12
  4   |  201.50  204.36  223.58   92.98
  5   |   79.72  115.39  112.26  129.87
  6   |   96.58   59.52   82.19   85.16
  7   |   58.13   80.45   46.99   69.77
  8   |   63.94   80.81  105.75   65.80
  9   |   53.86   47.24   41.78   51.86
------+--------------------------------
       x 10 ^ 3                                
 
 
 
        Fitted Selection Pattern
        ------------------------
------+------------------------------------------------------------------------------------------------------------------------
AGE   |    1972    1973    1974    1975    1976    1977    1978    1979    1980    1981    1982    1983    1984    1985    1986
------+------------------------------------------------------------------------------------------------------------------------
  0   |  0.0348  0.0348  0.0348  0.0348  0.0348  0.0348  0.0348  0.0348  0.0348  0.0348  0.0348  0.0348  0.0348  0.0348  0.0348
  1   |  0.1317  0.1317  0.1317  0.1317  0.1317  0.1317  0.1317  0.1317  0.1317  0.1317  0.1317  0.1317  0.1317  0.1317  0.1317
  2   |  0.2915  0.2915  0.2915  0.2915  0.2915  0.2915  0.2915  0.2915  0.2915  0.2915  0.2915  0.2915  0.2915  0.2915  0.2914
  3   |  0.5751  0.5751  0.5751  0.5751  0.5751  0.5751  0.5751  0.5751  0.5751  0.5751  0.5751  0.5751  0.5751  0.5751  0.5751
  4   |  0.8792  0.8792  0.8792  0.8792  0.8792  0.8792  0.8792  0.8792  0.8792  0.8792  0.8792  0.8792  0.8792  0.8792  0.8792
  5   |  1.0000  1.0000  1.0000  1.0000  1.0000  1.0000  1.0000  1.0000  1.0000  1.0000  1.0000  1.0000  1.0000  1.0000  1.0000
  6   |  1.1309  1.1309  1.1309  1.1309  1.1309  1.1309  1.1309  1.1309  1.1309  1.1309  1.1309  1.1309  1.1309  1.1309  1.1309
  7   |  1.2956  1.2956  1.2956  1.2956  1.2956  1.2956  1.2956  1.2956  1.2956  1.2956  1.2956  1.2956  1.2956  1.2956  1.2956
  8   |  1.2001  1.2001  1.2001  1.2001  1.2001  1.2001  1.2001  1.2001  1.2001  1.2001  1.2001  1.2001  1.2001  1.2000  1.2000
  9   |  1.2001  1.2001  1.2001  1.2001  1.2001  1.2001  1.2001  1.2001  1.2001  1.2001  1.2001  1.2001  1.2001  1.2000  1.2000
------+------------------------------------------------------------------------------------------------------------------------
                                               
 
 
        Fitted Selection Pattern
        ------------------------
------+------------------------------------------------------------------------------------------------------------------------
AGE   |    1987    1988    1989    1990    1991    1992    1993    1994    1995    1996    1997    1998    1999    2000    2001
------+------------------------------------------------------------------------------------------------------------------------
  0   |  0.0348  0.0348  0.0348  0.0348  0.0348  0.0348  0.0348  0.0348  0.0348  0.0348  0.0348  0.0348  0.0348  0.0348  0.0348
  1   |  0.1317  0.1317  0.1318  0.1317  0.1317  0.1317  0.1317  0.1317  0.1317  0.1317  0.1317  0.1317  0.1317  0.1317  0.1317
  2   |  0.2915  0.2915  0.2916  0.2915  0.2915  0.2915  0.2915  0.2915  0.2915  0.2915  0.2915  0.2915  0.2915  0.2915  0.2915
  3   |  0.5750  0.5751  0.5753  0.5751  0.5751  0.5750  0.5750  0.5750  0.5750  0.5750  0.5750  0.5750  0.5750  0.5750  0.5750
  4   |  0.8792  0.8789  0.8795  0.8792  0.8791  0.8791  0.8791  0.8791  0.8791  0.8791  0.8791  0.8791  0.8791  0.8791  0.8791
  5   |  1.0000  1.0000  1.0000  1.0000  1.0000  1.0000  1.0000  1.0000  1.0000  1.0000  1.0000  1.0000  1.0000  1.0000  1.0000
  6   |  1.1309  1.1309  1.1313  1.1304  1.1308  1.1309  1.1309  1.1309  1.1309  1.1309  1.1309  1.1309  1.1309  1.1309  1.1309
  7   |  1.2956  1.2956  1.2961  1.2956  1.2947  1.2956  1.2956  1.2956  1.2956  1.2956  1.2956  1.2956  1.2956  1.2956  1.2956
  8   |  1.2000  1.2000  1.2005  1.2000  1.1999  1.2000  1.2000  1.2000  1.2000  1.2000  1.2000  1.2000  1.2000  1.2000  1.2000
  9   |  1.2000  1.2000  1.2005  1.2000  1.1999  1.2000  1.2000  1.2000  1.2000  1.2000  1.2000  1.2000  1.2000  1.2000  1.2000
------+------------------------------------------------------------------------------------------------------------------------
                                               
 
 
        Fitted Selection Pattern
        ------------------------
------+--------
AGE   |    2002
------+--------
  0   |  0.0348
  1   |  0.1317
  2   |  0.2915
  3   |  0.5750
  4   |  0.8791
  5   |  1.0000
  6   |  1.1309
  7   |  1.2956
  8   |  1.2000
  9   |  1.2000
------+--------
                                               
 
 
 
 
 
                    STOCK SUMMARY                                             
 
 
 ³ Year ³  Recruits  ³  Total  ³ Spawning³ Landings ³ Yield ³ Mean F ³ SoP ³    
 ³      ³   Age   0  ³ Biomass ³ Biomass ³          ³ /SSB  ³  Ages  ³     ³ 
 ³      ³  thousands ³  tonnes ³ tonnes  ³ tonnes   ³ ratio ³  4- 7  ³ (%) ³ 
 
   1972       361160    458637    319335     68620   0.2149   0.2129   100
   1973       333670    445777    330152     52359   0.1586   0.1656   100
   1974       420770    432995    318100     71444   0.2246   0.2230    99
   1975       577100    404019    283931     69695   0.2455   0.2464    99
   1976       350860    399421    266469     62181   0.2334   0.2339    99
   1977       496890    383157    267506     53649   0.2006   0.2036    99
   1978       496890    392714    266628     76575   0.2872   0.3128   100
   1979       558810    380039    258448     56204   0.2175   0.2405   100
   1980       224340    387884    255808     81516   0.3187   0.3196   100
   1981       591630    365511    266885     54519   0.2043   0.2115   100
   1982       509300    354958    249000     71012   0.2852   0.2729   100
   1983       482830    361955    243797     74123   0.3040   0.3101    99
   1984       752990    370450    265046     43078   0.1625   0.1740   100
   1985       518360    425504    286693     94994   0.3313   0.3133    99
   1986       759850    421734    298779     62441   0.2090   0.1980   100
   1987       413200    442780    307822     91500   0.2972   0.2698    99
   1988       558780    448652    320835    108892   0.3394   0.3101    99
   1989       577070    445755    330490     66815   0.2022   0.1908   100
   1990       392360    428357    311179     91067   0.2927   0.2512    99
   1991       345850    448112    333940     85828   0.2570   0.2380    99
   1992       413230    450395    330377    110236   0.3337   0.3117   100
   1993       202550    409697    303672     81741   0.2692   0.2566    99
   1994       496880    362990    278850     66666   0.2391   0.2133   100
   1995       361160    376850    286042     53881   0.1884   0.1780    99
   1996       438480    353705    269402     50695   0.1882   0.1765   100
   1997       752920    356779    264263     50967   0.1929   0.1877    99
   1998       511740    368083    253385     68611   0.2708   0.2520   100
   1999       752990    408149    287111     46636   0.1624   0.1615    99
   2000       591720    441662    300493     95393   0.3175   0.3102    99
   2001       224360    477351    349230     56103   0.1606   0.1675    99
   2002       224360    474631    365713     65895   0.1802   0.1809   100
 
 -----------------------------------------------------------------            
 No of years for separable analysis : 11                                      
 Age range in the analysis : 0  . . . 9                                       
 Year range in the analysis : 1972  . . . 2002                                
 Number of indices of SSB : 1                                                 
 Number of age-structured indices : 1                                         
                                                                              
 Parameters to estimate : 46                                                  
 Number of observations : 150                                                 
                                                                              
 Conventional single selection vector model to be fitted.                     
                                                                              
                                                                              
                                                                              
 -----------------------------------------------------------------            
 
 
 PARAMETER ESTIMATES                                                            
  
 
 ³Parm.³      ³ Maximum ³    ³        ³         ³         ³         ³ Mean of ³ 
  
 ³ No. ³      ³ Likelh. ³ CV ³  Lower ³ Upper   ³  -s.e.  ³   +s.e. ³ Param.  ³ 
  
 ³     ³      ³ Estimate³ (%)³ 95% CL ³ 95% CL  ³         ³         ³ Distrib.³ 
  
 Separable model : F by year                                                    
  
    1   1992     0.2248   0    0.2248    0.2248    0.2248    0.2248    0.2248
    2   1993     0.1851   0    0.1851    0.1851    0.1851    0.1851    0.1851
    3   1994     0.1558   0    0.1558    0.1558    0.1558    0.1558    0.1558
    4   1995     0.1340   0    0.1340    0.1340    0.1340    0.1340    0.1340
    5   1996     0.1395   0    0.1395    0.1395    0.1395    0.1395    0.1395
    6   1997     0.1586   0    0.1586    0.1586    0.1586    0.1586    0.1586
    7   1998     0.2314   1    0.2269    0.2360    0.2291    0.2337    0.2314
    8   1999     0.1640 100    0.0231    1.1643    0.0603    0.4458    0.2704
    9   2000     0.3564   0    0.3563    0.3565    0.3564    0.3565    0.3564
   10   2001     0.2209   0    0.2209    0.2209    0.2209    0.2209    0.2209
   11   2002     0.2745   0    0.2745    0.2745    0.2745    0.2745    0.2745
 
 Separable Model: Selection (S) by age                                          
  
   12      0     0.0481   0    0.0481    0.0481    0.0481    0.0481    0.0481
   13      1     0.1616   0    0.1616    0.1616    0.1616    0.1616    0.1616
   14      2     0.3274   0    0.3274    0.3274    0.3274    0.3274    0.3274
   15      3     0.6085   0    0.6085    0.6085    0.6085    0.6085    0.6085
   16      4     0.8969   0    0.8969    0.8969    0.8969    0.8969    0.8969
           5     1.0000     Fixed : Reference Age             
   17      6     1.1239   0    1.1239    1.1239    1.1239    1.1239    1.1239
   18      7     1.1953   0    1.1953    1.1953    1.1953    1.1953    1.1953
           8     1.2000     Fixed : Last true age             
 
 Separable model: Populations in year 2002                                    
   19      0      99791   0      99791     99791     99791     99791     99791
   20      1      97255   0      97255     97255     97255     97255     97255
   21      2     240852   0     240852    240852    240852    240852    240852
   22      3     272663   0     272663    272663    272663    272663    272663
   23      4     152161   0     152161    152161    152161    152161    152161
   24      5     167997   0     167997    167997    167997    167997    167997
   25      6      71336   0      71336     71336     71336     71336     71336
   26      7      42794   0      42794     42794     42794     42794     42794
   27      8      42130   0      42130     42130     42130     42130     42130
 
Separable model: Populations at age
   28   1992      97490   0      97490     97490     97490     97490     97490
   29   1993      63606   0      63606     63606     63606     63606     63606
   30   1994      92666   0      92666     92666     92666     92666     92666
   31   1995      52283   0      52283     52283     52283     52283     52283
   32   1996      75095   0      75095     75095     75095     75095     75095
   33   1997      81497   0      81497     81497     81497     81497     81497
   34   1998      56068   0      56068     56068     56068     56068     56068
   35   1999      44675   0      44675     44675     44675     44675     44675
   36   2000      51089   0      51089     51089     51089     51089     51089
   37   2001      19073   0      19073     19073     19073     19073     19073
 
 SSB Index catchabilities                                                       
  
   INDEX                                 
 Absolute estimator. No fitted catchability.                                    
  
 
 
 
 Age-structured index catchabilities                                            
  
                                        FLT01: Dummy survey                     
 
 Linear model fitted. Slopes at age :                                           
  
   38   1  Q  .2224       0 .2224     .2224     .2224     .2224     .2224    
   39   2  Q  1.139       0 1.139     1.139     1.139     1.139     1.139    
   40   3  Q  1.879       0 1.879     1.879     1.879     1.879     1.879    
   41   4  Q  1.102       0 1.102     1.102     1.102     1.102     1.102    
   42   5  Q  .9057       0 .9057     .9057     .9057     .9057     .9057    
   43   6  Q  .9960       0 .9960     .9960     .9960     .9960     .9960    
   44   7  Q  1.257       0 1.257     1.257     1.257     1.257     1.257    
   45   8  Q  2.642       0 2.642     2.642     2.642     2.642     2.642    
   46   9  Q  1.039       0 1.039     1.039     1.039     1.039     1.039    
 
 
 
 RESIDUALS ABOUT THE MODEL FIT                                                  
  
 ------------------------------
 
        Separable Model Residuals
        -------------------------
------+----------------------------------------------------------------------------------------
Age   |    1992    1993    1994    1995    1996    1997    1998    1999    2000    2001    2002
------+----------------------------------------------------------------------------------------
  0   | ******* ******* ******* ******* ******* ******* ******* ******* ******* ******* *******
  1   | ******* ******* ******* ******* ******* ******* ******* ******* ******* ******* *******
  2   | ******* ******* ******* ******* ******* ******* ******* ******* ******* ******* *******
  3   | ******* ******* ******* ******* ******* ******* ******* ******* ******* ******* *******
  4   | ******* ******* ******* ******* ******* ******* ******* ******* ******* ******* *******
  5   | ******* ******* ******* ******* ******* ******* ******* ******* ******* ******* *******
  6   | ******* ******* ******* ******* ******* ******* ******* ******* ******* ******* *******
  7   | ******* ******* ******* ******* ******* ******* ******* ******* ******* ******* *******
  8   | ******* ******* ******* ******* ******* ******* ******* ******* ******* ******* *******
------+----------------------------------------------------------------------------------------
                                               
 
 
 
 SPAWNING BIOMASS INDEX RESIDUALS                                               
  
 ---------------------------------
 
          INDEX
        -------
------+------------------------------------------------------------------------------------------------------------------------
      |    1972    1973    1974    1975    1976    1977    1978    1979    1980    1981    1982    1983    1984    1985    1986
------+------------------------------------------------------------------------------------------------------------------------
  1   | ******* ******* ******* ******* ******* ******* ******* ******* ******* ******* ******* ******* ******* ******* *******
------+------------------------------------------------------------------------------------------------------------------------
                                               
 
 
          INDEX
        -------
------+------------------------------------------------------------------------------------------------------------------------
      |    1987    1988    1989    1990    1991    1992    1993    1994    1995    1996    1997    1998    1999    2000    2001
------+------------------------------------------------------------------------------------------------------------------------
  1   | ******* ******* ******* ******* ******* ******* ******* ******* ******* ******* ******* ******* ******* ******* *******
------+------------------------------------------------------------------------------------------------------------------------
                                               
 
 
          INDEX
        -------
------+--------
      |    2002
------+--------
  1   | *******
------+--------
                                               
 
 
 
 AGE-STRUCTURED INDEX RESIDUALS                                                 
  
 -------------------------------
 
        FLT01: Dummy survey
        -------------------
------+--------------------------------
Age   |    1981    1982    1983    1984
------+--------------------------------
  1   |   1.873   0.633  -0.750  -1.756
  2   |   0.178   0.939   0.470  -1.587
  3   |  -0.756  -0.112   0.733   0.135
  4   |  -1.849  -0.104   0.560   1.393
  5   |   0.785  -1.542   0.150   0.607
  6   |   0.495   0.831  -1.403   0.077
  7   |   0.538   0.300   0.664  -1.502
  8   |   0.601   0.045  -0.400  -0.246
  9   |  -0.422   0.611   0.120  -0.278
------+--------------------------------
                                               
 
 
 
 
 
 
 PARAMETERS OF THE DISTRIBUTION OF ln(CATCHES AT AGE)                           
  
 -----------------------------------------------------
 
 Separable model fitted from 1992  to 2002                                    
 Variance                             0.0000
Skewness test stat.                 -10.8165
Kurtosis test statistic              35.5102
Partial chi-square                    0.0000
Significance in fit                   0.0000
Degrees of freedom                        62
 
 
 PARAMETERS OF DISTRIBUTIONS OF THE SSB INDICES                                 
  
 -----------------------------------------------
 
 
   DISTRIBUTION STATISTICS FOR   INDEX                                          
 
 
 Index used as absolute measure of abundance                                    
  
 Last age is a plus-group                                                       
  
 
 Variance                             0.0000
Skewness test stat.                  -1.5455
Kurtosis test statistic              -0.0818
Partial chi-square                    0.0000
Significance in fit                   0.0000
Number of observations                    15
Degrees of freedom                        15
Weight in the analysis                5.0000
 
 PARAMETERS OF THE DISTRIBUTION OF THE AGE-STRUCTURED INDICES                   
  
 ------------------------------------------------------------ 
 
 
   DISTRIBUTION STATISTICS FOR FLT01: Dummy survey                              
 
 
 Linear catchability relationship assumed                                       
  
 
 Age                          1         2         3         4         5         6         7         8         9
 Variance                0.0028    0.0014    0.0004    0.0021    0.0013    0.0011    0.0011    0.0002    0.0002
Skewness test stat.      0.0777   -0.7155   -0.0494   -0.4149   -0.7748   -0.6801   -0.8815    0.5069    0.4194
Kurtosis test statisti  -0.5871   -0.3473   -0.4506   -0.4387   -0.3455   -0.3739   -0.2972   -0.4588   -0.5255
Partial chi-square       0.0008    0.0003    0.0001    0.0005    0.0003    0.0003    0.0003    0.0001    0.0001
Significance in fit      0.0000    0.0000    0.0000    0.0000    0.0000    0.0000    0.0000    0.0000    0.0000
Number of observations        4         4         4         4         4         4         4         4         4
Degrees of freedom            3         3         3         3         3         3         3         3         3
Weight in the analysis   0.0011    0.0011    0.0011    0.0011    0.0011    0.0011    0.0011    0.0011    0.0011
 
 ANALYSIS OF VARIANCE                   
--------------------------
 
 Unweighted Statistics                                                          
  
 
                                                                                
  
Variance                              
                                       SSQ     Data    Parameters d.f. Variance
Total for model                        28.6311     150         46  104   0.2753
Catches at age                          0.0000      99         37   62   0.0000
  
SSB Indices                           
  INDEX                                 0.0000      15          0   15   0.0000
  
 Aged Indices                                                                   
  
FLT01: Dummy survey                    28.6311      36          9   27   1.0604
 
 
 Weighted Statistics                                                            
  
 
                                                                                
  
Variance                              
                                       SSQ     Data    Parameters d.f. Variance
Total for model                         0.0000     150         46  104   0.0000
Catches at age                          0.0000      99         37   62   0.0000
  
SSB Indices                           
  INDEX                                 0.0000      15          0   15   0.0000
  
 Aged Indices                                                                   
  
FLT01: Dummy survey                     0.0000      36          9   27   0.0000
 
