 ICA v1_3 TUNING DIAGNOSTICS FILE
   1       1
 F         SSQ
  0.05  4.596317665      1.922057271      2.674260394    
  0.10  3.204843785     0.5594018972      2.645441887    
  0.15  2.755236274     0.1221542388      2.633082035    
  0.20  2.730840731     0.1044599013      2.626380829    
  0.25  2.908057406     0.2857958049      2.622261601    
  0.30  3.180887773     0.5613458601      2.619541913    
  0.35  3.497029690     0.8793635085      2.617666181    
  0.40  3.829949989      1.213615073      2.616334916    
  0.45  4.166002752      1.550631113      2.615371639    
  0.50  4.498185437      1.883519714      2.614665723    
  0.55  4.823055058      2.208910408      2.614144650    
  0.60  5.139074081      2.525314834      2.613759247    
  0.65  5.445772452      2.832297199      2.613475254    
  0.70  5.743273895      3.130005630      2.613268266    
  0.75  6.032025417      3.418904855      2.613120562    
  0.80  6.312664100      3.699645038      2.613019061    
  0.85  6.585928997      3.972975038      2.612953958    
  0.90  6.852636580      4.239718775      2.612917805    
  0.95  7.113663784      4.500758914      2.612904871    
  1.00  7.369953225      4.757042531      2.612910694    
