 ICA v1_3 TUNING DIAGNOSTICS FILE
   1       1
 F         SSQ
  0.05  6.569370386      3.192671915      3.376698472    
  0.10  4.710800414      1.363481832      3.347318581    
  0.15  3.871284145     0.5370400833      3.334244062    
  0.20  3.503984842     0.1769245200      3.327060322    
  0.25  3.387940265     0.6529077837E-01  3.322649487    
  0.30  3.412413572     0.9265778526E-01  3.319755786    
  0.35  3.517646749     0.1998688772      3.317777872    
  0.40  3.669938114     0.3535482749      3.316389839    
  0.45  3.849657084     0.5342566630      3.315400420    
  0.50  4.045073077     0.7303831552      3.314689922    
  0.55  4.249046704     0.9348666885      3.314180016    
  0.60  4.457191869      1.143374266      3.313817603    
  0.65  4.666800201      1.353234541      3.313565660    
  0.70  4.876220956      1.562823190      3.313397765    
  0.75  5.084479751      1.771185060      3.313294691    
  0.80  5.291043171      1.977800970      3.313242200    
  0.85  5.495678871      2.182449276      3.313229595    
  0.90  5.698351736      2.385103015      3.313248722    
  0.95  5.899173576      2.585880289      3.313293288    
  1.00  6.098365049      2.785006671      3.313358377    
