 Output Generated by ICA Version 1.4                                            
  
 ------------------------------------
 
        Mackerel NE Atlantic  WG2003
        ----------------------------
 
        Catch in Number
        ---------------
------+------------------------------------------------------------------------------------------------------------------------
AGE   |    1972    1973    1974    1975    1976    1977    1978    1979    1980    1981    1982    1983    1984    1985    1986
------+------------------------------------------------------------------------------------------------------------------------
  0   |   1105.   4758.   2940.   2490.   1229.   3761.   2833.   2061.   1998.   1953.   4336.   3629.   3814.   2740.   2820.
  1   |  10076.   5344.  15642.   8240.   6042.   5056.   8904.  10119.   6143.   6549.   9069.  13962.  10487.  11376.   7368.
  2   |   6410.  27696.   9938.  24858.  11401.  14159.   6835.  18185.  17246.  11517.  17290.  16534.  22880.  17780.  17450.
  3   |  17494.  14958.  43369.  13347.  29365.  22767.  16370.  11967.  26577.  27745.  25806.  26569.  22907.  32934.  23294.
  4   |  17710.  29743.  16825.  41977.  11509.  42867.  19259.  21100.  12864.  31494.  45262.  28519.  26554.  23926.  31540.
  5   |   8816.  21493.  23534.  11461.  25691.  12002.  25776.  17798.  16225.  10926.  36643.  35209.  20081.  19636.  16296.
  6   |  11190.  10361.  16368.  15449.   6797.  25980.   7000.  23170.  13306.  13407.  12307.  27448.  23904.  14355.  12969.
  7   |   2267.  12914.   7695.  10497.   9010.   6762.  14918.   6212.  17096.  10859.  14824.   8996.  18213.  16750.   9328.
  8   |   6463.   2107.   7668.   3938.   4888.   7208.   3100.  10637.   3675.  11200.   9668.   8663.   4766.  10206.   8704.
  9   |   6423.  12250.   8247.   8613.   5789.   8249.   7570.   7544.  11284.   9910.  19223.  17782.  13570.  10650.  10434.
------+------------------------------------------------------------------------------------------------------------------------
       x 10 ^ 3                                
 
 
        Catch in Number
        ---------------
------+------------------------------------------------------------------------------------------------------------------------
AGE   |    1987    1988    1989    1990    1991    1992    1993    1994    1995    1996    1997    1998    1999    2000    2001
------+------------------------------------------------------------------------------------------------------------------------
  0   |   2957.   2458.   5059.   3249.   4541.   3770.   3219.   5006.   2999.   4528.   3896.   3302.   2738.   2884.   2509.
  1   |  12148.   7519.  11340.  14011.  12381.  12018.  14118.   7451.  20553.   8784.  15725.   8148.   9842.   8774.  12812.
  2   |  18049.  17577.  19658.  17775.  30160.  18535.  25440.  18543.  17351.  34094.  17267.  18728.  13908.  18074.  22232.
  3   |  36307.  22214.  38805.  25958.  32128.  38011.  32979.  28281.  36499.  24281.  56478.  17513.  27481.  21981.  39086.
  4   |  35299.  32468.  35471.  36769.  33631.  29013.  48540.  26433.  40279.  36742.  28941.  41618.  18964.  32114.  34844.
  5   |  34068.  22331.  36807.  23569.  33526.  21261.  26092.  27321.  26697.  28509.  30868.  15054.  32319.  15926.  36461.
  6   |  17044.  20844.  24440.  23526.  20667.  20374.  18397.  14155.  26645.  18197.  23069.  15526.  11382.  26449.  17556.
  7   |  13317.  10230.  22320.  15228.  20095.  12235.  17184.   9753.  13510.  17725.  14372.  11384.  11606.   9217.  28719.
  8   |   7705.   6379.   8814.  11084.  10424.   9471.   8269.   7247.   7477.   7173.  11207.   5644.   6826.   7547.   8058.
  9   |  16106.  11647.  16203.  12216.  15867.  12786.  15512.  10356.  13501.  11299.  11682.   9287.   9067.  10652.  16380.
------+------------------------------------------------------------------------------------------------------------------------
       x 10 ^ 3                                
 
 
        Catch in Number
        ---------------
------+--------
AGE   |    2002
------+--------
  0   |   2794.
  1   |   9381.
  2   |  27152.
  3   |  39807.
  4   |  50556.
  5   |  31889.
  6   |  32196.
  7   |  15161.
  8   |  19888.
  9   |  16879.
------+--------
       x 10 ^ 3                                
 
 
 
        Predicted Catch in Number
        -------------------------
------+----------------------------------------------------------------------------------------
AGE   |    1992    1993    1994    1995    1996    1997    1998    1999    2000    2001    2002
------+----------------------------------------------------------------------------------------
  0   |   3771.   3220.   5006.   2999.   4528.   3895.   3299.   2736.   2883.   2509.   2794.
  1   |  12021.  14121.   7452.  20552.   8783.  15724.   8146.   9835.   8770.  12808.   9383.
  2   |  18540.  25442.  18545.  17349.  34091.  17265.  18726.  13905.  18064.  22224.  27155.
  3   |  38018.  32982.  28282.  36498.  24277.  56469.  17510.  27478.  21977.  39067.  39805.
  4   |  29016.  48534.  26431.  40270.  36735.  28932.  41605.  18959.  32110.  34838.  50543.
  5   |  21260.  26091.  27319.  26694.  28504.  30863.  15050.  32313.  15924.  36461.  31896.
  6   |  20367.  18390.  14151.  26634.  18191.  23061.  15521.  11378.  26442.  17553.  32202.
  7   |  12229.  17176.   9750.  13506.  17719.  14368.  11381.  11603.   9215.  28715.  15164.
  8   |   9465.   8267.   7247.   7478.   7175.  11209.   5645.   6827.   7549.   8061.  19902.
------+----------------------------------------------------------------------------------------
       x 10 ^ 3                                
 
 
 
        Weights at age in the catches (Kg)
        ----------------------------------
------+------------------------------------------------------------------------------------------------------------------------
AGE   |    1972    1973    1974    1975    1976    1977    1978    1979    1980    1981    1982    1983    1984    1985    1986
------+------------------------------------------------------------------------------------------------------------------------
  0   | 0.05200 0.05000 0.05100 0.05000 0.05900 0.05600 0.03600 0.01600 0.05700 0.06000 0.05300 0.05000 0.03100 0.05500 0.03900
  1   | 0.13500 0.14500 0.13600 0.14800 0.13700 0.13600 0.13500 0.13700 0.13100 0.13200 0.13100 0.16800 0.10200 0.14400 0.14600
  2   | 0.27700 0.19400 0.22900 0.17700 0.20700 0.16900 0.16100 0.16100 0.24900 0.24800 0.24900 0.21900 0.18400 0.26200 0.24500
  3   | 0.34100 0.28500 0.26100 0.25900 0.26300 0.27500 0.25000 0.24300 0.28500 0.28700 0.28500 0.27600 0.29500 0.35700 0.33500
  4   | 0.42300 0.36800 0.33400 0.32300 0.32000 0.33300 0.32500 0.31800 0.34500 0.34400 0.34500 0.31000 0.32600 0.41800 0.42300
  5   | 0.46800 0.44800 0.39200 0.34800 0.34600 0.35200 0.34500 0.34800 0.37800 0.37700 0.37800 0.38600 0.34400 0.41700 0.47100
  6   | 0.46800 0.46800 0.48100 0.43000 0.40600 0.40700 0.40300 0.40100 0.45400 0.45400 0.45400 0.42500 0.43100 0.43600 0.44400
  7   | 0.50800 0.50800 0.50800 0.48800 0.44300 0.44600 0.42100 0.41600 0.49800 0.49900 0.49600 0.43500 0.54200 0.52100 0.45700
  8   | 0.53900 0.53900 0.53900 0.53900 0.51800 0.54600 0.51800 0.50600 0.52000 0.51300 0.51300 0.49800 0.48000 0.55500 0.54300
  9   | 0.60113 0.59655 0.60648 0.60236 0.60667 0.57598 0.56069 0.53775 0.55768 0.56683 0.55580 0.58635 0.61097 0.64023 0.61360
------+------------------------------------------------------------------------------------------------------------------------
                                               
 
 
        Weights at age in the catches (Kg)
        ----------------------------------
------+------------------------------------------------------------------------------------------------------------------------
AGE   |    1987    1988    1989    1990    1991    1992    1993    1994    1995    1996    1997    1998    1999    2000    2001
------+------------------------------------------------------------------------------------------------------------------------
  0   | 0.07600 0.05500 0.04900 0.08500 0.06800 0.05100 0.06100 0.04600 0.07200 0.05800 0.07600 0.06500 0.06200 0.06300 0.06900
  1   | 0.17900 0.13300 0.13600 0.15600 0.15600 0.16700 0.13400 0.13600 0.14300 0.14300 0.14300 0.15700 0.17600 0.13500 0.17100
  2   | 0.22300 0.25900 0.23700 0.23300 0.25300 0.23900 0.24000 0.25500 0.23400 0.22600 0.23000 0.22700 0.23600 0.22900 0.22300
  3   | 0.31800 0.32300 0.32000 0.33600 0.32700 0.33300 0.31700 0.33900 0.33300 0.31300 0.29500 0.31000 0.30700 0.30800 0.30700
  4   | 0.39900 0.38800 0.37700 0.37900 0.39400 0.39700 0.37600 0.39000 0.39000 0.37700 0.35900 0.35400 0.36100 0.36700 0.37800
  5   | 0.47400 0.45600 0.43300 0.42300 0.42300 0.46000 0.43600 0.44800 0.45200 0.42500 0.41500 0.40800 0.40600 0.42900 0.42600
  6   | 0.51200 0.52400 0.45600 0.46700 0.46900 0.49500 0.48300 0.51200 0.50100 0.48400 0.45300 0.45200 0.45400 0.46700 0.47700
  7   | 0.49300 0.55500 0.54300 0.52800 0.50600 0.53200 0.52700 0.54300 0.53900 0.51800 0.48100 0.46200 0.50100 0.50400 0.49900
  8   | 0.49800 0.55500 0.59200 0.55200 0.55400 0.55500 0.54800 0.59000 0.57700 0.55100 0.52400 0.51800 0.53700 0.53700 0.54300
  9   | 0.61601 0.60354 0.62083 0.62184 0.62953 0.63177 0.60762 0.63197 0.61314 0.59975 0.57622 0.57011 0.59245 0.58736 0.60396
------+------------------------------------------------------------------------------------------------------------------------
                                               
 
 
        Weights at age in the catches (Kg)
        ----------------------------------
------+--------
AGE   |    2002
------+--------
  0   | 0.05200
  1   | 0.15900
  2   | 0.25500
  3   | 0.30700
  4   | 0.36900
  5   | 0.42600
  6   | 0.46400
  7   | 0.51400
  8   | 0.53900
  9   | 0.60942
------+--------
                                               
 
 
 
        Weights at age in the stock (Kg)
        --------------------------------
------+------------------------------------------------------------------------------------------------------------------------
AGE   |    1972    1973    1974    1975    1976    1977    1978    1979    1980    1981    1982    1983    1984    1985    1986
------+------------------------------------------------------------------------------------------------------------------------
  0   | 0.00800 0.00800 0.00800 0.00800 0.00800 0.00800 0.00800 0.00800 0.00800 0.00800 0.00800 0.00800 0.00000 0.00000 0.00000
  1   | 0.13200 0.13200 0.13000 0.12900 0.12800 0.12700 0.11100 0.11000 0.10900 0.08700 0.08600 0.08600 0.08100 0.08500 0.07700
  2   | 0.17800 0.17700 0.17300 0.17100 0.17000 0.16700 0.17500 0.17400 0.17300 0.18600 0.13500 0.17200 0.19400 0.16500 0.17900
  3   | 0.24300 0.24200 0.23800 0.23600 0.23600 0.23300 0.23800 0.23700 0.23600 0.25200 0.22100 0.23500 0.25300 0.29300 0.26700
  4   | 0.41100 0.30100 0.29600 0.29400 0.29300 0.28900 0.30000 0.29900 0.29700 0.31300 0.28000 0.28000 0.29500 0.30600 0.30400
  5   | 0.35500 0.43800 0.32200 0.31800 0.31800 0.31300 0.34600 0.34500 0.34300 0.32300 0.38500 0.33900 0.32400 0.34100 0.35600
  6   | 0.39800 0.39800 0.46900 0.36500 0.36500 0.36100 0.38200 0.38000 0.37900 0.37800 0.35300 0.37700 0.39300 0.38400 0.35100
  7   | 0.43300 0.43300 0.43300 0.49700 0.41900 0.41600 0.41000 0.40800 0.40700 0.41900 0.40800 0.40400 0.43600 0.43000 0.41600
  8   | 0.45900 0.45900 0.45900 0.45900 0.51200 0.44600 0.43200 0.43000 0.42900 0.43400 0.43700 0.43900 0.44100 0.45900 0.47300
  9   | 0.51593 0.51014 0.52161 0.51721 0.51982 0.53191 0.49511 0.49547 0.47179 0.46497 0.47503 0.50627 0.50395 0.54929 0.47173
------+------------------------------------------------------------------------------------------------------------------------
                                               
 
 
        Weights at age in the stock (Kg)
        --------------------------------
------+------------------------------------------------------------------------------------------------------------------------
AGE   |    1987    1988    1989    1990    1991    1992    1993    1994    1995    1996    1997    1998    1999    2000    2001
------+------------------------------------------------------------------------------------------------------------------------
  0   | 0.00000 0.00000 0.00000 0.00000 0.00000 0.00000 0.00000 0.00000 0.00000 0.00000 0.00000 0.00000 0.00000 0.00000 0.00000
  1   | 0.07800 0.07200 0.07600 0.07400 0.07500 0.07800 0.07800 0.07900 0.08100 0.07600 0.07600 0.07700 0.08100 0.07400 0.07800
  2   | 0.14800 0.15600 0.17700 0.13800 0.15500 0.21200 0.19700 0.17800 0.16400 0.13300 0.18600 0.14900 0.19400 0.18500 0.16400
  3   | 0.24000 0.23700 0.24400 0.22200 0.23000 0.25900 0.26800 0.23700 0.26700 0.25100 0.22800 0.22300 0.24200 0.23500 0.24100
  4   | 0.28600 0.30100 0.30600 0.28700 0.30700 0.31000 0.31500 0.30100 0.32600 0.31700 0.29600 0.28500 0.30100 0.28900 0.34200
  5   | 0.37400 0.32900 0.35200 0.33900 0.35700 0.36200 0.36000 0.36100 0.39800 0.36600 0.36100 0.34200 0.35300 0.35000 0.39000
  6   | 0.38600 0.42300 0.38000 0.37300 0.40900 0.40200 0.41600 0.41300 0.44800 0.44400 0.40200 0.40000 0.39600 0.39000 0.44600
  7   | 0.41100 0.44500 0.42900 0.41400 0.43200 0.42400 0.45400 0.46600 0.49100 0.46200 0.44500 0.42600 0.42300 0.42600 0.45900
  8   | 0.42900 0.43200 0.47400 0.40900 0.50200 0.46200 0.46500 0.47000 0.50800 0.50100 0.47800 0.46600 0.44000 0.44700 0.49900
  9   | 0.49292 0.52186 0.49355 0.48787 0.55565 0.51762 0.51975 0.54038 0.56364 0.58438 0.53359 0.52464 0.49388 0.50200 0.56078
------+------------------------------------------------------------------------------------------------------------------------
                                               
 
 
        Weights at age in the stock (Kg)
        --------------------------------
------+--------
AGE   |    2002
------+--------
  0   | 0.00000
  1   | 0.07800
  2   | 0.18100
  3   | 0.23900
  4   | 0.31100
  5   | 0.36400
  6   | 0.41100
  7   | 0.43600
  8   | 0.46200
  9   | 0.52111
------+--------
                                               
 
 
 
        Natural Mortality (per year)
        ----------------------------
------+------------------------------------------------------------------------------------------------------------------------
AGE   |    1972    1973    1974    1975    1976    1977    1978    1979    1980    1981    1982    1983    1984    1985    1986
------+------------------------------------------------------------------------------------------------------------------------
  0   | 0.15000 0.15000 0.15000 0.15000 0.15000 0.15000 0.15000 0.15000 0.15000 0.15000 0.15000 0.15000 0.15000 0.15000 0.15000
  1   | 0.15000 0.15000 0.15000 0.15000 0.15000 0.15000 0.15000 0.15000 0.15000 0.15000 0.15000 0.15000 0.15000 0.15000 0.15000
  2   | 0.15000 0.15000 0.15000 0.15000 0.15000 0.15000 0.15000 0.15000 0.15000 0.15000 0.15000 0.15000 0.15000 0.15000 0.15000
  3   | 0.15000 0.15000 0.15000 0.15000 0.15000 0.15000 0.15000 0.15000 0.15000 0.15000 0.15000 0.15000 0.15000 0.15000 0.15000
  4   | 0.15000 0.15000 0.15000 0.15000 0.15000 0.15000 0.15000 0.15000 0.15000 0.15000 0.15000 0.15000 0.15000 0.15000 0.15000
  5   | 0.15000 0.15000 0.15000 0.15000 0.15000 0.15000 0.15000 0.15000 0.15000 0.15000 0.15000 0.15000 0.15000 0.15000 0.15000
  6   | 0.15000 0.15000 0.15000 0.15000 0.15000 0.15000 0.15000 0.15000 0.15000 0.15000 0.15000 0.15000 0.15000 0.15000 0.15000
  7   | 0.15000 0.15000 0.15000 0.15000 0.15000 0.15000 0.15000 0.15000 0.15000 0.15000 0.15000 0.15000 0.15000 0.15000 0.15000
  8   | 0.15000 0.15000 0.15000 0.15000 0.15000 0.15000 0.15000 0.15000 0.15000 0.15000 0.15000 0.15000 0.15000 0.15000 0.15000
  9   | 0.15000 0.15000 0.15000 0.15000 0.15000 0.15000 0.15000 0.15000 0.15000 0.15000 0.15000 0.15000 0.15000 0.15000 0.15000
------+------------------------------------------------------------------------------------------------------------------------
                                               
 
 
        Natural Mortality (per year)
        ----------------------------
------+------------------------------------------------------------------------------------------------------------------------
AGE   |    1987    1988    1989    1990    1991    1992    1993    1994    1995    1996    1997    1998    1999    2000    2001
------+------------------------------------------------------------------------------------------------------------------------
  0   | 0.15000 0.15000 0.15000 0.15000 0.15000 0.15000 0.15000 0.15000 0.15000 0.15000 0.15000 0.15000 0.15000 0.15000 0.15000
  1   | 0.15000 0.15000 0.15000 0.15000 0.15000 0.15000 0.15000 0.15000 0.15000 0.15000 0.15000 0.15000 0.15000 0.15000 0.15000
  2   | 0.15000 0.15000 0.15000 0.15000 0.15000 0.15000 0.15000 0.15000 0.15000 0.15000 0.15000 0.15000 0.15000 0.15000 0.15000
  3   | 0.15000 0.15000 0.15000 0.15000 0.15000 0.15000 0.15000 0.15000 0.15000 0.15000 0.15000 0.15000 0.15000 0.15000 0.15000
  4   | 0.15000 0.15000 0.15000 0.15000 0.15000 0.15000 0.15000 0.15000 0.15000 0.15000 0.15000 0.15000 0.15000 0.15000 0.15000
  5   | 0.15000 0.15000 0.15000 0.15000 0.15000 0.15000 0.15000 0.15000 0.15000 0.15000 0.15000 0.15000 0.15000 0.15000 0.15000
  6   | 0.15000 0.15000 0.15000 0.15000 0.15000 0.15000 0.15000 0.15000 0.15000 0.15000 0.15000 0.15000 0.15000 0.15000 0.15000
  7   | 0.15000 0.15000 0.15000 0.15000 0.15000 0.15000 0.15000 0.15000 0.15000 0.15000 0.15000 0.15000 0.15000 0.15000 0.15000
  8   | 0.15000 0.15000 0.15000 0.15000 0.15000 0.15000 0.15000 0.15000 0.15000 0.15000 0.15000 0.15000 0.15000 0.15000 0.15000
  9   | 0.15000 0.15000 0.15000 0.15000 0.15000 0.15000 0.15000 0.15000 0.15000 0.15000 0.15000 0.15000 0.15000 0.15000 0.15000
------+------------------------------------------------------------------------------------------------------------------------
                                               
 
 
        Natural Mortality (per year)
        ----------------------------
------+--------
AGE   |    2002
------+--------
  0   | 0.15000
  1   | 0.15000
  2   | 0.15000
  3   | 0.15000
  4   | 0.15000
  5   | 0.15000
  6   | 0.15000
  7   | 0.15000
  8   | 0.15000
  9   | 0.15000
------+--------
                                               
 
 
 
        Proportion of fish spawning
        ---------------------------
------+------------------------------------------------------------------------------------------------------------------------
AGE   |    1972    1973    1974    1975    1976    1977    1978    1979    1980    1981    1982    1983    1984    1985    1986
------+------------------------------------------------------------------------------------------------------------------------
  0   |  0.0000  0.0000  0.0000  0.0000  0.0000  0.0000  0.0000  0.0000  0.0000  0.0000  0.0000  0.0000  0.0000  0.0000  0.0000
  1   |  0.0500  0.0500  0.0500  0.0600  0.0600  0.0600  0.0600  0.0600  0.0600  0.0700  0.0700  0.0700  0.0700  0.0700  0.0700
  2   |  0.5300  0.5400  0.5400  0.5500  0.5500  0.5500  0.5600  0.5600  0.5700  0.5700  0.5700  0.5800  0.5800  0.5800  0.5800
  3   |  0.9000  0.9000  0.9000  0.8900  0.8900  0.8900  0.8900  0.8900  0.8900  0.8800  0.8800  0.8800  0.8800  0.8800  0.8800
  4   |  0.9800  0.9800  0.9800  0.9800  0.9800  0.9800  0.9800  0.9800  0.9800  0.9800  0.9800  0.9800  0.9700  0.9700  0.9700
  5   |  0.9800  0.9800  0.9800  0.9800  0.9800  0.9800  0.9800  0.9800  0.9800  0.9800  0.9800  0.9800  0.9700  0.9700  0.9700
  6   |  0.9900  0.9900  0.9900  0.9900  0.9900  0.9900  0.9900  0.9900  0.9900  0.9900  0.9900  0.9900  0.9900  0.9900  0.9900
  7   |  1.0000  1.0000  1.0000  1.0000  1.0000  1.0000  1.0000  1.0000  1.0000  1.0000  1.0000  1.0000  1.0000  1.0000  1.0000
  8   |  1.0000  1.0000  1.0000  1.0000  1.0000  1.0000  1.0000  1.0000  1.0000  1.0000  1.0000  1.0000  1.0000  1.0000  1.0000
  9   |  1.0000  1.0000  1.0000  1.0000  1.0000  1.0000  1.0000  1.0000  1.0000  1.0000  1.0000  1.0000  1.0000  1.0000  1.0000
------+------------------------------------------------------------------------------------------------------------------------
                                               
 
 
        Proportion of fish spawning
        ---------------------------
------+------------------------------------------------------------------------------------------------------------------------
AGE   |    1987    1988    1989    1990    1991    1992    1993    1994    1995    1996    1997    1998    1999    2000    2001
------+------------------------------------------------------------------------------------------------------------------------
  0   |  0.0000  0.0000  0.0000  0.0000  0.0000  0.0000  0.0000  0.0000  0.0000  0.0000  0.0000  0.0000  0.0000  0.0000  0.0000
  1   |  0.0700  0.0700  0.0700  0.0700  0.0700  0.0700  0.0700  0.0700  0.0700  0.0700  0.0700  0.0700  0.0700  0.0700  0.0700
  2   |  0.5800  0.5800  0.5800  0.5800  0.5800  0.5800  0.5800  0.5800  0.5800  0.5800  0.5800  0.5800  0.5800  0.5800  0.5900
  3   |  0.8800  0.8800  0.8800  0.8800  0.8800  0.8800  0.8800  0.8800  0.8800  0.8800  0.8800  0.8600  0.8600  0.8600  0.8800
  4   |  0.9700  0.9700  0.9700  0.9700  0.9700  0.9700  0.9700  0.9700  0.9700  0.9700  0.9700  0.9800  0.9800  0.9800  0.9700
  5   |  0.9700  0.9700  0.9700  0.9700  0.9700  0.9700  0.9700  0.9700  0.9700  0.9700  0.9700  0.9800  0.9800  0.9800  0.9700
  6   |  0.9900  0.9900  0.9900  0.9900  0.9900  0.9900  0.9900  0.9900  0.9900  0.9900  0.9900  0.9900  0.9900  0.9900  0.9900
  7   |  1.0000  1.0000  1.0000  1.0000  1.0000  1.0000  1.0000  1.0000  1.0000  1.0000  1.0000  1.0000  1.0000  1.0000  1.0000
  8   |  1.0000  1.0000  1.0000  1.0000  1.0000  1.0000  1.0000  1.0000  1.0000  1.0000  1.0000  1.0000  1.0000  1.0000  1.0000
  9   |  1.0000  1.0000  1.0000  1.0000  1.0000  1.0000  1.0000  1.0000  1.0000  1.0000  1.0000  1.0000  1.0000  1.0000  1.0000
------+------------------------------------------------------------------------------------------------------------------------
                                               
 
 
        Proportion of fish spawning
        ---------------------------
------+--------
AGE   |    2002
------+--------
  0   |  0.0000
  1   |  0.0700
  2   |  0.5900
  3   |  0.8800
  4   |  0.9700
  5   |  0.9700
  6   |  0.9900
  7   |  1.0000
  8   |  1.0000
  9   |  1.0000
------+--------
                                               
 
 
 
 INDICES OF SPAWNING BIOMASS                                                    
  
 ----------------------------
 
          INDEX
        -------
------+------------------------------------------------------------------------------------------------------------------------
      |    1972    1973    1974    1975    1976    1977    1978    1979    1980    1981    1982    1983    1984    1985    1986
------+------------------------------------------------------------------------------------------------------------------------
  1   | ******* ******* ******* ******* ******* ******* ******* ******* ******* ******* ******* ******* ******* ******* *******
------+------------------------------------------------------------------------------------------------------------------------
       x 10 ^ 3                                
 
 
          INDEX
        -------
------+------------------------------------------------------------------------------------------------------------------------
      |    1987    1988    1989    1990    1991    1992    1993    1994    1995    1996    1997    1998    1999    2000    2001
------+------------------------------------------------------------------------------------------------------------------------
  1   | *******  265.91  264.71  231.98  247.18  259.52  263.27  257.10  277.22  268.83  270.90  269.27  301.71  319.40  358.48
------+------------------------------------------------------------------------------------------------------------------------
       x 10 ^ 3                                
 
 
          INDEX
        -------
------+--------
      |    2002
------+--------
  1   |  337.81
------+--------
       x 10 ^ 3                                
 
 
 
 AGE-STRUCTURED INDICES                                                         
  
 -----------------------
 
        FLT01: Dummy survey
        -------------------
------+--------------------------------
AGE   |    1981    1982    1983    1984
------+--------------------------------
  1   |  266.10  203.00   43.60   15.24
  2   |  506.40  435.90  712.70   79.51
  3   |  225.10  483.60  444.60  661.83
  4   |   31.70  184.10  391.60  374.60
  5   |  174.80   24.70  130.40  238.20
  6   |  158.50  136.60   20.20   92.00
  7   |   99.50  108.60   91.30   15.54
  8   |  116.60   84.50   70.90   51.47
  9   |   35.30   87.00   47.10   39.27
------+--------------------------------
       x 10 ^ 3                                
 
 
 
        Fishing Mortality (per year)
        ----------------------------
------+------------------------------------------------------------------------------------------------------------------------
AGE   |    1972    1973    1974    1975    1976    1977    1978    1979    1980    1981    1982    1983    1984    1985    1986
------+------------------------------------------------------------------------------------------------------------------------
  0   | 0.00572 0.00865 0.00890 0.00782 0.00591 0.00758 0.00557 0.00618 0.00571 0.00581 0.00841 0.00847 0.00725 0.00679 0.00572
  1   | 0.02170 0.03276 0.03371 0.02955 0.02236 0.02874 0.02114 0.02346 0.02169 0.02206 0.03191 0.03211 0.02895 0.02552 0.02152
  2   | 0.04807 0.07258 0.07465 0.06537 0.04941 0.06352 0.04686 0.05201 0.04812 0.04893 0.07081 0.07111 0.06411 0.05957 0.04715
  3   | 0.09472 0.14313 0.14713 0.12880 0.09727 0.12488 0.09219 0.10260 0.09497 0.09661 0.13973 0.14029 0.12619 0.11727 0.09804
  4   | 0.14433 0.21808 0.22427 0.19618 0.14814 0.19002 0.14007 0.15607 0.14489 0.14743 0.21315 0.21366 0.19209 0.17806 0.14895
  5   | 0.16327 0.24673 0.25350 0.22186 0.16744 0.21479 0.15813 0.17597 0.16357 0.16700 0.24141 0.24161 0.21675 0.20081 0.16753
  6   | 0.18292 0.27685 0.28432 0.24856 0.18781 0.24076 0.17727 0.19702 0.18286 0.18699 0.27123 0.27120 0.24279 0.22438 0.18714
  7   | 0.20653 0.31293 0.32168 0.28110 0.21231 0.27252 0.20052 0.22298 0.20662 0.21094 0.30620 0.30720 0.27466 0.25321 0.21066
  8   | 0.18816 0.28447 0.29243 0.25590 0.19332 0.24814 0.18281 0.20327 0.18843 0.19203 0.27800 0.27880 0.25040 0.23054 0.19128
  9   | 0.18816 0.28447 0.29243 0.25590 0.19332 0.24814 0.18281 0.20327 0.18843 0.19203 0.27800 0.27880 0.25040 0.23054 0.19128
------+------------------------------------------------------------------------------------------------------------------------
                                               
 
 
        Fishing Mortality (per year)
        ----------------------------
------+------------------------------------------------------------------------------------------------------------------------
AGE   |    1987    1988    1989    1990    1991    1992    1993    1994    1995    1996    1997    1998    1999    2000    2001
------+------------------------------------------------------------------------------------------------------------------------
  0   | 0.00769 0.00610 0.00888 0.00780 0.00951 0.00845 0.00993 0.00719 0.00925 0.00848 0.00924 0.00603 0.00559 0.00557 0.00773
  1   | 0.02910 0.02306 0.03336 0.02910 0.03526 0.03196 0.03758 0.02719 0.03499 0.03211 0.03497 0.02281 0.02115 0.02109 0.02926
  2   | 0.06387 0.05090 0.07346 0.06374 0.07667 0.07074 0.08317 0.06019 0.07744 0.07106 0.07739 0.05048 0.04682 0.04667 0.06476
  3   | 0.12396 0.09902 0.14362 0.12429 0.14857 0.13955 0.16408 0.11874 0.15278 0.14019 0.15268 0.09958 0.09236 0.09208 0.12776
  4   | 0.19983 0.14743 0.21421 0.18625 0.22185 0.21331 0.25080 0.18149 0.23353 0.21429 0.23337 0.15222 0.14117 0.14074 0.19529
  5   | 0.22486 0.17748 0.23445 0.20389 0.24426 0.24262 0.28526 0.20643 0.26562 0.24373 0.26543 0.17313 0.16057 0.16008 0.22212
  6   | 0.25025 0.19759 0.28319 0.21846 0.26167 0.27430 0.32251 0.23339 0.30031 0.27556 0.30010 0.19574 0.18154 0.18099 0.25113
  7   | 0.28137 0.22109 0.31661 0.27052 0.27724 0.31422 0.36944 0.26735 0.34401 0.31566 0.34377 0.22423 0.20796 0.20733 0.28768
  8   | 0.25478 0.19968 0.28437 0.24221 0.28371 0.29114 0.34231 0.24772 0.31874 0.29247 0.31852 0.20776 0.19268 0.19210 0.26655
  9   | 0.25478 0.19968 0.28437 0.24221 0.28371 0.29114 0.34231 0.24772 0.31874 0.29247 0.31852 0.20776 0.19268 0.19210 0.26655
------+------------------------------------------------------------------------------------------------------------------------
                                               
 
 
        Fishing Mortality (per year)
        ----------------------------
------+--------
AGE   |    2002
------+--------
  0   | 0.00906
  1   | 0.03430
  2   | 0.07591
  3   | 0.14976
  4   | 0.22891
  5   | 0.26036
  6   | 0.29436
  7   | 0.33720
  8   | 0.31243
  9   | 0.31243
------+--------
                                               
 
 
 
        Population Abundance (1 January)
        --------------------------------
------+------------------------------------------------------------------------------------------------------------------------
AGE   |    1972    1973    1974    1975    1976    1977    1978    1979    1980    1981    1982    1983    1984    1985    1986
------+------------------------------------------------------------------------------------------------------------------------
  0   |  208.52  595.22  357.05  344.38  224.56  536.44  548.99  360.25  377.67  363.27  557.29  463.59  568.83  435.85  532.77
  1   |  505.40  178.45  507.90  304.60  294.10  192.15  458.23  469.89  308.16  323.21  310.86  475.64  395.65  486.06  372.60
  2   |  146.98  425.66  148.65  422.66  254.53  247.54  160.70  386.15  395.06  259.54  272.12  259.16  396.45  330.82  407.81
  3   |  208.22  120.57  340.72  118.74  340.77  208.52  199.95  131.98  315.52  324.06  212.72  218.21  207.75  320.04  268.27
  4   |  141.65  163.02   89.94  253.14   89.85  266.12  158.40  156.94  102.52  246.97  253.23  159.21  163.23  157.61  244.98
  5   |   62.89  105.53  112.82   61.86  179.07   66.69  189.41  118.52  115.56   76.34  183.43  176.12  110.67  115.94  113.53
  6   |   71.92   45.98   70.97   75.36   42.65  130.36   46.30  139.18   85.55   84.46   55.60  124.02  119.05   76.69   81.63
  7   |   13.05   51.55   30.00   45.97   50.59   30.42   88.20   33.38   98.37   61.33   60.29   36.49   81.39   80.38   52.74
  8   |   40.49    9.13   32.45   18.72   29.87   35.21   19.94   62.12   22.99   68.86   42.75   38.21   23.10   53.23   53.71
  9   |   40.23   53.09   34.90   40.95   35.38   40.30   48.68   44.05   70.59   60.94   85.00   78.43   65.77   55.54   64.38
------+------------------------------------------------------------------------------------------------------------------------
       x 10 ^ 6                                
 
 
        Population Abundance (1 January)
        --------------------------------
------+------------------------------------------------------------------------------------------------------------------------
AGE   |    1987    1988    1989    1990    1991    1992    1993    1994    1995    1996    1997    1998    1999    2000    2001
------+------------------------------------------------------------------------------------------------------------------------
  0   |  415.66  434.92  616.42  450.38  516.74  482.88  350.87  752.87  350.88  577.15  456.04  591.33  528.64  558.59  350.74
  1   |  455.94  355.02  372.06  525.87  384.63  411.39  412.13  299.02  643.36  299.23  492.56  388.91  505.90  452.47  478.11
  2   |  313.87  381.18  298.60  309.73  439.64  292.09  342.95  341.64  250.46  534.71  249.41  409.39  327.19  426.32  381.32
  3   |  334.84  253.44  311.80  238.81  250.13  313.76  234.23  271.63  276.88  199.51  428.66  198.68  335.02  268.73  350.20
  4   |  209.34  254.60  197.57  232.47  181.52  162.23  234.88  171.10  207.62  204.54  149.26  316.71  154.80  262.91  210.96
  5   |  181.68  147.55  189.10  137.26  166.09  105.95  112.81  157.32  122.82  141.48  142.10  101.73  234.10  115.69  196.58
  6   |   82.64  124.88  106.34  128.74   96.35   91.11   71.55   73.00  110.15   81.05   95.43   93.79   73.64  171.60   84.85
  7   |   58.27   55.38   88.22   68.96   89.06   48.65   59.61   44.61   49.75   70.21   52.96   60.84   66.38   52.86  123.25
  8   |   36.77   37.85   38.21   55.32   45.28   40.21   30.58   35.46   29.39   30.36   44.08   32.32   41.85   46.40   36.98
  9   |   76.87   69.12   70.25   60.97   68.93   54.31   57.38   50.67   53.06   47.81   45.94   53.17   55.58   65.47   75.14
------+------------------------------------------------------------------------------------------------------------------------
       x 10 ^ 6                                
 
 
        Population Abundance (1 January)
        --------------------------------
------+----------------
AGE   |    2002    2003
------+----------------
  0   |  333.52  374.32
  1   |  299.56  284.48
  2   |  399.65  249.14
  3   |  307.62  318.84
  4   |  265.27  227.95
  5   |  149.36  181.61
  6   |  135.50   99.09
  7   |   56.81   86.89
  8   |   79.56   34.90
  9   |   67.48   92.60
------+----------------
       x 10 ^ 6                                
 
 
 
        Weighting factors for the catches in number
        -------------------------------------------
------+----------------------------------------------------------------------------------------
AGE   |    1992    1993    1994    1995    1996    1997    1998    1999    2000    2001    2002
------+----------------------------------------------------------------------------------------
  0   |  0.0200  0.0200  0.0200  0.0200  0.0200  0.0200  0.0200  0.0200  0.0200  0.0200  0.0200
  1   |  1.0000  1.0000  1.0000  1.0000  1.0000  1.0000  1.0000  1.0000  1.0000  1.0000  1.0000
  2   |  1.0000  1.0000  1.0000  1.0000  1.0000  1.0000  1.0000  1.0000  1.0000  1.0000  1.0000
  3   |  1.0000  1.0000  1.0000  1.0000  1.0000  1.0000  1.0000  1.0000  1.0000  1.0000  1.0000
  4   |  1.0000  1.0000  1.0000  1.0000  1.0000  1.0000  1.0000  1.0000  1.0000  1.0000  1.0000
  5   |  1.0000  1.0000  1.0000  1.0000  1.0000  1.0000  1.0000  1.0000  1.0000  1.0000  1.0000
  6   |  1.0000  1.0000  1.0000  1.0000  1.0000  1.0000  1.0000  1.0000  1.0000  1.0000  1.0000
  7   |  1.0000  1.0000  1.0000  1.0000  1.0000  1.0000  1.0000  1.0000  1.0000  1.0000  1.0000
  8   |  1.0000  1.0000  1.0000  1.0000  1.0000  1.0000  1.0000  1.0000  1.0000  1.0000  1.0000
------+----------------------------------------------------------------------------------------
                                               
 
 
 
 Predicted SSB Index Values                                                     
  
 ---------------------------
 
          INDEX
        -------
------+------------------------------------------------------------------------------------------------------------------------
      |    1972    1973    1974    1975    1976    1977    1978    1979    1980    1981    1982    1983    1984    1985    1986
------+------------------------------------------------------------------------------------------------------------------------
  1   | ******* ******* ******* ******* ******* ******* ******* ******* ******* ******* ******* ******* ******* ******* *******
------+------------------------------------------------------------------------------------------------------------------------
       x 10 ^ 3                                
 
 
          INDEX
        -------
------+------------------------------------------------------------------------------------------------------------------------
      |    1987    1988    1989    1990    1991    1992    1993    1994    1995    1996    1997    1998    1999    2000    2001
------+------------------------------------------------------------------------------------------------------------------------
  1   | *******  300.98  304.87  272.77  295.44  259.51  263.29  257.13  277.26  268.88  270.96  269.33  301.76  319.42  358.47
------+------------------------------------------------------------------------------------------------------------------------
       x 10 ^ 3                                
 
 
          INDEX
        -------
------+--------
      |    2002
------+--------
  1   |  337.73
------+--------
       x 10 ^ 3                                
 
 
 
 Predicted Age-Structured Index Values                                          
  
 --------------------------------------
 
        FLT01: Dummy survey Predicted
        -----------------------------
------+--------------------------------
AGE   |    1981    1982    1983    1984
------+--------------------------------
  1   |   67.71   64.77   99.10   82.58
  2   |  299.82  310.59  295.75  454.18
  3   |  589.19  377.70  387.32  371.63
  4   |  215.57  213.19  134.00  139.02
  5   |   65.68  151.50  145.45   92.66
  6   |   76.02   47.78  106.58  103.93
  7   |   69.05   64.42   38.96   88.47
  8   |  137.11   81.18   72.53   44.54
  9   |   42.33   56.32   51.95   44.25
------+--------------------------------
       x 10 ^ 3                                
 
 
 
        Fitted Selection Pattern
        ------------------------
------+------------------------------------------------------------------------------------------------------------------------
AGE   |    1972    1973    1974    1975    1976    1977    1978    1979    1980    1981    1982    1983    1984    1985    1986
------+------------------------------------------------------------------------------------------------------------------------
  0   |  0.0351  0.0350  0.0351  0.0352  0.0353  0.0353  0.0352  0.0351  0.0349  0.0348  0.0348  0.0350  0.0334  0.0338  0.0341
  1   |  0.1329  0.1328  0.1330  0.1332  0.1336  0.1338  0.1337  0.1333  0.1326  0.1321  0.1322  0.1329  0.1336  0.1271  0.1284
  2   |  0.2944  0.2942  0.2945  0.2947  0.2951  0.2957  0.2963  0.2955  0.2942  0.2930  0.2933  0.2943  0.2958  0.2967  0.2814
  3   |  0.5801  0.5801  0.5804  0.5806  0.5809  0.5814  0.5830  0.5831  0.5806  0.5785  0.5788  0.5806  0.5822  0.5840  0.5852
  4   |  0.8840  0.8839  0.8847  0.8843  0.8847  0.8847  0.8858  0.8869  0.8858  0.8828  0.8830  0.8843  0.8862  0.8867  0.8891
  5   |  1.0000  1.0000  1.0000  1.0000  1.0000  1.0000  1.0000  1.0000  1.0000  1.0000  1.0000  1.0000  1.0000  1.0000  1.0000
  6   |  1.1204  1.1221  1.1216  1.1204  1.1216  1.1209  1.1211  1.1196  1.1180  1.1197  1.1235  1.1225  1.1202  1.1174  1.1170
  7   |  1.2650  1.2683  1.2690  1.2671  1.2679  1.2688  1.2681  1.2671  1.2632  1.2631  1.2684  1.2715  1.2672  1.2609  1.2574
  8   |  1.1525  1.1529  1.1536  1.1534  1.1545  1.1553  1.1561  1.1551  1.1520  1.1498  1.1516  1.1539  1.1552  1.1481  1.1418
  9   |  1.1525  1.1529  1.1536  1.1534  1.1545  1.1553  1.1561  1.1551  1.1520  1.1498  1.1516  1.1539  1.1552  1.1481  1.1418
------+------------------------------------------------------------------------------------------------------------------------
                                               
 
 
        Fitted Selection Pattern
        ------------------------
------+------------------------------------------------------------------------------------------------------------------------
AGE   |    1987    1988    1989    1990    1991    1992    1993    1994    1995    1996    1997    1998    1999    2000    2001
------+------------------------------------------------------------------------------------------------------------------------
  0   |  0.0342  0.0344  0.0379  0.0382  0.0389  0.0348  0.0348  0.0348  0.0348  0.0348  0.0348  0.0348  0.0348  0.0348  0.0348
  1   |  0.1294  0.1299  0.1423  0.1427  0.1444  0.1317  0.1317  0.1317  0.1317  0.1317  0.1317  0.1317  0.1317  0.1317  0.1317
  2   |  0.2841  0.2868  0.3133  0.3126  0.3139  0.2916  0.2916  0.2916  0.2916  0.2916  0.2916  0.2916  0.2916  0.2916  0.2916
  3   |  0.5513  0.5579  0.6126  0.6096  0.6083  0.5752  0.5752  0.5752  0.5752  0.5752  0.5752  0.5752  0.5752  0.5752  0.5752
  4   |  0.8887  0.8307  0.9137  0.9135  0.9083  0.8792  0.8792  0.8792  0.8792  0.8792  0.8792  0.8792  0.8792  0.8792  0.8792
  5   |  1.0000  1.0000  1.0000  1.0000  1.0000  1.0000  1.0000  1.0000  1.0000  1.0000  1.0000  1.0000  1.0000  1.0000  1.0000
  6   |  1.1129  1.1133  1.2079  1.0715  1.0713  1.1306  1.1306  1.1306  1.1306  1.1306  1.1306  1.1306  1.1306  1.1306  1.1306
  7   |  1.2513  1.2457  1.3504  1.3268  1.1350  1.2951  1.2951  1.2951  1.2951  1.2951  1.2951  1.2951  1.2951  1.2951  1.2951
  8   |  1.1331  1.1251  1.2129  1.1880  1.1615  1.2000  1.2000  1.2000  1.2000  1.2000  1.2000  1.2000  1.2000  1.2000  1.2000
  9   |  1.1331  1.1251  1.2129  1.1880  1.1615  1.2000  1.2000  1.2000  1.2000  1.2000  1.2000  1.2000  1.2000  1.2000  1.2000
------+------------------------------------------------------------------------------------------------------------------------
                                               
 
 
        Fitted Selection Pattern
        ------------------------
------+--------
AGE   |    2002
------+--------
  0   |  0.0348
  1   |  0.1317
  2   |  0.2916
  3   |  0.5752
  4   |  0.8792
  5   |  1.0000
  6   |  1.1306
  7   |  1.2951
  8   |  1.2000
  9   |  1.2000
------+--------
                                               
 
 
 
 
 
                    STOCK SUMMARY                                             
 
 
 ³ Year ³  Recruits  ³  Total  ³ Spawning³ Landings ³ Yield ³ Mean F ³ SoP ³    
 ³      ³   Age   0  ³ Biomass ³ Biomass ³          ³ /SSB  ³  Ages  ³     ³ 
 ³      ³  thousands ³  tonnes ³ tonnes  ³ tonnes   ³ ratio ³  4- 7  ³ (%) ³ 
 
   1972       208520    299298    191301     34509   0.1804   0.1743   100
   1973       595210    300030    201935     51076   0.2529   0.2636    99
   1974       357050    318017    199508     51634   0.2588   0.2709    99
   1975       344380    316564    208845     45824   0.2194   0.2369    99
   1976       224560    316851    222128     36350   0.1636   0.1789    99
   1977       536430    313253    226647     50328   0.2221   0.2295   100
   1978       548980    330586    229525     36601   0.1595   0.1690   100
   1979       360240    355900    238070     41473   0.1742   0.1880    99
   1980       377660    365129    259252     46117   0.1779   0.1745    99
   1981       363270    378762    281543     49622   0.1762   0.1781   100
   1982       557280    359747    263700     71128   0.2697   0.2580   100
   1983       463580    362725    253269     66232   0.2615   0.2584   100
   1984       568820    371131    261665     58473   0.2235   0.2316   100
   1985       435840    396390    282018     63862   0.2264   0.2141   100
   1986       532760    394580    289150     55431   0.1917   0.1786   100
   1987       415660    399715    290361     77253   0.2661   0.2391   100
   1988       434920    400163    300981     62813   0.2087   0.1859   100
   1989       616420    415268    304868     86719   0.2844   0.2621   100
   1990       450370    376863    272773     71972   0.2639   0.2198    99
   1991       516740    408457    295441     83433   0.2824   0.2513    99
   1992       482880    367867    259511     70514   0.2717   0.2611    99
   1993       350870    377953    263289     80174   0.3045   0.3070   100
   1994       752870    352084    257127     61472   0.2391   0.2222    99
   1995       350880    402290    277262     80369   0.2899   0.2859   100
   1996       577150    372130    268876     71510   0.2660   0.2623   100
   1997       456040    384546    270957     76344   0.2818   0.2857    99
   1998       591320    366698    269328     52544   0.1951   0.1863   100
   1999       528640    417860    301758     53608   0.1777   0.1728   100
   2000       558590    435032    319424     58200   0.1822   0.1723   100
   2001       350730    488043    358471     84998   0.2371   0.2391    99
   2002       333520    458468    337734     96759   0.2865   0.2802   100
 
 -----------------------------------------------------------------            
 No of years for separable analysis : 11                                      
 Age range in the analysis : 0  . . . 9                                       
 Year range in the analysis : 1972  . . . 2002                                
 Number of indices of SSB : 1                                                 
 Number of age-structured indices : 1                                         
                                                                              
 Parameters to estimate : 46                                                  
 Number of observations : 150                                                 
                                                                              
 Conventional single selection vector model to be fitted.                     
                                                                              
                                                                              
                                                                              
 -----------------------------------------------------------------            
 
 
 PARAMETER ESTIMATES                                                            
  
 
 ³Parm.³      ³ Maximum ³    ³        ³         ³         ³         ³ Mean of ³ 
  
 ³ No. ³      ³ Likelh. ³ CV ³  Lower ³ Upper   ³  -s.e.  ³   +s.e. ³ Param.  ³ 
  
 ³     ³      ³ Estimate³ (%)³ 95% CL ³ 95% CL  ³         ³         ³ Distrib.³ 
  
 Separable model : F by year                                                    
  
    1   1992     0.1925   0    0.1925    0.1925    0.1925    0.1925    0.1925
    2   1993     0.2274   0    0.2274    0.2274    0.2274    0.2274    0.2274
    3   1994     0.1665   0    0.1665    0.1665    0.1665    0.1665    0.1665
    4   1995     0.2188   0    0.2188    0.2188    0.2188    0.2188    0.2188
    5   1996     0.2070   0    0.2070    0.2070    0.2070    0.2070    0.2070
    6   1997     0.2364   0    0.2364    0.2364    0.2364    0.2364    0.2364
    7   1998     0.1652   0    0.1652    0.1652    0.1652    0.1652    0.1652
    8   1999     0.1676   0    0.1676    0.1676    0.1676    0.1676    0.1676
    9   2000     0.1854   0    0.1854    0.1854    0.1854    0.1854    0.1854
   10   2001     0.2902   0    0.2902    0.2902    0.2902    0.2902    0.2902
   11   2002     0.3944   0    0.3944    0.3944    0.3944    0.3944    0.3944
 
 Separable Model: Selection (S) by age                                          
  
   12      0     0.0475   0    0.0475    0.0475    0.0475    0.0475    0.0475
   13      1     0.1605   0    0.1605    0.1605    0.1605    0.1605    0.1605
   14      2     0.3264   0    0.3264    0.3264    0.3264    0.3264    0.3264
   15      3     0.6080   0    0.6080    0.6080    0.6080    0.6080    0.6080
   16      4     0.8970   0    0.8970    0.8970    0.8970    0.8970    0.8970
           5     1.0000     Fixed : Reference Age             
   17      6     1.1241   0    1.1241    1.1241    1.1241    1.1241    1.1241
   18      7     1.1971   0    1.1971    1.1971    1.1971    1.1971    1.1971
           8     1.2000     Fixed : Last true age             
 
 Separable model: Populations in year 2002                                    
   19      0     162155   0     162155    162155    162155    162155    162155
   20      1     166103   0     166103    166103    166103    166103    166103
   21      2     246326   0     246326    246326    246326    246326    246326
   22      3     206518   0     206518    206518    206518    206518    206518
   23      4     189690   0     189690    189690    189690    189690    189690
   24      5     111827   0     111827    111827    111827    111827    111827
   25      6     106167   0     106167    106167    106167    106167    106167
   26      7      46641   0      46641     46641     46641     46641     46641
   27      8      70113   0      70113     70113     70113     70113     70113
 
Separable model: Populations at age
   28   1992      58097   0      58097     58097     58097     58097     58097
   29   1993      43637   0      43637     43637     43637     43637     43637
   30   1994      50867   0      50867     50867     50867     50867     50867
   31   1995      41589   0      41589     41589     41589     41589     41589
   32   1996      43120   0      43120     43120     43120     43120     43120
   33   1997      61345   0      61345     61345     61345     61345     61345
   34   1998      43459   0      43459     43459     43459     43459     43459
   35   1999      52010   0      52010     52010     52010     52010     52010
   36   2000      52244   0      52244     52244     52244     52244     52244
   37   2001      37553   0      37553     37553     37553     37553     37553
 
 SSB Index catchabilities                                                       
  
   INDEX                                 
 Absolute estimator. No fitted catchability.                                    
  
 
 
 
 Age-structured index catchabilities                                            
  
                                        FLT01: Dummy survey                     
 
 Linear model fitted. Slopes at age :                                           
  
   38   1  Q  .2303       0 .2303     .2303     .2303     .2303     .2303    
   39   2  Q  1.289       0 1.289     1.289     1.289     1.289     1.289    
   40   3  Q  2.082       0 2.082     2.082     2.082     2.082     2.082    
   41   4  Q  1.028       0 1.028     1.028     1.028     1.028     1.028    
   42   5  Q  1.024       0 1.024     1.024     1.024     1.024     1.024    
   43   6  Q  1.083       0 1.083     1.083     1.083     1.083     1.083    
   44   7  Q  1.373       0 1.373     1.373     1.373     1.373     1.373    
   45   8  Q  2.403       0 2.403     2.403     2.403     2.403     2.403    
   46   9  Q  .8461       0 .8461     .8461     .8461     .8461     .8461    
 
 
 
 RESIDUALS ABOUT THE MODEL FIT                                                  
  
 ------------------------------
 
        Separable Model Residuals
        -------------------------
------+----------------------------------------------------------------------------------------
Age   |    1992    1993    1994    1995    1996    1997    1998    1999    2000    2001    2002
------+----------------------------------------------------------------------------------------
  0   | ******* ******* ******* ******* ******* ******* ******* ******* ******* ******* *******
  1   | ******* ******* ******* ******* ******* ******* ******* ******* ******* ******* *******
  2   | ******* ******* ******* ******* ******* ******* ******* ******* ******* ******* *******
  3   | ******* ******* ******* ******* ******* ******* ******* ******* ******* ******* *******
  4   | ******* ******* ******* ******* ******* ******* ******* ******* ******* ******* *******
  5   | ******* ******* ******* ******* ******* ******* ******* ******* ******* ******* *******
  6   | ******* ******* ******* ******* ******* ******* ******* ******* ******* ******* *******
  7   | ******* ******* ******* ******* ******* ******* ******* ******* ******* ******* *******
  8   | ******* ******* ******* ******* ******* ******* ******* ******* ******* ******* *******
------+----------------------------------------------------------------------------------------
                                               
 
 
 
 SPAWNING BIOMASS INDEX RESIDUALS                                               
  
 ---------------------------------
 
          INDEX
        -------
------+------------------------------------------------------------------------------------------------------------------------
      |    1972    1973    1974    1975    1976    1977    1978    1979    1980    1981    1982    1983    1984    1985    1986
------+------------------------------------------------------------------------------------------------------------------------
  1   | ******* ******* ******* ******* ******* ******* ******* ******* ******* ******* ******* ******* ******* ******* *******
------+------------------------------------------------------------------------------------------------------------------------
                                               
 
 
          INDEX
        -------
------+------------------------------------------------------------------------------------------------------------------------
      |    1987    1988    1989    1990    1991    1992    1993    1994    1995    1996    1997    1998    1999    2000    2001
------+------------------------------------------------------------------------------------------------------------------------
  1   | ******* -0.1239 -0.1412 -0.1620 -0.1784  0.0000 -0.0001 -0.0001 -0.0002 -0.0002 -0.0002 -0.0002 -0.0002 -0.0001  0.0000
------+------------------------------------------------------------------------------------------------------------------------
                                               
 
 
          INDEX
        -------
------+--------
      |    2002
------+--------
  1   |  0.0002
------+--------
                                               
 
 
 
 AGE-STRUCTURED INDEX RESIDUALS                                                 
  
 -------------------------------
 
        FLT01: Dummy survey
        -------------------
------+--------------------------------
Age   |    1981    1982    1983    1984
------+--------------------------------
  1   |   1.369   1.142  -0.821  -1.690
  2   |   0.524   0.339   0.880  -1.743
  3   |  -0.962   0.247   0.138   0.577
  4   |  -1.917  -0.147   1.072   0.991
  5   |   0.979  -1.814  -0.109   0.944
  6   |   0.735   1.050  -1.663  -0.122
  7   |   0.365   0.522   0.852  -1.739
  8   |  -0.162   0.040  -0.023   0.145
  9   |  -0.182   0.435  -0.098  -0.119
------+--------------------------------
                                               
 
 
 
 
 
 
 PARAMETERS OF THE DISTRIBUTION OF ln(CATCHES AT AGE)                           
  
 -----------------------------------------------------
 
 Separable model fitted from 1992  to 2002                                    
 Variance                             0.0000
Skewness test stat.                   3.6316
Kurtosis test statistic              -0.0361
Partial chi-square                    0.0000
Significance in fit                   0.0000
Degrees of freedom                        62
 
 
 PARAMETERS OF DISTRIBUTIONS OF THE SSB INDICES                                 
  
 -----------------------------------------------
 
 
   DISTRIBUTION STATISTICS FOR   INDEX                                          
 
 
 Index used as absolute measure of abundance                                    
  
 Last age is a plus-group                                                       
  
 
 Variance                             0.0311
Skewness test stat.                  -3.1440
Kurtosis test statistic               0.8045
Partial chi-square                    0.0371
Significance in fit                   0.0000
Number of observations                    15
Degrees of freedom                        15
Weight in the analysis                5.0000
 
 PARAMETERS OF THE DISTRIBUTION OF THE AGE-STRUCTURED INDICES                   
  
 ------------------------------------------------------------ 
 
 
   DISTRIBUTION STATISTICS FOR FLT01: Dummy survey                              
 
 
 Linear catchability relationship assumed                                       
  
 
 Age                          1         2         3         4         5         6         7         8         9
 Variance                0.0025    0.0016    0.0005    0.0022    0.0019    0.0016    0.0015    0.0000    0.0001
Skewness test stat.     -0.1245   -0.8402   -0.7176   -0.5616   -0.5851   -0.5347   -0.8580   -0.1751    0.9853
Kurtosis test statisti  -0.7232   -0.3074   -0.3393   -0.4657   -0.4533   -0.4605   -0.3014   -0.4655   -0.2220
Partial chi-square       0.0007    0.0004    0.0001    0.0005    0.0005    0.0004    0.0004    0.0000    0.0000
Significance in fit      0.0000    0.0000    0.0000    0.0000    0.0000    0.0000    0.0000    0.0000    0.0000
Number of observations        4         4         4         4         4         4         4         4         4
Degrees of freedom            3         3         3         3         3         3         3         3         3
Weight in the analysis   0.0011    0.0011    0.0011    0.0011    0.0011    0.0011    0.0011    0.0011    0.0011
 
 ANALYSIS OF VARIANCE                   
--------------------------
 
 Unweighted Statistics                                                          
  
 
                                                                                
  
Variance                              
                                       SSQ     Data    Parameters d.f. Variance
Total for model                        32.1960     150         46  104   0.3096
Catches at age                          0.0000      99         37   62   0.0000
  
SSB Indices                           
  INDEX                                 0.0933      15          0   15   0.0062
  
 Aged Indices                                                                   
  
FLT01: Dummy survey                    32.1027      36          9   27   1.1890
 
 
 Weighted Statistics                                                            
  
 
                                                                                
  
Variance                              
                                       SSQ     Data    Parameters d.f. Variance
Total for model                         2.3336     150         46  104   0.0224
Catches at age                          0.0000      99         37   62   0.0000
  
SSB Indices                           
  INDEX                                 2.3336      15          0   15   0.1556
  
 Aged Indices                                                                   
  
FLT01: Dummy survey                     0.0000      36          9   27   0.0000
 
