 ICA v1_3 TUNING DIAGNOSTICS FILE
   1       1
 F         SSQ
  0.05  26.94553633      24.42490473      2.520631594    
  0.10  12.97019352      10.46601568      2.504177839    
  0.15  7.537431843      5.040576000      2.496855842    
  0.20  5.040787242      2.547961642      2.492825600    
  0.25  3.841470984      1.351152898      2.490318085    
  0.30  3.285438413     0.7968078484      2.488630564    
  0.35  3.071263280     0.5838313842      2.487431896    
  0.40  3.047109549     0.5605623692      2.486547180    
  0.45  3.131526451     0.6456516891      2.485874762    
  0.50  3.278712868     0.7933611634      2.485351704    
  0.55  3.461953041     0.9770159883      2.484937053    
  0.60  3.665216568      1.180613455      2.484603113    
  0.65  3.878689450      1.394358679      2.484330771    
  0.70  4.096243598      1.612137791      2.484105808    
  0.75  4.314046943      1.830128626      2.483918317    
  0.80  4.529696179      2.045935405      2.483760774    
  0.85  4.741692155      2.258064673      2.483627483    
  0.90  4.949137576      2.465623512      2.483514063    
  0.95  5.151516401      2.668099295      2.483417105    
  1.00  5.348573444      2.865239526      2.483333918    
