 ICA v1_3 TUNING DIAGNOSTICS FILE
   1       1
 F         SSQ
  0.05  26.60127393      24.19726921      2.404004724    
  0.10  12.99820119      10.61465821      2.383542975    
  0.15  7.641998333      5.267997267      2.374001066    
  0.20  5.104465065      2.735906882      2.368558184    
  0.25  3.830394266      1.465276649      2.365117617    
  0.30  3.195157697     0.8323548080      2.362802889    
  0.35  2.907039305     0.5458595227      2.361179782    
  0.40  2.816886983     0.4568764190      2.360010564    
  0.45  2.843399641     0.4842467326      2.359152908    
  0.50  2.940094005     0.5815773931      2.358516612    
  0.55  3.079374370     0.7213323835      2.358041987    
  0.60  3.244361724     0.8866739816      2.357687742    
  0.65  3.424494293      1.067069298      2.357424994    
  0.70  3.613033039      1.255800244      2.357232795    
  0.75  3.805633815      1.448538098      2.357095717    
  0.80  3.999467743      1.642465538      2.357002205    
  0.85  4.192697075      1.835753599      2.356943476    
  0.90  4.384148597      2.027235832      2.356912765    
  0.95  4.573080938      2.216176142      2.356904796    
  1.00  4.759054288      2.402138880      2.356915407    
