 Output Generated by ICA Version 1.4                                            
  
 ------------------------------------
 
        Mackerel NE Atlantic  WG2003
        ----------------------------
 
        Catch in Number
        ---------------
------+------------------------------------------------------------------------------------------------------------------------
AGE   |    1972    1973    1974    1975    1976    1977    1978    1979    1980    1981    1982    1983    1984    1985    1986
------+------------------------------------------------------------------------------------------------------------------------
  0   |   3481.   1566.   4372.   2320.   2899.   3469.   3628.   5135.   1226.    974.   2460.   2477.   4003.   1526.   1626.
  1   |  10690.  10183.   6855.   9355.   7650.   9212.  14826.   8921.  14744.   5961.   1723.   7987.  11053.  12164.   5756.
  2   |  21251.  17771.  25197.   8323.  17584.  13852.  22322.  20698.  14611.  40621.   6006.   3207.  20329.  19114.  26048.
  3   |  14712.  29982.  36979.  25894.  13339.  27141.  28351.  26392.  28945.  33985.  34867.   9623.   6968.  29893.  34659.
  4   |  31479.  15052.  44870.  27372.  30313.  15030.  40170.  24201.  26984.  48709.  21172.  41322.  15325.   7453.  39281.
  5   |  44460.  22786.  15920.  23284.  22825.  24308.  15777.  24126.  17613.  32263.  21363.  18039.  47134.  11627.   6945.
  6   |  21477.  31099.  23210.   7959.  18822.  17739.  24631.   9138.  17027.  20333.  13676.  17741.  19979.  34603.  10469.
  7   |  18045.  14722.  30908.  11335.   6327.  14382.  17585.  13952.   6346.  19235.   8453.  11241.  19354.  14394.  30518.
  8   |  10850.   9888.  11758.  11989.   7225.   3874.  11459.   7934.   7755.   5773.   6346.   5580.   9874.  11159.  10186.
  9   |  14315.  14263.  19963.  12508.  16035.  14418.  14420.  11787.  10512.  16868.   7825.   9297.  13039.  13224.  18135.
------+------------------------------------------------------------------------------------------------------------------------
       x 10 ^ 3                                
 
 
        Catch in Number
        ---------------
------+------------------------------------------------------------------------------------------------------------------------
AGE   |    1987    1988    1989    1990    1991    1992    1993    1994    1995    1996    1997    1998    1999    2000    2001
------+------------------------------------------------------------------------------------------------------------------------
  0   |   2677.   3015.   3707.   2611.   1002.   1696.   1294.   4713.   3705.   3597.   3684.   4639.   3170.   6688.   2599.
  1   |   3353.  14249.   9847.   8501.   6565.   3311.   8183.   4549.  16799.   9322.  10972.  14510.  11097.  13568.  12202.
  2   |   6770.  10142.  26294.  12833.  12232.  12436.   9102.  16293.   9151.  23929.  16162.  24480.  19712.  26923.  14110.
  3   |  26172.  17374.  15725.  29074.  15858.  19959.  29127.  15286.  27474.  10989.  35206.  30417.  28188.  40392.  23887.
  4   |  25410.  48926.  19292.  12575.  26450.  19159.  34202.  35246.  18424.  23673.  11728.  47794.  25309.  41765.  26070.
  5   |  20396.  33936.  38126.  10862.   8177.  22994.  23504.  29205.  29807.  11118.  17887.  11260.  27991.  26593.  19021.
  6   |   3494.  26380.  25420.  20718.   6869.   6931.  27367.  19343.  23722.  17301.   8119.  16560.   6362.  28390.  11718.
  7   |   5178.   4437.  19242.  13521.  12939.   5766.   8118.  21998.  15284.  13423.  12383.   7345.   9154.   6313.  12282.
  8   |  12022.   5304.   2586.   8146.   6757.   8725.   5442.   5226.  13906.   6881.   7685.   8990.   3233.   7300.   2170.
  9   |  11288.  24744.  17700.   8180.   8109.   9322.  17894.  16071.  13105.  12109.  10532.  13792.  10555.  10569.   6188.
------+------------------------------------------------------------------------------------------------------------------------
       x 10 ^ 3                                
 
 
        Catch in Number
        ---------------
------+--------
AGE   |    2002
------+--------
  0   |   3820.
  1   |  12765.
  2   |  34148.
  3   |  33642.
  4   |  41677.
  5   |  32573.
  6   |  23059.
  7   |  13980.
  8   |  11812.
  9   |   7740.
------+--------
       x 10 ^ 3                                
 
 
 
        Predicted Catch in Number
        -------------------------
------+----------------------------------------------------------------------------------------
AGE   |    1992    1993    1994    1995    1996    1997    1998    1999    2000    2001    2002
------+----------------------------------------------------------------------------------------
  0   |   1696.   1294.   4713.   3705.   3597.   3684.   4639.   3170.   6688.   2599.   3820.
  1   |   3311.   8183.   4549.  16799.   9322.  10972.  14510.  11097.  13568.  12202.  12765.
  2   |  12436.   9102.  16293.   9151.  23929.  16162.  24480.  19712.  26923.  14110.  34148.
  3   |  19959.  29127.  15286.  27474.  10989.  35206.  30417.  28188.  40392.  23887.  33642.
  4   |  19159.  34202.  35246.  18424.  23673.  11728.  47794.  25309.  41765.  26070.  41677.
  5   |  22994.  23504.  29205.  29807.  11118.  17887.  11260.  27991.  26593.  19021.  32573.
  6   |   6931.  27367.  19343.  23722.  17301.   8119.  16560.   6362.  28390.  11718.  23059.
  7   |   5766.   8118.  21998.  15284.  13423.  12383.   7345.   9154.   6313.  12282.  13980.
  8   |   8725.   5442.   5226.  13906.   6881.   7685.   8990.   3233.   7300.   2170.  11812.
------+----------------------------------------------------------------------------------------
       x 10 ^ 3                                
 
 
 
        Weights at age in the catches (Kg)
        ----------------------------------
------+------------------------------------------------------------------------------------------------------------------------
AGE   |    1972    1973    1974    1975    1976    1977    1978    1979    1980    1981    1982    1983    1984    1985    1986
------+------------------------------------------------------------------------------------------------------------------------
  0   | 0.05200 0.05000 0.05100 0.05000 0.05900 0.05600 0.03600 0.01600 0.05700 0.06000 0.05300 0.05000 0.03100 0.05500 0.03900
  1   | 0.13500 0.14500 0.13600 0.14800 0.13700 0.13600 0.13500 0.13700 0.13100 0.13200 0.13100 0.16800 0.10200 0.14400 0.14600
  2   | 0.27700 0.19400 0.22900 0.17700 0.20700 0.16900 0.16100 0.16100 0.24900 0.24800 0.24900 0.21900 0.18400 0.26200 0.24500
  3   | 0.34100 0.28500 0.26100 0.25900 0.26300 0.27500 0.25000 0.24300 0.28500 0.28700 0.28500 0.27600 0.29500 0.35700 0.33500
  4   | 0.42300 0.36800 0.33400 0.32300 0.32000 0.33300 0.32500 0.31800 0.34500 0.34400 0.34500 0.31000 0.32600 0.41800 0.42300
  5   | 0.46800 0.44800 0.39200 0.34800 0.34600 0.35200 0.34500 0.34800 0.37800 0.37700 0.37800 0.38600 0.34400 0.41700 0.47100
  6   | 0.46800 0.46800 0.48100 0.43000 0.40600 0.40700 0.40300 0.40100 0.45400 0.45400 0.45400 0.42500 0.43100 0.43600 0.44400
  7   | 0.50800 0.50800 0.50800 0.48800 0.44300 0.44600 0.42100 0.41600 0.49800 0.49900 0.49600 0.43500 0.54200 0.52100 0.45700
  8   | 0.53900 0.53900 0.53900 0.53900 0.51800 0.54600 0.51800 0.50600 0.52000 0.51300 0.51300 0.49800 0.48000 0.55500 0.54300
  9   | 0.59797 0.59833 0.60043 0.60179 0.59700 0.59108 0.58183 0.54920 0.56160 0.56058 0.56646 0.57758 0.60986 0.61435 0.60675
------+------------------------------------------------------------------------------------------------------------------------
                                               
 
 
        Weights at age in the catches (Kg)
        ----------------------------------
------+------------------------------------------------------------------------------------------------------------------------
AGE   |    1987    1988    1989    1990    1991    1992    1993    1994    1995    1996    1997    1998    1999    2000    2001
------+------------------------------------------------------------------------------------------------------------------------
  0   | 0.07600 0.05500 0.04900 0.08500 0.06800 0.05100 0.06100 0.04600 0.07200 0.05800 0.07600 0.06500 0.06200 0.06300 0.06900
  1   | 0.17900 0.13300 0.13600 0.15600 0.15600 0.16700 0.13400 0.13600 0.14300 0.14300 0.14300 0.15700 0.17600 0.13500 0.17100
  2   | 0.22300 0.25900 0.23700 0.23300 0.25300 0.23900 0.24000 0.25500 0.23400 0.22600 0.23000 0.22700 0.23600 0.22900 0.22300
  3   | 0.31800 0.32300 0.32000 0.33600 0.32700 0.33300 0.31700 0.33900 0.33300 0.31300 0.29500 0.31000 0.30700 0.30800 0.30700
  4   | 0.39900 0.38800 0.37700 0.37900 0.39400 0.39700 0.37600 0.39000 0.39000 0.37700 0.35900 0.35400 0.36100 0.36700 0.37800
  5   | 0.47400 0.45600 0.43300 0.42300 0.42300 0.46000 0.43600 0.44800 0.45200 0.42500 0.41500 0.40800 0.40600 0.42900 0.42600
  6   | 0.51200 0.52400 0.45600 0.46700 0.46900 0.49500 0.48300 0.51200 0.50100 0.48400 0.45300 0.45200 0.45400 0.46700 0.47700
  7   | 0.49300 0.55500 0.54300 0.52800 0.50600 0.53200 0.52700 0.54300 0.53900 0.51800 0.48100 0.46200 0.50100 0.50400 0.49900
  8   | 0.49800 0.55500 0.59200 0.55200 0.55400 0.55500 0.54800 0.59000 0.57700 0.55100 0.52400 0.51800 0.53700 0.53700 0.54300
  9   | 0.62151 0.59504 0.61582 0.61766 0.64129 0.62411 0.60103 0.64049 0.62349 0.59858 0.57326 0.57100 0.59874 0.59364 0.60565
------+------------------------------------------------------------------------------------------------------------------------
                                               
 
 
        Weights at age in the catches (Kg)
        ----------------------------------
------+--------
AGE   |    2002
------+--------
  0   | 0.05200
  1   | 0.15900
  2   | 0.25500
  3   | 0.30700
  4   | 0.36900
  5   | 0.42600
  6   | 0.46400
  7   | 0.51400
  8   | 0.53900
  9   | 0.61432
------+--------
                                               
 
 
 
        Weights at age in the stock (Kg)
        --------------------------------
------+------------------------------------------------------------------------------------------------------------------------
AGE   |    1972    1973    1974    1975    1976    1977    1978    1979    1980    1981    1982    1983    1984    1985    1986
------+------------------------------------------------------------------------------------------------------------------------
  0   | 0.00800 0.00800 0.00800 0.00800 0.00800 0.00800 0.00800 0.00800 0.00800 0.00800 0.00800 0.00800 0.00000 0.00000 0.00000
  1   | 0.13200 0.13200 0.13000 0.12900 0.12800 0.12700 0.11100 0.11000 0.10900 0.08700 0.08600 0.08600 0.08100 0.08500 0.07700
  2   | 0.17800 0.17700 0.17300 0.17100 0.17000 0.16700 0.17500 0.17400 0.17300 0.18600 0.13500 0.17200 0.19400 0.16500 0.17900
  3   | 0.24300 0.24200 0.23800 0.23600 0.23600 0.23300 0.23800 0.23700 0.23600 0.25200 0.22100 0.23500 0.25300 0.29300 0.26700
  4   | 0.41100 0.30100 0.29600 0.29400 0.29300 0.28900 0.30000 0.29900 0.29700 0.31300 0.28000 0.28000 0.29500 0.30600 0.30400
  5   | 0.35500 0.43800 0.32200 0.31800 0.31800 0.31300 0.34600 0.34500 0.34300 0.32300 0.38500 0.33900 0.32400 0.34100 0.35600
  6   | 0.39800 0.39800 0.46900 0.36500 0.36500 0.36100 0.38200 0.38000 0.37900 0.37800 0.35300 0.37700 0.39300 0.38400 0.35100
  7   | 0.43300 0.43300 0.43300 0.49700 0.41900 0.41600 0.41000 0.40800 0.40700 0.41900 0.40800 0.40400 0.43600 0.43000 0.41600
  8   | 0.45900 0.45900 0.45900 0.45900 0.51200 0.44600 0.43200 0.43000 0.42900 0.43400 0.43700 0.43900 0.44100 0.45900 0.47300
  9   | 0.51228 0.51291 0.51474 0.51626 0.51132 0.53178 0.51790 0.49410 0.48009 0.46710 0.48922 0.51734 0.50652 0.52365 0.47278
------+------------------------------------------------------------------------------------------------------------------------
                                               
 
 
        Weights at age in the stock (Kg)
        --------------------------------
------+------------------------------------------------------------------------------------------------------------------------
AGE   |    1987    1988    1989    1990    1991    1992    1993    1994    1995    1996    1997    1998    1999    2000    2001
------+------------------------------------------------------------------------------------------------------------------------
  0   | 0.00000 0.00000 0.00000 0.00000 0.00000 0.00000 0.00000 0.00000 0.00000 0.00000 0.00000 0.00000 0.00000 0.00000 0.00000
  1   | 0.07800 0.07200 0.07600 0.07400 0.07500 0.07800 0.07800 0.07900 0.08100 0.07600 0.07600 0.07700 0.08100 0.07400 0.07800
  2   | 0.14800 0.15600 0.17700 0.13800 0.15500 0.21200 0.19700 0.17800 0.16400 0.13300 0.18600 0.14900 0.19400 0.18500 0.16400
  3   | 0.24000 0.23700 0.24400 0.22200 0.23000 0.25900 0.26800 0.23700 0.26700 0.25100 0.22800 0.22300 0.24200 0.23500 0.24100
  4   | 0.28600 0.30100 0.30600 0.28700 0.30700 0.31000 0.31500 0.30100 0.32600 0.31700 0.29600 0.28500 0.30100 0.28900 0.34200
  5   | 0.37400 0.32900 0.35200 0.33900 0.35700 0.36200 0.36000 0.36100 0.39800 0.36600 0.36100 0.34200 0.35300 0.35000 0.39000
  6   | 0.38600 0.42300 0.38000 0.37300 0.40900 0.40200 0.41600 0.41300 0.44800 0.44400 0.40200 0.40000 0.39600 0.39000 0.44600
  7   | 0.41100 0.44500 0.42900 0.41400 0.43200 0.42400 0.45400 0.46600 0.49100 0.46200 0.44500 0.42600 0.42300 0.42600 0.45900
  8   | 0.42900 0.43200 0.47400 0.40900 0.50200 0.46200 0.46500 0.47000 0.50800 0.50100 0.47800 0.46600 0.44000 0.44700 0.49900
  9   | 0.49203 0.50717 0.49129 0.50973 0.55977 0.50903 0.51313 0.55195 0.58142 0.58306 0.53284 0.52406 0.49793 0.50685 0.56287
------+------------------------------------------------------------------------------------------------------------------------
                                               
 
 
        Weights at age in the stock (Kg)
        --------------------------------
------+--------
AGE   |    2002
------+--------
  0   | 0.00000
  1   | 0.07800
  2   | 0.18100
  3   | 0.23900
  4   | 0.31100
  5   | 0.36400
  6   | 0.41100
  7   | 0.43600
  8   | 0.46200
  9   | 0.52537
------+--------
                                               
 
 
 
        Natural Mortality (per year)
        ----------------------------
------+------------------------------------------------------------------------------------------------------------------------
AGE   |    1972    1973    1974    1975    1976    1977    1978    1979    1980    1981    1982    1983    1984    1985    1986
------+------------------------------------------------------------------------------------------------------------------------
  0   | 0.15000 0.15000 0.15000 0.15000 0.15000 0.15000 0.15000 0.15000 0.15000 0.15000 0.15000 0.15000 0.15000 0.15000 0.15000
  1   | 0.15000 0.15000 0.15000 0.15000 0.15000 0.15000 0.15000 0.15000 0.15000 0.15000 0.15000 0.15000 0.15000 0.15000 0.15000
  2   | 0.15000 0.15000 0.15000 0.15000 0.15000 0.15000 0.15000 0.15000 0.15000 0.15000 0.15000 0.15000 0.15000 0.15000 0.15000
  3   | 0.15000 0.15000 0.15000 0.15000 0.15000 0.15000 0.15000 0.15000 0.15000 0.15000 0.15000 0.15000 0.15000 0.15000 0.15000
  4   | 0.15000 0.15000 0.15000 0.15000 0.15000 0.15000 0.15000 0.15000 0.15000 0.15000 0.15000 0.15000 0.15000 0.15000 0.15000
  5   | 0.15000 0.15000 0.15000 0.15000 0.15000 0.15000 0.15000 0.15000 0.15000 0.15000 0.15000 0.15000 0.15000 0.15000 0.15000
  6   | 0.15000 0.15000 0.15000 0.15000 0.15000 0.15000 0.15000 0.15000 0.15000 0.15000 0.15000 0.15000 0.15000 0.15000 0.15000
  7   | 0.15000 0.15000 0.15000 0.15000 0.15000 0.15000 0.15000 0.15000 0.15000 0.15000 0.15000 0.15000 0.15000 0.15000 0.15000
  8   | 0.15000 0.15000 0.15000 0.15000 0.15000 0.15000 0.15000 0.15000 0.15000 0.15000 0.15000 0.15000 0.15000 0.15000 0.15000
  9   | 0.15000 0.15000 0.15000 0.15000 0.15000 0.15000 0.15000 0.15000 0.15000 0.15000 0.15000 0.15000 0.15000 0.15000 0.15000
------+------------------------------------------------------------------------------------------------------------------------
                                               
 
 
        Natural Mortality (per year)
        ----------------------------
------+------------------------------------------------------------------------------------------------------------------------
AGE   |    1987    1988    1989    1990    1991    1992    1993    1994    1995    1996    1997    1998    1999    2000    2001
------+------------------------------------------------------------------------------------------------------------------------
  0   | 0.15000 0.15000 0.15000 0.15000 0.15000 0.15000 0.15000 0.15000 0.15000 0.15000 0.15000 0.15000 0.15000 0.15000 0.15000
  1   | 0.15000 0.15000 0.15000 0.15000 0.15000 0.15000 0.15000 0.15000 0.15000 0.15000 0.15000 0.15000 0.15000 0.15000 0.15000
  2   | 0.15000 0.15000 0.15000 0.15000 0.15000 0.15000 0.15000 0.15000 0.15000 0.15000 0.15000 0.15000 0.15000 0.15000 0.15000
  3   | 0.15000 0.15000 0.15000 0.15000 0.15000 0.15000 0.15000 0.15000 0.15000 0.15000 0.15000 0.15000 0.15000 0.15000 0.15000
  4   | 0.15000 0.15000 0.15000 0.15000 0.15000 0.15000 0.15000 0.15000 0.15000 0.15000 0.15000 0.15000 0.15000 0.15000 0.15000
  5   | 0.15000 0.15000 0.15000 0.15000 0.15000 0.15000 0.15000 0.15000 0.15000 0.15000 0.15000 0.15000 0.15000 0.15000 0.15000
  6   | 0.15000 0.15000 0.15000 0.15000 0.15000 0.15000 0.15000 0.15000 0.15000 0.15000 0.15000 0.15000 0.15000 0.15000 0.15000
  7   | 0.15000 0.15000 0.15000 0.15000 0.15000 0.15000 0.15000 0.15000 0.15000 0.15000 0.15000 0.15000 0.15000 0.15000 0.15000
  8   | 0.15000 0.15000 0.15000 0.15000 0.15000 0.15000 0.15000 0.15000 0.15000 0.15000 0.15000 0.15000 0.15000 0.15000 0.15000
  9   | 0.15000 0.15000 0.15000 0.15000 0.15000 0.15000 0.15000 0.15000 0.15000 0.15000 0.15000 0.15000 0.15000 0.15000 0.15000
------+------------------------------------------------------------------------------------------------------------------------
                                               
 
 
        Natural Mortality (per year)
        ----------------------------
------+--------
AGE   |    2002
------+--------
  0   | 0.15000
  1   | 0.15000
  2   | 0.15000
  3   | 0.15000
  4   | 0.15000
  5   | 0.15000
  6   | 0.15000
  7   | 0.15000
  8   | 0.15000
  9   | 0.15000
------+--------
                                               
 
 
 
        Proportion of fish spawning
        ---------------------------
------+------------------------------------------------------------------------------------------------------------------------
AGE   |    1972    1973    1974    1975    1976    1977    1978    1979    1980    1981    1982    1983    1984    1985    1986
------+------------------------------------------------------------------------------------------------------------------------
  0   |  0.0000  0.0000  0.0000  0.0000  0.0000  0.0000  0.0000  0.0000  0.0000  0.0000  0.0000  0.0000  0.0000  0.0000  0.0000
  1   |  0.0500  0.0500  0.0500  0.0600  0.0600  0.0600  0.0600  0.0600  0.0600  0.0700  0.0700  0.0700  0.0700  0.0700  0.0700
  2   |  0.5300  0.5400  0.5400  0.5500  0.5500  0.5500  0.5600  0.5600  0.5700  0.5700  0.5700  0.5800  0.5800  0.5800  0.5800
  3   |  0.9000  0.9000  0.9000  0.8900  0.8900  0.8900  0.8900  0.8900  0.8900  0.8800  0.8800  0.8800  0.8800  0.8800  0.8800
  4   |  0.9800  0.9800  0.9800  0.9800  0.9800  0.9800  0.9800  0.9800  0.9800  0.9800  0.9800  0.9800  0.9700  0.9700  0.9700
  5   |  0.9800  0.9800  0.9800  0.9800  0.9800  0.9800  0.9800  0.9800  0.9800  0.9800  0.9800  0.9800  0.9700  0.9700  0.9700
  6   |  0.9900  0.9900  0.9900  0.9900  0.9900  0.9900  0.9900  0.9900  0.9900  0.9900  0.9900  0.9900  0.9900  0.9900  0.9900
  7   |  1.0000  1.0000  1.0000  1.0000  1.0000  1.0000  1.0000  1.0000  1.0000  1.0000  1.0000  1.0000  1.0000  1.0000  1.0000
  8   |  1.0000  1.0000  1.0000  1.0000  1.0000  1.0000  1.0000  1.0000  1.0000  1.0000  1.0000  1.0000  1.0000  1.0000  1.0000
  9   |  1.0000  1.0000  1.0000  1.0000  1.0000  1.0000  1.0000  1.0000  1.0000  1.0000  1.0000  1.0000  1.0000  1.0000  1.0000
------+------------------------------------------------------------------------------------------------------------------------
                                               
 
 
        Proportion of fish spawning
        ---------------------------
------+------------------------------------------------------------------------------------------------------------------------
AGE   |    1987    1988    1989    1990    1991    1992    1993    1994    1995    1996    1997    1998    1999    2000    2001
------+------------------------------------------------------------------------------------------------------------------------
  0   |  0.0000  0.0000  0.0000  0.0000  0.0000  0.0000  0.0000  0.0000  0.0000  0.0000  0.0000  0.0000  0.0000  0.0000  0.0000
  1   |  0.0700  0.0700  0.0700  0.0700  0.0700  0.0700  0.0700  0.0700  0.0700  0.0700  0.0700  0.0700  0.0700  0.0700  0.0700
  2   |  0.5800  0.5800  0.5800  0.5800  0.5800  0.5800  0.5800  0.5800  0.5800  0.5800  0.5800  0.5800  0.5800  0.5800  0.5900
  3   |  0.8800  0.8800  0.8800  0.8800  0.8800  0.8800  0.8800  0.8800  0.8800  0.8800  0.8800  0.8600  0.8600  0.8600  0.8800
  4   |  0.9700  0.9700  0.9700  0.9700  0.9700  0.9700  0.9700  0.9700  0.9700  0.9700  0.9700  0.9800  0.9800  0.9800  0.9700
  5   |  0.9700  0.9700  0.9700  0.9700  0.9700  0.9700  0.9700  0.9700  0.9700  0.9700  0.9700  0.9800  0.9800  0.9800  0.9700
  6   |  0.9900  0.9900  0.9900  0.9900  0.9900  0.9900  0.9900  0.9900  0.9900  0.9900  0.9900  0.9900  0.9900  0.9900  0.9900
  7   |  1.0000  1.0000  1.0000  1.0000  1.0000  1.0000  1.0000  1.0000  1.0000  1.0000  1.0000  1.0000  1.0000  1.0000  1.0000
  8   |  1.0000  1.0000  1.0000  1.0000  1.0000  1.0000  1.0000  1.0000  1.0000  1.0000  1.0000  1.0000  1.0000  1.0000  1.0000
  9   |  1.0000  1.0000  1.0000  1.0000  1.0000  1.0000  1.0000  1.0000  1.0000  1.0000  1.0000  1.0000  1.0000  1.0000  1.0000
------+------------------------------------------------------------------------------------------------------------------------
                                               
 
 
        Proportion of fish spawning
        ---------------------------
------+--------
AGE   |    2002
------+--------
  0   |  0.0000
  1   |  0.0700
  2   |  0.5900
  3   |  0.8800
  4   |  0.9700
  5   |  0.9700
  6   |  0.9900
  7   |  1.0000
  8   |  1.0000
  9   |  1.0000
------+--------
                                               
 
 
 
 INDICES OF SPAWNING BIOMASS                                                    
  
 ----------------------------
 
          INDEX
        -------
------+------------------------------------------------------------------------------------------------------------------------
      |    1972    1973    1974    1975    1976    1977    1978    1979    1980    1981    1982    1983    1984    1985    1986
------+------------------------------------------------------------------------------------------------------------------------
  1   | ******* ******* ******* ******* ******* ******* ******* ******* ******* ******* ******* ******* ******* ******* *******
------+------------------------------------------------------------------------------------------------------------------------
       x 10 ^ 3                                
 
 
          INDEX
        -------
------+------------------------------------------------------------------------------------------------------------------------
      |    1987    1988    1989    1990    1991    1992    1993    1994    1995    1996    1997    1998    1999    2000    2001
------+------------------------------------------------------------------------------------------------------------------------
  1   | *******  235.08  219.46  202.43  232.47  257.25  253.74  227.82  213.00  193.45  203.49  206.99  238.03  249.53  288.46
------+------------------------------------------------------------------------------------------------------------------------
       x 10 ^ 3                                
 
 
          INDEX
        -------
------+--------
      |    2002
------+--------
  1   |  310.85
------+--------
       x 10 ^ 3                                
 
 
 
 AGE-STRUCTURED INDICES                                                         
  
 -----------------------
 
        FLT01: Dummy survey
        -------------------
------+--------------------------------
AGE   |    1981    1982    1983    1984
------+--------------------------------
  1   |  266.10  203.00   43.60   15.24
  2   |  506.40  435.90  712.70   79.51
  3   |  225.10  483.60  444.60  661.83
  4   |   31.70  184.10  391.60  374.60
  5   |  174.80   24.70  130.40  238.20
  6   |  158.50  136.60   20.20   92.00
  7   |   99.50  108.60   91.30   15.54
  8   |  116.60   84.50   70.90   51.47
  9   |   35.30   87.00   47.10   39.27
------+--------------------------------
       x 10 ^ 3                                
 
 
 
        Fishing Mortality (per year)
        ----------------------------
------+------------------------------------------------------------------------------------------------------------------------
AGE   |    1972    1973    1974    1975    1976    1977    1978    1979    1980    1981    1982    1983    1984    1985    1986
------+------------------------------------------------------------------------------------------------------------------------
  0   | 0.00825 0.00755 0.01037 0.00694 0.00714 0.00709 0.00950 0.00730 0.00654 0.00997 0.00550 0.00556 0.00774 0.00735 0.00868
  1   | 0.03123 0.02856 0.03926 0.02626 0.02704 0.02682 0.03594 0.02764 0.02475 0.03775 0.02082 0.02102 0.02930 0.02782 0.03286
  2   | 0.06913 0.06321 0.08690 0.05813 0.05985 0.05936 0.07956 0.06118 0.05478 0.08355 0.04607 0.04653 0.06486 0.06158 0.07273
  3   | 0.13639 0.12472 0.17144 0.11469 0.11807 0.11712 0.15696 0.12069 0.10808 0.16483 0.09090 0.09181 0.12795 0.12148 0.14348
  4   | 0.20851 0.19066 0.26209 0.17533 0.18050 0.17905 0.23995 0.18451 0.16523 0.25199 0.13896 0.14035 0.19561 0.18572 0.21935
  5   | 0.23716 0.21686 0.29810 0.19942 0.20531 0.20365 0.27292 0.20986 0.18793 0.28661 0.15806 0.15963 0.22249 0.21124 0.24949
  6   | 0.26821 0.24525 0.33712 0.22553 0.23218 0.23031 0.30865 0.23734 0.21253 0.32413 0.17875 0.18053 0.25161 0.23889 0.28215
  7   | 0.30727 0.28096 0.38622 0.25837 0.26599 0.26385 0.35360 0.27190 0.24348 0.37133 0.20478 0.20682 0.28826 0.27368 0.32324
  8   | 0.28460 0.26023 0.35772 0.23931 0.24637 0.24438 0.32751 0.25184 0.22551 0.34393 0.18967 0.19156 0.26699 0.25348 0.29939
  9   | 0.28460 0.26023 0.35772 0.23931 0.24637 0.24438 0.32751 0.25184 0.22551 0.34393 0.18967 0.19156 0.26699 0.25348 0.29939
------+------------------------------------------------------------------------------------------------------------------------
                                               
 
 
        Fishing Mortality (per year)
        ----------------------------
------+------------------------------------------------------------------------------------------------------------------------
AGE   |    1987    1988    1989    1990    1991    1992    1993    1994    1995    1996    1997    1998    1999    2000    2001
------+------------------------------------------------------------------------------------------------------------------------
  0   | 0.00558 0.00930 0.00953 0.00683 0.00534 0.00549 0.00828 0.00912 0.01022 0.00805 0.00768 0.00949 0.00709 0.00952 0.00541
  1   | 0.02111 0.03518 0.03607 0.02584 0.02021 0.02077 0.03132 0.03452 0.03868 0.03048 0.02907 0.03591 0.02685 0.03603 0.02048
  2   | 0.04671 0.07786 0.07983 0.05720 0.04474 0.04596 0.06933 0.07641 0.08560 0.06746 0.06434 0.07949 0.05943 0.07975 0.04534
  3   | 0.09216 0.15362 0.15749 0.11285 0.08827 0.09068 0.13679 0.15076 0.16889 0.13310 0.12694 0.15682 0.11724 0.15735 0.08945
  4   | 0.14090 0.23485 0.24077 0.17252 0.13494 0.13863 0.20911 0.23048 0.25819 0.20348 0.19406 0.23974 0.17924 0.24055 0.13675
  5   | 0.16026 0.26711 0.27385 0.19622 0.15348 0.15768 0.23785 0.26214 0.29367 0.23144 0.22072 0.27268 0.20387 0.27360 0.15554
  6   | 0.18123 0.30208 0.30970 0.22191 0.17357 0.17832 0.26898 0.29646 0.33211 0.26173 0.24961 0.30838 0.23055 0.30941 0.17590
  7   | 0.20763 0.34607 0.35480 0.25422 0.19885 0.20429 0.30815 0.33963 0.38048 0.29985 0.28597 0.35329 0.26413 0.35448 0.20152
  8   | 0.19231 0.32054 0.32862 0.23547 0.18418 0.18921 0.28542 0.31457 0.35240 0.27772 0.26486 0.32722 0.24464 0.32832 0.18665
  9   | 0.19231 0.32054 0.32862 0.23547 0.18418 0.18921 0.28542 0.31457 0.35240 0.27772 0.26486 0.32722 0.24464 0.32832 0.18665
------+------------------------------------------------------------------------------------------------------------------------
                                               
 
 
        Fishing Mortality (per year)
        ----------------------------
------+--------
AGE   |    2002
------+--------
  0   | 0.00831
  1   | 0.03146
  2   | 0.06962
  3   | 0.13736
  4   | 0.20999
  5   | 0.23884
  6   | 0.27010
  7   | 0.30944
  8   | 0.28661
  9   | 0.28661
------+--------
                                               
 
 
 
        Population Abundance (1 January)
        --------------------------------
------+------------------------------------------------------------------------------------------------------------------------
AGE   |    1972    1973    1974    1975    1976    1977    1978    1979    1980    1981    1982    1983    1984    1985    1986
------+------------------------------------------------------------------------------------------------------------------------
  0   |  456.09  224.34  456.09  361.17  438.51  528.90  413.21  759.90  202.57  105.69  482.83  481.40  558.82  224.34  202.57
  1   |  374.18  389.33  191.64  388.51  308.71  374.74  452.01  352.29  649.29  173.21   90.07  413.30  412.05  477.27  191.68
  2   |  342.29  312.16  325.67  158.60  325.72  258.62  314.01  375.32  294.96  545.19  143.56   75.92  348.33  344.41  399.52
  3   |  124.04  274.94  252.22  256.97  128.80  264.07  209.77  249.60  303.87  240.34  431.64  118.00   62.38  280.98  278.74
  4   |  179.64   93.15  208.89  182.89  197.21   98.51  202.16  154.32  190.41  234.75  175.43  339.23   92.66   47.24  214.18
  5   |  226.09  125.52   66.26  138.34  132.10  141.71   70.89  136.88  110.45  138.93  157.04  131.40  253.75   65.58   33.77
  6   |   97.98  153.51   86.97   42.33   97.54   92.59   99.50   46.44   95.51   78.78   89.78  115.41   96.41  174.84   45.70
  7   |   73.17   64.50  103.39   53.44   29.08   66.56   63.30   62.90   31.53   66.47   49.03   64.62   82.93   64.52  118.51
  8   |   47.00   46.32   41.91   60.48   35.52   19.18   44.00   38.26   41.25   21.27   39.46   34.39   45.23   53.50   42.24
  9   |   62.02   66.82   71.17   63.10   78.84   71.39   55.37   56.84   55.91   62.15   48.66   57.29   59.72   63.40   75.20
------+------------------------------------------------------------------------------------------------------------------------
       x 10 ^ 6                                
 
 
        Population Abundance (1 January)
        --------------------------------
------+------------------------------------------------------------------------------------------------------------------------
AGE   |    1987    1988    1989    1990    1991    1992    1993    1994    1995    1996    1997    1998    1999    2000    2001
------+------------------------------------------------------------------------------------------------------------------------
  0   |  518.38  350.87  420.79  413.21  202.57  333.68  169.05  558.82  392.36  482.83  518.38  528.90  482.83  759.90  518.38
  1   |  172.84  443.69  299.20  358.74  353.24  173.42  285.63  144.30  476.62  334.27  412.24  442.76  450.93  412.64  647.85
  2   |  159.65  145.66  368.69  248.40  300.89  297.95  146.20  238.26  119.99  394.66  279.07  344.66  367.64  377.84  342.59
  3   |  319.75  131.14  115.98  292.98  201.92  247.65  244.93  117.41  189.99   94.80  317.53  225.23  273.98  298.18  300.28
  4   |  207.84  250.98   96.80   85.28  225.26  159.11  194.68  183.86   86.91  138.11   71.43  240.72  165.72  209.73  219.28
  5   |  148.04  155.38  170.81   65.49   61.77  169.41  119.22  135.94  125.67   57.78   96.99   50.63  163.02  119.23  141.92
  6   |   22.65  108.55  102.39  111.80   46.32   45.60  124.54   80.89   90.02   80.64   39.46   66.94   33.18  114.44   78.06
  7   |   29.66   16.26   69.07   64.66   77.07   33.52   32.84   81.91   51.76   55.59   53.43   26.46   42.33   22.68   72.28
  8   |   73.83   20.74    9.90   41.69   43.16   54.38   23.52   20.77   50.20   30.45   35.45   34.55   16.00   27.98   13.69
  9   |   69.32   96.78   67.78   41.86   51.79   58.10   77.33   63.87   47.31   53.59   48.58   53.00   52.22   40.50   39.04
------+------------------------------------------------------------------------------------------------------------------------
       x 10 ^ 6                                
 
 
        Population Abundance (1 January)
        --------------------------------
------+----------------
AGE   |    2002    2003
------+----------------
  0   |  496.90  373.11
  1   |  443.76  424.15
  2   |  546.31  370.12
  3   |  281.80  438.59
  4   |  236.34  211.42
  5   |  164.61  164.89
  6   |  104.56  111.58
  7   |   56.35   68.69
  8   |   50.86   35.59
  9   |   33.33   54.41
------+----------------
       x 10 ^ 6                                
 
 
 
        Weighting factors for the catches in number
        -------------------------------------------
------+----------------------------------------------------------------------------------------
AGE   |    1992    1993    1994    1995    1996    1997    1998    1999    2000    2001    2002
------+----------------------------------------------------------------------------------------
  0   |  0.0200  0.0200  0.0200  0.0200  0.0200  0.0200  0.0200  0.0200  0.0200  0.0200  0.0200
  1   |  1.0000  1.0000  1.0000  1.0000  1.0000  1.0000  1.0000  1.0000  1.0000  1.0000  1.0000
  2   |  1.0000  1.0000  1.0000  1.0000  1.0000  1.0000  1.0000  1.0000  1.0000  1.0000  1.0000
  3   |  1.0000  1.0000  1.0000  1.0000  1.0000  1.0000  1.0000  1.0000  1.0000  1.0000  1.0000
  4   |  1.0000  1.0000  1.0000  1.0000  1.0000  1.0000  1.0000  1.0000  1.0000  1.0000  1.0000
  5   |  1.0000  1.0000  1.0000  1.0000  1.0000  1.0000  1.0000  1.0000  1.0000  1.0000  1.0000
  6   |  1.0000  1.0000  1.0000  1.0000  1.0000  1.0000  1.0000  1.0000  1.0000  1.0000  1.0000
  7   |  1.0000  1.0000  1.0000  1.0000  1.0000  1.0000  1.0000  1.0000  1.0000  1.0000  1.0000
  8   |  1.0000  1.0000  1.0000  1.0000  1.0000  1.0000  1.0000  1.0000  1.0000  1.0000  1.0000
------+----------------------------------------------------------------------------------------
                                               
 
 
 
 Predicted SSB Index Values                                                     
  
 ---------------------------
 
          INDEX
        -------
------+------------------------------------------------------------------------------------------------------------------------
      |    1972    1973    1974    1975    1976    1977    1978    1979    1980    1981    1982    1983    1984    1985    1986
------+------------------------------------------------------------------------------------------------------------------------
  1   | ******* ******* ******* ******* ******* ******* ******* ******* ******* ******* ******* ******* ******* ******* *******
------+------------------------------------------------------------------------------------------------------------------------
       x 10 ^ 3                                
 
 
          INDEX
        -------
------+------------------------------------------------------------------------------------------------------------------------
      |    1987    1988    1989    1990    1991    1992    1993    1994    1995    1996    1997    1998    1999    2000    2001
------+------------------------------------------------------------------------------------------------------------------------
  1   | *******  235.08  219.46  202.43  232.47  257.25  253.74  227.82  213.00  193.45  203.49  206.99  238.03  249.53  288.46
------+------------------------------------------------------------------------------------------------------------------------
       x 10 ^ 3                                
 
 
          INDEX
        -------
------+--------
      |    2002
------+--------
  1   |  310.85
------+--------
       x 10 ^ 3                                
 
 
 
 Predicted Age-Structured Index Values                                          
  
 --------------------------------------
 
        FLT01: Dummy survey Predicted
        -----------------------------
------+--------------------------------
AGE   |    1981    1982    1983    1984
------+--------------------------------
  1   |    58.7    30.8   141.4   140.3
  2   |   843.9   226.9   119.9   544.8
  3   |   596.4  1115.5   304.8   158.0
  4   |   203.7   162.0   313.0    82.9
  5   |    87.1   105.7    88.4   164.8
  6   |    63.4    78.2   100.5    80.7
  7   |    60.8    49.1    64.7    79.4
  8   |    46.2    93.4    81.3   102.5
  9   |    50.7    43.2    50.9    50.9
------+--------------------------------
       x 10 ^ 3                                
 
 
 
        Fitted Selection Pattern
        ------------------------
------+------------------------------------------------------------------------------------------------------------------------
AGE   |    1972    1973    1974    1975    1976    1977    1978    1979    1980    1981    1982    1983    1984    1985    1986
------+------------------------------------------------------------------------------------------------------------------------
  0   |  0.0348  0.0348  0.0348  0.0348  0.0348  0.0348  0.0348  0.0348  0.0348  0.0348  0.0348  0.0348  0.0348  0.0348  0.0348
  1   |  0.1317  0.1317  0.1317  0.1317  0.1317  0.1317  0.1317  0.1317  0.1317  0.1317  0.1317  0.1317  0.1317  0.1317  0.1317
  2   |  0.2915  0.2915  0.2915  0.2915  0.2915  0.2915  0.2915  0.2915  0.2915  0.2915  0.2915  0.2915  0.2915  0.2915  0.2915
  3   |  0.5751  0.5751  0.5751  0.5751  0.5751  0.5751  0.5751  0.5751  0.5751  0.5751  0.5751  0.5751  0.5751  0.5751  0.5751
  4   |  0.8792  0.8792  0.8792  0.8792  0.8792  0.8792  0.8792  0.8792  0.8792  0.8792  0.8792  0.8792  0.8792  0.8792  0.8792
  5   |  1.0000  1.0000  1.0000  1.0000  1.0000  1.0000  1.0000  1.0000  1.0000  1.0000  1.0000  1.0000  1.0000  1.0000  1.0000
  6   |  1.1309  1.1309  1.1309  1.1309  1.1309  1.1309  1.1309  1.1309  1.1309  1.1309  1.1309  1.1309  1.1309  1.1309  1.1309
  7   |  1.2956  1.2956  1.2956  1.2956  1.2956  1.2956  1.2956  1.2956  1.2956  1.2956  1.2956  1.2956  1.2956  1.2956  1.2956
  8   |  1.2000  1.2000  1.2000  1.2000  1.2000  1.2000  1.2000  1.2000  1.2000  1.2000  1.2000  1.2000  1.2000  1.2000  1.2000
  9   |  1.2000  1.2000  1.2000  1.2000  1.2000  1.2000  1.2000  1.2000  1.2000  1.2000  1.2000  1.2000  1.2000  1.2000  1.2000
------+------------------------------------------------------------------------------------------------------------------------
                                               
 
 
        Fitted Selection Pattern
        ------------------------
------+------------------------------------------------------------------------------------------------------------------------
AGE   |    1987    1988    1989    1990    1991    1992    1993    1994    1995    1996    1997    1998    1999    2000    2001
------+------------------------------------------------------------------------------------------------------------------------
  0   |  0.0348  0.0348  0.0348  0.0348  0.0348  0.0348  0.0348  0.0348  0.0348  0.0348  0.0348  0.0348  0.0348  0.0348  0.0348
  1   |  0.1317  0.1317  0.1317  0.1317  0.1317  0.1317  0.1317  0.1317  0.1317  0.1317  0.1317  0.1317  0.1317  0.1317  0.1317
  2   |  0.2915  0.2915  0.2915  0.2915  0.2915  0.2915  0.2915  0.2915  0.2915  0.2915  0.2915  0.2915  0.2915  0.2915  0.2915
  3   |  0.5751  0.5751  0.5751  0.5751  0.5751  0.5751  0.5751  0.5751  0.5751  0.5751  0.5751  0.5751  0.5751  0.5751  0.5751
  4   |  0.8792  0.8792  0.8792  0.8792  0.8792  0.8792  0.8792  0.8792  0.8792  0.8792  0.8792  0.8792  0.8792  0.8792  0.8792
  5   |  1.0000  1.0000  1.0000  1.0000  1.0000  1.0000  1.0000  1.0000  1.0000  1.0000  1.0000  1.0000  1.0000  1.0000  1.0000
  6   |  1.1309  1.1309  1.1309  1.1309  1.1309  1.1309  1.1309  1.1309  1.1309  1.1309  1.1309  1.1309  1.1309  1.1309  1.1309
  7   |  1.2956  1.2956  1.2956  1.2956  1.2956  1.2956  1.2956  1.2956  1.2956  1.2956  1.2956  1.2956  1.2956  1.2956  1.2956
  8   |  1.2000  1.2000  1.2000  1.2000  1.2000  1.2000  1.2000  1.2000  1.2000  1.2000  1.2000  1.2000  1.2000  1.2000  1.2000
  9   |  1.2000  1.2000  1.2000  1.2000  1.2000  1.2000  1.2000  1.2000  1.2000  1.2000  1.2000  1.2000  1.2000  1.2000  1.2000
------+------------------------------------------------------------------------------------------------------------------------
                                               
 
 
        Fitted Selection Pattern
        ------------------------
------+--------
AGE   |    2002
------+--------
  0   |  0.0348
  1   |  0.1317
  2   |  0.2915
  3   |  0.5751
  4   |  0.8792
  5   |  1.0000
  6   |  1.1309
  7   |  1.2956
  8   |  1.2000
  9   |  1.2000
------+--------
                                               
 
 
 
 
 
                    STOCK SUMMARY                                             
 
 
 ³ Year ³  Recruits  ³  Total  ³ Spawning³ Landings ³ Yield ³ Mean F ³ SoP ³    
 ³      ³   Age   0  ³ Biomass ³ Biomass ³          ³ /SSB  ³  Ages  ³     ³ 
 ³      ³  thousands ³  tonnes ³ tonnes  ³ tonnes   ³ ratio ³  4- 7  ³ (%) ³ 
 
   1972       456080    422237    290017     80277   0.2768   0.2553   100
   1973       224340    402545    276215     65190   0.2360   0.2334    99
   1974       456080    369528    260161     82993   0.3190   0.3209    99
   1975       361160    340878    236184     49568   0.2099   0.2147   100
   1976       438500    334865    230328     49725   0.2159   0.2210    99
   1977       528890    337001    227529     49085   0.2157   0.2192   100
   1978       413210    355180    233249     62967   0.2700   0.2938    99
   1979       759890    350501    237212     47098   0.1985   0.2259    99
   1980       202560    383137    249898     50683   0.2028   0.2023   100
   1981       105690    392125    277253     80839   0.2916   0.3085    99
   1982       482830    328708    262921     45258   0.1721   0.1701    99
   1983       481390    334066    252322     45175   0.1790   0.1718    99
   1984       558820    350523    247137     60050   0.2430   0.2395    99
   1985       224340    369180    258415     62383   0.2414   0.2274   100
   1986       202560    358696    262111     73913   0.2820   0.2686   100
   1987       518370    315369    249115     47787   0.1918   0.1725   100
   1988       350870    323610    235077     78711   0.3348   0.2875   100
   1989       420780    312570    219456     71037   0.3237   0.2948    99
   1990       413210    279403    202428     50031   0.2472   0.2112    99
   1991       202560    313678    232466     41965   0.1805   0.1652   100
   1992       333670    338721    257250     45600   0.1773   0.1697    99
   1993       169040    338298    253744     66934   0.2638   0.2560    99
   1994       558820    302648    227820     72227   0.3170   0.2822   100
   1995       392350    306116    212996     70935   0.3330   0.3161    99
   1996       482830    274607    193445     50406   0.2606   0.2491   100
   1997       518370    294257    203491     47284   0.2324   0.2376    99
   1998       528890    303521    206990     62489   0.3019   0.2935    99
   1999       482830    345664    238028     51487   0.2163   0.2194    99
   2000       759890    360173    249530     74229   0.2975   0.2945    99
   2001       518370    406230    288461     47347   0.1641   0.1674    99
   2002       496900    442813    310846     79526   0.2558   0.2571   100
 
 -----------------------------------------------------------------            
 No of years for separable analysis : 11                                      
 Age range in the analysis : 0  . . . 9                                       
 Year range in the analysis : 1972  . . . 2002                                
 Number of indices of SSB : 1                                                 
 Number of age-structured indices : 1                                         
                                                                              
 Parameters to estimate : 46                                                  
 Number of observations : 150                                                 
                                                                              
 Conventional single selection vector model to be fitted.                     
                                                                              
                                                                              
                                                                              
 -----------------------------------------------------------------            
 
 
 PARAMETER ESTIMATES                                                            
  
 
 ³Parm.³      ³ Maximum ³    ³        ³         ³         ³         ³ Mean of ³ 
  
 ³ No. ³      ³ Likelh. ³ CV ³  Lower ³ Upper   ³  -s.e.  ³   +s.e. ³ Param.  ³ 
  
 ³     ³      ³ Estimate³ (%)³ 95% CL ³ 95% CL  ³         ³         ³ Distrib.³ 
  
 Separable model : F by year                                                    
  
    1   1992     0.1577   1    0.1545    0.1609    0.1561    0.1593    0.1577
    2   1993     0.2378   0    0.2333    0.2425    0.2355    0.2402    0.2379
    3   1994     0.2621   0    0.2572    0.2672    0.2596    0.2647    0.2622
    4   1995     0.2937   0    0.2881    0.2993    0.2908    0.2965    0.2937
    5   1996     0.2314   0    0.2271    0.2359    0.2292    0.2337    0.2314
    6   1997     0.2207   0    0.2166    0.2249    0.2186    0.2229    0.2207
    7   1998     0.2727   0    0.2676    0.2779    0.2701    0.2753    0.2727
    8   1999     0.2039   0    0.2001    0.2077    0.2019    0.2058    0.2039
    9   2000     0.2736   0    0.2685    0.2788    0.2710    0.2763    0.2736
   10   2001     0.1555   0    0.1526    0.1586    0.1540    0.1571    0.1555
   11   2002     0.2388   1    0.2338    0.2440    0.2362    0.2415    0.2389
 
 Separable Model: Selection (S) by age                                          
  
   12      0     0.0348   4    0.0317    0.0382    0.0332    0.0365    0.0348
   13      1     0.1317   0    0.1292    0.1343    0.1304    0.1330    0.1317
   14      2     0.2915   0    0.2862    0.2969    0.2888    0.2942    0.2915
   15      3     0.5751   0    0.5652    0.5852    0.5700    0.5802    0.5751
   16      4     0.8792   0    0.8648    0.8939    0.8718    0.8866    0.8792
           5     1.0000     Fixed : Reference Age             
   17      6     1.1309   0    1.1136    1.1485    1.1220    1.1398    1.1309
   18      7     1.2956   0    1.2759    1.3156    1.2855    1.3058    1.2956
           8     1.2000     Fixed : Last true age             
 
 Separable model: Populations in year 2002                                    
   19      0     496899  15     365286    675930    424705    581364    503060
   20      1     443760   2     422653    465922    432863    454932    443898
   21      2     546304   1     529003    564172    537408    555349    546378
   22      3     281800   1     274525    289268    278064    285585    281825
   23      4     236334   1     231282    241497    233743    238955    236349
   24      5     164609   0     161471    167808    163000    166233    164617
   25      6     104555   0     102652    106493    103580    105539    104560
   26      7      56348   0      55322     57393     55822     56879     56351
   27      8      50859   0      49956     51779     50396     51327     50862
 
Separable model: Populations at age
   28   1992      54375   2      52047     56807     53174     55602     54388
   29   1993      23517   1      22754     24305     23124     23916     23520
   30   1994      20767   1      20191     21360     20471     21068     20770
   31   1995      50200   1      49007     51421     49588     50819     50204
   32   1996      30451   1      29751     31169     30092     30815     30454
   33   1997      35448   1      34720     36191     35075     35826     35450
   34   1998      34546   0      33888     35217     34209     34886     34548
   35   1999      15995   1      15677     16319     15832     16159     15995
   36   2000      27975   0      27454     28506     27708     28244     27976
   37   2001      13692   1      13414     13975     13550     13835     13692
 
 SSB Index catchabilities                                                       
  
   INDEX                                 
 Absolute estimator. No fitted catchability.                                    
  
 
 
 
 Age-structured index catchabilities                                            
  
                                        FLT01: Dummy survey                     
 
 Linear model fitted. Slopes at age :                                           
  
   38   1  Q  .3758      31 .2773     .9593     .3758     .7079     .5423    
   39   2  Q  1.760      31 1.299     4.493     1.760     3.315     2.540    
   40   3  Q  2.951      31 2.177     7.531     2.951     5.557     4.257    
   41   4  Q  1.082      31 .7987     2.763     1.082     2.039     1.562    
   42   5  Q  .7973      31 .5883     2.035     .7973     1.502     1.150    
   43   6  Q  1.044      31 .7706     2.666     1.044     1.967     1.507    
   44   7  Q  1.218      31 .8988     3.109     1.218     2.294     1.757    
   45   8  Q  2.851      31 2.104     7.278     2.851     5.371     4.114    
   46   9  Q  1.071      31 .7906     2.735     1.071     2.018     1.546    
 
 
 
 RESIDUALS ABOUT THE MODEL FIT                                                  
  
 ------------------------------
 
        Separable Model Residuals
        -------------------------
------+----------------------------------------------------------------------------------------
Age   |    1992    1993    1994    1995    1996    1997    1998    1999    2000    2001    2002
------+----------------------------------------------------------------------------------------
  0   | ******* ******* ******* ******* ******* ******* ******* ******* ******* ******* *******
  1   | ******* ******* ******* ******* ******* ******* ******* ******* ******* ******* *******
  2   | ******* ******* ******* ******* ******* ******* ******* ******* ******* ******* *******
  3   | ******* ******* ******* ******* ******* ******* ******* ******* ******* ******* *******
  4   | ******* ******* ******* ******* ******* ******* ******* ******* ******* ******* *******
  5   | ******* ******* ******* ******* ******* ******* ******* ******* ******* ******* *******
  6   | ******* ******* ******* ******* ******* ******* ******* ******* ******* ******* *******
  7   | ******* ******* ******* ******* ******* ******* ******* ******* ******* ******* *******
  8   | ******* ******* ******* ******* ******* ******* ******* ******* ******* ******* *******
------+----------------------------------------------------------------------------------------
                                               
 
 
 
 SPAWNING BIOMASS INDEX RESIDUALS                                               
  
 ---------------------------------
 
          INDEX
        -------
------+------------------------------------------------------------------------------------------------------------------------
      |    1972    1973    1974    1975    1976    1977    1978    1979    1980    1981    1982    1983    1984    1985    1986
------+------------------------------------------------------------------------------------------------------------------------
  1   | ******* ******* ******* ******* ******* ******* ******* ******* ******* ******* ******* ******* ******* ******* *******
------+------------------------------------------------------------------------------------------------------------------------
                                               
 
 
          INDEX
        -------
------+------------------------------------------------------------------------------------------------------------------------
      |    1987    1988    1989    1990    1991    1992    1993    1994    1995    1996    1997    1998    1999    2000    2001
------+------------------------------------------------------------------------------------------------------------------------
  1   | ******* ******* ******* ******* ******* ******* ******* ******* ******* ******* ******* ******* ******* ******* *******
------+------------------------------------------------------------------------------------------------------------------------
                                               
 
 
          INDEX
        -------
------+--------
      |    2002
------+--------
  1   | *******
------+--------
                                               
 
 
 
 AGE-STRUCTURED INDEX RESIDUALS                                                 
  
 -------------------------------
 
        FLT01: Dummy survey
        -------------------
------+--------------------------------
Age   |    1981    1982    1983    1984
------+--------------------------------
  1   |   1.511   1.885  -1.176  -2.220
  2   |  -0.511   0.653   1.782  -1.924
  3   |  -0.974  -0.836   0.377   1.433
  4   |  -1.860   0.128   0.224   1.508
  5   |   0.696  -1.454   0.389   0.368
  6   |   0.917   0.557  -1.604   0.131
  7   |   0.493   0.793   0.345  -1.631
  8   |   0.925  -0.100  -0.136  -0.689
  9   |  -0.363   0.699  -0.077  -0.259
------+--------------------------------
                                               
 
 
 
 
 
 
 PARAMETERS OF THE DISTRIBUTION OF ln(CATCHES AT AGE)                           
  
 -----------------------------------------------------
 
 Separable model fitted from 1992  to 2002                                    
 Variance                             0.0000
Skewness test stat.                   1.2283
Kurtosis test statistic              -0.0343
Partial chi-square                    0.0000
Significance in fit                   0.0000
Degrees of freedom                        62
 
 
 PARAMETERS OF DISTRIBUTIONS OF THE SSB INDICES                                 
  
 -----------------------------------------------
 
 
   DISTRIBUTION STATISTICS FOR   INDEX                                          
 
 
 Index used as absolute measure of abundance                                    
  
 Last age is a plus-group                                                       
  
 
 Variance                             0.0000
Skewness test stat.                   1.3774
Kurtosis test statistic              -0.5938
Partial chi-square                    0.0000
Significance in fit                   0.0000
Number of observations                    15
Degrees of freedom                        15
Weight in the analysis                5.0000
 
 PARAMETERS OF THE DISTRIBUTION OF THE AGE-STRUCTURED INDICES                   
  
 ------------------------------------------------------------ 
 
 
   DISTRIBUTION STATISTICS FOR FLT01: Dummy survey                              
 
 
 Linear catchability relationship assumed                                       
  
 
 Age                          1         2         3         4         5         6         7         8         9
 Variance                0.0045    0.0028    0.0014    0.0021    0.0011    0.0014    0.0014    0.0005    0.0003
Skewness test stat.     -0.0932   -0.1038    0.3220   -0.3500   -0.8749   -0.7185   -0.8610    0.4750    0.7802
Kurtosis test statisti  -0.7375   -0.5388   -0.6030   -0.3926   -0.2944   -0.3583   -0.3005   -0.3776   -0.3395
Partial chi-square       0.0012    0.0007    0.0003    0.0005    0.0003    0.0004    0.0004    0.0001    0.0001
Significance in fit      0.0000    0.0000    0.0000    0.0000    0.0000    0.0000    0.0000    0.0000    0.0000
Number of observations        4         4         4         4         4         4         4         4         4
Degrees of freedom            3         3         3         3         3         3         3         3         3
Weight in the analysis   0.0011    0.0011    0.0011    0.0011    0.0011    0.0011    0.0011    0.0011    0.0011
 
 ANALYSIS OF VARIANCE                   
--------------------------
 
 Unweighted Statistics                                                          
  
 
                                                                                
  
Variance                              
                                       SSQ     Data    Parameters d.f. Variance
Total for model                        41.6905     150         46  104   0.4009
Catches at age                          0.0000      99         37   62   0.0000
  
SSB Indices                           
  INDEX                                 0.0000      15          0   15   0.0000
  
 Aged Indices                                                                   
  
FLT01: Dummy survey                    41.6905      36          9   27   1.5441
 
 
 Weighted Statistics                                                            
  
 
                                                                                
  
Variance                              
                                       SSQ     Data    Parameters d.f. Variance
Total for model                         0.0001     150         46  104   0.0000
Catches at age                          0.0000      99         37   62   0.0000
  
SSB Indices                           
  INDEX                                 0.0000      15          0   15   0.0000
  
 Aged Indices                                                                   
  
FLT01: Dummy survey                     0.0001      36          9   27   0.0000
 
