 ICA v1_3 TUNING DIAGNOSTICS FILE
   1       1
 F         SSQ
  0.05  27.70632613      23.01122894      4.695097186    
  0.10  14.25053784      9.577477759      4.673060081    
  0.15  9.124004365      4.462103089      4.661901276    
  0.20  6.833518229      2.178434488      4.655083741    
  0.25  5.776956560      1.126438384      4.650518176    
  0.30  5.322645818     0.6753472848      4.647298533    
  0.35  5.183207097     0.5382558398      4.644951258    
  0.40  5.215706802     0.5725058372      4.643200965    
  0.45  5.344370313     0.7024963843      4.641873929    
  0.50  5.527083791     0.8862286032      4.640855188    
  0.55  5.739580318      1.099514432      4.640065886    
  0.60  5.967497222      1.328046791      4.639450431    
  0.65  6.202162475      1.563193718      4.638968757    
  0.70  6.438282550      1.799691100      4.638591450    
  0.75  6.672617596      2.034321031      4.638296565    
  0.80  6.903207805      2.265140311      4.638067494    
  0.85  7.128895832      2.491004330      4.637891502    
  0.90  7.349040469      2.711281763      4.637758706    
  0.95  7.563340469      2.925679120      4.637661349    
  1.00  7.771707488      3.134114211      4.637593278    
