 Output Generated by ICA Version 1.4                                            
  
 ------------------------------------
 
        Mackerel NE Atlantic  WG2003
        ----------------------------
 
        Catch in Number
        ---------------
------+------------------------------------------------------------------------------------------------------------------------
AGE   |    1972    1973    1974    1975    1976    1977    1978    1979    1980    1981    1982    1983    1984    1985    1986
------+------------------------------------------------------------------------------------------------------------------------
  0   |    620.   3828.   5152.   1597.   2735.   3568.    835.   2873.   2754.   4185.   1349.   2823.   4056.   4397.   3450.
  1   |   3167.   2247.  16048.  13868.   3681.  10938.   8607.   4306.   8102.  10120.  13204.   4218.  11087.  11849.  10752.
  2   |  16954.   6553.   5341.  24489.  18247.   8406.  15095.  25266.   6899.  16896.  18092.  23405.   9354.  18269.  16444.
  3   |  22974.  29952.  13157.   6887.  27562.  35637.   9957.  37714.  34318.  12173.  25499.  27097.  43544.  12913.  21469.
  4   |  24459.  29722.  43483.  12222.   5671.  39536.  31038.  18189.  37085.  43829.  13237.  27550.  36108.  42830.  10951.
  5   |  17869.  22603.  30594.  28401.   7151.   5828.  24579.  40600.  12632.  33552.  33586.  10086.  25832.  24789.  25546.
  6   |  17769.  16026.  22459.  19254.  16120.   7142.   3522.  31185.  27228.  11036.  24777.  24673.   9091.  17008.  14257.
  7   |  13748.  15691.  15579.  13806.  10758.  15874.   4260.   4396.  20478.  23285.   7960.  17789.  21656.   5814.   9564.
  8   |   2964.   9749.  12256.   7635.   6158.   8521.   7571.   4288.   2306.  14044.  13427.   4569.  12518.  11034.   2604.
  9   |   9851.   8758.  14831.  13760.   9606.  13153.  10303.  18002.  11735.   9213.  13352.  15399.  14801.  14970.  11581.
------+------------------------------------------------------------------------------------------------------------------------
       x 10 ^ 3                                
 
 
        Catch in Number
        ---------------
------+------------------------------------------------------------------------------------------------------------------------
AGE   |    1987    1988    1989    1990    1991    1992    1993    1994    1995    1996    1997    1998    1999    2000    2001
------+------------------------------------------------------------------------------------------------------------------------
  0   |   2109.   1644.   3470.   3026.   4307.   3739.   2051.   3388.   4202.   3041.   2984.   6113.   3242.   4282.   2423.
  1   |   9184.   8802.   4806.  10442.  12949.  10601.  10512.   8932.  12876.  13227.   9501.   8638.  15258.  13684.  11869.
  2   |  16345.  21841.  14643.   8245.  25360.  18113.  17023.  26055.  19189.  22862.  23324.  15554.  12263.  36558.  21519.
  3   |  21383.  33111.  30899.  21432.  16953.  30108.  24894.  35877.  47057.  28543.  33806.  32145.  18768.  24875.  48640.
  4   |  20448.  31661.  34059.  33041.  31956.  14573.  30342.  38270.  46516.  49917.  30137.  33412.  28142.  27608.  23888.
  5   |   7429.  21627.  23088.  25921.  35009.  19374.  10475.  33289.  34955.  34501.  36881.  20890.  20666.  29413.  18678.
  6   |  16819.   7619.  15258.  17035.  26545.  20495.  13522.  11136.  29258.  24875.  24469.  24586.  12488.  20876.  19190.
  7   |   9245.  16967.   5275.  11073.  17092.  15219.  14097.  14124.   9541.  20233.  17154.  15897.  14408.  12359.  13316.
  8   |   4961.   7501.   9394.   3066.   8932.   7810.   8381.  11847.   9699.   5265.  11134.   8888.   7430.  11462.   6291.
  9   |   7024.  10111.   9614.  11016.  11946.   9701.   9758.  15166.  19720.  16674.  12052.  11967.   9721.  13990.  13731.
------+------------------------------------------------------------------------------------------------------------------------
       x 10 ^ 3                                
 
 
        Catch in Number
        ---------------
------+--------
AGE   |    2002
------+--------
  0   |   1653.
  1   |   8697.
  2   |  24158.
  3   |  37026.
  4   |  60482.
  5   |  21013.
  6   |  15855.
  7   |  15934.
  8   |   8862.
  9   |  13419.
------+--------
       x 10 ^ 3                                
 
 
 
        Predicted Catch in Number
        -------------------------
------+----------------------------------------------------------------------------------------
AGE   |    1992    1993    1994    1995    1996    1997    1998    1999    2000    2001    2002
------+----------------------------------------------------------------------------------------
  0   |   3739.   2051.   3388.   4202.   3041.   2984.   6114.   3242.   4282.   2423.   1653.
  1   |  10602.  10513.   8932.  12875.  13226.   9500.   8637.  15259.  13682.  11867.   8697.
  2   |  18115.  17025.  26057.  19189.  22860.  23323.  15553.  12261.  36559.  21514.  24157.
  3   |  30111.  24896.  35881.  47059.  28542.  33803.  32143.  18766.  24870.  48638.  37022.
  4   |  14575.  30345.  38274.  46519.  49920.  30137.  33410.  28139.  27605.  23883.  60492.
  5   |  19375.  10476.  33291.  34956.  34502.  36881.  20889.  20663.  29409.  18674.  21012.
  6   |  20493.  13522.  11136.  29257.  24875.  24470.  24586.  12487.  20872.  19186.  15854.
  7   |  15219.  14095.  14123.   9541.  20233.  17155.  15897.  14408.  12358.  13313.  15934.
  8   |   7810.   8381.  11846.   9699.   5265.  11135.   8889.   7430.  11462.   6290.   8862.
------+----------------------------------------------------------------------------------------
       x 10 ^ 3                                
 
 
 
        Weights at age in the catches (Kg)
        ----------------------------------
------+------------------------------------------------------------------------------------------------------------------------
AGE   |    1972    1973    1974    1975    1976    1977    1978    1979    1980    1981    1982    1983    1984    1985    1986
------+------------------------------------------------------------------------------------------------------------------------
  0   | 0.05200 0.05000 0.05100 0.05000 0.05900 0.05600 0.03600 0.01600 0.05700 0.06000 0.05300 0.05000 0.03100 0.05500 0.03900
  1   | 0.13500 0.14500 0.13600 0.14800 0.13700 0.13600 0.13500 0.13700 0.13100 0.13200 0.13100 0.16800 0.10200 0.14400 0.14600
  2   | 0.27700 0.19400 0.22900 0.17700 0.20700 0.16900 0.16100 0.16100 0.24900 0.24800 0.24900 0.21900 0.18400 0.26200 0.24500
  3   | 0.34100 0.28500 0.26100 0.25900 0.26300 0.27500 0.25000 0.24300 0.28500 0.28700 0.28500 0.27600 0.29500 0.35700 0.33500
  4   | 0.42300 0.36800 0.33400 0.32300 0.32000 0.33300 0.32500 0.31800 0.34500 0.34400 0.34500 0.31000 0.32600 0.41800 0.42300
  5   | 0.46800 0.44800 0.39200 0.34800 0.34600 0.35200 0.34500 0.34800 0.37800 0.37700 0.37800 0.38600 0.34400 0.41700 0.47100
  6   | 0.46800 0.46800 0.48100 0.43000 0.40600 0.40700 0.40300 0.40100 0.45400 0.45400 0.45400 0.42500 0.43100 0.43600 0.44400
  7   | 0.50800 0.50800 0.50800 0.48800 0.44300 0.44600 0.42100 0.41600 0.49800 0.49900 0.49600 0.43500 0.54200 0.52100 0.45700
  8   | 0.53900 0.53900 0.53900 0.53900 0.51800 0.54600 0.51800 0.50600 0.52000 0.51300 0.51300 0.49800 0.48000 0.55500 0.54300
  9   | 0.60077 0.60645 0.59659 0.59741 0.59886 0.58939 0.56666 0.53662 0.57198 0.57103 0.55346 0.57308 0.61754 0.62366 0.60289
------+------------------------------------------------------------------------------------------------------------------------
                                               
 
 
        Weights at age in the catches (Kg)
        ----------------------------------
------+------------------------------------------------------------------------------------------------------------------------
AGE   |    1987    1988    1989    1990    1991    1992    1993    1994    1995    1996    1997    1998    1999    2000    2001
------+------------------------------------------------------------------------------------------------------------------------
  0   | 0.07600 0.05500 0.04900 0.08500 0.06800 0.05100 0.06100 0.04600 0.07200 0.05800 0.07600 0.06500 0.06200 0.06300 0.06900
  1   | 0.17900 0.13300 0.13600 0.15600 0.15600 0.16700 0.13400 0.13600 0.14300 0.14300 0.14300 0.15700 0.17600 0.13500 0.17100
  2   | 0.22300 0.25900 0.23700 0.23300 0.25300 0.23900 0.24000 0.25500 0.23400 0.22600 0.23000 0.22700 0.23600 0.22900 0.22300
  3   | 0.31800 0.32300 0.32000 0.33600 0.32700 0.33300 0.31700 0.33900 0.33300 0.31300 0.29500 0.31000 0.30700 0.30800 0.30700
  4   | 0.39900 0.38800 0.37700 0.37900 0.39400 0.39700 0.37600 0.39000 0.39000 0.37700 0.35900 0.35400 0.36100 0.36700 0.37800
  5   | 0.47400 0.45600 0.43300 0.42300 0.42300 0.46000 0.43600 0.44800 0.45200 0.42500 0.41500 0.40800 0.40600 0.42900 0.42600
  6   | 0.51200 0.52400 0.45600 0.46700 0.46900 0.49500 0.48300 0.51200 0.50100 0.48400 0.45300 0.45200 0.45400 0.46700 0.47700
  7   | 0.49300 0.55500 0.54300 0.52800 0.50600 0.53200 0.52700 0.54300 0.53900 0.51800 0.48100 0.46200 0.50100 0.50400 0.49900
  8   | 0.49800 0.55500 0.59200 0.55200 0.55400 0.55500 0.54800 0.59000 0.57700 0.55100 0.52400 0.51800 0.53700 0.53700 0.54300
  9   | 0.62947 0.60809 0.61198 0.60856 0.63894 0.63173 0.60710 0.61720 0.61085 0.59908 0.58472 0.57279 0.59133 0.58499 0.60233
------+------------------------------------------------------------------------------------------------------------------------
                                               
 
 
        Weights at age in the catches (Kg)
        ----------------------------------
------+--------
AGE   |    2002
------+--------
  0   | 0.05200
  1   | 0.15900
  2   | 0.25500
  3   | 0.30700
  4   | 0.36900
  5   | 0.42600
  6   | 0.46400
  7   | 0.51400
  8   | 0.53900
  9   | 0.61002
------+--------
                                               
 
 
 
        Weights at age in the stock (Kg)
        --------------------------------
------+------------------------------------------------------------------------------------------------------------------------
AGE   |    1972    1973    1974    1975    1976    1977    1978    1979    1980    1981    1982    1983    1984    1985    1986
------+------------------------------------------------------------------------------------------------------------------------
  0   | 0.00800 0.00800 0.00800 0.00800 0.00800 0.00800 0.00800 0.00800 0.00800 0.00800 0.00800 0.00800 0.00000 0.00000 0.00000
  1   | 0.13200 0.13200 0.13000 0.12900 0.12800 0.12700 0.11100 0.11000 0.10900 0.08700 0.08600 0.08600 0.08100 0.08500 0.07700
  2   | 0.17800 0.17700 0.17300 0.17100 0.17000 0.16700 0.17500 0.17400 0.17300 0.18600 0.13500 0.17200 0.19400 0.16500 0.17900
  3   | 0.24300 0.24200 0.23800 0.23600 0.23600 0.23300 0.23800 0.23700 0.23600 0.25200 0.22100 0.23500 0.25300 0.29300 0.26700
  4   | 0.41100 0.30100 0.29600 0.29400 0.29300 0.28900 0.30000 0.29900 0.29700 0.31300 0.28000 0.28000 0.29500 0.30600 0.30400
  5   | 0.35500 0.43800 0.32200 0.31800 0.31800 0.31300 0.34600 0.34500 0.34300 0.32300 0.38500 0.33900 0.32400 0.34100 0.35600
  6   | 0.39800 0.39800 0.46900 0.36500 0.36500 0.36100 0.38200 0.38000 0.37900 0.37800 0.35300 0.37700 0.39300 0.38400 0.35100
  7   | 0.43300 0.43300 0.43300 0.49700 0.41900 0.41600 0.41000 0.40800 0.40700 0.41900 0.40800 0.40400 0.43600 0.43000 0.41600
  8   | 0.45900 0.45900 0.45900 0.45900 0.51200 0.44600 0.43200 0.43000 0.42900 0.43400 0.43700 0.43900 0.44100 0.45900 0.47300
  9   | 0.51474 0.52085 0.51127 0.51114 0.51390 0.53569 0.50026 0.48789 0.49488 0.49496 0.47045 0.49732 0.50844 0.52898 0.47514
------+------------------------------------------------------------------------------------------------------------------------
                                               
 
 
        Weights at age in the stock (Kg)
        --------------------------------
------+------------------------------------------------------------------------------------------------------------------------
AGE   |    1987    1988    1989    1990    1991    1992    1993    1994    1995    1996    1997    1998    1999    2000    2001
------+------------------------------------------------------------------------------------------------------------------------
  0   | 0.00000 0.00000 0.00000 0.00000 0.00000 0.00000 0.00000 0.00000 0.00000 0.00000 0.00000 0.00000 0.00000 0.00000 0.00000
  1   | 0.07800 0.07200 0.07600 0.07400 0.07500 0.07800 0.07800 0.07900 0.08100 0.07600 0.07600 0.07700 0.08100 0.07400 0.07800
  2   | 0.14800 0.15600 0.17700 0.13800 0.15500 0.21200 0.19700 0.17800 0.16400 0.13300 0.18600 0.14900 0.19400 0.18500 0.16400
  3   | 0.24000 0.23700 0.24400 0.22200 0.23000 0.25900 0.26800 0.23700 0.26700 0.25100 0.22800 0.22300 0.24200 0.23500 0.24100
  4   | 0.28600 0.30100 0.30600 0.28700 0.30700 0.31000 0.31500 0.30100 0.32600 0.31700 0.29600 0.28500 0.30100 0.28900 0.34200
  5   | 0.37400 0.32900 0.35200 0.33900 0.35700 0.36200 0.36000 0.36100 0.39800 0.36600 0.36100 0.34200 0.35300 0.35000 0.39000
  6   | 0.38600 0.42300 0.38000 0.37300 0.40900 0.40200 0.41600 0.41300 0.44800 0.44400 0.40200 0.40000 0.39600 0.39000 0.44600
  7   | 0.41100 0.44500 0.42900 0.41400 0.43200 0.42400 0.45400 0.46600 0.49100 0.46200 0.44500 0.42600 0.42300 0.42600 0.45900
  8   | 0.42900 0.43200 0.47400 0.40900 0.50200 0.46200 0.46500 0.47000 0.50800 0.50100 0.47800 0.46600 0.44000 0.44700 0.49900
  9   | 0.49130 0.52956 0.48733 0.47441 0.56382 0.52195 0.51481 0.52716 0.55728 0.58502 0.53928 0.52476 0.49587 0.49976 0.55960
------+------------------------------------------------------------------------------------------------------------------------
                                               
 
 
        Weights at age in the stock (Kg)
        --------------------------------
------+--------
AGE   |    2002
------+--------
  0   | 0.00000
  1   | 0.07800
  2   | 0.18100
  3   | 0.23900
  4   | 0.31100
  5   | 0.36400
  6   | 0.41100
  7   | 0.43600
  8   | 0.46200
  9   | 0.52176
------+--------
                                               
 
 
 
        Natural Mortality (per year)
        ----------------------------
------+------------------------------------------------------------------------------------------------------------------------
AGE   |    1972    1973    1974    1975    1976    1977    1978    1979    1980    1981    1982    1983    1984    1985    1986
------+------------------------------------------------------------------------------------------------------------------------
  0   | 0.15000 0.15000 0.15000 0.15000 0.15000 0.15000 0.15000 0.15000 0.15000 0.15000 0.15000 0.15000 0.15000 0.15000 0.15000
  1   | 0.15000 0.15000 0.15000 0.15000 0.15000 0.15000 0.15000 0.15000 0.15000 0.15000 0.15000 0.15000 0.15000 0.15000 0.15000
  2   | 0.15000 0.15000 0.15000 0.15000 0.15000 0.15000 0.15000 0.15000 0.15000 0.15000 0.15000 0.15000 0.15000 0.15000 0.15000
  3   | 0.15000 0.15000 0.15000 0.15000 0.15000 0.15000 0.15000 0.15000 0.15000 0.15000 0.15000 0.15000 0.15000 0.15000 0.15000
  4   | 0.15000 0.15000 0.15000 0.15000 0.15000 0.15000 0.15000 0.15000 0.15000 0.15000 0.15000 0.15000 0.15000 0.15000 0.15000
  5   | 0.15000 0.15000 0.15000 0.15000 0.15000 0.15000 0.15000 0.15000 0.15000 0.15000 0.15000 0.15000 0.15000 0.15000 0.15000
  6   | 0.15000 0.15000 0.15000 0.15000 0.15000 0.15000 0.15000 0.15000 0.15000 0.15000 0.15000 0.15000 0.15000 0.15000 0.15000
  7   | 0.15000 0.15000 0.15000 0.15000 0.15000 0.15000 0.15000 0.15000 0.15000 0.15000 0.15000 0.15000 0.15000 0.15000 0.15000
  8   | 0.15000 0.15000 0.15000 0.15000 0.15000 0.15000 0.15000 0.15000 0.15000 0.15000 0.15000 0.15000 0.15000 0.15000 0.15000
  9   | 0.15000 0.15000 0.15000 0.15000 0.15000 0.15000 0.15000 0.15000 0.15000 0.15000 0.15000 0.15000 0.15000 0.15000 0.15000
------+------------------------------------------------------------------------------------------------------------------------
                                               
 
 
        Natural Mortality (per year)
        ----------------------------
------+------------------------------------------------------------------------------------------------------------------------
AGE   |    1987    1988    1989    1990    1991    1992    1993    1994    1995    1996    1997    1998    1999    2000    2001
------+------------------------------------------------------------------------------------------------------------------------
  0   | 0.15000 0.15000 0.15000 0.15000 0.15000 0.15000 0.15000 0.15000 0.15000 0.15000 0.15000 0.15000 0.15000 0.15000 0.15000
  1   | 0.15000 0.15000 0.15000 0.15000 0.15000 0.15000 0.15000 0.15000 0.15000 0.15000 0.15000 0.15000 0.15000 0.15000 0.15000
  2   | 0.15000 0.15000 0.15000 0.15000 0.15000 0.15000 0.15000 0.15000 0.15000 0.15000 0.15000 0.15000 0.15000 0.15000 0.15000
  3   | 0.15000 0.15000 0.15000 0.15000 0.15000 0.15000 0.15000 0.15000 0.15000 0.15000 0.15000 0.15000 0.15000 0.15000 0.15000
  4   | 0.15000 0.15000 0.15000 0.15000 0.15000 0.15000 0.15000 0.15000 0.15000 0.15000 0.15000 0.15000 0.15000 0.15000 0.15000
  5   | 0.15000 0.15000 0.15000 0.15000 0.15000 0.15000 0.15000 0.15000 0.15000 0.15000 0.15000 0.15000 0.15000 0.15000 0.15000
  6   | 0.15000 0.15000 0.15000 0.15000 0.15000 0.15000 0.15000 0.15000 0.15000 0.15000 0.15000 0.15000 0.15000 0.15000 0.15000
  7   | 0.15000 0.15000 0.15000 0.15000 0.15000 0.15000 0.15000 0.15000 0.15000 0.15000 0.15000 0.15000 0.15000 0.15000 0.15000
  8   | 0.15000 0.15000 0.15000 0.15000 0.15000 0.15000 0.15000 0.15000 0.15000 0.15000 0.15000 0.15000 0.15000 0.15000 0.15000
  9   | 0.15000 0.15000 0.15000 0.15000 0.15000 0.15000 0.15000 0.15000 0.15000 0.15000 0.15000 0.15000 0.15000 0.15000 0.15000
------+------------------------------------------------------------------------------------------------------------------------
                                               
 
 
        Natural Mortality (per year)
        ----------------------------
------+--------
AGE   |    2002
------+--------
  0   | 0.15000
  1   | 0.15000
  2   | 0.15000
  3   | 0.15000
  4   | 0.15000
  5   | 0.15000
  6   | 0.15000
  7   | 0.15000
  8   | 0.15000
  9   | 0.15000
------+--------
                                               
 
 
 
        Proportion of fish spawning
        ---------------------------
------+------------------------------------------------------------------------------------------------------------------------
AGE   |    1972    1973    1974    1975    1976    1977    1978    1979    1980    1981    1982    1983    1984    1985    1986
------+------------------------------------------------------------------------------------------------------------------------
  0   |  0.0000  0.0000  0.0000  0.0000  0.0000  0.0000  0.0000  0.0000  0.0000  0.0000  0.0000  0.0000  0.0000  0.0000  0.0000
  1   |  0.0500  0.0500  0.0500  0.0600  0.0600  0.0600  0.0600  0.0600  0.0600  0.0700  0.0700  0.0700  0.0700  0.0700  0.0700
  2   |  0.5300  0.5400  0.5400  0.5500  0.5500  0.5500  0.5600  0.5600  0.5700  0.5700  0.5700  0.5800  0.5800  0.5800  0.5800
  3   |  0.9000  0.9000  0.9000  0.8900  0.8900  0.8900  0.8900  0.8900  0.8900  0.8800  0.8800  0.8800  0.8800  0.8800  0.8800
  4   |  0.9800  0.9800  0.9800  0.9800  0.9800  0.9800  0.9800  0.9800  0.9800  0.9800  0.9800  0.9800  0.9700  0.9700  0.9700
  5   |  0.9800  0.9800  0.9800  0.9800  0.9800  0.9800  0.9800  0.9800  0.9800  0.9800  0.9800  0.9800  0.9700  0.9700  0.9700
  6   |  0.9900  0.9900  0.9900  0.9900  0.9900  0.9900  0.9900  0.9900  0.9900  0.9900  0.9900  0.9900  0.9900  0.9900  0.9900
  7   |  1.0000  1.0000  1.0000  1.0000  1.0000  1.0000  1.0000  1.0000  1.0000  1.0000  1.0000  1.0000  1.0000  1.0000  1.0000
  8   |  1.0000  1.0000  1.0000  1.0000  1.0000  1.0000  1.0000  1.0000  1.0000  1.0000  1.0000  1.0000  1.0000  1.0000  1.0000
  9   |  1.0000  1.0000  1.0000  1.0000  1.0000  1.0000  1.0000  1.0000  1.0000  1.0000  1.0000  1.0000  1.0000  1.0000  1.0000
------+------------------------------------------------------------------------------------------------------------------------
                                               
 
 
        Proportion of fish spawning
        ---------------------------
------+------------------------------------------------------------------------------------------------------------------------
AGE   |    1987    1988    1989    1990    1991    1992    1993    1994    1995    1996    1997    1998    1999    2000    2001
------+------------------------------------------------------------------------------------------------------------------------
  0   |  0.0000  0.0000  0.0000  0.0000  0.0000  0.0000  0.0000  0.0000  0.0000  0.0000  0.0000  0.0000  0.0000  0.0000  0.0000
  1   |  0.0700  0.0700  0.0700  0.0700  0.0700  0.0700  0.0700  0.0700  0.0700  0.0700  0.0700  0.0700  0.0700  0.0700  0.0700
  2   |  0.5800  0.5800  0.5800  0.5800  0.5800  0.5800  0.5800  0.5800  0.5800  0.5800  0.5800  0.5800  0.5800  0.5800  0.5900
  3   |  0.8800  0.8800  0.8800  0.8800  0.8800  0.8800  0.8800  0.8800  0.8800  0.8800  0.8800  0.8600  0.8600  0.8600  0.8800
  4   |  0.9700  0.9700  0.9700  0.9700  0.9700  0.9700  0.9700  0.9700  0.9700  0.9700  0.9700  0.9800  0.9800  0.9800  0.9700
  5   |  0.9700  0.9700  0.9700  0.9700  0.9700  0.9700  0.9700  0.9700  0.9700  0.9700  0.9700  0.9800  0.9800  0.9800  0.9700
  6   |  0.9900  0.9900  0.9900  0.9900  0.9900  0.9900  0.9900  0.9900  0.9900  0.9900  0.9900  0.9900  0.9900  0.9900  0.9900
  7   |  1.0000  1.0000  1.0000  1.0000  1.0000  1.0000  1.0000  1.0000  1.0000  1.0000  1.0000  1.0000  1.0000  1.0000  1.0000
  8   |  1.0000  1.0000  1.0000  1.0000  1.0000  1.0000  1.0000  1.0000  1.0000  1.0000  1.0000  1.0000  1.0000  1.0000  1.0000
  9   |  1.0000  1.0000  1.0000  1.0000  1.0000  1.0000  1.0000  1.0000  1.0000  1.0000  1.0000  1.0000  1.0000  1.0000  1.0000
------+------------------------------------------------------------------------------------------------------------------------
                                               
 
 
        Proportion of fish spawning
        ---------------------------
------+--------
AGE   |    2002
------+--------
  0   |  0.0000
  1   |  0.0700
  2   |  0.5900
  3   |  0.8800
  4   |  0.9700
  5   |  0.9700
  6   |  0.9900
  7   |  1.0000
  8   |  1.0000
  9   |  1.0000
------+--------
                                               
 
 
 
 INDICES OF SPAWNING BIOMASS                                                    
  
 ----------------------------
 
          INDEX
        -------
------+------------------------------------------------------------------------------------------------------------------------
      |    1972    1973    1974    1975    1976    1977    1978    1979    1980    1981    1982    1983    1984    1985    1986
------+------------------------------------------------------------------------------------------------------------------------
  1   | ******* ******* ******* ******* ******* ******* ******* ******* ******* ******* ******* ******* ******* ******* *******
------+------------------------------------------------------------------------------------------------------------------------
       x 10 ^ 3                                
 
 
          INDEX
        -------
------+------------------------------------------------------------------------------------------------------------------------
      |    1987    1988    1989    1990    1991    1992    1993    1994    1995    1996    1997    1998    1999    2000    2001
------+------------------------------------------------------------------------------------------------------------------------
  1   | *******  236.79  250.86  228.97  244.02  261.74  284.34  289.31  305.36  271.81  252.39  228.34  232.92  249.82  286.95
------+------------------------------------------------------------------------------------------------------------------------
       x 10 ^ 3                                
 
 
          INDEX
        -------
------+--------
      |    2002
------+--------
  1   |  289.63
------+--------
       x 10 ^ 3                                
 
 
 
 AGE-STRUCTURED INDICES                                                         
  
 -----------------------
 
        FLT01: Dummy survey
        -------------------
------+--------------------------------
AGE   |    1981    1982    1983    1984
------+--------------------------------
  1   |  266.10  203.00   43.60   15.24
  2   |  506.40  435.90  712.70   79.51
  3   |  225.10  483.60  444.60  661.83
  4   |   31.70  184.10  391.60  374.60
  5   |  174.80   24.70  130.40  238.20
  6   |  158.50  136.60   20.20   92.00
  7   |   99.50  108.60   91.30   15.54
  8   |  116.60   84.50   70.90   51.47
  9   |   35.30   87.00   47.10   39.27
------+--------------------------------
       x 10 ^ 3                                
 
 
 
        Fishing Mortality (per year)
        ----------------------------
------+------------------------------------------------------------------------------------------------------------------------
AGE   |    1972    1973    1974    1975    1976    1977    1978    1979    1980    1981    1982    1983    1984    1985    1986
------+------------------------------------------------------------------------------------------------------------------------
  0   | 0.00633 0.00717 0.00942 0.00794 0.00570 0.00711 0.00534 0.00860 0.00759 0.00873 0.00863 0.00845 0.01043 0.00957 0.00732
  1   | 0.02396 0.02713 0.03565 0.03004 0.02156 0.02690 0.02019 0.03255 0.02871 0.03304 0.03266 0.03198 0.03948 0.03623 0.02770
  2   | 0.05304 0.06004 0.07891 0.06649 0.04773 0.05954 0.04469 0.07205 0.06354 0.07313 0.07230 0.07079 0.08739 0.08020 0.06132
  3   | 0.10464 0.11846 0.15569 0.13118 0.09417 0.11747 0.08817 0.14215 0.12536 0.14428 0.14263 0.13967 0.17241 0.15822 0.12097
  4   | 0.15997 0.18110 0.23802 0.20055 0.14396 0.17959 0.13480 0.21732 0.19166 0.22058 0.21805 0.21352 0.26358 0.24188 0.18494
  5   | 0.18195 0.20599 0.27072 0.22810 0.16374 0.20426 0.15332 0.24718 0.21799 0.25089 0.24801 0.24286 0.29980 0.27511 0.21035
  6   | 0.20577 0.23295 0.30616 0.25796 0.18518 0.23100 0.17339 0.27954 0.24652 0.28373 0.28048 0.27465 0.33904 0.31113 0.23789
  7   | 0.23574 0.26688 0.35075 0.29553 0.21214 0.26465 0.19864 0.32025 0.28243 0.32505 0.32133 0.31465 0.38842 0.35644 0.27254
  8   | 0.21835 0.24719 0.32487 0.27373 0.19649 0.24512 0.18398 0.29662 0.26159 0.30107 0.29762 0.29144 0.35976 0.33014 0.25243
  9   | 0.21835 0.24719 0.32487 0.27373 0.19649 0.24512 0.18398 0.29662 0.26159 0.30107 0.29762 0.29144 0.35976 0.33014 0.25243
------+------------------------------------------------------------------------------------------------------------------------
                                               
 
 
        Fishing Mortality (per year)
        ----------------------------
------+------------------------------------------------------------------------------------------------------------------------
AGE   |    1987    1988    1989    1990    1991    1992    1993    1994    1995    1996    1997    1998    1999    2000    2001
------+------------------------------------------------------------------------------------------------------------------------
  0   | 0.00607 0.00792 0.00723 0.00679 0.00910 0.00700 0.00613 0.00835 0.00997 0.00986 0.00968 0.00878 0.00684 0.00905 0.00785
  1   | 0.02299 0.02998 0.02738 0.02570 0.03445 0.02650 0.02321 0.03161 0.03773 0.03732 0.03662 0.03323 0.02590 0.03425 0.02970
  2   | 0.05087 0.06636 0.06060 0.05689 0.07626 0.05864 0.05137 0.06997 0.08351 0.08260 0.08105 0.07356 0.05733 0.07580 0.06574
  3   | 0.10037 0.13092 0.11957 0.11225 0.15045 0.11570 0.10136 0.13805 0.16476 0.16295 0.15991 0.14512 0.11311 0.14954 0.12969
  4   | 0.15343 0.20014 0.18278 0.17161 0.23001 0.17688 0.15496 0.21105 0.25189 0.24912 0.24448 0.22186 0.17292 0.22862 0.19828
  5   | 0.17452 0.22764 0.20790 0.19518 0.26165 0.20118 0.17624 0.24005 0.28649 0.28335 0.27806 0.25234 0.19668 0.26003 0.22551
  6   | 0.19736 0.25744 0.23511 0.22073 0.29587 0.22751 0.19930 0.27146 0.32398 0.32042 0.31444 0.28536 0.22241 0.29405 0.25502
  7   | 0.22611 0.29493 0.26935 0.25287 0.33897 0.26064 0.22833 0.31099 0.37116 0.36709 0.36024 0.32692 0.25480 0.33688 0.29216
  8   | 0.20943 0.27317 0.24948 0.23422 0.31395 0.24142 0.21149 0.28806 0.34379 0.34002 0.33367 0.30281 0.23601 0.31203 0.27062
  9   | 0.20943 0.27317 0.24948 0.23422 0.31395 0.24142 0.21149 0.28806 0.34379 0.34002 0.33367 0.30281 0.23601 0.31203 0.27062
------+------------------------------------------------------------------------------------------------------------------------
                                               
 
 
        Fishing Mortality (per year)
        ----------------------------
------+--------
AGE   |    2002
------+--------
  0   | 0.00883
  1   | 0.03340
  2   | 0.07393
  3   | 0.14585
  4   | 0.22298
  5   | 0.25361
  6   | 0.28679
  7   | 0.32856
  8   | 0.30433
  9   | 0.30433
------+--------
                                               
 
 
 
        Population Abundance (1 January)
        --------------------------------
------+------------------------------------------------------------------------------------------------------------------------
AGE   |    1972    1973    1974    1975    1976    1977    1978    1979    1980    1981    1982    1983    1984    1985    1986
------+------------------------------------------------------------------------------------------------------------------------
  0   |  105.69  577.12  591.64  217.56  518.37  542.45  169.05  361.17  392.36  518.37  169.05  361.17  420.78  496.90  509.28
  1   |  143.99   90.39  493.18  504.45  185.77  443.63  463.58  144.72  308.20  335.15  442.29  144.25  308.24  358.41  423.61
  2   |  353.19  121.00   75.72  409.62  421.34  156.49  371.70  391.03  120.58  257.76  279.09  368.45  120.25  255.04  297.51
  3   |  248.69  288.29   98.08   60.23  329.88  345.75  126.90  305.94  313.17   97.39  206.21  223.46  295.45   94.84  202.60
  4   |  177.81  192.78  220.42   72.25   45.47  258.41  264.60  100.01  228.44  237.79   72.56  153.89  167.26  214.03   69.68
  5   |  115.41  130.42  138.44  149.53   50.88   33.89  185.86  199.03   69.26  162.32  164.15   50.22  106.99  110.61  144.63
  6   |  102.62   82.81   91.36   90.90  102.45   37.18   23.78  137.23  133.79   47.94  108.71  110.25   33.90   68.23   72.30
  7   |   70.28   71.90   56.46   57.89   60.45   73.28   25.40   17.21   89.31   89.99   31.07   70.68   72.11   20.79   43.03
  8   |   16.23   47.79   47.39   34.22   37.08   42.08   48.40   17.92   10.75   57.96   55.96   19.39   44.42   42.09   12.53
  9   |   53.93   42.93   57.35   61.67   57.85   64.96   65.87   75.25   54.72   38.02   55.65   65.36   52.51   57.10   55.73
------+------------------------------------------------------------------------------------------------------------------------
       x 10 ^ 6                                
 
 
        Population Abundance (1 January)
        --------------------------------
------+------------------------------------------------------------------------------------------------------------------------
AGE   |    1987    1988    1989    1990    1991    1992    1993    1994    1995    1996    1997    1998    1999    2000    2001
------+------------------------------------------------------------------------------------------------------------------------
  0   |  374.98  224.35  518.40  481.43  511.77  577.15  361.17  438.49  456.08  333.67  333.66  753.00  511.73  511.78  333.72
  1   |  435.14  320.80  191.57  442.98  411.57  436.50  493.29  308.96  374.27  388.65  284.38  284.42  642.45  437.45  436.53
  2   |  354.64  366.02  267.96  160.44  371.60  342.24  365.87  414.84  257.65  310.21  322.26  235.96  236.80  538.82  363.84
  3   |  240.84  290.10  294.81  217.07  130.45  296.35  277.79  299.14  332.92  203.99  245.83  255.78  188.69  192.46  429.92
  4   |  154.51  187.50  219.05  225.15  167.00   96.60  227.21  216.05  224.27  243.02  149.18  180.32  190.41  145.04  142.64
  5   |   49.85  114.07  132.11  157.05  163.23  114.20   69.66  167.49  150.58  150.05  163.05  100.55  124.32  137.87   99.32
  6   |  100.87   36.03   78.19   92.36  111.20  108.15   80.38   50.27  113.39   97.32   97.28  106.27   67.24   87.90   91.49
  7   |   49.06   71.27   23.98   53.20   63.75   71.20   74.14   56.68   32.98   70.59   60.80   61.14   68.76   46.34   56.38
  8   |   28.20   33.68   45.68   15.76   35.56   39.10   47.22   50.79   35.75   19.59   42.09   36.50   37.95   45.87   28.48
  9   |   39.93   45.39   46.74   56.64   47.56   48.56   54.98   65.02   72.69   62.03   45.56   49.14   49.65   55.99   62.16
------+------------------------------------------------------------------------------------------------------------------------
       x 10 ^ 6                                
 
 
        Population Abundance (1 January)
        --------------------------------
------+----------------
AGE   |    2002    2003
------+----------------
  0   |  202.59  341.79
  1   |  284.99  172.84
  2   |  364.73  237.23
  3   |  293.24  291.55
  4   |  325.02  218.14
  5   |  100.69  223.84
  6   |   68.23   67.25
  7   |   61.02   44.08
  8   |   36.23   37.81
  9   |   54.86   57.84
------+----------------
       x 10 ^ 6                                
 
 
 
        Weighting factors for the catches in number
        -------------------------------------------
------+----------------------------------------------------------------------------------------
AGE   |    1992    1993    1994    1995    1996    1997    1998    1999    2000    2001    2002
------+----------------------------------------------------------------------------------------
  0   |  0.0200  0.0200  0.0200  0.0200  0.0200  0.0200  0.0200  0.0200  0.0200  0.0200  0.0200
  1   |  1.0000  1.0000  1.0000  1.0000  1.0000  1.0000  1.0000  1.0000  1.0000  1.0000  1.0000
  2   |  1.0000  1.0000  1.0000  1.0000  1.0000  1.0000  1.0000  1.0000  1.0000  1.0000  1.0000
  3   |  1.0000  1.0000  1.0000  1.0000  1.0000  1.0000  1.0000  1.0000  1.0000  1.0000  1.0000
  4   |  1.0000  1.0000  1.0000  1.0000  1.0000  1.0000  1.0000  1.0000  1.0000  1.0000  1.0000
  5   |  1.0000  1.0000  1.0000  1.0000  1.0000  1.0000  1.0000  1.0000  1.0000  1.0000  1.0000
  6   |  1.0000  1.0000  1.0000  1.0000  1.0000  1.0000  1.0000  1.0000  1.0000  1.0000  1.0000
  7   |  1.0000  1.0000  1.0000  1.0000  1.0000  1.0000  1.0000  1.0000  1.0000  1.0000  1.0000
  8   |  1.0000  1.0000  1.0000  1.0000  1.0000  1.0000  1.0000  1.0000  1.0000  1.0000  1.0000
------+----------------------------------------------------------------------------------------
                                               
 
 
 
 Predicted SSB Index Values                                                     
  
 ---------------------------
 
          INDEX
        -------
------+------------------------------------------------------------------------------------------------------------------------
      |    1972    1973    1974    1975    1976    1977    1978    1979    1980    1981    1982    1983    1984    1985    1986
------+------------------------------------------------------------------------------------------------------------------------
  1   | ******* ******* ******* ******* ******* ******* ******* ******* ******* ******* ******* ******* ******* ******* *******
------+------------------------------------------------------------------------------------------------------------------------
       x 10 ^ 3                                
 
 
          INDEX
        -------
------+------------------------------------------------------------------------------------------------------------------------
      |    1987    1988    1989    1990    1991    1992    1993    1994    1995    1996    1997    1998    1999    2000    2001
------+------------------------------------------------------------------------------------------------------------------------
  1   | *******  236.78  250.85  228.96  244.02  261.74  284.35  289.32  305.37  271.83  252.40  228.34  232.93  249.83  286.98
------+------------------------------------------------------------------------------------------------------------------------
       x 10 ^ 3                                
 
 
          INDEX
        -------
------+--------
      |    2002
------+--------
  1   |  289.67
------+--------
       x 10 ^ 3                                
 
 
 
 Predicted Age-Structured Index Values                                          
  
 --------------------------------------
 
        FLT01: Dummy survey Predicted
        -----------------------------
------+--------------------------------
AGE   |    1981    1982    1983    1984
------+--------------------------------
  1   |   91.11  120.25   39.23   83.49
  2   |  363.34  393.59  520.04  168.18
  3   |  216.56  458.95  498.16  646.88
  4   |  281.46   86.01  182.87  193.36
  5   |  160.53  162.59   49.88  103.00
  6   |   57.81  131.33  133.62   39.66
  7   |   92.27   31.92   72.89   71.40
  8   |  110.46  106.86   37.16   81.96
  9   |   35.71   52.37   61.72   47.76
------+--------------------------------
       x 10 ^ 3                                
 
 
 
        Fitted Selection Pattern
        ------------------------
------+------------------------------------------------------------------------------------------------------------------------
AGE   |    1972    1973    1974    1975    1976    1977    1978    1979    1980    1981    1982    1983    1984    1985    1986
------+------------------------------------------------------------------------------------------------------------------------
  0   |  0.0348  0.0348  0.0348  0.0348  0.0348  0.0348  0.0348  0.0348  0.0348  0.0348  0.0348  0.0348  0.0348  0.0348  0.0348
  1   |  0.1317  0.1317  0.1317  0.1317  0.1317  0.1317  0.1317  0.1317  0.1317  0.1317  0.1317  0.1317  0.1317  0.1317  0.1317
  2   |  0.2915  0.2915  0.2915  0.2915  0.2915  0.2915  0.2915  0.2915  0.2915  0.2915  0.2915  0.2915  0.2915  0.2915  0.2915
  3   |  0.5751  0.5751  0.5751  0.5751  0.5751  0.5751  0.5751  0.5751  0.5751  0.5751  0.5751  0.5751  0.5751  0.5751  0.5751
  4   |  0.8792  0.8792  0.8792  0.8792  0.8792  0.8792  0.8792  0.8792  0.8792  0.8792  0.8792  0.8792  0.8792  0.8792  0.8792
  5   |  1.0000  1.0000  1.0000  1.0000  1.0000  1.0000  1.0000  1.0000  1.0000  1.0000  1.0000  1.0000  1.0000  1.0000  1.0000
  6   |  1.1309  1.1309  1.1309  1.1309  1.1309  1.1309  1.1309  1.1309  1.1309  1.1309  1.1309  1.1309  1.1309  1.1309  1.1309
  7   |  1.2956  1.2956  1.2956  1.2956  1.2956  1.2956  1.2956  1.2956  1.2956  1.2956  1.2956  1.2956  1.2956  1.2956  1.2956
  8   |  1.2000  1.2000  1.2000  1.2000  1.2000  1.2000  1.2000  1.2000  1.2000  1.2000  1.2000  1.2000  1.2000  1.2000  1.2000
  9   |  1.2000  1.2000  1.2000  1.2000  1.2000  1.2000  1.2000  1.2000  1.2000  1.2000  1.2000  1.2000  1.2000  1.2000  1.2000
------+------------------------------------------------------------------------------------------------------------------------
                                               
 
 
        Fitted Selection Pattern
        ------------------------
------+------------------------------------------------------------------------------------------------------------------------
AGE   |    1987    1988    1989    1990    1991    1992    1993    1994    1995    1996    1997    1998    1999    2000    2001
------+------------------------------------------------------------------------------------------------------------------------
  0   |  0.0348  0.0348  0.0348  0.0348  0.0348  0.0348  0.0348  0.0348  0.0348  0.0348  0.0348  0.0348  0.0348  0.0348  0.0348
  1   |  0.1317  0.1317  0.1317  0.1317  0.1317  0.1317  0.1317  0.1317  0.1317  0.1317  0.1317  0.1317  0.1317  0.1317  0.1317
  2   |  0.2915  0.2915  0.2915  0.2915  0.2915  0.2915  0.2915  0.2915  0.2915  0.2915  0.2915  0.2915  0.2915  0.2915  0.2915
  3   |  0.5751  0.5751  0.5751  0.5751  0.5750  0.5751  0.5751  0.5751  0.5751  0.5751  0.5751  0.5751  0.5751  0.5751  0.5751
  4   |  0.8792  0.8792  0.8792  0.8793  0.8791  0.8792  0.8792  0.8792  0.8792  0.8792  0.8792  0.8792  0.8792  0.8792  0.8792
  5   |  1.0000  1.0000  1.0000  1.0000  1.0000  1.0000  1.0000  1.0000  1.0000  1.0000  1.0000  1.0000  1.0000  1.0000  1.0000
  6   |  1.1309  1.1309  1.1309  1.1309  1.1308  1.1309  1.1309  1.1309  1.1309  1.1309  1.1309  1.1309  1.1309  1.1309  1.1309
  7   |  1.2956  1.2956  1.2956  1.2956  1.2955  1.2955  1.2955  1.2955  1.2955  1.2955  1.2955  1.2955  1.2955  1.2955  1.2955
  8   |  1.2000  1.2000  1.2000  1.2000  1.1999  1.2000  1.2000  1.2000  1.2000  1.2000  1.2000  1.2000  1.2000  1.2000  1.2000
  9   |  1.2000  1.2000  1.2000  1.2000  1.1999  1.2000  1.2000  1.2000  1.2000  1.2000  1.2000  1.2000  1.2000  1.2000  1.2000
------+------------------------------------------------------------------------------------------------------------------------
                                               
 
 
        Fitted Selection Pattern
        ------------------------
------+--------
AGE   |    2002
------+--------
  0   |  0.0348
  1   |  0.1317
  2   |  0.2915
  3   |  0.5751
  4   |  0.8792
  5   |  1.0000
  6   |  1.1309
  7   |  1.2955
  8   |  1.2000
  9   |  1.2000
------+--------
                                               
 
 
 
 
 
                    STOCK SUMMARY                                             
 
 
 ³ Year ³  Recruits  ³  Total  ³ Spawning³ Landings ³ Yield ³ Mean F ³ SoP ³    
 ³      ³   Age   0  ³ Biomass ³ Biomass ³          ³ /SSB  ³  Ages  ³     ³ 
 ³      ³  thousands ³  tonnes ³ tonnes  ³ tonnes   ³ ratio ³  4- 7  ³ (%) ³ 
 
   1972       105690    363691    270695     54515   0.2014   0.1959   100
   1973       577110    331271    258085     57426   0.2225   0.2217    99
   1974       591630    333476    217277     67789   0.3120   0.2914    99
   1975       217550    329043    200259     49435   0.2469   0.2455   100
   1976       518370    318343    222862     36234   0.1626   0.1763   100
   1977       542440    350130    236926     50517   0.2132   0.2199   100
   1978       169040    365108    250344     37652   0.1504   0.1650   100
   1979       361160    361511    262319     59945   0.2285   0.2661   100
   1980       392350    341850    250095     60757   0.2429   0.2346   100
   1981       518370    332448    235726     66092   0.2804   0.2701    99
   1982       169040    307843    212618     60311   0.2837   0.2670   100
   1983       361160    302434    219196     55213   0.2519   0.2614   100
   1984       420770    298102    214341     67286   0.3139   0.3227   100
   1985       496890    288205    200770     65489   0.3262   0.2961    99
   1986       509270    288320    198650     48686   0.2451   0.2264    99
   1987       374980    297873    208532     43990   0.2109   0.1879   100
   1988       224340    328461    236782     63479   0.2681   0.2450    99
   1989       518400    331882    250854     58285   0.2323   0.2238    99
   1990       481430    310761    228964     56693   0.2476   0.2101    99
   1991       511770    345697    244017     75352   0.3088   0.2816   100
   1992       577140    371716    261741     59718   0.2282   0.2166    99
   1993       361160    399013    284348     53963   0.1898   0.1897    99
   1994       438480    399963    289315     79737   0.2756   0.2584    99
   1995       456070    420163    305371     93688   0.3068   0.3084   100
   1996       333670    375877    271826     85060   0.3129   0.3050   100
   1997       333650    351469    252401     75265   0.2982   0.2993   100
   1998       753000    311227    228343     65516   0.2869   0.2716    99
   1999       511730    341873    232925     52718   0.2263   0.2117    99
   2000       511780    369954    249834     71218   0.2851   0.2799    99
   2001       333710    400525    286984     66399   0.2314   0.2427    99
   2002       202590    396075    289669     78774   0.2719   0.2730    99
 
 -----------------------------------------------------------------            
 No of years for separable analysis : 11                                      
 Age range in the analysis : 0  . . . 9                                       
 Year range in the analysis : 1972  . . . 2002                                
 Number of indices of SSB : 1                                                 
 Number of age-structured indices : 1                                         
                                                                              
 Parameters to estimate : 46                                                  
 Number of observations : 150                                                 
                                                                              
 Conventional single selection vector model to be fitted.                     
                                                                              
                                                                              
                                                                              
 -----------------------------------------------------------------            
 
 
 PARAMETER ESTIMATES                                                            
  
 
 ³Parm.³      ³ Maximum ³    ³        ³         ³         ³         ³ Mean of ³ 
  
 ³ No. ³      ³ Likelh. ³ CV ³  Lower ³ Upper   ³  -s.e.  ³   +s.e. ³ Param.  ³ 
  
 ³     ³      ³ Estimate³ (%)³ 95% CL ³ 95% CL  ³         ³         ³ Distrib.³ 
  
 Separable model : F by year                                                    
  
    1   1992     0.1535   0    0.1535    0.1535    0.1535    0.1535    0.1535
    2   1993     0.1368   0    0.1368    0.1368    0.1368    0.1368    0.1368
    3   1994     0.1905   0    0.1905    0.1905    0.1905    0.1905    0.1905
    4   1995     0.2333   0    0.2333    0.2333    0.2333    0.2333    0.2333
    5   1996     0.2394   0    0.2394    0.2394    0.2394    0.2394    0.2394
    6   1997     0.2483   0    0.2483    0.2483    0.2483    0.2483    0.2483
    7   1998     0.2430   1    0.2383    0.2478    0.2406    0.2454    0.2430
    8   1999     0.2080 100    0.0293    1.4770    0.0765    0.5655    0.3430
    9   2000     0.3069   0    0.3068    0.3070    0.3068    0.3069    0.3069
   10   2001     0.3010   0    0.3010    0.3010    0.3010    0.3010    0.3010
   11   2002     0.3893   0    0.3893    0.3893    0.3893    0.3893    0.3893
 
 Separable Model: Selection (S) by age                                          
  
   12      0     0.0430   0    0.0430    0.0430    0.0430    0.0430    0.0430
   13      1     0.1476   0    0.1476    0.1476    0.1476    0.1476    0.1476
   14      2     0.3062   0    0.3062    0.3062    0.3062    0.3062    0.3062
   15      3     0.5830   0    0.5830    0.5830    0.5830    0.5830    0.5830
   16      4     0.8787   0    0.8787    0.8787    0.8787    0.8787    0.8787
           5     1.0000     Fixed : Reference Age             
   17      6     1.1448   0    1.1448    1.1448    1.1448    1.1448    1.1448
   18      7     1.2082   0    1.2082    1.2082    1.2082    1.2082    1.2082
           8     1.2000     Fixed : Last true age             
 
 Separable model: Populations in year 2002                                    
   19      0     107150   0     107150    107150    107150    107150    107150
   20      1     169904   0     169904    169904    169904    169904    169904
   21      2     239566   0     239566    239566    239566    239566    239566
   22      3     207995   0     207995    207995    207995    207995    207995
   23      4     243175   0     243175    243175    243175    243175    243175
   24      5      77927   0      77927     77927     77927     77927     77927
   25      6      54424   0      54424     54424     54424     54424     54424
   26      7      50322   0      50322     50322     50322     50322     50322
   27      8      31890   0      31890     31890     31890     31890     31890
 
Separable model: Populations at age
   28   1992      58994   0      58994     58994     58994     58994     58994
   29   1993      69773   0      69773     69773     69773     69773     69773
   30   1994      72640   0      72640     72640     72640     72640     72640
   31   1995      51296   0      51296     51296     51296     51296     51296
   32   1996      28391   0      28391     28391     28391     28391     28391
   33   1997      60487   0      60487     60487     60487     60487     60487
   34   1998      50775   0      50775     50775     50775     50775     50775
   35   1999      49392   0      49392     49392     49392     49392     49392
   36   2000      53921   0      53921     53921     53921     53921     53921
   37   2001      29424   0      29424     29424     29424     29424     29424
 
 SSB Index catchabilities                                                       
  
   INDEX                                 
 Absolute estimator. No fitted catchability.                                    
  
 
 
 
 Age-structured index catchabilities                                            
  
                                        FLT01: Dummy survey                     
 
 Linear model fitted. Slopes at age :                                           
  
   38   1  Q  .2847       0 .2847     .2847     .2847     .2847     .2847    
   39   2  Q  1.517       0 1.517     1.517     1.517     1.517     1.517    
   40   3  Q  2.496       0 2.496     2.496     2.496     2.496     2.496    
   41   4  Q  1.386       0 1.386     1.386     1.386     1.386     1.386    
   42   5  Q  1.175       0 1.175     1.175     1.175     1.175     1.175    
   43   6  Q  1.454       0 1.454     1.454     1.454     1.454     1.454    
   44   7  Q  1.256       0 1.256     1.256     1.256     1.256     1.256    
   45   8  Q  2.284       0 2.284     2.284     2.284     2.284     2.284    
   46   9  Q  1.134       0 1.134     1.134     1.134     1.134     1.134    
 
 
 
 RESIDUALS ABOUT THE MODEL FIT                                                  
  
 ------------------------------
 
        Separable Model Residuals
        -------------------------
------+----------------------------------------------------------------------------------------
Age   |    1992    1993    1994    1995    1996    1997    1998    1999    2000    2001    2002
------+----------------------------------------------------------------------------------------
  0   | ******* ******* ******* ******* ******* ******* ******* ******* ******* ******* *******
  1   | ******* ******* ******* ******* ******* ******* ******* ******* ******* ******* *******
  2   | ******* ******* ******* ******* ******* ******* ******* ******* ******* ******* *******
  3   | ******* ******* ******* ******* ******* ******* ******* ******* ******* ******* *******
  4   | ******* ******* ******* ******* ******* ******* ******* ******* ******* ******* *******
  5   | ******* ******* ******* ******* ******* ******* ******* ******* ******* ******* *******
  6   | ******* ******* ******* ******* ******* ******* ******* ******* ******* ******* *******
  7   | ******* ******* ******* ******* ******* ******* ******* ******* ******* ******* *******
  8   | ******* ******* ******* ******* ******* ******* ******* ******* ******* ******* *******
------+----------------------------------------------------------------------------------------
                                               
 
 
 
 SPAWNING BIOMASS INDEX RESIDUALS                                               
  
 ---------------------------------
 
          INDEX
        -------
------+------------------------------------------------------------------------------------------------------------------------
      |    1972    1973    1974    1975    1976    1977    1978    1979    1980    1981    1982    1983    1984    1985    1986
------+------------------------------------------------------------------------------------------------------------------------
  1   | ******* ******* ******* ******* ******* ******* ******* ******* ******* ******* ******* ******* ******* ******* *******
------+------------------------------------------------------------------------------------------------------------------------
                                               
 
 
          INDEX
        -------
------+------------------------------------------------------------------------------------------------------------------------
      |    1987    1988    1989    1990    1991    1992    1993    1994    1995    1996    1997    1998    1999    2000    2001
------+------------------------------------------------------------------------------------------------------------------------
  1   | ******* ******* ******* ******* ******* ******* ******* ******* ******* ******* ******* ******* ******* ******* *******
------+------------------------------------------------------------------------------------------------------------------------
                                               
 
 
          INDEX
        -------
------+--------
      |    2002
------+--------
  1   | *******
------+--------
                                               
 
 
 
 AGE-STRUCTURED INDEX RESIDUALS                                                 
  
 -------------------------------
 
        FLT01: Dummy survey
        -------------------
------+--------------------------------
Age   |    1981    1982    1983    1984
------+--------------------------------
  1   |   1.072   0.524   0.106  -1.701
  2   |   0.332   0.102   0.315  -0.749
  3   |   0.039   0.052  -0.114   0.023
  4   |  -2.184   0.761   0.761   0.661
  5   |   0.085  -1.884   0.961   0.838
  6   |   1.009   0.039  -1.889   0.841
  7   |   0.075   1.224   0.225  -1.525
  8   |   0.054  -0.235   0.646  -0.465
  9   |  -0.012   0.508  -0.270  -0.196
------+--------------------------------
                                               
 
 
 
 
 
 
 PARAMETERS OF THE DISTRIBUTION OF ln(CATCHES AT AGE)                           
  
 -----------------------------------------------------
 
 Separable model fitted from 1992  to 2002                                    
 Variance                             0.0000
Skewness test stat.                   5.0174
Kurtosis test statistic               0.8868
Partial chi-square                    0.0000
Significance in fit                   0.0000
Degrees of freedom                        62
 
 
 PARAMETERS OF DISTRIBUTIONS OF THE SSB INDICES                                 
  
 -----------------------------------------------
 
 
   DISTRIBUTION STATISTICS FOR   INDEX                                          
 
 
 Index used as absolute measure of abundance                                    
  
 Last age is a plus-group                                                       
  
 
 Variance                             0.0000
Skewness test stat.                  -2.8669
Kurtosis test statistic               0.7204
Partial chi-square                    0.0000
Significance in fit                   0.0000
Number of observations                    15
Degrees of freedom                        15
Weight in the analysis                5.0000
 
 PARAMETERS OF THE DISTRIBUTION OF THE AGE-STRUCTURED INDICES                   
  
 ------------------------------------------------------------ 
 
 
   DISTRIBUTION STATISTICS FOR FLT01: Dummy survey                              
 
 
 Linear catchability relationship assumed                                       
  
 
 Age                          1         2         3         4         5         6         7         8         9
 Variance                0.0016    0.0003    0.0000    0.0024    0.0019    0.0020    0.0014    0.0003    0.0001
Skewness test stat.     -0.6430   -0.8313   -0.8732   -0.9398   -0.7213   -0.6862   -0.3628    0.4432    0.7537
Kurtosis test statisti  -0.3732   -0.3227   -0.2995   -0.2734   -0.3769   -0.3936   -0.3945   -0.4602   -0.3478
Partial chi-square       0.0004    0.0001    0.0000    0.0006    0.0005    0.0005    0.0004    0.0001    0.0000
Significance in fit      0.0000    0.0000    0.0000    0.0000    0.0000    0.0000    0.0000    0.0000    0.0000
Number of observations        4         4         4         4         4         4         4         4         4
Degrees of freedom            3         3         3         3         3         3         3         3         3
Weight in the analysis   0.0011    0.0011    0.0011    0.0011    0.0011    0.0011    0.0011    0.0011    0.0011
 
 ANALYSIS OF VARIANCE                   
--------------------------
 
 Unweighted Statistics                                                          
  
 
                                                                                
  
Variance                              
                                       SSQ     Data    Parameters d.f. Variance
Total for model                        26.9135     150         46  104   0.2588
Catches at age                          0.0000      99         37   62   0.0000
  
SSB Indices                           
  INDEX                                 0.0000      15          0   15   0.0000
  
 Aged Indices                                                                   
  
FLT01: Dummy survey                    26.9135      36          9   27   0.9968
 
 
 Weighted Statistics                                                            
  
 
                                                                                
  
Variance                              
                                       SSQ     Data    Parameters d.f. Variance
Total for model                         0.0000     150         46  104   0.0000
Catches at age                          0.0000      99         37   62   0.0000
  
SSB Indices                           
  INDEX                                 0.0000      15          0   15   0.0000
  
 Aged Indices                                                                   
  
FLT01: Dummy survey                     0.0000      36          9   27   0.0000
 
