 ICA v1_3 TUNING DIAGNOSTICS FILE
   1       1
 F         SSQ
  0.05  24.08802302      20.03026777      4.057755246    
  0.10  11.64730905      7.608789853      4.038519196    
  0.15  7.202468913      3.173483033      4.028985880    
  0.20  5.405460102      1.382418445      4.023041657    
  0.25  4.707227663     0.6882613788      4.018966284    
  0.30  4.517031613     0.5009940500      4.016037563    
  0.35  4.576885269     0.5630138418      4.013871428    
  0.40  4.763816295     0.7515791291      4.012237165    
  0.45  5.015535145      1.004550726      4.010984418    
  0.50  5.299028361      1.289016480      4.010011882    
  0.55  5.596267321      1.587018282      4.009249039    
  0.60  5.897221947      1.888576275      4.008645672    
  0.65  6.196303719      2.188138376      4.008165343    
  0.70  6.490452419      2.482671244      4.007781175    
  0.75  6.778100669      2.770627614      4.007473055    
  0.80  7.058529659      3.051303927      4.007225732    
  0.85  7.331586510      3.324559015      4.007027495    
  0.90  7.597421668      3.590552416      4.006869252    
  0.95  7.856416570      3.849672706      4.006743864    
  1.00  8.109061955      4.102415910      4.006646045    
