 Output Generated by ICA Version 1.4                                            
  
 ------------------------------------
 
        Mackerel NE Atlantic  WG2003
        ----------------------------
 
        Catch in Number
        ---------------
------+------------------------------------------------------------------------------------------------------------------------
AGE   |    1972    1973    1974    1975    1976    1977    1978    1979    1980    1981    1982    1983    1984    1985    1986
------+------------------------------------------------------------------------------------------------------------------------
  0   |   2532.   2081.   4607.   3556.   3479.    517.   4007.   4062.   4745.   3746.   3453.   4664.    566.    659.   3244.
  1   |  17349.   5669.  11512.  12043.   9397.   9305.   2808.  12076.  14458.  13464.  11004.  13585.   9072.   2116.   2794.
  2   |  16356.  22194.  17823.  17071.  18149.  14398.  28741.   4795.  24318.  23236.  22468.  24518.  15050.  19371.   5091.
  3   |  30747.  17922.  59188.  22355.  21963.  23915.  37802.  41431.   8130.  32960.  32869.  42217.  23138.  27519.  39481.
  4   |  27498.  24689.  34819.  53526.  21006.  21354.  45852.  39246.  50505.   7921.  33763.  44531.  28935.  31108.  40710.
  5   |  27861.  15707.  34285.  22148.  35743.  14631.  29305.  33515.  33711.  34569.   5735.  32341.  21522.  27879.  32718.
  6   |   6931.  15448.  21124.  21022.  14336.  24239.  19466.  20638.  27719.  22213.  24169.   5296.  15112.  20159.  28349.
  7   |  12564.   3787.  20397.  12657.  13383.   9611.  31702.  13388.  16653.  17821.  15208.  21806.   2428.  13966.  20093.
  8   |   8996.   5479.   4035.   9741.   6441.   7188.  10144.  17415.   8650.   8540.   9751.  11010.   7946.   1803.  11191.
  9   |  12968.   9793.  16346.   9749.   9876.   8705.  17009.  15846.  21950.  16151.  13592.  17310.   9997.  13770.  12468.
------+------------------------------------------------------------------------------------------------------------------------
       x 10 ^ 3                                
 
 
        Catch in Number
        ---------------
------+------------------------------------------------------------------------------------------------------------------------
AGE   |    1987    1988    1989    1990    1991    1992    1993    1994    1995    1996    1997    1998    1999    2000    2001
------+------------------------------------------------------------------------------------------------------------------------
  0   |   3777.    844.   5186.   2561.   1812.   1749.   4839.   4411.   5196.   5500.   2181.   3678.   2184.   3733.   2934.
  1   |   9132.  13224.   2327.  14683.   7337.   5197.  10777.  12328.  17535.  16936.   9186.  11770.   8730.  10123.  11571.
  2   |   4461.  18138.  20718.   3758.  24058.  12061.  18173.  15546.  27707.  32204.  16107.  28200.  15890.  22938.  17715.
  3   |   6880.   7496.  24103.  28550.   5281.  34056.  35702.  22106.  29381.  42545.  26083.  42007.  32349.  35260.  33688.
  4   |  38522.   8359.   7214.  24266.  29504.   5528.  73304.  31176.  30018.  32104.  24986.  49638.  34936.  51934.  37014.
  5   |  27995.  33115.   5682.   5166.  17929.  22181.   8505.  44855.  29861.  22908.  13254.  34017.  29132.  39828.  38174.
  6   |  21701.  23230.  21741.   3945.   3711.  13136.  33023.   5007.  41358.  21844.   9137.  17488.  19289.  32067.  28115.
  7   |  18388.  17620.  14937.  14846.   2796.   2691.  19183.  18956.   4502.  29367.   8541.  11847.   9718.  20776.  22022.
  8   |  10403.  11962.   9047.   8161.   8433.   1626.   3176.   8765.  13674.   2552.   9103.   8935.   5246.   8424.  11386.
  9   |  12170.  14790.  13751.  13383.  12406.  12227.  15770.   8127.  11691.  14075.   5477.  16297.  11422.  14248.  13340.
------+------------------------------------------------------------------------------------------------------------------------
       x 10 ^ 3                                
 
 
        Catch in Number
        ---------------
------+--------
AGE   |    2002
------+--------
  0   |   1552.
  1   |   7372.
  2   |  16495.
  3   |  21374.
  4   |  29324.
  5   |  22660.
  6   |  22532.
  7   |  16222.
  8   |  10122.
  9   |  11011.
------+--------
       x 10 ^ 3                                
 
 
 
        Predicted Catch in Number
        -------------------------
------+----------------------------------------------------------------------------------------
AGE   |    1992    1993    1994    1995    1996    1997    1998    1999    2000    2001    2002
------+----------------------------------------------------------------------------------------
  0   |   1749.   4839.   4411.   5196.   5500.   2181.   3678.   2184.   3733.   2934.   1552.
  1   |   5197.  10777.  12328.  17535.  16936.   9186.  11770.   8730.  10123.  11571.   7372.
  2   |  12061.  18173.  15546.  27707.  32204.  16107.  28200.  15890.  22938.  17715.  16495.
  3   |  34056.  35702.  22106.  29381.  42545.  26083.  42007.  32349.  35260.  33688.  21374.
  4   |   5528.  73304.  31176.  30018.  32104.  24986.  49638.  34936.  51934.  37014.  29324.
  5   |  22181.   8505.  44855.  29861.  22908.  13254.  34017.  29132.  39828.  38174.  22660.
  6   |  13136.  33023.   5007.  41358.  21844.   9137.  17488.  19289.  32067.  28115.  22532.
  7   |   2691.  19183.  18956.   4502.  29367.   8541.  11847.   9718.  20776.  22022.  16222.
  8   |   1626.   3176.   8765.  13674.   2552.   9103.   8935.   5246.   8424.  11386.  10122.
------+----------------------------------------------------------------------------------------
       x 10 ^ 3                                
 
 
 
        Weights at age in the catches (Kg)
        ----------------------------------
------+------------------------------------------------------------------------------------------------------------------------
AGE   |    1972    1973    1974    1975    1976    1977    1978    1979    1980    1981    1982    1983    1984    1985    1986
------+------------------------------------------------------------------------------------------------------------------------
  0   | 0.05200 0.05000 0.05100 0.05000 0.05900 0.05600 0.03600 0.01600 0.05700 0.06000 0.05300 0.05000 0.03100 0.05500 0.03900
  1   | 0.13500 0.14500 0.13600 0.14800 0.13700 0.13600 0.13500 0.13700 0.13100 0.13200 0.13100 0.16800 0.10200 0.14400 0.14600
  2   | 0.27700 0.19400 0.22900 0.17700 0.20700 0.16900 0.16100 0.16100 0.24900 0.24800 0.24900 0.21900 0.18400 0.26200 0.24500
  3   | 0.34100 0.28500 0.26100 0.25900 0.26300 0.27500 0.25000 0.24300 0.28500 0.28700 0.28500 0.27600 0.29500 0.35700 0.33500
  4   | 0.42300 0.36800 0.33400 0.32300 0.32000 0.33300 0.32500 0.31800 0.34500 0.34400 0.34500 0.31000 0.32600 0.41800 0.42300
  5   | 0.46800 0.44800 0.39200 0.34800 0.34600 0.35200 0.34500 0.34800 0.37800 0.37700 0.37800 0.38600 0.34400 0.41700 0.47100
  6   | 0.46800 0.46800 0.48100 0.43000 0.40600 0.40700 0.40300 0.40100 0.45400 0.45400 0.45400 0.42500 0.43100 0.43600 0.44400
  7   | 0.50800 0.50800 0.50800 0.48800 0.44300 0.44600 0.42100 0.41600 0.49800 0.49900 0.49600 0.43500 0.54200 0.52100 0.45700
  8   | 0.53900 0.53900 0.53900 0.53900 0.51800 0.54600 0.51800 0.50600 0.52000 0.51300 0.51300 0.49800 0.48000 0.55500 0.54300
  9   | 0.59968 0.60020 0.60175 0.61270 0.59960 0.58329 0.55911 0.54324 0.55912 0.56577 0.56245 0.58061 0.60657 0.61537 0.61599
------+------------------------------------------------------------------------------------------------------------------------
                                               
 
 
        Weights at age in the catches (Kg)
        ----------------------------------
------+------------------------------------------------------------------------------------------------------------------------
AGE   |    1987    1988    1989    1990    1991    1992    1993    1994    1995    1996    1997    1998    1999    2000    2001
------+------------------------------------------------------------------------------------------------------------------------
  0   | 0.07600 0.05500 0.04900 0.08500 0.06800 0.05100 0.06100 0.04600 0.07200 0.05800 0.07600 0.06500 0.06200 0.06300 0.06900
  1   | 0.17900 0.13300 0.13600 0.15600 0.15600 0.16700 0.13400 0.13600 0.14300 0.14300 0.14300 0.15700 0.17600 0.13500 0.17100
  2   | 0.22300 0.25900 0.23700 0.23300 0.25300 0.23900 0.24000 0.25500 0.23400 0.22600 0.23000 0.22700 0.23600 0.22900 0.22300
  3   | 0.31800 0.32300 0.32000 0.33600 0.32700 0.33300 0.31700 0.33900 0.33300 0.31300 0.29500 0.31000 0.30700 0.30800 0.30700
  4   | 0.39900 0.38800 0.37700 0.37900 0.39400 0.39700 0.37600 0.39000 0.39000 0.37700 0.35900 0.35400 0.36100 0.36700 0.37800
  5   | 0.47400 0.45600 0.43300 0.42300 0.42300 0.46000 0.43600 0.44800 0.45200 0.42500 0.41500 0.40800 0.40600 0.42900 0.42600
  6   | 0.51200 0.52400 0.45600 0.46700 0.46900 0.49500 0.48300 0.51200 0.50100 0.48400 0.45300 0.45200 0.45400 0.46700 0.47700
  7   | 0.49300 0.55500 0.54300 0.52800 0.50600 0.53200 0.52700 0.54300 0.53900 0.51800 0.48100 0.46200 0.50100 0.50400 0.49900
  8   | 0.49800 0.55500 0.59200 0.55200 0.55400 0.55500 0.54800 0.59000 0.57700 0.55100 0.52400 0.51800 0.53700 0.53700 0.54300
  9   | 0.61827 0.60082 0.59595 0.61528 0.63488 0.63180 0.62143 0.66171 0.61595 0.58701 0.57978 0.56791 0.59518 0.58667 0.61072
------+------------------------------------------------------------------------------------------------------------------------
                                               
 
 
        Weights at age in the catches (Kg)
        ----------------------------------
------+--------
AGE   |    2002
------+--------
  0   | 0.05200
  1   | 0.15900
  2   | 0.25500
  3   | 0.30700
  4   | 0.36900
  5   | 0.42600
  6   | 0.46400
  7   | 0.51400
  8   | 0.53900
  9   | 0.60418
------+--------
                                               
 
 
 
        Weights at age in the stock (Kg)
        --------------------------------
------+------------------------------------------------------------------------------------------------------------------------
AGE   |    1972    1973    1974    1975    1976    1977    1978    1979    1980    1981    1982    1983    1984    1985    1986
------+------------------------------------------------------------------------------------------------------------------------
  0   | 0.00800 0.00800 0.00800 0.00800 0.00800 0.00800 0.00800 0.00800 0.00800 0.00800 0.00800 0.00800 0.00000 0.00000 0.00000
  1   | 0.13200 0.13200 0.13000 0.12900 0.12800 0.12700 0.11100 0.11000 0.10900 0.08700 0.08600 0.08600 0.08100 0.08500 0.07700
  2   | 0.17800 0.17700 0.17300 0.17100 0.17000 0.16700 0.17500 0.17400 0.17300 0.18600 0.13500 0.17200 0.19400 0.16500 0.17900
  3   | 0.24300 0.24200 0.23800 0.23600 0.23600 0.23300 0.23800 0.23700 0.23600 0.25200 0.22100 0.23500 0.25300 0.29300 0.26700
  4   | 0.41100 0.30100 0.29600 0.29400 0.29300 0.28900 0.30000 0.29900 0.29700 0.31300 0.28000 0.28000 0.29500 0.30600 0.30400
  5   | 0.35500 0.43800 0.32200 0.31800 0.31800 0.31300 0.34600 0.34500 0.34300 0.32300 0.38500 0.33900 0.32400 0.34100 0.35600
  6   | 0.39800 0.39800 0.46900 0.36500 0.36500 0.36100 0.38200 0.38000 0.37900 0.37800 0.35300 0.37700 0.39300 0.38400 0.35100
  7   | 0.43300 0.43300 0.43300 0.49700 0.41900 0.41600 0.41000 0.40800 0.40700 0.41900 0.40800 0.40400 0.43600 0.43000 0.41600
  8   | 0.45900 0.45900 0.45900 0.45900 0.51200 0.44600 0.43200 0.43000 0.42900 0.43400 0.43700 0.43900 0.44100 0.45900 0.47300
  9   | 0.51417 0.51440 0.51632 0.52724 0.51385 0.53123 0.49267 0.49461 0.47423 0.46750 0.48674 0.51422 0.50312 0.52469 0.49072
------+------------------------------------------------------------------------------------------------------------------------
                                               
 
 
        Weights at age in the stock (Kg)
        --------------------------------
------+------------------------------------------------------------------------------------------------------------------------
AGE   |    1987    1988    1989    1990    1991    1992    1993    1994    1995    1996    1997    1998    1999    2000    2001
------+------------------------------------------------------------------------------------------------------------------------
  0   | 0.00000 0.00000 0.00000 0.00000 0.00000 0.00000 0.00000 0.00000 0.00000 0.00000 0.00000 0.00000 0.00000 0.00000 0.00000
  1   | 0.07800 0.07200 0.07600 0.07400 0.07500 0.07800 0.07800 0.07900 0.08100 0.07600 0.07600 0.07700 0.08100 0.07400 0.07800
  2   | 0.14800 0.15600 0.17700 0.13800 0.15500 0.21200 0.19700 0.17800 0.16400 0.13300 0.18600 0.14900 0.19400 0.18500 0.16400
  3   | 0.24000 0.23700 0.24400 0.22200 0.23000 0.25900 0.26800 0.23700 0.26700 0.25100 0.22800 0.22300 0.24200 0.23500 0.24100
  4   | 0.28600 0.30100 0.30600 0.28700 0.30700 0.31000 0.31500 0.30100 0.32600 0.31700 0.29600 0.28500 0.30100 0.28900 0.34200
  5   | 0.37400 0.32900 0.35200 0.33900 0.35700 0.36200 0.36000 0.36100 0.39800 0.36600 0.36100 0.34200 0.35300 0.35000 0.39000
  6   | 0.38600 0.42300 0.38000 0.37300 0.40900 0.40200 0.41600 0.41300 0.44800 0.44400 0.40200 0.40000 0.39600 0.39000 0.44600
  7   | 0.41100 0.44500 0.42900 0.41400 0.43200 0.42400 0.45400 0.46600 0.49100 0.46200 0.44500 0.42600 0.42300 0.42600 0.45900
  8   | 0.42900 0.43200 0.47400 0.40900 0.50200 0.46200 0.46500 0.47000 0.50800 0.50100 0.47800 0.46600 0.44000 0.44700 0.49900
  9   | 0.48979 0.50819 0.47304 0.48631 0.55928 0.51974 0.53807 0.57000 0.56924 0.57242 0.53514 0.51723 0.50103 0.50454 0.56529
------+------------------------------------------------------------------------------------------------------------------------
                                               
 
 
        Weights at age in the stock (Kg)
        --------------------------------
------+--------
AGE   |    2002
------+--------
  0   | 0.00000
  1   | 0.07800
  2   | 0.18100
  3   | 0.23900
  4   | 0.31100
  5   | 0.36400
  6   | 0.41100
  7   | 0.43600
  8   | 0.46200
  9   | 0.51687
------+--------
                                               
 
 
 
        Natural Mortality (per year)
        ----------------------------
------+------------------------------------------------------------------------------------------------------------------------
AGE   |    1972    1973    1974    1975    1976    1977    1978    1979    1980    1981    1982    1983    1984    1985    1986
------+------------------------------------------------------------------------------------------------------------------------
  0   | 0.15000 0.15000 0.15000 0.15000 0.15000 0.15000 0.15000 0.15000 0.15000 0.15000 0.15000 0.15000 0.15000 0.15000 0.15000
  1   | 0.15000 0.15000 0.15000 0.15000 0.15000 0.15000 0.15000 0.15000 0.15000 0.15000 0.15000 0.15000 0.15000 0.15000 0.15000
  2   | 0.15000 0.15000 0.15000 0.15000 0.15000 0.15000 0.15000 0.15000 0.15000 0.15000 0.15000 0.15000 0.15000 0.15000 0.15000
  3   | 0.15000 0.15000 0.15000 0.15000 0.15000 0.15000 0.15000 0.15000 0.15000 0.15000 0.15000 0.15000 0.15000 0.15000 0.15000
  4   | 0.15000 0.15000 0.15000 0.15000 0.15000 0.15000 0.15000 0.15000 0.15000 0.15000 0.15000 0.15000 0.15000 0.15000 0.15000
  5   | 0.15000 0.15000 0.15000 0.15000 0.15000 0.15000 0.15000 0.15000 0.15000 0.15000 0.15000 0.15000 0.15000 0.15000 0.15000
  6   | 0.15000 0.15000 0.15000 0.15000 0.15000 0.15000 0.15000 0.15000 0.15000 0.15000 0.15000 0.15000 0.15000 0.15000 0.15000
  7   | 0.15000 0.15000 0.15000 0.15000 0.15000 0.15000 0.15000 0.15000 0.15000 0.15000 0.15000 0.15000 0.15000 0.15000 0.15000
  8   | 0.15000 0.15000 0.15000 0.15000 0.15000 0.15000 0.15000 0.15000 0.15000 0.15000 0.15000 0.15000 0.15000 0.15000 0.15000
  9   | 0.15000 0.15000 0.15000 0.15000 0.15000 0.15000 0.15000 0.15000 0.15000 0.15000 0.15000 0.15000 0.15000 0.15000 0.15000
------+------------------------------------------------------------------------------------------------------------------------
                                               
 
 
        Natural Mortality (per year)
        ----------------------------
------+------------------------------------------------------------------------------------------------------------------------
AGE   |    1987    1988    1989    1990    1991    1992    1993    1994    1995    1996    1997    1998    1999    2000    2001
------+------------------------------------------------------------------------------------------------------------------------
  0   | 0.15000 0.15000 0.15000 0.15000 0.15000 0.15000 0.15000 0.15000 0.15000 0.15000 0.15000 0.15000 0.15000 0.15000 0.15000
  1   | 0.15000 0.15000 0.15000 0.15000 0.15000 0.15000 0.15000 0.15000 0.15000 0.15000 0.15000 0.15000 0.15000 0.15000 0.15000
  2   | 0.15000 0.15000 0.15000 0.15000 0.15000 0.15000 0.15000 0.15000 0.15000 0.15000 0.15000 0.15000 0.15000 0.15000 0.15000
  3   | 0.15000 0.15000 0.15000 0.15000 0.15000 0.15000 0.15000 0.15000 0.15000 0.15000 0.15000 0.15000 0.15000 0.15000 0.15000
  4   | 0.15000 0.15000 0.15000 0.15000 0.15000 0.15000 0.15000 0.15000 0.15000 0.15000 0.15000 0.15000 0.15000 0.15000 0.15000
  5   | 0.15000 0.15000 0.15000 0.15000 0.15000 0.15000 0.15000 0.15000 0.15000 0.15000 0.15000 0.15000 0.15000 0.15000 0.15000
  6   | 0.15000 0.15000 0.15000 0.15000 0.15000 0.15000 0.15000 0.15000 0.15000 0.15000 0.15000 0.15000 0.15000 0.15000 0.15000
  7   | 0.15000 0.15000 0.15000 0.15000 0.15000 0.15000 0.15000 0.15000 0.15000 0.15000 0.15000 0.15000 0.15000 0.15000 0.15000
  8   | 0.15000 0.15000 0.15000 0.15000 0.15000 0.15000 0.15000 0.15000 0.15000 0.15000 0.15000 0.15000 0.15000 0.15000 0.15000
  9   | 0.15000 0.15000 0.15000 0.15000 0.15000 0.15000 0.15000 0.15000 0.15000 0.15000 0.15000 0.15000 0.15000 0.15000 0.15000
------+------------------------------------------------------------------------------------------------------------------------
                                               
 
 
        Natural Mortality (per year)
        ----------------------------
------+--------
AGE   |    2002
------+--------
  0   | 0.15000
  1   | 0.15000
  2   | 0.15000
  3   | 0.15000
  4   | 0.15000
  5   | 0.15000
  6   | 0.15000
  7   | 0.15000
  8   | 0.15000
  9   | 0.15000
------+--------
                                               
 
 
 
        Proportion of fish spawning
        ---------------------------
------+------------------------------------------------------------------------------------------------------------------------
AGE   |    1972    1973    1974    1975    1976    1977    1978    1979    1980    1981    1982    1983    1984    1985    1986
------+------------------------------------------------------------------------------------------------------------------------
  0   |  0.0000  0.0000  0.0000  0.0000  0.0000  0.0000  0.0000  0.0000  0.0000  0.0000  0.0000  0.0000  0.0000  0.0000  0.0000
  1   |  0.0500  0.0500  0.0500  0.0600  0.0600  0.0600  0.0600  0.0600  0.0600  0.0700  0.0700  0.0700  0.0700  0.0700  0.0700
  2   |  0.5300  0.5400  0.5400  0.5500  0.5500  0.5500  0.5600  0.5600  0.5700  0.5700  0.5700  0.5800  0.5800  0.5800  0.5800
  3   |  0.9000  0.9000  0.9000  0.8900  0.8900  0.8900  0.8900  0.8900  0.8900  0.8800  0.8800  0.8800  0.8800  0.8800  0.8800
  4   |  0.9800  0.9800  0.9800  0.9800  0.9800  0.9800  0.9800  0.9800  0.9800  0.9800  0.9800  0.9800  0.9700  0.9700  0.9700
  5   |  0.9800  0.9800  0.9800  0.9800  0.9800  0.9800  0.9800  0.9800  0.9800  0.9800  0.9800  0.9800  0.9700  0.9700  0.9700
  6   |  0.9900  0.9900  0.9900  0.9900  0.9900  0.9900  0.9900  0.9900  0.9900  0.9900  0.9900  0.9900  0.9900  0.9900  0.9900
  7   |  1.0000  1.0000  1.0000  1.0000  1.0000  1.0000  1.0000  1.0000  1.0000  1.0000  1.0000  1.0000  1.0000  1.0000  1.0000
  8   |  1.0000  1.0000  1.0000  1.0000  1.0000  1.0000  1.0000  1.0000  1.0000  1.0000  1.0000  1.0000  1.0000  1.0000  1.0000
  9   |  1.0000  1.0000  1.0000  1.0000  1.0000  1.0000  1.0000  1.0000  1.0000  1.0000  1.0000  1.0000  1.0000  1.0000  1.0000
------+------------------------------------------------------------------------------------------------------------------------
                                               
 
 
        Proportion of fish spawning
        ---------------------------
------+------------------------------------------------------------------------------------------------------------------------
AGE   |    1987    1988    1989    1990    1991    1992    1993    1994    1995    1996    1997    1998    1999    2000    2001
------+------------------------------------------------------------------------------------------------------------------------
  0   |  0.0000  0.0000  0.0000  0.0000  0.0000  0.0000  0.0000  0.0000  0.0000  0.0000  0.0000  0.0000  0.0000  0.0000  0.0000
  1   |  0.0700  0.0700  0.0700  0.0700  0.0700  0.0700  0.0700  0.0700  0.0700  0.0700  0.0700  0.0700  0.0700  0.0700  0.0700
  2   |  0.5800  0.5800  0.5800  0.5800  0.5800  0.5800  0.5800  0.5800  0.5800  0.5800  0.5800  0.5800  0.5800  0.5800  0.5900
  3   |  0.8800  0.8800  0.8800  0.8800  0.8800  0.8800  0.8800  0.8800  0.8800  0.8800  0.8800  0.8600  0.8600  0.8600  0.8800
  4   |  0.9700  0.9700  0.9700  0.9700  0.9700  0.9700  0.9700  0.9700  0.9700  0.9700  0.9700  0.9800  0.9800  0.9800  0.9700
  5   |  0.9700  0.9700  0.9700  0.9700  0.9700  0.9700  0.9700  0.9700  0.9700  0.9700  0.9700  0.9800  0.9800  0.9800  0.9700
  6   |  0.9900  0.9900  0.9900  0.9900  0.9900  0.9900  0.9900  0.9900  0.9900  0.9900  0.9900  0.9900  0.9900  0.9900  0.9900
  7   |  1.0000  1.0000  1.0000  1.0000  1.0000  1.0000  1.0000  1.0000  1.0000  1.0000  1.0000  1.0000  1.0000  1.0000  1.0000
  8   |  1.0000  1.0000  1.0000  1.0000  1.0000  1.0000  1.0000  1.0000  1.0000  1.0000  1.0000  1.0000  1.0000  1.0000  1.0000
  9   |  1.0000  1.0000  1.0000  1.0000  1.0000  1.0000  1.0000  1.0000  1.0000  1.0000  1.0000  1.0000  1.0000  1.0000  1.0000
------+------------------------------------------------------------------------------------------------------------------------
                                               
 
 
        Proportion of fish spawning
        ---------------------------
------+--------
AGE   |    2002
------+--------
  0   |  0.0000
  1   |  0.0700
  2   |  0.5900
  3   |  0.8800
  4   |  0.9700
  5   |  0.9700
  6   |  0.9900
  7   |  1.0000
  8   |  1.0000
  9   |  1.0000
------+--------
                                               
 
 
 
 INDICES OF SPAWNING BIOMASS                                                    
  
 ----------------------------
 
          INDEX
        -------
------+------------------------------------------------------------------------------------------------------------------------
      |    1972    1973    1974    1975    1976    1977    1978    1979    1980    1981    1982    1983    1984    1985    1986
------+------------------------------------------------------------------------------------------------------------------------
  1   | ******* ******* ******* ******* ******* ******* ******* ******* ******* ******* ******* ******* ******* ******* *******
------+------------------------------------------------------------------------------------------------------------------------
       x 10 ^ 3                                
 
 
          INDEX
        -------
------+------------------------------------------------------------------------------------------------------------------------
      |    1987    1988    1989    1990    1991    1992    1993    1994    1995    1996    1997    1998    1999    2000    2001
------+------------------------------------------------------------------------------------------------------------------------
  1   | *******  197.43  201.76  190.07  227.32  271.99  276.76  249.31  262.41  249.98  268.65  279.18  300.86  288.96  291.17
------+------------------------------------------------------------------------------------------------------------------------
       x 10 ^ 3                                
 
 
          INDEX
        -------
------+--------
      |    2002
------+--------
  1   |  260.97
------+--------
       x 10 ^ 3                                
 
 
 
 AGE-STRUCTURED INDICES                                                         
  
 -----------------------
 
        FLT01: Dummy survey
        -------------------
------+--------------------------------
AGE   |    1981    1982    1983    1984
------+--------------------------------
  1   |  266.10  203.00   43.60   15.24
  2   |  506.40  435.90  712.70   79.51
  3   |  225.10  483.60  444.60  661.83
  4   |   31.70  184.10  391.60  374.60
  5   |  174.80   24.70  130.40  238.20
  6   |  158.50  136.60   20.20   92.00
  7   |   99.50  108.60   91.30   15.54
  8   |  116.60   84.50   70.90   51.47
  9   |   35.30   87.00   47.10   39.27
------+--------------------------------
       x 10 ^ 3                                
 
 
 
        Fishing Mortality (per year)
        ----------------------------
------+------------------------------------------------------------------------------------------------------------------------
AGE   |    1972    1973    1974    1975    1976    1977    1978    1979    1980    1981    1982    1983    1984    1985    1986
------+------------------------------------------------------------------------------------------------------------------------
  0   | 0.00780 0.00544 0.00942 0.00771 0.00635 0.00528 0.00898 0.00847 0.00946 0.00841 0.00773 0.00954 0.00579 0.00674 0.00894
  1   | 0.02952 0.02058 0.03566 0.02917 0.02404 0.02000 0.03397 0.03207 0.03581 0.03184 0.02925 0.03610 0.02190 0.02551 0.03385
  2   | 0.06535 0.04555 0.07893 0.06456 0.05320 0.04426 0.07519 0.07098 0.07926 0.07047 0.06475 0.07991 0.04847 0.05647 0.07492
  3   | 0.12892 0.08986 0.15571 0.12738 0.10496 0.08732 0.14834 0.14004 0.15638 0.13904 0.12774 0.15765 0.09562 0.11140 0.14780
  4   | 0.19710 0.13738 0.23805 0.19473 0.16046 0.13349 0.22678 0.21409 0.23907 0.21256 0.19529 0.24102 0.14618 0.17031 0.22596
  5   | 0.22418 0.15625 0.27076 0.22149 0.18251 0.15183 0.25794 0.24351 0.27192 0.24176 0.22212 0.27413 0.16627 0.19371 0.25700
  6   | 0.25352 0.17671 0.30620 0.25048 0.20640 0.17171 0.29170 0.27538 0.30751 0.27341 0.25119 0.31002 0.18803 0.21906 0.29065
  7   | 0.29044 0.20244 0.35079 0.28696 0.23645 0.19671 0.33418 0.31549 0.35229 0.31323 0.28778 0.35517 0.21542 0.25097 0.33297
  8   | 0.26901 0.18751 0.32491 0.26579 0.21901 0.18220 0.30953 0.29221 0.32630 0.29011 0.26654 0.32896 0.19952 0.23245 0.30841
  9   | 0.26901 0.18751 0.32491 0.26579 0.21901 0.18220 0.30953 0.29221 0.32630 0.29011 0.26654 0.32896 0.19952 0.23245 0.30841
------+------------------------------------------------------------------------------------------------------------------------
                                               
 
 
        Fishing Mortality (per year)
        ----------------------------
------+------------------------------------------------------------------------------------------------------------------------
AGE   |    1987    1988    1989    1990    1991    1992    1993    1994    1995    1996    1997    1998    1999    2000    2001
------+------------------------------------------------------------------------------------------------------------------------
  0   | 0.00788 0.00864 0.00744 0.00657 0.00587 0.00523 0.01010 0.00806 0.01006 0.01031 0.00537 0.00907 0.00672 0.00978 0.00951
  1   | 0.02981 0.03269 0.02817 0.02488 0.02220 0.01979 0.03823 0.03051 0.03808 0.03903 0.02032 0.03433 0.02545 0.03700 0.03600
  2   | 0.06598 0.07234 0.06236 0.05507 0.04914 0.04380 0.08462 0.06752 0.08429 0.08640 0.04498 0.07598 0.05633 0.08189 0.07969
  3   | 0.13017 0.14273 0.12303 0.10866 0.09694 0.08642 0.16695 0.13322 0.16629 0.17046 0.08874 0.14991 0.11112 0.16156 0.15722
  4   | 0.19900 0.21820 0.18808 0.16611 0.14820 0.13212 0.25523 0.20366 0.25422 0.26059 0.13566 0.22918 0.16988 0.24699 0.24035
  5   | 0.22634 0.24818 0.21392 0.18893 0.16856 0.15027 0.29030 0.23164 0.28914 0.29639 0.15430 0.26067 0.19323 0.28093 0.27337
  6   | 0.25597 0.28067 0.24192 0.21367 0.19063 0.16994 0.32830 0.26196 0.32699 0.33519 0.17449 0.29479 0.21852 0.31770 0.30916
  7   | 0.29325 0.32154 0.27716 0.24478 0.21839 0.19469 0.37611 0.30012 0.37462 0.38401 0.19991 0.33772 0.25034 0.36397 0.35418
  8   | 0.27161 0.29782 0.25671 0.22672 0.20227 0.18033 0.34836 0.27797 0.34697 0.35567 0.18516 0.31280 0.23187 0.33711 0.32805
  9   | 0.27161 0.29782 0.25671 0.22672 0.20227 0.18033 0.34836 0.27797 0.34697 0.35567 0.18516 0.31280 0.23187 0.33711 0.32805
------+------------------------------------------------------------------------------------------------------------------------
                                               
 
 
        Fishing Mortality (per year)
        ----------------------------
------+--------
AGE   |    2002
------+--------
  0   | 0.00748
  1   | 0.02829
  2   | 0.06262
  3   | 0.12354
  4   | 0.18887
  5   | 0.21482
  6   | 0.24294
  7   | 0.27832
  8   | 0.25778
  9   | 0.25778
------+--------
                                               
 
 
 
        Population Abundance (1 January)
        --------------------------------
------+------------------------------------------------------------------------------------------------------------------------
AGE   |    1972    1973    1974    1975    1976    1977    1978    1979    1980    1981    1982    1983    1984    1985    1986
------+------------------------------------------------------------------------------------------------------------------------
  0   |  350.87  413.21  528.90  498.74  591.64  105.69  482.83  518.38  542.45  481.40  482.83  528.90  105.69  105.69  392.36
  1   |  641.94  299.65  353.73  450.96  425.97  506.01   90.49  411.86  442.41  462.49  410.87  412.38  450.91   90.44   90.36
  2   |  278.21  536.45  252.66  293.79  376.99  357.93  426.90   75.28  343.31  367.39  385.60  343.45  342.35  379.69   75.89
  3   |  273.30  224.31  441.17  200.96  237.06  307.66  294.73  340.82   60.36  272.97  294.70  311.08  272.90  280.72  308.86
  4   |  165.13  206.77  176.48  324.96  152.28  183.71  242.67  218.71  255.02   44.43  204.45  223.23  228.69  213.47  216.15
  5   |  148.98  116.70  155.13  119.72  230.21  111.64  138.36  166.49  151.96  172.82   30.92  144.75  150.99  170.07  154.96
  6   |   33.23  102.48   85.92  101.85   82.57  165.09   82.55   92.01  112.33   99.66  116.80   21.31   94.72  110.05  120.60
  7   |   53.48   22.19   73.91   54.44   68.24   57.81  119.67   53.08   60.13   71.09   65.26   78.20   13.45   67.55   76.09
  8   |   40.94   34.43   15.60   44.80   35.17   46.37   40.88   73.74   33.32   36.39   44.73   42.12   47.19    9.34   45.24
  9   |   59.01   61.54   63.20   44.83   53.93   56.15   68.54   67.10   84.56   68.82   62.35   66.23   59.37   71.29   50.40
------+------------------------------------------------------------------------------------------------------------------------
       x 10 ^ 6                                
 
 
        Population Abundance (1 January)
        --------------------------------
------+------------------------------------------------------------------------------------------------------------------------
AGE   |    1987    1988    1989    1990    1991    1992    1993    1994    1995    1996    1997    1998    1999    2000    2001
------+------------------------------------------------------------------------------------------------------------------------
  0   |  518.38  105.69  752.85  420.79  333.68  361.17  518.38  591.64  558.82  577.12  438.51  438.51  350.87  413.21  333.68
  1   |  334.70  442.67   90.19  643.18  359.80  285.52  309.24  441.69  505.14  476.17  491.63  375.41  374.02  299.97  352.20
  2   |   75.18  279.62  368.76   75.47  539.98  302.88  240.93  256.18  368.74  418.53  394.15  414.64  312.21  313.83  248.81
  3   |   60.60   60.58  223.87  298.20   61.48  442.48  249.52  190.55  206.10  291.72  330.42  324.33  330.77  254.01  248.88
  4   |  229.31   45.79   45.21  170.38  230.24   48.02  349.32  181.74  143.55  150.22  211.74  260.25  240.29  254.76  186.01
  5   |  148.41  161.76   31.69   32.24  124.21  170.87   36.22  232.93  127.60   95.82   99.63  159.13  178.12  174.51  171.28
  6   |  103.15  101.87  108.63   22.02   22.97   90.32  126.55   23.32  159.03   82.25   61.32   73.49  105.53  126.37  113.41
  7   |   77.62   68.73   66.22   73.40   15.31   16.34   65.59   78.44   15.45   98.70   50.63   44.33   47.11   73.00   79.16
  8   |   46.94   49.83   42.89   43.20   49.46   10.59   11.58   38.76   50.01    9.14   57.86   35.68   27.22   31.57   43.66
  9   |   54.91   61.61   65.20   70.85   72.77   79.62   57.48   35.94   42.76   50.42   34.81   65.08   59.26   53.39   51.15
------+------------------------------------------------------------------------------------------------------------------------
       x 10 ^ 6                                
 
 
        Population Abundance (1 January)
        --------------------------------
------+----------------
AGE   |    2002    2003
------+----------------
  0   |  224.34  350.99
  1   |  284.48  191.65
  2   |  292.42  238.02
  3   |  197.75  236.41
  4   |  183.05  150.43
  5   |  125.89  130.44
  6   |  112.16   87.41
  7   |   71.66   75.72
  8   |   47.82   46.69
  9   |   52.01   66.40
------+----------------
       x 10 ^ 6                                
 
 
 
        Weighting factors for the catches in number
        -------------------------------------------
------+----------------------------------------------------------------------------------------
AGE   |    1992    1993    1994    1995    1996    1997    1998    1999    2000    2001    2002
------+----------------------------------------------------------------------------------------
  0   |  0.0200  0.0200  0.0200  0.0200  0.0200  0.0200  0.0200  0.0200  0.0200  0.0200  0.0200
  1   |  1.0000  1.0000  1.0000  1.0000  1.0000  1.0000  1.0000  1.0000  1.0000  1.0000  1.0000
  2   |  1.0000  1.0000  1.0000  1.0000  1.0000  1.0000  1.0000  1.0000  1.0000  1.0000  1.0000
  3   |  1.0000  1.0000  1.0000  1.0000  1.0000  1.0000  1.0000  1.0000  1.0000  1.0000  1.0000
  4   |  1.0000  1.0000  1.0000  1.0000  1.0000  1.0000  1.0000  1.0000  1.0000  1.0000  1.0000
  5   |  1.0000  1.0000  1.0000  1.0000  1.0000  1.0000  1.0000  1.0000  1.0000  1.0000  1.0000
  6   |  1.0000  1.0000  1.0000  1.0000  1.0000  1.0000  1.0000  1.0000  1.0000  1.0000  1.0000
  7   |  1.0000  1.0000  1.0000  1.0000  1.0000  1.0000  1.0000  1.0000  1.0000  1.0000  1.0000
  8   |  1.0000  1.0000  1.0000  1.0000  1.0000  1.0000  1.0000  1.0000  1.0000  1.0000  1.0000
------+----------------------------------------------------------------------------------------
                                               
 
 
 
 Predicted SSB Index Values                                                     
  
 ---------------------------
 
          INDEX
        -------
------+------------------------------------------------------------------------------------------------------------------------
      |    1972    1973    1974    1975    1976    1977    1978    1979    1980    1981    1982    1983    1984    1985    1986
------+------------------------------------------------------------------------------------------------------------------------
  1   | ******* ******* ******* ******* ******* ******* ******* ******* ******* ******* ******* ******* ******* ******* *******
------+------------------------------------------------------------------------------------------------------------------------
       x 10 ^ 3                                
 
 
          INDEX
        -------
------+------------------------------------------------------------------------------------------------------------------------
      |    1987    1988    1989    1990    1991    1992    1993    1994    1995    1996    1997    1998    1999    2000    2001
------+------------------------------------------------------------------------------------------------------------------------
  1   | *******  197.43  201.76  190.07  227.32  271.99  276.76  249.31  262.42  249.98  268.65  279.18  300.86  288.96  291.17
------+------------------------------------------------------------------------------------------------------------------------
       x 10 ^ 3                                
 
 
          INDEX
        -------
------+--------
      |    2002
------+--------
  1   |  260.97
------+--------
       x 10 ^ 3                                
 
 
 
 Predicted Age-Structured Index Values                                          
  
 --------------------------------------
 
        FLT01: Dummy survey Predicted
        -----------------------------
------+--------------------------------
AGE   |    1981    1982    1983    1984
------+--------------------------------
  1   |   82.47   73.37   73.36   80.85
  2   |  341.14  359.18  317.26  321.77
  3   |  399.73  434.23  450.89  409.29
  4   |   51.40  238.77  254.23  274.40
  5   |  177.36   32.08  145.94  161.52
  6   |  112.89  133.95   23.66  112.46
  7   |   93.59   87.12  100.61   18.69
  8   |   65.75   81.89   74.51   89.63
  9   |   51.88   47.62   48.87   47.05
------+--------------------------------
       x 10 ^ 3                                
 
 
 
        Fitted Selection Pattern
        ------------------------
------+------------------------------------------------------------------------------------------------------------------------
AGE   |    1972    1973    1974    1975    1976    1977    1978    1979    1980    1981    1982    1983    1984    1985    1986
------+------------------------------------------------------------------------------------------------------------------------
  0   |  0.0348  0.0348  0.0348  0.0348  0.0348  0.0348  0.0348  0.0348  0.0348  0.0348  0.0348  0.0348  0.0348  0.0348  0.0348
  1   |  0.1317  0.1317  0.1317  0.1317  0.1317  0.1317  0.1317  0.1317  0.1317  0.1317  0.1317  0.1317  0.1317  0.1317  0.1317
  2   |  0.2915  0.2915  0.2915  0.2915  0.2915  0.2915  0.2915  0.2915  0.2915  0.2915  0.2915  0.2915  0.2915  0.2915  0.2915
  3   |  0.5751  0.5751  0.5751  0.5751  0.5751  0.5751  0.5751  0.5751  0.5751  0.5751  0.5751  0.5751  0.5751  0.5751  0.5751
  4   |  0.8792  0.8792  0.8792  0.8792  0.8792  0.8792  0.8792  0.8792  0.8792  0.8792  0.8792  0.8792  0.8792  0.8792  0.8792
  5   |  1.0000  1.0000  1.0000  1.0000  1.0000  1.0000  1.0000  1.0000  1.0000  1.0000  1.0000  1.0000  1.0000  1.0000  1.0000
  6   |  1.1309  1.1309  1.1309  1.1309  1.1309  1.1309  1.1309  1.1309  1.1309  1.1309  1.1309  1.1309  1.1309  1.1309  1.1309
  7   |  1.2956  1.2956  1.2956  1.2956  1.2956  1.2956  1.2956  1.2956  1.2956  1.2956  1.2956  1.2956  1.2956  1.2956  1.2956
  8   |  1.2000  1.2000  1.2000  1.2000  1.2000  1.2000  1.2000  1.2000  1.2000  1.2000  1.2000  1.2000  1.2000  1.2000  1.2000
  9   |  1.2000  1.2000  1.2000  1.2000  1.2000  1.2000  1.2000  1.2000  1.2000  1.2000  1.2000  1.2000  1.2000  1.2000  1.2000
------+------------------------------------------------------------------------------------------------------------------------
                                               
 
 
        Fitted Selection Pattern
        ------------------------
------+------------------------------------------------------------------------------------------------------------------------
AGE   |    1987    1988    1989    1990    1991    1992    1993    1994    1995    1996    1997    1998    1999    2000    2001
------+------------------------------------------------------------------------------------------------------------------------
  0   |  0.0348  0.0348  0.0348  0.0348  0.0348  0.0348  0.0348  0.0348  0.0348  0.0348  0.0348  0.0348  0.0348  0.0348  0.0348
  1   |  0.1317  0.1317  0.1317  0.1317  0.1317  0.1317  0.1317  0.1317  0.1317  0.1317  0.1317  0.1317  0.1317  0.1317  0.1317
  2   |  0.2915  0.2915  0.2915  0.2915  0.2915  0.2915  0.2915  0.2915  0.2915  0.2915  0.2915  0.2915  0.2915  0.2915  0.2915
  3   |  0.5751  0.5751  0.5751  0.5751  0.5751  0.5751  0.5751  0.5751  0.5751  0.5751  0.5751  0.5751  0.5751  0.5751  0.5751
  4   |  0.8792  0.8792  0.8792  0.8792  0.8792  0.8792  0.8792  0.8792  0.8792  0.8792  0.8792  0.8792  0.8792  0.8792  0.8792
  5   |  1.0000  1.0000  1.0000  1.0000  1.0000  1.0000  1.0000  1.0000  1.0000  1.0000  1.0000  1.0000  1.0000  1.0000  1.0000
  6   |  1.1309  1.1309  1.1309  1.1309  1.1309  1.1309  1.1309  1.1309  1.1309  1.1309  1.1309  1.1309  1.1309  1.1309  1.1309
  7   |  1.2956  1.2956  1.2956  1.2956  1.2956  1.2956  1.2956  1.2956  1.2956  1.2956  1.2956  1.2956  1.2956  1.2956  1.2956
  8   |  1.2000  1.2000  1.2000  1.2000  1.2000  1.2000  1.2000  1.2000  1.2000  1.2000  1.2000  1.2000  1.2000  1.2000  1.2000
  9   |  1.2000  1.2000  1.2000  1.2000  1.2000  1.2000  1.2000  1.2000  1.2000  1.2000  1.2000  1.2000  1.2000  1.2000  1.2000
------+------------------------------------------------------------------------------------------------------------------------
                                               
 
 
        Fitted Selection Pattern
        ------------------------
------+--------
AGE   |    2002
------+--------
  0   |  0.0348
  1   |  0.1317
  2   |  0.2915
  3   |  0.5751
  4   |  0.8792
  5   |  1.0000
  6   |  1.1309
  7   |  1.2956
  8   |  1.2000
  9   |  1.2000
------+--------
                                               
 
 
 
 
 
                    STOCK SUMMARY                                             
 
 
 ³ Year ³  Recruits  ³  Total  ³ Spawning³ Landings ³ Yield ³ Mean F ³ SoP ³    
 ³      ³   Age   0  ³ Biomass ³ Biomass ³          ³ /SSB  ³  Ages  ³     ³ 
 ³      ³  thousands ³  tonnes ³ tonnes  ³ tonnes   ³ ratio ³  4- 7  ³ (%) ³ 
 
   1972       350870    409742    256102     64411   0.2515   0.2413    99
   1973       413210    403301    277578     44446   0.1601   0.1682   100
   1974       528890    413202    284834     78933   0.2771   0.2915   100
   1975       498730    401870    271611     62208   0.2290   0.2384   100
   1976       591640    401561    271751     51122   0.1881   0.1965    99
   1977       105690    418758    285880     45719   0.1599   0.1634   100
   1978       482830    411461    304796     75569   0.2479   0.2777   100
   1979       518370    387674    278299     67968   0.2442   0.2621    99
   1980       542440    375501    251539     78352   0.3115   0.2927    99
   1981       481390    366357    247216     65477   0.2649   0.2602    99
   1982       482830    343281    239086     61565   0.2575   0.2391   100
   1983       528890    375621    259224     73094   0.2820   0.2951    99
   1984       105690    382139    274312     45081   0.1643   0.1790   100
   1985       105690    388899    300536     65410   0.2176   0.2085   100
   1986       392350    343995    272012     83165   0.3057   0.2766   100
   1987       518370    291621    220670     66625   0.3019   0.2436    99
   1988       105690    283363    197426     64745   0.3279   0.2671    99
   1989       752850    272594    201762     49949   0.2476   0.2303   100
   1990       420780    274765    190070     46779   0.2461   0.2034   100
   1991       333670    321383    227321     43993   0.1935   0.1814    99
   1992       361160    367340    271992     44140   0.1623   0.1618    99
   1993       518370    380266    276757     86288   0.3118   0.3125    99
   1994       591640    349332    249311     68997   0.2767   0.2493    99
   1995       558820    382577    262415     82591   0.3147   0.3112    99
   1996       577110    363324    249976     80627   0.3225   0.3190    99
   1997       438500    378123    268654     43541   0.1621   0.1661    99
   1998       438500    390175    279183     80223   0.2873   0.2806   100
   1999       350870    409498    300863     63034   0.2095   0.2080   100
   2000       413210    396081    288956     92189   0.3190   0.3024    99
   2001       333670    396296    291168     85457   0.2935   0.2943   100
   2002       224340    351449    260970     63396   0.2429   0.2312   100
 
 -----------------------------------------------------------------            
 No of years for separable analysis : 11                                      
 Age range in the analysis : 0  . . . 9                                       
 Year range in the analysis : 1972  . . . 2002                                
 Number of indices of SSB : 1                                                 
 Number of age-structured indices : 1                                         
                                                                              
 Parameters to estimate : 46                                                  
 Number of observations : 150                                                 
                                                                              
 Conventional single selection vector model to be fitted.                     
                                                                              
                                                                              
                                                                              
 -----------------------------------------------------------------            
 
 
 PARAMETER ESTIMATES                                                            
  
 
 ³Parm.³      ³ Maximum ³    ³        ³         ³         ³         ³ Mean of ³ 
  
 ³ No. ³      ³ Likelh. ³ CV ³  Lower ³ Upper   ³  -s.e.  ³   +s.e. ³ Param.  ³ 
  
 ³     ³      ³ Estimate³ (%)³ 95% CL ³ 95% CL  ³         ³         ³ Distrib.³ 
  
 Separable model : F by year                                                    
  
    1   1992     0.1503   0    0.1487    0.1519    0.1494    0.1511    0.1503
    2   1993     0.2903   0    0.2873    0.2933    0.2888    0.2918    0.2903
    3   1994     0.2316   0    0.2293    0.2340    0.2304    0.2329    0.2316
    4   1995     0.2891   0    0.2862    0.2921    0.2876    0.2907    0.2891
    5   1996     0.2964   0    0.2934    0.2994    0.2948    0.2979    0.2964
    6   1997     0.1543   0    0.1528    0.1558    0.1535    0.1551    0.1543
    7   1998     0.2607   0    0.2581    0.2633    0.2594    0.2620    0.2607
    8   1999     0.1932   0    0.1914    0.1951    0.1923    0.1942    0.1932
    9   2000     0.2809   0    0.2782    0.2836    0.2795    0.2823    0.2809
   10   2001     0.2734   0    0.2707    0.2761    0.2720    0.2748    0.2734
   11   2002     0.2148   0    0.2125    0.2172    0.2136    0.2160    0.2148
 
 Separable Model: Selection (S) by age                                          
  
   12      0     0.0348   2    0.0332    0.0365    0.0340    0.0357    0.0348
   13      1     0.1317   0    0.1303    0.1331    0.1310    0.1324    0.1317
   14      2     0.2915   0    0.2887    0.2944    0.2900    0.2930    0.2915
   15      3     0.5751   0    0.5698    0.5805    0.5724    0.5778    0.5751
   16      4     0.8792   0    0.8716    0.8869    0.8753    0.8831    0.8792
           5     1.0000     Fixed : Reference Age             
   17      6     1.1309   0    1.1219    1.1400    1.1263    1.1355    1.1309
   18      7     1.2956   0    1.2854    1.3059    1.2904    1.3008    1.2956
           8     1.2000     Fixed : Last true age             
 
 Separable model: Populations in year 2002                                    
   19      0     224340   8     191373    262987    206866    243290    225079
   20      1     284479   1     277337    291804    280812    288193    284503
   21      2     292416   0     287353    297569    289822    295034    292428
   22      3     197750   0     195005    200533    196344    199165    197755
   23      4     183048   0     180925    185195    181962    184140    183051
   24      5     125893   0     124571    127230    125217    126573    125895
   25      6     112160   0     111096    113235    111616    112707    112162
   26      7      71655   0      70974     72343     71306     72005     71656
   27      8      47814   0      47340     48292     47571     48057     47814
 
Separable model: Populations at age
   28   1992      10589   1      10344     10840     10463     10716     10590
   29   1993      11574   0      11375     11776     11472     11677     11574
   30   1994      38756   0      38191     39330     38467     39048     38757
   31   1995      50009   0      49364     50662     49679     50341     50010
   32   1996       9139   0       9019      9260      9077      9201      9139
   33   1997      57863   0      57252     58482     57550     58178     57864
   34   1998      35682   0      35315     36053     35494     35871     35683
   35   1999      27216   0      26938     27497     27074     27359     27216
   36   2000      31564   0      31258     31873     31407     31721     31564
   37   2001      43663   0      43239     44091     43446     43881     43664
 
 SSB Index catchabilities                                                       
  
   INDEX                                 
 Absolute estimator. No fitted catchability.                                    
  
 
 
 
 Age-structured index catchabilities                                            
  
                                        FLT01: Dummy survey                     
 
 Linear model fitted. Slopes at age :                                           
  
   38   1  Q  .1971      16 .1685     .3197     .1971     .2733     .2352    
   39   2  Q  1.048      16 .8960     1.701     1.048     1.454     1.251    
   40   3  Q  1.717      16 1.467     2.785     1.717     2.381     2.049    
   41   4  Q  1.412      16 1.207     2.291     1.412     1.958     1.685    
   42   5  Q  1.273      16 1.088     2.065     1.273     1.765     1.519    
   43   6  Q  1.430      16 1.222     2.320     1.430     1.983     1.706    
   44   7  Q  1.699      16 1.452     2.756     1.699     2.355     2.027    
   45   8  Q  2.302      16 1.968     3.735     2.302     3.192     2.747    
   46   9  Q  .9604      16 .8209     1.558     .9604     1.332     1.146    
 
 
 
 RESIDUALS ABOUT THE MODEL FIT                                                  
  
 ------------------------------
 
        Separable Model Residuals
        -------------------------
------+----------------------------------------------------------------------------------------
Age   |    1992    1993    1994    1995    1996    1997    1998    1999    2000    2001    2002
------+----------------------------------------------------------------------------------------
  0   | ******* ******* ******* ******* ******* ******* ******* ******* ******* ******* *******
  1   | ******* ******* ******* ******* ******* ******* ******* ******* ******* ******* *******
  2   | ******* ******* ******* ******* ******* ******* ******* ******* ******* ******* *******
  3   | ******* ******* ******* ******* ******* ******* ******* ******* ******* ******* *******
  4   | ******* ******* ******* ******* ******* ******* ******* ******* ******* ******* *******
  5   | ******* ******* ******* ******* ******* ******* ******* ******* ******* ******* *******
  6   | ******* ******* ******* ******* ******* ******* ******* ******* ******* ******* *******
  7   | ******* ******* ******* ******* ******* ******* ******* ******* ******* ******* *******
  8   | ******* ******* ******* ******* ******* ******* ******* ******* ******* ******* *******
------+----------------------------------------------------------------------------------------
                                               
 
 
 
 SPAWNING BIOMASS INDEX RESIDUALS                                               
  
 ---------------------------------
 
          INDEX
        -------
------+------------------------------------------------------------------------------------------------------------------------
      |    1972    1973    1974    1975    1976    1977    1978    1979    1980    1981    1982    1983    1984    1985    1986
------+------------------------------------------------------------------------------------------------------------------------
  1   | ******* ******* ******* ******* ******* ******* ******* ******* ******* ******* ******* ******* ******* ******* *******
------+------------------------------------------------------------------------------------------------------------------------
                                               
 
 
          INDEX
        -------
------+------------------------------------------------------------------------------------------------------------------------
      |    1987    1988    1989    1990    1991    1992    1993    1994    1995    1996    1997    1998    1999    2000    2001
------+------------------------------------------------------------------------------------------------------------------------
  1   | ******* ******* ******* ******* ******* ******* ******* ******* ******* ******* ******* ******* ******* ******* *******
------+------------------------------------------------------------------------------------------------------------------------
                                               
 
 
          INDEX
        -------
------+--------
      |    2002
------+--------
  1   | *******
------+--------
                                               
 
 
 
 AGE-STRUCTURED INDEX RESIDUALS                                                 
  
 -------------------------------
 
        FLT01: Dummy survey
        -------------------
------+--------------------------------
Age   |    1981    1982    1983    1984
------+--------------------------------
  1   |   1.171   1.018  -0.520  -1.669
  2   |   0.395   0.194   0.809  -1.398
  3   |  -0.574   0.108  -0.014   0.481
  4   |  -0.483  -0.260   0.432   0.311
  5   |  -0.015  -0.261  -0.113   0.388
  6   |   0.339   0.020  -0.158  -0.201
  7   |   0.061   0.220  -0.097  -0.185
  8   |   0.573   0.031  -0.050  -0.555
  9   |  -0.385   0.603  -0.037  -0.181
------+--------------------------------
                                               
 
 
 
 
 
 
 PARAMETERS OF THE DISTRIBUTION OF ln(CATCHES AT AGE)                           
  
 -----------------------------------------------------
 
 Separable model fitted from 1992  to 2002                                    
 Variance                             0.0000
Skewness test stat.                   3.4547
Kurtosis test statistic               1.7131
Partial chi-square                    0.0000
Significance in fit                   0.0000
Degrees of freedom                        62
 
 
 PARAMETERS OF DISTRIBUTIONS OF THE SSB INDICES                                 
  
 -----------------------------------------------
 
 
   DISTRIBUTION STATISTICS FOR   INDEX                                          
 
 
 Index used as absolute measure of abundance                                    
  
 Last age is a plus-group                                                       
  
 
 Variance                             0.0000
Skewness test stat.                   1.5535
Kurtosis test statistic              -0.4497
Partial chi-square                    0.0000
Significance in fit                   0.0000
Number of observations                    15
Degrees of freedom                        15
Weight in the analysis                5.0000
 
 PARAMETERS OF THE DISTRIBUTION OF THE AGE-STRUCTURED INDICES                   
  
 ------------------------------------------------------------ 
 
 
   DISTRIBUTION STATISTICS FOR FLT01: Dummy survey                              
 
 
 Linear catchability relationship assumed                                       
  
 
 Age                          1         2         3         4         5         6         7         8         9
 Variance                0.0020    0.0010    0.0002    0.0002    0.0001    0.0001    0.0000    0.0002    0.0002
Skewness test stat.     -0.2719   -0.7423   -0.2907   -0.0718    0.5747    0.5738    0.2053    0.0551    0.6317
Kurtosis test statisti  -0.6348   -0.3363   -0.4166   -0.7311   -0.3881   -0.4505   -0.5804   -0.4162   -0.3743
Partial chi-square       0.0005    0.0002    0.0000    0.0001    0.0000    0.0000    0.0000    0.0001    0.0001
Significance in fit      0.0000    0.0000    0.0000    0.0000    0.0000    0.0000    0.0000    0.0000    0.0000
Number of observations        4         4         4         4         4         4         4         4         4
Degrees of freedom            3         3         3         3         3         3         3         3         3
Weight in the analysis   0.0011    0.0011    0.0011    0.0011    0.0011    0.0011    0.0011    0.0011    0.0011
 
 ANALYSIS OF VARIANCE                   
--------------------------
 
 Unweighted Statistics                                                          
  
 
                                                                                
  
Variance                              
                                       SSQ     Data    Parameters d.f. Variance
Total for model                        11.1164     150         46  104   0.1069
Catches at age                          0.0000      99         37   62   0.0000
  
SSB Indices                           
  INDEX                                 0.0000      15          0   15   0.0000
  
 Aged Indices                                                                   
  
FLT01: Dummy survey                    11.1164      36          9   27   0.4117
 
 
 Weighted Statistics                                                            
  
 
                                                                                
  
Variance                              
                                       SSQ     Data    Parameters d.f. Variance
Total for model                         0.0000     150         46  104   0.0000
Catches at age                          0.0000      99         37   62   0.0000
  
SSB Indices                           
  INDEX                                 0.0000      15          0   15   0.0000
  
 Aged Indices                                                                   
  
FLT01: Dummy survey                     0.0000      36          9   27   0.0000
 
