 ICA v1_3 TUNING DIAGNOSTICS FILE
   1       1
 F         SSQ
  0.05  21.33628250      20.03678050      1.299502000    
  0.10  8.851519439      7.580124993      1.271394445    
  0.15  4.431183407      3.171523316      1.259660091    
  0.20  2.630538064      1.376900864      1.253637200    
  0.25  1.907190729     0.6570585488      1.250132181    
  0.30  1.681577612     0.4336532807      1.247924331    
  0.35  1.702507256     0.4560464235      1.246460833    
  0.40  1.850612433     0.6051541296      1.245458303    
  0.45  2.065312421     0.8205549256      1.244757495    
  0.50  2.314354274      1.070091731      1.244262543    
  0.55  2.579972363      1.336059730      1.243912634    
  0.60  2.852161628      1.608494038      1.243667590    
  0.65  3.125245069      1.881745080      1.243499989    
  0.70  3.396031575      2.152640962      1.243390614    
  0.75  3.662805485      2.419479794      1.243325691    
  0.80  3.924734808      2.681439649      1.243295159    
  0.85  4.181540469      2.938248925      1.243291544    
  0.90  4.433294754      3.189985545      1.243309208    
  0.95  4.680303159      3.436959317      1.243343842    
  1.00  4.923038090      3.679645983      1.243392108    
