1408
 1.13565e-007 1.37851e-008 -1.57316e-007 7.9831e-008 2.44376e-008 -2.09352e-007 5.14673e-007 1.32414e-007 -8.11944e-008 -1.19719e-008 -2.93388e-007 -1.95514e-007 1.56525e-007 1.77916e-007 5.68634e-008 8.8303e-008 -1.08997e-007 5.22183e-007 1.46899e-007 2.12791e-007 -7.17845e-007 2.22131e-007 2.21837e-007 -1.36255e-007 9.59985e-008 1.03107e-007 -3.39084e-007 9.6836e-008 5.59696e-007 -2.43736e-007 4.33974e-008 -9.9491e-008 1.6706e-007 1.15565e-007 -8.93684e-008 1.45829e-007 1.48188e-007 -3.61012e-007 1.81103e-007 3.76465e-008 1.01913e-007 -1.58843e-007 3.25106e-007 -6.94354e-007 5.19267e-008 6.84279e-008 1.70481e-007 7.31049e-008 8.76148e-008 -6.79379e-008 1.57624e-007 1.3521e-007 -7.1381e-007 2.01815e-007 6.21122e-008 -4.59745e-008 3.02747e-007 1.0194e-007 1.15065e-007 -6.64048e-008 2.91611e-007 8.42798e-008 -6.70983e-008 2.1448e-007 -5.24451e-008 -4.86037e-008 2.1264e-007 -3.18521e-008 -8.60362e-008 2.11728e-007 -4.63892e-008 1.37013e-007 1.59376e-007 -1.46788e-007 1.91117e-007 1.67718e-007 4.61714e-007 2.12969e-008 -6.36606e-008 -1.98096e-007 1.21928e-008 1.01213e-007 1.13835e-008 1.05787e-007 1.29098e-007 1.17727e-007 1.99541e-007 1.57247e-007 2.35566e-007 1.15219e-007 -6.52568e-008 1.88984e-008 1.36433e-007 1.95975e-007 2.22046e-007 1.94228e-007 1.95337e-007 1.93565e-007 2.85889e-007 6.52837e-008 -4.94201e-008 1.22729e-007 -1.61751e-007 4.4674e-007 -3.25945e-007 -2.42403e-007 -3.71206e-007 -8.36595e-008 -1.50323e-007 2.36775e-008 -1.39281e-007 -1.99188e-007 -1.67162e-007 -1.91528e-007 -1.01664e-007 9.16983e-008 -1.20394e-007 -1.37838e-007 -4.25712e-007 1.11814e-007 5.04406e-009 5.29257e-008 -9.08444e-008 -1.2289e-007 6.10715e-007 -3.76674e-007 -2.56364e-007 -1.55788e-007 -1.71865e-007 -6.60923e-008 -2.00416e-007 6.6275e-008 -4.91773e-010 -8.4143e-008 1.16797e-007 -3.003e-008 -1.34546e-007 -7.30197e-009 -5.09054e-008 7.28034e-008 -2.13102e-007 -1.98357e-007 -4.75463e-008 -2.11681e-007 -3.3411e-007 -2.86907e-007 -4.03681e-007 -2.22276e-007 -1.9901e-007 -1.31759e-007 -9.22149e-008 -8.71632e-008 -8.79753e-008 -4.18559e-008 -1.47436e-007 -5.04322e-008 -2.35725e-007 -1.41668e-007 -1.92459e-007 -3.17417e-007 -1.53343e-007 -5.18342e-008 2.38828e-007 -1.42101e-007 2.91977e-007 9.69994e-008 4.25569e-007 9.78538e-008 1.41954e-008 8.49819e-008 1.56297e-007 5.71769e-008 -1.33756e-007 2.01427e-007 -6.78011e-008 -1.24841e-007 3.9534e-007 1.74894e-007 -2.55331e-008 1.75959e-007 1.77742e-007 3.08585e-007 1.35141e-007 3.23625e-007 -3.0938e-007 4.62032e-009 -1.15985e-007 2.40131e-007 1.09426e-007 3.17933e-007 -3.47429e-007 1.27143e-007 -4.05813e-007 -1.00594e-007 5.30634e-008 -6.81417e-007 2.8441e-007 3.7184e-007 -8.7968e-008 -1.53705e-007 -1.5835e-007 -1.20616e-007 -1.53825e-007 4.70321e-008 -1.38826e-007 -1.35794e-007 5.6227e-008 -1.47503e-007 -4.53586e-007 -4.65212e-008 3.24856e-007 -2.07807e-008 -7.06728e-009 -1.63219e-007 1.29294e-008 -2.54306e-007 -2.73184e-007 -1.78603e-007 -1.4063e-007 -1.85581e-007 -2.37469e-007 -7.40443e-008 2.79795e-007 -1.50033e-007 -5.10474e-008 2.2618e-008 -8.16861e-008 -8.6103e-008 -3.39501e-011 -2.62953e-008 -8.17973e-008 -7.89004e-008 -1.39131e-007 3.77691e-008 -9.65371e-009 -8.89332e-008 -5.80032e-008 2.29239e-007 1.63224e-007 8.44056e-008 -1.25785e-007 -9.55127e-008 -4.54677e-007 -2.4337e-007 -1.90119e-007 -3.72152e-008 -2.50524e-007 -1.65699e-007 -1.59904e-007 3.66867e-007 5.12594e-009 -4.20305e-007 6.61443e-009 -1.49923e-007 1.47897e-007 -1.44979e-007 -3.51077e-007 2.55153e-008 -2.81223e-007 -1.4779e-007 9.6297e-008 -6.81725e-008 -2.86949e-008 -9.42052e-008 -3.07777e-008 2.8526e-007 -2.0672e-007 -3.73823e-007 -3.94261e-007 -4.20681e-008 1.18168e-007 6.12155e-007 -2.34591e-008 -5.3925e-007 -2.23165e-007 -1.84346e-007 1.33649e-009 -1.44719e-007 -3.44036e-008 8.15792e-010 7.18417e-007 -5.18973e-008 2.23711e-008 1.93729e-008 3.32475e-008 1.38215e-007 -5.70234e-009 5.42069e-008 1.87236e-007 3.7488e-007 -1.29928e-007 -6.99548e-008 1.26801e-007 -2.96129e-007 1.59892e-007 3.24728e-007 -2.13945e-007 4.13996e-008 -1.10062e-007 1.50886e-007 1.33964e-007 -1.07608e-007 -1.05716e-008 -2.33504e-007 -3.52454e-008 -1.03407e-007 1.11706e-007 1.097e-008 -1.05618e-007 3.37398e-008 5.59523e-008 -9.74466e-008 1.26117e-007 3.99169e-008 2.38366e-008 8.93268e-008 -3.40418e-007 -6.35229e-009 -5.70136e-007 -2.1505e-007 -4.45149e-007 3.61005e-007 -3.0932e-007 3.18423e-007 -1.10334e-007 -4.69617e-008 -5.81426e-007 1.02985e-007 1.95641e-007 2.27616e-007 -3.99159e-007 1.10523e-007 -6.08465e-008 -6.10571e-008 -1.53859e-008 1.87296e-007 -1.87962e-008 -1.63103e-007 2.78219e-007 6.81977e-009 -4.07242e-007 -1.31132e-007 1.57235e-007 -9.20007e-008 -9.56803e-008 5.30253e-007 -6.60023e-007 -2.90388e-008 -2.82361e-007 -1.30894e-007 -3.35627e-007 1.82307e-011 -3.52549e-007 -4.16901e-007 2.22021e-007 1.01269e-007 7.60886e-008 3.70468e-007 3.23599e-007 4.96702e-007 1.2164e-007 1.87716e-007 3.34921e-008 -2.0252e-008 -1.28467e-007 9.23746e-008 -7.82629e-008 -3.68315e-008 1.50739e-007 1.19564e-007 4.29706e-008 -1.9449e-007 6.89985e-008 -4.54179e-008 -1.22639e-007 -5.60851e-008 1.05073e-008 -9.36047e-009 -8.23666e-008 6.85898e-008 1.69702e-007 1.2848e-007 1.37392e-007 -3.33098e-009 1.33161e-007 5.88571e-008 -6.16556e-008 4.01409e-007 1.9682e-007 2.37583e-007 8.24733e-007 2.35669e-007 -2.88018e-008 2.87609e-007 2.61622e-007 1.0567e-007 2.1228e-007 4.95649e-008 7.42481e-008 9.70407e-008 1.36544e-007 -6.78423e-009 1.46744e-007 1.62399e-007 -1.25758e-006 1.38577e-007 -8.32466e-008 2.09306e-007 3.85409e-007 -1.7089e-007 -2.57811e-007 3.09839e-008 -3.98667e-008 1.04628e-007 -5.49558e-008 -2.77303e-008 -6.17788e-008 -6.60842e-008 1.7714e-008 3.64106e-008 3.4575e-008 -2.80707e-008 -3.12167e-008 -3.51428e-008 4.52624e-008 3.94705e-008 7.41111e-008 2.16718e-007 1.9014e-008 1.2461e-007 1.41573e-007 -5.28602e-008 1.82603e-008 2.49599e-008 2.22035e-008 -4.41559e-008 -4.69034e-008 2.2797e-008 1.08666e-007 -3.79015e-008 -3.65357e-007 -1.09329e-007 1.4799e-008 2.35291e-007 -3.23753e-007 2.68609e-008 -9.37533e-009 -1.31281e-007 2.38299e-007 -1.82717e-007 1.05342e-007 -3.42627e-008 -2.38865e-008 -2.69965e-008 -3.03256e-008 2.2223e-009 3.70819e-008 9.59088e-008 2.0352e-007 6.14303e-008 4.66759e-008 7.30694e-008 1.20829e-007 6.98122e-008 2.23523e-008 -4.46161e-008 1.56288e-007 1.19835e-007 -2.50282e-008 2.03186e-009 1.81757e-010 1.05296e-007 -3.08997e-008 1.25738e-007 4.63911e-008 3.45571e-008 -4.02432e-008 1.11872e-007 6.057e-008 1.50044e-008 -1.03041e-007 7.10974e-008 2.56338e-008 -2.51419e-008 3.0514e-008 9.49108e-008 -3.47849e-008 -3.25815e-007 1.86472e-007 3.58291e-007 5.89517e-008 -3.65003e-007 -8.4353e-008 -7.29183e-009 7.5868e-008 -1.19754e-007 -2.13187e-008 4.19777e-008 7.80268e-008 1.34684e-008 -4.08381e-008 5.51593e-008 8.37775e-008 -2.71415e-008 -1.32142e-007 -5.90918e-008 6.01197e-008 -5.52369e-008 -7.92034e-009 3.88109e-007 1.45077e-007 7.35431e-009 3.16154e-008 3.09572e-008 5.74509e-009 -4.67607e-009 5.41366e-008 6.56169e-008 2.9081e-008 2.58386e-008 -3.1598e-008 -1.96309e-008 7.2725e-008 -1.78731e-007 7.84901e-007 -2.93747e-007 -6.23248e-008 -6.36143e-008 -3.17581e-007 -1.63207e-007 -1.91003e-007 -1.85246e-007 -1.04959e-007 -1.25689e-007 -1.30377e-007 -1.19258e-007 -6.26817e-008 -7.39814e-008 -6.87203e-008 -2.7488e-007 -1.61704e-007 -3.80921e-007 -3.69477e-007 -4.66069e-008 -1.12699e-007 -9.63315e-008 -2.84554e-007 -1.69478e-007 -5.6273e-008 -1.40863e-007 4.87121e-007 -1.66537e-007 -3.18429e-009 2.43489e-007 2.27897e-007 -4.74874e-007 -1.73675e-007 1.1938e-007 3.92147e-007 1.30995e-007 5.6922e-009 7.40629e-009 -9.51236e-008 1.49081e-007 3.48715e-007 5.85497e-008 1.71652e-008 4.81912e-007 1.65282e-007 -1.09844e-006 -6.55103e-007 4.65804e-007 -1.74553e-008 1.05451e-006 1.05176e-007 1.02395e-007 -2.61629e-007 5.19425e-007 -1.54484e-007 1.09136e-007 5.31042e-008 -1.29888e-007 3.04166e-009 -1.03199e-007 3.06682e-007 4.40415e-007 7.19805e-008 -4.61544e-009 -4.94778e-007 -2.09766e-007 -2.67242e-007 9.86243e-008 1.01119e-007 3.6573e-007 -1.31766e-007 -5.80719e-007 -9.76503e-008 -1.50674e-008 -4.18747e-008 8.68057e-007 1.38317e-010 -2.16992e-007 1.29674e-007 -1.32938e-007 4.47286e-008 5.58441e-008 2.94685e-008 -4.04064e-007 2.22447e-007 5.89375e-008 -1.73143e-008 1.13172e-007 -3.12612e-007 1.83219e-008 -1.62981e-007 4.03e-008 5.88606e-007 9.16652e-009 5.41062e-008 -1.91081e-008 -1.49198e-007 3.60977e-008 8.20752e-007 -1.25265e-007 -9.93827e-007 1.76709e-007 -5.85163e-007 2.00291e-008 1.8692e-007 9.65224e-008 3.34783e-009 6.01211e-008 9.59591e-008 4.71178e-008 5.26263e-009 -1.62492e-007 1.45173e-007 -4.11457e-009 -1.41736e-008 -1.40057e-007 -8.44717e-007 9.39383e-008 -7.6712e-008 2.94611e-008 2.71159e-007 7.27579e-008 1.67749e-008 -6.88092e-009 5.24817e-007 1.47676e-008 -3.09765e-007 5.43788e-009 2.22676e-007 -1.89763e-008 -1.37029e-008 1.55144e-007 -7.13234e-007 1.43927e-007 -2.72018e-009 9.47907e-007 -7.63154e-008 2.16717e-008 2.24459e-009 -4.9902e-007 2.42517e-007 7.69722e-008 5.78748e-008 -2.2325e-007 1.13816e-007 4.16926e-008 1.8315e-008 -1.77682e-007 -2.61473e-008 1.04731e-008 1.24837e-008 5.37476e-007 1.12979e-008 -1.08491e-009 6.37309e-008 -5.55406e-009 3.4334e-007 -3.4707e-009 -7.98331e-008 3.76344e-007 -1.05449e-008 1.53714e-007 1.42722e-009 1.03896e-007 1.10706e-007 1.79902e-007 5.94021e-008 9.92781e-008 2.00061e-008 -8.30027e-008 -4.83097e-008 1.5194e-008 -4.77649e-007 -1.74311e-007 -4.67354e-008 3.24976e-007 1.71592e-007 1.85524e-008 2.79638e-007 8.75104e-009 2.41578e-008 -3.19639e-007 1.3741e-008 -1.055e-006 -8.8744e-008 -1.22343e-008 -2.65624e-008 3.17912e-007 -1.36367e-008 -2.14909e-009 1.26476e-007 -6.16419e-007 2.72024e-007 -1.70405e-007 -5.94111e-008 7.84579e-007 -1.9275e-007 -1.2148e-007 -3.23253e-007 -1.65301e-007 -1.19732e-008 -2.45047e-008 -3.50943e-009 -9.30301e-009 9.22014e-008 1.06411e-007 7.29392e-008 8.76916e-008 7.71983e-008 2.9861e-008 1.02147e-007 1.33159e-007 1.57548e-007 1.36574e-007 1.79097e-007 1.97328e-007 1.78379e-007 7.56342e-008 1.86473e-007 2.10246e-007 1.92185e-009 -1.97581e-008 -7.84535e-009 -7.84726e-009 1.5924e-008 8.18905e-008 4.96037e-008 3.17968e-007 5.98151e-008 -1.93489e-007 2.19408e-008 -2.84638e-008 -2.88775e-007 8.3448e-008 -8.35303e-008 2.03331e-007 -4.46038e-007 9.73008e-007 -3.8744e-007 -1.65293e-007 -2.99663e-007 -7.51914e-007 -1.0334e-008 9.3461e-008 3.20872e-007 1.82098e-008 -8.34783e-008 -3.24056e-007 1.83263e-007 6.18239e-007 5.0129e-007 1.20537e-007 5.89773e-009 6.47944e-008 -2.41576e-007 -3.59976e-007 2.05511e-007 2.69408e-007 1.5174e-007 -6.12996e-007 3.08483e-007 3.19808e-007 -1.76275e-007 -7.60202e-008 -5.70018e-007 4.43017e-008 -2.46777e-007 -9.76947e-008 -4.32243e-007 8.05253e-007 4.4385e-007 -2.56636e-008 -3.27106e-008 3.8177e-007 -1.71919e-007 1.48982e-007 -1.32502e-007 -1.16242e-006 5.22132e-007 2.06418e-007 -1.32268e-008 -1.49592e-007 7.56194e-008 2.36515e-007 -1.67651e-007 -3.7719e-007 -4.11892e-008 9.30054e-007 3.59224e-008 -3.38529e-007 1.65716e-007 -4.57736e-007 2.37008e-008 9.94944e-009 -2.65724e-007 9.05815e-008 -3.97575e-007 5.27698e-007 -3.67398e-007 1.53832e-007 -1.42654e-007 -1.0547e-007 -1.80282e-007 -2.60976e-008 -1.37614e-007 1.17952e-006 -1.72914e-007 -5.48288e-008 3.03823e-008 -4.45005e-008 -1.27661e-007 2.49136e-007 3.41364e-007 2.60423e-008 -5.57379e-008 3.34948e-008 -5.26299e-008 -1.08675e-007 -2.54949e-007 -2.35912e-007 -3.7585e-007 -3.13837e-007 3.37635e-007 -6.0618e-007 2.53316e-007 -7.17585e-008 9.43335e-007 2.67937e-007 -1.9667e-008 -6.50831e-007 4.34228e-007 -2.93751e-008 3.23393e-007 -4.56808e-007 -4.36158e-007 1.42041e-006 -8.09495e-008 -1.65905e-007 -1.00461e-007 -3.45504e-007 -5.71423e-008 5.29632e-007 -5.48752e-007 -5.94151e-008 -3.24963e-007 -3.77402e-007 -3.77879e-007 -1.65021e-007 6.75929e-007 -1.67863e-007 1.45361e-009 -3.08819e-007 -1.88833e-007 1.35384e-006 -1.89997e-007 -6.46562e-008 -9.78037e-008 -2.60307e-008 9.19153e-008 1.40269e-007 -1.45681e-007 -8.9997e-008 -3.06881e-008 -2.4662e-007 1.5199e-007 -7.81671e-009 -4.53026e-007 4.22681e-007 -3.81149e-007 -6.50529e-008 3.32797e-008 4.77303e-007 2.22196e-007 -2.42541e-007 1.3211e-007 3.94561e-007 -3.89411e-007 -1.02133e-007 2.17425e-008 -9.89077e-008 1.07996e-007 6.16238e-008 1.8449e-007 2.38185e-007 1.00608e-007 6.82798e-008 1.60665e-007 2.03944e-007 1.3303e-008 -7.94019e-009 9.61364e-008 1.80877e-007 2.59143e-007 1.3543e-007 3.40246e-007 1.48991e-007 -6.44742e-008 -1.26868e-007 8.06284e-008 9.75805e-008 -1.07546e-008 -8.1006e-008 -9.37463e-009 6.46484e-008 -2.81632e-008 -6.33769e-008 -1.03753e-007 -9.74183e-008 -2.08374e-007 -7.62992e-008 1.2119e-007 4.93822e-008 -2.52131e-008 -7.03767e-008 -4.92721e-008 -5.18071e-008 -2.27455e-007 -1.17131e-007 -4.3717e-008 -3.30349e-008 8.04598e-008 5.31222e-008 1.47195e-007 1.54501e-007 3.22402e-007 3.55447e-007 1.91879e-007 2.88878e-007 8.99545e-009 -1.11713e-007 8.14871e-008 1.46712e-007 3.40194e-007 1.45159e-008 8.44492e-009 4.93713e-008 4.57816e-007 -3.02423e-007 -6.98486e-007 -9.64238e-009 -5.43526e-009 -1.08499e-007 -1.72762e-008 1.59632e-008 -1.86142e-007 2.85671e-008 6.60474e-008 2.15494e-007 -7.6151e-010 -1.70861e-007 1.75641e-007 -1.0299e-007 -6.98087e-008 -4.04309e-008 1.13048e-007 -1.0976e-008 -1.73953e-007 -1.80681e-007 -2.46164e-007 -4.52842e-008 -9.30803e-008 -1.41653e-007 9.36885e-007 -6.45611e-008 -1.77189e-009 -5.12931e-008 1.20363e-008 -8.23346e-008 6.26331e-008 1.25055e-009 1.24898e-007 1.49716e-007 4.23291e-008 2.1503e-010 7.21059e-008 1.31762e-007 3.80188e-007 1.02019e-007 2.05111e-007 4.488e-007 6.5945e-008 1.891e-007 4.53111e-007 1.63748e-007 9.85872e-008 2.7e-007 4.7075e-007 2.77581e-007 1.1116e-007 -5.02859e-008 -1.82784e-007 -2.80432e-007 -1.4227e-007 -2.40156e-007 -1.4604e-007 -4.45274e-007 -1.57169e-007 -1.4066e-007 -2.15734e-007 -2.2039e-007 -1.7454e-007 -1.08868e-007 -1.5732e-007 -2.26966e-007 -1.89591e-007 -1.27188e-007 -2.00063e-007 -2.30229e-007 -1.45113e-007 -1.02565e-007 -2.09096e-007 -2.1942e-007 -2.00774e-007 -1.40501e-007 -1.05658e-007 -6.56578e-008 -1.95103e-008 2.61356e-010 -9.97849e-008 -9.03636e-008 -1.65567e-008 1.22963e-007 -2.08746e-008 -5.95366e-008 -2.86579e-008 4.31903e-008 1.03262e-007 -9.20419e-008 -3.21413e-008 1.17193e-008 -3.48994e-007 -3.79262e-007 -6.70349e-008 -1.83561e-008 -2.2469e-007 -1.32776e-007 -3.34603e-008 1.37044e-008 -1.87873e-007 -8.13314e-008 -2.62892e-008 4.82588e-008 -1.79192e-008 -9.08008e-008 8.73636e-009 2.19096e-008 2.34466e-007 5.62849e-008 3.22192e-008 1.75216e-007 1.01298e-008 -4.32401e-008 -8.97082e-009 8.37255e-008 -2.64425e-008 -4.77126e-008 2.84078e-008 9.28521e-009 -3.8005e-008 -1.08327e-007 -1.19308e-007 -1.77831e-007 -1.15338e-007 -8.73434e-008 -1.14278e-008 -2.05861e-007 1.99364e-008 -5.25058e-008 -3.02503e-009 9.74934e-008 6.73296e-007 1.11238e-007 6.25515e-009 5.13341e-008 -3.78935e-009 3.78123e-008 -6.14755e-008 2.55938e-008 -3.44143e-007 -1.53779e-007 -1.73463e-007 -1.73694e-008 -1.4389e-007 -1.7136e-007 8.01006e-009 1.20879e-008 2.19254e-008 -1.67923e-008 1.2207e-008 1.02445e-007 3.6686e-008 -1.25011e-008 4.97753e-009 4.10148e-008 2.38035e-008 -1.68678e-008 2.50834e-010 4.55313e-008 -4.59302e-008 -1.39753e-007 -1.07787e-007 -9.97727e-009 -1.64749e-007 -1.98553e-007 -1.81004e-007 -8.0607e-006 -2.22962e-006 2.18581e-006 7.0791e-007 5.07658e-007 1.73048e-006 1.05475e-007 2.16636e-007 4.47698e-007 -6.28742e-007 2.31087e-007 -1.1979e-006 1.01341e-007 -5.62432e-007 -4.57633e-007 -1.15902e-006 -3.72558e-007 1.62837e-006 -1.88978e-007 -6.18154e-007 -1.00657e-006 2.34524e-007 -9.59008e-007 8.72396e-007 -9.87675e-007 -9.06526e-007 -1.20603e-007 -5.01517e-007 2.92748e-007 -1.53899e-006 1.39043e-007 3.49934e-007 1.20949e-007 6.00059e-007 7.70623e-007 1.58034e-007 -2.99476e-007 -7.82784e-007 2.39887e-007 -8.07848e-007 -1.16178e-006 1.10739e-006 -8.11306e-007 -2.60572e-007 4.24349e-007 2.34664e-007 -1.13901e-006 6.6565e-008 6.16256e-008 4.04498e-007 7.11767e-007 4.08859e-007 -1.01888e-007 -9.60119e-008 -9.87755e-007 3.24259e-007 1.89711e-007 -4.42102e-007 1.91439e-007 -5.32299e-007 -5.06255e-007 -2.8719e-007 -6.9912e-007 -2.84804e-007 6.30604e-007 -7.08477e-007 -3.96165e-008 -2.56894e-008 -8.79009e-008 5.09793e-007 -6.46362e-008 -6.4868e-007 5.95841e-007 -1.8624e-007 -6.65259e-007 7.9981e-007 3.40593e-007 -4.49386e-007 -1.2129e-006 7.80335e-007 8.27599e-007 -5.22993e-007 1.38019e-007 -1.49622e-006 4.82082e-007 -1.1063e-007 -6.51443e-007 -4.99426e-007 -6.21787e-007 -9.27909e-007 4.08814e-007 6.98621e-007 2.7107e-007 -5.65503e-007 -1.33473e-006 9.9187e-008 -8.58688e-008 1.1194e-006 4.81291e-007 5.84651e-007 -2.30727e-006 1.33987e-006 1.22545e-008 -4.38686e-007 3.75412e-007 -4.17184e-007 -1.22323e-007 7.68274e-007 -2.92317e-007 1.79423e-006 8.83522e-008 -3.22009e-007 -3.49739e-007 1.21066e-007 1.15647e-007 -3.25697e-007 5.40952e-007 -5.82739e-007 4.28626e-008 2.51039e-007 -2.95344e-008 -4.92901e-008 -4.1893e-007 -1.96384e-007 -8.50763e-007 -5.76262e-007 1.43281e-006 -6.92502e-007 3.86419e-007 -8.23823e-007 -1.902e-007 1.22697e-006 -7.09647e-007 -1.89603e-007 5.89185e-007 -5.93007e-007 3.85407e-007 7.92576e-008 -5.41164e-007 -8.92295e-009 3.89557e-007 -3.61577e-007 -3.1712e-007 6.58666e-007 -6.97033e-007 1.31931e-007 6.13582e-007 -4.83586e-007 -4.93905e-007 -3.06459e-007 9.14195e-007 1.06411e-008 -1.47102e-007 2.96424e-007 1.77799e-007 6.60713e-007 -1.32266e-006 -9.91477e-007 -3.85606e-007 1.84853e-008 -8.68117e-008 -1.66204e-007 3.27597e-007 -2.64088e-007 -5.53549e-007 -1.81688e-007 3.7837e-008 -2.35313e-007 -1.42399e-007 -1.61235e-007 1.79664e-007 2.52757e-007 4.25886e-008 -1.50097e-007 -5.56415e-007 -2.89554e-008 -1.91295e-006 3.26305e-007 4.56876e-007 -2.73412e-007 -4.68732e-007 -2.40096e-007 -2.53251e-007 -7.31051e-007 -7.91982e-007 1.48748e-006 1.32368e-006 -1.38146e-007 1.44436e-006 2.20488e-007 -8.13424e-008 -1.48057e-007 7.03365e-007 -2.94659e-007 -1.86358e-007 -5.71337e-007 -1.01266e-006 3.30954e-007 -4.73708e-007 2.58342e-007 9.5395e-007 -1.66451e-007 -3.28398e-008 -7.96113e-008 3.98222e-007 -5.44434e-007 -3.24954e-007 2.51862e-007 -1.81431e-007 2.56623e-007 -4.53956e-007 2.32566e-007 4.2872e-008 1.88055e-007 2.10695e-007 1.87905e-008 3.40229e-008 5.67817e-008 -1.48386e-008 -9.38338e-009 7.03521e-009 2.90022e-008 1.18107e-007 -4.16421e-008 -1.12197e-007 -3.95057e-008 7.15554e-008 -1.15237e-008 -4.47987e-008 -3.93282e-008 1.31988e-008 -4.86829e-009 -6.22665e-008 -1.16097e-007 -5.85003e-008 -3.33001e-009 4.4072e-008 -1.22218e-007 3.15844e-008 4.72361e-008 -5.01681e-008 1.17518e-009 -3.38232e-010 -1.6013e-007 7.91135e-008 -6.16964e-008 1.06463e-007 1.42257e-007 4.6148e-008 5.60364e-008 1.4756e-007 1.75991e-007 1.44521e-006 0 -3.48939e-007 -1.15901e-006 2.46728e-007 -2.73665e-007 2.65947e-007 -3.10329e-008 4.33166e-008 -2.32913e-007 -2.56074e-007 -9.71093e-007 6.68321e-007 1.1585e-006 6.50161e-007 -2.17946e-007 4.87656e-007 8.05152e-008 3.81098e-007 -4.25989e-007 -1.69722e-007 -6.93142e-007 0.00179232 0 -5.49661e-007 -5.39028e-008 7.24991e-007

         1 1.13565e-007
         2 1.37851e-008
         3 -1.57316e-007
         4  7.9831e-008
         5 2.44376e-008
         6 -2.09352e-007
         7 5.14673e-007
         8 1.32414e-007
         9 -8.11944e-008
        10 -1.19719e-008
        11 -2.93388e-007
        12 -1.95514e-007
        13 1.56525e-007
        14 1.77916e-007
        15 5.68634e-008
        16  8.8303e-008
        17 -1.08997e-007
        18 5.22183e-007
        19 1.46899e-007
        20 2.12791e-007
        21 -7.17845e-007
        22 2.22131e-007
        23 2.21837e-007
        24 -1.36255e-007
        25 9.59985e-008
        26 1.03107e-007
        27 -3.39084e-007
        28  9.6836e-008
        29 5.59696e-007
        30 -2.43736e-007
        31 4.33974e-008
        32 -9.9491e-008
        33  1.6706e-007
        34 1.15565e-007
        35 -8.93684e-008
        36 1.45829e-007
        37 1.48188e-007
        38 -3.61012e-007
        39 1.81103e-007
        40 3.76465e-008
        41 1.01913e-007
        42 -1.58843e-007
        43 3.25106e-007
        44 -6.94354e-007
        45 5.19267e-008
        46 6.84279e-008
        47 1.70481e-007
        48 7.31049e-008
        49 8.76148e-008
        50 -6.79379e-008
        51 1.57624e-007
        52  1.3521e-007
        53 -7.1381e-007
        54 2.01815e-007
        55 6.21122e-008
        56 -4.59745e-008
        57 3.02747e-007
        58  1.0194e-007
        59 1.15065e-007
        60 -6.64048e-008
        61 2.91611e-007
        62 8.42798e-008
        63 -6.70983e-008
        64  2.1448e-007
        65 -5.24451e-008
        66 -4.86037e-008
        67  2.1264e-007
        68 -3.18521e-008
        69 -8.60362e-008
        70 2.11728e-007
        71 -4.63892e-008
        72 1.37013e-007
        73 1.59376e-007
        74 -1.46788e-007
        75 1.91117e-007
        76 1.67718e-007
        77 4.61714e-007
        78 2.12969e-008
        79 -6.36606e-008
        80 -1.98096e-007
        81 1.21928e-008
        82 1.01213e-007
        83 1.13835e-008
        84 1.05787e-007
        85 1.29098e-007
        86 1.17727e-007
        87 1.99541e-007
        88 1.57247e-007
        89 2.35566e-007
        90 1.15219e-007
        91 -6.52568e-008
        92 1.88984e-008
        93 1.36433e-007
        94 1.95975e-007
        95 2.22046e-007
        96 1.94228e-007
        97 1.95337e-007
        98 1.93565e-007
        99 2.85889e-007
       100 6.52837e-008
       101 -4.94201e-008
       102 1.22729e-007
       103 -1.61751e-007
       104  4.4674e-007
       105 -3.25945e-007
       106 -2.42403e-007
       107 -3.71206e-007
       108 -8.36595e-008
       109 -1.50323e-007
       110 2.36775e-008
       111 -1.39281e-007
       112 -1.99188e-007
       113 -1.67162e-007
       114 -1.91528e-007
       115 -1.01664e-007
       116 9.16983e-008
       117 -1.20394e-007
       118 -1.37838e-007
       119 -4.25712e-007
       120 1.11814e-007
       121 5.04406e-009
       122 5.29257e-008
       123 -9.08444e-008
       124 -1.2289e-007
       125 6.10715e-007
       126 -3.76674e-007
       127 -2.56364e-007
       128 -1.55788e-007
       129 -1.71865e-007
       130 -6.60923e-008
       131 -2.00416e-007
       132  6.6275e-008
       133 -4.91773e-010
       134 -8.4143e-008
       135 1.16797e-007
       136  -3.003e-008
       137 -1.34546e-007
       138 -7.30197e-009
       139 -5.09054e-008
       140 7.28034e-008
       141 -2.13102e-007
       142 -1.98357e-007
       143 -4.75463e-008
       144 -2.11681e-007
       145 -3.3411e-007
       146 -2.86907e-007
       147 -4.03681e-007
       148 -2.22276e-007
       149 -1.9901e-007
       150 -1.31759e-007
       151 -9.22149e-008
       152 -8.71632e-008
       153 -8.79753e-008
       154 -4.18559e-008
       155 -1.47436e-007
       156 -5.04322e-008
       157 -2.35725e-007
       158 -1.41668e-007
       159 -1.92459e-007
       160 -3.17417e-007
       161 -1.53343e-007
       162 -5.18342e-008
       163 2.38828e-007
       164 -1.42101e-007
       165 2.91977e-007
       166 9.69994e-008
       167 4.25569e-007
       168 9.78538e-008
       169 1.41954e-008
       170 8.49819e-008
       171 1.56297e-007
       172 5.71769e-008
       173 -1.33756e-007
       174 2.01427e-007
       175 -6.78011e-008
       176 -1.24841e-007
       177  3.9534e-007
       178 1.74894e-007
       179 -2.55331e-008
       180 1.75959e-007
       181 1.77742e-007
       182 3.08585e-007
       183 1.35141e-007
       184 3.23625e-007
       185 -3.0938e-007
       186 4.62032e-009
       187 -1.15985e-007
       188 2.40131e-007
       189 1.09426e-007
       190 3.17933e-007
       191 -3.47429e-007
       192 1.27143e-007
       193 -4.05813e-007
       194 -1.00594e-007
       195 5.30634e-008
       196 -6.81417e-007
       197  2.8441e-007
       198  3.7184e-007
       199 -8.7968e-008
       200 -1.53705e-007
       201 -1.5835e-007
       202 -1.20616e-007
       203 -1.53825e-007
       204 4.70321e-008
       205 -1.38826e-007
       206 -1.35794e-007
       207  5.6227e-008
       208 -1.47503e-007
       209 -4.53586e-007
       210 -4.65212e-008
       211 3.24856e-007
       212 -2.07807e-008
       213 -7.06728e-009
       214 -1.63219e-007
       215 1.29294e-008
       216 -2.54306e-007
       217 -2.73184e-007
       218 -1.78603e-007
       219 -1.4063e-007
       220 -1.85581e-007
       221 -2.37469e-007
       222 -7.40443e-008
       223 2.79795e-007
       224 -1.50033e-007
       225 -5.10474e-008
       226  2.2618e-008
       227 -8.16861e-008
       228 -8.6103e-008
       229 -3.39501e-011
       230 -2.62953e-008
       231 -8.17973e-008
       232 -7.89004e-008
       233 -1.39131e-007
       234 3.77691e-008
       235 -9.65371e-009
       236 -8.89332e-008
       237 -5.80032e-008
       238 2.29239e-007
       239 1.63224e-007
       240 8.44056e-008
       241 -1.25785e-007
       242 -9.55127e-008
       243 -4.54677e-007
       244 -2.4337e-007
       245 -1.90119e-007
       246 -3.72152e-008
       247 -2.50524e-007
       248 -1.65699e-007
       249 -1.59904e-007
       250 3.66867e-007
       251 5.12594e-009
       252 -4.20305e-007
       253 6.61443e-009
       254 -1.49923e-007
       255 1.47897e-007
       256 -1.44979e-007
       257 -3.51077e-007
       258 2.55153e-008
       259 -2.81223e-007
       260 -1.4779e-007
       261  9.6297e-008
       262 -6.81725e-008
       263 -2.86949e-008
       264 -9.42052e-008
       265 -3.07777e-008
       266  2.8526e-007
       267 -2.0672e-007
       268 -3.73823e-007
       269 -3.94261e-007
       270 -4.20681e-008
       271 1.18168e-007
       272 6.12155e-007
       273 -2.34591e-008
       274 -5.3925e-007
       275 -2.23165e-007
       276 -1.84346e-007
       277 1.33649e-009
       278 -1.44719e-007
       279 -3.44036e-008
       280 8.15792e-010
       281 7.18417e-007
       282 -5.18973e-008
       283 2.23711e-008
       284 1.93729e-008
       285 3.32475e-008
       286 1.38215e-007
       287 -5.70234e-009
       288 5.42069e-008
       289 1.87236e-007
       290  3.7488e-007
       291 -1.29928e-007
       292 -6.99548e-008
       293 1.26801e-007
       294 -2.96129e-007
       295 1.59892e-007
       296 3.24728e-007
       297 -2.13945e-007
       298 4.13996e-008
       299 -1.10062e-007
       300 1.50886e-007
       301 1.33964e-007
       302 -1.07608e-007
       303 -1.05716e-008
       304 -2.33504e-007
       305 -3.52454e-008
       306 -1.03407e-007
       307 1.11706e-007
       308   1.097e-008
       309 -1.05618e-007
       310 3.37398e-008
       311 5.59523e-008
       312 -9.74466e-008
       313 1.26117e-007
       314 3.99169e-008
       315 2.38366e-008
       316 8.93268e-008
       317 -3.40418e-007
       318 -6.35229e-009
       319 -5.70136e-007
       320 -2.1505e-007
       321 -4.45149e-007
       322 3.61005e-007
       323 -3.0932e-007
       324 3.18423e-007
       325 -1.10334e-007
       326 -4.69617e-008
       327 -5.81426e-007
       328 1.02985e-007
       329 1.95641e-007
       330 2.27616e-007
       331 -3.99159e-007
       332 1.10523e-007
       333 -6.08465e-008
       334 -6.10571e-008
       335 -1.53859e-008
       336 1.87296e-007
       337 -1.87962e-008
       338 -1.63103e-007
       339 2.78219e-007
       340 6.81977e-009
       341 -4.07242e-007
       342 -1.31132e-007
       343 1.57235e-007
       344 -9.20007e-008
       345 -9.56803e-008
       346 5.30253e-007
       347 -6.60023e-007
       348 -2.90388e-008
       349 -2.82361e-007
       350 -1.30894e-007
       351 -3.35627e-007
       352 1.82307e-011
       353 -3.52549e-007
       354 -4.16901e-007
       355 2.22021e-007
       356 1.01269e-007
       357 7.60886e-008
       358 3.70468e-007
       359 3.23599e-007
       360 4.96702e-007
       361  1.2164e-007
       362 1.87716e-007
       363 3.34921e-008
       364 -2.0252e-008
       365 -1.28467e-007
       366 9.23746e-008
       367 -7.82629e-008
       368 -3.68315e-008
       369 1.50739e-007
       370 1.19564e-007
       371 4.29706e-008
       372 -1.9449e-007
       373 6.89985e-008
       374 -4.54179e-008
       375 -1.22639e-007
       376 -5.60851e-008
       377 1.05073e-008
       378 -9.36047e-009
       379 -8.23666e-008
       380 6.85898e-008
       381 1.69702e-007
       382  1.2848e-007
       383 1.37392e-007
       384 -3.33098e-009
       385 1.33161e-007
       386 5.88571e-008
       387 -6.16556e-008
       388 4.01409e-007
       389  1.9682e-007
       390 2.37583e-007
       391 8.24733e-007
       392 2.35669e-007
       393 -2.88018e-008
       394 2.87609e-007
       395 2.61622e-007
       396  1.0567e-007
       397  2.1228e-007
       398 4.95649e-008
       399 7.42481e-008
       400 9.70407e-008
       401 1.36544e-007
       402 -6.78423e-009
       403 1.46744e-007
       404 1.62399e-007
       405 -1.25758e-006
       406 1.38577e-007
       407 -8.32466e-008
       408 2.09306e-007
       409 3.85409e-007
       410 -1.7089e-007
       411 -2.57811e-007
       412 3.09839e-008
       413 -3.98667e-008
       414 1.04628e-007
       415 -5.49558e-008
       416 -2.77303e-008
       417 -6.17788e-008
       418 -6.60842e-008
       419  1.7714e-008
       420 3.64106e-008
       421  3.4575e-008
       422 -2.80707e-008
       423 -3.12167e-008
       424 -3.51428e-008
       425 4.52624e-008
       426 3.94705e-008
       427 7.41111e-008
       428 2.16718e-007
       429  1.9014e-008
       430  1.2461e-007
       431 1.41573e-007
       432 -5.28602e-008
       433 1.82603e-008
       434 2.49599e-008
       435 2.22035e-008
       436 -4.41559e-008
       437 -4.69034e-008
       438  2.2797e-008
       439 1.08666e-007
       440 -3.79015e-008
       441 -3.65357e-007
       442 -1.09329e-007
       443  1.4799e-008
       444 2.35291e-007
       445 -3.23753e-007
       446 2.68609e-008
       447 -9.37533e-009
       448 -1.31281e-007
       449 2.38299e-007
       450 -1.82717e-007
       451 1.05342e-007
       452 -3.42627e-008
       453 -2.38865e-008
       454 -2.69965e-008
       455 -3.03256e-008
       456  2.2223e-009
       457 3.70819e-008
       458 9.59088e-008
       459  2.0352e-007
       460 6.14303e-008
       461 4.66759e-008
       462 7.30694e-008
       463 1.20829e-007
       464 6.98122e-008
       465 2.23523e-008
       466 -4.46161e-008
       467 1.56288e-007
       468 1.19835e-007
       469 -2.50282e-008
       470 2.03186e-009
       471 1.81757e-010
       472 1.05296e-007
       473 -3.08997e-008
       474 1.25738e-007
       475 4.63911e-008
       476 3.45571e-008
       477 -4.02432e-008
       478 1.11872e-007
       479   6.057e-008
       480 1.50044e-008
       481 -1.03041e-007
       482 7.10974e-008
       483 2.56338e-008
       484 -2.51419e-008
       485  3.0514e-008
       486 9.49108e-008
       487 -3.47849e-008
       488 -3.25815e-007
       489 1.86472e-007
       490 3.58291e-007
       491 5.89517e-008
       492 -3.65003e-007
       493 -8.4353e-008
       494 -7.29183e-009
       495  7.5868e-008
       496 -1.19754e-007
       497 -2.13187e-008
       498 4.19777e-008
       499 7.80268e-008
       500 1.34684e-008
       501 -4.08381e-008
       502 5.51593e-008
       503 8.37775e-008
       504 -2.71415e-008
       505 -1.32142e-007
       506 -5.90918e-008
       507 6.01197e-008
       508 -5.52369e-008
       509 -7.92034e-009
       510 3.88109e-007
       511 1.45077e-007
       512 7.35431e-009
       513 3.16154e-008
       514 3.09572e-008
       515 5.74509e-009
       516 -4.67607e-009
       517 5.41366e-008
       518 6.56169e-008
       519  2.9081e-008
       520 2.58386e-008
       521 -3.1598e-008
       522 -1.96309e-008
       523  7.2725e-008
       524 -1.78731e-007
       525 7.84901e-007
       526 -2.93747e-007
       527 -6.23248e-008
       528 -6.36143e-008
       529 -3.17581e-007
       530 -1.63207e-007
       531 -1.91003e-007
       532 -1.85246e-007
       533 -1.04959e-007
       534 -1.25689e-007
       535 -1.30377e-007
       536 -1.19258e-007
       537 -6.26817e-008
       538 -7.39814e-008
       539 -6.87203e-008
       540 -2.7488e-007
       541 -1.61704e-007
       542 -3.80921e-007
       543 -3.69477e-007
       544 -4.66069e-008
       545 -1.12699e-007
       546 -9.63315e-008
       547 -2.84554e-007
       548 -1.69478e-007
       549 -5.6273e-008
       550 -1.40863e-007
       551 4.87121e-007
       552 -1.66537e-007
       553 -3.18429e-009
       554 2.43489e-007
       555 2.27897e-007
       556 -4.74874e-007
       557 -1.73675e-007
       558  1.1938e-007
       559 3.92147e-007
       560 1.30995e-007
       561  5.6922e-009
       562 7.40629e-009
       563 -9.51236e-008
       564 1.49081e-007
       565 3.48715e-007
       566 5.85497e-008
       567 1.71652e-008
       568 4.81912e-007
       569 1.65282e-007
       570 -1.09844e-006
       571 -6.55103e-007
       572 4.65804e-007
       573 -1.74553e-008
       574 1.05451e-006
       575 1.05176e-007
       576 1.02395e-007
       577 -2.61629e-007
       578 5.19425e-007
       579 -1.54484e-007
       580 1.09136e-007
       581 5.31042e-008
       582 -1.29888e-007
       583 3.04166e-009
       584 -1.03199e-007
       585 3.06682e-007
       586 4.40415e-007
       587 7.19805e-008
       588 -4.61544e-009
       589 -4.94778e-007
       590 -2.09766e-007
       591 -2.67242e-007
       592 9.86243e-008
       593 1.01119e-007
       594  3.6573e-007
       595 -1.31766e-007
       596 -5.80719e-007
       597 -9.76503e-008
       598 -1.50674e-008
       599 -4.18747e-008
       600 8.68057e-007
       601 1.38317e-010
       602 -2.16992e-007
       603 1.29674e-007
       604 -1.32938e-007
       605 4.47286e-008
       606 5.58441e-008
       607 2.94685e-008
       608 -4.04064e-007
       609 2.22447e-007
       610 5.89375e-008
       611 -1.73143e-008
       612 1.13172e-007
       613 -3.12612e-007
       614 1.83219e-008
       615 -1.62981e-007
       616    4.03e-008
       617 5.88606e-007
       618 9.16652e-009
       619 5.41062e-008
       620 -1.91081e-008
       621 -1.49198e-007
       622 3.60977e-008
       623 8.20752e-007
       624 -1.25265e-007
       625 -9.93827e-007
       626 1.76709e-007
       627 -5.85163e-007
       628 2.00291e-008
       629  1.8692e-007
       630 9.65224e-008
       631 3.34783e-009
       632 6.01211e-008
       633 9.59591e-008
       634 4.71178e-008
       635 5.26263e-009
       636 -1.62492e-007
       637 1.45173e-007
       638 -4.11457e-009
       639 -1.41736e-008
       640 -1.40057e-007
       641 -8.44717e-007
       642 9.39383e-008
       643 -7.6712e-008
       644 2.94611e-008
       645 2.71159e-007
       646 7.27579e-008
       647 1.67749e-008
       648 -6.88092e-009
       649 5.24817e-007
       650 1.47676e-008
       651 -3.09765e-007
       652 5.43788e-009
       653 2.22676e-007
       654 -1.89763e-008
       655 -1.37029e-008
       656 1.55144e-007
       657 -7.13234e-007
       658 1.43927e-007
       659 -2.72018e-009
       660 9.47907e-007
       661 -7.63154e-008
       662 2.16717e-008
       663 2.24459e-009
       664 -4.9902e-007
       665 2.42517e-007
       666 7.69722e-008
       667 5.78748e-008
       668 -2.2325e-007
       669 1.13816e-007
       670 4.16926e-008
       671  1.8315e-008
       672 -1.77682e-007
       673 -2.61473e-008
       674 1.04731e-008
       675 1.24837e-008
       676 5.37476e-007
       677 1.12979e-008
       678 -1.08491e-009
       679 6.37309e-008
       680 -5.55406e-009
       681  3.4334e-007
       682 -3.4707e-009
       683 -7.98331e-008
       684 3.76344e-007
       685 -1.05449e-008
       686 1.53714e-007
       687 1.42722e-009
       688 1.03896e-007
       689 1.10706e-007
       690 1.79902e-007
       691 5.94021e-008
       692 9.92781e-008
       693 2.00061e-008
       694 -8.30027e-008
       695 -4.83097e-008
       696  1.5194e-008
       697 -4.77649e-007
       698 -1.74311e-007
       699 -4.67354e-008
       700 3.24976e-007
       701 1.71592e-007
       702 1.85524e-008
       703 2.79638e-007
       704 8.75104e-009
       705 2.41578e-008
       706 -3.19639e-007
       707  1.3741e-008
       708  -1.055e-006
       709 -8.8744e-008
       710 -1.22343e-008
       711 -2.65624e-008
       712 3.17912e-007
       713 -1.36367e-008
       714 -2.14909e-009
       715 1.26476e-007
       716 -6.16419e-007
       717 2.72024e-007
       718 -1.70405e-007
       719 -5.94111e-008
       720 7.84579e-007
       721 -1.9275e-007
       722 -1.2148e-007
       723 -3.23253e-007
       724 -1.65301e-007
       725 -1.19732e-008
       726 -2.45047e-008
       727 -3.50943e-009
       728 -9.30301e-009
       729 9.22014e-008
       730 1.06411e-007
       731 7.29392e-008
       732 8.76916e-008
       733 7.71983e-008
       734  2.9861e-008
       735 1.02147e-007
       736 1.33159e-007
       737 1.57548e-007
       738 1.36574e-007
       739 1.79097e-007
       740 1.97328e-007
       741 1.78379e-007
       742 7.56342e-008
       743 1.86473e-007
       744 2.10246e-007
       745 1.92185e-009
       746 -1.97581e-008
       747 -7.84535e-009
       748 -7.84726e-009
       749  1.5924e-008
       750 8.18905e-008
       751 4.96037e-008
       752 3.17968e-007
       753 5.98151e-008
       754 -1.93489e-007
       755 2.19408e-008
       756 -2.84638e-008
       757 -2.88775e-007
       758  8.3448e-008
       759 -8.35303e-008
       760 2.03331e-007
       761 -4.46038e-007
       762 9.73008e-007
       763 -3.8744e-007
       764 -1.65293e-007
       765 -2.99663e-007
       766 -7.51914e-007
       767 -1.0334e-008
       768  9.3461e-008
       769 3.20872e-007
       770 1.82098e-008
       771 -8.34783e-008
       772 -3.24056e-007
       773 1.83263e-007
       774 6.18239e-007
       775  5.0129e-007
       776 1.20537e-007
       777 5.89773e-009
       778 6.47944e-008
       779 -2.41576e-007
       780 -3.59976e-007
       781 2.05511e-007
       782 2.69408e-007
       783  1.5174e-007
       784 -6.12996e-007
       785 3.08483e-007
       786 3.19808e-007
       787 -1.76275e-007
       788 -7.60202e-008
       789 -5.70018e-007
       790 4.43017e-008
       791 -2.46777e-007
       792 -9.76947e-008
       793 -4.32243e-007
       794 8.05253e-007
       795  4.4385e-007
       796 -2.56636e-008
       797 -3.27106e-008
       798  3.8177e-007
       799 -1.71919e-007
       800 1.48982e-007
       801 -1.32502e-007
       802 -1.16242e-006
       803 5.22132e-007
       804 2.06418e-007
       805 -1.32268e-008
       806 -1.49592e-007
       807 7.56194e-008
       808 2.36515e-007
       809 -1.67651e-007
       810 -3.7719e-007
       811 -4.11892e-008
       812 9.30054e-007
       813 3.59224e-008
       814 -3.38529e-007
       815 1.65716e-007
       816 -4.57736e-007
       817 2.37008e-008
       818 9.94944e-009
       819 -2.65724e-007
       820 9.05815e-008
       821 -3.97575e-007
       822 5.27698e-007
       823 -3.67398e-007
       824 1.53832e-007
       825 -1.42654e-007
       826 -1.0547e-007
       827 -1.80282e-007
       828 -2.60976e-008
       829 -1.37614e-007
       830 1.17952e-006
       831 -1.72914e-007
       832 -5.48288e-008
       833 3.03823e-008
       834 -4.45005e-008
       835 -1.27661e-007
       836 2.49136e-007
       837 3.41364e-007
       838 2.60423e-008
       839 -5.57379e-008
       840 3.34948e-008
       841 -5.26299e-008
       842 -1.08675e-007
       843 -2.54949e-007
       844 -2.35912e-007
       845 -3.7585e-007
       846 -3.13837e-007
       847 3.37635e-007
       848 -6.0618e-007
       849 2.53316e-007
       850 -7.17585e-008
       851 9.43335e-007
       852 2.67937e-007
       853 -1.9667e-008
       854 -6.50831e-007
       855 4.34228e-007
       856 -2.93751e-008
       857 3.23393e-007
       858 -4.56808e-007
       859 -4.36158e-007
       860 1.42041e-006
       861 -8.09495e-008
       862 -1.65905e-007
       863 -1.00461e-007
       864 -3.45504e-007
       865 -5.71423e-008
       866 5.29632e-007
       867 -5.48752e-007
       868 -5.94151e-008
       869 -3.24963e-007
       870 -3.77402e-007
       871 -3.77879e-007
       872 -1.65021e-007
       873 6.75929e-007
       874 -1.67863e-007
       875 1.45361e-009
       876 -3.08819e-007
       877 -1.88833e-007
       878 1.35384e-006
       879 -1.89997e-007
       880 -6.46562e-008
       881 -9.78037e-008
       882 -2.60307e-008
       883 9.19153e-008
       884 1.40269e-007
       885 -1.45681e-007
       886 -8.9997e-008
       887 -3.06881e-008
       888 -2.4662e-007
       889  1.5199e-007
       890 -7.81671e-009
       891 -4.53026e-007
       892 4.22681e-007
       893 -3.81149e-007
       894 -6.50529e-008
       895 3.32797e-008
       896 4.77303e-007
       897 2.22196e-007
       898 -2.42541e-007
       899  1.3211e-007
       900 3.94561e-007
       901 -3.89411e-007
       902 -1.02133e-007
       903 2.17425e-008
       904 -9.89077e-008
       905 1.07996e-007
       906 6.16238e-008
       907  1.8449e-007
       908 2.38185e-007
       909 1.00608e-007
       910 6.82798e-008
       911 1.60665e-007
       912 2.03944e-007
       913  1.3303e-008
       914 -7.94019e-009
       915 9.61364e-008
       916 1.80877e-007
       917 2.59143e-007
       918  1.3543e-007
       919 3.40246e-007
       920 1.48991e-007
       921 -6.44742e-008
       922 -1.26868e-007
       923 8.06284e-008
       924 9.75805e-008
       925 -1.07546e-008
       926 -8.1006e-008
       927 -9.37463e-009
       928 6.46484e-008
       929 -2.81632e-008
       930 -6.33769e-008
       931 -1.03753e-007
       932 -9.74183e-008
       933 -2.08374e-007
       934 -7.62992e-008
       935  1.2119e-007
       936 4.93822e-008
       937 -2.52131e-008
       938 -7.03767e-008
       939 -4.92721e-008
       940 -5.18071e-008
       941 -2.27455e-007
       942 -1.17131e-007
       943 -4.3717e-008
       944 -3.30349e-008
       945 8.04598e-008
       946 5.31222e-008
       947 1.47195e-007
       948 1.54501e-007
       949 3.22402e-007
       950 3.55447e-007
       951 1.91879e-007
       952 2.88878e-007
       953 8.99545e-009
       954 -1.11713e-007
       955 8.14871e-008
       956 1.46712e-007
       957 3.40194e-007
       958 1.45159e-008
       959 8.44492e-009
       960 4.93713e-008
       961 4.57816e-007
       962 -3.02423e-007
       963 -6.98486e-007
       964 -9.64238e-009
       965 -5.43526e-009
       966 -1.08499e-007
       967 -1.72762e-008
       968 1.59632e-008
       969 -1.86142e-007
       970 2.85671e-008
       971 6.60474e-008
       972 2.15494e-007
       973 -7.6151e-010
       974 -1.70861e-007
       975 1.75641e-007
       976 -1.0299e-007
       977 -6.98087e-008
       978 -4.04309e-008
       979 1.13048e-007
       980 -1.0976e-008
       981 -1.73953e-007
       982 -1.80681e-007
       983 -2.46164e-007
       984 -4.52842e-008
       985 -9.30803e-008
       986 -1.41653e-007
       987 9.36885e-007
       988 -6.45611e-008
       989 -1.77189e-009
       990 -5.12931e-008
       991 1.20363e-008
       992 -8.23346e-008
       993 6.26331e-008
       994 1.25055e-009
       995 1.24898e-007
       996 1.49716e-007
       997 4.23291e-008
       998  2.1503e-010
       999 7.21059e-008
      1000 1.31762e-007
      1001 3.80188e-007
      1002 1.02019e-007
      1003 2.05111e-007
      1004   4.488e-007
      1005  6.5945e-008
      1006   1.891e-007
      1007 4.53111e-007
      1008 1.63748e-007
      1009 9.85872e-008
      1010     2.7e-007
      1011  4.7075e-007
      1012 2.77581e-007
      1013  1.1116e-007
      1014 -5.02859e-008
      1015 -1.82784e-007
      1016 -2.80432e-007
      1017 -1.4227e-007
      1018 -2.40156e-007
      1019 -1.4604e-007
      1020 -4.45274e-007
      1021 -1.57169e-007
      1022 -1.4066e-007
      1023 -2.15734e-007
      1024 -2.2039e-007
      1025 -1.7454e-007
      1026 -1.08868e-007
      1027 -1.5732e-007
      1028 -2.26966e-007
      1029 -1.89591e-007
      1030 -1.27188e-007
      1031 -2.00063e-007
      1032 -2.30229e-007
      1033 -1.45113e-007
      1034 -1.02565e-007
      1035 -2.09096e-007
      1036 -2.1942e-007
      1037 -2.00774e-007
      1038 -1.40501e-007
      1039 -1.05658e-007
      1040 -6.56578e-008
      1041 -1.95103e-008
      1042 2.61356e-010
      1043 -9.97849e-008
      1044 -9.03636e-008
      1045 -1.65567e-008
      1046 1.22963e-007
      1047 -2.08746e-008
      1048 -5.95366e-008
      1049 -2.86579e-008
      1050 4.31903e-008
      1051 1.03262e-007
      1052 -9.20419e-008
      1053 -3.21413e-008
      1054 1.17193e-008
      1055 -3.48994e-007
      1056 -3.79262e-007
      1057 -6.70349e-008
      1058 -1.83561e-008
      1059 -2.2469e-007
      1060 -1.32776e-007
      1061 -3.34603e-008
      1062 1.37044e-008
      1063 -1.87873e-007
      1064 -8.13314e-008
      1065 -2.62892e-008
      1066 4.82588e-008
      1067 -1.79192e-008
      1068 -9.08008e-008
      1069 8.73636e-009
      1070 2.19096e-008
      1071 2.34466e-007
      1072 5.62849e-008
      1073 3.22192e-008
      1074 1.75216e-007
      1075 1.01298e-008
      1076 -4.32401e-008
      1077 -8.97082e-009
      1078 8.37255e-008
      1079 -2.64425e-008
      1080 -4.77126e-008
      1081 2.84078e-008
      1082 9.28521e-009
      1083 -3.8005e-008
      1084 -1.08327e-007
      1085 -1.19308e-007
      1086 -1.77831e-007
      1087 -1.15338e-007
      1088 -8.73434e-008
      1089 -1.14278e-008
      1090 -2.05861e-007
      1091 1.99364e-008
      1092 -5.25058e-008
      1093 -3.02503e-009
      1094 9.74934e-008
      1095 6.73296e-007
      1096 1.11238e-007
      1097 6.25515e-009
      1098 5.13341e-008
      1099 -3.78935e-009
      1100 3.78123e-008
      1101 -6.14755e-008
      1102 2.55938e-008
      1103 -3.44143e-007
      1104 -1.53779e-007
      1105 -1.73463e-007
      1106 -1.73694e-008
      1107 -1.4389e-007
      1108 -1.7136e-007
      1109 8.01006e-009
      1110 1.20879e-008
      1111 2.19254e-008
      1112 -1.67923e-008
      1113  1.2207e-008
      1114 1.02445e-007
      1115  3.6686e-008
      1116 -1.25011e-008
      1117 4.97753e-009
      1118 4.10148e-008
      1119 2.38035e-008
      1120 -1.68678e-008
      1121 2.50834e-010
      1122 4.55313e-008
      1123 -4.59302e-008
      1124 -1.39753e-007
      1125 -1.07787e-007
      1126 -9.97727e-009
      1127 -1.64749e-007
      1128 -1.98553e-007
      1129 -1.81004e-007
      1130 -8.0607e-006
      1131 -2.22962e-006
      1132 2.18581e-006
      1133  7.0791e-007
      1134 5.07658e-007
      1135 1.73048e-006
      1136 1.05475e-007
      1137 2.16636e-007
      1138 4.47698e-007
      1139 -6.28742e-007
      1140 2.31087e-007
      1141 -1.1979e-006
      1142 1.01341e-007
      1143 -5.62432e-007
      1144 -4.57633e-007
      1145 -1.15902e-006
      1146 -3.72558e-007
      1147 1.62837e-006
      1148 -1.88978e-007
      1149 -6.18154e-007
      1150 -1.00657e-006
      1151 2.34524e-007
      1152 -9.59008e-007
      1153 8.72396e-007
      1154 -9.87675e-007
      1155 -9.06526e-007
      1156 -1.20603e-007
      1157 -5.01517e-007
      1158 2.92748e-007
      1159 -1.53899e-006
      1160 1.39043e-007
      1161 3.49934e-007
      1162 1.20949e-007
      1163 6.00059e-007
      1164 7.70623e-007
      1165 1.58034e-007
      1166 -2.99476e-007
      1167 -7.82784e-007
      1168 2.39887e-007
      1169 -8.07848e-007
      1170 -1.16178e-006
      1171 1.10739e-006
      1172 -8.11306e-007
      1173 -2.60572e-007
      1174 4.24349e-007
      1175 2.34664e-007
      1176 -1.13901e-006
      1177  6.6565e-008
      1178 6.16256e-008
      1179 4.04498e-007
      1180 7.11767e-007
      1181 4.08859e-007
      1182 -1.01888e-007
      1183 -9.60119e-008
      1184 -9.87755e-007
      1185 3.24259e-007
      1186 1.89711e-007
      1187 -4.42102e-007
      1188 1.91439e-007
      1189 -5.32299e-007
      1190 -5.06255e-007
      1191 -2.8719e-007
      1192 -6.9912e-007
      1193 -2.84804e-007
      1194 6.30604e-007
      1195 -7.08477e-007
      1196 -3.96165e-008
      1197 -2.56894e-008
      1198 -8.79009e-008
      1199 5.09793e-007
      1200 -6.46362e-008
      1201 -6.4868e-007
      1202 5.95841e-007
      1203 -1.8624e-007
      1204 -6.65259e-007
      1205  7.9981e-007
      1206 3.40593e-007
      1207 -4.49386e-007
      1208 -1.2129e-006
      1209 7.80335e-007
      1210 8.27599e-007
      1211 -5.22993e-007
      1212 1.38019e-007
      1213 -1.49622e-006
      1214 4.82082e-007
      1215 -1.1063e-007
      1216 -6.51443e-007
      1217 -4.99426e-007
      1218 -6.21787e-007
      1219 -9.27909e-007
      1220 4.08814e-007
      1221 6.98621e-007
      1222  2.7107e-007
      1223 -5.65503e-007
      1224 -1.33473e-006
      1225  9.9187e-008
      1226 -8.58688e-008
      1227  1.1194e-006
      1228 4.81291e-007
      1229 5.84651e-007
      1230 -2.30727e-006
      1231 1.33987e-006
      1232 1.22545e-008
      1233 -4.38686e-007
      1234 3.75412e-007
      1235 -4.17184e-007
      1236 -1.22323e-007
      1237 7.68274e-007
      1238 -2.92317e-007
      1239 1.79423e-006
      1240 8.83522e-008
      1241 -3.22009e-007
      1242 -3.49739e-007
      1243 1.21066e-007
      1244 1.15647e-007
      1245 -3.25697e-007
      1246 5.40952e-007
      1247 -5.82739e-007
      1248 4.28626e-008
      1249 2.51039e-007
      1250 -2.95344e-008
      1251 -4.92901e-008
      1252 -4.1893e-007
      1253 -1.96384e-007
      1254 -8.50763e-007
      1255 -5.76262e-007
      1256 1.43281e-006
      1257 -6.92502e-007
      1258 3.86419e-007
      1259 -8.23823e-007
      1260  -1.902e-007
      1261 1.22697e-006
      1262 -7.09647e-007
      1263 -1.89603e-007
      1264 5.89185e-007
      1265 -5.93007e-007
      1266 3.85407e-007
      1267 7.92576e-008
      1268 -5.41164e-007
      1269 -8.92295e-009
      1270 3.89557e-007
      1271 -3.61577e-007
      1272 -3.1712e-007
      1273 6.58666e-007
      1274 -6.97033e-007
      1275 1.31931e-007
      1276 6.13582e-007
      1277 -4.83586e-007
      1278 -4.93905e-007
      1279 -3.06459e-007
      1280 9.14195e-007
      1281 1.06411e-008
      1282 -1.47102e-007
      1283 2.96424e-007
      1284 1.77799e-007
      1285 6.60713e-007
      1286 -1.32266e-006
      1287 -9.91477e-007
      1288 -3.85606e-007
      1289 1.84853e-008
      1290 -8.68117e-008
      1291 -1.66204e-007
      1292 3.27597e-007
      1293 -2.64088e-007
      1294 -5.53549e-007
      1295 -1.81688e-007
      1296  3.7837e-008
      1297 -2.35313e-007
      1298 -1.42399e-007
      1299 -1.61235e-007
      1300 1.79664e-007
      1301 2.52757e-007
      1302 4.25886e-008
      1303 -1.50097e-007
      1304 -5.56415e-007
      1305 -2.89554e-008
      1306 -1.91295e-006
      1307 3.26305e-007
      1308 4.56876e-007
      1309 -2.73412e-007
      1310 -4.68732e-007
      1311 -2.40096e-007
      1312 -2.53251e-007
      1313 -7.31051e-007
      1314 -7.91982e-007
      1315 1.48748e-006
      1316 1.32368e-006
      1317 -1.38146e-007
      1318 1.44436e-006
      1319 2.20488e-007
      1320 -8.13424e-008
      1321 -1.48057e-007
      1322 7.03365e-007
      1323 -2.94659e-007
      1324 -1.86358e-007
      1325 -5.71337e-007
      1326 -1.01266e-006
      1327 3.30954e-007
      1328 -4.73708e-007
      1329 2.58342e-007
      1330  9.5395e-007
      1331 -1.66451e-007
      1332 -3.28398e-008
      1333 -7.96113e-008
      1334 3.98222e-007
      1335 -5.44434e-007
      1336 -3.24954e-007
      1337 2.51862e-007
      1338 -1.81431e-007
      1339 2.56623e-007
      1340 -4.53956e-007
      1341 2.32566e-007
      1342  4.2872e-008
      1343 1.88055e-007
      1344 2.10695e-007
      1345 1.87905e-008
      1346 3.40229e-008
      1347 5.67817e-008
      1348 -1.48386e-008
      1349 -9.38338e-009
      1350 7.03521e-009
      1351 2.90022e-008
      1352 1.18107e-007
      1353 -4.16421e-008
      1354 -1.12197e-007
      1355 -3.95057e-008
      1356 7.15554e-008
      1357 -1.15237e-008
      1358 -4.47987e-008
      1359 -3.93282e-008
      1360 1.31988e-008
      1361 -4.86829e-009
      1362 -6.22665e-008
      1363 -1.16097e-007
      1364 -5.85003e-008
      1365 -3.33001e-009
      1366  4.4072e-008
      1367 -1.22218e-007
      1368 3.15844e-008
      1369 4.72361e-008
      1370 -5.01681e-008
      1371 1.17518e-009
      1372 -3.38232e-010
      1373 -1.6013e-007
      1374 7.91135e-008
      1375 -6.16964e-008
      1376 1.06463e-007
      1377 1.42257e-007
      1378  4.6148e-008
      1379 5.60364e-008
      1380  1.4756e-007
      1381 1.75991e-007
      1382 1.44521e-006
      1383            0
      1384 -3.48939e-007
      1385 -1.15901e-006
      1386 2.46728e-007
      1387 -2.73665e-007
      1388 2.65947e-007
      1389 -3.10329e-008
      1390 4.33166e-008
      1391 -2.32913e-007
      1392 -2.56074e-007
      1393 -9.71093e-007
      1394 6.68321e-007
      1395  1.1585e-006
      1396 6.50161e-007
      1397 -2.17946e-007
      1398 4.87656e-007
      1399 8.05152e-008
      1400 3.81098e-007
      1401 -4.25989e-007
      1402 -1.69722e-007
      1403 -6.93142e-007
      1404   0.00179232
      1405            0
      1406 -5.49661e-007
      1407 -5.39028e-008
      1408 7.24991e-007
