 Output Generated by ICA Version 1.4                                            
  
 ------------------------------------
 
        Mackerel NE Atlantic  WG2003
        ----------------------------
 
        Catch in Number
        ---------------
------+------------------------------------------------------------------------------------------------------------------------
AGE   |    1972    1973    1974    1975    1976    1977    1978    1979    1980    1981    1982    1983    1984    1985    1986
------+------------------------------------------------------------------------------------------------------------------------
  0   |   5092.   4153.   4687.   2226.    953.   4085.   1464.   1512.   2926.   1866.   3392.   2658.   4457.   2845.   1586.
  1   |  14874.  15375.  13288.  11502.   9960.   1835.  20845.   3754.   3937.  13790.   4118.   9874.  14621.  10770.   9521.
  2   |  17810.  25396.  27832.  18538.  29163.  10913.   5320.  30334.   5578.  10546.  17330.   6862.  30841.  20050.  20512.
  3   |  25838.  25580.  38715.  32963.  39675.  27196.  26813.   6553.  38540.  12675.  11287.  24814.  18156.  35803.  32470.
  4   |  49371.  26601.  28011.  33212.  50992.  26839.  48600.  23839.   6093.  63725.   9859.  11917.  47747.  15206.  42201.
  5   |  33543.  35657.  20482.  16950.  36444.  24294.  34218.  30411.  15772.   7184.  35020.   7459.  16371.  28112.  12735.
  6   |  39205.  23294.  26423.  11970.  17952.  16779.  29976.  20648.  19518.  17999.   3818.  25789.   9916.   9293.  22789.
  7   |  13016.  26525.  16834.  15126.  12400.   8103.  20311.  17686.  13047.  21859.   9388.   2779.  33632.   5503.   7395.
  8   |   4789.   7028.  15320.   7681.  12602.   4447.   7907.   9551.   8934.  11767.   9081.   5477.   2924.  14858.   3510.
  9   |  15337.  10693.  10603.  11794.  16758.  11215.  15802.  10711.  10347.  17476.  12692.  13203.  19687.   9535.  15667.
------+------------------------------------------------------------------------------------------------------------------------
       x 10 ^ 3                                
 
 
        Catch in Number
        ---------------
------+------------------------------------------------------------------------------------------------------------------------
AGE   |    1987    1988    1989    1990    1991    1992    1993    1994    1995    1996    1997    1998    1999    2000    2001
------+------------------------------------------------------------------------------------------------------------------------
  0   |   2587.    762.   3568.   2341.   2533.   4219.   3411.   2630.   4959.   3273.   3039.    952.   1496.   4290.   4574.
  1   |   4419.   9717.   2427.   8506.  10661.   9007.  14994.   8756.   7289.  20984.   6322.  10445.   3997.   5741.  13743.
  2   |  15120.   9449.  17588.   3304.  22067.  21473.  18064.  21784.  13810.  17486.  23093.  12437.  24970.   8685.  10384.
  3   |  27780.  27519.  14520.  20484.   7299.  37494.  36099.  22110.  29206.  27987.  16402.  39009.  25321.  45708.  13181.
  4   |  32089.  36883.  30697.  12378.  33081.   8938.  45048.  31684.  21537.  42806.  19082.  20435.  58028.  33374.  49585.
  5   |  29634.  30359.  29161.  18609.  14294.  28593.   7534.  27682.  21853.  22386.  20593.  17063.  21711.  54005.  25365.
  6   |   8665.  27164.  23207.  17151.  20841.  11908.  23146.   4452.  18465.  21927.  10416.  17926.  17578.  19469.  39421.
  7   |  15243.   7805.  20359.  13440.  18894.  16959.   9377.  13329.   2913.  18127.  10013.   8960.  18161.  15389.  13826.
  8   |   3956.  11026.   4683.   9417.  11923.  12315.  10684.   4297.   6968.   2298.   6581.   6919.   7302.  12750.   8726.
  9   |   9901.   9954.  13451.   7583.  15902.  19109.  19934.  14819.   9640.  12848.   5187.   8063.  12738.  14149.  16415.
------+------------------------------------------------------------------------------------------------------------------------
       x 10 ^ 3                                
 
 
        Catch in Number
        ---------------
------+--------
AGE   |    2002
------+--------
  0   |   4062.
  1   |  15088.
  2   |  25573.
  3   |  16188.
  4   |  14664.
  5   |  38618.
  6   |  18959.
  7   |  28642.
  8   |   8023.
  9   |  14650.
------+--------
       x 10 ^ 3                                
 
 
 
        Predicted Catch in Number
        -------------------------
------+----------------------------------------------------------------------------------------
AGE   |    1992    1993    1994    1995    1996    1997    1998    1999    2000    2001    2002
------+----------------------------------------------------------------------------------------
  0   |   4220.   3411.   2629.   4960.   3273.   3038.    952.   1495.   4287.   4572.   4063.
  1   |   9009.  14996.   8756.   7289.  20985.   6322.  10442.   3997.   5739.  13734.  15089.
  2   |  21476.  18067.  21786.  13810.  17484.  23094.  12437.  24960.   8683.  10381.  25569.
  3   |  37502.  36099.  22112.  29209.  27985.  16400.  39010.  25318.  45686.  13179.  16192.
  4   |   8939.  45050.  31680.  21538.  42805.  19080.  20432.  58024.  33367.  49563.  14668.
  5   |  28594.   7534.  27683.  21851.  22386.  20594.  17062.  21707.  54002.  25364.  38621.
  6   |  11905.  23139.   4451.  18461.  21919.  10414.  17922.  17572.  19461.  39414.  18964.
  7   |  16950.   9373.  13325.   2912.  18123.  10010.   8958.  18157.  15384.  13822.  28652.
  8   |  12307.  10681.   4297.   6969.   2298.   6582.   6920.   7303.  12753.   8728.   8029.
------+----------------------------------------------------------------------------------------
       x 10 ^ 3                                
 
 
 
        Weights at age in the catches (Kg)
        ----------------------------------
------+------------------------------------------------------------------------------------------------------------------------
AGE   |    1972    1973    1974    1975    1976    1977    1978    1979    1980    1981    1982    1983    1984    1985    1986
------+------------------------------------------------------------------------------------------------------------------------
  0   | 0.05200 0.05000 0.05100 0.05000 0.05900 0.05600 0.03600 0.01600 0.05700 0.06000 0.05300 0.05000 0.03100 0.05500 0.03900
  1   | 0.13500 0.14500 0.13600 0.14800 0.13700 0.13600 0.13500 0.13700 0.13100 0.13200 0.13100 0.16800 0.10200 0.14400 0.14600
  2   | 0.27700 0.19400 0.22900 0.17700 0.20700 0.16900 0.16100 0.16100 0.24900 0.24800 0.24900 0.21900 0.18400 0.26200 0.24500
  3   | 0.34100 0.28500 0.26100 0.25900 0.26300 0.27500 0.25000 0.24300 0.28500 0.28700 0.28500 0.27600 0.29500 0.35700 0.33500
  4   | 0.42300 0.36800 0.33400 0.32300 0.32000 0.33300 0.32500 0.31800 0.34500 0.34400 0.34500 0.31000 0.32600 0.41800 0.42300
  5   | 0.46800 0.44800 0.39200 0.34800 0.34600 0.35200 0.34500 0.34800 0.37800 0.37700 0.37800 0.38600 0.34400 0.41700 0.47100
  6   | 0.46800 0.46800 0.48100 0.43000 0.40600 0.40700 0.40300 0.40100 0.45400 0.45400 0.45400 0.42500 0.43100 0.43600 0.44400
  7   | 0.50800 0.50800 0.50800 0.48800 0.44300 0.44600 0.42100 0.41600 0.49800 0.49900 0.49600 0.43500 0.54200 0.52100 0.45700
  8   | 0.53900 0.53900 0.53900 0.53900 0.51800 0.54600 0.51800 0.50600 0.52000 0.51300 0.51300 0.49800 0.48000 0.55500 0.54300
  9   | 0.60207 0.60724 0.60809 0.59037 0.59530 0.58301 0.57395 0.54229 0.56065 0.55914 0.56073 0.58062 0.61594 0.65214 0.61623
------+------------------------------------------------------------------------------------------------------------------------
                                               
 
 
        Weights at age in the catches (Kg)
        ----------------------------------
------+------------------------------------------------------------------------------------------------------------------------
AGE   |    1987    1988    1989    1990    1991    1992    1993    1994    1995    1996    1997    1998    1999    2000    2001
------+------------------------------------------------------------------------------------------------------------------------
  0   | 0.07600 0.05500 0.04900 0.08500 0.06800 0.05100 0.06100 0.04600 0.07200 0.05800 0.07600 0.06500 0.06200 0.06300 0.06900
  1   | 0.17900 0.13300 0.13600 0.15600 0.15600 0.16700 0.13400 0.13600 0.14300 0.14300 0.14300 0.15700 0.17600 0.13500 0.17100
  2   | 0.22300 0.25900 0.23700 0.23300 0.25300 0.23900 0.24000 0.25500 0.23400 0.22600 0.23000 0.22700 0.23600 0.22900 0.22300
  3   | 0.31800 0.32300 0.32000 0.33600 0.32700 0.33300 0.31700 0.33900 0.33300 0.31300 0.29500 0.31000 0.30700 0.30800 0.30700
  4   | 0.39900 0.38800 0.37700 0.37900 0.39400 0.39700 0.37600 0.39000 0.39000 0.37700 0.35900 0.35400 0.36100 0.36700 0.37800
  5   | 0.47400 0.45600 0.43300 0.42300 0.42300 0.46000 0.43600 0.44800 0.45200 0.42500 0.41500 0.40800 0.40600 0.42900 0.42600
  6   | 0.51200 0.52400 0.45600 0.46700 0.46900 0.49500 0.48300 0.51200 0.50100 0.48400 0.45300 0.45200 0.45400 0.46700 0.47700
  7   | 0.49300 0.55500 0.54300 0.52800 0.50600 0.53200 0.52700 0.54300 0.53900 0.51800 0.48100 0.46200 0.50100 0.50400 0.49900
  8   | 0.49800 0.55500 0.59200 0.55200 0.55400 0.55500 0.54800 0.59000 0.57700 0.55100 0.52400 0.51800 0.53700 0.53700 0.54300
  9   | 0.63335 0.60611 0.62133 0.61151 0.62709 0.63039 0.60627 0.63421 0.62077 0.60018 0.58698 0.56743 0.59200 0.58504 0.60273
------+------------------------------------------------------------------------------------------------------------------------
                                               
 
 
        Weights at age in the catches (Kg)
        ----------------------------------
------+--------
AGE   |    2002
------+--------
  0   | 0.05200
  1   | 0.15900
  2   | 0.25500
  3   | 0.30700
  4   | 0.36900
  5   | 0.42600
  6   | 0.46400
  7   | 0.51400
  8   | 0.53900
  9   | 0.60852
------+--------
                                               
 
 
 
        Weights at age in the stock (Kg)
        --------------------------------
------+------------------------------------------------------------------------------------------------------------------------
AGE   |    1972    1973    1974    1975    1976    1977    1978    1979    1980    1981    1982    1983    1984    1985    1986
------+------------------------------------------------------------------------------------------------------------------------
  0   | 0.00800 0.00800 0.00800 0.00800 0.00800 0.00800 0.00800 0.00800 0.00800 0.00800 0.00800 0.00800 0.00000 0.00000 0.00000
  1   | 0.13200 0.13200 0.13000 0.12900 0.12800 0.12700 0.11100 0.11000 0.10900 0.08700 0.08600 0.08600 0.08100 0.08500 0.07700
  2   | 0.17800 0.17700 0.17300 0.17100 0.17000 0.16700 0.17500 0.17400 0.17300 0.18600 0.13500 0.17200 0.19400 0.16500 0.17900
  3   | 0.24300 0.24200 0.23800 0.23600 0.23600 0.23300 0.23800 0.23700 0.23600 0.25200 0.22100 0.23500 0.25300 0.29300 0.26700
  4   | 0.41100 0.30100 0.29600 0.29400 0.29300 0.28900 0.30000 0.29900 0.29700 0.31300 0.28000 0.28000 0.29500 0.30600 0.30400
  5   | 0.35500 0.43800 0.32200 0.31800 0.31800 0.31300 0.34600 0.34500 0.34300 0.32300 0.38500 0.33900 0.32400 0.34100 0.35600
  6   | 0.39800 0.39800 0.46900 0.36500 0.36500 0.36100 0.38200 0.38000 0.37900 0.37800 0.35300 0.37700 0.39300 0.38400 0.35100
  7   | 0.43300 0.43300 0.43300 0.49700 0.41900 0.41600 0.41000 0.40800 0.40700 0.41900 0.40800 0.40400 0.43600 0.43000 0.41600
  8   | 0.45900 0.45900 0.45900 0.45900 0.51200 0.44600 0.43200 0.43000 0.42900 0.43400 0.43700 0.43900 0.44100 0.45900 0.47300
  9   | 0.51589 0.52276 0.52196 0.50430 0.50973 0.53292 0.51189 0.49608 0.47782 0.46275 0.47815 0.51206 0.50938 0.56169 0.47062
------+------------------------------------------------------------------------------------------------------------------------
                                               
 
 
        Weights at age in the stock (Kg)
        --------------------------------
------+------------------------------------------------------------------------------------------------------------------------
AGE   |    1987    1988    1989    1990    1991    1992    1993    1994    1995    1996    1997    1998    1999    2000    2001
------+------------------------------------------------------------------------------------------------------------------------
  0   | 0.00000 0.00000 0.00000 0.00000 0.00000 0.00000 0.00000 0.00000 0.00000 0.00000 0.00000 0.00000 0.00000 0.00000 0.00000
  1   | 0.07800 0.07200 0.07600 0.07400 0.07500 0.07800 0.07800 0.07900 0.08100 0.07600 0.07600 0.07700 0.08100 0.07400 0.07800
  2   | 0.14800 0.15600 0.17700 0.13800 0.15500 0.21200 0.19700 0.17800 0.16400 0.13300 0.18600 0.14900 0.19400 0.18500 0.16400
  3   | 0.24000 0.23700 0.24400 0.22200 0.23000 0.25900 0.26800 0.23700 0.26700 0.25100 0.22800 0.22300 0.24200 0.23500 0.24100
  4   | 0.28600 0.30100 0.30600 0.28700 0.30700 0.31000 0.31500 0.30100 0.32600 0.31700 0.29600 0.28500 0.30100 0.28900 0.34200
  5   | 0.37400 0.32900 0.35200 0.33900 0.35700 0.36200 0.36000 0.36100 0.39800 0.36600 0.36100 0.34200 0.35300 0.35000 0.39000
  6   | 0.38600 0.42300 0.38000 0.37300 0.40900 0.40200 0.41600 0.41300 0.44800 0.44400 0.40200 0.40000 0.39600 0.39000 0.44600
  7   | 0.41100 0.44500 0.42900 0.41400 0.43200 0.42400 0.45400 0.46600 0.49100 0.46200 0.44500 0.42600 0.42300 0.42600 0.45900
  8   | 0.42900 0.43200 0.47400 0.40900 0.50200 0.46200 0.46500 0.47000 0.50800 0.50100 0.47800 0.46600 0.44000 0.44700 0.49900
  9   | 0.50003 0.53808 0.49457 0.49226 0.55346 0.51702 0.51979 0.54239 0.57049 0.58670 0.54273 0.51701 0.49853 0.50048 0.55941
------+------------------------------------------------------------------------------------------------------------------------
                                               
 
 
        Weights at age in the stock (Kg)
        --------------------------------
------+--------
AGE   |    2002
------+--------
  0   | 0.00000
  1   | 0.07800
  2   | 0.18100
  3   | 0.23900
  4   | 0.31100
  5   | 0.36400
  6   | 0.41100
  7   | 0.43600
  8   | 0.46200
  9   | 0.52079
------+--------
                                               
 
 
 
        Natural Mortality (per year)
        ----------------------------
------+------------------------------------------------------------------------------------------------------------------------
AGE   |    1972    1973    1974    1975    1976    1977    1978    1979    1980    1981    1982    1983    1984    1985    1986
------+------------------------------------------------------------------------------------------------------------------------
  0   | 0.15000 0.15000 0.15000 0.15000 0.15000 0.15000 0.15000 0.15000 0.15000 0.15000 0.15000 0.15000 0.15000 0.15000 0.15000
  1   | 0.15000 0.15000 0.15000 0.15000 0.15000 0.15000 0.15000 0.15000 0.15000 0.15000 0.15000 0.15000 0.15000 0.15000 0.15000
  2   | 0.15000 0.15000 0.15000 0.15000 0.15000 0.15000 0.15000 0.15000 0.15000 0.15000 0.15000 0.15000 0.15000 0.15000 0.15000
  3   | 0.15000 0.15000 0.15000 0.15000 0.15000 0.15000 0.15000 0.15000 0.15000 0.15000 0.15000 0.15000 0.15000 0.15000 0.15000
  4   | 0.15000 0.15000 0.15000 0.15000 0.15000 0.15000 0.15000 0.15000 0.15000 0.15000 0.15000 0.15000 0.15000 0.15000 0.15000
  5   | 0.15000 0.15000 0.15000 0.15000 0.15000 0.15000 0.15000 0.15000 0.15000 0.15000 0.15000 0.15000 0.15000 0.15000 0.15000
  6   | 0.15000 0.15000 0.15000 0.15000 0.15000 0.15000 0.15000 0.15000 0.15000 0.15000 0.15000 0.15000 0.15000 0.15000 0.15000
  7   | 0.15000 0.15000 0.15000 0.15000 0.15000 0.15000 0.15000 0.15000 0.15000 0.15000 0.15000 0.15000 0.15000 0.15000 0.15000
  8   | 0.15000 0.15000 0.15000 0.15000 0.15000 0.15000 0.15000 0.15000 0.15000 0.15000 0.15000 0.15000 0.15000 0.15000 0.15000
  9   | 0.15000 0.15000 0.15000 0.15000 0.15000 0.15000 0.15000 0.15000 0.15000 0.15000 0.15000 0.15000 0.15000 0.15000 0.15000
------+------------------------------------------------------------------------------------------------------------------------
                                               
 
 
        Natural Mortality (per year)
        ----------------------------
------+------------------------------------------------------------------------------------------------------------------------
AGE   |    1987    1988    1989    1990    1991    1992    1993    1994    1995    1996    1997    1998    1999    2000    2001
------+------------------------------------------------------------------------------------------------------------------------
  0   | 0.15000 0.15000 0.15000 0.15000 0.15000 0.15000 0.15000 0.15000 0.15000 0.15000 0.15000 0.15000 0.15000 0.15000 0.15000
  1   | 0.15000 0.15000 0.15000 0.15000 0.15000 0.15000 0.15000 0.15000 0.15000 0.15000 0.15000 0.15000 0.15000 0.15000 0.15000
  2   | 0.15000 0.15000 0.15000 0.15000 0.15000 0.15000 0.15000 0.15000 0.15000 0.15000 0.15000 0.15000 0.15000 0.15000 0.15000
  3   | 0.15000 0.15000 0.15000 0.15000 0.15000 0.15000 0.15000 0.15000 0.15000 0.15000 0.15000 0.15000 0.15000 0.15000 0.15000
  4   | 0.15000 0.15000 0.15000 0.15000 0.15000 0.15000 0.15000 0.15000 0.15000 0.15000 0.15000 0.15000 0.15000 0.15000 0.15000
  5   | 0.15000 0.15000 0.15000 0.15000 0.15000 0.15000 0.15000 0.15000 0.15000 0.15000 0.15000 0.15000 0.15000 0.15000 0.15000
  6   | 0.15000 0.15000 0.15000 0.15000 0.15000 0.15000 0.15000 0.15000 0.15000 0.15000 0.15000 0.15000 0.15000 0.15000 0.15000
  7   | 0.15000 0.15000 0.15000 0.15000 0.15000 0.15000 0.15000 0.15000 0.15000 0.15000 0.15000 0.15000 0.15000 0.15000 0.15000
  8   | 0.15000 0.15000 0.15000 0.15000 0.15000 0.15000 0.15000 0.15000 0.15000 0.15000 0.15000 0.15000 0.15000 0.15000 0.15000
  9   | 0.15000 0.15000 0.15000 0.15000 0.15000 0.15000 0.15000 0.15000 0.15000 0.15000 0.15000 0.15000 0.15000 0.15000 0.15000
------+------------------------------------------------------------------------------------------------------------------------
                                               
 
 
        Natural Mortality (per year)
        ----------------------------
------+--------
AGE   |    2002
------+--------
  0   | 0.15000
  1   | 0.15000
  2   | 0.15000
  3   | 0.15000
  4   | 0.15000
  5   | 0.15000
  6   | 0.15000
  7   | 0.15000
  8   | 0.15000
  9   | 0.15000
------+--------
                                               
 
 
 
        Proportion of fish spawning
        ---------------------------
------+------------------------------------------------------------------------------------------------------------------------
AGE   |    1972    1973    1974    1975    1976    1977    1978    1979    1980    1981    1982    1983    1984    1985    1986
------+------------------------------------------------------------------------------------------------------------------------
  0   |  0.0000  0.0000  0.0000  0.0000  0.0000  0.0000  0.0000  0.0000  0.0000  0.0000  0.0000  0.0000  0.0000  0.0000  0.0000
  1   |  0.0500  0.0500  0.0500  0.0600  0.0600  0.0600  0.0600  0.0600  0.0600  0.0700  0.0700  0.0700  0.0700  0.0700  0.0700
  2   |  0.5300  0.5400  0.5400  0.5500  0.5500  0.5500  0.5600  0.5600  0.5700  0.5700  0.5700  0.5800  0.5800  0.5800  0.5800
  3   |  0.9000  0.9000  0.9000  0.8900  0.8900  0.8900  0.8900  0.8900  0.8900  0.8800  0.8800  0.8800  0.8800  0.8800  0.8800
  4   |  0.9800  0.9800  0.9800  0.9800  0.9800  0.9800  0.9800  0.9800  0.9800  0.9800  0.9800  0.9800  0.9700  0.9700  0.9700
  5   |  0.9800  0.9800  0.9800  0.9800  0.9800  0.9800  0.9800  0.9800  0.9800  0.9800  0.9800  0.9800  0.9700  0.9700  0.9700
  6   |  0.9900  0.9900  0.9900  0.9900  0.9900  0.9900  0.9900  0.9900  0.9900  0.9900  0.9900  0.9900  0.9900  0.9900  0.9900
  7   |  1.0000  1.0000  1.0000  1.0000  1.0000  1.0000  1.0000  1.0000  1.0000  1.0000  1.0000  1.0000  1.0000  1.0000  1.0000
  8   |  1.0000  1.0000  1.0000  1.0000  1.0000  1.0000  1.0000  1.0000  1.0000  1.0000  1.0000  1.0000  1.0000  1.0000  1.0000
  9   |  1.0000  1.0000  1.0000  1.0000  1.0000  1.0000  1.0000  1.0000  1.0000  1.0000  1.0000  1.0000  1.0000  1.0000  1.0000
------+------------------------------------------------------------------------------------------------------------------------
                                               
 
 
        Proportion of fish spawning
        ---------------------------
------+------------------------------------------------------------------------------------------------------------------------
AGE   |    1987    1988    1989    1990    1991    1992    1993    1994    1995    1996    1997    1998    1999    2000    2001
------+------------------------------------------------------------------------------------------------------------------------
  0   |  0.0000  0.0000  0.0000  0.0000  0.0000  0.0000  0.0000  0.0000  0.0000  0.0000  0.0000  0.0000  0.0000  0.0000  0.0000
  1   |  0.0700  0.0700  0.0700  0.0700  0.0700  0.0700  0.0700  0.0700  0.0700  0.0700  0.0700  0.0700  0.0700  0.0700  0.0700
  2   |  0.5800  0.5800  0.5800  0.5800  0.5800  0.5800  0.5800  0.5800  0.5800  0.5800  0.5800  0.5800  0.5800  0.5800  0.5900
  3   |  0.8800  0.8800  0.8800  0.8800  0.8800  0.8800  0.8800  0.8800  0.8800  0.8800  0.8800  0.8600  0.8600  0.8600  0.8800
  4   |  0.9700  0.9700  0.9700  0.9700  0.9700  0.9700  0.9700  0.9700  0.9700  0.9700  0.9700  0.9800  0.9800  0.9800  0.9700
  5   |  0.9700  0.9700  0.9700  0.9700  0.9700  0.9700  0.9700  0.9700  0.9700  0.9700  0.9700  0.9800  0.9800  0.9800  0.9700
  6   |  0.9900  0.9900  0.9900  0.9900  0.9900  0.9900  0.9900  0.9900  0.9900  0.9900  0.9900  0.9900  0.9900  0.9900  0.9900
  7   |  1.0000  1.0000  1.0000  1.0000  1.0000  1.0000  1.0000  1.0000  1.0000  1.0000  1.0000  1.0000  1.0000  1.0000  1.0000
  8   |  1.0000  1.0000  1.0000  1.0000  1.0000  1.0000  1.0000  1.0000  1.0000  1.0000  1.0000  1.0000  1.0000  1.0000  1.0000
  9   |  1.0000  1.0000  1.0000  1.0000  1.0000  1.0000  1.0000  1.0000  1.0000  1.0000  1.0000  1.0000  1.0000  1.0000  1.0000
------+------------------------------------------------------------------------------------------------------------------------
                                               
 
 
        Proportion of fish spawning
        ---------------------------
------+--------
AGE   |    2002
------+--------
  0   |  0.0000
  1   |  0.0700
  2   |  0.5900
  3   |  0.8800
  4   |  0.9700
  5   |  0.9700
  6   |  0.9900
  7   |  1.0000
  8   |  1.0000
  9   |  1.0000
------+--------
                                               
 
 
 
 INDICES OF SPAWNING BIOMASS                                                    
  
 ----------------------------
 
          INDEX
        -------
------+------------------------------------------------------------------------------------------------------------------------
      |    1972    1973    1974    1975    1976    1977    1978    1979    1980    1981    1982    1983    1984    1985    1986
------+------------------------------------------------------------------------------------------------------------------------
  1   | ******* ******* ******* ******* ******* ******* ******* ******* ******* ******* ******* ******* ******* ******* *******
------+------------------------------------------------------------------------------------------------------------------------
       x 10 ^ 3                                
 
 
          INDEX
        -------
------+------------------------------------------------------------------------------------------------------------------------
      |    1987    1988    1989    1990    1991    1992    1993    1994    1995    1996    1997    1998    1999    2000    2001
------+------------------------------------------------------------------------------------------------------------------------
  1   | *******  259.46  249.05  213.70  227.71  235.86  229.78  222.88  245.43  233.69  251.25  262.49  296.14  266.17  256.10
------+------------------------------------------------------------------------------------------------------------------------
       x 10 ^ 3                                
 
 
          INDEX
        -------
------+--------
      |    2002
------+--------
  1   |  217.23
------+--------
       x 10 ^ 3                                
 
 
 
 AGE-STRUCTURED INDICES                                                         
  
 -----------------------
 
        FLT01: Dummy survey
        -------------------
------+--------------------------------
AGE   |    1981    1982    1983    1984
------+--------------------------------
  1   |  266.10  203.00   43.60   15.24
  2   |  506.40  435.90  712.70   79.51
  3   |  225.10  483.60  444.60  661.83
  4   |   31.70  184.10  391.60  374.60
  5   |  174.80   24.70  130.40  238.20
  6   |  158.50  136.60   20.20   92.00
  7   |   99.50  108.60   91.30   15.54
  8   |  116.60   84.50   70.90   51.47
  9   |   35.30   87.00   47.10   39.27
------+--------------------------------
       x 10 ^ 3                                
 
 
 
        Fishing Mortality (per year)
        ----------------------------
------+------------------------------------------------------------------------------------------------------------------------
AGE   |    1972    1973    1974    1975    1976    1977    1978    1979    1980    1981    1982    1983    1984    1985    1986
------+------------------------------------------------------------------------------------------------------------------------
  0   | 0.00929 0.00878 0.00880 0.00672 0.00941 0.00563 0.00896 0.00716 0.00578 0.00850 0.00582 0.00524 0.00849 0.00647 0.00682
  1   | 0.03523 0.03330 0.03333 0.02552 0.03569 0.02137 0.03405 0.02718 0.02196 0.03227 0.02212 0.01993 0.03413 0.02421 0.02558
  2   | 0.07798 0.07376 0.07383 0.05649 0.07913 0.04735 0.07546 0.06032 0.04873 0.07157 0.04906 0.04427 0.07581 0.05688 0.05573
  3   | 0.15376 0.14529 0.14556 0.11137 0.15586 0.09344 0.14877 0.11892 0.09623 0.14121 0.09675 0.08732 0.14960 0.11225 0.11659
  4   | 0.23427 0.22145 0.22158 0.16974 0.23749 0.14223 0.22693 0.18108 0.14660 0.21537 0.14740 0.13303 0.22769 0.17077 0.17739
  5   | 0.26497 0.25034 0.25061 0.19171 0.26863 0.16079 0.25629 0.20487 0.16560 0.24338 0.16668 0.15035 0.25714 0.19236 0.19983
  6   | 0.29719 0.28069 0.28080 0.21502 0.30067 0.18035 0.28724 0.22926 0.18583 0.27244 0.18667 0.16863 0.28791 0.21504 0.22276
  7   | 0.33592 0.31742 0.31740 0.24299 0.34006 0.20354 0.32498 0.25899 0.20973 0.30832 0.21061 0.19057 0.32542 0.24235 0.25067
  8   | 0.30527 0.28848 0.28870 0.22098 0.30927 0.18522 0.29525 0.23575 0.19074 0.28012 0.19182 0.17316 0.29620 0.22023 0.22722
  9   | 0.30527 0.28848 0.28870 0.22098 0.30927 0.18522 0.29525 0.23575 0.19074 0.28012 0.19182 0.17316 0.29620 0.22023 0.22722
------+------------------------------------------------------------------------------------------------------------------------
                                               
 
 
        Fishing Mortality (per year)
        ----------------------------
------+------------------------------------------------------------------------------------------------------------------------
AGE   |    1987    1988    1989    1990    1991    1992    1993    1994    1995    1996    1997    1998    1999    2000    2001
------+------------------------------------------------------------------------------------------------------------------------
  0   | 0.00594 0.00699 0.00700 0.00524 0.00759 0.00915 0.01022 0.00822 0.00712 0.00944 0.00569 0.00608 0.00798 0.00961 0.00967
  1   | 0.02239 0.02633 0.02627 0.01963 0.02818 0.03463 0.03868 0.03111 0.02694 0.03573 0.02152 0.02303 0.03020 0.03637 0.03659
  2   | 0.04896 0.05787 0.05773 0.04300 0.06159 0.07666 0.08562 0.06886 0.05962 0.07909 0.04762 0.05097 0.06685 0.08050 0.08099
  3   | 0.09447 0.11207 0.11238 0.08380 0.11955 0.15123 0.16891 0.13585 0.11763 0.15604 0.09396 0.10056 0.13188 0.15881 0.15978
  4   | 0.15306 0.16568 0.16676 0.12531 0.17892 0.23119 0.25821 0.20768 0.17982 0.23854 0.14363 0.15372 0.20160 0.24278 0.24425
  5   | 0.17241 0.20051 0.18092 0.13681 0.19718 0.26296 0.29369 0.23622 0.20454 0.27132 0.16337 0.17484 0.22930 0.27614 0.27782
  6   | 0.19223 0.22347 0.21958 0.14570 0.21145 0.29730 0.33205 0.26707 0.23125 0.30675 0.18470 0.19768 0.25925 0.31220 0.31410
  7   | 0.21559 0.25059 0.24588 0.18069 0.22383 0.34058 0.38038 0.30594 0.26491 0.35140 0.21159 0.22645 0.29698 0.35764 0.35982
  8   | 0.19503 0.22587 0.22138 0.16246 0.22814 0.31555 0.35243 0.28346 0.24544 0.32558 0.19604 0.20981 0.27516 0.33137 0.33338
  9   | 0.19503 0.22587 0.22138 0.16246 0.22814 0.31555 0.35243 0.28346 0.24544 0.32558 0.19604 0.20981 0.27516 0.33137 0.33338
------+------------------------------------------------------------------------------------------------------------------------
                                               
 
 
        Fishing Mortality (per year)
        ----------------------------
------+--------
AGE   |    2002
------+--------
  0   | 0.01003
  1   | 0.03795
  2   | 0.08400
  3   | 0.16571
  4   | 0.25332
  5   | 0.28813
  6   | 0.32576
  7   | 0.37318
  8   | 0.34576
  9   | 0.34576
------+--------
                                               
 
 
 
        Population Abundance (1 January)
        --------------------------------
------+------------------------------------------------------------------------------------------------------------------------
AGE   |    1972    1973    1974    1975    1976    1977    1978    1979    1980    1981    1982    1983    1984    1985    1986
------+------------------------------------------------------------------------------------------------------------------------
  0   |  592.64  511.41  576.05  357.69  109.61  783.16  176.64  228.32  546.22  237.39  629.49  547.86  567.94  474.69  251.34
  1   |  462.45  505.37  436.33  491.47  305.80   93.46  670.29  150.68  195.12  467.42  202.59  538.66  469.08  484.70  405.93
  2   |  255.41  384.25  420.73  363.24  412.35  253.98   78.74  557.61  126.21  164.29  389.54  170.56  454.48  390.20  407.20
  3   |  194.85  203.34  307.21  336.35  295.47  327.91  208.49   62.85  451.85  103.47  131.64  319.22  140.44  362.62  317.28
  4   |  253.82  143.81  151.35  228.60  258.99  217.61  257.06  154.65   48.03  353.23   77.33  102.86  251.78  104.08  278.97
  5   |  154.67  172.84   99.19  104.38  166.04  175.79  162.47  176.33  111.06   35.70  245.12   57.43   77.50  172.58   75.52
  6   |  163.60  102.14  115.82   66.45   74.17  109.25  128.83  108.22  123.66   81.00   24.09  178.58   42.53   51.58  122.55
  7   |   48.92  104.61   66.40   75.28   46.13   47.26   78.51   83.20   74.06   88.38   53.09   17.20  129.86   27.45   35.81
  8   |   19.53   30.09   65.55   41.61   50.82   28.26   33.18   48.83   55.27   51.69   55.89   37.02   12.24   80.72   18.54
  9   |   62.54   45.79   45.37   63.88   67.58   71.26   66.31   54.76   64.01   76.76   78.12   89.23   82.39   51.80   82.77
------+------------------------------------------------------------------------------------------------------------------------
       x 10 ^ 6                                
 
 
        Population Abundance (1 January)
        --------------------------------
------+------------------------------------------------------------------------------------------------------------------------
AGE   |    1987    1988    1989    1990    1991    1992    1993    1994    1995    1996    1997    1998    1999    2000    2001
------+------------------------------------------------------------------------------------------------------------------------
  0   |  470.38  117.90  551.09  482.31  360.76  498.80  361.18  345.83  752.96  375.02  576.99  169.06  202.56  482.66  511.66
  1   |  214.86  402.46  100.77  471.02  412.95  284.88  425.41  307.71  295.22  643.48  319.75  493.80  144.63  172.96  411.45
  2   |  340.57  180.84  337.40   84.49  397.53  313.11  236.85  352.26  256.74  247.34  534.41  269.35  415.34  120.78  143.55
  3   |  331.48  279.12  146.90  274.11   69.66  287.20  249.61  187.13  283.02  208.18  196.70  438.58  220.31  334.37   95.91
  4   |  243.03  259.59  214.77  113.00  216.96   46.50  212.50  181.45  140.61  216.56  153.30  154.12  341.38  166.20  245.54
  5   |  201.08  179.49  189.32  156.46   85.80  132.73   31.76  141.28  126.89  101.10  146.84  114.29  113.75  240.18  112.21
  6   |   53.23  145.66  126.42  135.98  117.45   49.66   87.83   20.38   96.01   89.01   66.34  107.34   82.59   77.84  156.84
  7   |   84.42   37.80  100.27   87.36  101.17   62.97   31.75   54.23   13.43   65.58   56.37   47.47   75.82   54.85   49.03
  8   |   23.99   58.57   25.32   67.49   62.76   48.78   38.56   18.68   34.38    8.87   39.72   39.27   32.58   48.49   33.02
  9   |   60.02   52.87   72.74   54.35   83.71   75.74   71.96   64.42   47.55   49.59   31.30   45.76   56.83   53.80   62.09
------+------------------------------------------------------------------------------------------------------------------------
       x 10 ^ 6                                
 
 
        Population Abundance (1 January)
        --------------------------------
------+----------------
AGE   |    2002    2003
------+----------------
  0   |  438.45  321.92
  1   |  436.15  373.61
  2   |  341.42  361.42
  3   |  113.95  270.19
  4   |   70.36   83.10
  5   |  165.54   47.01
  6   |   73.15  106.81
  7   |   98.61   45.46
  8   |   29.45   58.44
  9   |   53.74   50.67
------+----------------
       x 10 ^ 6                                
 
 
 
        Weighting factors for the catches in number
        -------------------------------------------
------+----------------------------------------------------------------------------------------
AGE   |    1992    1993    1994    1995    1996    1997    1998    1999    2000    2001    2002
------+----------------------------------------------------------------------------------------
  0   |  0.0200  0.0200  0.0200  0.0200  0.0200  0.0200  0.0200  0.0200  0.0200  0.0200  0.0200
  1   |  1.0000  1.0000  1.0000  1.0000  1.0000  1.0000  1.0000  1.0000  1.0000  1.0000  1.0000
  2   |  1.0000  1.0000  1.0000  1.0000  1.0000  1.0000  1.0000  1.0000  1.0000  1.0000  1.0000
  3   |  1.0000  1.0000  1.0000  1.0000  1.0000  1.0000  1.0000  1.0000  1.0000  1.0000  1.0000
  4   |  1.0000  1.0000  1.0000  1.0000  1.0000  1.0000  1.0000  1.0000  1.0000  1.0000  1.0000
  5   |  1.0000  1.0000  1.0000  1.0000  1.0000  1.0000  1.0000  1.0000  1.0000  1.0000  1.0000
  6   |  1.0000  1.0000  1.0000  1.0000  1.0000  1.0000  1.0000  1.0000  1.0000  1.0000  1.0000
  7   |  1.0000  1.0000  1.0000  1.0000  1.0000  1.0000  1.0000  1.0000  1.0000  1.0000  1.0000
  8   |  1.0000  1.0000  1.0000  1.0000  1.0000  1.0000  1.0000  1.0000  1.0000  1.0000  1.0000
------+----------------------------------------------------------------------------------------
                                               
 
 
 
 Predicted SSB Index Values                                                     
  
 ---------------------------
 
          INDEX
        -------
------+------------------------------------------------------------------------------------------------------------------------
      |    1972    1973    1974    1975    1976    1977    1978    1979    1980    1981    1982    1983    1984    1985    1986
------+------------------------------------------------------------------------------------------------------------------------
  1   | ******* ******* ******* ******* ******* ******* ******* ******* ******* ******* ******* ******* ******* ******* *******
------+------------------------------------------------------------------------------------------------------------------------
       x 10 ^ 3                                
 
 
          INDEX
        -------
------+------------------------------------------------------------------------------------------------------------------------
      |    1987    1988    1989    1990    1991    1992    1993    1994    1995    1996    1997    1998    1999    2000    2001
------+------------------------------------------------------------------------------------------------------------------------
  1   | *******  299.07  292.66  255.63  275.72  235.83  229.78  222.89  245.45  233.72  251.28  262.53  296.18  266.21  256.15
------+------------------------------------------------------------------------------------------------------------------------
       x 10 ^ 3                                
 
 
          INDEX
        -------
------+--------
      |    2002
------+--------
  1   |  217.24
------+--------
       x 10 ^ 3                                
 
 
 
 Predicted Age-Structured Index Values                                          
  
 --------------------------------------
 
        FLT01: Dummy survey Predicted
        -----------------------------
------+--------------------------------
AGE   |    1981    1982    1983    1984
------+--------------------------------
  1   |   91.73   39.98  106.43   91.96
  2   |  205.74  493.87  216.81  567.80
  3   |  275.03  358.58  874.06  371.60
  4   |  363.53   82.61  110.76  257.37
  5   |   47.60  340.89   80.59  102.55
  6   |  101.51   31.65  236.96   52.85
  7   |   94.58   59.95   19.64  137.66
  8   |  115.45  131.05   87.70   27.10
  9   |   44.45   47.49   54.81   47.29
------+--------------------------------
       x 10 ^ 3                                
 
 
 
        Fitted Selection Pattern
        ------------------------
------+------------------------------------------------------------------------------------------------------------------------
AGE   |    1972    1973    1974    1975    1976    1977    1978    1979    1980    1981    1982    1983    1984    1985    1986
------+------------------------------------------------------------------------------------------------------------------------
  0   |  0.0351  0.0351  0.0351  0.0351  0.0350  0.0350  0.0350  0.0349  0.0349  0.0349  0.0349  0.0348  0.0330  0.0337  0.0341
  1   |  0.1330  0.1330  0.1330  0.1331  0.1329  0.1329  0.1329  0.1327  0.1326  0.1326  0.1327  0.1326  0.1327  0.1259  0.1280
  2   |  0.2943  0.2946  0.2946  0.2946  0.2946  0.2945  0.2944  0.2944  0.2943  0.2941  0.2943  0.2944  0.2948  0.2957  0.2789
  3   |  0.5803  0.5804  0.5808  0.5809  0.5802  0.5811  0.5805  0.5805  0.5811  0.5802  0.5804  0.5808  0.5818  0.5835  0.5834
  4   |  0.8841  0.8846  0.8842  0.8854  0.8841  0.8846  0.8854  0.8839  0.8853  0.8849  0.8843  0.8848  0.8855  0.8878  0.8877
  5   |  1.0000  1.0000  1.0000  1.0000  1.0000  1.0000  1.0000  1.0000  1.0000  1.0000  1.0000  1.0000  1.0000  1.0000  1.0000
  6   |  1.1216  1.1212  1.1205  1.1216  1.1193  1.1217  1.1207  1.1190  1.1221  1.1194  1.1199  1.1216  1.1196  1.1179  1.1147
  7   |  1.2678  1.2679  1.2665  1.2675  1.2659  1.2659  1.2680  1.2641  1.2665  1.2668  1.2635  1.2675  1.2655  1.2599  1.2544
  8   |  1.1521  1.1523  1.1520  1.1527  1.1513  1.1520  1.1520  1.1507  1.1518  1.1510  1.1508  1.1517  1.1519  1.1449  1.1371
  9   |  1.1521  1.1523  1.1520  1.1527  1.1513  1.1520  1.1520  1.1507  1.1518  1.1510  1.1508  1.1517  1.1519  1.1449  1.1371
------+------------------------------------------------------------------------------------------------------------------------
                                               
 
 
        Fitted Selection Pattern
        ------------------------
------+------------------------------------------------------------------------------------------------------------------------
AGE   |    1987    1988    1989    1990    1991    1992    1993    1994    1995    1996    1997    1998    1999    2000    2001
------+------------------------------------------------------------------------------------------------------------------------
  0   |  0.0345  0.0348  0.0387  0.0383  0.0385  0.0348  0.0348  0.0348  0.0348  0.0348  0.0348  0.0348  0.0348  0.0348  0.0348
  1   |  0.1299  0.1313  0.1452  0.1435  0.1429  0.1317  0.1317  0.1317  0.1317  0.1317  0.1317  0.1317  0.1317  0.1317  0.1317
  2   |  0.2840  0.2886  0.3191  0.3143  0.3124  0.2915  0.2915  0.2915  0.2915  0.2915  0.2915  0.2915  0.2915  0.2915  0.2915
  3   |  0.5479  0.5589  0.6211  0.6126  0.6063  0.5751  0.5751  0.5751  0.5751  0.5751  0.5751  0.5751  0.5751  0.5751  0.5751
  4   |  0.8878  0.8263  0.9217  0.9160  0.9074  0.8792  0.8792  0.8792  0.8792  0.8792  0.8792  0.8792  0.8792  0.8792  0.8792
  5   |  1.0000  1.0000  1.0000  1.0000  1.0000  1.0000  1.0000  1.0000  1.0000  1.0000  1.0000  1.0000  1.0000  1.0000  1.0000
  6   |  1.1150  1.1145  1.2136  1.0650  1.0724  1.1306  1.1306  1.1306  1.1306  1.1306  1.1306  1.1306  1.1306  1.1306  1.1306
  7   |  1.2505  1.2498  1.3590  1.3207  1.1352  1.2952  1.2952  1.2952  1.2952  1.2952  1.2952  1.2952  1.2952  1.2952  1.2952
  8   |  1.1313  1.1265  1.2236  1.1875  1.1570  1.2000  1.2000  1.2000  1.2000  1.2000  1.2000  1.2000  1.2000  1.2000  1.2000
  9   |  1.1313  1.1265  1.2236  1.1875  1.1570  1.2000  1.2000  1.2000  1.2000  1.2000  1.2000  1.2000  1.2000  1.2000  1.2000
------+------------------------------------------------------------------------------------------------------------------------
                                               
 
 
        Fitted Selection Pattern
        ------------------------
------+--------
AGE   |    2002
------+--------
  0   |  0.0348
  1   |  0.1317
  2   |  0.2915
  3   |  0.5751
  4   |  0.8792
  5   |  1.0000
  6   |  1.1306
  7   |  1.2952
  8   |  1.2000
  9   |  1.2000
------+--------
                                               
 
 
 
 
 
                    STOCK SUMMARY                                             
 
 
 ³ Year ³  Recruits  ³  Total  ³ Spawning³ Landings ³ Yield ³ Mean F ³ SoP ³    
 ³      ³   Age   0  ³ Biomass ³ Biomass ³          ³ /SSB  ³  Ages  ³     ³ 
 ³      ³  thousands ³  tonnes ³ tonnes  ³ tonnes   ³ ratio ³  4- 7  ³ (%) ³ 
 
   1972       592630    445351    301526     89374   0.2964   0.2831    99
   1973       511410    430706    278933     75075   0.2691   0.2675    99
   1974       576040    420808    275772     71875   0.2606   0.2676    99
   1975       357680    421134    281921     53890   0.1912   0.2049   100
   1976       109610    415398    288311     76105   0.2640   0.2867   100
   1977       783160    364542    281873     46699   0.1657   0.1717    99
   1978       176640    402234    270141     71823   0.2659   0.2739    99
   1979       228320    360626    259284     51457   0.1985   0.2185    99
   1980       546210    337773    258057     46924   0.1818   0.1769    99
   1981       237380    346892    247503     67702   0.2735   0.2599    99
   1982       629480    312102    232323     43055   0.1853   0.1778   100
   1983       547860    339550    240106     39279   0.1636   0.1606    99
   1984       567930    381783    259897     69889   0.2689   0.2745    99
   1985       474680    400289    282284     59204   0.2097   0.2051   100
   1986       251340    406186    293237     66262   0.2260   0.2127    99
   1987       470370    386975    298248     60236   0.2020   0.1833   100
   1988       117900    392718    299071     71544   0.2392   0.2101   100
   1989       551090    374613    292656     66287   0.2265   0.2033   100
   1990       482300    334082    255626     46683   0.1826   0.1471   100
   1991       360760    375429    275720     64798   0.2350   0.2028   100
   1992       498790    333808    235833     69836   0.2961   0.2830   100
   1993       361180    331390    229779     72280   0.3146   0.3161   100
   1994       345820    314394    222894     60571   0.2717   0.2542   100
   1995       752960    332122    245453     53459   0.2178   0.2201   100
   1996       375010    343065    233716     70534   0.3018   0.2920   100
   1997       576980    354663    251279     42709   0.1700   0.1758    99
   1998       169050    364085    262527     51215   0.1951   0.1882    99
   1999       202560    395957    296178     72767   0.2457   0.2468   100
   2000       482650    348140    266213     84501   0.3174   0.2972    99
   2001       511650    350158    256146     78911   0.3081   0.2990    99
   2002       438440    319839    217242     72722   0.3348   0.3101   100
 
 -----------------------------------------------------------------            
 No of years for separable analysis : 11                                      
 Age range in the analysis : 0  . . . 9                                       
 Year range in the analysis : 1972  . . . 2002                                
 Number of indices of SSB : 1                                                 
 Number of age-structured indices : 1                                         
                                                                              
 Parameters to estimate : 46                                                  
 Number of observations : 150                                                 
                                                                              
 Conventional single selection vector model to be fitted.                     
                                                                              
                                                                              
                                                                              
 -----------------------------------------------------------------            
 
 
 PARAMETER ESTIMATES                                                            
  
 
 ³Parm.³      ³ Maximum ³    ³        ³         ³         ³         ³ Mean of ³ 
  
 ³ No. ³      ³ Likelh. ³ CV ³  Lower ³ Upper   ³  -s.e.  ³   +s.e. ³ Param.  ³ 
  
 ³     ³      ³ Estimate³ (%)³ 95% CL ³ 95% CL  ³         ³         ³ Distrib.³ 
  
 Separable model : F by year                                                    
  
    1   1992     0.2107   0    0.2107    0.2107    0.2107    0.2107    0.2107
    2   1993     0.2352   0    0.2352    0.2352    0.2352    0.2352    0.2352
    3   1994     0.1898   0    0.1898    0.1898    0.1898    0.1898    0.1898
    4   1995     0.1671   0    0.1671    0.1671    0.1671    0.1671    0.1671
    5   1996     0.2274   0    0.2274    0.2274    0.2274    0.2274    0.2274
    6   1997     0.1431   0    0.1431    0.1431    0.1431    0.1431    0.1431
    7   1998     0.1636   0    0.1636    0.1636    0.1636    0.1636    0.1636
    8   1999     0.2328   0    0.2328    0.2328    0.2328    0.2328    0.2328
    9   2000     0.3097   0    0.3097    0.3097    0.3097    0.3097    0.3097
   10   2001     0.3519   0    0.3519    0.3519    0.3519    0.3519    0.3519
   11   2002     0.4233   0    0.4233    0.4233    0.4233    0.4233    0.4233
 
 Separable Model: Selection (S) by age                                          
  
   12      0     0.0474   0    0.0474    0.0474    0.0474    0.0474    0.0474
   13      1     0.1610   0    0.1610    0.1610    0.1610    0.1610    0.1610
   14      2     0.3282   0    0.3282    0.3282    0.3282    0.3282    0.3282
   15      3     0.6116   0    0.6116    0.6116    0.6116    0.6116    0.6116
   16      4     0.9006   0    0.9006    0.9006    0.9006    0.9006    0.9006
           5     1.0000     Fixed : Reference Age             
   17      6     1.1172   0    1.1172    1.1172    1.1172    1.1172    1.1172
   18      7     1.1938   0    1.1938    1.1938    1.1938    1.1938    1.1938
           8     1.2000     Fixed : Last true age             
 
 Separable model: Populations in year 2002                                    
   19      0     220242   0     220242    220242    220242    220242    220242
   20      1     249253   0     249253    249253    249253    249253    249253
   21      2     216309   0     216309    216309    216309    216309    216309
   22      3      78209   0      78209     78209     78209     78209     78209
   23      4      51097   0      51097     51097     51097     51097     51097
   24      5     125344   0     125344    125344    125344    125344    125344
   25      6      57948   0      57948     57948     57948     57948     57948
   26      7      82035   0      82035     82035     82035     82035     82035
   27      8      26384   0      26384     26384     26384     26384     26384
 
Separable model: Populations at age
   28   1992      69615   0      69615     69615     69615     69615     69615
   29   1993      54757   0      54757     54757     54757     54757     54757
   30   1994      26787   0      26787     26787     26787     26787     26787
   31   1995      49259   0      49259     49259     49259     49259     49259
   32   1996      12533   0      12533     12533     12533     12533     12533
   33   1997      55976   0      55976     55976     55976     55976     55976
   34   1998      52417   0      52417     52417     52417     52417     52417
   35   1999      40706   0      40706     40706     40706     40706     40706
   36   2000      55643   0      55643     55643     55643     55643     55643
   37   2001      34239   0      34239     34239     34239     34239     34239
 
 SSB Index catchabilities                                                       
  
   INDEX                                 
 Absolute estimator. No fitted catchability.                                    
  
 
 
 
 Age-structured index catchabilities                                            
  
                                        FLT01: Dummy survey                     
 
 Linear model fitted. Slopes at age :                                           
  
   38   1  Q  .2169       0 .2169     .2169     .2169     .2169     .2169    
   39   2  Q  1.415       0 1.415     1.415     1.415     1.415     1.415    
   40   3  Q  3.120       0 3.120     3.120     3.120     3.120     3.120    
   41   4  Q  1.258       0 1.258     1.258     1.258     1.258     1.258    
   42   5  Q  1.655       0 1.655     1.655     1.655     1.655     1.655    
   43   6  Q  1.581       0 1.581     1.581     1.581     1.581     1.581    
   44   7  Q  1.377       0 1.377     1.377     1.377     1.377     1.377    
   45   8  Q  2.830       0 2.830     2.830     2.830     2.830     2.830    
   46   9  Q  .7406       0 .7406     .7406     .7406     .7406     .7406    
 
 
 
 RESIDUALS ABOUT THE MODEL FIT                                                  
  
 ------------------------------
 
        Separable Model Residuals
        -------------------------
------+----------------------------------------------------------------------------------------
Age   |    1992    1993    1994    1995    1996    1997    1998    1999    2000    2001    2002
------+----------------------------------------------------------------------------------------
  0   | ******* ******* ******* ******* ******* ******* ******* ******* ******* ******* *******
  1   | ******* ******* ******* ******* ******* ******* ******* ******* ******* ******* *******
  2   | ******* ******* ******* ******* ******* ******* ******* ******* ******* ******* *******
  3   | ******* ******* ******* ******* ******* ******* ******* ******* ******* ******* *******
  4   | ******* ******* ******* ******* ******* ******* ******* ******* ******* ******* *******
  5   | ******* ******* ******* ******* ******* ******* ******* ******* ******* ******* *******
  6   | ******* ******* ******* ******* ******* ******* ******* ******* ******* ******* *******
  7   | ******* ******* ******* ******* ******* ******* ******* ******* ******* ******* *******
  8   | ******* ******* ******* ******* ******* ******* ******* ******* ******* ******* *******
------+----------------------------------------------------------------------------------------
                                               
 
 
 
 SPAWNING BIOMASS INDEX RESIDUALS                                               
  
 ---------------------------------
 
          INDEX
        -------
------+------------------------------------------------------------------------------------------------------------------------
      |    1972    1973    1974    1975    1976    1977    1978    1979    1980    1981    1982    1983    1984    1985    1986
------+------------------------------------------------------------------------------------------------------------------------
  1   | ******* ******* ******* ******* ******* ******* ******* ******* ******* ******* ******* ******* ******* ******* *******
------+------------------------------------------------------------------------------------------------------------------------
                                               
 
 
          INDEX
        -------
------+------------------------------------------------------------------------------------------------------------------------
      |    1987    1988    1989    1990    1991    1992    1993    1994    1995    1996    1997    1998    1999    2000    2001
------+------------------------------------------------------------------------------------------------------------------------
  1   | ******* -0.1421 -0.1613 -0.1792 -0.1913  0.0001  0.0000 -0.0001 -0.0001 -0.0001 -0.0001 -0.0001 -0.0001 -0.0002 -0.0002
------+------------------------------------------------------------------------------------------------------------------------
                                               
 
 
          INDEX
        -------
------+--------
      |    2002
------+--------
  1   | -0.0001
------+--------
                                               
 
 
 
 AGE-STRUCTURED INDEX RESIDUALS                                                 
  
 -------------------------------
 
        FLT01: Dummy survey
        -------------------
------+--------------------------------
Age   |    1981    1982    1983    1984
------+--------------------------------
  1   |   1.065   1.625  -0.892  -1.797
  2   |   0.901  -0.125   1.190  -1.966
  3   |  -0.200   0.299  -0.676   0.577
  4   |  -2.440   0.801   1.263   0.375
  5   |   1.301  -2.625   0.481   0.843
  6   |   0.446   1.462  -2.462   0.554
  7   |   0.051   0.594   1.537  -2.181
  8   |   0.010  -0.439  -0.213   0.642
  9   |  -0.231   0.605  -0.152  -0.186
------+--------------------------------
                                               
 
 
 
 
 
 
 PARAMETERS OF THE DISTRIBUTION OF ln(CATCHES AT AGE)                           
  
 -----------------------------------------------------
 
 Separable model fitted from 1992  to 2002                                    
 Variance                             0.0000
Skewness test stat.                   4.0722
Kurtosis test statistic               1.7377
Partial chi-square                    0.0000
Significance in fit                   0.0000
Degrees of freedom                        62
 
 
 PARAMETERS OF DISTRIBUTIONS OF THE SSB INDICES                                 
  
 -----------------------------------------------
 
 
   DISTRIBUTION STATISTICS FOR   INDEX                                          
 
 
 Index used as absolute measure of abundance                                    
  
 Last age is a plus-group                                                       
  
 
 Variance                             0.0383
Skewness test stat.                  -3.1158
Kurtosis test statistic               0.7309
Partial chi-square                    0.0458
Significance in fit                   0.0000
Number of observations                    15
Degrees of freedom                        15
Weight in the analysis                5.0000
 
 PARAMETERS OF THE DISTRIBUTION OF THE AGE-STRUCTURED INDICES                   
  
 ------------------------------------------------------------ 
 
 
   DISTRIBUTION STATISTICS FOR FLT01: Dummy survey                              
 
 
 Linear catchability relationship assumed                                       
  
 
 Age                          1         2         3         4         5         6         7         8         9
 Variance                0.0029    0.0023    0.0003    0.0031    0.0035    0.0032    0.0028    0.0002    0.0002
Skewness test stat.     -0.0765   -0.5608   -0.1812   -0.8109   -0.8430   -0.7336   -0.5228    0.5303    0.9894
Kurtosis test statisti  -0.7062   -0.4543   -0.5888   -0.3210   -0.3085   -0.3316   -0.3964   -0.4174   -0.2288
Partial chi-square       0.0008    0.0005    0.0001    0.0007    0.0009    0.0008    0.0007    0.0001    0.0000
Significance in fit      0.0000    0.0000    0.0000    0.0000    0.0000    0.0000    0.0000    0.0000    0.0000
Number of observations        4         4         4         4         4         4         4         4         4
Degrees of freedom            3         3         3         3         3         3         3         3         3
Weight in the analysis   0.0011    0.0011    0.0011    0.0011    0.0011    0.0011    0.0011    0.0011    0.0011
 
 ANALYSIS OF VARIANCE                   
--------------------------
 
 Unweighted Statistics                                                          
  
 
                                                                                
  
Variance                              
                                       SSQ     Data    Parameters d.f. Variance
Total for model                        50.1046     150         46  104   0.4818
Catches at age                          0.0000      99         37   62   0.0000
  
SSB Indices                           
  INDEX                                 0.1149      15          0   15   0.0077
  
 Aged Indices                                                                   
  
FLT01: Dummy survey                    49.9897      36          9   27   1.8515
 
 
 Weighted Statistics                                                            
  
 
                                                                                
  
Variance                              
                                       SSQ     Data    Parameters d.f. Variance
Total for model                         2.8729     150         46  104   0.0276
Catches at age                          0.0000      99         37   62   0.0000
  
SSB Indices                           
  INDEX                                 2.8728      15          0   15   0.1915
  
 Aged Indices                                                                   
  
FLT01: Dummy survey                     0.0001      36          9   27   0.0000
 
