 Output Generated by ICA Version 1.4                                            
  
 ------------------------------------
 
        Mackerel NE Atlantic  WG2003
        ----------------------------
 
        Catch in Number
        ---------------
------+------------------------------------------------------------------------------------------------------------------------
AGE   |    1972    1973    1974    1975    1976    1977    1978    1979    1980    1981    1982    1983    1984    1985    1986
------+------------------------------------------------------------------------------------------------------------------------
  0   |   3312.   3741.   2237.   4298.   2721.   3606.   5363.   2438.   3776.   3861.   4259.   1061.   3943.    858.   2201.
  1   |  10598.  12002.  12262.   8762.   8945.  11277.  16081.  11985.  10743.  11798.  10664.   9384.   5128.  12915.   1804.
  2   |  12741.  21929.  22430.  27290.  10405.  21171.  28474.  20398.  29928.  18954.  18460.  13411.  25817.   9516.  15489.
  3   |  10091.  22554.  34974.  42328.  27695.  21063.  45046.  30582.  42996.  44319.  25025.  19846.  31383.  40439.   9740.
  4   |  19265.  13115.  26304.  47924.  31360.  41191.  32325.  34884.  46590.  45520.  42081.  19662.  33920.  35427.  30166.
  5   |  17516.  17918.  10904.  25612.  25162.  33437.  44773.  17573.  37689.  34548.  30361.  23463.  24028.  27000.  18704.
  6   |   7155.  15828.  14448.  10266.  13031.  26074.  35047.  23461.  18324.  26843.  22187.  16412.  27797.  18434.  13804.
  7   |   7868.   6374.  12559.  13338.   5137.  13317.  26702.  17948.  23926.  12698.  16824.  11801.  19116.  20832.   9260.
  8   |  10443.   5631.   4055.   9310.   5317.   4224.  10965.  10872.  14717.  13234.   6346.   7137.  11076.  11460.   8336.
  9   |  10289.  15113.  12766.  12570.   8856.  10903.  12484.   9951.  17323.  18378.  16797.  10056.  16039.  16258.  11147.
------+------------------------------------------------------------------------------------------------------------------------
       x 10 ^ 3                                
 
 
        Catch in Number
        ---------------
------+------------------------------------------------------------------------------------------------------------------------
AGE   |    1987    1988    1989    1990    1991    1992    1993    1994    1995    1996    1997    1998    1999    2000    2001
------+------------------------------------------------------------------------------------------------------------------------
  0   |   3453.   5830.   4490.   1640.   2493.   4046.   4998.   3729.   2769.   2431.   2821.   3827.    973.   1820.   1358.
  1   |   8941.  12554.  19494.   8807.   6806.   8808.  12267.  17334.  12703.   5848.  12569.  10022.  12322.   1642.   9644.
  2   |   4182.  18472.  23798.  21826.  20890.  13694.  15205.  24204.  33526.  15317.  17207.  25234.  18200.  11858.   4957.
  3   |  30689.   7328.  29583.  22785.  44361.  35783.  20122.  25504.  39661.  34582.  38318.  29023.  38388.  14937.  30458.
  4   |  14161.  39039.   8470.  20689.  34103.  55428.  38299.  24567.  30278.  29915.  63170.  46325.  31493.  22892.  28055.
  5   |  31407.  12787.  31860.   4197.  22235.  30342.  42130.  33238.  20656.  16208.  39093.  53692.  35163.  13228.  30796.
  6   |  18915.  27421.  10064.  15301.   4388.  19167.  22329.  35390.  26996.  10723.  20532.  31953.  39107.  14282.  17261.
  7   |  13757.  16190.  21097.   4755.  15796.   3717.  13853.  18413.  28152.  13794.  13353.  16348.  22617.  15586.  18333.
  8   |   7424.   9446.   9970.   7937.   3951.  10736.   2150.   9160.  11734.  11468.  13853.   8509.   9238.   7153.  16142.
  9   |  16252.  16372.  15978.   9767.  14641.  12748.  13725.  10202.  11788.  10059.  21871.  24536.  19119.   8973.  16057.
------+------------------------------------------------------------------------------------------------------------------------
       x 10 ^ 3                                
 
 
        Catch in Number
        ---------------
------+--------
AGE   |    2002
------+--------
  0   |   4674.
  1   |   4510.
  2   |  18140.
  3   |   7858.
  4   |  34742.
  5   |  22541.
  6   |  23831.
  7   |  13037.
  8   |  11076.
  9   |  19732.
------+--------
       x 10 ^ 3                                
 
 
 
        Predicted Catch in Number
        -------------------------
------+----------------------------------------------------------------------------------------
AGE   |    1992    1993    1994    1995    1996    1997    1998    1999    2000    2001    2002
------+----------------------------------------------------------------------------------------
  0   |   4046.   4998.   3729.   2769.   2431.   2821.   3827.    973.   1820.   1358.   4674.
  1   |   8808.  12267.  17334.  12703.   5848.  12569.  10022.  12322.   1642.   9644.   4510.
  2   |  13694.  15205.  24204.  33526.  15317.  17207.  25234.  18200.  11858.   4957.  18140.
  3   |  35783.  20122.  25504.  39661.  34582.  38318.  29023.  38388.  14937.  30458.   7858.
  4   |  55428.  38299.  24567.  30278.  29915.  63170.  46325.  31493.  22892.  28055.  34742.
  5   |  30342.  42130.  33238.  20656.  16208.  39093.  53692.  35163.  13228.  30796.  22541.
  6   |  19167.  22329.  35390.  26996.  10723.  20532.  31953.  39107.  14282.  17261.  23831.
  7   |   3717.  13853.  18413.  28152.  13794.  13353.  16348.  22617.  15586.  18333.  13037.
  8   |  10736.   2150.   9160.  11734.  11468.  13853.   8509.   9238.   7153.  16142.  11076.
------+----------------------------------------------------------------------------------------
       x 10 ^ 3                                
 
 
 
        Weights at age in the catches (Kg)
        ----------------------------------
------+------------------------------------------------------------------------------------------------------------------------
AGE   |    1972    1973    1974    1975    1976    1977    1978    1979    1980    1981    1982    1983    1984    1985    1986
------+------------------------------------------------------------------------------------------------------------------------
  0   | 0.05200 0.05000 0.05100 0.05000 0.05900 0.05600 0.03600 0.01600 0.05700 0.06000 0.05300 0.05000 0.03100 0.05500 0.03900
  1   | 0.13500 0.14500 0.13600 0.14800 0.13700 0.13600 0.13500 0.13700 0.13100 0.13200 0.13100 0.16800 0.10200 0.14400 0.14600
  2   | 0.27700 0.19400 0.22900 0.17700 0.20700 0.16900 0.16100 0.16100 0.24900 0.24800 0.24900 0.21900 0.18400 0.26200 0.24500
  3   | 0.34100 0.28500 0.26100 0.25900 0.26300 0.27500 0.25000 0.24300 0.28500 0.28700 0.28500 0.27600 0.29500 0.35700 0.33500
  4   | 0.42300 0.36800 0.33400 0.32300 0.32000 0.33300 0.32500 0.31800 0.34500 0.34400 0.34500 0.31000 0.32600 0.41800 0.42300
  5   | 0.46800 0.44800 0.39200 0.34800 0.34600 0.35200 0.34500 0.34800 0.37800 0.37700 0.37800 0.38600 0.34400 0.41700 0.47100
  6   | 0.46800 0.46800 0.48100 0.43000 0.40600 0.40700 0.40300 0.40100 0.45400 0.45400 0.45400 0.42500 0.43100 0.43600 0.44400
  7   | 0.50800 0.50800 0.50800 0.48800 0.44300 0.44600 0.42100 0.41600 0.49800 0.49900 0.49600 0.43500 0.54200 0.52100 0.45700
  8   | 0.53900 0.53900 0.53900 0.53900 0.51800 0.54600 0.51800 0.50600 0.52000 0.51300 0.51300 0.49800 0.48000 0.55500 0.54300
  9   | 0.60660 0.59895 0.60252 0.61027 0.60658 0.58322 0.56867 0.54135 0.55803 0.55943 0.56046 0.58979 0.60793 0.61724 0.60671
------+------------------------------------------------------------------------------------------------------------------------
                                               
 
 
        Weights at age in the catches (Kg)
        ----------------------------------
------+------------------------------------------------------------------------------------------------------------------------
AGE   |    1987    1988    1989    1990    1991    1992    1993    1994    1995    1996    1997    1998    1999    2000    2001
------+------------------------------------------------------------------------------------------------------------------------
  0   | 0.07600 0.05500 0.04900 0.08500 0.06800 0.05100 0.06100 0.04600 0.07200 0.05800 0.07600 0.06500 0.06200 0.06300 0.06900
  1   | 0.17900 0.13300 0.13600 0.15600 0.15600 0.16700 0.13400 0.13600 0.14300 0.14300 0.14300 0.15700 0.17600 0.13500 0.17100
  2   | 0.22300 0.25900 0.23700 0.23300 0.25300 0.23900 0.24000 0.25500 0.23400 0.22600 0.23000 0.22700 0.23600 0.22900 0.22300
  3   | 0.31800 0.32300 0.32000 0.33600 0.32700 0.33300 0.31700 0.33900 0.33300 0.31300 0.29500 0.31000 0.30700 0.30800 0.30700
  4   | 0.39900 0.38800 0.37700 0.37900 0.39400 0.39700 0.37600 0.39000 0.39000 0.37700 0.35900 0.35400 0.36100 0.36700 0.37800
  5   | 0.47400 0.45600 0.43300 0.42300 0.42300 0.46000 0.43600 0.44800 0.45200 0.42500 0.41500 0.40800 0.40600 0.42900 0.42600
  6   | 0.51200 0.52400 0.45600 0.46700 0.46900 0.49500 0.48300 0.51200 0.50100 0.48400 0.45300 0.45200 0.45400 0.46700 0.47700
  7   | 0.49300 0.55500 0.54300 0.52800 0.50600 0.53200 0.52700 0.54300 0.53900 0.51800 0.48100 0.46200 0.50100 0.50400 0.49900
  8   | 0.49800 0.55500 0.59200 0.55200 0.55400 0.55500 0.54800 0.59000 0.57700 0.55100 0.52400 0.51800 0.53700 0.53700 0.54300
  9   | 0.61943 0.60854 0.61702 0.62017 0.63020 0.64366 0.61242 0.64741 0.61193 0.59710 0.56665 0.57198 0.60128 0.59640 0.60304
------+------------------------------------------------------------------------------------------------------------------------
                                               
 
 
        Weights at age in the catches (Kg)
        ----------------------------------
------+--------
AGE   |    2002
------+--------
  0   | 0.05200
  1   | 0.15900
  2   | 0.25500
  3   | 0.30700
  4   | 0.36900
  5   | 0.42600
  6   | 0.46400
  7   | 0.51400
  8   | 0.53900
  9   | 0.60051
------+--------
                                               
 
 
 
        Weights at age in the stock (Kg)
        --------------------------------
------+------------------------------------------------------------------------------------------------------------------------
AGE   |    1972    1973    1974    1975    1976    1977    1978    1979    1980    1981    1982    1983    1984    1985    1986
------+------------------------------------------------------------------------------------------------------------------------
  0   | 0.00800 0.00800 0.00800 0.00800 0.00800 0.00800 0.00800 0.00800 0.00800 0.00800 0.00800 0.00800 0.00000 0.00000 0.00000
  1   | 0.13200 0.13200 0.13000 0.12900 0.12800 0.12700 0.11100 0.11000 0.10900 0.08700 0.08600 0.08600 0.08100 0.08500 0.07700
  2   | 0.17800 0.17700 0.17300 0.17100 0.17000 0.16700 0.17500 0.17400 0.17300 0.18600 0.13500 0.17200 0.19400 0.16500 0.17900
  3   | 0.24300 0.24200 0.23800 0.23600 0.23600 0.23300 0.23800 0.23700 0.23600 0.25200 0.22100 0.23500 0.25300 0.29300 0.26700
  4   | 0.41100 0.30100 0.29600 0.29400 0.29300 0.28900 0.30000 0.29900 0.29700 0.31300 0.28000 0.28000 0.29500 0.30600 0.30400
  5   | 0.35500 0.43800 0.32200 0.31800 0.31800 0.31300 0.34600 0.34500 0.34300 0.32300 0.38500 0.33900 0.32400 0.34100 0.35600
  6   | 0.39800 0.39800 0.46900 0.36500 0.36500 0.36100 0.38200 0.38000 0.37900 0.37800 0.35300 0.37700 0.39300 0.38400 0.35100
  7   | 0.43300 0.43300 0.43300 0.49700 0.41900 0.41600 0.41000 0.40800 0.40700 0.41900 0.40800 0.40400 0.43600 0.43000 0.41600
  8   | 0.45900 0.45900 0.45900 0.45900 0.51200 0.44600 0.43200 0.43000 0.42900 0.43400 0.43700 0.43900 0.44100 0.45900 0.47300
  9   | 0.52157 0.51275 0.51683 0.52570 0.52017 0.53173 0.50831 0.48965 0.47404 0.46185 0.47854 0.51360 0.50354 0.52743 0.47047
------+------------------------------------------------------------------------------------------------------------------------
                                               
 
 
        Weights at age in the stock (Kg)
        --------------------------------
------+------------------------------------------------------------------------------------------------------------------------
AGE   |    1987    1988    1989    1990    1991    1992    1993    1994    1995    1996    1997    1998    1999    2000    2001
------+------------------------------------------------------------------------------------------------------------------------
  0   | 0.00000 0.00000 0.00000 0.00000 0.00000 0.00000 0.00000 0.00000 0.00000 0.00000 0.00000 0.00000 0.00000 0.00000 0.00000
  1   | 0.07800 0.07200 0.07600 0.07400 0.07500 0.07800 0.07800 0.07900 0.08100 0.07600 0.07600 0.07700 0.08100 0.07400 0.07800
  2   | 0.14800 0.15600 0.17700 0.13800 0.15500 0.21200 0.19700 0.17800 0.16400 0.13300 0.18600 0.14900 0.19400 0.18500 0.16400
  3   | 0.24000 0.23700 0.24400 0.22200 0.23000 0.25900 0.26800 0.23700 0.26700 0.25100 0.22800 0.22300 0.24200 0.23500 0.24100
  4   | 0.28600 0.30100 0.30600 0.28700 0.30700 0.31000 0.31500 0.30100 0.32600 0.31700 0.29600 0.28500 0.30100 0.28900 0.34200
  5   | 0.37400 0.32900 0.35200 0.33900 0.35700 0.36200 0.36000 0.36100 0.39800 0.36600 0.36100 0.34200 0.35300 0.35000 0.39000
  6   | 0.38600 0.42300 0.38000 0.37300 0.40900 0.40200 0.41600 0.41300 0.44800 0.44400 0.40200 0.40000 0.39600 0.39000 0.44600
  7   | 0.41100 0.44500 0.42900 0.41400 0.43200 0.42400 0.45400 0.46600 0.49100 0.46200 0.44500 0.42600 0.42300 0.42600 0.45900
  8   | 0.42900 0.43200 0.47400 0.40900 0.50200 0.46200 0.46500 0.47000 0.50800 0.50100 0.47800 0.46600 0.44000 0.44700 0.49900
  9   | 0.49206 0.52662 0.49035 0.48540 0.55641 0.52881 0.52412 0.55547 0.57148 0.57955 0.52713 0.52918 0.49372 0.50960 0.55732
------+------------------------------------------------------------------------------------------------------------------------
                                               
 
 
        Weights at age in the stock (Kg)
        --------------------------------
------+--------
AGE   |    2002
------+--------
  0   | 0.00000
  1   | 0.07800
  2   | 0.18100
  3   | 0.23900
  4   | 0.31100
  5   | 0.36400
  6   | 0.41100
  7   | 0.43600
  8   | 0.46200
  9   | 0.51440
------+--------
                                               
 
 
 
        Natural Mortality (per year)
        ----------------------------
------+------------------------------------------------------------------------------------------------------------------------
AGE   |    1972    1973    1974    1975    1976    1977    1978    1979    1980    1981    1982    1983    1984    1985    1986
------+------------------------------------------------------------------------------------------------------------------------
  0   | 0.15000 0.15000 0.15000 0.15000 0.15000 0.15000 0.15000 0.15000 0.15000 0.15000 0.15000 0.15000 0.15000 0.15000 0.15000
  1   | 0.15000 0.15000 0.15000 0.15000 0.15000 0.15000 0.15000 0.15000 0.15000 0.15000 0.15000 0.15000 0.15000 0.15000 0.15000
  2   | 0.15000 0.15000 0.15000 0.15000 0.15000 0.15000 0.15000 0.15000 0.15000 0.15000 0.15000 0.15000 0.15000 0.15000 0.15000
  3   | 0.15000 0.15000 0.15000 0.15000 0.15000 0.15000 0.15000 0.15000 0.15000 0.15000 0.15000 0.15000 0.15000 0.15000 0.15000
  4   | 0.15000 0.15000 0.15000 0.15000 0.15000 0.15000 0.15000 0.15000 0.15000 0.15000 0.15000 0.15000 0.15000 0.15000 0.15000
  5   | 0.15000 0.15000 0.15000 0.15000 0.15000 0.15000 0.15000 0.15000 0.15000 0.15000 0.15000 0.15000 0.15000 0.15000 0.15000
  6   | 0.15000 0.15000 0.15000 0.15000 0.15000 0.15000 0.15000 0.15000 0.15000 0.15000 0.15000 0.15000 0.15000 0.15000 0.15000
  7   | 0.15000 0.15000 0.15000 0.15000 0.15000 0.15000 0.15000 0.15000 0.15000 0.15000 0.15000 0.15000 0.15000 0.15000 0.15000
  8   | 0.15000 0.15000 0.15000 0.15000 0.15000 0.15000 0.15000 0.15000 0.15000 0.15000 0.15000 0.15000 0.15000 0.15000 0.15000
  9   | 0.15000 0.15000 0.15000 0.15000 0.15000 0.15000 0.15000 0.15000 0.15000 0.15000 0.15000 0.15000 0.15000 0.15000 0.15000
------+------------------------------------------------------------------------------------------------------------------------
                                               
 
 
        Natural Mortality (per year)
        ----------------------------
------+------------------------------------------------------------------------------------------------------------------------
AGE   |    1987    1988    1989    1990    1991    1992    1993    1994    1995    1996    1997    1998    1999    2000    2001
------+------------------------------------------------------------------------------------------------------------------------
  0   | 0.15000 0.15000 0.15000 0.15000 0.15000 0.15000 0.15000 0.15000 0.15000 0.15000 0.15000 0.15000 0.15000 0.15000 0.15000
  1   | 0.15000 0.15000 0.15000 0.15000 0.15000 0.15000 0.15000 0.15000 0.15000 0.15000 0.15000 0.15000 0.15000 0.15000 0.15000
  2   | 0.15000 0.15000 0.15000 0.15000 0.15000 0.15000 0.15000 0.15000 0.15000 0.15000 0.15000 0.15000 0.15000 0.15000 0.15000
  3   | 0.15000 0.15000 0.15000 0.15000 0.15000 0.15000 0.15000 0.15000 0.15000 0.15000 0.15000 0.15000 0.15000 0.15000 0.15000
  4   | 0.15000 0.15000 0.15000 0.15000 0.15000 0.15000 0.15000 0.15000 0.15000 0.15000 0.15000 0.15000 0.15000 0.15000 0.15000
  5   | 0.15000 0.15000 0.15000 0.15000 0.15000 0.15000 0.15000 0.15000 0.15000 0.15000 0.15000 0.15000 0.15000 0.15000 0.15000
  6   | 0.15000 0.15000 0.15000 0.15000 0.15000 0.15000 0.15000 0.15000 0.15000 0.15000 0.15000 0.15000 0.15000 0.15000 0.15000
  7   | 0.15000 0.15000 0.15000 0.15000 0.15000 0.15000 0.15000 0.15000 0.15000 0.15000 0.15000 0.15000 0.15000 0.15000 0.15000
  8   | 0.15000 0.15000 0.15000 0.15000 0.15000 0.15000 0.15000 0.15000 0.15000 0.15000 0.15000 0.15000 0.15000 0.15000 0.15000
  9   | 0.15000 0.15000 0.15000 0.15000 0.15000 0.15000 0.15000 0.15000 0.15000 0.15000 0.15000 0.15000 0.15000 0.15000 0.15000
------+------------------------------------------------------------------------------------------------------------------------
                                               
 
 
        Natural Mortality (per year)
        ----------------------------
------+--------
AGE   |    2002
------+--------
  0   | 0.15000
  1   | 0.15000
  2   | 0.15000
  3   | 0.15000
  4   | 0.15000
  5   | 0.15000
  6   | 0.15000
  7   | 0.15000
  8   | 0.15000
  9   | 0.15000
------+--------
                                               
 
 
 
        Proportion of fish spawning
        ---------------------------
------+------------------------------------------------------------------------------------------------------------------------
AGE   |    1972    1973    1974    1975    1976    1977    1978    1979    1980    1981    1982    1983    1984    1985    1986
------+------------------------------------------------------------------------------------------------------------------------
  0   |  0.0000  0.0000  0.0000  0.0000  0.0000  0.0000  0.0000  0.0000  0.0000  0.0000  0.0000  0.0000  0.0000  0.0000  0.0000
  1   |  0.0500  0.0500  0.0500  0.0600  0.0600  0.0600  0.0600  0.0600  0.0600  0.0700  0.0700  0.0700  0.0700  0.0700  0.0700
  2   |  0.5300  0.5400  0.5400  0.5500  0.5500  0.5500  0.5600  0.5600  0.5700  0.5700  0.5700  0.5800  0.5800  0.5800  0.5800
  3   |  0.9000  0.9000  0.9000  0.8900  0.8900  0.8900  0.8900  0.8900  0.8900  0.8800  0.8800  0.8800  0.8800  0.8800  0.8800
  4   |  0.9800  0.9800  0.9800  0.9800  0.9800  0.9800  0.9800  0.9800  0.9800  0.9800  0.9800  0.9800  0.9700  0.9700  0.9700
  5   |  0.9800  0.9800  0.9800  0.9800  0.9800  0.9800  0.9800  0.9800  0.9800  0.9800  0.9800  0.9800  0.9700  0.9700  0.9700
  6   |  0.9900  0.9900  0.9900  0.9900  0.9900  0.9900  0.9900  0.9900  0.9900  0.9900  0.9900  0.9900  0.9900  0.9900  0.9900
  7   |  1.0000  1.0000  1.0000  1.0000  1.0000  1.0000  1.0000  1.0000  1.0000  1.0000  1.0000  1.0000  1.0000  1.0000  1.0000
  8   |  1.0000  1.0000  1.0000  1.0000  1.0000  1.0000  1.0000  1.0000  1.0000  1.0000  1.0000  1.0000  1.0000  1.0000  1.0000
  9   |  1.0000  1.0000  1.0000  1.0000  1.0000  1.0000  1.0000  1.0000  1.0000  1.0000  1.0000  1.0000  1.0000  1.0000  1.0000
------+------------------------------------------------------------------------------------------------------------------------
                                               
 
 
        Proportion of fish spawning
        ---------------------------
------+------------------------------------------------------------------------------------------------------------------------
AGE   |    1987    1988    1989    1990    1991    1992    1993    1994    1995    1996    1997    1998    1999    2000    2001
------+------------------------------------------------------------------------------------------------------------------------
  0   |  0.0000  0.0000  0.0000  0.0000  0.0000  0.0000  0.0000  0.0000  0.0000  0.0000  0.0000  0.0000  0.0000  0.0000  0.0000
  1   |  0.0700  0.0700  0.0700  0.0700  0.0700  0.0700  0.0700  0.0700  0.0700  0.0700  0.0700  0.0700  0.0700  0.0700  0.0700
  2   |  0.5800  0.5800  0.5800  0.5800  0.5800  0.5800  0.5800  0.5800  0.5800  0.5800  0.5800  0.5800  0.5800  0.5800  0.5900
  3   |  0.8800  0.8800  0.8800  0.8800  0.8800  0.8800  0.8800  0.8800  0.8800  0.8800  0.8800  0.8600  0.8600  0.8600  0.8800
  4   |  0.9700  0.9700  0.9700  0.9700  0.9700  0.9700  0.9700  0.9700  0.9700  0.9700  0.9700  0.9800  0.9800  0.9800  0.9700
  5   |  0.9700  0.9700  0.9700  0.9700  0.9700  0.9700  0.9700  0.9700  0.9700  0.9700  0.9700  0.9800  0.9800  0.9800  0.9700
  6   |  0.9900  0.9900  0.9900  0.9900  0.9900  0.9900  0.9900  0.9900  0.9900  0.9900  0.9900  0.9900  0.9900  0.9900  0.9900
  7   |  1.0000  1.0000  1.0000  1.0000  1.0000  1.0000  1.0000  1.0000  1.0000  1.0000  1.0000  1.0000  1.0000  1.0000  1.0000
  8   |  1.0000  1.0000  1.0000  1.0000  1.0000  1.0000  1.0000  1.0000  1.0000  1.0000  1.0000  1.0000  1.0000  1.0000  1.0000
  9   |  1.0000  1.0000  1.0000  1.0000  1.0000  1.0000  1.0000  1.0000  1.0000  1.0000  1.0000  1.0000  1.0000  1.0000  1.0000
------+------------------------------------------------------------------------------------------------------------------------
                                               
 
 
        Proportion of fish spawning
        ---------------------------
------+--------
AGE   |    2002
------+--------
  0   |  0.0000
  1   |  0.0700
  2   |  0.5900
  3   |  0.8800
  4   |  0.9700
  5   |  0.9700
  6   |  0.9900
  7   |  1.0000
  8   |  1.0000
  9   |  1.0000
------+--------
                                               
 
 
 
 INDICES OF SPAWNING BIOMASS                                                    
  
 ----------------------------
 
          INDEX
        -------
------+------------------------------------------------------------------------------------------------------------------------
      |    1972    1973    1974    1975    1976    1977    1978    1979    1980    1981    1982    1983    1984    1985    1986
------+------------------------------------------------------------------------------------------------------------------------
  1   | ******* ******* ******* ******* ******* ******* ******* ******* ******* ******* ******* ******* ******* ******* *******
------+------------------------------------------------------------------------------------------------------------------------
       x 10 ^ 3                                
 
 
          INDEX
        -------
------+------------------------------------------------------------------------------------------------------------------------
      |    1987    1988    1989    1990    1991    1992    1993    1994    1995    1996    1997    1998    1999    2000    2001
------+------------------------------------------------------------------------------------------------------------------------
  1   | *******  226.11  226.13  236.36  296.15  319.75  312.30  304.62  339.17  343.83  331.90  296.19  276.10  259.35  260.45
------+------------------------------------------------------------------------------------------------------------------------
       x 10 ^ 3                                
 
 
          INDEX
        -------
------+--------
      |    2002
------+--------
  1   |  219.72
------+--------
       x 10 ^ 3                                
 
 
 
 AGE-STRUCTURED INDICES                                                         
  
 -----------------------
 
        FLT01: Dummy survey
        -------------------
------+--------------------------------
AGE   |    1981    1982    1983    1984
------+--------------------------------
  1   |  266.10  203.00   43.60   15.24
  2   |  506.40  435.90  712.70   79.51
  3   |  225.10  483.60  444.60  661.83
  4   |   31.70  184.10  391.60  374.60
  5   |  174.80   24.70  130.40  238.20
  6   |  158.50  136.60   20.20   92.00
  7   |   99.50  108.60   91.30   15.54
  8   |  116.60   84.50   70.90   51.47
  9   |   35.30   87.00   47.10   39.27
------+--------------------------------
       x 10 ^ 3                                
 
 
 
        Fishing Mortality (per year)
        ----------------------------
------+------------------------------------------------------------------------------------------------------------------------
AGE   |    1972    1973    1974    1975    1976    1977    1978    1979    1980    1981    1982    1983    1984    1985    1986
------+------------------------------------------------------------------------------------------------------------------------
  0   | 0.00605 0.00683 0.00699 0.00857 0.00555 0.00718 0.01006 0.00703 0.00971 0.00953 0.00824 0.00566 0.00855 0.00878 0.00575
  1   | 0.02288 0.02586 0.02645 0.03243 0.02102 0.02718 0.03805 0.02659 0.03675 0.03605 0.03119 0.02141 0.03236 0.03321 0.02177
  2   | 0.05065 0.05723 0.05853 0.07177 0.04653 0.06017 0.08423 0.05885 0.08134 0.07979 0.06903 0.04738 0.07162 0.07351 0.04818
  3   | 0.09993 0.11291 0.11548 0.14160 0.09180 0.11870 0.16617 0.11610 0.16047 0.15741 0.13618 0.09348 0.14130 0.14502 0.09506
  4   | 0.15277 0.17262 0.17655 0.21647 0.14034 0.18147 0.25404 0.17749 0.24532 0.24065 0.20819 0.14290 0.21601 0.22170 0.14532
  5   | 0.17376 0.19634 0.20080 0.24622 0.15963 0.20640 0.28895 0.20188 0.27902 0.27371 0.23680 0.16254 0.24569 0.25216 0.16529
  6   | 0.19650 0.22204 0.22709 0.27845 0.18052 0.23342 0.32677 0.22830 0.31555 0.30954 0.26779 0.18381 0.27785 0.28517 0.18693
  7   | 0.22512 0.25437 0.26016 0.31900 0.20681 0.26741 0.37436 0.26155 0.36150 0.35462 0.30679 0.21058 0.31831 0.32670 0.21415
  8   | 0.20851 0.23560 0.24096 0.29546 0.19155 0.24768 0.34674 0.24225 0.33483 0.32846 0.28416 0.19505 0.29483 0.30259 0.19835
  9   | 0.20851 0.23560 0.24096 0.29546 0.19155 0.24768 0.34674 0.24225 0.33483 0.32846 0.28416 0.19505 0.29483 0.30259 0.19835
------+------------------------------------------------------------------------------------------------------------------------
                                               
 
 
        Fishing Mortality (per year)
        ----------------------------
------+------------------------------------------------------------------------------------------------------------------------
AGE   |    1987    1988    1989    1990    1991    1992    1993    1994    1995    1996    1997    1998    1999    2000    2001
------+------------------------------------------------------------------------------------------------------------------------
  0   | 0.00729 0.00830 0.00869 0.00531 0.00687 0.00758 0.00717 0.00778 0.00829 0.00545 0.00882 0.00984 0.00996 0.00524 0.00869
  1   | 0.02760 0.03139 0.03289 0.02009 0.02598 0.02868 0.02715 0.02943 0.03137 0.02063 0.03338 0.03725 0.03768 0.01983 0.03287
  2   | 0.06108 0.06949 0.07279 0.04446 0.05751 0.06347 0.06010 0.06514 0.06944 0.04567 0.07389 0.08244 0.08341 0.04388 0.07275
  3   | 0.12051 0.13709 0.14360 0.08771 0.11346 0.12523 0.11856 0.12852 0.13701 0.09010 0.14577 0.16264 0.16455 0.08658 0.14353
  4   | 0.18423 0.20958 0.21954 0.13409 0.17345 0.19145 0.18126 0.19648 0.20945 0.13774 0.22285 0.24865 0.25156 0.13236 0.21943
  5   | 0.20955 0.23837 0.24970 0.15251 0.19728 0.21775 0.20616 0.22348 0.23823 0.15667 0.25347 0.28281 0.28613 0.15055 0.24958
  6   | 0.23698 0.26958 0.28239 0.17248 0.22310 0.24626 0.23315 0.25273 0.26941 0.17718 0.28665 0.31983 0.32358 0.17025 0.28225
  7   | 0.27149 0.30884 0.32351 0.19759 0.25560 0.28212 0.26711 0.28954 0.30865 0.20298 0.32840 0.36641 0.37071 0.19505 0.32335
  8   | 0.25146 0.28605 0.29964 0.18301 0.23674 0.26130 0.24740 0.26817 0.28588 0.18800 0.30416 0.33937 0.34335 0.18066 0.29949
  9   | 0.25146 0.28605 0.29964 0.18301 0.23674 0.26130 0.24740 0.26817 0.28588 0.18800 0.30416 0.33937 0.34335 0.18066 0.29949
------+------------------------------------------------------------------------------------------------------------------------
                                               
 
 
        Fishing Mortality (per year)
        ----------------------------
------+--------
AGE   |    2002
------+--------
  0   | 0.00905
  1   | 0.03424
  2   | 0.07578
  3   | 0.14951
  4   | 0.22857
  5   | 0.25997
  6   | 0.29400
  7   | 0.33682
  8   | 0.31197
  9   | 0.31197
------+--------
                                               
 
 
 
        Population Abundance (1 January)
        --------------------------------
------+------------------------------------------------------------------------------------------------------------------------
AGE   |    1972    1973    1974    1975    1976    1977    1978    1979    1980    1981    1982    1983    1984    1985    1986
------+------------------------------------------------------------------------------------------------------------------------
  0   |  591.64  591.64  345.84  542.45  528.90  542.45  577.12  374.98  420.79  438.51  558.82  202.57  498.74  105.69  413.21
  1   |  504.29  506.16  505.76  295.59  462.91  452.71  463.55  491.76  320.49  358.67  373.85  477.04  173.37  425.61   90.17
  2   |  277.63  424.23  424.54  423.95  246.30  390.14  379.20  384.08  412.16  265.90  297.78  311.90  401.89  144.47  354.36
  3   |  114.13  227.16  344.83  344.63  339.63  202.35  316.19  300.02  311.69  327.04  211.31  239.21  256.03  322.01  115.53
  4   |  146.16   88.89  174.64  264.43  257.46  266.68  154.67  230.48  229.92  228.50  240.48  158.72  187.52  191.33  239.74
  5   |  118.01  107.98   64.38  125.99  183.29  192.58  191.44  103.26  166.11  154.84  154.61  168.08  118.42  130.04  131.93
  6   |   43.08   85.37   76.37   45.33   84.77  134.49  134.84  123.43   72.63  108.16  101.36  105.01  122.97   79.72   86.98
  7   |   41.91   30.46   58.85   52.38   29.53   60.91   91.66   83.71   84.55   45.60   68.31   66.75   75.21   80.16   51.59
  8   |   59.59   28.80   20.33   39.05   32.77   20.67   40.13   54.25   55.47   50.70   27.53   43.26   46.54   47.09   49.77
  9   |   58.72   77.31   64.01   52.72   54.57   53.35   45.68   49.66   65.29   70.40   72.87   60.96   67.39   66.80   66.55
------+------------------------------------------------------------------------------------------------------------------------
       x 10 ^ 6                                
 
 
        Population Abundance (1 January)
        --------------------------------
------+------------------------------------------------------------------------------------------------------------------------
AGE   |    1987    1988    1989    1990    1991    1992    1993    1994    1995    1996    1997    1998    1999    2000    2001
------+------------------------------------------------------------------------------------------------------------------------
  0   |  511.73  759.90  558.82  333.68  392.36  577.12  752.85  518.38  361.17  481.40  345.84  420.79  105.69  374.98  169.05
  1   |  353.62  437.25  648.65  476.82  285.68  335.40  492.98  643.35  442.71  308.29  412.09  295.05  358.63   90.07  321.06
  2   |   75.94  296.08  364.72  540.24  402.24  239.58  280.52  412.95  537.68  369.28  259.93  343.05  244.67  297.26   76.00
  3   |  290.65   61.49  237.73  291.88  444.77  326.87  193.53  227.36  333.01  431.74  303.65  207.79  271.90  193.74  244.87
  4   |   90.42  221.77   46.15  177.24  230.13  341.75  248.22  147.95  172.09  249.93  339.58  225.90  152.00  198.52  152.92
  5   |  178.44   64.73  154.79   31.89  133.41  166.53  242.90  178.23  104.62  120.13  187.43  233.89  151.63  101.73  149.68
  6   |   96.26  124.55   43.90  103.79   23.56   94.27  115.29  170.12  122.68   70.96   88.40  125.21  151.72   98.04   75.32
  7   |   62.10   65.37   81.87   28.49   75.18   16.23   63.43   78.59  113.72   80.65   51.16   57.13   78.27   94.49   71.17
  8   |   35.85   40.74   41.31   50.99   20.12   50.11   10.53   41.80   50.64   71.89   56.67   31.71   34.08   46.50   66.92
  9   |   78.47   70.62   66.21   62.75   74.57   59.51   67.23   46.55   50.87   63.06   89.46   91.43   70.54   58.33   66.56
------+------------------------------------------------------------------------------------------------------------------------
       x 10 ^ 6                                
 
 
        Population Abundance (1 January)
        --------------------------------
------+----------------
AGE   |    2002    2003
------+----------------
  0   |  558.82  297.60
  1   |  144.24  476.65
  2   |  267.41  119.97
  3   |   60.82  213.36
  4   |  182.58   45.08
  5   |  105.69  125.04
  6   |  100.38   70.14
  7   |   48.89   64.39
  8   |   44.33   30.05
  9   |   78.98   77.69
------+----------------
       x 10 ^ 6                                
 
 
 
        Weighting factors for the catches in number
        -------------------------------------------
------+----------------------------------------------------------------------------------------
AGE   |    1992    1993    1994    1995    1996    1997    1998    1999    2000    2001    2002
------+----------------------------------------------------------------------------------------
  0   |  0.0200  0.0200  0.0200  0.0200  0.0200  0.0200  0.0200  0.0200  0.0200  0.0200  0.0200
  1   |  1.0000  1.0000  1.0000  1.0000  1.0000  1.0000  1.0000  1.0000  1.0000  1.0000  1.0000
  2   |  1.0000  1.0000  1.0000  1.0000  1.0000  1.0000  1.0000  1.0000  1.0000  1.0000  1.0000
  3   |  1.0000  1.0000  1.0000  1.0000  1.0000  1.0000  1.0000  1.0000  1.0000  1.0000  1.0000
  4   |  1.0000  1.0000  1.0000  1.0000  1.0000  1.0000  1.0000  1.0000  1.0000  1.0000  1.0000
  5   |  1.0000  1.0000  1.0000  1.0000  1.0000  1.0000  1.0000  1.0000  1.0000  1.0000  1.0000
  6   |  1.0000  1.0000  1.0000  1.0000  1.0000  1.0000  1.0000  1.0000  1.0000  1.0000  1.0000
  7   |  1.0000  1.0000  1.0000  1.0000  1.0000  1.0000  1.0000  1.0000  1.0000  1.0000  1.0000
  8   |  1.0000  1.0000  1.0000  1.0000  1.0000  1.0000  1.0000  1.0000  1.0000  1.0000  1.0000
------+----------------------------------------------------------------------------------------
                                               
 
 
 
 Predicted SSB Index Values                                                     
  
 ---------------------------
 
          INDEX
        -------
------+------------------------------------------------------------------------------------------------------------------------
      |    1972    1973    1974    1975    1976    1977    1978    1979    1980    1981    1982    1983    1984    1985    1986
------+------------------------------------------------------------------------------------------------------------------------
  1   | ******* ******* ******* ******* ******* ******* ******* ******* ******* ******* ******* ******* ******* ******* *******
------+------------------------------------------------------------------------------------------------------------------------
       x 10 ^ 3                                
 
 
          INDEX
        -------
------+------------------------------------------------------------------------------------------------------------------------
      |    1987    1988    1989    1990    1991    1992    1993    1994    1995    1996    1997    1998    1999    2000    2001
------+------------------------------------------------------------------------------------------------------------------------
  1   | *******  226.11  226.13  236.36  296.15  319.75  312.30  304.62  339.17  343.83  331.90  296.19  276.10  259.35  260.45
------+------------------------------------------------------------------------------------------------------------------------
       x 10 ^ 3                                
 
 
          INDEX
        -------
------+--------
      |    2002
------+--------
  1   |  219.72
------+--------
       x 10 ^ 3                                
 
 
 
 Predicted Age-Structured Index Values                                          
  
 --------------------------------------
 
        FLT01: Dummy survey Predicted
        -----------------------------
------+--------------------------------
AGE   |    1981    1982    1983    1984
------+--------------------------------
  1   |   85.28   89.12  114.34   41.30
  2   |  279.75  315.15  334.04  424.73
  3   |  534.93  349.70  405.28  422.51
  4   |  190.27  203.85  139.46  158.27
  5   |  110.08  112.17  127.03   85.50
  6   |   76.84   73.68   79.94   88.89
  7   |   43.97   67.63   69.67   73.99
  8   |   93.13   51.82   85.53   87.10
  9   |   49.27   52.26   45.91   48.05
------+--------------------------------
       x 10 ^ 3                                
 
 
 
        Fitted Selection Pattern
        ------------------------
------+------------------------------------------------------------------------------------------------------------------------
AGE   |    1972    1973    1974    1975    1976    1977    1978    1979    1980    1981    1982    1983    1984    1985    1986
------+------------------------------------------------------------------------------------------------------------------------
  0   |  0.0348  0.0348  0.0348  0.0348  0.0348  0.0348  0.0348  0.0348  0.0348  0.0348  0.0348  0.0348  0.0348  0.0348  0.0348
  1   |  0.1317  0.1317  0.1317  0.1317  0.1317  0.1317  0.1317  0.1317  0.1317  0.1317  0.1317  0.1317  0.1317  0.1317  0.1317
  2   |  0.2915  0.2915  0.2915  0.2915  0.2915  0.2915  0.2915  0.2915  0.2915  0.2915  0.2915  0.2915  0.2915  0.2915  0.2915
  3   |  0.5751  0.5751  0.5751  0.5751  0.5751  0.5751  0.5751  0.5751  0.5751  0.5751  0.5751  0.5751  0.5751  0.5751  0.5751
  4   |  0.8792  0.8792  0.8792  0.8792  0.8792  0.8792  0.8792  0.8792  0.8792  0.8792  0.8792  0.8792  0.8792  0.8792  0.8792
  5   |  1.0000  1.0000  1.0000  1.0000  1.0000  1.0000  1.0000  1.0000  1.0000  1.0000  1.0000  1.0000  1.0000  1.0000  1.0000
  6   |  1.1309  1.1309  1.1309  1.1309  1.1309  1.1309  1.1309  1.1309  1.1309  1.1309  1.1309  1.1309  1.1309  1.1309  1.1309
  7   |  1.2956  1.2956  1.2956  1.2956  1.2956  1.2956  1.2956  1.2956  1.2956  1.2956  1.2956  1.2956  1.2956  1.2956  1.2956
  8   |  1.2000  1.2000  1.2000  1.2000  1.2000  1.2000  1.2000  1.2000  1.2000  1.2000  1.2000  1.2000  1.2000  1.2000  1.2000
  9   |  1.2000  1.2000  1.2000  1.2000  1.2000  1.2000  1.2000  1.2000  1.2000  1.2000  1.2000  1.2000  1.2000  1.2000  1.2000
------+------------------------------------------------------------------------------------------------------------------------
                                               
 
 
        Fitted Selection Pattern
        ------------------------
------+------------------------------------------------------------------------------------------------------------------------
AGE   |    1987    1988    1989    1990    1991    1992    1993    1994    1995    1996    1997    1998    1999    2000    2001
------+------------------------------------------------------------------------------------------------------------------------
  0   |  0.0348  0.0348  0.0348  0.0348  0.0348  0.0348  0.0348  0.0348  0.0348  0.0348  0.0348  0.0348  0.0348  0.0348  0.0348
  1   |  0.1317  0.1317  0.1317  0.1317  0.1317  0.1317  0.1317  0.1317  0.1317  0.1317  0.1317  0.1317  0.1317  0.1317  0.1317
  2   |  0.2915  0.2915  0.2915  0.2915  0.2915  0.2915  0.2915  0.2915  0.2915  0.2915  0.2915  0.2915  0.2915  0.2915  0.2915
  3   |  0.5751  0.5751  0.5751  0.5751  0.5751  0.5751  0.5751  0.5751  0.5751  0.5751  0.5751  0.5751  0.5751  0.5751  0.5751
  4   |  0.8792  0.8792  0.8792  0.8792  0.8792  0.8792  0.8792  0.8792  0.8792  0.8792  0.8792  0.8792  0.8792  0.8792  0.8792
  5   |  1.0000  1.0000  1.0000  1.0000  1.0000  1.0000  1.0000  1.0000  1.0000  1.0000  1.0000  1.0000  1.0000  1.0000  1.0000
  6   |  1.1309  1.1309  1.1309  1.1309  1.1309  1.1309  1.1309  1.1309  1.1309  1.1309  1.1309  1.1309  1.1309  1.1309  1.1309
  7   |  1.2956  1.2956  1.2956  1.2956  1.2956  1.2956  1.2956  1.2956  1.2956  1.2956  1.2956  1.2956  1.2956  1.2956  1.2956
  8   |  1.2000  1.2000  1.2000  1.2000  1.2000  1.2000  1.2000  1.2000  1.2000  1.2000  1.2000  1.2000  1.2000  1.2000  1.2000
  9   |  1.2000  1.2000  1.2000  1.2000  1.2000  1.2000  1.2000  1.2000  1.2000  1.2000  1.2000  1.2000  1.2000  1.2000  1.2000
------+------------------------------------------------------------------------------------------------------------------------
                                               
 
 
        Fitted Selection Pattern
        ------------------------
------+--------
AGE   |    2002
------+--------
  0   |  0.0348
  1   |  0.1317
  2   |  0.2915
  3   |  0.5751
  4   |  0.8792
  5   |  1.0000
  6   |  1.1309
  7   |  1.2956
  8   |  1.2000
  9   |  1.2000
------+--------
                                               
 
 
 
 
 
                    STOCK SUMMARY                                             
 
 
 ³ Year ³  Recruits  ³  Total  ³ Spawning³ Landings ³ Yield ³ Mean F ³ SoP ³    
 ³      ³   Age   0  ³ Biomass ³ Biomass ³          ³ /SSB  ³  Ages  ³     ³ 
 ³      ³  thousands ³  tonnes ³ tonnes  ³ tonnes   ³ ratio ³  4- 7  ³ (%) ³ 
 
   1972       591640    343688    218716     44135   0.2018   0.1870    99
   1973       591640    375684    233881     48196   0.2061   0.2113   100
   1974       345830    400166    256476     52313   0.2040   0.2162   100
   1975       542440    402319    275906     65310   0.2367   0.2650   100
   1976       528890    407711    282621     45257   0.1601   0.1718    99
   1977       542440    422961    285952     61809   0.2162   0.2222    99
   1978       577110    439969    294726     82307   0.2793   0.3110   100
   1979       374980    428265    293521     57368   0.1954   0.2173   100
   1980       420780    425108    296742     89202   0.3006   0.3003   100
   1981       438500    402625    287512     83486   0.2904   0.2946   100
   1982       558820    360935    259501     70433   0.2714   0.2549   100
   1983       202560    370786    265785     46789   0.1760   0.1750   100
   1984       498730    386048    284241     71385   0.2511   0.2645    99
   1985       105690    379181    275730     80189   0.2908   0.2714    99
   1986       413210    327914    254714     50627   0.1988   0.1779   100
   1987       511730    317843    239940     63323   0.2639   0.2256    99
   1988       759890    316853    226109     68679   0.3037   0.2566    99
   1989       558820    344313    226134     66773   0.2953   0.2688   100
   1990       333670    338132    236358     43966   0.1860   0.1642   100
   1991       392350    398055    296147     65331   0.2206   0.2124   100
   1992       577110    427233    319747     78457   0.2454   0.2344    99
   1993       752850    428102    312298     72415   0.2319   0.2219    99
   1994       518370    439467    304620     81946   0.2690   0.2406   100
   1995       361160    476290    339166     86896   0.2562   0.2564    99
   1996       481390    445433    343827     58090   0.1690   0.1686   100
   1997       345830    449628    331904     91551   0.2758   0.2728   100
   1998       420780    402118    296189     95290   0.3217   0.3044    99
   1999       105690    384606    276103     89496   0.3241   0.3080    99
   2000       374980    329159    259346     45446   0.1752   0.1621    99
   2001       169040    343942    260452     71752   0.2755   0.2687    99
   2002       558820    293118    219719     65998   0.3004   0.2798   100
 
 -----------------------------------------------------------------            
 No of years for separable analysis : 11                                      
 Age range in the analysis : 0  . . . 9                                       
 Year range in the analysis : 1972  . . . 2002                                
 Number of indices of SSB : 1                                                 
 Number of age-structured indices : 1                                         
                                                                              
 Parameters to estimate : 46                                                  
 Number of observations : 150                                                 
                                                                              
 Conventional single selection vector model to be fitted.                     
                                                                              
                                                                              
                                                                              
 -----------------------------------------------------------------            
 
 
 PARAMETER ESTIMATES                                                            
  
 
 ³Parm.³      ³ Maximum ³    ³        ³         ³         ³         ³ Mean of ³ 
  
 ³ No. ³      ³ Likelh. ³ CV ³  Lower ³ Upper   ³  -s.e.  ³   +s.e. ³ Param.  ³ 
  
 ³     ³      ³ Estimate³ (%)³ 95% CL ³ 95% CL  ³         ³         ³ Distrib.³ 
  
 Separable model : F by year                                                    
  
    1   1992     0.2178   0    0.2143    0.2212    0.2160    0.2195    0.2178
    2   1993     0.2062   0    0.2030    0.2094    0.2046    0.2078    0.2062
    3   1994     0.2235   0    0.2201    0.2269    0.2218    0.2252    0.2235
    4   1995     0.2382   0    0.2347    0.2418    0.2364    0.2401    0.2382
    5   1996     0.1567   0    0.1544    0.1590    0.1555    0.1578    0.1567
    6   1997     0.2535   0    0.2498    0.2572    0.2516    0.2553    0.2535
    7   1998     0.2828   0    0.2788    0.2869    0.2808    0.2849    0.2828
    8   1999     0.2861   0    0.2821    0.2902    0.2841    0.2882    0.2861
    9   2000     0.1505   0    0.1484    0.1527    0.1495    0.1516    0.1505
   10   2001     0.2496   0    0.2460    0.2532    0.2477    0.2514    0.2496
   11   2002     0.2600   0    0.2558    0.2642    0.2578    0.2621    0.2600
 
 Separable Model: Selection (S) by age                                          
  
   12      0     0.0348   3    0.0324    0.0374    0.0335    0.0361    0.0348
   13      1     0.1317   0    0.1297    0.1337    0.1307    0.1327    0.1317
   14      2     0.2915   0    0.2873    0.2957    0.2894    0.2937    0.2915
   15      3     0.5751   0    0.5673    0.5830    0.5711    0.5791    0.5751
   16      4     0.8792   0    0.8679    0.8906    0.8734    0.8850    0.8792
           5     1.0000     Fixed : Reference Age             
   17      6     1.1309   0    1.1175    1.1445    1.1240    1.1378    1.1309
   18      7     1.2956   0    1.2804    1.3110    1.2878    1.3034    1.2956
           8     1.2000     Fixed : Last true age             
 
 Separable model: Populations in year 2002                                    
   19      0     558822  12     441157    707870    495319    630465    562902
   20      1     144239   1     138870    149817    141474    147059    144266
   21      2     267405   1     260565    274425    263893    270964    267429
   22      3      60822   1      59498     62176     60143     61509     60826
   23      4     182577   0     179490    185718    180996    184173    182584
   24      5     105686   0     104034    107363    104840    106538    105689
   25      6     100375   0      98981    101789     99662    101094    100378
   26      7      48886   0      48186     49597     48528     49248     48888
   27      8      44332   0      43703     44969     44010     44656     44333
 
Separable model: Populations at age
   28   1992      50111   1      48434     51846     49249     50989     50119
   29   1993      10532   1      10260     10811     10392     10673     10533
   30   1994      41794   1      40903     42704     41337     42256     41797
   31   1995      50638   0      49672     51624     50143     51139     50641
   32   1996      71886   0      70706     73085     71281     72495     71888
   33   1997      56666   0      55802     57543     56223     57112     56667
   34   1998      31706   0      31219     32202     31457     31958     31707
   35   1999      34083   0      33578     34595     33824     34343     34084
   36   2000      46497   0      45820     47184     46150     46847     46498
   37   2001      66914   0      66033     67807     66463     67368     66915
 
 SSB Index catchabilities                                                       
  
   INDEX                                 
 Absolute estimator. No fitted catchability.                                    
  
 
 
 
 Age-structured index catchabilities                                            
  
                                        FLT01: Dummy survey                     
 
 Linear model fitted. Slopes at age :                                           
  
   38   1  Q  .2634      24 .2085     .5410     .2634     .4283     .3460    
   39   2  Q  1.194      24 .9453     2.452     1.194     1.942     1.568    
   40   3  Q  1.937      24 1.534     3.978     1.937     3.150     2.544    
   41   4  Q  1.032      24 .8173     2.120     1.032     1.679     1.356    
   42   5  Q  .8975      24 .7107     1.843     .8975     1.460     1.179    
   43   6  Q  .9147      24 .7243     1.879     .9147     1.488     1.201    
   44   7  Q  1.273      24 1.008     2.614     1.273     2.070     1.672    
   45   8  Q  2.390      24 1.893     4.909     2.390     3.887     3.140    
   46   9  Q  .9106      24 .7210     1.870     .9106     1.481     1.196    
 
 
 
 RESIDUALS ABOUT THE MODEL FIT                                                  
  
 ------------------------------
 
        Separable Model Residuals
        -------------------------
------+----------------------------------------------------------------------------------------
Age   |    1992    1993    1994    1995    1996    1997    1998    1999    2000    2001    2002
------+----------------------------------------------------------------------------------------
  0   | ******* ******* ******* ******* ******* ******* ******* ******* ******* ******* *******
  1   | ******* ******* ******* ******* ******* ******* ******* ******* ******* ******* *******
  2   | ******* ******* ******* ******* ******* ******* ******* ******* ******* ******* *******
  3   | ******* ******* ******* ******* ******* ******* ******* ******* ******* ******* *******
  4   | ******* ******* ******* ******* ******* ******* ******* ******* ******* ******* *******
  5   | ******* ******* ******* ******* ******* ******* ******* ******* ******* ******* *******
  6   | ******* ******* ******* ******* ******* ******* ******* ******* ******* ******* *******
  7   | ******* ******* ******* ******* ******* ******* ******* ******* ******* ******* *******
  8   | ******* ******* ******* ******* ******* ******* ******* ******* ******* ******* *******
------+----------------------------------------------------------------------------------------
                                               
 
 
 
 SPAWNING BIOMASS INDEX RESIDUALS                                               
  
 ---------------------------------
 
          INDEX
        -------
------+------------------------------------------------------------------------------------------------------------------------
      |    1972    1973    1974    1975    1976    1977    1978    1979    1980    1981    1982    1983    1984    1985    1986
------+------------------------------------------------------------------------------------------------------------------------
  1   | ******* ******* ******* ******* ******* ******* ******* ******* ******* ******* ******* ******* ******* ******* *******
------+------------------------------------------------------------------------------------------------------------------------
                                               
 
 
          INDEX
        -------
------+------------------------------------------------------------------------------------------------------------------------
      |    1987    1988    1989    1990    1991    1992    1993    1994    1995    1996    1997    1998    1999    2000    2001
------+------------------------------------------------------------------------------------------------------------------------
  1   | ******* ******* ******* ******* ******* ******* ******* ******* ******* ******* ******* ******* ******* ******* *******
------+------------------------------------------------------------------------------------------------------------------------
                                               
 
 
          INDEX
        -------
------+--------
      |    2002
------+--------
  1   | *******
------+--------
                                               
 
 
 
 AGE-STRUCTURED INDEX RESIDUALS                                                 
  
 -------------------------------
 
        FLT01: Dummy survey
        -------------------
------+--------------------------------
Age   |    1981    1982    1983    1984
------+--------------------------------
  1   |   1.138   0.823  -0.964  -0.997
  2   |   0.593   0.324   0.758  -1.676
  3   |  -0.866   0.324   0.093   0.449
  4   |  -1.792  -0.102   1.032   0.862
  5   |   0.462  -1.513   0.026   1.025
  6   |   0.724   0.617  -1.376   0.034
  7   |   0.817   0.474   0.270  -1.561
  8   |   0.225   0.489  -0.188  -0.526
  9   |  -0.333   0.510   0.026  -0.202
------+--------------------------------
                                               
 
 
 
 
 
 
 PARAMETERS OF THE DISTRIBUTION OF ln(CATCHES AT AGE)                           
  
 -----------------------------------------------------
 
 Separable model fitted from 1992  to 2002                                    
 Variance                             0.0000
Skewness test stat.                  -0.2737
Kurtosis test statistic              -0.5251
Partial chi-square                    0.0000
Significance in fit                   0.0000
Degrees of freedom                        62
 
 
 PARAMETERS OF DISTRIBUTIONS OF THE SSB INDICES                                 
  
 -----------------------------------------------
 
 
   DISTRIBUTION STATISTICS FOR   INDEX                                          
 
 
 Index used as absolute measure of abundance                                    
  
 Last age is a plus-group                                                       
  
 
 Variance                             0.0000
Skewness test stat.                  -0.7125
Kurtosis test statistic              -0.9107
Partial chi-square                    0.0000
Significance in fit                   0.0000
Number of observations                    15
Degrees of freedom                        15
Weight in the analysis                5.0000
 
 PARAMETERS OF THE DISTRIBUTION OF THE AGE-STRUCTURED INDICES                   
  
 ------------------------------------------------------------ 
 
 
   DISTRIBUTION STATISTICS FOR FLT01: Dummy survey                              
 
 
 Linear catchability relationship assumed                                       
  
 
 Age                          1         2         3         4         5         6         7         8         9
 Variance                0.0014    0.0014    0.0004    0.0019    0.0013    0.0010    0.0013    0.0002    0.0002
Skewness test stat.      0.0306   -0.8740   -0.7782   -0.5814   -0.5582   -0.6935   -0.8154   -0.0837    0.5374
Kurtosis test statisti  -0.7957   -0.2999   -0.3410   -0.4502   -0.3985   -0.3906   -0.3160   -0.6040   -0.4418
Partial chi-square       0.0004    0.0003    0.0001    0.0005    0.0003    0.0003    0.0003    0.0001    0.0000
Significance in fit      0.0000    0.0000    0.0000    0.0000    0.0000    0.0000    0.0000    0.0000    0.0000
Number of observations        4         4         4         4         4         4         4         4         4
Degrees of freedom            3         3         3         3         3         3         3         3         3
Weight in the analysis   0.0011    0.0011    0.0011    0.0011    0.0011    0.0011    0.0011    0.0011    0.0011
 
 ANALYSIS OF VARIANCE                   
--------------------------
 
 Unweighted Statistics                                                          
  
 
                                                                                
  
Variance                              
                                       SSQ     Data    Parameters d.f. Variance
Total for model                        24.5963     150         46  104   0.2365
Catches at age                          0.0000      99         37   62   0.0000
  
SSB Indices                           
  INDEX                                 0.0000      15          0   15   0.0000
  
 Aged Indices                                                                   
  
FLT01: Dummy survey                    24.5963      36          9   27   0.9110
 
 
 Weighted Statistics                                                            
  
 
                                                                                
  
Variance                              
                                       SSQ     Data    Parameters d.f. Variance
Total for model                         0.0000     150         46  104   0.0000
Catches at age                          0.0000      99         37   62   0.0000
  
SSB Indices                           
  INDEX                                 0.0000      15          0   15   0.0000
  
 Aged Indices                                                                   
  
FLT01: Dummy survey                     0.0000      36          9   27   0.0000
 
