 ICA v1_3 TUNING DIAGNOSTICS FILE
   1       1
 F         SSQ
  0.05  25.75597326      22.96642992      2.789543335    
  0.10  12.63758451      9.868400937      2.769183570    
  0.15  7.537736290      4.778758871      2.758977419    
  0.20  5.178962939      2.426181221      2.752781718    
  0.25  4.032232529      1.283572723      2.748659806    
  0.30  3.488732839     0.7429618548      2.745770984    
  0.35  3.267987840     0.5243073288      2.743680511    
  0.40  3.228542504     0.4864078312      2.742134673    
  0.45  3.294316829     0.5533423176      2.740974511    
  0.50  3.422370023     0.6822749637      2.740095060    
  0.55  3.587513997     0.8480896246      2.739424373    
  0.60  3.774540889      1.035629172      2.738911717    
  0.65  3.974045718      1.235525221      2.738520497    
  0.70  4.180117890      1.441894076      2.738223814    
  0.75  4.389015430      1.651013857      2.738001572    
  0.80  4.598354469      1.860515926      2.737838543    
  0.85  4.806637510      2.068914474      2.737723036    
  0.90  5.012945775      2.275299806      2.737645969    
  0.95  5.216757151      2.479156942      2.737600209    
  1.00  5.417805643      2.680225550      2.737580093    
